13:40:48 [ultranest] [DEBUG] ReactiveNestedSampler: dims=2+0, resume=False, log_dir=./m-values/N32/S16/M32/T029/P025/NF2/sample_rho, backend=hdf5, vectorized=False, nbootstraps=30, ndraw=128..65536
13:40:48 [ultranest] [INFO] Sampling 400 live points from prior ...
13:40:49 [ultranest] [DEBUG] run_iter dlogz=0.5, dKL=0.5, frac_remain=0.01, Lepsilon=0.0010, min_ess=400
13:40:49 [ultranest] [DEBUG] max_iters=-1, max_ncalls=-1, max_num_improvement_loops=-1, min_num_live_points=400, cluster_num_live_points=40
13:40:49 [ultranest] [DEBUG] minimal_widths_sequence: [(-inf, 400.0), (inf, 400.0)]
13:40:49 [ultranest] [DEBUG] Plateau detected at L=-2.247323e+07, not replacing live point.
13:40:49 [ultranest] [DEBUG] Plateau detected at L=-2.247323e+07, not replacing live point.
13:40:49 [ultranest] [DEBUG] Plateau detected at L=-2.247323e+07, not replacing live point.
13:40:49 [ultranest] [DEBUG] Plateau detected at L=-2.247323e+07, not replacing live point.
13:40:49 [ultranest] [DEBUG] Plateau detected at L=-2.247323e+07, not replacing live point.
13:40:49 [ultranest] [DEBUG] Plateau detected at L=-2.247323e+07, not replacing live point.
13:40:49 [ultranest] [DEBUG] Plateau detected at L=-2.247323e+07, not replacing live point.
13:40:49 [ultranest] [DEBUG] Plateau detected at L=-2.247323e+07, not replacing live point.
13:40:49 [ultranest] [DEBUG] Plateau detected at L=-2.247323e+07, not replacing live point.
13:40:49 [ultranest] [DEBUG] Plateau detected at L=-2.247323e+07, not replacing live point.
13:40:49 [ultranest] [DEBUG] Plateau detected at L=-2.247323e+07, not replacing live point.
13:40:49 [ultranest] [DEBUG] Plateau detected at L=-2.247323e+07, not replacing live point.
13:40:49 [ultranest] [DEBUG] Plateau detected at L=-2.247323e+07, not replacing live point.
13:40:49 [ultranest] [DEBUG] Plateau detected at L=-2.247323e+07, not replacing live point.
13:40:49 [ultranest] [DEBUG] Plateau detected at L=-2.247323e+07, not replacing live point.
13:40:49 [ultranest] [DEBUG] Plateau detected at L=-2.247323e+07, not replacing live point.
13:40:49 [ultranest] [DEBUG] Plateau detected at L=-2.247323e+07, not replacing live point.
13:40:49 [ultranest] [DEBUG] iteration=17, ncalls=401, regioncalls=40, ndraw=40, logz=-22473233.67, remainder_fraction=100.0000%, Lmin=-22473230.51, Lmax=-172701.46
13:40:49 [ultranest] [DEBUG] iteration=40, ncalls=425, regioncalls=1000, ndraw=40, logz=-204481.75, remainder_fraction=100.0000%, Lmin=-204443.37, Lmax=-172547.40
13:40:50 [ultranest] [DEBUG] iteration=61, ncalls=449, regioncalls=1960, ndraw=40, logz=-201231.96, remainder_fraction=100.0000%, Lmin=-200982.56, Lmax=-172547.40
13:40:50 [ultranest] [DEBUG] iteration=80, ncalls=471, regioncalls=2840, ndraw=40, logz=-198882.60, remainder_fraction=100.0000%, Lmin=-198876.18, Lmax=-172547.40
13:40:50 [ultranest] [DEBUG] iteration=101, ncalls=495, regioncalls=3800, ndraw=40, logz=-195936.73, remainder_fraction=100.0000%, Lmin=-195794.17, Lmax=-172547.40
13:40:50 [ultranest] [DEBUG] iteration=103, ncalls=497, regioncalls=3880, ndraw=40, logz=-195683.29, remainder_fraction=100.0000%, Lmin=-195659.08, Lmax=-172547.40
13:40:50 [ultranest] [DEBUG] iteration=120, ncalls=517, regioncalls=4680, ndraw=40, logz=-194167.47, remainder_fraction=100.0000%, Lmin=-194041.71, Lmax=-172547.40
13:40:50 [ultranest] [DEBUG] iteration=143, ncalls=541, regioncalls=5640, ndraw=40, logz=-191900.76, remainder_fraction=100.0000%, Lmin=-191794.25, Lmax=-172547.40
13:40:50 [ultranest] [DEBUG] iteration=160, ncalls=565, regioncalls=6600, ndraw=40, logz=-190684.95, remainder_fraction=100.0000%, Lmin=-190630.44, Lmax=-172547.40
13:40:50 [ultranest] [DEBUG] iteration=181, ncalls=590, regioncalls=7600, ndraw=40, logz=-189180.71, remainder_fraction=100.0000%, Lmin=-189164.82, Lmax=-172547.40
13:40:50 [ultranest] [DEBUG] iteration=189, ncalls=599, regioncalls=7960, ndraw=40, logz=-188819.35, remainder_fraction=100.0000%, Lmin=-188803.98, Lmax=-172547.40
13:40:50 [ultranest] [DEBUG] iteration=200, ncalls=613, regioncalls=8520, ndraw=40, logz=-188314.28, remainder_fraction=100.0000%, Lmin=-188262.89, Lmax=-172547.40
13:40:50 [ultranest] [DEBUG] iteration=221, ncalls=638, regioncalls=9520, ndraw=40, logz=-186925.05, remainder_fraction=100.0000%, Lmin=-186911.26, Lmax=-172547.40
13:40:50 [ultranest] [DEBUG] iteration=239, ncalls=663, regioncalls=10520, ndraw=40, logz=-186185.00, remainder_fraction=100.0000%, Lmin=-186167.89, Lmax=-172547.40
13:40:50 [ultranest] [DEBUG] iteration=240, ncalls=665, regioncalls=10600, ndraw=40, logz=-186174.46, remainder_fraction=100.0000%, Lmin=-186147.77, Lmax=-172547.40
13:40:51 [ultranest] [DEBUG] iteration=261, ncalls=690, regioncalls=11600, ndraw=40, logz=-185268.53, remainder_fraction=100.0000%, Lmin=-185231.56, Lmax=-172547.40
13:40:51 [ultranest] [DEBUG] iteration=275, ncalls=706, regioncalls=12240, ndraw=40, logz=-184697.96, remainder_fraction=100.0000%, Lmin=-184678.04, Lmax=-172547.40
13:40:51 [ultranest] [DEBUG] iteration=280, ncalls=713, regioncalls=12520, ndraw=40, logz=-184459.68, remainder_fraction=100.0000%, Lmin=-184371.16, Lmax=-172547.40
13:40:51 [ultranest] [DEBUG] iteration=300, ncalls=739, regioncalls=13560, ndraw=40, logz=-183797.86, remainder_fraction=100.0000%, Lmin=-183727.53, Lmax=-172547.40
13:40:51 [ultranest] [DEBUG] iteration=320, ncalls=764, regioncalls=14560, ndraw=40, logz=-182901.10, remainder_fraction=100.0000%, Lmin=-182816.08, Lmax=-172547.40
13:40:51 [ultranest] [DEBUG] iteration=342, ncalls=788, regioncalls=15520, ndraw=40, logz=-181926.03, remainder_fraction=100.0000%, Lmin=-181853.12, Lmax=-172547.40
13:40:51 [ultranest] [DEBUG] iteration=360, ncalls=810, regioncalls=16400, ndraw=40, logz=-181260.83, remainder_fraction=100.0000%, Lmin=-181217.92, Lmax=-172547.40
13:40:51 [ultranest] [DEBUG] iteration=361, ncalls=811, regioncalls=16440, ndraw=40, logz=-181224.81, remainder_fraction=100.0000%, Lmin=-181149.18, Lmax=-172547.40
13:40:51 [ultranest] [DEBUG] iteration=382, ncalls=835, regioncalls=17400, ndraw=40, logz=-180599.81, remainder_fraction=100.0000%, Lmin=-180582.08, Lmax=-172547.40
13:40:51 [ultranest] [DEBUG] iteration=400, ncalls=858, regioncalls=18320, ndraw=40, logz=-180178.03, remainder_fraction=100.0000%, Lmin=-180167.21, Lmax=-172547.40
13:40:51 [ultranest] [DEBUG] iteration=418, ncalls=883, regioncalls=19320, ndraw=40, logz=-179812.98, remainder_fraction=100.0000%, Lmin=-179792.01, Lmax=-172547.40
13:40:51 [ultranest] [DEBUG] iteration=439, ncalls=907, regioncalls=20280, ndraw=40, logz=-179395.32, remainder_fraction=100.0000%, Lmin=-179367.93, Lmax=-172547.40
13:40:51 [ultranest] [DEBUG] iteration=440, ncalls=908, regioncalls=20320, ndraw=40, logz=-179375.03, remainder_fraction=100.0000%, Lmin=-179362.29, Lmax=-172547.40
13:40:52 [ultranest] [DEBUG] iteration=447, ncalls=916, regioncalls=20640, ndraw=40, logz=-179334.78, remainder_fraction=100.0000%, Lmin=-179323.23, Lmax=-172547.40
13:40:52 [ultranest] [DEBUG] iteration=465, ncalls=941, regioncalls=21640, ndraw=40, logz=-178989.54, remainder_fraction=100.0000%, Lmin=-178976.69, Lmax=-172547.40
13:40:52 [ultranest] [DEBUG] iteration=480, ncalls=960, regioncalls=22400, ndraw=40, logz=-178578.91, remainder_fraction=100.0000%, Lmin=-178567.38, Lmax=-172547.40
13:40:52 [ultranest] [DEBUG] iteration=497, ncalls=985, regioncalls=23400, ndraw=40, logz=-178363.95, remainder_fraction=100.0000%, Lmin=-178355.43, Lmax=-172547.40
13:40:52 [ultranest] [DEBUG] iteration=517, ncalls=1010, regioncalls=24400, ndraw=40, logz=-177963.62, remainder_fraction=100.0000%, Lmin=-177940.47, Lmax=-172547.40
13:40:52 [ultranest] [DEBUG] iteration=520, ncalls=1013, regioncalls=24520, ndraw=40, logz=-177934.45, remainder_fraction=100.0000%, Lmin=-177917.10, Lmax=-172547.40
13:40:52 [ultranest] [DEBUG] iteration=533, ncalls=1028, regioncalls=25120, ndraw=40, logz=-177779.46, remainder_fraction=100.0000%, Lmin=-177746.91, Lmax=-172547.40
13:40:52 [ultranest] [DEBUG] iteration=554, ncalls=1053, regioncalls=26120, ndraw=40, logz=-177298.23, remainder_fraction=100.0000%, Lmin=-177288.43, Lmax=-172547.40
13:40:52 [ultranest] [DEBUG] iteration=560, ncalls=1060, regioncalls=26400, ndraw=40, logz=-177235.24, remainder_fraction=100.0000%, Lmin=-177217.46, Lmax=-172547.40
13:40:52 [ultranest] [DEBUG] iteration=581, ncalls=1084, regioncalls=27360, ndraw=40, logz=-176882.67, remainder_fraction=100.0000%, Lmin=-176861.24, Lmax=-172547.40
13:40:52 [ultranest] [DEBUG] iteration=597, ncalls=1109, regioncalls=28360, ndraw=40, logz=-176611.94, remainder_fraction=100.0000%, Lmin=-176593.08, Lmax=-172547.40
13:40:52 [ultranest] [DEBUG] iteration=600, ncalls=1113, regioncalls=28520, ndraw=40, logz=-176561.65, remainder_fraction=100.0000%, Lmin=-176548.95, Lmax=-172547.40
13:40:52 [ultranest] [DEBUG] iteration=619, ncalls=1138, regioncalls=29520, ndraw=40, logz=-176271.03, remainder_fraction=100.0000%, Lmin=-176259.18, Lmax=-172547.40
13:40:53 [ultranest] [DEBUG] iteration=640, ncalls=1163, regioncalls=30520, ndraw=40, logz=-176099.07, remainder_fraction=100.0000%, Lmin=-176070.61, Lmax=-172547.40
13:40:53 [ultranest] [DEBUG] iteration=658, ncalls=1189, regioncalls=31560, ndraw=40, logz=-175781.58, remainder_fraction=100.0000%, Lmin=-175759.48, Lmax=-172547.40
13:40:53 [ultranest] [DEBUG] iteration=677, ncalls=1216, regioncalls=32640, ndraw=40, logz=-175498.03, remainder_fraction=100.0000%, Lmin=-175472.21, Lmax=-172547.40
13:40:53 [ultranest] [DEBUG] iteration=680, ncalls=1219, regioncalls=32760, ndraw=40, logz=-175455.85, remainder_fraction=100.0000%, Lmin=-175447.51, Lmax=-172547.40
13:40:53 [ultranest] [DEBUG] iteration=699, ncalls=1244, regioncalls=33760, ndraw=40, logz=-175310.26, remainder_fraction=100.0000%, Lmin=-175297.56, Lmax=-172547.40
13:40:53 [ultranest] [DEBUG] iteration=715, ncalls=1267, regioncalls=34680, ndraw=40, logz=-175218.51, remainder_fraction=100.0000%, Lmin=-175210.34, Lmax=-172547.40
13:40:53 [ultranest] [DEBUG] iteration=720, ncalls=1274, regioncalls=34960, ndraw=40, logz=-175202.02, remainder_fraction=100.0000%, Lmin=-175184.67, Lmax=-172547.40
13:40:53 [ultranest] [DEBUG] iteration=740, ncalls=1299, regioncalls=35960, ndraw=40, logz=-175086.28, remainder_fraction=100.0000%, Lmin=-175044.37, Lmax=-172547.40
13:40:53 [ultranest] [DEBUG] iteration=757, ncalls=1326, regioncalls=37040, ndraw=40, logz=-174928.28, remainder_fraction=100.0000%, Lmin=-174895.03, Lmax=-172547.40
13:40:53 [ultranest] [DEBUG] iteration=760, ncalls=1329, regioncalls=37160, ndraw=40, logz=-174889.03, remainder_fraction=100.0000%, Lmin=-174867.81, Lmax=-172547.40
13:40:53 [ultranest] [DEBUG] iteration=779, ncalls=1354, regioncalls=38160, ndraw=40, logz=-174737.86, remainder_fraction=100.0000%, Lmin=-174720.19, Lmax=-172547.40
13:40:53 [ultranest] [DEBUG] iteration=791, ncalls=1370, regioncalls=38840, ndraw=40, logz=-174659.30, remainder_fraction=100.0000%, Lmin=-174645.75, Lmax=-172547.40
13:40:53 [ultranest] [DEBUG] iteration=800, ncalls=1381, regioncalls=39280, ndraw=40, logz=-174620.51, remainder_fraction=100.0000%, Lmin=-174607.10, Lmax=-172547.40
13:40:54 [ultranest] [DEBUG] iteration=820, ncalls=1406, regioncalls=40280, ndraw=40, logz=-174516.15, remainder_fraction=100.0000%, Lmin=-174484.00, Lmax=-172547.40
13:40:54 [ultranest] [DEBUG] iteration=839, ncalls=1431, regioncalls=41320, ndraw=40, logz=-174367.11, remainder_fraction=100.0000%, Lmin=-174357.04, Lmax=-172547.40
13:40:54 [ultranest] [DEBUG] iteration=840, ncalls=1432, regioncalls=41360, ndraw=40, logz=-174365.05, remainder_fraction=100.0000%, Lmin=-174351.68, Lmax=-172547.40
13:40:54 [ultranest] [DEBUG] iteration=859, ncalls=1456, regioncalls=42360, ndraw=40, logz=-174243.41, remainder_fraction=100.0000%, Lmin=-174231.80, Lmax=-172547.40
13:40:54 [ultranest] [DEBUG] iteration=878, ncalls=1478, regioncalls=43240, ndraw=40, logz=-174098.20, remainder_fraction=100.0000%, Lmin=-174074.96, Lmax=-172547.40
13:40:54 [ultranest] [DEBUG] iteration=880, ncalls=1481, regioncalls=43360, ndraw=40, logz=-174081.58, remainder_fraction=100.0000%, Lmin=-174072.99, Lmax=-172547.40
13:40:54 [ultranest] [DEBUG] iteration=902, ncalls=1505, regioncalls=44320, ndraw=40, logz=-173993.69, remainder_fraction=100.0000%, Lmin=-173985.25, Lmax=-172547.40
13:40:54 [ultranest] [DEBUG] iteration=920, ncalls=1530, regioncalls=45320, ndraw=40, logz=-173915.96, remainder_fraction=100.0000%, Lmin=-173907.96, Lmax=-172547.40
13:40:54 [ultranest] [DEBUG] iteration=942, ncalls=1554, regioncalls=46280, ndraw=40, logz=-173773.56, remainder_fraction=100.0000%, Lmin=-173763.87, Lmax=-172547.40
13:40:54 [ultranest] [DEBUG] iteration=960, ncalls=1577, regioncalls=47200, ndraw=40, logz=-173713.90, remainder_fraction=100.0000%, Lmin=-173704.51, Lmax=-172547.40
13:40:54 [ultranest] [DEBUG] iteration=963, ncalls=1582, regioncalls=47400, ndraw=40, logz=-173694.83, remainder_fraction=100.0000%, Lmin=-173685.23, Lmax=-172547.40
13:40:54 [ultranest] [DEBUG] iteration=982, ncalls=1606, regioncalls=48440, ndraw=40, logz=-173632.04, remainder_fraction=100.0000%, Lmin=-173619.35, Lmax=-172547.40
13:40:54 [ultranest] [DEBUG] iteration=1000, ncalls=1628, regioncalls=49360, ndraw=40, logz=-173565.03, remainder_fraction=100.0000%, Lmin=-173546.86, Lmax=-172547.40
13:40:55 [ultranest] [DEBUG] iteration=1021, ncalls=1652, regioncalls=50320, ndraw=40, logz=-173508.86, remainder_fraction=100.0000%, Lmin=-173497.36, Lmax=-172546.65
13:40:55 [ultranest] [DEBUG] iteration=1040, ncalls=1677, regioncalls=51320, ndraw=40, logz=-173469.54, remainder_fraction=100.0000%, Lmin=-173452.66, Lmax=-172546.65
13:40:55 [ultranest] [DEBUG] iteration=1057, ncalls=1701, regioncalls=52280, ndraw=40, logz=-173426.28, remainder_fraction=100.0000%, Lmin=-173415.43, Lmax=-172546.65
13:40:55 [ultranest] [DEBUG] iteration=1076, ncalls=1726, regioncalls=53280, ndraw=40, logz=-173374.35, remainder_fraction=100.0000%, Lmin=-173363.36, Lmax=-172546.65
13:40:55 [ultranest] [DEBUG] iteration=1080, ncalls=1731, regioncalls=53480, ndraw=40, logz=-173367.63, remainder_fraction=100.0000%, Lmin=-173352.40, Lmax=-172546.65
13:40:55 [ultranest] [DEBUG] iteration=1099, ncalls=1757, regioncalls=54520, ndraw=40, logz=-173305.53, remainder_fraction=100.0000%, Lmin=-173294.58, Lmax=-172546.65
13:40:55 [ultranest] [DEBUG] iteration=1116, ncalls=1782, regioncalls=55520, ndraw=40, logz=-173269.96, remainder_fraction=100.0000%, Lmin=-173258.21, Lmax=-172543.69
13:40:55 [ultranest] [DEBUG] iteration=1120, ncalls=1791, regioncalls=55880, ndraw=40, logz=-173264.48, remainder_fraction=100.0000%, Lmin=-173255.94, Lmax=-172543.69
13:40:55 [ultranest] [DEBUG] iteration=1137, ncalls=1814, regioncalls=56800, ndraw=40, logz=-173239.22, remainder_fraction=100.0000%, Lmin=-173229.86, Lmax=-172543.69
13:40:55 [ultranest] [DEBUG] iteration=1158, ncalls=1838, regioncalls=57760, ndraw=40, logz=-173198.42, remainder_fraction=100.0000%, Lmin=-173189.37, Lmax=-172543.69
13:40:55 [ultranest] [DEBUG] iteration=1160, ncalls=1840, regioncalls=57840, ndraw=40, logz=-173197.03, remainder_fraction=100.0000%, Lmin=-173187.76, Lmax=-172543.69
13:40:55 [ultranest] [DEBUG] iteration=1175, ncalls=1865, regioncalls=58840, ndraw=40, logz=-173178.67, remainder_fraction=100.0000%, Lmin=-173169.97, Lmax=-172543.69
13:40:56 [ultranest] [DEBUG] iteration=1191, ncalls=1891, regioncalls=59880, ndraw=40, logz=-173151.07, remainder_fraction=100.0000%, Lmin=-173142.02, Lmax=-172543.69
13:40:56 [ultranest] [DEBUG] iteration=1200, ncalls=1903, regioncalls=60360, ndraw=40, logz=-173140.51, remainder_fraction=100.0000%, Lmin=-173129.70, Lmax=-172543.69
13:40:56 [ultranest] [DEBUG] iteration=1216, ncalls=1927, regioncalls=61320, ndraw=40, logz=-173106.36, remainder_fraction=100.0000%, Lmin=-173096.27, Lmax=-172543.69
13:40:56 [ultranest] [DEBUG] iteration=1234, ncalls=1950, regioncalls=62240, ndraw=40, logz=-173069.20, remainder_fraction=100.0000%, Lmin=-173059.71, Lmax=-172543.69
13:40:56 [ultranest] [DEBUG] iteration=1240, ncalls=1957, regioncalls=62520, ndraw=40, logz=-173060.85, remainder_fraction=100.0000%, Lmin=-173050.79, Lmax=-172543.69
13:40:56 [ultranest] [DEBUG] iteration=1258, ncalls=1982, regioncalls=63520, ndraw=40, logz=-173038.20, remainder_fraction=100.0000%, Lmin=-173029.64, Lmax=-172543.69
13:40:56 [ultranest] [DEBUG] iteration=1278, ncalls=2007, regioncalls=64520, ndraw=40, logz=-173022.02, remainder_fraction=100.0000%, Lmin=-173012.53, Lmax=-172543.69
13:40:56 [ultranest] [DEBUG] iteration=1280, ncalls=2009, regioncalls=64600, ndraw=40, logz=-173020.77, remainder_fraction=100.0000%, Lmin=-173010.69, Lmax=-172543.69
13:40:56 [ultranest] [DEBUG] iteration=1300, ncalls=2037, regioncalls=65720, ndraw=40, logz=-172995.41, remainder_fraction=100.0000%, Lmin=-172984.26, Lmax=-172543.69
13:40:56 [ultranest] [DEBUG] iteration=1307, ncalls=2050, regioncalls=66280, ndraw=40, logz=-172987.72, remainder_fraction=100.0000%, Lmin=-172977.97, Lmax=-172543.69
13:40:56 [ultranest] [DEBUG] iteration=1320, ncalls=2064, regioncalls=66840, ndraw=40, logz=-172970.19, remainder_fraction=100.0000%, Lmin=-172959.70, Lmax=-172543.69
13:40:56 [ultranest] [DEBUG] iteration=1338, ncalls=2089, regioncalls=67840, ndraw=40, logz=-172958.01, remainder_fraction=100.0000%, Lmin=-172948.98, Lmax=-172543.69
13:40:57 [ultranest] [DEBUG] iteration=1357, ncalls=2116, regioncalls=68920, ndraw=40, logz=-172940.11, remainder_fraction=100.0000%, Lmin=-172930.66, Lmax=-172543.69
13:40:57 [ultranest] [DEBUG] iteration=1360, ncalls=2122, regioncalls=69160, ndraw=40, logz=-172937.67, remainder_fraction=100.0000%, Lmin=-172928.36, Lmax=-172543.69
13:40:57 [ultranest] [DEBUG] iteration=1379, ncalls=2147, regioncalls=70160, ndraw=40, logz=-172922.05, remainder_fraction=100.0000%, Lmin=-172912.90, Lmax=-172543.69
13:40:57 [ultranest] [DEBUG] iteration=1393, ncalls=2167, regioncalls=70960, ndraw=40, logz=-172909.35, remainder_fraction=100.0000%, Lmin=-172900.13, Lmax=-172543.69
13:40:57 [ultranest] [DEBUG] iteration=1400, ncalls=2176, regioncalls=71360, ndraw=40, logz=-172904.24, remainder_fraction=100.0000%, Lmin=-172894.35, Lmax=-172543.69
13:40:57 [ultranest] [DEBUG] iteration=1421, ncalls=2202, regioncalls=72400, ndraw=40, logz=-172882.96, remainder_fraction=100.0000%, Lmin=-172873.94, Lmax=-172543.69
13:40:57 [ultranest] [DEBUG] iteration=1438, ncalls=2227, regioncalls=73400, ndraw=40, logz=-172871.26, remainder_fraction=100.0000%, Lmin=-172860.38, Lmax=-172543.69
13:40:57 [ultranest] [DEBUG] iteration=1440, ncalls=2229, regioncalls=73480, ndraw=40, logz=-172869.14, remainder_fraction=100.0000%, Lmin=-172859.79, Lmax=-172543.69
13:40:57 [ultranest] [DEBUG] iteration=1458, ncalls=2254, regioncalls=74480, ndraw=40, logz=-172852.97, remainder_fraction=100.0000%, Lmin=-172842.45, Lmax=-172543.69
13:40:57 [ultranest] [DEBUG] iteration=1478, ncalls=2279, regioncalls=75480, ndraw=40, logz=-172835.15, remainder_fraction=100.0000%, Lmin=-172825.59, Lmax=-172543.69
13:40:57 [ultranest] [DEBUG] iteration=1480, ncalls=2281, regioncalls=75560, ndraw=40, logz=-172834.08, remainder_fraction=100.0000%, Lmin=-172824.97, Lmax=-172543.69
13:40:57 [ultranest] [DEBUG] iteration=1499, ncalls=2306, regioncalls=76560, ndraw=40, logz=-172820.45, remainder_fraction=100.0000%, Lmin=-172811.18, Lmax=-172543.69
13:40:57 [ultranest] [DEBUG] iteration=1515, ncalls=2331, regioncalls=77560, ndraw=40, logz=-172807.24, remainder_fraction=100.0000%, Lmin=-172797.50, Lmax=-172543.69
13:40:57 [ultranest] [DEBUG] iteration=1520, ncalls=2337, regioncalls=77800, ndraw=40, logz=-172803.72, remainder_fraction=100.0000%, Lmin=-172794.17, Lmax=-172543.69
13:40:58 [ultranest] [DEBUG] iteration=1537, ncalls=2362, regioncalls=78800, ndraw=40, logz=-172790.56, remainder_fraction=100.0000%, Lmin=-172781.16, Lmax=-172543.69
13:40:58 [ultranest] [DEBUG] iteration=1557, ncalls=2387, regioncalls=79800, ndraw=40, logz=-172782.89, remainder_fraction=100.0000%, Lmin=-172773.78, Lmax=-172543.69
13:40:58 [ultranest] [DEBUG] iteration=1560, ncalls=2390, regioncalls=79920, ndraw=40, logz=-172781.64, remainder_fraction=100.0000%, Lmin=-172772.17, Lmax=-172543.69
13:40:58 [ultranest] [DEBUG] iteration=1565, ncalls=2399, regioncalls=80280, ndraw=40, logz=-172776.98, remainder_fraction=100.0000%, Lmin=-172767.40, Lmax=-172543.69
13:40:58 [ultranest] [DEBUG] iteration=1587, ncalls=2424, regioncalls=81360, ndraw=40, logz=-172768.33, remainder_fraction=100.0000%, Lmin=-172758.82, Lmax=-172543.69
13:40:58 [ultranest] [DEBUG] iteration=1600, ncalls=2438, regioncalls=81920, ndraw=40, logz=-172761.76, remainder_fraction=100.0000%, Lmin=-172752.85, Lmax=-172543.69
13:40:58 [ultranest] [DEBUG] iteration=1620, ncalls=2462, regioncalls=82880, ndraw=40, logz=-172752.32, remainder_fraction=100.0000%, Lmin=-172741.76, Lmax=-172543.69
13:40:58 [ultranest] [DEBUG] iteration=1640, ncalls=2487, regioncalls=83880, ndraw=40, logz=-172743.15, remainder_fraction=100.0000%, Lmin=-172733.05, Lmax=-172543.69
13:40:58 [ultranest] [DEBUG] iteration=1651, ncalls=2502, regioncalls=84480, ndraw=40, logz=-172736.25, remainder_fraction=100.0000%, Lmin=-172727.06, Lmax=-172543.69
13:40:58 [ultranest] [DEBUG] iteration=1671, ncalls=2526, regioncalls=85480, ndraw=40, logz=-172726.27, remainder_fraction=100.0000%, Lmin=-172714.51, Lmax=-172543.69
13:40:58 [ultranest] [DEBUG] iteration=1680, ncalls=2538, regioncalls=85960, ndraw=40, logz=-172721.98, remainder_fraction=100.0000%, Lmin=-172712.07, Lmax=-172543.69
13:40:58 [ultranest] [DEBUG] iteration=1694, ncalls=2555, regioncalls=86640, ndraw=40, logz=-172716.72, remainder_fraction=100.0000%, Lmin=-172707.26, Lmax=-172543.69
13:40:59 [ultranest] [DEBUG] iteration=1710, ncalls=2580, regioncalls=87680, ndraw=40, logz=-172712.14, remainder_fraction=100.0000%, Lmin=-172702.50, Lmax=-172543.69
13:40:59 [ultranest] [DEBUG] iteration=1720, ncalls=2595, regioncalls=88280, ndraw=40, logz=-172709.49, remainder_fraction=100.0000%, Lmin=-172700.68, Lmax=-172543.69
13:40:59 [ultranest] [DEBUG] iteration=1737, ncalls=2619, regioncalls=89240, ndraw=40, logz=-172704.75, remainder_fraction=100.0000%, Lmin=-172695.88, Lmax=-172543.69
13:40:59 [ultranest] [DEBUG] iteration=1760, ncalls=2644, regioncalls=90240, ndraw=40, logz=-172698.86, remainder_fraction=100.0000%, Lmin=-172688.89, Lmax=-172543.69
13:40:59 [ultranest] [DEBUG] iteration=1779, ncalls=2668, regioncalls=91200, ndraw=40, logz=-172692.26, remainder_fraction=100.0000%, Lmin=-172682.95, Lmax=-172543.69
13:40:59 [ultranest] [DEBUG] iteration=1797, ncalls=2692, regioncalls=92160, ndraw=40, logz=-172682.96, remainder_fraction=100.0000%, Lmin=-172672.44, Lmax=-172543.69
13:40:59 [ultranest] [DEBUG] iteration=1800, ncalls=2695, regioncalls=92280, ndraw=40, logz=-172681.43, remainder_fraction=100.0000%, Lmin=-172671.66, Lmax=-172543.69
13:40:59 [ultranest] [DEBUG] iteration=1817, ncalls=2720, regioncalls=93280, ndraw=40, logz=-172675.21, remainder_fraction=100.0000%, Lmin=-172665.77, Lmax=-172543.69
13:40:59 [ultranest] [DEBUG] iteration=1823, ncalls=2731, regioncalls=93760, ndraw=40, logz=-172673.35, remainder_fraction=100.0000%, Lmin=-172664.11, Lmax=-172543.69
13:40:59 [ultranest] [DEBUG] iteration=1840, ncalls=2754, regioncalls=94680, ndraw=40, logz=-172669.39, remainder_fraction=100.0000%, Lmin=-172660.14, Lmax=-172543.63
13:40:59 [ultranest] [DEBUG] iteration=1860, ncalls=2778, regioncalls=95640, ndraw=40, logz=-172663.77, remainder_fraction=100.0000%, Lmin=-172653.92, Lmax=-172543.63
13:40:59 [ultranest] [DEBUG] iteration=1878, ncalls=2803, regioncalls=96640, ndraw=40, logz=-172658.54, remainder_fraction=100.0000%, Lmin=-172648.37, Lmax=-172543.63
13:40:59 [ultranest] [DEBUG] iteration=1880, ncalls=2806, regioncalls=96760, ndraw=40, logz=-172657.83, remainder_fraction=100.0000%, Lmin=-172648.26, Lmax=-172543.63
13:41:00 [ultranest] [DEBUG] iteration=1896, ncalls=2832, regioncalls=97800, ndraw=40, logz=-172655.03, remainder_fraction=100.0000%, Lmin=-172645.59, Lmax=-172543.63
13:41:00 [ultranest] [DEBUG] iteration=1913, ncalls=2855, regioncalls=98720, ndraw=40, logz=-172650.86, remainder_fraction=100.0000%, Lmin=-172640.57, Lmax=-172543.63
13:41:00 [ultranest] [DEBUG] iteration=1920, ncalls=2863, regioncalls=99040, ndraw=40, logz=-172648.85, remainder_fraction=100.0000%, Lmin=-172639.35, Lmax=-172543.63
13:41:00 [ultranest] [DEBUG] iteration=1938, ncalls=2887, regioncalls=100000, ndraw=40, logz=-172644.70, remainder_fraction=100.0000%, Lmin=-172635.73, Lmax=-172543.63
13:41:00 [ultranest] [DEBUG] iteration=1955, ncalls=2912, regioncalls=101000, ndraw=40, logz=-172641.56, remainder_fraction=100.0000%, Lmin=-172632.31, Lmax=-172543.63
13:41:00 [ultranest] [DEBUG] iteration=1960, ncalls=2919, regioncalls=101280, ndraw=40, logz=-172639.68, remainder_fraction=100.0000%, Lmin=-172629.76, Lmax=-172543.63
13:41:00 [ultranest] [DEBUG] iteration=1974, ncalls=2944, regioncalls=102280, ndraw=40, logz=-172636.78, remainder_fraction=100.0000%, Lmin=-172627.20, Lmax=-172543.63
13:41:00 [ultranest] [DEBUG] iteration=1993, ncalls=2970, regioncalls=103320, ndraw=40, logz=-172632.59, remainder_fraction=100.0000%, Lmin=-172623.15, Lmax=-172543.63
13:41:00 [ultranest] [DEBUG] iteration=1995, ncalls=2972, regioncalls=103440, ndraw=40, logz=-172632.23, remainder_fraction=100.0000%, Lmin=-172622.76, Lmax=-172543.63
13:41:00 [ultranest] [DEBUG] iteration=2000, ncalls=2977, regioncalls=103640, ndraw=40, logz=-172631.43, remainder_fraction=100.0000%, Lmin=-172622.08, Lmax=-172543.63
13:41:00 [ultranest] [DEBUG] iteration=2021, ncalls=3001, regioncalls=104600, ndraw=40, logz=-172627.77, remainder_fraction=100.0000%, Lmin=-172618.23, Lmax=-172543.63
13:41:00 [ultranest] [DEBUG] iteration=2039, ncalls=3026, regioncalls=105600, ndraw=40, logz=-172625.32, remainder_fraction=100.0000%, Lmin=-172616.08, Lmax=-172543.63
13:41:00 [ultranest] [DEBUG] iteration=2040, ncalls=3027, regioncalls=105640, ndraw=40, logz=-172625.20, remainder_fraction=100.0000%, Lmin=-172615.44, Lmax=-172543.63
13:41:01 [ultranest] [DEBUG] iteration=2058, ncalls=3052, regioncalls=106640, ndraw=40, logz=-172622.04, remainder_fraction=100.0000%, Lmin=-172612.29, Lmax=-172543.63
13:41:01 [ultranest] [DEBUG] iteration=2078, ncalls=3076, regioncalls=107600, ndraw=40, logz=-172618.28, remainder_fraction=100.0000%, Lmin=-172608.37, Lmax=-172543.63
13:41:01 [ultranest] [DEBUG] iteration=2080, ncalls=3080, regioncalls=107760, ndraw=40, logz=-172617.90, remainder_fraction=100.0000%, Lmin=-172608.35, Lmax=-172543.63
13:41:01 [ultranest] [DEBUG] iteration=2081, ncalls=3081, regioncalls=107840, ndraw=40, logz=-172617.75, remainder_fraction=100.0000%, Lmin=-172608.33, Lmax=-172543.63
13:41:01 [ultranest] [DEBUG] iteration=2101, ncalls=3105, regioncalls=108920, ndraw=40, logz=-172615.58, remainder_fraction=100.0000%, Lmin=-172606.45, Lmax=-172543.63
13:41:01 [ultranest] [DEBUG] iteration=2120, ncalls=3130, regioncalls=109920, ndraw=40, logz=-172611.99, remainder_fraction=100.0000%, Lmin=-172602.44, Lmax=-172543.63
13:41:01 [ultranest] [DEBUG] iteration=2139, ncalls=3154, regioncalls=110880, ndraw=40, logz=-172608.70, remainder_fraction=100.0000%, Lmin=-172598.86, Lmax=-172543.63
13:41:01 [ultranest] [DEBUG] iteration=2156, ncalls=3179, regioncalls=111880, ndraw=40, logz=-172605.19, remainder_fraction=100.0000%, Lmin=-172595.58, Lmax=-172543.63
13:41:01 [ultranest] [DEBUG] iteration=2160, ncalls=3185, regioncalls=112120, ndraw=40, logz=-172604.71, remainder_fraction=100.0000%, Lmin=-172595.34, Lmax=-172543.63
13:41:01 [ultranest] [DEBUG] iteration=2177, ncalls=3208, regioncalls=113040, ndraw=40, logz=-172603.10, remainder_fraction=100.0000%, Lmin=-172593.72, Lmax=-172543.63
13:41:01 [ultranest] [DEBUG] iteration=2193, ncalls=3233, regioncalls=114040, ndraw=40, logz=-172601.00, remainder_fraction=100.0000%, Lmin=-172591.31, Lmax=-172543.63
13:41:01 [ultranest] [DEBUG] iteration=2200, ncalls=3243, regioncalls=114440, ndraw=40, logz=-172600.06, remainder_fraction=100.0000%, Lmin=-172590.33, Lmax=-172543.63
13:41:01 [ultranest] [DEBUG] iteration=2219, ncalls=3270, regioncalls=115520, ndraw=40, logz=-172597.93, remainder_fraction=100.0000%, Lmin=-172587.93, Lmax=-172543.63
13:41:02 [ultranest] [DEBUG] iteration=2239, ncalls=3296, regioncalls=116560, ndraw=40, logz=-172594.98, remainder_fraction=100.0000%, Lmin=-172585.37, Lmax=-172543.63
13:41:02 [ultranest] [DEBUG] iteration=2240, ncalls=3297, regioncalls=116600, ndraw=40, logz=-172594.87, remainder_fraction=100.0000%, Lmin=-172585.35, Lmax=-172543.63
13:41:02 [ultranest] [DEBUG] iteration=2253, ncalls=3316, regioncalls=117400, ndraw=40, logz=-172593.68, remainder_fraction=100.0000%, Lmin=-172584.21, Lmax=-172543.63
13:41:02 [ultranest] [DEBUG] iteration=2272, ncalls=3341, regioncalls=118480, ndraw=40, logz=-172591.81, remainder_fraction=100.0000%, Lmin=-172582.12, Lmax=-172543.63
13:41:02 [ultranest] [DEBUG] iteration=2280, ncalls=3353, regioncalls=118960, ndraw=40, logz=-172591.06, remainder_fraction=100.0000%, Lmin=-172581.63, Lmax=-172543.63
13:41:02 [ultranest] [DEBUG] iteration=2296, ncalls=3378, regioncalls=119960, ndraw=40, logz=-172589.97, remainder_fraction=100.0000%, Lmin=-172580.73, Lmax=-172543.63
13:41:02 [ultranest] [DEBUG] iteration=2314, ncalls=3403, regioncalls=120960, ndraw=40, logz=-172588.72, remainder_fraction=100.0000%, Lmin=-172579.39, Lmax=-172543.63
13:41:02 [ultranest] [DEBUG] iteration=2320, ncalls=3413, regioncalls=121360, ndraw=40, logz=-172588.27, remainder_fraction=100.0000%, Lmin=-172578.79, Lmax=-172543.63
13:41:02 [ultranest] [DEBUG] iteration=2339, ncalls=3435, regioncalls=122280, ndraw=40, logz=-172586.32, remainder_fraction=100.0000%, Lmin=-172576.68, Lmax=-172543.63
13:41:02 [ultranest] [DEBUG] iteration=2358, ncalls=3460, regioncalls=123280, ndraw=40, logz=-172584.77, remainder_fraction=100.0000%, Lmin=-172575.22, Lmax=-172543.63
13:41:02 [ultranest] [DEBUG] iteration=2360, ncalls=3462, regioncalls=123360, ndraw=40, logz=-172584.63, remainder_fraction=100.0000%, Lmin=-172574.98, Lmax=-172543.63
13:41:02 [ultranest] [DEBUG] iteration=2377, ncalls=3487, regioncalls=124360, ndraw=40, logz=-172583.26, remainder_fraction=100.0000%, Lmin=-172573.52, Lmax=-172543.63
13:41:02 [ultranest] [DEBUG] iteration=2395, ncalls=3512, regioncalls=125360, ndraw=40, logz=-172582.03, remainder_fraction=100.0000%, Lmin=-172572.31, Lmax=-172543.63
13:41:02 [ultranest] [DEBUG] iteration=2400, ncalls=3518, regioncalls=125600, ndraw=40, logz=-172581.62, remainder_fraction=100.0000%, Lmin=-172571.79, Lmax=-172543.63
13:41:03 [ultranest] [DEBUG] iteration=2417, ncalls=3543, regioncalls=126600, ndraw=40, logz=-172580.22, remainder_fraction=100.0000%, Lmin=-172570.56, Lmax=-172543.63
13:41:03 [ultranest] [DEBUG] iteration=2425, ncalls=3555, regioncalls=127160, ndraw=40, logz=-172579.56, remainder_fraction=100.0000%, Lmin=-172569.65, Lmax=-172543.63
13:41:03 [ultranest] [DEBUG] iteration=2440, ncalls=3570, regioncalls=127760, ndraw=40, logz=-172578.36, remainder_fraction=100.0000%, Lmin=-172568.68, Lmax=-172543.63
13:41:03 [ultranest] [DEBUG] iteration=2462, ncalls=3594, regioncalls=128720, ndraw=40, logz=-172576.74, remainder_fraction=100.0000%, Lmin=-172566.92, Lmax=-172543.63
13:41:03 [ultranest] [DEBUG] iteration=2480, ncalls=3617, regioncalls=129640, ndraw=40, logz=-172575.67, remainder_fraction=100.0000%, Lmin=-172566.20, Lmax=-172543.63
13:41:03 [ultranest] [DEBUG] iteration=2496, ncalls=3642, regioncalls=130640, ndraw=40, logz=-172574.90, remainder_fraction=100.0000%, Lmin=-172565.19, Lmax=-172543.63
13:41:03 [ultranest] [DEBUG] iteration=2511, ncalls=3663, regioncalls=131520, ndraw=40, logz=-172573.95, remainder_fraction=100.0000%, Lmin=-172564.28, Lmax=-172543.63
13:41:03 [ultranest] [DEBUG] iteration=2520, ncalls=3672, regioncalls=131920, ndraw=40, logz=-172573.48, remainder_fraction=100.0000%, Lmin=-172564.03, Lmax=-172543.53
13:41:03 [ultranest] [DEBUG] iteration=2539, ncalls=3696, regioncalls=132880, ndraw=40, logz=-172572.66, remainder_fraction=100.0000%, Lmin=-172563.04, Lmax=-172543.53
13:41:03 [ultranest] [DEBUG] iteration=2557, ncalls=3722, regioncalls=133920, ndraw=40, logz=-172571.76, remainder_fraction=100.0000%, Lmin=-172561.98, Lmax=-172543.53
13:41:03 [ultranest] [DEBUG] iteration=2560, ncalls=3725, regioncalls=134040, ndraw=40, logz=-172571.60, remainder_fraction=100.0000%, Lmin=-172561.89, Lmax=-172543.53
13:41:03 [ultranest] [DEBUG] iteration=2579, ncalls=3749, regioncalls=135000, ndraw=40, logz=-172570.65, remainder_fraction=100.0000%, Lmin=-172560.96, Lmax=-172543.53
13:41:04 [ultranest] [DEBUG] iteration=2597, ncalls=3773, regioncalls=136040, ndraw=40, logz=-172569.73, remainder_fraction=100.0000%, Lmin=-172560.01, Lmax=-172543.53
13:41:04 [ultranest] [DEBUG] iteration=2600, ncalls=3778, regioncalls=136240, ndraw=40, logz=-172569.59, remainder_fraction=100.0000%, Lmin=-172559.96, Lmax=-172543.53
13:41:04 [ultranest] [DEBUG] iteration=2620, ncalls=3803, regioncalls=137240, ndraw=40, logz=-172568.81, remainder_fraction=100.0000%, Lmin=-172559.39, Lmax=-172543.53
13:41:04 [ultranest] [DEBUG] iteration=2639, ncalls=3827, regioncalls=138200, ndraw=40, logz=-172568.16, remainder_fraction=100.0000%, Lmin=-172558.62, Lmax=-172543.53
13:41:04 [ultranest] [DEBUG] iteration=2640, ncalls=3829, regioncalls=138280, ndraw=40, logz=-172568.12, remainder_fraction=100.0000%, Lmin=-172558.62, Lmax=-172543.53
13:41:04 [ultranest] [DEBUG] iteration=2662, ncalls=3853, regioncalls=139240, ndraw=40, logz=-172567.36, remainder_fraction=99.9999%, Lmin=-172557.80, Lmax=-172543.53
13:41:04 [ultranest] [DEBUG] iteration=2679, ncalls=3877, regioncalls=140200, ndraw=40, logz=-172566.75, remainder_fraction=99.9999%, Lmin=-172557.11, Lmax=-172543.53
13:41:04 [ultranest] [DEBUG] iteration=2680, ncalls=3878, regioncalls=140240, ndraw=40, logz=-172566.72, remainder_fraction=99.9999%, Lmin=-172557.04, Lmax=-172543.53
13:41:04 [ultranest] [DEBUG] iteration=2683, ncalls=3882, regioncalls=140440, ndraw=40, logz=-172566.60, remainder_fraction=99.9998%, Lmin=-172556.89, Lmax=-172543.53
13:41:04 [ultranest] [DEBUG] iteration=2705, ncalls=3906, regioncalls=141400, ndraw=40, logz=-172565.78, remainder_fraction=99.9996%, Lmin=-172556.06, Lmax=-172543.53
13:41:04 [ultranest] [DEBUG] iteration=2720, ncalls=3928, regioncalls=142280, ndraw=40, logz=-172565.27, remainder_fraction=99.9994%, Lmin=-172555.64, Lmax=-172543.53
13:41:04 [ultranest] [DEBUG] iteration=2740, ncalls=3954, regioncalls=143320, ndraw=40, logz=-172564.67, remainder_fraction=99.9989%, Lmin=-172554.94, Lmax=-172543.53
13:41:04 [ultranest] [DEBUG] iteration=2757, ncalls=3980, regioncalls=144360, ndraw=40, logz=-172564.08, remainder_fraction=99.9981%, Lmin=-172554.24, Lmax=-172543.53
13:41:04 [ultranest] [DEBUG] iteration=2760, ncalls=3985, regioncalls=144560, ndraw=40, logz=-172563.98, remainder_fraction=99.9979%, Lmin=-172554.22, Lmax=-172543.53
13:41:05 [ultranest] [DEBUG] iteration=2778, ncalls=4006, regioncalls=145400, ndraw=40, logz=-172563.38, remainder_fraction=99.9961%, Lmin=-172553.62, Lmax=-172543.53
13:41:05 [ultranest] [DEBUG] iteration=2797, ncalls=4031, regioncalls=146400, ndraw=40, logz=-172562.83, remainder_fraction=99.9933%, Lmin=-172553.20, Lmax=-172543.53
13:41:05 [ultranest] [DEBUG] iteration=2800, ncalls=4035, regioncalls=146560, ndraw=40, logz=-172562.75, remainder_fraction=99.9929%, Lmin=-172553.18, Lmax=-172543.53
13:41:05 [ultranest] [DEBUG] iteration=2820, ncalls=4060, regioncalls=147560, ndraw=40, logz=-172562.31, remainder_fraction=99.9889%, Lmin=-172552.84, Lmax=-172543.53
13:41:05 [ultranest] [DEBUG] iteration=2837, ncalls=4086, regioncalls=148600, ndraw=40, logz=-172561.91, remainder_fraction=99.9843%, Lmin=-172552.26, Lmax=-172543.53
13:41:05 [ultranest] [DEBUG] iteration=2840, ncalls=4090, regioncalls=148760, ndraw=40, logz=-172561.84, remainder_fraction=99.9831%, Lmin=-172552.19, Lmax=-172543.53
13:41:05 [ultranest] [DEBUG] iteration=2855, ncalls=4111, regioncalls=149680, ndraw=40, logz=-172561.49, remainder_fraction=99.9754%, Lmin=-172551.78, Lmax=-172543.53
13:41:05 [ultranest] [DEBUG] iteration=2875, ncalls=4135, regioncalls=150680, ndraw=40, logz=-172561.03, remainder_fraction=99.9604%, Lmin=-172551.32, Lmax=-172543.53
13:41:05 [ultranest] [DEBUG] iteration=2880, ncalls=4141, regioncalls=150920, ndraw=40, logz=-172560.92, remainder_fraction=99.9570%, Lmin=-172551.27, Lmax=-172543.53
13:41:05 [ultranest] [DEBUG] iteration=2898, ncalls=4168, regioncalls=152000, ndraw=40, logz=-172560.54, remainder_fraction=99.9377%, Lmin=-172550.95, Lmax=-172543.53
13:41:05 [ultranest] [DEBUG] iteration=2918, ncalls=4193, regioncalls=153000, ndraw=40, logz=-172560.17, remainder_fraction=99.9098%, Lmin=-172550.63, Lmax=-172543.53
13:41:05 [ultranest] [DEBUG] iteration=2920, ncalls=4196, regioncalls=153120, ndraw=40, logz=-172560.14, remainder_fraction=99.9062%, Lmin=-172550.55, Lmax=-172543.53
13:41:05 [ultranest] [DEBUG] iteration=2934, ncalls=4221, regioncalls=154120, ndraw=40, logz=-172559.88, remainder_fraction=99.8831%, Lmin=-172550.25, Lmax=-172543.53
13:41:06 [ultranest] [DEBUG] iteration=2941, ncalls=4230, regioncalls=154600, ndraw=40, logz=-172559.76, remainder_fraction=99.8666%, Lmin=-172550.18, Lmax=-172543.53
13:41:06 [ultranest] [DEBUG] iteration=2960, ncalls=4250, regioncalls=155440, ndraw=40, logz=-172559.45, remainder_fraction=99.8221%, Lmin=-172549.91, Lmax=-172543.51
13:41:06 [ultranest] [DEBUG] iteration=2978, ncalls=4274, regioncalls=156400, ndraw=40, logz=-172559.17, remainder_fraction=99.7735%, Lmin=-172549.67, Lmax=-172543.51
13:41:06 [ultranest] [DEBUG] iteration=2999, ncalls=4299, regioncalls=157400, ndraw=40, logz=-172558.87, remainder_fraction=99.6867%, Lmin=-172549.35, Lmax=-172543.51
13:41:06 [ultranest] [DEBUG] iteration=3000, ncalls=4301, regioncalls=157480, ndraw=40, logz=-172558.85, remainder_fraction=99.6822%, Lmin=-172549.34, Lmax=-172543.51
13:41:06 [ultranest] [DEBUG] iteration=3015, ncalls=4326, regioncalls=158480, ndraw=40, logz=-172558.64, remainder_fraction=99.6060%, Lmin=-172549.07, Lmax=-172543.51
13:41:06 [ultranest] [DEBUG] iteration=3027, ncalls=4339, regioncalls=159120, ndraw=40, logz=-172558.47, remainder_fraction=99.5472%, Lmin=-172548.87, Lmax=-172543.51
13:41:06 [ultranest] [DEBUG] iteration=3040, ncalls=4357, regioncalls=159840, ndraw=40, logz=-172558.29, remainder_fraction=99.4516%, Lmin=-172548.73, Lmax=-172543.51
13:41:06 [ultranest] [DEBUG] iteration=3061, ncalls=4381, regioncalls=160800, ndraw=40, logz=-172558.03, remainder_fraction=99.3125%, Lmin=-172548.59, Lmax=-172543.51
13:41:06 [ultranest] [DEBUG] iteration=3080, ncalls=4404, regioncalls=161720, ndraw=40, logz=-172557.82, remainder_fraction=99.1554%, Lmin=-172548.31, Lmax=-172543.51
13:41:06 [ultranest] [DEBUG] iteration=3096, ncalls=4429, regioncalls=162720, ndraw=40, logz=-172557.64, remainder_fraction=98.9895%, Lmin=-172548.10, Lmax=-172543.51
13:41:06 [ultranest] [DEBUG] iteration=3113, ncalls=4449, regioncalls=163560, ndraw=40, logz=-172557.45, remainder_fraction=98.7675%, Lmin=-172547.87, Lmax=-172543.51
13:41:06 [ultranest] [DEBUG] iteration=3120, ncalls=4457, regioncalls=163880, ndraw=40, logz=-172557.37, remainder_fraction=98.6623%, Lmin=-172547.77, Lmax=-172543.51
13:41:07 [ultranest] [DEBUG] iteration=3139, ncalls=4480, regioncalls=164840, ndraw=40, logz=-172557.17, remainder_fraction=98.3472%, Lmin=-172547.56, Lmax=-172543.51
13:41:07 [ultranest] [DEBUG] iteration=3159, ncalls=4504, regioncalls=165800, ndraw=40, logz=-172556.95, remainder_fraction=98.0057%, Lmin=-172547.24, Lmax=-172543.51
13:41:07 [ultranest] [DEBUG] iteration=3160, ncalls=4505, regioncalls=165840, ndraw=40, logz=-172556.94, remainder_fraction=97.9841%, Lmin=-172547.24, Lmax=-172543.51
13:41:07 [ultranest] [DEBUG] iteration=3181, ncalls=4529, regioncalls=166800, ndraw=40, logz=-172556.72, remainder_fraction=97.4712%, Lmin=-172547.05, Lmax=-172543.51
13:41:07 [ultranest] [DEBUG] iteration=3198, ncalls=4554, regioncalls=167800, ndraw=40, logz=-172556.54, remainder_fraction=97.0068%, Lmin=-172546.84, Lmax=-172543.51
13:41:07 [ultranest] [DEBUG] iteration=3199, ncalls=4555, regioncalls=167880, ndraw=40, logz=-172556.53, remainder_fraction=96.9699%, Lmin=-172546.84, Lmax=-172543.51
13:41:07 [ultranest] [DEBUG] iteration=3200, ncalls=4556, regioncalls=167920, ndraw=40, logz=-172556.52, remainder_fraction=96.9527%, Lmin=-172546.83, Lmax=-172543.51
13:41:07 [ultranest] [DEBUG] iteration=3219, ncalls=4580, regioncalls=168880, ndraw=40, logz=-172556.34, remainder_fraction=96.3466%, Lmin=-172546.70, Lmax=-172543.51
13:41:07 [ultranest] [DEBUG] iteration=3238, ncalls=4606, regioncalls=169920, ndraw=40, logz=-172556.18, remainder_fraction=95.6714%, Lmin=-172546.59, Lmax=-172543.51
13:41:07 [ultranest] [DEBUG] iteration=3240, ncalls=4608, regioncalls=170000, ndraw=40, logz=-172556.16, remainder_fraction=95.5841%, Lmin=-172546.57, Lmax=-172543.51
13:41:07 [ultranest] [DEBUG] iteration=3256, ncalls=4632, regioncalls=170960, ndraw=40, logz=-172556.03, remainder_fraction=94.9859%, Lmin=-172546.35, Lmax=-172543.51
13:41:07 [ultranest] [DEBUG] iteration=3274, ncalls=4656, regioncalls=171920, ndraw=40, logz=-172555.88, remainder_fraction=94.1696%, Lmin=-172546.21, Lmax=-172543.51
13:41:07 [ultranest] [DEBUG] iteration=3280, ncalls=4665, regioncalls=172280, ndraw=40, logz=-172555.84, remainder_fraction=93.8856%, Lmin=-172546.18, Lmax=-172543.51
13:41:07 [ultranest] [DEBUG] iteration=3285, ncalls=4670, regioncalls=172640, ndraw=40, logz=-172555.80, remainder_fraction=93.6329%, Lmin=-172546.13, Lmax=-172543.51
13:41:08 [ultranest] [DEBUG] iteration=3305, ncalls=4694, regioncalls=173600, ndraw=40, logz=-172555.65, remainder_fraction=92.5556%, Lmin=-172545.98, Lmax=-172543.51
13:41:08 [ultranest] [DEBUG] iteration=3320, ncalls=4713, regioncalls=174360, ndraw=40, logz=-172555.54, remainder_fraction=91.6773%, Lmin=-172545.89, Lmax=-172543.51
13:41:08 [ultranest] [DEBUG] iteration=3340, ncalls=4736, regioncalls=175280, ndraw=40, logz=-172555.41, remainder_fraction=90.5462%, Lmin=-172545.79, Lmax=-172543.51
13:41:08 [ultranest] [DEBUG] iteration=3358, ncalls=4760, regioncalls=176240, ndraw=40, logz=-172555.30, remainder_fraction=89.4643%, Lmin=-172545.69, Lmax=-172543.51
13:41:08 [ultranest] [DEBUG] iteration=3360, ncalls=4762, regioncalls=176320, ndraw=40, logz=-172555.28, remainder_fraction=89.3089%, Lmin=-172545.69, Lmax=-172543.51
13:41:08 [ultranest] [DEBUG] iteration=3376, ncalls=4786, regioncalls=177280, ndraw=40, logz=-172555.19, remainder_fraction=88.1962%, Lmin=-172545.59, Lmax=-172543.51
13:41:08 [ultranest] [DEBUG] iteration=3391, ncalls=4812, regioncalls=178320, ndraw=40, logz=-172555.11, remainder_fraction=87.1086%, Lmin=-172545.51, Lmax=-172543.51
13:41:08 [ultranest] [DEBUG] iteration=3400, ncalls=4824, regioncalls=178800, ndraw=40, logz=-172555.06, remainder_fraction=86.4631%, Lmin=-172545.43, Lmax=-172543.51
13:41:08 [ultranest] [DEBUG] iteration=3417, ncalls=4848, regioncalls=179760, ndraw=40, logz=-172554.96, remainder_fraction=85.1065%, Lmin=-172545.34, Lmax=-172543.51
13:41:08 [ultranest] [DEBUG] iteration=3432, ncalls=4872, regioncalls=180720, ndraw=40, logz=-172554.89, remainder_fraction=83.9947%, Lmin=-172545.28, Lmax=-172543.51
13:41:08 [ultranest] [DEBUG] iteration=3440, ncalls=4884, regioncalls=181200, ndraw=40, logz=-172554.85, remainder_fraction=83.3711%, Lmin=-172545.25, Lmax=-172543.51
13:41:08 [ultranest] [DEBUG] iteration=3457, ncalls=4905, regioncalls=182080, ndraw=40, logz=-172554.77, remainder_fraction=81.9853%, Lmin=-172545.17, Lmax=-172543.51
13:41:09 [ultranest] [DEBUG] iteration=3473, ncalls=4930, regioncalls=183080, ndraw=40, logz=-172554.70, remainder_fraction=80.6276%, Lmin=-172545.12, Lmax=-172543.51
13:41:09 [ultranest] [DEBUG] iteration=3480, ncalls=4937, regioncalls=183360, ndraw=40, logz=-172554.67, remainder_fraction=80.0175%, Lmin=-172545.09, Lmax=-172543.51
13:41:09 [ultranest] [DEBUG] iteration=3500, ncalls=4960, regioncalls=184280, ndraw=40, logz=-172554.58, remainder_fraction=78.2759%, Lmin=-172544.99, Lmax=-172543.51
13:41:09 [ultranest] [DEBUG] iteration=3520, ncalls=4983, regioncalls=185200, ndraw=40, logz=-172554.50, remainder_fraction=76.4328%, Lmin=-172544.92, Lmax=-172543.51
13:41:09 [ultranest] [DEBUG] iteration=3538, ncalls=5007, regioncalls=186160, ndraw=40, logz=-172554.43, remainder_fraction=74.8467%, Lmin=-172544.86, Lmax=-172543.51
13:41:09 [ultranest] [DEBUG] iteration=3543, ncalls=5013, regioncalls=186440, ndraw=40, logz=-172554.42, remainder_fraction=74.2921%, Lmin=-172544.84, Lmax=-172543.51
13:41:09 [ultranest] [DEBUG] iteration=3557, ncalls=5039, regioncalls=187480, ndraw=40, logz=-172554.37, remainder_fraction=73.0181%, Lmin=-172544.79, Lmax=-172543.51
13:41:09 [ultranest] [DEBUG] iteration=3560, ncalls=5042, regioncalls=187600, ndraw=40, logz=-172554.36, remainder_fraction=72.8506%, Lmin=-172544.78, Lmax=-172543.51
13:41:09 [ultranest] [DEBUG] iteration=3578, ncalls=5066, regioncalls=188560, ndraw=40, logz=-172554.30, remainder_fraction=70.9449%, Lmin=-172544.71, Lmax=-172543.51
13:41:09 [ultranest] [DEBUG] iteration=3594, ncalls=5090, regioncalls=189520, ndraw=40, logz=-172554.24, remainder_fraction=69.4428%, Lmin=-172544.67, Lmax=-172543.51
13:41:09 [ultranest] [DEBUG] iteration=3600, ncalls=5098, regioncalls=189840, ndraw=40, logz=-172554.22, remainder_fraction=68.7983%, Lmin=-172544.65, Lmax=-172543.51
13:41:09 [ultranest] [DEBUG] iteration=3617, ncalls=5122, regioncalls=190800, ndraw=40, logz=-172554.17, remainder_fraction=67.1043%, Lmin=-172544.61, Lmax=-172543.51
13:41:09 [ultranest] [DEBUG] iteration=3632, ncalls=5146, regioncalls=191760, ndraw=40, logz=-172554.13, remainder_fraction=65.6769%, Lmin=-172544.59, Lmax=-172543.51
13:41:10 [ultranest] [DEBUG] iteration=3640, ncalls=5155, regioncalls=192120, ndraw=40, logz=-172554.11, remainder_fraction=64.9897%, Lmin=-172544.55, Lmax=-172543.51
13:41:10 [ultranest] [DEBUG] iteration=3657, ncalls=5180, regioncalls=193120, ndraw=40, logz=-172554.06, remainder_fraction=63.3576%, Lmin=-172544.51, Lmax=-172543.51
13:41:10 [ultranest] [DEBUG] iteration=3674, ncalls=5204, regioncalls=194080, ndraw=40, logz=-172554.02, remainder_fraction=61.6487%, Lmin=-172544.46, Lmax=-172543.51
13:41:10 [ultranest] [DEBUG] iteration=3680, ncalls=5211, regioncalls=194360, ndraw=40, logz=-172554.00, remainder_fraction=61.0370%, Lmin=-172544.44, Lmax=-172543.51
13:41:10 [ultranest] [DEBUG] iteration=3696, ncalls=5236, regioncalls=195360, ndraw=40, logz=-172553.97, remainder_fraction=59.5195%, Lmin=-172544.41, Lmax=-172543.51
13:41:10 [ultranest] [DEBUG] iteration=3714, ncalls=5261, regioncalls=196360, ndraw=40, logz=-172553.92, remainder_fraction=57.8047%, Lmin=-172544.38, Lmax=-172543.51
13:41:10 [ultranest] [DEBUG] iteration=3715, ncalls=5263, regioncalls=196480, ndraw=40, logz=-172553.92, remainder_fraction=57.6999%, Lmin=-172544.37, Lmax=-172543.51
13:41:10 [ultranest] [DEBUG] iteration=3720, ncalls=5272, regioncalls=196840, ndraw=40, logz=-172553.91, remainder_fraction=57.2410%, Lmin=-172544.36, Lmax=-172543.51
13:41:10 [ultranest] [DEBUG] iteration=3737, ncalls=5296, regioncalls=197800, ndraw=40, logz=-172553.87, remainder_fraction=55.7192%, Lmin=-172544.32, Lmax=-172543.51
13:41:10 [ultranest] [DEBUG] iteration=3759, ncalls=5319, regioncalls=198720, ndraw=40, logz=-172553.83, remainder_fraction=53.5600%, Lmin=-172544.28, Lmax=-172543.51
13:41:10 [ultranest] [DEBUG] iteration=3760, ncalls=5320, regioncalls=198760, ndraw=40, logz=-172553.83, remainder_fraction=53.4678%, Lmin=-172544.27, Lmax=-172543.51
13:41:10 [ultranest] [DEBUG] iteration=3781, ncalls=5343, regioncalls=199680, ndraw=40, logz=-172553.78, remainder_fraction=51.5700%, Lmin=-172544.23, Lmax=-172543.51
13:41:10 [ultranest] [DEBUG] iteration=3799, ncalls=5367, regioncalls=200640, ndraw=40, logz=-172553.75, remainder_fraction=49.9589%, Lmin=-172544.21, Lmax=-172543.51
13:41:10 [ultranest] [DEBUG] iteration=3800, ncalls=5368, regioncalls=200680, ndraw=40, logz=-172553.75, remainder_fraction=49.8913%, Lmin=-172544.21, Lmax=-172543.51
13:41:10 [ultranest] [DEBUG] iteration=3801, ncalls=5369, regioncalls=200760, ndraw=40, logz=-172553.75, remainder_fraction=49.8006%, Lmin=-172544.21, Lmax=-172543.51
13:41:11 [ultranest] [DEBUG] iteration=3822, ncalls=5392, regioncalls=201680, ndraw=40, logz=-172553.71, remainder_fraction=47.9735%, Lmin=-172544.16, Lmax=-172543.51
13:41:11 [ultranest] [DEBUG] iteration=3840, ncalls=5414, regioncalls=202560, ndraw=40, logz=-172553.68, remainder_fraction=46.4194%, Lmin=-172544.13, Lmax=-172543.51
13:41:11 [ultranest] [DEBUG] iteration=3860, ncalls=5439, regioncalls=203560, ndraw=40, logz=-172553.65, remainder_fraction=44.6545%, Lmin=-172544.11, Lmax=-172543.51
13:41:11 [ultranest] [DEBUG] iteration=3879, ncalls=5465, regioncalls=204600, ndraw=40, logz=-172553.62, remainder_fraction=43.0229%, Lmin=-172544.08, Lmax=-172543.51
13:41:11 [ultranest] [DEBUG] iteration=3880, ncalls=5467, regioncalls=204680, ndraw=40, logz=-172553.62, remainder_fraction=42.9249%, Lmin=-172544.08, Lmax=-172543.51
13:41:11 [ultranest] [DEBUG] iteration=3887, ncalls=5476, regioncalls=205080, ndraw=40, logz=-172553.61, remainder_fraction=42.3515%, Lmin=-172544.07, Lmax=-172543.51
13:41:11 [ultranest] [DEBUG] iteration=3906, ncalls=5499, regioncalls=206000, ndraw=40, logz=-172553.58, remainder_fraction=40.8051%, Lmin=-172544.03, Lmax=-172543.50
13:41:11 [ultranest] [DEBUG] iteration=3920, ncalls=5514, regioncalls=206640, ndraw=40, logz=-172553.56, remainder_fraction=39.6676%, Lmin=-172544.02, Lmax=-172543.50
13:41:11 [ultranest] [DEBUG] iteration=3939, ncalls=5538, regioncalls=207600, ndraw=40, logz=-172553.54, remainder_fraction=38.1985%, Lmin=-172544.00, Lmax=-172543.50
13:41:11 [ultranest] [DEBUG] iteration=3960, ncalls=5560, regioncalls=208480, ndraw=40, logz=-172553.52, remainder_fraction=36.6084%, Lmin=-172543.96, Lmax=-172543.50
13:41:11 [ultranest] [DEBUG] iteration=3975, ncalls=5583, regioncalls=209400, ndraw=40, logz=-172553.50, remainder_fraction=35.5015%, Lmin=-172543.94, Lmax=-172543.50
13:41:11 [ultranest] [DEBUG] iteration=3992, ncalls=5607, regioncalls=210360, ndraw=40, logz=-172553.48, remainder_fraction=34.2541%, Lmin=-172543.93, Lmax=-172543.50
13:41:12 [ultranest] [DEBUG] iteration=4000, ncalls=5617, regioncalls=210760, ndraw=40, logz=-172553.47, remainder_fraction=33.6778%, Lmin=-172543.92, Lmax=-172543.50
13:41:12 [ultranest] [DEBUG] iteration=4016, ncalls=5641, regioncalls=211720, ndraw=40, logz=-172553.45, remainder_fraction=32.5751%, Lmin=-172543.91, Lmax=-172543.50
13:41:12 [ultranest] [DEBUG] iteration=4034, ncalls=5664, regioncalls=212640, ndraw=40, logz=-172553.44, remainder_fraction=31.3306%, Lmin=-172543.89, Lmax=-172543.50
13:41:12 [ultranest] [DEBUG] iteration=4040, ncalls=5674, regioncalls=213040, ndraw=40, logz=-172553.43, remainder_fraction=30.9307%, Lmin=-172543.88, Lmax=-172543.50
13:41:12 [ultranest] [DEBUG] iteration=4059, ncalls=5697, regioncalls=214000, ndraw=40, logz=-172553.41, remainder_fraction=29.6714%, Lmin=-172543.87, Lmax=-172543.50
13:41:12 [ultranest] [DEBUG] iteration=4074, ncalls=5721, regioncalls=214960, ndraw=40, logz=-172553.40, remainder_fraction=28.7282%, Lmin=-172543.86, Lmax=-172543.50
13:41:12 [ultranest] [DEBUG] iteration=4080, ncalls=5729, regioncalls=215400, ndraw=40, logz=-172553.39, remainder_fraction=28.3577%, Lmin=-172543.85, Lmax=-172543.50
13:41:12 [ultranest] [DEBUG] iteration=4099, ncalls=5752, regioncalls=216440, ndraw=40, logz=-172553.38, remainder_fraction=27.1761%, Lmin=-172543.83, Lmax=-172543.50
13:41:12 [ultranest] [DEBUG] iteration=4115, ncalls=5776, regioncalls=217440, ndraw=40, logz=-172553.36, remainder_fraction=26.2083%, Lmin=-172543.81, Lmax=-172543.50
13:41:12 [ultranest] [DEBUG] iteration=4120, ncalls=5784, regioncalls=217760, ndraw=40, logz=-172553.36, remainder_fraction=25.9153%, Lmin=-172543.81, Lmax=-172543.50
13:41:12 [ultranest] [DEBUG] iteration=4137, ncalls=5810, regioncalls=218800, ndraw=40, logz=-172553.35, remainder_fraction=24.9580%, Lmin=-172543.79, Lmax=-172543.50
13:41:12 [ultranest] [DEBUG] iteration=4145, ncalls=5820, regioncalls=219240, ndraw=40, logz=-172553.34, remainder_fraction=24.5164%, Lmin=-172543.78, Lmax=-172543.50
13:41:12 [ultranest] [DEBUG] iteration=4160, ncalls=5835, regioncalls=219840, ndraw=40, logz=-172553.33, remainder_fraction=23.6857%, Lmin=-172543.78, Lmax=-172543.50
13:41:13 [ultranest] [DEBUG] iteration=4178, ncalls=5859, regioncalls=220800, ndraw=40, logz=-172553.32, remainder_fraction=22.7249%, Lmin=-172543.77, Lmax=-172543.50
13:41:13 [ultranest] [DEBUG] iteration=4199, ncalls=5883, regioncalls=221760, ndraw=40, logz=-172553.30, remainder_fraction=21.6755%, Lmin=-172543.76, Lmax=-172543.50
13:41:13 [ultranest] [DEBUG] iteration=4200, ncalls=5884, regioncalls=221800, ndraw=40, logz=-172553.30, remainder_fraction=21.6315%, Lmin=-172543.76, Lmax=-172543.50
13:41:13 [ultranest] [DEBUG] iteration=4218, ncalls=5909, regioncalls=222800, ndraw=40, logz=-172553.29, remainder_fraction=20.7647%, Lmin=-172543.74, Lmax=-172543.50
13:41:13 [ultranest] [DEBUG] iteration=4231, ncalls=5925, regioncalls=223480, ndraw=40, logz=-172553.28, remainder_fraction=20.1482%, Lmin=-172543.73, Lmax=-172543.50
13:41:13 [ultranest] [DEBUG] iteration=4240, ncalls=5935, regioncalls=223880, ndraw=40, logz=-172553.28, remainder_fraction=19.7209%, Lmin=-172543.73, Lmax=-172543.50
13:41:13 [ultranest] [DEBUG] iteration=4257, ncalls=5960, regioncalls=224880, ndraw=40, logz=-172553.27, remainder_fraction=18.9480%, Lmin=-172543.72, Lmax=-172543.50
13:41:13 [ultranest] [DEBUG] iteration=4274, ncalls=5986, regioncalls=225920, ndraw=40, logz=-172553.26, remainder_fraction=18.2143%, Lmin=-172543.71, Lmax=-172543.50
13:41:13 [ultranest] [DEBUG] iteration=4280, ncalls=5996, regioncalls=226320, ndraw=40, logz=-172553.26, remainder_fraction=17.9511%, Lmin=-172543.70, Lmax=-172543.50
13:41:13 [ultranest] [DEBUG] iteration=4301, ncalls=6020, regioncalls=227280, ndraw=40, logz=-172553.25, remainder_fraction=17.0945%, Lmin=-172543.69, Lmax=-172543.50
13:41:13 [ultranest] [DEBUG] iteration=4317, ncalls=6043, regioncalls=228200, ndraw=40, logz=-172553.24, remainder_fraction=16.4802%, Lmin=-172543.69, Lmax=-172543.50
13:41:13 [ultranest] [DEBUG] iteration=4320, ncalls=6047, regioncalls=228360, ndraw=40, logz=-172553.24, remainder_fraction=16.3633%, Lmin=-172543.69, Lmax=-172543.50
13:41:14 [ultranest] [DEBUG] iteration=4338, ncalls=6074, regioncalls=229440, ndraw=40, logz=-172553.23, remainder_fraction=15.6794%, Lmin=-172543.68, Lmax=-172543.50
13:41:14 [ultranest] [DEBUG] iteration=4357, ncalls=6098, regioncalls=230400, ndraw=40, logz=-172553.22, remainder_fraction=14.9784%, Lmin=-172543.67, Lmax=-172543.50
13:41:14 [ultranest] [DEBUG] iteration=4360, ncalls=6102, regioncalls=230560, ndraw=40, logz=-172553.22, remainder_fraction=14.8728%, Lmin=-172543.67, Lmax=-172543.50
13:41:14 [ultranest] [DEBUG] iteration=4375, ncalls=6128, regioncalls=231600, ndraw=40, logz=-172553.21, remainder_fraction=14.3441%, Lmin=-172543.66, Lmax=-172543.50
13:41:14 [ultranest] [DEBUG] iteration=4393, ncalls=6154, regioncalls=232640, ndraw=40, logz=-172553.21, remainder_fraction=13.7344%, Lmin=-172543.66, Lmax=-172543.50
13:41:14 [ultranest] [DEBUG] iteration=4400, ncalls=6163, regioncalls=233000, ndraw=40, logz=-172553.20, remainder_fraction=13.5023%, Lmin=-172543.65, Lmax=-172543.50
13:41:14 [ultranest] [DEBUG] iteration=4403, ncalls=6168, regioncalls=233240, ndraw=40, logz=-172553.20, remainder_fraction=13.4082%, Lmin=-172543.65, Lmax=-172543.50
13:41:14 [ultranest] [DEBUG] iteration=4423, ncalls=6193, regioncalls=234240, ndraw=40, logz=-172553.20, remainder_fraction=12.7885%, Lmin=-172543.65, Lmax=-172543.50
13:41:14 [ultranest] [DEBUG] iteration=4440, ncalls=6215, regioncalls=235120, ndraw=40, logz=-172553.19, remainder_fraction=12.2763%, Lmin=-172543.64, Lmax=-172543.50
13:41:14 [ultranest] [DEBUG] iteration=4458, ncalls=6239, regioncalls=236080, ndraw=40, logz=-172553.18, remainder_fraction=11.7545%, Lmin=-172543.63, Lmax=-172543.50
13:41:14 [ultranest] [DEBUG] iteration=4476, ncalls=6263, regioncalls=237040, ndraw=40, logz=-172553.18, remainder_fraction=11.2445%, Lmin=-172543.62, Lmax=-172543.50
13:41:14 [ultranest] [DEBUG] iteration=4480, ncalls=6268, regioncalls=237240, ndraw=40, logz=-172553.18, remainder_fraction=11.1373%, Lmin=-172543.62, Lmax=-172543.50
13:41:14 [ultranest] [DEBUG] iteration=4498, ncalls=6289, regioncalls=238080, ndraw=40, logz=-172553.17, remainder_fraction=10.6540%, Lmin=-172543.61, Lmax=-172543.50
13:41:15 [ultranest] [DEBUG] iteration=4518, ncalls=6313, regioncalls=239040, ndraw=40, logz=-172553.17, remainder_fraction=10.1379%, Lmin=-172543.61, Lmax=-172543.50
13:41:15 [ultranest] [DEBUG] iteration=4520, ncalls=6316, regioncalls=239160, ndraw=40, logz=-172553.17, remainder_fraction=10.0876%, Lmin=-172543.61, Lmax=-172543.50
13:41:15 [ultranest] [DEBUG] iteration=4535, ncalls=6342, regioncalls=240200, ndraw=40, logz=-172553.16, remainder_fraction=9.7183%, Lmin=-172543.60, Lmax=-172543.50
13:41:15 [ultranest] [DEBUG] iteration=4550, ncalls=6367, regioncalls=241200, ndraw=40, logz=-172553.16, remainder_fraction=9.3602%, Lmin=-172543.60, Lmax=-172543.50
13:41:15 [ultranest] [DEBUG] iteration=4560, ncalls=6382, regioncalls=241800, ndraw=40, logz=-172553.16, remainder_fraction=9.1284%, Lmin=-172543.60, Lmax=-172543.50
13:41:15 [ultranest] [DEBUG] iteration=4575, ncalls=6402, regioncalls=242640, ndraw=40, logz=-172553.15, remainder_fraction=8.7930%, Lmin=-172543.59, Lmax=-172543.50
13:41:15 [ultranest] [DEBUG] iteration=4595, ncalls=6426, regioncalls=243600, ndraw=40, logz=-172553.15, remainder_fraction=8.3668%, Lmin=-172543.59, Lmax=-172543.50
13:41:15 [ultranest] [DEBUG] iteration=4600, ncalls=6431, regioncalls=243800, ndraw=40, logz=-172553.15, remainder_fraction=8.2618%, Lmin=-172543.59, Lmax=-172543.50
13:41:15 [ultranest] [DEBUG] iteration=4617, ncalls=6456, regioncalls=244800, ndraw=40, logz=-172553.14, remainder_fraction=7.9161%, Lmin=-172543.58, Lmax=-172543.50
13:41:15 [ultranest] [DEBUG] iteration=4636, ncalls=6481, regioncalls=245800, ndraw=40, logz=-172553.14, remainder_fraction=7.5470%, Lmin=-172543.58, Lmax=-172543.50
13:41:15 [ultranest] [DEBUG] iteration=4640, ncalls=6485, regioncalls=245960, ndraw=40, logz=-172553.14, remainder_fraction=7.4702%, Lmin=-172543.58, Lmax=-172543.50
13:41:15 [ultranest] [DEBUG] iteration=4659, ncalls=6509, regioncalls=246920, ndraw=40, logz=-172553.13, remainder_fraction=7.1224%, Lmin=-172543.58, Lmax=-172543.50
13:41:15 [ultranest] [DEBUG] iteration=4661, ncalls=6511, regioncalls=247040, ndraw=40, logz=-172553.13, remainder_fraction=7.0871%, Lmin=-172543.57, Lmax=-172543.50
13:41:15 [ultranest] [DEBUG] iteration=4680, ncalls=6531, regioncalls=247840, ndraw=40, logz=-172553.13, remainder_fraction=6.7559%, Lmin=-172543.57, Lmax=-172543.50
13:41:16 [ultranest] [DEBUG] iteration=4701, ncalls=6555, regioncalls=248800, ndraw=40, logz=-172553.13, remainder_fraction=6.4069%, Lmin=-172543.57, Lmax=-172543.50
13:41:16 [ultranest] [DEBUG] iteration=4718, ncalls=6580, regioncalls=249800, ndraw=40, logz=-172553.12, remainder_fraction=6.1391%, Lmin=-172543.56, Lmax=-172543.50
13:41:16 [ultranest] [DEBUG] iteration=4720, ncalls=6582, regioncalls=249880, ndraw=40, logz=-172553.12, remainder_fraction=6.1076%, Lmin=-172543.56, Lmax=-172543.50
13:41:16 [ultranest] [DEBUG] iteration=4739, ncalls=6606, regioncalls=250840, ndraw=40, logz=-172553.12, remainder_fraction=5.8206%, Lmin=-172543.56, Lmax=-172543.50
13:41:16 [ultranest] [DEBUG] iteration=4747, ncalls=6616, regioncalls=251320, ndraw=40, logz=-172553.12, remainder_fraction=5.7026%, Lmin=-172543.56, Lmax=-172543.50
13:41:16 [ultranest] [DEBUG] iteration=4760, ncalls=6633, regioncalls=252000, ndraw=40, logz=-172553.12, remainder_fraction=5.5174%, Lmin=-172543.56, Lmax=-172543.50
13:41:16 [ultranest] [DEBUG] iteration=4778, ncalls=6658, regioncalls=253000, ndraw=40, logz=-172553.11, remainder_fraction=5.2706%, Lmin=-172543.55, Lmax=-172543.50
13:41:16 [ultranest] [DEBUG] iteration=4798, ncalls=6682, regioncalls=253960, ndraw=40, logz=-172553.11, remainder_fraction=5.0094%, Lmin=-172543.55, Lmax=-172543.50
13:41:16 [ultranest] [DEBUG] iteration=4800, ncalls=6685, regioncalls=254080, ndraw=40, logz=-172553.11, remainder_fraction=4.9843%, Lmin=-172543.55, Lmax=-172543.50
13:41:16 [ultranest] [DEBUG] iteration=4818, ncalls=6710, regioncalls=255080, ndraw=40, logz=-172553.11, remainder_fraction=4.7611%, Lmin=-172543.55, Lmax=-172543.50
13:41:16 [ultranest] [DEBUG] iteration=4836, ncalls=6733, regioncalls=256000, ndraw=40, logz=-172553.11, remainder_fraction=4.5471%, Lmin=-172543.55, Lmax=-172543.50
13:41:16 [ultranest] [DEBUG] iteration=4840, ncalls=6738, regioncalls=256200, ndraw=40, logz=-172553.11, remainder_fraction=4.5012%, Lmin=-172543.55, Lmax=-172543.50
13:41:16 [ultranest] [DEBUG] iteration=4860, ncalls=6762, regioncalls=257160, ndraw=40, logz=-172553.10, remainder_fraction=4.2774%, Lmin=-172543.55, Lmax=-172543.50
13:41:17 [ultranest] [DEBUG] iteration=4880, ncalls=6784, regioncalls=258040, ndraw=40, logz=-172553.10, remainder_fraction=4.0645%, Lmin=-172543.54, Lmax=-172543.50
13:41:17 [ultranest] [DEBUG] iteration=4896, ncalls=6809, regioncalls=259040, ndraw=40, logz=-172553.10, remainder_fraction=3.9022%, Lmin=-172543.54, Lmax=-172543.50
13:41:17 [ultranest] [DEBUG] iteration=4911, ncalls=6834, regioncalls=260040, ndraw=40, logz=-172553.10, remainder_fraction=3.7548%, Lmin=-172543.54, Lmax=-172543.50
13:41:17 [ultranest] [DEBUG] iteration=4919, ncalls=6844, regioncalls=260480, ndraw=40, logz=-172553.10, remainder_fraction=3.6790%, Lmin=-172543.54, Lmax=-172543.50
13:41:17 [ultranest] [DEBUG] iteration=4920, ncalls=6845, regioncalls=260520, ndraw=40, logz=-172553.10, remainder_fraction=3.6696%, Lmin=-172543.54, Lmax=-172543.50
13:41:17 [ultranest] [DEBUG] iteration=4939, ncalls=6869, regioncalls=261480, ndraw=40, logz=-172553.10, remainder_fraction=3.4951%, Lmin=-172543.54, Lmax=-172543.50
13:41:17 [ultranest] [DEBUG] iteration=4959, ncalls=6893, regioncalls=262440, ndraw=40, logz=-172553.09, remainder_fraction=3.3206%, Lmin=-172543.54, Lmax=-172543.50
13:41:17 [ultranest] [DEBUG] iteration=4960, ncalls=6894, regioncalls=262480, ndraw=40, logz=-172553.09, remainder_fraction=3.3121%, Lmin=-172543.54, Lmax=-172543.50
13:41:17 [ultranest] [DEBUG] iteration=4977, ncalls=6919, regioncalls=263480, ndraw=40, logz=-172553.09, remainder_fraction=3.1701%, Lmin=-172543.53, Lmax=-172543.50
13:41:17 [ultranest] [DEBUG] iteration=4997, ncalls=6944, regioncalls=264480, ndraw=40, logz=-172553.09, remainder_fraction=3.0115%, Lmin=-172543.53, Lmax=-172543.50
13:41:17 [ultranest] [DEBUG] iteration=5000, ncalls=6947, regioncalls=264600, ndraw=40, logz=-172553.09, remainder_fraction=2.9881%, Lmin=-172543.53, Lmax=-172543.50
13:41:17 [ultranest] [DEBUG] iteration=5005, ncalls=6956, regioncalls=265000, ndraw=40, logz=-172553.09, remainder_fraction=2.9499%, Lmin=-172543.53, Lmax=-172543.50
13:41:17 [ultranest] [DEBUG] iteration=5023, ncalls=6980, regioncalls=266000, ndraw=40, logz=-172553.09, remainder_fraction=2.8169%, Lmin=-172543.53, Lmax=-172543.50
13:41:17 [ultranest] [DEBUG] iteration=5040, ncalls=7002, regioncalls=266880, ndraw=40, logz=-172553.09, remainder_fraction=2.6966%, Lmin=-172543.53, Lmax=-172543.50
13:41:18 [ultranest] [DEBUG] iteration=5057, ncalls=7028, regioncalls=267920, ndraw=40, logz=-172553.09, remainder_fraction=2.5808%, Lmin=-172543.53, Lmax=-172543.50
13:41:18 [ultranest] [DEBUG] iteration=5075, ncalls=7053, regioncalls=268920, ndraw=40, logz=-172553.08, remainder_fraction=2.4638%, Lmin=-172543.53, Lmax=-172543.50
13:41:18 [ultranest] [DEBUG] iteration=5080, ncalls=7059, regioncalls=269160, ndraw=40, logz=-172553.08, remainder_fraction=2.4323%, Lmin=-172543.53, Lmax=-172543.50
13:41:18 [ultranest] [DEBUG] iteration=5098, ncalls=7082, regioncalls=270080, ndraw=40, logz=-172553.08, remainder_fraction=2.3219%, Lmin=-172543.52, Lmax=-172543.50
13:41:18 [ultranest] [DEBUG] iteration=5117, ncalls=7106, regioncalls=271040, ndraw=40, logz=-172553.08, remainder_fraction=2.2104%, Lmin=-172543.52, Lmax=-172543.50
13:41:18 [ultranest] [DEBUG] iteration=5120, ncalls=7110, regioncalls=271200, ndraw=40, logz=-172553.08, remainder_fraction=2.1933%, Lmin=-172543.52, Lmax=-172543.50
13:41:18 [ultranest] [DEBUG] iteration=5133, ncalls=7136, regioncalls=272240, ndraw=40, logz=-172553.08, remainder_fraction=2.1208%, Lmin=-172543.52, Lmax=-172543.50
13:41:18 [ultranest] [DEBUG] iteration=5152, ncalls=7161, regioncalls=273240, ndraw=40, logz=-172553.08, remainder_fraction=2.0191%, Lmin=-172543.52, Lmax=-172543.50
13:41:18 [ultranest] [DEBUG] iteration=5160, ncalls=7170, regioncalls=273600, ndraw=40, logz=-172553.08, remainder_fraction=1.9776%, Lmin=-172543.52, Lmax=-172543.50
13:41:18 [ultranest] [DEBUG] iteration=5177, ncalls=7192, regioncalls=274520, ndraw=40, logz=-172553.08, remainder_fraction=1.8926%, Lmin=-172543.52, Lmax=-172543.50
13:41:18 [ultranest] [DEBUG] iteration=5197, ncalls=7216, regioncalls=275480, ndraw=40, logz=-172553.08, remainder_fraction=1.7972%, Lmin=-172543.52, Lmax=-172543.50
13:41:18 [ultranest] [DEBUG] iteration=5200, ncalls=7219, regioncalls=275600, ndraw=40, logz=-172553.08, remainder_fraction=1.7834%, Lmin=-172543.52, Lmax=-172543.50
13:41:18 [ultranest] [DEBUG] iteration=5219, ncalls=7243, regioncalls=276560, ndraw=40, logz=-172553.08, remainder_fraction=1.6978%, Lmin=-172543.52, Lmax=-172543.50
13:41:19 [ultranest] [DEBUG] iteration=5240, ncalls=7265, regioncalls=277440, ndraw=40, logz=-172553.08, remainder_fraction=1.6080%, Lmin=-172543.52, Lmax=-172543.50
13:41:19 [ultranest] [DEBUG] iteration=5255, ncalls=7290, regioncalls=278440, ndraw=40, logz=-172553.08, remainder_fraction=1.5468%, Lmin=-172543.52, Lmax=-172543.50
13:41:19 [ultranest] [DEBUG] iteration=5274, ncalls=7312, regioncalls=279320, ndraw=40, logz=-172553.07, remainder_fraction=1.4725%, Lmin=-172543.52, Lmax=-172543.50
13:41:19 [ultranest] [DEBUG] iteration=5280, ncalls=7322, regioncalls=279720, ndraw=40, logz=-172553.07, remainder_fraction=1.4497%, Lmin=-172543.52, Lmax=-172543.50
13:41:19 [ultranest] [DEBUG] iteration=5298, ncalls=7350, regioncalls=280840, ndraw=40, logz=-172553.07, remainder_fraction=1.3837%, Lmin=-172543.52, Lmax=-172543.50
13:41:19 [ultranest] [DEBUG] iteration=5317, ncalls=7375, regioncalls=281840, ndraw=40, logz=-172553.07, remainder_fraction=1.3172%, Lmin=-172543.51, Lmax=-172543.50
13:41:19 [ultranest] [DEBUG] iteration=5320, ncalls=7378, regioncalls=281960, ndraw=40, logz=-172553.07, remainder_fraction=1.3069%, Lmin=-172543.51, Lmax=-172543.50
13:41:19 [ultranest] [DEBUG] iteration=5340, ncalls=7405, regioncalls=283040, ndraw=40, logz=-172553.07, remainder_fraction=1.2408%, Lmin=-172543.51, Lmax=-172543.50
13:41:19 [ultranest] [DEBUG] iteration=5354, ncalls=7429, regioncalls=284000, ndraw=40, logz=-172553.07, remainder_fraction=1.1966%, Lmin=-172543.51, Lmax=-172543.50
13:41:19 [ultranest] [DEBUG] iteration=5360, ncalls=7437, regioncalls=284320, ndraw=40, logz=-172553.07, remainder_fraction=1.1782%, Lmin=-172543.51, Lmax=-172543.50
13:41:19 [ultranest] [DEBUG] iteration=5379, ncalls=7462, regioncalls=285320, ndraw=40, logz=-172553.07, remainder_fraction=1.1215%, Lmin=-172543.51, Lmax=-172543.50
13:41:20 [ultranest] [DEBUG] iteration=5397, ncalls=7487, regioncalls=286320, ndraw=40, logz=-172553.07, remainder_fraction=1.0703%, Lmin=-172543.51, Lmax=-172543.50
13:41:20 [ultranest] [DEBUG] iteration=5400, ncalls=7494, regioncalls=286600, ndraw=40, logz=-172553.07, remainder_fraction=1.0620%, Lmin=-172543.51, Lmax=-172543.50
13:41:20 [ultranest] [DEBUG] iteration=5416, ncalls=7519, regioncalls=287600, ndraw=40, logz=-172553.07, remainder_fraction=1.0188%, Lmin=-172543.51, Lmax=-172543.50
13:41:20 [ultranest] [INFO] Explored until L=-2e+05  
13:41:20 [ultranest] [INFO] Likelihood function evaluations: 7527
13:41:21 [ultranest] [INFO] Writing samples and results to disk ...
13:41:21 [ultranest] [INFO] Writing samples and results to disk ... done
13:41:21 [ultranest] [DEBUG] did a run_iter pass!
13:41:21 [ultranest] [INFO]   logZ = -1.726e+05 +- 0.09186
13:41:21 [ultranest] [INFO] Effective samples strategy satisfied (ESS = 1515.7, need >400)
13:41:21 [ultranest] [INFO] Posterior uncertainty strategy is satisfied (KL: 0.44+-0.07 nat, need <0.50 nat)
13:41:21 [ultranest] [INFO] Evidency uncertainty strategy is satisfied (dlogz=0.09, need <0.5)
13:41:21 [ultranest] [INFO]   logZ error budget: single: 0.15 bs:0.09 tail:0.01 total:0.09 required:<0.50
13:41:21 [ultranest] [INFO] done iterating.
13:41:21 [ultranest] [DEBUG] Making corner plot ...
13:41:21 [ultranest] [DEBUG] Making corner plot ... done
13:41:21 [ultranest] [DEBUG] Making run plot ... 
13:41:22 [ultranest] [DEBUG] Making run plot ... done
13:41:22 [ultranest] [DEBUG] Making trace plot ... 
13:41:23 [ultranest] [DEBUG] Making trace plot ... done
