13:05:49 [ultranest] [DEBUG] ReactiveNestedSampler: dims=2+0, resume=False, log_dir=./m-values/N64/S16/M64/T029/P025/NF2/sample_rho, backend=hdf5, vectorized=False, nbootstraps=30, ndraw=128..65536
13:05:49 [ultranest] [INFO] Sampling 400 live points from prior ...
13:05:51 [ultranest] [DEBUG] run_iter dlogz=0.5, dKL=0.5, frac_remain=0.01, Lepsilon=0.0010, min_ess=400
13:05:51 [ultranest] [DEBUG] max_iters=-1, max_ncalls=-1, max_num_improvement_loops=-1, min_num_live_points=400, cluster_num_live_points=40
13:05:51 [ultranest] [DEBUG] minimal_widths_sequence: [(-inf, 400.0), (inf, 400.0)]
13:05:51 [ultranest] [DEBUG] Plateau detected at L=-3.625190e+07, not replacing live point.
13:05:51 [ultranest] [DEBUG] Plateau detected at L=-3.625190e+07, not replacing live point.
13:05:51 [ultranest] [DEBUG] Plateau detected at L=-3.625190e+07, not replacing live point.
13:05:51 [ultranest] [DEBUG] Plateau detected at L=-3.625190e+07, not replacing live point.
13:05:51 [ultranest] [DEBUG] Plateau detected at L=-3.625190e+07, not replacing live point.
13:05:51 [ultranest] [DEBUG] Plateau detected at L=-3.625190e+07, not replacing live point.
13:05:51 [ultranest] [DEBUG] Plateau detected at L=-3.625190e+07, not replacing live point.
13:05:51 [ultranest] [DEBUG] Plateau detected at L=-3.625190e+07, not replacing live point.
13:05:51 [ultranest] [DEBUG] Plateau detected at L=-3.625190e+07, not replacing live point.
13:05:51 [ultranest] [DEBUG] Plateau detected at L=-3.625190e+07, not replacing live point.
13:05:51 [ultranest] [DEBUG] Plateau detected at L=-3.625190e+07, not replacing live point.
13:05:51 [ultranest] [DEBUG] Plateau detected at L=-3.625190e+07, not replacing live point.
13:05:51 [ultranest] [DEBUG] Plateau detected at L=-3.625190e+07, not replacing live point.
13:05:51 [ultranest] [DEBUG] Plateau detected at L=-3.625190e+07, not replacing live point.
13:05:51 [ultranest] [DEBUG] Plateau detected at L=-3.625190e+07, not replacing live point.
13:05:51 [ultranest] [DEBUG] Plateau detected at L=-3.625190e+07, not replacing live point.
13:05:51 [ultranest] [DEBUG] Plateau detected at L=-3.625190e+07, not replacing live point.
13:05:51 [ultranest] [DEBUG] Plateau detected at L=-3.625190e+07, not replacing live point.
13:05:51 [ultranest] [DEBUG] Plateau detected at L=-3.625190e+07, not replacing live point.
13:05:51 [ultranest] [DEBUG] Plateau detected at L=-3.625190e+07, not replacing live point.
13:05:51 [ultranest] [DEBUG] Plateau detected at L=-3.625190e+07, not replacing live point.
13:05:51 [ultranest] [DEBUG] Plateau detected at L=-3.625190e+07, not replacing live point.
13:05:51 [ultranest] [DEBUG] iteration=22, ncalls=402, regioncalls=80, ndraw=40, logz=-36251902.60, remainder_fraction=100.0000%, Lmin=-36251899.70, Lmax=-278596.06
13:05:52 [ultranest] [DEBUG] iteration=36, ncalls=417, regioncalls=680, ndraw=40, logz=-343295.08, remainder_fraction=100.0000%, Lmin=-339914.32, Lmax=-278596.06
13:05:52 [ultranest] [DEBUG] iteration=40, ncalls=421, regioncalls=840, ndraw=40, logz=-336363.26, remainder_fraction=100.0000%, Lmin=-332880.66, Lmax=-278596.06
13:05:52 [ultranest] [DEBUG] iteration=55, ncalls=437, regioncalls=1480, ndraw=40, logz=-327403.14, remainder_fraction=100.0000%, Lmin=-326923.32, Lmax=-278596.06
13:05:52 [ultranest] [DEBUG] iteration=70, ncalls=452, regioncalls=2080, ndraw=40, logz=-322040.27, remainder_fraction=100.0000%, Lmin=-322007.86, Lmax=-278596.06
13:05:52 [ultranest] [DEBUG] iteration=80, ncalls=462, regioncalls=2480, ndraw=40, logz=-320426.25, remainder_fraction=100.0000%, Lmin=-319819.28, Lmax=-278596.06
13:05:52 [ultranest] [DEBUG] iteration=91, ncalls=478, regioncalls=3120, ndraw=40, logz=-317996.31, remainder_fraction=100.0000%, Lmin=-317722.34, Lmax=-278596.06
13:05:52 [ultranest] [DEBUG] iteration=104, ncalls=495, regioncalls=3800, ndraw=40, logz=-315769.51, remainder_fraction=100.0000%, Lmin=-315708.45, Lmax=-278596.06
13:05:52 [ultranest] [DEBUG] iteration=118, ncalls=509, regioncalls=4360, ndraw=40, logz=-313507.16, remainder_fraction=100.0000%, Lmin=-313439.55, Lmax=-278596.06
13:05:52 [ultranest] [DEBUG] iteration=120, ncalls=511, regioncalls=4440, ndraw=40, logz=-313090.46, remainder_fraction=100.0000%, Lmin=-312439.74, Lmax=-278596.06
13:05:52 [ultranest] [DEBUG] iteration=132, ncalls=527, regioncalls=5080, ndraw=40, logz=-310504.39, remainder_fraction=100.0000%, Lmin=-310246.31, Lmax=-278596.06
13:05:52 [ultranest] [DEBUG] iteration=146, ncalls=542, regioncalls=5680, ndraw=40, logz=-309138.62, remainder_fraction=100.0000%, Lmin=-308860.67, Lmax=-278596.06
13:05:53 [ultranest] [DEBUG] iteration=160, ncalls=559, regioncalls=6360, ndraw=40, logz=-307526.09, remainder_fraction=100.0000%, Lmin=-307428.63, Lmax=-278596.06
13:05:53 [ultranest] [DEBUG] iteration=170, ncalls=577, regioncalls=7080, ndraw=40, logz=-306035.29, remainder_fraction=100.0000%, Lmin=-305969.02, Lmax=-278596.06
13:05:53 [ultranest] [DEBUG] iteration=182, ncalls=593, regioncalls=7720, ndraw=40, logz=-305164.82, remainder_fraction=100.0000%, Lmin=-305096.38, Lmax=-278596.06
13:05:53 [ultranest] [DEBUG] iteration=192, ncalls=605, regioncalls=8200, ndraw=40, logz=-304612.94, remainder_fraction=100.0000%, Lmin=-304547.49, Lmax=-278596.06
13:05:53 [ultranest] [DEBUG] iteration=200, ncalls=613, regioncalls=8520, ndraw=40, logz=-304082.59, remainder_fraction=100.0000%, Lmin=-304026.71, Lmax=-278596.06
13:05:53 [ultranest] [DEBUG] iteration=214, ncalls=628, regioncalls=9120, ndraw=40, logz=-302853.40, remainder_fraction=100.0000%, Lmin=-302841.07, Lmax=-278596.06
13:05:53 [ultranest] [DEBUG] iteration=227, ncalls=644, regioncalls=9760, ndraw=40, logz=-302108.91, remainder_fraction=100.0000%, Lmin=-302075.52, Lmax=-278596.06
13:05:53 [ultranest] [DEBUG] iteration=239, ncalls=660, regioncalls=10400, ndraw=40, logz=-301258.98, remainder_fraction=100.0000%, Lmin=-301206.41, Lmax=-278596.06
13:05:53 [ultranest] [DEBUG] iteration=240, ncalls=661, regioncalls=10440, ndraw=40, logz=-301212.97, remainder_fraction=100.0000%, Lmin=-301198.46, Lmax=-278596.06
13:05:53 [ultranest] [DEBUG] iteration=254, ncalls=676, regioncalls=11040, ndraw=40, logz=-300062.48, remainder_fraction=100.0000%, Lmin=-299848.45, Lmax=-278596.06
13:05:53 [ultranest] [DEBUG] iteration=267, ncalls=692, regioncalls=11680, ndraw=40, logz=-299308.16, remainder_fraction=100.0000%, Lmin=-299281.02, Lmax=-278596.06
13:05:53 [ultranest] [DEBUG] iteration=277, ncalls=702, regioncalls=12080, ndraw=40, logz=-298645.22, remainder_fraction=100.0000%, Lmin=-298573.89, Lmax=-278596.06
13:05:54 [ultranest] [DEBUG] iteration=280, ncalls=705, regioncalls=12200, ndraw=40, logz=-298234.05, remainder_fraction=100.0000%, Lmin=-298183.21, Lmax=-278596.06
13:05:54 [ultranest] [DEBUG] iteration=294, ncalls=720, regioncalls=12800, ndraw=40, logz=-297099.77, remainder_fraction=100.0000%, Lmin=-297077.82, Lmax=-278596.06
13:05:54 [ultranest] [DEBUG] iteration=306, ncalls=736, regioncalls=13440, ndraw=40, logz=-296309.76, remainder_fraction=100.0000%, Lmin=-296167.50, Lmax=-278596.06
13:05:54 [ultranest] [DEBUG] iteration=319, ncalls=752, regioncalls=14080, ndraw=40, logz=-295615.72, remainder_fraction=100.0000%, Lmin=-295588.21, Lmax=-278596.06
13:05:54 [ultranest] [DEBUG] iteration=320, ncalls=753, regioncalls=14120, ndraw=40, logz=-295594.98, remainder_fraction=100.0000%, Lmin=-295581.02, Lmax=-278596.06
13:05:54 [ultranest] [DEBUG] iteration=332, ncalls=769, regioncalls=14760, ndraw=40, logz=-295316.62, remainder_fraction=100.0000%, Lmin=-295309.81, Lmax=-278596.06
13:05:54 [ultranest] [DEBUG] iteration=346, ncalls=786, regioncalls=15440, ndraw=40, logz=-294751.92, remainder_fraction=100.0000%, Lmin=-294593.65, Lmax=-278596.06
13:05:54 [ultranest] [DEBUG] iteration=358, ncalls=802, regioncalls=16080, ndraw=40, logz=-294239.65, remainder_fraction=100.0000%, Lmin=-294150.08, Lmax=-278596.06
13:05:54 [ultranest] [DEBUG] iteration=360, ncalls=804, regioncalls=16160, ndraw=40, logz=-294027.45, remainder_fraction=100.0000%, Lmin=-293958.67, Lmax=-278596.06
13:05:54 [ultranest] [DEBUG] iteration=373, ncalls=818, regioncalls=16720, ndraw=40, logz=-293487.39, remainder_fraction=100.0000%, Lmin=-293476.64, Lmax=-278596.06
13:05:54 [ultranest] [DEBUG] iteration=386, ncalls=834, regioncalls=17360, ndraw=40, logz=-293065.13, remainder_fraction=100.0000%, Lmin=-293021.32, Lmax=-278596.06
13:05:54 [ultranest] [DEBUG] iteration=399, ncalls=850, regioncalls=18000, ndraw=40, logz=-292359.36, remainder_fraction=100.0000%, Lmin=-292334.04, Lmax=-278596.06
13:05:54 [ultranest] [DEBUG] iteration=400, ncalls=851, regioncalls=18040, ndraw=40, logz=-292341.03, remainder_fraction=100.0000%, Lmin=-292306.63, Lmax=-278596.06
13:05:55 [ultranest] [DEBUG] iteration=414, ncalls=867, regioncalls=18680, ndraw=40, logz=-291492.14, remainder_fraction=100.0000%, Lmin=-291386.61, Lmax=-278596.06
13:05:55 [ultranest] [DEBUG] iteration=428, ncalls=883, regioncalls=19320, ndraw=40, logz=-290871.34, remainder_fraction=100.0000%, Lmin=-290814.37, Lmax=-278596.06
13:05:55 [ultranest] [DEBUG] iteration=440, ncalls=895, regioncalls=19800, ndraw=40, logz=-290390.74, remainder_fraction=100.0000%, Lmin=-290377.37, Lmax=-278592.73
13:05:55 [ultranest] [DEBUG] iteration=454, ncalls=909, regioncalls=20360, ndraw=40, logz=-290003.25, remainder_fraction=100.0000%, Lmin=-289952.55, Lmax=-278592.73
13:05:55 [ultranest] [DEBUG] iteration=467, ncalls=924, regioncalls=20960, ndraw=40, logz=-289651.22, remainder_fraction=100.0000%, Lmin=-289622.26, Lmax=-278592.73
13:05:55 [ultranest] [DEBUG] iteration=480, ncalls=940, regioncalls=21600, ndraw=40, logz=-289216.84, remainder_fraction=100.0000%, Lmin=-289200.94, Lmax=-278592.73
13:05:55 [ultranest] [DEBUG] iteration=493, ncalls=955, regioncalls=22200, ndraw=40, logz=-288714.09, remainder_fraction=100.0000%, Lmin=-288697.58, Lmax=-278592.73
13:05:55 [ultranest] [DEBUG] iteration=506, ncalls=971, regioncalls=22840, ndraw=40, logz=-288137.80, remainder_fraction=100.0000%, Lmin=-288089.46, Lmax=-278592.73
13:05:55 [ultranest] [DEBUG] iteration=518, ncalls=987, regioncalls=23480, ndraw=40, logz=-287864.71, remainder_fraction=100.0000%, Lmin=-287830.42, Lmax=-278592.73
13:05:55 [ultranest] [DEBUG] iteration=520, ncalls=989, regioncalls=23560, ndraw=40, logz=-287831.68, remainder_fraction=100.0000%, Lmin=-287794.64, Lmax=-278592.73
13:05:56 [ultranest] [DEBUG] iteration=532, ncalls=1004, regioncalls=24160, ndraw=40, logz=-287545.79, remainder_fraction=100.0000%, Lmin=-287519.95, Lmax=-278592.73
13:05:56 [ultranest] [DEBUG] iteration=545, ncalls=1019, regioncalls=24760, ndraw=40, logz=-287341.20, remainder_fraction=100.0000%, Lmin=-287290.38, Lmax=-278592.73
13:05:56 [ultranest] [DEBUG] iteration=559, ncalls=1035, regioncalls=25400, ndraw=40, logz=-286967.47, remainder_fraction=100.0000%, Lmin=-286933.11, Lmax=-278592.73
13:05:56 [ultranest] [DEBUG] iteration=560, ncalls=1036, regioncalls=25440, ndraw=40, logz=-286940.52, remainder_fraction=100.0000%, Lmin=-286913.44, Lmax=-278592.73
13:05:56 [ultranest] [DEBUG] iteration=572, ncalls=1052, regioncalls=26080, ndraw=40, logz=-286695.83, remainder_fraction=100.0000%, Lmin=-286681.70, Lmax=-278592.73
13:05:56 [ultranest] [DEBUG] iteration=583, ncalls=1071, regioncalls=26840, ndraw=40, logz=-286460.25, remainder_fraction=100.0000%, Lmin=-286450.80, Lmax=-278592.73
13:05:56 [ultranest] [DEBUG] iteration=594, ncalls=1087, regioncalls=27480, ndraw=40, logz=-286253.24, remainder_fraction=100.0000%, Lmin=-286234.67, Lmax=-278592.73
13:05:56 [ultranest] [DEBUG] iteration=600, ncalls=1094, regioncalls=27760, ndraw=40, logz=-286072.60, remainder_fraction=100.0000%, Lmin=-286061.89, Lmax=-278592.73
13:05:56 [ultranest] [DEBUG] iteration=613, ncalls=1110, regioncalls=28400, ndraw=40, logz=-285707.64, remainder_fraction=100.0000%, Lmin=-285630.51, Lmax=-278592.73
13:05:56 [ultranest] [DEBUG] iteration=625, ncalls=1125, regioncalls=29000, ndraw=40, logz=-285354.26, remainder_fraction=100.0000%, Lmin=-285335.12, Lmax=-278592.73
13:05:56 [ultranest] [DEBUG] iteration=637, ncalls=1143, regioncalls=29720, ndraw=40, logz=-285184.21, remainder_fraction=100.0000%, Lmin=-285166.40, Lmax=-278592.73
13:05:56 [ultranest] [DEBUG] iteration=640, ncalls=1146, regioncalls=29840, ndraw=40, logz=-285157.10, remainder_fraction=100.0000%, Lmin=-285079.13, Lmax=-278592.73
13:05:57 [ultranest] [DEBUG] iteration=652, ncalls=1161, regioncalls=30440, ndraw=40, logz=-284849.05, remainder_fraction=100.0000%, Lmin=-284746.89, Lmax=-278592.73
13:05:57 [ultranest] [DEBUG] iteration=665, ncalls=1177, regioncalls=31080, ndraw=40, logz=-284522.74, remainder_fraction=100.0000%, Lmin=-284473.53, Lmax=-278592.73
13:05:57 [ultranest] [DEBUG] iteration=678, ncalls=1195, regioncalls=31800, ndraw=40, logz=-284317.73, remainder_fraction=100.0000%, Lmin=-284293.95, Lmax=-278592.73
13:05:57 [ultranest] [DEBUG] iteration=680, ncalls=1197, regioncalls=31880, ndraw=40, logz=-284298.59, remainder_fraction=100.0000%, Lmin=-284290.03, Lmax=-278592.73
13:05:57 [ultranest] [DEBUG] iteration=694, ncalls=1215, regioncalls=32600, ndraw=40, logz=-284049.57, remainder_fraction=100.0000%, Lmin=-284021.14, Lmax=-278592.73
13:05:57 [ultranest] [DEBUG] iteration=702, ncalls=1224, regioncalls=32960, ndraw=40, logz=-283914.20, remainder_fraction=100.0000%, Lmin=-283905.92, Lmax=-278592.73
13:05:57 [ultranest] [DEBUG] iteration=716, ncalls=1240, regioncalls=33600, ndraw=40, logz=-283645.47, remainder_fraction=100.0000%, Lmin=-283630.90, Lmax=-278592.73
13:05:57 [ultranest] [DEBUG] iteration=720, ncalls=1245, regioncalls=33800, ndraw=40, logz=-283560.46, remainder_fraction=100.0000%, Lmin=-283519.39, Lmax=-278592.73
13:05:57 [ultranest] [DEBUG] iteration=731, ncalls=1261, regioncalls=34440, ndraw=40, logz=-283354.18, remainder_fraction=100.0000%, Lmin=-283340.14, Lmax=-278592.73
13:05:57 [ultranest] [DEBUG] iteration=741, ncalls=1277, regioncalls=35080, ndraw=40, logz=-283212.74, remainder_fraction=100.0000%, Lmin=-283198.16, Lmax=-278592.73
13:05:57 [ultranest] [DEBUG] iteration=753, ncalls=1294, regioncalls=35760, ndraw=40, logz=-282984.64, remainder_fraction=100.0000%, Lmin=-282957.65, Lmax=-278592.73
13:05:57 [ultranest] [DEBUG] iteration=760, ncalls=1301, regioncalls=36040, ndraw=40, logz=-282875.19, remainder_fraction=100.0000%, Lmin=-282861.21, Lmax=-278592.73
13:05:58 [ultranest] [DEBUG] iteration=772, ncalls=1317, regioncalls=36680, ndraw=40, logz=-282713.82, remainder_fraction=100.0000%, Lmin=-282681.32, Lmax=-278576.37
13:05:58 [ultranest] [DEBUG] iteration=782, ncalls=1334, regioncalls=37360, ndraw=40, logz=-282551.78, remainder_fraction=100.0000%, Lmin=-282522.27, Lmax=-278576.37
13:05:58 [ultranest] [DEBUG] iteration=787, ncalls=1339, regioncalls=37560, ndraw=40, logz=-282464.11, remainder_fraction=100.0000%, Lmin=-282453.03, Lmax=-278576.37
13:05:58 [ultranest] [DEBUG] iteration=799, ncalls=1356, regioncalls=38240, ndraw=40, logz=-282357.41, remainder_fraction=100.0000%, Lmin=-282343.79, Lmax=-278576.37
13:05:58 [ultranest] [DEBUG] iteration=800, ncalls=1357, regioncalls=38280, ndraw=40, logz=-282351.84, remainder_fraction=100.0000%, Lmin=-282337.60, Lmax=-278576.37
13:05:58 [ultranest] [DEBUG] iteration=811, ncalls=1373, regioncalls=38920, ndraw=40, logz=-282201.06, remainder_fraction=100.0000%, Lmin=-282189.13, Lmax=-278576.37
13:05:58 [ultranest] [DEBUG] iteration=823, ncalls=1392, regioncalls=39680, ndraw=40, logz=-282071.92, remainder_fraction=100.0000%, Lmin=-282047.37, Lmax=-278576.37
13:05:58 [ultranest] [DEBUG] iteration=835, ncalls=1408, regioncalls=40320, ndraw=40, logz=-281945.16, remainder_fraction=100.0000%, Lmin=-281901.53, Lmax=-278576.37
13:05:58 [ultranest] [DEBUG] iteration=840, ncalls=1416, regioncalls=40640, ndraw=40, logz=-281892.94, remainder_fraction=100.0000%, Lmin=-281881.19, Lmax=-278576.37
13:05:58 [ultranest] [DEBUG] iteration=850, ncalls=1433, regioncalls=41320, ndraw=40, logz=-281829.04, remainder_fraction=100.0000%, Lmin=-281812.15, Lmax=-278576.37
13:05:58 [ultranest] [DEBUG] iteration=863, ncalls=1448, regioncalls=41920, ndraw=40, logz=-281717.89, remainder_fraction=100.0000%, Lmin=-281708.52, Lmax=-278576.37
13:05:59 [ultranest] [DEBUG] iteration=872, ncalls=1461, regioncalls=42440, ndraw=40, logz=-281641.70, remainder_fraction=100.0000%, Lmin=-281625.16, Lmax=-278576.37
13:05:59 [ultranest] [DEBUG] iteration=880, ncalls=1474, regioncalls=42960, ndraw=40, logz=-281594.56, remainder_fraction=100.0000%, Lmin=-281582.43, Lmax=-278576.37
13:05:59 [ultranest] [DEBUG] iteration=893, ncalls=1490, regioncalls=43600, ndraw=40, logz=-281480.13, remainder_fraction=100.0000%, Lmin=-281460.25, Lmax=-278576.27
13:05:59 [ultranest] [DEBUG] iteration=903, ncalls=1506, regioncalls=44240, ndraw=40, logz=-281420.42, remainder_fraction=100.0000%, Lmin=-281406.67, Lmax=-278576.27
13:05:59 [ultranest] [DEBUG] iteration=913, ncalls=1522, regioncalls=44880, ndraw=40, logz=-281332.58, remainder_fraction=100.0000%, Lmin=-281323.10, Lmax=-278576.27
13:05:59 [ultranest] [DEBUG] iteration=920, ncalls=1530, regioncalls=45200, ndraw=40, logz=-281303.85, remainder_fraction=100.0000%, Lmin=-281290.96, Lmax=-278576.27
13:05:59 [ultranest] [DEBUG] iteration=932, ncalls=1546, regioncalls=45840, ndraw=40, logz=-281246.39, remainder_fraction=100.0000%, Lmin=-281233.30, Lmax=-278576.27
13:05:59 [ultranest] [DEBUG] iteration=944, ncalls=1563, regioncalls=46520, ndraw=40, logz=-281154.61, remainder_fraction=100.0000%, Lmin=-281141.18, Lmax=-278576.27
13:05:59 [ultranest] [DEBUG] iteration=957, ncalls=1578, regioncalls=47120, ndraw=40, logz=-281055.89, remainder_fraction=100.0000%, Lmin=-281045.27, Lmax=-278576.27
13:05:59 [ultranest] [DEBUG] iteration=960, ncalls=1581, regioncalls=47240, ndraw=40, logz=-281037.90, remainder_fraction=100.0000%, Lmin=-281022.11, Lmax=-278576.27
13:05:59 [ultranest] [DEBUG] iteration=972, ncalls=1597, regioncalls=47880, ndraw=40, logz=-280992.45, remainder_fraction=100.0000%, Lmin=-280978.87, Lmax=-278576.27
13:06:00 [ultranest] [DEBUG] iteration=986, ncalls=1613, regioncalls=48520, ndraw=40, logz=-280834.95, remainder_fraction=100.0000%, Lmin=-280818.16, Lmax=-278576.27
13:06:00 [ultranest] [DEBUG] iteration=1000, ncalls=1629, regioncalls=49160, ndraw=40, logz=-280719.79, remainder_fraction=100.0000%, Lmin=-280706.21, Lmax=-278576.27
13:06:00 [ultranest] [DEBUG] iteration=1012, ncalls=1646, regioncalls=49840, ndraw=40, logz=-280656.13, remainder_fraction=100.0000%, Lmin=-280623.41, Lmax=-278576.27
13:06:00 [ultranest] [DEBUG] iteration=1023, ncalls=1662, regioncalls=50480, ndraw=40, logz=-280567.40, remainder_fraction=100.0000%, Lmin=-280552.48, Lmax=-278576.27
13:06:00 [ultranest] [DEBUG] iteration=1036, ncalls=1678, regioncalls=51160, ndraw=40, logz=-280486.66, remainder_fraction=100.0000%, Lmin=-280469.08, Lmax=-278576.27
13:06:00 [ultranest] [DEBUG] iteration=1040, ncalls=1682, regioncalls=51320, ndraw=40, logz=-280465.65, remainder_fraction=100.0000%, Lmin=-280449.31, Lmax=-278576.27
13:06:00 [ultranest] [DEBUG] iteration=1051, ncalls=1696, regioncalls=51880, ndraw=40, logz=-280355.59, remainder_fraction=100.0000%, Lmin=-280345.60, Lmax=-278576.27
13:06:00 [ultranest] [DEBUG] iteration=1062, ncalls=1712, regioncalls=52520, ndraw=40, logz=-280303.29, remainder_fraction=100.0000%, Lmin=-280288.21, Lmax=-278576.27
13:06:00 [ultranest] [DEBUG] iteration=1074, ncalls=1729, regioncalls=53200, ndraw=40, logz=-280229.68, remainder_fraction=100.0000%, Lmin=-280215.11, Lmax=-278576.27
13:06:00 [ultranest] [DEBUG] iteration=1080, ncalls=1735, regioncalls=53440, ndraw=40, logz=-280184.42, remainder_fraction=100.0000%, Lmin=-280168.25, Lmax=-278576.27
13:06:00 [ultranest] [DEBUG] iteration=1092, ncalls=1751, regioncalls=54080, ndraw=40, logz=-280125.96, remainder_fraction=100.0000%, Lmin=-280108.59, Lmax=-278576.27
13:06:01 [ultranest] [DEBUG] iteration=1104, ncalls=1768, regioncalls=54760, ndraw=40, logz=-280074.04, remainder_fraction=100.0000%, Lmin=-280064.52, Lmax=-278576.27
13:06:01 [ultranest] [DEBUG] iteration=1115, ncalls=1785, regioncalls=55440, ndraw=40, logz=-280042.73, remainder_fraction=100.0000%, Lmin=-280033.29, Lmax=-278576.27
13:06:01 [ultranest] [DEBUG] iteration=1120, ncalls=1792, regioncalls=55720, ndraw=40, logz=-280021.80, remainder_fraction=100.0000%, Lmin=-279994.87, Lmax=-278576.27
13:06:01 [ultranest] [DEBUG] iteration=1127, ncalls=1805, regioncalls=56240, ndraw=40, logz=-279964.86, remainder_fraction=100.0000%, Lmin=-279954.27, Lmax=-278576.27
13:06:01 [ultranest] [DEBUG] iteration=1141, ncalls=1821, regioncalls=56880, ndraw=40, logz=-279907.80, remainder_fraction=100.0000%, Lmin=-279898.09, Lmax=-278576.27
13:06:01 [ultranest] [DEBUG] iteration=1154, ncalls=1837, regioncalls=57560, ndraw=40, logz=-279845.62, remainder_fraction=100.0000%, Lmin=-279834.96, Lmax=-278576.27
13:06:01 [ultranest] [DEBUG] iteration=1160, ncalls=1844, regioncalls=57840, ndraw=40, logz=-279834.07, remainder_fraction=100.0000%, Lmin=-279824.93, Lmax=-278576.27
13:06:01 [ultranest] [DEBUG] iteration=1171, ncalls=1860, regioncalls=58480, ndraw=40, logz=-279817.91, remainder_fraction=100.0000%, Lmin=-279803.38, Lmax=-278576.27
13:06:01 [ultranest] [DEBUG] iteration=1184, ncalls=1876, regioncalls=59120, ndraw=40, logz=-279764.05, remainder_fraction=100.0000%, Lmin=-279754.19, Lmax=-278576.27
13:06:01 [ultranest] [DEBUG] iteration=1196, ncalls=1892, regioncalls=59760, ndraw=40, logz=-279730.45, remainder_fraction=100.0000%, Lmin=-279719.83, Lmax=-278576.27
13:06:01 [ultranest] [DEBUG] iteration=1200, ncalls=1898, regioncalls=60000, ndraw=40, logz=-279722.31, remainder_fraction=100.0000%, Lmin=-279712.06, Lmax=-278576.27
13:06:02 [ultranest] [DEBUG] iteration=1211, ncalls=1913, regioncalls=60600, ndraw=40, logz=-279676.87, remainder_fraction=100.0000%, Lmin=-279660.55, Lmax=-278576.27
13:06:02 [ultranest] [DEBUG] iteration=1223, ncalls=1927, regioncalls=61160, ndraw=40, logz=-279640.39, remainder_fraction=100.0000%, Lmin=-279625.64, Lmax=-278576.27
13:06:02 [ultranest] [DEBUG] iteration=1235, ncalls=1943, regioncalls=61800, ndraw=40, logz=-279602.21, remainder_fraction=100.0000%, Lmin=-279591.56, Lmax=-278576.27
13:06:02 [ultranest] [DEBUG] iteration=1240, ncalls=1950, regioncalls=62080, ndraw=40, logz=-279593.88, remainder_fraction=100.0000%, Lmin=-279584.47, Lmax=-278576.27
13:06:02 [ultranest] [DEBUG] iteration=1251, ncalls=1966, regioncalls=62720, ndraw=40, logz=-279570.36, remainder_fraction=100.0000%, Lmin=-279560.31, Lmax=-278576.27
13:06:02 [ultranest] [DEBUG] iteration=1265, ncalls=1982, regioncalls=63360, ndraw=40, logz=-279545.46, remainder_fraction=100.0000%, Lmin=-279535.65, Lmax=-278574.66
13:06:02 [ultranest] [DEBUG] iteration=1275, ncalls=1998, regioncalls=64000, ndraw=40, logz=-279522.93, remainder_fraction=100.0000%, Lmin=-279512.80, Lmax=-278574.66
13:06:02 [ultranest] [DEBUG] iteration=1280, ncalls=2003, regioncalls=64200, ndraw=40, logz=-279513.13, remainder_fraction=100.0000%, Lmin=-279503.22, Lmax=-278574.66
13:06:02 [ultranest] [DEBUG] iteration=1293, ncalls=2019, regioncalls=64840, ndraw=40, logz=-279479.71, remainder_fraction=100.0000%, Lmin=-279468.72, Lmax=-278574.66
13:06:02 [ultranest] [DEBUG] iteration=1297, ncalls=2023, regioncalls=65000, ndraw=40, logz=-279474.27, remainder_fraction=100.0000%, Lmin=-279463.78, Lmax=-278574.66
13:06:02 [ultranest] [DEBUG] iteration=1311, ncalls=2039, regioncalls=65640, ndraw=40, logz=-279443.58, remainder_fraction=100.0000%, Lmin=-279433.05, Lmax=-278574.66
13:06:02 [ultranest] [DEBUG] iteration=1320, ncalls=2049, regioncalls=66080, ndraw=40, logz=-279423.85, remainder_fraction=100.0000%, Lmin=-279412.29, Lmax=-278574.66
13:06:03 [ultranest] [DEBUG] iteration=1333, ncalls=2064, regioncalls=66680, ndraw=40, logz=-279392.71, remainder_fraction=100.0000%, Lmin=-279383.00, Lmax=-278574.66
13:06:03 [ultranest] [DEBUG] iteration=1346, ncalls=2080, regioncalls=67320, ndraw=40, logz=-279356.44, remainder_fraction=100.0000%, Lmin=-279344.74, Lmax=-278574.66
13:06:03 [ultranest] [DEBUG] iteration=1358, ncalls=2096, regioncalls=67960, ndraw=40, logz=-279325.47, remainder_fraction=100.0000%, Lmin=-279315.58, Lmax=-278574.66
13:06:03 [ultranest] [DEBUG] iteration=1360, ncalls=2099, regioncalls=68080, ndraw=40, logz=-279323.82, remainder_fraction=100.0000%, Lmin=-279314.39, Lmax=-278574.66
13:06:03 [ultranest] [DEBUG] iteration=1373, ncalls=2115, regioncalls=68720, ndraw=40, logz=-279304.55, remainder_fraction=100.0000%, Lmin=-279294.64, Lmax=-278574.66
13:06:03 [ultranest] [DEBUG] iteration=1382, ncalls=2128, regioncalls=69240, ndraw=40, logz=-279272.06, remainder_fraction=100.0000%, Lmin=-279260.02, Lmax=-278574.66
13:06:03 [ultranest] [DEBUG] iteration=1395, ncalls=2143, regioncalls=69880, ndraw=40, logz=-279243.35, remainder_fraction=100.0000%, Lmin=-279231.29, Lmax=-278574.66
13:06:03 [ultranest] [DEBUG] iteration=1400, ncalls=2148, regioncalls=70080, ndraw=40, logz=-279223.50, remainder_fraction=100.0000%, Lmin=-279212.99, Lmax=-278574.66
13:06:03 [ultranest] [DEBUG] iteration=1412, ncalls=2164, regioncalls=70720, ndraw=40, logz=-279208.11, remainder_fraction=100.0000%, Lmin=-279194.30, Lmax=-278574.66
13:06:03 [ultranest] [DEBUG] iteration=1425, ncalls=2180, regioncalls=71360, ndraw=40, logz=-279177.65, remainder_fraction=100.0000%, Lmin=-279167.49, Lmax=-278574.66
13:06:03 [ultranest] [DEBUG] iteration=1436, ncalls=2198, regioncalls=72080, ndraw=40, logz=-279155.85, remainder_fraction=100.0000%, Lmin=-279144.76, Lmax=-278574.66
13:06:03 [ultranest] [DEBUG] iteration=1440, ncalls=2202, regioncalls=72240, ndraw=40, logz=-279145.50, remainder_fraction=100.0000%, Lmin=-279135.51, Lmax=-278574.66
13:06:04 [ultranest] [DEBUG] iteration=1452, ncalls=2218, regioncalls=72880, ndraw=40, logz=-279123.41, remainder_fraction=100.0000%, Lmin=-279112.14, Lmax=-278574.66
13:06:04 [ultranest] [DEBUG] iteration=1464, ncalls=2234, regioncalls=73520, ndraw=40, logz=-279110.50, remainder_fraction=100.0000%, Lmin=-279099.54, Lmax=-278574.66
13:06:04 [ultranest] [DEBUG] iteration=1467, ncalls=2238, regioncalls=73680, ndraw=40, logz=-279106.98, remainder_fraction=100.0000%, Lmin=-279094.99, Lmax=-278574.66
13:06:04 [ultranest] [DEBUG] iteration=1480, ncalls=2253, regioncalls=74320, ndraw=40, logz=-279083.19, remainder_fraction=100.0000%, Lmin=-279072.02, Lmax=-278573.77
13:06:04 [ultranest] [DEBUG] iteration=1492, ncalls=2269, regioncalls=74960, ndraw=40, logz=-279059.33, remainder_fraction=100.0000%, Lmin=-279049.01, Lmax=-278573.77
13:06:04 [ultranest] [DEBUG] iteration=1503, ncalls=2287, regioncalls=75680, ndraw=40, logz=-279047.99, remainder_fraction=100.0000%, Lmin=-279035.00, Lmax=-278573.77
13:06:04 [ultranest] [DEBUG] iteration=1517, ncalls=2303, regioncalls=76320, ndraw=40, logz=-279023.43, remainder_fraction=100.0000%, Lmin=-279013.51, Lmax=-278573.77
13:06:04 [ultranest] [DEBUG] iteration=1520, ncalls=2307, regioncalls=76480, ndraw=40, logz=-279021.74, remainder_fraction=100.0000%, Lmin=-279011.74, Lmax=-278573.77
13:06:04 [ultranest] [DEBUG] iteration=1533, ncalls=2324, regioncalls=77160, ndraw=40, logz=-279011.16, remainder_fraction=100.0000%, Lmin=-279001.17, Lmax=-278573.77
13:06:04 [ultranest] [DEBUG] iteration=1543, ncalls=2341, regioncalls=77840, ndraw=40, logz=-278995.52, remainder_fraction=100.0000%, Lmin=-278986.21, Lmax=-278573.77
13:06:05 [ultranest] [DEBUG] iteration=1550, ncalls=2357, regioncalls=78480, ndraw=40, logz=-278991.61, remainder_fraction=100.0000%, Lmin=-278981.78, Lmax=-278573.77
13:06:05 [ultranest] [DEBUG] iteration=1552, ncalls=2359, regioncalls=78560, ndraw=40, logz=-278989.61, remainder_fraction=100.0000%, Lmin=-278979.16, Lmax=-278573.77
13:06:05 [ultranest] [DEBUG] iteration=1560, ncalls=2368, regioncalls=78960, ndraw=40, logz=-278983.44, remainder_fraction=100.0000%, Lmin=-278973.77, Lmax=-278573.77
13:06:05 [ultranest] [DEBUG] iteration=1574, ncalls=2383, regioncalls=79640, ndraw=40, logz=-278972.98, remainder_fraction=100.0000%, Lmin=-278962.42, Lmax=-278573.77
13:06:05 [ultranest] [DEBUG] iteration=1587, ncalls=2398, regioncalls=80240, ndraw=40, logz=-278958.65, remainder_fraction=100.0000%, Lmin=-278949.04, Lmax=-278573.77
13:06:05 [ultranest] [DEBUG] iteration=1599, ncalls=2414, regioncalls=80880, ndraw=40, logz=-278945.79, remainder_fraction=100.0000%, Lmin=-278935.94, Lmax=-278573.77
13:06:05 [ultranest] [DEBUG] iteration=1600, ncalls=2415, regioncalls=80920, ndraw=40, logz=-278945.24, remainder_fraction=100.0000%, Lmin=-278935.73, Lmax=-278573.77
13:06:05 [ultranest] [DEBUG] iteration=1614, ncalls=2430, regioncalls=81520, ndraw=40, logz=-278931.49, remainder_fraction=100.0000%, Lmin=-278919.58, Lmax=-278573.74
13:06:05 [ultranest] [DEBUG] iteration=1626, ncalls=2446, regioncalls=82160, ndraw=40, logz=-278921.60, remainder_fraction=100.0000%, Lmin=-278911.47, Lmax=-278573.74
13:06:05 [ultranest] [DEBUG] iteration=1636, ncalls=2462, regioncalls=82800, ndraw=40, logz=-278912.48, remainder_fraction=100.0000%, Lmin=-278901.40, Lmax=-278573.74
13:06:05 [ultranest] [DEBUG] iteration=1637, ncalls=2463, regioncalls=82840, ndraw=40, logz=-278911.29, remainder_fraction=100.0000%, Lmin=-278899.38, Lmax=-278573.74
13:06:05 [ultranest] [DEBUG] iteration=1640, ncalls=2466, regioncalls=83000, ndraw=40, logz=-278907.36, remainder_fraction=100.0000%, Lmin=-278896.70, Lmax=-278573.74
13:06:05 [ultranest] [DEBUG] iteration=1653, ncalls=2484, regioncalls=83720, ndraw=40, logz=-278893.37, remainder_fraction=100.0000%, Lmin=-278882.95, Lmax=-278573.74
13:06:05 [ultranest] [DEBUG] iteration=1666, ncalls=2499, regioncalls=84320, ndraw=40, logz=-278877.89, remainder_fraction=100.0000%, Lmin=-278867.70, Lmax=-278573.74
13:06:06 [ultranest] [DEBUG] iteration=1676, ncalls=2515, regioncalls=84960, ndraw=40, logz=-278868.74, remainder_fraction=100.0000%, Lmin=-278857.49, Lmax=-278573.74
13:06:06 [ultranest] [DEBUG] iteration=1680, ncalls=2521, regioncalls=85200, ndraw=40, logz=-278864.60, remainder_fraction=100.0000%, Lmin=-278853.92, Lmax=-278573.74
13:06:06 [ultranest] [DEBUG] iteration=1690, ncalls=2537, regioncalls=85840, ndraw=40, logz=-278856.28, remainder_fraction=100.0000%, Lmin=-278845.76, Lmax=-278573.74
13:06:06 [ultranest] [DEBUG] iteration=1702, ncalls=2553, regioncalls=86480, ndraw=40, logz=-278844.43, remainder_fraction=100.0000%, Lmin=-278833.71, Lmax=-278573.74
13:06:06 [ultranest] [DEBUG] iteration=1713, ncalls=2569, regioncalls=87120, ndraw=40, logz=-278840.04, remainder_fraction=100.0000%, Lmin=-278830.68, Lmax=-278573.74
13:06:06 [ultranest] [DEBUG] iteration=1720, ncalls=2580, regioncalls=87560, ndraw=40, logz=-278835.80, remainder_fraction=100.0000%, Lmin=-278826.12, Lmax=-278573.74
13:06:06 [ultranest] [DEBUG] iteration=1722, ncalls=2582, regioncalls=87640, ndraw=40, logz=-278835.03, remainder_fraction=100.0000%, Lmin=-278823.91, Lmax=-278573.74
13:06:06 [ultranest] [DEBUG] iteration=1732, ncalls=2593, regioncalls=88120, ndraw=40, logz=-278829.19, remainder_fraction=100.0000%, Lmin=-278819.38, Lmax=-278573.74
13:06:06 [ultranest] [DEBUG] iteration=1745, ncalls=2608, regioncalls=88720, ndraw=40, logz=-278819.44, remainder_fraction=100.0000%, Lmin=-278809.11, Lmax=-278573.74
13:06:06 [ultranest] [DEBUG] iteration=1758, ncalls=2625, regioncalls=89400, ndraw=40, logz=-278810.16, remainder_fraction=100.0000%, Lmin=-278799.85, Lmax=-278573.74
13:06:06 [ultranest] [DEBUG] iteration=1760, ncalls=2629, regioncalls=89560, ndraw=40, logz=-278808.76, remainder_fraction=100.0000%, Lmin=-278798.65, Lmax=-278573.74
13:06:06 [ultranest] [DEBUG] iteration=1772, ncalls=2645, regioncalls=90200, ndraw=40, logz=-278803.92, remainder_fraction=100.0000%, Lmin=-278794.14, Lmax=-278573.74
13:06:07 [ultranest] [DEBUG] iteration=1785, ncalls=2662, regioncalls=90880, ndraw=40, logz=-278796.29, remainder_fraction=100.0000%, Lmin=-278786.16, Lmax=-278573.74
13:06:07 [ultranest] [DEBUG] iteration=1798, ncalls=2679, regioncalls=91560, ndraw=40, logz=-278788.75, remainder_fraction=100.0000%, Lmin=-278777.94, Lmax=-278573.74
13:06:07 [ultranest] [DEBUG] iteration=1800, ncalls=2684, regioncalls=91760, ndraw=40, logz=-278787.52, remainder_fraction=100.0000%, Lmin=-278777.65, Lmax=-278573.74
13:06:07 [ultranest] [DEBUG] iteration=1807, ncalls=2694, regioncalls=92240, ndraw=40, logz=-278780.74, remainder_fraction=100.0000%, Lmin=-278769.83, Lmax=-278573.74
13:06:07 [ultranest] [DEBUG] iteration=1817, ncalls=2710, regioncalls=93040, ndraw=40, logz=-278775.80, remainder_fraction=100.0000%, Lmin=-278766.31, Lmax=-278573.74
13:06:07 [ultranest] [DEBUG] iteration=1830, ncalls=2725, regioncalls=93640, ndraw=40, logz=-278769.18, remainder_fraction=100.0000%, Lmin=-278759.22, Lmax=-278573.55
13:06:07 [ultranest] [DEBUG] iteration=1840, ncalls=2738, regioncalls=94160, ndraw=40, logz=-278766.07, remainder_fraction=100.0000%, Lmin=-278756.60, Lmax=-278573.55
13:06:07 [ultranest] [DEBUG] iteration=1851, ncalls=2754, regioncalls=94800, ndraw=40, logz=-278759.03, remainder_fraction=100.0000%, Lmin=-278748.17, Lmax=-278573.55
13:06:07 [ultranest] [DEBUG] iteration=1863, ncalls=2771, regioncalls=95480, ndraw=40, logz=-278752.15, remainder_fraction=100.0000%, Lmin=-278741.79, Lmax=-278573.55
13:06:07 [ultranest] [DEBUG] iteration=1876, ncalls=2786, regioncalls=96080, ndraw=40, logz=-278747.36, remainder_fraction=100.0000%, Lmin=-278737.43, Lmax=-278573.55
13:06:07 [ultranest] [DEBUG] iteration=1880, ncalls=2793, regioncalls=96360, ndraw=40, logz=-278746.03, remainder_fraction=100.0000%, Lmin=-278736.34, Lmax=-278573.55
13:06:08 [ultranest] [DEBUG] iteration=1892, ncalls=2808, regioncalls=96960, ndraw=40, logz=-278741.17, remainder_fraction=100.0000%, Lmin=-278729.92, Lmax=-278573.55
13:06:08 [ultranest] [DEBUG] iteration=1906, ncalls=2823, regioncalls=97600, ndraw=40, logz=-278734.40, remainder_fraction=100.0000%, Lmin=-278724.15, Lmax=-278573.55
13:06:08 [ultranest] [DEBUG] iteration=1919, ncalls=2840, regioncalls=98280, ndraw=40, logz=-278730.48, remainder_fraction=100.0000%, Lmin=-278720.03, Lmax=-278573.55
13:06:08 [ultranest] [DEBUG] iteration=1920, ncalls=2841, regioncalls=98320, ndraw=40, logz=-278730.03, remainder_fraction=100.0000%, Lmin=-278719.63, Lmax=-278573.55
13:06:08 [ultranest] [DEBUG] iteration=1933, ncalls=2857, regioncalls=98960, ndraw=40, logz=-278724.84, remainder_fraction=100.0000%, Lmin=-278714.77, Lmax=-278573.55
13:06:08 [ultranest] [DEBUG] iteration=1946, ncalls=2873, regioncalls=99600, ndraw=40, logz=-278720.04, remainder_fraction=100.0000%, Lmin=-278709.72, Lmax=-278573.55
13:06:08 [ultranest] [DEBUG] iteration=1959, ncalls=2891, regioncalls=100320, ndraw=40, logz=-278716.30, remainder_fraction=100.0000%, Lmin=-278706.06, Lmax=-278573.51
13:06:08 [ultranest] [DEBUG] iteration=1960, ncalls=2892, regioncalls=100360, ndraw=40, logz=-278715.95, remainder_fraction=100.0000%, Lmin=-278704.80, Lmax=-278573.51
13:06:08 [ultranest] [DEBUG] iteration=1973, ncalls=2908, regioncalls=101000, ndraw=40, logz=-278711.96, remainder_fraction=100.0000%, Lmin=-278702.24, Lmax=-278573.51
13:06:08 [ultranest] [DEBUG] iteration=1986, ncalls=2923, regioncalls=101600, ndraw=40, logz=-278707.30, remainder_fraction=100.0000%, Lmin=-278697.40, Lmax=-278573.51
13:06:08 [ultranest] [DEBUG] iteration=1996, ncalls=2939, regioncalls=102240, ndraw=40, logz=-278704.68, remainder_fraction=100.0000%, Lmin=-278694.58, Lmax=-278573.51
13:06:08 [ultranest] [DEBUG] iteration=2000, ncalls=2943, regioncalls=102400, ndraw=40, logz=-278703.45, remainder_fraction=100.0000%, Lmin=-278693.17, Lmax=-278573.51
13:06:09 [ultranest] [DEBUG] iteration=2013, ncalls=2958, regioncalls=103000, ndraw=40, logz=-278699.25, remainder_fraction=100.0000%, Lmin=-278689.58, Lmax=-278573.51
13:06:09 [ultranest] [DEBUG] iteration=2024, ncalls=2974, regioncalls=103640, ndraw=40, logz=-278696.28, remainder_fraction=100.0000%, Lmin=-278686.39, Lmax=-278573.51
13:06:09 [ultranest] [DEBUG] iteration=2035, ncalls=2990, regioncalls=104280, ndraw=40, logz=-278694.09, remainder_fraction=100.0000%, Lmin=-278683.85, Lmax=-278573.51
13:06:09 [ultranest] [DEBUG] iteration=2040, ncalls=2996, regioncalls=104520, ndraw=40, logz=-278691.98, remainder_fraction=100.0000%, Lmin=-278680.66, Lmax=-278573.51
13:06:09 [ultranest] [DEBUG] iteration=2053, ncalls=3012, regioncalls=105160, ndraw=40, logz=-278687.78, remainder_fraction=100.0000%, Lmin=-278678.22, Lmax=-278573.51
13:06:09 [ultranest] [DEBUG] iteration=2062, ncalls=3025, regioncalls=105720, ndraw=40, logz=-278685.67, remainder_fraction=100.0000%, Lmin=-278675.20, Lmax=-278573.51
13:06:09 [ultranest] [DEBUG] iteration=2076, ncalls=3040, regioncalls=106320, ndraw=40, logz=-278679.96, remainder_fraction=100.0000%, Lmin=-278668.91, Lmax=-278573.51
13:06:09 [ultranest] [DEBUG] iteration=2080, ncalls=3044, regioncalls=106520, ndraw=40, logz=-278678.55, remainder_fraction=100.0000%, Lmin=-278668.53, Lmax=-278573.51
13:06:09 [ultranest] [DEBUG] iteration=2093, ncalls=3060, regioncalls=107160, ndraw=40, logz=-278675.20, remainder_fraction=100.0000%, Lmin=-278665.27, Lmax=-278573.51
13:06:09 [ultranest] [DEBUG] iteration=2103, ncalls=3077, regioncalls=107840, ndraw=40, logz=-278672.59, remainder_fraction=100.0000%, Lmin=-278662.54, Lmax=-278573.51
13:06:09 [ultranest] [DEBUG] iteration=2114, ncalls=3093, regioncalls=108480, ndraw=40, logz=-278670.58, remainder_fraction=100.0000%, Lmin=-278660.59, Lmax=-278573.51
13:06:09 [ultranest] [DEBUG] iteration=2120, ncalls=3099, regioncalls=108720, ndraw=40, logz=-278669.55, remainder_fraction=100.0000%, Lmin=-278659.91, Lmax=-278573.37
13:06:10 [ultranest] [DEBUG] iteration=2129, ncalls=3116, regioncalls=109400, ndraw=40, logz=-278668.17, remainder_fraction=100.0000%, Lmin=-278657.79, Lmax=-278573.37
13:06:10 [ultranest] [DEBUG] iteration=2142, ncalls=3133, regioncalls=110080, ndraw=40, logz=-278665.46, remainder_fraction=100.0000%, Lmin=-278655.70, Lmax=-278573.37
13:06:10 [ultranest] [DEBUG] iteration=2155, ncalls=3147, regioncalls=110640, ndraw=40, logz=-278662.10, remainder_fraction=100.0000%, Lmin=-278651.52, Lmax=-278573.37
13:06:10 [ultranest] [DEBUG] iteration=2160, ncalls=3154, regioncalls=110920, ndraw=40, logz=-278660.94, remainder_fraction=100.0000%, Lmin=-278650.96, Lmax=-278573.37
13:06:10 [ultranest] [DEBUG] iteration=2173, ncalls=3170, regioncalls=111560, ndraw=40, logz=-278658.70, remainder_fraction=100.0000%, Lmin=-278648.70, Lmax=-278573.37
13:06:10 [ultranest] [DEBUG] iteration=2183, ncalls=3188, regioncalls=112280, ndraw=40, logz=-278656.76, remainder_fraction=100.0000%, Lmin=-278646.84, Lmax=-278573.37
13:06:10 [ultranest] [DEBUG] iteration=2194, ncalls=3204, regioncalls=112920, ndraw=40, logz=-278655.32, remainder_fraction=100.0000%, Lmin=-278645.64, Lmax=-278573.37
13:06:10 [ultranest] [DEBUG] iteration=2200, ncalls=3211, regioncalls=113200, ndraw=40, logz=-278654.50, remainder_fraction=100.0000%, Lmin=-278644.64, Lmax=-278573.37
13:06:10 [ultranest] [DEBUG] iteration=2213, ncalls=3227, regioncalls=113840, ndraw=40, logz=-278652.45, remainder_fraction=100.0000%, Lmin=-278641.86, Lmax=-278573.37
13:06:10 [ultranest] [DEBUG] iteration=2221, ncalls=3244, regioncalls=114520, ndraw=40, logz=-278650.82, remainder_fraction=100.0000%, Lmin=-278640.48, Lmax=-278573.37
13:06:11 [ultranest] [DEBUG] iteration=2233, ncalls=3258, regioncalls=115080, ndraw=40, logz=-278648.27, remainder_fraction=100.0000%, Lmin=-278637.64, Lmax=-278573.37
13:06:11 [ultranest] [DEBUG] iteration=2240, ncalls=3270, regioncalls=115560, ndraw=40, logz=-278646.72, remainder_fraction=100.0000%, Lmin=-278636.74, Lmax=-278573.37
13:06:11 [ultranest] [DEBUG] iteration=2249, ncalls=3286, regioncalls=116200, ndraw=40, logz=-278645.52, remainder_fraction=100.0000%, Lmin=-278635.79, Lmax=-278573.37
13:06:11 [ultranest] [DEBUG] iteration=2262, ncalls=3301, regioncalls=116800, ndraw=40, logz=-278643.04, remainder_fraction=100.0000%, Lmin=-278632.38, Lmax=-278573.37
13:06:11 [ultranest] [DEBUG] iteration=2270, ncalls=3318, regioncalls=117480, ndraw=40, logz=-278641.41, remainder_fraction=100.0000%, Lmin=-278631.17, Lmax=-278573.37
13:06:11 [ultranest] [DEBUG] iteration=2280, ncalls=3330, regioncalls=117960, ndraw=40, logz=-278639.82, remainder_fraction=100.0000%, Lmin=-278629.88, Lmax=-278573.37
13:06:11 [ultranest] [DEBUG] iteration=2293, ncalls=3345, regioncalls=118560, ndraw=40, logz=-278637.68, remainder_fraction=100.0000%, Lmin=-278627.52, Lmax=-278573.37
13:06:11 [ultranest] [DEBUG] iteration=2304, ncalls=3361, regioncalls=119200, ndraw=40, logz=-278636.05, remainder_fraction=100.0000%, Lmin=-278625.58, Lmax=-278573.37
13:06:11 [ultranest] [DEBUG] iteration=2309, ncalls=3379, regioncalls=119920, ndraw=40, logz=-278635.13, remainder_fraction=100.0000%, Lmin=-278624.82, Lmax=-278573.37
13:06:11 [ultranest] [DEBUG] iteration=2317, ncalls=3389, regioncalls=120400, ndraw=40, logz=-278633.87, remainder_fraction=100.0000%, Lmin=-278623.57, Lmax=-278573.37
13:06:11 [ultranest] [DEBUG] iteration=2320, ncalls=3394, regioncalls=120600, ndraw=40, logz=-278633.33, remainder_fraction=100.0000%, Lmin=-278622.72, Lmax=-278573.37
13:06:12 [ultranest] [DEBUG] iteration=2332, ncalls=3408, regioncalls=121160, ndraw=40, logz=-278631.22, remainder_fraction=100.0000%, Lmin=-278620.77, Lmax=-278573.37
13:06:12 [ultranest] [DEBUG] iteration=2342, ncalls=3424, regioncalls=121800, ndraw=40, logz=-278629.78, remainder_fraction=100.0000%, Lmin=-278619.81, Lmax=-278573.37
13:06:12 [ultranest] [DEBUG] iteration=2357, ncalls=3440, regioncalls=122440, ndraw=40, logz=-278628.05, remainder_fraction=100.0000%, Lmin=-278618.19, Lmax=-278573.37
13:06:12 [ultranest] [DEBUG] iteration=2360, ncalls=3445, regioncalls=122640, ndraw=40, logz=-278627.77, remainder_fraction=100.0000%, Lmin=-278617.95, Lmax=-278573.37
13:06:12 [ultranest] [DEBUG] iteration=2371, ncalls=3461, regioncalls=123280, ndraw=40, logz=-278626.43, remainder_fraction=100.0000%, Lmin=-278615.99, Lmax=-278573.37
13:06:12 [ultranest] [DEBUG] iteration=2380, ncalls=3477, regioncalls=123920, ndraw=40, logz=-278624.87, remainder_fraction=100.0000%, Lmin=-278614.51, Lmax=-278573.37
13:06:12 [ultranest] [DEBUG] iteration=2394, ncalls=3493, regioncalls=124560, ndraw=40, logz=-278623.45, remainder_fraction=100.0000%, Lmin=-278613.66, Lmax=-278573.37
13:06:12 [ultranest] [DEBUG] iteration=2400, ncalls=3499, regioncalls=124800, ndraw=40, logz=-278622.88, remainder_fraction=100.0000%, Lmin=-278612.84, Lmax=-278573.37
13:06:12 [ultranest] [DEBUG] iteration=2402, ncalls=3501, regioncalls=124920, ndraw=40, logz=-278622.67, remainder_fraction=100.0000%, Lmin=-278612.65, Lmax=-278573.37
13:06:12 [ultranest] [DEBUG] iteration=2414, ncalls=3517, regioncalls=125560, ndraw=40, logz=-278621.05, remainder_fraction=100.0000%, Lmin=-278610.83, Lmax=-278573.37
13:06:12 [ultranest] [DEBUG] iteration=2428, ncalls=3532, regioncalls=126200, ndraw=40, logz=-278619.50, remainder_fraction=100.0000%, Lmin=-278609.34, Lmax=-278573.37
13:06:12 [ultranest] [DEBUG] iteration=2440, ncalls=3545, regioncalls=126720, ndraw=40, logz=-278618.31, remainder_fraction=100.0000%, Lmin=-278608.15, Lmax=-278573.37
13:06:13 [ultranest] [DEBUG] iteration=2452, ncalls=3560, regioncalls=127320, ndraw=40, logz=-278617.15, remainder_fraction=100.0000%, Lmin=-278607.20, Lmax=-278573.37
13:06:13 [ultranest] [DEBUG] iteration=2464, ncalls=3576, regioncalls=127960, ndraw=40, logz=-278616.08, remainder_fraction=100.0000%, Lmin=-278605.77, Lmax=-278573.37
13:06:13 [ultranest] [DEBUG] iteration=2475, ncalls=3592, regioncalls=128600, ndraw=40, logz=-278615.01, remainder_fraction=100.0000%, Lmin=-278604.91, Lmax=-278573.37
13:06:13 [ultranest] [DEBUG] iteration=2480, ncalls=3598, regioncalls=128840, ndraw=40, logz=-278614.59, remainder_fraction=100.0000%, Lmin=-278604.64, Lmax=-278573.37
13:06:13 [ultranest] [DEBUG] iteration=2488, ncalls=3614, regioncalls=129480, ndraw=40, logz=-278613.93, remainder_fraction=100.0000%, Lmin=-278603.91, Lmax=-278573.37
13:06:13 [ultranest] [DEBUG] iteration=2500, ncalls=3630, regioncalls=130120, ndraw=40, logz=-278613.10, remainder_fraction=100.0000%, Lmin=-278603.38, Lmax=-278573.37
13:06:13 [ultranest] [DEBUG] iteration=2513, ncalls=3647, regioncalls=130800, ndraw=40, logz=-278612.44, remainder_fraction=100.0000%, Lmin=-278602.82, Lmax=-278573.37
13:06:13 [ultranest] [DEBUG] iteration=2520, ncalls=3657, regioncalls=131200, ndraw=40, logz=-278612.10, remainder_fraction=100.0000%, Lmin=-278602.57, Lmax=-278573.37
13:06:13 [ultranest] [DEBUG] iteration=2534, ncalls=3673, regioncalls=131840, ndraw=40, logz=-278611.42, remainder_fraction=100.0000%, Lmin=-278601.66, Lmax=-278573.37
13:06:13 [ultranest] [DEBUG] iteration=2546, ncalls=3690, regioncalls=132520, ndraw=40, logz=-278610.61, remainder_fraction=100.0000%, Lmin=-278600.41, Lmax=-278573.37
13:06:14 [ultranest] [DEBUG] iteration=2558, ncalls=3708, regioncalls=133240, ndraw=40, logz=-278609.63, remainder_fraction=100.0000%, Lmin=-278599.32, Lmax=-278573.37
13:06:14 [ultranest] [DEBUG] iteration=2560, ncalls=3714, regioncalls=133480, ndraw=40, logz=-278609.45, remainder_fraction=100.0000%, Lmin=-278599.12, Lmax=-278573.37
13:06:14 [ultranest] [DEBUG] iteration=2572, ncalls=3730, regioncalls=134160, ndraw=40, logz=-278608.44, remainder_fraction=100.0000%, Lmin=-278598.37, Lmax=-278573.37
13:06:14 [ultranest] [DEBUG] iteration=2585, ncalls=3746, regioncalls=134800, ndraw=40, logz=-278607.60, remainder_fraction=100.0000%, Lmin=-278597.52, Lmax=-278573.37
13:06:14 [ultranest] [DEBUG] iteration=2599, ncalls=3762, regioncalls=135440, ndraw=40, logz=-278606.82, remainder_fraction=100.0000%, Lmin=-278597.03, Lmax=-278573.37
13:06:14 [ultranest] [DEBUG] iteration=2600, ncalls=3763, regioncalls=135480, ndraw=40, logz=-278606.77, remainder_fraction=100.0000%, Lmin=-278596.95, Lmax=-278573.37
13:06:14 [ultranest] [DEBUG] iteration=2612, ncalls=3779, regioncalls=136120, ndraw=40, logz=-278606.02, remainder_fraction=100.0000%, Lmin=-278595.92, Lmax=-278573.37
13:06:14 [ultranest] [DEBUG] iteration=2626, ncalls=3795, regioncalls=136760, ndraw=40, logz=-278605.20, remainder_fraction=100.0000%, Lmin=-278595.25, Lmax=-278573.37
13:06:14 [ultranest] [DEBUG] iteration=2639, ncalls=3810, regioncalls=137360, ndraw=40, logz=-278604.50, remainder_fraction=100.0000%, Lmin=-278594.42, Lmax=-278573.37
13:06:14 [ultranest] [DEBUG] iteration=2640, ncalls=3811, regioncalls=137400, ndraw=40, logz=-278604.45, remainder_fraction=100.0000%, Lmin=-278594.39, Lmax=-278573.37
13:06:14 [ultranest] [DEBUG] iteration=2649, ncalls=3828, regioncalls=138080, ndraw=40, logz=-278603.93, remainder_fraction=100.0000%, Lmin=-278593.74, Lmax=-278573.37
13:06:14 [ultranest] [DEBUG] iteration=2657, ncalls=3840, regioncalls=138600, ndraw=40, logz=-278603.46, remainder_fraction=100.0000%, Lmin=-278593.33, Lmax=-278573.37
13:06:15 [ultranest] [DEBUG] iteration=2669, ncalls=3856, regioncalls=139240, ndraw=40, logz=-278602.81, remainder_fraction=100.0000%, Lmin=-278592.77, Lmax=-278573.37
13:06:15 [ultranest] [DEBUG] iteration=2680, ncalls=3870, regioncalls=139800, ndraw=40, logz=-278602.29, remainder_fraction=100.0000%, Lmin=-278592.32, Lmax=-278573.37
13:06:15 [ultranest] [DEBUG] iteration=2690, ncalls=3886, regioncalls=140440, ndraw=40, logz=-278601.75, remainder_fraction=100.0000%, Lmin=-278591.53, Lmax=-278573.37
13:06:15 [ultranest] [DEBUG] iteration=2701, ncalls=3902, regioncalls=141080, ndraw=40, logz=-278601.22, remainder_fraction=100.0000%, Lmin=-278591.27, Lmax=-278573.37
13:06:15 [ultranest] [DEBUG] iteration=2713, ncalls=3918, regioncalls=141720, ndraw=40, logz=-278600.70, remainder_fraction=100.0000%, Lmin=-278590.82, Lmax=-278573.37
13:06:15 [ultranest] [DEBUG] iteration=2720, ncalls=3926, regioncalls=142040, ndraw=40, logz=-278600.42, remainder_fraction=100.0000%, Lmin=-278590.44, Lmax=-278573.37
13:06:15 [ultranest] [DEBUG] iteration=2731, ncalls=3942, regioncalls=142680, ndraw=40, logz=-278599.96, remainder_fraction=100.0000%, Lmin=-278590.01, Lmax=-278573.37
13:06:15 [ultranest] [DEBUG] iteration=2742, ncalls=3956, regioncalls=143280, ndraw=40, logz=-278599.52, remainder_fraction=100.0000%, Lmin=-278589.54, Lmax=-278573.37
13:06:15 [ultranest] [DEBUG] iteration=2754, ncalls=3972, regioncalls=143920, ndraw=40, logz=-278599.03, remainder_fraction=100.0000%, Lmin=-278588.88, Lmax=-278573.37
13:06:15 [ultranest] [DEBUG] iteration=2760, ncalls=3978, regioncalls=144160, ndraw=40, logz=-278598.78, remainder_fraction=100.0000%, Lmin=-278588.72, Lmax=-278573.37
13:06:15 [ultranest] [DEBUG] iteration=2772, ncalls=3994, regioncalls=144800, ndraw=40, logz=-278598.24, remainder_fraction=100.0000%, Lmin=-278588.05, Lmax=-278573.37
13:06:16 [ultranest] [DEBUG] iteration=2785, ncalls=4009, regioncalls=145400, ndraw=40, logz=-278597.70, remainder_fraction=99.9999%, Lmin=-278587.69, Lmax=-278573.37
13:06:16 [ultranest] [DEBUG] iteration=2799, ncalls=4025, regioncalls=146040, ndraw=40, logz=-278597.18, remainder_fraction=99.9999%, Lmin=-278587.11, Lmax=-278573.37
13:06:16 [ultranest] [DEBUG] iteration=2800, ncalls=4027, regioncalls=146120, ndraw=40, logz=-278597.14, remainder_fraction=99.9999%, Lmin=-278587.11, Lmax=-278573.37
13:06:16 [ultranest] [DEBUG] iteration=2812, ncalls=4044, regioncalls=146800, ndraw=40, logz=-278596.70, remainder_fraction=99.9999%, Lmin=-278586.55, Lmax=-278573.37
13:06:16 [ultranest] [DEBUG] iteration=2823, ncalls=4061, regioncalls=147480, ndraw=40, logz=-278596.29, remainder_fraction=99.9998%, Lmin=-278586.21, Lmax=-278573.37
13:06:16 [ultranest] [DEBUG] iteration=2827, ncalls=4067, regioncalls=147760, ndraw=40, logz=-278596.15, remainder_fraction=99.9998%, Lmin=-278586.06, Lmax=-278573.37
13:06:16 [ultranest] [DEBUG] iteration=2840, ncalls=4082, regioncalls=148360, ndraw=40, logz=-278595.71, remainder_fraction=99.9996%, Lmin=-278585.67, Lmax=-278573.37
13:06:16 [ultranest] [DEBUG] iteration=2851, ncalls=4098, regioncalls=149000, ndraw=40, logz=-278595.35, remainder_fraction=99.9995%, Lmin=-278585.23, Lmax=-278573.37
13:06:16 [ultranest] [DEBUG] iteration=2865, ncalls=4113, regioncalls=149600, ndraw=40, logz=-278594.88, remainder_fraction=99.9991%, Lmin=-278584.68, Lmax=-278573.37
13:06:16 [ultranest] [DEBUG] iteration=2878, ncalls=4129, regioncalls=150240, ndraw=40, logz=-278594.41, remainder_fraction=99.9986%, Lmin=-278584.24, Lmax=-278573.37
13:06:16 [ultranest] [DEBUG] iteration=2880, ncalls=4134, regioncalls=150440, ndraw=40, logz=-278594.34, remainder_fraction=99.9985%, Lmin=-278584.18, Lmax=-278573.37
13:06:16 [ultranest] [DEBUG] iteration=2890, ncalls=4150, regioncalls=151080, ndraw=40, logz=-278594.03, remainder_fraction=99.9979%, Lmin=-278583.94, Lmax=-278573.37
13:06:17 [ultranest] [DEBUG] iteration=2903, ncalls=4164, regioncalls=151640, ndraw=40, logz=-278593.66, remainder_fraction=99.9970%, Lmin=-278583.65, Lmax=-278573.37
13:06:17 [ultranest] [DEBUG] iteration=2913, ncalls=4181, regioncalls=152320, ndraw=40, logz=-278593.36, remainder_fraction=99.9960%, Lmin=-278583.22, Lmax=-278573.37
13:06:17 [ultranest] [DEBUG] iteration=2920, ncalls=4189, regioncalls=152640, ndraw=40, logz=-278593.16, remainder_fraction=99.9950%, Lmin=-278583.07, Lmax=-278573.37
13:06:17 [ultranest] [DEBUG] iteration=2931, ncalls=4207, regioncalls=153360, ndraw=40, logz=-278592.84, remainder_fraction=99.9933%, Lmin=-278582.68, Lmax=-278573.37
13:06:17 [ultranest] [DEBUG] iteration=2943, ncalls=4224, regioncalls=154040, ndraw=40, logz=-278592.51, remainder_fraction=99.9907%, Lmin=-278582.44, Lmax=-278573.37
13:06:17 [ultranest] [DEBUG] iteration=2952, ncalls=4240, regioncalls=154680, ndraw=40, logz=-278592.29, remainder_fraction=99.9883%, Lmin=-278582.28, Lmax=-278573.37
13:06:17 [ultranest] [DEBUG] iteration=2960, ncalls=4251, regioncalls=155120, ndraw=40, logz=-278592.11, remainder_fraction=99.9858%, Lmin=-278582.12, Lmax=-278573.37
13:06:17 [ultranest] [DEBUG] iteration=2972, ncalls=4267, regioncalls=155760, ndraw=40, logz=-278591.84, remainder_fraction=99.9812%, Lmin=-278581.85, Lmax=-278573.37
13:06:17 [ultranest] [DEBUG] iteration=2983, ncalls=4283, regioncalls=156400, ndraw=40, logz=-278591.60, remainder_fraction=99.9756%, Lmin=-278581.65, Lmax=-278573.37
13:06:17 [ultranest] [DEBUG] iteration=2992, ncalls=4299, regioncalls=157040, ndraw=40, logz=-278591.42, remainder_fraction=99.9703%, Lmin=-278581.48, Lmax=-278573.37
13:06:18 [ultranest] [DEBUG] iteration=2997, ncalls=4305, regioncalls=157320, ndraw=40, logz=-278591.32, remainder_fraction=99.9673%, Lmin=-278581.43, Lmax=-278573.37
13:06:18 [ultranest] [DEBUG] iteration=3000, ncalls=4308, regioncalls=157440, ndraw=40, logz=-278591.26, remainder_fraction=99.9652%, Lmin=-278581.43, Lmax=-278573.37
13:06:18 [ultranest] [DEBUG] iteration=3013, ncalls=4323, regioncalls=158040, ndraw=40, logz=-278591.04, remainder_fraction=99.9563%, Lmin=-278581.10, Lmax=-278573.37
13:06:18 [ultranest] [DEBUG] iteration=3026, ncalls=4338, regioncalls=158640, ndraw=40, logz=-278590.81, remainder_fraction=99.9459%, Lmin=-278580.92, Lmax=-278573.37
13:06:18 [ultranest] [DEBUG] iteration=3039, ncalls=4353, regioncalls=159240, ndraw=40, logz=-278590.58, remainder_fraction=99.9332%, Lmin=-278580.61, Lmax=-278573.37
13:06:18 [ultranest] [DEBUG] iteration=3040, ncalls=4355, regioncalls=159320, ndraw=40, logz=-278590.56, remainder_fraction=99.9329%, Lmin=-278580.60, Lmax=-278573.37
13:06:18 [ultranest] [DEBUG] iteration=3053, ncalls=4370, regioncalls=159920, ndraw=40, logz=-278590.34, remainder_fraction=99.9147%, Lmin=-278580.45, Lmax=-278573.37
13:06:18 [ultranest] [DEBUG] iteration=3064, ncalls=4386, regioncalls=160560, ndraw=40, logz=-278590.17, remainder_fraction=99.8975%, Lmin=-278580.27, Lmax=-278573.37
13:06:18 [ultranest] [DEBUG] iteration=3077, ncalls=4402, regioncalls=161200, ndraw=40, logz=-278589.97, remainder_fraction=99.8749%, Lmin=-278579.96, Lmax=-278573.37
13:06:18 [ultranest] [DEBUG] iteration=3080, ncalls=4405, regioncalls=161320, ndraw=40, logz=-278589.92, remainder_fraction=99.8700%, Lmin=-278579.94, Lmax=-278573.37
13:06:18 [ultranest] [DEBUG] iteration=3090, ncalls=4420, regioncalls=161920, ndraw=40, logz=-278589.76, remainder_fraction=99.8469%, Lmin=-278579.83, Lmax=-278573.37
13:06:18 [ultranest] [DEBUG] iteration=3102, ncalls=4436, regioncalls=162560, ndraw=40, logz=-278589.58, remainder_fraction=99.8156%, Lmin=-278579.58, Lmax=-278573.37
13:06:18 [ultranest] [DEBUG] iteration=3113, ncalls=4452, regioncalls=163200, ndraw=40, logz=-278589.41, remainder_fraction=99.7824%, Lmin=-278579.34, Lmax=-278573.37
13:06:19 [ultranest] [DEBUG] iteration=3120, ncalls=4462, regioncalls=163600, ndraw=40, logz=-278589.30, remainder_fraction=99.7563%, Lmin=-278579.24, Lmax=-278573.37
13:06:19 [ultranest] [DEBUG] iteration=3131, ncalls=4478, regioncalls=164240, ndraw=40, logz=-278589.12, remainder_fraction=99.7054%, Lmin=-278579.03, Lmax=-278573.37
13:06:19 [ultranest] [DEBUG] iteration=3142, ncalls=4494, regioncalls=164880, ndraw=40, logz=-278588.94, remainder_fraction=99.6456%, Lmin=-278578.85, Lmax=-278573.37
13:06:19 [ultranest] [DEBUG] iteration=3153, ncalls=4511, regioncalls=165560, ndraw=40, logz=-278588.78, remainder_fraction=99.5797%, Lmin=-278578.73, Lmax=-278573.37
13:06:19 [ultranest] [DEBUG] iteration=3160, ncalls=4521, regioncalls=165960, ndraw=40, logz=-278588.68, remainder_fraction=99.5388%, Lmin=-278578.67, Lmax=-278573.37
13:06:19 [ultranest] [DEBUG] iteration=3167, ncalls=4528, regioncalls=166280, ndraw=40, logz=-278588.58, remainder_fraction=99.4940%, Lmin=-278578.54, Lmax=-278573.37
13:06:19 [ultranest] [DEBUG] iteration=3179, ncalls=4544, regioncalls=166920, ndraw=40, logz=-278588.42, remainder_fraction=99.4070%, Lmin=-278578.46, Lmax=-278573.37
13:06:19 [ultranest] [DEBUG] iteration=3189, ncalls=4560, regioncalls=167560, ndraw=40, logz=-278588.30, remainder_fraction=99.3270%, Lmin=-278578.37, Lmax=-278573.37
13:06:19 [ultranest] [DEBUG] iteration=3200, ncalls=4573, regioncalls=168080, ndraw=40, logz=-278588.18, remainder_fraction=99.2308%, Lmin=-278578.25, Lmax=-278573.37
13:06:19 [ultranest] [DEBUG] iteration=3213, ncalls=4590, regioncalls=168760, ndraw=40, logz=-278588.03, remainder_fraction=99.1115%, Lmin=-278578.14, Lmax=-278573.37
13:06:20 [ultranest] [DEBUG] iteration=3226, ncalls=4605, regioncalls=169360, ndraw=40, logz=-278587.89, remainder_fraction=98.9729%, Lmin=-278577.94, Lmax=-278573.37
13:06:20 [ultranest] [DEBUG] iteration=3239, ncalls=4620, regioncalls=169960, ndraw=40, logz=-278587.75, remainder_fraction=98.8134%, Lmin=-278577.78, Lmax=-278573.37
13:06:20 [ultranest] [DEBUG] iteration=3240, ncalls=4621, regioncalls=170000, ndraw=40, logz=-278587.74, remainder_fraction=98.7976%, Lmin=-278577.76, Lmax=-278573.37
13:06:20 [ultranest] [DEBUG] iteration=3252, ncalls=4635, regioncalls=170560, ndraw=40, logz=-278587.60, remainder_fraction=98.6046%, Lmin=-278577.54, Lmax=-278573.37
13:06:20 [ultranest] [DEBUG] iteration=3264, ncalls=4651, regioncalls=171200, ndraw=40, logz=-278587.47, remainder_fraction=98.3876%, Lmin=-278577.45, Lmax=-278573.37
13:06:20 [ultranest] [DEBUG] iteration=3275, ncalls=4667, regioncalls=171840, ndraw=40, logz=-278587.36, remainder_fraction=98.1963%, Lmin=-278577.35, Lmax=-278573.36
13:06:20 [ultranest] [DEBUG] iteration=3280, ncalls=4674, regioncalls=172120, ndraw=40, logz=-278587.31, remainder_fraction=98.1158%, Lmin=-278577.27, Lmax=-278573.36
13:06:20 [ultranest] [DEBUG] iteration=3289, ncalls=4690, regioncalls=172760, ndraw=40, logz=-278587.22, remainder_fraction=97.9421%, Lmin=-278577.19, Lmax=-278573.36
13:06:20 [ultranest] [DEBUG] iteration=3298, ncalls=4706, regioncalls=173400, ndraw=40, logz=-278587.13, remainder_fraction=97.7553%, Lmin=-278577.06, Lmax=-278573.36
13:06:20 [ultranest] [DEBUG] iteration=3311, ncalls=4722, regioncalls=174040, ndraw=40, logz=-278587.00, remainder_fraction=97.4101%, Lmin=-278576.89, Lmax=-278573.36
13:06:20 [ultranest] [DEBUG] iteration=3320, ncalls=4734, regioncalls=174520, ndraw=40, logz=-278586.91, remainder_fraction=97.1788%, Lmin=-278576.81, Lmax=-278573.36
13:06:20 [ultranest] [DEBUG] iteration=3331, ncalls=4750, regioncalls=175160, ndraw=40, logz=-278586.80, remainder_fraction=96.8712%, Lmin=-278576.73, Lmax=-278573.36
13:06:21 [ultranest] [DEBUG] iteration=3337, ncalls=4759, regioncalls=175560, ndraw=40, logz=-278586.75, remainder_fraction=96.6749%, Lmin=-278576.67, Lmax=-278573.36
13:06:21 [ultranest] [DEBUG] iteration=3350, ncalls=4774, regioncalls=176160, ndraw=40, logz=-278586.63, remainder_fraction=96.2506%, Lmin=-278576.54, Lmax=-278573.36
13:06:21 [ultranest] [DEBUG] iteration=3360, ncalls=4786, regioncalls=176640, ndraw=40, logz=-278586.54, remainder_fraction=95.8927%, Lmin=-278576.47, Lmax=-278573.36
13:06:21 [ultranest] [DEBUG] iteration=3371, ncalls=4802, regioncalls=177280, ndraw=40, logz=-278586.45, remainder_fraction=95.4515%, Lmin=-278576.35, Lmax=-278573.36
13:06:21 [ultranest] [DEBUG] iteration=3380, ncalls=4818, regioncalls=177920, ndraw=40, logz=-278586.37, remainder_fraction=95.1096%, Lmin=-278576.28, Lmax=-278573.36
13:06:21 [ultranest] [DEBUG] iteration=3392, ncalls=4834, regioncalls=178560, ndraw=40, logz=-278586.27, remainder_fraction=94.6271%, Lmin=-278576.21, Lmax=-278573.36
13:06:21 [ultranest] [DEBUG] iteration=3400, ncalls=4844, regioncalls=178960, ndraw=40, logz=-278586.21, remainder_fraction=94.2756%, Lmin=-278576.17, Lmax=-278573.36
13:06:21 [ultranest] [DEBUG] iteration=3412, ncalls=4860, regioncalls=179600, ndraw=40, logz=-278586.12, remainder_fraction=93.7828%, Lmin=-278576.09, Lmax=-278573.36
13:06:21 [ultranest] [DEBUG] iteration=3424, ncalls=4874, regioncalls=180160, ndraw=40, logz=-278586.04, remainder_fraction=93.2509%, Lmin=-278576.05, Lmax=-278573.36
13:06:21 [ultranest] [DEBUG] iteration=3434, ncalls=4892, regioncalls=180880, ndraw=40, logz=-278585.97, remainder_fraction=92.7974%, Lmin=-278575.95, Lmax=-278573.36
13:06:21 [ultranest] [DEBUG] iteration=3440, ncalls=4899, regioncalls=181160, ndraw=40, logz=-278585.93, remainder_fraction=92.5696%, Lmin=-278575.90, Lmax=-278573.36
13:06:22 [ultranest] [DEBUG] iteration=3454, ncalls=4913, regioncalls=181720, ndraw=40, logz=-278585.84, remainder_fraction=91.7919%, Lmin=-278575.77, Lmax=-278573.36
13:06:22 [ultranest] [DEBUG] iteration=3464, ncalls=4929, regioncalls=182360, ndraw=40, logz=-278585.77, remainder_fraction=91.1552%, Lmin=-278575.70, Lmax=-278573.36
13:06:22 [ultranest] [DEBUG] iteration=3476, ncalls=4944, regioncalls=182960, ndraw=40, logz=-278585.69, remainder_fraction=90.4600%, Lmin=-278575.60, Lmax=-278573.36
13:06:22 [ultranest] [DEBUG] iteration=3480, ncalls=4951, regioncalls=183240, ndraw=40, logz=-278585.67, remainder_fraction=90.1936%, Lmin=-278575.58, Lmax=-278573.36
13:06:22 [ultranest] [DEBUG] iteration=3491, ncalls=4970, regioncalls=184000, ndraw=40, logz=-278585.60, remainder_fraction=89.4737%, Lmin=-278575.49, Lmax=-278573.36
13:06:22 [ultranest] [DEBUG] iteration=3503, ncalls=4986, regioncalls=184640, ndraw=40, logz=-278585.52, remainder_fraction=88.6900%, Lmin=-278575.41, Lmax=-278573.36
13:06:22 [ultranest] [DEBUG] iteration=3507, ncalls=4990, regioncalls=184880, ndraw=40, logz=-278585.50, remainder_fraction=88.3914%, Lmin=-278575.38, Lmax=-278573.36
13:06:22 [ultranest] [DEBUG] iteration=3520, ncalls=5004, regioncalls=185600, ndraw=40, logz=-278585.42, remainder_fraction=87.3322%, Lmin=-278575.28, Lmax=-278573.36
13:06:22 [ultranest] [DEBUG] iteration=3534, ncalls=5019, regioncalls=186200, ndraw=40, logz=-278585.34, remainder_fraction=86.0823%, Lmin=-278575.22, Lmax=-278573.36
13:06:22 [ultranest] [DEBUG] iteration=3549, ncalls=5036, regioncalls=186880, ndraw=40, logz=-278585.25, remainder_fraction=84.8092%, Lmin=-278575.14, Lmax=-278573.36
13:06:23 [ultranest] [DEBUG] iteration=3560, ncalls=5053, regioncalls=187560, ndraw=40, logz=-278585.20, remainder_fraction=83.9481%, Lmin=-278575.11, Lmax=-278573.36
13:06:23 [ultranest] [DEBUG] iteration=3573, ncalls=5068, regioncalls=188160, ndraw=40, logz=-278585.13, remainder_fraction=82.8175%, Lmin=-278575.04, Lmax=-278573.36
13:06:23 [ultranest] [DEBUG] iteration=3584, ncalls=5086, regioncalls=188880, ndraw=40, logz=-278585.08, remainder_fraction=81.9118%, Lmin=-278575.01, Lmax=-278573.36
13:06:23 [ultranest] [DEBUG] iteration=3592, ncalls=5097, regioncalls=189360, ndraw=40, logz=-278585.04, remainder_fraction=81.2462%, Lmin=-278574.98, Lmax=-278573.36
13:06:23 [ultranest] [DEBUG] iteration=3600, ncalls=5108, regioncalls=189800, ndraw=40, logz=-278585.00, remainder_fraction=80.5274%, Lmin=-278574.94, Lmax=-278573.36
13:06:23 [ultranest] [DEBUG] iteration=3614, ncalls=5123, regioncalls=190400, ndraw=40, logz=-278584.94, remainder_fraction=79.2596%, Lmin=-278574.88, Lmax=-278573.36
13:06:23 [ultranest] [DEBUG] iteration=3627, ncalls=5138, regioncalls=191000, ndraw=40, logz=-278584.88, remainder_fraction=77.9372%, Lmin=-278574.83, Lmax=-278573.36
13:06:23 [ultranest] [DEBUG] iteration=3640, ncalls=5152, regioncalls=191560, ndraw=40, logz=-278584.83, remainder_fraction=76.7776%, Lmin=-278574.80, Lmax=-278573.36
13:06:23 [ultranest] [DEBUG] iteration=3654, ncalls=5167, regioncalls=192160, ndraw=40, logz=-278584.78, remainder_fraction=75.5760%, Lmin=-278574.75, Lmax=-278573.36
13:06:23 [ultranest] [DEBUG] iteration=3666, ncalls=5183, regioncalls=192800, ndraw=40, logz=-278584.73, remainder_fraction=74.4751%, Lmin=-278574.72, Lmax=-278573.36
13:06:24 [ultranest] [DEBUG] iteration=3677, ncalls=5198, regioncalls=193400, ndraw=40, logz=-278584.69, remainder_fraction=73.4338%, Lmin=-278574.69, Lmax=-278573.36
13:06:24 [ultranest] [DEBUG] iteration=3680, ncalls=5201, regioncalls=193520, ndraw=40, logz=-278584.68, remainder_fraction=73.1685%, Lmin=-278574.69, Lmax=-278573.36
13:06:24 [ultranest] [DEBUG] iteration=3692, ncalls=5216, regioncalls=194120, ndraw=40, logz=-278584.64, remainder_fraction=72.0004%, Lmin=-278574.64, Lmax=-278573.36
13:06:24 [ultranest] [DEBUG] iteration=3704, ncalls=5233, regioncalls=194800, ndraw=40, logz=-278584.60, remainder_fraction=70.8566%, Lmin=-278574.62, Lmax=-278573.36
13:06:24 [ultranest] [DEBUG] iteration=3715, ncalls=5250, regioncalls=195480, ndraw=40, logz=-278584.57, remainder_fraction=69.8150%, Lmin=-278574.58, Lmax=-278573.36
13:06:24 [ultranest] [DEBUG] iteration=3720, ncalls=5256, regioncalls=195720, ndraw=40, logz=-278584.55, remainder_fraction=69.3633%, Lmin=-278574.57, Lmax=-278573.36
13:06:24 [ultranest] [DEBUG] iteration=3731, ncalls=5273, regioncalls=196400, ndraw=40, logz=-278584.52, remainder_fraction=68.1693%, Lmin=-278574.54, Lmax=-278573.36
13:06:24 [ultranest] [DEBUG] iteration=3738, ncalls=5289, regioncalls=197040, ndraw=40, logz=-278584.50, remainder_fraction=67.5909%, Lmin=-278574.52, Lmax=-278573.36
13:06:24 [ultranest] [DEBUG] iteration=3752, ncalls=5305, regioncalls=197680, ndraw=40, logz=-278584.46, remainder_fraction=66.3388%, Lmin=-278574.48, Lmax=-278573.36
13:06:24 [ultranest] [DEBUG] iteration=3760, ncalls=5319, regioncalls=198240, ndraw=40, logz=-278584.44, remainder_fraction=65.5507%, Lmin=-278574.46, Lmax=-278573.36
13:06:24 [ultranest] [DEBUG] iteration=3769, ncalls=5334, regioncalls=198840, ndraw=40, logz=-278584.41, remainder_fraction=64.7081%, Lmin=-278574.43, Lmax=-278573.36
13:06:25 [ultranest] [DEBUG] iteration=3781, ncalls=5351, regioncalls=199520, ndraw=40, logz=-278584.38, remainder_fraction=63.6448%, Lmin=-278574.38, Lmax=-278573.36
13:06:25 [ultranest] [DEBUG] iteration=3790, ncalls=5367, regioncalls=200160, ndraw=40, logz=-278584.36, remainder_fraction=62.6870%, Lmin=-278574.35, Lmax=-278573.36
13:06:25 [ultranest] [DEBUG] iteration=3797, ncalls=5383, regioncalls=200800, ndraw=40, logz=-278584.34, remainder_fraction=62.0081%, Lmin=-278574.33, Lmax=-278573.36
13:06:25 [ultranest] [DEBUG] iteration=3800, ncalls=5386, regioncalls=200920, ndraw=40, logz=-278584.33, remainder_fraction=61.6711%, Lmin=-278574.32, Lmax=-278573.36
13:06:25 [ultranest] [DEBUG] iteration=3811, ncalls=5403, regioncalls=201600, ndraw=40, logz=-278584.30, remainder_fraction=60.5635%, Lmin=-278574.28, Lmax=-278573.36
13:06:25 [ultranest] [DEBUG] iteration=3824, ncalls=5418, regioncalls=202200, ndraw=40, logz=-278584.27, remainder_fraction=59.3629%, Lmin=-278574.25, Lmax=-278573.36
13:06:25 [ultranest] [DEBUG] iteration=3832, ncalls=5434, regioncalls=202840, ndraw=40, logz=-278584.25, remainder_fraction=58.6001%, Lmin=-278574.22, Lmax=-278573.36
13:06:25 [ultranest] [DEBUG] iteration=3840, ncalls=5446, regioncalls=203320, ndraw=40, logz=-278584.23, remainder_fraction=57.7921%, Lmin=-278574.21, Lmax=-278573.36
13:06:25 [ultranest] [DEBUG] iteration=3847, ncalls=5458, regioncalls=203840, ndraw=40, logz=-278584.22, remainder_fraction=57.0688%, Lmin=-278574.20, Lmax=-278573.36
13:06:25 [ultranest] [DEBUG] iteration=3860, ncalls=5473, regioncalls=204440, ndraw=40, logz=-278584.19, remainder_fraction=55.7833%, Lmin=-278574.17, Lmax=-278573.36
13:06:25 [ultranest] [DEBUG] iteration=3872, ncalls=5489, regioncalls=205160, ndraw=40, logz=-278584.16, remainder_fraction=54.6571%, Lmin=-278574.15, Lmax=-278573.36
13:06:26 [ultranest] [DEBUG] iteration=3880, ncalls=5500, regioncalls=205600, ndraw=40, logz=-278584.15, remainder_fraction=53.8711%, Lmin=-278574.14, Lmax=-278573.36
13:06:26 [ultranest] [DEBUG] iteration=3894, ncalls=5515, regioncalls=206200, ndraw=40, logz=-278584.12, remainder_fraction=52.4610%, Lmin=-278574.11, Lmax=-278573.36
13:06:26 [ultranest] [DEBUG] iteration=3906, ncalls=5531, regioncalls=206840, ndraw=40, logz=-278584.10, remainder_fraction=51.3573%, Lmin=-278574.07, Lmax=-278573.36
13:06:26 [ultranest] [DEBUG] iteration=3917, ncalls=5547, regioncalls=207480, ndraw=40, logz=-278584.07, remainder_fraction=50.3058%, Lmin=-278574.05, Lmax=-278573.36
13:06:26 [ultranest] [DEBUG] iteration=3920, ncalls=5550, regioncalls=207600, ndraw=40, logz=-278584.07, remainder_fraction=50.0054%, Lmin=-278574.05, Lmax=-278573.36
13:06:26 [ultranest] [DEBUG] iteration=3932, ncalls=5564, regioncalls=208280, ndraw=40, logz=-278584.05, remainder_fraction=48.8878%, Lmin=-278574.02, Lmax=-278573.36
13:06:26 [ultranest] [DEBUG] iteration=3944, ncalls=5579, regioncalls=208880, ndraw=40, logz=-278584.02, remainder_fraction=47.7788%, Lmin=-278573.99, Lmax=-278573.36
13:06:26 [ultranest] [DEBUG] iteration=3956, ncalls=5595, regioncalls=209520, ndraw=40, logz=-278584.00, remainder_fraction=46.6572%, Lmin=-278573.97, Lmax=-278573.36
13:06:26 [ultranest] [DEBUG] iteration=3960, ncalls=5599, regioncalls=209680, ndraw=40, logz=-278584.00, remainder_fraction=46.2794%, Lmin=-278573.97, Lmax=-278573.36
13:06:26 [ultranest] [DEBUG] iteration=3973, ncalls=5615, regioncalls=210320, ndraw=40, logz=-278583.98, remainder_fraction=45.1604%, Lmin=-278573.96, Lmax=-278573.36
13:06:26 [ultranest] [DEBUG] iteration=3985, ncalls=5631, regioncalls=210960, ndraw=40, logz=-278583.96, remainder_fraction=44.2043%, Lmin=-278573.95, Lmax=-278573.36
13:06:27 [ultranest] [DEBUG] iteration=3997, ncalls=5647, regioncalls=211600, ndraw=40, logz=-278583.94, remainder_fraction=43.1193%, Lmin=-278573.92, Lmax=-278573.36
13:06:27 [ultranest] [DEBUG] iteration=4000, ncalls=5650, regioncalls=211720, ndraw=40, logz=-278583.93, remainder_fraction=42.8667%, Lmin=-278573.92, Lmax=-278573.36
13:06:27 [ultranest] [DEBUG] iteration=4009, ncalls=5666, regioncalls=212360, ndraw=40, logz=-278583.92, remainder_fraction=42.1182%, Lmin=-278573.90, Lmax=-278573.36
13:06:27 [ultranest] [DEBUG] iteration=4017, ncalls=5675, regioncalls=212760, ndraw=40, logz=-278583.91, remainder_fraction=41.4668%, Lmin=-278573.89, Lmax=-278573.36
13:06:27 [ultranest] [DEBUG] iteration=4029, ncalls=5691, regioncalls=213400, ndraw=40, logz=-278583.89, remainder_fraction=40.4708%, Lmin=-278573.87, Lmax=-278573.36
13:06:27 [ultranest] [DEBUG] iteration=4040, ncalls=5707, regioncalls=214040, ndraw=40, logz=-278583.88, remainder_fraction=39.5614%, Lmin=-278573.85, Lmax=-278573.36
13:06:27 [ultranest] [DEBUG] iteration=4053, ncalls=5722, regioncalls=214640, ndraw=40, logz=-278583.86, remainder_fraction=38.4833%, Lmin=-278573.84, Lmax=-278573.36
13:06:27 [ultranest] [DEBUG] iteration=4068, ncalls=5737, regioncalls=215240, ndraw=40, logz=-278583.84, remainder_fraction=37.2997%, Lmin=-278573.82, Lmax=-278573.36
13:06:27 [ultranest] [DEBUG] iteration=4080, ncalls=5753, regioncalls=215880, ndraw=40, logz=-278583.82, remainder_fraction=36.3727%, Lmin=-278573.80, Lmax=-278573.36
13:06:27 [ultranest] [DEBUG] iteration=4091, ncalls=5769, regioncalls=216520, ndraw=40, logz=-278583.81, remainder_fraction=35.4626%, Lmin=-278573.80, Lmax=-278573.36
13:06:27 [ultranest] [DEBUG] iteration=4102, ncalls=5780, regioncalls=217000, ndraw=40, logz=-278583.80, remainder_fraction=34.6253%, Lmin=-278573.79, Lmax=-278573.36
13:06:28 [ultranest] [DEBUG] iteration=4114, ncalls=5795, regioncalls=217680, ndraw=40, logz=-278583.79, remainder_fraction=33.7523%, Lmin=-278573.78, Lmax=-278573.36
13:06:28 [ultranest] [DEBUG] iteration=4120, ncalls=5801, regioncalls=217920, ndraw=40, logz=-278583.78, remainder_fraction=33.3092%, Lmin=-278573.77, Lmax=-278573.36
13:06:28 [ultranest] [DEBUG] iteration=4135, ncalls=5816, regioncalls=218520, ndraw=40, logz=-278583.76, remainder_fraction=32.2634%, Lmin=-278573.76, Lmax=-278573.36
13:06:28 [ultranest] [DEBUG] iteration=4148, ncalls=5831, regioncalls=219120, ndraw=40, logz=-278583.75, remainder_fraction=31.3981%, Lmin=-278573.75, Lmax=-278573.36
13:06:28 [ultranest] [DEBUG] iteration=4160, ncalls=5846, regioncalls=219720, ndraw=40, logz=-278583.74, remainder_fraction=30.6130%, Lmin=-278573.74, Lmax=-278573.36
13:06:28 [ultranest] [DEBUG] iteration=4171, ncalls=5862, regioncalls=220360, ndraw=40, logz=-278583.73, remainder_fraction=29.9117%, Lmin=-278573.73, Lmax=-278573.36
13:06:28 [ultranest] [DEBUG] iteration=4182, ncalls=5879, regioncalls=221040, ndraw=40, logz=-278583.72, remainder_fraction=29.1852%, Lmin=-278573.72, Lmax=-278573.36
13:06:28 [ultranest] [DEBUG] iteration=4194, ncalls=5896, regioncalls=221720, ndraw=40, logz=-278583.71, remainder_fraction=28.4341%, Lmin=-278573.71, Lmax=-278573.36
13:06:28 [ultranest] [DEBUG] iteration=4200, ncalls=5905, regioncalls=222080, ndraw=40, logz=-278583.70, remainder_fraction=28.0629%, Lmin=-278573.71, Lmax=-278573.36
13:06:28 [ultranest] [DEBUG] iteration=4213, ncalls=5920, regioncalls=222680, ndraw=40, logz=-278583.69, remainder_fraction=27.2585%, Lmin=-278573.70, Lmax=-278573.36
13:06:28 [ultranest] [DEBUG] iteration=4226, ncalls=5935, regioncalls=223280, ndraw=40, logz=-278583.68, remainder_fraction=26.4442%, Lmin=-278573.69, Lmax=-278573.36
13:06:29 [ultranest] [DEBUG] iteration=4236, ncalls=5951, regioncalls=223920, ndraw=40, logz=-278583.67, remainder_fraction=25.8366%, Lmin=-278573.68, Lmax=-278573.36
13:06:29 [ultranest] [DEBUG] iteration=4240, ncalls=5958, regioncalls=224200, ndraw=40, logz=-278583.67, remainder_fraction=25.5929%, Lmin=-278573.68, Lmax=-278573.36
13:06:29 [ultranest] [DEBUG] iteration=4252, ncalls=5975, regioncalls=224880, ndraw=40, logz=-278583.66, remainder_fraction=24.9374%, Lmin=-278573.67, Lmax=-278573.36
13:06:29 [ultranest] [DEBUG] iteration=4264, ncalls=5991, regioncalls=225520, ndraw=40, logz=-278583.65, remainder_fraction=24.2621%, Lmin=-278573.66, Lmax=-278573.36
13:06:29 [ultranest] [DEBUG] iteration=4276, ncalls=6005, regioncalls=226080, ndraw=40, logz=-278583.64, remainder_fraction=23.6056%, Lmin=-278573.65, Lmax=-278573.36
13:06:29 [ultranest] [DEBUG] iteration=4280, ncalls=6010, regioncalls=226280, ndraw=40, logz=-278583.64, remainder_fraction=23.3990%, Lmin=-278573.64, Lmax=-278573.36
13:06:29 [ultranest] [DEBUG] iteration=4290, ncalls=6026, regioncalls=226920, ndraw=40, logz=-278583.63, remainder_fraction=22.8630%, Lmin=-278573.64, Lmax=-278573.36
13:06:29 [ultranest] [DEBUG] iteration=4302, ncalls=6042, regioncalls=227560, ndraw=40, logz=-278583.62, remainder_fraction=22.2524%, Lmin=-278573.63, Lmax=-278573.36
13:06:29 [ultranest] [DEBUG] iteration=4308, ncalls=6058, regioncalls=228200, ndraw=40, logz=-278583.62, remainder_fraction=21.9500%, Lmin=-278573.63, Lmax=-278573.36
13:06:29 [ultranest] [DEBUG] iteration=4319, ncalls=6073, regioncalls=228800, ndraw=40, logz=-278583.61, remainder_fraction=21.3942%, Lmin=-278573.62, Lmax=-278573.36
13:06:29 [ultranest] [DEBUG] iteration=4320, ncalls=6074, regioncalls=228840, ndraw=40, logz=-278583.61, remainder_fraction=21.3494%, Lmin=-278573.62, Lmax=-278573.36
13:06:29 [ultranest] [DEBUG] iteration=4330, ncalls=6090, regioncalls=229480, ndraw=40, logz=-278583.61, remainder_fraction=20.8646%, Lmin=-278573.62, Lmax=-278573.36
13:06:30 [ultranest] [DEBUG] iteration=4343, ncalls=6105, regioncalls=230080, ndraw=40, logz=-278583.60, remainder_fraction=20.2163%, Lmin=-278573.60, Lmax=-278573.36
13:06:30 [ultranest] [DEBUG] iteration=4355, ncalls=6121, regioncalls=230720, ndraw=40, logz=-278583.59, remainder_fraction=19.6553%, Lmin=-278573.60, Lmax=-278573.36
13:06:30 [ultranest] [DEBUG] iteration=4357, ncalls=6123, regioncalls=230840, ndraw=40, logz=-278583.59, remainder_fraction=19.5625%, Lmin=-278573.60, Lmax=-278573.36
13:06:30 [ultranest] [DEBUG] iteration=4360, ncalls=6129, regioncalls=231080, ndraw=40, logz=-278583.59, remainder_fraction=19.4154%, Lmin=-278573.59, Lmax=-278573.36
13:06:30 [ultranest] [DEBUG] iteration=4370, ncalls=6146, regioncalls=231760, ndraw=40, logz=-278583.58, remainder_fraction=18.9647%, Lmin=-278573.59, Lmax=-278573.36
13:06:30 [ultranest] [DEBUG] iteration=4381, ncalls=6161, regioncalls=232360, ndraw=40, logz=-278583.58, remainder_fraction=18.4835%, Lmin=-278573.58, Lmax=-278573.36
13:06:30 [ultranest] [DEBUG] iteration=4395, ncalls=6176, regioncalls=232960, ndraw=40, logz=-278583.57, remainder_fraction=17.8649%, Lmin=-278573.57, Lmax=-278573.36
13:06:30 [ultranest] [DEBUG] iteration=4400, ncalls=6182, regioncalls=233200, ndraw=40, logz=-278583.57, remainder_fraction=17.6493%, Lmin=-278573.57, Lmax=-278573.36
13:06:30 [ultranest] [DEBUG] iteration=4412, ncalls=6199, regioncalls=233880, ndraw=40, logz=-278583.56, remainder_fraction=17.1488%, Lmin=-278573.56, Lmax=-278573.36
13:06:30 [ultranest] [DEBUG] iteration=4422, ncalls=6215, regioncalls=234520, ndraw=40, logz=-278583.56, remainder_fraction=16.7415%, Lmin=-278573.56, Lmax=-278573.36
13:06:30 [ultranest] [DEBUG] iteration=4435, ncalls=6230, regioncalls=235120, ndraw=40, logz=-278583.55, remainder_fraction=16.2390%, Lmin=-278573.55, Lmax=-278573.36
13:06:30 [ultranest] [DEBUG] iteration=4440, ncalls=6235, regioncalls=235320, ndraw=40, logz=-278583.55, remainder_fraction=16.0450%, Lmin=-278573.55, Lmax=-278573.36
13:06:30 [ultranest] [DEBUG] iteration=4442, ncalls=6238, regioncalls=235480, ndraw=40, logz=-278583.55, remainder_fraction=15.9681%, Lmin=-278573.55, Lmax=-278573.36
13:06:31 [ultranest] [DEBUG] iteration=4453, ncalls=6254, regioncalls=236120, ndraw=40, logz=-278583.54, remainder_fraction=15.5538%, Lmin=-278573.55, Lmax=-278573.36
13:06:31 [ultranest] [DEBUG] iteration=4464, ncalls=6269, regioncalls=236720, ndraw=40, logz=-278583.54, remainder_fraction=15.1452%, Lmin=-278573.54, Lmax=-278573.36
13:06:31 [ultranest] [DEBUG] iteration=4477, ncalls=6284, regioncalls=237320, ndraw=40, logz=-278583.53, remainder_fraction=14.6856%, Lmin=-278573.54, Lmax=-278573.36
13:06:31 [ultranest] [DEBUG] iteration=4480, ncalls=6287, regioncalls=237440, ndraw=40, logz=-278583.53, remainder_fraction=14.5777%, Lmin=-278573.54, Lmax=-278573.36
13:06:31 [ultranest] [DEBUG] iteration=4492, ncalls=6302, regioncalls=238040, ndraw=40, logz=-278583.52, remainder_fraction=14.1575%, Lmin=-278573.53, Lmax=-278573.36
13:06:31 [ultranest] [DEBUG] iteration=4504, ncalls=6318, regioncalls=238680, ndraw=40, logz=-278583.52, remainder_fraction=13.7516%, Lmin=-278573.53, Lmax=-278573.36
13:06:31 [ultranest] [DEBUG] iteration=4515, ncalls=6334, regioncalls=239320, ndraw=40, logz=-278583.52, remainder_fraction=13.3895%, Lmin=-278573.52, Lmax=-278573.36
13:06:31 [ultranest] [DEBUG] iteration=4520, ncalls=6340, regioncalls=239560, ndraw=40, logz=-278583.51, remainder_fraction=13.2278%, Lmin=-278573.52, Lmax=-278573.36
13:06:31 [ultranest] [DEBUG] iteration=4532, ncalls=6355, regioncalls=240160, ndraw=40, logz=-278583.51, remainder_fraction=12.8500%, Lmin=-278573.51, Lmax=-278573.36
13:06:31 [ultranest] [DEBUG] iteration=4542, ncalls=6371, regioncalls=240800, ndraw=40, logz=-278583.51, remainder_fraction=12.5443%, Lmin=-278573.51, Lmax=-278573.36
13:06:31 [ultranest] [DEBUG] iteration=4553, ncalls=6387, regioncalls=241440, ndraw=40, logz=-278583.50, remainder_fraction=12.2110%, Lmin=-278573.51, Lmax=-278573.36
13:06:32 [ultranest] [DEBUG] iteration=4560, ncalls=6396, regioncalls=241800, ndraw=40, logz=-278583.50, remainder_fraction=11.9998%, Lmin=-278573.50, Lmax=-278573.36
13:06:32 [ultranest] [DEBUG] iteration=4573, ncalls=6411, regioncalls=242400, ndraw=40, logz=-278583.50, remainder_fraction=11.6191%, Lmin=-278573.50, Lmax=-278573.36
13:06:32 [ultranest] [DEBUG] iteration=4585, ncalls=6427, regioncalls=243040, ndraw=40, logz=-278583.49, remainder_fraction=11.2828%, Lmin=-278573.49, Lmax=-278573.36
13:06:32 [ultranest] [DEBUG] iteration=4596, ncalls=6443, regioncalls=243680, ndraw=40, logz=-278583.49, remainder_fraction=10.9785%, Lmin=-278573.49, Lmax=-278573.36
13:06:32 [ultranest] [DEBUG] iteration=4600, ncalls=6449, regioncalls=243920, ndraw=40, logz=-278583.49, remainder_fraction=10.8719%, Lmin=-278573.49, Lmax=-278573.36
13:06:32 [ultranest] [DEBUG] iteration=4612, ncalls=6461, regioncalls=244440, ndraw=40, logz=-278583.48, remainder_fraction=10.5545%, Lmin=-278573.48, Lmax=-278573.36
13:06:32 [ultranest] [DEBUG] iteration=4623, ncalls=6476, regioncalls=245120, ndraw=40, logz=-278583.48, remainder_fraction=10.2740%, Lmin=-278573.48, Lmax=-278573.36
13:06:32 [ultranest] [DEBUG] iteration=4637, ncalls=6491, regioncalls=245720, ndraw=40, logz=-278583.48, remainder_fraction=9.9221%, Lmin=-278573.48, Lmax=-278573.36
13:06:32 [ultranest] [DEBUG] iteration=4640, ncalls=6496, regioncalls=245920, ndraw=40, logz=-278583.48, remainder_fraction=9.8468%, Lmin=-278573.48, Lmax=-278573.36
13:06:32 [ultranest] [DEBUG] iteration=4653, ncalls=6512, regioncalls=246560, ndraw=40, logz=-278583.47, remainder_fraction=9.5342%, Lmin=-278573.47, Lmax=-278573.36
13:06:32 [ultranest] [DEBUG] iteration=4665, ncalls=6529, regioncalls=247240, ndraw=40, logz=-278583.47, remainder_fraction=9.2492%, Lmin=-278573.47, Lmax=-278573.36
13:06:33 [ultranest] [DEBUG] iteration=4678, ncalls=6544, regioncalls=247840, ndraw=40, logz=-278583.47, remainder_fraction=8.9532%, Lmin=-278573.46, Lmax=-278573.36
13:06:33 [ultranest] [DEBUG] iteration=4680, ncalls=6547, regioncalls=247960, ndraw=40, logz=-278583.47, remainder_fraction=8.9075%, Lmin=-278573.46, Lmax=-278573.36
13:06:33 [ultranest] [DEBUG] iteration=4693, ncalls=6563, regioncalls=248600, ndraw=40, logz=-278583.46, remainder_fraction=8.6212%, Lmin=-278573.46, Lmax=-278573.36
13:06:33 [ultranest] [DEBUG] iteration=4697, ncalls=6567, regioncalls=248800, ndraw=40, logz=-278583.46, remainder_fraction=8.5361%, Lmin=-278573.46, Lmax=-278573.36
13:06:33 [ultranest] [DEBUG] iteration=4711, ncalls=6582, regioncalls=249400, ndraw=40, logz=-278583.46, remainder_fraction=8.2398%, Lmin=-278573.46, Lmax=-278573.36
13:06:33 [ultranest] [DEBUG] iteration=4720, ncalls=6592, regioncalls=249800, ndraw=40, logz=-278583.46, remainder_fraction=8.0529%, Lmin=-278573.45, Lmax=-278573.36
13:06:33 [ultranest] [DEBUG] iteration=4732, ncalls=6607, regioncalls=250400, ndraw=40, logz=-278583.45, remainder_fraction=7.8127%, Lmin=-278573.45, Lmax=-278573.36
13:06:33 [ultranest] [DEBUG] iteration=4744, ncalls=6622, regioncalls=251000, ndraw=40, logz=-278583.45, remainder_fraction=7.5782%, Lmin=-278573.45, Lmax=-278573.36
13:06:33 [ultranest] [DEBUG] iteration=4756, ncalls=6639, regioncalls=251680, ndraw=40, logz=-278583.45, remainder_fraction=7.3538%, Lmin=-278573.45, Lmax=-278573.36
13:06:33 [ultranest] [DEBUG] iteration=4760, ncalls=6644, regioncalls=251880, ndraw=40, logz=-278583.45, remainder_fraction=7.2796%, Lmin=-278573.44, Lmax=-278573.36
13:06:33 [ultranest] [DEBUG] iteration=4770, ncalls=6660, regioncalls=252520, ndraw=40, logz=-278583.45, remainder_fraction=7.0977%, Lmin=-278573.44, Lmax=-278573.36
13:06:33 [ultranest] [DEBUG] iteration=4782, ncalls=6676, regioncalls=253200, ndraw=40, logz=-278583.44, remainder_fraction=6.8852%, Lmin=-278573.44, Lmax=-278573.36
13:06:34 [ultranest] [DEBUG] iteration=4793, ncalls=6692, regioncalls=253840, ndraw=40, logz=-278583.44, remainder_fraction=6.6936%, Lmin=-278573.44, Lmax=-278573.36
13:06:34 [ultranest] [DEBUG] iteration=4800, ncalls=6700, regioncalls=254360, ndraw=40, logz=-278583.44, remainder_fraction=6.5747%, Lmin=-278573.44, Lmax=-278573.36
13:06:34 [ultranest] [DEBUG] iteration=4813, ncalls=6718, regioncalls=255080, ndraw=40, logz=-278583.44, remainder_fraction=6.3597%, Lmin=-278573.43, Lmax=-278573.36
13:06:34 [ultranest] [DEBUG] iteration=4827, ncalls=6734, regioncalls=255720, ndraw=40, logz=-278583.44, remainder_fraction=6.1349%, Lmin=-278573.43, Lmax=-278573.36
13:06:34 [ultranest] [DEBUG] iteration=4840, ncalls=6751, regioncalls=256400, ndraw=40, logz=-278583.43, remainder_fraction=5.9361%, Lmin=-278573.43, Lmax=-278573.36
13:06:34 [ultranest] [DEBUG] iteration=4851, ncalls=6767, regioncalls=257040, ndraw=40, logz=-278583.43, remainder_fraction=5.7717%, Lmin=-278573.43, Lmax=-278573.36
13:06:34 [ultranest] [DEBUG] iteration=4864, ncalls=6786, regioncalls=257800, ndraw=40, logz=-278583.43, remainder_fraction=5.5837%, Lmin=-278573.42, Lmax=-278573.36
13:06:34 [ultranest] [DEBUG] iteration=4867, ncalls=6792, regioncalls=258160, ndraw=40, logz=-278583.43, remainder_fraction=5.5409%, Lmin=-278573.42, Lmax=-278573.36
13:06:34 [ultranest] [DEBUG] iteration=4879, ncalls=6808, regioncalls=258800, ndraw=40, logz=-278583.43, remainder_fraction=5.3722%, Lmin=-278573.42, Lmax=-278573.36
13:06:34 [ultranest] [DEBUG] iteration=4880, ncalls=6809, regioncalls=258840, ndraw=40, logz=-278583.43, remainder_fraction=5.3587%, Lmin=-278573.42, Lmax=-278573.36
13:06:34 [ultranest] [DEBUG] iteration=4894, ncalls=6825, regioncalls=259480, ndraw=40, logz=-278583.43, remainder_fraction=5.1695%, Lmin=-278573.42, Lmax=-278573.36
13:06:35 [ultranest] [DEBUG] iteration=4906, ncalls=6841, regioncalls=260120, ndraw=40, logz=-278583.42, remainder_fraction=5.0147%, Lmin=-278573.42, Lmax=-278573.36
13:06:35 [ultranest] [DEBUG] iteration=4919, ncalls=6858, regioncalls=260800, ndraw=40, logz=-278583.42, remainder_fraction=4.8499%, Lmin=-278573.42, Lmax=-278573.36
13:06:35 [ultranest] [DEBUG] iteration=4920, ncalls=6859, regioncalls=260840, ndraw=40, logz=-278583.42, remainder_fraction=4.8374%, Lmin=-278573.42, Lmax=-278573.36
13:06:35 [ultranest] [DEBUG] iteration=4932, ncalls=6876, regioncalls=261520, ndraw=40, logz=-278583.42, remainder_fraction=4.6898%, Lmin=-278573.41, Lmax=-278573.36
13:06:35 [ultranest] [DEBUG] iteration=4942, ncalls=6893, regioncalls=262200, ndraw=40, logz=-278583.42, remainder_fraction=4.5701%, Lmin=-278573.41, Lmax=-278573.36
13:06:35 [ultranest] [DEBUG] iteration=4952, ncalls=6908, regioncalls=262800, ndraw=40, logz=-278583.42, remainder_fraction=4.4542%, Lmin=-278573.41, Lmax=-278573.36
13:06:35 [ultranest] [DEBUG] iteration=4960, ncalls=6918, regioncalls=263200, ndraw=40, logz=-278583.42, remainder_fraction=4.3635%, Lmin=-278573.41, Lmax=-278573.36
13:06:35 [ultranest] [DEBUG] iteration=4972, ncalls=6934, regioncalls=263840, ndraw=40, logz=-278583.42, remainder_fraction=4.2301%, Lmin=-278573.41, Lmax=-278573.36
13:06:35 [ultranest] [DEBUG] iteration=4984, ncalls=6952, regioncalls=264560, ndraw=40, logz=-278583.41, remainder_fraction=4.1012%, Lmin=-278573.41, Lmax=-278573.36
13:06:35 [ultranest] [DEBUG] iteration=4995, ncalls=6969, regioncalls=265240, ndraw=40, logz=-278583.41, remainder_fraction=3.9864%, Lmin=-278573.40, Lmax=-278573.36
13:06:35 [ultranest] [DEBUG] iteration=5000, ncalls=6977, regioncalls=265560, ndraw=40, logz=-278583.41, remainder_fraction=3.9352%, Lmin=-278573.40, Lmax=-278573.36
13:06:35 [ultranest] [DEBUG] iteration=5015, ncalls=6993, regioncalls=266200, ndraw=40, logz=-278583.41, remainder_fraction=3.7850%, Lmin=-278573.40, Lmax=-278573.36
13:06:36 [ultranest] [DEBUG] iteration=5024, ncalls=7010, regioncalls=266880, ndraw=40, logz=-278583.41, remainder_fraction=3.6979%, Lmin=-278573.40, Lmax=-278573.36
13:06:36 [ultranest] [DEBUG] iteration=5036, ncalls=7027, regioncalls=267560, ndraw=40, logz=-278583.41, remainder_fraction=3.5838%, Lmin=-278573.40, Lmax=-278573.36
13:06:36 [ultranest] [DEBUG] iteration=5037, ncalls=7028, regioncalls=267640, ndraw=40, logz=-278583.41, remainder_fraction=3.5744%, Lmin=-278573.40, Lmax=-278573.36
13:06:36 [ultranest] [DEBUG] iteration=5040, ncalls=7033, regioncalls=267840, ndraw=40, logz=-278583.41, remainder_fraction=3.5467%, Lmin=-278573.40, Lmax=-278573.36
13:06:36 [ultranest] [DEBUG] iteration=5056, ncalls=7049, regioncalls=268480, ndraw=40, logz=-278583.41, remainder_fraction=3.4022%, Lmin=-278573.40, Lmax=-278573.36
13:06:36 [ultranest] [DEBUG] iteration=5071, ncalls=7065, regioncalls=269120, ndraw=40, logz=-278583.41, remainder_fraction=3.2726%, Lmin=-278573.40, Lmax=-278573.36
13:06:36 [ultranest] [DEBUG] iteration=5080, ncalls=7078, regioncalls=269640, ndraw=40, logz=-278583.40, remainder_fraction=3.1964%, Lmin=-278573.40, Lmax=-278573.36
13:06:36 [ultranest] [DEBUG] iteration=5092, ncalls=7094, regioncalls=270280, ndraw=40, logz=-278583.40, remainder_fraction=3.0982%, Lmin=-278573.39, Lmax=-278573.36
13:06:36 [ultranest] [DEBUG] iteration=5102, ncalls=7110, regioncalls=270920, ndraw=40, logz=-278583.40, remainder_fraction=3.0189%, Lmin=-278573.39, Lmax=-278573.36
13:06:36 [ultranest] [DEBUG] iteration=5114, ncalls=7128, regioncalls=271640, ndraw=40, logz=-278583.40, remainder_fraction=2.9261%, Lmin=-278573.39, Lmax=-278573.36
13:06:36 [ultranest] [DEBUG] iteration=5120, ncalls=7134, regioncalls=271880, ndraw=40, logz=-278583.40, remainder_fraction=2.8808%, Lmin=-278573.39, Lmax=-278573.36
13:06:37 [ultranest] [DEBUG] iteration=5132, ncalls=7149, regioncalls=272480, ndraw=40, logz=-278583.40, remainder_fraction=2.7922%, Lmin=-278573.39, Lmax=-278573.36
13:06:37 [ultranest] [DEBUG] iteration=5142, ncalls=7166, regioncalls=273160, ndraw=40, logz=-278583.40, remainder_fraction=2.7203%, Lmin=-278573.39, Lmax=-278573.36
13:06:37 [ultranest] [DEBUG] iteration=5150, ncalls=7183, regioncalls=273840, ndraw=40, logz=-278583.40, remainder_fraction=2.6639%, Lmin=-278573.39, Lmax=-278573.36
13:06:37 [ultranest] [DEBUG] iteration=5158, ncalls=7200, regioncalls=274520, ndraw=40, logz=-278583.40, remainder_fraction=2.6088%, Lmin=-278573.39, Lmax=-278573.36
13:06:37 [ultranest] [DEBUG] iteration=5160, ncalls=7203, regioncalls=274640, ndraw=40, logz=-278583.40, remainder_fraction=2.5952%, Lmin=-278573.39, Lmax=-278573.36
13:06:37 [ultranest] [DEBUG] iteration=5173, ncalls=7219, regioncalls=275280, ndraw=40, logz=-278583.40, remainder_fraction=2.5088%, Lmin=-278573.39, Lmax=-278573.36
13:06:37 [ultranest] [DEBUG] iteration=5184, ncalls=7237, regioncalls=276000, ndraw=40, logz=-278583.40, remainder_fraction=2.4380%, Lmin=-278573.39, Lmax=-278573.36
13:06:37 [ultranest] [DEBUG] iteration=5196, ncalls=7254, regioncalls=276680, ndraw=40, logz=-278583.40, remainder_fraction=2.3627%, Lmin=-278573.39, Lmax=-278573.36
13:06:37 [ultranest] [DEBUG] iteration=5200, ncalls=7259, regioncalls=276880, ndraw=40, logz=-278583.40, remainder_fraction=2.3381%, Lmin=-278573.39, Lmax=-278573.36
13:06:37 [ultranest] [DEBUG] iteration=5207, ncalls=7269, regioncalls=277400, ndraw=40, logz=-278583.40, remainder_fraction=2.2958%, Lmin=-278573.39, Lmax=-278573.36
13:06:37 [ultranest] [DEBUG] iteration=5222, ncalls=7285, regioncalls=278080, ndraw=40, logz=-278583.39, remainder_fraction=2.2076%, Lmin=-278573.38, Lmax=-278573.36
13:06:37 [ultranest] [DEBUG] iteration=5233, ncalls=7302, regioncalls=278760, ndraw=40, logz=-278583.39, remainder_fraction=2.1451%, Lmin=-278573.38, Lmax=-278573.36
13:06:38 [ultranest] [DEBUG] iteration=5240, ncalls=7311, regioncalls=279120, ndraw=40, logz=-278583.39, remainder_fraction=2.1061%, Lmin=-278573.38, Lmax=-278573.36
13:06:38 [ultranest] [DEBUG] iteration=5252, ncalls=7329, regioncalls=279840, ndraw=40, logz=-278583.39, remainder_fraction=2.0409%, Lmin=-278573.38, Lmax=-278573.36
13:06:38 [ultranest] [DEBUG] iteration=5264, ncalls=7345, regioncalls=280480, ndraw=40, logz=-278583.39, remainder_fraction=1.9777%, Lmin=-278573.38, Lmax=-278573.36
13:06:38 [ultranest] [DEBUG] iteration=5277, ncalls=7361, regioncalls=281120, ndraw=40, logz=-278583.39, remainder_fraction=1.9116%, Lmin=-278573.38, Lmax=-278573.36
13:06:38 [ultranest] [DEBUG] iteration=5280, ncalls=7365, regioncalls=281280, ndraw=40, logz=-278583.39, remainder_fraction=1.8966%, Lmin=-278573.38, Lmax=-278573.36
13:06:38 [ultranest] [DEBUG] iteration=5292, ncalls=7381, regioncalls=281960, ndraw=40, logz=-278583.39, remainder_fraction=1.8377%, Lmin=-278573.38, Lmax=-278573.36
13:06:38 [ultranest] [DEBUG] iteration=5304, ncalls=7397, regioncalls=282600, ndraw=40, logz=-278583.39, remainder_fraction=1.7809%, Lmin=-278573.38, Lmax=-278573.36
13:06:38 [ultranest] [DEBUG] iteration=5317, ncalls=7414, regioncalls=283280, ndraw=40, logz=-278583.39, remainder_fraction=1.7212%, Lmin=-278573.38, Lmax=-278573.36
13:06:38 [ultranest] [DEBUG] iteration=5320, ncalls=7418, regioncalls=283440, ndraw=40, logz=-278583.39, remainder_fraction=1.7076%, Lmin=-278573.38, Lmax=-278573.36
13:06:38 [ultranest] [DEBUG] iteration=5333, ncalls=7435, regioncalls=284120, ndraw=40, logz=-278583.39, remainder_fraction=1.6506%, Lmin=-278573.38, Lmax=-278573.36
13:06:38 [ultranest] [DEBUG] iteration=5345, ncalls=7452, regioncalls=284800, ndraw=40, logz=-278583.39, remainder_fraction=1.5994%, Lmin=-278573.38, Lmax=-278573.36
13:06:39 [ultranest] [DEBUG] iteration=5358, ncalls=7469, regioncalls=285480, ndraw=40, logz=-278583.39, remainder_fraction=1.5458%, Lmin=-278573.38, Lmax=-278573.36
13:06:39 [ultranest] [DEBUG] iteration=5360, ncalls=7473, regioncalls=285640, ndraw=40, logz=-278583.39, remainder_fraction=1.5377%, Lmin=-278573.38, Lmax=-278573.36
13:06:39 [ultranest] [DEBUG] iteration=5370, ncalls=7489, regioncalls=286280, ndraw=40, logz=-278583.39, remainder_fraction=1.4979%, Lmin=-278573.38, Lmax=-278573.36
13:06:39 [ultranest] [DEBUG] iteration=5377, ncalls=7496, regioncalls=286640, ndraw=40, logz=-278583.39, remainder_fraction=1.4707%, Lmin=-278573.38, Lmax=-278573.36
13:06:39 [ultranest] [DEBUG] iteration=5389, ncalls=7511, regioncalls=287280, ndraw=40, logz=-278583.39, remainder_fraction=1.4251%, Lmin=-278573.38, Lmax=-278573.36
13:06:39 [ultranest] [DEBUG] iteration=5397, ncalls=7527, regioncalls=287920, ndraw=40, logz=-278583.39, remainder_fraction=1.3955%, Lmin=-278573.38, Lmax=-278573.36
13:06:39 [ultranest] [DEBUG] iteration=5400, ncalls=7530, regioncalls=288040, ndraw=40, logz=-278583.39, remainder_fraction=1.3845%, Lmin=-278573.38, Lmax=-278573.36
13:06:39 [ultranest] [DEBUG] iteration=5411, ncalls=7546, regioncalls=288680, ndraw=40, logz=-278583.39, remainder_fraction=1.3451%, Lmin=-278573.38, Lmax=-278573.36
13:06:39 [ultranest] [DEBUG] iteration=5424, ncalls=7561, regioncalls=289280, ndraw=40, logz=-278583.39, remainder_fraction=1.2999%, Lmin=-278573.37, Lmax=-278573.36
13:06:39 [ultranest] [DEBUG] iteration=5437, ncalls=7576, regioncalls=289880, ndraw=40, logz=-278583.38, remainder_fraction=1.2563%, Lmin=-278573.37, Lmax=-278573.36
13:06:39 [ultranest] [DEBUG] iteration=5440, ncalls=7579, regioncalls=290000, ndraw=40, logz=-278583.38, remainder_fraction=1.2464%, Lmin=-278573.37, Lmax=-278573.36
13:06:39 [ultranest] [DEBUG] iteration=5451, ncalls=7595, regioncalls=290640, ndraw=40, logz=-278583.38, remainder_fraction=1.2109%, Lmin=-278573.37, Lmax=-278573.36
13:06:39 [ultranest] [DEBUG] iteration=5460, ncalls=7611, regioncalls=291280, ndraw=40, logz=-278583.38, remainder_fraction=1.1826%, Lmin=-278573.37, Lmax=-278573.36
13:06:40 [ultranest] [DEBUG] iteration=5462, ncalls=7613, regioncalls=291440, ndraw=40, logz=-278583.38, remainder_fraction=1.1764%, Lmin=-278573.37, Lmax=-278573.36
13:06:40 [ultranest] [DEBUG] iteration=5474, ncalls=7628, regioncalls=292040, ndraw=40, logz=-278583.38, remainder_fraction=1.1399%, Lmin=-278573.37, Lmax=-278573.36
13:06:40 [ultranest] [DEBUG] iteration=5480, ncalls=7634, regioncalls=292280, ndraw=40, logz=-278583.38, remainder_fraction=1.1221%, Lmin=-278573.37, Lmax=-278573.36
13:06:40 [ultranest] [DEBUG] iteration=5491, ncalls=7649, regioncalls=292880, ndraw=40, logz=-278583.38, remainder_fraction=1.0900%, Lmin=-278573.37, Lmax=-278573.36
13:06:40 [ultranest] [DEBUG] iteration=5503, ncalls=7664, regioncalls=293480, ndraw=40, logz=-278583.38, remainder_fraction=1.0561%, Lmin=-278573.37, Lmax=-278573.36
13:06:40 [ultranest] [DEBUG] iteration=5516, ncalls=7679, regioncalls=294080, ndraw=40, logz=-278583.38, remainder_fraction=1.0207%, Lmin=-278573.37, Lmax=-278573.36
13:06:40 [ultranest] [DEBUG] iteration=5520, ncalls=7683, regioncalls=294240, ndraw=40, logz=-278583.38, remainder_fraction=1.0099%, Lmin=-278573.37, Lmax=-278573.36
13:06:40 [ultranest] [INFO] Explored until L=-3e+05  
13:06:40 [ultranest] [INFO] Likelihood function evaluations: 7687
13:06:41 [ultranest] [INFO] Writing samples and results to disk ...
13:06:41 [ultranest] [INFO] Writing samples and results to disk ... done
13:06:41 [ultranest] [DEBUG] did a run_iter pass!
13:06:41 [ultranest] [INFO]   logZ = -2.786e+05 +- 0.1421
13:06:41 [ultranest] [INFO] Effective samples strategy satisfied (ESS = 1491.7, need >400)
13:06:41 [ultranest] [INFO] Posterior uncertainty strategy is satisfied (KL: 0.47+-0.07 nat, need <0.50 nat)
13:06:41 [ultranest] [INFO] Evidency uncertainty strategy is satisfied (dlogz=0.14, need <0.5)
13:06:41 [ultranest] [INFO]   logZ error budget: single: 0.15 bs:0.14 tail:0.01 total:0.14 required:<0.50
13:06:41 [ultranest] [INFO] done iterating.
13:06:41 [ultranest] [DEBUG] Making corner plot ...
13:06:42 [ultranest] [DEBUG] Making corner plot ... done
13:06:42 [ultranest] [DEBUG] Making run plot ... 
13:06:42 [ultranest] [DEBUG] Making run plot ... done
13:06:42 [ultranest] [DEBUG] Making trace plot ... 
13:06:43 [ultranest] [DEBUG] Making trace plot ... done
