15:30:09 [ultranest] [DEBUG] ReactiveNestedSampler: dims=2+0, resume=False, log_dir=./m-values/N24/S24/M24/T031/P025/NF2/sample_rho, backend=hdf5, vectorized=False, nbootstraps=30, ndraw=128..65536
15:30:09 [ultranest] [INFO] Sampling 400 live points from prior ...
15:30:10 [ultranest] [DEBUG] run_iter dlogz=0.5, dKL=0.5, frac_remain=0.01, Lepsilon=0.0010, min_ess=400
15:30:10 [ultranest] [DEBUG] max_iters=-1, max_ncalls=-1, max_num_improvement_loops=-1, min_num_live_points=400, cluster_num_live_points=40
15:30:10 [ultranest] [DEBUG] minimal_widths_sequence: [(-inf, 400.0), (inf, 400.0)]
15:30:10 [ultranest] [DEBUG] Plateau detected at L=-1.356683e+07, not replacing live point.
15:30:10 [ultranest] [DEBUG] Plateau detected at L=-1.356683e+07, not replacing live point.
15:30:10 [ultranest] [DEBUG] Plateau detected at L=-1.356683e+07, not replacing live point.
15:30:10 [ultranest] [DEBUG] Plateau detected at L=-1.356683e+07, not replacing live point.
15:30:10 [ultranest] [DEBUG] Plateau detected at L=-1.356683e+07, not replacing live point.
15:30:10 [ultranest] [DEBUG] Plateau detected at L=-1.356683e+07, not replacing live point.
15:30:10 [ultranest] [DEBUG] Plateau detected at L=-1.356683e+07, not replacing live point.
15:30:10 [ultranest] [DEBUG] Plateau detected at L=-1.356683e+07, not replacing live point.
15:30:10 [ultranest] [DEBUG] Plateau detected at L=-1.356683e+07, not replacing live point.
15:30:10 [ultranest] [DEBUG] Plateau detected at L=-1.356683e+07, not replacing live point.
15:30:10 [ultranest] [DEBUG] Plateau detected at L=-1.356683e+07, not replacing live point.
15:30:10 [ultranest] [DEBUG] Plateau detected at L=-1.356683e+07, not replacing live point.
15:30:10 [ultranest] [DEBUG] Plateau detected at L=-1.356683e+07, not replacing live point.
15:30:10 [ultranest] [DEBUG] Plateau detected at L=-1.356683e+07, not replacing live point.
15:30:10 [ultranest] [DEBUG] Plateau detected at L=-1.356683e+07, not replacing live point.
15:30:10 [ultranest] [DEBUG] iteration=15, ncalls=401, regioncalls=40, ndraw=40, logz=-13566834.65, remainder_fraction=100.0000%, Lmin=-13566831.37, Lmax=-103909.76
15:30:10 [ultranest] [DEBUG] iteration=40, ncalls=426, regioncalls=1040, ndraw=40, logz=-124965.58, remainder_fraction=100.0000%, Lmin=-124774.01, Lmax=-103909.76
15:30:10 [ultranest] [DEBUG] iteration=74, ncalls=465, regioncalls=2600, ndraw=40, logz=-120968.08, remainder_fraction=100.0000%, Lmin=-120959.08, Lmax=-103909.76
15:30:10 [ultranest] [DEBUG] iteration=80, ncalls=471, regioncalls=2840, ndraw=40, logz=-120297.53, remainder_fraction=100.0000%, Lmin=-120222.96, Lmax=-103909.76
15:30:11 [ultranest] [DEBUG] iteration=111, ncalls=507, regioncalls=4280, ndraw=40, logz=-117733.32, remainder_fraction=100.0000%, Lmin=-117685.10, Lmax=-103909.76
15:30:11 [ultranest] [DEBUG] iteration=120, ncalls=516, regioncalls=4640, ndraw=40, logz=-117236.97, remainder_fraction=100.0000%, Lmin=-117213.32, Lmax=-103909.76
15:30:11 [ultranest] [DEBUG] iteration=153, ncalls=555, regioncalls=6200, ndraw=40, logz=-115537.96, remainder_fraction=100.0000%, Lmin=-115513.59, Lmax=-103909.76
15:30:11 [ultranest] [DEBUG] iteration=160, ncalls=566, regioncalls=6640, ndraw=40, logz=-115029.62, remainder_fraction=100.0000%, Lmin=-115012.03, Lmax=-103909.76
15:30:11 [ultranest] [DEBUG] iteration=187, ncalls=598, regioncalls=7920, ndraw=40, logz=-113990.71, remainder_fraction=100.0000%, Lmin=-113960.60, Lmax=-103909.76
15:30:11 [ultranest] [DEBUG] iteration=200, ncalls=614, regioncalls=8560, ndraw=40, logz=-113372.43, remainder_fraction=100.0000%, Lmin=-113356.71, Lmax=-103909.76
15:30:11 [ultranest] [DEBUG] iteration=233, ncalls=653, regioncalls=10120, ndraw=40, logz=-112547.88, remainder_fraction=100.0000%, Lmin=-112512.47, Lmax=-103909.76
15:30:11 [ultranest] [DEBUG] iteration=240, ncalls=660, regioncalls=10400, ndraw=40, logz=-112429.05, remainder_fraction=100.0000%, Lmin=-112407.85, Lmax=-103909.76
15:30:11 [ultranest] [DEBUG] iteration=271, ncalls=701, regioncalls=12040, ndraw=40, logz=-111742.41, remainder_fraction=100.0000%, Lmin=-111730.24, Lmax=-103909.76
15:30:11 [ultranest] [DEBUG] iteration=273, ncalls=703, regioncalls=12120, ndraw=40, logz=-111731.12, remainder_fraction=100.0000%, Lmin=-111688.49, Lmax=-103909.76
15:30:11 [ultranest] [DEBUG] iteration=280, ncalls=711, regioncalls=12440, ndraw=40, logz=-111536.36, remainder_fraction=100.0000%, Lmin=-111524.45, Lmax=-103909.76
15:30:11 [ultranest] [DEBUG] iteration=313, ncalls=749, regioncalls=13960, ndraw=40, logz=-110870.42, remainder_fraction=100.0000%, Lmin=-110790.07, Lmax=-103909.76
15:30:11 [ultranest] [DEBUG] iteration=320, ncalls=756, regioncalls=14240, ndraw=40, logz=-110678.24, remainder_fraction=100.0000%, Lmin=-110662.57, Lmax=-103909.76
15:30:11 [ultranest] [DEBUG] iteration=350, ncalls=794, regioncalls=15760, ndraw=40, logz=-109910.40, remainder_fraction=100.0000%, Lmin=-109887.36, Lmax=-103909.76
15:30:11 [ultranest] [DEBUG] iteration=360, ncalls=809, regioncalls=16360, ndraw=40, logz=-109749.96, remainder_fraction=100.0000%, Lmin=-109734.92, Lmax=-103909.76
15:30:12 [ultranest] [DEBUG] iteration=389, ncalls=849, regioncalls=17960, ndraw=40, logz=-109271.38, remainder_fraction=100.0000%, Lmin=-109258.45, Lmax=-103909.76
15:30:12 [ultranest] [DEBUG] iteration=400, ncalls=865, regioncalls=18600, ndraw=40, logz=-109041.45, remainder_fraction=100.0000%, Lmin=-109020.91, Lmax=-103909.76
15:30:12 [ultranest] [DEBUG] iteration=431, ncalls=905, regioncalls=20200, ndraw=40, logz=-108444.01, remainder_fraction=100.0000%, Lmin=-108434.11, Lmax=-103909.76
15:30:12 [ultranest] [DEBUG] iteration=440, ncalls=917, regioncalls=20680, ndraw=40, logz=-108357.59, remainder_fraction=100.0000%, Lmin=-108324.04, Lmax=-103909.76
15:30:12 [ultranest] [DEBUG] iteration=445, ncalls=924, regioncalls=20960, ndraw=40, logz=-108268.36, remainder_fraction=100.0000%, Lmin=-108253.98, Lmax=-103909.76
15:30:12 [ultranest] [DEBUG] iteration=477, ncalls=966, regioncalls=22640, ndraw=40, logz=-107942.09, remainder_fraction=100.0000%, Lmin=-107913.03, Lmax=-103909.76
15:30:12 [ultranest] [DEBUG] iteration=480, ncalls=969, regioncalls=22760, ndraw=40, logz=-107901.34, remainder_fraction=100.0000%, Lmin=-107892.46, Lmax=-103909.76
15:30:12 [ultranest] [DEBUG] iteration=509, ncalls=1011, regioncalls=24440, ndraw=40, logz=-107549.87, remainder_fraction=100.0000%, Lmin=-107537.39, Lmax=-103909.76
15:30:12 [ultranest] [DEBUG] iteration=520, ncalls=1023, regioncalls=24920, ndraw=40, logz=-107432.81, remainder_fraction=100.0000%, Lmin=-107419.24, Lmax=-103909.76
15:30:12 [ultranest] [DEBUG] iteration=531, ncalls=1036, regioncalls=25440, ndraw=40, logz=-107286.33, remainder_fraction=100.0000%, Lmin=-107277.06, Lmax=-103909.76
15:30:12 [ultranest] [DEBUG] iteration=560, ncalls=1073, regioncalls=26920, ndraw=40, logz=-107031.48, remainder_fraction=100.0000%, Lmin=-107010.28, Lmax=-103909.76
15:30:12 [ultranest] [DEBUG] iteration=591, ncalls=1114, regioncalls=28560, ndraw=40, logz=-106761.63, remainder_fraction=100.0000%, Lmin=-106752.43, Lmax=-103909.76
15:30:12 [ultranest] [DEBUG] iteration=600, ncalls=1129, regioncalls=29160, ndraw=40, logz=-106704.03, remainder_fraction=100.0000%, Lmin=-106677.22, Lmax=-103909.76
15:30:12 [ultranest] [DEBUG] iteration=617, ncalls=1154, regioncalls=30160, ndraw=40, logz=-106539.81, remainder_fraction=100.0000%, Lmin=-106525.63, Lmax=-103909.76
15:30:12 [ultranest] [DEBUG] iteration=640, ncalls=1183, regioncalls=31320, ndraw=40, logz=-106307.52, remainder_fraction=100.0000%, Lmin=-106294.65, Lmax=-103909.76
15:30:12 [ultranest] [DEBUG] iteration=669, ncalls=1225, regioncalls=33000, ndraw=40, logz=-106119.26, remainder_fraction=100.0000%, Lmin=-106060.03, Lmax=-103909.76
15:30:13 [ultranest] [DEBUG] iteration=680, ncalls=1242, regioncalls=33680, ndraw=40, logz=-106013.20, remainder_fraction=100.0000%, Lmin=-106001.62, Lmax=-103909.76
15:30:13 [ultranest] [DEBUG] iteration=703, ncalls=1272, regioncalls=34880, ndraw=40, logz=-105821.36, remainder_fraction=100.0000%, Lmin=-105797.55, Lmax=-103909.76
15:30:13 [ultranest] [DEBUG] iteration=720, ncalls=1296, regioncalls=35840, ndraw=40, logz=-105690.26, remainder_fraction=100.0000%, Lmin=-105673.79, Lmax=-103909.76
15:30:13 [ultranest] [DEBUG] iteration=754, ncalls=1335, regioncalls=37400, ndraw=40, logz=-105550.44, remainder_fraction=100.0000%, Lmin=-105533.41, Lmax=-103909.29
15:30:13 [ultranest] [DEBUG] iteration=760, ncalls=1343, regioncalls=37720, ndraw=40, logz=-105501.02, remainder_fraction=100.0000%, Lmin=-105491.92, Lmax=-103909.29
15:30:13 [ultranest] [DEBUG] iteration=792, ncalls=1380, regioncalls=39200, ndraw=40, logz=-105386.26, remainder_fraction=100.0000%, Lmin=-105374.22, Lmax=-103909.29
15:30:13 [ultranest] [DEBUG] iteration=800, ncalls=1391, regioncalls=39640, ndraw=40, logz=-105358.86, remainder_fraction=100.0000%, Lmin=-105348.23, Lmax=-103909.29
15:30:13 [ultranest] [DEBUG] iteration=832, ncalls=1431, regioncalls=41240, ndraw=40, logz=-105195.09, remainder_fraction=100.0000%, Lmin=-105185.88, Lmax=-103909.29
15:30:13 [ultranest] [DEBUG] iteration=840, ncalls=1449, regioncalls=41960, ndraw=40, logz=-105170.68, remainder_fraction=100.0000%, Lmin=-105160.88, Lmax=-103909.29
15:30:13 [ultranest] [DEBUG] iteration=868, ncalls=1491, regioncalls=43640, ndraw=40, logz=-105082.17, remainder_fraction=100.0000%, Lmin=-105067.42, Lmax=-103909.29
15:30:13 [ultranest] [DEBUG] iteration=880, ncalls=1505, regioncalls=44200, ndraw=40, logz=-105027.83, remainder_fraction=100.0000%, Lmin=-105019.22, Lmax=-103909.29
15:30:13 [ultranest] [DEBUG] iteration=911, ncalls=1546, regioncalls=45840, ndraw=40, logz=-104939.52, remainder_fraction=100.0000%, Lmin=-104928.83, Lmax=-103909.29
15:30:13 [ultranest] [DEBUG] iteration=920, ncalls=1556, regioncalls=46240, ndraw=40, logz=-104915.03, remainder_fraction=100.0000%, Lmin=-104905.23, Lmax=-103909.29
15:30:13 [ultranest] [DEBUG] iteration=948, ncalls=1598, regioncalls=47920, ndraw=40, logz=-104837.20, remainder_fraction=100.0000%, Lmin=-104828.78, Lmax=-103909.29
15:30:13 [ultranest] [DEBUG] iteration=960, ncalls=1615, regioncalls=48600, ndraw=40, logz=-104811.12, remainder_fraction=100.0000%, Lmin=-104798.01, Lmax=-103909.29
15:30:13 [ultranest] [DEBUG] iteration=961, ncalls=1617, regioncalls=48680, ndraw=40, logz=-104806.45, remainder_fraction=100.0000%, Lmin=-104797.46, Lmax=-103909.29
15:30:14 [ultranest] [DEBUG] iteration=995, ncalls=1656, regioncalls=50280, ndraw=40, logz=-104690.53, remainder_fraction=100.0000%, Lmin=-104681.06, Lmax=-103909.29
15:30:14 [ultranest] [DEBUG] iteration=1000, ncalls=1663, regioncalls=50560, ndraw=40, logz=-104677.97, remainder_fraction=100.0000%, Lmin=-104666.26, Lmax=-103909.29
15:30:14 [ultranest] [DEBUG] iteration=1028, ncalls=1704, regioncalls=52200, ndraw=40, logz=-104603.99, remainder_fraction=100.0000%, Lmin=-104595.73, Lmax=-103909.29
15:30:14 [ultranest] [DEBUG] iteration=1040, ncalls=1723, regioncalls=52960, ndraw=40, logz=-104587.18, remainder_fraction=100.0000%, Lmin=-104575.51, Lmax=-103908.27
15:30:14 [ultranest] [DEBUG] iteration=1047, ncalls=1732, regioncalls=53320, ndraw=40, logz=-104567.42, remainder_fraction=100.0000%, Lmin=-104549.39, Lmax=-103908.27
15:30:14 [ultranest] [DEBUG] iteration=1077, ncalls=1775, regioncalls=55080, ndraw=40, logz=-104508.14, remainder_fraction=100.0000%, Lmin=-104499.42, Lmax=-103908.27
15:30:14 [ultranest] [DEBUG] iteration=1080, ncalls=1778, regioncalls=55200, ndraw=40, logz=-104506.49, remainder_fraction=100.0000%, Lmin=-104496.34, Lmax=-103908.27
15:30:14 [ultranest] [DEBUG] iteration=1113, ncalls=1815, regioncalls=56680, ndraw=40, logz=-104460.38, remainder_fraction=100.0000%, Lmin=-104449.50, Lmax=-103907.04
15:30:14 [ultranest] [DEBUG] iteration=1120, ncalls=1824, regioncalls=57040, ndraw=40, logz=-104451.98, remainder_fraction=100.0000%, Lmin=-104443.67, Lmax=-103907.04
15:30:14 [ultranest] [DEBUG] iteration=1133, ncalls=1843, regioncalls=57800, ndraw=40, logz=-104436.04, remainder_fraction=100.0000%, Lmin=-104427.63, Lmax=-103907.04
15:30:14 [ultranest] [DEBUG] iteration=1160, ncalls=1872, regioncalls=59000, ndraw=40, logz=-104397.83, remainder_fraction=100.0000%, Lmin=-104384.24, Lmax=-103907.04
15:30:14 [ultranest] [DEBUG] iteration=1192, ncalls=1911, regioncalls=60640, ndraw=40, logz=-104345.23, remainder_fraction=100.0000%, Lmin=-104335.53, Lmax=-103907.04
15:30:14 [ultranest] [DEBUG] iteration=1200, ncalls=1920, regioncalls=61000, ndraw=40, logz=-104338.49, remainder_fraction=100.0000%, Lmin=-104322.49, Lmax=-103907.04
15:30:14 [ultranest] [DEBUG] iteration=1219, ncalls=1944, regioncalls=61960, ndraw=40, logz=-104306.47, remainder_fraction=100.0000%, Lmin=-104296.64, Lmax=-103907.04
15:30:14 [ultranest] [DEBUG] iteration=1240, ncalls=1971, regioncalls=63120, ndraw=40, logz=-104282.15, remainder_fraction=100.0000%, Lmin=-104273.23, Lmax=-103907.04
15:30:14 [ultranest] [DEBUG] iteration=1272, ncalls=2009, regioncalls=64720, ndraw=40, logz=-104246.42, remainder_fraction=100.0000%, Lmin=-104236.61, Lmax=-103907.04
15:30:15 [ultranest] [DEBUG] iteration=1280, ncalls=2025, regioncalls=65360, ndraw=40, logz=-104238.24, remainder_fraction=100.0000%, Lmin=-104228.40, Lmax=-103907.04
15:30:15 [ultranest] [DEBUG] iteration=1305, ncalls=2060, regioncalls=66800, ndraw=40, logz=-104216.44, remainder_fraction=100.0000%, Lmin=-104207.29, Lmax=-103907.04
15:30:15 [ultranest] [DEBUG] iteration=1320, ncalls=2078, regioncalls=67560, ndraw=40, logz=-104207.29, remainder_fraction=100.0000%, Lmin=-104198.36, Lmax=-103907.04
15:30:15 [ultranest] [DEBUG] iteration=1353, ncalls=2117, regioncalls=69120, ndraw=40, logz=-104184.62, remainder_fraction=100.0000%, Lmin=-104175.35, Lmax=-103907.04
15:30:15 [ultranest] [DEBUG] iteration=1360, ncalls=2126, regioncalls=69480, ndraw=40, logz=-104179.64, remainder_fraction=100.0000%, Lmin=-104170.67, Lmax=-103907.04
15:30:15 [ultranest] [DEBUG] iteration=1388, ncalls=2167, regioncalls=71120, ndraw=40, logz=-104165.40, remainder_fraction=100.0000%, Lmin=-104155.31, Lmax=-103907.04
15:30:15 [ultranest] [DEBUG] iteration=1391, ncalls=2171, regioncalls=71320, ndraw=40, logz=-104163.35, remainder_fraction=100.0000%, Lmin=-104154.38, Lmax=-103907.04
15:30:15 [ultranest] [DEBUG] iteration=1400, ncalls=2186, regioncalls=71920, ndraw=40, logz=-104159.62, remainder_fraction=100.0000%, Lmin=-104150.49, Lmax=-103907.04
15:30:15 [ultranest] [DEBUG] iteration=1429, ncalls=2225, regioncalls=73520, ndraw=40, logz=-104142.15, remainder_fraction=100.0000%, Lmin=-104132.64, Lmax=-103907.04
15:30:15 [ultranest] [DEBUG] iteration=1440, ncalls=2239, regioncalls=74120, ndraw=40, logz=-104138.19, remainder_fraction=100.0000%, Lmin=-104128.20, Lmax=-103907.04
15:30:15 [ultranest] [DEBUG] iteration=1469, ncalls=2278, regioncalls=75680, ndraw=40, logz=-104122.19, remainder_fraction=100.0000%, Lmin=-104113.37, Lmax=-103907.04
15:30:15 [ultranest] [DEBUG] iteration=1480, ncalls=2291, regioncalls=76200, ndraw=40, logz=-104117.82, remainder_fraction=100.0000%, Lmin=-104108.67, Lmax=-103907.04
15:30:15 [ultranest] [DEBUG] iteration=1513, ncalls=2330, regioncalls=77800, ndraw=40, logz=-104102.74, remainder_fraction=100.0000%, Lmin=-104093.44, Lmax=-103907.04
15:30:15 [ultranest] [DEBUG] iteration=1520, ncalls=2338, regioncalls=78120, ndraw=40, logz=-104099.29, remainder_fraction=100.0000%, Lmin=-104089.28, Lmax=-103907.04
15:30:15 [ultranest] [DEBUG] iteration=1548, ncalls=2380, regioncalls=79800, ndraw=40, logz=-104084.37, remainder_fraction=100.0000%, Lmin=-104074.96, Lmax=-103907.04
15:30:15 [ultranest] [DEBUG] iteration=1560, ncalls=2400, regioncalls=80600, ndraw=40, logz=-104079.36, remainder_fraction=100.0000%, Lmin=-104070.63, Lmax=-103907.04
15:30:16 [ultranest] [DEBUG] iteration=1586, ncalls=2438, regioncalls=82120, ndraw=40, logz=-104071.88, remainder_fraction=100.0000%, Lmin=-104062.27, Lmax=-103907.04
15:30:16 [ultranest] [DEBUG] iteration=1600, ncalls=2465, regioncalls=83200, ndraw=40, logz=-104066.29, remainder_fraction=100.0000%, Lmin=-104056.89, Lmax=-103907.04
15:30:16 [ultranest] [DEBUG] iteration=1625, ncalls=2507, regioncalls=84880, ndraw=40, logz=-104054.10, remainder_fraction=100.0000%, Lmin=-104045.01, Lmax=-103907.04
15:30:16 [ultranest] [DEBUG] iteration=1640, ncalls=2532, regioncalls=85880, ndraw=40, logz=-104046.55, remainder_fraction=100.0000%, Lmin=-104037.52, Lmax=-103906.32
15:30:16 [ultranest] [DEBUG] iteration=1649, ncalls=2546, regioncalls=86440, ndraw=40, logz=-104043.48, remainder_fraction=100.0000%, Lmin=-104034.36, Lmax=-103906.32
15:30:16 [ultranest] [DEBUG] iteration=1668, ncalls=2575, regioncalls=87680, ndraw=40, logz=-104036.14, remainder_fraction=100.0000%, Lmin=-104026.46, Lmax=-103906.32
15:30:16 [ultranest] [DEBUG] iteration=1680, ncalls=2591, regioncalls=88320, ndraw=40, logz=-104032.98, remainder_fraction=100.0000%, Lmin=-104024.17, Lmax=-103906.32
15:30:16 [ultranest] [DEBUG] iteration=1710, ncalls=2631, regioncalls=89920, ndraw=40, logz=-104023.32, remainder_fraction=100.0000%, Lmin=-104013.89, Lmax=-103906.32
15:30:16 [ultranest] [DEBUG] iteration=1720, ncalls=2643, regioncalls=90400, ndraw=40, logz=-104020.51, remainder_fraction=100.0000%, Lmin=-104011.62, Lmax=-103906.32
15:30:16 [ultranest] [DEBUG] iteration=1735, ncalls=2662, regioncalls=91240, ndraw=40, logz=-104017.09, remainder_fraction=100.0000%, Lmin=-104008.00, Lmax=-103906.32
15:30:16 [ultranest] [DEBUG] iteration=1760, ncalls=2693, regioncalls=92560, ndraw=40, logz=-104011.27, remainder_fraction=100.0000%, Lmin=-104001.98, Lmax=-103906.32
15:30:16 [ultranest] [DEBUG] iteration=1791, ncalls=2732, regioncalls=94120, ndraw=40, logz=-104001.82, remainder_fraction=100.0000%, Lmin=-103992.87, Lmax=-103906.32
15:30:16 [ultranest] [DEBUG] iteration=1800, ncalls=2744, regioncalls=94600, ndraw=40, logz=-104000.25, remainder_fraction=100.0000%, Lmin=-103991.37, Lmax=-103906.32
15:30:17 [ultranest] [DEBUG] iteration=1829, ncalls=2780, regioncalls=96080, ndraw=40, logz=-103994.22, remainder_fraction=100.0000%, Lmin=-103984.82, Lmax=-103906.32
15:30:17 [ultranest] [DEBUG] iteration=1840, ncalls=2796, regioncalls=96720, ndraw=40, logz=-103992.07, remainder_fraction=100.0000%, Lmin=-103983.30, Lmax=-103906.32
15:30:17 [ultranest] [DEBUG] iteration=1870, ncalls=2836, regioncalls=98360, ndraw=40, logz=-103986.16, remainder_fraction=100.0000%, Lmin=-103977.14, Lmax=-103906.32
15:30:17 [ultranest] [DEBUG] iteration=1880, ncalls=2852, regioncalls=99000, ndraw=40, logz=-103984.60, remainder_fraction=100.0000%, Lmin=-103975.14, Lmax=-103906.32
15:30:17 [ultranest] [DEBUG] iteration=1907, ncalls=2893, regioncalls=100760, ndraw=40, logz=-103980.09, remainder_fraction=100.0000%, Lmin=-103971.25, Lmax=-103906.32
15:30:17 [ultranest] [DEBUG] iteration=1920, ncalls=2910, regioncalls=101520, ndraw=40, logz=-103978.49, remainder_fraction=100.0000%, Lmin=-103969.26, Lmax=-103906.32
15:30:17 [ultranest] [DEBUG] iteration=1950, ncalls=2951, regioncalls=103160, ndraw=40, logz=-103974.46, remainder_fraction=100.0000%, Lmin=-103965.63, Lmax=-103906.32
15:30:17 [ultranest] [DEBUG] iteration=1960, ncalls=2967, regioncalls=103800, ndraw=40, logz=-103973.08, remainder_fraction=100.0000%, Lmin=-103963.74, Lmax=-103906.32
15:30:17 [ultranest] [DEBUG] iteration=1990, ncalls=3007, regioncalls=105400, ndraw=40, logz=-103967.83, remainder_fraction=100.0000%, Lmin=-103957.92, Lmax=-103906.32
15:30:17 [ultranest] [DEBUG] iteration=2000, ncalls=3024, regioncalls=106080, ndraw=40, logz=-103966.27, remainder_fraction=100.0000%, Lmin=-103957.21, Lmax=-103906.32
15:30:17 [ultranest] [DEBUG] iteration=2033, ncalls=3064, regioncalls=107680, ndraw=40, logz=-103961.07, remainder_fraction=100.0000%, Lmin=-103951.67, Lmax=-103906.32
15:30:17 [ultranest] [DEBUG] iteration=2040, ncalls=3072, regioncalls=108000, ndraw=40, logz=-103959.99, remainder_fraction=100.0000%, Lmin=-103950.57, Lmax=-103906.32
15:30:17 [ultranest] [DEBUG] iteration=2072, ncalls=3113, regioncalls=109640, ndraw=40, logz=-103955.95, remainder_fraction=100.0000%, Lmin=-103946.50, Lmax=-103906.32
15:30:17 [ultranest] [DEBUG] iteration=2079, ncalls=3124, regioncalls=110080, ndraw=40, logz=-103955.01, remainder_fraction=100.0000%, Lmin=-103945.56, Lmax=-103906.32
15:30:17 [ultranest] [DEBUG] iteration=2080, ncalls=3125, regioncalls=110160, ndraw=40, logz=-103954.87, remainder_fraction=100.0000%, Lmin=-103945.47, Lmax=-103906.32
15:30:17 [ultranest] [DEBUG] iteration=2113, ncalls=3163, regioncalls=111760, ndraw=40, logz=-103951.10, remainder_fraction=100.0000%, Lmin=-103941.88, Lmax=-103906.32
15:30:18 [ultranest] [DEBUG] iteration=2120, ncalls=3171, regioncalls=112120, ndraw=40, logz=-103950.40, remainder_fraction=100.0000%, Lmin=-103941.26, Lmax=-103906.32
15:30:18 [ultranest] [DEBUG] iteration=2148, ncalls=3212, regioncalls=113800, ndraw=40, logz=-103947.64, remainder_fraction=100.0000%, Lmin=-103938.31, Lmax=-103906.32
15:30:18 [ultranest] [DEBUG] iteration=2160, ncalls=3225, regioncalls=114320, ndraw=40, logz=-103946.49, remainder_fraction=100.0000%, Lmin=-103937.46, Lmax=-103906.32
15:30:18 [ultranest] [DEBUG] iteration=2165, ncalls=3231, regioncalls=114600, ndraw=40, logz=-103946.09, remainder_fraction=100.0000%, Lmin=-103936.53, Lmax=-103906.32
15:30:18 [ultranest] [DEBUG] iteration=2196, ncalls=3271, regioncalls=116200, ndraw=40, logz=-103942.99, remainder_fraction=100.0000%, Lmin=-103933.94, Lmax=-103906.32
15:30:18 [ultranest] [DEBUG] iteration=2200, ncalls=3275, regioncalls=116360, ndraw=40, logz=-103942.71, remainder_fraction=100.0000%, Lmin=-103933.62, Lmax=-103906.32
15:30:18 [ultranest] [DEBUG] iteration=2231, ncalls=3315, regioncalls=117960, ndraw=40, logz=-103940.51, remainder_fraction=100.0000%, Lmin=-103931.26, Lmax=-103906.32
15:30:18 [ultranest] [DEBUG] iteration=2240, ncalls=3330, regioncalls=118560, ndraw=40, logz=-103939.83, remainder_fraction=100.0000%, Lmin=-103930.65, Lmax=-103906.32
15:30:18 [ultranest] [DEBUG] iteration=2251, ncalls=3345, regioncalls=119240, ndraw=40, logz=-103939.01, remainder_fraction=100.0000%, Lmin=-103929.81, Lmax=-103906.32
15:30:18 [ultranest] [DEBUG] iteration=2280, ncalls=3377, regioncalls=120520, ndraw=40, logz=-103937.35, remainder_fraction=100.0000%, Lmin=-103928.58, Lmax=-103906.32
15:30:18 [ultranest] [DEBUG] iteration=2309, ncalls=3418, regioncalls=122160, ndraw=40, logz=-103935.68, remainder_fraction=100.0000%, Lmin=-103926.56, Lmax=-103906.32
15:30:18 [ultranest] [DEBUG] iteration=2320, ncalls=3433, regioncalls=122760, ndraw=40, logz=-103935.12, remainder_fraction=100.0000%, Lmin=-103926.11, Lmax=-103906.32
15:30:18 [ultranest] [DEBUG] iteration=2337, ncalls=3456, regioncalls=123720, ndraw=40, logz=-103934.34, remainder_fraction=100.0000%, Lmin=-103925.57, Lmax=-103906.32
15:30:18 [ultranest] [DEBUG] iteration=2360, ncalls=3483, regioncalls=124800, ndraw=40, logz=-103933.45, remainder_fraction=100.0000%, Lmin=-103924.55, Lmax=-103906.32
15:30:18 [ultranest] [DEBUG] iteration=2392, ncalls=3523, regioncalls=126400, ndraw=40, logz=-103932.10, remainder_fraction=100.0000%, Lmin=-103923.23, Lmax=-103906.32
15:30:18 [ultranest] [DEBUG] iteration=2400, ncalls=3535, regioncalls=126880, ndraw=40, logz=-103931.82, remainder_fraction=100.0000%, Lmin=-103923.04, Lmax=-103906.32
15:30:19 [ultranest] [DEBUG] iteration=2423, ncalls=3563, regioncalls=128040, ndraw=40, logz=-103931.07, remainder_fraction=100.0000%, Lmin=-103922.25, Lmax=-103906.32
15:30:19 [ultranest] [DEBUG] iteration=2440, ncalls=3583, regioncalls=128840, ndraw=40, logz=-103930.48, remainder_fraction=100.0000%, Lmin=-103921.54, Lmax=-103906.32
15:30:19 [ultranest] [DEBUG] iteration=2473, ncalls=3622, regioncalls=130400, ndraw=40, logz=-103929.20, remainder_fraction=99.9999%, Lmin=-103920.00, Lmax=-103906.32
15:30:19 [ultranest] [DEBUG] iteration=2480, ncalls=3634, regioncalls=130880, ndraw=40, logz=-103928.94, remainder_fraction=99.9999%, Lmin=-103919.86, Lmax=-103906.32
15:30:19 [ultranest] [DEBUG] iteration=2509, ncalls=3674, regioncalls=132520, ndraw=40, logz=-103927.95, remainder_fraction=99.9996%, Lmin=-103918.84, Lmax=-103906.32
15:30:19 [ultranest] [DEBUG] iteration=2520, ncalls=3687, regioncalls=133040, ndraw=40, logz=-103927.60, remainder_fraction=99.9995%, Lmin=-103918.44, Lmax=-103906.32
15:30:19 [ultranest] [DEBUG] iteration=2553, ncalls=3726, regioncalls=134600, ndraw=40, logz=-103926.56, remainder_fraction=99.9985%, Lmin=-103917.43, Lmax=-103906.32
15:30:19 [ultranest] [DEBUG] iteration=2560, ncalls=3735, regioncalls=134960, ndraw=40, logz=-103926.35, remainder_fraction=99.9981%, Lmin=-103917.28, Lmax=-103906.32
15:30:19 [ultranest] [DEBUG] iteration=2591, ncalls=3775, regioncalls=136560, ndraw=40, logz=-103925.45, remainder_fraction=99.9954%, Lmin=-103916.38, Lmax=-103906.32
15:30:19 [ultranest] [DEBUG] iteration=2595, ncalls=3779, regioncalls=136760, ndraw=40, logz=-103925.35, remainder_fraction=99.9949%, Lmin=-103916.29, Lmax=-103906.32
15:30:19 [ultranest] [DEBUG] iteration=2600, ncalls=3785, regioncalls=137000, ndraw=40, logz=-103925.22, remainder_fraction=99.9941%, Lmin=-103916.22, Lmax=-103906.32
15:30:19 [ultranest] [DEBUG] iteration=2634, ncalls=3824, regioncalls=138560, ndraw=40, logz=-103924.43, remainder_fraction=99.9876%, Lmin=-103915.48, Lmax=-103906.31
15:30:19 [ultranest] [DEBUG] iteration=2640, ncalls=3831, regioncalls=138840, ndraw=40, logz=-103924.30, remainder_fraction=99.9859%, Lmin=-103915.36, Lmax=-103906.31
15:30:19 [ultranest] [DEBUG] iteration=2670, ncalls=3873, regioncalls=140520, ndraw=40, logz=-103923.71, remainder_fraction=99.9758%, Lmin=-103914.85, Lmax=-103906.31
15:30:19 [ultranest] [DEBUG] iteration=2680, ncalls=3886, regioncalls=141040, ndraw=40, logz=-103923.54, remainder_fraction=99.9712%, Lmin=-103914.68, Lmax=-103906.31
15:30:19 [ultranest] [DEBUG] iteration=2681, ncalls=3887, regioncalls=141120, ndraw=40, logz=-103923.52, remainder_fraction=99.9706%, Lmin=-103914.65, Lmax=-103906.31
15:30:19 [ultranest] [DEBUG] iteration=2712, ncalls=3927, regioncalls=142720, ndraw=40, logz=-103923.03, remainder_fraction=99.9537%, Lmin=-103914.23, Lmax=-103906.26
15:30:20 [ultranest] [DEBUG] iteration=2720, ncalls=3937, regioncalls=143120, ndraw=40, logz=-103922.91, remainder_fraction=99.9479%, Lmin=-103914.10, Lmax=-103906.26
15:30:20 [ultranest] [DEBUG] iteration=2750, ncalls=3977, regioncalls=144720, ndraw=40, logz=-103922.46, remainder_fraction=99.9155%, Lmin=-103913.56, Lmax=-103906.26
15:30:20 [ultranest] [DEBUG] iteration=2760, ncalls=3989, regioncalls=145200, ndraw=40, logz=-103922.31, remainder_fraction=99.9059%, Lmin=-103913.44, Lmax=-103906.26
15:30:20 [ultranest] [DEBUG] iteration=2767, ncalls=3998, regioncalls=145600, ndraw=40, logz=-103922.22, remainder_fraction=99.8945%, Lmin=-103913.33, Lmax=-103906.26
15:30:20 [ultranest] [DEBUG] iteration=2797, ncalls=4038, regioncalls=147200, ndraw=40, logz=-103921.80, remainder_fraction=99.8485%, Lmin=-103912.82, Lmax=-103906.26
15:30:20 [ultranest] [DEBUG] iteration=2800, ncalls=4042, regioncalls=147360, ndraw=40, logz=-103921.76, remainder_fraction=99.8420%, Lmin=-103912.79, Lmax=-103906.26
15:30:20 [ultranest] [DEBUG] iteration=2830, ncalls=4083, regioncalls=149000, ndraw=40, logz=-103921.37, remainder_fraction=99.7627%, Lmin=-103912.40, Lmax=-103906.26
15:30:20 [ultranest] [DEBUG] iteration=2840, ncalls=4094, regioncalls=149440, ndraw=40, logz=-103921.23, remainder_fraction=99.7301%, Lmin=-103912.20, Lmax=-103906.26
15:30:20 [ultranest] [DEBUG] iteration=2868, ncalls=4132, regioncalls=150960, ndraw=40, logz=-103920.89, remainder_fraction=99.6115%, Lmin=-103911.97, Lmax=-103906.26
15:30:20 [ultranest] [DEBUG] iteration=2880, ncalls=4147, regioncalls=151560, ndraw=40, logz=-103920.76, remainder_fraction=99.5603%, Lmin=-103911.84, Lmax=-103906.26
15:30:20 [ultranest] [DEBUG] iteration=2907, ncalls=4190, regioncalls=153280, ndraw=40, logz=-103920.45, remainder_fraction=99.4022%, Lmin=-103911.42, Lmax=-103906.26
15:30:20 [ultranest] [DEBUG] iteration=2920, ncalls=4207, regioncalls=153960, ndraw=40, logz=-103920.30, remainder_fraction=99.2927%, Lmin=-103911.14, Lmax=-103906.26
15:30:20 [ultranest] [DEBUG] iteration=2939, ncalls=4231, regioncalls=154960, ndraw=40, logz=-103920.06, remainder_fraction=99.0850%, Lmin=-103910.86, Lmax=-103906.26
15:30:20 [ultranest] [DEBUG] iteration=2960, ncalls=4254, regioncalls=155880, ndraw=40, logz=-103919.81, remainder_fraction=98.8095%, Lmin=-103910.64, Lmax=-103906.26
15:30:20 [ultranest] [DEBUG] iteration=2990, ncalls=4293, regioncalls=157440, ndraw=40, logz=-103919.48, remainder_fraction=98.3486%, Lmin=-103910.29, Lmax=-103906.26
15:30:20 [ultranest] [DEBUG] iteration=3000, ncalls=4306, regioncalls=157960, ndraw=40, logz=-103919.37, remainder_fraction=98.1511%, Lmin=-103910.19, Lmax=-103906.26
15:30:21 [ultranest] [DEBUG] iteration=3030, ncalls=4343, regioncalls=159440, ndraw=40, logz=-103919.07, remainder_fraction=97.4763%, Lmin=-103909.91, Lmax=-103906.26
15:30:21 [ultranest] [DEBUG] iteration=3040, ncalls=4358, regioncalls=160080, ndraw=40, logz=-103918.98, remainder_fraction=97.2367%, Lmin=-103909.81, Lmax=-103906.26
15:30:21 [ultranest] [DEBUG] iteration=3069, ncalls=4399, regioncalls=161720, ndraw=40, logz=-103918.72, remainder_fraction=96.4066%, Lmin=-103909.57, Lmax=-103906.26
15:30:21 [ultranest] [DEBUG] iteration=3080, ncalls=4413, regioncalls=162280, ndraw=40, logz=-103918.63, remainder_fraction=96.0690%, Lmin=-103909.49, Lmax=-103906.26
15:30:21 [ultranest] [DEBUG] iteration=3104, ncalls=4455, regioncalls=163960, ndraw=40, logz=-103918.44, remainder_fraction=95.3178%, Lmin=-103909.25, Lmax=-103906.25
15:30:21 [ultranest] [DEBUG] iteration=3111, ncalls=4467, regioncalls=164520, ndraw=40, logz=-103918.38, remainder_fraction=95.0303%, Lmin=-103909.17, Lmax=-103906.25
15:30:21 [ultranest] [DEBUG] iteration=3120, ncalls=4479, regioncalls=165000, ndraw=40, logz=-103918.31, remainder_fraction=94.6472%, Lmin=-103909.11, Lmax=-103906.25
15:30:21 [ultranest] [DEBUG] iteration=3151, ncalls=4520, regioncalls=166640, ndraw=40, logz=-103918.07, remainder_fraction=93.1427%, Lmin=-103908.80, Lmax=-103906.25
15:30:21 [ultranest] [DEBUG] iteration=3160, ncalls=4529, regioncalls=167000, ndraw=40, logz=-103918.00, remainder_fraction=92.6658%, Lmin=-103908.75, Lmax=-103906.25
15:30:21 [ultranest] [DEBUG] iteration=3187, ncalls=4570, regioncalls=168640, ndraw=40, logz=-103917.82, remainder_fraction=91.1814%, Lmin=-103908.60, Lmax=-103906.23
15:30:21 [ultranest] [DEBUG] iteration=3197, ncalls=4588, regioncalls=169400, ndraw=40, logz=-103917.75, remainder_fraction=90.6242%, Lmin=-103908.51, Lmax=-103906.23
15:30:21 [ultranest] [DEBUG] iteration=3200, ncalls=4591, regioncalls=169520, ndraw=40, logz=-103917.73, remainder_fraction=90.4028%, Lmin=-103908.50, Lmax=-103906.23
15:30:21 [ultranest] [DEBUG] iteration=3236, ncalls=4629, regioncalls=171040, ndraw=40, logz=-103917.50, remainder_fraction=87.9917%, Lmin=-103908.26, Lmax=-103906.23
15:30:21 [ultranest] [DEBUG] iteration=3240, ncalls=4634, regioncalls=171240, ndraw=40, logz=-103917.48, remainder_fraction=87.6906%, Lmin=-103908.24, Lmax=-103906.23
15:30:21 [ultranest] [DEBUG] iteration=3271, ncalls=4673, regioncalls=172800, ndraw=40, logz=-103917.31, remainder_fraction=85.2942%, Lmin=-103908.11, Lmax=-103906.23
15:30:21 [ultranest] [DEBUG] iteration=3280, ncalls=4684, regioncalls=173240, ndraw=40, logz=-103917.26, remainder_fraction=84.5829%, Lmin=-103908.08, Lmax=-103906.23
15:30:22 [ultranest] [DEBUG] iteration=3305, ncalls=4722, regioncalls=174760, ndraw=40, logz=-103917.14, remainder_fraction=82.5892%, Lmin=-103907.99, Lmax=-103906.23
15:30:22 [ultranest] [DEBUG] iteration=3320, ncalls=4746, regioncalls=175720, ndraw=40, logz=-103917.07, remainder_fraction=81.3855%, Lmin=-103907.92, Lmax=-103906.23
15:30:22 [ultranest] [DEBUG] iteration=3349, ncalls=4787, regioncalls=177360, ndraw=40, logz=-103916.95, remainder_fraction=79.0152%, Lmin=-103907.77, Lmax=-103906.23
15:30:22 [ultranest] [DEBUG] iteration=3360, ncalls=4804, regioncalls=178040, ndraw=40, logz=-103916.90, remainder_fraction=78.0535%, Lmin=-103907.74, Lmax=-103906.23
15:30:22 [ultranest] [DEBUG] iteration=3369, ncalls=4818, regioncalls=178640, ndraw=40, logz=-103916.87, remainder_fraction=77.3868%, Lmin=-103907.72, Lmax=-103906.23
15:30:22 [ultranest] [DEBUG] iteration=3399, ncalls=4858, regioncalls=180240, ndraw=40, logz=-103916.76, remainder_fraction=74.6236%, Lmin=-103907.61, Lmax=-103906.23
15:30:22 [ultranest] [DEBUG] iteration=3400, ncalls=4859, regioncalls=180280, ndraw=40, logz=-103916.75, remainder_fraction=74.5488%, Lmin=-103907.61, Lmax=-103906.23
15:30:22 [ultranest] [DEBUG] iteration=3430, ncalls=4899, regioncalls=181880, ndraw=40, logz=-103916.65, remainder_fraction=71.8527%, Lmin=-103907.50, Lmax=-103906.23
15:30:22 [ultranest] [DEBUG] iteration=3440, ncalls=4915, regioncalls=182520, ndraw=40, logz=-103916.62, remainder_fraction=70.9857%, Lmin=-103907.46, Lmax=-103906.23
15:30:22 [ultranest] [DEBUG] iteration=3455, ncalls=4942, regioncalls=183640, ndraw=40, logz=-103916.57, remainder_fraction=69.4436%, Lmin=-103907.41, Lmax=-103906.23
15:30:22 [ultranest] [DEBUG] iteration=3480, ncalls=4969, regioncalls=184760, ndraw=40, logz=-103916.49, remainder_fraction=67.3025%, Lmin=-103907.36, Lmax=-103906.23
15:30:22 [ultranest] [DEBUG] iteration=3513, ncalls=5007, regioncalls=186280, ndraw=40, logz=-103916.40, remainder_fraction=64.3185%, Lmin=-103907.27, Lmax=-103906.23
15:30:22 [ultranest] [DEBUG] iteration=3520, ncalls=5015, regioncalls=186600, ndraw=40, logz=-103916.39, remainder_fraction=63.6883%, Lmin=-103907.25, Lmax=-103906.23
15:30:22 [ultranest] [DEBUG] iteration=3549, ncalls=5051, regioncalls=188040, ndraw=40, logz=-103916.31, remainder_fraction=60.8570%, Lmin=-103907.15, Lmax=-103906.23
15:30:22 [ultranest] [DEBUG] iteration=3560, ncalls=5065, regioncalls=188600, ndraw=40, logz=-103916.29, remainder_fraction=59.7482%, Lmin=-103907.11, Lmax=-103906.23
15:30:23 [ultranest] [DEBUG] iteration=3590, ncalls=5107, regioncalls=190280, ndraw=40, logz=-103916.22, remainder_fraction=57.0096%, Lmin=-103907.06, Lmax=-103906.23
15:30:23 [ultranest] [DEBUG] iteration=3600, ncalls=5120, regioncalls=190800, ndraw=40, logz=-103916.19, remainder_fraction=56.0813%, Lmin=-103907.03, Lmax=-103906.23
15:30:23 [ultranest] [DEBUG] iteration=3630, ncalls=5158, regioncalls=192320, ndraw=40, logz=-103916.13, remainder_fraction=53.4491%, Lmin=-103906.98, Lmax=-103906.23
15:30:23 [ultranest] [DEBUG] iteration=3640, ncalls=5176, regioncalls=193040, ndraw=40, logz=-103916.11, remainder_fraction=52.5038%, Lmin=-103906.95, Lmax=-103906.23
15:30:23 [ultranest] [DEBUG] iteration=3669, ncalls=5216, regioncalls=194640, ndraw=40, logz=-103916.06, remainder_fraction=49.8004%, Lmin=-103906.91, Lmax=-103906.23
15:30:23 [ultranest] [DEBUG] iteration=3680, ncalls=5238, regioncalls=195520, ndraw=40, logz=-103916.04, remainder_fraction=48.7700%, Lmin=-103906.89, Lmax=-103906.23
15:30:23 [ultranest] [DEBUG] iteration=3707, ncalls=5279, regioncalls=197160, ndraw=40, logz=-103916.00, remainder_fraction=46.3564%, Lmin=-103906.86, Lmax=-103906.23
15:30:23 [ultranest] [DEBUG] iteration=3713, ncalls=5288, regioncalls=197560, ndraw=40, logz=-103915.99, remainder_fraction=45.8000%, Lmin=-103906.85, Lmax=-103906.23
15:30:23 [ultranest] [DEBUG] iteration=3720, ncalls=5296, regioncalls=197880, ndraw=40, logz=-103915.98, remainder_fraction=45.2058%, Lmin=-103906.84, Lmax=-103906.23
15:30:23 [ultranest] [DEBUG] iteration=3749, ncalls=5336, regioncalls=199480, ndraw=40, logz=-103915.93, remainder_fraction=42.7654%, Lmin=-103906.79, Lmax=-103906.23
15:30:23 [ultranest] [DEBUG] iteration=3760, ncalls=5353, regioncalls=200160, ndraw=40, logz=-103915.92, remainder_fraction=41.8099%, Lmin=-103906.78, Lmax=-103906.23
15:30:23 [ultranest] [DEBUG] iteration=3788, ncalls=5395, regioncalls=201840, ndraw=40, logz=-103915.88, remainder_fraction=39.4708%, Lmin=-103906.73, Lmax=-103906.23
15:30:23 [ultranest] [DEBUG] iteration=3799, ncalls=5409, regioncalls=202440, ndraw=40, logz=-103915.87, remainder_fraction=38.5802%, Lmin=-103906.72, Lmax=-103906.23
15:30:23 [ultranest] [DEBUG] iteration=3800, ncalls=5410, regioncalls=202480, ndraw=40, logz=-103915.86, remainder_fraction=38.5070%, Lmin=-103906.72, Lmax=-103906.23
15:30:23 [ultranest] [DEBUG] iteration=3831, ncalls=5449, regioncalls=204040, ndraw=40, logz=-103915.83, remainder_fraction=36.1112%, Lmin=-103906.68, Lmax=-103906.23
15:30:23 [ultranest] [DEBUG] iteration=3840, ncalls=5459, regioncalls=204440, ndraw=40, logz=-103915.82, remainder_fraction=35.4408%, Lmin=-103906.67, Lmax=-103906.23
15:30:24 [ultranest] [DEBUG] iteration=3871, ncalls=5499, regioncalls=206040, ndraw=40, logz=-103915.78, remainder_fraction=33.1926%, Lmin=-103906.63, Lmax=-103906.23
15:30:24 [ultranest] [DEBUG] iteration=3880, ncalls=5508, regioncalls=206400, ndraw=40, logz=-103915.77, remainder_fraction=32.6005%, Lmin=-103906.62, Lmax=-103906.23
15:30:24 [ultranest] [DEBUG] iteration=3885, ncalls=5515, regioncalls=206720, ndraw=40, logz=-103915.77, remainder_fraction=32.2486%, Lmin=-103906.62, Lmax=-103906.23
15:30:24 [ultranest] [DEBUG] iteration=3918, ncalls=5552, regioncalls=208440, ndraw=40, logz=-103915.74, remainder_fraction=30.0233%, Lmin=-103906.59, Lmax=-103906.23
15:30:24 [ultranest] [DEBUG] iteration=3920, ncalls=5554, regioncalls=208520, ndraw=40, logz=-103915.73, remainder_fraction=29.8880%, Lmin=-103906.59, Lmax=-103906.23
15:30:24 [ultranest] [DEBUG] iteration=3951, ncalls=5593, regioncalls=210120, ndraw=40, logz=-103915.71, remainder_fraction=27.9771%, Lmin=-103906.56, Lmax=-103906.23
15:30:24 [ultranest] [DEBUG] iteration=3960, ncalls=5605, regioncalls=210600, ndraw=40, logz=-103915.70, remainder_fraction=27.4437%, Lmin=-103906.56, Lmax=-103906.23
15:30:24 [ultranest] [DEBUG] iteration=3971, ncalls=5621, regioncalls=211280, ndraw=40, logz=-103915.69, remainder_fraction=26.7937%, Lmin=-103906.55, Lmax=-103906.23
15:30:24 [ultranest] [DEBUG] iteration=4000, ncalls=5655, regioncalls=212640, ndraw=40, logz=-103915.67, remainder_fraction=25.1571%, Lmin=-103906.52, Lmax=-103906.23
15:30:24 [ultranest] [DEBUG] iteration=4029, ncalls=5695, regioncalls=214240, ndraw=40, logz=-103915.65, remainder_fraction=23.5552%, Lmin=-103906.49, Lmax=-103906.23
15:30:24 [ultranest] [DEBUG] iteration=4040, ncalls=5708, regioncalls=214760, ndraw=40, logz=-103915.64, remainder_fraction=22.9900%, Lmin=-103906.49, Lmax=-103906.23
15:30:24 [ultranest] [DEBUG] iteration=4057, ncalls=5728, regioncalls=215680, ndraw=40, logz=-103915.63, remainder_fraction=22.1048%, Lmin=-103906.48, Lmax=-103906.23
15:30:24 [ultranest] [DEBUG] iteration=4080, ncalls=5756, regioncalls=216800, ndraw=40, logz=-103915.61, remainder_fraction=20.9556%, Lmin=-103906.46, Lmax=-103906.23
15:30:24 [ultranest] [DEBUG] iteration=4109, ncalls=5795, regioncalls=218520, ndraw=40, logz=-103915.60, remainder_fraction=19.6013%, Lmin=-103906.44, Lmax=-103906.23
15:30:24 [ultranest] [DEBUG] iteration=4120, ncalls=5813, regioncalls=219240, ndraw=40, logz=-103915.59, remainder_fraction=19.1012%, Lmin=-103906.44, Lmax=-103906.23
15:30:24 [ultranest] [DEBUG] iteration=4143, ncalls=5843, regioncalls=220480, ndraw=40, logz=-103915.58, remainder_fraction=18.0919%, Lmin=-103906.43, Lmax=-103906.23
15:30:25 [ultranest] [DEBUG] iteration=4160, ncalls=5860, regioncalls=221160, ndraw=40, logz=-103915.57, remainder_fraction=17.4049%, Lmin=-103906.42, Lmax=-103906.22
15:30:25 [ultranest] [DEBUG] iteration=4193, ncalls=5899, regioncalls=222720, ndraw=40, logz=-103915.55, remainder_fraction=16.0983%, Lmin=-103906.41, Lmax=-103906.22
15:30:25 [ultranest] [DEBUG] iteration=4200, ncalls=5907, regioncalls=223040, ndraw=40, logz=-103915.55, remainder_fraction=15.8315%, Lmin=-103906.40, Lmax=-103906.22
15:30:25 [ultranest] [DEBUG] iteration=4229, ncalls=5946, regioncalls=224600, ndraw=40, logz=-103915.54, remainder_fraction=14.7669%, Lmin=-103906.39, Lmax=-103906.22
15:30:25 [ultranest] [DEBUG] iteration=4240, ncalls=5962, regioncalls=225240, ndraw=40, logz=-103915.53, remainder_fraction=14.3908%, Lmin=-103906.38, Lmax=-103906.22
15:30:25 [ultranest] [DEBUG] iteration=4268, ncalls=6002, regioncalls=226840, ndraw=40, logz=-103915.52, remainder_fraction=13.4429%, Lmin=-103906.37, Lmax=-103906.22
15:30:25 [ultranest] [DEBUG] iteration=4280, ncalls=6022, regioncalls=227640, ndraw=40, logz=-103915.52, remainder_fraction=13.0601%, Lmin=-103906.36, Lmax=-103906.22
15:30:25 [ultranest] [DEBUG] iteration=4310, ncalls=6063, regioncalls=229280, ndraw=40, logz=-103915.51, remainder_fraction=12.1451%, Lmin=-103906.35, Lmax=-103906.22
15:30:25 [ultranest] [DEBUG] iteration=4315, ncalls=6072, regioncalls=229680, ndraw=40, logz=-103915.51, remainder_fraction=11.9984%, Lmin=-103906.35, Lmax=-103906.22
15:30:25 [ultranest] [DEBUG] iteration=4320, ncalls=6077, regioncalls=229880, ndraw=40, logz=-103915.50, remainder_fraction=11.8520%, Lmin=-103906.35, Lmax=-103906.22
15:30:25 [ultranest] [DEBUG] iteration=4353, ncalls=6116, regioncalls=231480, ndraw=40, logz=-103915.49, remainder_fraction=10.9334%, Lmin=-103906.34, Lmax=-103906.22
15:30:25 [ultranest] [DEBUG] iteration=4360, ncalls=6123, regioncalls=231760, ndraw=40, logz=-103915.49, remainder_fraction=10.7498%, Lmin=-103906.34, Lmax=-103906.22
15:30:25 [ultranest] [DEBUG] iteration=4391, ncalls=6164, regioncalls=233400, ndraw=40, logz=-103915.48, remainder_fraction=9.9540%, Lmin=-103906.33, Lmax=-103906.22
15:30:25 [ultranest] [DEBUG] iteration=4400, ncalls=6174, regioncalls=233800, ndraw=40, logz=-103915.48, remainder_fraction=9.7359%, Lmin=-103906.33, Lmax=-103906.22
15:30:25 [ultranest] [DEBUG] iteration=4401, ncalls=6175, regioncalls=233880, ndraw=40, logz=-103915.48, remainder_fraction=9.7123%, Lmin=-103906.33, Lmax=-103906.22
15:30:25 [ultranest] [DEBUG] iteration=4432, ncalls=6214, regioncalls=235440, ndraw=40, logz=-103915.47, remainder_fraction=8.9969%, Lmin=-103906.32, Lmax=-103906.22
15:30:25 [ultranest] [DEBUG] iteration=4440, ncalls=6223, regioncalls=235800, ndraw=40, logz=-103915.47, remainder_fraction=8.8206%, Lmin=-103906.32, Lmax=-103906.22
15:30:26 [ultranest] [DEBUG] iteration=4472, ncalls=6262, regioncalls=237360, ndraw=40, logz=-103915.46, remainder_fraction=8.1477%, Lmin=-103906.31, Lmax=-103906.22
15:30:26 [ultranest] [DEBUG] iteration=4480, ncalls=6272, regioncalls=237760, ndraw=40, logz=-103915.46, remainder_fraction=7.9881%, Lmin=-103906.31, Lmax=-103906.22
15:30:26 [ultranest] [DEBUG] iteration=4505, ncalls=6310, regioncalls=239280, ndraw=40, logz=-103915.46, remainder_fraction=7.5039%, Lmin=-103906.30, Lmax=-103906.22
15:30:26 [ultranest] [DEBUG] iteration=4520, ncalls=6326, regioncalls=239920, ndraw=40, logz=-103915.45, remainder_fraction=7.2304%, Lmin=-103906.30, Lmax=-103906.22
15:30:26 [ultranest] [DEBUG] iteration=4547, ncalls=6369, regioncalls=241640, ndraw=40, logz=-103915.45, remainder_fraction=6.7556%, Lmin=-103906.30, Lmax=-103906.22
15:30:26 [ultranest] [DEBUG] iteration=4560, ncalls=6389, regioncalls=242440, ndraw=40, logz=-103915.44, remainder_fraction=6.5385%, Lmin=-103906.29, Lmax=-103906.22
15:30:26 [ultranest] [DEBUG] iteration=4573, ncalls=6411, regioncalls=243360, ndraw=40, logz=-103915.44, remainder_fraction=6.3260%, Lmin=-103906.29, Lmax=-103906.22
15:30:26 [ultranest] [DEBUG] iteration=4600, ncalls=6442, regioncalls=244600, ndraw=40, logz=-103915.44, remainder_fraction=5.9109%, Lmin=-103906.29, Lmax=-103906.22
15:30:26 [ultranest] [DEBUG] iteration=4633, ncalls=6482, regioncalls=246200, ndraw=40, logz=-103915.43, remainder_fraction=5.4416%, Lmin=-103906.28, Lmax=-103906.22
15:30:26 [ultranest] [DEBUG] iteration=4640, ncalls=6493, regioncalls=246640, ndraw=40, logz=-103915.43, remainder_fraction=5.3462%, Lmin=-103906.28, Lmax=-103906.22
15:30:26 [ultranest] [DEBUG] iteration=4659, ncalls=6517, regioncalls=247640, ndraw=40, logz=-103915.43, remainder_fraction=5.0956%, Lmin=-103906.28, Lmax=-103906.22
15:30:26 [ultranest] [DEBUG] iteration=4680, ncalls=6541, regioncalls=248600, ndraw=40, logz=-103915.43, remainder_fraction=4.8316%, Lmin=-103906.28, Lmax=-103906.22
15:30:26 [ultranest] [DEBUG] iteration=4710, ncalls=6581, regioncalls=250200, ndraw=40, logz=-103915.42, remainder_fraction=4.4784%, Lmin=-103906.27, Lmax=-103906.22
15:30:26 [ultranest] [DEBUG] iteration=4720, ncalls=6596, regioncalls=250800, ndraw=40, logz=-103915.42, remainder_fraction=4.3666%, Lmin=-103906.27, Lmax=-103906.22
15:30:27 [ultranest] [DEBUG] iteration=4745, ncalls=6628, regioncalls=252120, ndraw=40, logz=-103915.42, remainder_fraction=4.0981%, Lmin=-103906.27, Lmax=-103906.22
15:30:27 [ultranest] [DEBUG] iteration=4760, ncalls=6645, regioncalls=252800, ndraw=40, logz=-103915.42, remainder_fraction=3.9446%, Lmin=-103906.27, Lmax=-103906.22
15:30:27 [ultranest] [DEBUG] iteration=4791, ncalls=6685, regioncalls=254400, ndraw=40, logz=-103915.41, remainder_fraction=3.6455%, Lmin=-103906.27, Lmax=-103906.22
15:30:27 [ultranest] [DEBUG] iteration=4800, ncalls=6695, regioncalls=254800, ndraw=40, logz=-103915.41, remainder_fraction=3.5628%, Lmin=-103906.27, Lmax=-103906.22
15:30:27 [ultranest] [DEBUG] iteration=4830, ncalls=6735, regioncalls=256400, ndraw=40, logz=-103915.41, remainder_fraction=3.2998%, Lmin=-103906.26, Lmax=-103906.22
15:30:27 [ultranest] [DEBUG] iteration=4840, ncalls=6748, regioncalls=256920, ndraw=40, logz=-103915.41, remainder_fraction=3.2165%, Lmin=-103906.26, Lmax=-103906.22
15:30:27 [ultranest] [DEBUG] iteration=4867, ncalls=6790, regioncalls=258600, ndraw=40, logz=-103915.41, remainder_fraction=3.0028%, Lmin=-103906.26, Lmax=-103906.22
15:30:27 [ultranest] [DEBUG] iteration=4880, ncalls=6806, regioncalls=259240, ndraw=40, logz=-103915.41, remainder_fraction=2.9043%, Lmin=-103906.26, Lmax=-103906.22
15:30:27 [ultranest] [DEBUG] iteration=4908, ncalls=6847, regioncalls=260880, ndraw=40, logz=-103915.40, remainder_fraction=2.7032%, Lmin=-103906.25, Lmax=-103906.22
15:30:27 [ultranest] [DEBUG] iteration=4917, ncalls=6858, regioncalls=261400, ndraw=40, logz=-103915.40, remainder_fraction=2.6416%, Lmin=-103906.25, Lmax=-103906.22
15:30:27 [ultranest] [DEBUG] iteration=4920, ncalls=6861, regioncalls=261520, ndraw=40, logz=-103915.40, remainder_fraction=2.6214%, Lmin=-103906.25, Lmax=-103906.22
15:30:27 [ultranest] [DEBUG] iteration=4952, ncalls=6899, regioncalls=263120, ndraw=40, logz=-103915.40, remainder_fraction=2.4154%, Lmin=-103906.25, Lmax=-103906.22
15:30:27 [ultranest] [DEBUG] iteration=4960, ncalls=6912, regioncalls=263640, ndraw=40, logz=-103915.40, remainder_fraction=2.3664%, Lmin=-103906.25, Lmax=-103906.22
15:30:27 [ultranest] [DEBUG] iteration=4988, ncalls=6953, regioncalls=265280, ndraw=40, logz=-103915.40, remainder_fraction=2.2023%, Lmin=-103906.25, Lmax=-103906.22
15:30:27 [ultranest] [DEBUG] iteration=5000, ncalls=6970, regioncalls=265960, ndraw=40, logz=-103915.40, remainder_fraction=2.1353%, Lmin=-103906.25, Lmax=-103906.22
15:30:28 [ultranest] [DEBUG] iteration=5029, ncalls=7006, regioncalls=267400, ndraw=40, logz=-103915.40, remainder_fraction=1.9818%, Lmin=-103906.25, Lmax=-103906.22
15:30:28 [ultranest] [DEBUG] iteration=5040, ncalls=7019, regioncalls=267920, ndraw=40, logz=-103915.40, remainder_fraction=1.9266%, Lmin=-103906.25, Lmax=-103906.22
15:30:28 [ultranest] [DEBUG] iteration=5071, ncalls=7058, regioncalls=269480, ndraw=40, logz=-103915.40, remainder_fraction=1.7790%, Lmin=-103906.25, Lmax=-103906.22
15:30:28 [ultranest] [DEBUG] iteration=5080, ncalls=7070, regioncalls=269960, ndraw=40, logz=-103915.39, remainder_fraction=1.7384%, Lmin=-103906.24, Lmax=-103906.22
15:30:28 [ultranest] [DEBUG] iteration=5089, ncalls=7085, regioncalls=270640, ndraw=40, logz=-103915.39, remainder_fraction=1.6985%, Lmin=-103906.24, Lmax=-103906.22
15:30:28 [ultranest] [DEBUG] iteration=5120, ncalls=7119, regioncalls=272000, ndraw=40, logz=-103915.39, remainder_fraction=1.5682%, Lmin=-103906.24, Lmax=-103906.22
15:30:28 [ultranest] [DEBUG] iteration=5151, ncalls=7159, regioncalls=273600, ndraw=40, logz=-103915.39, remainder_fraction=1.4480%, Lmin=-103906.24, Lmax=-103906.22
15:30:28 [ultranest] [DEBUG] iteration=5160, ncalls=7171, regioncalls=274080, ndraw=40, logz=-103915.39, remainder_fraction=1.4148%, Lmin=-103906.24, Lmax=-103906.22
15:30:28 [ultranest] [DEBUG] iteration=5175, ncalls=7192, regioncalls=274960, ndraw=40, logz=-103915.39, remainder_fraction=1.3612%, Lmin=-103906.24, Lmax=-103906.22
15:30:28 [ultranest] [DEBUG] iteration=5200, ncalls=7222, regioncalls=276160, ndraw=40, logz=-103915.39, remainder_fraction=1.2763%, Lmin=-103906.24, Lmax=-103906.22
15:30:28 [ultranest] [DEBUG] iteration=5229, ncalls=7262, regioncalls=277760, ndraw=40, logz=-103915.39, remainder_fraction=1.1843%, Lmin=-103906.24, Lmax=-103906.22
15:30:28 [ultranest] [DEBUG] iteration=5240, ncalls=7276, regioncalls=278320, ndraw=40, logz=-103915.39, remainder_fraction=1.1511%, Lmin=-103906.24, Lmax=-103906.22
15:30:28 [ultranest] [DEBUG] iteration=5261, ncalls=7303, regioncalls=279440, ndraw=40, logz=-103915.39, remainder_fraction=1.0904%, Lmin=-103906.24, Lmax=-103906.22
15:30:28 [ultranest] [DEBUG] iteration=5280, ncalls=7326, regioncalls=280360, ndraw=40, logz=-103915.39, remainder_fraction=1.0383%, Lmin=-103906.24, Lmax=-103906.22
15:30:28 [ultranest] [INFO] Explored until L=-1e+05  
15:30:28 [ultranest] [INFO] Likelihood function evaluations: 7343
15:30:30 [ultranest] [INFO] Writing samples and results to disk ...
15:30:30 [ultranest] [INFO] Writing samples and results to disk ... done
15:30:30 [ultranest] [DEBUG] did a run_iter pass!
15:30:30 [ultranest] [INFO]   logZ = -1.039e+05 +- 0.1032
15:30:30 [ultranest] [INFO] Effective samples strategy satisfied (ESS = 1528.8, need >400)
15:30:30 [ultranest] [INFO] Posterior uncertainty strategy is satisfied (KL: 0.47+-0.05 nat, need <0.50 nat)
15:30:30 [ultranest] [INFO] Evidency uncertainty strategy is satisfied (dlogz=0.10, need <0.5)
15:30:30 [ultranest] [INFO]   logZ error budget: single: 0.15 bs:0.10 tail:0.01 total:0.10 required:<0.50
15:30:30 [ultranest] [INFO] done iterating.
15:30:30 [ultranest] [DEBUG] Making corner plot ...
15:30:30 [ultranest] [DEBUG] Making corner plot ... done
15:30:30 [ultranest] [DEBUG] Making run plot ... 
15:30:31 [ultranest] [DEBUG] Making run plot ... done
15:30:31 [ultranest] [DEBUG] Making trace plot ... 
15:30:32 [ultranest] [DEBUG] Making trace plot ... done
