12:05:20 [ultranest] [DEBUG] ReactiveNestedSampler: dims=2+0, resume=False, log_dir=./m-values/N24/S32/M24/T029/P02/NF2/sample_rho, backend=hdf5, vectorized=False, nbootstraps=30, ndraw=128..65536
12:05:20 [ultranest] [INFO] Sampling 400 live points from prior ...
12:05:21 [ultranest] [DEBUG] run_iter dlogz=0.5, dKL=0.5, frac_remain=0.01, Lepsilon=0.0010, min_ess=400
12:05:21 [ultranest] [DEBUG] max_iters=-1, max_ncalls=-1, max_num_improvement_loops=-1, min_num_live_points=400, cluster_num_live_points=40
12:05:21 [ultranest] [DEBUG] minimal_widths_sequence: [(-inf, 400.0), (inf, 400.0)]
12:05:21 [ultranest] [DEBUG] Plateau detected at L=-1.079268e+07, not replacing live point.
12:05:21 [ultranest] [DEBUG] Plateau detected at L=-1.079268e+07, not replacing live point.
12:05:21 [ultranest] [DEBUG] Plateau detected at L=-1.079268e+07, not replacing live point.
12:05:21 [ultranest] [DEBUG] Plateau detected at L=-1.079268e+07, not replacing live point.
12:05:21 [ultranest] [DEBUG] Plateau detected at L=-1.079268e+07, not replacing live point.
12:05:21 [ultranest] [DEBUG] Plateau detected at L=-1.079268e+07, not replacing live point.
12:05:21 [ultranest] [DEBUG] Plateau detected at L=-1.079268e+07, not replacing live point.
12:05:21 [ultranest] [DEBUG] Plateau detected at L=-1.079268e+07, not replacing live point.
12:05:21 [ultranest] [DEBUG] Plateau detected at L=-1.079268e+07, not replacing live point.
12:05:21 [ultranest] [DEBUG] Plateau detected at L=-1.079268e+07, not replacing live point.
12:05:21 [ultranest] [DEBUG] Plateau detected at L=-1.079268e+07, not replacing live point.
12:05:21 [ultranest] [DEBUG] Plateau detected at L=-1.079268e+07, not replacing live point.
12:05:21 [ultranest] [DEBUG] Plateau detected at L=-1.079268e+07, not replacing live point.
12:05:21 [ultranest] [DEBUG] Plateau detected at L=-1.079268e+07, not replacing live point.
12:05:21 [ultranest] [DEBUG] Plateau detected at L=-1.079268e+07, not replacing live point.
12:05:21 [ultranest] [DEBUG] Plateau detected at L=-1.079268e+07, not replacing live point.
12:05:21 [ultranest] [DEBUG] Plateau detected at L=-1.079268e+07, not replacing live point.
12:05:21 [ultranest] [DEBUG] Plateau detected at L=-1.079268e+07, not replacing live point.
12:05:21 [ultranest] [DEBUG] Plateau detected at L=-1.079268e+07, not replacing live point.
12:05:21 [ultranest] [DEBUG] Plateau detected at L=-1.079268e+07, not replacing live point.
12:05:21 [ultranest] [DEBUG] Plateau detected at L=-1.079268e+07, not replacing live point.
12:05:21 [ultranest] [DEBUG] Plateau detected at L=-1.079268e+07, not replacing live point.
12:05:21 [ultranest] [DEBUG] Plateau detected at L=-1.079268e+07, not replacing live point.
12:05:21 [ultranest] [DEBUG] iteration=23, ncalls=401, regioncalls=40, ndraw=40, logz=-10792679.70, remainder_fraction=100.0000%, Lmin=-10792676.85, Lmax=-84143.60
12:05:21 [ultranest] [DEBUG] iteration=40, ncalls=418, regioncalls=720, ndraw=40, logz=-99355.62, remainder_fraction=100.0000%, Lmin=-98984.10, Lmax=-84143.60
12:05:21 [ultranest] [DEBUG] iteration=80, ncalls=462, regioncalls=2480, ndraw=40, logz=-94919.94, remainder_fraction=100.0000%, Lmin=-94874.16, Lmax=-84143.60
12:05:21 [ultranest] [DEBUG] iteration=108, ncalls=492, regioncalls=3680, ndraw=40, logz=-93052.15, remainder_fraction=100.0000%, Lmin=-92968.15, Lmax=-84143.60
12:05:21 [ultranest] [DEBUG] iteration=120, ncalls=504, regioncalls=4160, ndraw=40, logz=-92179.85, remainder_fraction=100.0000%, Lmin=-92104.47, Lmax=-84143.60
12:05:21 [ultranest] [DEBUG] iteration=157, ncalls=550, regioncalls=6000, ndraw=40, logz=-90879.78, remainder_fraction=100.0000%, Lmin=-90842.36, Lmax=-84143.60
12:05:21 [ultranest] [DEBUG] iteration=160, ncalls=554, regioncalls=6160, ndraw=40, logz=-90749.38, remainder_fraction=100.0000%, Lmin=-90738.54, Lmax=-84143.60
12:05:21 [ultranest] [DEBUG] iteration=196, ncalls=596, regioncalls=7840, ndraw=40, logz=-90048.34, remainder_fraction=100.0000%, Lmin=-90023.63, Lmax=-84143.60
12:05:21 [ultranest] [DEBUG] iteration=200, ncalls=600, regioncalls=8000, ndraw=40, logz=-89913.31, remainder_fraction=100.0000%, Lmin=-89898.88, Lmax=-84143.60
12:05:21 [ultranest] [DEBUG] iteration=237, ncalls=647, regioncalls=9880, ndraw=40, logz=-89177.84, remainder_fraction=100.0000%, Lmin=-89130.85, Lmax=-84143.60
12:05:21 [ultranest] [DEBUG] iteration=240, ncalls=650, regioncalls=10000, ndraw=40, logz=-89086.31, remainder_fraction=100.0000%, Lmin=-89040.77, Lmax=-84143.60
12:05:22 [ultranest] [DEBUG] iteration=275, ncalls=700, regioncalls=12000, ndraw=40, logz=-88563.48, remainder_fraction=100.0000%, Lmin=-88528.48, Lmax=-84139.01
12:05:22 [ultranest] [DEBUG] iteration=278, ncalls=703, regioncalls=12120, ndraw=40, logz=-88508.83, remainder_fraction=100.0000%, Lmin=-88500.32, Lmax=-84139.01
12:05:22 [ultranest] [DEBUG] iteration=280, ncalls=706, regioncalls=12240, ndraw=40, logz=-88486.63, remainder_fraction=100.0000%, Lmin=-88466.07, Lmax=-84139.01
12:05:22 [ultranest] [DEBUG] iteration=316, ncalls=754, regioncalls=14160, ndraw=40, logz=-87971.18, remainder_fraction=100.0000%, Lmin=-87960.08, Lmax=-84139.01
12:05:22 [ultranest] [DEBUG] iteration=320, ncalls=760, regioncalls=14400, ndraw=40, logz=-87900.58, remainder_fraction=100.0000%, Lmin=-87893.39, Lmax=-84139.01
12:05:22 [ultranest] [DEBUG] iteration=353, ncalls=808, regioncalls=16320, ndraw=40, logz=-87468.05, remainder_fraction=100.0000%, Lmin=-87459.36, Lmax=-84139.01
12:05:22 [ultranest] [DEBUG] iteration=360, ncalls=819, regioncalls=16760, ndraw=40, logz=-87407.25, remainder_fraction=100.0000%, Lmin=-87396.11, Lmax=-84139.01
12:05:22 [ultranest] [DEBUG] iteration=363, ncalls=823, regioncalls=16920, ndraw=40, logz=-87385.79, remainder_fraction=100.0000%, Lmin=-87370.69, Lmax=-84139.01
12:05:22 [ultranest] [DEBUG] iteration=400, ncalls=870, regioncalls=18800, ndraw=40, logz=-87002.51, remainder_fraction=100.0000%, Lmin=-86994.26, Lmax=-84139.01
12:05:22 [ultranest] [DEBUG] iteration=438, ncalls=917, regioncalls=20680, ndraw=40, logz=-86689.40, remainder_fraction=100.0000%, Lmin=-86681.59, Lmax=-84139.01
12:05:22 [ultranest] [DEBUG] iteration=440, ncalls=920, regioncalls=20800, ndraw=40, logz=-86686.88, remainder_fraction=100.0000%, Lmin=-86679.73, Lmax=-84139.01
12:05:22 [ultranest] [DEBUG] iteration=473, ncalls=963, regioncalls=22520, ndraw=40, logz=-86398.81, remainder_fraction=100.0000%, Lmin=-86391.08, Lmax=-84139.01
12:05:22 [ultranest] [DEBUG] iteration=480, ncalls=971, regioncalls=22840, ndraw=40, logz=-86366.03, remainder_fraction=100.0000%, Lmin=-86346.20, Lmax=-84139.01
12:05:22 [ultranest] [DEBUG] iteration=513, ncalls=1019, regioncalls=24760, ndraw=40, logz=-86144.60, remainder_fraction=100.0000%, Lmin=-86121.37, Lmax=-84139.01
12:05:22 [ultranest] [DEBUG] iteration=520, ncalls=1028, regioncalls=25120, ndraw=40, logz=-86075.45, remainder_fraction=100.0000%, Lmin=-86066.88, Lmax=-84139.01
12:05:22 [ultranest] [DEBUG] iteration=533, ncalls=1044, regioncalls=25760, ndraw=40, logz=-86015.94, remainder_fraction=100.0000%, Lmin=-86001.43, Lmax=-84139.01
12:05:22 [ultranest] [DEBUG] iteration=560, ncalls=1076, regioncalls=27040, ndraw=40, logz=-85789.79, remainder_fraction=100.0000%, Lmin=-85779.82, Lmax=-84139.01
12:05:22 [ultranest] [DEBUG] iteration=597, ncalls=1123, regioncalls=28920, ndraw=40, logz=-85561.05, remainder_fraction=100.0000%, Lmin=-85552.27, Lmax=-84139.01
12:05:22 [ultranest] [DEBUG] iteration=600, ncalls=1129, regioncalls=29160, ndraw=40, logz=-85552.41, remainder_fraction=100.0000%, Lmin=-85541.36, Lmax=-84139.01
12:05:23 [ultranest] [DEBUG] iteration=632, ncalls=1175, regioncalls=31000, ndraw=40, logz=-85452.39, remainder_fraction=100.0000%, Lmin=-85441.24, Lmax=-84139.01
12:05:23 [ultranest] [DEBUG] iteration=640, ncalls=1185, regioncalls=31400, ndraw=40, logz=-85425.60, remainder_fraction=100.0000%, Lmin=-85410.47, Lmax=-84139.01
12:05:23 [ultranest] [DEBUG] iteration=679, ncalls=1231, regioncalls=33240, ndraw=40, logz=-85277.13, remainder_fraction=100.0000%, Lmin=-85269.25, Lmax=-84139.01
12:05:23 [ultranest] [DEBUG] iteration=680, ncalls=1232, regioncalls=33280, ndraw=40, logz=-85276.36, remainder_fraction=100.0000%, Lmin=-85258.74, Lmax=-84139.01
12:05:23 [ultranest] [DEBUG] iteration=703, ncalls=1258, regioncalls=34320, ndraw=40, logz=-85182.69, remainder_fraction=100.0000%, Lmin=-85165.10, Lmax=-84139.01
12:05:23 [ultranest] [DEBUG] iteration=720, ncalls=1276, regioncalls=35040, ndraw=40, logz=-85116.20, remainder_fraction=100.0000%, Lmin=-85105.45, Lmax=-84139.01
12:05:23 [ultranest] [DEBUG] iteration=753, ncalls=1324, regioncalls=36960, ndraw=40, logz=-85033.89, remainder_fraction=100.0000%, Lmin=-85026.19, Lmax=-84139.01
12:05:23 [ultranest] [DEBUG] iteration=760, ncalls=1336, regioncalls=37440, ndraw=40, logz=-85012.52, remainder_fraction=100.0000%, Lmin=-85002.88, Lmax=-84139.01
12:05:23 [ultranest] [DEBUG] iteration=791, ncalls=1381, regioncalls=39240, ndraw=40, logz=-84914.24, remainder_fraction=100.0000%, Lmin=-84906.34, Lmax=-84139.01
12:05:23 [ultranest] [DEBUG] iteration=800, ncalls=1391, regioncalls=39640, ndraw=40, logz=-84899.36, remainder_fraction=100.0000%, Lmin=-84878.92, Lmax=-84139.01
12:05:23 [ultranest] [DEBUG] iteration=839, ncalls=1438, regioncalls=41520, ndraw=40, logz=-84801.54, remainder_fraction=100.0000%, Lmin=-84790.58, Lmax=-84139.01
12:05:23 [ultranest] [DEBUG] iteration=840, ncalls=1439, regioncalls=41560, ndraw=40, logz=-84798.67, remainder_fraction=100.0000%, Lmin=-84783.17, Lmax=-84139.01
12:05:23 [ultranest] [DEBUG] iteration=873, ncalls=1484, regioncalls=43360, ndraw=40, logz=-84720.21, remainder_fraction=100.0000%, Lmin=-84710.38, Lmax=-84139.01
12:05:23 [ultranest] [DEBUG] iteration=880, ncalls=1492, regioncalls=43680, ndraw=40, logz=-84709.36, remainder_fraction=100.0000%, Lmin=-84701.15, Lmax=-84139.01
12:05:23 [ultranest] [DEBUG] iteration=914, ncalls=1539, regioncalls=45600, ndraw=40, logz=-84668.14, remainder_fraction=100.0000%, Lmin=-84659.80, Lmax=-84139.01
12:05:23 [ultranest] [DEBUG] iteration=920, ncalls=1545, regioncalls=45840, ndraw=40, logz=-84660.84, remainder_fraction=100.0000%, Lmin=-84651.07, Lmax=-84139.01
12:05:23 [ultranest] [DEBUG] iteration=954, ncalls=1593, regioncalls=47760, ndraw=40, logz=-84625.63, remainder_fraction=100.0000%, Lmin=-84617.69, Lmax=-84139.01
12:05:23 [ultranest] [DEBUG] iteration=958, ncalls=1598, regioncalls=47960, ndraw=40, logz=-84622.19, remainder_fraction=100.0000%, Lmin=-84613.99, Lmax=-84139.01
12:05:24 [ultranest] [DEBUG] iteration=960, ncalls=1604, regioncalls=48200, ndraw=40, logz=-84619.80, remainder_fraction=100.0000%, Lmin=-84609.41, Lmax=-84139.01
12:05:24 [ultranest] [DEBUG] iteration=994, ncalls=1654, regioncalls=50240, ndraw=40, logz=-84569.80, remainder_fraction=100.0000%, Lmin=-84561.66, Lmax=-84139.01
12:05:24 [ultranest] [DEBUG] iteration=1000, ncalls=1665, regioncalls=50680, ndraw=40, logz=-84566.29, remainder_fraction=100.0000%, Lmin=-84556.15, Lmax=-84139.01
12:05:24 [ultranest] [DEBUG] iteration=1035, ncalls=1717, regioncalls=52760, ndraw=40, logz=-84526.80, remainder_fraction=100.0000%, Lmin=-84516.59, Lmax=-84139.01
12:05:24 [ultranest] [DEBUG] iteration=1040, ncalls=1726, regioncalls=53120, ndraw=40, logz=-84521.26, remainder_fraction=100.0000%, Lmin=-84512.12, Lmax=-84139.01
12:05:24 [ultranest] [DEBUG] iteration=1043, ncalls=1734, regioncalls=53440, ndraw=40, logz=-84518.83, remainder_fraction=100.0000%, Lmin=-84510.58, Lmax=-84139.01
12:05:24 [ultranest] [DEBUG] iteration=1077, ncalls=1781, regioncalls=55360, ndraw=40, logz=-84487.47, remainder_fraction=100.0000%, Lmin=-84478.24, Lmax=-84139.01
12:05:24 [ultranest] [DEBUG] iteration=1080, ncalls=1784, regioncalls=55480, ndraw=40, logz=-84485.40, remainder_fraction=100.0000%, Lmin=-84476.97, Lmax=-84139.01
12:05:24 [ultranest] [DEBUG] iteration=1114, ncalls=1831, regioncalls=57360, ndraw=40, logz=-84459.66, remainder_fraction=100.0000%, Lmin=-84449.76, Lmax=-84138.84
12:05:24 [ultranest] [DEBUG] iteration=1120, ncalls=1838, regioncalls=57640, ndraw=40, logz=-84453.26, remainder_fraction=100.0000%, Lmin=-84444.60, Lmax=-84138.84
12:05:24 [ultranest] [DEBUG] iteration=1150, ncalls=1882, regioncalls=59400, ndraw=40, logz=-84431.26, remainder_fraction=100.0000%, Lmin=-84422.20, Lmax=-84138.84
12:05:24 [ultranest] [DEBUG] iteration=1160, ncalls=1895, regioncalls=59920, ndraw=40, logz=-84421.73, remainder_fraction=100.0000%, Lmin=-84411.96, Lmax=-84138.84
12:05:24 [ultranest] [DEBUG] iteration=1193, ncalls=1943, regioncalls=61840, ndraw=40, logz=-84400.34, remainder_fraction=100.0000%, Lmin=-84392.28, Lmax=-84138.84
12:05:24 [ultranest] [DEBUG] iteration=1200, ncalls=1953, regioncalls=62240, ndraw=40, logz=-84397.18, remainder_fraction=100.0000%, Lmin=-84388.87, Lmax=-84138.84
12:05:24 [ultranest] [DEBUG] iteration=1213, ncalls=1972, regioncalls=63000, ndraw=40, logz=-84390.51, remainder_fraction=100.0000%, Lmin=-84382.02, Lmax=-84138.84
12:05:24 [ultranest] [DEBUG] iteration=1240, ncalls=2009, regioncalls=64560, ndraw=40, logz=-84375.74, remainder_fraction=100.0000%, Lmin=-84367.84, Lmax=-84138.84
12:05:24 [ultranest] [DEBUG] iteration=1278, ncalls=2055, regioncalls=66400, ndraw=40, logz=-84360.16, remainder_fraction=100.0000%, Lmin=-84351.44, Lmax=-84138.84
12:05:24 [ultranest] [DEBUG] iteration=1280, ncalls=2058, regioncalls=66520, ndraw=40, logz=-84359.11, remainder_fraction=100.0000%, Lmin=-84349.57, Lmax=-84138.84
12:05:25 [ultranest] [DEBUG] iteration=1313, ncalls=2102, regioncalls=68280, ndraw=40, logz=-84339.12, remainder_fraction=100.0000%, Lmin=-84330.19, Lmax=-84138.84
12:05:25 [ultranest] [DEBUG] iteration=1320, ncalls=2112, regioncalls=68680, ndraw=40, logz=-84334.90, remainder_fraction=100.0000%, Lmin=-84326.24, Lmax=-84138.84
12:05:25 [ultranest] [DEBUG] iteration=1349, ncalls=2162, regioncalls=70680, ndraw=40, logz=-84323.78, remainder_fraction=100.0000%, Lmin=-84315.14, Lmax=-84138.84
12:05:25 [ultranest] [DEBUG] iteration=1360, ncalls=2180, regioncalls=71400, ndraw=40, logz=-84320.07, remainder_fraction=100.0000%, Lmin=-84311.57, Lmax=-84138.84
12:05:25 [ultranest] [DEBUG] iteration=1383, ncalls=2226, regioncalls=73240, ndraw=40, logz=-84309.82, remainder_fraction=100.0000%, Lmin=-84301.56, Lmax=-84138.84
12:05:25 [ultranest] [DEBUG] iteration=1400, ncalls=2249, regioncalls=74200, ndraw=40, logz=-84304.28, remainder_fraction=100.0000%, Lmin=-84295.72, Lmax=-84138.84
12:05:25 [ultranest] [DEBUG] iteration=1434, ncalls=2294, regioncalls=76000, ndraw=40, logz=-84289.76, remainder_fraction=100.0000%, Lmin=-84281.33, Lmax=-84138.84
12:05:25 [ultranest] [DEBUG] iteration=1440, ncalls=2306, regioncalls=76480, ndraw=40, logz=-84288.37, remainder_fraction=100.0000%, Lmin=-84280.08, Lmax=-84138.84
12:05:25 [ultranest] [DEBUG] iteration=1473, ncalls=2349, regioncalls=78240, ndraw=40, logz=-84278.12, remainder_fraction=100.0000%, Lmin=-84269.66, Lmax=-84138.84
12:05:25 [ultranest] [DEBUG] iteration=1480, ncalls=2358, regioncalls=78600, ndraw=40, logz=-84276.19, remainder_fraction=100.0000%, Lmin=-84267.64, Lmax=-84138.84
12:05:25 [ultranest] [DEBUG] iteration=1511, ncalls=2407, regioncalls=80560, ndraw=40, logz=-84263.78, remainder_fraction=100.0000%, Lmin=-84255.13, Lmax=-84138.84
12:05:25 [ultranest] [DEBUG] iteration=1520, ncalls=2422, regioncalls=81160, ndraw=40, logz=-84261.82, remainder_fraction=100.0000%, Lmin=-84253.52, Lmax=-84138.84
12:05:25 [ultranest] [DEBUG] iteration=1553, ncalls=2469, regioncalls=83080, ndraw=40, logz=-84253.32, remainder_fraction=100.0000%, Lmin=-84244.12, Lmax=-84138.84
12:05:25 [ultranest] [DEBUG] iteration=1560, ncalls=2477, regioncalls=83440, ndraw=40, logz=-84250.91, remainder_fraction=100.0000%, Lmin=-84241.78, Lmax=-84138.84
12:05:26 [ultranest] [DEBUG] iteration=1596, ncalls=2523, regioncalls=85320, ndraw=40, logz=-84240.66, remainder_fraction=100.0000%, Lmin=-84231.54, Lmax=-84138.84
12:05:26 [ultranest] [DEBUG] iteration=1600, ncalls=2528, regioncalls=85520, ndraw=40, logz=-84239.62, remainder_fraction=100.0000%, Lmin=-84230.93, Lmax=-84138.84
12:05:26 [ultranest] [DEBUG] iteration=1636, ncalls=2575, regioncalls=87400, ndraw=40, logz=-84231.18, remainder_fraction=100.0000%, Lmin=-84222.55, Lmax=-84138.84
12:05:26 [ultranest] [DEBUG] iteration=1638, ncalls=2577, regioncalls=87480, ndraw=40, logz=-84230.84, remainder_fraction=100.0000%, Lmin=-84221.75, Lmax=-84138.84
12:05:26 [ultranest] [DEBUG] iteration=1640, ncalls=2580, regioncalls=87640, ndraw=40, logz=-84230.35, remainder_fraction=100.0000%, Lmin=-84221.54, Lmax=-84138.84
12:05:26 [ultranest] [DEBUG] iteration=1677, ncalls=2627, regioncalls=89520, ndraw=40, logz=-84223.64, remainder_fraction=100.0000%, Lmin=-84214.94, Lmax=-84138.84
12:05:26 [ultranest] [DEBUG] iteration=1680, ncalls=2632, regioncalls=89720, ndraw=40, logz=-84223.18, remainder_fraction=100.0000%, Lmin=-84214.83, Lmax=-84138.84
12:05:26 [ultranest] [DEBUG] iteration=1706, ncalls=2663, regioncalls=90960, ndraw=40, logz=-84217.89, remainder_fraction=100.0000%, Lmin=-84208.70, Lmax=-84138.84
12:05:26 [ultranest] [DEBUG] iteration=1720, ncalls=2678, regioncalls=91560, ndraw=40, logz=-84214.01, remainder_fraction=100.0000%, Lmin=-84205.11, Lmax=-84138.84
12:05:26 [ultranest] [DEBUG] iteration=1723, ncalls=2684, regioncalls=91840, ndraw=40, logz=-84213.36, remainder_fraction=100.0000%, Lmin=-84204.49, Lmax=-84138.84
12:05:26 [ultranest] [DEBUG] iteration=1760, ncalls=2724, regioncalls=93600, ndraw=40, logz=-84207.17, remainder_fraction=100.0000%, Lmin=-84198.13, Lmax=-84138.84
12:05:26 [ultranest] [DEBUG] iteration=1798, ncalls=2770, regioncalls=95440, ndraw=40, logz=-84201.83, remainder_fraction=100.0000%, Lmin=-84193.54, Lmax=-84138.74
12:05:26 [ultranest] [DEBUG] iteration=1800, ncalls=2772, regioncalls=95520, ndraw=40, logz=-84201.65, remainder_fraction=100.0000%, Lmin=-84193.31, Lmax=-84138.74
12:05:26 [ultranest] [DEBUG] iteration=1808, ncalls=2783, regioncalls=96000, ndraw=40, logz=-84200.94, remainder_fraction=100.0000%, Lmin=-84192.56, Lmax=-84138.74
12:05:26 [ultranest] [DEBUG] iteration=1840, ncalls=2823, regioncalls=97600, ndraw=40, logz=-84196.96, remainder_fraction=100.0000%, Lmin=-84187.97, Lmax=-84138.74
12:05:26 [ultranest] [DEBUG] iteration=1876, ncalls=2869, regioncalls=99440, ndraw=40, logz=-84191.56, remainder_fraction=100.0000%, Lmin=-84182.82, Lmax=-84138.74
12:05:26 [ultranest] [DEBUG] iteration=1880, ncalls=2876, regioncalls=99720, ndraw=40, logz=-84191.13, remainder_fraction=100.0000%, Lmin=-84182.49, Lmax=-84138.74
12:05:26 [ultranest] [DEBUG] iteration=1893, ncalls=2897, regioncalls=100560, ndraw=40, logz=-84189.78, remainder_fraction=100.0000%, Lmin=-84180.75, Lmax=-84138.74
12:05:26 [ultranest] [DEBUG] iteration=1920, ncalls=2932, regioncalls=102080, ndraw=40, logz=-84187.12, remainder_fraction=100.0000%, Lmin=-84178.26, Lmax=-84138.74
12:05:27 [ultranest] [DEBUG] iteration=1956, ncalls=2979, regioncalls=103960, ndraw=40, logz=-84183.56, remainder_fraction=100.0000%, Lmin=-84174.71, Lmax=-84138.74
12:05:27 [ultranest] [DEBUG] iteration=1960, ncalls=2986, regioncalls=104240, ndraw=40, logz=-84183.05, remainder_fraction=100.0000%, Lmin=-84173.82, Lmax=-84138.74
12:05:27 [ultranest] [DEBUG] iteration=1978, ncalls=3010, regioncalls=105240, ndraw=40, logz=-84181.22, remainder_fraction=100.0000%, Lmin=-84172.59, Lmax=-84138.74
12:05:27 [ultranest] [DEBUG] iteration=2000, ncalls=3037, regioncalls=106320, ndraw=40, logz=-84179.77, remainder_fraction=100.0000%, Lmin=-84171.25, Lmax=-84138.74
12:05:27 [ultranest] [DEBUG] iteration=2038, ncalls=3082, regioncalls=108120, ndraw=40, logz=-84176.81, remainder_fraction=100.0000%, Lmin=-84167.94, Lmax=-84138.74
12:05:27 [ultranest] [DEBUG] iteration=2040, ncalls=3084, regioncalls=108200, ndraw=40, logz=-84176.65, remainder_fraction=100.0000%, Lmin=-84167.82, Lmax=-84138.74
12:05:27 [ultranest] [DEBUG] iteration=2063, ncalls=3114, regioncalls=109440, ndraw=40, logz=-84174.78, remainder_fraction=100.0000%, Lmin=-84165.66, Lmax=-84138.74
12:05:27 [ultranest] [DEBUG] iteration=2080, ncalls=3134, regioncalls=110240, ndraw=40, logz=-84173.20, remainder_fraction=100.0000%, Lmin=-84164.32, Lmax=-84138.74
12:05:27 [ultranest] [DEBUG] iteration=2119, ncalls=3179, regioncalls=112040, ndraw=40, logz=-84170.37, remainder_fraction=100.0000%, Lmin=-84161.46, Lmax=-84138.74
12:05:27 [ultranest] [DEBUG] iteration=2120, ncalls=3184, regioncalls=112240, ndraw=40, logz=-84170.30, remainder_fraction=100.0000%, Lmin=-84161.41, Lmax=-84138.74
12:05:27 [ultranest] [DEBUG] iteration=2151, ncalls=3228, regioncalls=114000, ndraw=40, logz=-84168.46, remainder_fraction=100.0000%, Lmin=-84159.77, Lmax=-84138.74
12:05:27 [ultranest] [DEBUG] iteration=2160, ncalls=3244, regioncalls=114640, ndraw=40, logz=-84168.00, remainder_fraction=100.0000%, Lmin=-84159.33, Lmax=-84138.74
12:05:27 [ultranest] [DEBUG] iteration=2193, ncalls=3292, regioncalls=116560, ndraw=40, logz=-84166.20, remainder_fraction=100.0000%, Lmin=-84157.36, Lmax=-84138.74
12:05:27 [ultranest] [DEBUG] iteration=2200, ncalls=3305, regioncalls=117080, ndraw=40, logz=-84165.84, remainder_fraction=100.0000%, Lmin=-84157.00, Lmax=-84138.74
12:05:27 [ultranest] [DEBUG] iteration=2233, ncalls=3351, regioncalls=118960, ndraw=40, logz=-84164.09, remainder_fraction=100.0000%, Lmin=-84155.19, Lmax=-84138.74
12:05:27 [ultranest] [DEBUG] iteration=2240, ncalls=3360, regioncalls=119320, ndraw=40, logz=-84163.76, remainder_fraction=100.0000%, Lmin=-84154.91, Lmax=-84138.74
12:05:28 [ultranest] [DEBUG] iteration=2275, ncalls=3407, regioncalls=121200, ndraw=40, logz=-84162.28, remainder_fraction=100.0000%, Lmin=-84153.45, Lmax=-84138.74
12:05:28 [ultranest] [DEBUG] iteration=2280, ncalls=3415, regioncalls=121520, ndraw=40, logz=-84162.05, remainder_fraction=100.0000%, Lmin=-84153.08, Lmax=-84138.74
12:05:28 [ultranest] [DEBUG] iteration=2314, ncalls=3462, regioncalls=123400, ndraw=40, logz=-84160.52, remainder_fraction=99.9998%, Lmin=-84151.49, Lmax=-84138.74
12:05:28 [ultranest] [DEBUG] iteration=2318, ncalls=3467, regioncalls=123640, ndraw=40, logz=-84160.33, remainder_fraction=99.9998%, Lmin=-84151.26, Lmax=-84138.74
12:05:28 [ultranest] [DEBUG] iteration=2320, ncalls=3469, regioncalls=123760, ndraw=40, logz=-84160.23, remainder_fraction=99.9998%, Lmin=-84151.18, Lmax=-84138.74
12:05:28 [ultranest] [DEBUG] iteration=2356, ncalls=3517, regioncalls=125680, ndraw=40, logz=-84158.80, remainder_fraction=99.9990%, Lmin=-84150.06, Lmax=-84138.74
12:05:28 [ultranest] [DEBUG] iteration=2360, ncalls=3521, regioncalls=125840, ndraw=40, logz=-84158.68, remainder_fraction=99.9989%, Lmin=-84150.01, Lmax=-84138.74
12:05:28 [ultranest] [DEBUG] iteration=2396, ncalls=3568, regioncalls=127720, ndraw=40, logz=-84157.68, remainder_fraction=99.9969%, Lmin=-84149.11, Lmax=-84138.74
12:05:28 [ultranest] [DEBUG] iteration=2400, ncalls=3576, regioncalls=128040, ndraw=40, logz=-84157.58, remainder_fraction=99.9967%, Lmin=-84148.94, Lmax=-84138.74
12:05:28 [ultranest] [DEBUG] iteration=2403, ncalls=3581, regioncalls=128360, ndraw=40, logz=-84157.50, remainder_fraction=99.9964%, Lmin=-84148.78, Lmax=-84138.74
12:05:28 [ultranest] [DEBUG] iteration=2440, ncalls=3626, regioncalls=130160, ndraw=40, logz=-84156.58, remainder_fraction=99.9908%, Lmin=-84147.98, Lmax=-84138.74
12:05:28 [ultranest] [DEBUG] iteration=2476, ncalls=3673, regioncalls=132040, ndraw=40, logz=-84155.75, remainder_fraction=99.9785%, Lmin=-84147.08, Lmax=-84138.74
12:05:28 [ultranest] [DEBUG] iteration=2480, ncalls=3677, regioncalls=132200, ndraw=40, logz=-84155.67, remainder_fraction=99.9764%, Lmin=-84147.03, Lmax=-84138.74
12:05:28 [ultranest] [DEBUG] iteration=2488, ncalls=3686, regioncalls=132680, ndraw=40, logz=-84155.50, remainder_fraction=99.9719%, Lmin=-84146.74, Lmax=-84138.74
12:05:28 [ultranest] [DEBUG] iteration=2520, ncalls=3725, regioncalls=134280, ndraw=40, logz=-84154.79, remainder_fraction=99.9436%, Lmin=-84146.03, Lmax=-84138.74
12:05:28 [ultranest] [DEBUG] iteration=2552, ncalls=3774, regioncalls=136240, ndraw=40, logz=-84154.13, remainder_fraction=99.8937%, Lmin=-84145.40, Lmax=-84138.74
12:05:28 [ultranest] [DEBUG] iteration=2560, ncalls=3785, regioncalls=136680, ndraw=40, logz=-84153.98, remainder_fraction=99.8759%, Lmin=-84145.17, Lmax=-84138.74
12:05:28 [ultranest] [DEBUG] iteration=2573, ncalls=3805, regioncalls=137520, ndraw=40, logz=-84153.73, remainder_fraction=99.8421%, Lmin=-84144.93, Lmax=-84138.74
12:05:28 [ultranest] [DEBUG] iteration=2600, ncalls=3837, regioncalls=138800, ndraw=40, logz=-84153.24, remainder_fraction=99.7389%, Lmin=-84144.49, Lmax=-84138.74
12:05:29 [ultranest] [DEBUG] iteration=2632, ncalls=3887, regioncalls=140800, ndraw=40, logz=-84152.71, remainder_fraction=99.5562%, Lmin=-84143.95, Lmax=-84138.74
12:05:29 [ultranest] [DEBUG] iteration=2640, ncalls=3898, regioncalls=141240, ndraw=40, logz=-84152.59, remainder_fraction=99.4940%, Lmin=-84143.86, Lmax=-84138.74
12:05:29 [ultranest] [DEBUG] iteration=2658, ncalls=3923, regioncalls=142280, ndraw=40, logz=-84152.33, remainder_fraction=99.3528%, Lmin=-84143.64, Lmax=-84138.74
12:05:29 [ultranest] [DEBUG] iteration=2680, ncalls=3949, regioncalls=143320, ndraw=40, logz=-84152.05, remainder_fraction=99.1279%, Lmin=-84143.33, Lmax=-84138.74
12:05:29 [ultranest] [DEBUG] iteration=2713, ncalls=3996, regioncalls=145200, ndraw=40, logz=-84151.64, remainder_fraction=98.6920%, Lmin=-84142.96, Lmax=-84138.74
12:05:29 [ultranest] [DEBUG] iteration=2720, ncalls=4005, regioncalls=145560, ndraw=40, logz=-84151.56, remainder_fraction=98.5726%, Lmin=-84142.87, Lmax=-84138.74
12:05:29 [ultranest] [DEBUG] iteration=2749, ncalls=4050, regioncalls=147360, ndraw=40, logz=-84151.23, remainder_fraction=98.0158%, Lmin=-84142.55, Lmax=-84138.74
12:05:29 [ultranest] [DEBUG] iteration=2760, ncalls=4065, regioncalls=147960, ndraw=40, logz=-84151.12, remainder_fraction=97.7687%, Lmin=-84142.48, Lmax=-84138.74
12:05:29 [ultranest] [DEBUG] iteration=2794, ncalls=4112, regioncalls=149840, ndraw=40, logz=-84150.79, remainder_fraction=96.8684%, Lmin=-84142.14, Lmax=-84138.74
12:05:29 [ultranest] [DEBUG] iteration=2800, ncalls=4120, regioncalls=150160, ndraw=40, logz=-84150.73, remainder_fraction=96.6865%, Lmin=-84142.04, Lmax=-84138.74
12:05:29 [ultranest] [DEBUG] iteration=2828, ncalls=4160, regioncalls=151800, ndraw=40, logz=-84150.47, remainder_fraction=95.6830%, Lmin=-84141.69, Lmax=-84138.74
12:05:29 [ultranest] [DEBUG] iteration=2840, ncalls=4175, regioncalls=152440, ndraw=40, logz=-84150.36, remainder_fraction=95.1992%, Lmin=-84141.66, Lmax=-84138.74
12:05:29 [ultranest] [DEBUG] iteration=2870, ncalls=4224, regioncalls=154400, ndraw=40, logz=-84150.12, remainder_fraction=93.8544%, Lmin=-84141.43, Lmax=-84138.74
12:05:29 [ultranest] [DEBUG] iteration=2880, ncalls=4236, regioncalls=154880, ndraw=40, logz=-84150.04, remainder_fraction=93.3323%, Lmin=-84141.37, Lmax=-84138.74
12:05:29 [ultranest] [DEBUG] iteration=2913, ncalls=4285, regioncalls=156920, ndraw=40, logz=-84149.81, remainder_fraction=91.5579%, Lmin=-84141.17, Lmax=-84138.74
12:05:29 [ultranest] [DEBUG] iteration=2920, ncalls=4294, regioncalls=157280, ndraw=40, logz=-84149.76, remainder_fraction=91.1628%, Lmin=-84141.12, Lmax=-84138.74
12:05:30 [ultranest] [DEBUG] iteration=2956, ncalls=4340, regioncalls=159120, ndraw=40, logz=-84149.55, remainder_fraction=88.9482%, Lmin=-84140.92, Lmax=-84138.74
12:05:30 [ultranest] [DEBUG] iteration=2960, ncalls=4346, regioncalls=159360, ndraw=40, logz=-84149.52, remainder_fraction=88.7098%, Lmin=-84140.89, Lmax=-84138.74
12:05:30 [ultranest] [DEBUG] iteration=2996, ncalls=4392, regioncalls=161200, ndraw=40, logz=-84149.33, remainder_fraction=86.1333%, Lmin=-84140.68, Lmax=-84138.74
12:05:30 [ultranest] [DEBUG] iteration=2998, ncalls=4394, regioncalls=161360, ndraw=40, logz=-84149.32, remainder_fraction=85.9953%, Lmin=-84140.67, Lmax=-84138.74
12:05:30 [ultranest] [DEBUG] iteration=3000, ncalls=4396, regioncalls=161440, ndraw=40, logz=-84149.31, remainder_fraction=85.8825%, Lmin=-84140.66, Lmax=-84138.74
12:05:30 [ultranest] [DEBUG] iteration=3037, ncalls=4440, regioncalls=163320, ndraw=40, logz=-84149.12, remainder_fraction=82.9188%, Lmin=-84140.48, Lmax=-84138.74
12:05:30 [ultranest] [DEBUG] iteration=3040, ncalls=4443, regioncalls=163440, ndraw=40, logz=-84149.11, remainder_fraction=82.6607%, Lmin=-84140.47, Lmax=-84138.74
12:05:30 [ultranest] [DEBUG] iteration=3075, ncalls=4489, regioncalls=165280, ndraw=40, logz=-84148.95, remainder_fraction=79.6528%, Lmin=-84140.34, Lmax=-84138.74
12:05:30 [ultranest] [DEBUG] iteration=3080, ncalls=4494, regioncalls=165480, ndraw=40, logz=-84148.93, remainder_fraction=79.2522%, Lmin=-84140.33, Lmax=-84138.74
12:05:30 [ultranest] [DEBUG] iteration=3115, ncalls=4535, regioncalls=167120, ndraw=40, logz=-84148.79, remainder_fraction=76.3205%, Lmin=-84140.17, Lmax=-84138.74
12:05:30 [ultranest] [DEBUG] iteration=3120, ncalls=4544, regioncalls=167480, ndraw=40, logz=-84148.77, remainder_fraction=75.8027%, Lmin=-84140.14, Lmax=-84138.74
12:05:30 [ultranest] [DEBUG] iteration=3152, ncalls=4591, regioncalls=169360, ndraw=40, logz=-84148.66, remainder_fraction=72.9708%, Lmin=-84140.04, Lmax=-84138.74
12:05:30 [ultranest] [DEBUG] iteration=3160, ncalls=4601, regioncalls=169760, ndraw=40, logz=-84148.63, remainder_fraction=72.2176%, Lmin=-84140.02, Lmax=-84138.74
12:05:30 [ultranest] [DEBUG] iteration=3168, ncalls=4612, regioncalls=170240, ndraw=40, logz=-84148.60, remainder_fraction=71.5623%, Lmin=-84139.99, Lmax=-84138.74
12:05:30 [ultranest] [DEBUG] iteration=3200, ncalls=4654, regioncalls=172000, ndraw=40, logz=-84148.50, remainder_fraction=68.4303%, Lmin=-84139.88, Lmax=-84138.74
12:05:30 [ultranest] [DEBUG] iteration=3236, ncalls=4700, regioncalls=173840, ndraw=40, logz=-84148.40, remainder_fraction=65.0030%, Lmin=-84139.81, Lmax=-84138.74
12:05:30 [ultranest] [DEBUG] iteration=3240, ncalls=4705, regioncalls=174040, ndraw=40, logz=-84148.39, remainder_fraction=64.5993%, Lmin=-84139.80, Lmax=-84138.74
12:05:31 [ultranest] [DEBUG] iteration=3271, ncalls=4751, regioncalls=175880, ndraw=40, logz=-84148.31, remainder_fraction=61.6109%, Lmin=-84139.73, Lmax=-84138.74
12:05:31 [ultranest] [DEBUG] iteration=3280, ncalls=4763, regioncalls=176360, ndraw=40, logz=-84148.29, remainder_fraction=60.7278%, Lmin=-84139.70, Lmax=-84138.74
12:05:31 [ultranest] [DEBUG] iteration=3316, ncalls=4808, regioncalls=178160, ndraw=40, logz=-84148.21, remainder_fraction=57.1166%, Lmin=-84139.59, Lmax=-84138.74
12:05:31 [ultranest] [DEBUG] iteration=3320, ncalls=4813, regioncalls=178360, ndraw=40, logz=-84148.20, remainder_fraction=56.6771%, Lmin=-84139.58, Lmax=-84138.74
12:05:31 [ultranest] [DEBUG] iteration=3338, ncalls=4834, regioncalls=179240, ndraw=40, logz=-84148.16, remainder_fraction=55.0585%, Lmin=-84139.54, Lmax=-84138.74
12:05:31 [ultranest] [DEBUG] iteration=3360, ncalls=4861, regioncalls=180400, ndraw=40, logz=-84148.12, remainder_fraction=52.9945%, Lmin=-84139.49, Lmax=-84138.74
12:05:31 [ultranest] [DEBUG] iteration=3392, ncalls=4909, regioncalls=182320, ndraw=40, logz=-84148.05, remainder_fraction=50.0311%, Lmin=-84139.42, Lmax=-84138.74
12:05:31 [ultranest] [DEBUG] iteration=3400, ncalls=4921, regioncalls=182800, ndraw=40, logz=-84148.04, remainder_fraction=49.3205%, Lmin=-84139.40, Lmax=-84138.74
12:05:31 [ultranest] [DEBUG] iteration=3423, ncalls=4952, regioncalls=184080, ndraw=40, logz=-84148.00, remainder_fraction=47.2639%, Lmin=-84139.37, Lmax=-84138.74
12:05:31 [ultranest] [DEBUG] iteration=3440, ncalls=4972, regioncalls=184880, ndraw=40, logz=-84147.97, remainder_fraction=45.7252%, Lmin=-84139.34, Lmax=-84138.74
12:05:31 [ultranest] [DEBUG] iteration=3476, ncalls=5018, regioncalls=186720, ndraw=40, logz=-84147.91, remainder_fraction=42.4594%, Lmin=-84139.28, Lmax=-84138.74
12:05:31 [ultranest] [DEBUG] iteration=3480, ncalls=5022, regioncalls=186880, ndraw=40, logz=-84147.91, remainder_fraction=42.1147%, Lmin=-84139.28, Lmax=-84138.74
12:05:31 [ultranest] [DEBUG] iteration=3508, ncalls=5066, regioncalls=188720, ndraw=40, logz=-84147.87, remainder_fraction=39.8185%, Lmin=-84139.24, Lmax=-84138.74
12:05:31 [ultranest] [DEBUG] iteration=3520, ncalls=5083, regioncalls=189400, ndraw=40, logz=-84147.85, remainder_fraction=38.8509%, Lmin=-84139.22, Lmax=-84138.74
12:05:31 [ultranest] [DEBUG] iteration=3554, ncalls=5130, regioncalls=191280, ndraw=40, logz=-84147.81, remainder_fraction=36.2555%, Lmin=-84139.18, Lmax=-84138.74
12:05:31 [ultranest] [DEBUG] iteration=3560, ncalls=5136, regioncalls=191520, ndraw=40, logz=-84147.80, remainder_fraction=35.8070%, Lmin=-84139.18, Lmax=-84138.74
12:05:31 [ultranest] [DEBUG] iteration=3592, ncalls=5183, regioncalls=193400, ndraw=40, logz=-84147.77, remainder_fraction=33.3917%, Lmin=-84139.14, Lmax=-84138.74
12:05:32 [ultranest] [DEBUG] iteration=3600, ncalls=5192, regioncalls=193760, ndraw=40, logz=-84147.76, remainder_fraction=32.8227%, Lmin=-84139.14, Lmax=-84138.74
12:05:32 [ultranest] [DEBUG] iteration=3632, ncalls=5241, regioncalls=195720, ndraw=40, logz=-84147.73, remainder_fraction=30.5862%, Lmin=-84139.10, Lmax=-84138.74
12:05:32 [ultranest] [DEBUG] iteration=3640, ncalls=5251, regioncalls=196120, ndraw=40, logz=-84147.72, remainder_fraction=30.0768%, Lmin=-84139.09, Lmax=-84138.74
12:05:32 [ultranest] [DEBUG] iteration=3674, ncalls=5298, regioncalls=198000, ndraw=40, logz=-84147.69, remainder_fraction=27.8909%, Lmin=-84139.06, Lmax=-84138.74
12:05:32 [ultranest] [DEBUG] iteration=3678, ncalls=5302, regioncalls=198240, ndraw=40, logz=-84147.68, remainder_fraction=27.6458%, Lmin=-84139.06, Lmax=-84138.74
12:05:32 [ultranest] [DEBUG] iteration=3680, ncalls=5305, regioncalls=198360, ndraw=40, logz=-84147.68, remainder_fraction=27.5221%, Lmin=-84139.05, Lmax=-84138.74
12:05:32 [ultranest] [DEBUG] iteration=3716, ncalls=5350, regioncalls=200160, ndraw=40, logz=-84147.65, remainder_fraction=25.3267%, Lmin=-84139.02, Lmax=-84138.74
12:05:32 [ultranest] [DEBUG] iteration=3720, ncalls=5357, regioncalls=200440, ndraw=40, logz=-84147.65, remainder_fraction=25.0905%, Lmin=-84139.02, Lmax=-84138.74
12:05:32 [ultranest] [DEBUG] iteration=3753, ncalls=5404, regioncalls=202320, ndraw=40, logz=-84147.63, remainder_fraction=23.2312%, Lmin=-84139.00, Lmax=-84138.74
12:05:32 [ultranest] [DEBUG] iteration=3760, ncalls=5414, regioncalls=202720, ndraw=40, logz=-84147.62, remainder_fraction=22.8536%, Lmin=-84138.99, Lmax=-84138.74
12:05:32 [ultranest] [DEBUG] iteration=3763, ncalls=5417, regioncalls=202880, ndraw=40, logz=-84147.62, remainder_fraction=22.6977%, Lmin=-84138.99, Lmax=-84138.74
12:05:32 [ultranest] [DEBUG] iteration=3794, ncalls=5465, regioncalls=204800, ndraw=40, logz=-84147.60, remainder_fraction=21.0680%, Lmin=-84138.97, Lmax=-84138.74
12:05:32 [ultranest] [DEBUG] iteration=3800, ncalls=5476, regioncalls=205240, ndraw=40, logz=-84147.60, remainder_fraction=20.7654%, Lmin=-84138.97, Lmax=-84138.74
12:05:32 [ultranest] [DEBUG] iteration=3835, ncalls=5522, regioncalls=207080, ndraw=40, logz=-84147.57, remainder_fraction=19.1161%, Lmin=-84138.95, Lmax=-84138.74
12:05:32 [ultranest] [DEBUG] iteration=3840, ncalls=5527, regioncalls=207280, ndraw=40, logz=-84147.57, remainder_fraction=18.8932%, Lmin=-84138.94, Lmax=-84138.74
12:05:32 [ultranest] [DEBUG] iteration=3870, ncalls=5571, regioncalls=209040, ndraw=40, logz=-84147.56, remainder_fraction=17.5835%, Lmin=-84138.93, Lmax=-84138.74
12:05:32 [ultranest] [DEBUG] iteration=3880, ncalls=5586, regioncalls=209640, ndraw=40, logz=-84147.55, remainder_fraction=17.1726%, Lmin=-84138.92, Lmax=-84138.74
12:05:33 [ultranest] [DEBUG] iteration=3913, ncalls=5633, regioncalls=211520, ndraw=40, logz=-84147.53, remainder_fraction=15.8523%, Lmin=-84138.91, Lmax=-84138.74
12:05:33 [ultranest] [DEBUG] iteration=3920, ncalls=5643, regioncalls=211920, ndraw=40, logz=-84147.53, remainder_fraction=15.5836%, Lmin=-84138.91, Lmax=-84138.74
12:05:33 [ultranest] [DEBUG] iteration=3933, ncalls=5659, regioncalls=212600, ndraw=40, logz=-84147.53, remainder_fraction=15.0890%, Lmin=-84138.90, Lmax=-84138.74
12:05:33 [ultranest] [DEBUG] iteration=3960, ncalls=5689, regioncalls=213920, ndraw=40, logz=-84147.51, remainder_fraction=14.1409%, Lmin=-84138.89, Lmax=-84138.74
12:05:33 [ultranest] [DEBUG] iteration=3992, ncalls=5738, regioncalls=215880, ndraw=40, logz=-84147.50, remainder_fraction=13.0638%, Lmin=-84138.88, Lmax=-84138.74
12:05:33 [ultranest] [DEBUG] iteration=4000, ncalls=5747, regioncalls=216240, ndraw=40, logz=-84147.50, remainder_fraction=12.8075%, Lmin=-84138.87, Lmax=-84138.74
12:05:33 [ultranest] [DEBUG] iteration=4018, ncalls=5767, regioncalls=217080, ndraw=40, logz=-84147.49, remainder_fraction=12.2497%, Lmin=-84138.87, Lmax=-84138.74
12:05:33 [ultranest] [DEBUG] iteration=4040, ncalls=5791, regioncalls=218040, ndraw=40, logz=-84147.48, remainder_fraction=11.6037%, Lmin=-84138.86, Lmax=-84138.74
12:05:33 [ultranest] [DEBUG] iteration=4077, ncalls=5836, regioncalls=219840, ndraw=40, logz=-84147.47, remainder_fraction=10.5776%, Lmin=-84138.85, Lmax=-84138.74
12:05:33 [ultranest] [DEBUG] iteration=4080, ncalls=5839, regioncalls=219960, ndraw=40, logz=-84147.47, remainder_fraction=10.4986%, Lmin=-84138.85, Lmax=-84138.74
12:05:33 [ultranest] [DEBUG] iteration=4103, ncalls=5871, regioncalls=221280, ndraw=40, logz=-84147.47, remainder_fraction=9.9126%, Lmin=-84138.84, Lmax=-84138.74
12:05:33 [ultranest] [DEBUG] iteration=4120, ncalls=5891, regioncalls=222080, ndraw=40, logz=-84147.46, remainder_fraction=9.5001%, Lmin=-84138.84, Lmax=-84138.74
12:05:33 [ultranest] [DEBUG] iteration=4157, ncalls=5935, regioncalls=223880, ndraw=40, logz=-84147.45, remainder_fraction=8.6516%, Lmin=-84138.83, Lmax=-84138.74
12:05:33 [ultranest] [DEBUG] iteration=4160, ncalls=5940, regioncalls=224080, ndraw=40, logz=-84147.45, remainder_fraction=8.5875%, Lmin=-84138.83, Lmax=-84138.74
12:05:33 [ultranest] [DEBUG] iteration=4188, ncalls=5976, regioncalls=225560, ndraw=40, logz=-84147.44, remainder_fraction=7.9973%, Lmin=-84138.82, Lmax=-84138.74
12:05:33 [ultranest] [DEBUG] iteration=4200, ncalls=5992, regioncalls=226200, ndraw=40, logz=-84147.44, remainder_fraction=7.7533%, Lmin=-84138.82, Lmax=-84138.74
12:05:33 [ultranest] [DEBUG] iteration=4237, ncalls=6036, regioncalls=227960, ndraw=40, logz=-84147.43, remainder_fraction=7.0545%, Lmin=-84138.81, Lmax=-84138.74
12:05:33 [ultranest] [DEBUG] iteration=4240, ncalls=6041, regioncalls=228160, ndraw=40, logz=-84147.43, remainder_fraction=7.0011%, Lmin=-84138.81, Lmax=-84138.74
12:05:34 [ultranest] [DEBUG] iteration=4274, ncalls=6085, regioncalls=229920, ndraw=40, logz=-84147.43, remainder_fraction=6.4162%, Lmin=-84138.81, Lmax=-84138.74
12:05:34 [ultranest] [DEBUG] iteration=4280, ncalls=6093, regioncalls=230240, ndraw=40, logz=-84147.43, remainder_fraction=6.3197%, Lmin=-84138.81, Lmax=-84138.74
12:05:34 [ultranest] [DEBUG] iteration=4312, ncalls=6140, regioncalls=232120, ndraw=40, logz=-84147.42, remainder_fraction=5.8211%, Lmin=-84138.80, Lmax=-84138.74
12:05:34 [ultranest] [DEBUG] iteration=4320, ncalls=6150, regioncalls=232520, ndraw=40, logz=-84147.42, remainder_fraction=5.7030%, Lmin=-84138.80, Lmax=-84138.74
12:05:34 [ultranest] [DEBUG] iteration=4352, ncalls=6195, regioncalls=234320, ndraw=40, logz=-84147.42, remainder_fraction=5.2477%, Lmin=-84138.79, Lmax=-84138.74
12:05:34 [ultranest] [DEBUG] iteration=4360, ncalls=6208, regioncalls=234840, ndraw=40, logz=-84147.41, remainder_fraction=5.1405%, Lmin=-84138.79, Lmax=-84138.74
12:05:34 [ultranest] [DEBUG] iteration=4392, ncalls=6256, regioncalls=236760, ndraw=40, logz=-84147.41, remainder_fraction=4.7309%, Lmin=-84138.79, Lmax=-84138.74
12:05:34 [ultranest] [DEBUG] iteration=4400, ncalls=6267, regioncalls=237200, ndraw=40, logz=-84147.41, remainder_fraction=4.6342%, Lmin=-84138.79, Lmax=-84138.74
12:05:34 [ultranest] [DEBUG] iteration=4433, ncalls=6315, regioncalls=239120, ndraw=40, logz=-84147.41, remainder_fraction=4.2535%, Lmin=-84138.78, Lmax=-84138.74
12:05:34 [ultranest] [DEBUG] iteration=4440, ncalls=6325, regioncalls=239520, ndraw=40, logz=-84147.40, remainder_fraction=4.1773%, Lmin=-84138.78, Lmax=-84138.74
12:05:34 [ultranest] [DEBUG] iteration=4443, ncalls=6329, regioncalls=239720, ndraw=40, logz=-84147.40, remainder_fraction=4.1450%, Lmin=-84138.78, Lmax=-84138.74
12:05:34 [ultranest] [DEBUG] iteration=4480, ncalls=6368, regioncalls=241280, ndraw=40, logz=-84147.40, remainder_fraction=3.7651%, Lmin=-84138.78, Lmax=-84138.74
12:05:34 [ultranest] [DEBUG] iteration=4511, ncalls=6415, regioncalls=243160, ndraw=40, logz=-84147.40, remainder_fraction=3.4730%, Lmin=-84138.78, Lmax=-84138.74
12:05:34 [ultranest] [DEBUG] iteration=4520, ncalls=6432, regioncalls=243840, ndraw=40, logz=-84147.40, remainder_fraction=3.3922%, Lmin=-84138.77, Lmax=-84138.74
12:05:34 [ultranest] [DEBUG] iteration=4528, ncalls=6444, regioncalls=244360, ndraw=40, logz=-84147.40, remainder_fraction=3.3221%, Lmin=-84138.77, Lmax=-84138.74
12:05:34 [ultranest] [DEBUG] iteration=4560, ncalls=6489, regioncalls=246200, ndraw=40, logz=-84147.39, remainder_fraction=3.0558%, Lmin=-84138.77, Lmax=-84138.74
12:05:35 [ultranest] [DEBUG] iteration=4593, ncalls=6535, regioncalls=248080, ndraw=40, logz=-84147.39, remainder_fraction=2.8034%, Lmin=-84138.77, Lmax=-84138.74
12:05:35 [ultranest] [DEBUG] iteration=4600, ncalls=6542, regioncalls=248360, ndraw=40, logz=-84147.39, remainder_fraction=2.7525%, Lmin=-84138.77, Lmax=-84138.74
12:05:35 [ultranest] [DEBUG] iteration=4613, ncalls=6559, regioncalls=249080, ndraw=40, logz=-84147.39, remainder_fraction=2.6601%, Lmin=-84138.77, Lmax=-84138.74
12:05:35 [ultranest] [DEBUG] iteration=4640, ncalls=6596, regioncalls=250600, ndraw=40, logz=-84147.39, remainder_fraction=2.4785%, Lmin=-84138.77, Lmax=-84138.74
12:05:35 [ultranest] [DEBUG] iteration=4672, ncalls=6642, regioncalls=252440, ndraw=40, logz=-84147.38, remainder_fraction=2.2795%, Lmin=-84138.76, Lmax=-84138.74
12:05:35 [ultranest] [DEBUG] iteration=4680, ncalls=6653, regioncalls=252920, ndraw=40, logz=-84147.38, remainder_fraction=2.2322%, Lmin=-84138.76, Lmax=-84138.74
12:05:35 [ultranest] [DEBUG] iteration=4698, ncalls=6676, regioncalls=253880, ndraw=40, logz=-84147.38, remainder_fraction=2.1289%, Lmin=-84138.76, Lmax=-84138.74
12:05:35 [ultranest] [DEBUG] iteration=4720, ncalls=6703, regioncalls=254960, ndraw=40, logz=-84147.38, remainder_fraction=2.0095%, Lmin=-84138.76, Lmax=-84138.74
12:05:35 [ultranest] [DEBUG] iteration=4754, ncalls=6745, regioncalls=256640, ndraw=40, logz=-84147.38, remainder_fraction=1.8376%, Lmin=-84138.76, Lmax=-84138.74
12:05:35 [ultranest] [DEBUG] iteration=4760, ncalls=6754, regioncalls=257000, ndraw=40, logz=-84147.38, remainder_fraction=1.8088%, Lmin=-84138.76, Lmax=-84138.74
12:05:35 [ultranest] [DEBUG] iteration=4793, ncalls=6795, regioncalls=258640, ndraw=40, logz=-84147.38, remainder_fraction=1.6586%, Lmin=-84138.76, Lmax=-84138.74
12:05:35 [ultranest] [DEBUG] iteration=4800, ncalls=6805, regioncalls=259040, ndraw=40, logz=-84147.38, remainder_fraction=1.6283%, Lmin=-84138.76, Lmax=-84138.74
12:05:35 [ultranest] [DEBUG] iteration=4834, ncalls=6850, regioncalls=260840, ndraw=40, logz=-84147.38, remainder_fraction=1.4888%, Lmin=-84138.76, Lmax=-84138.74
12:05:35 [ultranest] [DEBUG] iteration=4840, ncalls=6857, regioncalls=261120, ndraw=40, logz=-84147.38, remainder_fraction=1.4655%, Lmin=-84138.76, Lmax=-84138.74
12:05:35 [ultranest] [DEBUG] iteration=4870, ncalls=6901, regioncalls=262880, ndraw=40, logz=-84147.38, remainder_fraction=1.3542%, Lmin=-84138.75, Lmax=-84138.74
12:05:35 [ultranest] [DEBUG] iteration=4880, ncalls=6913, regioncalls=263360, ndraw=40, logz=-84147.37, remainder_fraction=1.3190%, Lmin=-84138.75, Lmax=-84138.74
12:05:36 [ultranest] [DEBUG] iteration=4917, ncalls=6958, regioncalls=265160, ndraw=40, logz=-84147.37, remainder_fraction=1.1964%, Lmin=-84138.75, Lmax=-84138.74
12:05:36 [ultranest] [DEBUG] iteration=4920, ncalls=6965, regioncalls=265440, ndraw=40, logz=-84147.37, remainder_fraction=1.1870%, Lmin=-84138.75, Lmax=-84138.74
12:05:36 [ultranest] [DEBUG] iteration=4953, ncalls=7009, regioncalls=267280, ndraw=40, logz=-84147.37, remainder_fraction=1.0881%, Lmin=-84138.75, Lmax=-84138.74
12:05:36 [ultranest] [DEBUG] iteration=4960, ncalls=7016, regioncalls=267560, ndraw=40, logz=-84147.37, remainder_fraction=1.0682%, Lmin=-84138.75, Lmax=-84138.74
12:05:36 [ultranest] [INFO] Explored until L=-8e+04  
12:05:36 [ultranest] [INFO] Likelihood function evaluations: 7048
12:05:37 [ultranest] [INFO] Writing samples and results to disk ...
12:05:37 [ultranest] [INFO] Writing samples and results to disk ... done
12:05:37 [ultranest] [DEBUG] did a run_iter pass!
12:05:37 [ultranest] [INFO]   logZ = -8.415e+04 +- 0.1128
12:05:37 [ultranest] [INFO] Effective samples strategy satisfied (ESS = 1508.0, need >400)
12:05:37 [ultranest] [INFO] Posterior uncertainty strategy is satisfied (KL: 0.45+-0.08 nat, need <0.50 nat)
12:05:37 [ultranest] [INFO] Evidency uncertainty strategy is satisfied (dlogz=0.11, need <0.5)
12:05:37 [ultranest] [INFO]   logZ error budget: single: 0.14 bs:0.11 tail:0.01 total:0.11 required:<0.50
12:05:37 [ultranest] [INFO] done iterating.
12:05:37 [ultranest] [DEBUG] Making corner plot ...
12:05:37 [ultranest] [DEBUG] Making corner plot ... done
12:05:37 [ultranest] [DEBUG] Making run plot ... 
12:05:38 [ultranest] [DEBUG] Making run plot ... done
12:05:38 [ultranest] [DEBUG] Making trace plot ... 
12:05:39 [ultranest] [DEBUG] Making trace plot ... done
