13:41:25 [ultranest] [DEBUG] ReactiveNestedSampler: dims=2+0, resume=False, log_dir=./m-values/N32/S24/M32/T029/P025/NF2/sample_rho, backend=hdf5, vectorized=False, nbootstraps=30, ndraw=128..65536
13:41:25 [ultranest] [INFO] Sampling 400 live points from prior ...
13:41:26 [ultranest] [DEBUG] run_iter dlogz=0.5, dKL=0.5, frac_remain=0.01, Lepsilon=0.0010, min_ess=400
13:41:26 [ultranest] [DEBUG] max_iters=-1, max_ncalls=-1, max_num_improvement_loops=-1, min_num_live_points=400, cluster_num_live_points=40
13:41:26 [ultranest] [DEBUG] minimal_widths_sequence: [(-inf, 400.0), (inf, 400.0)]
13:41:26 [ultranest] [DEBUG] Plateau detected at L=-1.473654e+07, not replacing live point.
13:41:26 [ultranest] [DEBUG] Plateau detected at L=-1.473654e+07, not replacing live point.
13:41:26 [ultranest] [DEBUG] Plateau detected at L=-1.473654e+07, not replacing live point.
13:41:26 [ultranest] [DEBUG] Plateau detected at L=-1.473654e+07, not replacing live point.
13:41:26 [ultranest] [DEBUG] Plateau detected at L=-1.473654e+07, not replacing live point.
13:41:26 [ultranest] [DEBUG] Plateau detected at L=-1.473654e+07, not replacing live point.
13:41:26 [ultranest] [DEBUG] Plateau detected at L=-1.473654e+07, not replacing live point.
13:41:26 [ultranest] [DEBUG] Plateau detected at L=-1.473654e+07, not replacing live point.
13:41:26 [ultranest] [DEBUG] Plateau detected at L=-1.473654e+07, not replacing live point.
13:41:26 [ultranest] [DEBUG] Plateau detected at L=-1.473654e+07, not replacing live point.
13:41:26 [ultranest] [DEBUG] Plateau detected at L=-1.473654e+07, not replacing live point.
13:41:26 [ultranest] [DEBUG] Plateau detected at L=-1.473654e+07, not replacing live point.
13:41:26 [ultranest] [DEBUG] Plateau detected at L=-1.473654e+07, not replacing live point.
13:41:26 [ultranest] [DEBUG] Plateau detected at L=-1.473654e+07, not replacing live point.
13:41:26 [ultranest] [DEBUG] iteration=14, ncalls=401, regioncalls=40, ndraw=40, logz=-14736547.95, remainder_fraction=100.0000%, Lmin=-14736544.60, Lmax=-113218.17
13:41:26 [ultranest] [DEBUG] iteration=40, ncalls=428, regioncalls=1120, ndraw=40, logz=-134706.64, remainder_fraction=100.0000%, Lmin=-134568.14, Lmax=-113121.63
13:41:26 [ultranest] [DEBUG] iteration=70, ncalls=460, regioncalls=2400, ndraw=40, logz=-131434.17, remainder_fraction=100.0000%, Lmin=-131287.59, Lmax=-113121.63
13:41:26 [ultranest] [DEBUG] iteration=80, ncalls=473, regioncalls=2920, ndraw=40, logz=-130280.05, remainder_fraction=100.0000%, Lmin=-130272.74, Lmax=-113121.63
13:41:27 [ultranest] [DEBUG] iteration=101, ncalls=497, regioncalls=3880, ndraw=40, logz=-129071.36, remainder_fraction=100.0000%, Lmin=-129008.47, Lmax=-113121.63
13:41:27 [ultranest] [DEBUG] iteration=120, ncalls=517, regioncalls=4680, ndraw=40, logz=-127860.51, remainder_fraction=100.0000%, Lmin=-127837.37, Lmax=-113121.63
13:41:27 [ultranest] [DEBUG] iteration=148, ncalls=550, regioncalls=6000, ndraw=40, logz=-126213.75, remainder_fraction=100.0000%, Lmin=-126188.23, Lmax=-113121.63
13:41:27 [ultranest] [DEBUG] iteration=160, ncalls=564, regioncalls=6560, ndraw=40, logz=-125533.63, remainder_fraction=100.0000%, Lmin=-125492.39, Lmax=-113121.63
13:41:27 [ultranest] [DEBUG] iteration=186, ncalls=598, regioncalls=7920, ndraw=40, logz=-124305.22, remainder_fraction=100.0000%, Lmin=-124276.20, Lmax=-113121.63
13:41:27 [ultranest] [DEBUG] iteration=188, ncalls=600, regioncalls=8000, ndraw=40, logz=-124241.41, remainder_fraction=100.0000%, Lmin=-124120.25, Lmax=-113121.63
13:41:27 [ultranest] [DEBUG] iteration=200, ncalls=613, regioncalls=8520, ndraw=40, logz=-123721.45, remainder_fraction=100.0000%, Lmin=-123653.75, Lmax=-113121.63
13:41:27 [ultranest] [DEBUG] iteration=229, ncalls=647, regioncalls=9880, ndraw=40, logz=-122495.08, remainder_fraction=100.0000%, Lmin=-122421.19, Lmax=-113121.63
13:41:27 [ultranest] [DEBUG] iteration=240, ncalls=658, regioncalls=10320, ndraw=40, logz=-122034.00, remainder_fraction=100.0000%, Lmin=-122024.00, Lmax=-113121.63
13:41:27 [ultranest] [DEBUG] iteration=267, ncalls=691, regioncalls=11640, ndraw=40, logz=-121242.46, remainder_fraction=100.0000%, Lmin=-121235.71, Lmax=-113121.63
13:41:27 [ultranest] [DEBUG] iteration=280, ncalls=711, regioncalls=12440, ndraw=40, logz=-120866.35, remainder_fraction=100.0000%, Lmin=-120845.76, Lmax=-113121.63
13:41:27 [ultranest] [DEBUG] iteration=307, ncalls=743, regioncalls=13720, ndraw=40, logz=-120248.42, remainder_fraction=100.0000%, Lmin=-120212.73, Lmax=-113121.63
13:41:27 [ultranest] [DEBUG] iteration=320, ncalls=757, regioncalls=14280, ndraw=40, logz=-119779.38, remainder_fraction=100.0000%, Lmin=-119715.95, Lmax=-113121.63
13:41:27 [ultranest] [DEBUG] iteration=346, ncalls=790, regioncalls=15600, ndraw=40, logz=-119183.02, remainder_fraction=100.0000%, Lmin=-119162.52, Lmax=-113115.77
13:41:27 [ultranest] [DEBUG] iteration=360, ncalls=807, regioncalls=16280, ndraw=40, logz=-118970.42, remainder_fraction=100.0000%, Lmin=-118928.98, Lmax=-113115.77
13:41:27 [ultranest] [DEBUG] iteration=362, ncalls=810, regioncalls=16400, ndraw=40, logz=-118932.30, remainder_fraction=100.0000%, Lmin=-118922.82, Lmax=-113115.77
13:41:28 [ultranest] [DEBUG] iteration=391, ncalls=844, regioncalls=17760, ndraw=40, logz=-118453.20, remainder_fraction=100.0000%, Lmin=-118444.90, Lmax=-113115.77
13:41:28 [ultranest] [DEBUG] iteration=400, ncalls=855, regioncalls=18200, ndraw=40, logz=-118389.37, remainder_fraction=100.0000%, Lmin=-118368.49, Lmax=-113115.77
13:41:28 [ultranest] [DEBUG] iteration=428, ncalls=889, regioncalls=19560, ndraw=40, logz=-117971.84, remainder_fraction=100.0000%, Lmin=-117948.98, Lmax=-113115.77
13:41:28 [ultranest] [DEBUG] iteration=440, ncalls=906, regioncalls=20240, ndraw=40, logz=-117839.89, remainder_fraction=100.0000%, Lmin=-117824.54, Lmax=-113115.77
13:41:28 [ultranest] [DEBUG] iteration=464, ncalls=937, regioncalls=21480, ndraw=40, logz=-117531.09, remainder_fraction=100.0000%, Lmin=-117516.37, Lmax=-113115.77
13:41:28 [ultranest] [DEBUG] iteration=480, ncalls=957, regioncalls=22280, ndraw=40, logz=-117360.17, remainder_fraction=100.0000%, Lmin=-117318.74, Lmax=-113115.77
13:41:28 [ultranest] [DEBUG] iteration=509, ncalls=989, regioncalls=23560, ndraw=40, logz=-116852.24, remainder_fraction=100.0000%, Lmin=-116836.20, Lmax=-113115.77
13:41:28 [ultranest] [DEBUG] iteration=520, ncalls=1008, regioncalls=24320, ndraw=40, logz=-116678.94, remainder_fraction=100.0000%, Lmin=-116671.36, Lmax=-113115.77
13:41:28 [ultranest] [DEBUG] iteration=536, ncalls=1031, regioncalls=25240, ndraw=40, logz=-116483.60, remainder_fraction=100.0000%, Lmin=-116475.13, Lmax=-113115.77
13:41:28 [ultranest] [DEBUG] iteration=560, ncalls=1065, regioncalls=26600, ndraw=40, logz=-116232.05, remainder_fraction=100.0000%, Lmin=-116212.96, Lmax=-113115.77
13:41:28 [ultranest] [DEBUG] iteration=587, ncalls=1098, regioncalls=27920, ndraw=40, logz=-115992.50, remainder_fraction=100.0000%, Lmin=-115980.93, Lmax=-113115.77
13:41:28 [ultranest] [DEBUG] iteration=600, ncalls=1113, regioncalls=28520, ndraw=40, logz=-115872.52, remainder_fraction=100.0000%, Lmin=-115860.94, Lmax=-113115.77
13:41:29 [ultranest] [DEBUG] iteration=620, ncalls=1148, regioncalls=29920, ndraw=40, logz=-115733.98, remainder_fraction=100.0000%, Lmin=-115726.07, Lmax=-113115.77
13:41:29 [ultranest] [DEBUG] iteration=623, ncalls=1153, regioncalls=30120, ndraw=40, logz=-115730.09, remainder_fraction=100.0000%, Lmin=-115717.76, Lmax=-113115.77
13:41:29 [ultranest] [DEBUG] iteration=640, ncalls=1174, regioncalls=30960, ndraw=40, logz=-115594.44, remainder_fraction=100.0000%, Lmin=-115574.56, Lmax=-113115.77
13:41:29 [ultranest] [DEBUG] iteration=665, ncalls=1207, regioncalls=32280, ndraw=40, logz=-115375.84, remainder_fraction=100.0000%, Lmin=-115361.94, Lmax=-113115.77
13:41:29 [ultranest] [DEBUG] iteration=680, ncalls=1225, regioncalls=33000, ndraw=40, logz=-115276.25, remainder_fraction=100.0000%, Lmin=-115264.05, Lmax=-113115.77
13:41:29 [ultranest] [DEBUG] iteration=705, ncalls=1261, regioncalls=34440, ndraw=40, logz=-115097.67, remainder_fraction=100.0000%, Lmin=-115081.53, Lmax=-113115.77
13:41:29 [ultranest] [DEBUG] iteration=710, ncalls=1266, regioncalls=34640, ndraw=40, logz=-115069.71, remainder_fraction=100.0000%, Lmin=-115059.18, Lmax=-113115.77
13:41:29 [ultranest] [DEBUG] iteration=720, ncalls=1279, regioncalls=35160, ndraw=40, logz=-115036.67, remainder_fraction=100.0000%, Lmin=-115026.48, Lmax=-113115.77
13:41:29 [ultranest] [DEBUG] iteration=746, ncalls=1314, regioncalls=36560, ndraw=40, logz=-114929.17, remainder_fraction=100.0000%, Lmin=-114913.27, Lmax=-113115.77
13:41:29 [ultranest] [DEBUG] iteration=760, ncalls=1331, regioncalls=37240, ndraw=40, logz=-114865.34, remainder_fraction=100.0000%, Lmin=-114855.41, Lmax=-113115.77
13:41:29 [ultranest] [DEBUG] iteration=789, ncalls=1363, regioncalls=38520, ndraw=40, logz=-114753.01, remainder_fraction=100.0000%, Lmin=-114740.79, Lmax=-113115.77
13:41:29 [ultranest] [DEBUG] iteration=800, ncalls=1378, regioncalls=39120, ndraw=40, logz=-114712.88, remainder_fraction=100.0000%, Lmin=-114703.61, Lmax=-113115.77
13:41:29 [ultranest] [DEBUG] iteration=827, ncalls=1411, regioncalls=40440, ndraw=40, logz=-114586.99, remainder_fraction=100.0000%, Lmin=-114577.42, Lmax=-113111.31
13:41:29 [ultranest] [DEBUG] iteration=840, ncalls=1428, regioncalls=41120, ndraw=40, logz=-114534.47, remainder_fraction=100.0000%, Lmin=-114519.61, Lmax=-113111.31
13:41:30 [ultranest] [DEBUG] iteration=864, ncalls=1462, regioncalls=42480, ndraw=40, logz=-114427.50, remainder_fraction=100.0000%, Lmin=-114415.93, Lmax=-113111.31
13:41:30 [ultranest] [DEBUG] iteration=880, ncalls=1482, regioncalls=43280, ndraw=40, logz=-114378.14, remainder_fraction=100.0000%, Lmin=-114361.37, Lmax=-113111.31
13:41:30 [ultranest] [DEBUG] iteration=884, ncalls=1487, regioncalls=43480, ndraw=40, logz=-114361.18, remainder_fraction=100.0000%, Lmin=-114350.03, Lmax=-113111.31
13:41:30 [ultranest] [DEBUG] iteration=912, ncalls=1520, regioncalls=44800, ndraw=40, logz=-114240.10, remainder_fraction=100.0000%, Lmin=-114228.20, Lmax=-113111.31
13:41:30 [ultranest] [DEBUG] iteration=920, ncalls=1529, regioncalls=45160, ndraw=40, logz=-114217.16, remainder_fraction=100.0000%, Lmin=-114205.40, Lmax=-113111.31
13:41:30 [ultranest] [DEBUG] iteration=948, ncalls=1562, regioncalls=46480, ndraw=40, logz=-114123.08, remainder_fraction=100.0000%, Lmin=-114113.69, Lmax=-113111.31
13:41:30 [ultranest] [DEBUG] iteration=960, ncalls=1579, regioncalls=47160, ndraw=40, logz=-114101.13, remainder_fraction=100.0000%, Lmin=-114088.21, Lmax=-113111.17
13:41:30 [ultranest] [DEBUG] iteration=983, ncalls=1610, regioncalls=48400, ndraw=40, logz=-114051.08, remainder_fraction=100.0000%, Lmin=-114039.67, Lmax=-113111.17
13:41:30 [ultranest] [DEBUG] iteration=1000, ncalls=1636, regioncalls=49480, ndraw=40, logz=-114002.40, remainder_fraction=100.0000%, Lmin=-113992.22, Lmax=-113111.17
13:41:30 [ultranest] [DEBUG] iteration=1026, ncalls=1670, regioncalls=50840, ndraw=40, logz=-113932.41, remainder_fraction=100.0000%, Lmin=-113923.39, Lmax=-113111.17
13:41:30 [ultranest] [DEBUG] iteration=1040, ncalls=1699, regioncalls=52000, ndraw=40, logz=-113904.46, remainder_fraction=100.0000%, Lmin=-113895.49, Lmax=-113111.17
13:41:30 [ultranest] [DEBUG] iteration=1062, ncalls=1731, regioncalls=53280, ndraw=40, logz=-113866.18, remainder_fraction=100.0000%, Lmin=-113858.00, Lmax=-113111.17
13:41:30 [ultranest] [DEBUG] iteration=1080, ncalls=1756, regioncalls=54280, ndraw=40, logz=-113839.46, remainder_fraction=100.0000%, Lmin=-113828.80, Lmax=-113111.17
13:41:31 [ultranest] [DEBUG] iteration=1103, ncalls=1792, regioncalls=55720, ndraw=40, logz=-113795.87, remainder_fraction=100.0000%, Lmin=-113784.81, Lmax=-113102.39
13:41:31 [ultranest] [DEBUG] iteration=1120, ncalls=1809, regioncalls=56400, ndraw=40, logz=-113754.40, remainder_fraction=100.0000%, Lmin=-113743.69, Lmax=-113102.39
13:41:31 [ultranest] [DEBUG] iteration=1145, ncalls=1837, regioncalls=57520, ndraw=40, logz=-113683.77, remainder_fraction=100.0000%, Lmin=-113674.60, Lmax=-113102.39
13:41:31 [ultranest] [DEBUG] iteration=1160, ncalls=1857, regioncalls=58320, ndraw=40, logz=-113665.56, remainder_fraction=100.0000%, Lmin=-113656.81, Lmax=-113102.39
13:41:31 [ultranest] [DEBUG] iteration=1185, ncalls=1889, regioncalls=59640, ndraw=40, logz=-113620.07, remainder_fraction=100.0000%, Lmin=-113610.72, Lmax=-113102.39
13:41:31 [ultranest] [DEBUG] iteration=1200, ncalls=1906, regioncalls=60360, ndraw=40, logz=-113602.57, remainder_fraction=100.0000%, Lmin=-113591.11, Lmax=-113102.39
13:41:31 [ultranest] [DEBUG] iteration=1225, ncalls=1940, regioncalls=61720, ndraw=40, logz=-113561.60, remainder_fraction=100.0000%, Lmin=-113550.38, Lmax=-113102.39
13:41:31 [ultranest] [DEBUG] iteration=1232, ncalls=1948, regioncalls=62040, ndraw=40, logz=-113554.80, remainder_fraction=100.0000%, Lmin=-113546.17, Lmax=-113102.39
13:41:31 [ultranest] [DEBUG] iteration=1240, ncalls=1956, regioncalls=62360, ndraw=40, logz=-113541.32, remainder_fraction=100.0000%, Lmin=-113531.43, Lmax=-113102.39
13:41:31 [ultranest] [DEBUG] iteration=1269, ncalls=1988, regioncalls=63680, ndraw=40, logz=-113507.63, remainder_fraction=100.0000%, Lmin=-113498.28, Lmax=-113102.39
13:41:31 [ultranest] [DEBUG] iteration=1280, ncalls=2004, regioncalls=64320, ndraw=40, logz=-113498.76, remainder_fraction=100.0000%, Lmin=-113485.12, Lmax=-113102.39
13:41:31 [ultranest] [DEBUG] iteration=1305, ncalls=2037, regioncalls=65640, ndraw=40, logz=-113471.39, remainder_fraction=100.0000%, Lmin=-113461.72, Lmax=-113102.39
13:41:31 [ultranest] [DEBUG] iteration=1320, ncalls=2056, regioncalls=66400, ndraw=40, logz=-113450.65, remainder_fraction=100.0000%, Lmin=-113441.93, Lmax=-113102.39
13:41:31 [ultranest] [DEBUG] iteration=1341, ncalls=2091, regioncalls=67800, ndraw=40, logz=-113436.25, remainder_fraction=100.0000%, Lmin=-113425.53, Lmax=-113102.39
13:41:32 [ultranest] [DEBUG] iteration=1360, ncalls=2121, regioncalls=69000, ndraw=40, logz=-113423.24, remainder_fraction=100.0000%, Lmin=-113413.59, Lmax=-113102.39
13:41:32 [ultranest] [DEBUG] iteration=1384, ncalls=2158, regioncalls=70480, ndraw=40, logz=-113399.37, remainder_fraction=100.0000%, Lmin=-113388.50, Lmax=-113102.39
13:41:32 [ultranest] [DEBUG] iteration=1400, ncalls=2176, regioncalls=71200, ndraw=40, logz=-113384.68, remainder_fraction=100.0000%, Lmin=-113375.17, Lmax=-113102.39
13:41:32 [ultranest] [DEBUG] iteration=1406, ncalls=2184, regioncalls=71600, ndraw=40, logz=-113380.33, remainder_fraction=100.0000%, Lmin=-113370.80, Lmax=-113102.39
13:41:32 [ultranest] [DEBUG] iteration=1430, ncalls=2217, regioncalls=72960, ndraw=40, logz=-113363.35, remainder_fraction=100.0000%, Lmin=-113354.12, Lmax=-113102.39
13:41:32 [ultranest] [DEBUG] iteration=1440, ncalls=2231, regioncalls=73520, ndraw=40, logz=-113357.06, remainder_fraction=100.0000%, Lmin=-113346.73, Lmax=-113102.39
13:41:32 [ultranest] [DEBUG] iteration=1464, ncalls=2265, regioncalls=74880, ndraw=40, logz=-113339.28, remainder_fraction=100.0000%, Lmin=-113330.35, Lmax=-113102.39
13:41:32 [ultranest] [DEBUG] iteration=1480, ncalls=2288, regioncalls=75800, ndraw=40, logz=-113330.76, remainder_fraction=100.0000%, Lmin=-113322.26, Lmax=-113102.39
13:41:32 [ultranest] [DEBUG] iteration=1503, ncalls=2319, regioncalls=77040, ndraw=40, logz=-113319.20, remainder_fraction=100.0000%, Lmin=-113309.98, Lmax=-113102.39
13:41:32 [ultranest] [DEBUG] iteration=1520, ncalls=2341, regioncalls=77920, ndraw=40, logz=-113307.45, remainder_fraction=100.0000%, Lmin=-113298.36, Lmax=-113102.39
13:41:32 [ultranest] [DEBUG] iteration=1544, ncalls=2375, regioncalls=79280, ndraw=40, logz=-113296.08, remainder_fraction=100.0000%, Lmin=-113287.00, Lmax=-113102.39
13:41:32 [ultranest] [DEBUG] iteration=1560, ncalls=2401, regioncalls=80320, ndraw=40, logz=-113284.46, remainder_fraction=100.0000%, Lmin=-113274.15, Lmax=-113102.39
13:41:33 [ultranest] [DEBUG] iteration=1580, ncalls=2434, regioncalls=81680, ndraw=40, logz=-113275.98, remainder_fraction=100.0000%, Lmin=-113267.22, Lmax=-113102.39
13:41:33 [ultranest] [DEBUG] iteration=1600, ncalls=2459, regioncalls=82720, ndraw=40, logz=-113269.70, remainder_fraction=100.0000%, Lmin=-113260.83, Lmax=-113102.39
13:41:33 [ultranest] [DEBUG] iteration=1628, ncalls=2492, regioncalls=84040, ndraw=40, logz=-113259.54, remainder_fraction=100.0000%, Lmin=-113250.89, Lmax=-113102.39
13:41:33 [ultranest] [DEBUG] iteration=1640, ncalls=2511, regioncalls=84800, ndraw=40, logz=-113256.08, remainder_fraction=100.0000%, Lmin=-113246.92, Lmax=-113102.39
13:41:33 [ultranest] [DEBUG] iteration=1667, ncalls=2539, regioncalls=85960, ndraw=40, logz=-113248.17, remainder_fraction=100.0000%, Lmin=-113238.50, Lmax=-113102.39
13:41:33 [ultranest] [DEBUG] iteration=1680, ncalls=2556, regioncalls=86680, ndraw=40, logz=-113243.57, remainder_fraction=100.0000%, Lmin=-113233.93, Lmax=-113102.39
13:41:33 [ultranest] [DEBUG] iteration=1699, ncalls=2579, regioncalls=87600, ndraw=40, logz=-113234.78, remainder_fraction=100.0000%, Lmin=-113225.89, Lmax=-113102.39
13:41:33 [ultranest] [DEBUG] iteration=1720, ncalls=2606, regioncalls=88680, ndraw=40, logz=-113230.76, remainder_fraction=100.0000%, Lmin=-113222.00, Lmax=-113102.39
13:41:33 [ultranest] [DEBUG] iteration=1743, ncalls=2639, regioncalls=90000, ndraw=40, logz=-113225.03, remainder_fraction=100.0000%, Lmin=-113215.97, Lmax=-113102.39
13:41:33 [ultranest] [DEBUG] iteration=1754, ncalls=2654, regioncalls=90680, ndraw=40, logz=-113222.52, remainder_fraction=100.0000%, Lmin=-113213.30, Lmax=-113102.39
13:41:33 [ultranest] [DEBUG] iteration=1760, ncalls=2662, regioncalls=91040, ndraw=40, logz=-113221.18, remainder_fraction=100.0000%, Lmin=-113212.19, Lmax=-113102.39
13:41:33 [ultranest] [DEBUG] iteration=1789, ncalls=2696, regioncalls=92400, ndraw=40, logz=-113214.54, remainder_fraction=100.0000%, Lmin=-113205.36, Lmax=-113102.39
13:41:33 [ultranest] [DEBUG] iteration=1800, ncalls=2710, regioncalls=92960, ndraw=40, logz=-113212.75, remainder_fraction=100.0000%, Lmin=-113203.90, Lmax=-113102.39
13:41:34 [ultranest] [DEBUG] iteration=1827, ncalls=2743, regioncalls=94280, ndraw=40, logz=-113205.90, remainder_fraction=100.0000%, Lmin=-113196.63, Lmax=-113102.39
13:41:34 [ultranest] [DEBUG] iteration=1840, ncalls=2760, regioncalls=94960, ndraw=40, logz=-113202.78, remainder_fraction=100.0000%, Lmin=-113192.54, Lmax=-113101.47
13:41:34 [ultranest] [DEBUG] iteration=1841, ncalls=2761, regioncalls=95040, ndraw=40, logz=-113202.30, remainder_fraction=100.0000%, Lmin=-113192.46, Lmax=-113101.47
13:41:34 [ultranest] [DEBUG] iteration=1867, ncalls=2794, regioncalls=96360, ndraw=40, logz=-113193.45, remainder_fraction=100.0000%, Lmin=-113183.83, Lmax=-113101.47
13:41:34 [ultranest] [DEBUG] iteration=1880, ncalls=2813, regioncalls=97120, ndraw=40, logz=-113191.26, remainder_fraction=100.0000%, Lmin=-113182.50, Lmax=-113101.47
13:41:34 [ultranest] [DEBUG] iteration=1907, ncalls=2846, regioncalls=98440, ndraw=40, logz=-113186.77, remainder_fraction=100.0000%, Lmin=-113177.34, Lmax=-113101.47
13:41:34 [ultranest] [DEBUG] iteration=1920, ncalls=2864, regioncalls=99160, ndraw=40, logz=-113184.18, remainder_fraction=100.0000%, Lmin=-113175.01, Lmax=-113101.47
13:41:34 [ultranest] [DEBUG] iteration=1947, ncalls=2894, regioncalls=100360, ndraw=40, logz=-113179.50, remainder_fraction=100.0000%, Lmin=-113170.10, Lmax=-113101.47
13:41:34 [ultranest] [DEBUG] iteration=1960, ncalls=2914, regioncalls=101160, ndraw=40, logz=-113177.91, remainder_fraction=100.0000%, Lmin=-113168.86, Lmax=-113101.47
13:41:34 [ultranest] [DEBUG] iteration=1985, ncalls=2947, regioncalls=102480, ndraw=40, logz=-113174.12, remainder_fraction=100.0000%, Lmin=-113164.98, Lmax=-113101.47
13:41:34 [ultranest] [DEBUG] iteration=2000, ncalls=2968, regioncalls=103320, ndraw=40, logz=-113172.03, remainder_fraction=100.0000%, Lmin=-113162.93, Lmax=-113101.47
13:41:34 [ultranest] [DEBUG] iteration=2015, ncalls=2985, regioncalls=104040, ndraw=40, logz=-113169.83, remainder_fraction=100.0000%, Lmin=-113160.58, Lmax=-113101.47
13:41:34 [ultranest] [DEBUG] iteration=2040, ncalls=3017, regioncalls=105320, ndraw=40, logz=-113166.22, remainder_fraction=100.0000%, Lmin=-113156.96, Lmax=-113101.47
13:41:35 [ultranest] [DEBUG] iteration=2065, ncalls=3050, regioncalls=106640, ndraw=40, logz=-113163.19, remainder_fraction=100.0000%, Lmin=-113153.84, Lmax=-113101.47
13:41:35 [ultranest] [DEBUG] iteration=2080, ncalls=3071, regioncalls=107480, ndraw=40, logz=-113161.16, remainder_fraction=100.0000%, Lmin=-113151.23, Lmax=-113101.47
13:41:35 [ultranest] [DEBUG] iteration=2102, ncalls=3102, regioncalls=108800, ndraw=40, logz=-113158.30, remainder_fraction=100.0000%, Lmin=-113148.92, Lmax=-113101.47
13:41:35 [ultranest] [DEBUG] iteration=2120, ncalls=3121, regioncalls=109600, ndraw=40, logz=-113155.94, remainder_fraction=100.0000%, Lmin=-113146.45, Lmax=-113101.47
13:41:35 [ultranest] [DEBUG] iteration=2144, ncalls=3155, regioncalls=110960, ndraw=40, logz=-113153.36, remainder_fraction=100.0000%, Lmin=-113143.99, Lmax=-113101.42
13:41:35 [ultranest] [DEBUG] iteration=2160, ncalls=3178, regioncalls=111880, ndraw=40, logz=-113151.80, remainder_fraction=100.0000%, Lmin=-113142.87, Lmax=-113101.42
13:41:35 [ultranest] [DEBUG] iteration=2185, ncalls=3211, regioncalls=113200, ndraw=40, logz=-113148.81, remainder_fraction=100.0000%, Lmin=-113139.29, Lmax=-113101.42
13:41:35 [ultranest] [DEBUG] iteration=2189, ncalls=3219, regioncalls=113560, ndraw=40, logz=-113148.40, remainder_fraction=100.0000%, Lmin=-113139.10, Lmax=-113101.42
13:41:35 [ultranest] [DEBUG] iteration=2200, ncalls=3233, regioncalls=114120, ndraw=40, logz=-113147.29, remainder_fraction=100.0000%, Lmin=-113137.77, Lmax=-113101.42
13:41:35 [ultranest] [DEBUG] iteration=2223, ncalls=3267, regioncalls=115480, ndraw=40, logz=-113144.87, remainder_fraction=100.0000%, Lmin=-113135.47, Lmax=-113101.42
13:41:35 [ultranest] [DEBUG] iteration=2240, ncalls=3290, regioncalls=116400, ndraw=40, logz=-113143.30, remainder_fraction=100.0000%, Lmin=-113133.59, Lmax=-113101.39
13:41:35 [ultranest] [DEBUG] iteration=2264, ncalls=3324, regioncalls=117760, ndraw=40, logz=-113141.08, remainder_fraction=100.0000%, Lmin=-113131.75, Lmax=-113101.39
13:41:35 [ultranest] [DEBUG] iteration=2276, ncalls=3344, regioncalls=118600, ndraw=40, logz=-113140.07, remainder_fraction=100.0000%, Lmin=-113130.55, Lmax=-113101.39
13:41:35 [ultranest] [DEBUG] iteration=2280, ncalls=3350, regioncalls=118840, ndraw=40, logz=-113139.71, remainder_fraction=100.0000%, Lmin=-113130.23, Lmax=-113101.39
13:41:36 [ultranest] [DEBUG] iteration=2306, ncalls=3383, regioncalls=120160, ndraw=40, logz=-113137.83, remainder_fraction=100.0000%, Lmin=-113128.53, Lmax=-113101.39
13:41:36 [ultranest] [DEBUG] iteration=2320, ncalls=3400, regioncalls=120840, ndraw=40, logz=-113136.99, remainder_fraction=100.0000%, Lmin=-113127.89, Lmax=-113101.39
13:41:36 [ultranest] [DEBUG] iteration=2345, ncalls=3434, regioncalls=122200, ndraw=40, logz=-113135.24, remainder_fraction=100.0000%, Lmin=-113125.81, Lmax=-113101.39
13:41:36 [ultranest] [DEBUG] iteration=2360, ncalls=3452, regioncalls=122920, ndraw=40, logz=-113134.11, remainder_fraction=100.0000%, Lmin=-113124.29, Lmax=-113101.39
13:41:36 [ultranest] [DEBUG] iteration=2363, ncalls=3460, regioncalls=123320, ndraw=40, logz=-113133.81, remainder_fraction=100.0000%, Lmin=-113124.08, Lmax=-113101.39
13:41:36 [ultranest] [DEBUG] iteration=2389, ncalls=3493, regioncalls=124640, ndraw=40, logz=-113132.18, remainder_fraction=100.0000%, Lmin=-113123.03, Lmax=-113101.39
13:41:36 [ultranest] [DEBUG] iteration=2400, ncalls=3512, regioncalls=125400, ndraw=40, logz=-113131.69, remainder_fraction=100.0000%, Lmin=-113122.71, Lmax=-113101.39
13:41:36 [ultranest] [DEBUG] iteration=2426, ncalls=3545, regioncalls=126720, ndraw=40, logz=-113130.57, remainder_fraction=100.0000%, Lmin=-113121.59, Lmax=-113101.39
13:41:36 [ultranest] [DEBUG] iteration=2440, ncalls=3560, regioncalls=127320, ndraw=40, logz=-113130.02, remainder_fraction=100.0000%, Lmin=-113120.90, Lmax=-113101.39
13:41:36 [ultranest] [DEBUG] iteration=2450, ncalls=3576, regioncalls=128000, ndraw=40, logz=-113129.59, remainder_fraction=100.0000%, Lmin=-113120.35, Lmax=-113101.39
13:41:36 [ultranest] [DEBUG] iteration=2477, ncalls=3607, regioncalls=129240, ndraw=40, logz=-113128.33, remainder_fraction=100.0000%, Lmin=-113118.98, Lmax=-113101.38
13:41:36 [ultranest] [DEBUG] iteration=2480, ncalls=3612, regioncalls=129440, ndraw=40, logz=-113128.19, remainder_fraction=100.0000%, Lmin=-113118.95, Lmax=-113101.38
13:41:36 [ultranest] [DEBUG] iteration=2506, ncalls=3645, regioncalls=130800, ndraw=40, logz=-113127.13, remainder_fraction=100.0000%, Lmin=-113117.99, Lmax=-113101.36
13:41:36 [ultranest] [DEBUG] iteration=2520, ncalls=3663, regioncalls=131520, ndraw=40, logz=-113126.66, remainder_fraction=100.0000%, Lmin=-113117.56, Lmax=-113101.36
13:41:37 [ultranest] [DEBUG] iteration=2537, ncalls=3689, regioncalls=132600, ndraw=40, logz=-113126.07, remainder_fraction=100.0000%, Lmin=-113116.84, Lmax=-113101.36
13:41:37 [ultranest] [DEBUG] iteration=2560, ncalls=3721, regioncalls=133920, ndraw=40, logz=-113125.29, remainder_fraction=100.0000%, Lmin=-113116.15, Lmax=-113101.32
13:41:37 [ultranest] [DEBUG] iteration=2588, ncalls=3753, regioncalls=135200, ndraw=40, logz=-113124.44, remainder_fraction=99.9999%, Lmin=-113115.22, Lmax=-113101.32
13:41:37 [ultranest] [DEBUG] iteration=2600, ncalls=3769, regioncalls=135840, ndraw=40, logz=-113124.08, remainder_fraction=99.9998%, Lmin=-113114.96, Lmax=-113101.32
13:41:37 [ultranest] [DEBUG] iteration=2624, ncalls=3801, regioncalls=137120, ndraw=40, logz=-113123.36, remainder_fraction=99.9997%, Lmin=-113114.14, Lmax=-113101.32
13:41:37 [ultranest] [DEBUG] iteration=2640, ncalls=3824, regioncalls=138040, ndraw=40, logz=-113122.92, remainder_fraction=99.9995%, Lmin=-113113.73, Lmax=-113101.32
13:41:37 [ultranest] [DEBUG] iteration=2664, ncalls=3858, regioncalls=139400, ndraw=40, logz=-113122.31, remainder_fraction=99.9990%, Lmin=-113113.20, Lmax=-113101.32
13:41:37 [ultranest] [DEBUG] iteration=2680, ncalls=3877, regioncalls=140160, ndraw=40, logz=-113121.94, remainder_fraction=99.9985%, Lmin=-113112.71, Lmax=-113101.32
13:41:37 [ultranest] [DEBUG] iteration=2707, ncalls=3910, regioncalls=141480, ndraw=40, logz=-113121.22, remainder_fraction=99.9968%, Lmin=-113111.66, Lmax=-113101.32
13:41:37 [ultranest] [DEBUG] iteration=2711, ncalls=3915, regioncalls=141760, ndraw=40, logz=-113121.09, remainder_fraction=99.9963%, Lmin=-113111.61, Lmax=-113101.32
13:41:37 [ultranest] [DEBUG] iteration=2720, ncalls=3925, regioncalls=142240, ndraw=40, logz=-113120.83, remainder_fraction=99.9952%, Lmin=-113111.38, Lmax=-113101.32
13:41:37 [ultranest] [DEBUG] iteration=2746, ncalls=3958, regioncalls=143560, ndraw=40, logz=-113120.16, remainder_fraction=99.9908%, Lmin=-113110.76, Lmax=-113101.32
13:41:37 [ultranest] [DEBUG] iteration=2760, ncalls=3975, regioncalls=144240, ndraw=40, logz=-113119.84, remainder_fraction=99.9874%, Lmin=-113110.58, Lmax=-113101.32
13:41:38 [ultranest] [DEBUG] iteration=2788, ncalls=4008, regioncalls=145560, ndraw=40, logz=-113119.22, remainder_fraction=99.9768%, Lmin=-113109.84, Lmax=-113101.32
13:41:38 [ultranest] [DEBUG] iteration=2798, ncalls=4020, regioncalls=146080, ndraw=40, logz=-113119.01, remainder_fraction=99.9713%, Lmin=-113109.73, Lmax=-113101.32
13:41:38 [ultranest] [DEBUG] iteration=2800, ncalls=4022, regioncalls=146160, ndraw=40, logz=-113118.97, remainder_fraction=99.9702%, Lmin=-113109.69, Lmax=-113101.32
13:41:38 [ultranest] [DEBUG] iteration=2826, ncalls=4055, regioncalls=147480, ndraw=40, logz=-113118.42, remainder_fraction=99.9490%, Lmin=-113108.98, Lmax=-113101.32
13:41:38 [ultranest] [DEBUG] iteration=2840, ncalls=4072, regioncalls=148160, ndraw=40, logz=-113118.14, remainder_fraction=99.9317%, Lmin=-113108.79, Lmax=-113101.32
13:41:38 [ultranest] [DEBUG] iteration=2865, ncalls=4106, regioncalls=149520, ndraw=40, logz=-113117.66, remainder_fraction=99.8905%, Lmin=-113108.17, Lmax=-113101.32
13:41:38 [ultranest] [DEBUG] iteration=2880, ncalls=4128, regioncalls=150400, ndraw=40, logz=-113117.37, remainder_fraction=99.8578%, Lmin=-113107.95, Lmax=-113101.32
13:41:38 [ultranest] [DEBUG] iteration=2885, ncalls=4134, regioncalls=150680, ndraw=40, logz=-113117.28, remainder_fraction=99.8444%, Lmin=-113107.85, Lmax=-113101.32
13:41:38 [ultranest] [DEBUG] iteration=2912, ncalls=4168, regioncalls=152040, ndraw=40, logz=-113116.82, remainder_fraction=99.7654%, Lmin=-113107.47, Lmax=-113101.31
13:41:38 [ultranest] [DEBUG] iteration=2920, ncalls=4177, regioncalls=152400, ndraw=40, logz=-113116.70, remainder_fraction=99.7325%, Lmin=-113107.35, Lmax=-113101.31
13:41:38 [ultranest] [DEBUG] iteration=2946, ncalls=4211, regioncalls=153760, ndraw=40, logz=-113116.32, remainder_fraction=99.6016%, Lmin=-113106.97, Lmax=-113101.31
13:41:38 [ultranest] [DEBUG] iteration=2960, ncalls=4228, regioncalls=154440, ndraw=40, logz=-113116.13, remainder_fraction=99.5193%, Lmin=-113106.81, Lmax=-113101.31
13:41:38 [ultranest] [DEBUG] iteration=2972, ncalls=4242, regioncalls=155080, ndraw=40, logz=-113115.96, remainder_fraction=99.4328%, Lmin=-113106.58, Lmax=-113101.31
13:41:38 [ultranest] [DEBUG] iteration=3000, ncalls=4274, regioncalls=156360, ndraw=40, logz=-113115.61, remainder_fraction=99.1970%, Lmin=-113106.31, Lmax=-113101.31
13:41:38 [ultranest] [DEBUG] iteration=3028, ncalls=4307, regioncalls=157680, ndraw=40, logz=-113115.28, remainder_fraction=98.9225%, Lmin=-113105.89, Lmax=-113101.31
13:41:38 [ultranest] [DEBUG] iteration=3040, ncalls=4325, regioncalls=158400, ndraw=40, logz=-113115.14, remainder_fraction=98.7555%, Lmin=-113105.80, Lmax=-113101.31
13:41:39 [ultranest] [DEBUG] iteration=3059, ncalls=4349, regioncalls=159400, ndraw=40, logz=-113114.94, remainder_fraction=98.4709%, Lmin=-113105.67, Lmax=-113101.31
13:41:39 [ultranest] [DEBUG] iteration=3080, ncalls=4378, regioncalls=160560, ndraw=40, logz=-113114.74, remainder_fraction=98.1208%, Lmin=-113105.46, Lmax=-113101.31
13:41:39 [ultranest] [DEBUG] iteration=3107, ncalls=4410, regioncalls=161840, ndraw=40, logz=-113114.50, remainder_fraction=97.6422%, Lmin=-113105.27, Lmax=-113101.31
13:41:39 [ultranest] [DEBUG] iteration=3120, ncalls=4426, regioncalls=162480, ndraw=40, logz=-113114.39, remainder_fraction=97.4361%, Lmin=-113105.19, Lmax=-113101.31
13:41:39 [ultranest] [DEBUG] iteration=3146, ncalls=4458, regioncalls=163760, ndraw=40, logz=-113114.20, remainder_fraction=96.8997%, Lmin=-113105.01, Lmax=-113101.31
13:41:39 [ultranest] [DEBUG] iteration=3160, ncalls=4475, regioncalls=164440, ndraw=40, logz=-113114.09, remainder_fraction=96.5744%, Lmin=-113104.84, Lmax=-113101.31
13:41:39 [ultranest] [DEBUG] iteration=3182, ncalls=4509, regioncalls=165800, ndraw=40, logz=-113113.93, remainder_fraction=95.9466%, Lmin=-113104.62, Lmax=-113101.31
13:41:39 [ultranest] [DEBUG] iteration=3200, ncalls=4533, regioncalls=166760, ndraw=40, logz=-113113.79, remainder_fraction=95.4219%, Lmin=-113104.46, Lmax=-113101.31
13:41:39 [ultranest] [DEBUG] iteration=3222, ncalls=4567, regioncalls=168120, ndraw=40, logz=-113113.64, remainder_fraction=94.7059%, Lmin=-113104.28, Lmax=-113101.31
13:41:39 [ultranest] [DEBUG] iteration=3233, ncalls=4581, regioncalls=168720, ndraw=40, logz=-113113.56, remainder_fraction=94.3041%, Lmin=-113104.21, Lmax=-113101.31
13:41:39 [ultranest] [DEBUG] iteration=3240, ncalls=4590, regioncalls=169080, ndraw=40, logz=-113113.51, remainder_fraction=94.0297%, Lmin=-113104.14, Lmax=-113101.31
13:41:39 [ultranest] [DEBUG] iteration=3268, ncalls=4622, regioncalls=170360, ndraw=40, logz=-113113.33, remainder_fraction=92.7955%, Lmin=-113103.95, Lmax=-113101.31
13:41:39 [ultranest] [DEBUG] iteration=3280, ncalls=4635, regioncalls=170880, ndraw=40, logz=-113113.25, remainder_fraction=92.2665%, Lmin=-113103.90, Lmax=-113101.31
13:41:40 [ultranest] [DEBUG] iteration=3302, ncalls=4670, regioncalls=172280, ndraw=40, logz=-113113.12, remainder_fraction=91.1993%, Lmin=-113103.76, Lmax=-113101.31
13:41:40 [ultranest] [DEBUG] iteration=3320, ncalls=4693, regioncalls=173240, ndraw=40, logz=-113113.02, remainder_fraction=90.3101%, Lmin=-113103.66, Lmax=-113101.31
13:41:40 [ultranest] [DEBUG] iteration=3348, ncalls=4728, regioncalls=174640, ndraw=40, logz=-113112.87, remainder_fraction=88.5859%, Lmin=-113103.49, Lmax=-113101.31
13:41:40 [ultranest] [DEBUG] iteration=3360, ncalls=4747, regioncalls=175400, ndraw=40, logz=-113112.81, remainder_fraction=87.9106%, Lmin=-113103.42, Lmax=-113101.31
13:41:40 [ultranest] [DEBUG] iteration=3384, ncalls=4780, regioncalls=176720, ndraw=40, logz=-113112.69, remainder_fraction=86.3489%, Lmin=-113103.25, Lmax=-113101.31
13:41:40 [ultranest] [DEBUG] iteration=3400, ncalls=4802, regioncalls=177600, ndraw=40, logz=-113112.61, remainder_fraction=85.2274%, Lmin=-113103.17, Lmax=-113101.31
13:41:40 [ultranest] [DEBUG] iteration=3407, ncalls=4815, regioncalls=178160, ndraw=40, logz=-113112.57, remainder_fraction=84.7306%, Lmin=-113103.13, Lmax=-113101.31
13:41:40 [ultranest] [DEBUG] iteration=3436, ncalls=4846, regioncalls=179440, ndraw=40, logz=-113112.44, remainder_fraction=82.6571%, Lmin=-113103.02, Lmax=-113101.31
13:41:40 [ultranest] [DEBUG] iteration=3440, ncalls=4853, regioncalls=179720, ndraw=40, logz=-113112.42, remainder_fraction=82.2856%, Lmin=-113103.00, Lmax=-113101.31
13:41:40 [ultranest] [DEBUG] iteration=3462, ncalls=4887, regioncalls=181080, ndraw=40, logz=-113112.33, remainder_fraction=80.6001%, Lmin=-113102.90, Lmax=-113101.31
13:41:40 [ultranest] [DEBUG] iteration=3480, ncalls=4912, regioncalls=182080, ndraw=40, logz=-113112.26, remainder_fraction=79.2059%, Lmin=-113102.78, Lmax=-113101.31
13:41:40 [ultranest] [DEBUG] iteration=3494, ncalls=4929, regioncalls=182800, ndraw=40, logz=-113112.20, remainder_fraction=77.9117%, Lmin=-113102.74, Lmax=-113101.31
13:41:41 [ultranest] [DEBUG] iteration=3520, ncalls=4962, regioncalls=184120, ndraw=40, logz=-113112.10, remainder_fraction=75.5636%, Lmin=-113102.60, Lmax=-113101.31
13:41:41 [ultranest] [DEBUG] iteration=3546, ncalls=4996, regioncalls=185480, ndraw=40, logz=-113112.01, remainder_fraction=73.0118%, Lmin=-113102.52, Lmax=-113101.31
13:41:41 [ultranest] [DEBUG] iteration=3560, ncalls=5011, regioncalls=186080, ndraw=40, logz=-113111.96, remainder_fraction=71.6456%, Lmin=-113102.49, Lmax=-113101.31
13:41:41 [ultranest] [DEBUG] iteration=3582, ncalls=5043, regioncalls=187360, ndraw=40, logz=-113111.89, remainder_fraction=69.3791%, Lmin=-113102.41, Lmax=-113101.31
13:41:41 [ultranest] [DEBUG] iteration=3600, ncalls=5066, regioncalls=188280, ndraw=40, logz=-113111.83, remainder_fraction=67.6802%, Lmin=-113102.36, Lmax=-113101.31
13:41:41 [ultranest] [DEBUG] iteration=3620, ncalls=5101, regioncalls=189680, ndraw=40, logz=-113111.77, remainder_fraction=65.7433%, Lmin=-113102.30, Lmax=-113101.31
13:41:41 [ultranest] [DEBUG] iteration=3640, ncalls=5132, regioncalls=190920, ndraw=40, logz=-113111.72, remainder_fraction=63.8176%, Lmin=-113102.25, Lmax=-113101.30
13:41:41 [ultranest] [DEBUG] iteration=3664, ncalls=5167, regioncalls=192320, ndraw=40, logz=-113111.66, remainder_fraction=61.3888%, Lmin=-113102.18, Lmax=-113101.30
13:41:41 [ultranest] [DEBUG] iteration=3668, ncalls=5172, regioncalls=192560, ndraw=40, logz=-113111.65, remainder_fraction=60.9854%, Lmin=-113102.17, Lmax=-113101.30
13:41:41 [ultranest] [DEBUG] iteration=3680, ncalls=5186, regioncalls=193120, ndraw=40, logz=-113111.62, remainder_fraction=59.7475%, Lmin=-113102.15, Lmax=-113101.30
13:41:41 [ultranest] [DEBUG] iteration=3706, ncalls=5217, regioncalls=194360, ndraw=40, logz=-113111.56, remainder_fraction=57.1949%, Lmin=-113102.10, Lmax=-113101.30
13:41:41 [ultranest] [DEBUG] iteration=3720, ncalls=5234, regioncalls=195040, ndraw=40, logz=-113111.52, remainder_fraction=55.8037%, Lmin=-113102.07, Lmax=-113101.30
13:41:41 [ultranest] [DEBUG] iteration=3747, ncalls=5266, regioncalls=196320, ndraw=40, logz=-113111.47, remainder_fraction=53.2497%, Lmin=-113102.02, Lmax=-113101.30
13:41:42 [ultranest] [DEBUG] iteration=3755, ncalls=5277, regioncalls=196800, ndraw=40, logz=-113111.45, remainder_fraction=52.5348%, Lmin=-113102.00, Lmax=-113101.30
13:41:42 [ultranest] [DEBUG] iteration=3760, ncalls=5282, regioncalls=197000, ndraw=40, logz=-113111.44, remainder_fraction=52.0346%, Lmin=-113101.99, Lmax=-113101.30
13:41:42 [ultranest] [DEBUG] iteration=3783, ncalls=5314, regioncalls=198280, ndraw=40, logz=-113111.40, remainder_fraction=49.9505%, Lmin=-113101.96, Lmax=-113101.30
13:41:42 [ultranest] [DEBUG] iteration=3800, ncalls=5337, regioncalls=199200, ndraw=40, logz=-113111.37, remainder_fraction=48.4037%, Lmin=-113101.93, Lmax=-113101.30
13:41:42 [ultranest] [DEBUG] iteration=3825, ncalls=5369, regioncalls=200480, ndraw=40, logz=-113111.33, remainder_fraction=46.1379%, Lmin=-113101.88, Lmax=-113101.30
13:41:42 [ultranest] [DEBUG] iteration=3840, ncalls=5389, regioncalls=201280, ndraw=40, logz=-113111.30, remainder_fraction=44.8749%, Lmin=-113101.87, Lmax=-113101.30
13:41:42 [ultranest] [DEBUG] iteration=3863, ncalls=5419, regioncalls=202480, ndraw=40, logz=-113111.27, remainder_fraction=42.8665%, Lmin=-113101.83, Lmax=-113101.30
13:41:42 [ultranest] [DEBUG] iteration=3880, ncalls=5445, regioncalls=203520, ndraw=40, logz=-113111.24, remainder_fraction=41.3773%, Lmin=-113101.82, Lmax=-113101.30
13:41:42 [ultranest] [DEBUG] iteration=3901, ncalls=5481, regioncalls=204960, ndraw=40, logz=-113111.22, remainder_fraction=39.6607%, Lmin=-113101.78, Lmax=-113101.30
13:41:42 [ultranest] [DEBUG] iteration=3920, ncalls=5505, regioncalls=205920, ndraw=40, logz=-113111.19, remainder_fraction=38.1800%, Lmin=-113101.76, Lmax=-113101.30
13:41:42 [ultranest] [DEBUG] iteration=3929, ncalls=5514, regioncalls=206320, ndraw=40, logz=-113111.18, remainder_fraction=37.4814%, Lmin=-113101.75, Lmax=-113101.30
13:41:42 [ultranest] [DEBUG] iteration=3956, ncalls=5545, regioncalls=207600, ndraw=40, logz=-113111.15, remainder_fraction=35.4442%, Lmin=-113101.72, Lmax=-113101.30
13:41:42 [ultranest] [DEBUG] iteration=3960, ncalls=5551, regioncalls=207840, ndraw=40, logz=-113111.14, remainder_fraction=35.1628%, Lmin=-113101.72, Lmax=-113101.30
13:41:42 [ultranest] [DEBUG] iteration=3981, ncalls=5584, regioncalls=209200, ndraw=40, logz=-113111.12, remainder_fraction=33.6791%, Lmin=-113101.69, Lmax=-113101.30
13:41:43 [ultranest] [DEBUG] iteration=4000, ncalls=5612, regioncalls=210360, ndraw=40, logz=-113111.10, remainder_fraction=32.3466%, Lmin=-113101.67, Lmax=-113101.30
13:41:43 [ultranest] [DEBUG] iteration=4023, ncalls=5642, regioncalls=211600, ndraw=40, logz=-113111.08, remainder_fraction=30.7791%, Lmin=-113101.65, Lmax=-113101.30
13:41:43 [ultranest] [DEBUG] iteration=4040, ncalls=5666, regioncalls=212560, ndraw=40, logz=-113111.06, remainder_fraction=29.6418%, Lmin=-113101.64, Lmax=-113101.30
13:41:43 [ultranest] [DEBUG] iteration=4061, ncalls=5705, regioncalls=214120, ndraw=40, logz=-113111.04, remainder_fraction=28.3057%, Lmin=-113101.61, Lmax=-113101.30
13:41:43 [ultranest] [DEBUG] iteration=4080, ncalls=5733, regioncalls=215240, ndraw=40, logz=-113111.03, remainder_fraction=27.1213%, Lmin=-113101.60, Lmax=-113101.30
13:41:43 [ultranest] [DEBUG] iteration=4103, ncalls=5763, regioncalls=216480, ndraw=40, logz=-113111.01, remainder_fraction=25.7493%, Lmin=-113101.58, Lmax=-113101.30
13:41:43 [ultranest] [DEBUG] iteration=4120, ncalls=5783, regioncalls=217320, ndraw=40, logz=-113111.00, remainder_fraction=24.8098%, Lmin=-113101.57, Lmax=-113101.30
13:41:43 [ultranest] [DEBUG] iteration=4145, ncalls=5816, regioncalls=218640, ndraw=40, logz=-113110.98, remainder_fraction=23.4532%, Lmin=-113101.56, Lmax=-113101.30
13:41:43 [ultranest] [DEBUG] iteration=4160, ncalls=5834, regioncalls=219360, ndraw=40, logz=-113110.97, remainder_fraction=22.6592%, Lmin=-113101.54, Lmax=-113101.30
13:41:43 [ultranest] [DEBUG] iteration=4187, ncalls=5866, regioncalls=220640, ndraw=40, logz=-113110.95, remainder_fraction=21.3004%, Lmin=-113101.53, Lmax=-113101.30
13:41:43 [ultranest] [DEBUG] iteration=4190, ncalls=5870, regioncalls=220840, ndraw=40, logz=-113110.95, remainder_fraction=21.1487%, Lmin=-113101.53, Lmax=-113101.30
13:41:43 [ultranest] [DEBUG] iteration=4200, ncalls=5881, regioncalls=221280, ndraw=40, logz=-113110.94, remainder_fraction=20.6878%, Lmin=-113101.52, Lmax=-113101.30
13:41:44 [ultranest] [DEBUG] iteration=4225, ncalls=5915, regioncalls=222640, ndraw=40, logz=-113110.93, remainder_fraction=19.5341%, Lmin=-113101.51, Lmax=-113101.30
13:41:44 [ultranest] [DEBUG] iteration=4240, ncalls=5946, regioncalls=223880, ndraw=40, logz=-113110.92, remainder_fraction=18.8692%, Lmin=-113101.50, Lmax=-113101.30
13:41:44 [ultranest] [DEBUG] iteration=4266, ncalls=5980, regioncalls=225240, ndraw=40, logz=-113110.91, remainder_fraction=17.7384%, Lmin=-113101.49, Lmax=-113101.30
13:41:44 [ultranest] [DEBUG] iteration=4277, ncalls=5996, regioncalls=226000, ndraw=40, logz=-113110.90, remainder_fraction=17.2860%, Lmin=-113101.48, Lmax=-113101.30
13:41:44 [ultranest] [DEBUG] iteration=4280, ncalls=5999, regioncalls=226120, ndraw=40, logz=-113110.90, remainder_fraction=17.1625%, Lmin=-113101.48, Lmax=-113101.30
13:41:44 [ultranest] [DEBUG] iteration=4299, ncalls=6040, regioncalls=227800, ndraw=40, logz=-113110.89, remainder_fraction=16.4252%, Lmin=-113101.47, Lmax=-113101.30
13:41:44 [ultranest] [DEBUG] iteration=4320, ncalls=6071, regioncalls=229040, ndraw=40, logz=-113110.88, remainder_fraction=15.6284%, Lmin=-113101.46, Lmax=-113101.30
13:41:44 [ultranest] [DEBUG] iteration=4340, ncalls=6106, regioncalls=230440, ndraw=40, logz=-113110.87, remainder_fraction=14.8955%, Lmin=-113101.45, Lmax=-113101.30
13:41:44 [ultranest] [DEBUG] iteration=4359, ncalls=6143, regioncalls=231920, ndraw=40, logz=-113110.86, remainder_fraction=14.2337%, Lmin=-113101.44, Lmax=-113101.30
13:41:44 [ultranest] [DEBUG] iteration=4360, ncalls=6144, regioncalls=231960, ndraw=40, logz=-113110.86, remainder_fraction=14.1980%, Lmin=-113101.44, Lmax=-113101.30
13:41:44 [ultranest] [DEBUG] iteration=4364, ncalls=6149, regioncalls=232200, ndraw=40, logz=-113110.86, remainder_fraction=14.0628%, Lmin=-113101.44, Lmax=-113101.30
13:41:44 [ultranest] [DEBUG] iteration=4390, ncalls=6182, regioncalls=233520, ndraw=40, logz=-113110.85, remainder_fraction=13.2014%, Lmin=-113101.43, Lmax=-113101.30
13:41:44 [ultranest] [DEBUG] iteration=4400, ncalls=6193, regioncalls=233960, ndraw=40, logz=-113110.85, remainder_fraction=12.8844%, Lmin=-113101.43, Lmax=-113101.30
13:41:44 [ultranest] [DEBUG] iteration=4428, ncalls=6225, regioncalls=235240, ndraw=40, logz=-113110.84, remainder_fraction=12.0333%, Lmin=-113101.42, Lmax=-113101.30
13:41:44 [ultranest] [DEBUG] iteration=4440, ncalls=6239, regioncalls=235800, ndraw=40, logz=-113110.83, remainder_fraction=11.6815%, Lmin=-113101.42, Lmax=-113101.30
13:41:45 [ultranest] [DEBUG] iteration=4451, ncalls=6251, regioncalls=236320, ndraw=40, logz=-113110.83, remainder_fraction=11.3716%, Lmin=-113101.41, Lmax=-113101.30
13:41:45 [ultranest] [DEBUG] iteration=4478, ncalls=6283, regioncalls=237600, ndraw=40, logz=-113110.82, remainder_fraction=10.6420%, Lmin=-113101.40, Lmax=-113101.30
13:41:45 [ultranest] [DEBUG] iteration=4480, ncalls=6285, regioncalls=237680, ndraw=40, logz=-113110.82, remainder_fraction=10.5884%, Lmin=-113101.40, Lmax=-113101.30
13:41:45 [ultranest] [DEBUG] iteration=4502, ncalls=6320, regioncalls=239080, ndraw=40, logz=-113110.82, remainder_fraction=10.0314%, Lmin=-113101.40, Lmax=-113101.30
13:41:45 [ultranest] [DEBUG] iteration=4520, ncalls=6347, regioncalls=240160, ndraw=40, logz=-113110.81, remainder_fraction=9.5928%, Lmin=-113101.39, Lmax=-113101.30
13:41:45 [ultranest] [DEBUG] iteration=4538, ncalls=6371, regioncalls=241200, ndraw=40, logz=-113110.81, remainder_fraction=9.1697%, Lmin=-113101.39, Lmax=-113101.30
13:41:45 [ultranest] [DEBUG] iteration=4560, ncalls=6398, regioncalls=242280, ndraw=40, logz=-113110.80, remainder_fraction=8.6859%, Lmin=-113101.38, Lmax=-113101.30
13:41:45 [ultranest] [DEBUG] iteration=4582, ncalls=6432, regioncalls=243640, ndraw=40, logz=-113110.80, remainder_fraction=8.2245%, Lmin=-113101.38, Lmax=-113101.30
13:41:45 [ultranest] [DEBUG] iteration=4600, ncalls=6455, regioncalls=244560, ndraw=40, logz=-113110.79, remainder_fraction=7.8629%, Lmin=-113101.38, Lmax=-113101.30
13:41:45 [ultranest] [DEBUG] iteration=4617, ncalls=6492, regioncalls=246040, ndraw=40, logz=-113110.79, remainder_fraction=7.5372%, Lmin=-113101.37, Lmax=-113101.30
13:41:45 [ultranest] [DEBUG] iteration=4625, ncalls=6506, regioncalls=246680, ndraw=40, logz=-113110.79, remainder_fraction=7.3856%, Lmin=-113101.37, Lmax=-113101.30
13:41:45 [ultranest] [DEBUG] iteration=4640, ncalls=6529, regioncalls=247600, ndraw=40, logz=-113110.78, remainder_fraction=7.1115%, Lmin=-113101.37, Lmax=-113101.30
13:41:45 [ultranest] [DEBUG] iteration=4668, ncalls=6561, regioncalls=248880, ndraw=40, logz=-113110.78, remainder_fraction=6.6292%, Lmin=-113101.36, Lmax=-113101.30
13:41:46 [ultranest] [DEBUG] iteration=4680, ncalls=6581, regioncalls=249680, ndraw=40, logz=-113110.78, remainder_fraction=6.4302%, Lmin=-113101.36, Lmax=-113101.30
13:41:46 [ultranest] [DEBUG] iteration=4705, ncalls=6613, regioncalls=250960, ndraw=40, logz=-113110.77, remainder_fraction=6.0371%, Lmin=-113101.36, Lmax=-113101.30
13:41:46 [ultranest] [DEBUG] iteration=4712, ncalls=6623, regioncalls=251400, ndraw=40, logz=-113110.77, remainder_fraction=5.9316%, Lmin=-113101.36, Lmax=-113101.30
13:41:46 [ultranest] [DEBUG] iteration=4720, ncalls=6632, regioncalls=251760, ndraw=40, logz=-113110.77, remainder_fraction=5.8141%, Lmin=-113101.35, Lmax=-113101.30
13:41:46 [ultranest] [DEBUG] iteration=4742, ncalls=6665, regioncalls=253080, ndraw=40, logz=-113110.77, remainder_fraction=5.4999%, Lmin=-113101.35, Lmax=-113101.30
13:41:46 [ultranest] [DEBUG] iteration=4760, ncalls=6690, regioncalls=254080, ndraw=40, logz=-113110.76, remainder_fraction=5.2551%, Lmin=-113101.35, Lmax=-113101.30
13:41:46 [ultranest] [DEBUG] iteration=4784, ncalls=6723, regioncalls=255400, ndraw=40, logz=-113110.76, remainder_fraction=4.9445%, Lmin=-113101.35, Lmax=-113101.30
13:41:46 [ultranest] [DEBUG] iteration=4799, ncalls=6744, regioncalls=256320, ndraw=40, logz=-113110.76, remainder_fraction=4.7607%, Lmin=-113101.35, Lmax=-113101.30
13:41:46 [ultranest] [DEBUG] iteration=4800, ncalls=6745, regioncalls=256360, ndraw=40, logz=-113110.76, remainder_fraction=4.7485%, Lmin=-113101.35, Lmax=-113101.30
13:41:46 [ultranest] [DEBUG] iteration=4826, ncalls=6779, regioncalls=257720, ndraw=40, logz=-113110.76, remainder_fraction=4.4459%, Lmin=-113101.34, Lmax=-113101.30
13:41:46 [ultranest] [DEBUG] iteration=4840, ncalls=6803, regioncalls=258680, ndraw=40, logz=-113110.75, remainder_fraction=4.2903%, Lmin=-113101.34, Lmax=-113101.30
13:41:46 [ultranest] [DEBUG] iteration=4862, ncalls=6836, regioncalls=260000, ndraw=40, logz=-113110.75, remainder_fraction=4.0565%, Lmin=-113101.34, Lmax=-113101.30
13:41:46 [ultranest] [DEBUG] iteration=4880, ncalls=6857, regioncalls=260840, ndraw=40, logz=-113110.75, remainder_fraction=3.8746%, Lmin=-113101.34, Lmax=-113101.30
13:41:47 [ultranest] [DEBUG] iteration=4899, ncalls=6888, regioncalls=262080, ndraw=40, logz=-113110.75, remainder_fraction=3.6911%, Lmin=-113101.34, Lmax=-113101.30
13:41:47 [ultranest] [DEBUG] iteration=4920, ncalls=6919, regioncalls=263320, ndraw=40, logz=-113110.75, remainder_fraction=3.4986%, Lmin=-113101.33, Lmax=-113101.30
13:41:47 [ultranest] [DEBUG] iteration=4943, ncalls=6952, regioncalls=264640, ndraw=40, logz=-113110.74, remainder_fraction=3.2991%, Lmin=-113101.33, Lmax=-113101.30
13:41:47 [ultranest] [DEBUG] iteration=4960, ncalls=6973, regioncalls=265480, ndraw=40, logz=-113110.74, remainder_fraction=3.1590%, Lmin=-113101.33, Lmax=-113101.30
13:41:47 [ultranest] [DEBUG] iteration=4973, ncalls=6993, regioncalls=266360, ndraw=40, logz=-113110.74, remainder_fraction=3.0555%, Lmin=-113101.33, Lmax=-113101.30
13:41:47 [ultranest] [DEBUG] iteration=5000, ncalls=7022, regioncalls=267640, ndraw=40, logz=-113110.74, remainder_fraction=2.8518%, Lmin=-113101.33, Lmax=-113101.30
13:41:47 [ultranest] [DEBUG] iteration=5023, ncalls=7055, regioncalls=268960, ndraw=40, logz=-113110.74, remainder_fraction=2.6887%, Lmin=-113101.33, Lmax=-113101.30
13:41:47 [ultranest] [DEBUG] iteration=5040, ncalls=7076, regioncalls=269800, ndraw=40, logz=-113110.74, remainder_fraction=2.5742%, Lmin=-113101.33, Lmax=-113101.30
13:41:47 [ultranest] [DEBUG] iteration=5060, ncalls=7102, regioncalls=271000, ndraw=40, logz=-113110.74, remainder_fraction=2.4459%, Lmin=-113101.32, Lmax=-113101.30
13:41:47 [ultranest] [DEBUG] iteration=5080, ncalls=7124, regioncalls=271880, ndraw=40, logz=-113110.73, remainder_fraction=2.3237%, Lmin=-113101.32, Lmax=-113101.30
13:41:47 [ultranest] [DEBUG] iteration=5106, ncalls=7156, regioncalls=273160, ndraw=40, logz=-113110.73, remainder_fraction=2.1741%, Lmin=-113101.32, Lmax=-113101.30
13:41:47 [ultranest] [DEBUG] iteration=5120, ncalls=7174, regioncalls=273880, ndraw=40, logz=-113110.73, remainder_fraction=2.0974%, Lmin=-113101.32, Lmax=-113101.30
13:41:48 [ultranest] [DEBUG] iteration=5147, ncalls=7206, regioncalls=275200, ndraw=40, logz=-113110.73, remainder_fraction=1.9566%, Lmin=-113101.32, Lmax=-113101.30
13:41:48 [ultranest] [DEBUG] iteration=5160, ncalls=7221, regioncalls=275800, ndraw=40, logz=-113110.73, remainder_fraction=1.8923%, Lmin=-113101.32, Lmax=-113101.30
13:41:48 [ultranest] [DEBUG] iteration=5186, ncalls=7253, regioncalls=277080, ndraw=40, logz=-113110.73, remainder_fraction=1.7700%, Lmin=-113101.32, Lmax=-113101.30
13:41:48 [ultranest] [DEBUG] iteration=5200, ncalls=7274, regioncalls=277920, ndraw=40, logz=-113110.73, remainder_fraction=1.7073%, Lmin=-113101.32, Lmax=-113101.30
13:41:48 [ultranest] [DEBUG] iteration=5222, ncalls=7308, regioncalls=279280, ndraw=40, logz=-113110.73, remainder_fraction=1.6132%, Lmin=-113101.32, Lmax=-113101.30
13:41:48 [ultranest] [DEBUG] iteration=5240, ncalls=7334, regioncalls=280320, ndraw=40, logz=-113110.73, remainder_fraction=1.5402%, Lmin=-113101.32, Lmax=-113101.30
13:41:48 [ultranest] [DEBUG] iteration=5263, ncalls=7367, regioncalls=281640, ndraw=40, logz=-113110.73, remainder_fraction=1.4516%, Lmin=-113101.32, Lmax=-113101.30
13:41:48 [ultranest] [DEBUG] iteration=5280, ncalls=7396, regioncalls=282800, ndraw=40, logz=-113110.72, remainder_fraction=1.3895%, Lmin=-113101.31, Lmax=-113101.30
13:41:48 [ultranest] [DEBUG] iteration=5306, ncalls=7429, regioncalls=284120, ndraw=40, logz=-113110.72, remainder_fraction=1.2994%, Lmin=-113101.31, Lmax=-113101.30
13:41:48 [ultranest] [DEBUG] iteration=5320, ncalls=7446, regioncalls=284800, ndraw=40, logz=-113110.72, remainder_fraction=1.2534%, Lmin=-113101.31, Lmax=-113101.30
13:41:48 [ultranest] [DEBUG] iteration=5321, ncalls=7447, regioncalls=284880, ndraw=40, logz=-113110.72, remainder_fraction=1.2502%, Lmin=-113101.31, Lmax=-113101.30
13:41:48 [ultranest] [DEBUG] iteration=5346, ncalls=7480, regioncalls=286200, ndraw=40, logz=-113110.72, remainder_fraction=1.1722%, Lmin=-113101.31, Lmax=-113101.30
13:41:48 [ultranest] [DEBUG] iteration=5360, ncalls=7501, regioncalls=287040, ndraw=40, logz=-113110.72, remainder_fraction=1.1306%, Lmin=-113101.31, Lmax=-113101.30
13:41:49 [ultranest] [DEBUG] iteration=5386, ncalls=7533, regioncalls=288320, ndraw=40, logz=-113110.72, remainder_fraction=1.0573%, Lmin=-113101.31, Lmax=-113101.30
13:41:49 [ultranest] [DEBUG] iteration=5400, ncalls=7553, regioncalls=289120, ndraw=40, logz=-113110.72, remainder_fraction=1.0198%, Lmin=-113101.31, Lmax=-113101.30
13:41:49 [ultranest] [INFO] Explored until L=-1e+05  
13:41:49 [ultranest] [INFO] Likelihood function evaluations: 7560
13:41:50 [ultranest] [INFO] Writing samples and results to disk ...
13:41:50 [ultranest] [INFO] Writing samples and results to disk ... done
13:41:50 [ultranest] [DEBUG] did a run_iter pass!
13:41:50 [ultranest] [INFO]   logZ = -1.131e+05 +- 0.09759
13:41:50 [ultranest] [INFO] Effective samples strategy satisfied (ESS = 1531.6, need >400)
13:41:50 [ultranest] [INFO] Posterior uncertainty strategy is satisfied (KL: 0.46+-0.06 nat, need <0.50 nat)
13:41:50 [ultranest] [INFO] Evidency uncertainty strategy is satisfied (dlogz=0.10, need <0.5)
13:41:50 [ultranest] [INFO]   logZ error budget: single: 0.15 bs:0.10 tail:0.01 total:0.10 required:<0.50
13:41:50 [ultranest] [INFO] done iterating.
13:41:50 [ultranest] [DEBUG] Making corner plot ...
13:41:50 [ultranest] [DEBUG] Making corner plot ... done
13:41:50 [ultranest] [DEBUG] Making run plot ... 
13:41:51 [ultranest] [DEBUG] Making run plot ... done
13:41:51 [ultranest] [DEBUG] Making trace plot ... 
13:41:52 [ultranest] [DEBUG] Making trace plot ... done
