12:39:42 [ultranest] [DEBUG] ReactiveNestedSampler: dims=2+0, resume=False, log_dir=./m-values/N32/S32/M32/T029/P02/NF2/sample_rho, backend=hdf5, vectorized=False, nbootstraps=30, ndraw=128..65536
12:39:42 [ultranest] [INFO] Sampling 400 live points from prior ...
12:39:43 [ultranest] [DEBUG] run_iter dlogz=0.5, dKL=0.5, frac_remain=0.01, Lepsilon=0.0010, min_ess=400
12:39:43 [ultranest] [DEBUG] max_iters=-1, max_ncalls=-1, max_num_improvement_loops=-1, min_num_live_points=400, cluster_num_live_points=40
12:39:43 [ultranest] [DEBUG] minimal_widths_sequence: [(-inf, 400.0), (inf, 400.0)]
12:39:43 [ultranest] [DEBUG] Plateau detected at L=-1.808911e+07, not replacing live point.
12:39:43 [ultranest] [DEBUG] Plateau detected at L=-1.808911e+07, not replacing live point.
12:39:43 [ultranest] [DEBUG] Plateau detected at L=-1.808911e+07, not replacing live point.
12:39:43 [ultranest] [DEBUG] Plateau detected at L=-1.808911e+07, not replacing live point.
12:39:43 [ultranest] [DEBUG] Plateau detected at L=-1.808911e+07, not replacing live point.
12:39:43 [ultranest] [DEBUG] Plateau detected at L=-1.808911e+07, not replacing live point.
12:39:43 [ultranest] [DEBUG] Plateau detected at L=-1.808911e+07, not replacing live point.
12:39:43 [ultranest] [DEBUG] Plateau detected at L=-1.808911e+07, not replacing live point.
12:39:43 [ultranest] [DEBUG] Plateau detected at L=-1.808911e+07, not replacing live point.
12:39:43 [ultranest] [DEBUG] Plateau detected at L=-1.808911e+07, not replacing live point.
12:39:43 [ultranest] [DEBUG] Plateau detected at L=-1.808911e+07, not replacing live point.
12:39:43 [ultranest] [DEBUG] Plateau detected at L=-1.808911e+07, not replacing live point.
12:39:43 [ultranest] [DEBUG] Plateau detected at L=-1.808911e+07, not replacing live point.
12:39:43 [ultranest] [DEBUG] Plateau detected at L=-1.808911e+07, not replacing live point.
12:39:43 [ultranest] [DEBUG] Plateau detected at L=-1.808911e+07, not replacing live point.
12:39:43 [ultranest] [DEBUG] Plateau detected at L=-1.808911e+07, not replacing live point.
12:39:43 [ultranest] [DEBUG] iteration=16, ncalls=401, regioncalls=40, ndraw=40, logz=-18089111.71, remainder_fraction=100.0000%, Lmin=-18089108.49, Lmax=-141041.33
12:39:43 [ultranest] [DEBUG] iteration=40, ncalls=425, regioncalls=1000, ndraw=40, logz=-164590.55, remainder_fraction=100.0000%, Lmin=-164527.54, Lmax=-141041.33
12:39:43 [ultranest] [DEBUG] iteration=67, ncalls=453, regioncalls=2120, ndraw=40, logz=-160785.11, remainder_fraction=100.0000%, Lmin=-160689.82, Lmax=-141041.33
12:39:43 [ultranest] [DEBUG] iteration=80, ncalls=468, regioncalls=2720, ndraw=40, logz=-159269.99, remainder_fraction=100.0000%, Lmin=-159242.15, Lmax=-141041.33
12:39:44 [ultranest] [DEBUG] iteration=102, ncalls=494, regioncalls=3760, ndraw=40, logz=-157575.23, remainder_fraction=100.0000%, Lmin=-157566.31, Lmax=-141036.98
12:39:44 [ultranest] [DEBUG] iteration=120, ncalls=516, regioncalls=4640, ndraw=40, logz=-155428.06, remainder_fraction=100.0000%, Lmin=-155396.52, Lmax=-141036.98
12:39:44 [ultranest] [DEBUG] iteration=147, ncalls=544, regioncalls=5760, ndraw=40, logz=-153361.57, remainder_fraction=100.0000%, Lmin=-153350.05, Lmax=-141030.38
12:39:44 [ultranest] [DEBUG] iteration=160, ncalls=561, regioncalls=6440, ndraw=40, logz=-152309.11, remainder_fraction=100.0000%, Lmin=-152290.24, Lmax=-141030.38
12:39:44 [ultranest] [DEBUG] iteration=184, ncalls=590, regioncalls=7600, ndraw=40, logz=-151260.71, remainder_fraction=100.0000%, Lmin=-151220.32, Lmax=-141030.38
12:39:44 [ultranest] [DEBUG] iteration=200, ncalls=606, regioncalls=8240, ndraw=40, logz=-150818.05, remainder_fraction=100.0000%, Lmin=-150769.54, Lmax=-141030.38
12:39:44 [ultranest] [DEBUG] iteration=224, ncalls=634, regioncalls=9360, ndraw=40, logz=-149884.19, remainder_fraction=100.0000%, Lmin=-149835.88, Lmax=-141030.38
12:39:44 [ultranest] [DEBUG] iteration=240, ncalls=650, regioncalls=10000, ndraw=40, logz=-149477.58, remainder_fraction=100.0000%, Lmin=-149451.93, Lmax=-141030.38
12:39:44 [ultranest] [DEBUG] iteration=261, ncalls=679, regioncalls=11160, ndraw=40, logz=-148817.16, remainder_fraction=100.0000%, Lmin=-148806.84, Lmax=-141030.38
12:39:44 [ultranest] [DEBUG] iteration=274, ncalls=697, regioncalls=11880, ndraw=40, logz=-148381.12, remainder_fraction=100.0000%, Lmin=-148363.81, Lmax=-141030.38
12:39:44 [ultranest] [DEBUG] iteration=280, ncalls=703, regioncalls=12120, ndraw=40, logz=-148292.49, remainder_fraction=100.0000%, Lmin=-148257.66, Lmax=-141030.38
12:39:44 [ultranest] [DEBUG] iteration=301, ncalls=733, regioncalls=13320, ndraw=40, logz=-147875.89, remainder_fraction=100.0000%, Lmin=-147813.63, Lmax=-141030.38
12:39:44 [ultranest] [DEBUG] iteration=320, ncalls=754, regioncalls=14160, ndraw=40, logz=-147497.60, remainder_fraction=100.0000%, Lmin=-147490.64, Lmax=-141030.38
12:39:45 [ultranest] [DEBUG] iteration=344, ncalls=783, regioncalls=15320, ndraw=40, logz=-147001.79, remainder_fraction=100.0000%, Lmin=-146982.69, Lmax=-141030.38
12:39:45 [ultranest] [DEBUG] iteration=360, ncalls=804, regioncalls=16160, ndraw=40, logz=-146781.73, remainder_fraction=100.0000%, Lmin=-146764.79, Lmax=-141024.27
12:39:45 [ultranest] [DEBUG] iteration=385, ncalls=833, regioncalls=17320, ndraw=40, logz=-146358.11, remainder_fraction=100.0000%, Lmin=-146342.10, Lmax=-141024.27
12:39:45 [ultranest] [DEBUG] iteration=400, ncalls=854, regioncalls=18160, ndraw=40, logz=-146121.16, remainder_fraction=100.0000%, Lmin=-146090.76, Lmax=-141024.27
12:39:45 [ultranest] [DEBUG] iteration=422, ncalls=883, regioncalls=19320, ndraw=40, logz=-145769.31, remainder_fraction=100.0000%, Lmin=-145700.44, Lmax=-141024.27
12:39:45 [ultranest] [DEBUG] iteration=440, ncalls=906, regioncalls=20240, ndraw=40, logz=-145356.02, remainder_fraction=100.0000%, Lmin=-145341.85, Lmax=-141024.27
12:39:45 [ultranest] [DEBUG] iteration=446, ncalls=913, regioncalls=20520, ndraw=40, logz=-145259.32, remainder_fraction=100.0000%, Lmin=-145230.73, Lmax=-141024.27
12:39:45 [ultranest] [DEBUG] iteration=467, ncalls=942, regioncalls=21680, ndraw=40, logz=-144891.46, remainder_fraction=100.0000%, Lmin=-144816.89, Lmax=-141024.27
12:39:45 [ultranest] [DEBUG] iteration=480, ncalls=957, regioncalls=22280, ndraw=40, logz=-144616.06, remainder_fraction=100.0000%, Lmin=-144606.14, Lmax=-141024.27
12:39:45 [ultranest] [DEBUG] iteration=502, ncalls=986, regioncalls=23440, ndraw=40, logz=-144403.37, remainder_fraction=100.0000%, Lmin=-144380.33, Lmax=-141024.27
12:39:45 [ultranest] [DEBUG] iteration=520, ncalls=1012, regioncalls=24480, ndraw=40, logz=-144259.82, remainder_fraction=100.0000%, Lmin=-144239.30, Lmax=-141024.27
12:39:45 [ultranest] [DEBUG] iteration=532, ncalls=1025, regioncalls=25000, ndraw=40, logz=-144103.64, remainder_fraction=100.0000%, Lmin=-144085.49, Lmax=-141024.27
12:39:46 [ultranest] [DEBUG] iteration=553, ncalls=1055, regioncalls=26200, ndraw=40, logz=-143902.56, remainder_fraction=100.0000%, Lmin=-143876.17, Lmax=-141024.27
12:39:46 [ultranest] [DEBUG] iteration=560, ncalls=1064, regioncalls=26560, ndraw=40, logz=-143851.31, remainder_fraction=100.0000%, Lmin=-143836.65, Lmax=-141024.27
12:39:46 [ultranest] [DEBUG] iteration=585, ncalls=1093, regioncalls=27720, ndraw=40, logz=-143633.42, remainder_fraction=100.0000%, Lmin=-143624.96, Lmax=-141024.27
12:39:46 [ultranest] [DEBUG] iteration=600, ncalls=1115, regioncalls=28600, ndraw=40, logz=-143544.05, remainder_fraction=100.0000%, Lmin=-143536.44, Lmax=-141024.27
12:39:46 [ultranest] [DEBUG] iteration=618, ncalls=1136, regioncalls=29440, ndraw=40, logz=-143446.92, remainder_fraction=100.0000%, Lmin=-143432.65, Lmax=-141024.27
12:39:46 [ultranest] [DEBUG] iteration=640, ncalls=1163, regioncalls=30520, ndraw=40, logz=-143349.01, remainder_fraction=100.0000%, Lmin=-143338.77, Lmax=-141024.27
12:39:46 [ultranest] [DEBUG] iteration=665, ncalls=1191, regioncalls=31640, ndraw=40, logz=-143171.41, remainder_fraction=100.0000%, Lmin=-143155.08, Lmax=-141024.27
12:39:46 [ultranest] [DEBUG] iteration=680, ncalls=1209, regioncalls=32360, ndraw=40, logz=-143027.61, remainder_fraction=100.0000%, Lmin=-143015.47, Lmax=-141024.27
12:39:46 [ultranest] [DEBUG] iteration=704, ncalls=1236, regioncalls=33440, ndraw=40, logz=-142883.41, remainder_fraction=100.0000%, Lmin=-142875.37, Lmax=-141024.27
12:39:46 [ultranest] [DEBUG] iteration=720, ncalls=1253, regioncalls=34120, ndraw=40, logz=-142821.60, remainder_fraction=100.0000%, Lmin=-142809.10, Lmax=-141024.27
12:39:46 [ultranest] [DEBUG] iteration=745, ncalls=1282, regioncalls=35280, ndraw=40, logz=-142631.91, remainder_fraction=100.0000%, Lmin=-142623.50, Lmax=-141024.27
12:39:46 [ultranest] [DEBUG] iteration=760, ncalls=1300, regioncalls=36000, ndraw=40, logz=-142552.09, remainder_fraction=100.0000%, Lmin=-142537.62, Lmax=-141024.27
12:39:47 [ultranest] [DEBUG] iteration=784, ncalls=1329, regioncalls=37160, ndraw=40, logz=-142405.09, remainder_fraction=100.0000%, Lmin=-142390.98, Lmax=-141024.27
12:39:47 [ultranest] [DEBUG] iteration=800, ncalls=1347, regioncalls=37880, ndraw=40, logz=-142354.22, remainder_fraction=100.0000%, Lmin=-142345.91, Lmax=-141024.27
12:39:47 [ultranest] [DEBUG] iteration=817, ncalls=1377, regioncalls=39080, ndraw=40, logz=-142293.20, remainder_fraction=100.0000%, Lmin=-142279.80, Lmax=-141024.27
12:39:47 [ultranest] [DEBUG] iteration=838, ncalls=1407, regioncalls=40280, ndraw=40, logz=-142229.14, remainder_fraction=100.0000%, Lmin=-142220.22, Lmax=-141024.27
12:39:47 [ultranest] [DEBUG] iteration=840, ncalls=1411, regioncalls=40440, ndraw=40, logz=-142226.38, remainder_fraction=100.0000%, Lmin=-142213.99, Lmax=-141024.27
12:39:47 [ultranest] [DEBUG] iteration=863, ncalls=1441, regioncalls=41640, ndraw=40, logz=-142164.84, remainder_fraction=100.0000%, Lmin=-142153.11, Lmax=-141024.27
12:39:47 [ultranest] [DEBUG] iteration=876, ncalls=1461, regioncalls=42440, ndraw=40, logz=-142128.07, remainder_fraction=100.0000%, Lmin=-142118.61, Lmax=-141024.27
12:39:47 [ultranest] [DEBUG] iteration=880, ncalls=1466, regioncalls=42640, ndraw=40, logz=-142123.06, remainder_fraction=100.0000%, Lmin=-142114.15, Lmax=-141024.27
12:39:47 [ultranest] [DEBUG] iteration=902, ncalls=1494, regioncalls=43800, ndraw=40, logz=-142061.22, remainder_fraction=100.0000%, Lmin=-142049.89, Lmax=-141024.27
12:39:47 [ultranest] [DEBUG] iteration=920, ncalls=1518, regioncalls=44800, ndraw=40, logz=-142004.72, remainder_fraction=100.0000%, Lmin=-141994.69, Lmax=-141024.27
12:39:47 [ultranest] [DEBUG] iteration=939, ncalls=1548, regioncalls=46000, ndraw=40, logz=-141975.35, remainder_fraction=100.0000%, Lmin=-141963.65, Lmax=-141024.27
12:39:47 [ultranest] [DEBUG] iteration=960, ncalls=1575, regioncalls=47080, ndraw=40, logz=-141930.65, remainder_fraction=100.0000%, Lmin=-141918.39, Lmax=-141024.27
12:39:48 [ultranest] [DEBUG] iteration=978, ncalls=1603, regioncalls=48200, ndraw=40, logz=-141887.91, remainder_fraction=100.0000%, Lmin=-141878.44, Lmax=-141024.27
12:39:48 [ultranest] [DEBUG] iteration=1000, ncalls=1629, regioncalls=49240, ndraw=40, logz=-141844.56, remainder_fraction=100.0000%, Lmin=-141834.94, Lmax=-141024.27
12:39:48 [ultranest] [DEBUG] iteration=1021, ncalls=1658, regioncalls=50400, ndraw=40, logz=-141808.07, remainder_fraction=100.0000%, Lmin=-141799.34, Lmax=-141024.27
12:39:48 [ultranest] [DEBUG] iteration=1039, ncalls=1690, regioncalls=51680, ndraw=40, logz=-141772.22, remainder_fraction=100.0000%, Lmin=-141758.64, Lmax=-141024.27
12:39:48 [ultranest] [DEBUG] iteration=1040, ncalls=1691, regioncalls=51720, ndraw=40, logz=-141767.29, remainder_fraction=100.0000%, Lmin=-141756.41, Lmax=-141024.27
12:39:48 [ultranest] [DEBUG] iteration=1048, ncalls=1703, regioncalls=52200, ndraw=40, logz=-141752.23, remainder_fraction=100.0000%, Lmin=-141737.68, Lmax=-141024.27
12:39:48 [ultranest] [DEBUG] iteration=1070, ncalls=1732, regioncalls=53400, ndraw=40, logz=-141700.78, remainder_fraction=100.0000%, Lmin=-141692.05, Lmax=-141024.27
12:39:48 [ultranest] [DEBUG] iteration=1080, ncalls=1744, regioncalls=53880, ndraw=40, logz=-141687.64, remainder_fraction=100.0000%, Lmin=-141676.30, Lmax=-141024.27
12:39:48 [ultranest] [DEBUG] iteration=1104, ncalls=1773, regioncalls=55040, ndraw=40, logz=-141635.46, remainder_fraction=100.0000%, Lmin=-141626.06, Lmax=-141024.27
12:39:48 [ultranest] [DEBUG] iteration=1120, ncalls=1796, regioncalls=55960, ndraw=40, logz=-141613.83, remainder_fraction=100.0000%, Lmin=-141603.47, Lmax=-141024.27
12:39:48 [ultranest] [DEBUG] iteration=1134, ncalls=1818, regioncalls=56840, ndraw=40, logz=-141595.15, remainder_fraction=100.0000%, Lmin=-141586.71, Lmax=-141024.27
12:39:48 [ultranest] [DEBUG] iteration=1158, ncalls=1847, regioncalls=58040, ndraw=40, logz=-141560.60, remainder_fraction=100.0000%, Lmin=-141551.72, Lmax=-141024.27
12:39:48 [ultranest] [DEBUG] iteration=1160, ncalls=1850, regioncalls=58160, ndraw=40, logz=-141559.46, remainder_fraction=100.0000%, Lmin=-141550.95, Lmax=-141024.27
12:39:49 [ultranest] [DEBUG] iteration=1180, ncalls=1879, regioncalls=59320, ndraw=40, logz=-141531.09, remainder_fraction=100.0000%, Lmin=-141521.10, Lmax=-141024.27
12:39:49 [ultranest] [DEBUG] iteration=1200, ncalls=1907, regioncalls=60440, ndraw=40, logz=-141501.50, remainder_fraction=100.0000%, Lmin=-141491.56, Lmax=-141024.27
12:39:49 [ultranest] [DEBUG] iteration=1220, ncalls=1928, regioncalls=61280, ndraw=40, logz=-141483.68, remainder_fraction=100.0000%, Lmin=-141474.74, Lmax=-141024.27
12:39:49 [ultranest] [DEBUG] iteration=1240, ncalls=1952, regioncalls=62280, ndraw=40, logz=-141466.64, remainder_fraction=100.0000%, Lmin=-141456.47, Lmax=-141024.27
12:39:49 [ultranest] [DEBUG] iteration=1259, ncalls=1983, regioncalls=63520, ndraw=40, logz=-141449.85, remainder_fraction=100.0000%, Lmin=-141441.01, Lmax=-141024.27
12:39:49 [ultranest] [DEBUG] iteration=1280, ncalls=2010, regioncalls=64600, ndraw=40, logz=-141439.03, remainder_fraction=100.0000%, Lmin=-141430.47, Lmax=-141024.27
12:39:49 [ultranest] [DEBUG] iteration=1301, ncalls=2039, regioncalls=65760, ndraw=40, logz=-141418.91, remainder_fraction=100.0000%, Lmin=-141409.14, Lmax=-141024.27
12:39:49 [ultranest] [DEBUG] iteration=1306, ncalls=2044, regioncalls=65960, ndraw=40, logz=-141414.86, remainder_fraction=100.0000%, Lmin=-141405.59, Lmax=-141024.27
12:39:49 [ultranest] [DEBUG] iteration=1320, ncalls=2060, regioncalls=66640, ndraw=40, logz=-141398.25, remainder_fraction=100.0000%, Lmin=-141389.28, Lmax=-141024.27
12:39:49 [ultranest] [DEBUG] iteration=1342, ncalls=2089, regioncalls=67800, ndraw=40, logz=-141375.90, remainder_fraction=100.0000%, Lmin=-141365.85, Lmax=-141024.27
12:39:49 [ultranest] [DEBUG] iteration=1360, ncalls=2113, regioncalls=68800, ndraw=40, logz=-141362.13, remainder_fraction=100.0000%, Lmin=-141352.83, Lmax=-141024.27
12:39:49 [ultranest] [DEBUG] iteration=1378, ncalls=2143, regioncalls=70040, ndraw=40, logz=-141354.24, remainder_fraction=100.0000%, Lmin=-141345.20, Lmax=-141024.27
12:39:50 [ultranest] [DEBUG] iteration=1400, ncalls=2166, regioncalls=70960, ndraw=40, logz=-141338.54, remainder_fraction=100.0000%, Lmin=-141325.91, Lmax=-141024.27
12:39:50 [ultranest] [DEBUG] iteration=1419, ncalls=2196, regioncalls=72160, ndraw=40, logz=-141321.02, remainder_fraction=100.0000%, Lmin=-141311.46, Lmax=-141024.27
12:39:50 [ultranest] [DEBUG] iteration=1440, ncalls=2221, regioncalls=73160, ndraw=40, logz=-141301.83, remainder_fraction=100.0000%, Lmin=-141288.61, Lmax=-141024.27
12:39:50 [ultranest] [DEBUG] iteration=1463, ncalls=2250, regioncalls=74320, ndraw=40, logz=-141283.89, remainder_fraction=100.0000%, Lmin=-141274.94, Lmax=-141024.27
12:39:50 [ultranest] [DEBUG] iteration=1478, ncalls=2267, regioncalls=75040, ndraw=40, logz=-141270.38, remainder_fraction=100.0000%, Lmin=-141260.08, Lmax=-141024.27
12:39:50 [ultranest] [DEBUG] iteration=1480, ncalls=2269, regioncalls=75120, ndraw=40, logz=-141268.80, remainder_fraction=100.0000%, Lmin=-141258.72, Lmax=-141024.27
12:39:50 [ultranest] [DEBUG] iteration=1500, ncalls=2299, regioncalls=76320, ndraw=40, logz=-141256.59, remainder_fraction=100.0000%, Lmin=-141247.76, Lmax=-141024.27
12:39:50 [ultranest] [DEBUG] iteration=1520, ncalls=2327, regioncalls=77440, ndraw=40, logz=-141244.25, remainder_fraction=100.0000%, Lmin=-141234.72, Lmax=-141024.27
12:39:50 [ultranest] [DEBUG] iteration=1540, ncalls=2356, regioncalls=78600, ndraw=40, logz=-141235.66, remainder_fraction=100.0000%, Lmin=-141226.07, Lmax=-141024.27
12:39:50 [ultranest] [DEBUG] iteration=1560, ncalls=2381, regioncalls=79600, ndraw=40, logz=-141227.54, remainder_fraction=100.0000%, Lmin=-141218.49, Lmax=-141024.27
12:39:50 [ultranest] [DEBUG] iteration=1564, ncalls=2388, regioncalls=79920, ndraw=40, logz=-141226.00, remainder_fraction=100.0000%, Lmin=-141216.11, Lmax=-141024.27
12:39:50 [ultranest] [DEBUG] iteration=1588, ncalls=2416, regioncalls=81040, ndraw=40, logz=-141215.31, remainder_fraction=100.0000%, Lmin=-141205.78, Lmax=-141024.27
12:39:51 [ultranest] [DEBUG] iteration=1600, ncalls=2433, regioncalls=81720, ndraw=40, logz=-141211.89, remainder_fraction=100.0000%, Lmin=-141203.07, Lmax=-141024.27
12:39:51 [ultranest] [DEBUG] iteration=1624, ncalls=2462, regioncalls=82880, ndraw=40, logz=-141203.09, remainder_fraction=100.0000%, Lmin=-141194.33, Lmax=-141024.27
12:39:51 [ultranest] [DEBUG] iteration=1640, ncalls=2484, regioncalls=83760, ndraw=40, logz=-141193.54, remainder_fraction=100.0000%, Lmin=-141183.30, Lmax=-141024.27
12:39:51 [ultranest] [DEBUG] iteration=1659, ncalls=2511, regioncalls=84840, ndraw=40, logz=-141185.82, remainder_fraction=100.0000%, Lmin=-141176.64, Lmax=-141024.27
12:39:51 [ultranest] [DEBUG] iteration=1679, ncalls=2542, regioncalls=86080, ndraw=40, logz=-141175.50, remainder_fraction=100.0000%, Lmin=-141166.16, Lmax=-141024.27
12:39:51 [ultranest] [DEBUG] iteration=1680, ncalls=2543, regioncalls=86120, ndraw=40, logz=-141175.18, remainder_fraction=100.0000%, Lmin=-141166.11, Lmax=-141024.27
12:39:51 [ultranest] [DEBUG] iteration=1694, ncalls=2563, regioncalls=86920, ndraw=40, logz=-141171.79, remainder_fraction=100.0000%, Lmin=-141162.63, Lmax=-141024.27
12:39:51 [ultranest] [DEBUG] iteration=1710, ncalls=2594, regioncalls=88160, ndraw=40, logz=-141166.43, remainder_fraction=100.0000%, Lmin=-141157.15, Lmax=-141024.27
12:39:51 [ultranest] [DEBUG] iteration=1720, ncalls=2609, regioncalls=88760, ndraw=40, logz=-141162.70, remainder_fraction=100.0000%, Lmin=-141153.68, Lmax=-141024.27
12:39:51 [ultranest] [DEBUG] iteration=1736, ncalls=2638, regioncalls=89960, ndraw=40, logz=-141156.60, remainder_fraction=100.0000%, Lmin=-141147.04, Lmax=-141024.27
12:39:51 [ultranest] [DEBUG] iteration=1760, ncalls=2665, regioncalls=91040, ndraw=40, logz=-141149.46, remainder_fraction=100.0000%, Lmin=-141139.80, Lmax=-141024.27
12:39:51 [ultranest] [DEBUG] iteration=1784, ncalls=2695, regioncalls=92240, ndraw=40, logz=-141140.33, remainder_fraction=100.0000%, Lmin=-141130.91, Lmax=-141024.27
12:39:52 [ultranest] [DEBUG] iteration=1800, ncalls=2720, regioncalls=93240, ndraw=40, logz=-141135.65, remainder_fraction=100.0000%, Lmin=-141125.66, Lmax=-141024.27
12:39:52 [ultranest] [DEBUG] iteration=1821, ncalls=2749, regioncalls=94400, ndraw=40, logz=-141130.83, remainder_fraction=100.0000%, Lmin=-141121.83, Lmax=-141024.27
12:39:52 [ultranest] [DEBUG] iteration=1822, ncalls=2750, regioncalls=94480, ndraw=40, logz=-141130.66, remainder_fraction=100.0000%, Lmin=-141121.36, Lmax=-141024.27
12:39:52 [ultranest] [DEBUG] iteration=1840, ncalls=2771, regioncalls=95400, ndraw=40, logz=-141125.15, remainder_fraction=100.0000%, Lmin=-141114.83, Lmax=-141024.27
12:39:52 [ultranest] [DEBUG] iteration=1862, ncalls=2800, regioncalls=96560, ndraw=40, logz=-141119.49, remainder_fraction=100.0000%, Lmin=-141110.57, Lmax=-141024.27
12:39:52 [ultranest] [DEBUG] iteration=1880, ncalls=2827, regioncalls=97640, ndraw=40, logz=-141115.96, remainder_fraction=100.0000%, Lmin=-141106.31, Lmax=-141024.27
12:39:52 [ultranest] [DEBUG] iteration=1903, ncalls=2856, regioncalls=98800, ndraw=40, logz=-141111.84, remainder_fraction=100.0000%, Lmin=-141102.91, Lmax=-141024.27
12:39:52 [ultranest] [DEBUG] iteration=1908, ncalls=2866, regioncalls=99240, ndraw=40, logz=-141111.06, remainder_fraction=100.0000%, Lmin=-141102.00, Lmax=-141024.27
12:39:52 [ultranest] [DEBUG] iteration=1920, ncalls=2880, regioncalls=99800, ndraw=40, logz=-141109.30, remainder_fraction=100.0000%, Lmin=-141100.14, Lmax=-141024.27
12:39:52 [ultranest] [DEBUG] iteration=1944, ncalls=2908, regioncalls=100920, ndraw=40, logz=-141104.46, remainder_fraction=100.0000%, Lmin=-141095.30, Lmax=-141024.27
12:39:52 [ultranest] [DEBUG] iteration=1960, ncalls=2930, regioncalls=101800, ndraw=40, logz=-141101.57, remainder_fraction=100.0000%, Lmin=-141091.64, Lmax=-141024.25
12:39:52 [ultranest] [DEBUG] iteration=1981, ncalls=2960, regioncalls=103000, ndraw=40, logz=-141097.27, remainder_fraction=100.0000%, Lmin=-141087.84, Lmax=-141024.25
12:39:52 [ultranest] [DEBUG] iteration=1994, ncalls=2978, regioncalls=103760, ndraw=40, logz=-141094.97, remainder_fraction=100.0000%, Lmin=-141085.43, Lmax=-141024.25
12:39:53 [ultranest] [DEBUG] iteration=2000, ncalls=2985, regioncalls=104040, ndraw=40, logz=-141094.03, remainder_fraction=100.0000%, Lmin=-141084.75, Lmax=-141024.25
12:39:53 [ultranest] [DEBUG] iteration=2025, ncalls=3013, regioncalls=105160, ndraw=40, logz=-141090.98, remainder_fraction=100.0000%, Lmin=-141081.53, Lmax=-141024.25
12:39:53 [ultranest] [DEBUG] iteration=2040, ncalls=3037, regioncalls=106120, ndraw=40, logz=-141089.00, remainder_fraction=100.0000%, Lmin=-141079.65, Lmax=-141024.25
12:39:53 [ultranest] [DEBUG] iteration=2063, ncalls=3065, regioncalls=107240, ndraw=40, logz=-141085.98, remainder_fraction=100.0000%, Lmin=-141076.72, Lmax=-141024.25
12:39:53 [ultranest] [DEBUG] iteration=2080, ncalls=3085, regioncalls=108080, ndraw=40, logz=-141083.58, remainder_fraction=100.0000%, Lmin=-141074.41, Lmax=-141024.23
12:39:53 [ultranest] [DEBUG] iteration=2102, ncalls=3114, regioncalls=109240, ndraw=40, logz=-141081.18, remainder_fraction=100.0000%, Lmin=-141071.86, Lmax=-141024.23
12:39:53 [ultranest] [DEBUG] iteration=2120, ncalls=3140, regioncalls=110280, ndraw=40, logz=-141079.42, remainder_fraction=100.0000%, Lmin=-141070.11, Lmax=-141024.23
12:39:53 [ultranest] [DEBUG] iteration=2140, ncalls=3170, regioncalls=111480, ndraw=40, logz=-141077.05, remainder_fraction=100.0000%, Lmin=-141067.49, Lmax=-141024.23
12:39:53 [ultranest] [DEBUG] iteration=2160, ncalls=3191, regioncalls=112320, ndraw=40, logz=-141074.62, remainder_fraction=100.0000%, Lmin=-141065.23, Lmax=-141024.23
12:39:53 [ultranest] [DEBUG] iteration=2166, ncalls=3197, regioncalls=112640, ndraw=40, logz=-141073.95, remainder_fraction=100.0000%, Lmin=-141064.56, Lmax=-141024.23
12:39:53 [ultranest] [DEBUG] iteration=2191, ncalls=3225, regioncalls=113800, ndraw=40, logz=-141071.54, remainder_fraction=100.0000%, Lmin=-141062.23, Lmax=-141024.23
12:39:53 [ultranest] [DEBUG] iteration=2200, ncalls=3235, regioncalls=114200, ndraw=40, logz=-141070.63, remainder_fraction=100.0000%, Lmin=-141061.21, Lmax=-141024.23
12:39:54 [ultranest] [DEBUG] iteration=2223, ncalls=3264, regioncalls=115360, ndraw=40, logz=-141068.84, remainder_fraction=100.0000%, Lmin=-141059.77, Lmax=-141024.23
12:39:54 [ultranest] [DEBUG] iteration=2240, ncalls=3284, regioncalls=116160, ndraw=40, logz=-141067.62, remainder_fraction=100.0000%, Lmin=-141058.44, Lmax=-141024.23
12:39:54 [ultranest] [DEBUG] iteration=2259, ncalls=3311, regioncalls=117240, ndraw=40, logz=-141066.00, remainder_fraction=100.0000%, Lmin=-141056.44, Lmax=-141024.23
12:39:54 [ultranest] [DEBUG] iteration=2280, ncalls=3333, regioncalls=118120, ndraw=40, logz=-141064.36, remainder_fraction=100.0000%, Lmin=-141055.04, Lmax=-141024.23
12:39:54 [ultranest] [DEBUG] iteration=2303, ncalls=3361, regioncalls=119240, ndraw=40, logz=-141062.57, remainder_fraction=100.0000%, Lmin=-141053.39, Lmax=-141024.23
12:39:54 [ultranest] [DEBUG] iteration=2320, ncalls=3383, regioncalls=120120, ndraw=40, logz=-141061.40, remainder_fraction=100.0000%, Lmin=-141051.75, Lmax=-141024.23
12:39:54 [ultranest] [DEBUG] iteration=2337, ncalls=3414, regioncalls=121360, ndraw=40, logz=-141059.66, remainder_fraction=100.0000%, Lmin=-141050.19, Lmax=-141024.23
12:39:54 [ultranest] [DEBUG] iteration=2359, ncalls=3441, regioncalls=122440, ndraw=40, logz=-141058.09, remainder_fraction=100.0000%, Lmin=-141048.61, Lmax=-141024.23
12:39:54 [ultranest] [DEBUG] iteration=2360, ncalls=3443, regioncalls=122520, ndraw=40, logz=-141058.02, remainder_fraction=100.0000%, Lmin=-141048.59, Lmax=-141024.23
12:39:54 [ultranest] [DEBUG] iteration=2382, ncalls=3472, regioncalls=123680, ndraw=40, logz=-141056.53, remainder_fraction=100.0000%, Lmin=-141047.25, Lmax=-141024.23
12:39:54 [ultranest] [DEBUG] iteration=2400, ncalls=3503, regioncalls=124920, ndraw=40, logz=-141055.41, remainder_fraction=100.0000%, Lmin=-141045.90, Lmax=-141024.23
12:39:54 [ultranest] [DEBUG] iteration=2420, ncalls=3532, regioncalls=126080, ndraw=40, logz=-141054.14, remainder_fraction=100.0000%, Lmin=-141044.51, Lmax=-141024.23
12:39:54 [ultranest] [DEBUG] iteration=2424, ncalls=3536, regioncalls=126280, ndraw=40, logz=-141053.86, remainder_fraction=100.0000%, Lmin=-141044.23, Lmax=-141024.23
12:39:55 [ultranest] [DEBUG] iteration=2440, ncalls=3555, regioncalls=127040, ndraw=40, logz=-141052.94, remainder_fraction=100.0000%, Lmin=-141043.36, Lmax=-141024.23
12:39:55 [ultranest] [DEBUG] iteration=2462, ncalls=3584, regioncalls=128200, ndraw=40, logz=-141051.78, remainder_fraction=100.0000%, Lmin=-141042.47, Lmax=-141024.23
12:39:55 [ultranest] [DEBUG] iteration=2480, ncalls=3613, regioncalls=129360, ndraw=40, logz=-141051.00, remainder_fraction=100.0000%, Lmin=-141041.79, Lmax=-141024.23
12:39:55 [ultranest] [DEBUG] iteration=2501, ncalls=3643, regioncalls=130560, ndraw=40, logz=-141050.23, remainder_fraction=100.0000%, Lmin=-141041.08, Lmax=-141024.23
12:39:55 [ultranest] [DEBUG] iteration=2510, ncalls=3654, regioncalls=131040, ndraw=40, logz=-141049.90, remainder_fraction=100.0000%, Lmin=-141040.71, Lmax=-141024.23
12:39:55 [ultranest] [DEBUG] iteration=2520, ncalls=3665, regioncalls=131520, ndraw=40, logz=-141049.54, remainder_fraction=100.0000%, Lmin=-141040.38, Lmax=-141024.23
12:39:55 [ultranest] [DEBUG] iteration=2544, ncalls=3693, regioncalls=132680, ndraw=40, logz=-141048.71, remainder_fraction=100.0000%, Lmin=-141039.37, Lmax=-141024.23
12:39:55 [ultranest] [DEBUG] iteration=2560, ncalls=3712, regioncalls=133440, ndraw=40, logz=-141048.00, remainder_fraction=99.9999%, Lmin=-141038.48, Lmax=-141024.23
12:39:55 [ultranest] [DEBUG] iteration=2584, ncalls=3743, regioncalls=134680, ndraw=40, logz=-141047.04, remainder_fraction=99.9999%, Lmin=-141037.74, Lmax=-141024.23
12:39:55 [ultranest] [DEBUG] iteration=2596, ncalls=3757, regioncalls=135280, ndraw=40, logz=-141046.64, remainder_fraction=99.9998%, Lmin=-141037.26, Lmax=-141024.23
12:39:55 [ultranest] [DEBUG] iteration=2600, ncalls=3761, regioncalls=135440, ndraw=40, logz=-141046.50, remainder_fraction=99.9998%, Lmin=-141037.17, Lmax=-141024.23
12:39:55 [ultranest] [DEBUG] iteration=2626, ncalls=3791, regioncalls=136640, ndraw=40, logz=-141045.62, remainder_fraction=99.9994%, Lmin=-141036.18, Lmax=-141024.23
12:39:55 [ultranest] [DEBUG] iteration=2640, ncalls=3812, regioncalls=137480, ndraw=40, logz=-141045.17, remainder_fraction=99.9991%, Lmin=-141035.83, Lmax=-141024.23
12:39:56 [ultranest] [DEBUG] iteration=2663, ncalls=3842, regioncalls=138680, ndraw=40, logz=-141044.55, remainder_fraction=99.9983%, Lmin=-141035.37, Lmax=-141024.23
12:39:56 [ultranest] [DEBUG] iteration=2680, ncalls=3865, regioncalls=139600, ndraw=40, logz=-141044.15, remainder_fraction=99.9974%, Lmin=-141034.97, Lmax=-141024.23
12:39:56 [ultranest] [DEBUG] iteration=2682, ncalls=3867, regioncalls=139720, ndraw=40, logz=-141044.10, remainder_fraction=99.9973%, Lmin=-141034.94, Lmax=-141024.23
12:39:56 [ultranest] [DEBUG] iteration=2705, ncalls=3895, regioncalls=140840, ndraw=40, logz=-141043.59, remainder_fraction=99.9954%, Lmin=-141034.41, Lmax=-141024.23
12:39:56 [ultranest] [DEBUG] iteration=2720, ncalls=3917, regioncalls=141720, ndraw=40, logz=-141043.27, remainder_fraction=99.9937%, Lmin=-141034.07, Lmax=-141024.23
12:39:56 [ultranest] [DEBUG] iteration=2741, ncalls=3946, regioncalls=142880, ndraw=40, logz=-141042.79, remainder_fraction=99.9901%, Lmin=-141033.47, Lmax=-141024.23
12:39:56 [ultranest] [DEBUG] iteration=2760, ncalls=3968, regioncalls=143840, ndraw=40, logz=-141042.38, remainder_fraction=99.9852%, Lmin=-141033.13, Lmax=-141024.23
12:39:56 [ultranest] [DEBUG] iteration=2781, ncalls=3995, regioncalls=144920, ndraw=40, logz=-141041.97, remainder_fraction=99.9780%, Lmin=-141032.77, Lmax=-141024.23
12:39:56 [ultranest] [DEBUG] iteration=2796, ncalls=4026, regioncalls=146160, ndraw=40, logz=-141041.70, remainder_fraction=99.9709%, Lmin=-141032.42, Lmax=-141024.23
12:39:56 [ultranest] [DEBUG] iteration=2800, ncalls=4033, regioncalls=146440, ndraw=40, logz=-141041.63, remainder_fraction=99.9692%, Lmin=-141032.40, Lmax=-141024.23
12:39:56 [ultranest] [DEBUG] iteration=2822, ncalls=4062, regioncalls=147600, ndraw=40, logz=-141041.24, remainder_fraction=99.9549%, Lmin=-141031.91, Lmax=-141024.23
12:39:56 [ultranest] [DEBUG] iteration=2840, ncalls=4087, regioncalls=148600, ndraw=40, logz=-141040.91, remainder_fraction=99.9379%, Lmin=-141031.60, Lmax=-141024.23
12:39:57 [ultranest] [DEBUG] iteration=2854, ncalls=4107, regioncalls=149520, ndraw=40, logz=-141040.66, remainder_fraction=99.9201%, Lmin=-141031.35, Lmax=-141024.23
12:39:57 [ultranest] [DEBUG] iteration=2877, ncalls=4137, regioncalls=150760, ndraw=40, logz=-141040.29, remainder_fraction=99.8807%, Lmin=-141030.97, Lmax=-141024.23
12:39:57 [ultranest] [DEBUG] iteration=2880, ncalls=4141, regioncalls=150920, ndraw=40, logz=-141040.24, remainder_fraction=99.8739%, Lmin=-141030.92, Lmax=-141024.23
12:39:57 [ultranest] [DEBUG] iteration=2901, ncalls=4170, regioncalls=152080, ndraw=40, logz=-141039.90, remainder_fraction=99.8217%, Lmin=-141030.50, Lmax=-141024.23
12:39:57 [ultranest] [DEBUG] iteration=2920, ncalls=4196, regioncalls=153120, ndraw=40, logz=-141039.61, remainder_fraction=99.7649%, Lmin=-141030.35, Lmax=-141024.23
12:39:57 [ultranest] [DEBUG] iteration=2937, ncalls=4226, regioncalls=154320, ndraw=40, logz=-141039.37, remainder_fraction=99.6982%, Lmin=-141030.02, Lmax=-141024.23
12:39:57 [ultranest] [DEBUG] iteration=2940, ncalls=4229, regioncalls=154480, ndraw=40, logz=-141039.33, remainder_fraction=99.6835%, Lmin=-141030.00, Lmax=-141024.23
12:39:57 [ultranest] [DEBUG] iteration=2960, ncalls=4254, regioncalls=155480, ndraw=40, logz=-141039.04, remainder_fraction=99.5793%, Lmin=-141029.66, Lmax=-141024.23
12:39:57 [ultranest] [DEBUG] iteration=2985, ncalls=4283, regioncalls=156680, ndraw=40, logz=-141038.70, remainder_fraction=99.4052%, Lmin=-141029.31, Lmax=-141024.23
12:39:57 [ultranest] [DEBUG] iteration=3000, ncalls=4308, regioncalls=157680, ndraw=40, logz=-141038.51, remainder_fraction=99.2880%, Lmin=-141029.11, Lmax=-141024.23
12:39:57 [ultranest] [DEBUG] iteration=3023, ncalls=4337, regioncalls=158840, ndraw=40, logz=-141038.22, remainder_fraction=99.0214%, Lmin=-141028.75, Lmax=-141024.23
12:39:57 [ultranest] [DEBUG] iteration=3026, ncalls=4340, regioncalls=159000, ndraw=40, logz=-141038.18, remainder_fraction=98.9783%, Lmin=-141028.73, Lmax=-141024.23
12:39:57 [ultranest] [DEBUG] iteration=3040, ncalls=4356, regioncalls=159640, ndraw=40, logz=-141038.01, remainder_fraction=98.7937%, Lmin=-141028.60, Lmax=-141024.23
12:39:58 [ultranest] [DEBUG] iteration=3064, ncalls=4385, regioncalls=160800, ndraw=40, logz=-141037.74, remainder_fraction=98.4116%, Lmin=-141028.31, Lmax=-141024.23
12:39:58 [ultranest] [DEBUG] iteration=3080, ncalls=4405, regioncalls=161600, ndraw=40, logz=-141037.57, remainder_fraction=98.0842%, Lmin=-141028.12, Lmax=-141024.23
12:39:58 [ultranest] [DEBUG] iteration=3102, ncalls=4434, regioncalls=162760, ndraw=40, logz=-141037.34, remainder_fraction=97.5812%, Lmin=-141027.94, Lmax=-141024.23
12:39:58 [ultranest] [DEBUG] iteration=3120, ncalls=4455, regioncalls=163600, ndraw=40, logz=-141037.17, remainder_fraction=97.1223%, Lmin=-141027.81, Lmax=-141024.23
12:39:58 [ultranest] [DEBUG] iteration=3141, ncalls=4484, regioncalls=164760, ndraw=40, logz=-141036.99, remainder_fraction=96.5777%, Lmin=-141027.63, Lmax=-141024.23
12:39:58 [ultranest] [DEBUG] iteration=3160, ncalls=4512, regioncalls=165880, ndraw=40, logz=-141036.83, remainder_fraction=95.9725%, Lmin=-141027.47, Lmax=-141024.23
12:39:58 [ultranest] [DEBUG] iteration=3182, ncalls=4541, regioncalls=167040, ndraw=40, logz=-141036.66, remainder_fraction=95.1633%, Lmin=-141027.30, Lmax=-141024.23
12:39:58 [ultranest] [DEBUG] iteration=3198, ncalls=4567, regioncalls=168120, ndraw=40, logz=-141036.54, remainder_fraction=94.5294%, Lmin=-141027.15, Lmax=-141024.23
12:39:58 [ultranest] [DEBUG] iteration=3200, ncalls=4572, regioncalls=168320, ndraw=40, logz=-141036.53, remainder_fraction=94.4614%, Lmin=-141027.15, Lmax=-141024.23
12:39:58 [ultranest] [DEBUG] iteration=3222, ncalls=4601, regioncalls=169480, ndraw=40, logz=-141036.37, remainder_fraction=93.5130%, Lmin=-141026.93, Lmax=-141024.23
12:39:58 [ultranest] [DEBUG] iteration=3240, ncalls=4625, regioncalls=170440, ndraw=40, logz=-141036.24, remainder_fraction=92.6921%, Lmin=-141026.82, Lmax=-141024.23
12:39:59 [ultranest] [DEBUG] iteration=3260, ncalls=4656, regioncalls=171680, ndraw=40, logz=-141036.10, remainder_fraction=91.6583%, Lmin=-141026.66, Lmax=-141024.23
12:39:59 [ultranest] [DEBUG] iteration=3279, ncalls=4683, regioncalls=172760, ndraw=40, logz=-141035.98, remainder_fraction=90.4631%, Lmin=-141026.56, Lmax=-141024.23
12:39:59 [ultranest] [DEBUG] iteration=3280, ncalls=4684, regioncalls=172800, ndraw=40, logz=-141035.97, remainder_fraction=90.4020%, Lmin=-141026.54, Lmax=-141024.23
12:39:59 [ultranest] [DEBUG] iteration=3284, ncalls=4690, regioncalls=173120, ndraw=40, logz=-141035.95, remainder_fraction=90.1138%, Lmin=-141026.51, Lmax=-141024.23
12:39:59 [ultranest] [DEBUG] iteration=3305, ncalls=4719, regioncalls=174280, ndraw=40, logz=-141035.82, remainder_fraction=88.6724%, Lmin=-141026.34, Lmax=-141024.23
12:39:59 [ultranest] [DEBUG] iteration=3320, ncalls=4740, regioncalls=175120, ndraw=40, logz=-141035.73, remainder_fraction=87.6004%, Lmin=-141026.30, Lmax=-141024.23
12:39:59 [ultranest] [DEBUG] iteration=3342, ncalls=4768, regioncalls=176240, ndraw=40, logz=-141035.60, remainder_fraction=86.0618%, Lmin=-141026.14, Lmax=-141024.22
12:39:59 [ultranest] [DEBUG] iteration=3360, ncalls=4797, regioncalls=177400, ndraw=40, logz=-141035.51, remainder_fraction=84.5106%, Lmin=-141026.07, Lmax=-141024.22
12:39:59 [ultranest] [DEBUG] iteration=3370, ncalls=4812, regioncalls=178040, ndraw=40, logz=-141035.45, remainder_fraction=83.7480%, Lmin=-141026.02, Lmax=-141024.22
12:39:59 [ultranest] [DEBUG] iteration=3389, ncalls=4841, regioncalls=179280, ndraw=40, logz=-141035.36, remainder_fraction=82.1487%, Lmin=-141025.93, Lmax=-141024.22
12:39:59 [ultranest] [DEBUG] iteration=3400, ncalls=4858, regioncalls=179960, ndraw=40, logz=-141035.31, remainder_fraction=81.1539%, Lmin=-141025.90, Lmax=-141024.22
12:39:59 [ultranest] [DEBUG] iteration=3422, ncalls=4887, regioncalls=181120, ndraw=40, logz=-141035.21, remainder_fraction=79.1861%, Lmin=-141025.82, Lmax=-141024.22
12:39:59 [ultranest] [DEBUG] iteration=3440, ncalls=4916, regioncalls=182280, ndraw=40, logz=-141035.14, remainder_fraction=77.7138%, Lmin=-141025.77, Lmax=-141024.22
12:40:00 [ultranest] [DEBUG] iteration=3456, ncalls=4936, regioncalls=183160, ndraw=40, logz=-141035.08, remainder_fraction=76.2742%, Lmin=-141025.71, Lmax=-141024.22
12:40:00 [ultranest] [DEBUG] iteration=3476, ncalls=4966, regioncalls=184360, ndraw=40, logz=-141035.01, remainder_fraction=74.6139%, Lmin=-141025.65, Lmax=-141024.22
12:40:00 [ultranest] [DEBUG] iteration=3480, ncalls=4970, regioncalls=184520, ndraw=40, logz=-141034.99, remainder_fraction=74.2912%, Lmin=-141025.63, Lmax=-141024.22
12:40:00 [ultranest] [DEBUG] iteration=3499, ncalls=5000, regioncalls=185720, ndraw=40, logz=-141034.93, remainder_fraction=72.5599%, Lmin=-141025.57, Lmax=-141024.22
12:40:00 [ultranest] [DEBUG] iteration=3520, ncalls=5027, regioncalls=186800, ndraw=40, logz=-141034.86, remainder_fraction=70.7662%, Lmin=-141025.50, Lmax=-141024.22
12:40:00 [ultranest] [DEBUG] iteration=3541, ncalls=5056, regioncalls=187960, ndraw=40, logz=-141034.79, remainder_fraction=68.8077%, Lmin=-141025.43, Lmax=-141024.22
12:40:00 [ultranest] [DEBUG] iteration=3542, ncalls=5057, regioncalls=188040, ndraw=40, logz=-141034.79, remainder_fraction=68.7191%, Lmin=-141025.42, Lmax=-141024.22
12:40:00 [ultranest] [DEBUG] iteration=3560, ncalls=5081, regioncalls=189040, ndraw=40, logz=-141034.74, remainder_fraction=67.1452%, Lmin=-141025.38, Lmax=-141024.22
12:40:00 [ultranest] [DEBUG] iteration=3581, ncalls=5110, regioncalls=190200, ndraw=40, logz=-141034.68, remainder_fraction=65.1115%, Lmin=-141025.31, Lmax=-141024.22
12:40:00 [ultranest] [DEBUG] iteration=3600, ncalls=5135, regioncalls=191200, ndraw=40, logz=-141034.63, remainder_fraction=63.3640%, Lmin=-141025.26, Lmax=-141024.22
12:40:00 [ultranest] [DEBUG] iteration=3625, ncalls=5162, regioncalls=192280, ndraw=40, logz=-141034.57, remainder_fraction=61.1345%, Lmin=-141025.18, Lmax=-141024.22
12:40:00 [ultranest] [DEBUG] iteration=3640, ncalls=5186, regioncalls=193240, ndraw=40, logz=-141034.53, remainder_fraction=59.7258%, Lmin=-141025.15, Lmax=-141024.22
12:40:01 [ultranest] [DEBUG] iteration=3660, ncalls=5215, regioncalls=194400, ndraw=40, logz=-141034.48, remainder_fraction=57.9626%, Lmin=-141025.11, Lmax=-141024.22
12:40:01 [ultranest] [DEBUG] iteration=3679, ncalls=5246, regioncalls=195640, ndraw=40, logz=-141034.44, remainder_fraction=56.2064%, Lmin=-141025.05, Lmax=-141024.22
12:40:01 [ultranest] [DEBUG] iteration=3680, ncalls=5247, regioncalls=195680, ndraw=40, logz=-141034.44, remainder_fraction=56.1134%, Lmin=-141025.05, Lmax=-141024.22
12:40:01 [ultranest] [DEBUG] iteration=3699, ncalls=5277, regioncalls=196880, ndraw=40, logz=-141034.40, remainder_fraction=54.2843%, Lmin=-141025.00, Lmax=-141024.22
12:40:01 [ultranest] [DEBUG] iteration=3714, ncalls=5294, regioncalls=197640, ndraw=40, logz=-141034.37, remainder_fraction=52.9673%, Lmin=-141024.98, Lmax=-141024.22
12:40:01 [ultranest] [DEBUG] iteration=3720, ncalls=5301, regioncalls=197920, ndraw=40, logz=-141034.36, remainder_fraction=52.4250%, Lmin=-141024.97, Lmax=-141024.22
12:40:01 [ultranest] [DEBUG] iteration=3742, ncalls=5330, regioncalls=199080, ndraw=40, logz=-141034.32, remainder_fraction=50.5138%, Lmin=-141024.93, Lmax=-141024.22
12:40:01 [ultranest] [DEBUG] iteration=3760, ncalls=5351, regioncalls=199920, ndraw=40, logz=-141034.28, remainder_fraction=48.9024%, Lmin=-141024.91, Lmax=-141024.22
12:40:01 [ultranest] [DEBUG] iteration=3781, ncalls=5380, regioncalls=201080, ndraw=40, logz=-141034.25, remainder_fraction=47.0532%, Lmin=-141024.86, Lmax=-141024.22
12:40:01 [ultranest] [DEBUG] iteration=3800, ncalls=5405, regioncalls=202120, ndraw=40, logz=-141034.22, remainder_fraction=45.3695%, Lmin=-141024.84, Lmax=-141024.22
12:40:01 [ultranest] [DEBUG] iteration=3824, ncalls=5433, regioncalls=203240, ndraw=40, logz=-141034.18, remainder_fraction=43.3898%, Lmin=-141024.79, Lmax=-141024.22
12:40:01 [ultranest] [DEBUG] iteration=3840, ncalls=5451, regioncalls=203960, ndraw=40, logz=-141034.16, remainder_fraction=42.1149%, Lmin=-141024.76, Lmax=-141024.22
12:40:01 [ultranest] [DEBUG] iteration=3861, ncalls=5480, regioncalls=205120, ndraw=40, logz=-141034.13, remainder_fraction=40.4331%, Lmin=-141024.73, Lmax=-141024.22
12:40:02 [ultranest] [DEBUG] iteration=3880, ncalls=5511, regioncalls=206360, ndraw=40, logz=-141034.11, remainder_fraction=38.9360%, Lmin=-141024.70, Lmax=-141024.22
12:40:02 [ultranest] [DEBUG] iteration=3886, ncalls=5518, regioncalls=206680, ndraw=40, logz=-141034.10, remainder_fraction=38.4365%, Lmin=-141024.69, Lmax=-141024.22
12:40:02 [ultranest] [DEBUG] iteration=3912, ncalls=5545, regioncalls=207800, ndraw=40, logz=-141034.07, remainder_fraction=36.4316%, Lmin=-141024.66, Lmax=-141024.22
12:40:02 [ultranest] [DEBUG] iteration=3920, ncalls=5555, regioncalls=208200, ndraw=40, logz=-141034.06, remainder_fraction=35.8373%, Lmin=-141024.65, Lmax=-141024.22
12:40:02 [ultranest] [DEBUG] iteration=3941, ncalls=5584, regioncalls=209360, ndraw=40, logz=-141034.03, remainder_fraction=34.2870%, Lmin=-141024.62, Lmax=-141024.22
12:40:02 [ultranest] [DEBUG] iteration=3960, ncalls=5614, regioncalls=210560, ndraw=40, logz=-141034.01, remainder_fraction=32.9085%, Lmin=-141024.61, Lmax=-141024.22
12:40:02 [ultranest] [DEBUG] iteration=3972, ncalls=5632, regioncalls=211360, ndraw=40, logz=-141034.00, remainder_fraction=32.0821%, Lmin=-141024.60, Lmax=-141024.22
12:40:02 [ultranest] [DEBUG] iteration=3994, ncalls=5660, regioncalls=212480, ndraw=40, logz=-141033.98, remainder_fraction=30.5897%, Lmin=-141024.58, Lmax=-141024.22
12:40:02 [ultranest] [DEBUG] iteration=4000, ncalls=5671, regioncalls=212920, ndraw=40, logz=-141033.97, remainder_fraction=30.2052%, Lmin=-141024.57, Lmax=-141024.22
12:40:02 [ultranest] [DEBUG] iteration=4024, ncalls=5699, regioncalls=214040, ndraw=40, logz=-141033.95, remainder_fraction=28.6264%, Lmin=-141024.55, Lmax=-141024.22
12:40:02 [ultranest] [DEBUG] iteration=4040, ncalls=5722, regioncalls=214960, ndraw=40, logz=-141033.94, remainder_fraction=27.6224%, Lmin=-141024.54, Lmax=-141024.22
12:40:02 [ultranest] [DEBUG] iteration=4058, ncalls=5751, regioncalls=216120, ndraw=40, logz=-141033.92, remainder_fraction=26.5654%, Lmin=-141024.53, Lmax=-141024.22
12:40:03 [ultranest] [DEBUG] iteration=4079, ncalls=5780, regioncalls=217280, ndraw=40, logz=-141033.90, remainder_fraction=25.3625%, Lmin=-141024.52, Lmax=-141024.22
12:40:03 [ultranest] [DEBUG] iteration=4080, ncalls=5785, regioncalls=217480, ndraw=40, logz=-141033.90, remainder_fraction=25.3086%, Lmin=-141024.51, Lmax=-141024.22
12:40:03 [ultranest] [DEBUG] iteration=4102, ncalls=5813, regioncalls=218600, ndraw=40, logz=-141033.89, remainder_fraction=24.0994%, Lmin=-141024.50, Lmax=-141024.22
12:40:03 [ultranest] [DEBUG] iteration=4120, ncalls=5836, regioncalls=219520, ndraw=40, logz=-141033.88, remainder_fraction=23.1641%, Lmin=-141024.49, Lmax=-141024.22
12:40:03 [ultranest] [DEBUG] iteration=4138, ncalls=5866, regioncalls=220720, ndraw=40, logz=-141033.86, remainder_fraction=22.2546%, Lmin=-141024.48, Lmax=-141024.22
12:40:03 [ultranest] [DEBUG] iteration=4144, ncalls=5877, regioncalls=221200, ndraw=40, logz=-141033.86, remainder_fraction=21.9638%, Lmin=-141024.47, Lmax=-141024.22
12:40:03 [ultranest] [DEBUG] iteration=4160, ncalls=5894, regioncalls=221960, ndraw=40, logz=-141033.85, remainder_fraction=21.1991%, Lmin=-141024.46, Lmax=-141024.22
12:40:03 [ultranest] [DEBUG] iteration=4179, ncalls=5923, regioncalls=223120, ndraw=40, logz=-141033.84, remainder_fraction=20.2862%, Lmin=-141024.44, Lmax=-141024.22
12:40:03 [ultranest] [DEBUG] iteration=4198, ncalls=5952, regioncalls=224280, ndraw=40, logz=-141033.83, remainder_fraction=19.3923%, Lmin=-141024.43, Lmax=-141024.22
12:40:03 [ultranest] [DEBUG] iteration=4200, ncalls=5954, regioncalls=224360, ndraw=40, logz=-141033.83, remainder_fraction=19.3003%, Lmin=-141024.43, Lmax=-141024.22
12:40:03 [ultranest] [DEBUG] iteration=4222, ncalls=5983, regioncalls=225520, ndraw=40, logz=-141033.81, remainder_fraction=18.3311%, Lmin=-141024.42, Lmax=-141024.22
12:40:03 [ultranest] [DEBUG] iteration=4230, ncalls=5992, regioncalls=225920, ndraw=40, logz=-141033.81, remainder_fraction=17.9920%, Lmin=-141024.41, Lmax=-141024.22
12:40:03 [ultranest] [DEBUG] iteration=4240, ncalls=6003, regioncalls=226360, ndraw=40, logz=-141033.80, remainder_fraction=17.5815%, Lmin=-141024.41, Lmax=-141024.22
12:40:03 [ultranest] [DEBUG] iteration=4262, ncalls=6032, regioncalls=227520, ndraw=40, logz=-141033.79, remainder_fraction=16.7122%, Lmin=-141024.40, Lmax=-141024.22
12:40:04 [ultranest] [DEBUG] iteration=4280, ncalls=6057, regioncalls=228520, ndraw=40, logz=-141033.79, remainder_fraction=15.9997%, Lmin=-141024.39, Lmax=-141024.22
12:40:04 [ultranest] [DEBUG] iteration=4302, ncalls=6084, regioncalls=229600, ndraw=40, logz=-141033.78, remainder_fraction=15.1884%, Lmin=-141024.38, Lmax=-141024.22
12:40:04 [ultranest] [DEBUG] iteration=4316, ncalls=6101, regioncalls=230320, ndraw=40, logz=-141033.77, remainder_fraction=14.6769%, Lmin=-141024.37, Lmax=-141024.22
12:40:04 [ultranest] [DEBUG] iteration=4320, ncalls=6105, regioncalls=230480, ndraw=40, logz=-141033.77, remainder_fraction=14.5356%, Lmin=-141024.37, Lmax=-141024.22
12:40:04 [ultranest] [DEBUG] iteration=4343, ncalls=6133, regioncalls=231600, ndraw=40, logz=-141033.76, remainder_fraction=13.7653%, Lmin=-141024.36, Lmax=-141024.22
12:40:04 [ultranest] [DEBUG] iteration=4360, ncalls=6154, regioncalls=232440, ndraw=40, logz=-141033.75, remainder_fraction=13.2077%, Lmin=-141024.35, Lmax=-141024.22
12:40:04 [ultranest] [DEBUG] iteration=4382, ncalls=6182, regioncalls=233560, ndraw=40, logz=-141033.74, remainder_fraction=12.5126%, Lmin=-141024.34, Lmax=-141024.22
12:40:04 [ultranest] [DEBUG] iteration=4400, ncalls=6209, regioncalls=234640, ndraw=40, logz=-141033.74, remainder_fraction=11.9758%, Lmin=-141024.34, Lmax=-141024.22
12:40:04 [ultranest] [DEBUG] iteration=4402, ncalls=6211, regioncalls=234760, ndraw=40, logz=-141033.74, remainder_fraction=11.9151%, Lmin=-141024.34, Lmax=-141024.22
12:40:04 [ultranest] [DEBUG] iteration=4425, ncalls=6239, regioncalls=235880, ndraw=40, logz=-141033.73, remainder_fraction=11.2602%, Lmin=-141024.33, Lmax=-141024.22
12:40:04 [ultranest] [DEBUG] iteration=4440, ncalls=6257, regioncalls=236600, ndraw=40, logz=-141033.73, remainder_fraction=10.8538%, Lmin=-141024.32, Lmax=-141024.22
12:40:04 [ultranest] [DEBUG] iteration=4459, ncalls=6286, regioncalls=237760, ndraw=40, logz=-141033.72, remainder_fraction=10.3572%, Lmin=-141024.32, Lmax=-141024.22
12:40:05 [ultranest] [DEBUG] iteration=4478, ncalls=6315, regioncalls=238920, ndraw=40, logz=-141033.72, remainder_fraction=9.8820%, Lmin=-141024.31, Lmax=-141024.22
12:40:05 [ultranest] [DEBUG] iteration=4480, ncalls=6318, regioncalls=239040, ndraw=40, logz=-141033.71, remainder_fraction=9.8323%, Lmin=-141024.31, Lmax=-141024.22
12:40:05 [ultranest] [DEBUG] iteration=4488, ncalls=6330, regioncalls=239560, ndraw=40, logz=-141033.71, remainder_fraction=9.6357%, Lmin=-141024.31, Lmax=-141024.22
12:40:05 [ultranest] [DEBUG] iteration=4510, ncalls=6359, regioncalls=240720, ndraw=40, logz=-141033.71, remainder_fraction=9.1231%, Lmin=-141024.30, Lmax=-141024.22
12:40:05 [ultranest] [DEBUG] iteration=4520, ncalls=6370, regioncalls=241160, ndraw=40, logz=-141033.70, remainder_fraction=8.8966%, Lmin=-141024.30, Lmax=-141024.22
12:40:05 [ultranest] [DEBUG] iteration=4544, ncalls=6399, regioncalls=242320, ndraw=40, logz=-141033.70, remainder_fraction=8.3799%, Lmin=-141024.30, Lmax=-141024.22
12:40:05 [ultranest] [DEBUG] iteration=4560, ncalls=6419, regioncalls=243120, ndraw=40, logz=-141033.70, remainder_fraction=8.0512%, Lmin=-141024.29, Lmax=-141024.22
12:40:05 [ultranest] [DEBUG] iteration=4574, ncalls=6438, regioncalls=243920, ndraw=40, logz=-141033.69, remainder_fraction=7.7729%, Lmin=-141024.29, Lmax=-141024.22
12:40:05 [ultranest] [DEBUG] iteration=4597, ncalls=6466, regioncalls=245040, ndraw=40, logz=-141033.69, remainder_fraction=7.3334%, Lmin=-141024.29, Lmax=-141024.22
12:40:05 [ultranest] [DEBUG] iteration=4600, ncalls=6469, regioncalls=245160, ndraw=40, logz=-141033.69, remainder_fraction=7.2788%, Lmin=-141024.29, Lmax=-141024.22
12:40:05 [ultranest] [DEBUG] iteration=4622, ncalls=6498, regioncalls=246320, ndraw=40, logz=-141033.68, remainder_fraction=6.8862%, Lmin=-141024.28, Lmax=-141024.22
12:40:05 [ultranest] [DEBUG] iteration=4640, ncalls=6519, regioncalls=247160, ndraw=40, logz=-141033.68, remainder_fraction=6.5787%, Lmin=-141024.28, Lmax=-141024.22
12:40:05 [ultranest] [DEBUG] iteration=4660, ncalls=6541, regioncalls=248080, ndraw=40, logz=-141033.68, remainder_fraction=6.2542%, Lmin=-141024.28, Lmax=-141024.22
12:40:05 [ultranest] [DEBUG] iteration=4680, ncalls=6561, regioncalls=248880, ndraw=40, logz=-141033.67, remainder_fraction=5.9469%, Lmin=-141024.27, Lmax=-141024.22
12:40:06 [ultranest] [DEBUG] iteration=4702, ncalls=6589, regioncalls=250000, ndraw=40, logz=-141033.67, remainder_fraction=5.6234%, Lmin=-141024.27, Lmax=-141024.22
12:40:06 [ultranest] [DEBUG] iteration=4720, ncalls=6618, regioncalls=251160, ndraw=40, logz=-141033.67, remainder_fraction=5.3716%, Lmin=-141024.27, Lmax=-141024.22
12:40:06 [ultranest] [DEBUG] iteration=4742, ncalls=6646, regioncalls=252280, ndraw=40, logz=-141033.66, remainder_fraction=5.0807%, Lmin=-141024.27, Lmax=-141024.22
12:40:06 [ultranest] [DEBUG] iteration=4760, ncalls=6671, regioncalls=253280, ndraw=40, logz=-141033.66, remainder_fraction=4.8520%, Lmin=-141024.26, Lmax=-141024.22
12:40:06 [ultranest] [DEBUG] iteration=4782, ncalls=6701, regioncalls=254480, ndraw=40, logz=-141033.66, remainder_fraction=4.5880%, Lmin=-141024.26, Lmax=-141024.22
12:40:06 [ultranest] [DEBUG] iteration=4800, ncalls=6726, regioncalls=255480, ndraw=40, logz=-141033.66, remainder_fraction=4.3819%, Lmin=-141024.26, Lmax=-141024.22
12:40:06 [ultranest] [DEBUG] iteration=4821, ncalls=6755, regioncalls=256640, ndraw=40, logz=-141033.65, remainder_fraction=4.1537%, Lmin=-141024.26, Lmax=-141024.22
12:40:06 [ultranest] [DEBUG] iteration=4832, ncalls=6771, regioncalls=257400, ndraw=40, logz=-141033.65, remainder_fraction=4.0377%, Lmin=-141024.26, Lmax=-141024.22
12:40:06 [ultranest] [DEBUG] iteration=4840, ncalls=6781, regioncalls=257800, ndraw=40, logz=-141033.65, remainder_fraction=3.9561%, Lmin=-141024.26, Lmax=-141024.22
12:40:06 [ultranest] [DEBUG] iteration=4857, ncalls=6812, regioncalls=259040, ndraw=40, logz=-141033.65, remainder_fraction=3.7877%, Lmin=-141024.25, Lmax=-141024.22
12:40:06 [ultranest] [DEBUG] iteration=4876, ncalls=6841, regioncalls=260200, ndraw=40, logz=-141033.65, remainder_fraction=3.6072%, Lmin=-141024.25, Lmax=-141024.22
12:40:06 [ultranest] [DEBUG] iteration=4880, ncalls=6846, regioncalls=260400, ndraw=40, logz=-141033.65, remainder_fraction=3.5703%, Lmin=-141024.25, Lmax=-141024.22
12:40:07 [ultranest] [DEBUG] iteration=4903, ncalls=6874, regioncalls=261520, ndraw=40, logz=-141033.65, remainder_fraction=3.3661%, Lmin=-141024.25, Lmax=-141024.22
12:40:07 [ultranest] [DEBUG] iteration=4918, ncalls=6897, regioncalls=262480, ndraw=40, logz=-141033.64, remainder_fraction=3.2385%, Lmin=-141024.25, Lmax=-141024.22
12:40:07 [ultranest] [DEBUG] iteration=4920, ncalls=6901, regioncalls=262640, ndraw=40, logz=-141033.64, remainder_fraction=3.2219%, Lmin=-141024.25, Lmax=-141024.22
12:40:07 [ultranest] [DEBUG] iteration=4944, ncalls=6930, regioncalls=263800, ndraw=40, logz=-141033.64, remainder_fraction=3.0289%, Lmin=-141024.25, Lmax=-141024.22
12:40:07 [ultranest] [DEBUG] iteration=4960, ncalls=6948, regioncalls=264520, ndraw=40, logz=-141033.64, remainder_fraction=2.9072%, Lmin=-141024.25, Lmax=-141024.22
12:40:07 [ultranest] [DEBUG] iteration=4981, ncalls=6979, regioncalls=265760, ndraw=40, logz=-141033.64, remainder_fraction=2.7541%, Lmin=-141024.24, Lmax=-141024.22
12:40:07 [ultranest] [DEBUG] iteration=5000, ncalls=7009, regioncalls=266960, ndraw=40, logz=-141033.64, remainder_fraction=2.6227%, Lmin=-141024.24, Lmax=-141024.22
12:40:07 [ultranest] [DEBUG] iteration=5004, ncalls=7013, regioncalls=267160, ndraw=40, logz=-141033.64, remainder_fraction=2.5958%, Lmin=-141024.24, Lmax=-141024.22
12:40:07 [ultranest] [DEBUG] iteration=5027, ncalls=7042, regioncalls=268320, ndraw=40, logz=-141033.64, remainder_fraction=2.4466%, Lmin=-141024.24, Lmax=-141024.22
12:40:07 [ultranest] [DEBUG] iteration=5040, ncalls=7057, regioncalls=268920, ndraw=40, logz=-141033.64, remainder_fraction=2.3660%, Lmin=-141024.24, Lmax=-141024.22
12:40:07 [ultranest] [DEBUG] iteration=5060, ncalls=7088, regioncalls=270160, ndraw=40, logz=-141033.63, remainder_fraction=2.2472%, Lmin=-141024.24, Lmax=-141024.22
12:40:07 [ultranest] [DEBUG] iteration=5080, ncalls=7115, regioncalls=271240, ndraw=40, logz=-141033.63, remainder_fraction=2.1342%, Lmin=-141024.24, Lmax=-141024.22
12:40:07 [ultranest] [DEBUG] iteration=5090, ncalls=7128, regioncalls=271880, ndraw=40, logz=-141033.63, remainder_fraction=2.0800%, Lmin=-141024.24, Lmax=-141024.22
12:40:08 [ultranest] [DEBUG] iteration=5112, ncalls=7157, regioncalls=273040, ndraw=40, logz=-141033.63, remainder_fraction=1.9653%, Lmin=-141024.24, Lmax=-141024.22
12:40:08 [ultranest] [DEBUG] iteration=5120, ncalls=7167, regioncalls=273440, ndraw=40, logz=-141033.63, remainder_fraction=1.9251%, Lmin=-141024.24, Lmax=-141024.22
12:40:08 [ultranest] [DEBUG] iteration=5142, ncalls=7196, regioncalls=274600, ndraw=40, logz=-141033.63, remainder_fraction=1.8188%, Lmin=-141024.24, Lmax=-141024.22
12:40:08 [ultranest] [DEBUG] iteration=5160, ncalls=7221, regioncalls=275600, ndraw=40, logz=-141033.63, remainder_fraction=1.7361%, Lmin=-141024.24, Lmax=-141024.22
12:40:08 [ultranest] [DEBUG] iteration=5176, ncalls=7237, regioncalls=276360, ndraw=40, logz=-141033.63, remainder_fraction=1.6655%, Lmin=-141024.23, Lmax=-141024.22
12:40:08 [ultranest] [DEBUG] iteration=5200, ncalls=7265, regioncalls=277480, ndraw=40, logz=-141033.63, remainder_fraction=1.5651%, Lmin=-141024.23, Lmax=-141024.22
12:40:08 [ultranest] [DEBUG] iteration=5222, ncalls=7293, regioncalls=278600, ndraw=40, logz=-141033.63, remainder_fraction=1.4785%, Lmin=-141024.23, Lmax=-141024.22
12:40:08 [ultranest] [DEBUG] iteration=5240, ncalls=7317, regioncalls=279560, ndraw=40, logz=-141033.63, remainder_fraction=1.4113%, Lmin=-141024.23, Lmax=-141024.22
12:40:08 [ultranest] [DEBUG] iteration=5262, ncalls=7345, regioncalls=280840, ndraw=40, logz=-141033.62, remainder_fraction=1.3331%, Lmin=-141024.23, Lmax=-141024.22
12:40:08 [ultranest] [DEBUG] iteration=5280, ncalls=7367, regioncalls=281760, ndraw=40, logz=-141033.62, remainder_fraction=1.2724%, Lmin=-141024.23, Lmax=-141024.22
12:40:08 [ultranest] [DEBUG] iteration=5302, ncalls=7397, regioncalls=282960, ndraw=40, logz=-141033.62, remainder_fraction=1.2020%, Lmin=-141024.23, Lmax=-141024.22
12:40:09 [ultranest] [DEBUG] iteration=5320, ncalls=7422, regioncalls=283960, ndraw=40, logz=-141033.62, remainder_fraction=1.1473%, Lmin=-141024.23, Lmax=-141024.22
12:40:09 [ultranest] [DEBUG] iteration=5340, ncalls=7449, regioncalls=285040, ndraw=40, logz=-141033.62, remainder_fraction=1.0893%, Lmin=-141024.23, Lmax=-141024.22
12:40:09 [ultranest] [DEBUG] iteration=5359, ncalls=7476, regioncalls=286120, ndraw=40, logz=-141033.62, remainder_fraction=1.0369%, Lmin=-141024.23, Lmax=-141024.22
12:40:09 [ultranest] [DEBUG] iteration=5360, ncalls=7478, regioncalls=286200, ndraw=40, logz=-141033.62, remainder_fraction=1.0343%, Lmin=-141024.23, Lmax=-141024.22
12:40:09 [ultranest] [INFO] Explored until L=-1e+05  
12:40:09 [ultranest] [INFO] Likelihood function evaluations: 7493
12:40:10 [ultranest] [INFO] Writing samples and results to disk ...
12:40:10 [ultranest] [INFO] Writing samples and results to disk ... done
12:40:10 [ultranest] [DEBUG] did a run_iter pass!
12:40:10 [ultranest] [INFO]   logZ = -1.41e+05 +- 0.1275
12:40:10 [ultranest] [INFO] Effective samples strategy satisfied (ESS = 1538.3, need >400)
12:40:10 [ultranest] [INFO] Posterior uncertainty strategy is satisfied (KL: 0.46+-0.05 nat, need <0.50 nat)
12:40:10 [ultranest] [INFO] Evidency uncertainty strategy is satisfied (dlogz=0.13, need <0.5)
12:40:10 [ultranest] [INFO]   logZ error budget: single: 0.15 bs:0.13 tail:0.01 total:0.13 required:<0.50
12:40:10 [ultranest] [INFO] done iterating.
12:40:10 [ultranest] [DEBUG] Making corner plot ...
12:40:11 [ultranest] [DEBUG] Making corner plot ... done
12:40:11 [ultranest] [DEBUG] Making run plot ... 
12:40:11 [ultranest] [DEBUG] Making run plot ... done
12:40:11 [ultranest] [DEBUG] Making trace plot ... 
12:40:12 [ultranest] [DEBUG] Making trace plot ... done
