15:16:12 [ultranest] [DEBUG] ReactiveNestedSampler: dims=3+0, resume=False, log_dir=./m-values/N16/S24/M16/T031/P02/NF3/sample_rho, backend=hdf5, vectorized=False, nbootstraps=30, ndraw=128..65536
15:16:12 [ultranest] [INFO] Sampling 400 live points from prior ...
15:16:13 [ultranest] [DEBUG] run_iter dlogz=0.5, dKL=0.5, frac_remain=0.01, Lepsilon=0.0010, min_ess=400
15:16:13 [ultranest] [DEBUG] max_iters=-1, max_ncalls=-1, max_num_improvement_loops=-1, min_num_live_points=400, cluster_num_live_points=40
15:16:13 [ultranest] [DEBUG] minimal_widths_sequence: [(-inf, 400.0), (inf, 400.0)]
15:16:13 [ultranest] [DEBUG] Plateau detected at L=-9.210340e+06, not replacing live point.
15:16:13 [ultranest] [DEBUG] Plateau detected at L=-9.210340e+06, not replacing live point.
15:16:13 [ultranest] [DEBUG] Plateau detected at L=-9.210340e+06, not replacing live point.
15:16:13 [ultranest] [DEBUG] Plateau detected at L=-9.210340e+06, not replacing live point.
15:16:13 [ultranest] [DEBUG] Plateau detected at L=-9.210340e+06, not replacing live point.
15:16:13 [ultranest] [DEBUG] Plateau detected at L=-9.210340e+06, not replacing live point.
15:16:13 [ultranest] [DEBUG] Plateau detected at L=-9.210340e+06, not replacing live point.
15:16:13 [ultranest] [DEBUG] Plateau detected at L=-9.210340e+06, not replacing live point.
15:16:13 [ultranest] [DEBUG] Plateau detected at L=-9.210340e+06, not replacing live point.
15:16:13 [ultranest] [DEBUG] Plateau detected at L=-9.210340e+06, not replacing live point.
15:16:13 [ultranest] [DEBUG] Plateau detected at L=-9.210340e+06, not replacing live point.
15:16:13 [ultranest] [DEBUG] Plateau detected at L=-9.210340e+06, not replacing live point.
15:16:13 [ultranest] [DEBUG] Plateau detected at L=-9.210340e+06, not replacing live point.
15:16:13 [ultranest] [DEBUG] Plateau detected at L=-9.210340e+06, not replacing live point.
15:16:13 [ultranest] [DEBUG] Plateau detected at L=-9.210340e+06, not replacing live point.
15:16:13 [ultranest] [DEBUG] Plateau detected at L=-9.210340e+06, not replacing live point.
15:16:13 [ultranest] [DEBUG] Plateau detected at L=-9.210340e+06, not replacing live point.
15:16:13 [ultranest] [DEBUG] Plateau detected at L=-9.210340e+06, not replacing live point.
15:16:13 [ultranest] [DEBUG] Plateau detected at L=-9.210340e+06, not replacing live point.
15:16:13 [ultranest] [DEBUG] Plateau detected at L=-9.210340e+06, not replacing live point.
15:16:13 [ultranest] [DEBUG] Plateau detected at L=-9.210340e+06, not replacing live point.
15:16:13 [ultranest] [DEBUG] Plateau detected at L=-9.210340e+06, not replacing live point.
15:16:13 [ultranest] [DEBUG] Plateau detected at L=-9.210340e+06, not replacing live point.
15:16:13 [ultranest] [DEBUG] Plateau detected at L=-9.210340e+06, not replacing live point.
15:16:13 [ultranest] [DEBUG] Plateau detected at L=-9.210340e+06, not replacing live point.
15:16:13 [ultranest] [DEBUG] Plateau detected at L=-9.210340e+06, not replacing live point.
15:16:13 [ultranest] [DEBUG] Plateau detected at L=-9.210340e+06, not replacing live point.
15:16:13 [ultranest] [DEBUG] Plateau detected at L=-9.210340e+06, not replacing live point.
15:16:13 [ultranest] [DEBUG] Plateau detected at L=-9.210340e+06, not replacing live point.
15:16:13 [ultranest] [DEBUG] Plateau detected at L=-9.210340e+06, not replacing live point.
15:16:13 [ultranest] [DEBUG] Plateau detected at L=-9.210340e+06, not replacing live point.
15:16:13 [ultranest] [DEBUG] Plateau detected at L=-9.210340e+06, not replacing live point.
15:16:13 [ultranest] [DEBUG] Plateau detected at L=-9.210340e+06, not replacing live point.
15:16:13 [ultranest] [DEBUG] Plateau detected at L=-9.210340e+06, not replacing live point.
15:16:13 [ultranest] [DEBUG] Plateau detected at L=-9.210340e+06, not replacing live point.
15:16:13 [ultranest] [DEBUG] Plateau detected at L=-9.210340e+06, not replacing live point.
15:16:13 [ultranest] [DEBUG] Plateau detected at L=-9.210340e+06, not replacing live point.
15:16:13 [ultranest] [DEBUG] Plateau detected at L=-9.210340e+06, not replacing live point.
15:16:13 [ultranest] [DEBUG] Plateau detected at L=-9.210340e+06, not replacing live point.
15:16:13 [ultranest] [DEBUG] iteration=39, ncalls=401, regioncalls=40, ndraw=40, logz=-9210342.70, remainder_fraction=100.0000%, Lmin=-9210340.37, Lmax=-71824.96
15:16:13 [ultranest] [DEBUG] iteration=40, ncalls=402, regioncalls=80, ndraw=40, logz=-9210346.36, remainder_fraction=100.0000%, Lmin=-96656.88, Lmax=-71824.96
15:16:13 [ultranest] [DEBUG] iteration=72, ncalls=438, regioncalls=1520, ndraw=40, logz=-85667.30, remainder_fraction=100.0000%, Lmin=-85585.58, Lmax=-71824.96
15:16:13 [ultranest] [DEBUG] iteration=80, ncalls=446, regioncalls=1840, ndraw=40, logz=-84554.65, remainder_fraction=100.0000%, Lmin=-84434.68, Lmax=-71824.96
15:16:13 [ultranest] [DEBUG] iteration=109, ncalls=485, regioncalls=3400, ndraw=40, logz=-82548.69, remainder_fraction=100.0000%, Lmin=-82477.26, Lmax=-71824.96
15:16:13 [ultranest] [DEBUG] iteration=120, ncalls=497, regioncalls=3880, ndraw=40, logz=-82023.02, remainder_fraction=100.0000%, Lmin=-82003.28, Lmax=-71824.96
15:16:13 [ultranest] [DEBUG] iteration=151, ncalls=534, regioncalls=5360, ndraw=40, logz=-80497.86, remainder_fraction=100.0000%, Lmin=-80410.62, Lmax=-71824.96
15:16:13 [ultranest] [DEBUG] iteration=160, ncalls=551, regioncalls=6040, ndraw=40, logz=-80155.57, remainder_fraction=100.0000%, Lmin=-80112.84, Lmax=-71824.96
15:16:13 [ultranest] [DEBUG] iteration=190, ncalls=589, regioncalls=7560, ndraw=40, logz=-79345.37, remainder_fraction=100.0000%, Lmin=-79329.12, Lmax=-71784.99
15:16:14 [ultranest] [DEBUG] iteration=200, ncalls=602, regioncalls=8080, ndraw=40, logz=-79138.32, remainder_fraction=100.0000%, Lmin=-79116.28, Lmax=-71784.99
15:16:14 [ultranest] [DEBUG] iteration=201, ncalls=603, regioncalls=8120, ndraw=40, logz=-79122.72, remainder_fraction=100.0000%, Lmin=-79092.65, Lmax=-71784.99
15:16:14 [ultranest] [DEBUG] iteration=228, ncalls=642, regioncalls=9680, ndraw=40, logz=-78629.77, remainder_fraction=100.0000%, Lmin=-78618.61, Lmax=-71784.99
15:16:14 [ultranest] [DEBUG] iteration=240, ncalls=660, regioncalls=10400, ndraw=40, logz=-78304.42, remainder_fraction=100.0000%, Lmin=-78231.82, Lmax=-71784.99
15:16:14 [ultranest] [DEBUG] iteration=267, ncalls=699, regioncalls=11960, ndraw=40, logz=-77710.14, remainder_fraction=100.0000%, Lmin=-77703.50, Lmax=-71784.99
15:16:14 [ultranest] [DEBUG] iteration=280, ncalls=715, regioncalls=12600, ndraw=40, logz=-77472.49, remainder_fraction=100.0000%, Lmin=-77453.83, Lmax=-71784.99
15:16:14 [ultranest] [DEBUG] iteration=282, ncalls=718, regioncalls=12720, ndraw=40, logz=-77451.26, remainder_fraction=100.0000%, Lmin=-77418.94, Lmax=-71784.99
15:16:14 [ultranest] [DEBUG] iteration=309, ncalls=758, regioncalls=14320, ndraw=40, logz=-77036.87, remainder_fraction=100.0000%, Lmin=-77017.31, Lmax=-71784.99
15:16:14 [ultranest] [DEBUG] iteration=320, ncalls=780, regioncalls=15200, ndraw=40, logz=-76904.12, remainder_fraction=100.0000%, Lmin=-76874.74, Lmax=-71784.99
15:16:14 [ultranest] [DEBUG] iteration=347, ncalls=819, regioncalls=16760, ndraw=40, logz=-76523.24, remainder_fraction=100.0000%, Lmin=-76509.72, Lmax=-71784.99
15:16:14 [ultranest] [DEBUG] iteration=360, ncalls=842, regioncalls=17680, ndraw=40, logz=-76455.19, remainder_fraction=100.0000%, Lmin=-76447.77, Lmax=-71784.99
15:16:14 [ultranest] [DEBUG] iteration=363, ncalls=847, regioncalls=17880, ndraw=40, logz=-76437.17, remainder_fraction=100.0000%, Lmin=-76414.36, Lmax=-71784.99
15:16:14 [ultranest] [DEBUG] iteration=388, ncalls=888, regioncalls=19520, ndraw=40, logz=-76139.62, remainder_fraction=100.0000%, Lmin=-76129.86, Lmax=-71784.99
15:16:14 [ultranest] [DEBUG] iteration=400, ncalls=909, regioncalls=20360, ndraw=40, logz=-76030.25, remainder_fraction=100.0000%, Lmin=-76006.48, Lmax=-71784.99
15:16:14 [ultranest] [DEBUG] iteration=419, ncalls=951, regioncalls=22040, ndraw=40, logz=-75886.18, remainder_fraction=100.0000%, Lmin=-75876.50, Lmax=-71784.99
15:16:15 [ultranest] [DEBUG] iteration=440, ncalls=979, regioncalls=23160, ndraw=40, logz=-75741.64, remainder_fraction=100.0000%, Lmin=-75727.27, Lmax=-71784.99
15:16:15 [ultranest] [DEBUG] iteration=444, ncalls=986, regioncalls=23440, ndraw=40, logz=-75718.34, remainder_fraction=100.0000%, Lmin=-75695.72, Lmax=-71784.99
15:16:15 [ultranest] [DEBUG] iteration=466, ncalls=1026, regioncalls=25040, ndraw=40, logz=-75628.06, remainder_fraction=100.0000%, Lmin=-75589.95, Lmax=-71784.99
15:16:15 [ultranest] [DEBUG] iteration=480, ncalls=1049, regioncalls=25960, ndraw=40, logz=-75517.08, remainder_fraction=100.0000%, Lmin=-75507.86, Lmax=-71784.99
15:16:15 [ultranest] [DEBUG] iteration=499, ncalls=1091, regioncalls=27640, ndraw=40, logz=-75376.18, remainder_fraction=100.0000%, Lmin=-75361.21, Lmax=-71784.99
15:16:15 [ultranest] [DEBUG] iteration=518, ncalls=1136, regioncalls=29440, ndraw=40, logz=-75177.83, remainder_fraction=100.0000%, Lmin=-75168.59, Lmax=-71784.99
15:16:15 [ultranest] [DEBUG] iteration=520, ncalls=1139, regioncalls=29560, ndraw=40, logz=-75174.57, remainder_fraction=100.0000%, Lmin=-75147.22, Lmax=-71784.99
15:16:15 [ultranest] [DEBUG] iteration=537, ncalls=1179, regioncalls=31160, ndraw=40, logz=-75051.65, remainder_fraction=100.0000%, Lmin=-75043.30, Lmax=-71784.99
15:16:15 [ultranest] [DEBUG] iteration=554, ncalls=1223, regioncalls=32920, ndraw=40, logz=-74921.70, remainder_fraction=100.0000%, Lmin=-74913.82, Lmax=-71784.99
15:16:15 [ultranest] [DEBUG] iteration=560, ncalls=1233, regioncalls=33320, ndraw=40, logz=-74901.17, remainder_fraction=100.0000%, Lmin=-74875.54, Lmax=-71784.99
15:16:15 [ultranest] [DEBUG] iteration=581, ncalls=1275, regioncalls=35000, ndraw=40, logz=-74746.15, remainder_fraction=100.0000%, Lmin=-74734.16, Lmax=-71784.99
15:16:15 [ultranest] [DEBUG] iteration=600, ncalls=1313, regioncalls=36520, ndraw=40, logz=-74632.39, remainder_fraction=100.0000%, Lmin=-74622.89, Lmax=-71784.99
15:16:15 [ultranest] [DEBUG] iteration=618, ncalls=1352, regioncalls=38080, ndraw=40, logz=-74512.17, remainder_fraction=100.0000%, Lmin=-74504.57, Lmax=-71784.99
15:16:16 [ultranest] [DEBUG] iteration=639, ncalls=1394, regioncalls=39760, ndraw=40, logz=-74403.22, remainder_fraction=100.0000%, Lmin=-74394.31, Lmax=-71784.99
15:16:16 [ultranest] [DEBUG] iteration=640, ncalls=1396, regioncalls=39840, ndraw=40, logz=-74401.72, remainder_fraction=100.0000%, Lmin=-74393.70, Lmax=-71784.99
15:16:16 [ultranest] [DEBUG] iteration=658, ncalls=1438, regioncalls=41520, ndraw=40, logz=-74326.19, remainder_fraction=100.0000%, Lmin=-74317.06, Lmax=-71784.99
15:16:16 [ultranest] [DEBUG] iteration=677, ncalls=1479, regioncalls=43160, ndraw=40, logz=-74253.69, remainder_fraction=100.0000%, Lmin=-74245.58, Lmax=-71784.99
15:16:16 [ultranest] [DEBUG] iteration=680, ncalls=1483, regioncalls=43320, ndraw=40, logz=-74247.01, remainder_fraction=100.0000%, Lmin=-74236.87, Lmax=-71784.99
15:16:16 [ultranest] [DEBUG] iteration=687, ncalls=1502, regioncalls=44080, ndraw=40, logz=-74196.94, remainder_fraction=100.0000%, Lmin=-74184.16, Lmax=-71784.99
15:16:16 [ultranest] [DEBUG] iteration=709, ncalls=1543, regioncalls=45720, ndraw=40, logz=-74077.68, remainder_fraction=100.0000%, Lmin=-74067.34, Lmax=-71784.99
15:16:16 [ultranest] [DEBUG] iteration=720, ncalls=1565, regioncalls=46600, ndraw=40, logz=-74037.67, remainder_fraction=100.0000%, Lmin=-74021.68, Lmax=-71784.99
15:16:16 [ultranest] [DEBUG] iteration=738, ncalls=1607, regioncalls=48280, ndraw=40, logz=-73939.59, remainder_fraction=100.0000%, Lmin=-73928.06, Lmax=-71784.99
15:16:16 [ultranest] [DEBUG] iteration=760, ncalls=1649, regioncalls=49960, ndraw=40, logz=-73845.36, remainder_fraction=100.0000%, Lmin=-73837.95, Lmax=-71784.99
15:16:16 [ultranest] [DEBUG] iteration=768, ncalls=1675, regioncalls=51000, ndraw=40, logz=-73825.32, remainder_fraction=100.0000%, Lmin=-73813.98, Lmax=-71784.99
15:16:16 [ultranest] [DEBUG] iteration=795, ncalls=1714, regioncalls=52560, ndraw=40, logz=-73679.07, remainder_fraction=100.0000%, Lmin=-73652.66, Lmax=-71784.99
15:16:16 [ultranest] [DEBUG] iteration=800, ncalls=1721, regioncalls=52840, ndraw=40, logz=-73650.94, remainder_fraction=100.0000%, Lmin=-73641.16, Lmax=-71784.99
15:16:16 [ultranest] [DEBUG] iteration=817, ncalls=1763, regioncalls=54520, ndraw=40, logz=-73570.66, remainder_fraction=100.0000%, Lmin=-73558.89, Lmax=-71772.04
15:16:17 [ultranest] [DEBUG] iteration=839, ncalls=1803, regioncalls=56120, ndraw=40, logz=-73467.74, remainder_fraction=100.0000%, Lmin=-73457.63, Lmax=-71772.04
15:16:17 [ultranest] [DEBUG] iteration=840, ncalls=1804, regioncalls=56160, ndraw=40, logz=-73465.70, remainder_fraction=100.0000%, Lmin=-73457.08, Lmax=-71772.04
15:16:17 [ultranest] [DEBUG] iteration=849, ncalls=1818, regioncalls=56720, ndraw=40, logz=-73441.04, remainder_fraction=100.0000%, Lmin=-73432.05, Lmax=-71772.04
15:16:17 [ultranest] [DEBUG] iteration=874, ncalls=1859, regioncalls=58360, ndraw=40, logz=-73326.58, remainder_fraction=100.0000%, Lmin=-73317.11, Lmax=-71772.04
15:16:17 [ultranest] [DEBUG] iteration=880, ncalls=1872, regioncalls=58880, ndraw=40, logz=-73308.02, remainder_fraction=100.0000%, Lmin=-73298.37, Lmax=-71772.04
15:16:17 [ultranest] [DEBUG] iteration=906, ncalls=1915, regioncalls=60600, ndraw=40, logz=-73222.10, remainder_fraction=100.0000%, Lmin=-73213.45, Lmax=-71772.04
15:16:17 [ultranest] [DEBUG] iteration=920, ncalls=1935, regioncalls=61400, ndraw=40, logz=-73167.62, remainder_fraction=100.0000%, Lmin=-73158.87, Lmax=-71772.04
15:16:17 [ultranest] [DEBUG] iteration=930, ncalls=1956, regioncalls=62240, ndraw=40, logz=-73121.49, remainder_fraction=100.0000%, Lmin=-73111.08, Lmax=-71772.04
15:16:17 [ultranest] [DEBUG] iteration=954, ncalls=1996, regioncalls=63840, ndraw=40, logz=-73080.53, remainder_fraction=100.0000%, Lmin=-73071.07, Lmax=-71772.04
15:16:17 [ultranest] [DEBUG] iteration=960, ncalls=2006, regioncalls=64240, ndraw=40, logz=-73062.73, remainder_fraction=100.0000%, Lmin=-73051.99, Lmax=-71772.04
15:16:17 [ultranest] [DEBUG] iteration=987, ncalls=2044, regioncalls=65760, ndraw=40, logz=-73001.80, remainder_fraction=100.0000%, Lmin=-72993.37, Lmax=-71772.04
15:16:17 [ultranest] [DEBUG] iteration=1000, ncalls=2066, regioncalls=66640, ndraw=40, logz=-72978.22, remainder_fraction=100.0000%, Lmin=-72967.85, Lmax=-71772.04
15:16:17 [ultranest] [DEBUG] iteration=1021, ncalls=2103, regioncalls=68120, ndraw=40, logz=-72940.25, remainder_fraction=100.0000%, Lmin=-72929.38, Lmax=-71772.04
15:16:17 [ultranest] [DEBUG] iteration=1040, ncalls=2131, regioncalls=69240, ndraw=40, logz=-72880.96, remainder_fraction=100.0000%, Lmin=-72868.94, Lmax=-71772.04
15:16:18 [ultranest] [DEBUG] iteration=1067, ncalls=2171, regioncalls=70840, ndraw=40, logz=-72819.80, remainder_fraction=100.0000%, Lmin=-72810.22, Lmax=-71772.04
15:16:18 [ultranest] [DEBUG] iteration=1080, ncalls=2204, regioncalls=72160, ndraw=40, logz=-72795.41, remainder_fraction=100.0000%, Lmin=-72777.86, Lmax=-71769.16
15:16:18 [ultranest] [DEBUG] iteration=1092, ncalls=2225, regioncalls=73000, ndraw=40, logz=-72767.90, remainder_fraction=100.0000%, Lmin=-72758.24, Lmax=-71769.16
15:16:18 [ultranest] [DEBUG] iteration=1116, ncalls=2265, regioncalls=74640, ndraw=40, logz=-72718.70, remainder_fraction=100.0000%, Lmin=-72706.98, Lmax=-71769.16
15:16:18 [ultranest] [DEBUG] iteration=1120, ncalls=2273, regioncalls=74960, ndraw=40, logz=-72707.95, remainder_fraction=100.0000%, Lmin=-72693.63, Lmax=-71769.16
15:16:18 [ultranest] [DEBUG] iteration=1142, ncalls=2313, regioncalls=76560, ndraw=40, logz=-72675.58, remainder_fraction=100.0000%, Lmin=-72663.84, Lmax=-71769.16
15:16:18 [ultranest] [DEBUG] iteration=1160, ncalls=2347, regioncalls=77920, ndraw=40, logz=-72653.59, remainder_fraction=100.0000%, Lmin=-72644.55, Lmax=-71769.16
15:16:18 [ultranest] [DEBUG] iteration=1184, ncalls=2384, regioncalls=79400, ndraw=40, logz=-72612.27, remainder_fraction=100.0000%, Lmin=-72603.08, Lmax=-71769.16
15:16:18 [ultranest] [DEBUG] iteration=1200, ncalls=2422, regioncalls=80920, ndraw=40, logz=-72600.01, remainder_fraction=100.0000%, Lmin=-72586.30, Lmax=-71769.16
15:16:18 [ultranest] [DEBUG] iteration=1221, ncalls=2464, regioncalls=82600, ndraw=40, logz=-72555.58, remainder_fraction=100.0000%, Lmin=-72543.88, Lmax=-71769.16
15:16:18 [ultranest] [DEBUG] iteration=1240, ncalls=2505, regioncalls=84240, ndraw=40, logz=-72519.74, remainder_fraction=100.0000%, Lmin=-72510.25, Lmax=-71769.16
15:16:18 [ultranest] [DEBUG] iteration=1254, ncalls=2525, regioncalls=85040, ndraw=40, logz=-72500.45, remainder_fraction=100.0000%, Lmin=-72490.14, Lmax=-71769.16
15:16:19 [ultranest] [DEBUG] iteration=1277, ncalls=2565, regioncalls=86680, ndraw=40, logz=-72470.96, remainder_fraction=100.0000%, Lmin=-72461.96, Lmax=-71769.16
15:16:19 [ultranest] [DEBUG] iteration=1280, ncalls=2570, regioncalls=86880, ndraw=40, logz=-72467.64, remainder_fraction=100.0000%, Lmin=-72458.41, Lmax=-71769.16
15:16:19 [ultranest] [DEBUG] iteration=1305, ncalls=2609, regioncalls=88440, ndraw=40, logz=-72435.90, remainder_fraction=100.0000%, Lmin=-72425.92, Lmax=-71769.16
15:16:19 [ultranest] [DEBUG] iteration=1320, ncalls=2636, regioncalls=89520, ndraw=40, logz=-72415.02, remainder_fraction=100.0000%, Lmin=-72404.68, Lmax=-71769.16
15:16:19 [ultranest] [DEBUG] iteration=1335, ncalls=2668, regioncalls=90840, ndraw=40, logz=-72393.27, remainder_fraction=100.0000%, Lmin=-72381.95, Lmax=-71769.16
15:16:19 [ultranest] [DEBUG] iteration=1360, ncalls=2699, regioncalls=92120, ndraw=40, logz=-72363.88, remainder_fraction=100.0000%, Lmin=-72353.31, Lmax=-71769.16
15:16:19 [ultranest] [DEBUG] iteration=1380, ncalls=2738, regioncalls=93680, ndraw=40, logz=-72336.45, remainder_fraction=100.0000%, Lmin=-72326.46, Lmax=-71769.16
15:16:19 [ultranest] [DEBUG] iteration=1400, ncalls=2771, regioncalls=95040, ndraw=40, logz=-72323.42, remainder_fraction=100.0000%, Lmin=-72313.79, Lmax=-71760.50
15:16:19 [ultranest] [DEBUG] iteration=1423, ncalls=2807, regioncalls=96480, ndraw=40, logz=-72303.42, remainder_fraction=100.0000%, Lmin=-72291.88, Lmax=-71760.50
15:16:19 [ultranest] [DEBUG] iteration=1440, ncalls=2846, regioncalls=98040, ndraw=40, logz=-72292.93, remainder_fraction=100.0000%, Lmin=-72283.23, Lmax=-71760.50
15:16:19 [ultranest] [DEBUG] iteration=1455, ncalls=2890, regioncalls=99800, ndraw=40, logz=-72275.36, remainder_fraction=100.0000%, Lmin=-72265.19, Lmax=-71760.50
15:16:20 [ultranest] [DEBUG] iteration=1470, ncalls=2932, regioncalls=101480, ndraw=40, logz=-72263.14, remainder_fraction=100.0000%, Lmin=-72253.21, Lmax=-71760.50
15:16:20 [ultranest] [DEBUG] iteration=1480, ncalls=2953, regioncalls=102320, ndraw=40, logz=-72250.96, remainder_fraction=100.0000%, Lmin=-72242.17, Lmax=-71760.50
15:16:20 [ultranest] [DEBUG] iteration=1499, ncalls=2991, regioncalls=103840, ndraw=40, logz=-72237.40, remainder_fraction=100.0000%, Lmin=-72225.71, Lmax=-71760.50
15:16:20 [ultranest] [DEBUG] iteration=1520, ncalls=3023, regioncalls=105120, ndraw=40, logz=-72222.83, remainder_fraction=100.0000%, Lmin=-72211.93, Lmax=-71760.50
15:16:20 [ultranest] [DEBUG] iteration=1538, ncalls=3064, regioncalls=106760, ndraw=40, logz=-72206.90, remainder_fraction=100.0000%, Lmin=-72197.65, Lmax=-71760.50
15:16:20 [ultranest] [DEBUG] iteration=1559, ncalls=3106, regioncalls=108440, ndraw=40, logz=-72192.21, remainder_fraction=100.0000%, Lmin=-72183.01, Lmax=-71760.50
15:16:20 [ultranest] [DEBUG] iteration=1560, ncalls=3108, regioncalls=108520, ndraw=40, logz=-72191.90, remainder_fraction=100.0000%, Lmin=-72182.31, Lmax=-71760.50
15:16:20 [ultranest] [DEBUG] iteration=1575, ncalls=3150, regioncalls=110200, ndraw=40, logz=-72173.56, remainder_fraction=100.0000%, Lmin=-72163.45, Lmax=-71760.50
15:16:20 [ultranest] [DEBUG] iteration=1578, ncalls=3158, regioncalls=110520, ndraw=40, logz=-72171.87, remainder_fraction=100.0000%, Lmin=-72162.07, Lmax=-71760.50
15:16:20 [ultranest] [DEBUG] iteration=1599, ncalls=3198, regioncalls=112160, ndraw=40, logz=-72155.11, remainder_fraction=100.0000%, Lmin=-72144.16, Lmax=-71760.50
15:16:20 [ultranest] [DEBUG] iteration=1600, ncalls=3199, regioncalls=112200, ndraw=40, logz=-72154.05, remainder_fraction=100.0000%, Lmin=-72143.17, Lmax=-71760.50
15:16:20 [ultranest] [DEBUG] iteration=1616, ncalls=3247, regioncalls=114120, ndraw=40, logz=-72140.32, remainder_fraction=100.0000%, Lmin=-72130.21, Lmax=-71760.50
15:16:20 [ultranest] [DEBUG] iteration=1635, ncalls=3288, regioncalls=115760, ndraw=40, logz=-72129.79, remainder_fraction=100.0000%, Lmin=-72120.01, Lmax=-71760.50
15:16:20 [ultranest] [DEBUG] iteration=1640, ncalls=3295, regioncalls=116040, ndraw=40, logz=-72127.74, remainder_fraction=100.0000%, Lmin=-72115.88, Lmax=-71760.50
15:16:21 [ultranest] [DEBUG] iteration=1659, ncalls=3323, regioncalls=117200, ndraw=40, logz=-72115.65, remainder_fraction=100.0000%, Lmin=-72106.14, Lmax=-71760.50
15:16:21 [ultranest] [DEBUG] iteration=1680, ncalls=3351, regioncalls=118320, ndraw=40, logz=-72102.18, remainder_fraction=100.0000%, Lmin=-72092.13, Lmax=-71760.50
15:16:21 [ultranest] [DEBUG] iteration=1705, ncalls=3391, regioncalls=119920, ndraw=40, logz=-72084.65, remainder_fraction=100.0000%, Lmin=-72074.64, Lmax=-71760.50
15:16:21 [ultranest] [DEBUG] iteration=1720, ncalls=3410, regioncalls=120680, ndraw=40, logz=-72076.13, remainder_fraction=100.0000%, Lmin=-72065.86, Lmax=-71760.50
15:16:21 [ultranest] [DEBUG] iteration=1740, ncalls=3436, regioncalls=121720, ndraw=40, logz=-72067.67, remainder_fraction=100.0000%, Lmin=-72057.82, Lmax=-71760.50
15:16:21 [ultranest] [DEBUG] iteration=1760, ncalls=3462, regioncalls=122840, ndraw=40, logz=-72054.06, remainder_fraction=100.0000%, Lmin=-72043.35, Lmax=-71760.11
15:16:21 [ultranest] [DEBUG] iteration=1783, ncalls=3503, regioncalls=124480, ndraw=40, logz=-72045.18, remainder_fraction=100.0000%, Lmin=-72035.70, Lmax=-71760.11
15:16:21 [ultranest] [DEBUG] iteration=1800, ncalls=3527, regioncalls=125440, ndraw=40, logz=-72037.56, remainder_fraction=100.0000%, Lmin=-72027.30, Lmax=-71760.11
15:16:21 [ultranest] [DEBUG] iteration=1821, ncalls=3562, regioncalls=126960, ndraw=40, logz=-72028.18, remainder_fraction=100.0000%, Lmin=-72017.49, Lmax=-71760.11
15:16:21 [ultranest] [DEBUG] iteration=1840, ncalls=3583, regioncalls=127800, ndraw=40, logz=-72020.06, remainder_fraction=100.0000%, Lmin=-72009.75, Lmax=-71760.11
15:16:21 [ultranest] [DEBUG] iteration=1865, ncalls=3622, regioncalls=129400, ndraw=40, logz=-72006.60, remainder_fraction=100.0000%, Lmin=-71996.00, Lmax=-71760.11
15:16:21 [ultranest] [DEBUG] iteration=1880, ncalls=3647, regioncalls=130400, ndraw=40, logz=-71995.49, remainder_fraction=100.0000%, Lmin=-71984.30, Lmax=-71760.11
15:16:22 [ultranest] [DEBUG] iteration=1901, ncalls=3688, regioncalls=132040, ndraw=40, logz=-71985.10, remainder_fraction=100.0000%, Lmin=-71975.15, Lmax=-71760.11
15:16:22 [ultranest] [DEBUG] iteration=1902, ncalls=3690, regioncalls=132120, ndraw=40, logz=-71984.84, remainder_fraction=100.0000%, Lmin=-71975.02, Lmax=-71760.11
15:16:22 [ultranest] [DEBUG] iteration=1920, ncalls=3715, regioncalls=133240, ndraw=40, logz=-71977.02, remainder_fraction=100.0000%, Lmin=-71966.98, Lmax=-71760.11
15:16:22 [ultranest] [DEBUG] iteration=1943, ncalls=3754, regioncalls=134800, ndraw=40, logz=-71968.46, remainder_fraction=100.0000%, Lmin=-71958.55, Lmax=-71760.11
15:16:22 [ultranest] [DEBUG] iteration=1960, ncalls=3790, regioncalls=136240, ndraw=40, logz=-71958.69, remainder_fraction=100.0000%, Lmin=-71947.92, Lmax=-71760.11
15:16:22 [ultranest] [DEBUG] iteration=1981, ncalls=3832, regioncalls=137920, ndraw=40, logz=-71949.51, remainder_fraction=100.0000%, Lmin=-71938.88, Lmax=-71760.11
15:16:22 [ultranest] [DEBUG] iteration=1983, ncalls=3836, regioncalls=138120, ndraw=40, logz=-71948.77, remainder_fraction=100.0000%, Lmin=-71938.56, Lmax=-71760.11
15:16:22 [ultranest] [DEBUG] iteration=2000, ncalls=3866, regioncalls=139320, ndraw=40, logz=-71942.78, remainder_fraction=100.0000%, Lmin=-71932.79, Lmax=-71760.11
15:16:22 [ultranest] [DEBUG] iteration=2024, ncalls=3905, regioncalls=140880, ndraw=40, logz=-71934.58, remainder_fraction=100.0000%, Lmin=-71923.61, Lmax=-71760.11
15:16:22 [ultranest] [DEBUG] iteration=2040, ncalls=3933, regioncalls=142000, ndraw=40, logz=-71929.53, remainder_fraction=100.0000%, Lmin=-71918.49, Lmax=-71760.11
15:16:22 [ultranest] [DEBUG] iteration=2064, ncalls=3972, regioncalls=143640, ndraw=40, logz=-71921.17, remainder_fraction=100.0000%, Lmin=-71910.44, Lmax=-71760.11
15:16:22 [ultranest] [DEBUG] iteration=2080, ncalls=3991, regioncalls=144400, ndraw=40, logz=-71917.76, remainder_fraction=100.0000%, Lmin=-71907.70, Lmax=-71760.11
15:16:22 [ultranest] [DEBUG] iteration=2107, ncalls=4029, regioncalls=145920, ndraw=40, logz=-71910.08, remainder_fraction=100.0000%, Lmin=-71899.57, Lmax=-71758.64
15:16:22 [ultranest] [DEBUG] iteration=2120, ncalls=4044, regioncalls=146520, ndraw=40, logz=-71906.03, remainder_fraction=100.0000%, Lmin=-71894.99, Lmax=-71758.64
15:16:23 [ultranest] [DEBUG] iteration=2142, ncalls=4084, regioncalls=148120, ndraw=40, logz=-71897.31, remainder_fraction=100.0000%, Lmin=-71886.69, Lmax=-71758.64
15:16:23 [ultranest] [DEBUG] iteration=2160, ncalls=4114, regioncalls=149320, ndraw=40, logz=-71892.57, remainder_fraction=100.0000%, Lmin=-71881.74, Lmax=-71758.64
15:16:23 [ultranest] [DEBUG] iteration=2183, ncalls=4153, regioncalls=150880, ndraw=40, logz=-71887.08, remainder_fraction=100.0000%, Lmin=-71876.82, Lmax=-71758.64
15:16:23 [ultranest] [DEBUG] iteration=2200, ncalls=4182, regioncalls=152040, ndraw=40, logz=-71883.99, remainder_fraction=100.0000%, Lmin=-71873.82, Lmax=-71758.64
15:16:23 [ultranest] [DEBUG] iteration=2224, ncalls=4224, regioncalls=153720, ndraw=40, logz=-71879.06, remainder_fraction=100.0000%, Lmin=-71868.19, Lmax=-71758.64
15:16:23 [ultranest] [DEBUG] iteration=2226, ncalls=4226, regioncalls=153840, ndraw=40, logz=-71878.58, remainder_fraction=100.0000%, Lmin=-71868.15, Lmax=-71758.64
15:16:23 [ultranest] [DEBUG] iteration=2240, ncalls=4243, regioncalls=154520, ndraw=40, logz=-71876.20, remainder_fraction=100.0000%, Lmin=-71865.92, Lmax=-71758.64
15:16:23 [ultranest] [DEBUG] iteration=2266, ncalls=4282, regioncalls=156080, ndraw=40, logz=-71870.44, remainder_fraction=100.0000%, Lmin=-71860.14, Lmax=-71754.34
15:16:23 [ultranest] [DEBUG] iteration=2280, ncalls=4306, regioncalls=157040, ndraw=40, logz=-71867.00, remainder_fraction=100.0000%, Lmin=-71856.21, Lmax=-71754.34
15:16:23 [ultranest] [DEBUG] iteration=2303, ncalls=4346, regioncalls=158640, ndraw=40, logz=-71862.66, remainder_fraction=100.0000%, Lmin=-71852.24, Lmax=-71754.34
15:16:23 [ultranest] [DEBUG] iteration=2320, ncalls=4374, regioncalls=159760, ndraw=40, logz=-71859.85, remainder_fraction=100.0000%, Lmin=-71849.30, Lmax=-71754.34
15:16:23 [ultranest] [DEBUG] iteration=2342, ncalls=4415, regioncalls=161400, ndraw=40, logz=-71855.36, remainder_fraction=100.0000%, Lmin=-71844.49, Lmax=-71754.34
15:16:24 [ultranest] [DEBUG] iteration=2360, ncalls=4443, regioncalls=162520, ndraw=40, logz=-71852.67, remainder_fraction=100.0000%, Lmin=-71842.11, Lmax=-71754.34
15:16:24 [ultranest] [DEBUG] iteration=2382, ncalls=4484, regioncalls=164160, ndraw=40, logz=-71849.53, remainder_fraction=100.0000%, Lmin=-71838.98, Lmax=-71754.34
15:16:24 [ultranest] [DEBUG] iteration=2388, ncalls=4494, regioncalls=164640, ndraw=40, logz=-71848.54, remainder_fraction=100.0000%, Lmin=-71837.66, Lmax=-71754.34
15:16:24 [ultranest] [DEBUG] iteration=2400, ncalls=4511, regioncalls=165320, ndraw=40, logz=-71846.63, remainder_fraction=100.0000%, Lmin=-71836.05, Lmax=-71754.34
15:16:24 [ultranest] [DEBUG] iteration=2429, ncalls=4549, regioncalls=166840, ndraw=40, logz=-71842.24, remainder_fraction=100.0000%, Lmin=-71831.04, Lmax=-71754.34
15:16:24 [ultranest] [DEBUG] iteration=2440, ncalls=4568, regioncalls=167600, ndraw=40, logz=-71840.15, remainder_fraction=100.0000%, Lmin=-71829.11, Lmax=-71754.34
15:16:24 [ultranest] [DEBUG] iteration=2462, ncalls=4610, regioncalls=169280, ndraw=40, logz=-71836.16, remainder_fraction=100.0000%, Lmin=-71825.29, Lmax=-71754.34
15:16:24 [ultranest] [DEBUG] iteration=2469, ncalls=4618, regioncalls=169640, ndraw=40, logz=-71835.28, remainder_fraction=100.0000%, Lmin=-71824.80, Lmax=-71754.34
15:16:24 [ultranest] [DEBUG] iteration=2480, ncalls=4632, regioncalls=170240, ndraw=40, logz=-71834.02, remainder_fraction=100.0000%, Lmin=-71823.44, Lmax=-71754.34
15:16:24 [ultranest] [DEBUG] iteration=2506, ncalls=4672, regioncalls=171840, ndraw=40, logz=-71830.76, remainder_fraction=100.0000%, Lmin=-71819.68, Lmax=-71754.34
15:16:24 [ultranest] [DEBUG] iteration=2520, ncalls=4696, regioncalls=172800, ndraw=40, logz=-71828.69, remainder_fraction=100.0000%, Lmin=-71817.48, Lmax=-71754.34
15:16:24 [ultranest] [DEBUG] iteration=2541, ncalls=4736, regioncalls=174400, ndraw=40, logz=-71825.71, remainder_fraction=100.0000%, Lmin=-71814.70, Lmax=-71754.34
15:16:24 [ultranest] [DEBUG] iteration=2550, ncalls=4757, regioncalls=175280, ndraw=40, logz=-71824.56, remainder_fraction=100.0000%, Lmin=-71814.00, Lmax=-71754.34
15:16:24 [ultranest] [DEBUG] iteration=2560, ncalls=4774, regioncalls=176000, ndraw=40, logz=-71823.77, remainder_fraction=100.0000%, Lmin=-71813.45, Lmax=-71754.34
15:16:25 [ultranest] [DEBUG] iteration=2579, ncalls=4816, regioncalls=177680, ndraw=40, logz=-71822.20, remainder_fraction=100.0000%, Lmin=-71811.20, Lmax=-71754.34
15:16:25 [ultranest] [DEBUG] iteration=2598, ncalls=4858, regioncalls=179360, ndraw=40, logz=-71820.24, remainder_fraction=100.0000%, Lmin=-71809.70, Lmax=-71754.34
15:16:25 [ultranest] [DEBUG] iteration=2600, ncalls=4863, regioncalls=179560, ndraw=40, logz=-71820.10, remainder_fraction=100.0000%, Lmin=-71809.41, Lmax=-71754.34
15:16:25 [ultranest] [DEBUG] iteration=2617, ncalls=4907, regioncalls=181320, ndraw=40, logz=-71818.79, remainder_fraction=100.0000%, Lmin=-71807.61, Lmax=-71754.34
15:16:25 [ultranest] [DEBUG] iteration=2631, ncalls=4933, regioncalls=182400, ndraw=40, logz=-71817.11, remainder_fraction=100.0000%, Lmin=-71806.16, Lmax=-71754.34
15:16:25 [ultranest] [DEBUG] iteration=2640, ncalls=4947, regioncalls=182960, ndraw=40, logz=-71816.06, remainder_fraction=100.0000%, Lmin=-71804.75, Lmax=-71754.34
15:16:25 [ultranest] [DEBUG] iteration=2664, ncalls=4986, regioncalls=184520, ndraw=40, logz=-71813.34, remainder_fraction=100.0000%, Lmin=-71802.33, Lmax=-71754.34
15:16:25 [ultranest] [DEBUG] iteration=2680, ncalls=5013, regioncalls=185600, ndraw=40, logz=-71811.81, remainder_fraction=100.0000%, Lmin=-71801.05, Lmax=-71754.34
15:16:25 [ultranest] [DEBUG] iteration=2698, ncalls=5054, regioncalls=187240, ndraw=40, logz=-71810.24, remainder_fraction=100.0000%, Lmin=-71799.34, Lmax=-71754.34
15:16:25 [ultranest] [DEBUG] iteration=2712, ncalls=5080, regioncalls=188320, ndraw=40, logz=-71808.92, remainder_fraction=100.0000%, Lmin=-71797.88, Lmax=-71754.34
15:16:25 [ultranest] [DEBUG] iteration=2720, ncalls=5094, regioncalls=188920, ndraw=40, logz=-71807.93, remainder_fraction=100.0000%, Lmin=-71796.56, Lmax=-71754.34
15:16:25 [ultranest] [DEBUG] iteration=2747, ncalls=5132, regioncalls=190520, ndraw=40, logz=-71804.92, remainder_fraction=100.0000%, Lmin=-71793.93, Lmax=-71754.34
15:16:25 [ultranest] [DEBUG] iteration=2760, ncalls=5156, regioncalls=191480, ndraw=40, logz=-71803.74, remainder_fraction=100.0000%, Lmin=-71792.63, Lmax=-71754.34
15:16:25 [ultranest] [DEBUG] iteration=2781, ncalls=5196, regioncalls=193080, ndraw=40, logz=-71801.91, remainder_fraction=100.0000%, Lmin=-71790.45, Lmax=-71754.34
15:16:26 [ultranest] [DEBUG] iteration=2793, ncalls=5214, regioncalls=193840, ndraw=40, logz=-71800.74, remainder_fraction=100.0000%, Lmin=-71789.70, Lmax=-71754.34
15:16:26 [ultranest] [DEBUG] iteration=2800, ncalls=5225, regioncalls=194280, ndraw=40, logz=-71800.24, remainder_fraction=100.0000%, Lmin=-71789.16, Lmax=-71754.34
15:16:26 [ultranest] [DEBUG] iteration=2824, ncalls=5264, regioncalls=195840, ndraw=40, logz=-71798.75, remainder_fraction=100.0000%, Lmin=-71787.91, Lmax=-71754.34
15:16:26 [ultranest] [DEBUG] iteration=2840, ncalls=5292, regioncalls=196960, ndraw=40, logz=-71797.79, remainder_fraction=100.0000%, Lmin=-71786.66, Lmax=-71754.34
15:16:26 [ultranest] [DEBUG] iteration=2863, ncalls=5333, regioncalls=198600, ndraw=40, logz=-71796.27, remainder_fraction=100.0000%, Lmin=-71785.30, Lmax=-71754.34
15:16:26 [ultranest] [DEBUG] iteration=2874, ncalls=5352, regioncalls=199400, ndraw=40, logz=-71795.68, remainder_fraction=100.0000%, Lmin=-71784.75, Lmax=-71754.34
15:16:26 [ultranest] [DEBUG] iteration=2880, ncalls=5362, regioncalls=199800, ndraw=40, logz=-71795.40, remainder_fraction=100.0000%, Lmin=-71784.63, Lmax=-71754.34
15:16:26 [ultranest] [DEBUG] iteration=2904, ncalls=5401, regioncalls=201360, ndraw=40, logz=-71794.18, remainder_fraction=100.0000%, Lmin=-71783.17, Lmax=-71754.34
15:16:26 [ultranest] [DEBUG] iteration=2920, ncalls=5428, regioncalls=202440, ndraw=40, logz=-71793.37, remainder_fraction=100.0000%, Lmin=-71782.34, Lmax=-71754.34
15:16:26 [ultranest] [DEBUG] iteration=2945, ncalls=5466, regioncalls=204000, ndraw=40, logz=-71792.06, remainder_fraction=100.0000%, Lmin=-71780.87, Lmax=-71754.34
15:16:26 [ultranest] [DEBUG] iteration=2955, ncalls=5494, regioncalls=205160, ndraw=40, logz=-71791.56, remainder_fraction=100.0000%, Lmin=-71780.46, Lmax=-71754.34
15:16:26 [ultranest] [DEBUG] iteration=2960, ncalls=5501, regioncalls=205440, ndraw=40, logz=-71791.32, remainder_fraction=100.0000%, Lmin=-71780.32, Lmax=-71754.34
15:16:26 [ultranest] [DEBUG] iteration=2986, ncalls=5539, regioncalls=206960, ndraw=40, logz=-71790.21, remainder_fraction=100.0000%, Lmin=-71779.38, Lmax=-71754.34
15:16:26 [ultranest] [DEBUG] iteration=3000, ncalls=5558, regioncalls=207720, ndraw=40, logz=-71789.70, remainder_fraction=100.0000%, Lmin=-71778.73, Lmax=-71754.34
15:16:27 [ultranest] [DEBUG] iteration=3023, ncalls=5597, regioncalls=209280, ndraw=40, logz=-71788.75, remainder_fraction=100.0000%, Lmin=-71777.62, Lmax=-71754.34
15:16:27 [ultranest] [DEBUG] iteration=3036, ncalls=5623, regioncalls=210400, ndraw=40, logz=-71788.16, remainder_fraction=100.0000%, Lmin=-71776.99, Lmax=-71754.34
15:16:27 [ultranest] [DEBUG] iteration=3040, ncalls=5627, regioncalls=210560, ndraw=40, logz=-71787.99, remainder_fraction=100.0000%, Lmin=-71776.80, Lmax=-71754.34
15:16:27 [ultranest] [DEBUG] iteration=3068, ncalls=5665, regioncalls=212080, ndraw=40, logz=-71786.77, remainder_fraction=100.0000%, Lmin=-71775.44, Lmax=-71754.34
15:16:27 [ultranest] [DEBUG] iteration=3080, ncalls=5691, regioncalls=213120, ndraw=40, logz=-71786.21, remainder_fraction=100.0000%, Lmin=-71774.96, Lmax=-71754.34
15:16:27 [ultranest] [DEBUG] iteration=3103, ncalls=5732, regioncalls=214760, ndraw=40, logz=-71785.29, remainder_fraction=100.0000%, Lmin=-71774.03, Lmax=-71754.20
15:16:27 [ultranest] [DEBUG] iteration=3120, ncalls=5767, regioncalls=216160, ndraw=40, logz=-71784.61, remainder_fraction=100.0000%, Lmin=-71773.38, Lmax=-71754.20
15:16:27 [ultranest] [DEBUG] iteration=3143, ncalls=5812, regioncalls=217960, ndraw=40, logz=-71783.82, remainder_fraction=100.0000%, Lmin=-71772.66, Lmax=-71754.20
15:16:27 [ultranest] [DEBUG] iteration=3160, ncalls=5846, regioncalls=219320, ndraw=40, logz=-71783.31, remainder_fraction=100.0000%, Lmin=-71772.19, Lmax=-71754.20
15:16:27 [ultranest] [DEBUG] iteration=3180, ncalls=5888, regioncalls=221000, ndraw=40, logz=-71782.72, remainder_fraction=100.0000%, Lmin=-71771.48, Lmax=-71754.20
15:16:27 [ultranest] [DEBUG] iteration=3198, ncalls=5915, regioncalls=222120, ndraw=40, logz=-71782.19, remainder_fraction=100.0000%, Lmin=-71771.00, Lmax=-71754.20
15:16:27 [ultranest] [DEBUG] iteration=3200, ncalls=5921, regioncalls=222360, ndraw=40, logz=-71782.14, remainder_fraction=100.0000%, Lmin=-71770.94, Lmax=-71754.20
15:16:28 [ultranest] [DEBUG] iteration=3224, ncalls=5961, regioncalls=223960, ndraw=40, logz=-71781.48, remainder_fraction=100.0000%, Lmin=-71770.16, Lmax=-71754.20
15:16:28 [ultranest] [DEBUG] iteration=3240, ncalls=5993, regioncalls=225240, ndraw=40, logz=-71781.00, remainder_fraction=99.9999%, Lmin=-71769.63, Lmax=-71754.20
15:16:28 [ultranest] [DEBUG] iteration=3261, ncalls=6033, regioncalls=226840, ndraw=40, logz=-71780.43, remainder_fraction=99.9999%, Lmin=-71769.17, Lmax=-71754.20
15:16:28 [ultranest] [DEBUG] iteration=3279, ncalls=6063, regioncalls=228080, ndraw=40, logz=-71779.96, remainder_fraction=99.9998%, Lmin=-71768.69, Lmax=-71754.10
15:16:28 [ultranest] [DEBUG] iteration=3280, ncalls=6064, regioncalls=228120, ndraw=40, logz=-71779.94, remainder_fraction=99.9998%, Lmin=-71768.66, Lmax=-71754.10
15:16:28 [ultranest] [DEBUG] iteration=3310, ncalls=6105, regioncalls=229760, ndraw=40, logz=-71779.23, remainder_fraction=99.9997%, Lmin=-71767.76, Lmax=-71754.10
15:16:28 [ultranest] [DEBUG] iteration=3320, ncalls=6119, regioncalls=230320, ndraw=40, logz=-71778.90, remainder_fraction=99.9996%, Lmin=-71767.26, Lmax=-71754.10
15:16:28 [ultranest] [DEBUG] iteration=3343, ncalls=6159, regioncalls=231920, ndraw=40, logz=-71778.27, remainder_fraction=99.9992%, Lmin=-71766.74, Lmax=-71754.10
15:16:28 [ultranest] [DEBUG] iteration=3360, ncalls=6180, regioncalls=232800, ndraw=40, logz=-71777.81, remainder_fraction=99.9987%, Lmin=-71766.20, Lmax=-71754.10
15:16:28 [ultranest] [DEBUG] iteration=3386, ncalls=6219, regioncalls=234360, ndraw=40, logz=-71777.16, remainder_fraction=99.9974%, Lmin=-71765.62, Lmax=-71754.10
15:16:28 [ultranest] [DEBUG] iteration=3400, ncalls=6233, regioncalls=234920, ndraw=40, logz=-71776.85, remainder_fraction=99.9965%, Lmin=-71765.46, Lmax=-71754.10
15:16:28 [ultranest] [DEBUG] iteration=3424, ncalls=6273, regioncalls=236520, ndraw=40, logz=-71776.35, remainder_fraction=99.9941%, Lmin=-71764.86, Lmax=-71754.10
15:16:28 [ultranest] [DEBUG] iteration=3440, ncalls=6297, regioncalls=237480, ndraw=40, logz=-71776.04, remainder_fraction=99.9923%, Lmin=-71764.60, Lmax=-71753.88
15:16:28 [ultranest] [DEBUG] iteration=3441, ncalls=6298, regioncalls=237560, ndraw=40, logz=-71776.02, remainder_fraction=99.9921%, Lmin=-71764.59, Lmax=-71753.88
15:16:29 [ultranest] [DEBUG] iteration=3466, ncalls=6338, regioncalls=239160, ndraw=40, logz=-71775.59, remainder_fraction=99.9890%, Lmin=-71764.19, Lmax=-71753.58
15:16:29 [ultranest] [DEBUG] iteration=3480, ncalls=6358, regioncalls=239960, ndraw=40, logz=-71775.35, remainder_fraction=99.9855%, Lmin=-71763.81, Lmax=-71753.58
15:16:29 [ultranest] [DEBUG] iteration=3506, ncalls=6396, regioncalls=241480, ndraw=40, logz=-71774.89, remainder_fraction=99.9771%, Lmin=-71763.39, Lmax=-71753.58
15:16:29 [ultranest] [DEBUG] iteration=3520, ncalls=6412, regioncalls=242120, ndraw=40, logz=-71774.67, remainder_fraction=99.9715%, Lmin=-71763.24, Lmax=-71753.58
15:16:29 [ultranest] [DEBUG] iteration=3544, ncalls=6447, regioncalls=243520, ndraw=40, logz=-71774.34, remainder_fraction=99.9594%, Lmin=-71762.92, Lmax=-71753.58
15:16:29 [ultranest] [DEBUG] iteration=3560, ncalls=6481, regioncalls=244880, ndraw=40, logz=-71774.12, remainder_fraction=99.9482%, Lmin=-71762.64, Lmax=-71753.58
15:16:29 [ultranest] [DEBUG] iteration=3586, ncalls=6519, regioncalls=246400, ndraw=40, logz=-71773.74, remainder_fraction=99.9229%, Lmin=-71762.13, Lmax=-71753.58
15:16:29 [ultranest] [DEBUG] iteration=3600, ncalls=6549, regioncalls=247600, ndraw=40, logz=-71773.54, remainder_fraction=99.9071%, Lmin=-71761.97, Lmax=-71753.58
15:16:29 [ultranest] [DEBUG] iteration=3615, ncalls=6588, regioncalls=249160, ndraw=40, logz=-71773.34, remainder_fraction=99.8853%, Lmin=-71761.77, Lmax=-71753.58
15:16:29 [ultranest] [DEBUG] iteration=3636, ncalls=6630, regioncalls=250840, ndraw=40, logz=-71773.07, remainder_fraction=99.8476%, Lmin=-71761.52, Lmax=-71753.58
15:16:29 [ultranest] [DEBUG] iteration=3640, ncalls=6640, regioncalls=251240, ndraw=40, logz=-71773.02, remainder_fraction=99.8449%, Lmin=-71761.45, Lmax=-71753.58
15:16:29 [ultranest] [DEBUG] iteration=3655, ncalls=6683, regioncalls=252960, ndraw=40, logz=-71772.85, remainder_fraction=99.8169%, Lmin=-71761.34, Lmax=-71753.58
15:16:30 [ultranest] [DEBUG] iteration=3672, ncalls=6728, regioncalls=254760, ndraw=40, logz=-71772.66, remainder_fraction=99.7730%, Lmin=-71761.09, Lmax=-71753.58
15:16:30 [ultranest] [DEBUG] iteration=3680, ncalls=6748, regioncalls=255560, ndraw=40, logz=-71772.57, remainder_fraction=99.7477%, Lmin=-71761.01, Lmax=-71753.58
15:16:30 [ultranest] [DEBUG] iteration=3684, ncalls=6761, regioncalls=256120, ndraw=40, logz=-71772.53, remainder_fraction=99.7347%, Lmin=-71760.95, Lmax=-71753.58
15:16:30 [ultranest] [DEBUG] iteration=3712, ncalls=6800, regioncalls=257720, ndraw=40, logz=-71772.23, remainder_fraction=99.6683%, Lmin=-71760.67, Lmax=-71753.58
15:16:30 [ultranest] [DEBUG] iteration=3720, ncalls=6812, regioncalls=258200, ndraw=40, logz=-71772.15, remainder_fraction=99.6391%, Lmin=-71760.50, Lmax=-71753.58
15:16:30 [ultranest] [DEBUG] iteration=3742, ncalls=6852, regioncalls=259800, ndraw=40, logz=-71771.91, remainder_fraction=99.5426%, Lmin=-71760.15, Lmax=-71753.58
15:16:30 [ultranest] [DEBUG] iteration=3760, ncalls=6877, regioncalls=260800, ndraw=40, logz=-71771.71, remainder_fraction=99.4640%, Lmin=-71759.95, Lmax=-71753.58
15:16:30 [ultranest] [DEBUG] iteration=3765, ncalls=6889, regioncalls=261320, ndraw=40, logz=-71771.66, remainder_fraction=99.4385%, Lmin=-71759.83, Lmax=-71753.58
15:16:30 [ultranest] [DEBUG] iteration=3791, ncalls=6927, regioncalls=262840, ndraw=40, logz=-71771.37, remainder_fraction=99.2386%, Lmin=-71759.44, Lmax=-71753.58
15:16:30 [ultranest] [DEBUG] iteration=3800, ncalls=6938, regioncalls=263280, ndraw=40, logz=-71771.26, remainder_fraction=99.1473%, Lmin=-71759.37, Lmax=-71753.58
15:16:30 [ultranest] [DEBUG] iteration=3826, ncalls=6976, regioncalls=264800, ndraw=40, logz=-71770.99, remainder_fraction=98.8987%, Lmin=-71759.16, Lmax=-71753.58
15:16:30 [ultranest] [DEBUG] iteration=3840, ncalls=6995, regioncalls=265560, ndraw=40, logz=-71770.86, remainder_fraction=98.7168%, Lmin=-71759.03, Lmax=-71753.58
15:16:30 [ultranest] [DEBUG] iteration=3846, ncalls=7002, regioncalls=265880, ndraw=40, logz=-71770.81, remainder_fraction=98.6344%, Lmin=-71758.94, Lmax=-71753.58
15:16:30 [ultranest] [DEBUG] iteration=3871, ncalls=7041, regioncalls=267480, ndraw=40, logz=-71770.57, remainder_fraction=98.2657%, Lmin=-71758.62, Lmax=-71753.58
15:16:30 [ultranest] [DEBUG] iteration=3880, ncalls=7054, regioncalls=268000, ndraw=40, logz=-71770.49, remainder_fraction=98.1232%, Lmin=-71758.51, Lmax=-71753.58
15:16:30 [ultranest] [DEBUG] iteration=3906, ncalls=7093, regioncalls=269560, ndraw=40, logz=-71770.24, remainder_fraction=97.6085%, Lmin=-71758.23, Lmax=-71753.58
15:16:31 [ultranest] [DEBUG] iteration=3920, ncalls=7115, regioncalls=270440, ndraw=40, logz=-71770.11, remainder_fraction=97.2182%, Lmin=-71758.10, Lmax=-71753.58
15:16:31 [ultranest] [DEBUG] iteration=3927, ncalls=7125, regioncalls=270880, ndraw=40, logz=-71770.05, remainder_fraction=97.0250%, Lmin=-71758.06, Lmax=-71753.58
15:16:31 [ultranest] [DEBUG] iteration=3958, ncalls=7163, regioncalls=272400, ndraw=40, logz=-71769.80, remainder_fraction=96.2906%, Lmin=-71757.82, Lmax=-71753.58
15:16:31 [ultranest] [DEBUG] iteration=3960, ncalls=7165, regioncalls=272480, ndraw=40, logz=-71769.79, remainder_fraction=96.2226%, Lmin=-71757.81, Lmax=-71753.58
15:16:31 [ultranest] [DEBUG] iteration=3985, ncalls=7204, regioncalls=274040, ndraw=40, logz=-71769.60, remainder_fraction=95.5381%, Lmin=-71757.63, Lmax=-71753.58
15:16:31 [ultranest] [DEBUG] iteration=4000, ncalls=7226, regioncalls=274920, ndraw=40, logz=-71769.50, remainder_fraction=95.0668%, Lmin=-71757.48, Lmax=-71753.58
15:16:31 [ultranest] [DEBUG] iteration=4008, ncalls=7239, regioncalls=275520, ndraw=40, logz=-71769.44, remainder_fraction=94.8227%, Lmin=-71757.41, Lmax=-71753.58
15:16:31 [ultranest] [DEBUG] iteration=4035, ncalls=7275, regioncalls=276960, ndraw=40, logz=-71769.26, remainder_fraction=93.9283%, Lmin=-71757.28, Lmax=-71753.58
15:16:31 [ultranest] [DEBUG] iteration=4040, ncalls=7281, regioncalls=277200, ndraw=40, logz=-71769.23, remainder_fraction=93.7106%, Lmin=-71757.24, Lmax=-71753.58
15:16:31 [ultranest] [DEBUG] iteration=4069, ncalls=7319, regioncalls=278720, ndraw=40, logz=-71769.05, remainder_fraction=92.4811%, Lmin=-71757.02, Lmax=-71753.58
15:16:31 [ultranest] [DEBUG] iteration=4080, ncalls=7338, regioncalls=279480, ndraw=40, logz=-71768.99, remainder_fraction=91.8905%, Lmin=-71756.97, Lmax=-71753.58
15:16:31 [ultranest] [DEBUG] iteration=4103, ncalls=7374, regioncalls=280920, ndraw=40, logz=-71768.86, remainder_fraction=90.8333%, Lmin=-71756.87, Lmax=-71753.58
15:16:31 [ultranest] [DEBUG] iteration=4120, ncalls=7401, regioncalls=282000, ndraw=40, logz=-71768.78, remainder_fraction=89.9559%, Lmin=-71756.77, Lmax=-71753.58
15:16:31 [ultranest] [DEBUG] iteration=4142, ncalls=7441, regioncalls=283600, ndraw=40, logz=-71768.67, remainder_fraction=88.7957%, Lmin=-71756.69, Lmax=-71753.58
15:16:32 [ultranest] [DEBUG] iteration=4160, ncalls=7475, regioncalls=284960, ndraw=40, logz=-71768.59, remainder_fraction=87.7778%, Lmin=-71756.61, Lmax=-71753.58
15:16:32 [ultranest] [DEBUG] iteration=4183, ncalls=7510, regioncalls=286360, ndraw=40, logz=-71768.49, remainder_fraction=86.5856%, Lmin=-71756.47, Lmax=-71753.57
15:16:32 [ultranest] [DEBUG] iteration=4200, ncalls=7542, regioncalls=287640, ndraw=40, logz=-71768.42, remainder_fraction=85.6047%, Lmin=-71756.39, Lmax=-71753.57
15:16:32 [ultranest] [DEBUG] iteration=4217, ncalls=7586, regioncalls=289400, ndraw=40, logz=-71768.35, remainder_fraction=84.7631%, Lmin=-71756.34, Lmax=-71753.57
15:16:32 [ultranest] [DEBUG] iteration=4236, ncalls=7627, regioncalls=291040, ndraw=40, logz=-71768.28, remainder_fraction=83.5346%, Lmin=-71756.26, Lmax=-71753.57
15:16:32 [ultranest] [DEBUG] iteration=4240, ncalls=7633, regioncalls=291280, ndraw=40, logz=-71768.26, remainder_fraction=83.2450%, Lmin=-71756.25, Lmax=-71753.57
15:16:32 [ultranest] [DEBUG] iteration=4262, ncalls=7669, regioncalls=292720, ndraw=40, logz=-71768.19, remainder_fraction=82.1917%, Lmin=-71756.15, Lmax=-71753.57
15:16:32 [ultranest] [DEBUG] iteration=4280, ncalls=7704, regioncalls=294120, ndraw=40, logz=-71768.12, remainder_fraction=81.0988%, Lmin=-71756.08, Lmax=-71753.57
15:16:32 [ultranest] [DEBUG] iteration=4296, ncalls=7746, regioncalls=295800, ndraw=40, logz=-71768.07, remainder_fraction=79.9464%, Lmin=-71756.01, Lmax=-71753.57
15:16:32 [ultranest] [DEBUG] iteration=4313, ncalls=7788, regioncalls=297480, ndraw=40, logz=-71768.02, remainder_fraction=78.7476%, Lmin=-71755.93, Lmax=-71753.57
15:16:32 [ultranest] [DEBUG] iteration=4320, ncalls=7801, regioncalls=298000, ndraw=40, logz=-71767.99, remainder_fraction=78.2475%, Lmin=-71755.90, Lmax=-71753.57
15:16:32 [ultranest] [DEBUG] iteration=4332, ncalls=7827, regioncalls=299120, ndraw=40, logz=-71767.96, remainder_fraction=77.4438%, Lmin=-71755.86, Lmax=-71753.57
15:16:33 [ultranest] [DEBUG] iteration=4360, ncalls=7861, regioncalls=300480, ndraw=40, logz=-71767.87, remainder_fraction=75.3935%, Lmin=-71755.75, Lmax=-71753.57
15:16:33 [ultranest] [DEBUG] iteration=4384, ncalls=7900, regioncalls=302040, ndraw=40, logz=-71767.81, remainder_fraction=73.4966%, Lmin=-71755.66, Lmax=-71753.57
15:16:33 [ultranest] [DEBUG] iteration=4400, ncalls=7920, regioncalls=302840, ndraw=40, logz=-71767.76, remainder_fraction=72.2117%, Lmin=-71755.60, Lmax=-71753.57
15:16:33 [ultranest] [DEBUG] iteration=4413, ncalls=7941, regioncalls=303760, ndraw=40, logz=-71767.73, remainder_fraction=71.2931%, Lmin=-71755.53, Lmax=-71753.57
15:16:33 [ultranest] [DEBUG] iteration=4440, ncalls=7976, regioncalls=305160, ndraw=40, logz=-71767.66, remainder_fraction=69.4335%, Lmin=-71755.45, Lmax=-71753.53
15:16:33 [ultranest] [DEBUG] iteration=4463, ncalls=8015, regioncalls=306720, ndraw=40, logz=-71767.60, remainder_fraction=67.6915%, Lmin=-71755.38, Lmax=-71753.53
15:16:33 [ultranest] [DEBUG] iteration=4480, ncalls=8039, regioncalls=307680, ndraw=40, logz=-71767.56, remainder_fraction=66.0976%, Lmin=-71755.32, Lmax=-71753.53
15:16:33 [ultranest] [DEBUG] iteration=4494, ncalls=8063, regioncalls=308720, ndraw=40, logz=-71767.53, remainder_fraction=64.8991%, Lmin=-71755.28, Lmax=-71753.53
15:16:33 [ultranest] [DEBUG] iteration=4520, ncalls=8100, regioncalls=310200, ndraw=40, logz=-71767.47, remainder_fraction=62.7631%, Lmin=-71755.21, Lmax=-71753.53
15:16:33 [ultranest] [DEBUG] iteration=4541, ncalls=8141, regioncalls=311840, ndraw=40, logz=-71767.43, remainder_fraction=61.1718%, Lmin=-71755.16, Lmax=-71753.53
15:16:33 [ultranest] [DEBUG] iteration=4560, ncalls=8169, regioncalls=312960, ndraw=40, logz=-71767.39, remainder_fraction=59.8513%, Lmin=-71755.08, Lmax=-71753.53
15:16:33 [ultranest] [DEBUG] iteration=4581, ncalls=8206, regioncalls=314440, ndraw=40, logz=-71767.35, remainder_fraction=58.3386%, Lmin=-71755.02, Lmax=-71753.53
15:16:34 [ultranest] [DEBUG] iteration=4600, ncalls=8240, regioncalls=315800, ndraw=40, logz=-71767.31, remainder_fraction=56.6201%, Lmin=-71754.94, Lmax=-71753.53
15:16:34 [ultranest] [DEBUG] iteration=4621, ncalls=8280, regioncalls=317400, ndraw=40, logz=-71767.27, remainder_fraction=54.6661%, Lmin=-71754.88, Lmax=-71753.53
15:16:34 [ultranest] [DEBUG] iteration=4640, ncalls=8314, regioncalls=318760, ndraw=40, logz=-71767.23, remainder_fraction=53.1549%, Lmin=-71754.84, Lmax=-71753.53
15:16:34 [ultranest] [DEBUG] iteration=4656, ncalls=8337, regioncalls=319720, ndraw=40, logz=-71767.21, remainder_fraction=51.9283%, Lmin=-71754.80, Lmax=-71753.53
15:16:34 [ultranest] [DEBUG] iteration=4680, ncalls=8374, regioncalls=321200, ndraw=40, logz=-71767.17, remainder_fraction=50.0914%, Lmin=-71754.75, Lmax=-71753.53
15:16:34 [ultranest] [DEBUG] iteration=4707, ncalls=8415, regioncalls=322840, ndraw=40, logz=-71767.13, remainder_fraction=48.0182%, Lmin=-71754.70, Lmax=-71753.53
15:16:34 [ultranest] [DEBUG] iteration=4720, ncalls=8437, regioncalls=323720, ndraw=40, logz=-71767.11, remainder_fraction=46.9204%, Lmin=-71754.68, Lmax=-71753.53
15:16:34 [ultranest] [DEBUG] iteration=4737, ncalls=8463, regioncalls=324840, ndraw=40, logz=-71767.08, remainder_fraction=45.6147%, Lmin=-71754.65, Lmax=-71753.53
15:16:34 [ultranest] [DEBUG] iteration=4760, ncalls=8501, regioncalls=326440, ndraw=40, logz=-71767.05, remainder_fraction=43.9147%, Lmin=-71754.59, Lmax=-71753.53
15:16:34 [ultranest] [DEBUG] iteration=4787, ncalls=8539, regioncalls=327960, ndraw=40, logz=-71767.01, remainder_fraction=41.8294%, Lmin=-71754.54, Lmax=-71753.53
15:16:34 [ultranest] [DEBUG] iteration=4800, ncalls=8558, regioncalls=328720, ndraw=40, logz=-71767.00, remainder_fraction=40.9565%, Lmin=-71754.51, Lmax=-71753.53
15:16:34 [ultranest] [DEBUG] iteration=4822, ncalls=8594, regioncalls=330160, ndraw=40, logz=-71766.97, remainder_fraction=39.5003%, Lmin=-71754.47, Lmax=-71753.53
15:16:35 [ultranest] [DEBUG] iteration=4840, ncalls=8627, regioncalls=331480, ndraw=40, logz=-71766.95, remainder_fraction=38.1855%, Lmin=-71754.43, Lmax=-71753.53
15:16:35 [ultranest] [DEBUG] iteration=4860, ncalls=8668, regioncalls=333120, ndraw=40, logz=-71766.93, remainder_fraction=36.8349%, Lmin=-71754.40, Lmax=-71753.53
15:16:35 [ultranest] [DEBUG] iteration=4880, ncalls=8702, regioncalls=334480, ndraw=40, logz=-71766.91, remainder_fraction=35.4400%, Lmin=-71754.36, Lmax=-71753.53
15:16:35 [ultranest] [DEBUG] iteration=4899, ncalls=8736, regioncalls=335880, ndraw=40, logz=-71766.89, remainder_fraction=34.0586%, Lmin=-71754.33, Lmax=-71753.53
15:16:35 [ultranest] [DEBUG] iteration=4920, ncalls=8778, regioncalls=337720, ndraw=40, logz=-71766.87, remainder_fraction=32.5877%, Lmin=-71754.30, Lmax=-71753.53
15:16:35 [ultranest] [DEBUG] iteration=4946, ncalls=8816, regioncalls=339240, ndraw=40, logz=-71766.84, remainder_fraction=30.9376%, Lmin=-71754.27, Lmax=-71753.53
15:16:35 [ultranest] [DEBUG] iteration=4960, ncalls=8842, regioncalls=340280, ndraw=40, logz=-71766.83, remainder_fraction=30.0754%, Lmin=-71754.25, Lmax=-71753.53
15:16:35 [ultranest] [DEBUG] iteration=4980, ncalls=8868, regioncalls=341440, ndraw=40, logz=-71766.81, remainder_fraction=28.9041%, Lmin=-71754.22, Lmax=-71753.53
15:16:35 [ultranest] [DEBUG] iteration=5000, ncalls=8896, regioncalls=342560, ndraw=40, logz=-71766.80, remainder_fraction=27.7929%, Lmin=-71754.20, Lmax=-71753.53
15:16:35 [ultranest] [DEBUG] iteration=5027, ncalls=8933, regioncalls=344040, ndraw=40, logz=-71766.78, remainder_fraction=26.1675%, Lmin=-71754.17, Lmax=-71753.53
15:16:35 [ultranest] [DEBUG] iteration=5040, ncalls=8953, regioncalls=344840, ndraw=40, logz=-71766.77, remainder_fraction=25.4121%, Lmin=-71754.15, Lmax=-71753.53
15:16:36 [ultranest] [DEBUG] iteration=5061, ncalls=8987, regioncalls=346240, ndraw=40, logz=-71766.75, remainder_fraction=24.2637%, Lmin=-71754.13, Lmax=-71753.53
15:16:36 [ultranest] [DEBUG] iteration=5080, ncalls=9008, regioncalls=347080, ndraw=40, logz=-71766.74, remainder_fraction=23.2125%, Lmin=-71754.11, Lmax=-71753.53
15:16:36 [ultranest] [DEBUG] iteration=5107, ncalls=9047, regioncalls=348640, ndraw=40, logz=-71766.72, remainder_fraction=21.9034%, Lmin=-71754.09, Lmax=-71753.52
15:16:36 [ultranest] [DEBUG] iteration=5120, ncalls=9067, regioncalls=349440, ndraw=40, logz=-71766.71, remainder_fraction=21.3061%, Lmin=-71754.07, Lmax=-71753.52
15:16:36 [ultranest] [DEBUG] iteration=5142, ncalls=9104, regioncalls=350920, ndraw=40, logz=-71766.70, remainder_fraction=20.3353%, Lmin=-71754.06, Lmax=-71753.52
15:16:36 [ultranest] [DEBUG] iteration=5160, ncalls=9136, regioncalls=352200, ndraw=40, logz=-71766.69, remainder_fraction=19.5925%, Lmin=-71754.05, Lmax=-71753.52
15:16:36 [ultranest] [DEBUG] iteration=5184, ncalls=9175, regioncalls=353760, ndraw=40, logz=-71766.68, remainder_fraction=18.5524%, Lmin=-71754.02, Lmax=-71753.52
15:16:36 [ultranest] [DEBUG] iteration=5200, ncalls=9208, regioncalls=355080, ndraw=40, logz=-71766.67, remainder_fraction=17.9318%, Lmin=-71754.01, Lmax=-71753.52
15:16:36 [ultranest] [DEBUG] iteration=5220, ncalls=9252, regioncalls=356840, ndraw=40, logz=-71766.66, remainder_fraction=17.1521%, Lmin=-71753.99, Lmax=-71753.52
15:16:36 [ultranest] [DEBUG] iteration=5223, ncalls=9261, regioncalls=357240, ndraw=40, logz=-71766.66, remainder_fraction=17.0219%, Lmin=-71753.98, Lmax=-71753.52
15:16:36 [ultranest] [DEBUG] iteration=5240, ncalls=9283, regioncalls=358240, ndraw=40, logz=-71766.65, remainder_fraction=16.3520%, Lmin=-71753.97, Lmax=-71753.52
15:16:36 [ultranest] [DEBUG] iteration=5271, ncalls=9320, regioncalls=359720, ndraw=40, logz=-71766.64, remainder_fraction=15.2032%, Lmin=-71753.95, Lmax=-71753.52
15:16:36 [ultranest] [DEBUG] iteration=5280, ncalls=9333, regioncalls=360240, ndraw=40, logz=-71766.64, remainder_fraction=14.8921%, Lmin=-71753.94, Lmax=-71753.52
15:16:37 [ultranest] [DEBUG] iteration=5304, ncalls=9368, regioncalls=361640, ndraw=40, logz=-71766.63, remainder_fraction=14.1120%, Lmin=-71753.92, Lmax=-71753.50
15:16:37 [ultranest] [DEBUG] iteration=5320, ncalls=9400, regioncalls=362920, ndraw=40, logz=-71766.62, remainder_fraction=13.5807%, Lmin=-71753.91, Lmax=-71753.50
15:16:37 [ultranest] [DEBUG] iteration=5343, ncalls=9439, regioncalls=364480, ndraw=40, logz=-71766.61, remainder_fraction=12.8675%, Lmin=-71753.89, Lmax=-71753.50
15:16:37 [ultranest] [DEBUG] iteration=5360, ncalls=9462, regioncalls=365400, ndraw=40, logz=-71766.61, remainder_fraction=12.3716%, Lmin=-71753.88, Lmax=-71753.50
15:16:37 [ultranest] [DEBUG] iteration=5385, ncalls=9505, regioncalls=367240, ndraw=40, logz=-71766.60, remainder_fraction=11.6723%, Lmin=-71753.86, Lmax=-71753.50
15:16:37 [ultranest] [DEBUG] iteration=5400, ncalls=9532, regioncalls=368320, ndraw=40, logz=-71766.59, remainder_fraction=11.2679%, Lmin=-71753.85, Lmax=-71753.50
15:16:37 [ultranest] [DEBUG] iteration=5424, ncalls=9571, regioncalls=369880, ndraw=40, logz=-71766.59, remainder_fraction=10.6558%, Lmin=-71753.83, Lmax=-71753.50
15:16:37 [ultranest] [DEBUG] iteration=5440, ncalls=9592, regioncalls=370720, ndraw=40, logz=-71766.58, remainder_fraction=10.2530%, Lmin=-71753.82, Lmax=-71753.50
15:16:37 [ultranest] [DEBUG] iteration=5462, ncalls=9632, regioncalls=372320, ndraw=40, logz=-71766.58, remainder_fraction=9.7238%, Lmin=-71753.80, Lmax=-71753.50
15:16:37 [ultranest] [DEBUG] iteration=5466, ncalls=9638, regioncalls=372600, ndraw=40, logz=-71766.57, remainder_fraction=9.6261%, Lmin=-71753.80, Lmax=-71753.50
15:16:37 [ultranest] [DEBUG] iteration=5480, ncalls=9672, regioncalls=373960, ndraw=40, logz=-71766.57, remainder_fraction=9.2925%, Lmin=-71753.79, Lmax=-71753.50
15:16:37 [ultranest] [DEBUG] iteration=5502, ncalls=9714, regioncalls=375640, ndraw=40, logz=-71766.57, remainder_fraction=8.8033%, Lmin=-71753.78, Lmax=-71753.50
15:16:38 [ultranest] [DEBUG] iteration=5520, ncalls=9749, regioncalls=377040, ndraw=40, logz=-71766.56, remainder_fraction=8.4175%, Lmin=-71753.77, Lmax=-71753.50
15:16:38 [ultranest] [DEBUG] iteration=5538, ncalls=9792, regioncalls=378760, ndraw=40, logz=-71766.56, remainder_fraction=8.0575%, Lmin=-71753.76, Lmax=-71753.50
15:16:38 [ultranest] [DEBUG] iteration=5547, ncalls=9809, regioncalls=379480, ndraw=40, logz=-71766.56, remainder_fraction=7.8796%, Lmin=-71753.76, Lmax=-71753.50
15:16:38 [ultranest] [DEBUG] iteration=5560, ncalls=9827, regioncalls=380200, ndraw=40, logz=-71766.55, remainder_fraction=7.6291%, Lmin=-71753.75, Lmax=-71753.50
15:16:38 [ultranest] [DEBUG] iteration=5586, ncalls=9870, regioncalls=381920, ndraw=40, logz=-71766.55, remainder_fraction=7.1408%, Lmin=-71753.74, Lmax=-71753.50
15:16:38 [ultranest] [DEBUG] iteration=5600, ncalls=9894, regioncalls=382880, ndraw=40, logz=-71766.54, remainder_fraction=6.8897%, Lmin=-71753.73, Lmax=-71753.50
15:16:38 [ultranest] [DEBUG] iteration=5625, ncalls=9934, regioncalls=384480, ndraw=40, logz=-71766.54, remainder_fraction=6.4638%, Lmin=-71753.72, Lmax=-71753.50
15:16:38 [ultranest] [DEBUG] iteration=5628, ncalls=9940, regioncalls=384800, ndraw=40, logz=-71766.54, remainder_fraction=6.4174%, Lmin=-71753.72, Lmax=-71753.50
15:16:38 [ultranest] [DEBUG] iteration=5640, ncalls=9959, regioncalls=385560, ndraw=40, logz=-71766.54, remainder_fraction=6.2271%, Lmin=-71753.72, Lmax=-71753.50
15:16:38 [ultranest] [DEBUG] iteration=5662, ncalls=9999, regioncalls=387160, ndraw=40, logz=-71766.53, remainder_fraction=5.8967%, Lmin=-71753.70, Lmax=-71753.50
15:16:38 [ultranest] [DEBUG] iteration=5680, ncalls=10031, regioncalls=388440, ndraw=40, logz=-71766.53, remainder_fraction=5.6344%, Lmin=-71753.70, Lmax=-71753.50
15:16:38 [ultranest] [DEBUG] iteration=5703, ncalls=10070, regioncalls=390000, ndraw=40, logz=-71766.53, remainder_fraction=5.3154%, Lmin=-71753.69, Lmax=-71753.50
15:16:38 [ultranest] [DEBUG] iteration=5709, ncalls=10079, regioncalls=390400, ndraw=40, logz=-71766.53, remainder_fraction=5.2331%, Lmin=-71753.69, Lmax=-71753.50
15:16:38 [ultranest] [DEBUG] iteration=5720, ncalls=10096, regioncalls=391080, ndraw=40, logz=-71766.53, remainder_fraction=5.0863%, Lmin=-71753.68, Lmax=-71753.50
15:16:39 [ultranest] [DEBUG] iteration=5746, ncalls=10133, regioncalls=392560, ndraw=40, logz=-71766.52, remainder_fraction=4.7621%, Lmin=-71753.67, Lmax=-71753.50
15:16:39 [ultranest] [DEBUG] iteration=5760, ncalls=10155, regioncalls=393440, ndraw=40, logz=-71766.52, remainder_fraction=4.5946%, Lmin=-71753.67, Lmax=-71753.50
15:16:39 [ultranest] [DEBUG] iteration=5786, ncalls=10198, regioncalls=395160, ndraw=40, logz=-71766.52, remainder_fraction=4.3028%, Lmin=-71753.66, Lmax=-71753.50
15:16:39 [ultranest] [DEBUG] iteration=5790, ncalls=10202, regioncalls=395400, ndraw=40, logz=-71766.52, remainder_fraction=4.2590%, Lmin=-71753.66, Lmax=-71753.50
15:16:39 [ultranest] [DEBUG] iteration=5800, ncalls=10217, regioncalls=396000, ndraw=40, logz=-71766.52, remainder_fraction=4.1479%, Lmin=-71753.66, Lmax=-71753.50
15:16:39 [ultranest] [DEBUG] iteration=5828, ncalls=10254, regioncalls=397480, ndraw=40, logz=-71766.51, remainder_fraction=3.8585%, Lmin=-71753.65, Lmax=-71753.50
15:16:39 [ultranest] [DEBUG] iteration=5840, ncalls=10271, regioncalls=398160, ndraw=40, logz=-71766.51, remainder_fraction=3.7419%, Lmin=-71753.65, Lmax=-71753.50
15:16:39 [ultranest] [DEBUG] iteration=5860, ncalls=10311, regioncalls=399760, ndraw=40, logz=-71766.51, remainder_fraction=3.5521%, Lmin=-71753.64, Lmax=-71753.50
15:16:39 [ultranest] [DEBUG] iteration=5878, ncalls=10350, regioncalls=401320, ndraw=40, logz=-71766.51, remainder_fraction=3.3913%, Lmin=-71753.64, Lmax=-71753.50
15:16:39 [ultranest] [DEBUG] iteration=5880, ncalls=10352, regioncalls=401400, ndraw=40, logz=-71766.51, remainder_fraction=3.3740%, Lmin=-71753.64, Lmax=-71753.50
15:16:39 [ultranest] [DEBUG] iteration=5903, ncalls=10391, regioncalls=402960, ndraw=40, logz=-71766.51, remainder_fraction=3.1760%, Lmin=-71753.63, Lmax=-71753.50
15:16:39 [ultranest] [DEBUG] iteration=5920, ncalls=10425, regioncalls=404320, ndraw=40, logz=-71766.50, remainder_fraction=3.0380%, Lmin=-71753.62, Lmax=-71753.50
15:16:39 [ultranest] [DEBUG] iteration=5937, ncalls=10468, regioncalls=406040, ndraw=40, logz=-71766.50, remainder_fraction=2.9039%, Lmin=-71753.62, Lmax=-71753.50
15:16:40 [ultranest] [DEBUG] iteration=5952, ncalls=10499, regioncalls=407320, ndraw=40, logz=-71766.50, remainder_fraction=2.7904%, Lmin=-71753.62, Lmax=-71753.50
15:16:40 [ultranest] [DEBUG] iteration=5960, ncalls=10509, regioncalls=407720, ndraw=40, logz=-71766.50, remainder_fraction=2.7320%, Lmin=-71753.62, Lmax=-71753.49
15:16:40 [ultranest] [DEBUG] iteration=5985, ncalls=10547, regioncalls=409240, ndraw=40, logz=-71766.50, remainder_fraction=2.5573%, Lmin=-71753.61, Lmax=-71753.49
15:16:40 [ultranest] [DEBUG] iteration=6000, ncalls=10571, regioncalls=410200, ndraw=40, logz=-71766.50, remainder_fraction=2.4568%, Lmin=-71753.61, Lmax=-71753.49
15:16:40 [ultranest] [DEBUG] iteration=6025, ncalls=10609, regioncalls=411720, ndraw=40, logz=-71766.50, remainder_fraction=2.2998%, Lmin=-71753.60, Lmax=-71753.49
15:16:40 [ultranest] [DEBUG] iteration=6033, ncalls=10619, regioncalls=412200, ndraw=40, logz=-71766.50, remainder_fraction=2.2511%, Lmin=-71753.60, Lmax=-71753.49
15:16:40 [ultranest] [DEBUG] iteration=6040, ncalls=10633, regioncalls=412760, ndraw=40, logz=-71766.50, remainder_fraction=2.2097%, Lmin=-71753.60, Lmax=-71753.49
15:16:40 [ultranest] [DEBUG] iteration=6064, ncalls=10672, regioncalls=414320, ndraw=40, logz=-71766.49, remainder_fraction=2.0733%, Lmin=-71753.59, Lmax=-71753.49
15:16:40 [ultranest] [DEBUG] iteration=6080, ncalls=10699, regioncalls=415400, ndraw=40, logz=-71766.49, remainder_fraction=1.9864%, Lmin=-71753.59, Lmax=-71753.49
15:16:40 [ultranest] [DEBUG] iteration=6103, ncalls=10738, regioncalls=416960, ndraw=40, logz=-71766.49, remainder_fraction=1.8695%, Lmin=-71753.59, Lmax=-71753.49
15:16:40 [ultranest] [DEBUG] iteration=6114, ncalls=10771, regioncalls=418360, ndraw=40, logz=-71766.49, remainder_fraction=1.8160%, Lmin=-71753.59, Lmax=-71753.49
15:16:40 [ultranest] [DEBUG] iteration=6120, ncalls=10778, regioncalls=418640, ndraw=40, logz=-71766.49, remainder_fraction=1.7869%, Lmin=-71753.58, Lmax=-71753.49
15:16:40 [ultranest] [DEBUG] iteration=6147, ncalls=10816, regioncalls=420160, ndraw=40, logz=-71766.49, remainder_fraction=1.6633%, Lmin=-71753.58, Lmax=-71753.49
15:16:40 [ultranest] [DEBUG] iteration=6160, ncalls=10835, regioncalls=420920, ndraw=40, logz=-71766.49, remainder_fraction=1.6062%, Lmin=-71753.58, Lmax=-71753.49
15:16:41 [ultranest] [DEBUG] iteration=6188, ncalls=10872, regioncalls=422400, ndraw=40, logz=-71766.49, remainder_fraction=1.4902%, Lmin=-71753.58, Lmax=-71753.49
15:16:41 [ultranest] [DEBUG] iteration=6195, ncalls=10882, regioncalls=422880, ndraw=40, logz=-71766.49, remainder_fraction=1.4626%, Lmin=-71753.57, Lmax=-71753.49
15:16:41 [ultranest] [DEBUG] iteration=6200, ncalls=10889, regioncalls=423160, ndraw=40, logz=-71766.49, remainder_fraction=1.4431%, Lmin=-71753.57, Lmax=-71753.49
15:16:41 [ultranest] [DEBUG] iteration=6225, ncalls=10927, regioncalls=424680, ndraw=40, logz=-71766.49, remainder_fraction=1.3492%, Lmin=-71753.57, Lmax=-71753.49
15:16:41 [ultranest] [DEBUG] iteration=6240, ncalls=10953, regioncalls=425720, ndraw=40, logz=-71766.49, remainder_fraction=1.2958%, Lmin=-71753.57, Lmax=-71753.49
15:16:41 [ultranest] [DEBUG] iteration=6264, ncalls=10992, regioncalls=427280, ndraw=40, logz=-71766.48, remainder_fraction=1.2149%, Lmin=-71753.56, Lmax=-71753.49
15:16:41 [ultranest] [DEBUG] iteration=6280, ncalls=11026, regioncalls=428640, ndraw=40, logz=-71766.48, remainder_fraction=1.1636%, Lmin=-71753.56, Lmax=-71753.49
15:16:41 [ultranest] [DEBUG] iteration=6302, ncalls=11068, regioncalls=430320, ndraw=40, logz=-71766.48, remainder_fraction=1.0967%, Lmin=-71753.56, Lmax=-71753.49
15:16:41 [ultranest] [DEBUG] iteration=6320, ncalls=11103, regioncalls=431720, ndraw=40, logz=-71766.48, remainder_fraction=1.0448%, Lmin=-71753.56, Lmax=-71753.49
15:16:41 [ultranest] [INFO] Explored until L=-7e+04  
15:16:41 [ultranest] [INFO] Likelihood function evaluations: 11140
15:16:43 [ultranest] [INFO] Writing samples and results to disk ...
15:16:43 [ultranest] [INFO] Writing samples and results to disk ... done
15:16:43 [ultranest] [DEBUG] did a run_iter pass!
15:16:43 [ultranest] [INFO]   logZ = -7.177e+04 +- 0.08933
15:16:43 [ultranest] [INFO] Effective samples strategy satisfied (ESS = 1764.5, need >400)
15:16:43 [ultranest] [INFO] Posterior uncertainty strategy is satisfied (KL: 0.45+-0.08 nat, need <0.50 nat)
15:16:43 [ultranest] [INFO] Evidency uncertainty strategy is satisfied (dlogz=0.09, need <0.5)
15:16:43 [ultranest] [INFO]   logZ error budget: single: 0.18 bs:0.09 tail:0.01 total:0.09 required:<0.50
15:16:43 [ultranest] [INFO] done iterating.
15:16:43 [ultranest] [DEBUG] Making corner plot ...
15:16:44 [ultranest] [DEBUG] Making corner plot ... done
15:16:44 [ultranest] [DEBUG] Making run plot ... 
15:16:44 [ultranest] [DEBUG] Making run plot ... done
15:16:44 [ultranest] [DEBUG] Making trace plot ... 
15:16:46 [ultranest] [DEBUG] Making trace plot ... done
