13:41:54 [ultranest] [DEBUG] ReactiveNestedSampler: dims=2+0, resume=False, log_dir=./m-values/N32/S32/M32/T029/P025/NF2/sample_rho, backend=hdf5, vectorized=False, nbootstraps=30, ndraw=128..65536
13:41:54 [ultranest] [INFO] Sampling 400 live points from prior ...
13:41:55 [ultranest] [DEBUG] run_iter dlogz=0.5, dKL=0.5, frac_remain=0.01, Lepsilon=0.0010, min_ess=400
13:41:55 [ultranest] [DEBUG] max_iters=-1, max_ncalls=-1, max_num_improvement_loops=-1, min_num_live_points=400, cluster_num_live_points=40
13:41:55 [ultranest] [DEBUG] minimal_widths_sequence: [(-inf, 400.0), (inf, 400.0)]
13:41:55 [ultranest] [DEBUG] Plateau detected at L=-1.842068e+07, not replacing live point.
13:41:55 [ultranest] [DEBUG] Plateau detected at L=-1.842068e+07, not replacing live point.
13:41:55 [ultranest] [DEBUG] Plateau detected at L=-1.842068e+07, not replacing live point.
13:41:55 [ultranest] [DEBUG] Plateau detected at L=-1.842068e+07, not replacing live point.
13:41:55 [ultranest] [DEBUG] Plateau detected at L=-1.842068e+07, not replacing live point.
13:41:55 [ultranest] [DEBUG] Plateau detected at L=-1.842068e+07, not replacing live point.
13:41:55 [ultranest] [DEBUG] Plateau detected at L=-1.842068e+07, not replacing live point.
13:41:55 [ultranest] [DEBUG] Plateau detected at L=-1.842068e+07, not replacing live point.
13:41:55 [ultranest] [DEBUG] Plateau detected at L=-1.842068e+07, not replacing live point.
13:41:55 [ultranest] [DEBUG] Plateau detected at L=-1.842068e+07, not replacing live point.
13:41:55 [ultranest] [DEBUG] Plateau detected at L=-1.842068e+07, not replacing live point.
13:41:55 [ultranest] [DEBUG] Plateau detected at L=-1.842068e+07, not replacing live point.
13:41:55 [ultranest] [DEBUG] Plateau detected at L=-1.842068e+07, not replacing live point.
13:41:55 [ultranest] [DEBUG] Plateau detected at L=-1.842068e+07, not replacing live point.
13:41:55 [ultranest] [DEBUG] Plateau detected at L=-1.842068e+07, not replacing live point.
13:41:55 [ultranest] [DEBUG] iteration=15, ncalls=401, regioncalls=40, ndraw=40, logz=-18420684.03, remainder_fraction=100.0000%, Lmin=-18420680.74, Lmax=-141355.84
13:41:56 [ultranest] [DEBUG] iteration=38, ncalls=428, regioncalls=1120, ndraw=40, logz=-170442.94, remainder_fraction=100.0000%, Lmin=-170362.68, Lmax=-141355.84
13:41:56 [ultranest] [DEBUG] iteration=40, ncalls=430, regioncalls=1200, ndraw=40, logz=-170360.29, remainder_fraction=100.0000%, Lmin=-169959.46, Lmax=-141355.84
13:41:56 [ultranest] [DEBUG] iteration=65, ncalls=457, regioncalls=2280, ndraw=40, logz=-165310.75, remainder_fraction=100.0000%, Lmin=-165046.77, Lmax=-141355.84
13:41:56 [ultranest] [DEBUG] iteration=80, ncalls=475, regioncalls=3000, ndraw=40, logz=-162901.45, remainder_fraction=100.0000%, Lmin=-162795.46, Lmax=-141355.84
13:41:56 [ultranest] [DEBUG] iteration=101, ncalls=499, regioncalls=3960, ndraw=40, logz=-161013.84, remainder_fraction=100.0000%, Lmin=-161006.87, Lmax=-141355.84
13:41:56 [ultranest] [DEBUG] iteration=120, ncalls=519, regioncalls=4760, ndraw=40, logz=-159661.93, remainder_fraction=100.0000%, Lmin=-159641.22, Lmax=-141355.84
13:41:56 [ultranest] [DEBUG] iteration=144, ncalls=546, regioncalls=5840, ndraw=40, logz=-157881.90, remainder_fraction=100.0000%, Lmin=-157798.67, Lmax=-141355.84
13:41:56 [ultranest] [DEBUG] iteration=160, ncalls=563, regioncalls=6520, ndraw=40, logz=-156687.27, remainder_fraction=100.0000%, Lmin=-156655.45, Lmax=-141355.84
13:41:56 [ultranest] [DEBUG] iteration=185, ncalls=590, regioncalls=7600, ndraw=40, logz=-154813.48, remainder_fraction=100.0000%, Lmin=-154792.05, Lmax=-141355.84
13:41:56 [ultranest] [DEBUG] iteration=200, ncalls=609, regioncalls=8360, ndraw=40, logz=-154155.45, remainder_fraction=100.0000%, Lmin=-154126.20, Lmax=-141355.84
13:41:56 [ultranest] [DEBUG] iteration=225, ncalls=636, regioncalls=9440, ndraw=40, logz=-152979.32, remainder_fraction=100.0000%, Lmin=-152966.69, Lmax=-141355.84
13:41:56 [ultranest] [DEBUG] iteration=240, ncalls=651, regioncalls=10040, ndraw=40, logz=-152350.70, remainder_fraction=100.0000%, Lmin=-152316.76, Lmax=-141355.84
13:41:57 [ultranest] [DEBUG] iteration=261, ncalls=679, regioncalls=11160, ndraw=40, logz=-151434.77, remainder_fraction=100.0000%, Lmin=-151414.53, Lmax=-141355.84
13:41:57 [ultranest] [DEBUG] iteration=273, ncalls=693, regioncalls=11720, ndraw=40, logz=-151220.77, remainder_fraction=100.0000%, Lmin=-151159.75, Lmax=-141355.84
13:41:57 [ultranest] [DEBUG] iteration=280, ncalls=700, regioncalls=12000, ndraw=40, logz=-150898.88, remainder_fraction=100.0000%, Lmin=-150796.67, Lmax=-141355.84
13:41:57 [ultranest] [DEBUG] iteration=303, ncalls=728, regioncalls=13120, ndraw=40, logz=-149909.86, remainder_fraction=100.0000%, Lmin=-149886.46, Lmax=-141355.84
13:41:57 [ultranest] [DEBUG] iteration=320, ncalls=752, regioncalls=14080, ndraw=40, logz=-149477.09, remainder_fraction=100.0000%, Lmin=-149457.21, Lmax=-141355.84
13:41:57 [ultranest] [DEBUG] iteration=342, ncalls=780, regioncalls=15200, ndraw=40, logz=-149138.11, remainder_fraction=100.0000%, Lmin=-149076.32, Lmax=-141355.84
13:41:57 [ultranest] [DEBUG] iteration=359, ncalls=800, regioncalls=16000, ndraw=40, logz=-148826.14, remainder_fraction=100.0000%, Lmin=-148761.07, Lmax=-141355.84
13:41:57 [ultranest] [DEBUG] iteration=360, ncalls=801, regioncalls=16040, ndraw=40, logz=-148767.96, remainder_fraction=100.0000%, Lmin=-148748.44, Lmax=-141355.84
13:41:57 [ultranest] [DEBUG] iteration=385, ncalls=828, regioncalls=17120, ndraw=40, logz=-148305.19, remainder_fraction=100.0000%, Lmin=-148278.89, Lmax=-141355.84
13:41:57 [ultranest] [DEBUG] iteration=400, ncalls=847, regioncalls=17880, ndraw=40, logz=-148032.45, remainder_fraction=100.0000%, Lmin=-147997.75, Lmax=-141355.84
13:41:57 [ultranest] [DEBUG] iteration=422, ncalls=875, regioncalls=19000, ndraw=40, logz=-147653.64, remainder_fraction=100.0000%, Lmin=-147639.34, Lmax=-141355.84
13:41:57 [ultranest] [DEBUG] iteration=440, ncalls=894, regioncalls=19760, ndraw=40, logz=-147490.53, remainder_fraction=100.0000%, Lmin=-147469.69, Lmax=-141355.84
13:41:57 [ultranest] [DEBUG] iteration=458, ncalls=920, regioncalls=20800, ndraw=40, logz=-147219.15, remainder_fraction=100.0000%, Lmin=-147168.71, Lmax=-141355.84
13:41:58 [ultranest] [DEBUG] iteration=480, ncalls=947, regioncalls=21880, ndraw=40, logz=-146708.96, remainder_fraction=100.0000%, Lmin=-146680.41, Lmax=-141355.84
13:41:58 [ultranest] [DEBUG] iteration=500, ncalls=975, regioncalls=23000, ndraw=40, logz=-146508.33, remainder_fraction=100.0000%, Lmin=-146496.34, Lmax=-141355.84
13:41:58 [ultranest] [DEBUG] iteration=520, ncalls=999, regioncalls=23960, ndraw=40, logz=-146112.91, remainder_fraction=100.0000%, Lmin=-146096.93, Lmax=-141355.84
13:41:58 [ultranest] [DEBUG] iteration=531, ncalls=1014, regioncalls=24560, ndraw=40, logz=-145895.39, remainder_fraction=100.0000%, Lmin=-145871.63, Lmax=-141355.84
13:41:58 [ultranest] [DEBUG] iteration=554, ncalls=1042, regioncalls=25680, ndraw=40, logz=-145636.44, remainder_fraction=100.0000%, Lmin=-145603.69, Lmax=-141355.76
13:41:58 [ultranest] [DEBUG] iteration=560, ncalls=1048, regioncalls=25920, ndraw=40, logz=-145559.46, remainder_fraction=100.0000%, Lmin=-145547.40, Lmax=-141355.76
13:41:58 [ultranest] [DEBUG] iteration=580, ncalls=1076, regioncalls=27040, ndraw=40, logz=-145309.28, remainder_fraction=100.0000%, Lmin=-145296.47, Lmax=-141355.76
13:41:58 [ultranest] [DEBUG] iteration=599, ncalls=1105, regioncalls=28200, ndraw=40, logz=-145113.69, remainder_fraction=100.0000%, Lmin=-145088.90, Lmax=-141355.76
13:41:58 [ultranest] [DEBUG] iteration=600, ncalls=1107, regioncalls=28280, ndraw=40, logz=-145096.41, remainder_fraction=100.0000%, Lmin=-145084.12, Lmax=-141355.76
13:41:58 [ultranest] [DEBUG] iteration=617, ncalls=1125, regioncalls=29000, ndraw=40, logz=-144902.11, remainder_fraction=100.0000%, Lmin=-144884.51, Lmax=-141355.76
13:41:58 [ultranest] [DEBUG] iteration=640, ncalls=1153, regioncalls=30120, ndraw=40, logz=-144680.65, remainder_fraction=100.0000%, Lmin=-144642.76, Lmax=-141355.76
13:41:58 [ultranest] [DEBUG] iteration=664, ncalls=1181, regioncalls=31240, ndraw=40, logz=-144456.15, remainder_fraction=100.0000%, Lmin=-144442.81, Lmax=-141355.76
13:41:58 [ultranest] [DEBUG] iteration=680, ncalls=1200, regioncalls=32000, ndraw=40, logz=-144295.67, remainder_fraction=100.0000%, Lmin=-144284.70, Lmax=-141355.76
13:41:59 [ultranest] [DEBUG] iteration=698, ncalls=1229, regioncalls=33160, ndraw=40, logz=-144130.72, remainder_fraction=100.0000%, Lmin=-144122.92, Lmax=-141355.76
13:41:59 [ultranest] [DEBUG] iteration=703, ncalls=1234, regioncalls=33360, ndraw=40, logz=-144095.43, remainder_fraction=100.0000%, Lmin=-144074.58, Lmax=-141355.76
13:41:59 [ultranest] [DEBUG] iteration=720, ncalls=1259, regioncalls=34360, ndraw=40, logz=-143931.12, remainder_fraction=100.0000%, Lmin=-143922.90, Lmax=-141355.76
13:41:59 [ultranest] [DEBUG] iteration=741, ncalls=1288, regioncalls=35520, ndraw=40, logz=-143783.41, remainder_fraction=100.0000%, Lmin=-143764.06, Lmax=-141355.76
13:41:59 [ultranest] [DEBUG] iteration=760, ncalls=1309, regioncalls=36360, ndraw=40, logz=-143642.25, remainder_fraction=100.0000%, Lmin=-143618.21, Lmax=-141355.76
13:41:59 [ultranest] [DEBUG] iteration=783, ncalls=1337, regioncalls=37480, ndraw=40, logz=-143483.90, remainder_fraction=100.0000%, Lmin=-143474.59, Lmax=-141355.76
13:41:59 [ultranest] [DEBUG] iteration=789, ncalls=1344, regioncalls=37760, ndraw=40, logz=-143463.38, remainder_fraction=100.0000%, Lmin=-143452.84, Lmax=-141355.76
13:41:59 [ultranest] [DEBUG] iteration=800, ncalls=1355, regioncalls=38200, ndraw=40, logz=-143362.14, remainder_fraction=100.0000%, Lmin=-143350.01, Lmax=-141355.76
13:41:59 [ultranest] [DEBUG] iteration=824, ncalls=1383, regioncalls=39320, ndraw=40, logz=-143221.08, remainder_fraction=100.0000%, Lmin=-143207.03, Lmax=-141355.76
13:41:59 [ultranest] [DEBUG] iteration=840, ncalls=1404, regioncalls=40160, ndraw=40, logz=-143134.84, remainder_fraction=100.0000%, Lmin=-143125.65, Lmax=-141355.76
13:41:59 [ultranest] [DEBUG] iteration=863, ncalls=1433, regioncalls=41320, ndraw=40, logz=-143035.57, remainder_fraction=100.0000%, Lmin=-143025.10, Lmax=-141355.76
13:41:59 [ultranest] [DEBUG] iteration=875, ncalls=1446, regioncalls=41840, ndraw=40, logz=-142955.52, remainder_fraction=100.0000%, Lmin=-142946.33, Lmax=-141355.76
13:41:59 [ultranest] [DEBUG] iteration=880, ncalls=1451, regioncalls=42040, ndraw=40, logz=-142930.58, remainder_fraction=100.0000%, Lmin=-142904.15, Lmax=-141355.76
13:42:00 [ultranest] [DEBUG] iteration=903, ncalls=1479, regioncalls=43160, ndraw=40, logz=-142836.47, remainder_fraction=100.0000%, Lmin=-142823.36, Lmax=-141355.76
13:42:00 [ultranest] [DEBUG] iteration=920, ncalls=1499, regioncalls=43960, ndraw=40, logz=-142767.33, remainder_fraction=100.0000%, Lmin=-142748.11, Lmax=-141355.76
13:42:00 [ultranest] [DEBUG] iteration=942, ncalls=1528, regioncalls=45200, ndraw=40, logz=-142627.44, remainder_fraction=100.0000%, Lmin=-142614.59, Lmax=-141355.76
13:42:00 [ultranest] [DEBUG] iteration=960, ncalls=1549, regioncalls=46040, ndraw=40, logz=-142545.62, remainder_fraction=100.0000%, Lmin=-142533.67, Lmax=-141355.76
13:42:00 [ultranest] [DEBUG] iteration=961, ncalls=1550, regioncalls=46080, ndraw=40, logz=-142542.09, remainder_fraction=100.0000%, Lmin=-142525.43, Lmax=-141355.76
13:42:00 [ultranest] [DEBUG] iteration=984, ncalls=1577, regioncalls=47160, ndraw=40, logz=-142435.37, remainder_fraction=100.0000%, Lmin=-142425.26, Lmax=-141355.76
13:42:00 [ultranest] [DEBUG] iteration=1000, ncalls=1604, regioncalls=48240, ndraw=40, logz=-142386.75, remainder_fraction=100.0000%, Lmin=-142377.71, Lmax=-141355.76
13:42:00 [ultranest] [DEBUG] iteration=1019, ncalls=1632, regioncalls=49400, ndraw=40, logz=-142328.87, remainder_fraction=100.0000%, Lmin=-142319.91, Lmax=-141354.01
13:42:00 [ultranest] [DEBUG] iteration=1039, ncalls=1660, regioncalls=50520, ndraw=40, logz=-142250.76, remainder_fraction=100.0000%, Lmin=-142240.22, Lmax=-141354.01
13:42:00 [ultranest] [DEBUG] iteration=1040, ncalls=1663, regioncalls=50640, ndraw=40, logz=-142248.73, remainder_fraction=100.0000%, Lmin=-142236.28, Lmax=-141354.01
13:42:00 [ultranest] [DEBUG] iteration=1047, ncalls=1672, regioncalls=51000, ndraw=40, logz=-142233.74, remainder_fraction=100.0000%, Lmin=-142225.22, Lmax=-141354.01
13:42:00 [ultranest] [DEBUG] iteration=1071, ncalls=1699, regioncalls=52120, ndraw=40, logz=-142199.50, remainder_fraction=100.0000%, Lmin=-142190.44, Lmax=-141354.01
13:42:00 [ultranest] [DEBUG] iteration=1080, ncalls=1708, regioncalls=52520, ndraw=40, logz=-142185.56, remainder_fraction=100.0000%, Lmin=-142176.58, Lmax=-141354.01
13:42:00 [ultranest] [DEBUG] iteration=1104, ncalls=1735, regioncalls=53640, ndraw=40, logz=-142122.48, remainder_fraction=100.0000%, Lmin=-142113.84, Lmax=-141354.01
13:42:01 [ultranest] [DEBUG] iteration=1120, ncalls=1754, regioncalls=54400, ndraw=40, logz=-142099.90, remainder_fraction=100.0000%, Lmin=-142091.01, Lmax=-141354.01
13:42:01 [ultranest] [DEBUG] iteration=1142, ncalls=1780, regioncalls=55440, ndraw=40, logz=-142058.75, remainder_fraction=100.0000%, Lmin=-142049.92, Lmax=-141354.01
13:42:01 [ultranest] [DEBUG] iteration=1160, ncalls=1805, regioncalls=56440, ndraw=40, logz=-142019.95, remainder_fraction=100.0000%, Lmin=-142007.59, Lmax=-141354.01
13:42:01 [ultranest] [DEBUG] iteration=1176, ncalls=1834, regioncalls=57600, ndraw=40, logz=-141979.68, remainder_fraction=100.0000%, Lmin=-141968.80, Lmax=-141354.01
13:42:01 [ultranest] [DEBUG] iteration=1199, ncalls=1861, regioncalls=58680, ndraw=40, logz=-141933.07, remainder_fraction=100.0000%, Lmin=-141922.49, Lmax=-141354.01
13:42:01 [ultranest] [DEBUG] iteration=1200, ncalls=1862, regioncalls=58720, ndraw=40, logz=-141931.36, remainder_fraction=100.0000%, Lmin=-141921.68, Lmax=-141354.01
13:42:01 [ultranest] [DEBUG] iteration=1219, ncalls=1887, regioncalls=59720, ndraw=40, logz=-141907.34, remainder_fraction=100.0000%, Lmin=-141890.86, Lmax=-141354.01
13:42:01 [ultranest] [DEBUG] iteration=1240, ncalls=1911, regioncalls=60760, ndraw=40, logz=-141876.99, remainder_fraction=100.0000%, Lmin=-141868.41, Lmax=-141354.01
13:42:01 [ultranest] [DEBUG] iteration=1262, ncalls=1939, regioncalls=61880, ndraw=40, logz=-141840.31, remainder_fraction=100.0000%, Lmin=-141830.82, Lmax=-141354.01
13:42:01 [ultranest] [DEBUG] iteration=1280, ncalls=1961, regioncalls=62760, ndraw=40, logz=-141819.53, remainder_fraction=100.0000%, Lmin=-141808.93, Lmax=-141354.01
13:42:01 [ultranest] [DEBUG] iteration=1300, ncalls=1989, regioncalls=63880, ndraw=40, logz=-141779.86, remainder_fraction=100.0000%, Lmin=-141770.06, Lmax=-141354.01
13:42:01 [ultranest] [DEBUG] iteration=1305, ncalls=1995, regioncalls=64120, ndraw=40, logz=-141775.94, remainder_fraction=100.0000%, Lmin=-141767.03, Lmax=-141354.01
13:42:02 [ultranest] [DEBUG] iteration=1320, ncalls=2012, regioncalls=64880, ndraw=40, logz=-141762.75, remainder_fraction=100.0000%, Lmin=-141754.05, Lmax=-141354.01
13:42:02 [ultranest] [DEBUG] iteration=1341, ncalls=2040, regioncalls=66160, ndraw=40, logz=-141742.74, remainder_fraction=100.0000%, Lmin=-141730.77, Lmax=-141353.96
13:42:02 [ultranest] [DEBUG] iteration=1360, ncalls=2065, regioncalls=67240, ndraw=40, logz=-141724.87, remainder_fraction=100.0000%, Lmin=-141715.96, Lmax=-141353.96
13:42:02 [ultranest] [DEBUG] iteration=1380, ncalls=2093, regioncalls=68360, ndraw=40, logz=-141707.69, remainder_fraction=100.0000%, Lmin=-141697.43, Lmax=-141353.96
13:42:02 [ultranest] [DEBUG] iteration=1391, ncalls=2106, regioncalls=68880, ndraw=40, logz=-141697.83, remainder_fraction=100.0000%, Lmin=-141687.59, Lmax=-141353.96
13:42:02 [ultranest] [DEBUG] iteration=1400, ncalls=2119, regioncalls=69520, ndraw=40, logz=-141689.78, remainder_fraction=100.0000%, Lmin=-141678.44, Lmax=-141353.68
13:42:02 [ultranest] [DEBUG] iteration=1421, ncalls=2147, regioncalls=70640, ndraw=40, logz=-141670.99, remainder_fraction=100.0000%, Lmin=-141661.94, Lmax=-141352.94
13:42:02 [ultranest] [DEBUG] iteration=1440, ncalls=2172, regioncalls=71640, ndraw=40, logz=-141657.55, remainder_fraction=100.0000%, Lmin=-141648.65, Lmax=-141352.94
13:42:02 [ultranest] [DEBUG] iteration=1462, ncalls=2201, regioncalls=72800, ndraw=40, logz=-141640.61, remainder_fraction=100.0000%, Lmin=-141630.78, Lmax=-141352.94
13:42:02 [ultranest] [DEBUG] iteration=1477, ncalls=2225, regioncalls=73800, ndraw=40, logz=-141630.80, remainder_fraction=100.0000%, Lmin=-141621.96, Lmax=-141352.94
13:42:02 [ultranest] [DEBUG] iteration=1480, ncalls=2229, regioncalls=73960, ndraw=40, logz=-141629.61, remainder_fraction=100.0000%, Lmin=-141618.59, Lmax=-141352.94
13:42:02 [ultranest] [DEBUG] iteration=1502, ncalls=2256, regioncalls=75040, ndraw=40, logz=-141613.83, remainder_fraction=100.0000%, Lmin=-141604.58, Lmax=-141352.94
13:42:03 [ultranest] [DEBUG] iteration=1520, ncalls=2283, regioncalls=76120, ndraw=40, logz=-141600.40, remainder_fraction=100.0000%, Lmin=-141591.32, Lmax=-141352.94
13:42:03 [ultranest] [DEBUG] iteration=1539, ncalls=2311, regioncalls=77240, ndraw=40, logz=-141590.06, remainder_fraction=100.0000%, Lmin=-141579.15, Lmax=-141352.94
13:42:03 [ultranest] [DEBUG] iteration=1560, ncalls=2339, regioncalls=78360, ndraw=40, logz=-141577.70, remainder_fraction=100.0000%, Lmin=-141568.47, Lmax=-141352.94
13:42:03 [ultranest] [DEBUG] iteration=1563, ncalls=2343, regioncalls=78560, ndraw=40, logz=-141576.23, remainder_fraction=100.0000%, Lmin=-141566.57, Lmax=-141352.94
13:42:03 [ultranest] [DEBUG] iteration=1582, ncalls=2371, regioncalls=79680, ndraw=40, logz=-141567.35, remainder_fraction=100.0000%, Lmin=-141558.05, Lmax=-141352.94
13:42:03 [ultranest] [DEBUG] iteration=1600, ncalls=2398, regioncalls=80800, ndraw=40, logz=-141559.91, remainder_fraction=100.0000%, Lmin=-141548.14, Lmax=-141352.94
13:42:03 [ultranest] [DEBUG] iteration=1618, ncalls=2427, regioncalls=81960, ndraw=40, logz=-141546.25, remainder_fraction=100.0000%, Lmin=-141535.94, Lmax=-141352.94
13:42:03 [ultranest] [DEBUG] iteration=1638, ncalls=2455, regioncalls=83080, ndraw=40, logz=-141536.71, remainder_fraction=100.0000%, Lmin=-141526.02, Lmax=-141352.94
13:42:03 [ultranest] [DEBUG] iteration=1640, ncalls=2457, regioncalls=83160, ndraw=40, logz=-141535.22, remainder_fraction=100.0000%, Lmin=-141525.78, Lmax=-141352.94
13:42:03 [ultranest] [DEBUG] iteration=1649, ncalls=2470, regioncalls=83680, ndraw=40, logz=-141532.96, remainder_fraction=100.0000%, Lmin=-141523.72, Lmax=-141352.94
13:42:03 [ultranest] [DEBUG] iteration=1673, ncalls=2498, regioncalls=84880, ndraw=40, logz=-141523.89, remainder_fraction=100.0000%, Lmin=-141514.45, Lmax=-141351.77
13:42:03 [ultranest] [DEBUG] iteration=1680, ncalls=2507, regioncalls=85240, ndraw=40, logz=-141521.37, remainder_fraction=100.0000%, Lmin=-141511.56, Lmax=-141351.77
13:42:03 [ultranest] [DEBUG] iteration=1693, ncalls=2526, regioncalls=86000, ndraw=40, logz=-141516.17, remainder_fraction=100.0000%, Lmin=-141506.04, Lmax=-141351.77
13:42:04 [ultranest] [DEBUG] iteration=1715, ncalls=2555, regioncalls=87160, ndraw=40, logz=-141506.98, remainder_fraction=100.0000%, Lmin=-141498.14, Lmax=-141351.77
13:42:04 [ultranest] [DEBUG] iteration=1720, ncalls=2561, regioncalls=87400, ndraw=40, logz=-141505.56, remainder_fraction=100.0000%, Lmin=-141495.87, Lmax=-141351.77
13:42:04 [ultranest] [DEBUG] iteration=1735, ncalls=2582, regioncalls=88240, ndraw=40, logz=-141500.94, remainder_fraction=100.0000%, Lmin=-141491.62, Lmax=-141351.77
13:42:04 [ultranest] [DEBUG] iteration=1756, ncalls=2610, regioncalls=89400, ndraw=40, logz=-141493.46, remainder_fraction=100.0000%, Lmin=-141484.19, Lmax=-141351.77
13:42:04 [ultranest] [DEBUG] iteration=1760, ncalls=2617, regioncalls=89680, ndraw=40, logz=-141492.55, remainder_fraction=100.0000%, Lmin=-141483.42, Lmax=-141351.77
13:42:04 [ultranest] [DEBUG] iteration=1783, ncalls=2645, regioncalls=90800, ndraw=40, logz=-141485.67, remainder_fraction=100.0000%, Lmin=-141476.84, Lmax=-141351.70
13:42:04 [ultranest] [DEBUG] iteration=1800, ncalls=2671, regioncalls=91840, ndraw=40, logz=-141481.94, remainder_fraction=100.0000%, Lmin=-141472.62, Lmax=-141351.70
13:42:04 [ultranest] [DEBUG] iteration=1819, ncalls=2699, regioncalls=92960, ndraw=40, logz=-141476.10, remainder_fraction=100.0000%, Lmin=-141466.35, Lmax=-141351.70
13:42:04 [ultranest] [DEBUG] iteration=1837, ncalls=2725, regioncalls=94000, ndraw=40, logz=-141469.94, remainder_fraction=100.0000%, Lmin=-141460.83, Lmax=-141351.70
13:42:04 [ultranest] [DEBUG] iteration=1840, ncalls=2733, regioncalls=94320, ndraw=40, logz=-141469.37, remainder_fraction=100.0000%, Lmin=-141459.37, Lmax=-141351.70
13:42:04 [ultranest] [DEBUG] iteration=1859, ncalls=2764, regioncalls=95560, ndraw=40, logz=-141462.40, remainder_fraction=100.0000%, Lmin=-141452.68, Lmax=-141351.70
13:42:04 [ultranest] [DEBUG] iteration=1879, ncalls=2792, regioncalls=96680, ndraw=40, logz=-141457.91, remainder_fraction=100.0000%, Lmin=-141448.63, Lmax=-141351.70
13:42:04 [ultranest] [DEBUG] iteration=1880, ncalls=2793, regioncalls=96720, ndraw=40, logz=-141457.72, remainder_fraction=100.0000%, Lmin=-141447.96, Lmax=-141351.70
13:42:05 [ultranest] [DEBUG] iteration=1899, ncalls=2821, regioncalls=97840, ndraw=40, logz=-141452.44, remainder_fraction=100.0000%, Lmin=-141442.91, Lmax=-141351.70
13:42:05 [ultranest] [DEBUG] iteration=1907, ncalls=2832, regioncalls=98320, ndraw=40, logz=-141450.69, remainder_fraction=100.0000%, Lmin=-141441.29, Lmax=-141351.70
13:42:05 [ultranest] [DEBUG] iteration=1920, ncalls=2847, regioncalls=98920, ndraw=40, logz=-141447.62, remainder_fraction=100.0000%, Lmin=-141438.14, Lmax=-141351.70
13:42:05 [ultranest] [DEBUG] iteration=1938, ncalls=2876, regioncalls=100080, ndraw=40, logz=-141444.51, remainder_fraction=100.0000%, Lmin=-141434.70, Lmax=-141351.70
13:42:05 [ultranest] [DEBUG] iteration=1960, ncalls=2904, regioncalls=101200, ndraw=40, logz=-141439.58, remainder_fraction=100.0000%, Lmin=-141429.91, Lmax=-141351.70
13:42:05 [ultranest] [DEBUG] iteration=1983, ncalls=2931, regioncalls=102280, ndraw=40, logz=-141434.52, remainder_fraction=100.0000%, Lmin=-141425.10, Lmax=-141351.70
13:42:05 [ultranest] [DEBUG] iteration=1993, ncalls=2943, regioncalls=102840, ndraw=40, logz=-141432.42, remainder_fraction=100.0000%, Lmin=-141422.71, Lmax=-141351.70
13:42:05 [ultranest] [DEBUG] iteration=2000, ncalls=2951, regioncalls=103160, ndraw=40, logz=-141430.81, remainder_fraction=100.0000%, Lmin=-141421.27, Lmax=-141351.70
13:42:05 [ultranest] [DEBUG] iteration=2023, ncalls=2981, regioncalls=104360, ndraw=40, logz=-141427.08, remainder_fraction=100.0000%, Lmin=-141417.55, Lmax=-141351.70
13:42:05 [ultranest] [DEBUG] iteration=2040, ncalls=3005, regioncalls=105320, ndraw=40, logz=-141424.78, remainder_fraction=100.0000%, Lmin=-141415.43, Lmax=-141351.70
13:42:05 [ultranest] [DEBUG] iteration=2058, ncalls=3033, regioncalls=106440, ndraw=40, logz=-141422.22, remainder_fraction=100.0000%, Lmin=-141412.88, Lmax=-141351.70
13:42:05 [ultranest] [DEBUG] iteration=2077, ncalls=3061, regioncalls=107560, ndraw=40, logz=-141419.73, remainder_fraction=100.0000%, Lmin=-141410.22, Lmax=-141351.70
13:42:05 [ultranest] [DEBUG] iteration=2080, ncalls=3065, regioncalls=107720, ndraw=40, logz=-141419.32, remainder_fraction=100.0000%, Lmin=-141409.90, Lmax=-141351.70
13:42:06 [ultranest] [DEBUG] iteration=2096, ncalls=3096, regioncalls=108960, ndraw=40, logz=-141417.62, remainder_fraction=100.0000%, Lmin=-141408.59, Lmax=-141351.70
13:42:06 [ultranest] [DEBUG] iteration=2116, ncalls=3124, regioncalls=110080, ndraw=40, logz=-141415.59, remainder_fraction=100.0000%, Lmin=-141406.09, Lmax=-141351.70
13:42:06 [ultranest] [DEBUG] iteration=2120, ncalls=3129, regioncalls=110280, ndraw=40, logz=-141415.08, remainder_fraction=100.0000%, Lmin=-141405.77, Lmax=-141351.70
13:42:06 [ultranest] [DEBUG] iteration=2139, ncalls=3158, regioncalls=111440, ndraw=40, logz=-141412.91, remainder_fraction=100.0000%, Lmin=-141403.12, Lmax=-141351.70
13:42:06 [ultranest] [DEBUG] iteration=2159, ncalls=3187, regioncalls=112600, ndraw=40, logz=-141409.99, remainder_fraction=100.0000%, Lmin=-141400.51, Lmax=-141351.70
13:42:06 [ultranest] [DEBUG] iteration=2160, ncalls=3188, regioncalls=112640, ndraw=40, logz=-141409.87, remainder_fraction=100.0000%, Lmin=-141400.45, Lmax=-141351.70
13:42:06 [ultranest] [DEBUG] iteration=2180, ncalls=3214, regioncalls=113680, ndraw=40, logz=-141407.02, remainder_fraction=100.0000%, Lmin=-141397.67, Lmax=-141351.70
13:42:06 [ultranest] [DEBUG] iteration=2200, ncalls=3239, regioncalls=114680, ndraw=40, logz=-141405.13, remainder_fraction=100.0000%, Lmin=-141396.13, Lmax=-141351.70
13:42:06 [ultranest] [DEBUG] iteration=2222, ncalls=3270, regioncalls=115920, ndraw=40, logz=-141403.36, remainder_fraction=100.0000%, Lmin=-141394.24, Lmax=-141351.70
13:42:06 [ultranest] [DEBUG] iteration=2240, ncalls=3295, regioncalls=116920, ndraw=40, logz=-141401.70, remainder_fraction=100.0000%, Lmin=-141392.22, Lmax=-141351.70
13:42:06 [ultranest] [DEBUG] iteration=2251, ncalls=3308, regioncalls=117440, ndraw=40, logz=-141400.74, remainder_fraction=100.0000%, Lmin=-141391.41, Lmax=-141351.70
13:42:06 [ultranest] [DEBUG] iteration=2273, ncalls=3335, regioncalls=118600, ndraw=40, logz=-141398.40, remainder_fraction=100.0000%, Lmin=-141388.78, Lmax=-141351.70
13:42:06 [ultranest] [DEBUG] iteration=2280, ncalls=3344, regioncalls=118960, ndraw=40, logz=-141397.74, remainder_fraction=100.0000%, Lmin=-141388.32, Lmax=-141351.70
13:42:07 [ultranest] [DEBUG] iteration=2303, ncalls=3373, regioncalls=120120, ndraw=40, logz=-141395.77, remainder_fraction=100.0000%, Lmin=-141386.18, Lmax=-141351.70
13:42:07 [ultranest] [DEBUG] iteration=2320, ncalls=3397, regioncalls=121080, ndraw=40, logz=-141394.45, remainder_fraction=100.0000%, Lmin=-141385.09, Lmax=-141351.70
13:42:07 [ultranest] [DEBUG] iteration=2339, ncalls=3423, regioncalls=122120, ndraw=40, logz=-141392.79, remainder_fraction=100.0000%, Lmin=-141383.16, Lmax=-141351.70
13:42:07 [ultranest] [DEBUG] iteration=2360, ncalls=3450, regioncalls=123200, ndraw=40, logz=-141390.86, remainder_fraction=100.0000%, Lmin=-141381.34, Lmax=-141351.70
13:42:07 [ultranest] [DEBUG] iteration=2377, ncalls=3479, regioncalls=124360, ndraw=40, logz=-141389.16, remainder_fraction=100.0000%, Lmin=-141379.25, Lmax=-141351.70
13:42:07 [ultranest] [DEBUG] iteration=2398, ncalls=3507, regioncalls=125480, ndraw=40, logz=-141387.18, remainder_fraction=100.0000%, Lmin=-141377.49, Lmax=-141351.70
13:42:07 [ultranest] [DEBUG] iteration=2400, ncalls=3509, regioncalls=125560, ndraw=40, logz=-141387.02, remainder_fraction=100.0000%, Lmin=-141377.35, Lmax=-141351.70
13:42:07 [ultranest] [DEBUG] iteration=2419, ncalls=3537, regioncalls=126680, ndraw=40, logz=-141385.49, remainder_fraction=100.0000%, Lmin=-141375.48, Lmax=-141351.70
13:42:07 [ultranest] [DEBUG] iteration=2423, ncalls=3543, regioncalls=126960, ndraw=40, logz=-141385.11, remainder_fraction=100.0000%, Lmin=-141375.29, Lmax=-141351.70
13:42:07 [ultranest] [DEBUG] iteration=2440, ncalls=3564, regioncalls=127840, ndraw=40, logz=-141383.78, remainder_fraction=100.0000%, Lmin=-141374.17, Lmax=-141351.70
13:42:07 [ultranest] [DEBUG] iteration=2459, ncalls=3593, regioncalls=129000, ndraw=40, logz=-141382.65, remainder_fraction=100.0000%, Lmin=-141373.20, Lmax=-141351.70
13:42:07 [ultranest] [DEBUG] iteration=2480, ncalls=3620, regioncalls=130080, ndraw=40, logz=-141381.58, remainder_fraction=100.0000%, Lmin=-141372.20, Lmax=-141351.70
13:42:08 [ultranest] [DEBUG] iteration=2499, ncalls=3649, regioncalls=131240, ndraw=40, logz=-141380.71, remainder_fraction=100.0000%, Lmin=-141371.40, Lmax=-141351.70
13:42:08 [ultranest] [DEBUG] iteration=2509, ncalls=3666, regioncalls=131960, ndraw=40, logz=-141380.28, remainder_fraction=100.0000%, Lmin=-141370.88, Lmax=-141351.64
13:42:08 [ultranest] [DEBUG] iteration=2520, ncalls=3678, regioncalls=132440, ndraw=40, logz=-141379.73, remainder_fraction=100.0000%, Lmin=-141370.02, Lmax=-141351.64
13:42:08 [ultranest] [DEBUG] iteration=2543, ncalls=3707, regioncalls=133600, ndraw=40, logz=-141378.46, remainder_fraction=100.0000%, Lmin=-141368.87, Lmax=-141351.64
13:42:08 [ultranest] [DEBUG] iteration=2560, ncalls=3730, regioncalls=134520, ndraw=40, logz=-141377.66, remainder_fraction=100.0000%, Lmin=-141368.21, Lmax=-141351.64
13:42:08 [ultranest] [DEBUG] iteration=2583, ncalls=3757, regioncalls=135600, ndraw=40, logz=-141376.76, remainder_fraction=100.0000%, Lmin=-141367.42, Lmax=-141351.64
13:42:08 [ultranest] [DEBUG] iteration=2595, ncalls=3773, regioncalls=136280, ndraw=40, logz=-141376.34, remainder_fraction=100.0000%, Lmin=-141366.98, Lmax=-141351.64
13:42:08 [ultranest] [DEBUG] iteration=2600, ncalls=3779, regioncalls=136520, ndraw=40, logz=-141376.17, remainder_fraction=100.0000%, Lmin=-141366.84, Lmax=-141351.64
13:42:08 [ultranest] [DEBUG] iteration=2622, ncalls=3807, regioncalls=137640, ndraw=40, logz=-141375.47, remainder_fraction=99.9999%, Lmin=-141366.28, Lmax=-141351.64
13:42:08 [ultranest] [DEBUG] iteration=2640, ncalls=3832, regioncalls=138640, ndraw=40, logz=-141374.97, remainder_fraction=99.9999%, Lmin=-141365.67, Lmax=-141351.64
13:42:08 [ultranest] [DEBUG] iteration=2661, ncalls=3861, regioncalls=139800, ndraw=40, logz=-141374.35, remainder_fraction=99.9998%, Lmin=-141364.89, Lmax=-141351.64
13:42:08 [ultranest] [DEBUG] iteration=2680, ncalls=3890, regioncalls=140960, ndraw=40, logz=-141373.70, remainder_fraction=99.9996%, Lmin=-141364.03, Lmax=-141351.64
13:42:09 [ultranest] [DEBUG] iteration=2698, ncalls=3916, regioncalls=142000, ndraw=40, logz=-141373.04, remainder_fraction=99.9992%, Lmin=-141363.49, Lmax=-141351.64
13:42:09 [ultranest] [DEBUG] iteration=2719, ncalls=3944, regioncalls=143120, ndraw=40, logz=-141372.42, remainder_fraction=99.9985%, Lmin=-141362.97, Lmax=-141351.64
13:42:09 [ultranest] [DEBUG] iteration=2720, ncalls=3946, regioncalls=143200, ndraw=40, logz=-141372.39, remainder_fraction=99.9985%, Lmin=-141362.97, Lmax=-141351.64
13:42:09 [ultranest] [DEBUG] iteration=2739, ncalls=3974, regioncalls=144320, ndraw=40, logz=-141371.88, remainder_fraction=99.9974%, Lmin=-141362.49, Lmax=-141351.64
13:42:09 [ultranest] [DEBUG] iteration=2756, ncalls=4003, regioncalls=145480, ndraw=40, logz=-141371.43, remainder_fraction=99.9961%, Lmin=-141361.81, Lmax=-141351.64
13:42:09 [ultranest] [DEBUG] iteration=2760, ncalls=4010, regioncalls=145760, ndraw=40, logz=-141371.31, remainder_fraction=99.9956%, Lmin=-141361.77, Lmax=-141351.64
13:42:09 [ultranest] [DEBUG] iteration=2767, ncalls=4019, regioncalls=146160, ndraw=40, logz=-141371.13, remainder_fraction=99.9947%, Lmin=-141361.69, Lmax=-141351.64
13:42:09 [ultranest] [DEBUG] iteration=2790, ncalls=4047, regioncalls=147280, ndraw=40, logz=-141370.61, remainder_fraction=99.9909%, Lmin=-141361.25, Lmax=-141351.64
13:42:09 [ultranest] [DEBUG] iteration=2800, ncalls=4064, regioncalls=147960, ndraw=40, logz=-141370.40, remainder_fraction=99.9887%, Lmin=-141361.06, Lmax=-141351.64
13:42:09 [ultranest] [DEBUG] iteration=2822, ncalls=4092, regioncalls=149080, ndraw=40, logz=-141369.92, remainder_fraction=99.9816%, Lmin=-141360.42, Lmax=-141351.64
13:42:09 [ultranest] [DEBUG] iteration=2840, ncalls=4115, regioncalls=150000, ndraw=40, logz=-141369.50, remainder_fraction=99.9720%, Lmin=-141359.94, Lmax=-141351.64
13:42:09 [ultranest] [DEBUG] iteration=2853, ncalls=4131, regioncalls=150680, ndraw=40, logz=-141369.22, remainder_fraction=99.9625%, Lmin=-141359.68, Lmax=-141351.64
13:42:09 [ultranest] [DEBUG] iteration=2877, ncalls=4159, regioncalls=151800, ndraw=40, logz=-141368.72, remainder_fraction=99.9365%, Lmin=-141359.23, Lmax=-141351.64
13:42:10 [ultranest] [DEBUG] iteration=2880, ncalls=4162, regioncalls=151920, ndraw=40, logz=-141368.66, remainder_fraction=99.9325%, Lmin=-141359.20, Lmax=-141351.64
13:42:10 [ultranest] [DEBUG] iteration=2904, ncalls=4189, regioncalls=153000, ndraw=40, logz=-141368.23, remainder_fraction=99.8995%, Lmin=-141358.78, Lmax=-141351.64
13:42:10 [ultranest] [DEBUG] iteration=2920, ncalls=4207, regioncalls=153720, ndraw=40, logz=-141367.98, remainder_fraction=99.8739%, Lmin=-141358.63, Lmax=-141351.64
13:42:10 [ultranest] [DEBUG] iteration=2939, ncalls=4231, regioncalls=154720, ndraw=40, logz=-141367.70, remainder_fraction=99.8336%, Lmin=-141358.30, Lmax=-141351.64
13:42:10 [ultranest] [DEBUG] iteration=2960, ncalls=4258, regioncalls=155800, ndraw=40, logz=-141367.36, remainder_fraction=99.7764%, Lmin=-141357.83, Lmax=-141351.64
13:42:10 [ultranest] [DEBUG] iteration=2982, ncalls=4285, regioncalls=156880, ndraw=40, logz=-141367.01, remainder_fraction=99.6881%, Lmin=-141357.50, Lmax=-141351.64
13:42:10 [ultranest] [DEBUG] iteration=3000, ncalls=4306, regioncalls=157720, ndraw=40, logz=-141366.73, remainder_fraction=99.5835%, Lmin=-141357.10, Lmax=-141351.64
13:42:10 [ultranest] [DEBUG] iteration=3021, ncalls=4335, regioncalls=158920, ndraw=40, logz=-141366.42, remainder_fraction=99.4310%, Lmin=-141356.88, Lmax=-141351.64
13:42:10 [ultranest] [DEBUG] iteration=3040, ncalls=4363, regioncalls=160040, ndraw=40, logz=-141366.16, remainder_fraction=99.2606%, Lmin=-141356.67, Lmax=-141351.64
13:42:10 [ultranest] [DEBUG] iteration=3059, ncalls=4392, regioncalls=161200, ndraw=40, logz=-141365.94, remainder_fraction=99.1038%, Lmin=-141356.52, Lmax=-141351.64
13:42:10 [ultranest] [DEBUG] iteration=3080, ncalls=4420, regioncalls=162320, ndraw=40, logz=-141365.70, remainder_fraction=98.8789%, Lmin=-141356.25, Lmax=-141351.64
13:42:11 [ultranest] [DEBUG] iteration=3096, ncalls=4450, regioncalls=163520, ndraw=40, logz=-141365.52, remainder_fraction=98.6764%, Lmin=-141356.06, Lmax=-141351.64
13:42:11 [ultranest] [DEBUG] iteration=3111, ncalls=4466, regioncalls=164320, ndraw=40, logz=-141365.37, remainder_fraction=98.4500%, Lmin=-141355.92, Lmax=-141351.64
13:42:11 [ultranest] [DEBUG] iteration=3120, ncalls=4479, regioncalls=164840, ndraw=40, logz=-141365.27, remainder_fraction=98.3158%, Lmin=-141355.81, Lmax=-141351.64
13:42:11 [ultranest] [DEBUG] iteration=3144, ncalls=4507, regioncalls=165960, ndraw=40, logz=-141365.04, remainder_fraction=97.8356%, Lmin=-141355.53, Lmax=-141351.64
13:42:11 [ultranest] [DEBUG] iteration=3160, ncalls=4525, regioncalls=166680, ndraw=40, logz=-141364.89, remainder_fraction=97.4917%, Lmin=-141355.44, Lmax=-141351.64
13:42:11 [ultranest] [DEBUG] iteration=3184, ncalls=4555, regioncalls=167880, ndraw=40, logz=-141364.68, remainder_fraction=96.9701%, Lmin=-141355.22, Lmax=-141351.64
13:42:11 [ultranest] [DEBUG] iteration=3200, ncalls=4580, regioncalls=168880, ndraw=40, logz=-141364.54, remainder_fraction=96.5059%, Lmin=-141355.05, Lmax=-141351.64
13:42:11 [ultranest] [DEBUG] iteration=3220, ncalls=4608, regioncalls=170000, ndraw=40, logz=-141364.38, remainder_fraction=95.8713%, Lmin=-141354.87, Lmax=-141351.64
13:42:11 [ultranest] [DEBUG] iteration=3240, ncalls=4635, regioncalls=171080, ndraw=40, logz=-141364.22, remainder_fraction=95.3086%, Lmin=-141354.73, Lmax=-141351.64
13:42:11 [ultranest] [DEBUG] iteration=3259, ncalls=4670, regioncalls=172480, ndraw=40, logz=-141364.09, remainder_fraction=94.6197%, Lmin=-141354.66, Lmax=-141351.64
13:42:11 [ultranest] [DEBUG] iteration=3280, ncalls=4697, regioncalls=173560, ndraw=40, logz=-141363.94, remainder_fraction=93.8164%, Lmin=-141354.47, Lmax=-141351.64
13:42:12 [ultranest] [DEBUG] iteration=3296, ncalls=4724, regioncalls=174640, ndraw=40, logz=-141363.84, remainder_fraction=93.0871%, Lmin=-141354.36, Lmax=-141351.64
13:42:12 [ultranest] [DEBUG] iteration=3315, ncalls=4753, regioncalls=175800, ndraw=40, logz=-141363.72, remainder_fraction=92.2260%, Lmin=-141354.22, Lmax=-141351.64
13:42:12 [ultranest] [DEBUG] iteration=3320, ncalls=4759, regioncalls=176040, ndraw=40, logz=-141363.68, remainder_fraction=91.9902%, Lmin=-141354.17, Lmax=-141351.64
13:42:12 [ultranest] [DEBUG] iteration=3339, ncalls=4789, regioncalls=177240, ndraw=40, logz=-141363.57, remainder_fraction=90.9772%, Lmin=-141354.04, Lmax=-141351.64
13:42:12 [ultranest] [DEBUG] iteration=3355, ncalls=4818, regioncalls=178400, ndraw=40, logz=-141363.47, remainder_fraction=90.0904%, Lmin=-141353.94, Lmax=-141351.64
13:42:12 [ultranest] [DEBUG] iteration=3360, ncalls=4825, regioncalls=178680, ndraw=40, logz=-141363.44, remainder_fraction=89.8243%, Lmin=-141353.86, Lmax=-141351.64
13:42:12 [ultranest] [DEBUG] iteration=3369, ncalls=4836, regioncalls=179160, ndraw=40, logz=-141363.39, remainder_fraction=89.1694%, Lmin=-141353.82, Lmax=-141351.64
13:42:12 [ultranest] [DEBUG] iteration=3395, ncalls=4862, regioncalls=180200, ndraw=40, logz=-141363.24, remainder_fraction=87.3318%, Lmin=-141353.68, Lmax=-141351.64
13:42:12 [ultranest] [DEBUG] iteration=3400, ncalls=4868, regioncalls=180440, ndraw=40, logz=-141363.21, remainder_fraction=86.8988%, Lmin=-141353.66, Lmax=-141351.64
13:42:12 [ultranest] [DEBUG] iteration=3423, ncalls=4895, regioncalls=181520, ndraw=40, logz=-141363.10, remainder_fraction=85.3089%, Lmin=-141353.56, Lmax=-141351.64
13:42:12 [ultranest] [DEBUG] iteration=3440, ncalls=4917, regioncalls=182400, ndraw=40, logz=-141363.01, remainder_fraction=83.9825%, Lmin=-141353.49, Lmax=-141351.64
13:42:12 [ultranest] [DEBUG] iteration=3455, ncalls=4934, regioncalls=183200, ndraw=40, logz=-141362.95, remainder_fraction=82.8930%, Lmin=-141353.43, Lmax=-141351.64
13:42:12 [ultranest] [DEBUG] iteration=3477, ncalls=4961, regioncalls=184280, ndraw=40, logz=-141362.85, remainder_fraction=81.1510%, Lmin=-141353.35, Lmax=-141351.64
13:42:12 [ultranest] [DEBUG] iteration=3480, ncalls=4964, regioncalls=184400, ndraw=40, logz=-141362.84, remainder_fraction=80.9566%, Lmin=-141353.35, Lmax=-141351.64
13:42:13 [ultranest] [DEBUG] iteration=3500, ncalls=4993, regioncalls=185560, ndraw=40, logz=-141362.76, remainder_fraction=79.2891%, Lmin=-141353.26, Lmax=-141351.64
13:42:13 [ultranest] [DEBUG] iteration=3520, ncalls=5018, regioncalls=186560, ndraw=40, logz=-141362.68, remainder_fraction=77.6680%, Lmin=-141353.17, Lmax=-141351.64
13:42:13 [ultranest] [DEBUG] iteration=3539, ncalls=5046, regioncalls=187680, ndraw=40, logz=-141362.61, remainder_fraction=76.0193%, Lmin=-141353.11, Lmax=-141351.64
13:42:13 [ultranest] [DEBUG] iteration=3541, ncalls=5049, regioncalls=187960, ndraw=40, logz=-141362.61, remainder_fraction=75.8632%, Lmin=-141353.10, Lmax=-141351.64
13:42:13 [ultranest] [DEBUG] iteration=3560, ncalls=5073, regioncalls=188960, ndraw=40, logz=-141362.54, remainder_fraction=74.2317%, Lmin=-141353.00, Lmax=-141351.64
13:42:13 [ultranest] [DEBUG] iteration=3584, ncalls=5100, regioncalls=190040, ndraw=40, logz=-141362.46, remainder_fraction=72.2774%, Lmin=-141352.92, Lmax=-141351.64
13:42:13 [ultranest] [DEBUG] iteration=3600, ncalls=5123, regioncalls=190960, ndraw=40, logz=-141362.41, remainder_fraction=70.7582%, Lmin=-141352.85, Lmax=-141351.64
13:42:13 [ultranest] [DEBUG] iteration=3621, ncalls=5151, regioncalls=192080, ndraw=40, logz=-141362.34, remainder_fraction=68.8954%, Lmin=-141352.79, Lmax=-141351.64
13:42:13 [ultranest] [DEBUG] iteration=3627, ncalls=5157, regioncalls=192360, ndraw=40, logz=-141362.32, remainder_fraction=68.3495%, Lmin=-141352.77, Lmax=-141351.64
13:42:13 [ultranest] [DEBUG] iteration=3640, ncalls=5174, regioncalls=193040, ndraw=40, logz=-141362.29, remainder_fraction=67.2403%, Lmin=-141352.73, Lmax=-141351.64
13:42:13 [ultranest] [DEBUG] iteration=3665, ncalls=5201, regioncalls=194120, ndraw=40, logz=-141362.22, remainder_fraction=64.7361%, Lmin=-141352.64, Lmax=-141351.64
13:42:13 [ultranest] [DEBUG] iteration=3680, ncalls=5221, regioncalls=194920, ndraw=40, logz=-141362.18, remainder_fraction=63.3178%, Lmin=-141352.61, Lmax=-141351.64
13:42:14 [ultranest] [DEBUG] iteration=3700, ncalls=5249, regioncalls=196040, ndraw=40, logz=-141362.12, remainder_fraction=61.4439%, Lmin=-141352.54, Lmax=-141351.64
13:42:14 [ultranest] [DEBUG] iteration=3713, ncalls=5268, regioncalls=196840, ndraw=40, logz=-141362.09, remainder_fraction=60.1353%, Lmin=-141352.49, Lmax=-141351.64
13:42:14 [ultranest] [DEBUG] iteration=3720, ncalls=5275, regioncalls=197120, ndraw=40, logz=-141362.07, remainder_fraction=59.4216%, Lmin=-141352.48, Lmax=-141351.64
13:42:14 [ultranest] [DEBUG] iteration=3746, ncalls=5302, regioncalls=198200, ndraw=40, logz=-141362.01, remainder_fraction=56.9421%, Lmin=-141352.41, Lmax=-141351.64
13:42:14 [ultranest] [DEBUG] iteration=3760, ncalls=5321, regioncalls=198960, ndraw=40, logz=-141361.98, remainder_fraction=55.5508%, Lmin=-141352.40, Lmax=-141351.64
13:42:14 [ultranest] [DEBUG] iteration=3782, ncalls=5348, regioncalls=200040, ndraw=40, logz=-141361.94, remainder_fraction=53.3618%, Lmin=-141352.36, Lmax=-141351.64
13:42:14 [ultranest] [DEBUG] iteration=3798, ncalls=5379, regioncalls=201280, ndraw=40, logz=-141361.90, remainder_fraction=51.8964%, Lmin=-141352.33, Lmax=-141351.64
13:42:14 [ultranest] [DEBUG] iteration=3799, ncalls=5380, regioncalls=201400, ndraw=40, logz=-141361.90, remainder_fraction=51.7847%, Lmin=-141352.33, Lmax=-141351.64
13:42:14 [ultranest] [DEBUG] iteration=3800, ncalls=5381, regioncalls=201440, ndraw=40, logz=-141361.90, remainder_fraction=51.6800%, Lmin=-141352.33, Lmax=-141351.64
13:42:14 [ultranest] [DEBUG] iteration=3822, ncalls=5408, regioncalls=202520, ndraw=40, logz=-141361.86, remainder_fraction=49.5672%, Lmin=-141352.28, Lmax=-141351.64
13:42:14 [ultranest] [DEBUG] iteration=3840, ncalls=5432, regioncalls=203480, ndraw=40, logz=-141361.83, remainder_fraction=47.9107%, Lmin=-141352.25, Lmax=-141351.64
13:42:14 [ultranest] [DEBUG] iteration=3862, ncalls=5460, regioncalls=204600, ndraw=40, logz=-141361.79, remainder_fraction=45.9149%, Lmin=-141352.22, Lmax=-141351.64
13:42:14 [ultranest] [DEBUG] iteration=3880, ncalls=5484, regioncalls=205560, ndraw=40, logz=-141361.76, remainder_fraction=44.3154%, Lmin=-141352.20, Lmax=-141351.64
13:42:14 [ultranest] [DEBUG] iteration=3885, ncalls=5490, regioncalls=205880, ndraw=40, logz=-141361.75, remainder_fraction=43.8718%, Lmin=-141352.20, Lmax=-141351.64
13:42:15 [ultranest] [DEBUG] iteration=3910, ncalls=5517, regioncalls=206960, ndraw=40, logz=-141361.72, remainder_fraction=41.8246%, Lmin=-141352.17, Lmax=-141351.64
13:42:15 [ultranest] [DEBUG] iteration=3920, ncalls=5531, regioncalls=207520, ndraw=40, logz=-141361.70, remainder_fraction=40.9737%, Lmin=-141352.17, Lmax=-141351.64
13:42:15 [ultranest] [DEBUG] iteration=3943, ncalls=5559, regioncalls=208640, ndraw=40, logz=-141361.67, remainder_fraction=39.1538%, Lmin=-141352.14, Lmax=-141351.64
13:42:15 [ultranest] [DEBUG] iteration=3960, ncalls=5584, regioncalls=209640, ndraw=40, logz=-141361.65, remainder_fraction=37.8195%, Lmin=-141352.11, Lmax=-141351.64
13:42:15 [ultranest] [DEBUG] iteration=3971, ncalls=5597, regioncalls=210200, ndraw=40, logz=-141361.64, remainder_fraction=36.9762%, Lmin=-141352.09, Lmax=-141351.64
13:42:15 [ultranest] [DEBUG] iteration=3993, ncalls=5625, regioncalls=211320, ndraw=40, logz=-141361.61, remainder_fraction=35.2995%, Lmin=-141352.07, Lmax=-141351.64
13:42:15 [ultranest] [DEBUG] iteration=4000, ncalls=5633, regioncalls=211640, ndraw=40, logz=-141361.60, remainder_fraction=34.7613%, Lmin=-141352.06, Lmax=-141351.64
13:42:15 [ultranest] [DEBUG] iteration=4022, ncalls=5660, regioncalls=212720, ndraw=40, logz=-141361.58, remainder_fraction=33.1789%, Lmin=-141352.05, Lmax=-141351.64
13:42:15 [ultranest] [DEBUG] iteration=4040, ncalls=5686, regioncalls=213760, ndraw=40, logz=-141361.56, remainder_fraction=31.9488%, Lmin=-141352.02, Lmax=-141351.64
13:42:15 [ultranest] [DEBUG] iteration=4057, ncalls=5710, regioncalls=214800, ndraw=40, logz=-141361.55, remainder_fraction=30.8254%, Lmin=-141352.01, Lmax=-141351.64
13:42:15 [ultranest] [DEBUG] iteration=4080, ncalls=5737, regioncalls=215920, ndraw=40, logz=-141361.52, remainder_fraction=29.3180%, Lmin=-141351.99, Lmax=-141351.64
13:42:15 [ultranest] [DEBUG] iteration=4103, ncalls=5764, regioncalls=217040, ndraw=40, logz=-141361.50, remainder_fraction=27.8689%, Lmin=-141351.97, Lmax=-141351.64
13:42:16 [ultranest] [DEBUG] iteration=4120, ncalls=5783, regioncalls=217800, ndraw=40, logz=-141361.49, remainder_fraction=26.8588%, Lmin=-141351.95, Lmax=-141351.64
13:42:16 [ultranest] [DEBUG] iteration=4141, ncalls=5811, regioncalls=218920, ndraw=40, logz=-141361.47, remainder_fraction=25.6456%, Lmin=-141351.93, Lmax=-141351.64
13:42:16 [ultranest] [DEBUG] iteration=4143, ncalls=5813, regioncalls=219040, ndraw=40, logz=-141361.47, remainder_fraction=25.5314%, Lmin=-141351.93, Lmax=-141351.64
13:42:16 [ultranest] [DEBUG] iteration=4160, ncalls=5835, regioncalls=219920, ndraw=40, logz=-141361.46, remainder_fraction=24.5784%, Lmin=-141351.92, Lmax=-141351.64
13:42:16 [ultranest] [DEBUG] iteration=4179, ncalls=5865, regioncalls=221120, ndraw=40, logz=-141361.45, remainder_fraction=23.5631%, Lmin=-141351.91, Lmax=-141351.64
13:42:16 [ultranest] [DEBUG] iteration=4200, ncalls=5888, regioncalls=222040, ndraw=40, logz=-141361.43, remainder_fraction=22.4841%, Lmin=-141351.89, Lmax=-141351.64
13:42:16 [ultranest] [DEBUG] iteration=4221, ncalls=5916, regioncalls=223160, ndraw=40, logz=-141361.42, remainder_fraction=21.4510%, Lmin=-141351.88, Lmax=-141351.64
13:42:16 [ultranest] [DEBUG] iteration=4229, ncalls=5928, regioncalls=223840, ndraw=40, logz=-141361.41, remainder_fraction=21.0635%, Lmin=-141351.88, Lmax=-141351.64
13:42:16 [ultranest] [DEBUG] iteration=4240, ncalls=5942, regioncalls=224400, ndraw=40, logz=-141361.41, remainder_fraction=20.5279%, Lmin=-141351.87, Lmax=-141351.64
13:42:16 [ultranest] [DEBUG] iteration=4265, ncalls=5969, regioncalls=225480, ndraw=40, logz=-141361.39, remainder_fraction=19.3856%, Lmin=-141351.85, Lmax=-141351.64
13:42:16 [ultranest] [DEBUG] iteration=4280, ncalls=5990, regioncalls=226320, ndraw=40, logz=-141361.38, remainder_fraction=18.7061%, Lmin=-141351.84, Lmax=-141351.64
13:42:16 [ultranest] [DEBUG] iteration=4300, ncalls=6018, regioncalls=227440, ndraw=40, logz=-141361.37, remainder_fraction=17.8416%, Lmin=-141351.83, Lmax=-141351.64
13:42:17 [ultranest] [DEBUG] iteration=4315, ncalls=6041, regioncalls=228400, ndraw=40, logz=-141361.37, remainder_fraction=17.2220%, Lmin=-141351.82, Lmax=-141351.64
13:42:17 [ultranest] [DEBUG] iteration=4320, ncalls=6047, regioncalls=228640, ndraw=40, logz=-141361.36, remainder_fraction=17.0121%, Lmin=-141351.82, Lmax=-141351.64
13:42:17 [ultranest] [DEBUG] iteration=4343, ncalls=6074, regioncalls=229920, ndraw=40, logz=-141361.35, remainder_fraction=16.1088%, Lmin=-141351.81, Lmax=-141351.64
13:42:17 [ultranest] [DEBUG] iteration=4360, ncalls=6096, regioncalls=230800, ndraw=40, logz=-141361.34, remainder_fraction=15.4673%, Lmin=-141351.80, Lmax=-141351.64
13:42:17 [ultranest] [DEBUG] iteration=4381, ncalls=6126, regioncalls=232000, ndraw=40, logz=-141361.34, remainder_fraction=14.7063%, Lmin=-141351.79, Lmax=-141351.64
13:42:17 [ultranest] [DEBUG] iteration=4400, ncalls=6150, regioncalls=232960, ndraw=40, logz=-141361.33, remainder_fraction=14.0368%, Lmin=-141351.79, Lmax=-141351.64
13:42:17 [ultranest] [DEBUG] iteration=4401, ncalls=6151, regioncalls=233080, ndraw=40, logz=-141361.33, remainder_fraction=14.0029%, Lmin=-141351.79, Lmax=-141351.64
13:42:17 [ultranest] [DEBUG] iteration=4423, ncalls=6179, regioncalls=234200, ndraw=40, logz=-141361.32, remainder_fraction=13.2782%, Lmin=-141351.78, Lmax=-141351.64
13:42:17 [ultranest] [DEBUG] iteration=4440, ncalls=6200, regioncalls=235040, ndraw=40, logz=-141361.31, remainder_fraction=12.7473%, Lmin=-141351.77, Lmax=-141351.64
13:42:17 [ultranest] [DEBUG] iteration=4461, ncalls=6228, regioncalls=236160, ndraw=40, logz=-141361.31, remainder_fraction=12.1149%, Lmin=-141351.77, Lmax=-141351.64
13:42:17 [ultranest] [DEBUG] iteration=4480, ncalls=6252, regioncalls=237120, ndraw=40, logz=-141361.30, remainder_fraction=11.5649%, Lmin=-141351.76, Lmax=-141351.64
13:42:17 [ultranest] [DEBUG] iteration=4487, ncalls=6259, regioncalls=237440, ndraw=40, logz=-141361.30, remainder_fraction=11.3700%, Lmin=-141351.76, Lmax=-141351.64
13:42:17 [ultranest] [DEBUG] iteration=4512, ncalls=6285, regioncalls=238600, ndraw=40, logz=-141361.29, remainder_fraction=10.7003%, Lmin=-141351.75, Lmax=-141351.64
13:42:17 [ultranest] [DEBUG] iteration=4520, ncalls=6294, regioncalls=238960, ndraw=40, logz=-141361.29, remainder_fraction=10.4936%, Lmin=-141351.75, Lmax=-141351.64
13:42:18 [ultranest] [DEBUG] iteration=4543, ncalls=6321, regioncalls=240040, ndraw=40, logz=-141361.28, remainder_fraction=9.9164%, Lmin=-141351.74, Lmax=-141351.64
13:42:18 [ultranest] [DEBUG] iteration=4560, ncalls=6339, regioncalls=240760, ndraw=40, logz=-141361.28, remainder_fraction=9.5108%, Lmin=-141351.74, Lmax=-141351.64
13:42:18 [ultranest] [DEBUG] iteration=4573, ncalls=6356, regioncalls=241520, ndraw=40, logz=-141361.27, remainder_fraction=9.2061%, Lmin=-141351.73, Lmax=-141351.64
13:42:18 [ultranest] [DEBUG] iteration=4597, ncalls=6383, regioncalls=242600, ndraw=40, logz=-141361.27, remainder_fraction=8.6737%, Lmin=-141351.73, Lmax=-141351.64
13:42:18 [ultranest] [DEBUG] iteration=4600, ncalls=6386, regioncalls=242720, ndraw=40, logz=-141361.27, remainder_fraction=8.6092%, Lmin=-141351.73, Lmax=-141351.64
13:42:18 [ultranest] [DEBUG] iteration=4619, ncalls=6415, regioncalls=243880, ndraw=40, logz=-141361.26, remainder_fraction=8.2127%, Lmin=-141351.72, Lmax=-141351.64
13:42:18 [ultranest] [DEBUG] iteration=4640, ncalls=6442, regioncalls=244960, ndraw=40, logz=-141361.26, remainder_fraction=7.7913%, Lmin=-141351.72, Lmax=-141351.64
13:42:18 [ultranest] [DEBUG] iteration=4659, ncalls=6464, regioncalls=245920, ndraw=40, logz=-141361.25, remainder_fraction=7.4324%, Lmin=-141351.71, Lmax=-141351.64
13:42:18 [ultranest] [DEBUG] iteration=4680, ncalls=6488, regioncalls=246880, ndraw=40, logz=-141361.25, remainder_fraction=7.0514%, Lmin=-141351.71, Lmax=-141351.64
13:42:18 [ultranest] [DEBUG] iteration=4704, ncalls=6516, regioncalls=248000, ndraw=40, logz=-141361.25, remainder_fraction=6.6435%, Lmin=-141351.70, Lmax=-141351.64
13:42:18 [ultranest] [DEBUG] iteration=4720, ncalls=6533, regioncalls=248680, ndraw=40, logz=-141361.24, remainder_fraction=6.3829%, Lmin=-141351.70, Lmax=-141351.64
13:42:18 [ultranest] [DEBUG] iteration=4744, ncalls=6560, regioncalls=249760, ndraw=40, logz=-141361.24, remainder_fraction=6.0094%, Lmin=-141351.70, Lmax=-141351.64
13:42:18 [ultranest] [DEBUG] iteration=4745, ncalls=6561, regioncalls=249920, ndraw=40, logz=-141361.24, remainder_fraction=5.9941%, Lmin=-141351.70, Lmax=-141351.64
13:42:19 [ultranest] [DEBUG] iteration=4760, ncalls=6579, regioncalls=250640, ndraw=40, logz=-141361.24, remainder_fraction=5.7726%, Lmin=-141351.69, Lmax=-141351.64
13:42:19 [ultranest] [DEBUG] iteration=4779, ncalls=6608, regioncalls=251800, ndraw=40, logz=-141361.23, remainder_fraction=5.5013%, Lmin=-141351.69, Lmax=-141351.64
13:42:19 [ultranest] [DEBUG] iteration=4800, ncalls=6635, regioncalls=252880, ndraw=40, logz=-141361.23, remainder_fraction=5.2165%, Lmin=-141351.69, Lmax=-141351.64
13:42:19 [ultranest] [DEBUG] iteration=4818, ncalls=6664, regioncalls=254040, ndraw=40, logz=-141361.23, remainder_fraction=4.9853%, Lmin=-141351.69, Lmax=-141351.64
13:42:19 [ultranest] [DEBUG] iteration=4831, ncalls=6684, regioncalls=254880, ndraw=40, logz=-141361.23, remainder_fraction=4.8239%, Lmin=-141351.68, Lmax=-141351.64
13:42:19 [ultranest] [DEBUG] iteration=4840, ncalls=6695, regioncalls=255360, ndraw=40, logz=-141361.22, remainder_fraction=4.7151%, Lmin=-141351.68, Lmax=-141351.64
13:42:19 [ultranest] [DEBUG] iteration=4862, ncalls=6722, regioncalls=256440, ndraw=40, logz=-141361.22, remainder_fraction=4.4583%, Lmin=-141351.68, Lmax=-141351.64
13:42:19 [ultranest] [DEBUG] iteration=4880, ncalls=6749, regioncalls=257520, ndraw=40, logz=-141361.22, remainder_fraction=4.2588%, Lmin=-141351.68, Lmax=-141351.64
13:42:19 [ultranest] [DEBUG] iteration=4905, ncalls=6776, regioncalls=258600, ndraw=40, logz=-141361.22, remainder_fraction=3.9959%, Lmin=-141351.68, Lmax=-141351.64
13:42:19 [ultranest] [DEBUG] iteration=4917, ncalls=6790, regioncalls=259200, ndraw=40, logz=-141361.22, remainder_fraction=3.8750%, Lmin=-141351.67, Lmax=-141351.64
13:42:19 [ultranest] [DEBUG] iteration=4920, ncalls=6795, regioncalls=259400, ndraw=40, logz=-141361.22, remainder_fraction=3.8453%, Lmin=-141351.67, Lmax=-141351.64
13:42:19 [ultranest] [DEBUG] iteration=4939, ncalls=6823, regioncalls=260520, ndraw=40, logz=-141361.21, remainder_fraction=3.6633%, Lmin=-141351.67, Lmax=-141351.64
13:42:20 [ultranest] [DEBUG] iteration=4960, ncalls=6851, regioncalls=261640, ndraw=40, logz=-141361.21, remainder_fraction=3.4723%, Lmin=-141351.67, Lmax=-141351.64
13:42:20 [ultranest] [DEBUG] iteration=4982, ncalls=6879, regioncalls=262760, ndraw=40, logz=-141361.21, remainder_fraction=3.2819%, Lmin=-141351.67, Lmax=-141351.64
13:42:20 [ultranest] [DEBUG] iteration=5000, ncalls=6905, regioncalls=263800, ndraw=40, logz=-141361.21, remainder_fraction=3.1342%, Lmin=-141351.67, Lmax=-141351.64
13:42:20 [ultranest] [DEBUG] iteration=5003, ncalls=6909, regioncalls=264000, ndraw=40, logz=-141361.21, remainder_fraction=3.1102%, Lmin=-141351.67, Lmax=-141351.64
13:42:20 [ultranest] [DEBUG] iteration=5026, ncalls=6936, regioncalls=265120, ndraw=40, logz=-141361.21, remainder_fraction=2.9321%, Lmin=-141351.67, Lmax=-141351.64
13:42:20 [ultranest] [DEBUG] iteration=5040, ncalls=6952, regioncalls=265760, ndraw=40, logz=-141361.21, remainder_fraction=2.8292%, Lmin=-141351.66, Lmax=-141351.64
13:42:20 [ultranest] [DEBUG] iteration=5061, ncalls=6980, regioncalls=266880, ndraw=40, logz=-141361.20, remainder_fraction=2.6807%, Lmin=-141351.66, Lmax=-141351.64
13:42:20 [ultranest] [DEBUG] iteration=5080, ncalls=7002, regioncalls=267760, ndraw=40, logz=-141361.20, remainder_fraction=2.5533%, Lmin=-141351.66, Lmax=-141351.64
13:42:20 [ultranest] [DEBUG] iteration=5089, ncalls=7013, regioncalls=268280, ndraw=40, logz=-141361.20, remainder_fraction=2.4947%, Lmin=-141351.66, Lmax=-141351.64
13:42:20 [ultranest] [DEBUG] iteration=5109, ncalls=7039, regioncalls=269360, ndraw=40, logz=-141361.20, remainder_fraction=2.3695%, Lmin=-141351.66, Lmax=-141351.64
13:42:20 [ultranest] [DEBUG] iteration=5120, ncalls=7052, regioncalls=269880, ndraw=40, logz=-141361.20, remainder_fraction=2.3035%, Lmin=-141351.66, Lmax=-141351.64
13:42:20 [ultranest] [DEBUG] iteration=5142, ncalls=7080, regioncalls=271000, ndraw=40, logz=-141361.20, remainder_fraction=2.1767%, Lmin=-141351.66, Lmax=-141351.64
13:42:21 [ultranest] [DEBUG] iteration=5160, ncalls=7109, regioncalls=272160, ndraw=40, logz=-141361.20, remainder_fraction=2.0779%, Lmin=-141351.66, Lmax=-141351.64
13:42:21 [ultranest] [DEBUG] iteration=5179, ncalls=7135, regioncalls=273200, ndraw=40, logz=-141361.20, remainder_fraction=1.9787%, Lmin=-141351.66, Lmax=-141351.64
13:42:21 [ultranest] [DEBUG] iteration=5200, ncalls=7160, regioncalls=274200, ndraw=40, logz=-141361.20, remainder_fraction=1.8745%, Lmin=-141351.66, Lmax=-141351.64
13:42:21 [ultranest] [DEBUG] iteration=5221, ncalls=7188, regioncalls=275320, ndraw=40, logz=-141361.19, remainder_fraction=1.7758%, Lmin=-141351.66, Lmax=-141351.64
13:42:21 [ultranest] [DEBUG] iteration=5239, ncalls=7218, regioncalls=276520, ndraw=40, logz=-141361.19, remainder_fraction=1.6953%, Lmin=-141351.65, Lmax=-141351.64
13:42:21 [ultranest] [DEBUG] iteration=5240, ncalls=7219, regioncalls=276560, ndraw=40, logz=-141361.19, remainder_fraction=1.6909%, Lmin=-141351.65, Lmax=-141351.64
13:42:21 [ultranest] [DEBUG] iteration=5261, ncalls=7246, regioncalls=277640, ndraw=40, logz=-141361.19, remainder_fraction=1.6017%, Lmin=-141351.65, Lmax=-141351.64
13:42:21 [ultranest] [DEBUG] iteration=5280, ncalls=7272, regioncalls=278680, ndraw=40, logz=-141361.19, remainder_fraction=1.5251%, Lmin=-141351.65, Lmax=-141351.64
13:42:21 [ultranest] [DEBUG] iteration=5302, ncalls=7299, regioncalls=279760, ndraw=40, logz=-141361.19, remainder_fraction=1.4410%, Lmin=-141351.65, Lmax=-141351.64
13:42:21 [ultranest] [DEBUG] iteration=5320, ncalls=7322, regioncalls=280680, ndraw=40, logz=-141361.19, remainder_fraction=1.3757%, Lmin=-141351.65, Lmax=-141351.64
13:42:21 [ultranest] [DEBUG] iteration=5340, ncalls=7350, regioncalls=281800, ndraw=40, logz=-141361.19, remainder_fraction=1.3064%, Lmin=-141351.65, Lmax=-141351.64
13:42:21 [ultranest] [DEBUG] iteration=5347, ncalls=7361, regioncalls=282280, ndraw=40, logz=-141361.19, remainder_fraction=1.2830%, Lmin=-141351.65, Lmax=-141351.64
13:42:22 [ultranest] [DEBUG] iteration=5360, ncalls=7378, regioncalls=283000, ndraw=40, logz=-141361.19, remainder_fraction=1.2406%, Lmin=-141351.65, Lmax=-141351.64
13:42:22 [ultranest] [DEBUG] iteration=5377, ncalls=7407, regioncalls=284160, ndraw=40, logz=-141361.19, remainder_fraction=1.1872%, Lmin=-141351.65, Lmax=-141351.64
13:42:22 [ultranest] [DEBUG] iteration=5395, ncalls=7435, regioncalls=285280, ndraw=40, logz=-141361.19, remainder_fraction=1.1334%, Lmin=-141351.65, Lmax=-141351.64
13:42:22 [ultranest] [DEBUG] iteration=5400, ncalls=7444, regioncalls=285640, ndraw=40, logz=-141361.19, remainder_fraction=1.1188%, Lmin=-141351.65, Lmax=-141351.64
13:42:22 [ultranest] [DEBUG] iteration=5420, ncalls=7472, regioncalls=286760, ndraw=40, logz=-141361.19, remainder_fraction=1.0624%, Lmin=-141351.65, Lmax=-141351.64
13:42:22 [ultranest] [DEBUG] iteration=5440, ncalls=7498, regioncalls=287800, ndraw=40, logz=-141361.19, remainder_fraction=1.0089%, Lmin=-141351.65, Lmax=-141351.64
13:42:22 [ultranest] [INFO] Explored until L=-1e+05  
13:42:22 [ultranest] [INFO] Likelihood function evaluations: 7503
13:42:23 [ultranest] [INFO] Writing samples and results to disk ...
13:42:23 [ultranest] [INFO] Writing samples and results to disk ... done
13:42:23 [ultranest] [DEBUG] did a run_iter pass!
13:42:23 [ultranest] [INFO]   logZ = -1.414e+05 +- 0.1021
13:42:23 [ultranest] [INFO] Effective samples strategy satisfied (ESS = 1538.6, need >400)
13:42:23 [ultranest] [INFO] Posterior uncertainty strategy is satisfied (KL: 0.46+-0.08 nat, need <0.50 nat)
13:42:23 [ultranest] [INFO] Evidency uncertainty strategy is satisfied (dlogz=0.10, need <0.5)
13:42:23 [ultranest] [INFO]   logZ error budget: single: 0.15 bs:0.10 tail:0.01 total:0.10 required:<0.50
13:42:23 [ultranest] [INFO] done iterating.
13:42:23 [ultranest] [DEBUG] Making corner plot ...
13:42:24 [ultranest] [DEBUG] Making corner plot ... done
13:42:24 [ultranest] [DEBUG] Making run plot ... 
13:42:24 [ultranest] [DEBUG] Making run plot ... done
13:42:24 [ultranest] [DEBUG] Making trace plot ... 
13:42:25 [ultranest] [DEBUG] Making trace plot ... done
