13:41:04 [ultranest] [DEBUG] ReactiveNestedSampler: dims=2+0, resume=False, log_dir=./m-values/N24/S16/M24/T029/P025/NF2/sample_rho, backend=hdf5, vectorized=False, nbootstraps=30, ndraw=128..65536
13:41:04 [ultranest] [INFO] Sampling 400 live points from prior ...
13:41:05 [ultranest] [DEBUG] run_iter dlogz=0.5, dKL=0.5, frac_remain=0.01, Lepsilon=0.0010, min_ess=400
13:41:05 [ultranest] [DEBUG] max_iters=-1, max_ncalls=-1, max_num_improvement_loops=-1, min_num_live_points=400, cluster_num_live_points=40
13:41:05 [ultranest] [DEBUG] minimal_widths_sequence: [(-inf, 400.0), (inf, 400.0)]
13:41:05 [ultranest] [DEBUG] Plateau detected at L=-1.381551e+07, not replacing live point.
13:41:05 [ultranest] [DEBUG] Plateau detected at L=-1.381551e+07, not replacing live point.
13:41:05 [ultranest] [DEBUG] Plateau detected at L=-1.381551e+07, not replacing live point.
13:41:05 [ultranest] [DEBUG] Plateau detected at L=-1.381551e+07, not replacing live point.
13:41:05 [ultranest] [DEBUG] Plateau detected at L=-1.381551e+07, not replacing live point.
13:41:05 [ultranest] [DEBUG] Plateau detected at L=-1.381551e+07, not replacing live point.
13:41:05 [ultranest] [DEBUG] Plateau detected at L=-1.381551e+07, not replacing live point.
13:41:05 [ultranest] [DEBUG] Plateau detected at L=-1.381551e+07, not replacing live point.
13:41:05 [ultranest] [DEBUG] Plateau detected at L=-1.381551e+07, not replacing live point.
13:41:05 [ultranest] [DEBUG] Plateau detected at L=-1.381551e+07, not replacing live point.
13:41:05 [ultranest] [DEBUG] Plateau detected at L=-1.381551e+07, not replacing live point.
13:41:05 [ultranest] [DEBUG] Plateau detected at L=-1.381551e+07, not replacing live point.
13:41:05 [ultranest] [DEBUG] Plateau detected at L=-1.381551e+07, not replacing live point.
13:41:05 [ultranest] [DEBUG] Plateau detected at L=-1.381551e+07, not replacing live point.
13:41:05 [ultranest] [DEBUG] Plateau detected at L=-1.381551e+07, not replacing live point.
13:41:05 [ultranest] [DEBUG] Plateau detected at L=-1.381551e+07, not replacing live point.
13:41:05 [ultranest] [DEBUG] Plateau detected at L=-1.381551e+07, not replacing live point.
13:41:05 [ultranest] [DEBUG] iteration=17, ncalls=401, regioncalls=40, ndraw=40, logz=-13815513.72, remainder_fraction=100.0000%, Lmin=-13815510.56, Lmax=-106043.58
13:41:05 [ultranest] [DEBUG] iteration=40, ncalls=424, regioncalls=960, ndraw=40, logz=-126369.66, remainder_fraction=100.0000%, Lmin=-126348.37, Lmax=-106043.58
13:41:06 [ultranest] [DEBUG] iteration=76, ncalls=462, regioncalls=2480, ndraw=40, logz=-122995.80, remainder_fraction=100.0000%, Lmin=-122745.99, Lmax=-106043.58
13:41:06 [ultranest] [DEBUG] iteration=80, ncalls=467, regioncalls=2680, ndraw=40, logz=-122395.88, remainder_fraction=100.0000%, Lmin=-122363.22, Lmax=-106043.58
13:41:06 [ultranest] [DEBUG] iteration=112, ncalls=502, regioncalls=4080, ndraw=40, logz=-120165.46, remainder_fraction=100.0000%, Lmin=-120117.12, Lmax=-106043.58
13:41:06 [ultranest] [DEBUG] iteration=120, ncalls=516, regioncalls=4640, ndraw=40, logz=-119438.46, remainder_fraction=100.0000%, Lmin=-119407.10, Lmax=-106043.58
13:41:06 [ultranest] [DEBUG] iteration=155, ncalls=554, regioncalls=6160, ndraw=40, logz=-117546.43, remainder_fraction=100.0000%, Lmin=-117463.11, Lmax=-106043.58
13:41:06 [ultranest] [DEBUG] iteration=160, ncalls=559, regioncalls=6360, ndraw=40, logz=-117157.05, remainder_fraction=100.0000%, Lmin=-117125.50, Lmax=-106043.58
13:41:06 [ultranest] [DEBUG] iteration=189, ncalls=592, regioncalls=7680, ndraw=40, logz=-115743.74, remainder_fraction=100.0000%, Lmin=-115680.28, Lmax=-106043.58
13:41:06 [ultranest] [DEBUG] iteration=200, ncalls=605, regioncalls=8200, ndraw=40, logz=-115422.57, remainder_fraction=100.0000%, Lmin=-115393.08, Lmax=-106043.58
13:41:06 [ultranest] [DEBUG] iteration=233, ncalls=643, regioncalls=9720, ndraw=40, logz=-114479.08, remainder_fraction=100.0000%, Lmin=-114470.95, Lmax=-106043.58
13:41:06 [ultranest] [DEBUG] iteration=240, ncalls=652, regioncalls=10080, ndraw=40, logz=-114222.83, remainder_fraction=100.0000%, Lmin=-114203.99, Lmax=-106043.58
13:41:06 [ultranest] [DEBUG] iteration=272, ncalls=691, regioncalls=11640, ndraw=40, logz=-113509.03, remainder_fraction=100.0000%, Lmin=-113391.93, Lmax=-106043.58
13:41:06 [ultranest] [DEBUG] iteration=280, ncalls=700, regioncalls=12000, ndraw=40, logz=-113324.61, remainder_fraction=100.0000%, Lmin=-113284.20, Lmax=-106043.58
13:41:06 [ultranest] [DEBUG] iteration=312, ncalls=739, regioncalls=13560, ndraw=40, logz=-112456.35, remainder_fraction=100.0000%, Lmin=-112427.08, Lmax=-106043.58
13:41:06 [ultranest] [DEBUG] iteration=320, ncalls=749, regioncalls=13960, ndraw=40, logz=-112294.54, remainder_fraction=100.0000%, Lmin=-112282.38, Lmax=-106043.58
13:41:06 [ultranest] [DEBUG] iteration=351, ncalls=788, regioncalls=15520, ndraw=40, logz=-111650.48, remainder_fraction=100.0000%, Lmin=-111640.02, Lmax=-106043.58
13:41:06 [ultranest] [DEBUG] iteration=360, ncalls=799, regioncalls=15960, ndraw=40, logz=-111554.56, remainder_fraction=100.0000%, Lmin=-111507.60, Lmax=-106043.58
13:41:06 [ultranest] [DEBUG] iteration=361, ncalls=800, regioncalls=16000, ndraw=40, logz=-111514.49, remainder_fraction=100.0000%, Lmin=-111502.59, Lmax=-106043.58
13:41:07 [ultranest] [DEBUG] iteration=393, ncalls=839, regioncalls=17560, ndraw=40, logz=-110928.46, remainder_fraction=100.0000%, Lmin=-110914.01, Lmax=-106038.31
13:41:07 [ultranest] [DEBUG] iteration=400, ncalls=846, regioncalls=17840, ndraw=40, logz=-110755.03, remainder_fraction=100.0000%, Lmin=-110722.76, Lmax=-106038.31
13:41:07 [ultranest] [DEBUG] iteration=431, ncalls=887, regioncalls=19480, ndraw=40, logz=-110175.55, remainder_fraction=100.0000%, Lmin=-110154.28, Lmax=-106038.31
13:41:07 [ultranest] [DEBUG] iteration=440, ncalls=902, regioncalls=20080, ndraw=40, logz=-110078.67, remainder_fraction=100.0000%, Lmin=-110069.86, Lmax=-106038.31
13:41:07 [ultranest] [DEBUG] iteration=447, ncalls=912, regioncalls=20480, ndraw=40, logz=-109993.66, remainder_fraction=100.0000%, Lmin=-109974.71, Lmax=-106038.31
13:41:07 [ultranest] [DEBUG] iteration=477, ncalls=952, regioncalls=22080, ndraw=40, logz=-109543.87, remainder_fraction=100.0000%, Lmin=-109526.61, Lmax=-106038.31
13:41:07 [ultranest] [DEBUG] iteration=480, ncalls=955, regioncalls=22200, ndraw=40, logz=-109480.18, remainder_fraction=100.0000%, Lmin=-109471.03, Lmax=-106038.31
13:41:07 [ultranest] [DEBUG] iteration=512, ncalls=995, regioncalls=23800, ndraw=40, logz=-109189.23, remainder_fraction=100.0000%, Lmin=-109177.38, Lmax=-106038.31
13:41:07 [ultranest] [DEBUG] iteration=520, ncalls=1007, regioncalls=24280, ndraw=40, logz=-109098.01, remainder_fraction=100.0000%, Lmin=-109087.08, Lmax=-106038.31
13:41:07 [ultranest] [DEBUG] iteration=533, ncalls=1024, regioncalls=24960, ndraw=40, logz=-108980.32, remainder_fraction=100.0000%, Lmin=-108972.19, Lmax=-106038.31
13:41:07 [ultranest] [DEBUG] iteration=560, ncalls=1060, regioncalls=26400, ndraw=40, logz=-108820.04, remainder_fraction=100.0000%, Lmin=-108803.96, Lmax=-106038.31
13:41:07 [ultranest] [DEBUG] iteration=595, ncalls=1098, regioncalls=27920, ndraw=40, logz=-108546.60, remainder_fraction=100.0000%, Lmin=-108538.48, Lmax=-106038.31
13:41:07 [ultranest] [DEBUG] iteration=600, ncalls=1104, regioncalls=28160, ndraw=40, logz=-108523.19, remainder_fraction=100.0000%, Lmin=-108498.51, Lmax=-106038.31
13:41:07 [ultranest] [DEBUG] iteration=619, ncalls=1128, regioncalls=29120, ndraw=40, logz=-108381.41, remainder_fraction=100.0000%, Lmin=-108347.33, Lmax=-106038.31
13:41:07 [ultranest] [DEBUG] iteration=640, ncalls=1158, regioncalls=30320, ndraw=40, logz=-108217.24, remainder_fraction=100.0000%, Lmin=-108198.52, Lmax=-106038.31
13:41:07 [ultranest] [DEBUG] iteration=669, ncalls=1198, regioncalls=31920, ndraw=40, logz=-108102.38, remainder_fraction=100.0000%, Lmin=-108075.40, Lmax=-106038.31
13:41:08 [ultranest] [DEBUG] iteration=680, ncalls=1213, regioncalls=32520, ndraw=40, logz=-108016.36, remainder_fraction=100.0000%, Lmin=-108005.00, Lmax=-106038.31
13:41:08 [ultranest] [DEBUG] iteration=706, ncalls=1251, regioncalls=34040, ndraw=40, logz=-107906.45, remainder_fraction=100.0000%, Lmin=-107896.78, Lmax=-106038.31
13:41:08 [ultranest] [DEBUG] iteration=720, ncalls=1269, regioncalls=34760, ndraw=40, logz=-107841.50, remainder_fraction=100.0000%, Lmin=-107814.53, Lmax=-106038.31
13:41:08 [ultranest] [DEBUG] iteration=748, ncalls=1310, regioncalls=36400, ndraw=40, logz=-107695.80, remainder_fraction=100.0000%, Lmin=-107677.98, Lmax=-106038.31
13:41:08 [ultranest] [DEBUG] iteration=760, ncalls=1330, regioncalls=37200, ndraw=40, logz=-107601.05, remainder_fraction=100.0000%, Lmin=-107591.78, Lmax=-106038.31
13:41:08 [ultranest] [DEBUG] iteration=791, ncalls=1367, regioncalls=38680, ndraw=40, logz=-107493.52, remainder_fraction=100.0000%, Lmin=-107480.71, Lmax=-106038.31
13:41:08 [ultranest] [DEBUG] iteration=800, ncalls=1378, regioncalls=39120, ndraw=40, logz=-107469.04, remainder_fraction=100.0000%, Lmin=-107461.13, Lmax=-106038.31
13:41:08 [ultranest] [DEBUG] iteration=832, ncalls=1417, regioncalls=40680, ndraw=40, logz=-107342.84, remainder_fraction=100.0000%, Lmin=-107334.53, Lmax=-106038.31
13:41:08 [ultranest] [DEBUG] iteration=840, ncalls=1429, regioncalls=41200, ndraw=40, logz=-107312.02, remainder_fraction=100.0000%, Lmin=-107297.68, Lmax=-106038.31
13:41:08 [ultranest] [DEBUG] iteration=870, ncalls=1467, regioncalls=42760, ndraw=40, logz=-107216.67, remainder_fraction=100.0000%, Lmin=-107199.01, Lmax=-106038.31
13:41:08 [ultranest] [DEBUG] iteration=880, ncalls=1479, regioncalls=43240, ndraw=40, logz=-107189.19, remainder_fraction=100.0000%, Lmin=-107174.23, Lmax=-106038.31
13:41:08 [ultranest] [DEBUG] iteration=909, ncalls=1518, regioncalls=44840, ndraw=40, logz=-107101.61, remainder_fraction=100.0000%, Lmin=-107093.75, Lmax=-106038.31
13:41:08 [ultranest] [DEBUG] iteration=920, ncalls=1532, regioncalls=45400, ndraw=40, logz=-107075.58, remainder_fraction=100.0000%, Lmin=-107063.01, Lmax=-106038.31
13:41:08 [ultranest] [DEBUG] iteration=950, ncalls=1572, regioncalls=47000, ndraw=40, logz=-106970.86, remainder_fraction=100.0000%, Lmin=-106959.32, Lmax=-106038.31
13:41:08 [ultranest] [DEBUG] iteration=960, ncalls=1585, regioncalls=47520, ndraw=40, logz=-106935.48, remainder_fraction=100.0000%, Lmin=-106924.88, Lmax=-106038.31
13:41:09 [ultranest] [DEBUG] iteration=963, ncalls=1588, regioncalls=47640, ndraw=40, logz=-106931.45, remainder_fraction=100.0000%, Lmin=-106922.04, Lmax=-106038.31
13:41:09 [ultranest] [DEBUG] iteration=995, ncalls=1628, regioncalls=49440, ndraw=40, logz=-106842.75, remainder_fraction=100.0000%, Lmin=-106833.53, Lmax=-106038.31
13:41:09 [ultranest] [DEBUG] iteration=1000, ncalls=1633, regioncalls=49640, ndraw=40, logz=-106835.63, remainder_fraction=100.0000%, Lmin=-106823.40, Lmax=-106038.31
13:41:09 [ultranest] [DEBUG] iteration=1032, ncalls=1672, regioncalls=51280, ndraw=40, logz=-106765.60, remainder_fraction=100.0000%, Lmin=-106756.51, Lmax=-106038.31
13:41:09 [ultranest] [DEBUG] iteration=1040, ncalls=1682, regioncalls=51680, ndraw=40, logz=-106756.33, remainder_fraction=100.0000%, Lmin=-106741.94, Lmax=-106038.31
13:41:09 [ultranest] [DEBUG] iteration=1069, ncalls=1720, regioncalls=53200, ndraw=40, logz=-106691.89, remainder_fraction=100.0000%, Lmin=-106676.86, Lmax=-106038.31
13:41:09 [ultranest] [DEBUG] iteration=1080, ncalls=1735, regioncalls=53800, ndraw=40, logz=-106666.72, remainder_fraction=100.0000%, Lmin=-106657.47, Lmax=-106038.31
13:41:09 [ultranest] [DEBUG] iteration=1109, ncalls=1775, regioncalls=55400, ndraw=40, logz=-106605.95, remainder_fraction=100.0000%, Lmin=-106597.12, Lmax=-106038.31
13:41:09 [ultranest] [DEBUG] iteration=1120, ncalls=1792, regioncalls=56080, ndraw=40, logz=-106592.94, remainder_fraction=100.0000%, Lmin=-106584.24, Lmax=-106038.31
13:41:09 [ultranest] [DEBUG] iteration=1135, ncalls=1814, regioncalls=57000, ndraw=40, logz=-106572.37, remainder_fraction=100.0000%, Lmin=-106562.50, Lmax=-106038.31
13:41:09 [ultranest] [DEBUG] iteration=1160, ncalls=1843, regioncalls=58160, ndraw=40, logz=-106536.49, remainder_fraction=100.0000%, Lmin=-106525.17, Lmax=-106036.62
13:41:09 [ultranest] [DEBUG] iteration=1192, ncalls=1882, regioncalls=59720, ndraw=40, logz=-106500.35, remainder_fraction=100.0000%, Lmin=-106490.58, Lmax=-106036.62
13:41:09 [ultranest] [DEBUG] iteration=1200, ncalls=1896, regioncalls=60280, ndraw=40, logz=-106494.65, remainder_fraction=100.0000%, Lmin=-106483.55, Lmax=-106036.62
13:41:09 [ultranest] [DEBUG] iteration=1226, ncalls=1933, regioncalls=61760, ndraw=40, logz=-106456.11, remainder_fraction=100.0000%, Lmin=-106445.22, Lmax=-106031.26
13:41:09 [ultranest] [DEBUG] iteration=1240, ncalls=1951, regioncalls=62480, ndraw=40, logz=-106442.05, remainder_fraction=100.0000%, Lmin=-106432.12, Lmax=-106030.55
13:41:10 [ultranest] [DEBUG] iteration=1267, ncalls=1991, regioncalls=64080, ndraw=40, logz=-106412.64, remainder_fraction=100.0000%, Lmin=-106402.61, Lmax=-106030.55
13:41:10 [ultranest] [DEBUG] iteration=1280, ncalls=2010, regioncalls=64840, ndraw=40, logz=-106401.91, remainder_fraction=100.0000%, Lmin=-106392.13, Lmax=-106030.55
13:41:10 [ultranest] [DEBUG] iteration=1307, ncalls=2045, regioncalls=66240, ndraw=40, logz=-106368.27, remainder_fraction=100.0000%, Lmin=-106359.38, Lmax=-106030.55
13:41:10 [ultranest] [DEBUG] iteration=1320, ncalls=2063, regioncalls=67040, ndraw=40, logz=-106357.19, remainder_fraction=100.0000%, Lmin=-106347.56, Lmax=-106030.55
13:41:10 [ultranest] [DEBUG] iteration=1352, ncalls=2102, regioncalls=68600, ndraw=40, logz=-106326.51, remainder_fraction=100.0000%, Lmin=-106316.67, Lmax=-106030.55
13:41:10 [ultranest] [DEBUG] iteration=1360, ncalls=2117, regioncalls=69200, ndraw=40, logz=-106318.38, remainder_fraction=100.0000%, Lmin=-106309.00, Lmax=-106030.55
13:41:10 [ultranest] [DEBUG] iteration=1388, ncalls=2157, regioncalls=70800, ndraw=40, logz=-106295.25, remainder_fraction=100.0000%, Lmin=-106285.46, Lmax=-106030.55
13:41:10 [ultranest] [DEBUG] iteration=1393, ncalls=2164, regioncalls=71080, ndraw=40, logz=-106292.59, remainder_fraction=100.0000%, Lmin=-106283.06, Lmax=-106030.55
13:41:10 [ultranest] [DEBUG] iteration=1400, ncalls=2173, regioncalls=71480, ndraw=40, logz=-106288.58, remainder_fraction=100.0000%, Lmin=-106279.23, Lmax=-106030.55
13:41:10 [ultranest] [DEBUG] iteration=1432, ncalls=2212, regioncalls=73040, ndraw=40, logz=-106266.47, remainder_fraction=100.0000%, Lmin=-106257.53, Lmax=-106030.55
13:41:10 [ultranest] [DEBUG] iteration=1440, ncalls=2221, regioncalls=73400, ndraw=40, logz=-106259.65, remainder_fraction=100.0000%, Lmin=-106249.91, Lmax=-106030.55
13:41:10 [ultranest] [DEBUG] iteration=1469, ncalls=2261, regioncalls=75000, ndraw=40, logz=-106245.56, remainder_fraction=100.0000%, Lmin=-106236.89, Lmax=-106030.55
13:41:10 [ultranest] [DEBUG] iteration=1479, ncalls=2274, regioncalls=75560, ndraw=40, logz=-106242.17, remainder_fraction=100.0000%, Lmin=-106232.94, Lmax=-106030.55
13:41:10 [ultranest] [DEBUG] iteration=1480, ncalls=2276, regioncalls=75640, ndraw=40, logz=-106241.72, remainder_fraction=100.0000%, Lmin=-106232.86, Lmax=-106030.55
13:41:10 [ultranest] [DEBUG] iteration=1510, ncalls=2315, regioncalls=77200, ndraw=40, logz=-106225.23, remainder_fraction=100.0000%, Lmin=-106216.38, Lmax=-106030.55
13:41:10 [ultranest] [DEBUG] iteration=1520, ncalls=2326, regioncalls=77640, ndraw=40, logz=-106219.91, remainder_fraction=100.0000%, Lmin=-106210.81, Lmax=-106030.55
13:41:11 [ultranest] [DEBUG] iteration=1552, ncalls=2369, regioncalls=79360, ndraw=40, logz=-106208.01, remainder_fraction=100.0000%, Lmin=-106199.04, Lmax=-106030.55
13:41:11 [ultranest] [DEBUG] iteration=1560, ncalls=2382, regioncalls=79880, ndraw=40, logz=-106204.30, remainder_fraction=100.0000%, Lmin=-106195.11, Lmax=-106030.55
13:41:11 [ultranest] [DEBUG] iteration=1589, ncalls=2418, regioncalls=81320, ndraw=40, logz=-106192.97, remainder_fraction=100.0000%, Lmin=-106184.01, Lmax=-106030.55
13:41:11 [ultranest] [DEBUG] iteration=1600, ncalls=2433, regioncalls=81920, ndraw=40, logz=-106189.63, remainder_fraction=100.0000%, Lmin=-106179.84, Lmax=-106030.55
13:41:11 [ultranest] [DEBUG] iteration=1628, ncalls=2474, regioncalls=83560, ndraw=40, logz=-106176.98, remainder_fraction=100.0000%, Lmin=-106167.80, Lmax=-106030.55
13:41:11 [ultranest] [DEBUG] iteration=1640, ncalls=2489, regioncalls=84160, ndraw=40, logz=-106173.63, remainder_fraction=100.0000%, Lmin=-106165.09, Lmax=-106030.55
13:41:11 [ultranest] [DEBUG] iteration=1670, ncalls=2526, regioncalls=85640, ndraw=40, logz=-106164.13, remainder_fraction=100.0000%, Lmin=-106155.30, Lmax=-106030.55
13:41:11 [ultranest] [DEBUG] iteration=1680, ncalls=2537, regioncalls=86080, ndraw=40, logz=-106161.57, remainder_fraction=100.0000%, Lmin=-106152.41, Lmax=-106030.55
13:41:11 [ultranest] [DEBUG] iteration=1700, ncalls=2565, regioncalls=87200, ndraw=40, logz=-106153.86, remainder_fraction=100.0000%, Lmin=-106144.24, Lmax=-106030.55
13:41:11 [ultranest] [DEBUG] iteration=1720, ncalls=2594, regioncalls=88360, ndraw=40, logz=-106146.36, remainder_fraction=100.0000%, Lmin=-106137.46, Lmax=-106030.55
13:41:11 [ultranest] [DEBUG] iteration=1737, ncalls=2618, regioncalls=89400, ndraw=40, logz=-106142.21, remainder_fraction=100.0000%, Lmin=-106133.20, Lmax=-106030.55
13:41:11 [ultranest] [DEBUG] iteration=1760, ncalls=2649, regioncalls=90640, ndraw=40, logz=-106136.93, remainder_fraction=100.0000%, Lmin=-106127.04, Lmax=-106030.55
13:41:11 [ultranest] [DEBUG] iteration=1792, ncalls=2688, regioncalls=92240, ndraw=40, logz=-106129.91, remainder_fraction=100.0000%, Lmin=-106120.68, Lmax=-106030.55
13:41:11 [ultranest] [DEBUG] iteration=1800, ncalls=2697, regioncalls=92600, ndraw=40, logz=-106128.11, remainder_fraction=100.0000%, Lmin=-106118.99, Lmax=-106030.55
13:41:12 [ultranest] [DEBUG] iteration=1826, ncalls=2735, regioncalls=94120, ndraw=40, logz=-106123.47, remainder_fraction=100.0000%, Lmin=-106113.96, Lmax=-106030.55
13:41:12 [ultranest] [DEBUG] iteration=1840, ncalls=2755, regioncalls=94920, ndraw=40, logz=-106117.98, remainder_fraction=100.0000%, Lmin=-106108.68, Lmax=-106030.55
13:41:12 [ultranest] [DEBUG] iteration=1865, ncalls=2796, regioncalls=96560, ndraw=40, logz=-106113.18, remainder_fraction=100.0000%, Lmin=-106103.94, Lmax=-106030.55
13:41:12 [ultranest] [DEBUG] iteration=1880, ncalls=2817, regioncalls=97400, ndraw=40, logz=-106110.92, remainder_fraction=100.0000%, Lmin=-106101.61, Lmax=-106030.55
13:41:12 [ultranest] [DEBUG] iteration=1908, ncalls=2861, regioncalls=99160, ndraw=40, logz=-106103.99, remainder_fraction=100.0000%, Lmin=-106094.58, Lmax=-106030.55
13:41:12 [ultranest] [DEBUG] iteration=1909, ncalls=2862, regioncalls=99240, ndraw=40, logz=-106103.79, remainder_fraction=100.0000%, Lmin=-106094.18, Lmax=-106030.55
13:41:12 [ultranest] [DEBUG] iteration=1920, ncalls=2874, regioncalls=99720, ndraw=40, logz=-106102.07, remainder_fraction=100.0000%, Lmin=-106092.94, Lmax=-106030.55
13:41:12 [ultranest] [DEBUG] iteration=1948, ncalls=2914, regioncalls=101400, ndraw=40, logz=-106099.16, remainder_fraction=100.0000%, Lmin=-106090.47, Lmax=-106030.55
13:41:12 [ultranest] [DEBUG] iteration=1960, ncalls=2932, regioncalls=102120, ndraw=40, logz=-106097.82, remainder_fraction=100.0000%, Lmin=-106088.72, Lmax=-106030.55
13:41:12 [ultranest] [DEBUG] iteration=1990, ncalls=2974, regioncalls=103800, ndraw=40, logz=-106093.60, remainder_fraction=100.0000%, Lmin=-106084.20, Lmax=-106030.55
13:41:12 [ultranest] [DEBUG] iteration=1995, ncalls=2981, regioncalls=104160, ndraw=40, logz=-106092.88, remainder_fraction=100.0000%, Lmin=-106083.74, Lmax=-106030.55
13:41:12 [ultranest] [DEBUG] iteration=2000, ncalls=2988, regioncalls=104440, ndraw=40, logz=-106092.27, remainder_fraction=100.0000%, Lmin=-106083.28, Lmax=-106030.55
13:41:12 [ultranest] [DEBUG] iteration=2030, ncalls=3027, regioncalls=106080, ndraw=40, logz=-106088.44, remainder_fraction=100.0000%, Lmin=-106079.20, Lmax=-106030.55
13:41:12 [ultranest] [DEBUG] iteration=2040, ncalls=3040, regioncalls=106600, ndraw=40, logz=-106087.11, remainder_fraction=100.0000%, Lmin=-106077.93, Lmax=-106030.55
13:41:12 [ultranest] [DEBUG] iteration=2069, ncalls=3081, regioncalls=108240, ndraw=40, logz=-106083.32, remainder_fraction=100.0000%, Lmin=-106074.12, Lmax=-106030.55
13:41:12 [ultranest] [DEBUG] iteration=2080, ncalls=3094, regioncalls=108760, ndraw=40, logz=-106081.29, remainder_fraction=100.0000%, Lmin=-106071.59, Lmax=-106030.55
13:41:12 [ultranest] [DEBUG] iteration=2081, ncalls=3095, regioncalls=108800, ndraw=40, logz=-106081.12, remainder_fraction=100.0000%, Lmin=-106071.59, Lmax=-106030.55
13:41:13 [ultranest] [DEBUG] iteration=2112, ncalls=3134, regioncalls=110440, ndraw=40, logz=-106077.26, remainder_fraction=100.0000%, Lmin=-106068.21, Lmax=-106030.55
13:41:13 [ultranest] [DEBUG] iteration=2120, ncalls=3144, regioncalls=110840, ndraw=40, logz=-106076.60, remainder_fraction=100.0000%, Lmin=-106067.62, Lmax=-106030.55
13:41:13 [ultranest] [DEBUG] iteration=2149, ncalls=3184, regioncalls=112440, ndraw=40, logz=-106074.03, remainder_fraction=100.0000%, Lmin=-106064.75, Lmax=-106030.55
13:41:13 [ultranest] [DEBUG] iteration=2160, ncalls=3198, regioncalls=113000, ndraw=40, logz=-106073.10, remainder_fraction=100.0000%, Lmin=-106064.18, Lmax=-106030.55
13:41:13 [ultranest] [DEBUG] iteration=2184, ncalls=3236, regioncalls=114520, ndraw=40, logz=-106071.45, remainder_fraction=100.0000%, Lmin=-106062.48, Lmax=-106030.55
13:41:13 [ultranest] [DEBUG] iteration=2200, ncalls=3259, regioncalls=115440, ndraw=40, logz=-106070.43, remainder_fraction=100.0000%, Lmin=-106061.14, Lmax=-106030.55
13:41:13 [ultranest] [DEBUG] iteration=2226, ncalls=3300, regioncalls=117080, ndraw=40, logz=-106068.44, remainder_fraction=100.0000%, Lmin=-106059.33, Lmax=-106030.55
13:41:13 [ultranest] [DEBUG] iteration=2240, ncalls=3323, regioncalls=118000, ndraw=40, logz=-106067.53, remainder_fraction=100.0000%, Lmin=-106058.48, Lmax=-106030.55
13:41:13 [ultranest] [DEBUG] iteration=2253, ncalls=3346, regioncalls=118960, ndraw=40, logz=-106066.69, remainder_fraction=100.0000%, Lmin=-106057.58, Lmax=-106030.55
13:41:13 [ultranest] [DEBUG] iteration=2280, ncalls=3379, regioncalls=120280, ndraw=40, logz=-106064.66, remainder_fraction=100.0000%, Lmin=-106055.30, Lmax=-106030.54
13:41:13 [ultranest] [DEBUG] iteration=2310, ncalls=3421, regioncalls=121960, ndraw=40, logz=-106062.43, remainder_fraction=100.0000%, Lmin=-106053.17, Lmax=-106030.54
13:41:13 [ultranest] [DEBUG] iteration=2320, ncalls=3436, regioncalls=122560, ndraw=40, logz=-106061.79, remainder_fraction=100.0000%, Lmin=-106052.29, Lmax=-106030.54
13:41:13 [ultranest] [DEBUG] iteration=2345, ncalls=3474, regioncalls=124080, ndraw=40, logz=-106060.17, remainder_fraction=100.0000%, Lmin=-106051.08, Lmax=-106030.54
13:41:14 [ultranest] [DEBUG] iteration=2360, ncalls=3496, regioncalls=124960, ndraw=40, logz=-106059.49, remainder_fraction=100.0000%, Lmin=-106050.56, Lmax=-106030.54
13:41:14 [ultranest] [DEBUG] iteration=2385, ncalls=3537, regioncalls=126600, ndraw=40, logz=-106058.54, remainder_fraction=100.0000%, Lmin=-106049.53, Lmax=-106030.54
13:41:14 [ultranest] [DEBUG] iteration=2400, ncalls=3560, regioncalls=127520, ndraw=40, logz=-106057.77, remainder_fraction=100.0000%, Lmin=-106048.44, Lmax=-106030.54
13:41:14 [ultranest] [DEBUG] iteration=2425, ncalls=3597, regioncalls=129080, ndraw=40, logz=-106056.56, remainder_fraction=100.0000%, Lmin=-106047.33, Lmax=-106030.54
13:41:14 [ultranest] [DEBUG] iteration=2440, ncalls=3613, regioncalls=129720, ndraw=40, logz=-106055.92, remainder_fraction=100.0000%, Lmin=-106046.86, Lmax=-106030.54
13:41:14 [ultranest] [DEBUG] iteration=2471, ncalls=3652, regioncalls=131280, ndraw=40, logz=-106054.42, remainder_fraction=100.0000%, Lmin=-106044.95, Lmax=-106030.54
13:41:14 [ultranest] [DEBUG] iteration=2480, ncalls=3668, regioncalls=131920, ndraw=40, logz=-106053.96, remainder_fraction=99.9999%, Lmin=-106044.61, Lmax=-106030.54
13:41:14 [ultranest] [DEBUG] iteration=2511, ncalls=3708, regioncalls=133600, ndraw=40, logz=-106052.82, remainder_fraction=99.9998%, Lmin=-106043.69, Lmax=-106030.54
13:41:14 [ultranest] [DEBUG] iteration=2520, ncalls=3717, regioncalls=133960, ndraw=40, logz=-106052.54, remainder_fraction=99.9998%, Lmin=-106043.59, Lmax=-106030.54
13:41:14 [ultranest] [DEBUG] iteration=2551, ncalls=3756, regioncalls=135520, ndraw=40, logz=-106051.74, remainder_fraction=99.9995%, Lmin=-106042.76, Lmax=-106030.54
13:41:14 [ultranest] [DEBUG] iteration=2560, ncalls=3766, regioncalls=135920, ndraw=40, logz=-106051.51, remainder_fraction=99.9994%, Lmin=-106042.57, Lmax=-106030.54
13:41:14 [ultranest] [DEBUG] iteration=2589, ncalls=3807, regioncalls=137560, ndraw=40, logz=-106050.76, remainder_fraction=99.9986%, Lmin=-106041.72, Lmax=-106030.54
13:41:14 [ultranest] [DEBUG] iteration=2597, ncalls=3820, regioncalls=138120, ndraw=40, logz=-106050.55, remainder_fraction=99.9982%, Lmin=-106041.53, Lmax=-106030.54
13:41:14 [ultranest] [DEBUG] iteration=2600, ncalls=3823, regioncalls=138240, ndraw=40, logz=-106050.48, remainder_fraction=99.9981%, Lmin=-106041.45, Lmax=-106030.54
13:41:14 [ultranest] [DEBUG] iteration=2631, ncalls=3862, regioncalls=139800, ndraw=40, logz=-106049.65, remainder_fraction=99.9958%, Lmin=-106040.32, Lmax=-106030.54
13:41:15 [ultranest] [DEBUG] iteration=2640, ncalls=3875, regioncalls=140320, ndraw=40, logz=-106049.40, remainder_fraction=99.9945%, Lmin=-106040.23, Lmax=-106030.54
13:41:15 [ultranest] [DEBUG] iteration=2669, ncalls=3916, regioncalls=141960, ndraw=40, logz=-106048.71, remainder_fraction=99.9888%, Lmin=-106039.49, Lmax=-106030.54
13:41:15 [ultranest] [DEBUG] iteration=2680, ncalls=3933, regioncalls=142640, ndraw=40, logz=-106048.44, remainder_fraction=99.9852%, Lmin=-106039.13, Lmax=-106030.54
13:41:15 [ultranest] [DEBUG] iteration=2683, ncalls=3936, regioncalls=142800, ndraw=40, logz=-106048.37, remainder_fraction=99.9841%, Lmin=-106039.02, Lmax=-106030.54
13:41:15 [ultranest] [DEBUG] iteration=2716, ncalls=3974, regioncalls=144320, ndraw=40, logz=-106047.61, remainder_fraction=99.9656%, Lmin=-106038.42, Lmax=-106030.54
13:41:15 [ultranest] [DEBUG] iteration=2720, ncalls=3978, regioncalls=144480, ndraw=40, logz=-106047.52, remainder_fraction=99.9623%, Lmin=-106038.35, Lmax=-106030.54
13:41:15 [ultranest] [DEBUG] iteration=2751, ncalls=4017, regioncalls=146040, ndraw=40, logz=-106046.90, remainder_fraction=99.9285%, Lmin=-106037.78, Lmax=-106030.54
13:41:15 [ultranest] [DEBUG] iteration=2760, ncalls=4033, regioncalls=146680, ndraw=40, logz=-106046.73, remainder_fraction=99.9161%, Lmin=-106037.56, Lmax=-106030.54
13:41:15 [ultranest] [DEBUG] iteration=2789, ncalls=4071, regioncalls=148200, ndraw=40, logz=-106046.22, remainder_fraction=99.8612%, Lmin=-106037.10, Lmax=-106030.54
13:41:15 [ultranest] [DEBUG] iteration=2800, ncalls=4087, regioncalls=148840, ndraw=40, logz=-106046.05, remainder_fraction=99.8385%, Lmin=-106036.95, Lmax=-106030.54
13:41:15 [ultranest] [DEBUG] iteration=2829, ncalls=4128, regioncalls=150480, ndraw=40, logz=-106045.62, remainder_fraction=99.7493%, Lmin=-106036.57, Lmax=-106030.54
13:41:15 [ultranest] [DEBUG] iteration=2840, ncalls=4144, regioncalls=151120, ndraw=40, logz=-106045.47, remainder_fraction=99.7141%, Lmin=-106036.49, Lmax=-106030.54
13:41:15 [ultranest] [DEBUG] iteration=2855, ncalls=4165, regioncalls=152000, ndraw=40, logz=-106045.29, remainder_fraction=99.6518%, Lmin=-106036.23, Lmax=-106030.54
13:41:15 [ultranest] [DEBUG] iteration=2880, ncalls=4199, regioncalls=153440, ndraw=40, logz=-106044.98, remainder_fraction=99.5286%, Lmin=-106035.94, Lmax=-106030.54
13:41:15 [ultranest] [DEBUG] iteration=2910, ncalls=4239, regioncalls=155040, ndraw=40, logz=-106044.60, remainder_fraction=99.3142%, Lmin=-106035.42, Lmax=-106030.54
13:41:15 [ultranest] [DEBUG] iteration=2920, ncalls=4254, regioncalls=155640, ndraw=40, logz=-106044.47, remainder_fraction=99.2362%, Lmin=-106035.26, Lmax=-106030.54
13:41:16 [ultranest] [DEBUG] iteration=2945, ncalls=4292, regioncalls=157160, ndraw=40, logz=-106044.16, remainder_fraction=98.9385%, Lmin=-106034.98, Lmax=-106030.54
13:41:16 [ultranest] [DEBUG] iteration=2960, ncalls=4312, regioncalls=157960, ndraw=40, logz=-106043.99, remainder_fraction=98.7338%, Lmin=-106034.78, Lmax=-106030.54
13:41:16 [ultranest] [DEBUG] iteration=2985, ncalls=4353, regioncalls=159600, ndraw=40, logz=-106043.72, remainder_fraction=98.3467%, Lmin=-106034.52, Lmax=-106030.54
13:41:16 [ultranest] [DEBUG] iteration=3000, ncalls=4374, regioncalls=160440, ndraw=40, logz=-106043.56, remainder_fraction=98.0954%, Lmin=-106034.40, Lmax=-106030.54
13:41:16 [ultranest] [DEBUG] iteration=3027, ncalls=4415, regioncalls=162120, ndraw=40, logz=-106043.28, remainder_fraction=97.4137%, Lmin=-106033.93, Lmax=-106030.54
13:41:16 [ultranest] [DEBUG] iteration=3040, ncalls=4430, regioncalls=162720, ndraw=40, logz=-106043.14, remainder_fraction=97.0283%, Lmin=-106033.80, Lmax=-106030.54
13:41:16 [ultranest] [DEBUG] iteration=3072, ncalls=4468, regioncalls=164280, ndraw=40, logz=-106042.83, remainder_fraction=95.7982%, Lmin=-106033.54, Lmax=-106030.54
13:41:16 [ultranest] [DEBUG] iteration=3080, ncalls=4477, regioncalls=164640, ndraw=40, logz=-106042.76, remainder_fraction=95.4462%, Lmin=-106033.49, Lmax=-106030.54
13:41:16 [ultranest] [DEBUG] iteration=3111, ncalls=4517, regioncalls=166240, ndraw=40, logz=-106042.50, remainder_fraction=94.1630%, Lmin=-106033.33, Lmax=-106030.53
13:41:16 [ultranest] [DEBUG] iteration=3113, ncalls=4519, regioncalls=166360, ndraw=40, logz=-106042.49, remainder_fraction=94.0677%, Lmin=-106033.31, Lmax=-106030.53
13:41:16 [ultranest] [DEBUG] iteration=3120, ncalls=4526, regioncalls=166680, ndraw=40, logz=-106042.44, remainder_fraction=93.7273%, Lmin=-106033.25, Lmax=-106030.53
13:41:16 [ultranest] [DEBUG] iteration=3152, ncalls=4564, regioncalls=168240, ndraw=40, logz=-106042.21, remainder_fraction=92.3080%, Lmin=-106033.05, Lmax=-106030.53
13:41:16 [ultranest] [DEBUG] iteration=3160, ncalls=4573, regioncalls=168600, ndraw=40, logz=-106042.16, remainder_fraction=91.8747%, Lmin=-106032.96, Lmax=-106030.53
13:41:16 [ultranest] [DEBUG] iteration=3185, ncalls=4614, regioncalls=170240, ndraw=40, logz=-106041.99, remainder_fraction=90.4610%, Lmin=-106032.78, Lmax=-106030.53
13:41:16 [ultranest] [DEBUG] iteration=3200, ncalls=4631, regioncalls=170920, ndraw=40, logz=-106041.90, remainder_fraction=89.5811%, Lmin=-106032.72, Lmax=-106030.53
13:41:17 [ultranest] [DEBUG] iteration=3226, ncalls=4672, regioncalls=172560, ndraw=40, logz=-106041.75, remainder_fraction=87.8297%, Lmin=-106032.51, Lmax=-106030.53
13:41:17 [ultranest] [DEBUG] iteration=3240, ncalls=4691, regioncalls=173320, ndraw=40, logz=-106041.67, remainder_fraction=86.9759%, Lmin=-106032.48, Lmax=-106030.52
13:41:17 [ultranest] [DEBUG] iteration=3268, ncalls=4732, regioncalls=174960, ndraw=40, logz=-106041.52, remainder_fraction=84.8698%, Lmin=-106032.31, Lmax=-106030.52
13:41:17 [ultranest] [DEBUG] iteration=3280, ncalls=4749, regioncalls=175640, ndraw=40, logz=-106041.46, remainder_fraction=83.8749%, Lmin=-106032.25, Lmax=-106030.52
13:41:17 [ultranest] [DEBUG] iteration=3285, ncalls=4754, regioncalls=175920, ndraw=40, logz=-106041.44, remainder_fraction=83.4774%, Lmin=-106032.22, Lmax=-106030.52
13:41:17 [ultranest] [DEBUG] iteration=3316, ncalls=4793, regioncalls=177480, ndraw=40, logz=-106041.29, remainder_fraction=81.1923%, Lmin=-106032.09, Lmax=-106030.52
13:41:17 [ultranest] [DEBUG] iteration=3320, ncalls=4798, regioncalls=177680, ndraw=40, logz=-106041.28, remainder_fraction=80.8753%, Lmin=-106032.08, Lmax=-106030.52
13:41:17 [ultranest] [DEBUG] iteration=3351, ncalls=4836, regioncalls=179200, ndraw=40, logz=-106041.14, remainder_fraction=78.0345%, Lmin=-106031.97, Lmax=-106030.52
13:41:17 [ultranest] [DEBUG] iteration=3360, ncalls=4846, regioncalls=179600, ndraw=40, logz=-106041.11, remainder_fraction=77.2645%, Lmin=-106031.92, Lmax=-106030.52
13:41:17 [ultranest] [DEBUG] iteration=3371, ncalls=4862, regioncalls=180280, ndraw=40, logz=-106041.07, remainder_fraction=76.3481%, Lmin=-106031.89, Lmax=-106030.52
13:41:17 [ultranest] [DEBUG] iteration=3400, ncalls=4897, regioncalls=181680, ndraw=40, logz=-106040.96, remainder_fraction=73.5002%, Lmin=-106031.78, Lmax=-106030.52
13:41:17 [ultranest] [DEBUG] iteration=3433, ncalls=4935, regioncalls=183200, ndraw=40, logz=-106040.85, remainder_fraction=70.4823%, Lmin=-106031.70, Lmax=-106030.52
13:41:17 [ultranest] [DEBUG] iteration=3440, ncalls=4943, regioncalls=183520, ndraw=40, logz=-106040.83, remainder_fraction=69.8524%, Lmin=-106031.66, Lmax=-106030.52
13:41:17 [ultranest] [DEBUG] iteration=3457, ncalls=4963, regioncalls=184360, ndraw=40, logz=-106040.78, remainder_fraction=68.3270%, Lmin=-106031.61, Lmax=-106030.52
13:41:17 [ultranest] [DEBUG] iteration=3480, ncalls=4990, regioncalls=185480, ndraw=40, logz=-106040.71, remainder_fraction=66.0254%, Lmin=-106031.56, Lmax=-106030.52
13:41:18 [ultranest] [DEBUG] iteration=3510, ncalls=5028, regioncalls=187040, ndraw=40, logz=-106040.63, remainder_fraction=63.1786%, Lmin=-106031.46, Lmax=-106030.52
13:41:18 [ultranest] [DEBUG] iteration=3520, ncalls=5040, regioncalls=187520, ndraw=40, logz=-106040.60, remainder_fraction=62.2926%, Lmin=-106031.40, Lmax=-106030.52
13:41:18 [ultranest] [DEBUG] iteration=3547, ncalls=5076, regioncalls=188960, ndraw=40, logz=-106040.53, remainder_fraction=59.5509%, Lmin=-106031.32, Lmax=-106030.52
13:41:18 [ultranest] [DEBUG] iteration=3560, ncalls=5095, regioncalls=189720, ndraw=40, logz=-106040.50, remainder_fraction=58.2205%, Lmin=-106031.31, Lmax=-106030.52
13:41:18 [ultranest] [DEBUG] iteration=3585, ncalls=5136, regioncalls=191360, ndraw=40, logz=-106040.45, remainder_fraction=55.6249%, Lmin=-106031.27, Lmax=-106030.52
13:41:18 [ultranest] [DEBUG] iteration=3600, ncalls=5155, regioncalls=192120, ndraw=40, logz=-106040.41, remainder_fraction=54.1634%, Lmin=-106031.24, Lmax=-106030.52
13:41:18 [ultranest] [DEBUG] iteration=3627, ncalls=5196, regioncalls=193760, ndraw=40, logz=-106040.36, remainder_fraction=51.5804%, Lmin=-106031.18, Lmax=-106030.52
13:41:18 [ultranest] [DEBUG] iteration=3629, ncalls=5199, regioncalls=193920, ndraw=40, logz=-106040.36, remainder_fraction=51.4287%, Lmin=-106031.18, Lmax=-106030.52
13:41:18 [ultranest] [DEBUG] iteration=3640, ncalls=5210, regioncalls=194360, ndraw=40, logz=-106040.33, remainder_fraction=50.4125%, Lmin=-106031.16, Lmax=-106030.52
13:41:18 [ultranest] [DEBUG] iteration=3666, ncalls=5250, regioncalls=195960, ndraw=40, logz=-106040.29, remainder_fraction=47.8993%, Lmin=-106031.12, Lmax=-106030.52
13:41:18 [ultranest] [DEBUG] iteration=3680, ncalls=5267, regioncalls=196640, ndraw=40, logz=-106040.26, remainder_fraction=46.6258%, Lmin=-106031.10, Lmax=-106030.52
13:41:18 [ultranest] [DEBUG] iteration=3711, ncalls=5305, regioncalls=198160, ndraw=40, logz=-106040.21, remainder_fraction=43.8636%, Lmin=-106031.07, Lmax=-106030.52
13:41:18 [ultranest] [DEBUG] iteration=3715, ncalls=5313, regioncalls=198560, ndraw=40, logz=-106040.21, remainder_fraction=43.4942%, Lmin=-106031.06, Lmax=-106030.52
13:41:18 [ultranest] [DEBUG] iteration=3720, ncalls=5318, regioncalls=198760, ndraw=40, logz=-106040.20, remainder_fraction=43.0358%, Lmin=-106031.06, Lmax=-106030.52
13:41:18 [ultranest] [DEBUG] iteration=3752, ncalls=5356, regioncalls=200280, ndraw=40, logz=-106040.16, remainder_fraction=40.4723%, Lmin=-106031.01, Lmax=-106030.52
13:41:18 [ultranest] [DEBUG] iteration=3760, ncalls=5365, regioncalls=200640, ndraw=40, logz=-106040.14, remainder_fraction=39.8291%, Lmin=-106031.00, Lmax=-106030.52
13:41:19 [ultranest] [DEBUG] iteration=3790, ncalls=5404, regioncalls=202200, ndraw=40, logz=-106040.11, remainder_fraction=37.4693%, Lmin=-106030.96, Lmax=-106030.52
13:41:19 [ultranest] [DEBUG] iteration=3800, ncalls=5417, regioncalls=202720, ndraw=40, logz=-106040.09, remainder_fraction=36.7329%, Lmin=-106030.95, Lmax=-106030.52
13:41:19 [ultranest] [DEBUG] iteration=3801, ncalls=5419, regioncalls=202880, ndraw=40, logz=-106040.09, remainder_fraction=36.6514%, Lmin=-106030.95, Lmax=-106030.52
13:41:19 [ultranest] [DEBUG] iteration=3835, ncalls=5455, regioncalls=204360, ndraw=40, logz=-106040.05, remainder_fraction=34.0788%, Lmin=-106030.90, Lmax=-106030.52
13:41:19 [ultranest] [DEBUG] iteration=3840, ncalls=5461, regioncalls=204600, ndraw=40, logz=-106040.05, remainder_fraction=33.6960%, Lmin=-106030.89, Lmax=-106030.52
13:41:19 [ultranest] [DEBUG] iteration=3868, ncalls=5501, regioncalls=206200, ndraw=40, logz=-106040.02, remainder_fraction=31.7086%, Lmin=-106030.87, Lmax=-106030.52
13:41:19 [ultranest] [DEBUG] iteration=3880, ncalls=5517, regioncalls=206840, ndraw=40, logz=-106040.01, remainder_fraction=30.8768%, Lmin=-106030.85, Lmax=-106030.52
13:41:19 [ultranest] [DEBUG] iteration=3887, ncalls=5528, regioncalls=207320, ndraw=40, logz=-106040.00, remainder_fraction=30.4203%, Lmin=-106030.84, Lmax=-106030.52
13:41:19 [ultranest] [DEBUG] iteration=3920, ncalls=5566, regioncalls=208880, ndraw=40, logz=-106039.97, remainder_fraction=28.2728%, Lmin=-106030.82, Lmax=-106030.52
13:41:19 [ultranest] [DEBUG] iteration=3948, ncalls=5605, regioncalls=210440, ndraw=40, logz=-106039.95, remainder_fraction=26.5563%, Lmin=-106030.80, Lmax=-106030.52
13:41:19 [ultranest] [DEBUG] iteration=3960, ncalls=5619, regioncalls=211000, ndraw=40, logz=-106039.94, remainder_fraction=25.8253%, Lmin=-106030.79, Lmax=-106030.52
13:41:19 [ultranest] [DEBUG] iteration=3973, ncalls=5636, regioncalls=211720, ndraw=40, logz=-106039.93, remainder_fraction=25.0756%, Lmin=-106030.78, Lmax=-106030.52
13:41:19 [ultranest] [DEBUG] iteration=4000, ncalls=5671, regioncalls=213120, ndraw=40, logz=-106039.91, remainder_fraction=23.5590%, Lmin=-106030.76, Lmax=-106030.52
13:41:19 [ultranest] [DEBUG] iteration=4032, ncalls=5709, regioncalls=214640, ndraw=40, logz=-106039.88, remainder_fraction=21.8827%, Lmin=-106030.74, Lmax=-106030.52
13:41:19 [ultranest] [DEBUG] iteration=4040, ncalls=5718, regioncalls=215000, ndraw=40, logz=-106039.88, remainder_fraction=21.4798%, Lmin=-106030.73, Lmax=-106030.52
13:41:19 [ultranest] [DEBUG] iteration=4059, ncalls=5743, regioncalls=216040, ndraw=40, logz=-106039.87, remainder_fraction=20.5422%, Lmin=-106030.72, Lmax=-106030.52
13:41:20 [ultranest] [DEBUG] iteration=4080, ncalls=5772, regioncalls=217200, ndraw=40, logz=-106039.85, remainder_fraction=19.5400%, Lmin=-106030.71, Lmax=-106030.52
13:41:20 [ultranest] [DEBUG] iteration=4111, ncalls=5810, regioncalls=218720, ndraw=40, logz=-106039.84, remainder_fraction=18.1561%, Lmin=-106030.70, Lmax=-106030.52
13:41:20 [ultranest] [DEBUG] iteration=4120, ncalls=5822, regioncalls=219200, ndraw=40, logz=-106039.83, remainder_fraction=17.7648%, Lmin=-106030.70, Lmax=-106030.52
13:41:20 [ultranest] [DEBUG] iteration=4145, ncalls=5859, regioncalls=220720, ndraw=40, logz=-106039.82, remainder_fraction=16.7334%, Lmin=-106030.69, Lmax=-106030.52
13:41:20 [ultranest] [DEBUG] iteration=4160, ncalls=5879, regioncalls=221520, ndraw=40, logz=-106039.81, remainder_fraction=16.1435%, Lmin=-106030.68, Lmax=-106030.52
13:41:20 [ultranest] [DEBUG] iteration=4190, ncalls=5918, regioncalls=223080, ndraw=40, logz=-106039.80, remainder_fraction=15.0117%, Lmin=-106030.67, Lmax=-106030.52
13:41:20 [ultranest] [DEBUG] iteration=4200, ncalls=5929, regioncalls=223520, ndraw=40, logz=-106039.80, remainder_fraction=14.6491%, Lmin=-106030.67, Lmax=-106030.52
13:41:20 [ultranest] [DEBUG] iteration=4229, ncalls=5969, regioncalls=225120, ndraw=40, logz=-106039.78, remainder_fraction=13.6541%, Lmin=-106030.65, Lmax=-106030.52
13:41:20 [ultranest] [DEBUG] iteration=4231, ncalls=5971, regioncalls=225240, ndraw=40, logz=-106039.78, remainder_fraction=13.5862%, Lmin=-106030.65, Lmax=-106030.52
13:41:20 [ultranest] [DEBUG] iteration=4240, ncalls=5983, regioncalls=225720, ndraw=40, logz=-106039.78, remainder_fraction=13.2916%, Lmin=-106030.65, Lmax=-106030.52
13:41:20 [ultranest] [DEBUG] iteration=4271, ncalls=6021, regioncalls=227240, ndraw=40, logz=-106039.77, remainder_fraction=12.3139%, Lmin=-106030.64, Lmax=-106030.52
13:41:20 [ultranest] [DEBUG] iteration=4280, ncalls=6031, regioncalls=227640, ndraw=40, logz=-106039.77, remainder_fraction=12.0387%, Lmin=-106030.63, Lmax=-106030.52
13:41:20 [ultranest] [DEBUG] iteration=4311, ncalls=6070, regioncalls=229200, ndraw=40, logz=-106039.76, remainder_fraction=11.1526%, Lmin=-106030.63, Lmax=-106030.52
13:41:20 [ultranest] [DEBUG] iteration=4317, ncalls=6080, regioncalls=229640, ndraw=40, logz=-106039.75, remainder_fraction=10.9896%, Lmin=-106030.62, Lmax=-106030.52
13:41:20 [ultranest] [DEBUG] iteration=4320, ncalls=6083, regioncalls=229760, ndraw=40, logz=-106039.75, remainder_fraction=10.9066%, Lmin=-106030.62, Lmax=-106030.52
13:41:20 [ultranest] [DEBUG] iteration=4351, ncalls=6121, regioncalls=231320, ndraw=40, logz=-106039.74, remainder_fraction=10.0998%, Lmin=-106030.61, Lmax=-106030.52
13:41:21 [ultranest] [DEBUG] iteration=4360, ncalls=6133, regioncalls=231800, ndraw=40, logz=-106039.74, remainder_fraction=9.8790%, Lmin=-106030.61, Lmax=-106030.52
13:41:21 [ultranest] [DEBUG] iteration=4390, ncalls=6172, regioncalls=233360, ndraw=40, logz=-106039.73, remainder_fraction=9.1633%, Lmin=-106030.61, Lmax=-106030.52
13:41:21 [ultranest] [DEBUG] iteration=4400, ncalls=6188, regioncalls=234000, ndraw=40, logz=-106039.73, remainder_fraction=8.9408%, Lmin=-106030.61, Lmax=-106030.52
13:41:21 [ultranest] [DEBUG] iteration=4426, ncalls=6224, regioncalls=235440, ndraw=40, logz=-106039.72, remainder_fraction=8.3702%, Lmin=-106030.60, Lmax=-106030.52
13:41:21 [ultranest] [DEBUG] iteration=4440, ncalls=6245, regioncalls=236280, ndraw=40, logz=-106039.72, remainder_fraction=8.0829%, Lmin=-106030.60, Lmax=-106030.52
13:41:21 [ultranest] [DEBUG] iteration=4473, ncalls=6283, regioncalls=237800, ndraw=40, logz=-106039.71, remainder_fraction=7.4345%, Lmin=-106030.59, Lmax=-106030.52
13:41:21 [ultranest] [DEBUG] iteration=4480, ncalls=6293, regioncalls=238200, ndraw=40, logz=-106039.71, remainder_fraction=7.3057%, Lmin=-106030.59, Lmax=-106030.52
13:41:21 [ultranest] [DEBUG] iteration=4489, ncalls=6306, regioncalls=238760, ndraw=40, logz=-106039.71, remainder_fraction=7.1406%, Lmin=-106030.59, Lmax=-106030.52
13:41:21 [ultranest] [DEBUG] iteration=4519, ncalls=6345, regioncalls=240320, ndraw=40, logz=-106039.71, remainder_fraction=6.6201%, Lmin=-106030.58, Lmax=-106030.52
13:41:21 [ultranest] [DEBUG] iteration=4520, ncalls=6346, regioncalls=240360, ndraw=40, logz=-106039.71, remainder_fraction=6.6034%, Lmin=-106030.58, Lmax=-106030.52
13:41:21 [ultranest] [DEBUG] iteration=4551, ncalls=6386, regioncalls=241960, ndraw=40, logz=-106039.70, remainder_fraction=6.1045%, Lmin=-106030.58, Lmax=-106030.52
13:41:21 [ultranest] [DEBUG] iteration=4560, ncalls=6399, regioncalls=242480, ndraw=40, logz=-106039.70, remainder_fraction=5.9671%, Lmin=-106030.58, Lmax=-106030.52
13:41:21 [ultranest] [DEBUG] iteration=4590, ncalls=6434, regioncalls=243880, ndraw=40, logz=-106039.69, remainder_fraction=5.5283%, Lmin=-106030.58, Lmax=-106030.52
13:41:21 [ultranest] [DEBUG] iteration=4600, ncalls=6447, regioncalls=244400, ndraw=40, logz=-106039.69, remainder_fraction=5.3881%, Lmin=-106030.57, Lmax=-106030.52
13:41:21 [ultranest] [DEBUG] iteration=4628, ncalls=6487, regioncalls=246000, ndraw=40, logz=-106039.69, remainder_fraction=5.0190%, Lmin=-106030.57, Lmax=-106030.52
13:41:22 [ultranest] [DEBUG] iteration=4640, ncalls=6505, regioncalls=246720, ndraw=40, logz=-106039.69, remainder_fraction=4.8673%, Lmin=-106030.57, Lmax=-106030.52
13:41:22 [ultranest] [DEBUG] iteration=4661, ncalls=6538, regioncalls=248200, ndraw=40, logz=-106039.68, remainder_fraction=4.6131%, Lmin=-106030.57, Lmax=-106030.52
13:41:22 [ultranest] [DEBUG] iteration=4680, ncalls=6560, regioncalls=249080, ndraw=40, logz=-106039.68, remainder_fraction=4.3941%, Lmin=-106030.56, Lmax=-106030.52
13:41:22 [ultranest] [DEBUG] iteration=4707, ncalls=6599, regioncalls=250800, ndraw=40, logz=-106039.68, remainder_fraction=4.1006%, Lmin=-106030.56, Lmax=-106030.52
13:41:22 [ultranest] [DEBUG] iteration=4720, ncalls=6619, regioncalls=251600, ndraw=40, logz=-106039.68, remainder_fraction=3.9664%, Lmin=-106030.56, Lmax=-106030.52
13:41:22 [ultranest] [DEBUG] iteration=4747, ncalls=6655, regioncalls=253080, ndraw=40, logz=-106039.67, remainder_fraction=3.7007%, Lmin=-106030.56, Lmax=-106030.52
13:41:22 [ultranest] [DEBUG] iteration=4760, ncalls=6673, regioncalls=253800, ndraw=40, logz=-106039.67, remainder_fraction=3.5794%, Lmin=-106030.56, Lmax=-106030.52
13:41:22 [ultranest] [DEBUG] iteration=4794, ncalls=6710, regioncalls=255360, ndraw=40, logz=-106039.67, remainder_fraction=3.2794%, Lmin=-106030.55, Lmax=-106030.52
13:41:22 [ultranest] [DEBUG] iteration=4800, ncalls=6719, regioncalls=255720, ndraw=40, logz=-106039.67, remainder_fraction=3.2293%, Lmin=-106030.55, Lmax=-106030.52
13:41:22 [ultranest] [DEBUG] iteration=4827, ncalls=6760, regioncalls=257360, ndraw=40, logz=-106039.67, remainder_fraction=3.0125%, Lmin=-106030.55, Lmax=-106030.52
13:41:22 [ultranest] [DEBUG] iteration=4833, ncalls=6768, regioncalls=257720, ndraw=40, logz=-106039.67, remainder_fraction=2.9663%, Lmin=-106030.55, Lmax=-106030.52
13:41:22 [ultranest] [DEBUG] iteration=4840, ncalls=6778, regioncalls=258120, ndraw=40, logz=-106039.67, remainder_fraction=2.9134%, Lmin=-106030.55, Lmax=-106030.52
13:41:22 [ultranest] [DEBUG] iteration=4869, ncalls=6817, regioncalls=259760, ndraw=40, logz=-106039.66, remainder_fraction=2.7033%, Lmin=-106030.55, Lmax=-106030.52
13:41:22 [ultranest] [DEBUG] iteration=4880, ncalls=6831, regioncalls=260320, ndraw=40, logz=-106039.66, remainder_fraction=2.6276%, Lmin=-106030.55, Lmax=-106030.52
13:41:22 [ultranest] [DEBUG] iteration=4913, ncalls=6868, regioncalls=261800, ndraw=40, logz=-106039.66, remainder_fraction=2.4130%, Lmin=-106030.55, Lmax=-106030.52
13:41:23 [ultranest] [DEBUG] iteration=4920, ncalls=6880, regioncalls=262280, ndraw=40, logz=-106039.66, remainder_fraction=2.3697%, Lmin=-106030.54, Lmax=-106030.52
13:41:23 [ultranest] [DEBUG] iteration=4951, ncalls=6918, regioncalls=263800, ndraw=40, logz=-106039.66, remainder_fraction=2.1874%, Lmin=-106030.54, Lmax=-106030.52
13:41:23 [ultranest] [DEBUG] iteration=4960, ncalls=6934, regioncalls=264440, ndraw=40, logz=-106039.66, remainder_fraction=2.1371%, Lmin=-106030.54, Lmax=-106030.52
13:41:23 [ultranest] [DEBUG] iteration=4990, ncalls=6973, regioncalls=266000, ndraw=40, logz=-106039.66, remainder_fraction=1.9775%, Lmin=-106030.54, Lmax=-106030.52
13:41:23 [ultranest] [DEBUG] iteration=5000, ncalls=6987, regioncalls=266560, ndraw=40, logz=-106039.66, remainder_fraction=1.9270%, Lmin=-106030.54, Lmax=-106030.52
13:41:23 [ultranest] [DEBUG] iteration=5005, ncalls=6996, regioncalls=266960, ndraw=40, logz=-106039.66, remainder_fraction=1.9022%, Lmin=-106030.54, Lmax=-106030.52
13:41:23 [ultranest] [DEBUG] iteration=5035, ncalls=7035, regioncalls=268520, ndraw=40, logz=-106039.65, remainder_fraction=1.7599%, Lmin=-106030.54, Lmax=-106030.52
13:41:23 [ultranest] [DEBUG] iteration=5040, ncalls=7043, regioncalls=268840, ndraw=40, logz=-106039.65, remainder_fraction=1.7373%, Lmin=-106030.54, Lmax=-106030.52
13:41:23 [ultranest] [DEBUG] iteration=5069, ncalls=7082, regioncalls=270400, ndraw=40, logz=-106039.65, remainder_fraction=1.6116%, Lmin=-106030.54, Lmax=-106030.52
13:41:23 [ultranest] [DEBUG] iteration=5080, ncalls=7096, regioncalls=270960, ndraw=40, logz=-106039.65, remainder_fraction=1.5662%, Lmin=-106030.54, Lmax=-106030.52
13:41:23 [ultranest] [DEBUG] iteration=5109, ncalls=7131, regioncalls=272360, ndraw=40, logz=-106039.65, remainder_fraction=1.4528%, Lmin=-106030.54, Lmax=-106030.52
13:41:23 [ultranest] [DEBUG] iteration=5120, ncalls=7149, regioncalls=273080, ndraw=40, logz=-106039.65, remainder_fraction=1.4119%, Lmin=-106030.54, Lmax=-106030.52
13:41:23 [ultranest] [DEBUG] iteration=5145, ncalls=7190, regioncalls=274720, ndraw=40, logz=-106039.65, remainder_fraction=1.3233%, Lmin=-106030.54, Lmax=-106030.52
13:41:23 [ultranest] [DEBUG] iteration=5160, ncalls=7214, regioncalls=275680, ndraw=40, logz=-106039.65, remainder_fraction=1.2729%, Lmin=-106030.54, Lmax=-106030.52
13:41:23 [ultranest] [DEBUG] iteration=5177, ncalls=7239, regioncalls=276760, ndraw=40, logz=-106039.65, remainder_fraction=1.2180%, Lmin=-106030.53, Lmax=-106030.52
13:41:24 [ultranest] [DEBUG] iteration=5200, ncalls=7266, regioncalls=277880, ndraw=40, logz=-106039.65, remainder_fraction=1.1474%, Lmin=-106030.53, Lmax=-106030.52
13:41:24 [ultranest] [DEBUG] iteration=5231, ncalls=7304, regioncalls=279400, ndraw=40, logz=-106039.65, remainder_fraction=1.0587%, Lmin=-106030.53, Lmax=-106030.52
13:41:24 [ultranest] [DEBUG] iteration=5240, ncalls=7313, regioncalls=279760, ndraw=40, logz=-106039.65, remainder_fraction=1.0342%, Lmin=-106030.53, Lmax=-106030.52
13:41:24 [ultranest] [INFO] Explored until L=-1e+05  
13:41:24 [ultranest] [INFO] Likelihood function evaluations: 7328
13:41:25 [ultranest] [INFO] Writing samples and results to disk ...
13:41:25 [ultranest] [INFO] Writing samples and results to disk ... done
13:41:25 [ultranest] [DEBUG] did a run_iter pass!
13:41:25 [ultranest] [INFO]   logZ = -1.06e+05 +- 0.1028
13:41:25 [ultranest] [INFO] Effective samples strategy satisfied (ESS = 1500.8, need >400)
13:41:25 [ultranest] [INFO] Posterior uncertainty strategy is satisfied (KL: 0.46+-0.06 nat, need <0.50 nat)
13:41:25 [ultranest] [INFO] Evidency uncertainty strategy is satisfied (dlogz=0.10, need <0.5)
13:41:25 [ultranest] [INFO]   logZ error budget: single: 0.15 bs:0.10 tail:0.01 total:0.10 required:<0.50
13:41:25 [ultranest] [INFO] done iterating.
13:41:25 [ultranest] [DEBUG] Making corner plot ...
13:41:25 [ultranest] [DEBUG] Making corner plot ... done
13:41:25 [ultranest] [DEBUG] Making run plot ... 
13:41:26 [ultranest] [DEBUG] Making run plot ... done
13:41:26 [ultranest] [DEBUG] Making trace plot ... 
13:41:27 [ultranest] [DEBUG] Making trace plot ... done
