15:29:49 [ultranest] [DEBUG] ReactiveNestedSampler: dims=2+0, resume=False, log_dir=./m-values/N16/S24/M16/T031/P025/NF2/sample_rho, backend=hdf5, vectorized=False, nbootstraps=30, ndraw=128..65536
15:29:49 [ultranest] [INFO] Sampling 400 live points from prior ...
15:29:50 [ultranest] [DEBUG] run_iter dlogz=0.5, dKL=0.5, frac_remain=0.01, Lepsilon=0.0010, min_ess=400
15:29:50 [ultranest] [DEBUG] max_iters=-1, max_ncalls=-1, max_num_improvement_loops=-1, min_num_live_points=400, cluster_num_live_points=40
15:29:50 [ultranest] [DEBUG] minimal_widths_sequence: [(-inf, 400.0), (inf, 400.0)]
15:29:50 [ultranest] [DEBUG] Plateau detected at L=-9.210340e+06, not replacing live point.
15:29:50 [ultranest] [DEBUG] Plateau detected at L=-9.210340e+06, not replacing live point.
15:29:50 [ultranest] [DEBUG] Plateau detected at L=-9.210340e+06, not replacing live point.
15:29:50 [ultranest] [DEBUG] Plateau detected at L=-9.210340e+06, not replacing live point.
15:29:50 [ultranest] [DEBUG] Plateau detected at L=-9.210340e+06, not replacing live point.
15:29:50 [ultranest] [DEBUG] Plateau detected at L=-9.210340e+06, not replacing live point.
15:29:50 [ultranest] [DEBUG] Plateau detected at L=-9.210340e+06, not replacing live point.
15:29:50 [ultranest] [DEBUG] Plateau detected at L=-9.210340e+06, not replacing live point.
15:29:50 [ultranest] [DEBUG] Plateau detected at L=-9.210340e+06, not replacing live point.
15:29:50 [ultranest] [DEBUG] Plateau detected at L=-9.210340e+06, not replacing live point.
15:29:50 [ultranest] [DEBUG] Plateau detected at L=-9.210340e+06, not replacing live point.
15:29:50 [ultranest] [DEBUG] Plateau detected at L=-9.210340e+06, not replacing live point.
15:29:50 [ultranest] [DEBUG] Plateau detected at L=-9.210340e+06, not replacing live point.
15:29:50 [ultranest] [DEBUG] Plateau detected at L=-9.210340e+06, not replacing live point.
15:29:50 [ultranest] [DEBUG] iteration=14, ncalls=401, regioncalls=40, ndraw=40, logz=-9210343.72, remainder_fraction=100.0000%, Lmin=-9210340.37, Lmax=-70552.31
15:29:50 [ultranest] [DEBUG] iteration=40, ncalls=429, regioncalls=1160, ndraw=40, logz=-84609.23, remainder_fraction=100.0000%, Lmin=-84470.59, Lmax=-70549.60
15:29:50 [ultranest] [DEBUG] iteration=80, ncalls=474, regioncalls=2960, ndraw=40, logz=-81521.08, remainder_fraction=100.0000%, Lmin=-81512.39, Lmax=-70549.60
15:29:50 [ultranest] [DEBUG] iteration=101, ncalls=497, regioncalls=3880, ndraw=40, logz=-80531.66, remainder_fraction=100.0000%, Lmin=-80425.66, Lmax=-70549.60
15:29:50 [ultranest] [DEBUG] iteration=120, ncalls=518, regioncalls=4720, ndraw=40, logz=-79650.40, remainder_fraction=100.0000%, Lmin=-79633.53, Lmax=-70549.60
15:29:50 [ultranest] [DEBUG] iteration=160, ncalls=560, regioncalls=6400, ndraw=40, logz=-78305.94, remainder_fraction=100.0000%, Lmin=-78268.95, Lmax=-70549.60
15:29:50 [ultranest] [DEBUG] iteration=199, ncalls=603, regioncalls=8120, ndraw=40, logz=-77098.44, remainder_fraction=100.0000%, Lmin=-77089.68, Lmax=-70549.60
15:29:50 [ultranest] [DEBUG] iteration=200, ncalls=604, regioncalls=8160, ndraw=40, logz=-77096.06, remainder_fraction=100.0000%, Lmin=-77035.39, Lmax=-70549.60
15:29:51 [ultranest] [DEBUG] iteration=238, ncalls=652, regioncalls=10080, ndraw=40, logz=-76267.71, remainder_fraction=100.0000%, Lmin=-76243.52, Lmax=-70549.60
15:29:51 [ultranest] [DEBUG] iteration=240, ncalls=655, regioncalls=10200, ndraw=40, logz=-76215.09, remainder_fraction=100.0000%, Lmin=-76200.37, Lmax=-70549.60
15:29:51 [ultranest] [DEBUG] iteration=275, ncalls=702, regioncalls=12080, ndraw=40, logz=-75575.73, remainder_fraction=100.0000%, Lmin=-75563.81, Lmax=-70549.60
15:29:51 [ultranest] [DEBUG] iteration=280, ncalls=708, regioncalls=12320, ndraw=40, logz=-75427.65, remainder_fraction=100.0000%, Lmin=-75416.70, Lmax=-70549.60
15:29:51 [ultranest] [DEBUG] iteration=317, ncalls=761, regioncalls=14440, ndraw=40, logz=-74908.96, remainder_fraction=100.0000%, Lmin=-74875.40, Lmax=-70549.60
15:29:51 [ultranest] [DEBUG] iteration=320, ncalls=765, regioncalls=14600, ndraw=40, logz=-74858.12, remainder_fraction=100.0000%, Lmin=-74834.11, Lmax=-70549.60
15:29:51 [ultranest] [DEBUG] iteration=359, ncalls=816, regioncalls=16640, ndraw=40, logz=-74276.74, remainder_fraction=100.0000%, Lmin=-74233.06, Lmax=-70549.60
15:29:51 [ultranest] [DEBUG] iteration=360, ncalls=817, regioncalls=16680, ndraw=40, logz=-74239.95, remainder_fraction=100.0000%, Lmin=-74230.72, Lmax=-70549.60
15:29:51 [ultranest] [DEBUG] iteration=362, ncalls=819, regioncalls=16760, ndraw=40, logz=-74235.40, remainder_fraction=100.0000%, Lmin=-74228.11, Lmax=-70549.60
15:29:51 [ultranest] [DEBUG] iteration=400, ncalls=868, regioncalls=18720, ndraw=40, logz=-73909.07, remainder_fraction=100.0000%, Lmin=-73899.18, Lmax=-70549.60
15:29:51 [ultranest] [DEBUG] iteration=440, ncalls=919, regioncalls=20760, ndraw=40, logz=-73538.01, remainder_fraction=100.0000%, Lmin=-73528.03, Lmax=-70549.60
15:29:51 [ultranest] [DEBUG] iteration=449, ncalls=931, regioncalls=21240, ndraw=40, logz=-73477.23, remainder_fraction=100.0000%, Lmin=-73467.67, Lmax=-70549.60
15:29:51 [ultranest] [DEBUG] iteration=480, ncalls=974, regioncalls=22960, ndraw=40, logz=-73270.24, remainder_fraction=100.0000%, Lmin=-73259.08, Lmax=-70549.60
15:29:51 [ultranest] [DEBUG] iteration=518, ncalls=1025, regioncalls=25000, ndraw=40, logz=-72981.98, remainder_fraction=100.0000%, Lmin=-72972.43, Lmax=-70549.60
15:29:51 [ultranest] [DEBUG] iteration=520, ncalls=1027, regioncalls=25080, ndraw=40, logz=-72975.25, remainder_fraction=100.0000%, Lmin=-72960.97, Lmax=-70549.60
15:29:51 [ultranest] [DEBUG] iteration=550, ncalls=1077, regioncalls=27080, ndraw=40, logz=-72816.29, remainder_fraction=100.0000%, Lmin=-72804.57, Lmax=-70549.60
15:29:51 [ultranest] [DEBUG] iteration=560, ncalls=1090, regioncalls=27600, ndraw=40, logz=-72746.38, remainder_fraction=100.0000%, Lmin=-72738.30, Lmax=-70549.60
15:29:52 [ultranest] [DEBUG] iteration=595, ncalls=1143, regioncalls=29720, ndraw=40, logz=-72507.55, remainder_fraction=100.0000%, Lmin=-72499.96, Lmax=-70549.60
15:29:52 [ultranest] [DEBUG] iteration=600, ncalls=1152, regioncalls=30080, ndraw=40, logz=-72497.19, remainder_fraction=100.0000%, Lmin=-72475.63, Lmax=-70549.60
15:29:52 [ultranest] [DEBUG] iteration=623, ncalls=1182, regioncalls=31280, ndraw=40, logz=-72342.25, remainder_fraction=100.0000%, Lmin=-72330.94, Lmax=-70543.24
15:29:52 [ultranest] [DEBUG] iteration=640, ncalls=1201, regioncalls=32040, ndraw=40, logz=-72273.62, remainder_fraction=100.0000%, Lmin=-72260.12, Lmax=-70543.24
15:29:52 [ultranest] [DEBUG] iteration=680, ncalls=1251, regioncalls=34040, ndraw=40, logz=-72049.08, remainder_fraction=100.0000%, Lmin=-72038.30, Lmax=-70543.24
15:29:52 [ultranest] [DEBUG] iteration=710, ncalls=1286, regioncalls=35440, ndraw=40, logz=-71914.50, remainder_fraction=100.0000%, Lmin=-71906.46, Lmax=-70543.24
15:29:52 [ultranest] [DEBUG] iteration=720, ncalls=1296, regioncalls=35840, ndraw=40, logz=-71885.60, remainder_fraction=100.0000%, Lmin=-71875.18, Lmax=-70543.24
15:29:52 [ultranest] [DEBUG] iteration=760, ncalls=1346, regioncalls=37840, ndraw=40, logz=-71748.15, remainder_fraction=100.0000%, Lmin=-71733.30, Lmax=-70543.24
15:29:52 [ultranest] [DEBUG] iteration=797, ncalls=1394, regioncalls=39760, ndraw=40, logz=-71636.72, remainder_fraction=100.0000%, Lmin=-71628.31, Lmax=-70543.24
15:29:52 [ultranest] [DEBUG] iteration=800, ncalls=1401, regioncalls=40040, ndraw=40, logz=-71623.41, remainder_fraction=100.0000%, Lmin=-71611.62, Lmax=-70543.24
15:29:52 [ultranest] [DEBUG] iteration=838, ncalls=1453, regioncalls=42120, ndraw=40, logz=-71496.77, remainder_fraction=100.0000%, Lmin=-71486.64, Lmax=-70543.24
15:29:52 [ultranest] [DEBUG] iteration=840, ncalls=1456, regioncalls=42240, ndraw=40, logz=-71489.80, remainder_fraction=100.0000%, Lmin=-71480.61, Lmax=-70543.24
15:29:52 [ultranest] [DEBUG] iteration=877, ncalls=1508, regioncalls=44320, ndraw=40, logz=-71370.85, remainder_fraction=100.0000%, Lmin=-71362.57, Lmax=-70543.24
15:29:52 [ultranest] [DEBUG] iteration=880, ncalls=1511, regioncalls=44440, ndraw=40, logz=-71357.11, remainder_fraction=100.0000%, Lmin=-71348.16, Lmax=-70543.24
15:29:52 [ultranest] [DEBUG] iteration=884, ncalls=1518, regioncalls=44720, ndraw=40, logz=-71352.90, remainder_fraction=100.0000%, Lmin=-71343.83, Lmax=-70543.24
15:29:52 [ultranest] [DEBUG] iteration=920, ncalls=1563, regioncalls=46520, ndraw=40, logz=-71281.32, remainder_fraction=100.0000%, Lmin=-71270.72, Lmax=-70543.24
15:29:52 [ultranest] [DEBUG] iteration=960, ncalls=1612, regioncalls=48480, ndraw=40, logz=-71198.44, remainder_fraction=100.0000%, Lmin=-71189.65, Lmax=-70543.24
15:29:53 [ultranest] [DEBUG] iteration=971, ncalls=1627, regioncalls=49080, ndraw=40, logz=-71177.29, remainder_fraction=100.0000%, Lmin=-71168.79, Lmax=-70543.24
15:29:53 [ultranest] [DEBUG] iteration=1000, ncalls=1658, regioncalls=50360, ndraw=40, logz=-71123.14, remainder_fraction=100.0000%, Lmin=-71114.70, Lmax=-70543.24
15:29:53 [ultranest] [DEBUG] iteration=1039, ncalls=1708, regioncalls=52400, ndraw=40, logz=-71064.88, remainder_fraction=100.0000%, Lmin=-71055.74, Lmax=-70543.24
15:29:53 [ultranest] [DEBUG] iteration=1040, ncalls=1709, regioncalls=52440, ndraw=40, logz=-71063.91, remainder_fraction=100.0000%, Lmin=-71055.74, Lmax=-70543.24
15:29:53 [ultranest] [DEBUG] iteration=1077, ncalls=1756, regioncalls=54320, ndraw=40, logz=-71018.42, remainder_fraction=100.0000%, Lmin=-71009.36, Lmax=-70543.24
15:29:53 [ultranest] [DEBUG] iteration=1080, ncalls=1761, regioncalls=54520, ndraw=40, logz=-71016.31, remainder_fraction=100.0000%, Lmin=-71008.32, Lmax=-70543.24
15:29:53 [ultranest] [DEBUG] iteration=1118, ncalls=1812, regioncalls=56560, ndraw=40, logz=-70973.72, remainder_fraction=100.0000%, Lmin=-70962.72, Lmax=-70543.24
15:29:53 [ultranest] [DEBUG] iteration=1120, ncalls=1815, regioncalls=56680, ndraw=40, logz=-70970.74, remainder_fraction=100.0000%, Lmin=-70957.58, Lmax=-70543.24
15:29:53 [ultranest] [DEBUG] iteration=1145, ncalls=1854, regioncalls=58240, ndraw=40, logz=-70932.64, remainder_fraction=100.0000%, Lmin=-70923.70, Lmax=-70543.24
15:29:53 [ultranest] [DEBUG] iteration=1160, ncalls=1873, regioncalls=59000, ndraw=40, logz=-70915.22, remainder_fraction=100.0000%, Lmin=-70906.85, Lmax=-70543.24
15:29:53 [ultranest] [DEBUG] iteration=1199, ncalls=1924, regioncalls=61080, ndraw=40, logz=-70879.84, remainder_fraction=100.0000%, Lmin=-70871.30, Lmax=-70543.24
15:29:53 [ultranest] [DEBUG] iteration=1200, ncalls=1925, regioncalls=61120, ndraw=40, logz=-70879.37, remainder_fraction=100.0000%, Lmin=-70870.61, Lmax=-70543.24
15:29:53 [ultranest] [DEBUG] iteration=1232, ncalls=1970, regioncalls=62920, ndraw=40, logz=-70858.52, remainder_fraction=100.0000%, Lmin=-70850.52, Lmax=-70543.24
15:29:53 [ultranest] [DEBUG] iteration=1240, ncalls=1979, regioncalls=63320, ndraw=40, logz=-70853.92, remainder_fraction=100.0000%, Lmin=-70844.32, Lmax=-70543.24
15:29:53 [ultranest] [DEBUG] iteration=1280, ncalls=2023, regioncalls=65080, ndraw=40, logz=-70815.71, remainder_fraction=100.0000%, Lmin=-70806.82, Lmax=-70543.24
15:29:53 [ultranest] [DEBUG] iteration=1319, ncalls=2073, regioncalls=67080, ndraw=40, logz=-70778.66, remainder_fraction=100.0000%, Lmin=-70770.12, Lmax=-70543.24
15:29:53 [ultranest] [DEBUG] iteration=1320, ncalls=2075, regioncalls=67160, ndraw=40, logz=-70778.30, remainder_fraction=100.0000%, Lmin=-70769.90, Lmax=-70543.24
15:29:54 [ultranest] [DEBUG] iteration=1359, ncalls=2122, regioncalls=69120, ndraw=40, logz=-70756.69, remainder_fraction=100.0000%, Lmin=-70748.10, Lmax=-70543.24
15:29:54 [ultranest] [DEBUG] iteration=1360, ncalls=2123, regioncalls=69160, ndraw=40, logz=-70756.34, remainder_fraction=100.0000%, Lmin=-70747.93, Lmax=-70543.24
15:29:54 [ultranest] [DEBUG] iteration=1399, ncalls=2174, regioncalls=71200, ndraw=40, logz=-70736.86, remainder_fraction=100.0000%, Lmin=-70727.43, Lmax=-70543.24
15:29:54 [ultranest] [DEBUG] iteration=1400, ncalls=2175, regioncalls=71240, ndraw=40, logz=-70736.24, remainder_fraction=100.0000%, Lmin=-70727.27, Lmax=-70543.24
15:29:54 [ultranest] [DEBUG] iteration=1406, ncalls=2185, regioncalls=71680, ndraw=40, logz=-70733.25, remainder_fraction=100.0000%, Lmin=-70724.76, Lmax=-70543.24
15:29:54 [ultranest] [DEBUG] iteration=1440, ncalls=2224, regioncalls=73240, ndraw=40, logz=-70713.43, remainder_fraction=100.0000%, Lmin=-70705.11, Lmax=-70543.24
15:29:54 [ultranest] [DEBUG] iteration=1478, ncalls=2277, regioncalls=75360, ndraw=40, logz=-70696.82, remainder_fraction=100.0000%, Lmin=-70687.92, Lmax=-70543.03
15:29:54 [ultranest] [DEBUG] iteration=1480, ncalls=2280, regioncalls=75480, ndraw=40, logz=-70696.17, remainder_fraction=100.0000%, Lmin=-70687.67, Lmax=-70543.03
15:29:54 [ultranest] [DEBUG] iteration=1493, ncalls=2298, regioncalls=76200, ndraw=40, logz=-70688.73, remainder_fraction=100.0000%, Lmin=-70680.09, Lmax=-70543.03
15:29:54 [ultranest] [DEBUG] iteration=1520, ncalls=2330, regioncalls=77520, ndraw=40, logz=-70678.91, remainder_fraction=100.0000%, Lmin=-70669.20, Lmax=-70543.03
15:29:54 [ultranest] [DEBUG] iteration=1560, ncalls=2378, regioncalls=79440, ndraw=40, logz=-70666.58, remainder_fraction=100.0000%, Lmin=-70658.27, Lmax=-70543.03
15:29:54 [ultranest] [DEBUG] iteration=1597, ncalls=2425, regioncalls=81320, ndraw=40, logz=-70655.40, remainder_fraction=100.0000%, Lmin=-70646.69, Lmax=-70543.03
15:29:54 [ultranest] [DEBUG] iteration=1600, ncalls=2428, regioncalls=81440, ndraw=40, logz=-70654.78, remainder_fraction=100.0000%, Lmin=-70645.82, Lmax=-70543.03
15:29:54 [ultranest] [DEBUG] iteration=1636, ncalls=2481, regioncalls=83560, ndraw=40, logz=-70644.65, remainder_fraction=100.0000%, Lmin=-70635.77, Lmax=-70543.03
15:29:54 [ultranest] [DEBUG] iteration=1640, ncalls=2487, regioncalls=83800, ndraw=40, logz=-70643.68, remainder_fraction=100.0000%, Lmin=-70634.86, Lmax=-70543.03
15:29:54 [ultranest] [DEBUG] iteration=1667, ncalls=2528, regioncalls=85440, ndraw=40, logz=-70635.67, remainder_fraction=100.0000%, Lmin=-70626.33, Lmax=-70543.03
15:29:54 [ultranest] [DEBUG] iteration=1680, ncalls=2546, regioncalls=86200, ndraw=40, logz=-70632.97, remainder_fraction=100.0000%, Lmin=-70624.37, Lmax=-70543.03
15:29:55 [ultranest] [DEBUG] iteration=1706, ncalls=2580, regioncalls=87560, ndraw=40, logz=-70626.42, remainder_fraction=100.0000%, Lmin=-70617.53, Lmax=-70543.03
15:29:55 [ultranest] [DEBUG] iteration=1720, ncalls=2596, regioncalls=88200, ndraw=40, logz=-70623.22, remainder_fraction=100.0000%, Lmin=-70614.14, Lmax=-70543.03
15:29:55 [ultranest] [DEBUG] iteration=1753, ncalls=2647, regioncalls=90280, ndraw=40, logz=-70617.25, remainder_fraction=100.0000%, Lmin=-70608.36, Lmax=-70543.03
15:29:55 [ultranest] [DEBUG] iteration=1754, ncalls=2648, regioncalls=90400, ndraw=40, logz=-70617.07, remainder_fraction=100.0000%, Lmin=-70608.19, Lmax=-70543.03
15:29:55 [ultranest] [DEBUG] iteration=1760, ncalls=2654, regioncalls=90640, ndraw=40, logz=-70616.18, remainder_fraction=100.0000%, Lmin=-70607.78, Lmax=-70543.03
15:29:55 [ultranest] [DEBUG] iteration=1797, ncalls=2703, regioncalls=92600, ndraw=40, logz=-70610.78, remainder_fraction=100.0000%, Lmin=-70602.02, Lmax=-70543.03
15:29:55 [ultranest] [DEBUG] iteration=1800, ncalls=2709, regioncalls=92840, ndraw=40, logz=-70610.31, remainder_fraction=100.0000%, Lmin=-70601.49, Lmax=-70543.03
15:29:55 [ultranest] [DEBUG] iteration=1836, ncalls=2763, regioncalls=95040, ndraw=40, logz=-70605.51, remainder_fraction=100.0000%, Lmin=-70596.98, Lmax=-70543.03
15:29:55 [ultranest] [DEBUG] iteration=1840, ncalls=2767, regioncalls=95200, ndraw=40, logz=-70605.10, remainder_fraction=100.0000%, Lmin=-70596.50, Lmax=-70543.03
15:29:55 [ultranest] [DEBUG] iteration=1876, ncalls=2815, regioncalls=97120, ndraw=40, logz=-70600.16, remainder_fraction=100.0000%, Lmin=-70591.60, Lmax=-70543.03
15:29:55 [ultranest] [DEBUG] iteration=1880, ncalls=2819, regioncalls=97280, ndraw=40, logz=-70599.60, remainder_fraction=100.0000%, Lmin=-70590.62, Lmax=-70543.03
15:29:55 [ultranest] [DEBUG] iteration=1917, ncalls=2871, regioncalls=99360, ndraw=40, logz=-70596.02, remainder_fraction=100.0000%, Lmin=-70587.22, Lmax=-70543.03
15:29:55 [ultranest] [DEBUG] iteration=1920, ncalls=2877, regioncalls=99600, ndraw=40, logz=-70595.63, remainder_fraction=100.0000%, Lmin=-70586.75, Lmax=-70543.03
15:29:55 [ultranest] [DEBUG] iteration=1928, ncalls=2887, regioncalls=100040, ndraw=40, logz=-70594.65, remainder_fraction=100.0000%, Lmin=-70585.91, Lmax=-70543.03
15:29:55 [ultranest] [DEBUG] iteration=1960, ncalls=2928, regioncalls=101680, ndraw=40, logz=-70591.16, remainder_fraction=100.0000%, Lmin=-70582.12, Lmax=-70543.03
15:29:55 [ultranest] [DEBUG] iteration=1998, ncalls=2980, regioncalls=103760, ndraw=40, logz=-70587.66, remainder_fraction=100.0000%, Lmin=-70579.11, Lmax=-70543.03
15:29:55 [ultranest] [DEBUG] iteration=2000, ncalls=2982, regioncalls=103840, ndraw=40, logz=-70587.52, remainder_fraction=100.0000%, Lmin=-70579.06, Lmax=-70543.03
15:29:55 [ultranest] [DEBUG] iteration=2015, ncalls=3001, regioncalls=104680, ndraw=40, logz=-70586.55, remainder_fraction=100.0000%, Lmin=-70578.18, Lmax=-70543.03
15:29:55 [ultranest] [DEBUG] iteration=2040, ncalls=3037, regioncalls=106120, ndraw=40, logz=-70584.39, remainder_fraction=100.0000%, Lmin=-70575.44, Lmax=-70543.03
15:29:56 [ultranest] [DEBUG] iteration=2076, ncalls=3091, regioncalls=108280, ndraw=40, logz=-70581.15, remainder_fraction=100.0000%, Lmin=-70572.41, Lmax=-70543.03
15:29:56 [ultranest] [DEBUG] iteration=2080, ncalls=3095, regioncalls=108440, ndraw=40, logz=-70580.86, remainder_fraction=100.0000%, Lmin=-70572.19, Lmax=-70543.03
15:29:56 [ultranest] [DEBUG] iteration=2102, ncalls=3122, regioncalls=109520, ndraw=40, logz=-70579.48, remainder_fraction=100.0000%, Lmin=-70570.72, Lmax=-70543.03
15:29:56 [ultranest] [DEBUG] iteration=2120, ncalls=3143, regioncalls=110400, ndraw=40, logz=-70578.26, remainder_fraction=100.0000%, Lmin=-70569.50, Lmax=-70543.03
15:29:56 [ultranest] [DEBUG] iteration=2160, ncalls=3191, regioncalls=112320, ndraw=40, logz=-70575.23, remainder_fraction=100.0000%, Lmin=-70566.33, Lmax=-70543.03
15:29:56 [ultranest] [DEBUG] iteration=2200, ncalls=3235, regioncalls=114080, ndraw=40, logz=-70572.92, remainder_fraction=100.0000%, Lmin=-70564.39, Lmax=-70543.03
15:29:56 [ultranest] [DEBUG] iteration=2238, ncalls=3286, regioncalls=116120, ndraw=40, logz=-70571.25, remainder_fraction=100.0000%, Lmin=-70562.87, Lmax=-70543.03
15:29:56 [ultranest] [DEBUG] iteration=2240, ncalls=3289, regioncalls=116240, ndraw=40, logz=-70571.18, remainder_fraction=100.0000%, Lmin=-70562.80, Lmax=-70543.03
15:29:56 [ultranest] [DEBUG] iteration=2276, ncalls=3341, regioncalls=118360, ndraw=40, logz=-70569.76, remainder_fraction=100.0000%, Lmin=-70560.95, Lmax=-70543.03
15:29:56 [ultranest] [DEBUG] iteration=2280, ncalls=3345, regioncalls=118520, ndraw=40, logz=-70569.57, remainder_fraction=100.0000%, Lmin=-70560.61, Lmax=-70543.03
15:29:56 [ultranest] [DEBUG] iteration=2316, ncalls=3395, regioncalls=120520, ndraw=40, logz=-70568.03, remainder_fraction=100.0000%, Lmin=-70559.29, Lmax=-70543.03
15:29:56 [ultranest] [DEBUG] iteration=2320, ncalls=3400, regioncalls=120720, ndraw=40, logz=-70567.86, remainder_fraction=100.0000%, Lmin=-70558.95, Lmax=-70543.03
15:29:56 [ultranest] [DEBUG] iteration=2358, ncalls=3451, regioncalls=122840, ndraw=40, logz=-70566.40, remainder_fraction=99.9999%, Lmin=-70557.76, Lmax=-70543.03
15:29:56 [ultranest] [DEBUG] iteration=2360, ncalls=3453, regioncalls=122920, ndraw=40, logz=-70566.34, remainder_fraction=99.9999%, Lmin=-70557.70, Lmax=-70543.03
15:29:56 [ultranest] [DEBUG] iteration=2398, ncalls=3500, regioncalls=124800, ndraw=40, logz=-70565.07, remainder_fraction=99.9998%, Lmin=-70556.35, Lmax=-70543.03
15:29:56 [ultranest] [DEBUG] iteration=2400, ncalls=3502, regioncalls=124880, ndraw=40, logz=-70565.01, remainder_fraction=99.9998%, Lmin=-70556.24, Lmax=-70543.03
15:29:57 [ultranest] [DEBUG] iteration=2440, ncalls=3552, regioncalls=126880, ndraw=40, logz=-70563.62, remainder_fraction=99.9992%, Lmin=-70554.58, Lmax=-70543.03
15:29:57 [ultranest] [DEBUG] iteration=2450, ncalls=3564, regioncalls=127400, ndraw=40, logz=-70563.25, remainder_fraction=99.9988%, Lmin=-70554.24, Lmax=-70543.03
15:29:57 [ultranest] [DEBUG] iteration=2480, ncalls=3598, regioncalls=128760, ndraw=40, logz=-70562.37, remainder_fraction=99.9972%, Lmin=-70553.51, Lmax=-70543.03
15:29:57 [ultranest] [DEBUG] iteration=2520, ncalls=3648, regioncalls=130760, ndraw=40, logz=-70561.15, remainder_fraction=99.9906%, Lmin=-70552.24, Lmax=-70543.03
15:29:57 [ultranest] [DEBUG] iteration=2537, ncalls=3676, regioncalls=131920, ndraw=40, logz=-70560.70, remainder_fraction=99.9853%, Lmin=-70551.88, Lmax=-70543.03
15:29:57 [ultranest] [DEBUG] iteration=2560, ncalls=3704, regioncalls=133040, ndraw=40, logz=-70560.18, remainder_fraction=99.9754%, Lmin=-70551.39, Lmax=-70543.03
15:29:57 [ultranest] [DEBUG] iteration=2600, ncalls=3752, regioncalls=134960, ndraw=40, logz=-70559.35, remainder_fraction=99.9452%, Lmin=-70550.54, Lmax=-70543.03
15:29:57 [ultranest] [DEBUG] iteration=2624, ncalls=3789, regioncalls=136480, ndraw=40, logz=-70558.87, remainder_fraction=99.9119%, Lmin=-70550.08, Lmax=-70543.03
15:29:57 [ultranest] [DEBUG] iteration=2640, ncalls=3809, regioncalls=137280, ndraw=40, logz=-70558.58, remainder_fraction=99.8828%, Lmin=-70549.86, Lmax=-70543.03
15:29:57 [ultranest] [DEBUG] iteration=2678, ncalls=3858, regioncalls=139280, ndraw=40, logz=-70557.97, remainder_fraction=99.7788%, Lmin=-70549.28, Lmax=-70543.03
15:29:57 [ultranest] [DEBUG] iteration=2680, ncalls=3860, regioncalls=139360, ndraw=40, logz=-70557.94, remainder_fraction=99.7754%, Lmin=-70549.26, Lmax=-70543.03
15:29:57 [ultranest] [DEBUG] iteration=2712, ncalls=3909, regioncalls=141360, ndraw=40, logz=-70557.50, remainder_fraction=99.6634%, Lmin=-70548.82, Lmax=-70543.03
15:29:57 [ultranest] [DEBUG] iteration=2720, ncalls=3921, regioncalls=141840, ndraw=40, logz=-70557.39, remainder_fraction=99.6295%, Lmin=-70548.66, Lmax=-70543.03
15:29:57 [ultranest] [DEBUG] iteration=2759, ncalls=3971, regioncalls=143840, ndraw=40, logz=-70556.90, remainder_fraction=99.3751%, Lmin=-70548.11, Lmax=-70543.03
15:29:57 [ultranest] [DEBUG] iteration=2760, ncalls=3972, regioncalls=143880, ndraw=40, logz=-70556.88, remainder_fraction=99.3686%, Lmin=-70548.10, Lmax=-70543.03
15:29:57 [ultranest] [DEBUG] iteration=2794, ncalls=4025, regioncalls=146000, ndraw=40, logz=-70556.45, remainder_fraction=99.0328%, Lmin=-70547.61, Lmax=-70543.03
15:29:58 [ultranest] [DEBUG] iteration=2800, ncalls=4033, regioncalls=146320, ndraw=40, logz=-70556.37, remainder_fraction=98.9549%, Lmin=-70547.56, Lmax=-70543.03
15:29:58 [ultranest] [DEBUG] iteration=2833, ncalls=4082, regioncalls=148280, ndraw=40, logz=-70555.99, remainder_fraction=98.4747%, Lmin=-70547.17, Lmax=-70543.03
15:29:58 [ultranest] [DEBUG] iteration=2840, ncalls=4094, regioncalls=148760, ndraw=40, logz=-70555.91, remainder_fraction=98.3475%, Lmin=-70547.08, Lmax=-70543.03
15:29:58 [ultranest] [DEBUG] iteration=2875, ncalls=4147, regioncalls=150880, ndraw=40, logz=-70555.53, remainder_fraction=97.5949%, Lmin=-70546.71, Lmax=-70543.03
15:29:58 [ultranest] [DEBUG] iteration=2880, ncalls=4157, regioncalls=151280, ndraw=40, logz=-70555.48, remainder_fraction=97.4888%, Lmin=-70546.67, Lmax=-70543.03
15:29:58 [ultranest] [DEBUG] iteration=2885, ncalls=4163, regioncalls=151600, ndraw=40, logz=-70555.43, remainder_fraction=97.3392%, Lmin=-70546.62, Lmax=-70543.03
15:29:58 [ultranest] [DEBUG] iteration=2919, ncalls=4217, regioncalls=153760, ndraw=40, logz=-70555.12, remainder_fraction=96.4656%, Lmin=-70546.33, Lmax=-70543.03
15:29:58 [ultranest] [DEBUG] iteration=2920, ncalls=4219, regioncalls=153840, ndraw=40, logz=-70555.11, remainder_fraction=96.4408%, Lmin=-70546.32, Lmax=-70543.03
15:29:58 [ultranest] [DEBUG] iteration=2957, ncalls=4270, regioncalls=155880, ndraw=40, logz=-70554.80, remainder_fraction=95.1343%, Lmin=-70546.06, Lmax=-70543.03
15:29:58 [ultranest] [DEBUG] iteration=2960, ncalls=4274, regioncalls=156040, ndraw=40, logz=-70554.78, remainder_fraction=95.0229%, Lmin=-70546.06, Lmax=-70543.03
15:29:58 [ultranest] [DEBUG] iteration=2972, ncalls=4289, regioncalls=156680, ndraw=40, logz=-70554.69, remainder_fraction=94.6289%, Lmin=-70545.96, Lmax=-70543.03
15:29:58 [ultranest] [DEBUG] iteration=3000, ncalls=4325, regioncalls=158120, ndraw=40, logz=-70554.48, remainder_fraction=93.3385%, Lmin=-70545.64, Lmax=-70543.03
15:29:58 [ultranest] [DEBUG] iteration=3038, ncalls=4377, regioncalls=160200, ndraw=40, logz=-70554.21, remainder_fraction=91.2010%, Lmin=-70545.37, Lmax=-70543.03
15:29:58 [ultranest] [DEBUG] iteration=3040, ncalls=4380, regioncalls=160320, ndraw=40, logz=-70554.19, remainder_fraction=91.0817%, Lmin=-70545.35, Lmax=-70543.03
15:29:58 [ultranest] [DEBUG] iteration=3059, ncalls=4406, regioncalls=161400, ndraw=40, logz=-70554.07, remainder_fraction=89.8225%, Lmin=-70545.25, Lmax=-70543.03
15:29:58 [ultranest] [DEBUG] iteration=3080, ncalls=4431, regioncalls=162400, ndraw=40, logz=-70553.94, remainder_fraction=88.4688%, Lmin=-70545.12, Lmax=-70543.03
15:29:58 [ultranest] [DEBUG] iteration=3118, ncalls=4481, regioncalls=164400, ndraw=40, logz=-70553.73, remainder_fraction=85.6204%, Lmin=-70544.94, Lmax=-70543.03
15:29:58 [ultranest] [DEBUG] iteration=3120, ncalls=4483, regioncalls=164480, ndraw=40, logz=-70553.72, remainder_fraction=85.4716%, Lmin=-70544.94, Lmax=-70543.03
15:29:58 [ultranest] [DEBUG] iteration=3146, ncalls=4517, regioncalls=165920, ndraw=40, logz=-70553.58, remainder_fraction=83.4690%, Lmin=-70544.80, Lmax=-70543.03
15:29:59 [ultranest] [DEBUG] iteration=3160, ncalls=4535, regioncalls=166640, ndraw=40, logz=-70553.52, remainder_fraction=82.2888%, Lmin=-70544.72, Lmax=-70543.03
15:29:59 [ultranest] [DEBUG] iteration=3199, ncalls=4584, regioncalls=168600, ndraw=40, logz=-70553.34, remainder_fraction=78.8839%, Lmin=-70544.58, Lmax=-70543.03
15:29:59 [ultranest] [DEBUG] iteration=3200, ncalls=4585, regioncalls=168640, ndraw=40, logz=-70553.34, remainder_fraction=78.8355%, Lmin=-70544.58, Lmax=-70543.03
15:29:59 [ultranest] [DEBUG] iteration=3233, ncalls=4636, regioncalls=170680, ndraw=40, logz=-70553.21, remainder_fraction=76.1557%, Lmin=-70544.47, Lmax=-70543.03
15:29:59 [ultranest] [DEBUG] iteration=3240, ncalls=4644, regioncalls=171000, ndraw=40, logz=-70553.18, remainder_fraction=75.6105%, Lmin=-70544.44, Lmax=-70543.03
15:29:59 [ultranest] [DEBUG] iteration=3279, ncalls=4693, regioncalls=172960, ndraw=40, logz=-70553.05, remainder_fraction=72.0506%, Lmin=-70544.31, Lmax=-70543.03
15:29:59 [ultranest] [DEBUG] iteration=3280, ncalls=4694, regioncalls=173000, ndraw=40, logz=-70553.04, remainder_fraction=71.9339%, Lmin=-70544.31, Lmax=-70543.03
15:29:59 [ultranest] [DEBUG] iteration=3316, ncalls=4748, regioncalls=175160, ndraw=40, logz=-70552.93, remainder_fraction=68.8349%, Lmin=-70544.19, Lmax=-70543.03
15:29:59 [ultranest] [DEBUG] iteration=3320, ncalls=4753, regioncalls=175360, ndraw=40, logz=-70552.92, remainder_fraction=68.5264%, Lmin=-70544.18, Lmax=-70543.03
15:29:59 [ultranest] [DEBUG] iteration=3360, ncalls=4798, regioncalls=177280, ndraw=40, logz=-70552.81, remainder_fraction=64.6790%, Lmin=-70544.05, Lmax=-70543.03
15:29:59 [ultranest] [DEBUG] iteration=3399, ncalls=4848, regioncalls=179280, ndraw=40, logz=-70552.71, remainder_fraction=61.0438%, Lmin=-70543.97, Lmax=-70543.03
15:29:59 [ultranest] [DEBUG] iteration=3400, ncalls=4849, regioncalls=179320, ndraw=40, logz=-70552.70, remainder_fraction=60.9533%, Lmin=-70543.97, Lmax=-70543.03
15:29:59 [ultranest] [DEBUG] iteration=3407, ncalls=4862, regioncalls=179880, ndraw=40, logz=-70552.69, remainder_fraction=60.2772%, Lmin=-70543.94, Lmax=-70543.03
15:29:59 [ultranest] [DEBUG] iteration=3440, ncalls=4900, regioncalls=181480, ndraw=40, logz=-70552.61, remainder_fraction=57.0522%, Lmin=-70543.86, Lmax=-70543.03
15:29:59 [ultranest] [DEBUG] iteration=3479, ncalls=4949, regioncalls=183440, ndraw=40, logz=-70552.53, remainder_fraction=53.3807%, Lmin=-70543.78, Lmax=-70543.03
15:29:59 [ultranest] [DEBUG] iteration=3480, ncalls=4953, regioncalls=183600, ndraw=40, logz=-70552.53, remainder_fraction=53.3006%, Lmin=-70543.77, Lmax=-70543.03
15:29:59 [ultranest] [DEBUG] iteration=3494, ncalls=4969, regioncalls=184320, ndraw=40, logz=-70552.50, remainder_fraction=51.9826%, Lmin=-70543.75, Lmax=-70543.03
15:30:00 [ultranest] [DEBUG] iteration=3520, ncalls=4999, regioncalls=185640, ndraw=40, logz=-70552.45, remainder_fraction=49.6466%, Lmin=-70543.71, Lmax=-70543.03
15:30:00 [ultranest] [DEBUG] iteration=3559, ncalls=5049, regioncalls=187640, ndraw=40, logz=-70552.39, remainder_fraction=46.1744%, Lmin=-70543.64, Lmax=-70543.03
15:30:00 [ultranest] [DEBUG] iteration=3560, ncalls=5050, regioncalls=187680, ndraw=40, logz=-70552.38, remainder_fraction=46.0806%, Lmin=-70543.64, Lmax=-70543.03
15:30:00 [ultranest] [DEBUG] iteration=3581, ncalls=5085, regioncalls=189160, ndraw=40, logz=-70552.35, remainder_fraction=44.3278%, Lmin=-70543.61, Lmax=-70543.03
15:30:00 [ultranest] [DEBUG] iteration=3600, ncalls=5108, regioncalls=190160, ndraw=40, logz=-70552.32, remainder_fraction=42.7491%, Lmin=-70543.58, Lmax=-70543.03
15:30:00 [ultranest] [DEBUG] iteration=3638, ncalls=5158, regioncalls=192160, ndraw=40, logz=-70552.27, remainder_fraction=39.7329%, Lmin=-70543.52, Lmax=-70543.03
15:30:00 [ultranest] [DEBUG] iteration=3640, ncalls=5160, regioncalls=192240, ndraw=40, logz=-70552.27, remainder_fraction=39.5955%, Lmin=-70543.52, Lmax=-70543.03
15:30:00 [ultranest] [DEBUG] clustering found some stray points [need_accept=False] (array([1, 2]), array([385,   1]))
15:30:00 [ultranest] [DEBUG] iteration=3675, ncalls=5210, regioncalls=194240, ndraw=40, logz=-70552.22, remainder_fraction=36.8760%, Lmin=-70543.48, Lmax=-70543.03
15:30:00 [ultranest] [DEBUG] iteration=3680, ncalls=5215, regioncalls=194440, ndraw=40, logz=-70552.22, remainder_fraction=36.4929%, Lmin=-70543.48, Lmax=-70543.03
15:30:00 [ultranest] [DEBUG] iteration=3716, ncalls=5266, regioncalls=196480, ndraw=40, logz=-70552.18, remainder_fraction=33.8743%, Lmin=-70543.44, Lmax=-70543.03
15:30:00 [ultranest] [DEBUG] iteration=3720, ncalls=5271, regioncalls=196680, ndraw=40, logz=-70552.17, remainder_fraction=33.5910%, Lmin=-70543.43, Lmax=-70543.03
15:30:00 [ultranest] [DEBUG] iteration=3755, ncalls=5319, regioncalls=198680, ndraw=40, logz=-70552.14, remainder_fraction=31.1029%, Lmin=-70543.40, Lmax=-70543.03
15:30:00 [ultranest] [DEBUG] iteration=3760, ncalls=5330, regioncalls=199120, ndraw=40, logz=-70552.13, remainder_fraction=30.7884%, Lmin=-70543.39, Lmax=-70543.03
15:30:00 [ultranest] [DEBUG] iteration=3799, ncalls=5381, regioncalls=201160, ndraw=40, logz=-70552.10, remainder_fraction=28.3211%, Lmin=-70543.35, Lmax=-70543.02
15:30:00 [ultranest] [DEBUG] iteration=3800, ncalls=5382, regioncalls=201200, ndraw=40, logz=-70552.10, remainder_fraction=28.2548%, Lmin=-70543.35, Lmax=-70543.02
15:30:00 [ultranest] [DEBUG] iteration=3838, ncalls=5432, regioncalls=203200, ndraw=40, logz=-70552.07, remainder_fraction=25.9736%, Lmin=-70543.32, Lmax=-70543.02
15:30:00 [ultranest] [DEBUG] iteration=3840, ncalls=5434, regioncalls=203280, ndraw=40, logz=-70552.06, remainder_fraction=25.8589%, Lmin=-70543.32, Lmax=-70543.02
15:30:00 [ultranest] [DEBUG] iteration=3842, ncalls=5437, regioncalls=203440, ndraw=40, logz=-70552.06, remainder_fraction=25.7413%, Lmin=-70543.31, Lmax=-70543.02
15:30:01 [ultranest] [DEBUG] iteration=3879, ncalls=5488, regioncalls=205480, ndraw=40, logz=-70552.04, remainder_fraction=23.6785%, Lmin=-70543.29, Lmax=-70543.02
15:30:01 [ultranest] [DEBUG] iteration=3880, ncalls=5489, regioncalls=205520, ndraw=40, logz=-70552.03, remainder_fraction=23.6233%, Lmin=-70543.29, Lmax=-70543.02
15:30:01 [ultranest] [DEBUG] iteration=3917, ncalls=5540, regioncalls=207560, ndraw=40, logz=-70552.01, remainder_fraction=21.7163%, Lmin=-70543.27, Lmax=-70543.02
15:30:01 [ultranest] [DEBUG] iteration=3920, ncalls=5543, regioncalls=207680, ndraw=40, logz=-70552.01, remainder_fraction=21.5721%, Lmin=-70543.27, Lmax=-70543.02
15:30:01 [ultranest] [DEBUG] iteration=3956, ncalls=5590, regioncalls=209560, ndraw=40, logz=-70551.99, remainder_fraction=19.8496%, Lmin=-70543.25, Lmax=-70543.02
15:30:01 [ultranest] [DEBUG] iteration=3960, ncalls=5597, regioncalls=209840, ndraw=40, logz=-70551.98, remainder_fraction=19.6565%, Lmin=-70543.25, Lmax=-70543.02
15:30:01 [ultranest] [DEBUG] iteration=3997, ncalls=5648, regioncalls=211880, ndraw=40, logz=-70551.96, remainder_fraction=18.0238%, Lmin=-70543.23, Lmax=-70543.02
15:30:01 [ultranest] [DEBUG] iteration=4000, ncalls=5653, regioncalls=212080, ndraw=40, logz=-70551.96, remainder_fraction=17.8908%, Lmin=-70543.23, Lmax=-70543.02
15:30:01 [ultranest] [DEBUG] iteration=4016, ncalls=5678, regioncalls=213120, ndraw=40, logz=-70551.96, remainder_fraction=17.2471%, Lmin=-70543.22, Lmax=-70543.02
15:30:01 [ultranest] [DEBUG] iteration=4040, ncalls=5711, regioncalls=214440, ndraw=40, logz=-70551.94, remainder_fraction=16.3037%, Lmin=-70543.21, Lmax=-70543.02
15:30:01 [ultranest] [DEBUG] iteration=4080, ncalls=5759, regioncalls=216360, ndraw=40, logz=-70551.93, remainder_fraction=14.8154%, Lmin=-70543.20, Lmax=-70543.02
15:30:01 [ultranest] [DEBUG] iteration=4110, ncalls=5808, regioncalls=218320, ndraw=40, logz=-70551.91, remainder_fraction=13.7929%, Lmin=-70543.18, Lmax=-70543.02
15:30:01 [ultranest] [DEBUG] iteration=4120, ncalls=5824, regioncalls=218960, ndraw=40, logz=-70551.91, remainder_fraction=13.4646%, Lmin=-70543.18, Lmax=-70543.02
15:30:01 [ultranest] [DEBUG] iteration=4158, ncalls=5874, regioncalls=220960, ndraw=40, logz=-70551.90, remainder_fraction=12.2900%, Lmin=-70543.16, Lmax=-70543.02
15:30:01 [ultranest] [DEBUG] iteration=4160, ncalls=5879, regioncalls=221160, ndraw=40, logz=-70551.90, remainder_fraction=12.2288%, Lmin=-70543.16, Lmax=-70543.02
15:30:01 [ultranest] [DEBUG] iteration=4190, ncalls=5921, regioncalls=222880, ndraw=40, logz=-70551.89, remainder_fraction=11.3663%, Lmin=-70543.15, Lmax=-70543.02
15:30:01 [ultranest] [DEBUG] iteration=4200, ncalls=5932, regioncalls=223320, ndraw=40, logz=-70551.88, remainder_fraction=11.0965%, Lmin=-70543.15, Lmax=-70543.02
15:30:02 [ultranest] [DEBUG] iteration=4234, ncalls=5982, regioncalls=225440, ndraw=40, logz=-70551.87, remainder_fraction=10.2148%, Lmin=-70543.14, Lmax=-70543.02
15:30:02 [ultranest] [DEBUG] iteration=4240, ncalls=5990, regioncalls=225760, ndraw=40, logz=-70551.87, remainder_fraction=10.0652%, Lmin=-70543.14, Lmax=-70543.02
15:30:02 [ultranest] [DEBUG] iteration=4277, ncalls=6038, regioncalls=227880, ndraw=40, logz=-70551.86, remainder_fraction=9.1895%, Lmin=-70543.12, Lmax=-70543.02
15:30:02 [ultranest] [DEBUG] iteration=4280, ncalls=6041, regioncalls=228040, ndraw=40, logz=-70551.86, remainder_fraction=9.1227%, Lmin=-70543.12, Lmax=-70543.02
15:30:02 [ultranest] [DEBUG] iteration=4317, ncalls=6092, regioncalls=230080, ndraw=40, logz=-70551.85, remainder_fraction=8.3258%, Lmin=-70543.11, Lmax=-70543.02
15:30:02 [ultranest] [DEBUG] iteration=4320, ncalls=6095, regioncalls=230200, ndraw=40, logz=-70551.85, remainder_fraction=8.2662%, Lmin=-70543.11, Lmax=-70543.02
15:30:02 [ultranest] [DEBUG] iteration=4358, ncalls=6145, regioncalls=232200, ndraw=40, logz=-70551.84, remainder_fraction=7.5231%, Lmin=-70543.10, Lmax=-70543.02
15:30:02 [ultranest] [DEBUG] iteration=4360, ncalls=6148, regioncalls=232320, ndraw=40, logz=-70551.84, remainder_fraction=7.4853%, Lmin=-70543.10, Lmax=-70543.02
15:30:02 [ultranest] [DEBUG] iteration=4364, ncalls=6155, regioncalls=232760, ndraw=40, logz=-70551.84, remainder_fraction=7.4104%, Lmin=-70543.10, Lmax=-70543.02
15:30:02 [ultranest] [DEBUG] iteration=4400, ncalls=6197, regioncalls=234440, ndraw=40, logz=-70551.84, remainder_fraction=6.7758%, Lmin=-70543.10, Lmax=-70543.02
15:30:02 [ultranest] [DEBUG] iteration=4437, ncalls=6247, regioncalls=236440, ndraw=40, logz=-70551.83, remainder_fraction=6.1769%, Lmin=-70543.09, Lmax=-70543.02
15:30:02 [ultranest] [DEBUG] iteration=4440, ncalls=6252, regioncalls=236640, ndraw=40, logz=-70551.83, remainder_fraction=6.1307%, Lmin=-70543.09, Lmax=-70543.02
15:30:02 [ultranest] [DEBUG] iteration=4451, ncalls=6267, regioncalls=237320, ndraw=40, logz=-70551.83, remainder_fraction=5.9646%, Lmin=-70543.09, Lmax=-70543.02
15:30:02 [ultranest] [DEBUG] iteration=4480, ncalls=6299, regioncalls=238600, ndraw=40, logz=-70551.82, remainder_fraction=5.5438%, Lmin=-70543.08, Lmax=-70543.02
15:30:02 [ultranest] [DEBUG] iteration=4519, ncalls=6349, regioncalls=240600, ndraw=40, logz=-70551.82, remainder_fraction=5.0245%, Lmin=-70543.08, Lmax=-70543.02
15:30:02 [ultranest] [DEBUG] iteration=4520, ncalls=6350, regioncalls=240640, ndraw=40, logz=-70551.82, remainder_fraction=5.0121%, Lmin=-70543.08, Lmax=-70543.02
15:30:02 [ultranest] [DEBUG] iteration=4538, ncalls=6375, regioncalls=241680, ndraw=40, logz=-70551.82, remainder_fraction=4.7901%, Lmin=-70543.08, Lmax=-70543.02
15:30:02 [ultranest] [DEBUG] iteration=4560, ncalls=6399, regioncalls=242640, ndraw=40, logz=-70551.81, remainder_fraction=4.5320%, Lmin=-70543.07, Lmax=-70543.02
15:30:03 [ultranest] [DEBUG] iteration=4594, ncalls=6450, regioncalls=244760, ndraw=40, logz=-70551.81, remainder_fraction=4.1571%, Lmin=-70543.07, Lmax=-70543.02
15:30:03 [ultranest] [DEBUG] iteration=4600, ncalls=6457, regioncalls=245040, ndraw=40, logz=-70551.81, remainder_fraction=4.0941%, Lmin=-70543.07, Lmax=-70543.02
15:30:03 [ultranest] [DEBUG] iteration=4625, ncalls=6488, regioncalls=246400, ndraw=40, logz=-70551.81, remainder_fraction=3.8421%, Lmin=-70543.07, Lmax=-70543.02
15:30:03 [ultranest] [DEBUG] iteration=4640, ncalls=6503, regioncalls=247000, ndraw=40, logz=-70551.80, remainder_fraction=3.6980%, Lmin=-70543.06, Lmax=-70543.02
15:30:03 [ultranest] [DEBUG] iteration=4676, ncalls=6554, regioncalls=249040, ndraw=40, logz=-70551.80, remainder_fraction=3.3753%, Lmin=-70543.06, Lmax=-70543.02
15:30:03 [ultranest] [DEBUG] iteration=4680, ncalls=6560, regioncalls=249280, ndraw=40, logz=-70551.80, remainder_fraction=3.3409%, Lmin=-70543.06, Lmax=-70543.02
15:30:03 [ultranest] [DEBUG] iteration=4716, ncalls=6606, regioncalls=251120, ndraw=40, logz=-70551.80, remainder_fraction=3.0488%, Lmin=-70543.06, Lmax=-70543.02
15:30:03 [ultranest] [DEBUG] iteration=4720, ncalls=6615, regioncalls=251480, ndraw=40, logz=-70551.80, remainder_fraction=3.0176%, Lmin=-70543.06, Lmax=-70543.02
15:30:03 [ultranest] [DEBUG] iteration=4754, ncalls=6667, regioncalls=253560, ndraw=40, logz=-70551.79, remainder_fraction=2.7669%, Lmin=-70543.05, Lmax=-70543.02
15:30:03 [ultranest] [DEBUG] iteration=4760, ncalls=6674, regioncalls=253840, ndraw=40, logz=-70551.79, remainder_fraction=2.7249%, Lmin=-70543.05, Lmax=-70543.02
15:30:03 [ultranest] [DEBUG] iteration=4796, ncalls=6725, regioncalls=255880, ndraw=40, logz=-70551.79, remainder_fraction=2.4852%, Lmin=-70543.05, Lmax=-70543.02
15:30:03 [ultranest] [DEBUG] iteration=4799, ncalls=6729, regioncalls=256080, ndraw=40, logz=-70551.79, remainder_fraction=2.4663%, Lmin=-70543.05, Lmax=-70543.02
15:30:03 [ultranest] [DEBUG] iteration=4800, ncalls=6731, regioncalls=256160, ndraw=40, logz=-70551.79, remainder_fraction=2.4600%, Lmin=-70543.05, Lmax=-70543.02
15:30:03 [ultranest] [DEBUG] iteration=4840, ncalls=6779, regioncalls=258160, ndraw=40, logz=-70551.79, remainder_fraction=2.2208%, Lmin=-70543.05, Lmax=-70543.02
15:30:03 [ultranest] [DEBUG] iteration=4875, ncalls=6831, regioncalls=260240, ndraw=40, logz=-70551.79, remainder_fraction=2.0303%, Lmin=-70543.04, Lmax=-70543.02
15:30:03 [ultranest] [DEBUG] iteration=4880, ncalls=6836, regioncalls=260440, ndraw=40, logz=-70551.79, remainder_fraction=2.0045%, Lmin=-70543.04, Lmax=-70543.02
15:30:03 [ultranest] [DEBUG] iteration=4886, ncalls=6844, regioncalls=260840, ndraw=40, logz=-70551.79, remainder_fraction=1.9739%, Lmin=-70543.04, Lmax=-70543.02
15:30:03 [ultranest] [DEBUG] iteration=4920, ncalls=6891, regioncalls=262720, ndraw=40, logz=-70551.78, remainder_fraction=1.8089%, Lmin=-70543.04, Lmax=-70543.02
15:30:04 [ultranest] [DEBUG] iteration=4957, ncalls=6942, regioncalls=264760, ndraw=40, logz=-70551.78, remainder_fraction=1.6450%, Lmin=-70543.04, Lmax=-70543.02
15:30:04 [ultranest] [DEBUG] iteration=4960, ncalls=6949, regioncalls=265040, ndraw=40, logz=-70551.78, remainder_fraction=1.6324%, Lmin=-70543.04, Lmax=-70543.02
15:30:04 [ultranest] [DEBUG] iteration=4973, ncalls=6968, regioncalls=265880, ndraw=40, logz=-70551.78, remainder_fraction=1.5788%, Lmin=-70543.04, Lmax=-70543.02
15:30:04 [ultranest] [DEBUG] iteration=5000, ncalls=7003, regioncalls=267280, ndraw=40, logz=-70551.78, remainder_fraction=1.4730%, Lmin=-70543.04, Lmax=-70543.02
15:30:04 [ultranest] [DEBUG] iteration=5033, ncalls=7055, regioncalls=269480, ndraw=40, logz=-70551.78, remainder_fraction=1.3531%, Lmin=-70543.04, Lmax=-70543.02
15:30:04 [ultranest] [DEBUG] iteration=5040, ncalls=7065, regioncalls=269880, ndraw=40, logz=-70551.78, remainder_fraction=1.3290%, Lmin=-70543.04, Lmax=-70543.02
15:30:04 [ultranest] [DEBUG] iteration=5060, ncalls=7090, regioncalls=270960, ndraw=40, logz=-70551.78, remainder_fraction=1.2623%, Lmin=-70543.04, Lmax=-70543.02
15:30:04 [ultranest] [DEBUG] iteration=5080, ncalls=7113, regioncalls=271880, ndraw=40, logz=-70551.78, remainder_fraction=1.1990%, Lmin=-70543.04, Lmax=-70543.02
15:30:04 [ultranest] [DEBUG] iteration=5117, ncalls=7165, regioncalls=273960, ndraw=40, logz=-70551.78, remainder_fraction=1.0900%, Lmin=-70543.03, Lmax=-70543.02
15:30:04 [ultranest] [DEBUG] iteration=5120, ncalls=7168, regioncalls=274080, ndraw=40, logz=-70551.78, remainder_fraction=1.0817%, Lmin=-70543.03, Lmax=-70543.02
15:30:04 [ultranest] [INFO] Explored until L=-7e+04  
15:30:04 [ultranest] [INFO] Likelihood function evaluations: 7210
15:30:05 [ultranest] [INFO] Writing samples and results to disk ...
15:30:05 [ultranest] [INFO] Writing samples and results to disk ... done
15:30:05 [ultranest] [DEBUG] did a run_iter pass!
15:30:05 [ultranest] [INFO]   logZ = -7.055e+04 +- 0.09341
15:30:05 [ultranest] [INFO] Effective samples strategy satisfied (ESS = 1529.3, need >400)
15:30:05 [ultranest] [INFO] Posterior uncertainty strategy is satisfied (KL: 0.47+-0.09 nat, need <0.50 nat)
15:30:05 [ultranest] [INFO] Evidency uncertainty strategy is satisfied (dlogz=0.09, need <0.5)
15:30:05 [ultranest] [INFO]   logZ error budget: single: 0.14 bs:0.09 tail:0.01 total:0.09 required:<0.50
15:30:05 [ultranest] [INFO] done iterating.
15:30:05 [ultranest] [DEBUG] Making corner plot ...
15:30:06 [ultranest] [DEBUG] Making corner plot ... done
15:30:06 [ultranest] [DEBUG] Making run plot ... 
15:30:06 [ultranest] [DEBUG] Making run plot ... done
15:30:06 [ultranest] [DEBUG] Making trace plot ... 
15:30:07 [ultranest] [DEBUG] Making trace plot ... done
