15:15:13 [ultranest] [DEBUG] ReactiveNestedSampler: dims=2+0, resume=False, log_dir=./m-values/N32/S24/M32/T030/P02/NF2/sample_rho, backend=hdf5, vectorized=False, nbootstraps=30, ndraw=128..65536
15:15:13 [ultranest] [INFO] Sampling 400 live points from prior ...
15:15:14 [ultranest] [DEBUG] run_iter dlogz=0.5, dKL=0.5, frac_remain=0.01, Lepsilon=0.0010, min_ess=400
15:15:14 [ultranest] [DEBUG] max_iters=-1, max_ncalls=-1, max_num_improvement_loops=-1, min_num_live_points=400, cluster_num_live_points=40
15:15:14 [ultranest] [DEBUG] minimal_widths_sequence: [(-inf, 400.0), (inf, 400.0)]
15:15:14 [ultranest] [DEBUG] Plateau detected at L=-2.210482e+07, not replacing live point.
15:15:14 [ultranest] [DEBUG] Plateau detected at L=-2.210482e+07, not replacing live point.
15:15:14 [ultranest] [DEBUG] Plateau detected at L=-2.210482e+07, not replacing live point.
15:15:14 [ultranest] [DEBUG] Plateau detected at L=-2.210482e+07, not replacing live point.
15:15:14 [ultranest] [DEBUG] Plateau detected at L=-2.210482e+07, not replacing live point.
15:15:14 [ultranest] [DEBUG] Plateau detected at L=-2.210482e+07, not replacing live point.
15:15:14 [ultranest] [DEBUG] Plateau detected at L=-2.210482e+07, not replacing live point.
15:15:14 [ultranest] [DEBUG] Plateau detected at L=-2.210482e+07, not replacing live point.
15:15:14 [ultranest] [DEBUG] Plateau detected at L=-2.210482e+07, not replacing live point.
15:15:14 [ultranest] [DEBUG] Plateau detected at L=-2.210482e+07, not replacing live point.
15:15:14 [ultranest] [DEBUG] Plateau detected at L=-2.210482e+07, not replacing live point.
15:15:14 [ultranest] [DEBUG] Plateau detected at L=-2.210482e+07, not replacing live point.
15:15:14 [ultranest] [DEBUG] Plateau detected at L=-2.210482e+07, not replacing live point.
15:15:14 [ultranest] [DEBUG] Plateau detected at L=-2.210482e+07, not replacing live point.
15:15:14 [ultranest] [DEBUG] Plateau detected at L=-2.210482e+07, not replacing live point.
15:15:14 [ultranest] [DEBUG] Plateau detected at L=-2.210482e+07, not replacing live point.
15:15:14 [ultranest] [DEBUG] Plateau detected at L=-2.210482e+07, not replacing live point.
15:15:14 [ultranest] [DEBUG] Plateau detected at L=-2.210482e+07, not replacing live point.
15:15:14 [ultranest] [DEBUG] iteration=18, ncalls=401, regioncalls=40, ndraw=40, logz=-22104819.99, remainder_fraction=100.0000%, Lmin=-22104816.89, Lmax=-172448.65
15:15:14 [ultranest] [DEBUG] iteration=37, ncalls=424, regioncalls=960, ndraw=40, logz=-201291.96, remainder_fraction=100.0000%, Lmin=-200953.58, Lmax=-172448.65
15:15:14 [ultranest] [DEBUG] iteration=40, ncalls=427, regioncalls=1080, ndraw=40, logz=-200745.80, remainder_fraction=100.0000%, Lmin=-200728.05, Lmax=-172448.65
15:15:14 [ultranest] [DEBUG] iteration=63, ncalls=451, regioncalls=2040, ndraw=40, logz=-196464.34, remainder_fraction=100.0000%, Lmin=-196227.81, Lmax=-172448.65
15:15:15 [ultranest] [DEBUG] iteration=80, ncalls=471, regioncalls=2840, ndraw=40, logz=-193426.10, remainder_fraction=100.0000%, Lmin=-193288.42, Lmax=-172448.65
15:15:15 [ultranest] [DEBUG] iteration=99, ncalls=496, regioncalls=3840, ndraw=40, logz=-190713.39, remainder_fraction=100.0000%, Lmin=-190514.36, Lmax=-172448.65
15:15:15 [ultranest] [DEBUG] iteration=104, ncalls=504, regioncalls=4160, ndraw=40, logz=-190191.95, remainder_fraction=100.0000%, Lmin=-190078.57, Lmax=-172448.65
15:15:15 [ultranest] [DEBUG] iteration=120, ncalls=523, regioncalls=4920, ndraw=40, logz=-188735.36, remainder_fraction=100.0000%, Lmin=-188706.27, Lmax=-172378.06
15:15:15 [ultranest] [DEBUG] iteration=140, ncalls=546, regioncalls=5840, ndraw=40, logz=-187473.16, remainder_fraction=100.0000%, Lmin=-187331.78, Lmax=-172378.06
15:15:15 [ultranest] [DEBUG] iteration=159, ncalls=570, regioncalls=6800, ndraw=40, logz=-185911.23, remainder_fraction=100.0000%, Lmin=-185832.74, Lmax=-172328.83
15:15:15 [ultranest] [DEBUG] iteration=160, ncalls=571, regioncalls=6840, ndraw=40, logz=-185839.10, remainder_fraction=100.0000%, Lmin=-185819.43, Lmax=-172328.83
15:15:15 [ultranest] [DEBUG] iteration=181, ncalls=595, regioncalls=7800, ndraw=40, logz=-185142.79, remainder_fraction=100.0000%, Lmin=-185082.70, Lmax=-172328.83
15:15:15 [ultranest] [DEBUG] iteration=190, ncalls=611, regioncalls=8440, ndraw=40, logz=-184493.87, remainder_fraction=100.0000%, Lmin=-184478.41, Lmax=-172328.83
15:15:15 [ultranest] [DEBUG] iteration=200, ncalls=621, regioncalls=8840, ndraw=40, logz=-184290.31, remainder_fraction=100.0000%, Lmin=-184271.09, Lmax=-172328.83
15:15:15 [ultranest] [DEBUG] iteration=222, ncalls=646, regioncalls=9840, ndraw=40, logz=-183396.79, remainder_fraction=100.0000%, Lmin=-183385.11, Lmax=-172328.83
15:15:15 [ultranest] [DEBUG] iteration=240, ncalls=668, regioncalls=10720, ndraw=40, logz=-182872.80, remainder_fraction=100.0000%, Lmin=-182842.09, Lmax=-172328.83
15:15:15 [ultranest] [DEBUG] iteration=258, ncalls=693, regioncalls=11720, ndraw=40, logz=-182175.87, remainder_fraction=100.0000%, Lmin=-182165.10, Lmax=-172328.83
15:15:16 [ultranest] [DEBUG] iteration=276, ncalls=718, regioncalls=12720, ndraw=40, logz=-181647.97, remainder_fraction=100.0000%, Lmin=-181634.71, Lmax=-172328.83
15:15:16 [ultranest] [DEBUG] iteration=280, ncalls=725, regioncalls=13000, ndraw=40, logz=-181570.72, remainder_fraction=100.0000%, Lmin=-181512.82, Lmax=-172328.83
15:15:16 [ultranest] [DEBUG] iteration=296, ncalls=750, regioncalls=14000, ndraw=40, logz=-181081.68, remainder_fraction=100.0000%, Lmin=-181064.19, Lmax=-172328.83
15:15:16 [ultranest] [DEBUG] iteration=313, ncalls=775, regioncalls=15000, ndraw=40, logz=-180604.10, remainder_fraction=100.0000%, Lmin=-180562.98, Lmax=-172328.83
15:15:16 [ultranest] [DEBUG] iteration=320, ncalls=783, regioncalls=15320, ndraw=40, logz=-180350.48, remainder_fraction=100.0000%, Lmin=-180309.76, Lmax=-172328.83
15:15:16 [ultranest] [DEBUG] iteration=337, ncalls=806, regioncalls=16240, ndraw=40, logz=-179919.48, remainder_fraction=100.0000%, Lmin=-179856.58, Lmax=-172328.83
15:15:16 [ultranest] [DEBUG] iteration=355, ncalls=830, regioncalls=17200, ndraw=40, logz=-179249.07, remainder_fraction=100.0000%, Lmin=-179241.41, Lmax=-172328.83
15:15:16 [ultranest] [DEBUG] iteration=360, ncalls=838, regioncalls=17520, ndraw=40, logz=-179168.52, remainder_fraction=100.0000%, Lmin=-179152.29, Lmax=-172328.83
15:15:16 [ultranest] [DEBUG] iteration=362, ncalls=840, regioncalls=17600, ndraw=40, logz=-179141.60, remainder_fraction=100.0000%, Lmin=-179049.56, Lmax=-172328.83
15:15:16 [ultranest] [DEBUG] iteration=384, ncalls=864, regioncalls=18560, ndraw=40, logz=-178528.27, remainder_fraction=100.0000%, Lmin=-178496.20, Lmax=-172328.83
15:15:16 [ultranest] [DEBUG] iteration=400, ncalls=884, regioncalls=19360, ndraw=40, logz=-178232.96, remainder_fraction=100.0000%, Lmin=-178210.22, Lmax=-172328.83
15:15:16 [ultranest] [DEBUG] iteration=418, ncalls=908, regioncalls=20320, ndraw=40, logz=-177910.37, remainder_fraction=100.0000%, Lmin=-177897.88, Lmax=-172328.83
15:15:16 [ultranest] [DEBUG] iteration=436, ncalls=933, regioncalls=21320, ndraw=40, logz=-177616.19, remainder_fraction=100.0000%, Lmin=-177579.15, Lmax=-172328.83
15:15:16 [ultranest] [DEBUG] iteration=440, ncalls=938, regioncalls=21520, ndraw=40, logz=-177468.31, remainder_fraction=100.0000%, Lmin=-177450.13, Lmax=-172328.83
15:15:17 [ultranest] [DEBUG] iteration=455, ncalls=962, regioncalls=22480, ndraw=40, logz=-177252.44, remainder_fraction=100.0000%, Lmin=-177224.54, Lmax=-172328.83
15:15:17 [ultranest] [DEBUG] iteration=474, ncalls=987, regioncalls=23480, ndraw=40, logz=-176981.27, remainder_fraction=100.0000%, Lmin=-176969.20, Lmax=-172328.83
15:15:17 [ultranest] [DEBUG] iteration=480, ncalls=995, regioncalls=23800, ndraw=40, logz=-176932.56, remainder_fraction=100.0000%, Lmin=-176918.67, Lmax=-172328.83
15:15:17 [ultranest] [DEBUG] iteration=498, ncalls=1020, regioncalls=24800, ndraw=40, logz=-176724.39, remainder_fraction=100.0000%, Lmin=-176704.76, Lmax=-172328.83
15:15:17 [ultranest] [DEBUG] iteration=518, ncalls=1044, regioncalls=25760, ndraw=40, logz=-176443.81, remainder_fraction=100.0000%, Lmin=-176429.18, Lmax=-172328.83
15:15:17 [ultranest] [DEBUG] iteration=520, ncalls=1046, regioncalls=25840, ndraw=40, logz=-176425.99, remainder_fraction=100.0000%, Lmin=-176405.89, Lmax=-172328.83
15:15:17 [ultranest] [DEBUG] iteration=534, ncalls=1067, regioncalls=26680, ndraw=40, logz=-176251.35, remainder_fraction=100.0000%, Lmin=-176238.43, Lmax=-172328.83
15:15:17 [ultranest] [DEBUG] iteration=553, ncalls=1091, regioncalls=27640, ndraw=40, logz=-176067.21, remainder_fraction=100.0000%, Lmin=-176023.41, Lmax=-172328.83
15:15:17 [ultranest] [DEBUG] iteration=560, ncalls=1100, regioncalls=28000, ndraw=40, logz=-175958.48, remainder_fraction=100.0000%, Lmin=-175898.73, Lmax=-172328.83
15:15:17 [ultranest] [DEBUG] iteration=579, ncalls=1125, regioncalls=29000, ndraw=40, logz=-175677.81, remainder_fraction=100.0000%, Lmin=-175643.21, Lmax=-172328.83
15:15:17 [ultranest] [DEBUG] iteration=596, ncalls=1150, regioncalls=30000, ndraw=40, logz=-175525.35, remainder_fraction=100.0000%, Lmin=-175517.61, Lmax=-172328.83
15:15:17 [ultranest] [DEBUG] iteration=600, ncalls=1158, regioncalls=30320, ndraw=40, logz=-175489.03, remainder_fraction=100.0000%, Lmin=-175476.55, Lmax=-172328.83
15:15:18 [ultranest] [DEBUG] iteration=617, ncalls=1183, regioncalls=31320, ndraw=40, logz=-175305.30, remainder_fraction=100.0000%, Lmin=-175297.30, Lmax=-172328.83
15:15:18 [ultranest] [DEBUG] iteration=620, ncalls=1186, regioncalls=31440, ndraw=40, logz=-175300.26, remainder_fraction=100.0000%, Lmin=-175235.82, Lmax=-172328.83
15:15:18 [ultranest] [DEBUG] iteration=635, ncalls=1211, regioncalls=32440, ndraw=40, logz=-175056.57, remainder_fraction=100.0000%, Lmin=-175046.85, Lmax=-172328.83
15:15:18 [ultranest] [DEBUG] iteration=640, ncalls=1218, regioncalls=32720, ndraw=40, logz=-175002.73, remainder_fraction=100.0000%, Lmin=-174989.48, Lmax=-172328.83
15:15:18 [ultranest] [DEBUG] iteration=660, ncalls=1242, regioncalls=33680, ndraw=40, logz=-174894.29, remainder_fraction=100.0000%, Lmin=-174871.14, Lmax=-172328.83
15:15:18 [ultranest] [DEBUG] iteration=679, ncalls=1268, regioncalls=34720, ndraw=40, logz=-174742.86, remainder_fraction=100.0000%, Lmin=-174724.18, Lmax=-172328.83
15:15:18 [ultranest] [DEBUG] iteration=680, ncalls=1269, regioncalls=34760, ndraw=40, logz=-174731.90, remainder_fraction=100.0000%, Lmin=-174718.60, Lmax=-172328.83
15:15:18 [ultranest] [DEBUG] iteration=699, ncalls=1296, regioncalls=35840, ndraw=40, logz=-174580.27, remainder_fraction=100.0000%, Lmin=-174568.09, Lmax=-172328.83
15:15:18 [ultranest] [DEBUG] iteration=714, ncalls=1320, regioncalls=36800, ndraw=40, logz=-174487.86, remainder_fraction=100.0000%, Lmin=-174479.27, Lmax=-172328.83
15:15:18 [ultranest] [DEBUG] iteration=720, ncalls=1331, regioncalls=37240, ndraw=40, logz=-174448.14, remainder_fraction=100.0000%, Lmin=-174436.06, Lmax=-172328.83
15:15:18 [ultranest] [DEBUG] iteration=740, ncalls=1355, regioncalls=38200, ndraw=40, logz=-174309.58, remainder_fraction=100.0000%, Lmin=-174292.20, Lmax=-172328.83
15:15:18 [ultranest] [DEBUG] iteration=758, ncalls=1380, regioncalls=39200, ndraw=40, logz=-174219.65, remainder_fraction=100.0000%, Lmin=-174210.88, Lmax=-172328.83
15:15:18 [ultranest] [DEBUG] iteration=760, ncalls=1386, regioncalls=39440, ndraw=40, logz=-174211.67, remainder_fraction=100.0000%, Lmin=-174195.85, Lmax=-172328.83
15:15:18 [ultranest] [DEBUG] iteration=775, ncalls=1412, regioncalls=40480, ndraw=40, logz=-174102.85, remainder_fraction=100.0000%, Lmin=-174088.81, Lmax=-172325.67
15:15:19 [ultranest] [DEBUG] iteration=791, ncalls=1440, regioncalls=41600, ndraw=40, logz=-174051.91, remainder_fraction=100.0000%, Lmin=-174041.97, Lmax=-172325.67
15:15:19 [ultranest] [DEBUG] iteration=800, ncalls=1450, regioncalls=42000, ndraw=40, logz=-174029.98, remainder_fraction=100.0000%, Lmin=-174020.61, Lmax=-172325.67
15:15:19 [ultranest] [DEBUG] iteration=818, ncalls=1476, regioncalls=43040, ndraw=40, logz=-173936.47, remainder_fraction=100.0000%, Lmin=-173928.40, Lmax=-172325.67
15:15:19 [ultranest] [DEBUG] iteration=833, ncalls=1502, regioncalls=44080, ndraw=40, logz=-173883.43, remainder_fraction=100.0000%, Lmin=-173873.03, Lmax=-172325.67
15:15:19 [ultranest] [DEBUG] iteration=840, ncalls=1515, regioncalls=44600, ndraw=40, logz=-173865.65, remainder_fraction=100.0000%, Lmin=-173857.67, Lmax=-172325.67
15:15:19 [ultranest] [DEBUG] iteration=857, ncalls=1540, regioncalls=45600, ndraw=40, logz=-173800.17, remainder_fraction=100.0000%, Lmin=-173790.14, Lmax=-172325.67
15:15:19 [ultranest] [DEBUG] iteration=874, ncalls=1565, regioncalls=46600, ndraw=40, logz=-173745.34, remainder_fraction=100.0000%, Lmin=-173730.84, Lmax=-172318.98
15:15:19 [ultranest] [DEBUG] iteration=878, ncalls=1571, regioncalls=46840, ndraw=40, logz=-173731.79, remainder_fraction=100.0000%, Lmin=-173714.02, Lmax=-172318.98
15:15:19 [ultranest] [DEBUG] iteration=880, ncalls=1573, regioncalls=46920, ndraw=40, logz=-173715.74, remainder_fraction=100.0000%, Lmin=-173705.64, Lmax=-172318.98
15:15:19 [ultranest] [DEBUG] iteration=899, ncalls=1598, regioncalls=47920, ndraw=40, logz=-173634.41, remainder_fraction=100.0000%, Lmin=-173622.13, Lmax=-172318.98
15:15:19 [ultranest] [DEBUG] iteration=917, ncalls=1624, regioncalls=48960, ndraw=40, logz=-173579.06, remainder_fraction=100.0000%, Lmin=-173570.54, Lmax=-172318.98
15:15:19 [ultranest] [DEBUG] iteration=920, ncalls=1627, regioncalls=49080, ndraw=40, logz=-173576.28, remainder_fraction=100.0000%, Lmin=-173567.29, Lmax=-172318.98
15:15:19 [ultranest] [DEBUG] iteration=939, ncalls=1653, regioncalls=50120, ndraw=40, logz=-173502.39, remainder_fraction=100.0000%, Lmin=-173493.51, Lmax=-172318.98
15:15:20 [ultranest] [DEBUG] iteration=955, ncalls=1679, regioncalls=51160, ndraw=40, logz=-173445.28, remainder_fraction=100.0000%, Lmin=-173436.22, Lmax=-172318.98
15:15:20 [ultranest] [DEBUG] iteration=960, ncalls=1686, regioncalls=51480, ndraw=40, logz=-173437.65, remainder_fraction=100.0000%, Lmin=-173425.75, Lmax=-172318.98
15:15:20 [ultranest] [DEBUG] iteration=964, ncalls=1690, regioncalls=51640, ndraw=40, logz=-173419.56, remainder_fraction=100.0000%, Lmin=-173411.47, Lmax=-172318.98
15:15:20 [ultranest] [DEBUG] iteration=984, ncalls=1715, regioncalls=52680, ndraw=40, logz=-173375.85, remainder_fraction=100.0000%, Lmin=-173367.32, Lmax=-172318.98
15:15:20 [ultranest] [DEBUG] iteration=1000, ncalls=1737, regioncalls=53560, ndraw=40, logz=-173336.88, remainder_fraction=100.0000%, Lmin=-173325.53, Lmax=-172318.98
15:15:20 [ultranest] [DEBUG] iteration=1018, ncalls=1762, regioncalls=54560, ndraw=40, logz=-173295.49, remainder_fraction=100.0000%, Lmin=-173287.07, Lmax=-172318.98
15:15:20 [ultranest] [DEBUG] iteration=1036, ncalls=1787, regioncalls=55560, ndraw=40, logz=-173248.47, remainder_fraction=100.0000%, Lmin=-173239.73, Lmax=-172318.98
15:15:20 [ultranest] [DEBUG] iteration=1040, ncalls=1794, regioncalls=55840, ndraw=40, logz=-173245.58, remainder_fraction=100.0000%, Lmin=-173237.10, Lmax=-172318.98
15:15:20 [ultranest] [DEBUG] iteration=1050, ncalls=1805, regioncalls=56280, ndraw=40, logz=-173223.47, remainder_fraction=100.0000%, Lmin=-173211.42, Lmax=-172318.98
15:15:20 [ultranest] [DEBUG] iteration=1064, ncalls=1832, regioncalls=57360, ndraw=40, logz=-173190.46, remainder_fraction=100.0000%, Lmin=-173181.72, Lmax=-172318.98
15:15:20 [ultranest] [DEBUG] iteration=1080, ncalls=1850, regioncalls=58120, ndraw=40, logz=-173161.25, remainder_fraction=100.0000%, Lmin=-173152.19, Lmax=-172318.98
15:15:20 [ultranest] [DEBUG] iteration=1101, ncalls=1874, regioncalls=59080, ndraw=40, logz=-173111.90, remainder_fraction=100.0000%, Lmin=-173097.97, Lmax=-172318.98
15:15:20 [ultranest] [DEBUG] iteration=1120, ncalls=1899, regioncalls=60080, ndraw=40, logz=-173045.84, remainder_fraction=100.0000%, Lmin=-173036.49, Lmax=-172318.98
15:15:21 [ultranest] [DEBUG] iteration=1136, ncalls=1918, regioncalls=60840, ndraw=40, logz=-173027.17, remainder_fraction=100.0000%, Lmin=-173018.86, Lmax=-172315.19
15:15:21 [ultranest] [DEBUG] iteration=1156, ncalls=1943, regioncalls=61920, ndraw=40, logz=-172997.95, remainder_fraction=100.0000%, Lmin=-172986.43, Lmax=-172315.19
15:15:21 [ultranest] [DEBUG] iteration=1160, ncalls=1948, regioncalls=62120, ndraw=40, logz=-172992.60, remainder_fraction=100.0000%, Lmin=-172980.64, Lmax=-172315.19
15:15:21 [ultranest] [DEBUG] iteration=1179, ncalls=1972, regioncalls=63080, ndraw=40, logz=-172954.77, remainder_fraction=100.0000%, Lmin=-172945.30, Lmax=-172315.19
15:15:21 [ultranest] [DEBUG] iteration=1199, ncalls=1997, regioncalls=64080, ndraw=40, logz=-172914.00, remainder_fraction=100.0000%, Lmin=-172904.24, Lmax=-172315.19
15:15:21 [ultranest] [DEBUG] iteration=1200, ncalls=1998, regioncalls=64120, ndraw=40, logz=-172912.92, remainder_fraction=100.0000%, Lmin=-172903.95, Lmax=-172315.19
15:15:21 [ultranest] [DEBUG] iteration=1218, ncalls=2020, regioncalls=65000, ndraw=40, logz=-172890.58, remainder_fraction=100.0000%, Lmin=-172881.58, Lmax=-172315.19
15:15:21 [ultranest] [DEBUG] iteration=1222, ncalls=2026, regioncalls=65240, ndraw=40, logz=-172886.32, remainder_fraction=100.0000%, Lmin=-172875.74, Lmax=-172315.19
15:15:21 [ultranest] [DEBUG] iteration=1240, ncalls=2050, regioncalls=66240, ndraw=40, logz=-172863.03, remainder_fraction=100.0000%, Lmin=-172852.98, Lmax=-172315.19
15:15:21 [ultranest] [DEBUG] iteration=1257, ncalls=2075, regioncalls=67240, ndraw=40, logz=-172840.11, remainder_fraction=100.0000%, Lmin=-172830.44, Lmax=-172315.19
15:15:21 [ultranest] [DEBUG] iteration=1272, ncalls=2102, regioncalls=68320, ndraw=40, logz=-172819.13, remainder_fraction=100.0000%, Lmin=-172809.84, Lmax=-172315.19
15:15:21 [ultranest] [DEBUG] iteration=1280, ncalls=2115, regioncalls=68840, ndraw=40, logz=-172812.32, remainder_fraction=100.0000%, Lmin=-172803.16, Lmax=-172315.19
15:15:22 [ultranest] [DEBUG] iteration=1299, ncalls=2140, regioncalls=69840, ndraw=40, logz=-172789.32, remainder_fraction=100.0000%, Lmin=-172778.44, Lmax=-172315.19
15:15:22 [ultranest] [DEBUG] iteration=1317, ncalls=2163, regioncalls=70760, ndraw=40, logz=-172767.81, remainder_fraction=100.0000%, Lmin=-172758.43, Lmax=-172315.19
15:15:22 [ultranest] [DEBUG] iteration=1320, ncalls=2168, regioncalls=70960, ndraw=40, logz=-172766.20, remainder_fraction=100.0000%, Lmin=-172755.92, Lmax=-172315.19
15:15:22 [ultranest] [DEBUG] iteration=1336, ncalls=2193, regioncalls=71960, ndraw=40, logz=-172747.67, remainder_fraction=100.0000%, Lmin=-172737.98, Lmax=-172315.19
15:15:22 [ultranest] [DEBUG] iteration=1350, ncalls=2219, regioncalls=73000, ndraw=40, logz=-172733.13, remainder_fraction=100.0000%, Lmin=-172722.54, Lmax=-172315.19
15:15:22 [ultranest] [DEBUG] iteration=1360, ncalls=2233, regioncalls=73560, ndraw=40, logz=-172722.10, remainder_fraction=100.0000%, Lmin=-172711.59, Lmax=-172315.19
15:15:22 [ultranest] [DEBUG] iteration=1376, ncalls=2258, regioncalls=74560, ndraw=40, logz=-172705.85, remainder_fraction=100.0000%, Lmin=-172693.54, Lmax=-172315.19
15:15:22 [ultranest] [DEBUG] iteration=1393, ncalls=2284, regioncalls=75600, ndraw=40, logz=-172685.12, remainder_fraction=100.0000%, Lmin=-172676.54, Lmax=-172315.19
15:15:22 [ultranest] [DEBUG] iteration=1394, ncalls=2285, regioncalls=75640, ndraw=40, logz=-172684.81, remainder_fraction=100.0000%, Lmin=-172675.03, Lmax=-172315.19
15:15:22 [ultranest] [DEBUG] iteration=1400, ncalls=2292, regioncalls=75960, ndraw=40, logz=-172677.77, remainder_fraction=100.0000%, Lmin=-172668.43, Lmax=-172315.19
15:15:22 [ultranest] [DEBUG] iteration=1419, ncalls=2317, regioncalls=76960, ndraw=40, logz=-172657.18, remainder_fraction=100.0000%, Lmin=-172647.63, Lmax=-172315.19
15:15:22 [ultranest] [DEBUG] iteration=1435, ncalls=2342, regioncalls=77960, ndraw=40, logz=-172644.65, remainder_fraction=100.0000%, Lmin=-172634.84, Lmax=-172315.19
15:15:22 [ultranest] [DEBUG] iteration=1440, ncalls=2348, regioncalls=78200, ndraw=40, logz=-172642.07, remainder_fraction=100.0000%, Lmin=-172632.77, Lmax=-172315.19
15:15:22 [ultranest] [DEBUG] iteration=1460, ncalls=2373, regioncalls=79200, ndraw=40, logz=-172628.74, remainder_fraction=100.0000%, Lmin=-172619.74, Lmax=-172315.19
15:15:23 [ultranest] [DEBUG] iteration=1479, ncalls=2398, regioncalls=80200, ndraw=40, logz=-172616.60, remainder_fraction=100.0000%, Lmin=-172607.57, Lmax=-172315.19
15:15:23 [ultranest] [DEBUG] iteration=1480, ncalls=2399, regioncalls=80240, ndraw=40, logz=-172616.23, remainder_fraction=100.0000%, Lmin=-172606.89, Lmax=-172315.19
15:15:23 [ultranest] [DEBUG] iteration=1497, ncalls=2424, regioncalls=81280, ndraw=40, logz=-172605.36, remainder_fraction=100.0000%, Lmin=-172595.94, Lmax=-172315.19
15:15:23 [ultranest] [DEBUG] iteration=1516, ncalls=2449, regioncalls=82280, ndraw=40, logz=-172593.25, remainder_fraction=100.0000%, Lmin=-172583.47, Lmax=-172315.19
15:15:23 [ultranest] [DEBUG] iteration=1520, ncalls=2453, regioncalls=82440, ndraw=40, logz=-172591.38, remainder_fraction=100.0000%, Lmin=-172582.64, Lmax=-172315.19
15:15:23 [ultranest] [DEBUG] iteration=1540, ncalls=2478, regioncalls=83440, ndraw=40, logz=-172579.17, remainder_fraction=100.0000%, Lmin=-172569.58, Lmax=-172315.19
15:15:23 [ultranest] [DEBUG] iteration=1560, ncalls=2502, regioncalls=84400, ndraw=40, logz=-172563.26, remainder_fraction=100.0000%, Lmin=-172553.22, Lmax=-172315.19
15:15:23 [ultranest] [DEBUG] iteration=1576, ncalls=2525, regioncalls=85320, ndraw=40, logz=-172552.58, remainder_fraction=100.0000%, Lmin=-172542.84, Lmax=-172315.19
15:15:23 [ultranest] [DEBUG] iteration=1592, ncalls=2552, regioncalls=86400, ndraw=40, logz=-172543.82, remainder_fraction=100.0000%, Lmin=-172534.10, Lmax=-172315.19
15:15:23 [ultranest] [DEBUG] iteration=1600, ncalls=2563, regioncalls=86840, ndraw=40, logz=-172540.34, remainder_fraction=100.0000%, Lmin=-172530.65, Lmax=-172315.19
15:15:23 [ultranest] [DEBUG] iteration=1617, ncalls=2589, regioncalls=87880, ndraw=40, logz=-172531.14, remainder_fraction=100.0000%, Lmin=-172521.68, Lmax=-172315.19
15:15:23 [ultranest] [DEBUG] iteration=1630, ncalls=2615, regioncalls=88920, ndraw=40, logz=-172523.33, remainder_fraction=100.0000%, Lmin=-172514.23, Lmax=-172315.19
15:15:24 [ultranest] [DEBUG] iteration=1640, ncalls=2631, regioncalls=89560, ndraw=40, logz=-172517.39, remainder_fraction=100.0000%, Lmin=-172505.80, Lmax=-172315.19
15:15:24 [ultranest] [DEBUG] iteration=1652, ncalls=2654, regioncalls=90480, ndraw=40, logz=-172512.16, remainder_fraction=100.0000%, Lmin=-172502.88, Lmax=-172315.19
15:15:24 [ultranest] [DEBUG] iteration=1670, ncalls=2678, regioncalls=91560, ndraw=40, logz=-172498.73, remainder_fraction=100.0000%, Lmin=-172488.76, Lmax=-172315.19
15:15:24 [ultranest] [DEBUG] iteration=1680, ncalls=2693, regioncalls=92160, ndraw=40, logz=-172494.68, remainder_fraction=100.0000%, Lmin=-172484.84, Lmax=-172315.19
15:15:24 [ultranest] [DEBUG] iteration=1699, ncalls=2717, regioncalls=93120, ndraw=40, logz=-172485.87, remainder_fraction=100.0000%, Lmin=-172476.15, Lmax=-172314.55
15:15:24 [ultranest] [DEBUG] iteration=1719, ncalls=2741, regioncalls=94080, ndraw=40, logz=-172478.46, remainder_fraction=100.0000%, Lmin=-172468.71, Lmax=-172314.55
15:15:24 [ultranest] [DEBUG] iteration=1720, ncalls=2742, regioncalls=94120, ndraw=40, logz=-172478.06, remainder_fraction=100.0000%, Lmin=-172468.60, Lmax=-172314.55
15:15:24 [ultranest] [DEBUG] iteration=1734, ncalls=2760, regioncalls=94840, ndraw=40, logz=-172470.36, remainder_fraction=100.0000%, Lmin=-172460.34, Lmax=-172314.55
15:15:24 [ultranest] [DEBUG] iteration=1738, ncalls=2764, regioncalls=95040, ndraw=40, logz=-172468.27, remainder_fraction=100.0000%, Lmin=-172458.50, Lmax=-172314.55
15:15:24 [ultranest] [DEBUG] iteration=1758, ncalls=2788, regioncalls=96120, ndraw=40, logz=-172462.22, remainder_fraction=100.0000%, Lmin=-172452.96, Lmax=-172314.55
15:15:24 [ultranest] [DEBUG] iteration=1760, ncalls=2790, regioncalls=96200, ndraw=40, logz=-172461.70, remainder_fraction=100.0000%, Lmin=-172452.42, Lmax=-172314.55
15:15:24 [ultranest] [DEBUG] iteration=1776, ncalls=2815, regioncalls=97200, ndraw=40, logz=-172456.05, remainder_fraction=100.0000%, Lmin=-172445.09, Lmax=-172314.55
15:15:24 [ultranest] [DEBUG] iteration=1795, ncalls=2840, regioncalls=98200, ndraw=40, logz=-172450.00, remainder_fraction=100.0000%, Lmin=-172440.36, Lmax=-172314.55
15:15:25 [ultranest] [DEBUG] iteration=1800, ncalls=2845, regioncalls=98400, ndraw=40, logz=-172447.94, remainder_fraction=100.0000%, Lmin=-172438.35, Lmax=-172314.55
15:15:25 [ultranest] [DEBUG] iteration=1817, ncalls=2869, regioncalls=99360, ndraw=40, logz=-172444.07, remainder_fraction=100.0000%, Lmin=-172434.64, Lmax=-172314.55
15:15:25 [ultranest] [DEBUG] iteration=1824, ncalls=2880, regioncalls=99840, ndraw=40, logz=-172442.39, remainder_fraction=100.0000%, Lmin=-172433.21, Lmax=-172314.55
15:15:25 [ultranest] [DEBUG] iteration=1840, ncalls=2900, regioncalls=100640, ndraw=40, logz=-172438.06, remainder_fraction=100.0000%, Lmin=-172428.49, Lmax=-172314.55
15:15:25 [ultranest] [DEBUG] iteration=1863, ncalls=2926, regioncalls=101680, ndraw=40, logz=-172432.53, remainder_fraction=100.0000%, Lmin=-172423.04, Lmax=-172314.55
15:15:25 [ultranest] [DEBUG] iteration=1880, ncalls=2946, regioncalls=102480, ndraw=40, logz=-172428.25, remainder_fraction=100.0000%, Lmin=-172418.64, Lmax=-172314.55
15:15:25 [ultranest] [DEBUG] iteration=1900, ncalls=2971, regioncalls=103480, ndraw=40, logz=-172423.46, remainder_fraction=100.0000%, Lmin=-172413.87, Lmax=-172314.55
15:15:25 [ultranest] [DEBUG] iteration=1917, ncalls=2994, regioncalls=104400, ndraw=40, logz=-172419.29, remainder_fraction=100.0000%, Lmin=-172409.32, Lmax=-172314.55
15:15:25 [ultranest] [DEBUG] iteration=1920, ncalls=2997, regioncalls=104520, ndraw=40, logz=-172418.21, remainder_fraction=100.0000%, Lmin=-172408.06, Lmax=-172314.55
15:15:25 [ultranest] [DEBUG] iteration=1938, ncalls=3022, regioncalls=105520, ndraw=40, logz=-172413.25, remainder_fraction=100.0000%, Lmin=-172403.98, Lmax=-172314.55
15:15:25 [ultranest] [DEBUG] iteration=1958, ncalls=3047, regioncalls=106520, ndraw=40, logz=-172409.54, remainder_fraction=100.0000%, Lmin=-172399.88, Lmax=-172314.55
15:15:25 [ultranest] [DEBUG] iteration=1960, ncalls=3051, regioncalls=106680, ndraw=40, logz=-172409.11, remainder_fraction=100.0000%, Lmin=-172399.65, Lmax=-172314.55
15:15:25 [ultranest] [DEBUG] iteration=1980, ncalls=3077, regioncalls=107720, ndraw=40, logz=-172404.80, remainder_fraction=100.0000%, Lmin=-172394.89, Lmax=-172314.55
15:15:26 [ultranest] [DEBUG] iteration=1996, ncalls=3100, regioncalls=108680, ndraw=40, logz=-172400.79, remainder_fraction=100.0000%, Lmin=-172391.08, Lmax=-172314.55
15:15:26 [ultranest] [DEBUG] iteration=2000, ncalls=3105, regioncalls=108880, ndraw=40, logz=-172400.04, remainder_fraction=100.0000%, Lmin=-172390.62, Lmax=-172314.55
15:15:26 [ultranest] [DEBUG] iteration=2020, ncalls=3129, regioncalls=109840, ndraw=40, logz=-172396.49, remainder_fraction=100.0000%, Lmin=-172387.12, Lmax=-172314.55
15:15:26 [ultranest] [DEBUG] iteration=2040, ncalls=3154, regioncalls=110840, ndraw=40, logz=-172392.83, remainder_fraction=100.0000%, Lmin=-172383.63, Lmax=-172314.55
15:15:26 [ultranest] [DEBUG] iteration=2061, ncalls=3178, regioncalls=111800, ndraw=40, logz=-172390.58, remainder_fraction=100.0000%, Lmin=-172381.59, Lmax=-172314.55
15:15:26 [ultranest] [DEBUG] iteration=2080, ncalls=3201, regioncalls=112720, ndraw=40, logz=-172387.88, remainder_fraction=100.0000%, Lmin=-172378.06, Lmax=-172314.55
15:15:26 [ultranest] [DEBUG] iteration=2098, ncalls=3224, regioncalls=113640, ndraw=40, logz=-172385.60, remainder_fraction=100.0000%, Lmin=-172376.41, Lmax=-172314.55
15:15:26 [ultranest] [DEBUG] iteration=2117, ncalls=3249, regioncalls=114640, ndraw=40, logz=-172382.96, remainder_fraction=100.0000%, Lmin=-172372.20, Lmax=-172314.55
15:15:26 [ultranest] [DEBUG] iteration=2120, ncalls=3253, regioncalls=114800, ndraw=40, logz=-172381.96, remainder_fraction=100.0000%, Lmin=-172371.41, Lmax=-172314.55
15:15:26 [ultranest] [DEBUG] iteration=2140, ncalls=3279, regioncalls=115840, ndraw=40, logz=-172378.45, remainder_fraction=100.0000%, Lmin=-172369.12, Lmax=-172314.53
15:15:26 [ultranest] [DEBUG] iteration=2158, ncalls=3307, regioncalls=116960, ndraw=40, logz=-172376.34, remainder_fraction=100.0000%, Lmin=-172366.70, Lmax=-172314.53
15:15:26 [ultranest] [DEBUG] iteration=2160, ncalls=3310, regioncalls=117080, ndraw=40, logz=-172376.09, remainder_fraction=100.0000%, Lmin=-172366.65, Lmax=-172314.53
15:15:27 [ultranest] [DEBUG] iteration=2168, ncalls=3319, regioncalls=117440, ndraw=40, logz=-172375.07, remainder_fraction=100.0000%, Lmin=-172365.44, Lmax=-172314.53
15:15:27 [ultranest] [DEBUG] iteration=2186, ncalls=3344, regioncalls=118480, ndraw=40, logz=-172373.14, remainder_fraction=100.0000%, Lmin=-172363.71, Lmax=-172314.53
15:15:27 [ultranest] [DEBUG] iteration=2200, ncalls=3360, regioncalls=119120, ndraw=40, logz=-172371.71, remainder_fraction=100.0000%, Lmin=-172362.39, Lmax=-172314.53
15:15:27 [ultranest] [DEBUG] iteration=2223, ncalls=3385, regioncalls=120120, ndraw=40, logz=-172369.09, remainder_fraction=100.0000%, Lmin=-172359.36, Lmax=-172314.53
15:15:27 [ultranest] [DEBUG] iteration=2240, ncalls=3408, regioncalls=121040, ndraw=40, logz=-172367.10, remainder_fraction=100.0000%, Lmin=-172357.39, Lmax=-172314.53
15:15:27 [ultranest] [DEBUG] iteration=2254, ncalls=3425, regioncalls=121760, ndraw=40, logz=-172365.34, remainder_fraction=100.0000%, Lmin=-172355.63, Lmax=-172314.53
15:15:27 [ultranest] [DEBUG] iteration=2275, ncalls=3449, regioncalls=122720, ndraw=40, logz=-172363.35, remainder_fraction=100.0000%, Lmin=-172353.80, Lmax=-172314.53
15:15:27 [ultranest] [DEBUG] iteration=2280, ncalls=3455, regioncalls=122960, ndraw=40, logz=-172362.92, remainder_fraction=100.0000%, Lmin=-172353.44, Lmax=-172314.53
15:15:27 [ultranest] [DEBUG] iteration=2301, ncalls=3479, regioncalls=123920, ndraw=40, logz=-172360.64, remainder_fraction=100.0000%, Lmin=-172350.88, Lmax=-172314.53
15:15:27 [ultranest] [DEBUG] iteration=2320, ncalls=3504, regioncalls=124920, ndraw=40, logz=-172358.96, remainder_fraction=100.0000%, Lmin=-172349.17, Lmax=-172314.53
15:15:27 [ultranest] [DEBUG] iteration=2340, ncalls=3528, regioncalls=125920, ndraw=40, logz=-172357.30, remainder_fraction=100.0000%, Lmin=-172347.49, Lmax=-172314.53
15:15:28 [ultranest] [DEBUG] iteration=2358, ncalls=3554, regioncalls=127000, ndraw=40, logz=-172355.58, remainder_fraction=100.0000%, Lmin=-172345.90, Lmax=-172314.53
15:15:28 [ultranest] [DEBUG] iteration=2360, ncalls=3557, regioncalls=127120, ndraw=40, logz=-172355.41, remainder_fraction=100.0000%, Lmin=-172345.80, Lmax=-172314.53
15:15:28 [ultranest] [DEBUG] iteration=2379, ncalls=3582, regioncalls=128120, ndraw=40, logz=-172354.18, remainder_fraction=100.0000%, Lmin=-172344.77, Lmax=-172314.53
15:15:28 [ultranest] [DEBUG] iteration=2399, ncalls=3607, regioncalls=129120, ndraw=40, logz=-172352.84, remainder_fraction=100.0000%, Lmin=-172343.05, Lmax=-172314.53
15:15:28 [ultranest] [DEBUG] iteration=2400, ncalls=3608, regioncalls=129160, ndraw=40, logz=-172352.75, remainder_fraction=100.0000%, Lmin=-172343.04, Lmax=-172314.53
15:15:28 [ultranest] [DEBUG] iteration=2418, ncalls=3633, regioncalls=130160, ndraw=40, logz=-172351.40, remainder_fraction=100.0000%, Lmin=-172341.71, Lmax=-172314.53
15:15:28 [ultranest] [DEBUG] iteration=2426, ncalls=3642, regioncalls=130560, ndraw=40, logz=-172350.82, remainder_fraction=100.0000%, Lmin=-172341.10, Lmax=-172314.53
15:15:28 [ultranest] [DEBUG] iteration=2440, ncalls=3659, regioncalls=131240, ndraw=40, logz=-172349.98, remainder_fraction=100.0000%, Lmin=-172340.58, Lmax=-172314.53
15:15:28 [ultranest] [DEBUG] iteration=2461, ncalls=3685, regioncalls=132320, ndraw=40, logz=-172348.59, remainder_fraction=100.0000%, Lmin=-172338.95, Lmax=-172314.49
15:15:28 [ultranest] [DEBUG] iteration=2480, ncalls=3708, regioncalls=133240, ndraw=40, logz=-172347.51, remainder_fraction=100.0000%, Lmin=-172337.93, Lmax=-172314.49
15:15:28 [ultranest] [DEBUG] iteration=2500, ncalls=3732, regioncalls=134200, ndraw=40, logz=-172346.38, remainder_fraction=100.0000%, Lmin=-172336.81, Lmax=-172314.49
15:15:28 [ultranest] [DEBUG] iteration=2512, ncalls=3748, regioncalls=134840, ndraw=40, logz=-172345.72, remainder_fraction=100.0000%, Lmin=-172336.09, Lmax=-172314.49
15:15:28 [ultranest] [DEBUG] iteration=2520, ncalls=3758, regioncalls=135320, ndraw=40, logz=-172345.31, remainder_fraction=100.0000%, Lmin=-172335.80, Lmax=-172314.49
15:15:28 [ultranest] [DEBUG] iteration=2544, ncalls=3782, regioncalls=136280, ndraw=40, logz=-172344.13, remainder_fraction=100.0000%, Lmin=-172334.37, Lmax=-172314.49
15:15:29 [ultranest] [DEBUG] iteration=2560, ncalls=3804, regioncalls=137160, ndraw=40, logz=-172343.17, remainder_fraction=100.0000%, Lmin=-172333.53, Lmax=-172314.49
15:15:29 [ultranest] [DEBUG] iteration=2580, ncalls=3828, regioncalls=138120, ndraw=40, logz=-172342.24, remainder_fraction=100.0000%, Lmin=-172332.54, Lmax=-172314.49
15:15:29 [ultranest] [DEBUG] iteration=2597, ncalls=3853, regioncalls=139120, ndraw=40, logz=-172341.41, remainder_fraction=100.0000%, Lmin=-172331.81, Lmax=-172314.49
15:15:29 [ultranest] [DEBUG] iteration=2600, ncalls=3856, regioncalls=139240, ndraw=40, logz=-172341.29, remainder_fraction=100.0000%, Lmin=-172331.71, Lmax=-172314.49
15:15:29 [ultranest] [DEBUG] iteration=2618, ncalls=3881, regioncalls=140240, ndraw=40, logz=-172340.60, remainder_fraction=100.0000%, Lmin=-172330.96, Lmax=-172314.49
15:15:29 [ultranest] [DEBUG] iteration=2635, ncalls=3906, regioncalls=141240, ndraw=40, logz=-172339.93, remainder_fraction=100.0000%, Lmin=-172330.34, Lmax=-172314.49
15:15:29 [ultranest] [DEBUG] iteration=2640, ncalls=3912, regioncalls=141480, ndraw=40, logz=-172339.75, remainder_fraction=100.0000%, Lmin=-172330.28, Lmax=-172314.49
15:15:29 [ultranest] [DEBUG] iteration=2658, ncalls=3939, regioncalls=142560, ndraw=40, logz=-172339.12, remainder_fraction=100.0000%, Lmin=-172329.61, Lmax=-172314.49
15:15:29 [ultranest] [DEBUG] iteration=2675, ncalls=3964, regioncalls=143560, ndraw=40, logz=-172338.50, remainder_fraction=99.9999%, Lmin=-172328.89, Lmax=-172314.49
15:15:29 [ultranest] [DEBUG] iteration=2680, ncalls=3971, regioncalls=143840, ndraw=40, logz=-172338.33, remainder_fraction=99.9999%, Lmin=-172328.68, Lmax=-172314.49
15:15:29 [ultranest] [DEBUG] iteration=2684, ncalls=3977, regioncalls=144200, ndraw=40, logz=-172338.19, remainder_fraction=99.9999%, Lmin=-172328.51, Lmax=-172314.49
15:15:29 [ultranest] [DEBUG] iteration=2704, ncalls=4002, regioncalls=145200, ndraw=40, logz=-172337.46, remainder_fraction=99.9998%, Lmin=-172327.76, Lmax=-172314.49
15:15:29 [ultranest] [DEBUG] iteration=2720, ncalls=4026, regioncalls=146160, ndraw=40, logz=-172336.90, remainder_fraction=99.9997%, Lmin=-172327.25, Lmax=-172314.49
15:15:30 [ultranest] [DEBUG] iteration=2741, ncalls=4051, regioncalls=147160, ndraw=40, logz=-172336.25, remainder_fraction=99.9994%, Lmin=-172326.64, Lmax=-172314.49
15:15:30 [ultranest] [DEBUG] iteration=2760, ncalls=4074, regioncalls=148080, ndraw=40, logz=-172335.62, remainder_fraction=99.9988%, Lmin=-172325.72, Lmax=-172314.49
15:15:30 [ultranest] [DEBUG] iteration=2770, ncalls=4084, regioncalls=148520, ndraw=40, logz=-172335.27, remainder_fraction=99.9983%, Lmin=-172325.46, Lmax=-172314.49
15:15:30 [ultranest] [DEBUG] iteration=2792, ncalls=4108, regioncalls=149720, ndraw=40, logz=-172334.61, remainder_fraction=99.9967%, Lmin=-172324.94, Lmax=-172314.49
15:15:30 [ultranest] [DEBUG] iteration=2800, ncalls=4118, regioncalls=150120, ndraw=40, logz=-172334.38, remainder_fraction=99.9958%, Lmin=-172324.69, Lmax=-172314.49
15:15:30 [ultranest] [DEBUG] iteration=2820, ncalls=4143, regioncalls=151120, ndraw=40, logz=-172333.87, remainder_fraction=99.9936%, Lmin=-172324.31, Lmax=-172314.49
15:15:30 [ultranest] [DEBUG] iteration=2838, ncalls=4168, regioncalls=152120, ndraw=40, logz=-172333.47, remainder_fraction=99.9902%, Lmin=-172323.96, Lmax=-172314.49
15:15:30 [ultranest] [DEBUG] iteration=2840, ncalls=4170, regioncalls=152200, ndraw=40, logz=-172333.43, remainder_fraction=99.9900%, Lmin=-172323.90, Lmax=-172314.49
15:15:30 [ultranest] [DEBUG] iteration=2856, ncalls=4190, regioncalls=153120, ndraw=40, logz=-172333.10, remainder_fraction=99.9864%, Lmin=-172323.55, Lmax=-172314.49
15:15:30 [ultranest] [DEBUG] iteration=2875, ncalls=4215, regioncalls=154120, ndraw=40, logz=-172332.69, remainder_fraction=99.9792%, Lmin=-172323.06, Lmax=-172314.49
15:15:30 [ultranest] [DEBUG] iteration=2880, ncalls=4221, regioncalls=154360, ndraw=40, logz=-172332.58, remainder_fraction=99.9770%, Lmin=-172322.91, Lmax=-172314.49
15:15:30 [ultranest] [DEBUG] iteration=2899, ncalls=4245, regioncalls=155360, ndraw=40, logz=-172332.18, remainder_fraction=99.9663%, Lmin=-172322.38, Lmax=-172314.49
15:15:31 [ultranest] [DEBUG] iteration=2918, ncalls=4272, regioncalls=156440, ndraw=40, logz=-172331.76, remainder_fraction=99.9497%, Lmin=-172322.04, Lmax=-172314.48
15:15:31 [ultranest] [DEBUG] iteration=2920, ncalls=4274, regioncalls=156520, ndraw=40, logz=-172331.72, remainder_fraction=99.9476%, Lmin=-172322.04, Lmax=-172314.48
15:15:31 [ultranest] [DEBUG] iteration=2939, ncalls=4299, regioncalls=157520, ndraw=40, logz=-172331.36, remainder_fraction=99.9261%, Lmin=-172321.72, Lmax=-172314.48
15:15:31 [ultranest] [DEBUG] iteration=2942, ncalls=4303, regioncalls=157720, ndraw=40, logz=-172331.31, remainder_fraction=99.9216%, Lmin=-172321.68, Lmax=-172314.48
15:15:31 [ultranest] [DEBUG] iteration=2960, ncalls=4322, regioncalls=158480, ndraw=40, logz=-172330.97, remainder_fraction=99.8899%, Lmin=-172321.23, Lmax=-172314.48
15:15:31 [ultranest] [DEBUG] iteration=2979, ncalls=4348, regioncalls=159520, ndraw=40, logz=-172330.62, remainder_fraction=99.8464%, Lmin=-172320.91, Lmax=-172314.48
15:15:31 [ultranest] [DEBUG] iteration=2998, ncalls=4373, regioncalls=160520, ndraw=40, logz=-172330.30, remainder_fraction=99.7917%, Lmin=-172320.65, Lmax=-172314.48
15:15:31 [ultranest] [DEBUG] iteration=3000, ncalls=4377, regioncalls=160680, ndraw=40, logz=-172330.27, remainder_fraction=99.7862%, Lmin=-172320.63, Lmax=-172314.48
15:15:31 [ultranest] [DEBUG] iteration=3017, ncalls=4402, regioncalls=161680, ndraw=40, logz=-172330.02, remainder_fraction=99.7214%, Lmin=-172320.33, Lmax=-172314.48
15:15:31 [ultranest] [DEBUG] iteration=3028, ncalls=4422, regioncalls=162520, ndraw=40, logz=-172329.85, remainder_fraction=99.6672%, Lmin=-172320.12, Lmax=-172314.48
15:15:31 [ultranest] [DEBUG] iteration=3040, ncalls=4437, regioncalls=163160, ndraw=40, logz=-172329.66, remainder_fraction=99.6114%, Lmin=-172319.95, Lmax=-172314.48
15:15:31 [ultranest] [DEBUG] iteration=3061, ncalls=4461, regioncalls=164120, ndraw=40, logz=-172329.36, remainder_fraction=99.4829%, Lmin=-172319.70, Lmax=-172314.48
15:15:31 [ultranest] [DEBUG] iteration=3077, ncalls=4487, regioncalls=165160, ndraw=40, logz=-172329.16, remainder_fraction=99.3655%, Lmin=-172319.52, Lmax=-172314.48
15:15:31 [ultranest] [DEBUG] iteration=3080, ncalls=4492, regioncalls=165360, ndraw=40, logz=-172329.12, remainder_fraction=99.3403%, Lmin=-172319.48, Lmax=-172314.48
15:15:32 [ultranest] [DEBUG] iteration=3095, ncalls=4518, regioncalls=166400, ndraw=40, logz=-172328.93, remainder_fraction=99.1884%, Lmin=-172319.22, Lmax=-172314.48
15:15:32 [ultranest] [DEBUG] iteration=3114, ncalls=4543, regioncalls=167400, ndraw=40, logz=-172328.69, remainder_fraction=98.9745%, Lmin=-172319.04, Lmax=-172314.48
15:15:32 [ultranest] [DEBUG] iteration=3120, ncalls=4549, regioncalls=167640, ndraw=40, logz=-172328.62, remainder_fraction=98.9074%, Lmin=-172319.01, Lmax=-172314.48
15:15:32 [ultranest] [DEBUG] iteration=3138, ncalls=4575, regioncalls=168680, ndraw=40, logz=-172328.43, remainder_fraction=98.6514%, Lmin=-172318.75, Lmax=-172314.48
15:15:32 [ultranest] [DEBUG] iteration=3155, ncalls=4600, regioncalls=169680, ndraw=40, logz=-172328.23, remainder_fraction=98.3641%, Lmin=-172318.49, Lmax=-172314.48
15:15:32 [ultranest] [DEBUG] iteration=3160, ncalls=4608, regioncalls=170000, ndraw=40, logz=-172328.17, remainder_fraction=98.2521%, Lmin=-172318.46, Lmax=-172314.48
15:15:32 [ultranest] [DEBUG] iteration=3176, ncalls=4637, regioncalls=171160, ndraw=40, logz=-172328.00, remainder_fraction=97.9135%, Lmin=-172318.32, Lmax=-172314.48
15:15:32 [ultranest] [DEBUG] iteration=3192, ncalls=4663, regioncalls=172200, ndraw=40, logz=-172327.84, remainder_fraction=97.5665%, Lmin=-172318.20, Lmax=-172314.48
15:15:32 [ultranest] [DEBUG] iteration=3200, ncalls=4677, regioncalls=172800, ndraw=40, logz=-172327.77, remainder_fraction=97.3658%, Lmin=-172318.11, Lmax=-172314.48
15:15:32 [ultranest] [DEBUG] iteration=3220, ncalls=4702, regioncalls=173800, ndraw=40, logz=-172327.59, remainder_fraction=96.9004%, Lmin=-172317.97, Lmax=-172314.48
15:15:32 [ultranest] [DEBUG] iteration=3240, ncalls=4726, regioncalls=174800, ndraw=40, logz=-172327.42, remainder_fraction=96.3190%, Lmin=-172317.77, Lmax=-172314.48
15:15:33 [ultranest] [DEBUG] iteration=3257, ncalls=4751, regioncalls=175800, ndraw=40, logz=-172327.28, remainder_fraction=95.7600%, Lmin=-172317.62, Lmax=-172314.48
15:15:33 [ultranest] [DEBUG] iteration=3274, ncalls=4776, regioncalls=176800, ndraw=40, logz=-172327.15, remainder_fraction=95.1706%, Lmin=-172317.48, Lmax=-172314.48
15:15:33 [ultranest] [DEBUG] iteration=3280, ncalls=4784, regioncalls=177120, ndraw=40, logz=-172327.10, remainder_fraction=94.9543%, Lmin=-172317.45, Lmax=-172314.48
15:15:33 [ultranest] [DEBUG] iteration=3286, ncalls=4791, regioncalls=177440, ndraw=40, logz=-172327.06, remainder_fraction=94.7210%, Lmin=-172317.42, Lmax=-172314.48
15:15:33 [ultranest] [DEBUG] iteration=3303, ncalls=4816, regioncalls=178440, ndraw=40, logz=-172326.93, remainder_fraction=93.9781%, Lmin=-172317.28, Lmax=-172314.48
15:15:33 [ultranest] [DEBUG] iteration=3320, ncalls=4837, regioncalls=179280, ndraw=40, logz=-172326.82, remainder_fraction=93.1971%, Lmin=-172317.18, Lmax=-172314.48
15:15:33 [ultranest] [DEBUG] iteration=3336, ncalls=4862, regioncalls=180280, ndraw=40, logz=-172326.71, remainder_fraction=92.4525%, Lmin=-172317.05, Lmax=-172314.48
15:15:33 [ultranest] [DEBUG] iteration=3356, ncalls=4887, regioncalls=181320, ndraw=40, logz=-172326.58, remainder_fraction=91.4743%, Lmin=-172316.91, Lmax=-172314.48
15:15:33 [ultranest] [DEBUG] iteration=3360, ncalls=4892, regioncalls=181520, ndraw=40, logz=-172326.56, remainder_fraction=91.2299%, Lmin=-172316.90, Lmax=-172314.48
15:15:33 [ultranest] [DEBUG] iteration=3378, ncalls=4915, regioncalls=182440, ndraw=40, logz=-172326.45, remainder_fraction=90.2341%, Lmin=-172316.80, Lmax=-172314.48
15:15:33 [ultranest] [DEBUG] iteration=3396, ncalls=4940, regioncalls=183440, ndraw=40, logz=-172326.35, remainder_fraction=89.1489%, Lmin=-172316.70, Lmax=-172314.48
15:15:33 [ultranest] [DEBUG] iteration=3400, ncalls=4947, regioncalls=183720, ndraw=40, logz=-172326.32, remainder_fraction=88.8983%, Lmin=-172316.69, Lmax=-172314.48
15:15:33 [ultranest] [DEBUG] iteration=3419, ncalls=4972, regioncalls=184720, ndraw=40, logz=-172326.22, remainder_fraction=87.6493%, Lmin=-172316.57, Lmax=-172314.48
15:15:34 [ultranest] [DEBUG] iteration=3438, ncalls=4997, regioncalls=185720, ndraw=40, logz=-172326.12, remainder_fraction=86.4333%, Lmin=-172316.48, Lmax=-172314.48
15:15:34 [ultranest] [DEBUG] iteration=3440, ncalls=4999, regioncalls=185800, ndraw=40, logz=-172326.11, remainder_fraction=86.2635%, Lmin=-172316.47, Lmax=-172314.48
15:15:34 [ultranest] [DEBUG] iteration=3456, ncalls=5024, regioncalls=186800, ndraw=40, logz=-172326.04, remainder_fraction=85.1629%, Lmin=-172316.39, Lmax=-172314.48
15:15:34 [ultranest] [DEBUG] iteration=3458, ncalls=5026, regioncalls=186960, ndraw=40, logz=-172326.03, remainder_fraction=85.0152%, Lmin=-172316.38, Lmax=-172314.48
15:15:34 [ultranest] [DEBUG] iteration=3480, ncalls=5050, regioncalls=187920, ndraw=40, logz=-172325.92, remainder_fraction=83.2939%, Lmin=-172316.25, Lmax=-172314.48
15:15:34 [ultranest] [DEBUG] iteration=3503, ncalls=5074, regioncalls=188880, ndraw=40, logz=-172325.82, remainder_fraction=81.4297%, Lmin=-172316.16, Lmax=-172314.48
15:15:34 [ultranest] [DEBUG] iteration=3520, ncalls=5094, regioncalls=189680, ndraw=40, logz=-172325.75, remainder_fraction=80.0166%, Lmin=-172316.09, Lmax=-172314.48
15:15:34 [ultranest] [DEBUG] iteration=3539, ncalls=5121, regioncalls=190760, ndraw=40, logz=-172325.67, remainder_fraction=78.4090%, Lmin=-172315.98, Lmax=-172314.48
15:15:34 [ultranest] [DEBUG] iteration=3558, ncalls=5145, regioncalls=191720, ndraw=40, logz=-172325.60, remainder_fraction=76.7883%, Lmin=-172315.88, Lmax=-172314.48
15:15:34 [ultranest] [DEBUG] iteration=3560, ncalls=5147, regioncalls=191800, ndraw=40, logz=-172325.59, remainder_fraction=76.5883%, Lmin=-172315.88, Lmax=-172314.48
15:15:34 [ultranest] [DEBUG] iteration=3579, ncalls=5172, regioncalls=192800, ndraw=40, logz=-172325.52, remainder_fraction=74.7709%, Lmin=-172315.82, Lmax=-172314.48
15:15:34 [ultranest] [DEBUG] iteration=3594, ncalls=5197, regioncalls=193800, ndraw=40, logz=-172325.47, remainder_fraction=73.3704%, Lmin=-172315.76, Lmax=-172314.48
15:15:34 [ultranest] [DEBUG] iteration=3600, ncalls=5209, regioncalls=194280, ndraw=40, logz=-172325.44, remainder_fraction=72.8347%, Lmin=-172315.74, Lmax=-172314.48
15:15:35 [ultranest] [DEBUG] iteration=3619, ncalls=5234, regioncalls=195280, ndraw=40, logz=-172325.38, remainder_fraction=71.0408%, Lmin=-172315.69, Lmax=-172314.48
15:15:35 [ultranest] [DEBUG] iteration=3630, ncalls=5256, regioncalls=196280, ndraw=40, logz=-172325.35, remainder_fraction=69.9186%, Lmin=-172315.65, Lmax=-172314.48
15:15:35 [ultranest] [DEBUG] iteration=3640, ncalls=5266, regioncalls=196680, ndraw=40, logz=-172325.31, remainder_fraction=68.8946%, Lmin=-172315.63, Lmax=-172314.48
15:15:35 [ultranest] [DEBUG] iteration=3660, ncalls=5291, regioncalls=197680, ndraw=40, logz=-172325.25, remainder_fraction=66.8978%, Lmin=-172315.57, Lmax=-172314.48
15:15:35 [ultranest] [DEBUG] iteration=3680, ncalls=5314, regioncalls=198600, ndraw=40, logz=-172325.20, remainder_fraction=64.9409%, Lmin=-172315.53, Lmax=-172314.48
15:15:35 [ultranest] [DEBUG] iteration=3699, ncalls=5338, regioncalls=199560, ndraw=40, logz=-172325.15, remainder_fraction=63.1058%, Lmin=-172315.49, Lmax=-172314.48
15:15:35 [ultranest] [DEBUG] iteration=3720, ncalls=5361, regioncalls=200480, ndraw=40, logz=-172325.10, remainder_fraction=61.1855%, Lmin=-172315.44, Lmax=-172314.48
15:15:35 [ultranest] [DEBUG] iteration=3741, ncalls=5385, regioncalls=201440, ndraw=40, logz=-172325.05, remainder_fraction=59.1604%, Lmin=-172315.37, Lmax=-172314.48
15:15:35 [ultranest] [DEBUG] iteration=3760, ncalls=5407, regioncalls=202320, ndraw=40, logz=-172325.00, remainder_fraction=57.2602%, Lmin=-172315.34, Lmax=-172314.48
15:15:35 [ultranest] [DEBUG] iteration=3781, ncalls=5431, regioncalls=203280, ndraw=40, logz=-172324.96, remainder_fraction=55.3082%, Lmin=-172315.30, Lmax=-172314.48
15:15:36 [ultranest] [DEBUG] iteration=3800, ncalls=5453, regioncalls=204160, ndraw=40, logz=-172324.92, remainder_fraction=53.5996%, Lmin=-172315.25, Lmax=-172314.48
15:15:36 [ultranest] [DEBUG] iteration=3802, ncalls=5456, regioncalls=204360, ndraw=40, logz=-172324.92, remainder_fraction=53.4101%, Lmin=-172315.25, Lmax=-172314.48
15:15:36 [ultranest] [DEBUG] iteration=3822, ncalls=5480, regioncalls=205320, ndraw=40, logz=-172324.88, remainder_fraction=51.5225%, Lmin=-172315.20, Lmax=-172314.48
15:15:36 [ultranest] [DEBUG] iteration=3840, ncalls=5502, regioncalls=206200, ndraw=40, logz=-172324.85, remainder_fraction=49.9463%, Lmin=-172315.17, Lmax=-172314.48
15:15:36 [ultranest] [DEBUG] iteration=3859, ncalls=5526, regioncalls=207160, ndraw=40, logz=-172324.81, remainder_fraction=48.2249%, Lmin=-172315.14, Lmax=-172314.48
15:15:36 [ultranest] [DEBUG] iteration=3876, ncalls=5551, regioncalls=208160, ndraw=40, logz=-172324.78, remainder_fraction=46.7250%, Lmin=-172315.12, Lmax=-172314.48
15:15:36 [ultranest] [DEBUG] iteration=3880, ncalls=5556, regioncalls=208360, ndraw=40, logz=-172324.78, remainder_fraction=46.4066%, Lmin=-172315.11, Lmax=-172314.48
15:15:36 [ultranest] [DEBUG] iteration=3899, ncalls=5578, regioncalls=209240, ndraw=40, logz=-172324.75, remainder_fraction=44.6949%, Lmin=-172315.07, Lmax=-172314.48
15:15:36 [ultranest] [DEBUG] iteration=3917, ncalls=5603, regioncalls=210240, ndraw=40, logz=-172324.72, remainder_fraction=43.1237%, Lmin=-172315.04, Lmax=-172314.48
15:15:36 [ultranest] [DEBUG] iteration=3920, ncalls=5607, regioncalls=210400, ndraw=40, logz=-172324.72, remainder_fraction=42.8743%, Lmin=-172315.03, Lmax=-172314.48
15:15:36 [ultranest] [DEBUG] iteration=3935, ncalls=5632, regioncalls=211400, ndraw=40, logz=-172324.69, remainder_fraction=41.6087%, Lmin=-172315.01, Lmax=-172314.48
15:15:36 [ultranest] [DEBUG] iteration=3950, ncalls=5659, regioncalls=212480, ndraw=40, logz=-172324.67, remainder_fraction=40.3711%, Lmin=-172314.99, Lmax=-172314.48
15:15:36 [ultranest] [DEBUG] iteration=3960, ncalls=5670, regioncalls=212920, ndraw=40, logz=-172324.66, remainder_fraction=39.5624%, Lmin=-172314.98, Lmax=-172314.48
15:15:37 [ultranest] [DEBUG] iteration=3974, ncalls=5696, regioncalls=214000, ndraw=40, logz=-172324.64, remainder_fraction=38.4006%, Lmin=-172314.95, Lmax=-172314.48
15:15:37 [ultranest] [DEBUG] iteration=3993, ncalls=5720, regioncalls=214960, ndraw=40, logz=-172324.62, remainder_fraction=36.9274%, Lmin=-172314.92, Lmax=-172314.48
15:15:37 [ultranest] [DEBUG] iteration=4000, ncalls=5728, regioncalls=215280, ndraw=40, logz=-172324.61, remainder_fraction=36.3958%, Lmin=-172314.91, Lmax=-172314.48
15:15:37 [ultranest] [DEBUG] iteration=4018, ncalls=5752, regioncalls=216440, ndraw=40, logz=-172324.59, remainder_fraction=35.0183%, Lmin=-172314.89, Lmax=-172314.48
15:15:37 [ultranest] [DEBUG] iteration=4036, ncalls=5777, regioncalls=217440, ndraw=40, logz=-172324.57, remainder_fraction=33.6727%, Lmin=-172314.87, Lmax=-172314.48
15:15:37 [ultranest] [DEBUG] iteration=4040, ncalls=5781, regioncalls=217600, ndraw=40, logz=-172324.56, remainder_fraction=33.3811%, Lmin=-172314.87, Lmax=-172314.48
15:15:37 [ultranest] [DEBUG] iteration=4060, ncalls=5804, regioncalls=218560, ndraw=40, logz=-172324.54, remainder_fraction=31.9634%, Lmin=-172314.85, Lmax=-172314.48
15:15:37 [ultranest] [DEBUG] iteration=4079, ncalls=5829, regioncalls=219560, ndraw=40, logz=-172324.52, remainder_fraction=30.6638%, Lmin=-172314.84, Lmax=-172314.48
15:15:37 [ultranest] [DEBUG] iteration=4080, ncalls=5831, regioncalls=219640, ndraw=40, logz=-172324.52, remainder_fraction=30.5916%, Lmin=-172314.84, Lmax=-172314.48
15:15:37 [ultranest] [DEBUG] iteration=4100, ncalls=5855, regioncalls=220680, ndraw=40, logz=-172324.50, remainder_fraction=29.2850%, Lmin=-172314.82, Lmax=-172314.48
15:15:37 [ultranest] [DEBUG] iteration=4120, ncalls=5878, regioncalls=221600, ndraw=40, logz=-172324.49, remainder_fraction=27.9915%, Lmin=-172314.81, Lmax=-172314.48
15:15:37 [ultranest] [DEBUG] iteration=4142, ncalls=5902, regioncalls=222560, ndraw=40, logz=-172324.47, remainder_fraction=26.6894%, Lmin=-172314.79, Lmax=-172314.48
15:15:37 [ultranest] [DEBUG] iteration=4146, ncalls=5906, regioncalls=222800, ndraw=40, logz=-172324.46, remainder_fraction=26.4689%, Lmin=-172314.79, Lmax=-172314.48
15:15:38 [ultranest] [DEBUG] iteration=4160, ncalls=5922, regioncalls=223440, ndraw=40, logz=-172324.45, remainder_fraction=25.6478%, Lmin=-172314.77, Lmax=-172314.48
15:15:38 [ultranest] [DEBUG] iteration=4181, ncalls=5946, regioncalls=224400, ndraw=40, logz=-172324.44, remainder_fraction=24.5086%, Lmin=-172314.76, Lmax=-172314.48
15:15:38 [ultranest] [DEBUG] iteration=4196, ncalls=5971, regioncalls=225400, ndraw=40, logz=-172324.43, remainder_fraction=23.6876%, Lmin=-172314.75, Lmax=-172314.48
15:15:38 [ultranest] [DEBUG] iteration=4200, ncalls=5977, regioncalls=225640, ndraw=40, logz=-172324.42, remainder_fraction=23.4657%, Lmin=-172314.75, Lmax=-172314.48
15:15:38 [ultranest] [DEBUG] iteration=4220, ncalls=6001, regioncalls=226600, ndraw=40, logz=-172324.41, remainder_fraction=22.4377%, Lmin=-172314.73, Lmax=-172314.48
15:15:38 [ultranest] [DEBUG] iteration=4232, ncalls=6016, regioncalls=227240, ndraw=40, logz=-172324.40, remainder_fraction=21.8352%, Lmin=-172314.73, Lmax=-172314.48
15:15:38 [ultranest] [DEBUG] iteration=4240, ncalls=6025, regioncalls=227600, ndraw=40, logz=-172324.40, remainder_fraction=21.4323%, Lmin=-172314.72, Lmax=-172314.48
15:15:38 [ultranest] [DEBUG] iteration=4262, ncalls=6049, regioncalls=228560, ndraw=40, logz=-172324.38, remainder_fraction=20.3558%, Lmin=-172314.71, Lmax=-172314.48
15:15:38 [ultranest] [DEBUG] iteration=4280, ncalls=6074, regioncalls=229560, ndraw=40, logz=-172324.37, remainder_fraction=19.5269%, Lmin=-172314.70, Lmax=-172314.48
15:15:38 [ultranest] [DEBUG] iteration=4303, ncalls=6098, regioncalls=230520, ndraw=40, logz=-172324.36, remainder_fraction=18.5084%, Lmin=-172314.69, Lmax=-172314.48
15:15:38 [ultranest] [DEBUG] iteration=4318, ncalls=6123, regioncalls=231560, ndraw=40, logz=-172324.35, remainder_fraction=17.8732%, Lmin=-172314.68, Lmax=-172314.48
15:15:38 [ultranest] [DEBUG] iteration=4320, ncalls=6126, regioncalls=231680, ndraw=40, logz=-172324.35, remainder_fraction=17.7960%, Lmin=-172314.68, Lmax=-172314.48
15:15:38 [ultranest] [DEBUG] iteration=4341, ncalls=6150, regioncalls=232680, ndraw=40, logz=-172324.34, remainder_fraction=16.9120%, Lmin=-172314.67, Lmax=-172314.48
15:15:39 [ultranest] [DEBUG] iteration=4358, ncalls=6176, regioncalls=233720, ndraw=40, logz=-172324.33, remainder_fraction=16.2368%, Lmin=-172314.66, Lmax=-172314.48
15:15:39 [ultranest] [DEBUG] iteration=4360, ncalls=6178, regioncalls=233800, ndraw=40, logz=-172324.33, remainder_fraction=16.1561%, Lmin=-172314.66, Lmax=-172314.48
15:15:39 [ultranest] [DEBUG] iteration=4377, ncalls=6202, regioncalls=234760, ndraw=40, logz=-172324.32, remainder_fraction=15.5073%, Lmin=-172314.65, Lmax=-172314.48
15:15:39 [ultranest] [DEBUG] iteration=4397, ncalls=6225, regioncalls=235680, ndraw=40, logz=-172324.32, remainder_fraction=14.7704%, Lmin=-172314.64, Lmax=-172314.48
15:15:39 [ultranest] [DEBUG] iteration=4400, ncalls=6229, regioncalls=235840, ndraw=40, logz=-172324.31, remainder_fraction=14.6618%, Lmin=-172314.64, Lmax=-172314.48
15:15:39 [ultranest] [DEBUG] iteration=4414, ncalls=6251, regioncalls=236720, ndraw=40, logz=-172324.31, remainder_fraction=14.1734%, Lmin=-172314.64, Lmax=-172314.48
15:15:39 [ultranest] [DEBUG] iteration=4432, ncalls=6275, regioncalls=237680, ndraw=40, logz=-172324.30, remainder_fraction=13.5790%, Lmin=-172314.63, Lmax=-172314.48
15:15:39 [ultranest] [DEBUG] iteration=4440, ncalls=6285, regioncalls=238080, ndraw=40, logz=-172324.30, remainder_fraction=13.3162%, Lmin=-172314.63, Lmax=-172314.48
15:15:39 [ultranest] [DEBUG] iteration=4456, ncalls=6309, regioncalls=239040, ndraw=40, logz=-172324.29, remainder_fraction=12.8043%, Lmin=-172314.62, Lmax=-172314.48
15:15:39 [ultranest] [DEBUG] iteration=4474, ncalls=6333, regioncalls=240000, ndraw=40, logz=-172324.29, remainder_fraction=12.2491%, Lmin=-172314.61, Lmax=-172314.48
15:15:39 [ultranest] [DEBUG] iteration=4480, ncalls=6344, regioncalls=240440, ndraw=40, logz=-172324.28, remainder_fraction=12.0723%, Lmin=-172314.61, Lmax=-172314.48
15:15:39 [ultranest] [DEBUG] iteration=4490, ncalls=6360, regioncalls=241120, ndraw=40, logz=-172324.28, remainder_fraction=11.7845%, Lmin=-172314.60, Lmax=-172314.48
15:15:40 [ultranest] [DEBUG] iteration=4508, ncalls=6384, regioncalls=242120, ndraw=40, logz=-172324.28, remainder_fraction=11.2689%, Lmin=-172314.60, Lmax=-172314.48
15:15:40 [ultranest] [DEBUG] iteration=4520, ncalls=6401, regioncalls=242800, ndraw=40, logz=-172324.27, remainder_fraction=10.9417%, Lmin=-172314.59, Lmax=-172314.48
15:15:40 [ultranest] [DEBUG] iteration=4536, ncalls=6425, regioncalls=243760, ndraw=40, logz=-172324.27, remainder_fraction=10.5170%, Lmin=-172314.59, Lmax=-172314.48
15:15:40 [ultranest] [DEBUG] iteration=4552, ncalls=6449, regioncalls=244720, ndraw=40, logz=-172324.26, remainder_fraction=10.1048%, Lmin=-172314.58, Lmax=-172314.48
15:15:40 [ultranest] [DEBUG] iteration=4560, ncalls=6464, regioncalls=245320, ndraw=40, logz=-172324.26, remainder_fraction=9.9020%, Lmin=-172314.58, Lmax=-172314.48
15:15:40 [ultranest] [DEBUG] iteration=4576, ncalls=6486, regioncalls=246240, ndraw=40, logz=-172324.26, remainder_fraction=9.5163%, Lmin=-172314.58, Lmax=-172314.48
15:15:40 [ultranest] [DEBUG] iteration=4595, ncalls=6509, regioncalls=247160, ndraw=40, logz=-172324.25, remainder_fraction=9.0713%, Lmin=-172314.57, Lmax=-172314.48
15:15:40 [ultranest] [DEBUG] iteration=4600, ncalls=6515, regioncalls=247400, ndraw=40, logz=-172324.25, remainder_fraction=8.9607%, Lmin=-172314.57, Lmax=-172314.48
15:15:40 [ultranest] [DEBUG] iteration=4619, ncalls=6539, regioncalls=248360, ndraw=40, logz=-172324.25, remainder_fraction=8.5442%, Lmin=-172314.57, Lmax=-172314.48
15:15:40 [ultranest] [DEBUG] iteration=4637, ncalls=6562, regioncalls=249280, ndraw=40, logz=-172324.24, remainder_fraction=8.1669%, Lmin=-172314.56, Lmax=-172314.48
15:15:40 [ultranest] [DEBUG] iteration=4640, ncalls=6566, regioncalls=249440, ndraw=40, logz=-172324.24, remainder_fraction=8.1055%, Lmin=-172314.56, Lmax=-172314.48
15:15:40 [ultranest] [DEBUG] iteration=4656, ncalls=6591, regioncalls=250440, ndraw=40, logz=-172324.24, remainder_fraction=7.7850%, Lmin=-172314.56, Lmax=-172314.48
15:15:40 [ultranest] [DEBUG] iteration=4662, ncalls=6597, regioncalls=250720, ndraw=40, logz=-172324.24, remainder_fraction=7.6676%, Lmin=-172314.56, Lmax=-172314.48
15:15:41 [ultranest] [DEBUG] iteration=4680, ncalls=6621, regioncalls=251680, ndraw=40, logz=-172324.23, remainder_fraction=7.3248%, Lmin=-172314.55, Lmax=-172314.48
15:15:41 [ultranest] [DEBUG] iteration=4700, ncalls=6645, regioncalls=252640, ndraw=40, logz=-172324.23, remainder_fraction=6.9638%, Lmin=-172314.55, Lmax=-172314.48
15:15:41 [ultranest] [DEBUG] iteration=4714, ncalls=6670, regioncalls=253640, ndraw=40, logz=-172324.23, remainder_fraction=6.7226%, Lmin=-172314.55, Lmax=-172314.48
15:15:41 [ultranest] [DEBUG] iteration=4720, ncalls=6679, regioncalls=254000, ndraw=40, logz=-172324.22, remainder_fraction=6.6204%, Lmin=-172314.55, Lmax=-172314.48
15:15:41 [ultranest] [DEBUG] iteration=4739, ncalls=6703, regioncalls=254960, ndraw=40, logz=-172324.22, remainder_fraction=6.3110%, Lmin=-172314.54, Lmax=-172314.48
15:15:41 [ultranest] [DEBUG] iteration=4748, ncalls=6715, regioncalls=255560, ndraw=40, logz=-172324.22, remainder_fraction=6.1701%, Lmin=-172314.54, Lmax=-172314.48
15:15:41 [ultranest] [DEBUG] iteration=4760, ncalls=6732, regioncalls=256240, ndraw=40, logz=-172324.22, remainder_fraction=5.9849%, Lmin=-172314.54, Lmax=-172314.48
15:15:41 [ultranest] [DEBUG] iteration=4778, ncalls=6755, regioncalls=257160, ndraw=40, logz=-172324.22, remainder_fraction=5.7176%, Lmin=-172314.54, Lmax=-172314.48
15:15:41 [ultranest] [DEBUG] iteration=4797, ncalls=6777, regioncalls=258040, ndraw=40, logz=-172324.21, remainder_fraction=5.4480%, Lmin=-172314.54, Lmax=-172314.48
15:15:41 [ultranest] [DEBUG] iteration=4800, ncalls=6780, regioncalls=258160, ndraw=40, logz=-172324.21, remainder_fraction=5.4067%, Lmin=-172314.54, Lmax=-172314.48
15:15:41 [ultranest] [DEBUG] iteration=4819, ncalls=6805, regioncalls=259160, ndraw=40, logz=-172324.21, remainder_fraction=5.1515%, Lmin=-172314.53, Lmax=-172314.48
15:15:41 [ultranest] [DEBUG] iteration=4834, ncalls=6826, regioncalls=260040, ndraw=40, logz=-172324.21, remainder_fraction=4.9575%, Lmin=-172314.53, Lmax=-172314.48
15:15:42 [ultranest] [DEBUG] iteration=4840, ncalls=6834, regioncalls=260360, ndraw=40, logz=-172324.21, remainder_fraction=4.8829%, Lmin=-172314.53, Lmax=-172314.48
15:15:42 [ultranest] [DEBUG] iteration=4859, ncalls=6857, regioncalls=261280, ndraw=40, logz=-172324.20, remainder_fraction=4.6512%, Lmin=-172314.53, Lmax=-172314.48
15:15:42 [ultranest] [DEBUG] iteration=4876, ncalls=6881, regioncalls=262240, ndraw=40, logz=-172324.20, remainder_fraction=4.4549%, Lmin=-172314.53, Lmax=-172314.48
15:15:42 [ultranest] [DEBUG] iteration=4880, ncalls=6885, regioncalls=262400, ndraw=40, logz=-172324.20, remainder_fraction=4.4097%, Lmin=-172314.53, Lmax=-172314.48
15:15:42 [ultranest] [DEBUG] iteration=4900, ncalls=6908, regioncalls=263320, ndraw=40, logz=-172324.20, remainder_fraction=4.1898%, Lmin=-172314.52, Lmax=-172314.48
15:15:42 [ultranest] [DEBUG] iteration=4916, ncalls=6932, regioncalls=264280, ndraw=40, logz=-172324.20, remainder_fraction=4.0215%, Lmin=-172314.52, Lmax=-172314.48
15:15:42 [ultranest] [DEBUG] iteration=4920, ncalls=6938, regioncalls=264560, ndraw=40, logz=-172324.20, remainder_fraction=3.9802%, Lmin=-172314.52, Lmax=-172314.48
15:15:42 [ultranest] [DEBUG] iteration=4938, ncalls=6961, regioncalls=265520, ndraw=40, logz=-172324.19, remainder_fraction=3.8011%, Lmin=-172314.52, Lmax=-172314.48
15:15:42 [ultranest] [DEBUG] iteration=4956, ncalls=6984, regioncalls=266480, ndraw=40, logz=-172324.19, remainder_fraction=3.6291%, Lmin=-172314.52, Lmax=-172314.48
15:15:42 [ultranest] [DEBUG] iteration=4960, ncalls=6990, regioncalls=266800, ndraw=40, logz=-172324.19, remainder_fraction=3.5917%, Lmin=-172314.52, Lmax=-172314.48
15:15:42 [ultranest] [DEBUG] iteration=4981, ncalls=7013, regioncalls=267760, ndraw=40, logz=-172324.19, remainder_fraction=3.4026%, Lmin=-172314.52, Lmax=-172314.48
15:15:42 [ultranest] [DEBUG] iteration=5000, ncalls=7036, regioncalls=268680, ndraw=40, logz=-172324.19, remainder_fraction=3.2403%, Lmin=-172314.51, Lmax=-172314.48
15:15:42 [ultranest] [DEBUG] iteration=5006, ncalls=7042, regioncalls=268960, ndraw=40, logz=-172324.19, remainder_fraction=3.1906%, Lmin=-172314.51, Lmax=-172314.48
15:15:43 [ultranest] [DEBUG] iteration=5026, ncalls=7065, regioncalls=269920, ndraw=40, logz=-172324.19, remainder_fraction=3.0307%, Lmin=-172314.51, Lmax=-172314.48
15:15:43 [ultranest] [DEBUG] iteration=5040, ncalls=7082, regioncalls=270600, ndraw=40, logz=-172324.19, remainder_fraction=2.9232%, Lmin=-172314.51, Lmax=-172314.48
15:15:43 [ultranest] [DEBUG] iteration=5059, ncalls=7105, regioncalls=271520, ndraw=40, logz=-172324.18, remainder_fraction=2.7831%, Lmin=-172314.51, Lmax=-172314.48
15:15:43 [ultranest] [DEBUG] iteration=5079, ncalls=7129, regioncalls=272480, ndraw=40, logz=-172324.18, remainder_fraction=2.6425%, Lmin=-172314.51, Lmax=-172314.48
15:15:43 [ultranest] [DEBUG] iteration=5080, ncalls=7130, regioncalls=272520, ndraw=40, logz=-172324.18, remainder_fraction=2.6357%, Lmin=-172314.51, Lmax=-172314.48
15:15:43 [ultranest] [DEBUG] iteration=5099, ncalls=7151, regioncalls=273360, ndraw=40, logz=-172324.18, remainder_fraction=2.5088%, Lmin=-172314.51, Lmax=-172314.48
15:15:43 [ultranest] [DEBUG] iteration=5118, ncalls=7174, regioncalls=274280, ndraw=40, logz=-172324.18, remainder_fraction=2.3887%, Lmin=-172314.51, Lmax=-172314.48
15:15:43 [ultranest] [DEBUG] iteration=5120, ncalls=7176, regioncalls=274360, ndraw=40, logz=-172324.18, remainder_fraction=2.3763%, Lmin=-172314.51, Lmax=-172314.48
15:15:43 [ultranest] [DEBUG] iteration=5137, ncalls=7200, regioncalls=275320, ndraw=40, logz=-172324.18, remainder_fraction=2.2742%, Lmin=-172314.50, Lmax=-172314.48
15:15:43 [ultranest] [DEBUG] iteration=5156, ncalls=7224, regioncalls=276280, ndraw=40, logz=-172324.18, remainder_fraction=2.1649%, Lmin=-172314.50, Lmax=-172314.48
15:15:43 [ultranest] [DEBUG] iteration=5160, ncalls=7229, regioncalls=276480, ndraw=40, logz=-172324.18, remainder_fraction=2.1426%, Lmin=-172314.50, Lmax=-172314.48
15:15:43 [ultranest] [DEBUG] iteration=5176, ncalls=7254, regioncalls=277480, ndraw=40, logz=-172324.18, remainder_fraction=2.0555%, Lmin=-172314.50, Lmax=-172314.48
15:15:43 [ultranest] [DEBUG] iteration=5178, ncalls=7256, regioncalls=277640, ndraw=40, logz=-172324.18, remainder_fraction=2.0448%, Lmin=-172314.50, Lmax=-172314.48
15:15:43 [ultranest] [DEBUG] iteration=5198, ncalls=7279, regioncalls=278560, ndraw=40, logz=-172324.18, remainder_fraction=1.9415%, Lmin=-172314.50, Lmax=-172314.48
15:15:43 [ultranest] [DEBUG] iteration=5200, ncalls=7282, regioncalls=278680, ndraw=40, logz=-172324.18, remainder_fraction=1.9315%, Lmin=-172314.50, Lmax=-172314.48
15:15:44 [ultranest] [DEBUG] iteration=5219, ncalls=7306, regioncalls=279640, ndraw=40, logz=-172324.17, remainder_fraction=1.8387%, Lmin=-172314.50, Lmax=-172314.48
15:15:44 [ultranest] [DEBUG] iteration=5236, ncalls=7330, regioncalls=280600, ndraw=40, logz=-172324.17, remainder_fraction=1.7594%, Lmin=-172314.50, Lmax=-172314.48
15:15:44 [ultranest] [DEBUG] iteration=5240, ncalls=7335, regioncalls=280800, ndraw=40, logz=-172324.17, remainder_fraction=1.7412%, Lmin=-172314.50, Lmax=-172314.48
15:15:44 [ultranest] [DEBUG] iteration=5258, ncalls=7359, regioncalls=281760, ndraw=40, logz=-172324.17, remainder_fraction=1.6618%, Lmin=-172314.50, Lmax=-172314.48
15:15:44 [ultranest] [DEBUG] iteration=5264, ncalls=7366, regioncalls=282080, ndraw=40, logz=-172324.17, remainder_fraction=1.6361%, Lmin=-172314.50, Lmax=-172314.48
15:15:44 [ultranest] [DEBUG] iteration=5279, ncalls=7390, regioncalls=283040, ndraw=40, logz=-172324.17, remainder_fraction=1.5735%, Lmin=-172314.50, Lmax=-172314.48
15:15:44 [ultranest] [DEBUG] iteration=5280, ncalls=7391, regioncalls=283080, ndraw=40, logz=-172324.17, remainder_fraction=1.5694%, Lmin=-172314.50, Lmax=-172314.48
15:15:44 [ultranest] [DEBUG] iteration=5301, ncalls=7414, regioncalls=284000, ndraw=40, logz=-172324.17, remainder_fraction=1.4861%, Lmin=-172314.50, Lmax=-172314.48
15:15:44 [ultranest] [DEBUG] iteration=5320, ncalls=7437, regioncalls=284920, ndraw=40, logz=-172324.17, remainder_fraction=1.4145%, Lmin=-172314.50, Lmax=-172314.48
15:15:44 [ultranest] [DEBUG] iteration=5338, ncalls=7461, regioncalls=285880, ndraw=40, logz=-172324.17, remainder_fraction=1.3498%, Lmin=-172314.50, Lmax=-172314.48
15:15:44 [ultranest] [DEBUG] iteration=5353, ncalls=7483, regioncalls=286760, ndraw=40, logz=-172324.17, remainder_fraction=1.2982%, Lmin=-172314.50, Lmax=-172314.48
15:15:44 [ultranest] [DEBUG] iteration=5360, ncalls=7494, regioncalls=287200, ndraw=40, logz=-172324.17, remainder_fraction=1.2747%, Lmin=-172314.50, Lmax=-172314.48
15:15:45 [ultranest] [DEBUG] iteration=5379, ncalls=7518, regioncalls=288160, ndraw=40, logz=-172324.17, remainder_fraction=1.2133%, Lmin=-172314.49, Lmax=-172314.48
15:15:45 [ultranest] [DEBUG] iteration=5397, ncalls=7543, regioncalls=289160, ndraw=40, logz=-172324.17, remainder_fraction=1.1578%, Lmin=-172314.49, Lmax=-172314.48
15:15:45 [ultranest] [DEBUG] iteration=5400, ncalls=7548, regioncalls=289360, ndraw=40, logz=-172324.17, remainder_fraction=1.1488%, Lmin=-172314.49, Lmax=-172314.48
15:15:45 [ultranest] [DEBUG] iteration=5418, ncalls=7571, regioncalls=290280, ndraw=40, logz=-172324.17, remainder_fraction=1.0962%, Lmin=-172314.49, Lmax=-172314.48
15:15:45 [ultranest] [DEBUG] iteration=5432, ncalls=7595, regioncalls=291240, ndraw=40, logz=-172324.17, remainder_fraction=1.0570%, Lmin=-172314.49, Lmax=-172314.48
15:15:45 [ultranest] [DEBUG] iteration=5436, ncalls=7599, regioncalls=291440, ndraw=40, logz=-172324.17, remainder_fraction=1.0460%, Lmin=-172314.49, Lmax=-172314.48
15:15:45 [ultranest] [DEBUG] iteration=5440, ncalls=7604, regioncalls=291640, ndraw=40, logz=-172324.17, remainder_fraction=1.0351%, Lmin=-172314.49, Lmax=-172314.48
15:15:45 [ultranest] [INFO] Explored until L=-2e+05  
15:15:45 [ultranest] [INFO] Likelihood function evaluations: 7618
15:15:46 [ultranest] [INFO] Writing samples and results to disk ...
15:15:46 [ultranest] [INFO] Writing samples and results to disk ... done
15:15:46 [ultranest] [DEBUG] did a run_iter pass!
15:15:46 [ultranest] [INFO]   logZ = -1.723e+05 +- 0.09327
15:15:46 [ultranest] [INFO] Effective samples strategy satisfied (ESS = 1531.5, need >400)
15:15:46 [ultranest] [INFO] Posterior uncertainty strategy is satisfied (KL: 0.46+-0.09 nat, need <0.50 nat)
15:15:46 [ultranest] [INFO] Evidency uncertainty strategy is satisfied (dlogz=0.09, need <0.5)
15:15:46 [ultranest] [INFO]   logZ error budget: single: 0.15 bs:0.09 tail:0.01 total:0.09 required:<0.50
15:15:46 [ultranest] [INFO] done iterating.
15:15:46 [ultranest] [DEBUG] Making corner plot ...
15:15:47 [ultranest] [DEBUG] Making corner plot ... done
15:15:47 [ultranest] [DEBUG] Making run plot ... 
15:15:47 [ultranest] [DEBUG] Making run plot ... done
15:15:47 [ultranest] [DEBUG] Making trace plot ... 
15:15:48 [ultranest] [DEBUG] Making trace plot ... done
