15:15:39 [ultranest] [DEBUG] ReactiveNestedSampler: dims=2+0, resume=False, log_dir=./m-values/N32/S24/M32/T031/P02/NF2/sample_rho, backend=hdf5, vectorized=False, nbootstraps=30, ndraw=128..65536
15:15:39 [ultranest] [INFO] Sampling 400 live points from prior ...
15:15:41 [ultranest] [DEBUG] run_iter dlogz=0.5, dKL=0.5, frac_remain=0.01, Lepsilon=0.0010, min_ess=400
15:15:41 [ultranest] [DEBUG] max_iters=-1, max_ncalls=-1, max_num_improvement_loops=-1, min_num_live_points=400, cluster_num_live_points=40
15:15:41 [ultranest] [DEBUG] minimal_widths_sequence: [(-inf, 400.0), (inf, 400.0)]
15:15:41 [ultranest] [DEBUG] Plateau detected at L=-1.808911e+07, not replacing live point.
15:15:41 [ultranest] [DEBUG] Plateau detected at L=-1.808911e+07, not replacing live point.
15:15:41 [ultranest] [DEBUG] Plateau detected at L=-1.808911e+07, not replacing live point.
15:15:41 [ultranest] [DEBUG] Plateau detected at L=-1.808911e+07, not replacing live point.
15:15:41 [ultranest] [DEBUG] Plateau detected at L=-1.808911e+07, not replacing live point.
15:15:41 [ultranest] [DEBUG] Plateau detected at L=-1.808911e+07, not replacing live point.
15:15:41 [ultranest] [DEBUG] Plateau detected at L=-1.808911e+07, not replacing live point.
15:15:41 [ultranest] [DEBUG] Plateau detected at L=-1.808911e+07, not replacing live point.
15:15:41 [ultranest] [DEBUG] Plateau detected at L=-1.808911e+07, not replacing live point.
15:15:41 [ultranest] [DEBUG] Plateau detected at L=-1.808911e+07, not replacing live point.
15:15:41 [ultranest] [DEBUG] Plateau detected at L=-1.808911e+07, not replacing live point.
15:15:41 [ultranest] [DEBUG] Plateau detected at L=-1.808911e+07, not replacing live point.
15:15:41 [ultranest] [DEBUG] iteration=12, ncalls=401, regioncalls=40, ndraw=40, logz=-18089112.00, remainder_fraction=100.0000%, Lmin=-18089108.49, Lmax=-141005.11
15:15:41 [ultranest] [DEBUG] iteration=38, ncalls=428, regioncalls=1120, ndraw=40, logz=-162595.04, remainder_fraction=100.0000%, Lmin=-162583.61, Lmax=-141005.11
15:15:41 [ultranest] [DEBUG] iteration=40, ncalls=430, regioncalls=1200, ndraw=40, logz=-162562.60, remainder_fraction=100.0000%, Lmin=-162416.25, Lmax=-141005.11
15:15:41 [ultranest] [DEBUG] iteration=64, ncalls=457, regioncalls=2280, ndraw=40, logz=-159785.80, remainder_fraction=100.0000%, Lmin=-159706.39, Lmax=-141005.11
15:15:41 [ultranest] [DEBUG] iteration=80, ncalls=475, regioncalls=3000, ndraw=40, logz=-158731.07, remainder_fraction=100.0000%, Lmin=-158649.66, Lmax=-141005.11
15:15:41 [ultranest] [DEBUG] iteration=99, ncalls=500, regioncalls=4000, ndraw=40, logz=-156773.02, remainder_fraction=100.0000%, Lmin=-156655.69, Lmax=-141005.11
15:15:41 [ultranest] [DEBUG] iteration=120, ncalls=525, regioncalls=5000, ndraw=40, logz=-155281.64, remainder_fraction=100.0000%, Lmin=-155261.10, Lmax=-141005.11
15:15:41 [ultranest] [DEBUG] iteration=144, ncalls=552, regioncalls=6080, ndraw=40, logz=-154065.07, remainder_fraction=100.0000%, Lmin=-154013.38, Lmax=-141005.11
15:15:41 [ultranest] [DEBUG] iteration=160, ncalls=573, regioncalls=6920, ndraw=40, logz=-152932.06, remainder_fraction=100.0000%, Lmin=-152888.38, Lmax=-141005.11
15:15:41 [ultranest] [DEBUG] iteration=182, ncalls=600, regioncalls=8000, ndraw=40, logz=-151745.36, remainder_fraction=100.0000%, Lmin=-151706.23, Lmax=-141005.11
15:15:41 [ultranest] [DEBUG] iteration=186, ncalls=604, regioncalls=8160, ndraw=40, logz=-151606.60, remainder_fraction=100.0000%, Lmin=-151589.39, Lmax=-141005.11
15:15:42 [ultranest] [DEBUG] iteration=200, ncalls=622, regioncalls=8880, ndraw=40, logz=-151145.57, remainder_fraction=100.0000%, Lmin=-151028.34, Lmax=-141005.11
15:15:42 [ultranest] [DEBUG] iteration=224, ncalls=650, regioncalls=10000, ndraw=40, logz=-150094.66, remainder_fraction=100.0000%, Lmin=-149957.39, Lmax=-141005.11
15:15:42 [ultranest] [DEBUG] iteration=240, ncalls=669, regioncalls=10760, ndraw=40, logz=-149547.71, remainder_fraction=100.0000%, Lmin=-149415.12, Lmax=-141005.11
15:15:42 [ultranest] [DEBUG] iteration=259, ncalls=698, regioncalls=11920, ndraw=40, logz=-148823.32, remainder_fraction=100.0000%, Lmin=-148785.90, Lmax=-141005.11
15:15:42 [ultranest] [DEBUG] iteration=273, ncalls=716, regioncalls=12640, ndraw=40, logz=-148279.54, remainder_fraction=100.0000%, Lmin=-148239.17, Lmax=-141005.11
15:15:42 [ultranest] [DEBUG] iteration=280, ncalls=729, regioncalls=13160, ndraw=40, logz=-148178.39, remainder_fraction=100.0000%, Lmin=-148134.32, Lmax=-141005.11
15:15:42 [ultranest] [DEBUG] iteration=301, ncalls=757, regioncalls=14280, ndraw=40, logz=-147792.00, remainder_fraction=100.0000%, Lmin=-147780.96, Lmax=-141005.11
15:15:42 [ultranest] [DEBUG] iteration=320, ncalls=786, regioncalls=15440, ndraw=40, logz=-147495.54, remainder_fraction=100.0000%, Lmin=-147486.46, Lmax=-141005.11
15:15:42 [ultranest] [DEBUG] iteration=342, ncalls=814, regioncalls=16560, ndraw=40, logz=-146958.89, remainder_fraction=100.0000%, Lmin=-146932.53, Lmax=-141005.11
15:15:42 [ultranest] [DEBUG] iteration=360, ncalls=835, regioncalls=17400, ndraw=40, logz=-146620.52, remainder_fraction=100.0000%, Lmin=-146604.13, Lmax=-141005.11
15:15:42 [ultranest] [DEBUG] iteration=384, ncalls=863, regioncalls=18520, ndraw=40, logz=-146235.03, remainder_fraction=100.0000%, Lmin=-146208.79, Lmax=-141005.11
15:15:42 [ultranest] [DEBUG] iteration=400, ncalls=882, regioncalls=19280, ndraw=40, logz=-145870.39, remainder_fraction=100.0000%, Lmin=-145859.41, Lmax=-141005.11
15:15:43 [ultranest] [DEBUG] iteration=421, ncalls=910, regioncalls=20400, ndraw=40, logz=-145665.31, remainder_fraction=100.0000%, Lmin=-145596.19, Lmax=-141005.11
15:15:43 [ultranest] [DEBUG] iteration=440, ncalls=937, regioncalls=21480, ndraw=40, logz=-145380.71, remainder_fraction=100.0000%, Lmin=-145348.63, Lmax=-141005.11
15:15:43 [ultranest] [DEBUG] iteration=447, ncalls=945, regioncalls=21800, ndraw=40, logz=-145233.55, remainder_fraction=100.0000%, Lmin=-145203.09, Lmax=-141005.11
15:15:43 [ultranest] [DEBUG] iteration=469, ncalls=973, regioncalls=22920, ndraw=40, logz=-144837.94, remainder_fraction=100.0000%, Lmin=-144816.98, Lmax=-141005.11
15:15:43 [ultranest] [DEBUG] iteration=480, ncalls=985, regioncalls=23400, ndraw=40, logz=-144681.38, remainder_fraction=100.0000%, Lmin=-144643.58, Lmax=-141005.11
15:15:43 [ultranest] [DEBUG] iteration=498, ncalls=1014, regioncalls=24560, ndraw=40, logz=-144485.32, remainder_fraction=100.0000%, Lmin=-144475.63, Lmax=-141005.11
15:15:43 [ultranest] [DEBUG] iteration=518, ncalls=1044, regioncalls=25760, ndraw=40, logz=-144298.48, remainder_fraction=100.0000%, Lmin=-144277.53, Lmax=-141005.11
15:15:43 [ultranest] [DEBUG] iteration=520, ncalls=1046, regioncalls=25840, ndraw=40, logz=-144280.08, remainder_fraction=100.0000%, Lmin=-144256.90, Lmax=-141005.11
15:15:43 [ultranest] [DEBUG] iteration=540, ncalls=1072, regioncalls=26880, ndraw=40, logz=-143989.76, remainder_fraction=100.0000%, Lmin=-143978.84, Lmax=-141005.11
15:15:43 [ultranest] [DEBUG] iteration=560, ncalls=1100, regioncalls=28000, ndraw=40, logz=-143736.12, remainder_fraction=100.0000%, Lmin=-143725.99, Lmax=-141005.11
15:15:43 [ultranest] [DEBUG] iteration=580, ncalls=1129, regioncalls=29160, ndraw=40, logz=-143637.91, remainder_fraction=100.0000%, Lmin=-143611.64, Lmax=-141005.11
15:15:43 [ultranest] [DEBUG] iteration=600, ncalls=1158, regioncalls=30320, ndraw=40, logz=-143477.17, remainder_fraction=100.0000%, Lmin=-143467.19, Lmax=-141005.11
15:15:44 [ultranest] [DEBUG] iteration=618, ncalls=1187, regioncalls=31480, ndraw=40, logz=-143329.43, remainder_fraction=100.0000%, Lmin=-143321.21, Lmax=-141005.11
15:15:44 [ultranest] [DEBUG] iteration=621, ncalls=1191, regioncalls=31640, ndraw=40, logz=-143294.61, remainder_fraction=100.0000%, Lmin=-143272.91, Lmax=-141005.11
15:15:44 [ultranest] [DEBUG] iteration=640, ncalls=1213, regioncalls=32520, ndraw=40, logz=-143156.90, remainder_fraction=100.0000%, Lmin=-143146.12, Lmax=-141005.11
15:15:44 [ultranest] [DEBUG] iteration=660, ncalls=1242, regioncalls=33680, ndraw=40, logz=-142955.83, remainder_fraction=100.0000%, Lmin=-142942.41, Lmax=-141005.11
15:15:44 [ultranest] [DEBUG] iteration=678, ncalls=1271, regioncalls=34840, ndraw=40, logz=-142854.73, remainder_fraction=100.0000%, Lmin=-142846.08, Lmax=-141005.11
15:15:44 [ultranest] [DEBUG] iteration=680, ncalls=1273, regioncalls=34920, ndraw=40, logz=-142852.03, remainder_fraction=100.0000%, Lmin=-142843.99, Lmax=-141005.11
15:15:44 [ultranest] [DEBUG] iteration=701, ncalls=1301, regioncalls=36040, ndraw=40, logz=-142712.17, remainder_fraction=100.0000%, Lmin=-142695.41, Lmax=-140992.56
15:15:44 [ultranest] [DEBUG] iteration=708, ncalls=1308, regioncalls=36320, ndraw=40, logz=-142690.65, remainder_fraction=100.0000%, Lmin=-142676.16, Lmax=-140992.56
15:15:44 [ultranest] [DEBUG] iteration=720, ncalls=1322, regioncalls=36880, ndraw=40, logz=-142644.16, remainder_fraction=100.0000%, Lmin=-142631.89, Lmax=-140992.56
15:15:44 [ultranest] [DEBUG] iteration=744, ncalls=1349, regioncalls=37960, ndraw=40, logz=-142549.73, remainder_fraction=100.0000%, Lmin=-142539.52, Lmax=-140992.56
15:15:44 [ultranest] [DEBUG] iteration=760, ncalls=1373, regioncalls=38920, ndraw=40, logz=-142482.99, remainder_fraction=100.0000%, Lmin=-142471.59, Lmax=-140992.56
15:15:44 [ultranest] [DEBUG] iteration=782, ncalls=1402, regioncalls=40080, ndraw=40, logz=-142376.05, remainder_fraction=100.0000%, Lmin=-142360.22, Lmax=-140992.56
15:15:44 [ultranest] [DEBUG] iteration=795, ncalls=1415, regioncalls=40600, ndraw=40, logz=-142334.03, remainder_fraction=100.0000%, Lmin=-142323.79, Lmax=-140989.51
15:15:44 [ultranest] [DEBUG] iteration=800, ncalls=1420, regioncalls=40800, ndraw=40, logz=-142311.56, remainder_fraction=100.0000%, Lmin=-142302.07, Lmax=-140989.51
15:15:45 [ultranest] [DEBUG] iteration=825, ncalls=1447, regioncalls=41880, ndraw=40, logz=-142234.22, remainder_fraction=100.0000%, Lmin=-142221.27, Lmax=-140989.51
15:15:45 [ultranest] [DEBUG] iteration=840, ncalls=1465, regioncalls=42600, ndraw=40, logz=-142165.79, remainder_fraction=100.0000%, Lmin=-142156.43, Lmax=-140989.51
15:15:45 [ultranest] [DEBUG] iteration=860, ncalls=1494, regioncalls=43760, ndraw=40, logz=-142123.12, remainder_fraction=100.0000%, Lmin=-142114.73, Lmax=-140989.51
15:15:45 [ultranest] [DEBUG] iteration=880, ncalls=1520, regioncalls=44800, ndraw=40, logz=-142071.43, remainder_fraction=100.0000%, Lmin=-142060.90, Lmax=-140989.51
15:15:45 [ultranest] [DEBUG] iteration=882, ncalls=1523, regioncalls=44920, ndraw=40, logz=-142065.75, remainder_fraction=100.0000%, Lmin=-142057.29, Lmax=-140989.51
15:15:45 [ultranest] [DEBUG] iteration=902, ncalls=1553, regioncalls=46120, ndraw=40, logz=-142015.47, remainder_fraction=100.0000%, Lmin=-142004.22, Lmax=-140989.51
15:15:45 [ultranest] [DEBUG] iteration=920, ncalls=1580, regioncalls=47200, ndraw=40, logz=-141980.89, remainder_fraction=100.0000%, Lmin=-141971.45, Lmax=-140989.51
15:15:45 [ultranest] [DEBUG] iteration=944, ncalls=1609, regioncalls=48360, ndraw=40, logz=-141908.56, remainder_fraction=100.0000%, Lmin=-141895.13, Lmax=-140989.51
15:15:45 [ultranest] [DEBUG] iteration=960, ncalls=1627, regioncalls=49080, ndraw=40, logz=-141875.56, remainder_fraction=100.0000%, Lmin=-141862.79, Lmax=-140989.51
15:15:45 [ultranest] [DEBUG] iteration=969, ncalls=1638, regioncalls=49520, ndraw=40, logz=-141845.97, remainder_fraction=100.0000%, Lmin=-141837.29, Lmax=-140989.51
15:15:45 [ultranest] [DEBUG] iteration=992, ncalls=1668, regioncalls=50720, ndraw=40, logz=-141792.81, remainder_fraction=100.0000%, Lmin=-141781.69, Lmax=-140989.51
15:15:45 [ultranest] [DEBUG] iteration=1000, ncalls=1677, regioncalls=51080, ndraw=40, logz=-141778.15, remainder_fraction=100.0000%, Lmin=-141769.78, Lmax=-140989.51
15:15:45 [ultranest] [DEBUG] iteration=1023, ncalls=1706, regioncalls=52240, ndraw=40, logz=-141727.16, remainder_fraction=100.0000%, Lmin=-141714.02, Lmax=-140989.51
15:15:46 [ultranest] [DEBUG] iteration=1040, ncalls=1731, regioncalls=53240, ndraw=40, logz=-141696.44, remainder_fraction=100.0000%, Lmin=-141681.98, Lmax=-140989.51
15:15:46 [ultranest] [DEBUG] iteration=1056, ncalls=1758, regioncalls=54320, ndraw=40, logz=-141653.74, remainder_fraction=100.0000%, Lmin=-141642.29, Lmax=-140989.51
15:15:46 [ultranest] [DEBUG] iteration=1080, ncalls=1786, regioncalls=55480, ndraw=40, logz=-141625.55, remainder_fraction=100.0000%, Lmin=-141616.33, Lmax=-140989.51
15:15:46 [ultranest] [DEBUG] iteration=1100, ncalls=1815, regioncalls=56640, ndraw=40, logz=-141591.27, remainder_fraction=100.0000%, Lmin=-141579.79, Lmax=-140989.51
15:15:46 [ultranest] [DEBUG] iteration=1119, ncalls=1842, regioncalls=57720, ndraw=40, logz=-141567.61, remainder_fraction=100.0000%, Lmin=-141558.32, Lmax=-140989.51
15:15:46 [ultranest] [DEBUG] iteration=1120, ncalls=1843, regioncalls=57760, ndraw=40, logz=-141566.67, remainder_fraction=100.0000%, Lmin=-141557.89, Lmax=-140989.51
15:15:46 [ultranest] [DEBUG] iteration=1143, ncalls=1869, regioncalls=58800, ndraw=40, logz=-141539.19, remainder_fraction=100.0000%, Lmin=-141527.29, Lmax=-140988.92
15:15:46 [ultranest] [DEBUG] iteration=1160, ncalls=1890, regioncalls=59680, ndraw=40, logz=-141518.07, remainder_fraction=100.0000%, Lmin=-141510.00, Lmax=-140983.81
15:15:46 [ultranest] [DEBUG] iteration=1183, ncalls=1919, regioncalls=60840, ndraw=40, logz=-141488.35, remainder_fraction=100.0000%, Lmin=-141478.94, Lmax=-140983.81
15:15:46 [ultranest] [DEBUG] iteration=1200, ncalls=1947, regioncalls=61960, ndraw=40, logz=-141469.43, remainder_fraction=100.0000%, Lmin=-141459.87, Lmax=-140983.81
15:15:46 [ultranest] [DEBUG] iteration=1219, ncalls=1977, regioncalls=63160, ndraw=40, logz=-141443.49, remainder_fraction=100.0000%, Lmin=-141434.25, Lmax=-140983.81
15:15:47 [ultranest] [DEBUG] iteration=1240, ncalls=2004, regioncalls=64240, ndraw=40, logz=-141422.25, remainder_fraction=100.0000%, Lmin=-141413.56, Lmax=-140983.81
15:15:47 [ultranest] [DEBUG] iteration=1261, ncalls=2034, regioncalls=65440, ndraw=40, logz=-141405.52, remainder_fraction=100.0000%, Lmin=-141397.49, Lmax=-140983.81
15:15:47 [ultranest] [DEBUG] iteration=1280, ncalls=2059, regioncalls=66440, ndraw=40, logz=-141388.02, remainder_fraction=100.0000%, Lmin=-141378.48, Lmax=-140983.81
15:15:47 [ultranest] [DEBUG] iteration=1301, ncalls=2089, regioncalls=67640, ndraw=40, logz=-141367.72, remainder_fraction=100.0000%, Lmin=-141358.32, Lmax=-140983.81
15:15:47 [ultranest] [DEBUG] iteration=1317, ncalls=2115, regioncalls=68680, ndraw=40, logz=-141350.51, remainder_fraction=100.0000%, Lmin=-141340.83, Lmax=-140983.81
15:15:47 [ultranest] [DEBUG] iteration=1320, ncalls=2120, regioncalls=68960, ndraw=40, logz=-141348.05, remainder_fraction=100.0000%, Lmin=-141338.00, Lmax=-140983.81
15:15:47 [ultranest] [DEBUG] iteration=1344, ncalls=2148, regioncalls=70120, ndraw=40, logz=-141329.18, remainder_fraction=100.0000%, Lmin=-141319.86, Lmax=-140983.81
15:15:47 [ultranest] [DEBUG] iteration=1360, ncalls=2168, regioncalls=70920, ndraw=40, logz=-141317.37, remainder_fraction=100.0000%, Lmin=-141308.42, Lmax=-140983.81
15:15:47 [ultranest] [DEBUG] iteration=1384, ncalls=2197, regioncalls=72120, ndraw=40, logz=-141283.40, remainder_fraction=100.0000%, Lmin=-141273.42, Lmax=-140983.81
15:15:47 [ultranest] [DEBUG] iteration=1400, ncalls=2216, regioncalls=72880, ndraw=40, logz=-141273.78, remainder_fraction=100.0000%, Lmin=-141264.32, Lmax=-140983.81
15:15:47 [ultranest] [DEBUG] iteration=1404, ncalls=2221, regioncalls=73080, ndraw=40, logz=-141271.79, remainder_fraction=100.0000%, Lmin=-141261.98, Lmax=-140983.81
15:15:47 [ultranest] [DEBUG] iteration=1431, ncalls=2249, regioncalls=74240, ndraw=40, logz=-141254.18, remainder_fraction=100.0000%, Lmin=-141244.71, Lmax=-140983.81
15:15:47 [ultranest] [DEBUG] iteration=1440, ncalls=2260, regioncalls=74680, ndraw=40, logz=-141246.71, remainder_fraction=100.0000%, Lmin=-141237.72, Lmax=-140983.81
15:15:48 [ultranest] [DEBUG] iteration=1462, ncalls=2289, regioncalls=75840, ndraw=40, logz=-141231.13, remainder_fraction=100.0000%, Lmin=-141221.54, Lmax=-140983.81
15:15:48 [ultranest] [DEBUG] iteration=1480, ncalls=2313, regioncalls=76800, ndraw=40, logz=-141221.22, remainder_fraction=100.0000%, Lmin=-141211.41, Lmax=-140983.81
15:15:48 [ultranest] [DEBUG] iteration=1491, ncalls=2328, regioncalls=77400, ndraw=40, logz=-141215.64, remainder_fraction=100.0000%, Lmin=-141206.40, Lmax=-140983.81
15:15:48 [ultranest] [DEBUG] iteration=1516, ncalls=2356, regioncalls=78600, ndraw=40, logz=-141204.90, remainder_fraction=100.0000%, Lmin=-141195.07, Lmax=-140983.81
15:15:48 [ultranest] [DEBUG] iteration=1520, ncalls=2361, regioncalls=78800, ndraw=40, logz=-141201.94, remainder_fraction=100.0000%, Lmin=-141191.64, Lmax=-140983.81
15:15:48 [ultranest] [DEBUG] iteration=1541, ncalls=2391, regioncalls=80000, ndraw=40, logz=-141189.38, remainder_fraction=100.0000%, Lmin=-141180.17, Lmax=-140983.81
15:15:48 [ultranest] [DEBUG] iteration=1559, ncalls=2422, regioncalls=81240, ndraw=40, logz=-141182.87, remainder_fraction=100.0000%, Lmin=-141172.59, Lmax=-140983.81
15:15:48 [ultranest] [DEBUG] iteration=1560, ncalls=2423, regioncalls=81280, ndraw=40, logz=-141182.01, remainder_fraction=100.0000%, Lmin=-141171.89, Lmax=-140983.81
15:15:48 [ultranest] [DEBUG] iteration=1578, ncalls=2448, regioncalls=82360, ndraw=40, logz=-141172.77, remainder_fraction=100.0000%, Lmin=-141162.96, Lmax=-140983.81
15:15:48 [ultranest] [DEBUG] iteration=1598, ncalls=2477, regioncalls=83520, ndraw=40, logz=-141163.11, remainder_fraction=100.0000%, Lmin=-141153.44, Lmax=-140983.26
15:15:48 [ultranest] [DEBUG] iteration=1600, ncalls=2480, regioncalls=83640, ndraw=40, logz=-141162.12, remainder_fraction=100.0000%, Lmin=-141152.84, Lmax=-140983.26
15:15:48 [ultranest] [DEBUG] iteration=1620, ncalls=2509, regioncalls=84800, ndraw=40, logz=-141154.63, remainder_fraction=100.0000%, Lmin=-141145.53, Lmax=-140983.26
15:15:48 [ultranest] [DEBUG] iteration=1640, ncalls=2537, regioncalls=85920, ndraw=40, logz=-141149.11, remainder_fraction=100.0000%, Lmin=-141139.71, Lmax=-140983.26
15:15:49 [ultranest] [DEBUG] iteration=1665, ncalls=2564, regioncalls=87040, ndraw=40, logz=-141140.97, remainder_fraction=100.0000%, Lmin=-141131.70, Lmax=-140983.26
15:15:49 [ultranest] [DEBUG] iteration=1680, ncalls=2580, regioncalls=87720, ndraw=40, logz=-141135.28, remainder_fraction=100.0000%, Lmin=-141126.16, Lmax=-140982.85
15:15:49 [ultranest] [DEBUG] iteration=1698, ncalls=2601, regioncalls=88560, ndraw=40, logz=-141128.25, remainder_fraction=100.0000%, Lmin=-141119.42, Lmax=-140982.85
15:15:49 [ultranest] [DEBUG] iteration=1718, ncalls=2630, regioncalls=89720, ndraw=40, logz=-141121.34, remainder_fraction=100.0000%, Lmin=-141112.03, Lmax=-140982.85
15:15:49 [ultranest] [DEBUG] iteration=1720, ncalls=2632, regioncalls=89800, ndraw=40, logz=-141120.75, remainder_fraction=100.0000%, Lmin=-141111.36, Lmax=-140982.85
15:15:49 [ultranest] [DEBUG] iteration=1744, ncalls=2661, regioncalls=90960, ndraw=40, logz=-141112.48, remainder_fraction=100.0000%, Lmin=-141102.04, Lmax=-140982.85
15:15:49 [ultranest] [DEBUG] iteration=1752, ncalls=2671, regioncalls=91400, ndraw=40, logz=-141108.98, remainder_fraction=100.0000%, Lmin=-141099.47, Lmax=-140982.85
15:15:49 [ultranest] [DEBUG] iteration=1760, ncalls=2679, regioncalls=91720, ndraw=40, logz=-141106.74, remainder_fraction=100.0000%, Lmin=-141097.29, Lmax=-140982.85
15:15:49 [ultranest] [DEBUG] iteration=1780, ncalls=2708, regioncalls=92960, ndraw=40, logz=-141100.77, remainder_fraction=100.0000%, Lmin=-141091.18, Lmax=-140982.85
15:15:49 [ultranest] [DEBUG] iteration=1800, ncalls=2731, regioncalls=93920, ndraw=40, logz=-141094.72, remainder_fraction=100.0000%, Lmin=-141085.60, Lmax=-140982.85
15:15:49 [ultranest] [DEBUG] iteration=1822, ncalls=2760, regioncalls=95120, ndraw=40, logz=-141088.82, remainder_fraction=100.0000%, Lmin=-141079.29, Lmax=-140982.85
15:15:49 [ultranest] [DEBUG] iteration=1839, ncalls=2780, regioncalls=95920, ndraw=40, logz=-141084.06, remainder_fraction=100.0000%, Lmin=-141075.07, Lmax=-140982.85
15:15:49 [ultranest] [DEBUG] iteration=1840, ncalls=2781, regioncalls=95960, ndraw=40, logz=-141083.89, remainder_fraction=100.0000%, Lmin=-141074.24, Lmax=-140982.85
15:15:49 [ultranest] [DEBUG] iteration=1860, ncalls=2811, regioncalls=97240, ndraw=40, logz=-141077.68, remainder_fraction=100.0000%, Lmin=-141068.32, Lmax=-140982.85
15:15:50 [ultranest] [DEBUG] iteration=1880, ncalls=2836, regioncalls=98240, ndraw=40, logz=-141074.11, remainder_fraction=100.0000%, Lmin=-141064.76, Lmax=-140982.85
15:15:50 [ultranest] [DEBUG] iteration=1904, ncalls=2865, regioncalls=99400, ndraw=40, logz=-141069.33, remainder_fraction=100.0000%, Lmin=-141060.17, Lmax=-140982.85
15:15:50 [ultranest] [DEBUG] iteration=1920, ncalls=2885, regioncalls=100200, ndraw=40, logz=-141066.61, remainder_fraction=100.0000%, Lmin=-141057.37, Lmax=-140982.85
15:15:50 [ultranest] [DEBUG] iteration=1926, ncalls=2896, regioncalls=100640, ndraw=40, logz=-141065.15, remainder_fraction=100.0000%, Lmin=-141055.50, Lmax=-140982.85
15:15:50 [ultranest] [DEBUG] iteration=1949, ncalls=2927, regioncalls=101920, ndraw=40, logz=-141060.32, remainder_fraction=100.0000%, Lmin=-141051.38, Lmax=-140982.85
15:15:50 [ultranest] [DEBUG] iteration=1960, ncalls=2943, regioncalls=102560, ndraw=40, logz=-141058.96, remainder_fraction=100.0000%, Lmin=-141049.92, Lmax=-140982.85
15:15:50 [ultranest] [DEBUG] iteration=1982, ncalls=2973, regioncalls=103760, ndraw=40, logz=-141055.46, remainder_fraction=100.0000%, Lmin=-141046.42, Lmax=-140982.85
15:15:50 [ultranest] [DEBUG] iteration=2000, ncalls=2995, regioncalls=104640, ndraw=40, logz=-141053.28, remainder_fraction=100.0000%, Lmin=-141044.07, Lmax=-140982.85
15:15:50 [ultranest] [DEBUG] iteration=2013, ncalls=3012, regioncalls=105320, ndraw=40, logz=-141051.04, remainder_fraction=100.0000%, Lmin=-141041.55, Lmax=-140982.85
15:15:50 [ultranest] [DEBUG] iteration=2036, ncalls=3040, regioncalls=106480, ndraw=40, logz=-141047.15, remainder_fraction=100.0000%, Lmin=-141037.44, Lmax=-140982.85
15:15:50 [ultranest] [DEBUG] iteration=2040, ncalls=3047, regioncalls=106760, ndraw=40, logz=-141046.30, remainder_fraction=100.0000%, Lmin=-141036.74, Lmax=-140982.85
15:15:50 [ultranest] [DEBUG] iteration=2061, ncalls=3078, regioncalls=108000, ndraw=40, logz=-141043.31, remainder_fraction=100.0000%, Lmin=-141033.92, Lmax=-140982.85
15:15:51 [ultranest] [DEBUG] iteration=2080, ncalls=3106, regioncalls=109120, ndraw=40, logz=-141041.15, remainder_fraction=100.0000%, Lmin=-141031.84, Lmax=-140982.85
15:15:51 [ultranest] [DEBUG] iteration=2100, ncalls=3131, regioncalls=110160, ndraw=40, logz=-141038.81, remainder_fraction=100.0000%, Lmin=-141029.27, Lmax=-140982.85
15:15:51 [ultranest] [DEBUG] iteration=2120, ncalls=3151, regioncalls=110960, ndraw=40, logz=-141036.86, remainder_fraction=100.0000%, Lmin=-141027.78, Lmax=-140982.85
15:15:51 [ultranest] [DEBUG] iteration=2144, ncalls=3182, regioncalls=112200, ndraw=40, logz=-141034.31, remainder_fraction=100.0000%, Lmin=-141024.82, Lmax=-140982.85
15:15:51 [ultranest] [DEBUG] iteration=2160, ncalls=3203, regioncalls=113040, ndraw=40, logz=-141032.48, remainder_fraction=100.0000%, Lmin=-141023.17, Lmax=-140982.85
15:15:51 [ultranest] [DEBUG] iteration=2181, ncalls=3231, regioncalls=114160, ndraw=40, logz=-141030.19, remainder_fraction=100.0000%, Lmin=-141020.64, Lmax=-140982.85
15:15:51 [ultranest] [DEBUG] iteration=2200, ncalls=3254, regioncalls=115080, ndraw=40, logz=-141028.23, remainder_fraction=100.0000%, Lmin=-141018.93, Lmax=-140982.85
15:15:51 [ultranest] [DEBUG] iteration=2221, ncalls=3283, regioncalls=116240, ndraw=40, logz=-141026.79, remainder_fraction=100.0000%, Lmin=-141017.63, Lmax=-140982.85
15:15:51 [ultranest] [DEBUG] iteration=2240, ncalls=3312, regioncalls=117400, ndraw=40, logz=-141025.39, remainder_fraction=100.0000%, Lmin=-141016.23, Lmax=-140982.85
15:15:51 [ultranest] [DEBUG] iteration=2262, ncalls=3341, regioncalls=118560, ndraw=40, logz=-141023.82, remainder_fraction=100.0000%, Lmin=-141014.97, Lmax=-140982.85
15:15:51 [ultranest] [DEBUG] iteration=2274, ncalls=3359, regioncalls=119280, ndraw=40, logz=-141023.20, remainder_fraction=100.0000%, Lmin=-141014.24, Lmax=-140982.85
15:15:52 [ultranest] [DEBUG] iteration=2280, ncalls=3365, regioncalls=119560, ndraw=40, logz=-141022.76, remainder_fraction=100.0000%, Lmin=-141013.37, Lmax=-140982.85
15:15:52 [ultranest] [DEBUG] iteration=2304, ncalls=3393, regioncalls=120720, ndraw=40, logz=-141020.85, remainder_fraction=100.0000%, Lmin=-141011.53, Lmax=-140982.85
15:15:52 [ultranest] [DEBUG] iteration=2320, ncalls=3414, regioncalls=121560, ndraw=40, logz=-141019.65, remainder_fraction=100.0000%, Lmin=-141009.90, Lmax=-140982.85
15:15:52 [ultranest] [DEBUG] iteration=2344, ncalls=3443, regioncalls=122720, ndraw=40, logz=-141017.79, remainder_fraction=100.0000%, Lmin=-141008.45, Lmax=-140982.73
15:15:52 [ultranest] [DEBUG] iteration=2360, ncalls=3465, regioncalls=123600, ndraw=40, logz=-141016.69, remainder_fraction=100.0000%, Lmin=-141007.29, Lmax=-140982.73
15:15:52 [ultranest] [DEBUG] iteration=2361, ncalls=3466, regioncalls=123680, ndraw=40, logz=-141016.62, remainder_fraction=100.0000%, Lmin=-141007.28, Lmax=-140982.73
15:15:52 [ultranest] [DEBUG] iteration=2384, ncalls=3494, regioncalls=124880, ndraw=40, logz=-141015.21, remainder_fraction=100.0000%, Lmin=-141005.83, Lmax=-140982.73
15:15:52 [ultranest] [DEBUG] iteration=2400, ncalls=3512, regioncalls=125600, ndraw=40, logz=-141014.41, remainder_fraction=100.0000%, Lmin=-141005.44, Lmax=-140982.73
15:15:52 [ultranest] [DEBUG] iteration=2423, ncalls=3541, regioncalls=126760, ndraw=40, logz=-141013.48, remainder_fraction=100.0000%, Lmin=-141004.37, Lmax=-140982.73
15:15:52 [ultranest] [DEBUG] iteration=2440, ncalls=3560, regioncalls=127520, ndraw=40, logz=-141012.66, remainder_fraction=100.0000%, Lmin=-141003.38, Lmax=-140982.73
15:15:52 [ultranest] [DEBUG] iteration=2464, ncalls=3587, regioncalls=128600, ndraw=40, logz=-141011.54, remainder_fraction=100.0000%, Lmin=-141002.26, Lmax=-140982.73
15:15:52 [ultranest] [DEBUG] iteration=2480, ncalls=3605, regioncalls=129320, ndraw=40, logz=-141010.74, remainder_fraction=100.0000%, Lmin=-141001.17, Lmax=-140982.73
15:15:52 [ultranest] [DEBUG] iteration=2498, ncalls=3635, regioncalls=130520, ndraw=40, logz=-141009.82, remainder_fraction=100.0000%, Lmin=-141000.39, Lmax=-140982.73
15:15:53 [ultranest] [DEBUG] iteration=2519, ncalls=3664, regioncalls=131680, ndraw=40, logz=-141008.85, remainder_fraction=100.0000%, Lmin=-140999.23, Lmax=-140982.73
15:15:53 [ultranest] [DEBUG] iteration=2520, ncalls=3665, regioncalls=131720, ndraw=40, logz=-141008.79, remainder_fraction=100.0000%, Lmin=-140999.19, Lmax=-140982.73
15:15:53 [ultranest] [DEBUG] iteration=2535, ncalls=3684, regioncalls=132560, ndraw=40, logz=-141008.01, remainder_fraction=100.0000%, Lmin=-140998.51, Lmax=-140982.73
15:15:53 [ultranest] [DEBUG] iteration=2557, ncalls=3713, regioncalls=133720, ndraw=40, logz=-141006.99, remainder_fraction=100.0000%, Lmin=-140997.70, Lmax=-140982.73
15:15:53 [ultranest] [DEBUG] iteration=2560, ncalls=3721, regioncalls=134040, ndraw=40, logz=-141006.88, remainder_fraction=100.0000%, Lmin=-140997.67, Lmax=-140982.73
15:15:53 [ultranest] [DEBUG] iteration=2584, ncalls=3749, regioncalls=135160, ndraw=40, logz=-141006.09, remainder_fraction=99.9999%, Lmin=-140996.97, Lmax=-140982.73
15:15:53 [ultranest] [DEBUG] iteration=2600, ncalls=3770, regioncalls=136000, ndraw=40, logz=-141005.60, remainder_fraction=99.9999%, Lmin=-140996.48, Lmax=-140982.73
15:15:53 [ultranest] [DEBUG] iteration=2620, ncalls=3800, regioncalls=137200, ndraw=40, logz=-141005.03, remainder_fraction=99.9998%, Lmin=-140995.73, Lmax=-140982.73
15:15:53 [ultranest] [DEBUG] iteration=2638, ncalls=3828, regioncalls=138320, ndraw=40, logz=-141004.49, remainder_fraction=99.9996%, Lmin=-140995.25, Lmax=-140982.73
15:15:53 [ultranest] [DEBUG] iteration=2640, ncalls=3831, regioncalls=138440, ndraw=40, logz=-141004.43, remainder_fraction=99.9996%, Lmin=-140995.24, Lmax=-140982.73
15:15:53 [ultranest] [DEBUG] iteration=2660, ncalls=3860, regioncalls=139600, ndraw=40, logz=-141003.85, remainder_fraction=99.9993%, Lmin=-140994.53, Lmax=-140982.73
15:15:53 [ultranest] [DEBUG] iteration=2679, ncalls=3891, regioncalls=140840, ndraw=40, logz=-141003.27, remainder_fraction=99.9987%, Lmin=-140993.88, Lmax=-140982.73
15:15:53 [ultranest] [DEBUG] iteration=2680, ncalls=3892, regioncalls=140880, ndraw=40, logz=-141003.24, remainder_fraction=99.9987%, Lmin=-140993.84, Lmax=-140982.73
15:15:53 [ultranest] [DEBUG] iteration=2701, ncalls=3922, regioncalls=142080, ndraw=40, logz=-141002.65, remainder_fraction=99.9976%, Lmin=-140993.39, Lmax=-140982.73
15:15:54 [ultranest] [DEBUG] iteration=2709, ncalls=3932, regioncalls=142520, ndraw=40, logz=-141002.44, remainder_fraction=99.9970%, Lmin=-140993.19, Lmax=-140982.73
15:15:54 [ultranest] [DEBUG] iteration=2720, ncalls=3944, regioncalls=143000, ndraw=40, logz=-141002.16, remainder_fraction=99.9961%, Lmin=-140992.82, Lmax=-140982.73
15:15:54 [ultranest] [DEBUG] iteration=2743, ncalls=3973, regioncalls=144160, ndraw=40, logz=-141001.60, remainder_fraction=99.9929%, Lmin=-140992.28, Lmax=-140982.73
15:15:54 [ultranest] [DEBUG] iteration=2760, ncalls=3992, regioncalls=144920, ndraw=40, logz=-141001.21, remainder_fraction=99.9895%, Lmin=-140991.87, Lmax=-140982.73
15:15:54 [ultranest] [DEBUG] iteration=2785, ncalls=4020, regioncalls=146040, ndraw=40, logz=-141000.64, remainder_fraction=99.9820%, Lmin=-140991.26, Lmax=-140982.73
15:15:54 [ultranest] [DEBUG] iteration=2800, ncalls=4038, regioncalls=146760, ndraw=40, logz=-141000.31, remainder_fraction=99.9743%, Lmin=-140990.96, Lmax=-140982.73
15:15:54 [ultranest] [DEBUG] iteration=2820, ncalls=4066, regioncalls=147880, ndraw=40, logz=-140999.89, remainder_fraction=99.9614%, Lmin=-140990.55, Lmax=-140982.73
15:15:54 [ultranest] [DEBUG] iteration=2840, ncalls=4092, regioncalls=148920, ndraw=40, logz=-140999.49, remainder_fraction=99.9415%, Lmin=-140990.12, Lmax=-140982.73
15:15:54 [ultranest] [DEBUG] iteration=2861, ncalls=4121, regioncalls=150080, ndraw=40, logz=-140999.10, remainder_fraction=99.9144%, Lmin=-140989.80, Lmax=-140982.73
15:15:54 [ultranest] [DEBUG] iteration=2880, ncalls=4154, regioncalls=151400, ndraw=40, logz=-140998.77, remainder_fraction=99.8804%, Lmin=-140989.46, Lmax=-140982.73
15:15:54 [ultranest] [DEBUG] iteration=2883, ncalls=4157, regioncalls=151560, ndraw=40, logz=-140998.72, remainder_fraction=99.8745%, Lmin=-140989.43, Lmax=-140982.73
15:15:54 [ultranest] [DEBUG] iteration=2909, ncalls=4185, regioncalls=152680, ndraw=40, logz=-140998.33, remainder_fraction=99.8167%, Lmin=-140989.08, Lmax=-140982.73
15:15:54 [ultranest] [DEBUG] iteration=2920, ncalls=4196, regioncalls=153120, ndraw=40, logz=-140998.16, remainder_fraction=99.7806%, Lmin=-140988.89, Lmax=-140982.73
15:15:55 [ultranest] [DEBUG] iteration=2940, ncalls=4225, regioncalls=154280, ndraw=40, logz=-140997.87, remainder_fraction=99.7044%, Lmin=-140988.62, Lmax=-140982.73
15:15:55 [ultranest] [DEBUG] iteration=2960, ncalls=4253, regioncalls=155400, ndraw=40, logz=-140997.60, remainder_fraction=99.6153%, Lmin=-140988.33, Lmax=-140982.73
15:15:55 [ultranest] [DEBUG] iteration=2970, ncalls=4264, regioncalls=155880, ndraw=40, logz=-140997.47, remainder_fraction=99.5579%, Lmin=-140988.20, Lmax=-140982.73
15:15:55 [ultranest] [DEBUG] iteration=2993, ncalls=4293, regioncalls=157120, ndraw=40, logz=-140997.17, remainder_fraction=99.3877%, Lmin=-140987.81, Lmax=-140982.73
15:15:55 [ultranest] [DEBUG] iteration=3000, ncalls=4301, regioncalls=157440, ndraw=40, logz=-140997.07, remainder_fraction=99.3221%, Lmin=-140987.72, Lmax=-140982.73
15:15:55 [ultranest] [DEBUG] iteration=3020, ncalls=4329, regioncalls=158680, ndraw=40, logz=-140996.82, remainder_fraction=99.1506%, Lmin=-140987.40, Lmax=-140982.73
15:15:55 [ultranest] [DEBUG] iteration=3040, ncalls=4352, regioncalls=159640, ndraw=40, logz=-140996.57, remainder_fraction=98.8911%, Lmin=-140987.28, Lmax=-140982.73
15:15:55 [ultranest] [DEBUG] iteration=3057, ncalls=4378, regioncalls=160720, ndraw=40, logz=-140996.39, remainder_fraction=98.6624%, Lmin=-140987.07, Lmax=-140982.73
15:15:55 [ultranest] [DEBUG] iteration=3080, ncalls=4402, regioncalls=161680, ndraw=40, logz=-140996.13, remainder_fraction=98.2339%, Lmin=-140986.65, Lmax=-140982.73
15:15:55 [ultranest] [DEBUG] iteration=3103, ncalls=4430, regioncalls=162800, ndraw=40, logz=-140995.87, remainder_fraction=97.6778%, Lmin=-140986.45, Lmax=-140982.73
15:15:55 [ultranest] [DEBUG] iteration=3120, ncalls=4455, regioncalls=163800, ndraw=40, logz=-140995.70, remainder_fraction=97.2996%, Lmin=-140986.30, Lmax=-140982.73
15:15:56 [ultranest] [DEBUG] iteration=3143, ncalls=4484, regioncalls=164960, ndraw=40, logz=-140995.48, remainder_fraction=96.6688%, Lmin=-140986.09, Lmax=-140982.73
15:15:56 [ultranest] [DEBUG] iteration=3160, ncalls=4503, regioncalls=165720, ndraw=40, logz=-140995.33, remainder_fraction=96.1378%, Lmin=-140985.96, Lmax=-140982.73
15:15:56 [ultranest] [DEBUG] iteration=3185, ncalls=4531, regioncalls=166840, ndraw=40, logz=-140995.11, remainder_fraction=95.2045%, Lmin=-140985.75, Lmax=-140982.73
15:15:56 [ultranest] [DEBUG] iteration=3200, ncalls=4546, regioncalls=167440, ndraw=40, logz=-140995.00, remainder_fraction=94.6157%, Lmin=-140985.67, Lmax=-140982.73
15:15:56 [ultranest] [DEBUG] iteration=3217, ncalls=4579, regioncalls=168760, ndraw=40, logz=-140994.87, remainder_fraction=93.8014%, Lmin=-140985.57, Lmax=-140982.73
15:15:56 [ultranest] [DEBUG] iteration=3231, ncalls=4599, regioncalls=169600, ndraw=40, logz=-140994.78, remainder_fraction=93.2157%, Lmin=-140985.48, Lmax=-140982.73
15:15:56 [ultranest] [DEBUG] iteration=3240, ncalls=4609, regioncalls=170000, ndraw=40, logz=-140994.72, remainder_fraction=92.8476%, Lmin=-140985.40, Lmax=-140982.73
15:15:56 [ultranest] [DEBUG] iteration=3262, ncalls=4638, regioncalls=171200, ndraw=40, logz=-140994.56, remainder_fraction=91.6443%, Lmin=-140985.12, Lmax=-140982.73
15:15:56 [ultranest] [DEBUG] iteration=3280, ncalls=4661, regioncalls=172120, ndraw=40, logz=-140994.44, remainder_fraction=90.5001%, Lmin=-140985.01, Lmax=-140982.73
15:15:56 [ultranest] [DEBUG] iteration=3301, ncalls=4690, regioncalls=173280, ndraw=40, logz=-140994.30, remainder_fraction=89.0269%, Lmin=-140984.88, Lmax=-140982.73
15:15:56 [ultranest] [DEBUG] iteration=3320, ncalls=4717, regioncalls=174360, ndraw=40, logz=-140994.18, remainder_fraction=87.5502%, Lmin=-140984.81, Lmax=-140982.73
15:15:56 [ultranest] [DEBUG] iteration=3340, ncalls=4746, regioncalls=175520, ndraw=40, logz=-140994.07, remainder_fraction=86.1187%, Lmin=-140984.72, Lmax=-140982.73
15:15:57 [ultranest] [DEBUG] iteration=3359, ncalls=4776, regioncalls=176720, ndraw=40, logz=-140993.97, remainder_fraction=84.6754%, Lmin=-140984.62, Lmax=-140982.73
15:15:57 [ultranest] [DEBUG] iteration=3360, ncalls=4777, regioncalls=176760, ndraw=40, logz=-140993.97, remainder_fraction=84.5961%, Lmin=-140984.62, Lmax=-140982.73
15:15:57 [ultranest] [DEBUG] iteration=3377, ncalls=4807, regioncalls=177960, ndraw=40, logz=-140993.88, remainder_fraction=83.2645%, Lmin=-140984.57, Lmax=-140982.73
15:15:57 [ultranest] [DEBUG] iteration=3399, ncalls=4836, regioncalls=179120, ndraw=40, logz=-140993.78, remainder_fraction=81.7637%, Lmin=-140984.47, Lmax=-140982.73
15:15:57 [ultranest] [DEBUG] iteration=3400, ncalls=4838, regioncalls=179200, ndraw=40, logz=-140993.78, remainder_fraction=81.6657%, Lmin=-140984.47, Lmax=-140982.73
15:15:57 [ultranest] [DEBUG] iteration=3405, ncalls=4845, regioncalls=179520, ndraw=40, logz=-140993.75, remainder_fraction=81.2787%, Lmin=-140984.45, Lmax=-140982.73
15:15:57 [ultranest] [DEBUG] iteration=3428, ncalls=4874, regioncalls=180680, ndraw=40, logz=-140993.66, remainder_fraction=79.4327%, Lmin=-140984.36, Lmax=-140982.73
15:15:57 [ultranest] [DEBUG] iteration=3440, ncalls=4889, regioncalls=181280, ndraw=40, logz=-140993.61, remainder_fraction=78.3906%, Lmin=-140984.32, Lmax=-140982.73
15:15:57 [ultranest] [DEBUG] iteration=3463, ncalls=4918, regioncalls=182480, ndraw=40, logz=-140993.52, remainder_fraction=76.3524%, Lmin=-140984.25, Lmax=-140982.73
15:15:57 [ultranest] [DEBUG] iteration=3480, ncalls=4945, regioncalls=183560, ndraw=40, logz=-140993.46, remainder_fraction=74.7853%, Lmin=-140984.20, Lmax=-140982.73
15:15:57 [ultranest] [DEBUG] iteration=3501, ncalls=4972, regioncalls=184640, ndraw=40, logz=-140993.39, remainder_fraction=73.0793%, Lmin=-140984.13, Lmax=-140982.73
15:15:57 [ultranest] [DEBUG] iteration=3520, ncalls=5004, regioncalls=185920, ndraw=40, logz=-140993.33, remainder_fraction=71.4108%, Lmin=-140984.05, Lmax=-140982.73
15:15:58 [ultranest] [DEBUG] iteration=3537, ncalls=5032, regioncalls=187040, ndraw=40, logz=-140993.28, remainder_fraction=69.7829%, Lmin=-140983.99, Lmax=-140982.73
15:15:58 [ultranest] [DEBUG] iteration=3555, ncalls=5062, regioncalls=188240, ndraw=40, logz=-140993.22, remainder_fraction=68.0793%, Lmin=-140983.95, Lmax=-140982.73
15:15:58 [ultranest] [DEBUG] iteration=3560, ncalls=5068, regioncalls=188480, ndraw=40, logz=-140993.21, remainder_fraction=67.6315%, Lmin=-140983.94, Lmax=-140982.73
15:15:58 [ultranest] [DEBUG] iteration=3579, ncalls=5095, regioncalls=189600, ndraw=40, logz=-140993.16, remainder_fraction=66.0218%, Lmin=-140983.89, Lmax=-140982.73
15:15:58 [ultranest] [DEBUG] iteration=3600, ncalls=5119, regioncalls=190560, ndraw=40, logz=-140993.10, remainder_fraction=64.0958%, Lmin=-140983.83, Lmax=-140982.73
15:15:58 [ultranest] [DEBUG] iteration=3621, ncalls=5147, regioncalls=191680, ndraw=40, logz=-140993.05, remainder_fraction=62.3158%, Lmin=-140983.77, Lmax=-140982.73
15:15:58 [ultranest] [DEBUG] iteration=3640, ncalls=5174, regioncalls=192760, ndraw=40, logz=-140993.00, remainder_fraction=60.6907%, Lmin=-140983.71, Lmax=-140982.73
15:15:58 [ultranest] [DEBUG] iteration=3659, ncalls=5203, regioncalls=193920, ndraw=40, logz=-140992.96, remainder_fraction=58.9431%, Lmin=-140983.66, Lmax=-140982.73
15:15:58 [ultranest] [DEBUG] iteration=3666, ncalls=5212, regioncalls=194320, ndraw=40, logz=-140992.94, remainder_fraction=58.2797%, Lmin=-140983.65, Lmax=-140982.73
15:15:58 [ultranest] [DEBUG] iteration=3680, ncalls=5228, regioncalls=195000, ndraw=40, logz=-140992.91, remainder_fraction=56.9780%, Lmin=-140983.62, Lmax=-140982.73
15:15:58 [ultranest] [DEBUG] iteration=3702, ncalls=5257, regioncalls=196160, ndraw=40, logz=-140992.87, remainder_fraction=54.9336%, Lmin=-140983.58, Lmax=-140982.73
15:15:58 [ultranest] [DEBUG] iteration=3720, ncalls=5283, regioncalls=197200, ndraw=40, logz=-140992.83, remainder_fraction=53.2343%, Lmin=-140983.54, Lmax=-140982.73
15:15:59 [ultranest] [DEBUG] iteration=3742, ncalls=5312, regioncalls=198360, ndraw=40, logz=-140992.79, remainder_fraction=51.2904%, Lmin=-140983.50, Lmax=-140982.73
15:15:59 [ultranest] [DEBUG] iteration=3753, ncalls=5325, regioncalls=198920, ndraw=40, logz=-140992.77, remainder_fraction=50.3433%, Lmin=-140983.48, Lmax=-140982.73
15:15:59 [ultranest] [DEBUG] iteration=3760, ncalls=5334, regioncalls=199280, ndraw=40, logz=-140992.76, remainder_fraction=49.7133%, Lmin=-140983.47, Lmax=-140982.73
15:15:59 [ultranest] [DEBUG] iteration=3785, ncalls=5362, regioncalls=200400, ndraw=40, logz=-140992.72, remainder_fraction=47.6605%, Lmin=-140983.42, Lmax=-140982.73
15:15:59 [ultranest] [DEBUG] iteration=3800, ncalls=5379, regioncalls=201080, ndraw=40, logz=-140992.70, remainder_fraction=46.4297%, Lmin=-140983.39, Lmax=-140982.73
15:15:59 [ultranest] [DEBUG] iteration=3823, ncalls=5407, regioncalls=202200, ndraw=40, logz=-140992.66, remainder_fraction=44.4774%, Lmin=-140983.36, Lmax=-140982.73
15:15:59 [ultranest] [DEBUG] iteration=3840, ncalls=5427, regioncalls=203080, ndraw=40, logz=-140992.64, remainder_fraction=43.0535%, Lmin=-140983.34, Lmax=-140982.73
15:15:59 [ultranest] [DEBUG] iteration=3863, ncalls=5455, regioncalls=204200, ndraw=40, logz=-140992.60, remainder_fraction=41.2841%, Lmin=-140983.31, Lmax=-140982.73
15:15:59 [ultranest] [DEBUG] iteration=3880, ncalls=5475, regioncalls=205000, ndraw=40, logz=-140992.58, remainder_fraction=39.9504%, Lmin=-140983.28, Lmax=-140982.73
15:15:59 [ultranest] [DEBUG] iteration=3904, ncalls=5503, regioncalls=206120, ndraw=40, logz=-140992.55, remainder_fraction=38.1980%, Lmin=-140983.24, Lmax=-140982.73
15:15:59 [ultranest] [DEBUG] iteration=3920, ncalls=5523, regioncalls=206920, ndraw=40, logz=-140992.53, remainder_fraction=36.9867%, Lmin=-140983.22, Lmax=-140982.73
15:15:59 [ultranest] [DEBUG] iteration=3942, ncalls=5552, regioncalls=208080, ndraw=40, logz=-140992.51, remainder_fraction=35.3540%, Lmin=-140983.20, Lmax=-140982.73
15:16:00 [ultranest] [DEBUG] iteration=3960, ncalls=5577, regioncalls=209080, ndraw=40, logz=-140992.49, remainder_fraction=34.0485%, Lmin=-140983.19, Lmax=-140982.73
15:16:00 [ultranest] [DEBUG] iteration=3977, ncalls=5608, regioncalls=210320, ndraw=40, logz=-140992.47, remainder_fraction=32.8930%, Lmin=-140983.16, Lmax=-140982.73
15:16:00 [ultranest] [DEBUG] iteration=3998, ncalls=5637, regioncalls=211480, ndraw=40, logz=-140992.45, remainder_fraction=31.5164%, Lmin=-140983.14, Lmax=-140982.73
15:16:00 [ultranest] [DEBUG] iteration=4000, ncalls=5639, regioncalls=211560, ndraw=40, logz=-140992.45, remainder_fraction=31.3793%, Lmin=-140983.13, Lmax=-140982.73
15:16:00 [ultranest] [DEBUG] iteration=4014, ncalls=5663, regioncalls=212560, ndraw=40, logz=-140992.44, remainder_fraction=30.4804%, Lmin=-140983.12, Lmax=-140982.73
15:16:00 [ultranest] [DEBUG] iteration=4037, ncalls=5691, regioncalls=213760, ndraw=40, logz=-140992.42, remainder_fraction=29.0597%, Lmin=-140983.10, Lmax=-140982.73
15:16:00 [ultranest] [DEBUG] iteration=4040, ncalls=5694, regioncalls=213880, ndraw=40, logz=-140992.41, remainder_fraction=28.8788%, Lmin=-140983.09, Lmax=-140982.73
15:16:00 [ultranest] [DEBUG] iteration=4063, ncalls=5722, regioncalls=215000, ndraw=40, logz=-140992.39, remainder_fraction=27.4832%, Lmin=-140983.07, Lmax=-140982.73
15:16:00 [ultranest] [DEBUG] iteration=4080, ncalls=5747, regioncalls=216000, ndraw=40, logz=-140992.38, remainder_fraction=26.5206%, Lmin=-140983.05, Lmax=-140982.73
15:16:00 [ultranest] [DEBUG] iteration=4101, ncalls=5776, regioncalls=217240, ndraw=40, logz=-140992.36, remainder_fraction=25.3613%, Lmin=-140983.03, Lmax=-140982.73
15:16:00 [ultranest] [DEBUG] iteration=4120, ncalls=5795, regioncalls=218000, ndraw=40, logz=-140992.35, remainder_fraction=24.3478%, Lmin=-140983.01, Lmax=-140982.73
15:16:00 [ultranest] [DEBUG] iteration=4144, ncalls=5824, regioncalls=219160, ndraw=40, logz=-140992.33, remainder_fraction=23.0741%, Lmin=-140983.00, Lmax=-140982.73
15:16:00 [ultranest] [DEBUG] iteration=4160, ncalls=5842, regioncalls=219880, ndraw=40, logz=-140992.32, remainder_fraction=22.2577%, Lmin=-140982.98, Lmax=-140982.73
15:16:01 [ultranest] [DEBUG] iteration=4183, ncalls=5870, regioncalls=221000, ndraw=40, logz=-140992.31, remainder_fraction=21.1340%, Lmin=-140982.97, Lmax=-140982.73
15:16:01 [ultranest] [DEBUG] iteration=4200, ncalls=5890, regioncalls=221800, ndraw=40, logz=-140992.30, remainder_fraction=20.3529%, Lmin=-140982.96, Lmax=-140982.73
15:16:01 [ultranest] [DEBUG] iteration=4219, ncalls=5919, regioncalls=222960, ndraw=40, logz=-140992.29, remainder_fraction=19.4878%, Lmin=-140982.95, Lmax=-140982.73
15:16:01 [ultranest] [DEBUG] iteration=4240, ncalls=5947, regioncalls=224080, ndraw=40, logz=-140992.28, remainder_fraction=18.5457%, Lmin=-140982.93, Lmax=-140982.73
15:16:01 [ultranest] [DEBUG] iteration=4257, ncalls=5977, regioncalls=225280, ndraw=40, logz=-140992.27, remainder_fraction=17.8399%, Lmin=-140982.92, Lmax=-140982.73
15:16:01 [ultranest] [DEBUG] iteration=4275, ncalls=6007, regioncalls=226520, ndraw=40, logz=-140992.26, remainder_fraction=17.0905%, Lmin=-140982.91, Lmax=-140982.73
15:16:01 [ultranest] [DEBUG] iteration=4280, ncalls=6012, regioncalls=226720, ndraw=40, logz=-140992.26, remainder_fraction=16.8919%, Lmin=-140982.91, Lmax=-140982.73
15:16:01 [ultranest] [DEBUG] iteration=4303, ncalls=6040, regioncalls=227880, ndraw=40, logz=-140992.24, remainder_fraction=16.0035%, Lmin=-140982.90, Lmax=-140982.73
15:16:01 [ultranest] [DEBUG] iteration=4320, ncalls=6064, regioncalls=228840, ndraw=40, logz=-140992.24, remainder_fraction=15.3719%, Lmin=-140982.89, Lmax=-140982.73
15:16:01 [ultranest] [DEBUG] iteration=4343, ncalls=6093, regioncalls=230000, ndraw=40, logz=-140992.23, remainder_fraction=14.5599%, Lmin=-140982.88, Lmax=-140982.73
15:16:01 [ultranest] [DEBUG] iteration=4360, ncalls=6113, regioncalls=230800, ndraw=40, logz=-140992.22, remainder_fraction=13.9765%, Lmin=-140982.88, Lmax=-140982.73
15:16:02 [ultranest] [DEBUG] iteration=4380, ncalls=6140, regioncalls=231880, ndraw=40, logz=-140992.21, remainder_fraction=13.3203%, Lmin=-140982.87, Lmax=-140982.73
15:16:02 [ultranest] [DEBUG] iteration=4400, ncalls=6162, regioncalls=232760, ndraw=40, logz=-140992.21, remainder_fraction=12.7062%, Lmin=-140982.86, Lmax=-140982.73
15:16:02 [ultranest] [DEBUG] iteration=4419, ncalls=6192, regioncalls=233960, ndraw=40, logz=-140992.20, remainder_fraction=12.1428%, Lmin=-140982.86, Lmax=-140982.73
15:16:02 [ultranest] [DEBUG] iteration=4440, ncalls=6225, regioncalls=235280, ndraw=40, logz=-140992.19, remainder_fraction=11.5366%, Lmin=-140982.85, Lmax=-140982.73
15:16:02 [ultranest] [DEBUG] iteration=4449, ncalls=6237, regioncalls=235800, ndraw=40, logz=-140992.19, remainder_fraction=11.2835%, Lmin=-140982.85, Lmax=-140982.73
15:16:02 [ultranest] [DEBUG] iteration=4473, ncalls=6265, regioncalls=236920, ndraw=40, logz=-140992.18, remainder_fraction=10.6482%, Lmin=-140982.84, Lmax=-140982.73
15:16:02 [ultranest] [DEBUG] iteration=4480, ncalls=6274, regioncalls=237280, ndraw=40, logz=-140992.18, remainder_fraction=10.4665%, Lmin=-140982.84, Lmax=-140982.73
15:16:02 [ultranest] [DEBUG] iteration=4503, ncalls=6302, regioncalls=238400, ndraw=40, logz=-140992.17, remainder_fraction=9.8983%, Lmin=-140982.83, Lmax=-140982.73
15:16:02 [ultranest] [DEBUG] iteration=4520, ncalls=6325, regioncalls=239320, ndraw=40, logz=-140992.17, remainder_fraction=9.4953%, Lmin=-140982.83, Lmax=-140982.73
15:16:02 [ultranest] [DEBUG] iteration=4536, ncalls=6345, regioncalls=240160, ndraw=40, logz=-140992.17, remainder_fraction=9.1302%, Lmin=-140982.82, Lmax=-140982.73
15:16:02 [ultranest] [DEBUG] iteration=4555, ncalls=6374, regioncalls=241320, ndraw=40, logz=-140992.16, remainder_fraction=8.7098%, Lmin=-140982.82, Lmax=-140982.73
15:16:02 [ultranest] [DEBUG] iteration=4560, ncalls=6382, regioncalls=241640, ndraw=40, logz=-140992.16, remainder_fraction=8.6027%, Lmin=-140982.82, Lmax=-140982.73
15:16:03 [ultranest] [DEBUG] iteration=4585, ncalls=6410, regioncalls=242760, ndraw=40, logz=-140992.15, remainder_fraction=8.0866%, Lmin=-140982.81, Lmax=-140982.73
15:16:03 [ultranest] [DEBUG] iteration=4600, ncalls=6431, regioncalls=243600, ndraw=40, logz=-140992.15, remainder_fraction=7.7910%, Lmin=-140982.81, Lmax=-140982.73
15:16:03 [ultranest] [DEBUG] iteration=4620, ncalls=6460, regioncalls=244760, ndraw=40, logz=-140992.15, remainder_fraction=7.4127%, Lmin=-140982.80, Lmax=-140982.73
15:16:03 [ultranest] [DEBUG] iteration=4623, ncalls=6463, regioncalls=244920, ndraw=40, logz=-140992.15, remainder_fraction=7.3587%, Lmin=-140982.80, Lmax=-140982.73
15:16:03 [ultranest] [DEBUG] iteration=4640, ncalls=6484, regioncalls=245760, ndraw=40, logz=-140992.14, remainder_fraction=7.0514%, Lmin=-140982.80, Lmax=-140982.73
15:16:03 [ultranest] [DEBUG] iteration=4663, ncalls=6512, regioncalls=246880, ndraw=40, logz=-140992.14, remainder_fraction=6.6593%, Lmin=-140982.80, Lmax=-140982.73
15:16:03 [ultranest] [DEBUG] iteration=4680, ncalls=6536, regioncalls=247880, ndraw=40, logz=-140992.14, remainder_fraction=6.3820%, Lmin=-140982.79, Lmax=-140982.73
15:16:03 [ultranest] [DEBUG] iteration=4700, ncalls=6565, regioncalls=249040, ndraw=40, logz=-140992.13, remainder_fraction=6.0733%, Lmin=-140982.79, Lmax=-140982.73
15:16:03 [ultranest] [DEBUG] iteration=4710, ncalls=6576, regioncalls=249520, ndraw=40, logz=-140992.13, remainder_fraction=5.9231%, Lmin=-140982.79, Lmax=-140982.73
15:16:03 [ultranest] [DEBUG] iteration=4720, ncalls=6594, regioncalls=250400, ndraw=40, logz=-140992.13, remainder_fraction=5.7773%, Lmin=-140982.79, Lmax=-140982.73
15:16:03 [ultranest] [DEBUG] iteration=4743, ncalls=6622, regioncalls=251600, ndraw=40, logz=-140992.13, remainder_fraction=5.4534%, Lmin=-140982.78, Lmax=-140982.73
15:16:03 [ultranest] [DEBUG] iteration=4760, ncalls=6643, regioncalls=252440, ndraw=40, logz=-140992.12, remainder_fraction=5.2262%, Lmin=-140982.78, Lmax=-140982.73
15:16:03 [ultranest] [DEBUG] iteration=4784, ncalls=6671, regioncalls=253560, ndraw=40, logz=-140992.12, remainder_fraction=4.9216%, Lmin=-140982.78, Lmax=-140982.73
15:16:04 [ultranest] [DEBUG] iteration=4797, ncalls=6690, regioncalls=254400, ndraw=40, logz=-140992.12, remainder_fraction=4.7634%, Lmin=-140982.78, Lmax=-140982.73
15:16:04 [ultranest] [DEBUG] iteration=4800, ncalls=6694, regioncalls=254560, ndraw=40, logz=-140992.12, remainder_fraction=4.7274%, Lmin=-140982.78, Lmax=-140982.73
15:16:04 [ultranest] [DEBUG] iteration=4824, ncalls=6721, regioncalls=255760, ndraw=40, logz=-140992.12, remainder_fraction=4.4503%, Lmin=-140982.77, Lmax=-140982.73
15:16:04 [ultranest] [DEBUG] iteration=4840, ncalls=6739, regioncalls=256480, ndraw=40, logz=-140992.11, remainder_fraction=4.2737%, Lmin=-140982.77, Lmax=-140982.73
15:16:04 [ultranest] [DEBUG] iteration=4862, ncalls=6768, regioncalls=257640, ndraw=40, logz=-140992.11, remainder_fraction=4.0436%, Lmin=-140982.77, Lmax=-140982.73
15:16:04 [ultranest] [DEBUG] iteration=4880, ncalls=6795, regioncalls=258720, ndraw=40, logz=-140992.11, remainder_fraction=3.8635%, Lmin=-140982.77, Lmax=-140982.73
15:16:04 [ultranest] [DEBUG] iteration=4884, ncalls=6800, regioncalls=259000, ndraw=40, logz=-140992.11, remainder_fraction=3.8247%, Lmin=-140982.77, Lmax=-140982.73
15:16:04 [ultranest] [DEBUG] iteration=4907, ncalls=6827, regioncalls=260120, ndraw=40, logz=-140992.11, remainder_fraction=3.6100%, Lmin=-140982.77, Lmax=-140982.73
15:16:04 [ultranest] [DEBUG] iteration=4920, ncalls=6843, regioncalls=260760, ndraw=40, logz=-140992.11, remainder_fraction=3.4931%, Lmin=-140982.77, Lmax=-140982.73
15:16:04 [ultranest] [DEBUG] iteration=4943, ncalls=6872, regioncalls=261920, ndraw=40, logz=-140992.10, remainder_fraction=3.2958%, Lmin=-140982.76, Lmax=-140982.73
15:16:04 [ultranest] [DEBUG] iteration=4960, ncalls=6895, regioncalls=262840, ndraw=40, logz=-140992.10, remainder_fraction=3.1575%, Lmin=-140982.76, Lmax=-140982.73
15:16:04 [ultranest] [DEBUG] iteration=4971, ncalls=6912, regioncalls=263560, ndraw=40, logz=-140992.10, remainder_fraction=3.0707%, Lmin=-140982.76, Lmax=-140982.73
15:16:04 [ultranest] [DEBUG] iteration=4993, ncalls=6940, regioncalls=264720, ndraw=40, logz=-140992.10, remainder_fraction=2.9040%, Lmin=-140982.76, Lmax=-140982.73
15:16:05 [ultranest] [DEBUG] iteration=5000, ncalls=6948, regioncalls=265040, ndraw=40, logz=-140992.10, remainder_fraction=2.8532%, Lmin=-140982.76, Lmax=-140982.73
15:16:05 [ultranest] [DEBUG] iteration=5021, ncalls=6977, regioncalls=266200, ndraw=40, logz=-140992.10, remainder_fraction=2.7051%, Lmin=-140982.76, Lmax=-140982.73
15:16:05 [ultranest] [DEBUG] iteration=5040, ncalls=7005, regioncalls=267320, ndraw=40, logz=-140992.10, remainder_fraction=2.5778%, Lmin=-140982.75, Lmax=-140982.73
15:16:05 [ultranest] [DEBUG] iteration=5058, ncalls=7029, regioncalls=268320, ndraw=40, logz=-140992.10, remainder_fraction=2.4626%, Lmin=-140982.75, Lmax=-140982.73
15:16:05 [ultranest] [DEBUG] iteration=5079, ncalls=7058, regioncalls=269480, ndraw=40, logz=-140992.09, remainder_fraction=2.3345%, Lmin=-140982.75, Lmax=-140982.73
15:16:05 [ultranest] [DEBUG] iteration=5080, ncalls=7059, regioncalls=269520, ndraw=40, logz=-140992.09, remainder_fraction=2.3286%, Lmin=-140982.75, Lmax=-140982.73
15:16:05 [ultranest] [DEBUG] iteration=5099, ncalls=7089, regioncalls=270800, ndraw=40, logz=-140992.09, remainder_fraction=2.2188%, Lmin=-140982.75, Lmax=-140982.73
15:16:05 [ultranest] [DEBUG] iteration=5118, ncalls=7119, regioncalls=272000, ndraw=40, logz=-140992.09, remainder_fraction=2.1139%, Lmin=-140982.75, Lmax=-140982.73
15:16:05 [ultranest] [DEBUG] iteration=5120, ncalls=7122, regioncalls=272120, ndraw=40, logz=-140992.09, remainder_fraction=2.1031%, Lmin=-140982.75, Lmax=-140982.73
15:16:05 [ultranest] [DEBUG] iteration=5143, ncalls=7151, regioncalls=273280, ndraw=40, logz=-140992.09, remainder_fraction=1.9831%, Lmin=-140982.75, Lmax=-140982.73
15:16:05 [ultranest] [DEBUG] iteration=5145, ncalls=7153, regioncalls=273400, ndraw=40, logz=-140992.09, remainder_fraction=1.9730%, Lmin=-140982.75, Lmax=-140982.73
15:16:05 [ultranest] [DEBUG] iteration=5160, ncalls=7172, regioncalls=274200, ndraw=40, logz=-140992.09, remainder_fraction=1.8986%, Lmin=-140982.75, Lmax=-140982.73
15:16:05 [ultranest] [DEBUG] iteration=5183, ncalls=7203, regioncalls=275440, ndraw=40, logz=-140992.09, remainder_fraction=1.7904%, Lmin=-140982.74, Lmax=-140982.73
15:16:05 [ultranest] [DEBUG] iteration=5200, ncalls=7225, regioncalls=276320, ndraw=40, logz=-140992.09, remainder_fraction=1.7144%, Lmin=-140982.74, Lmax=-140982.73
15:16:06 [ultranest] [DEBUG] iteration=5223, ncalls=7253, regioncalls=277440, ndraw=40, logz=-140992.09, remainder_fraction=1.6167%, Lmin=-140982.74, Lmax=-140982.73
15:16:06 [ultranest] [DEBUG] iteration=5232, ncalls=7269, regioncalls=278120, ndraw=40, logz=-140992.09, remainder_fraction=1.5799%, Lmin=-140982.74, Lmax=-140982.73
15:16:06 [ultranest] [DEBUG] iteration=5240, ncalls=7278, regioncalls=278480, ndraw=40, logz=-140992.09, remainder_fraction=1.5479%, Lmin=-140982.74, Lmax=-140982.73
15:16:06 [ultranest] [DEBUG] iteration=5263, ncalls=7306, regioncalls=279600, ndraw=40, logz=-140992.09, remainder_fraction=1.4595%, Lmin=-140982.74, Lmax=-140982.73
15:16:06 [ultranest] [DEBUG] iteration=5280, ncalls=7328, regioncalls=280480, ndraw=40, logz=-140992.08, remainder_fraction=1.3974%, Lmin=-140982.74, Lmax=-140982.73
15:16:06 [ultranest] [DEBUG] iteration=5301, ncalls=7355, regioncalls=281560, ndraw=40, logz=-140992.08, remainder_fraction=1.3245%, Lmin=-140982.74, Lmax=-140982.73
15:16:06 [ultranest] [DEBUG] iteration=5320, ncalls=7378, regioncalls=282480, ndraw=40, logz=-140992.08, remainder_fraction=1.2616%, Lmin=-140982.74, Lmax=-140982.73
15:16:06 [ultranest] [DEBUG] iteration=5341, ncalls=7407, regioncalls=283640, ndraw=40, logz=-140992.08, remainder_fraction=1.1957%, Lmin=-140982.74, Lmax=-140982.73
15:16:06 [ultranest] [DEBUG] iteration=5360, ncalls=7430, regioncalls=284560, ndraw=40, logz=-140992.08, remainder_fraction=1.1389%, Lmin=-140982.74, Lmax=-140982.73
15:16:06 [ultranest] [DEBUG] iteration=5384, ncalls=7458, regioncalls=285680, ndraw=40, logz=-140992.08, remainder_fraction=1.0709%, Lmin=-140982.74, Lmax=-140982.73
15:16:06 [ultranest] [DEBUG] iteration=5400, ncalls=7481, regioncalls=286600, ndraw=40, logz=-140992.08, remainder_fraction=1.0279%, Lmin=-140982.74, Lmax=-140982.73
15:16:07 [ultranest] [INFO] Explored until L=-1e+05  
15:16:07 [ultranest] [INFO] Likelihood function evaluations: 7495
15:16:08 [ultranest] [INFO] Writing samples and results to disk ...
15:16:08 [ultranest] [INFO] Writing samples and results to disk ... done
15:16:08 [ultranest] [DEBUG] did a run_iter pass!
15:16:08 [ultranest] [INFO]   logZ = -1.41e+05 +- 0.1254
15:16:08 [ultranest] [INFO] Effective samples strategy satisfied (ESS = 1570.3, need >400)
15:16:08 [ultranest] [INFO] Posterior uncertainty strategy is satisfied (KL: 0.46+-0.06 nat, need <0.50 nat)
15:16:08 [ultranest] [INFO] Evidency uncertainty strategy is satisfied (dlogz=0.13, need <0.5)
15:16:08 [ultranest] [INFO]   logZ error budget: single: 0.15 bs:0.13 tail:0.01 total:0.13 required:<0.50
15:16:08 [ultranest] [INFO] done iterating.
15:16:08 [ultranest] [DEBUG] Making corner plot ...
15:16:08 [ultranest] [DEBUG] Making corner plot ... done
15:16:08 [ultranest] [DEBUG] Making run plot ... 
15:16:09 [ultranest] [DEBUG] Making run plot ... done
15:16:09 [ultranest] [DEBUG] Making trace plot ... 
15:16:10 [ultranest] [DEBUG] Making trace plot ... done
