15:10:38 [ultranest] [DEBUG] ReactiveNestedSampler: dims=3+0, resume=False, log_dir=./phase-analysis/m-values/N16/S24/M16/T030/P02/NF3/sample_rho, backend=hdf5, vectorized=False, nbootstraps=30, ndraw=128..65536
15:10:38 [ultranest] [INFO] Sampling 400 live points from prior ...
15:10:39 [ultranest] [DEBUG] run_iter dlogz=0.5, dKL=0.5, frac_remain=0.01, Lepsilon=0.0010, min_ess=400
15:10:39 [ultranest] [DEBUG] max_iters=-1, max_ncalls=-1, max_num_improvement_loops=-1, min_num_live_points=400, cluster_num_live_points=40
15:10:39 [ultranest] [DEBUG] minimal_widths_sequence: [(-inf, 400.0), (inf, 400.0)]
15:10:39 [ultranest] [DEBUG] Plateau detected at L=-9.044554e+06, not replacing live point.
15:10:39 [ultranest] [DEBUG] Plateau detected at L=-9.044554e+06, not replacing live point.
15:10:39 [ultranest] [DEBUG] Plateau detected at L=-9.044554e+06, not replacing live point.
15:10:39 [ultranest] [DEBUG] Plateau detected at L=-9.044554e+06, not replacing live point.
15:10:39 [ultranest] [DEBUG] Plateau detected at L=-9.044554e+06, not replacing live point.
15:10:39 [ultranest] [DEBUG] Plateau detected at L=-9.044554e+06, not replacing live point.
15:10:39 [ultranest] [DEBUG] Plateau detected at L=-9.044554e+06, not replacing live point.
15:10:39 [ultranest] [DEBUG] Plateau detected at L=-9.044554e+06, not replacing live point.
15:10:39 [ultranest] [DEBUG] Plateau detected at L=-9.044554e+06, not replacing live point.
15:10:39 [ultranest] [DEBUG] Plateau detected at L=-9.044554e+06, not replacing live point.
15:10:39 [ultranest] [DEBUG] Plateau detected at L=-9.044554e+06, not replacing live point.
15:10:39 [ultranest] [DEBUG] Plateau detected at L=-9.044554e+06, not replacing live point.
15:10:39 [ultranest] [DEBUG] Plateau detected at L=-9.044554e+06, not replacing live point.
15:10:39 [ultranest] [DEBUG] Plateau detected at L=-9.044554e+06, not replacing live point.
15:10:39 [ultranest] [DEBUG] Plateau detected at L=-9.044554e+06, not replacing live point.
15:10:39 [ultranest] [DEBUG] Plateau detected at L=-9.044554e+06, not replacing live point.
15:10:39 [ultranest] [DEBUG] Plateau detected at L=-9.044554e+06, not replacing live point.
15:10:39 [ultranest] [DEBUG] Plateau detected at L=-9.044554e+06, not replacing live point.
15:10:39 [ultranest] [DEBUG] Plateau detected at L=-9.044554e+06, not replacing live point.
15:10:39 [ultranest] [DEBUG] Plateau detected at L=-9.044554e+06, not replacing live point.
15:10:39 [ultranest] [DEBUG] Plateau detected at L=-9.044554e+06, not replacing live point.
15:10:39 [ultranest] [DEBUG] Plateau detected at L=-9.044554e+06, not replacing live point.
15:10:39 [ultranest] [DEBUG] Plateau detected at L=-9.044554e+06, not replacing live point.
15:10:39 [ultranest] [DEBUG] Plateau detected at L=-9.044554e+06, not replacing live point.
15:10:39 [ultranest] [DEBUG] Plateau detected at L=-9.044554e+06, not replacing live point.
15:10:39 [ultranest] [DEBUG] Plateau detected at L=-9.044554e+06, not replacing live point.
15:10:39 [ultranest] [DEBUG] Plateau detected at L=-9.044554e+06, not replacing live point.
15:10:39 [ultranest] [DEBUG] Plateau detected at L=-9.044554e+06, not replacing live point.
15:10:39 [ultranest] [DEBUG] Plateau detected at L=-9.044554e+06, not replacing live point.
15:10:39 [ultranest] [DEBUG] Plateau detected at L=-9.044554e+06, not replacing live point.
15:10:39 [ultranest] [DEBUG] Plateau detected at L=-9.044554e+06, not replacing live point.
15:10:39 [ultranest] [DEBUG] Plateau detected at L=-9.044554e+06, not replacing live point.
15:10:39 [ultranest] [DEBUG] Plateau detected at L=-9.044554e+06, not replacing live point.
15:10:39 [ultranest] [DEBUG] Plateau detected at L=-9.044554e+06, not replacing live point.
15:10:39 [ultranest] [DEBUG] Plateau detected at L=-9.044554e+06, not replacing live point.
15:10:39 [ultranest] [DEBUG] Plateau detected at L=-9.044554e+06, not replacing live point.
15:10:39 [ultranest] [DEBUG] Plateau detected at L=-9.044554e+06, not replacing live point.
15:10:39 [ultranest] [DEBUG] Plateau detected at L=-9.044554e+06, not replacing live point.
15:10:39 [ultranest] [DEBUG] Plateau detected at L=-9.044554e+06, not replacing live point.
15:10:39 [ultranest] [DEBUG] Plateau detected at L=-9.044554e+06, not replacing live point.
15:10:39 [ultranest] [DEBUG] Plateau detected at L=-9.044554e+06, not replacing live point.
15:10:39 [ultranest] [DEBUG] Plateau detected at L=-9.044554e+06, not replacing live point.
15:10:39 [ultranest] [DEBUG] Plateau detected at L=-9.044554e+06, not replacing live point.
15:10:39 [ultranest] [DEBUG] iteration=43, ncalls=401, regioncalls=40, ndraw=40, logz=-9044556.48, remainder_fraction=100.0000%, Lmin=-9044554.25, Lmax=-70526.27
15:10:40 [ultranest] [DEBUG] iteration=71, ncalls=440, regioncalls=1600, ndraw=40, logz=-83507.56, remainder_fraction=100.0000%, Lmin=-83341.82, Lmax=-70526.27
15:10:40 [ultranest] [DEBUG] iteration=80, ncalls=451, regioncalls=2040, ndraw=40, logz=-82322.03, remainder_fraction=100.0000%, Lmin=-82315.22, Lmax=-70526.27
15:10:40 [ultranest] [DEBUG] iteration=108, ncalls=489, regioncalls=3560, ndraw=40, logz=-80745.09, remainder_fraction=100.0000%, Lmin=-80684.44, Lmax=-70526.27
15:10:40 [ultranest] [DEBUG] iteration=120, ncalls=504, regioncalls=4160, ndraw=40, logz=-80124.84, remainder_fraction=100.0000%, Lmin=-80086.12, Lmax=-70526.27
15:10:40 [ultranest] [DEBUG] iteration=123, ncalls=508, regioncalls=4320, ndraw=40, logz=-80025.95, remainder_fraction=100.0000%, Lmin=-79955.98, Lmax=-70526.27
15:10:40 [ultranest] [DEBUG] iteration=150, ncalls=547, regioncalls=5880, ndraw=40, logz=-79058.71, remainder_fraction=100.0000%, Lmin=-79030.01, Lmax=-70526.27
15:10:40 [ultranest] [DEBUG] iteration=160, ncalls=564, regioncalls=6560, ndraw=40, logz=-78738.41, remainder_fraction=100.0000%, Lmin=-78723.32, Lmax=-70526.27
15:10:40 [ultranest] [DEBUG] iteration=186, ncalls=605, regioncalls=8200, ndraw=40, logz=-77914.75, remainder_fraction=100.0000%, Lmin=-77884.42, Lmax=-70526.27
15:10:40 [ultranest] [DEBUG] iteration=200, ncalls=622, regioncalls=8880, ndraw=40, logz=-77624.65, remainder_fraction=100.0000%, Lmin=-77609.98, Lmax=-70526.27
15:10:40 [ultranest] [DEBUG] iteration=203, ncalls=627, regioncalls=9080, ndraw=40, logz=-77581.46, remainder_fraction=100.0000%, Lmin=-77570.83, Lmax=-70526.27
15:10:40 [ultranest] [DEBUG] iteration=230, ncalls=665, regioncalls=10600, ndraw=40, logz=-76913.04, remainder_fraction=100.0000%, Lmin=-76880.88, Lmax=-70526.27
15:10:40 [ultranest] [DEBUG] iteration=240, ncalls=679, regioncalls=11160, ndraw=40, logz=-76752.15, remainder_fraction=100.0000%, Lmin=-76736.31, Lmax=-70526.27
15:10:40 [ultranest] [DEBUG] iteration=264, ncalls=721, regioncalls=12840, ndraw=40, logz=-76526.61, remainder_fraction=100.0000%, Lmin=-76513.75, Lmax=-70526.27
15:10:40 [ultranest] [DEBUG] iteration=280, ncalls=746, regioncalls=13840, ndraw=40, logz=-76238.59, remainder_fraction=100.0000%, Lmin=-76194.84, Lmax=-70526.27
15:10:40 [ultranest] [DEBUG] iteration=300, ncalls=784, regioncalls=15360, ndraw=40, logz=-75919.94, remainder_fraction=100.0000%, Lmin=-75878.44, Lmax=-70526.27
15:10:41 [ultranest] [DEBUG] iteration=320, ncalls=816, regioncalls=16640, ndraw=40, logz=-75482.30, remainder_fraction=100.0000%, Lmin=-75475.22, Lmax=-70526.27
15:10:41 [ultranest] [DEBUG] iteration=343, ncalls=858, regioncalls=18320, ndraw=40, logz=-75124.60, remainder_fraction=100.0000%, Lmin=-75111.17, Lmax=-70526.27
15:10:41 [ultranest] [DEBUG] iteration=360, ncalls=895, regioncalls=19800, ndraw=40, logz=-75006.46, remainder_fraction=100.0000%, Lmin=-74991.99, Lmax=-70526.27
15:10:41 [ultranest] [DEBUG] iteration=363, ncalls=907, regioncalls=20280, ndraw=40, logz=-74989.25, remainder_fraction=100.0000%, Lmin=-74979.63, Lmax=-70526.27
15:10:41 [ultranest] [DEBUG] iteration=382, ncalls=949, regioncalls=21960, ndraw=40, logz=-74797.32, remainder_fraction=100.0000%, Lmin=-74790.07, Lmax=-70497.12
15:10:41 [ultranest] [DEBUG] iteration=400, ncalls=978, regioncalls=23120, ndraw=40, logz=-74691.49, remainder_fraction=100.0000%, Lmin=-74681.45, Lmax=-70497.12
15:10:41 [ultranest] [DEBUG] iteration=421, ncalls=1016, regioncalls=24640, ndraw=40, logz=-74512.67, remainder_fraction=100.0000%, Lmin=-74496.74, Lmax=-70497.12
15:10:41 [ultranest] [DEBUG] iteration=440, ncalls=1054, regioncalls=26160, ndraw=40, logz=-74289.36, remainder_fraction=100.0000%, Lmin=-74271.82, Lmax=-70497.12
15:10:41 [ultranest] [DEBUG] iteration=443, ncalls=1057, regioncalls=26280, ndraw=40, logz=-74273.91, remainder_fraction=100.0000%, Lmin=-74243.60, Lmax=-70497.12
15:10:41 [ultranest] [DEBUG] iteration=463, ncalls=1098, regioncalls=27920, ndraw=40, logz=-74152.06, remainder_fraction=100.0000%, Lmin=-74137.29, Lmax=-70497.12
15:10:41 [ultranest] [DEBUG] iteration=480, ncalls=1122, regioncalls=28880, ndraw=40, logz=-73995.22, remainder_fraction=100.0000%, Lmin=-73985.36, Lmax=-70497.12
15:10:41 [ultranest] [DEBUG] iteration=499, ncalls=1164, regioncalls=30560, ndraw=40, logz=-73846.22, remainder_fraction=100.0000%, Lmin=-73827.08, Lmax=-70497.12
15:10:42 [ultranest] [DEBUG] iteration=519, ncalls=1207, regioncalls=32280, ndraw=40, logz=-73697.52, remainder_fraction=100.0000%, Lmin=-73690.01, Lmax=-70497.12
15:10:42 [ultranest] [DEBUG] iteration=520, ncalls=1209, regioncalls=32360, ndraw=40, logz=-73696.73, remainder_fraction=100.0000%, Lmin=-73689.22, Lmax=-70497.12
15:10:42 [ultranest] [DEBUG] iteration=523, ncalls=1214, regioncalls=32560, ndraw=40, logz=-73688.66, remainder_fraction=100.0000%, Lmin=-73669.26, Lmax=-70497.12
15:10:42 [ultranest] [DEBUG] iteration=547, ncalls=1254, regioncalls=34160, ndraw=40, logz=-73564.93, remainder_fraction=100.0000%, Lmin=-73553.85, Lmax=-70497.12
15:10:42 [ultranest] [DEBUG] iteration=560, ncalls=1285, regioncalls=35400, ndraw=40, logz=-73506.85, remainder_fraction=100.0000%, Lmin=-73496.52, Lmax=-70497.12
15:10:42 [ultranest] [DEBUG] iteration=586, ncalls=1325, regioncalls=37000, ndraw=40, logz=-73309.11, remainder_fraction=100.0000%, Lmin=-73284.84, Lmax=-70497.12
15:10:42 [ultranest] [DEBUG] iteration=600, ncalls=1360, regioncalls=38400, ndraw=40, logz=-73241.94, remainder_fraction=100.0000%, Lmin=-73234.11, Lmax=-70497.12
15:10:42 [ultranest] [DEBUG] iteration=603, ncalls=1363, regioncalls=38520, ndraw=40, logz=-73237.27, remainder_fraction=100.0000%, Lmin=-73215.03, Lmax=-70497.12
15:10:42 [ultranest] [DEBUG] iteration=624, ncalls=1404, regioncalls=40160, ndraw=40, logz=-73114.59, remainder_fraction=100.0000%, Lmin=-73105.78, Lmax=-70497.12
15:10:42 [ultranest] [DEBUG] iteration=640, ncalls=1430, regioncalls=41200, ndraw=40, logz=-73028.31, remainder_fraction=100.0000%, Lmin=-73010.71, Lmax=-70497.12
15:10:42 [ultranest] [DEBUG] iteration=661, ncalls=1472, regioncalls=42880, ndraw=40, logz=-72918.53, remainder_fraction=100.0000%, Lmin=-72910.13, Lmax=-70497.12
15:10:42 [ultranest] [DEBUG] iteration=680, ncalls=1512, regioncalls=44480, ndraw=40, logz=-72814.21, remainder_fraction=100.0000%, Lmin=-72784.84, Lmax=-70497.12
15:10:42 [ultranest] [DEBUG] iteration=683, ncalls=1516, regioncalls=44640, ndraw=40, logz=-72783.74, remainder_fraction=100.0000%, Lmin=-72772.41, Lmax=-70497.12
15:10:42 [ultranest] [DEBUG] iteration=709, ncalls=1556, regioncalls=46240, ndraw=40, logz=-72689.26, remainder_fraction=100.0000%, Lmin=-72671.71, Lmax=-70497.12
15:10:42 [ultranest] [DEBUG] iteration=720, ncalls=1574, regioncalls=46960, ndraw=40, logz=-72629.13, remainder_fraction=100.0000%, Lmin=-72616.60, Lmax=-70497.12
15:10:43 [ultranest] [DEBUG] iteration=744, ncalls=1615, regioncalls=48600, ndraw=40, logz=-72518.58, remainder_fraction=100.0000%, Lmin=-72506.51, Lmax=-70497.12
15:10:43 [ultranest] [DEBUG] iteration=760, ncalls=1642, regioncalls=49680, ndraw=40, logz=-72460.62, remainder_fraction=100.0000%, Lmin=-72445.26, Lmax=-70497.12
15:10:43 [ultranest] [DEBUG] iteration=763, ncalls=1645, regioncalls=49800, ndraw=40, logz=-72439.75, remainder_fraction=100.0000%, Lmin=-72425.24, Lmax=-70497.12
15:10:43 [ultranest] [DEBUG] iteration=785, ncalls=1686, regioncalls=51440, ndraw=40, logz=-72338.61, remainder_fraction=100.0000%, Lmin=-72328.55, Lmax=-70497.12
15:10:43 [ultranest] [DEBUG] iteration=800, ncalls=1715, regioncalls=52600, ndraw=40, logz=-72276.72, remainder_fraction=100.0000%, Lmin=-72266.91, Lmax=-70497.12
15:10:43 [ultranest] [DEBUG] iteration=823, ncalls=1760, regioncalls=54400, ndraw=40, logz=-72181.33, remainder_fraction=100.0000%, Lmin=-72170.45, Lmax=-70497.12
15:10:43 [ultranest] [DEBUG] iteration=840, ncalls=1797, regioncalls=55880, ndraw=40, logz=-72125.42, remainder_fraction=100.0000%, Lmin=-72116.53, Lmax=-70497.12
15:10:43 [ultranest] [DEBUG] iteration=843, ncalls=1809, regioncalls=56360, ndraw=40, logz=-72112.88, remainder_fraction=100.0000%, Lmin=-72102.07, Lmax=-70497.12
15:10:43 [ultranest] [DEBUG] iteration=867, ncalls=1851, regioncalls=58040, ndraw=40, logz=-72026.66, remainder_fraction=100.0000%, Lmin=-72016.79, Lmax=-70497.12
15:10:43 [ultranest] [DEBUG] iteration=880, ncalls=1873, regioncalls=58920, ndraw=40, logz=-71970.75, remainder_fraction=100.0000%, Lmin=-71961.80, Lmax=-70497.12
15:10:43 [ultranest] [DEBUG] iteration=900, ncalls=1915, regioncalls=60600, ndraw=40, logz=-71919.73, remainder_fraction=100.0000%, Lmin=-71909.55, Lmax=-70497.12
15:10:43 [ultranest] [DEBUG] iteration=920, ncalls=1951, regioncalls=62040, ndraw=40, logz=-71858.81, remainder_fraction=100.0000%, Lmin=-71848.50, Lmax=-70497.12
15:10:43 [ultranest] [DEBUG] iteration=923, ncalls=1955, regioncalls=62200, ndraw=40, logz=-71854.74, remainder_fraction=100.0000%, Lmin=-71845.60, Lmax=-70497.12
15:10:44 [ultranest] [DEBUG] iteration=948, ncalls=1995, regioncalls=63800, ndraw=40, logz=-71780.65, remainder_fraction=100.0000%, Lmin=-71769.78, Lmax=-70497.12
15:10:44 [ultranest] [DEBUG] iteration=960, ncalls=2014, regioncalls=64560, ndraw=40, logz=-71733.30, remainder_fraction=100.0000%, Lmin=-71725.09, Lmax=-70497.12
15:10:44 [ultranest] [DEBUG] iteration=984, ncalls=2055, regioncalls=66200, ndraw=40, logz=-71665.46, remainder_fraction=100.0000%, Lmin=-71656.28, Lmax=-70497.12
15:10:44 [ultranest] [DEBUG] iteration=1000, ncalls=2092, regioncalls=67720, ndraw=40, logz=-71624.53, remainder_fraction=100.0000%, Lmin=-71612.71, Lmax=-70497.12
15:10:44 [ultranest] [DEBUG] iteration=1003, ncalls=2096, regioncalls=67880, ndraw=40, logz=-71618.32, remainder_fraction=100.0000%, Lmin=-71609.65, Lmax=-70497.12
15:10:44 [ultranest] [DEBUG] iteration=1028, ncalls=2135, regioncalls=69440, ndraw=40, logz=-71570.95, remainder_fraction=100.0000%, Lmin=-71557.54, Lmax=-70497.12
15:10:44 [ultranest] [DEBUG] iteration=1040, ncalls=2155, regioncalls=70280, ndraw=40, logz=-71540.70, remainder_fraction=100.0000%, Lmin=-71530.06, Lmax=-70497.12
15:10:44 [ultranest] [DEBUG] iteration=1064, ncalls=2196, regioncalls=71960, ndraw=40, logz=-71505.01, remainder_fraction=100.0000%, Lmin=-71495.37, Lmax=-70497.12
15:10:44 [ultranest] [DEBUG] iteration=1080, ncalls=2225, regioncalls=73120, ndraw=40, logz=-71479.04, remainder_fraction=100.0000%, Lmin=-71468.63, Lmax=-70497.12
15:10:44 [ultranest] [DEBUG] iteration=1103, ncalls=2262, regioncalls=74600, ndraw=40, logz=-71403.70, remainder_fraction=100.0000%, Lmin=-71394.01, Lmax=-70488.34
15:10:44 [ultranest] [DEBUG] iteration=1120, ncalls=2301, regioncalls=76200, ndraw=40, logz=-71358.92, remainder_fraction=100.0000%, Lmin=-71349.75, Lmax=-70488.34
15:10:44 [ultranest] [DEBUG] iteration=1140, ncalls=2343, regioncalls=77880, ndraw=40, logz=-71317.70, remainder_fraction=100.0000%, Lmin=-71308.30, Lmax=-70488.34
15:10:44 [ultranest] [DEBUG] iteration=1160, ncalls=2388, regioncalls=79680, ndraw=40, logz=-71281.60, remainder_fraction=100.0000%, Lmin=-71271.48, Lmax=-70488.34
15:10:45 [ultranest] [DEBUG] iteration=1163, ncalls=2392, regioncalls=79840, ndraw=40, logz=-71275.88, remainder_fraction=100.0000%, Lmin=-71265.84, Lmax=-70488.34
15:10:45 [ultranest] [DEBUG] iteration=1185, ncalls=2432, regioncalls=81640, ndraw=40, logz=-71237.53, remainder_fraction=100.0000%, Lmin=-71228.50, Lmax=-70480.89
15:10:45 [ultranest] [DEBUG] iteration=1200, ncalls=2452, regioncalls=82480, ndraw=40, logz=-71221.13, remainder_fraction=100.0000%, Lmin=-71210.19, Lmax=-70480.89
15:10:45 [ultranest] [DEBUG] iteration=1221, ncalls=2494, regioncalls=84160, ndraw=40, logz=-71190.02, remainder_fraction=100.0000%, Lmin=-71178.10, Lmax=-70480.89
15:10:45 [ultranest] [DEBUG] iteration=1240, ncalls=2523, regioncalls=85320, ndraw=40, logz=-71163.23, remainder_fraction=100.0000%, Lmin=-71153.74, Lmax=-70480.89
15:10:45 [ultranest] [DEBUG] iteration=1243, ncalls=2527, regioncalls=85480, ndraw=40, logz=-71158.37, remainder_fraction=100.0000%, Lmin=-71146.93, Lmax=-70480.89
15:10:45 [ultranest] [DEBUG] iteration=1267, ncalls=2571, regioncalls=87280, ndraw=40, logz=-71123.18, remainder_fraction=100.0000%, Lmin=-71111.79, Lmax=-70480.89
15:10:45 [ultranest] [DEBUG] iteration=1280, ncalls=2595, regioncalls=88240, ndraw=40, logz=-71104.99, remainder_fraction=100.0000%, Lmin=-71094.06, Lmax=-70480.89
15:10:45 [ultranest] [DEBUG] iteration=1303, ncalls=2636, regioncalls=89880, ndraw=40, logz=-71079.73, remainder_fraction=100.0000%, Lmin=-71067.18, Lmax=-70480.89
15:10:45 [ultranest] [DEBUG] iteration=1320, ncalls=2667, regioncalls=91120, ndraw=40, logz=-71059.77, remainder_fraction=100.0000%, Lmin=-71050.39, Lmax=-70480.89
15:10:45 [ultranest] [DEBUG] iteration=1323, ncalls=2672, regioncalls=91360, ndraw=40, logz=-71057.73, remainder_fraction=100.0000%, Lmin=-71047.86, Lmax=-70480.89
15:10:45 [ultranest] [DEBUG] iteration=1343, ncalls=2716, regioncalls=93160, ndraw=40, logz=-71035.75, remainder_fraction=100.0000%, Lmin=-71022.97, Lmax=-70470.15
15:10:45 [ultranest] [DEBUG] iteration=1360, ncalls=2743, regioncalls=94240, ndraw=40, logz=-71018.18, remainder_fraction=100.0000%, Lmin=-71008.75, Lmax=-70470.15
15:10:46 [ultranest] [DEBUG] iteration=1383, ncalls=2784, regioncalls=95880, ndraw=40, logz=-70998.04, remainder_fraction=100.0000%, Lmin=-70988.04, Lmax=-70470.15
15:10:46 [ultranest] [DEBUG] iteration=1400, ncalls=2806, regioncalls=96760, ndraw=40, logz=-70980.02, remainder_fraction=100.0000%, Lmin=-70971.33, Lmax=-70470.15
15:10:46 [ultranest] [DEBUG] iteration=1415, ncalls=2846, regioncalls=98360, ndraw=40, logz=-70965.86, remainder_fraction=100.0000%, Lmin=-70956.31, Lmax=-70470.15
15:10:46 [ultranest] [DEBUG] iteration=1437, ncalls=2886, regioncalls=99960, ndraw=40, logz=-70947.04, remainder_fraction=100.0000%, Lmin=-70936.00, Lmax=-70470.15
15:10:46 [ultranest] [DEBUG] iteration=1440, ncalls=2892, regioncalls=100200, ndraw=40, logz=-70942.73, remainder_fraction=100.0000%, Lmin=-70932.13, Lmax=-70470.15
15:10:46 [ultranest] [DEBUG] iteration=1459, ncalls=2933, regioncalls=101840, ndraw=40, logz=-70919.25, remainder_fraction=100.0000%, Lmin=-70909.57, Lmax=-70470.15
15:10:46 [ultranest] [DEBUG] iteration=1475, ncalls=2972, regioncalls=103400, ndraw=40, logz=-70908.22, remainder_fraction=100.0000%, Lmin=-70898.93, Lmax=-70470.15
15:10:46 [ultranest] [DEBUG] iteration=1480, ncalls=2983, regioncalls=103840, ndraw=40, logz=-70904.25, remainder_fraction=100.0000%, Lmin=-70894.00, Lmax=-70470.15
15:10:46 [ultranest] [DEBUG] iteration=1483, ncalls=2990, regioncalls=104160, ndraw=40, logz=-70902.24, remainder_fraction=100.0000%, Lmin=-70893.08, Lmax=-70470.15
15:10:46 [ultranest] [DEBUG] iteration=1509, ncalls=3029, regioncalls=105760, ndraw=40, logz=-70872.88, remainder_fraction=100.0000%, Lmin=-70862.60, Lmax=-70470.15
15:10:46 [ultranest] [DEBUG] iteration=1520, ncalls=3044, regioncalls=106360, ndraw=40, logz=-70862.43, remainder_fraction=100.0000%, Lmin=-70851.76, Lmax=-70470.15
15:10:46 [ultranest] [DEBUG] iteration=1541, ncalls=3087, regioncalls=108080, ndraw=40, logz=-70847.79, remainder_fraction=100.0000%, Lmin=-70838.27, Lmax=-70470.15
15:10:46 [ultranest] [DEBUG] iteration=1560, ncalls=3117, regioncalls=109280, ndraw=40, logz=-70831.44, remainder_fraction=100.0000%, Lmin=-70820.53, Lmax=-70470.15
15:10:46 [ultranest] [DEBUG] iteration=1581, ncalls=3154, regioncalls=110760, ndraw=40, logz=-70817.58, remainder_fraction=100.0000%, Lmin=-70807.99, Lmax=-70470.15
15:10:47 [ultranest] [DEBUG] iteration=1597, ncalls=3197, regioncalls=112480, ndraw=40, logz=-70808.86, remainder_fraction=100.0000%, Lmin=-70798.31, Lmax=-70470.15
15:10:47 [ultranest] [DEBUG] iteration=1600, ncalls=3204, regioncalls=112760, ndraw=40, logz=-70805.88, remainder_fraction=100.0000%, Lmin=-70795.44, Lmax=-70470.15
15:10:47 [ultranest] [DEBUG] iteration=1621, ncalls=3246, regioncalls=114440, ndraw=40, logz=-70794.43, remainder_fraction=100.0000%, Lmin=-70780.97, Lmax=-70470.15
15:10:47 [ultranest] [DEBUG] iteration=1640, ncalls=3284, regioncalls=115960, ndraw=40, logz=-70781.75, remainder_fraction=100.0000%, Lmin=-70770.98, Lmax=-70470.15
15:10:47 [ultranest] [DEBUG] iteration=1643, ncalls=3292, regioncalls=116320, ndraw=40, logz=-70779.45, remainder_fraction=100.0000%, Lmin=-70769.25, Lmax=-70470.15
15:10:47 [ultranest] [DEBUG] iteration=1668, ncalls=3331, regioncalls=117880, ndraw=40, logz=-70766.50, remainder_fraction=100.0000%, Lmin=-70757.30, Lmax=-70470.15
15:10:47 [ultranest] [DEBUG] iteration=1680, ncalls=3350, regioncalls=118640, ndraw=40, logz=-70761.81, remainder_fraction=100.0000%, Lmin=-70751.63, Lmax=-70470.15
15:10:47 [ultranest] [DEBUG] iteration=1701, ncalls=3392, regioncalls=120320, ndraw=40, logz=-70754.66, remainder_fraction=100.0000%, Lmin=-70743.61, Lmax=-70470.15
15:10:47 [ultranest] [DEBUG] iteration=1714, ncalls=3420, regioncalls=121440, ndraw=40, logz=-70746.41, remainder_fraction=100.0000%, Lmin=-70735.61, Lmax=-70470.15
15:10:47 [ultranest] [DEBUG] iteration=1720, ncalls=3434, regioncalls=122000, ndraw=40, logz=-70741.86, remainder_fraction=100.0000%, Lmin=-70731.89, Lmax=-70470.15
15:10:47 [ultranest] [DEBUG] iteration=1723, ncalls=3440, regioncalls=122280, ndraw=40, logz=-70740.61, remainder_fraction=100.0000%, Lmin=-70730.16, Lmax=-70470.15
15:10:47 [ultranest] [DEBUG] iteration=1750, ncalls=3484, regioncalls=124040, ndraw=40, logz=-70722.68, remainder_fraction=100.0000%, Lmin=-70712.62, Lmax=-70470.15
15:10:47 [ultranest] [DEBUG] iteration=1760, ncalls=3498, regioncalls=124600, ndraw=40, logz=-70718.82, remainder_fraction=100.0000%, Lmin=-70709.44, Lmax=-70470.15
15:10:47 [ultranest] [DEBUG] iteration=1784, ncalls=3537, regioncalls=126160, ndraw=40, logz=-70706.63, remainder_fraction=100.0000%, Lmin=-70696.46, Lmax=-70470.15
15:10:48 [ultranest] [DEBUG] iteration=1800, ncalls=3564, regioncalls=127240, ndraw=40, logz=-70699.91, remainder_fraction=100.0000%, Lmin=-70689.99, Lmax=-70470.15
15:10:48 [ultranest] [DEBUG] iteration=1803, ncalls=3573, regioncalls=127640, ndraw=40, logz=-70699.14, remainder_fraction=100.0000%, Lmin=-70688.96, Lmax=-70470.15
15:10:48 [ultranest] [DEBUG] iteration=1829, ncalls=3610, regioncalls=129160, ndraw=40, logz=-70687.22, remainder_fraction=100.0000%, Lmin=-70676.89, Lmax=-70470.15
15:10:48 [ultranest] [DEBUG] iteration=1840, ncalls=3624, regioncalls=129720, ndraw=40, logz=-70684.28, remainder_fraction=100.0000%, Lmin=-70675.01, Lmax=-70470.15
15:10:48 [ultranest] [DEBUG] iteration=1867, ncalls=3663, regioncalls=131320, ndraw=40, logz=-70671.27, remainder_fraction=100.0000%, Lmin=-70661.17, Lmax=-70470.15
15:10:48 [ultranest] [DEBUG] iteration=1880, ncalls=3683, regioncalls=132120, ndraw=40, logz=-70664.36, remainder_fraction=100.0000%, Lmin=-70654.08, Lmax=-70470.15
15:10:48 [ultranest] [DEBUG] iteration=1901, ncalls=3722, regioncalls=133680, ndraw=40, logz=-70658.86, remainder_fraction=100.0000%, Lmin=-70648.56, Lmax=-70470.15
15:10:48 [ultranest] [DEBUG] iteration=1920, ncalls=3755, regioncalls=135000, ndraw=40, logz=-70653.17, remainder_fraction=100.0000%, Lmin=-70643.03, Lmax=-70470.15
15:10:48 [ultranest] [DEBUG] iteration=1943, ncalls=3795, regioncalls=136600, ndraw=40, logz=-70644.61, remainder_fraction=100.0000%, Lmin=-70633.93, Lmax=-70470.15
15:10:48 [ultranest] [DEBUG] iteration=1960, ncalls=3832, regioncalls=138080, ndraw=40, logz=-70639.15, remainder_fraction=100.0000%, Lmin=-70628.92, Lmax=-70470.15
15:10:48 [ultranest] [DEBUG] iteration=1963, ncalls=3837, regioncalls=138320, ndraw=40, logz=-70638.30, remainder_fraction=100.0000%, Lmin=-70627.98, Lmax=-70470.15
15:10:48 [ultranest] [DEBUG] iteration=1987, ncalls=3879, regioncalls=140000, ndraw=40, logz=-70628.69, remainder_fraction=100.0000%, Lmin=-70618.50, Lmax=-70470.15
15:10:48 [ultranest] [DEBUG] iteration=2000, ncalls=3899, regioncalls=140800, ndraw=40, logz=-70626.70, remainder_fraction=100.0000%, Lmin=-70616.74, Lmax=-70470.15
15:10:49 [ultranest] [DEBUG] iteration=2026, ncalls=3940, regioncalls=142440, ndraw=40, logz=-70620.64, remainder_fraction=100.0000%, Lmin=-70610.19, Lmax=-70470.15
15:10:49 [ultranest] [DEBUG] iteration=2040, ncalls=3961, regioncalls=143280, ndraw=40, logz=-70617.45, remainder_fraction=100.0000%, Lmin=-70607.36, Lmax=-70470.15
15:10:49 [ultranest] [DEBUG] iteration=2063, ncalls=3999, regioncalls=144800, ndraw=40, logz=-70612.66, remainder_fraction=100.0000%, Lmin=-70602.52, Lmax=-70470.15
15:10:49 [ultranest] [DEBUG] iteration=2080, ncalls=4032, regioncalls=146120, ndraw=40, logz=-70609.18, remainder_fraction=100.0000%, Lmin=-70598.70, Lmax=-70470.15
15:10:49 [ultranest] [DEBUG] iteration=2100, ncalls=4073, regioncalls=147760, ndraw=40, logz=-70603.97, remainder_fraction=100.0000%, Lmin=-70593.22, Lmax=-70470.15
15:10:49 [ultranest] [DEBUG] iteration=2119, ncalls=4114, regioncalls=149400, ndraw=40, logz=-70598.70, remainder_fraction=100.0000%, Lmin=-70588.22, Lmax=-70470.15
15:10:49 [ultranest] [DEBUG] iteration=2120, ncalls=4119, regioncalls=149600, ndraw=40, logz=-70598.46, remainder_fraction=100.0000%, Lmin=-70587.88, Lmax=-70470.15
15:10:49 [ultranest] [DEBUG] iteration=2123, ncalls=4122, regioncalls=149760, ndraw=40, logz=-70597.79, remainder_fraction=100.0000%, Lmin=-70587.59, Lmax=-70470.15
15:10:49 [ultranest] [DEBUG] iteration=2154, ncalls=4159, regioncalls=151240, ndraw=40, logz=-70591.28, remainder_fraction=100.0000%, Lmin=-70579.80, Lmax=-70470.15
15:10:49 [ultranest] [DEBUG] iteration=2160, ncalls=4169, regioncalls=151640, ndraw=40, logz=-70589.35, remainder_fraction=100.0000%, Lmin=-70578.76, Lmax=-70470.15
15:10:49 [ultranest] [DEBUG] iteration=2188, ncalls=4207, regioncalls=153160, ndraw=40, logz=-70583.92, remainder_fraction=100.0000%, Lmin=-70573.60, Lmax=-70470.15
15:10:49 [ultranest] [DEBUG] iteration=2200, ncalls=4227, regioncalls=153960, ndraw=40, logz=-70581.95, remainder_fraction=100.0000%, Lmin=-70571.75, Lmax=-70470.15
15:10:49 [ultranest] [DEBUG] iteration=2225, ncalls=4263, regioncalls=155400, ndraw=40, logz=-70578.11, remainder_fraction=100.0000%, Lmin=-70567.67, Lmax=-70470.15
15:10:49 [ultranest] [DEBUG] iteration=2240, ncalls=4287, regioncalls=156360, ndraw=40, logz=-70576.33, remainder_fraction=100.0000%, Lmin=-70566.23, Lmax=-70470.15
15:10:50 [ultranest] [DEBUG] iteration=2265, ncalls=4328, regioncalls=158000, ndraw=40, logz=-70573.12, remainder_fraction=100.0000%, Lmin=-70562.64, Lmax=-70470.15
15:10:50 [ultranest] [DEBUG] iteration=2280, ncalls=4353, regioncalls=159000, ndraw=40, logz=-70570.74, remainder_fraction=100.0000%, Lmin=-70560.62, Lmax=-70470.15
15:10:50 [ultranest] [DEBUG] iteration=2283, ncalls=4359, regioncalls=159280, ndraw=40, logz=-70570.30, remainder_fraction=100.0000%, Lmin=-70559.78, Lmax=-70470.15
15:10:50 [ultranest] [DEBUG] iteration=2311, ncalls=4397, regioncalls=160840, ndraw=40, logz=-70566.55, remainder_fraction=100.0000%, Lmin=-70556.06, Lmax=-70470.15
15:10:50 [ultranest] [DEBUG] iteration=2320, ncalls=4407, regioncalls=161240, ndraw=40, logz=-70565.16, remainder_fraction=100.0000%, Lmin=-70554.67, Lmax=-70470.15
15:10:50 [ultranest] [DEBUG] iteration=2342, ncalls=4447, regioncalls=162840, ndraw=40, logz=-70561.56, remainder_fraction=100.0000%, Lmin=-70551.12, Lmax=-70470.15
15:10:50 [ultranest] [DEBUG] iteration=2360, ncalls=4475, regioncalls=163960, ndraw=40, logz=-70557.74, remainder_fraction=100.0000%, Lmin=-70546.87, Lmax=-70470.15
15:10:50 [ultranest] [DEBUG] iteration=2363, ncalls=4479, regioncalls=164160, ndraw=40, logz=-70557.20, remainder_fraction=100.0000%, Lmin=-70546.49, Lmax=-70470.15
15:10:50 [ultranest] [DEBUG] iteration=2392, ncalls=4518, regioncalls=165720, ndraw=40, logz=-70553.72, remainder_fraction=100.0000%, Lmin=-70543.51, Lmax=-70470.15
15:10:50 [ultranest] [DEBUG] iteration=2400, ncalls=4532, regioncalls=166280, ndraw=40, logz=-70552.99, remainder_fraction=100.0000%, Lmin=-70542.72, Lmax=-70470.15
15:10:50 [ultranest] [DEBUG] iteration=2425, ncalls=4573, regioncalls=167920, ndraw=40, logz=-70550.30, remainder_fraction=100.0000%, Lmin=-70539.54, Lmax=-70470.15
15:10:50 [ultranest] [DEBUG] iteration=2440, ncalls=4594, regioncalls=168760, ndraw=40, logz=-70548.37, remainder_fraction=100.0000%, Lmin=-70537.67, Lmax=-70470.15
15:10:50 [ultranest] [DEBUG] iteration=2459, ncalls=4632, regioncalls=170280, ndraw=40, logz=-70545.88, remainder_fraction=100.0000%, Lmin=-70535.08, Lmax=-70470.15
15:10:50 [ultranest] [DEBUG] iteration=2480, ncalls=4664, regioncalls=171560, ndraw=40, logz=-70543.54, remainder_fraction=100.0000%, Lmin=-70532.77, Lmax=-70470.15
15:10:51 [ultranest] [DEBUG] iteration=2503, ncalls=4705, regioncalls=173200, ndraw=40, logz=-70541.09, remainder_fraction=100.0000%, Lmin=-70530.54, Lmax=-70470.15
15:10:51 [ultranest] [DEBUG] iteration=2520, ncalls=4729, regioncalls=174160, ndraw=40, logz=-70539.40, remainder_fraction=100.0000%, Lmin=-70528.67, Lmax=-70470.15
15:10:51 [ultranest] [DEBUG] iteration=2539, ncalls=4768, regioncalls=175720, ndraw=40, logz=-70537.61, remainder_fraction=100.0000%, Lmin=-70526.75, Lmax=-70470.15
15:10:51 [ultranest] [DEBUG] iteration=2560, ncalls=4811, regioncalls=177440, ndraw=40, logz=-70535.54, remainder_fraction=100.0000%, Lmin=-70524.62, Lmax=-70470.15
15:10:51 [ultranest] [DEBUG] iteration=2577, ncalls=4853, regioncalls=179120, ndraw=40, logz=-70533.84, remainder_fraction=100.0000%, Lmin=-70523.23, Lmax=-70470.15
15:10:51 [ultranest] [DEBUG] iteration=2594, ncalls=4892, regioncalls=180680, ndraw=40, logz=-70532.36, remainder_fraction=100.0000%, Lmin=-70521.57, Lmax=-70470.15
15:10:51 [ultranest] [DEBUG] iteration=2600, ncalls=4900, regioncalls=181000, ndraw=40, logz=-70531.87, remainder_fraction=100.0000%, Lmin=-70520.99, Lmax=-70470.15
15:10:51 [ultranest] [DEBUG] iteration=2603, ncalls=4903, regioncalls=181160, ndraw=40, logz=-70531.57, remainder_fraction=100.0000%, Lmin=-70520.76, Lmax=-70470.15
15:10:51 [ultranest] [DEBUG] iteration=2623, ncalls=4944, regioncalls=182800, ndraw=40, logz=-70529.86, remainder_fraction=100.0000%, Lmin=-70519.26, Lmax=-70470.15
15:10:51 [ultranest] [DEBUG] iteration=2640, ncalls=4971, regioncalls=183880, ndraw=40, logz=-70528.58, remainder_fraction=100.0000%, Lmin=-70518.04, Lmax=-70470.15
15:10:51 [ultranest] [DEBUG] iteration=2660, ncalls=5013, regioncalls=185560, ndraw=40, logz=-70526.95, remainder_fraction=100.0000%, Lmin=-70516.00, Lmax=-70470.15
15:10:51 [ultranest] [DEBUG] iteration=2680, ncalls=5052, regioncalls=187120, ndraw=40, logz=-70524.91, remainder_fraction=100.0000%, Lmin=-70513.80, Lmax=-70470.15
15:10:51 [ultranest] [DEBUG] iteration=2683, ncalls=5057, regioncalls=187400, ndraw=40, logz=-70524.63, remainder_fraction=100.0000%, Lmin=-70513.72, Lmax=-70470.15
15:10:52 [ultranest] [DEBUG] iteration=2708, ncalls=5097, regioncalls=189000, ndraw=40, logz=-70522.61, remainder_fraction=100.0000%, Lmin=-70511.49, Lmax=-70470.15
15:10:52 [ultranest] [DEBUG] iteration=2720, ncalls=5118, regioncalls=189840, ndraw=40, logz=-70521.73, remainder_fraction=100.0000%, Lmin=-70510.92, Lmax=-70470.15
15:10:52 [ultranest] [DEBUG] iteration=2745, ncalls=5158, regioncalls=191440, ndraw=40, logz=-70520.23, remainder_fraction=100.0000%, Lmin=-70509.04, Lmax=-70470.15
15:10:52 [ultranest] [DEBUG] iteration=2760, ncalls=5190, regioncalls=192720, ndraw=40, logz=-70518.90, remainder_fraction=100.0000%, Lmin=-70507.75, Lmax=-70470.15
15:10:52 [ultranest] [DEBUG] iteration=2763, ncalls=5195, regioncalls=192960, ndraw=40, logz=-70518.66, remainder_fraction=100.0000%, Lmin=-70507.39, Lmax=-70470.15
15:10:52 [ultranest] [DEBUG] iteration=2793, ncalls=5232, regioncalls=194480, ndraw=40, logz=-70516.48, remainder_fraction=100.0000%, Lmin=-70505.34, Lmax=-70470.15
15:10:52 [ultranest] [DEBUG] iteration=2800, ncalls=5243, regioncalls=194920, ndraw=40, logz=-70515.93, remainder_fraction=100.0000%, Lmin=-70504.68, Lmax=-70470.15
15:10:52 [ultranest] [DEBUG] iteration=2824, ncalls=5285, regioncalls=196600, ndraw=40, logz=-70513.93, remainder_fraction=100.0000%, Lmin=-70502.56, Lmax=-70470.15
15:10:52 [ultranest] [DEBUG] iteration=2840, ncalls=5312, regioncalls=197680, ndraw=40, logz=-70512.67, remainder_fraction=100.0000%, Lmin=-70501.67, Lmax=-70470.15
15:10:52 [ultranest] [DEBUG] iteration=2843, ncalls=5316, regioncalls=197880, ndraw=40, logz=-70512.49, remainder_fraction=100.0000%, Lmin=-70501.49, Lmax=-70470.15
15:10:52 [ultranest] [DEBUG] iteration=2871, ncalls=5358, regioncalls=199560, ndraw=40, logz=-70510.98, remainder_fraction=100.0000%, Lmin=-70499.82, Lmax=-70470.15
15:10:52 [ultranest] [DEBUG] iteration=2880, ncalls=5372, regioncalls=200120, ndraw=40, logz=-70510.37, remainder_fraction=100.0000%, Lmin=-70499.12, Lmax=-70470.15
15:10:52 [ultranest] [DEBUG] iteration=2903, ncalls=5413, regioncalls=201760, ndraw=40, logz=-70508.64, remainder_fraction=100.0000%, Lmin=-70497.27, Lmax=-70470.15
15:10:52 [ultranest] [DEBUG] iteration=2920, ncalls=5447, regioncalls=203120, ndraw=40, logz=-70507.70, remainder_fraction=100.0000%, Lmin=-70496.60, Lmax=-70470.15
15:10:52 [ultranest] [DEBUG] iteration=2923, ncalls=5452, regioncalls=203360, ndraw=40, logz=-70507.55, remainder_fraction=100.0000%, Lmin=-70496.44, Lmax=-70470.15
15:10:53 [ultranest] [DEBUG] iteration=2949, ncalls=5492, regioncalls=204960, ndraw=40, logz=-70506.32, remainder_fraction=100.0000%, Lmin=-70495.25, Lmax=-70470.15
15:10:53 [ultranest] [DEBUG] iteration=2960, ncalls=5508, regioncalls=205600, ndraw=40, logz=-70505.86, remainder_fraction=100.0000%, Lmin=-70494.92, Lmax=-70470.15
15:10:53 [ultranest] [DEBUG] iteration=2988, ncalls=5547, regioncalls=207160, ndraw=40, logz=-70504.79, remainder_fraction=100.0000%, Lmin=-70493.82, Lmax=-70470.15
15:10:53 [ultranest] [DEBUG] iteration=3000, ncalls=5571, regioncalls=208120, ndraw=40, logz=-70504.36, remainder_fraction=100.0000%, Lmin=-70493.36, Lmax=-70470.15
15:10:53 [ultranest] [DEBUG] iteration=3024, ncalls=5608, regioncalls=209600, ndraw=40, logz=-70503.51, remainder_fraction=100.0000%, Lmin=-70492.36, Lmax=-70470.15
15:10:53 [ultranest] [DEBUG] iteration=3040, ncalls=5628, regioncalls=210400, ndraw=40, logz=-70502.91, remainder_fraction=100.0000%, Lmin=-70491.87, Lmax=-70470.15
15:10:53 [ultranest] [DEBUG] iteration=3064, ncalls=5668, regioncalls=212000, ndraw=40, logz=-70502.13, remainder_fraction=100.0000%, Lmin=-70491.16, Lmax=-70470.15
15:10:53 [ultranest] [DEBUG] iteration=3080, ncalls=5695, regioncalls=213080, ndraw=40, logz=-70501.65, remainder_fraction=100.0000%, Lmin=-70490.64, Lmax=-70470.15
15:10:53 [ultranest] [DEBUG] iteration=3083, ncalls=5698, regioncalls=213240, ndraw=40, logz=-70501.55, remainder_fraction=100.0000%, Lmin=-70490.39, Lmax=-70470.15
15:10:53 [ultranest] [DEBUG] iteration=3110, ncalls=5737, regioncalls=214800, ndraw=40, logz=-70500.68, remainder_fraction=100.0000%, Lmin=-70489.42, Lmax=-70470.15
15:10:53 [ultranest] [DEBUG] iteration=3120, ncalls=5750, regioncalls=215320, ndraw=40, logz=-70500.35, remainder_fraction=100.0000%, Lmin=-70489.19, Lmax=-70470.15
15:10:53 [ultranest] [DEBUG] iteration=3146, ncalls=5789, regioncalls=216880, ndraw=40, logz=-70499.53, remainder_fraction=100.0000%, Lmin=-70488.25, Lmax=-70470.15
15:10:53 [ultranest] [DEBUG] iteration=3160, ncalls=5807, regioncalls=217600, ndraw=40, logz=-70499.05, remainder_fraction=100.0000%, Lmin=-70487.60, Lmax=-70470.15
15:10:54 [ultranest] [DEBUG] iteration=3185, ncalls=5847, regioncalls=219200, ndraw=40, logz=-70498.23, remainder_fraction=100.0000%, Lmin=-70486.98, Lmax=-70470.15
15:10:54 [ultranest] [DEBUG] iteration=3200, ncalls=5869, regioncalls=220080, ndraw=40, logz=-70497.81, remainder_fraction=100.0000%, Lmin=-70486.51, Lmax=-70470.15
15:10:54 [ultranest] [DEBUG] iteration=3223, ncalls=5909, regioncalls=221680, ndraw=40, logz=-70497.16, remainder_fraction=100.0000%, Lmin=-70485.78, Lmax=-70470.15
15:10:54 [ultranest] [DEBUG] iteration=3240, ncalls=5940, regioncalls=222920, ndraw=40, logz=-70496.71, remainder_fraction=99.9999%, Lmin=-70485.38, Lmax=-70470.15
15:10:54 [ultranest] [DEBUG] iteration=3243, ncalls=5943, regioncalls=223080, ndraw=40, logz=-70496.63, remainder_fraction=99.9999%, Lmin=-70485.33, Lmax=-70470.15
15:10:54 [ultranest] [DEBUG] iteration=3271, ncalls=5982, regioncalls=224640, ndraw=40, logz=-70495.91, remainder_fraction=99.9998%, Lmin=-70484.44, Lmax=-70470.15
15:10:54 [ultranest] [DEBUG] iteration=3280, ncalls=5995, regioncalls=225160, ndraw=40, logz=-70495.66, remainder_fraction=99.9998%, Lmin=-70484.29, Lmax=-70470.15
15:10:54 [ultranest] [DEBUG] iteration=3300, ncalls=6037, regioncalls=226840, ndraw=40, logz=-70495.15, remainder_fraction=99.9996%, Lmin=-70483.73, Lmax=-70470.15
15:10:54 [ultranest] [DEBUG] iteration=3319, ncalls=6079, regioncalls=228520, ndraw=40, logz=-70494.68, remainder_fraction=99.9994%, Lmin=-70483.27, Lmax=-70470.15
15:10:54 [ultranest] [DEBUG] iteration=3320, ncalls=6081, regioncalls=228600, ndraw=40, logz=-70494.66, remainder_fraction=99.9993%, Lmin=-70483.26, Lmax=-70470.15
15:10:54 [ultranest] [DEBUG] iteration=3323, ncalls=6085, regioncalls=228800, ndraw=40, logz=-70494.59, remainder_fraction=99.9993%, Lmin=-70483.16, Lmax=-70470.15
15:10:54 [ultranest] [DEBUG] iteration=3347, ncalls=6127, regioncalls=230480, ndraw=40, logz=-70493.99, remainder_fraction=99.9988%, Lmin=-70482.53, Lmax=-70470.11
15:10:54 [ultranest] [DEBUG] iteration=3360, ncalls=6146, regioncalls=231240, ndraw=40, logz=-70493.71, remainder_fraction=99.9984%, Lmin=-70482.21, Lmax=-70470.11
15:10:54 [ultranest] [DEBUG] iteration=3388, ncalls=6184, regioncalls=232760, ndraw=40, logz=-70493.13, remainder_fraction=99.9970%, Lmin=-70481.68, Lmax=-70470.11
15:10:54 [ultranest] [DEBUG] iteration=3400, ncalls=6204, regioncalls=233560, ndraw=40, logz=-70492.89, remainder_fraction=99.9961%, Lmin=-70481.38, Lmax=-70470.11
15:10:54 [ultranest] [DEBUG] iteration=3403, ncalls=6209, regioncalls=233880, ndraw=40, logz=-70492.83, remainder_fraction=99.9959%, Lmin=-70481.34, Lmax=-70470.11
15:10:55 [ultranest] [DEBUG] iteration=3429, ncalls=6248, regioncalls=235440, ndraw=40, logz=-70492.33, remainder_fraction=99.9933%, Lmin=-70480.83, Lmax=-70470.11
15:10:55 [ultranest] [DEBUG] iteration=3440, ncalls=6267, regioncalls=236200, ndraw=40, logz=-70492.12, remainder_fraction=99.9915%, Lmin=-70480.57, Lmax=-70470.11
15:10:55 [ultranest] [DEBUG] iteration=3463, ncalls=6308, regioncalls=237840, ndraw=40, logz=-70491.68, remainder_fraction=99.9873%, Lmin=-70480.00, Lmax=-70470.11
15:10:55 [ultranest] [DEBUG] iteration=3480, ncalls=6336, regioncalls=238960, ndraw=40, logz=-70491.36, remainder_fraction=99.9828%, Lmin=-70479.62, Lmax=-70470.11
15:10:55 [ultranest] [DEBUG] iteration=3483, ncalls=6340, regioncalls=239160, ndraw=40, logz=-70491.29, remainder_fraction=99.9818%, Lmin=-70479.57, Lmax=-70470.11
15:10:55 [ultranest] [DEBUG] iteration=3511, ncalls=6379, regioncalls=240720, ndraw=40, logz=-70490.72, remainder_fraction=99.9659%, Lmin=-70478.87, Lmax=-70470.11
15:10:55 [ultranest] [DEBUG] iteration=3520, ncalls=6392, regioncalls=241240, ndraw=40, logz=-70490.54, remainder_fraction=99.9587%, Lmin=-70478.74, Lmax=-70470.11
15:10:55 [ultranest] [DEBUG] iteration=3544, ncalls=6433, regioncalls=242880, ndraw=40, logz=-70490.11, remainder_fraction=99.9364%, Lmin=-70478.43, Lmax=-70470.11
15:10:55 [ultranest] [DEBUG] iteration=3560, ncalls=6463, regioncalls=244080, ndraw=40, logz=-70489.85, remainder_fraction=99.9188%, Lmin=-70478.13, Lmax=-70470.11
15:10:55 [ultranest] [DEBUG] iteration=3563, ncalls=6468, regioncalls=244360, ndraw=40, logz=-70489.80, remainder_fraction=99.9143%, Lmin=-70478.08, Lmax=-70470.11
15:10:55 [ultranest] [DEBUG] iteration=3594, ncalls=6505, regioncalls=245840, ndraw=40, logz=-70489.29, remainder_fraction=99.8644%, Lmin=-70477.52, Lmax=-70470.04
15:10:55 [ultranest] [DEBUG] iteration=3600, ncalls=6514, regioncalls=246200, ndraw=40, logz=-70489.20, remainder_fraction=99.8498%, Lmin=-70477.43, Lmax=-70470.04
15:10:55 [ultranest] [DEBUG] iteration=3624, ncalls=6554, regioncalls=247800, ndraw=40, logz=-70488.85, remainder_fraction=99.7946%, Lmin=-70477.09, Lmax=-70470.04
15:10:55 [ultranest] [DEBUG] iteration=3640, ncalls=6577, regioncalls=248720, ndraw=40, logz=-70488.64, remainder_fraction=99.7411%, Lmin=-70476.89, Lmax=-70470.04
15:10:55 [ultranest] [DEBUG] iteration=3643, ncalls=6580, regioncalls=248880, ndraw=40, logz=-70488.60, remainder_fraction=99.7316%, Lmin=-70476.86, Lmax=-70470.04
15:10:56 [ultranest] [DEBUG] iteration=3671, ncalls=6619, regioncalls=250440, ndraw=40, logz=-70488.25, remainder_fraction=99.6254%, Lmin=-70476.56, Lmax=-70470.04
15:10:56 [ultranest] [DEBUG] iteration=3680, ncalls=6630, regioncalls=250880, ndraw=40, logz=-70488.15, remainder_fraction=99.5805%, Lmin=-70476.40, Lmax=-70470.04
15:10:56 [ultranest] [DEBUG] iteration=3703, ncalls=6670, regioncalls=252480, ndraw=40, logz=-70487.88, remainder_fraction=99.4456%, Lmin=-70476.12, Lmax=-70470.04
15:10:56 [ultranest] [DEBUG] iteration=3720, ncalls=6697, regioncalls=253560, ndraw=40, logz=-70487.69, remainder_fraction=99.3167%, Lmin=-70475.89, Lmax=-70470.04
15:10:56 [ultranest] [DEBUG] iteration=3723, ncalls=6700, regioncalls=253720, ndraw=40, logz=-70487.66, remainder_fraction=99.2991%, Lmin=-70475.87, Lmax=-70470.04
15:10:56 [ultranest] [DEBUG] iteration=3747, ncalls=6739, regioncalls=255360, ndraw=40, logz=-70487.41, remainder_fraction=99.1099%, Lmin=-70475.58, Lmax=-70470.04
15:10:56 [ultranest] [DEBUG] iteration=3760, ncalls=6755, regioncalls=256000, ndraw=40, logz=-70487.27, remainder_fraction=98.9796%, Lmin=-70475.49, Lmax=-70470.04
15:10:56 [ultranest] [DEBUG] iteration=3787, ncalls=6793, regioncalls=257520, ndraw=40, logz=-70487.02, remainder_fraction=98.7121%, Lmin=-70475.26, Lmax=-70470.04
15:10:56 [ultranest] [DEBUG] iteration=3800, ncalls=6816, regioncalls=258440, ndraw=40, logz=-70486.90, remainder_fraction=98.5616%, Lmin=-70475.07, Lmax=-70470.04
15:10:56 [ultranest] [DEBUG] iteration=3803, ncalls=6819, regioncalls=258600, ndraw=40, logz=-70486.88, remainder_fraction=98.5155%, Lmin=-70475.04, Lmax=-70470.04
15:10:56 [ultranest] [DEBUG] iteration=3832, ncalls=6858, regioncalls=260160, ndraw=40, logz=-70486.62, remainder_fraction=98.0627%, Lmin=-70474.76, Lmax=-70470.04
15:10:56 [ultranest] [DEBUG] iteration=3840, ncalls=6875, regioncalls=260840, ndraw=40, logz=-70486.55, remainder_fraction=97.9118%, Lmin=-70474.70, Lmax=-70470.04
15:10:56 [ultranest] [DEBUG] iteration=3866, ncalls=6914, regioncalls=262400, ndraw=40, logz=-70486.34, remainder_fraction=97.4365%, Lmin=-70474.48, Lmax=-70470.04
15:10:56 [ultranest] [DEBUG] iteration=3880, ncalls=6936, regioncalls=263280, ndraw=40, logz=-70486.23, remainder_fraction=97.0868%, Lmin=-70474.34, Lmax=-70470.04
15:10:56 [ultranest] [DEBUG] iteration=3883, ncalls=6944, regioncalls=263680, ndraw=40, logz=-70486.21, remainder_fraction=97.0070%, Lmin=-70474.30, Lmax=-70470.04
15:10:57 [ultranest] [DEBUG] iteration=3911, ncalls=6981, regioncalls=265160, ndraw=40, logz=-70486.00, remainder_fraction=96.2637%, Lmin=-70474.16, Lmax=-70470.04
15:10:57 [ultranest] [DEBUG] iteration=3920, ncalls=6994, regioncalls=265680, ndraw=40, logz=-70485.94, remainder_fraction=96.0717%, Lmin=-70474.08, Lmax=-70470.04
15:10:57 [ultranest] [DEBUG] iteration=3945, ncalls=7036, regioncalls=267360, ndraw=40, logz=-70485.78, remainder_fraction=95.3325%, Lmin=-70473.86, Lmax=-70470.04
15:10:57 [ultranest] [DEBUG] iteration=3960, ncalls=7064, regioncalls=268480, ndraw=40, logz=-70485.68, remainder_fraction=94.8369%, Lmin=-70473.77, Lmax=-70470.04
15:10:57 [ultranest] [DEBUG] iteration=3982, ncalls=7101, regioncalls=269960, ndraw=40, logz=-70485.54, remainder_fraction=94.0774%, Lmin=-70473.63, Lmax=-70470.04
15:10:57 [ultranest] [DEBUG] iteration=4000, ncalls=7129, regioncalls=271080, ndraw=40, logz=-70485.44, remainder_fraction=93.3597%, Lmin=-70473.54, Lmax=-70470.04
15:10:57 [ultranest] [DEBUG] iteration=4017, ncalls=7173, regioncalls=272840, ndraw=40, logz=-70485.35, remainder_fraction=92.6508%, Lmin=-70473.46, Lmax=-70470.04
15:10:57 [ultranest] [DEBUG] iteration=4040, ncalls=7209, regioncalls=274280, ndraw=40, logz=-70485.23, remainder_fraction=91.8815%, Lmin=-70473.31, Lmax=-70470.04
15:10:57 [ultranest] [DEBUG] iteration=4043, ncalls=7215, regioncalls=274560, ndraw=40, logz=-70485.21, remainder_fraction=91.7342%, Lmin=-70473.30, Lmax=-70470.04
15:10:57 [ultranest] [DEBUG] iteration=4072, ncalls=7254, regioncalls=276120, ndraw=40, logz=-70485.07, remainder_fraction=90.3380%, Lmin=-70473.14, Lmax=-70470.04
15:10:57 [ultranest] [DEBUG] iteration=4080, ncalls=7266, regioncalls=276600, ndraw=40, logz=-70485.03, remainder_fraction=89.9462%, Lmin=-70473.03, Lmax=-70470.04
15:10:57 [ultranest] [DEBUG] iteration=4108, ncalls=7304, regioncalls=278120, ndraw=40, logz=-70484.90, remainder_fraction=88.4154%, Lmin=-70472.89, Lmax=-70470.04
15:10:57 [ultranest] [DEBUG] iteration=4120, ncalls=7330, regioncalls=279160, ndraw=40, logz=-70484.84, remainder_fraction=87.6261%, Lmin=-70472.81, Lmax=-70470.04
15:10:57 [ultranest] [DEBUG] iteration=4123, ncalls=7335, regioncalls=279400, ndraw=40, logz=-70484.83, remainder_fraction=87.4002%, Lmin=-70472.79, Lmax=-70470.04
15:10:58 [ultranest] [DEBUG] iteration=4150, ncalls=7374, regioncalls=280960, ndraw=40, logz=-70484.71, remainder_fraction=85.6072%, Lmin=-70472.68, Lmax=-70470.04
15:10:58 [ultranest] [DEBUG] iteration=4160, ncalls=7389, regioncalls=281560, ndraw=40, logz=-70484.67, remainder_fraction=84.9023%, Lmin=-70472.64, Lmax=-70470.04
15:10:58 [ultranest] [DEBUG] iteration=4190, ncalls=7427, regioncalls=283080, ndraw=40, logz=-70484.55, remainder_fraction=82.8557%, Lmin=-70472.50, Lmax=-70470.04
15:10:58 [ultranest] [DEBUG] iteration=4200, ncalls=7440, regioncalls=283600, ndraw=40, logz=-70484.51, remainder_fraction=82.2838%, Lmin=-70472.45, Lmax=-70470.04
15:10:58 [ultranest] [DEBUG] iteration=4203, ncalls=7444, regioncalls=283840, ndraw=40, logz=-70484.50, remainder_fraction=82.0414%, Lmin=-70472.40, Lmax=-70470.04
15:10:58 [ultranest] [DEBUG] iteration=4232, ncalls=7481, regioncalls=285400, ndraw=40, logz=-70484.39, remainder_fraction=80.0600%, Lmin=-70472.27, Lmax=-70470.04
15:10:58 [ultranest] [DEBUG] iteration=4240, ncalls=7494, regioncalls=285920, ndraw=40, logz=-70484.36, remainder_fraction=79.5268%, Lmin=-70472.24, Lmax=-70470.04
15:10:58 [ultranest] [DEBUG] iteration=4264, ncalls=7533, regioncalls=287480, ndraw=40, logz=-70484.28, remainder_fraction=77.7416%, Lmin=-70472.14, Lmax=-70470.04
15:10:58 [ultranest] [DEBUG] iteration=4280, ncalls=7562, regioncalls=288640, ndraw=40, logz=-70484.22, remainder_fraction=76.5368%, Lmin=-70472.07, Lmax=-70470.04
15:10:58 [ultranest] [DEBUG] iteration=4283, ncalls=7570, regioncalls=289000, ndraw=40, logz=-70484.21, remainder_fraction=76.2376%, Lmin=-70472.07, Lmax=-70470.04
15:10:58 [ultranest] [DEBUG] iteration=4308, ncalls=7608, regioncalls=290520, ndraw=40, logz=-70484.13, remainder_fraction=74.2312%, Lmin=-70471.99, Lmax=-70470.04
15:10:58 [ultranest] [DEBUG] iteration=4320, ncalls=7628, regioncalls=291320, ndraw=40, logz=-70484.10, remainder_fraction=73.2152%, Lmin=-70471.95, Lmax=-70470.04
15:10:58 [ultranest] [DEBUG] iteration=4345, ncalls=7670, regioncalls=293000, ndraw=40, logz=-70484.02, remainder_fraction=71.4270%, Lmin=-70471.85, Lmax=-70470.02
15:10:58 [ultranest] [DEBUG] iteration=4360, ncalls=7698, regioncalls=294120, ndraw=40, logz=-70483.98, remainder_fraction=70.3086%, Lmin=-70471.79, Lmax=-70470.02
15:10:58 [ultranest] [DEBUG] iteration=4386, ncalls=7734, regioncalls=295560, ndraw=40, logz=-70483.91, remainder_fraction=68.1779%, Lmin=-70471.69, Lmax=-70470.02
15:10:59 [ultranest] [DEBUG] iteration=4400, ncalls=7758, regioncalls=296520, ndraw=40, logz=-70483.88, remainder_fraction=66.9571%, Lmin=-70471.65, Lmax=-70470.02
15:10:59 [ultranest] [DEBUG] iteration=4420, ncalls=7801, regioncalls=298240, ndraw=40, logz=-70483.82, remainder_fraction=65.5088%, Lmin=-70471.56, Lmax=-70470.02
15:10:59 [ultranest] [DEBUG] iteration=4440, ncalls=7844, regioncalls=299960, ndraw=40, logz=-70483.78, remainder_fraction=63.6707%, Lmin=-70471.50, Lmax=-70470.02
15:10:59 [ultranest] [DEBUG] iteration=4457, ncalls=7883, regioncalls=301520, ndraw=40, logz=-70483.74, remainder_fraction=62.0361%, Lmin=-70471.46, Lmax=-70470.02
15:10:59 [ultranest] [DEBUG] iteration=4474, ncalls=7925, regioncalls=303200, ndraw=40, logz=-70483.70, remainder_fraction=60.5000%, Lmin=-70471.42, Lmax=-70470.02
15:10:59 [ultranest] [DEBUG] iteration=4480, ncalls=7939, regioncalls=303760, ndraw=40, logz=-70483.69, remainder_fraction=59.8955%, Lmin=-70471.40, Lmax=-70470.02
15:10:59 [ultranest] [DEBUG] iteration=4499, ncalls=7982, regioncalls=305480, ndraw=40, logz=-70483.65, remainder_fraction=58.2656%, Lmin=-70471.34, Lmax=-70470.02
15:10:59 [ultranest] [DEBUG] iteration=4519, ncalls=8024, regioncalls=307160, ndraw=40, logz=-70483.60, remainder_fraction=56.5433%, Lmin=-70471.30, Lmax=-70470.02
15:10:59 [ultranest] [DEBUG] iteration=4520, ncalls=8025, regioncalls=307200, ndraw=40, logz=-70483.60, remainder_fraction=56.4905%, Lmin=-70471.30, Lmax=-70470.02
15:10:59 [ultranest] [DEBUG] iteration=4523, ncalls=8030, regioncalls=307440, ndraw=40, logz=-70483.60, remainder_fraction=56.2580%, Lmin=-70471.29, Lmax=-70470.02
15:10:59 [ultranest] [DEBUG] iteration=4547, ncalls=8069, regioncalls=309000, ndraw=40, logz=-70483.55, remainder_fraction=54.2477%, Lmin=-70471.22, Lmax=-70470.02
15:10:59 [ultranest] [DEBUG] iteration=4560, ncalls=8091, regioncalls=309880, ndraw=40, logz=-70483.53, remainder_fraction=53.1284%, Lmin=-70471.18, Lmax=-70470.02
15:10:59 [ultranest] [DEBUG] iteration=4587, ncalls=8130, regioncalls=311440, ndraw=40, logz=-70483.48, remainder_fraction=50.8619%, Lmin=-70471.10, Lmax=-70470.02
15:11:00 [ultranest] [DEBUG] iteration=4600, ncalls=8147, regioncalls=312120, ndraw=40, logz=-70483.46, remainder_fraction=49.7674%, Lmin=-70471.08, Lmax=-70470.02
15:11:00 [ultranest] [DEBUG] iteration=4603, ncalls=8151, regioncalls=312320, ndraw=40, logz=-70483.45, remainder_fraction=49.5217%, Lmin=-70471.08, Lmax=-70470.02
15:11:00 [ultranest] [DEBUG] iteration=4629, ncalls=8189, regioncalls=313840, ndraw=40, logz=-70483.41, remainder_fraction=47.3177%, Lmin=-70471.00, Lmax=-70470.01
15:11:00 [ultranest] [DEBUG] iteration=4640, ncalls=8203, regioncalls=314400, ndraw=40, logz=-70483.39, remainder_fraction=46.2555%, Lmin=-70470.98, Lmax=-70470.01
15:11:00 [ultranest] [DEBUG] iteration=4664, ncalls=8243, regioncalls=316000, ndraw=40, logz=-70483.35, remainder_fraction=44.2987%, Lmin=-70470.93, Lmax=-70469.98
15:11:00 [ultranest] [DEBUG] iteration=4680, ncalls=8279, regioncalls=317440, ndraw=40, logz=-70483.33, remainder_fraction=42.9653%, Lmin=-70470.91, Lmax=-70469.98
15:11:00 [ultranest] [DEBUG] iteration=4683, ncalls=8282, regioncalls=317640, ndraw=40, logz=-70483.33, remainder_fraction=42.7446%, Lmin=-70470.90, Lmax=-70469.98
15:11:00 [ultranest] [DEBUG] iteration=4713, ncalls=8319, regioncalls=319120, ndraw=40, logz=-70483.29, remainder_fraction=40.4357%, Lmin=-70470.85, Lmax=-70469.98
15:11:00 [ultranest] [DEBUG] iteration=4720, ncalls=8327, regioncalls=319440, ndraw=40, logz=-70483.28, remainder_fraction=39.8772%, Lmin=-70470.84, Lmax=-70469.98
15:11:00 [ultranest] [DEBUG] iteration=4748, ncalls=8365, regioncalls=320960, ndraw=40, logz=-70483.24, remainder_fraction=37.8905%, Lmin=-70470.79, Lmax=-70469.98
15:11:00 [ultranest] [DEBUG] iteration=4760, ncalls=8380, regioncalls=321560, ndraw=40, logz=-70483.23, remainder_fraction=36.9497%, Lmin=-70470.78, Lmax=-70469.98
15:11:00 [ultranest] [DEBUG] iteration=4781, ncalls=8419, regioncalls=323120, ndraw=40, logz=-70483.20, remainder_fraction=35.4683%, Lmin=-70470.74, Lmax=-70469.97
15:11:00 [ultranest] [DEBUG] iteration=4800, ncalls=8447, regioncalls=324240, ndraw=40, logz=-70483.18, remainder_fraction=34.0684%, Lmin=-70470.71, Lmax=-70469.97
15:11:00 [ultranest] [DEBUG] iteration=4823, ncalls=8486, regioncalls=325800, ndraw=40, logz=-70483.16, remainder_fraction=32.5690%, Lmin=-70470.67, Lmax=-70469.97
15:11:01 [ultranest] [DEBUG] iteration=4840, ncalls=8523, regioncalls=327280, ndraw=40, logz=-70483.14, remainder_fraction=31.4238%, Lmin=-70470.65, Lmax=-70469.97
15:11:01 [ultranest] [DEBUG] iteration=4843, ncalls=8530, regioncalls=327640, ndraw=40, logz=-70483.14, remainder_fraction=31.2128%, Lmin=-70470.64, Lmax=-70469.97
15:11:01 [ultranest] [DEBUG] iteration=4868, ncalls=8569, regioncalls=329200, ndraw=40, logz=-70483.12, remainder_fraction=29.7207%, Lmin=-70470.62, Lmax=-70469.97
15:11:01 [ultranest] [DEBUG] iteration=4880, ncalls=8597, regioncalls=330320, ndraw=40, logz=-70483.11, remainder_fraction=28.9771%, Lmin=-70470.61, Lmax=-70469.97
15:11:01 [ultranest] [DEBUG] iteration=4902, ncalls=8637, regioncalls=331920, ndraw=40, logz=-70483.09, remainder_fraction=27.6256%, Lmin=-70470.59, Lmax=-70469.97
15:11:01 [ultranest] [DEBUG] iteration=4920, ncalls=8669, regioncalls=333200, ndraw=40, logz=-70483.07, remainder_fraction=26.5770%, Lmin=-70470.57, Lmax=-70469.97
15:11:01 [ultranest] [DEBUG] iteration=4923, ncalls=8673, regioncalls=333440, ndraw=40, logz=-70483.07, remainder_fraction=26.3869%, Lmin=-70470.56, Lmax=-70469.97
15:11:01 [ultranest] [DEBUG] iteration=4947, ncalls=8713, regioncalls=335040, ndraw=40, logz=-70483.05, remainder_fraction=25.0091%, Lmin=-70470.54, Lmax=-70469.97
15:11:01 [ultranest] [DEBUG] iteration=4960, ncalls=8731, regioncalls=335760, ndraw=40, logz=-70483.04, remainder_fraction=24.2961%, Lmin=-70470.53, Lmax=-70469.97
15:11:01 [ultranest] [DEBUG] iteration=4985, ncalls=8769, regioncalls=337280, ndraw=40, logz=-70483.03, remainder_fraction=23.0225%, Lmin=-70470.50, Lmax=-70469.97
15:11:01 [ultranest] [DEBUG] iteration=5000, ncalls=8795, regioncalls=338320, ndraw=40, logz=-70483.02, remainder_fraction=22.2856%, Lmin=-70470.48, Lmax=-70469.97
15:11:01 [ultranest] [DEBUG] iteration=5003, ncalls=8798, regioncalls=338480, ndraw=40, logz=-70483.01, remainder_fraction=22.1388%, Lmin=-70470.48, Lmax=-70469.97
15:11:01 [ultranest] [DEBUG] iteration=5028, ncalls=8836, regioncalls=340040, ndraw=40, logz=-70483.00, remainder_fraction=20.9121%, Lmin=-70470.45, Lmax=-70469.96
15:11:01 [ultranest] [DEBUG] iteration=5040, ncalls=8856, regioncalls=340840, ndraw=40, logz=-70482.99, remainder_fraction=20.3116%, Lmin=-70470.44, Lmax=-70469.96
15:11:02 [ultranest] [DEBUG] iteration=5064, ncalls=8895, regioncalls=342400, ndraw=40, logz=-70482.98, remainder_fraction=19.2530%, Lmin=-70470.42, Lmax=-70469.96
15:11:02 [ultranest] [DEBUG] iteration=5080, ncalls=8917, regioncalls=343280, ndraw=40, logz=-70482.97, remainder_fraction=18.5804%, Lmin=-70470.41, Lmax=-70469.96
15:11:02 [ultranest] [DEBUG] iteration=5083, ncalls=8920, regioncalls=343440, ndraw=40, logz=-70482.97, remainder_fraction=18.4653%, Lmin=-70470.41, Lmax=-70469.96
15:11:02 [ultranest] [DEBUG] iteration=5108, ncalls=8957, regioncalls=344960, ndraw=40, logz=-70482.95, remainder_fraction=17.4787%, Lmin=-70470.39, Lmax=-70469.95
15:11:02 [ultranest] [DEBUG] iteration=5120, ncalls=8974, regioncalls=345680, ndraw=40, logz=-70482.95, remainder_fraction=16.9864%, Lmin=-70470.38, Lmax=-70469.95
15:11:02 [ultranest] [DEBUG] iteration=5148, ncalls=9011, regioncalls=347160, ndraw=40, logz=-70482.94, remainder_fraction=15.8989%, Lmin=-70470.36, Lmax=-70469.95
15:11:02 [ultranest] [DEBUG] iteration=5160, ncalls=9028, regioncalls=347840, ndraw=40, logz=-70482.93, remainder_fraction=15.4454%, Lmin=-70470.35, Lmax=-70469.95
15:11:02 [ultranest] [DEBUG] iteration=5179, ncalls=9067, regioncalls=349400, ndraw=40, logz=-70482.92, remainder_fraction=14.7731%, Lmin=-70470.33, Lmax=-70469.95
15:11:02 [ultranest] [DEBUG] iteration=5200, ncalls=9107, regioncalls=351000, ndraw=40, logz=-70482.91, remainder_fraction=14.0233%, Lmin=-70470.32, Lmax=-70469.95
15:11:02 [ultranest] [DEBUG] iteration=5225, ncalls=9146, regioncalls=352560, ndraw=40, logz=-70482.90, remainder_fraction=13.2121%, Lmin=-70470.31, Lmax=-70469.95
15:11:02 [ultranest] [DEBUG] iteration=5240, ncalls=9173, regioncalls=353640, ndraw=40, logz=-70482.90, remainder_fraction=12.7425%, Lmin=-70470.30, Lmax=-70469.95
15:11:02 [ultranest] [DEBUG] iteration=5243, ncalls=9180, regioncalls=353960, ndraw=40, logz=-70482.90, remainder_fraction=12.6500%, Lmin=-70470.29, Lmax=-70469.95
15:11:02 [ultranest] [DEBUG] iteration=5268, ncalls=9217, regioncalls=355440, ndraw=40, logz=-70482.89, remainder_fraction=11.9046%, Lmin=-70470.27, Lmax=-70469.95
15:11:02 [ultranest] [DEBUG] iteration=5280, ncalls=9236, regioncalls=356240, ndraw=40, logz=-70482.88, remainder_fraction=11.5719%, Lmin=-70470.27, Lmax=-70469.95
15:11:03 [ultranest] [DEBUG] iteration=5306, ncalls=9273, regioncalls=357840, ndraw=40, logz=-70482.88, remainder_fraction=10.8648%, Lmin=-70470.26, Lmax=-70469.95
15:11:03 [ultranest] [DEBUG] iteration=5320, ncalls=9298, regioncalls=358840, ndraw=40, logz=-70482.87, remainder_fraction=10.4842%, Lmin=-70470.24, Lmax=-70469.95
15:11:03 [ultranest] [DEBUG] iteration=5336, ncalls=9336, regioncalls=360360, ndraw=40, logz=-70482.87, remainder_fraction=10.0687%, Lmin=-70470.23, Lmax=-70469.95
15:11:03 [ultranest] [DEBUG] iteration=5353, ncalls=9378, regioncalls=362040, ndraw=40, logz=-70482.86, remainder_fraction=9.6352%, Lmin=-70470.23, Lmax=-70469.95
15:11:03 [ultranest] [DEBUG] iteration=5360, ncalls=9393, regioncalls=362640, ndraw=40, logz=-70482.86, remainder_fraction=9.4800%, Lmin=-70470.22, Lmax=-70469.95
15:11:03 [ultranest] [DEBUG] iteration=5379, ncalls=9435, regioncalls=364320, ndraw=40, logz=-70482.86, remainder_fraction=9.0455%, Lmin=-70470.21, Lmax=-70469.95
15:11:03 [ultranest] [DEBUG] iteration=5396, ncalls=9476, regioncalls=365960, ndraw=40, logz=-70482.85, remainder_fraction=8.6685%, Lmin=-70470.20, Lmax=-70469.95
15:11:03 [ultranest] [DEBUG] iteration=5400, ncalls=9483, regioncalls=366240, ndraw=40, logz=-70482.85, remainder_fraction=8.5804%, Lmin=-70470.20, Lmax=-70469.95
15:11:03 [ultranest] [DEBUG] iteration=5403, ncalls=9488, regioncalls=366520, ndraw=40, logz=-70482.85, remainder_fraction=8.5137%, Lmin=-70470.20, Lmax=-70469.95
15:11:03 [ultranest] [DEBUG] iteration=5430, ncalls=9526, regioncalls=368040, ndraw=40, logz=-70482.84, remainder_fraction=7.9501%, Lmin=-70470.19, Lmax=-70469.95
15:11:03 [ultranest] [DEBUG] iteration=5440, ncalls=9543, regioncalls=368720, ndraw=40, logz=-70482.84, remainder_fraction=7.7517%, Lmin=-70470.19, Lmax=-70469.95
15:11:03 [ultranest] [DEBUG] iteration=5458, ncalls=9586, regioncalls=370440, ndraw=40, logz=-70482.84, remainder_fraction=7.4050%, Lmin=-70470.18, Lmax=-70469.95
15:11:03 [ultranest] [DEBUG] iteration=5480, ncalls=9623, regioncalls=371920, ndraw=40, logz=-70482.83, remainder_fraction=6.9998%, Lmin=-70470.17, Lmax=-70469.95
15:11:03 [ultranest] [DEBUG] iteration=5483, ncalls=9627, regioncalls=372120, ndraw=40, logz=-70482.83, remainder_fraction=6.9460%, Lmin=-70470.17, Lmax=-70469.95
15:11:04 [ultranest] [DEBUG] iteration=5511, ncalls=9665, regioncalls=373640, ndraw=40, logz=-70482.83, remainder_fraction=6.4684%, Lmin=-70470.16, Lmax=-70469.95
15:11:04 [ultranest] [DEBUG] iteration=5520, ncalls=9674, regioncalls=374000, ndraw=40, logz=-70482.83, remainder_fraction=6.3200%, Lmin=-70470.15, Lmax=-70469.95
15:11:04 [ultranest] [DEBUG] iteration=5549, ncalls=9711, regioncalls=375480, ndraw=40, logz=-70482.82, remainder_fraction=5.8654%, Lmin=-70470.14, Lmax=-70469.95
15:11:04 [ultranest] [DEBUG] iteration=5560, ncalls=9734, regioncalls=376400, ndraw=40, logz=-70482.82, remainder_fraction=5.7033%, Lmin=-70470.14, Lmax=-70469.95
15:11:04 [ultranest] [DEBUG] iteration=5563, ncalls=9739, regioncalls=376640, ndraw=40, logz=-70482.82, remainder_fraction=5.6602%, Lmin=-70470.14, Lmax=-70469.95
15:11:04 [ultranest] [DEBUG] iteration=5587, ncalls=9778, regioncalls=378200, ndraw=40, logz=-70482.82, remainder_fraction=5.3237%, Lmin=-70470.12, Lmax=-70469.95
15:11:04 [ultranest] [DEBUG] iteration=5600, ncalls=9797, regioncalls=378960, ndraw=40, logz=-70482.81, remainder_fraction=5.1456%, Lmin=-70470.12, Lmax=-70469.95
15:11:04 [ultranest] [DEBUG] iteration=5623, ncalls=9836, regioncalls=380520, ndraw=40, logz=-70482.81, remainder_fraction=4.8500%, Lmin=-70470.11, Lmax=-70469.95
15:11:04 [ultranest] [DEBUG] iteration=5640, ncalls=9865, regioncalls=381680, ndraw=40, logz=-70482.81, remainder_fraction=4.6376%, Lmin=-70470.11, Lmax=-70469.95
15:11:04 [ultranest] [DEBUG] iteration=5658, ncalls=9902, regioncalls=383160, ndraw=40, logz=-70482.81, remainder_fraction=4.4259%, Lmin=-70470.10, Lmax=-70469.95
15:11:04 [ultranest] [DEBUG] iteration=5680, ncalls=9942, regioncalls=384760, ndraw=40, logz=-70482.80, remainder_fraction=4.1760%, Lmin=-70470.10, Lmax=-70469.95
15:11:04 [ultranest] [DEBUG] iteration=5699, ncalls=9991, regioncalls=386720, ndraw=40, logz=-70482.80, remainder_fraction=3.9715%, Lmin=-70470.09, Lmax=-70469.95
15:11:05 [ultranest] [DEBUG] iteration=5714, ncalls=10034, regioncalls=388440, ndraw=40, logz=-70482.80, remainder_fraction=3.8175%, Lmin=-70470.09, Lmax=-70469.95
15:11:05 [ultranest] [DEBUG] iteration=5720, ncalls=10043, regioncalls=388800, ndraw=40, logz=-70482.80, remainder_fraction=3.7570%, Lmin=-70470.08, Lmax=-70469.95
15:11:05 [ultranest] [DEBUG] iteration=5723, ncalls=10048, regioncalls=389040, ndraw=40, logz=-70482.80, remainder_fraction=3.7269%, Lmin=-70470.08, Lmax=-70469.95
15:11:05 [ultranest] [DEBUG] iteration=5747, ncalls=10091, regioncalls=390760, ndraw=40, logz=-70482.80, remainder_fraction=3.4953%, Lmin=-70470.08, Lmax=-70469.95
15:11:05 [ultranest] [DEBUG] iteration=5760, ncalls=10108, regioncalls=391440, ndraw=40, logz=-70482.80, remainder_fraction=3.3771%, Lmin=-70470.07, Lmax=-70469.95
15:11:05 [ultranest] [DEBUG] iteration=5786, ncalls=10146, regioncalls=392960, ndraw=40, logz=-70482.79, remainder_fraction=3.1521%, Lmin=-70470.07, Lmax=-70469.95
15:11:05 [ultranest] [DEBUG] iteration=5800, ncalls=10167, regioncalls=393800, ndraw=40, logz=-70482.79, remainder_fraction=3.0376%, Lmin=-70470.06, Lmax=-70469.95
15:11:05 [ultranest] [DEBUG] iteration=5803, ncalls=10172, regioncalls=394080, ndraw=40, logz=-70482.79, remainder_fraction=3.0135%, Lmin=-70470.06, Lmax=-70469.95
15:11:05 [ultranest] [DEBUG] iteration=5833, ncalls=10210, regioncalls=395680, ndraw=40, logz=-70482.79, remainder_fraction=2.7823%, Lmin=-70470.06, Lmax=-70469.95
15:11:05 [ultranest] [DEBUG] iteration=5840, ncalls=10219, regioncalls=396040, ndraw=40, logz=-70482.79, remainder_fraction=2.7301%, Lmin=-70470.06, Lmax=-70469.95
15:11:05 [ultranest] [DEBUG] iteration=5869, ncalls=10257, regioncalls=397560, ndraw=40, logz=-70482.79, remainder_fraction=2.5255%, Lmin=-70470.05, Lmax=-70469.95
15:11:05 [ultranest] [DEBUG] iteration=5880, ncalls=10272, regioncalls=398160, ndraw=40, logz=-70482.79, remainder_fraction=2.4517%, Lmin=-70470.05, Lmax=-70469.95
15:11:05 [ultranest] [DEBUG] iteration=5883, ncalls=10277, regioncalls=398400, ndraw=40, logz=-70482.79, remainder_fraction=2.4315%, Lmin=-70470.05, Lmax=-70469.95
15:11:05 [ultranest] [DEBUG] iteration=5914, ncalls=10315, regioncalls=399920, ndraw=40, logz=-70482.78, remainder_fraction=2.2362%, Lmin=-70470.04, Lmax=-70469.95
15:11:05 [ultranest] [DEBUG] iteration=5920, ncalls=10325, regioncalls=400320, ndraw=40, logz=-70482.78, remainder_fraction=2.2002%, Lmin=-70470.04, Lmax=-70469.95
15:11:05 [ultranest] [DEBUG] iteration=5943, ncalls=10367, regioncalls=402000, ndraw=40, logz=-70482.78, remainder_fraction=2.0656%, Lmin=-70470.04, Lmax=-70469.95
15:11:06 [ultranest] [DEBUG] iteration=5960, ncalls=10393, regioncalls=403040, ndraw=40, logz=-70482.78, remainder_fraction=1.9726%, Lmin=-70470.03, Lmax=-70469.95
15:11:06 [ultranest] [DEBUG] iteration=5963, ncalls=10396, regioncalls=403200, ndraw=40, logz=-70482.78, remainder_fraction=1.9565%, Lmin=-70470.03, Lmax=-70469.95
15:11:06 [ultranest] [DEBUG] iteration=5989, ncalls=10434, regioncalls=404720, ndraw=40, logz=-70482.78, remainder_fraction=1.8237%, Lmin=-70470.03, Lmax=-70469.95
15:11:06 [ultranest] [DEBUG] iteration=6000, ncalls=10449, regioncalls=405320, ndraw=40, logz=-70482.78, remainder_fraction=1.7702%, Lmin=-70470.03, Lmax=-70469.95
15:11:06 [ultranest] [DEBUG] iteration=6023, ncalls=10490, regioncalls=406960, ndraw=40, logz=-70482.78, remainder_fraction=1.6629%, Lmin=-70470.02, Lmax=-70469.95
15:11:06 [ultranest] [DEBUG] iteration=6040, ncalls=10527, regioncalls=408440, ndraw=40, logz=-70482.78, remainder_fraction=1.5878%, Lmin=-70470.02, Lmax=-70469.95
15:11:06 [ultranest] [DEBUG] iteration=6043, ncalls=10533, regioncalls=408800, ndraw=40, logz=-70482.78, remainder_fraction=1.5748%, Lmin=-70470.02, Lmax=-70469.95
15:11:06 [ultranest] [DEBUG] iteration=6066, ncalls=10570, regioncalls=410280, ndraw=40, logz=-70482.78, remainder_fraction=1.4794%, Lmin=-70470.02, Lmax=-70469.95
15:11:06 [ultranest] [DEBUG] iteration=6080, ncalls=10594, regioncalls=411240, ndraw=40, logz=-70482.78, remainder_fraction=1.4241%, Lmin=-70470.02, Lmax=-70469.95
15:11:06 [ultranest] [DEBUG] iteration=6102, ncalls=10636, regioncalls=412920, ndraw=40, logz=-70482.78, remainder_fraction=1.3414%, Lmin=-70470.01, Lmax=-70469.95
15:11:06 [ultranest] [DEBUG] iteration=6120, ncalls=10664, regioncalls=414040, ndraw=40, logz=-70482.77, remainder_fraction=1.2768%, Lmin=-70470.01, Lmax=-70469.95
15:11:06 [ultranest] [DEBUG] iteration=6123, ncalls=10669, regioncalls=414280, ndraw=40, logz=-70482.77, remainder_fraction=1.2663%, Lmin=-70470.01, Lmax=-70469.95
15:11:06 [ultranest] [DEBUG] iteration=6149, ncalls=10706, regioncalls=415760, ndraw=40, logz=-70482.77, remainder_fraction=1.1793%, Lmin=-70470.01, Lmax=-70469.95
15:11:06 [ultranest] [DEBUG] iteration=6160, ncalls=10722, regioncalls=416400, ndraw=40, logz=-70482.77, remainder_fraction=1.1443%, Lmin=-70470.01, Lmax=-70469.95
15:11:06 [ultranest] [DEBUG] iteration=6184, ncalls=10761, regioncalls=417960, ndraw=40, logz=-70482.77, remainder_fraction=1.0713%, Lmin=-70470.01, Lmax=-70469.95
15:11:07 [ultranest] [DEBUG] iteration=6200, ncalls=10796, regioncalls=419360, ndraw=40, logz=-70482.77, remainder_fraction=1.0253%, Lmin=-70470.00, Lmax=-70469.95
15:11:07 [ultranest] [DEBUG] iteration=6203, ncalls=10799, regioncalls=419520, ndraw=40, logz=-70482.77, remainder_fraction=1.0169%, Lmin=-70470.00, Lmax=-70469.95
15:11:07 [ultranest] [INFO] Explored until L=-7e+04  
15:11:07 [ultranest] [INFO] Likelihood function evaluations: 10807
15:11:08 [ultranest] [INFO] Writing samples and results to disk ...
15:11:08 [ultranest] [INFO] Writing samples and results to disk ... done
15:11:08 [ultranest] [DEBUG] did a run_iter pass!
15:11:08 [ultranest] [INFO]   logZ = -7.048e+04 +- 0.1349
15:11:08 [ultranest] [INFO] Effective samples strategy satisfied (ESS = 1681.1, need >400)
15:11:08 [ultranest] [INFO] Posterior uncertainty strategy is satisfied (KL: 0.46+-0.07 nat, need <0.50 nat)
15:11:08 [ultranest] [INFO] Evidency uncertainty strategy is satisfied (dlogz=0.14, need <0.5)
15:11:08 [ultranest] [INFO]   logZ error budget: single: 0.18 bs:0.13 tail:0.01 total:0.14 required:<0.50
15:11:08 [ultranest] [INFO] done iterating.
15:11:08 [ultranest] [DEBUG] Making corner plot ...
15:11:09 [ultranest] [DEBUG] Making corner plot ... done
15:11:09 [ultranest] [DEBUG] Making run plot ... 
15:11:09 [ultranest] [DEBUG] Making run plot ... done
15:11:09 [ultranest] [DEBUG] Making trace plot ... 
15:11:11 [ultranest] [DEBUG] Making trace plot ... done
