11:50:28 [ultranest] [DEBUG] ReactiveNestedSampler: dims=2+0, resume=False, log_dir=./m-values/N16/S16/M16/T029/P025/NF2/sample_rho, backend=hdf5, vectorized=False, nbootstraps=30, ndraw=128..65536
11:50:28 [ultranest] [INFO] Sampling 400 live points from prior ...
11:50:30 [ultranest] [DEBUG] run_iter dlogz=0.5, dKL=0.5, frac_remain=0.01, Lepsilon=0.0010, min_ess=400
11:50:30 [ultranest] [DEBUG] max_iters=-1, max_ncalls=-1, max_num_improvement_loops=-1, min_num_live_points=400, cluster_num_live_points=40
11:50:30 [ultranest] [DEBUG] minimal_widths_sequence: [(-inf, 400.0), (inf, 400.0)]
11:50:30 [ultranest] [DEBUG] Plateau detected at L=-1.823647e+07, not replacing live point.
11:50:30 [ultranest] [DEBUG] Plateau detected at L=-1.823647e+07, not replacing live point.
11:50:30 [ultranest] [DEBUG] Plateau detected at L=-1.823647e+07, not replacing live point.
11:50:30 [ultranest] [DEBUG] Plateau detected at L=-1.823647e+07, not replacing live point.
11:50:30 [ultranest] [DEBUG] Plateau detected at L=-1.823647e+07, not replacing live point.
11:50:30 [ultranest] [DEBUG] Plateau detected at L=-1.823647e+07, not replacing live point.
11:50:30 [ultranest] [DEBUG] Plateau detected at L=-1.823647e+07, not replacing live point.
11:50:30 [ultranest] [DEBUG] Plateau detected at L=-1.823647e+07, not replacing live point.
11:50:30 [ultranest] [DEBUG] Plateau detected at L=-1.823647e+07, not replacing live point.
11:50:30 [ultranest] [DEBUG] Plateau detected at L=-1.823647e+07, not replacing live point.
11:50:30 [ultranest] [DEBUG] Plateau detected at L=-1.823647e+07, not replacing live point.
11:50:30 [ultranest] [DEBUG] Plateau detected at L=-1.823647e+07, not replacing live point.
11:50:30 [ultranest] [DEBUG] Plateau detected at L=-1.823647e+07, not replacing live point.
11:50:30 [ultranest] [DEBUG] Plateau detected at L=-1.823647e+07, not replacing live point.
11:50:30 [ultranest] [DEBUG] Plateau detected at L=-1.823647e+07, not replacing live point.
11:50:30 [ultranest] [DEBUG] Plateau detected at L=-1.823647e+07, not replacing live point.
11:50:30 [ultranest] [DEBUG] iteration=16, ncalls=401, regioncalls=40, ndraw=40, logz=-18236477.16, remainder_fraction=100.0000%, Lmin=-18236473.94, Lmax=-139943.92
11:50:30 [ultranest] [DEBUG] iteration=40, ncalls=425, regioncalls=1000, ndraw=40, logz=-167162.37, remainder_fraction=100.0000%, Lmin=-166952.29, Lmax=-139943.92
11:50:30 [ultranest] [DEBUG] iteration=64, ncalls=452, regioncalls=2080, ndraw=40, logz=-163332.41, remainder_fraction=100.0000%, Lmin=-163278.42, Lmax=-139943.92
11:50:30 [ultranest] [DEBUG] iteration=80, ncalls=473, regioncalls=2920, ndraw=40, logz=-161575.61, remainder_fraction=100.0000%, Lmin=-161545.85, Lmax=-139943.92
11:50:30 [ultranest] [DEBUG] iteration=101, ncalls=501, regioncalls=4040, ndraw=40, logz=-158686.23, remainder_fraction=100.0000%, Lmin=-158338.49, Lmax=-139943.92
11:50:30 [ultranest] [DEBUG] iteration=102, ncalls=502, regioncalls=4080, ndraw=40, logz=-158344.71, remainder_fraction=100.0000%, Lmin=-158320.75, Lmax=-139943.92
11:50:30 [ultranest] [DEBUG] iteration=120, ncalls=521, regioncalls=4840, ndraw=40, logz=-156773.71, remainder_fraction=100.0000%, Lmin=-156718.21, Lmax=-139943.92
11:50:30 [ultranest] [DEBUG] iteration=144, ncalls=548, regioncalls=5920, ndraw=40, logz=-154571.46, remainder_fraction=100.0000%, Lmin=-154546.73, Lmax=-139943.92
11:50:30 [ultranest] [DEBUG] iteration=160, ncalls=568, regioncalls=6720, ndraw=40, logz=-153493.71, remainder_fraction=100.0000%, Lmin=-153458.35, Lmax=-139943.92
11:50:30 [ultranest] [DEBUG] iteration=182, ncalls=596, regioncalls=7840, ndraw=40, logz=-152185.16, remainder_fraction=100.0000%, Lmin=-152156.81, Lmax=-139943.92
11:50:30 [ultranest] [DEBUG] iteration=188, ncalls=604, regioncalls=8160, ndraw=40, logz=-151983.80, remainder_fraction=100.0000%, Lmin=-151943.68, Lmax=-139943.92
11:50:31 [ultranest] [DEBUG] iteration=200, ncalls=618, regioncalls=8720, ndraw=40, logz=-151591.54, remainder_fraction=100.0000%, Lmin=-151551.95, Lmax=-139943.92
11:50:31 [ultranest] [DEBUG] iteration=220, ncalls=646, regioncalls=9840, ndraw=40, logz=-150762.81, remainder_fraction=100.0000%, Lmin=-150735.57, Lmax=-139943.92
11:50:31 [ultranest] [DEBUG] iteration=240, ncalls=674, regioncalls=10960, ndraw=40, logz=-150239.94, remainder_fraction=100.0000%, Lmin=-150224.70, Lmax=-139943.92
11:50:31 [ultranest] [DEBUG] iteration=264, ncalls=704, regioncalls=12160, ndraw=40, logz=-149378.29, remainder_fraction=100.0000%, Lmin=-149356.43, Lmax=-139943.92
11:50:31 [ultranest] [DEBUG] iteration=274, ncalls=717, regioncalls=12680, ndraw=40, logz=-149221.92, remainder_fraction=100.0000%, Lmin=-149185.17, Lmax=-139943.53
11:50:31 [ultranest] [DEBUG] iteration=280, ncalls=728, regioncalls=13120, ndraw=40, logz=-149123.39, remainder_fraction=100.0000%, Lmin=-149057.43, Lmax=-139943.53
11:50:31 [ultranest] [DEBUG] iteration=302, ncalls=756, regioncalls=14240, ndraw=40, logz=-148720.47, remainder_fraction=100.0000%, Lmin=-148692.26, Lmax=-139943.53
11:50:31 [ultranest] [DEBUG] iteration=320, ncalls=775, regioncalls=15000, ndraw=40, logz=-148203.38, remainder_fraction=100.0000%, Lmin=-148145.57, Lmax=-139943.53
11:50:31 [ultranest] [DEBUG] iteration=342, ncalls=804, regioncalls=16160, ndraw=40, logz=-147629.27, remainder_fraction=100.0000%, Lmin=-147618.59, Lmax=-139943.53
11:50:31 [ultranest] [DEBUG] iteration=360, ncalls=826, regioncalls=17040, ndraw=40, logz=-147316.51, remainder_fraction=100.0000%, Lmin=-147304.48, Lmax=-139943.53
11:50:31 [ultranest] [DEBUG] iteration=384, ncalls=854, regioncalls=18160, ndraw=40, logz=-146842.43, remainder_fraction=100.0000%, Lmin=-146823.47, Lmax=-139924.13
11:50:31 [ultranest] [DEBUG] iteration=400, ncalls=876, regioncalls=19040, ndraw=40, logz=-146411.03, remainder_fraction=100.0000%, Lmin=-146377.45, Lmax=-139924.13
11:50:32 [ultranest] [DEBUG] iteration=419, ncalls=904, regioncalls=20160, ndraw=40, logz=-146089.89, remainder_fraction=100.0000%, Lmin=-146063.44, Lmax=-139924.13
11:50:32 [ultranest] [DEBUG] iteration=439, ncalls=936, regioncalls=21440, ndraw=40, logz=-145693.38, remainder_fraction=100.0000%, Lmin=-145676.33, Lmax=-139924.13
11:50:32 [ultranest] [DEBUG] iteration=440, ncalls=939, regioncalls=21560, ndraw=40, logz=-145683.42, remainder_fraction=100.0000%, Lmin=-145661.41, Lmax=-139924.13
11:50:32 [ultranest] [DEBUG] iteration=460, ncalls=967, regioncalls=22680, ndraw=40, logz=-145424.38, remainder_fraction=100.0000%, Lmin=-145400.14, Lmax=-139924.13
11:50:32 [ultranest] [DEBUG] iteration=480, ncalls=991, regioncalls=23640, ndraw=40, logz=-145206.12, remainder_fraction=100.0000%, Lmin=-145191.50, Lmax=-139924.13
11:50:32 [ultranest] [DEBUG] iteration=503, ncalls=1019, regioncalls=24760, ndraw=40, logz=-144972.78, remainder_fraction=100.0000%, Lmin=-144953.58, Lmax=-139924.13
11:50:32 [ultranest] [DEBUG] iteration=520, ncalls=1039, regioncalls=25560, ndraw=40, logz=-144670.66, remainder_fraction=100.0000%, Lmin=-144647.25, Lmax=-139924.13
11:50:32 [ultranest] [DEBUG] iteration=532, ncalls=1056, regioncalls=26240, ndraw=40, logz=-144431.51, remainder_fraction=100.0000%, Lmin=-144409.35, Lmax=-139924.13
11:50:32 [ultranest] [DEBUG] iteration=556, ncalls=1083, regioncalls=27320, ndraw=40, logz=-144146.37, remainder_fraction=100.0000%, Lmin=-144130.56, Lmax=-139924.13
11:50:32 [ultranest] [DEBUG] iteration=560, ncalls=1087, regioncalls=27480, ndraw=40, logz=-144089.30, remainder_fraction=100.0000%, Lmin=-144078.65, Lmax=-139924.13
11:50:32 [ultranest] [DEBUG] iteration=582, ncalls=1115, regioncalls=28600, ndraw=40, logz=-143868.68, remainder_fraction=100.0000%, Lmin=-143838.48, Lmax=-139924.13
11:50:32 [ultranest] [DEBUG] iteration=600, ncalls=1136, regioncalls=29440, ndraw=40, logz=-143667.33, remainder_fraction=100.0000%, Lmin=-143659.74, Lmax=-139924.13
11:50:33 [ultranest] [DEBUG] iteration=618, ncalls=1157, regioncalls=30280, ndraw=40, logz=-143517.31, remainder_fraction=100.0000%, Lmin=-143497.21, Lmax=-139924.13
11:50:33 [ultranest] [DEBUG] iteration=640, ncalls=1183, regioncalls=31320, ndraw=40, logz=-143252.77, remainder_fraction=100.0000%, Lmin=-143233.03, Lmax=-139924.13
11:50:33 [ultranest] [DEBUG] iteration=664, ncalls=1211, regioncalls=32440, ndraw=40, logz=-142994.03, remainder_fraction=100.0000%, Lmin=-142980.10, Lmax=-139924.13
11:50:33 [ultranest] [DEBUG] iteration=680, ncalls=1235, regioncalls=33400, ndraw=40, logz=-142873.54, remainder_fraction=100.0000%, Lmin=-142850.84, Lmax=-139924.13
11:50:33 [ultranest] [DEBUG] iteration=701, ncalls=1264, regioncalls=34560, ndraw=40, logz=-142689.65, remainder_fraction=100.0000%, Lmin=-142679.57, Lmax=-139924.13
11:50:33 [ultranest] [DEBUG] iteration=720, ncalls=1284, regioncalls=35360, ndraw=40, logz=-142555.23, remainder_fraction=100.0000%, Lmin=-142547.16, Lmax=-139924.13
11:50:33 [ultranest] [DEBUG] iteration=740, ncalls=1314, regioncalls=36560, ndraw=40, logz=-142394.24, remainder_fraction=100.0000%, Lmin=-142382.20, Lmax=-139924.13
11:50:33 [ultranest] [DEBUG] iteration=760, ncalls=1342, regioncalls=37680, ndraw=40, logz=-142229.28, remainder_fraction=100.0000%, Lmin=-142217.13, Lmax=-139924.13
11:50:33 [ultranest] [DEBUG] iteration=781, ncalls=1370, regioncalls=38800, ndraw=40, logz=-142099.71, remainder_fraction=100.0000%, Lmin=-142080.00, Lmax=-139924.13
11:50:33 [ultranest] [DEBUG] iteration=790, ncalls=1382, regioncalls=39280, ndraw=40, logz=-142044.95, remainder_fraction=100.0000%, Lmin=-142035.06, Lmax=-139924.13
11:50:33 [ultranest] [DEBUG] iteration=800, ncalls=1397, regioncalls=39880, ndraw=40, logz=-141982.93, remainder_fraction=100.0000%, Lmin=-141972.76, Lmax=-139924.13
11:50:34 [ultranest] [DEBUG] iteration=823, ncalls=1425, regioncalls=41000, ndraw=40, logz=-141801.50, remainder_fraction=100.0000%, Lmin=-141791.68, Lmax=-139924.13
11:50:34 [ultranest] [DEBUG] iteration=840, ncalls=1447, regioncalls=41880, ndraw=40, logz=-141695.38, remainder_fraction=100.0000%, Lmin=-141679.19, Lmax=-139924.13
11:50:34 [ultranest] [DEBUG] iteration=861, ncalls=1476, regioncalls=43040, ndraw=40, logz=-141600.14, remainder_fraction=100.0000%, Lmin=-141580.84, Lmax=-139924.13
11:50:34 [ultranest] [DEBUG] iteration=876, ncalls=1496, regioncalls=43840, ndraw=40, logz=-141495.07, remainder_fraction=100.0000%, Lmin=-141479.67, Lmax=-139924.13
11:50:34 [ultranest] [DEBUG] iteration=880, ncalls=1504, regioncalls=44160, ndraw=40, logz=-141477.18, remainder_fraction=100.0000%, Lmin=-141439.09, Lmax=-139924.13
11:50:34 [ultranest] [DEBUG] iteration=901, ncalls=1532, regioncalls=45280, ndraw=40, logz=-141364.23, remainder_fraction=100.0000%, Lmin=-141355.50, Lmax=-139924.13
11:50:34 [ultranest] [DEBUG] iteration=920, ncalls=1556, regioncalls=46240, ndraw=40, logz=-141322.75, remainder_fraction=100.0000%, Lmin=-141312.46, Lmax=-139924.13
11:50:34 [ultranest] [DEBUG] iteration=942, ncalls=1584, regioncalls=47360, ndraw=40, logz=-141234.64, remainder_fraction=100.0000%, Lmin=-141222.95, Lmax=-139922.54
11:50:34 [ultranest] [DEBUG] iteration=960, ncalls=1607, regioncalls=48280, ndraw=40, logz=-141170.29, remainder_fraction=100.0000%, Lmin=-141159.49, Lmax=-139922.54
11:50:34 [ultranest] [DEBUG] iteration=962, ncalls=1611, regioncalls=48440, ndraw=40, logz=-141166.47, remainder_fraction=100.0000%, Lmin=-141153.49, Lmax=-139922.54
11:50:34 [ultranest] [DEBUG] iteration=986, ncalls=1638, regioncalls=49560, ndraw=40, logz=-141085.04, remainder_fraction=100.0000%, Lmin=-141074.19, Lmax=-139922.54
11:50:34 [ultranest] [DEBUG] iteration=1000, ncalls=1661, regioncalls=50480, ndraw=40, logz=-141041.13, remainder_fraction=100.0000%, Lmin=-141032.42, Lmax=-139922.54
11:50:34 [ultranest] [DEBUG] iteration=1023, ncalls=1689, regioncalls=51600, ndraw=40, logz=-140965.59, remainder_fraction=100.0000%, Lmin=-140954.30, Lmax=-139922.54
11:50:35 [ultranest] [DEBUG] iteration=1040, ncalls=1711, regioncalls=52480, ndraw=40, logz=-140905.63, remainder_fraction=100.0000%, Lmin=-140895.63, Lmax=-139922.54
11:50:35 [ultranest] [DEBUG] iteration=1048, ncalls=1721, regioncalls=52960, ndraw=40, logz=-140881.54, remainder_fraction=100.0000%, Lmin=-140870.09, Lmax=-139922.54
11:50:35 [ultranest] [DEBUG] iteration=1071, ncalls=1749, regioncalls=54120, ndraw=40, logz=-140779.06, remainder_fraction=100.0000%, Lmin=-140763.86, Lmax=-139922.54
11:50:35 [ultranest] [DEBUG] iteration=1080, ncalls=1758, regioncalls=54480, ndraw=40, logz=-140731.95, remainder_fraction=100.0000%, Lmin=-140721.93, Lmax=-139922.54
11:50:35 [ultranest] [DEBUG] iteration=1101, ncalls=1786, regioncalls=55600, ndraw=40, logz=-140691.33, remainder_fraction=100.0000%, Lmin=-140681.75, Lmax=-139922.54
11:50:35 [ultranest] [DEBUG] iteration=1120, ncalls=1809, regioncalls=56520, ndraw=40, logz=-140643.33, remainder_fraction=100.0000%, Lmin=-140634.65, Lmax=-139922.54
11:50:35 [ultranest] [DEBUG] iteration=1134, ncalls=1831, regioncalls=57400, ndraw=40, logz=-140607.23, remainder_fraction=100.0000%, Lmin=-140597.90, Lmax=-139922.54
11:50:35 [ultranest] [DEBUG] iteration=1157, ncalls=1858, regioncalls=58520, ndraw=40, logz=-140554.34, remainder_fraction=100.0000%, Lmin=-140545.32, Lmax=-139922.54
11:50:35 [ultranest] [DEBUG] iteration=1160, ncalls=1861, regioncalls=58640, ndraw=40, logz=-140552.38, remainder_fraction=100.0000%, Lmin=-140544.17, Lmax=-139922.54
11:50:35 [ultranest] [DEBUG] iteration=1179, ncalls=1890, regioncalls=59840, ndraw=40, logz=-140510.87, remainder_fraction=100.0000%, Lmin=-140500.10, Lmax=-139922.54
11:50:35 [ultranest] [DEBUG] iteration=1200, ncalls=1918, regioncalls=61000, ndraw=40, logz=-140473.22, remainder_fraction=100.0000%, Lmin=-140462.36, Lmax=-139922.54
11:50:35 [ultranest] [DEBUG] iteration=1220, ncalls=1946, regioncalls=62120, ndraw=40, logz=-140453.62, remainder_fraction=100.0000%, Lmin=-140443.97, Lmax=-139922.54
11:50:36 [ultranest] [DEBUG] iteration=1240, ncalls=1975, regioncalls=63360, ndraw=40, logz=-140422.44, remainder_fraction=100.0000%, Lmin=-140413.47, Lmax=-139922.54
11:50:36 [ultranest] [DEBUG] iteration=1264, ncalls=2002, regioncalls=64440, ndraw=40, logz=-140395.89, remainder_fraction=100.0000%, Lmin=-140382.43, Lmax=-139922.54
11:50:36 [ultranest] [DEBUG] iteration=1280, ncalls=2027, regioncalls=65440, ndraw=40, logz=-140375.45, remainder_fraction=100.0000%, Lmin=-140365.55, Lmax=-139922.54
11:50:36 [ultranest] [DEBUG] iteration=1301, ncalls=2055, regioncalls=66560, ndraw=40, logz=-140344.77, remainder_fraction=100.0000%, Lmin=-140332.66, Lmax=-139922.54
11:50:36 [ultranest] [DEBUG] iteration=1306, ncalls=2060, regioncalls=66800, ndraw=40, logz=-140336.04, remainder_fraction=100.0000%, Lmin=-140327.28, Lmax=-139922.54
11:50:36 [ultranest] [DEBUG] iteration=1320, ncalls=2076, regioncalls=67440, ndraw=40, logz=-140320.17, remainder_fraction=100.0000%, Lmin=-140311.04, Lmax=-139922.54
11:50:36 [ultranest] [DEBUG] iteration=1345, ncalls=2103, regioncalls=68560, ndraw=40, logz=-140295.99, remainder_fraction=100.0000%, Lmin=-140285.20, Lmax=-139922.54
11:50:36 [ultranest] [DEBUG] iteration=1360, ncalls=2124, regioncalls=69400, ndraw=40, logz=-140282.88, remainder_fraction=100.0000%, Lmin=-140273.31, Lmax=-139922.54
11:50:36 [ultranest] [DEBUG] iteration=1380, ncalls=2152, regioncalls=70640, ndraw=40, logz=-140263.91, remainder_fraction=100.0000%, Lmin=-140254.61, Lmax=-139922.54
11:50:36 [ultranest] [DEBUG] iteration=1397, ncalls=2178, regioncalls=71720, ndraw=40, logz=-140249.27, remainder_fraction=100.0000%, Lmin=-140239.53, Lmax=-139922.54
11:50:36 [ultranest] [DEBUG] iteration=1400, ncalls=2182, regioncalls=71880, ndraw=40, logz=-140247.02, remainder_fraction=100.0000%, Lmin=-140234.26, Lmax=-139922.54
11:50:36 [ultranest] [DEBUG] iteration=1420, ncalls=2211, regioncalls=73040, ndraw=40, logz=-140230.02, remainder_fraction=100.0000%, Lmin=-140221.30, Lmax=-139922.54
11:50:37 [ultranest] [DEBUG] iteration=1440, ncalls=2239, regioncalls=74160, ndraw=40, logz=-140214.60, remainder_fraction=100.0000%, Lmin=-140204.14, Lmax=-139922.54
11:50:37 [ultranest] [DEBUG] iteration=1459, ncalls=2268, regioncalls=75320, ndraw=40, logz=-140205.58, remainder_fraction=100.0000%, Lmin=-140195.89, Lmax=-139922.54
11:50:37 [ultranest] [DEBUG] iteration=1479, ncalls=2294, regioncalls=76360, ndraw=40, logz=-140190.33, remainder_fraction=100.0000%, Lmin=-140181.66, Lmax=-139922.54
11:50:37 [ultranest] [DEBUG] iteration=1480, ncalls=2299, regioncalls=76560, ndraw=40, logz=-140190.05, remainder_fraction=100.0000%, Lmin=-140181.16, Lmax=-139922.54
11:50:37 [ultranest] [DEBUG] iteration=1498, ncalls=2328, regioncalls=77720, ndraw=40, logz=-140180.29, remainder_fraction=100.0000%, Lmin=-140171.59, Lmax=-139922.54
11:50:37 [ultranest] [DEBUG] iteration=1518, ncalls=2357, regioncalls=78880, ndraw=40, logz=-140165.92, remainder_fraction=100.0000%, Lmin=-140156.52, Lmax=-139922.54
11:50:37 [ultranest] [DEBUG] iteration=1520, ncalls=2360, regioncalls=79000, ndraw=40, logz=-140164.88, remainder_fraction=100.0000%, Lmin=-140155.80, Lmax=-139922.54
11:50:37 [ultranest] [DEBUG] iteration=1542, ncalls=2389, regioncalls=80160, ndraw=40, logz=-140154.02, remainder_fraction=100.0000%, Lmin=-140144.66, Lmax=-139922.54
11:50:37 [ultranest] [DEBUG] iteration=1560, ncalls=2417, regioncalls=81280, ndraw=40, logz=-140145.39, remainder_fraction=100.0000%, Lmin=-140136.16, Lmax=-139922.54
11:50:37 [ultranest] [DEBUG] iteration=1564, ncalls=2423, regioncalls=81560, ndraw=40, logz=-140143.67, remainder_fraction=100.0000%, Lmin=-140134.47, Lmax=-139922.54
11:50:37 [ultranest] [DEBUG] iteration=1588, ncalls=2450, regioncalls=82640, ndraw=40, logz=-140130.20, remainder_fraction=100.0000%, Lmin=-140120.89, Lmax=-139922.54
11:50:37 [ultranest] [DEBUG] iteration=1600, ncalls=2471, regioncalls=83480, ndraw=40, logz=-140124.81, remainder_fraction=100.0000%, Lmin=-140114.84, Lmax=-139922.54
11:50:37 [ultranest] [DEBUG] iteration=1620, ncalls=2501, regioncalls=84680, ndraw=40, logz=-140114.27, remainder_fraction=100.0000%, Lmin=-140105.12, Lmax=-139922.54
11:50:38 [ultranest] [DEBUG] iteration=1640, ncalls=2526, regioncalls=85680, ndraw=40, logz=-140103.05, remainder_fraction=100.0000%, Lmin=-140093.00, Lmax=-139922.54
11:50:38 [ultranest] [DEBUG] iteration=1650, ncalls=2540, regioncalls=86280, ndraw=40, logz=-140097.85, remainder_fraction=100.0000%, Lmin=-140087.86, Lmax=-139922.54
11:50:38 [ultranest] [DEBUG] iteration=1673, ncalls=2566, regioncalls=87320, ndraw=40, logz=-140090.70, remainder_fraction=100.0000%, Lmin=-140081.33, Lmax=-139922.54
11:50:38 [ultranest] [DEBUG] iteration=1680, ncalls=2575, regioncalls=87680, ndraw=40, logz=-140088.53, remainder_fraction=100.0000%, Lmin=-140078.90, Lmax=-139922.54
11:50:38 [ultranest] [DEBUG] iteration=1703, ncalls=2602, regioncalls=88760, ndraw=40, logz=-140079.64, remainder_fraction=100.0000%, Lmin=-140069.79, Lmax=-139922.47
11:50:38 [ultranest] [DEBUG] iteration=1720, ncalls=2621, regioncalls=89520, ndraw=40, logz=-140072.41, remainder_fraction=100.0000%, Lmin=-140062.90, Lmax=-139922.47
11:50:38 [ultranest] [DEBUG] iteration=1736, ncalls=2646, regioncalls=90560, ndraw=40, logz=-140066.69, remainder_fraction=100.0000%, Lmin=-140057.21, Lmax=-139922.47
11:50:38 [ultranest] [DEBUG] iteration=1759, ncalls=2674, regioncalls=91680, ndraw=40, logz=-140061.66, remainder_fraction=100.0000%, Lmin=-140052.86, Lmax=-139922.47
11:50:38 [ultranest] [DEBUG] iteration=1760, ncalls=2675, regioncalls=91720, ndraw=40, logz=-140061.50, remainder_fraction=100.0000%, Lmin=-140052.85, Lmax=-139922.47
11:50:38 [ultranest] [DEBUG] iteration=1783, ncalls=2703, regioncalls=92840, ndraw=40, logz=-140057.44, remainder_fraction=100.0000%, Lmin=-140048.70, Lmax=-139922.47
11:50:38 [ultranest] [DEBUG] iteration=1800, ncalls=2727, regioncalls=93800, ndraw=40, logz=-140052.55, remainder_fraction=100.0000%, Lmin=-140042.11, Lmax=-139922.47
11:50:38 [ultranest] [DEBUG] iteration=1821, ncalls=2755, regioncalls=94920, ndraw=40, logz=-140046.18, remainder_fraction=100.0000%, Lmin=-140036.63, Lmax=-139922.47
11:50:39 [ultranest] [DEBUG] iteration=1839, ncalls=2781, regioncalls=95960, ndraw=40, logz=-140038.44, remainder_fraction=100.0000%, Lmin=-140028.71, Lmax=-139922.37
11:50:39 [ultranest] [DEBUG] iteration=1840, ncalls=2783, regioncalls=96040, ndraw=40, logz=-140038.13, remainder_fraction=100.0000%, Lmin=-140028.58, Lmax=-139922.37
11:50:39 [ultranest] [DEBUG] iteration=1858, ncalls=2812, regioncalls=97200, ndraw=40, logz=-140032.25, remainder_fraction=100.0000%, Lmin=-140022.08, Lmax=-139922.37
11:50:39 [ultranest] [DEBUG] iteration=1878, ncalls=2841, regioncalls=98360, ndraw=40, logz=-140026.18, remainder_fraction=100.0000%, Lmin=-140016.11, Lmax=-139922.37
11:50:39 [ultranest] [DEBUG] iteration=1880, ncalls=2843, regioncalls=98440, ndraw=40, logz=-140025.47, remainder_fraction=100.0000%, Lmin=-140015.41, Lmax=-139922.37
11:50:39 [ultranest] [DEBUG] iteration=1900, ncalls=2872, regioncalls=99600, ndraw=40, logz=-140019.69, remainder_fraction=100.0000%, Lmin=-140009.81, Lmax=-139922.37
11:50:39 [ultranest] [DEBUG] iteration=1908, ncalls=2886, regioncalls=100200, ndraw=40, logz=-140017.17, remainder_fraction=100.0000%, Lmin=-140007.48, Lmax=-139922.37
11:50:39 [ultranest] [DEBUG] iteration=1920, ncalls=2898, regioncalls=100680, ndraw=40, logz=-140012.83, remainder_fraction=100.0000%, Lmin=-140002.66, Lmax=-139922.37
11:50:39 [ultranest] [DEBUG] iteration=1943, ncalls=2925, regioncalls=101880, ndraw=40, logz=-140008.45, remainder_fraction=100.0000%, Lmin=-139998.89, Lmax=-139922.37
11:50:39 [ultranest] [DEBUG] iteration=1960, ncalls=2944, regioncalls=102640, ndraw=40, logz=-140004.85, remainder_fraction=100.0000%, Lmin=-139995.42, Lmax=-139922.37
11:50:39 [ultranest] [DEBUG] iteration=1979, ncalls=2973, regioncalls=103800, ndraw=40, logz=-140000.23, remainder_fraction=100.0000%, Lmin=-139990.54, Lmax=-139922.37
11:50:39 [ultranest] [DEBUG] iteration=1994, ncalls=2996, regioncalls=104720, ndraw=40, logz=-139997.01, remainder_fraction=100.0000%, Lmin=-139987.40, Lmax=-139922.37
11:50:39 [ultranest] [DEBUG] iteration=2000, ncalls=3007, regioncalls=105200, ndraw=40, logz=-139995.96, remainder_fraction=100.0000%, Lmin=-139986.70, Lmax=-139922.37
11:50:40 [ultranest] [DEBUG] iteration=2024, ncalls=3035, regioncalls=106320, ndraw=40, logz=-139992.07, remainder_fraction=100.0000%, Lmin=-139982.55, Lmax=-139922.37
11:50:40 [ultranest] [DEBUG] iteration=2040, ncalls=3051, regioncalls=106960, ndraw=40, logz=-139989.40, remainder_fraction=100.0000%, Lmin=-139980.17, Lmax=-139922.37
11:50:40 [ultranest] [DEBUG] iteration=2063, ncalls=3078, regioncalls=108040, ndraw=40, logz=-139986.20, remainder_fraction=100.0000%, Lmin=-139976.96, Lmax=-139922.37
11:50:40 [ultranest] [DEBUG] iteration=2080, ncalls=3104, regioncalls=109080, ndraw=40, logz=-139983.78, remainder_fraction=100.0000%, Lmin=-139974.01, Lmax=-139922.37
11:50:40 [ultranest] [DEBUG] iteration=2103, ncalls=3132, regioncalls=110240, ndraw=40, logz=-139980.61, remainder_fraction=100.0000%, Lmin=-139971.45, Lmax=-139922.37
11:50:40 [ultranest] [DEBUG] iteration=2120, ncalls=3161, regioncalls=111400, ndraw=40, logz=-139978.69, remainder_fraction=100.0000%, Lmin=-139969.35, Lmax=-139922.37
11:50:40 [ultranest] [DEBUG] iteration=2143, ncalls=3188, regioncalls=112520, ndraw=40, logz=-139976.00, remainder_fraction=100.0000%, Lmin=-139966.69, Lmax=-139922.37
11:50:40 [ultranest] [DEBUG] iteration=2160, ncalls=3211, regioncalls=113440, ndraw=40, logz=-139974.35, remainder_fraction=100.0000%, Lmin=-139964.69, Lmax=-139922.37
11:50:40 [ultranest] [DEBUG] iteration=2166, ncalls=3220, regioncalls=113840, ndraw=40, logz=-139973.63, remainder_fraction=100.0000%, Lmin=-139964.31, Lmax=-139922.37
11:50:40 [ultranest] [DEBUG] iteration=2188, ncalls=3248, regioncalls=115000, ndraw=40, logz=-139971.42, remainder_fraction=100.0000%, Lmin=-139961.79, Lmax=-139922.37
11:50:40 [ultranest] [DEBUG] iteration=2200, ncalls=3262, regioncalls=115560, ndraw=40, logz=-139970.11, remainder_fraction=100.0000%, Lmin=-139960.72, Lmax=-139922.37
11:50:40 [ultranest] [DEBUG] iteration=2223, ncalls=3289, regioncalls=116640, ndraw=40, logz=-139968.29, remainder_fraction=100.0000%, Lmin=-139958.82, Lmax=-139922.37
11:50:41 [ultranest] [DEBUG] iteration=2240, ncalls=3311, regioncalls=117520, ndraw=40, logz=-139966.96, remainder_fraction=100.0000%, Lmin=-139957.52, Lmax=-139922.37
11:50:41 [ultranest] [DEBUG] iteration=2261, ncalls=3337, regioncalls=118560, ndraw=40, logz=-139965.08, remainder_fraction=100.0000%, Lmin=-139955.44, Lmax=-139922.37
11:50:41 [ultranest] [DEBUG] iteration=2280, ncalls=3364, regioncalls=119640, ndraw=40, logz=-139963.41, remainder_fraction=100.0000%, Lmin=-139953.89, Lmax=-139922.37
11:50:41 [ultranest] [DEBUG] iteration=2299, ncalls=3393, regioncalls=120800, ndraw=40, logz=-139962.01, remainder_fraction=100.0000%, Lmin=-139952.58, Lmax=-139922.37
11:50:41 [ultranest] [DEBUG] iteration=2320, ncalls=3418, regioncalls=121800, ndraw=40, logz=-139960.47, remainder_fraction=100.0000%, Lmin=-139950.74, Lmax=-139922.37
11:50:41 [ultranest] [DEBUG] iteration=2338, ncalls=3447, regioncalls=122960, ndraw=40, logz=-139958.96, remainder_fraction=100.0000%, Lmin=-139949.59, Lmax=-139922.37
11:50:41 [ultranest] [DEBUG] iteration=2360, ncalls=3474, regioncalls=124040, ndraw=40, logz=-139957.51, remainder_fraction=100.0000%, Lmin=-139948.15, Lmax=-139922.37
11:50:41 [ultranest] [DEBUG] iteration=2379, ncalls=3502, regioncalls=125160, ndraw=40, logz=-139956.18, remainder_fraction=100.0000%, Lmin=-139946.63, Lmax=-139922.37
11:50:41 [ultranest] [DEBUG] iteration=2398, ncalls=3531, regioncalls=126320, ndraw=40, logz=-139954.84, remainder_fraction=100.0000%, Lmin=-139945.51, Lmax=-139922.37
11:50:41 [ultranest] [DEBUG] iteration=2400, ncalls=3533, regioncalls=126400, ndraw=40, logz=-139954.73, remainder_fraction=100.0000%, Lmin=-139945.30, Lmax=-139922.37
11:50:41 [ultranest] [DEBUG] iteration=2420, ncalls=3561, regioncalls=127520, ndraw=40, logz=-139953.56, remainder_fraction=100.0000%, Lmin=-139944.13, Lmax=-139922.37
11:50:42 [ultranest] [DEBUG] iteration=2424, ncalls=3569, regioncalls=128000, ndraw=40, logz=-139953.33, remainder_fraction=100.0000%, Lmin=-139943.88, Lmax=-139922.37
11:50:42 [ultranest] [DEBUG] iteration=2440, ncalls=3588, regioncalls=128760, ndraw=40, logz=-139952.37, remainder_fraction=100.0000%, Lmin=-139942.82, Lmax=-139922.37
11:50:42 [ultranest] [DEBUG] iteration=2462, ncalls=3616, regioncalls=129880, ndraw=40, logz=-139950.87, remainder_fraction=100.0000%, Lmin=-139941.19, Lmax=-139922.37
11:50:42 [ultranest] [DEBUG] iteration=2480, ncalls=3639, regioncalls=130800, ndraw=40, logz=-139949.63, remainder_fraction=100.0000%, Lmin=-139940.05, Lmax=-139922.37
11:50:42 [ultranest] [DEBUG] iteration=2501, ncalls=3667, regioncalls=131920, ndraw=40, logz=-139948.58, remainder_fraction=100.0000%, Lmin=-139939.14, Lmax=-139922.37
11:50:42 [ultranest] [DEBUG] iteration=2510, ncalls=3683, regioncalls=132600, ndraw=40, logz=-139948.18, remainder_fraction=100.0000%, Lmin=-139938.77, Lmax=-139922.37
11:50:42 [ultranest] [DEBUG] iteration=2520, ncalls=3695, regioncalls=133080, ndraw=40, logz=-139947.76, remainder_fraction=100.0000%, Lmin=-139938.51, Lmax=-139922.37
11:50:42 [ultranest] [DEBUG] iteration=2543, ncalls=3722, regioncalls=134160, ndraw=40, logz=-139946.82, remainder_fraction=100.0000%, Lmin=-139937.38, Lmax=-139922.37
11:50:42 [ultranest] [DEBUG] iteration=2560, ncalls=3742, regioncalls=134960, ndraw=40, logz=-139946.09, remainder_fraction=99.9999%, Lmin=-139936.65, Lmax=-139922.37
11:50:42 [ultranest] [DEBUG] iteration=2578, ncalls=3771, regioncalls=136120, ndraw=40, logz=-139945.34, remainder_fraction=99.9999%, Lmin=-139935.89, Lmax=-139922.37
11:50:42 [ultranest] [DEBUG] iteration=2596, ncalls=3796, regioncalls=137200, ndraw=40, logz=-139944.65, remainder_fraction=99.9998%, Lmin=-139935.25, Lmax=-139922.37
11:50:42 [ultranest] [DEBUG] iteration=2600, ncalls=3800, regioncalls=137360, ndraw=40, logz=-139944.51, remainder_fraction=99.9997%, Lmin=-139935.19, Lmax=-139922.37
11:50:42 [ultranest] [DEBUG] iteration=2620, ncalls=3828, regioncalls=138480, ndraw=40, logz=-139943.82, remainder_fraction=99.9995%, Lmin=-139934.33, Lmax=-139922.37
11:50:43 [ultranest] [DEBUG] iteration=2640, ncalls=3855, regioncalls=139560, ndraw=40, logz=-139943.15, remainder_fraction=99.9989%, Lmin=-139933.80, Lmax=-139922.37
11:50:43 [ultranest] [DEBUG] iteration=2662, ncalls=3883, regioncalls=140680, ndraw=40, logz=-139942.47, remainder_fraction=99.9980%, Lmin=-139932.98, Lmax=-139922.37
11:50:43 [ultranest] [DEBUG] iteration=2678, ncalls=3913, regioncalls=141880, ndraw=40, logz=-139941.94, remainder_fraction=99.9965%, Lmin=-139932.53, Lmax=-139922.37
11:50:43 [ultranest] [DEBUG] iteration=2680, ncalls=3917, regioncalls=142040, ndraw=40, logz=-139941.88, remainder_fraction=99.9963%, Lmin=-139932.47, Lmax=-139922.37
11:50:43 [ultranest] [DEBUG] iteration=2699, ncalls=3944, regioncalls=143120, ndraw=40, logz=-139941.36, remainder_fraction=99.9940%, Lmin=-139932.10, Lmax=-139922.37
11:50:43 [ultranest] [DEBUG] iteration=2720, ncalls=3972, regioncalls=144240, ndraw=40, logz=-139940.85, remainder_fraction=99.9899%, Lmin=-139931.52, Lmax=-139922.37
11:50:43 [ultranest] [DEBUG] iteration=2738, ncalls=4001, regioncalls=145400, ndraw=40, logz=-139940.43, remainder_fraction=99.9841%, Lmin=-139931.11, Lmax=-139922.37
11:50:43 [ultranest] [DEBUG] iteration=2756, ncalls=4031, regioncalls=146600, ndraw=40, logz=-139940.03, remainder_fraction=99.9760%, Lmin=-139930.67, Lmax=-139922.37
11:50:43 [ultranest] [DEBUG] iteration=2760, ncalls=4038, regioncalls=146880, ndraw=40, logz=-139939.95, remainder_fraction=99.9735%, Lmin=-139930.66, Lmax=-139922.37
11:50:43 [ultranest] [DEBUG] iteration=2768, ncalls=4048, regioncalls=147320, ndraw=40, logz=-139939.78, remainder_fraction=99.9683%, Lmin=-139930.52, Lmax=-139922.37
11:50:43 [ultranest] [DEBUG] iteration=2792, ncalls=4075, regioncalls=148400, ndraw=40, logz=-139939.35, remainder_fraction=99.9503%, Lmin=-139930.25, Lmax=-139922.37
11:50:43 [ultranest] [DEBUG] iteration=2800, ncalls=4083, regioncalls=148720, ndraw=40, logz=-139939.23, remainder_fraction=99.9439%, Lmin=-139930.16, Lmax=-139922.37
11:50:43 [ultranest] [DEBUG] iteration=2823, ncalls=4110, regioncalls=149800, ndraw=40, logz=-139938.87, remainder_fraction=99.9203%, Lmin=-139929.63, Lmax=-139922.37
11:50:44 [ultranest] [DEBUG] iteration=2840, ncalls=4134, regioncalls=150760, ndraw=40, logz=-139938.59, remainder_fraction=99.8942%, Lmin=-139929.40, Lmax=-139922.37
11:50:44 [ultranest] [DEBUG] iteration=2854, ncalls=4156, regioncalls=151680, ndraw=40, logz=-139938.38, remainder_fraction=99.8653%, Lmin=-139929.15, Lmax=-139922.37
11:50:44 [ultranest] [DEBUG] iteration=2876, ncalls=4184, regioncalls=152800, ndraw=40, logz=-139938.04, remainder_fraction=99.8114%, Lmin=-139928.81, Lmax=-139922.37
11:50:44 [ultranest] [DEBUG] iteration=2880, ncalls=4189, regioncalls=153000, ndraw=40, logz=-139937.99, remainder_fraction=99.7996%, Lmin=-139928.74, Lmax=-139922.37
11:50:44 [ultranest] [DEBUG] iteration=2903, ncalls=4217, regioncalls=154120, ndraw=40, logz=-139937.67, remainder_fraction=99.7310%, Lmin=-139928.45, Lmax=-139922.37
11:50:44 [ultranest] [DEBUG] iteration=2920, ncalls=4241, regioncalls=155080, ndraw=40, logz=-139937.42, remainder_fraction=99.6544%, Lmin=-139928.14, Lmax=-139922.37
11:50:44 [ultranest] [DEBUG] iteration=2939, ncalls=4269, regioncalls=156200, ndraw=40, logz=-139937.17, remainder_fraction=99.5613%, Lmin=-139927.93, Lmax=-139922.37
11:50:44 [ultranest] [DEBUG] iteration=2940, ncalls=4271, regioncalls=156320, ndraw=40, logz=-139937.16, remainder_fraction=99.5553%, Lmin=-139927.92, Lmax=-139922.37
11:50:44 [ultranest] [DEBUG] iteration=2960, ncalls=4299, regioncalls=157440, ndraw=40, logz=-139936.90, remainder_fraction=99.4235%, Lmin=-139927.63, Lmax=-139922.37
11:50:44 [ultranest] [DEBUG] iteration=2982, ncalls=4328, regioncalls=158600, ndraw=40, logz=-139936.65, remainder_fraction=99.2757%, Lmin=-139927.43, Lmax=-139922.36
11:50:44 [ultranest] [DEBUG] iteration=3000, ncalls=4351, regioncalls=159520, ndraw=40, logz=-139936.45, remainder_fraction=99.1240%, Lmin=-139927.19, Lmax=-139922.35
11:50:44 [ultranest] [DEBUG] iteration=3022, ncalls=4380, regioncalls=160680, ndraw=40, logz=-139936.22, remainder_fraction=98.8827%, Lmin=-139926.99, Lmax=-139922.35
11:50:45 [ultranest] [DEBUG] iteration=3026, ncalls=4387, regioncalls=161000, ndraw=40, logz=-139936.18, remainder_fraction=98.8377%, Lmin=-139926.93, Lmax=-139922.35
11:50:45 [ultranest] [DEBUG] iteration=3040, ncalls=4405, regioncalls=161720, ndraw=40, logz=-139936.04, remainder_fraction=98.6624%, Lmin=-139926.81, Lmax=-139922.35
11:50:45 [ultranest] [DEBUG] iteration=3063, ncalls=4433, regioncalls=162840, ndraw=40, logz=-139935.81, remainder_fraction=98.3115%, Lmin=-139926.47, Lmax=-139922.35
11:50:45 [ultranest] [DEBUG] iteration=3080, ncalls=4453, regioncalls=163640, ndraw=40, logz=-139935.64, remainder_fraction=98.0189%, Lmin=-139926.33, Lmax=-139922.35
11:50:45 [ultranest] [DEBUG] iteration=3098, ncalls=4482, regioncalls=164800, ndraw=40, logz=-139935.47, remainder_fraction=97.6594%, Lmin=-139926.20, Lmax=-139922.35
11:50:45 [ultranest] [DEBUG] iteration=3112, ncalls=4499, regioncalls=165560, ndraw=40, logz=-139935.35, remainder_fraction=97.3829%, Lmin=-139926.08, Lmax=-139922.35
11:50:45 [ultranest] [DEBUG] iteration=3120, ncalls=4507, regioncalls=165880, ndraw=40, logz=-139935.29, remainder_fraction=97.2190%, Lmin=-139925.97, Lmax=-139922.35
11:50:45 [ultranest] [DEBUG] iteration=3141, ncalls=4535, regioncalls=167000, ndraw=40, logz=-139935.11, remainder_fraction=96.6322%, Lmin=-139925.80, Lmax=-139922.35
11:50:45 [ultranest] [DEBUG] iteration=3160, ncalls=4557, regioncalls=167880, ndraw=40, logz=-139934.96, remainder_fraction=96.1316%, Lmin=-139925.58, Lmax=-139922.35
11:50:45 [ultranest] [DEBUG] iteration=3181, ncalls=4585, regioncalls=169040, ndraw=40, logz=-139934.79, remainder_fraction=95.3622%, Lmin=-139925.37, Lmax=-139922.35
11:50:45 [ultranest] [DEBUG] iteration=3198, ncalls=4604, regioncalls=169840, ndraw=40, logz=-139934.65, remainder_fraction=94.6496%, Lmin=-139925.24, Lmax=-139922.35
11:50:45 [ultranest] [DEBUG] iteration=3200, ncalls=4609, regioncalls=170080, ndraw=40, logz=-139934.64, remainder_fraction=94.5634%, Lmin=-139925.22, Lmax=-139922.35
11:50:45 [ultranest] [DEBUG] iteration=3219, ncalls=4637, regioncalls=171440, ndraw=40, logz=-139934.49, remainder_fraction=93.6626%, Lmin=-139925.04, Lmax=-139922.35
11:50:46 [ultranest] [DEBUG] iteration=3240, ncalls=4665, regioncalls=172560, ndraw=40, logz=-139934.34, remainder_fraction=92.5385%, Lmin=-139924.90, Lmax=-139922.35
11:50:46 [ultranest] [DEBUG] iteration=3260, ncalls=4693, regioncalls=173680, ndraw=40, logz=-139934.19, remainder_fraction=91.3829%, Lmin=-139924.72, Lmax=-139922.35
11:50:46 [ultranest] [DEBUG] iteration=3278, ncalls=4723, regioncalls=174880, ndraw=40, logz=-139934.07, remainder_fraction=90.2202%, Lmin=-139924.63, Lmax=-139922.35
11:50:46 [ultranest] [DEBUG] iteration=3280, ncalls=4725, regioncalls=174960, ndraw=40, logz=-139934.06, remainder_fraction=90.1172%, Lmin=-139924.61, Lmax=-139922.35
11:50:46 [ultranest] [DEBUG] iteration=3284, ncalls=4731, regioncalls=175240, ndraw=40, logz=-139934.03, remainder_fraction=89.8642%, Lmin=-139924.61, Lmax=-139922.35
11:50:46 [ultranest] [DEBUG] iteration=3307, ncalls=4757, regioncalls=176280, ndraw=40, logz=-139933.90, remainder_fraction=88.4196%, Lmin=-139924.49, Lmax=-139922.35
11:50:46 [ultranest] [DEBUG] iteration=3320, ncalls=4772, regioncalls=176880, ndraw=40, logz=-139933.82, remainder_fraction=87.6266%, Lmin=-139924.40, Lmax=-139922.35
11:50:46 [ultranest] [DEBUG] iteration=3343, ncalls=4798, regioncalls=177920, ndraw=40, logz=-139933.70, remainder_fraction=85.9431%, Lmin=-139924.28, Lmax=-139922.35
11:50:46 [ultranest] [DEBUG] iteration=3360, ncalls=4821, regioncalls=178840, ndraw=40, logz=-139933.61, remainder_fraction=84.6414%, Lmin=-139924.20, Lmax=-139922.35
11:50:46 [ultranest] [DEBUG] iteration=3370, ncalls=4833, regioncalls=179360, ndraw=40, logz=-139933.56, remainder_fraction=83.8302%, Lmin=-139924.15, Lmax=-139922.35
11:50:46 [ultranest] [DEBUG] iteration=3392, ncalls=4861, regioncalls=180480, ndraw=40, logz=-139933.45, remainder_fraction=82.0715%, Lmin=-139924.05, Lmax=-139922.35
11:50:46 [ultranest] [DEBUG] iteration=3400, ncalls=4870, regioncalls=180840, ndraw=40, logz=-139933.42, remainder_fraction=81.3717%, Lmin=-139924.01, Lmax=-139922.35
11:50:46 [ultranest] [DEBUG] iteration=3422, ncalls=4897, regioncalls=181920, ndraw=40, logz=-139933.32, remainder_fraction=79.4751%, Lmin=-139923.94, Lmax=-139922.35
11:50:47 [ultranest] [DEBUG] iteration=3440, ncalls=4922, regioncalls=182920, ndraw=40, logz=-139933.25, remainder_fraction=77.8079%, Lmin=-139923.88, Lmax=-139922.35
11:50:47 [ultranest] [DEBUG] iteration=3458, ncalls=4948, regioncalls=183960, ndraw=40, logz=-139933.18, remainder_fraction=76.1048%, Lmin=-139923.79, Lmax=-139922.35
11:50:47 [ultranest] [DEBUG] iteration=3480, ncalls=4975, regioncalls=185040, ndraw=40, logz=-139933.10, remainder_fraction=73.8872%, Lmin=-139923.71, Lmax=-139922.35
11:50:47 [ultranest] [DEBUG] iteration=3500, ncalls=5003, regioncalls=186160, ndraw=40, logz=-139933.03, remainder_fraction=72.0756%, Lmin=-139923.63, Lmax=-139922.35
11:50:47 [ultranest] [DEBUG] iteration=3520, ncalls=5028, regioncalls=187160, ndraw=40, logz=-139932.96, remainder_fraction=70.1495%, Lmin=-139923.57, Lmax=-139922.35
11:50:47 [ultranest] [DEBUG] iteration=3541, ncalls=5057, regioncalls=188320, ndraw=40, logz=-139932.89, remainder_fraction=68.1586%, Lmin=-139923.50, Lmax=-139922.35
11:50:47 [ultranest] [DEBUG] iteration=3542, ncalls=5058, regioncalls=188400, ndraw=40, logz=-139932.89, remainder_fraction=68.0519%, Lmin=-139923.50, Lmax=-139922.35
11:50:47 [ultranest] [DEBUG] iteration=3560, ncalls=5077, regioncalls=189160, ndraw=40, logz=-139932.84, remainder_fraction=66.3788%, Lmin=-139923.46, Lmax=-139922.35
11:50:47 [ultranest] [DEBUG] iteration=3579, ncalls=5105, regioncalls=190280, ndraw=40, logz=-139932.78, remainder_fraction=64.4848%, Lmin=-139923.40, Lmax=-139922.35
11:50:47 [ultranest] [DEBUG] iteration=3596, ncalls=5134, regioncalls=191440, ndraw=40, logz=-139932.74, remainder_fraction=62.7617%, Lmin=-139923.36, Lmax=-139922.35
11:50:47 [ultranest] [DEBUG] iteration=3600, ncalls=5141, regioncalls=191720, ndraw=40, logz=-139932.73, remainder_fraction=62.4377%, Lmin=-139923.36, Lmax=-139922.35
11:50:47 [ultranest] [DEBUG] iteration=3625, ncalls=5167, regioncalls=192760, ndraw=40, logz=-139932.66, remainder_fraction=60.1711%, Lmin=-139923.30, Lmax=-139922.34
11:50:47 [ultranest] [DEBUG] iteration=3628, ncalls=5171, regioncalls=192960, ndraw=40, logz=-139932.66, remainder_fraction=59.8554%, Lmin=-139923.30, Lmax=-139922.34
11:50:48 [ultranest] [DEBUG] iteration=3640, ncalls=5185, regioncalls=193520, ndraw=40, logz=-139932.63, remainder_fraction=58.7346%, Lmin=-139923.26, Lmax=-139922.34
11:50:48 [ultranest] [DEBUG] iteration=3665, ncalls=5212, regioncalls=194600, ndraw=40, logz=-139932.57, remainder_fraction=56.3146%, Lmin=-139923.19, Lmax=-139922.34
11:50:48 [ultranest] [DEBUG] iteration=3680, ncalls=5232, regioncalls=195400, ndraw=40, logz=-139932.54, remainder_fraction=54.9488%, Lmin=-139923.17, Lmax=-139922.34
11:50:48 [ultranest] [DEBUG] iteration=3700, ncalls=5260, regioncalls=196520, ndraw=40, logz=-139932.50, remainder_fraction=53.1488%, Lmin=-139923.15, Lmax=-139922.34
11:50:48 [ultranest] [DEBUG] iteration=3719, ncalls=5287, regioncalls=197600, ndraw=40, logz=-139932.46, remainder_fraction=51.4305%, Lmin=-139923.11, Lmax=-139922.34
11:50:48 [ultranest] [DEBUG] iteration=3720, ncalls=5288, regioncalls=197640, ndraw=40, logz=-139932.46, remainder_fraction=51.3624%, Lmin=-139923.11, Lmax=-139922.34
11:50:48 [ultranest] [DEBUG] iteration=3739, ncalls=5316, regioncalls=198760, ndraw=40, logz=-139932.43, remainder_fraction=49.7452%, Lmin=-139923.08, Lmax=-139922.34
11:50:48 [ultranest] [DEBUG] iteration=3760, ncalls=5343, regioncalls=199840, ndraw=40, logz=-139932.39, remainder_fraction=48.0611%, Lmin=-139923.04, Lmax=-139922.34
11:50:48 [ultranest] [DEBUG] iteration=3778, ncalls=5371, regioncalls=200960, ndraw=40, logz=-139932.36, remainder_fraction=46.6249%, Lmin=-139923.00, Lmax=-139922.34
11:50:48 [ultranest] [DEBUG] iteration=3797, ncalls=5399, regioncalls=202080, ndraw=40, logz=-139932.33, remainder_fraction=45.0693%, Lmin=-139922.97, Lmax=-139922.34
11:50:48 [ultranest] [DEBUG] iteration=3800, ncalls=5403, regioncalls=202320, ndraw=40, logz=-139932.33, remainder_fraction=44.8029%, Lmin=-139922.96, Lmax=-139922.34
11:50:48 [ultranest] [DEBUG] iteration=3823, ncalls=5430, regioncalls=203400, ndraw=40, logz=-139932.29, remainder_fraction=42.8825%, Lmin=-139922.93, Lmax=-139922.34
11:50:49 [ultranest] [DEBUG] iteration=3840, ncalls=5455, regioncalls=204440, ndraw=40, logz=-139932.27, remainder_fraction=41.4525%, Lmin=-139922.91, Lmax=-139922.34
11:50:49 [ultranest] [DEBUG] iteration=3861, ncalls=5483, regioncalls=205560, ndraw=40, logz=-139932.24, remainder_fraction=39.8041%, Lmin=-139922.89, Lmax=-139922.34
11:50:49 [ultranest] [DEBUG] iteration=3880, ncalls=5505, regioncalls=206440, ndraw=40, logz=-139932.22, remainder_fraction=38.3693%, Lmin=-139922.86, Lmax=-139922.34
11:50:49 [ultranest] [DEBUG] iteration=3896, ncalls=5532, regioncalls=207520, ndraw=40, logz=-139932.20, remainder_fraction=37.1504%, Lmin=-139922.83, Lmax=-139922.34
11:50:49 [ultranest] [DEBUG] iteration=3914, ncalls=5560, regioncalls=208640, ndraw=40, logz=-139932.18, remainder_fraction=35.8583%, Lmin=-139922.81, Lmax=-139922.34
11:50:49 [ultranest] [DEBUG] iteration=3920, ncalls=5570, regioncalls=209040, ndraw=40, logz=-139932.17, remainder_fraction=35.4732%, Lmin=-139922.80, Lmax=-139922.34
11:50:49 [ultranest] [DEBUG] iteration=3941, ncalls=5598, regioncalls=210160, ndraw=40, logz=-139932.15, remainder_fraction=33.9308%, Lmin=-139922.78, Lmax=-139922.34
11:50:49 [ultranest] [DEBUG] iteration=3960, ncalls=5622, regioncalls=211120, ndraw=40, logz=-139932.13, remainder_fraction=32.5832%, Lmin=-139922.76, Lmax=-139922.34
11:50:49 [ultranest] [DEBUG] iteration=3972, ncalls=5637, regioncalls=211800, ndraw=40, logz=-139932.11, remainder_fraction=31.7599%, Lmin=-139922.75, Lmax=-139922.34
11:50:49 [ultranest] [DEBUG] iteration=3989, ncalls=5666, regioncalls=212960, ndraw=40, logz=-139932.10, remainder_fraction=30.6772%, Lmin=-139922.73, Lmax=-139922.34
11:50:49 [ultranest] [DEBUG] iteration=4000, ncalls=5680, regioncalls=213520, ndraw=40, logz=-139932.09, remainder_fraction=29.9384%, Lmin=-139922.72, Lmax=-139922.34
11:50:49 [ultranest] [DEBUG] iteration=4019, ncalls=5709, regioncalls=214680, ndraw=40, logz=-139932.07, remainder_fraction=28.7615%, Lmin=-139922.69, Lmax=-139922.34
11:50:50 [ultranest] [DEBUG] iteration=4037, ncalls=5740, regioncalls=215920, ndraw=40, logz=-139932.06, remainder_fraction=27.6723%, Lmin=-139922.68, Lmax=-139922.34
11:50:50 [ultranest] [DEBUG] iteration=4040, ncalls=5746, regioncalls=216160, ndraw=40, logz=-139932.05, remainder_fraction=27.4867%, Lmin=-139922.68, Lmax=-139922.34
11:50:50 [ultranest] [DEBUG] iteration=4060, ncalls=5772, regioncalls=217200, ndraw=40, logz=-139932.04, remainder_fraction=26.3203%, Lmin=-139922.66, Lmax=-139922.34
11:50:50 [ultranest] [DEBUG] iteration=4079, ncalls=5801, regioncalls=218360, ndraw=40, logz=-139932.02, remainder_fraction=25.2541%, Lmin=-139922.64, Lmax=-139922.34
11:50:50 [ultranest] [DEBUG] iteration=4080, ncalls=5803, regioncalls=218440, ndraw=40, logz=-139932.02, remainder_fraction=25.1940%, Lmin=-139922.64, Lmax=-139922.34
11:50:50 [ultranest] [DEBUG] iteration=4098, ncalls=5832, regioncalls=219600, ndraw=40, logz=-139932.01, remainder_fraction=24.2146%, Lmin=-139922.63, Lmax=-139922.34
11:50:50 [ultranest] [DEBUG] iteration=4115, ncalls=5861, regioncalls=220760, ndraw=40, logz=-139932.00, remainder_fraction=23.3045%, Lmin=-139922.62, Lmax=-139922.34
11:50:50 [ultranest] [DEBUG] iteration=4120, ncalls=5870, regioncalls=221120, ndraw=40, logz=-139931.99, remainder_fraction=23.0389%, Lmin=-139922.61, Lmax=-139922.34
11:50:50 [ultranest] [DEBUG] iteration=4137, ncalls=5899, regioncalls=222280, ndraw=40, logz=-139931.98, remainder_fraction=22.1360%, Lmin=-139922.60, Lmax=-139922.34
11:50:50 [ultranest] [DEBUG] iteration=4144, ncalls=5911, regioncalls=222800, ndraw=40, logz=-139931.98, remainder_fraction=21.7839%, Lmin=-139922.59, Lmax=-139922.34
11:50:50 [ultranest] [DEBUG] iteration=4160, ncalls=5933, regioncalls=223720, ndraw=40, logz=-139931.97, remainder_fraction=20.9913%, Lmin=-139922.58, Lmax=-139922.34
11:50:50 [ultranest] [DEBUG] iteration=4183, ncalls=5960, regioncalls=224800, ndraw=40, logz=-139931.95, remainder_fraction=19.9018%, Lmin=-139922.57, Lmax=-139922.34
11:50:50 [ultranest] [DEBUG] iteration=4200, ncalls=5983, regioncalls=225720, ndraw=40, logz=-139931.94, remainder_fraction=19.1366%, Lmin=-139922.56, Lmax=-139922.34
11:50:51 [ultranest] [DEBUG] iteration=4225, ncalls=6011, regioncalls=226840, ndraw=40, logz=-139931.93, remainder_fraction=18.0473%, Lmin=-139922.55, Lmax=-139922.34
11:50:51 [ultranest] [DEBUG] iteration=4230, ncalls=6020, regioncalls=227240, ndraw=40, logz=-139931.93, remainder_fraction=17.8314%, Lmin=-139922.55, Lmax=-139922.34
11:50:51 [ultranest] [DEBUG] iteration=4240, ncalls=6032, regioncalls=227720, ndraw=40, logz=-139931.92, remainder_fraction=17.4177%, Lmin=-139922.54, Lmax=-139922.34
11:50:51 [ultranest] [DEBUG] iteration=4261, ncalls=6060, regioncalls=228840, ndraw=40, logz=-139931.91, remainder_fraction=16.5740%, Lmin=-139922.53, Lmax=-139922.34
11:50:51 [ultranest] [DEBUG] iteration=4278, ncalls=6089, regioncalls=230000, ndraw=40, logz=-139931.91, remainder_fraction=15.9010%, Lmin=-139922.52, Lmax=-139922.34
11:50:51 [ultranest] [DEBUG] iteration=4280, ncalls=6091, regioncalls=230080, ndraw=40, logz=-139931.90, remainder_fraction=15.8257%, Lmin=-139922.52, Lmax=-139922.34
11:50:51 [ultranest] [DEBUG] iteration=4301, ncalls=6119, regioncalls=231200, ndraw=40, logz=-139931.90, remainder_fraction=15.0549%, Lmin=-139922.51, Lmax=-139922.34
11:50:51 [ultranest] [DEBUG] iteration=4316, ncalls=6138, regioncalls=232000, ndraw=40, logz=-139931.89, remainder_fraction=14.5159%, Lmin=-139922.50, Lmax=-139922.34
11:50:51 [ultranest] [DEBUG] iteration=4320, ncalls=6143, regioncalls=232200, ndraw=40, logz=-139931.89, remainder_fraction=14.3742%, Lmin=-139922.50, Lmax=-139922.34
11:50:51 [ultranest] [DEBUG] iteration=4345, ncalls=6169, regioncalls=233240, ndraw=40, logz=-139931.88, remainder_fraction=13.5368%, Lmin=-139922.49, Lmax=-139922.34
11:50:51 [ultranest] [DEBUG] iteration=4360, ncalls=6186, regioncalls=233920, ndraw=40, logz=-139931.87, remainder_fraction=13.0594%, Lmin=-139922.48, Lmax=-139922.34
11:50:51 [ultranest] [DEBUG] iteration=4379, ncalls=6215, regioncalls=235080, ndraw=40, logz=-139931.87, remainder_fraction=12.4686%, Lmin=-139922.48, Lmax=-139922.34
11:50:51 [ultranest] [DEBUG] iteration=4399, ncalls=6243, regioncalls=236200, ndraw=40, logz=-139931.86, remainder_fraction=11.8775%, Lmin=-139922.47, Lmax=-139922.34
11:50:51 [ultranest] [DEBUG] iteration=4400, ncalls=6244, regioncalls=236240, ndraw=40, logz=-139931.86, remainder_fraction=11.8484%, Lmin=-139922.47, Lmax=-139922.34
11:50:51 [ultranest] [DEBUG] iteration=4402, ncalls=6246, regioncalls=236400, ndraw=40, logz=-139931.86, remainder_fraction=11.7909%, Lmin=-139922.47, Lmax=-139922.34
11:50:52 [ultranest] [DEBUG] iteration=4425, ncalls=6273, regioncalls=237480, ndraw=40, logz=-139931.85, remainder_fraction=11.1572%, Lmin=-139922.47, Lmax=-139922.34
11:50:52 [ultranest] [DEBUG] iteration=4440, ncalls=6288, regioncalls=238080, ndraw=40, logz=-139931.85, remainder_fraction=10.7569%, Lmin=-139922.46, Lmax=-139922.34
11:50:52 [ultranest] [DEBUG] iteration=4461, ncalls=6315, regioncalls=239160, ndraw=40, logz=-139931.84, remainder_fraction=10.2142%, Lmin=-139922.46, Lmax=-139922.34
11:50:52 [ultranest] [DEBUG] iteration=4480, ncalls=6344, regioncalls=240320, ndraw=40, logz=-139931.83, remainder_fraction=9.7482%, Lmin=-139922.45, Lmax=-139922.34
11:50:52 [ultranest] [DEBUG] iteration=4497, ncalls=6370, regioncalls=241360, ndraw=40, logz=-139931.83, remainder_fraction=9.3452%, Lmin=-139922.45, Lmax=-139922.34
11:50:52 [ultranest] [DEBUG] iteration=4518, ncalls=6398, regioncalls=242480, ndraw=40, logz=-139931.83, remainder_fraction=8.8742%, Lmin=-139922.44, Lmax=-139922.34
11:50:52 [ultranest] [DEBUG] iteration=4520, ncalls=6402, regioncalls=242640, ndraw=40, logz=-139931.82, remainder_fraction=8.8295%, Lmin=-139922.44, Lmax=-139922.34
11:50:52 [ultranest] [DEBUG] iteration=4544, ncalls=6430, regioncalls=243760, ndraw=40, logz=-139931.82, remainder_fraction=8.3166%, Lmin=-139922.43, Lmax=-139922.34
11:50:52 [ultranest] [DEBUG] iteration=4560, ncalls=6452, regioncalls=244640, ndraw=40, logz=-139931.82, remainder_fraction=7.9948%, Lmin=-139922.43, Lmax=-139922.34
11:50:52 [ultranest] [DEBUG] iteration=4574, ncalls=6476, regioncalls=245640, ndraw=40, logz=-139931.81, remainder_fraction=7.7238%, Lmin=-139922.43, Lmax=-139922.34
11:50:52 [ultranest] [DEBUG] iteration=4595, ncalls=6503, regioncalls=246720, ndraw=40, logz=-139931.81, remainder_fraction=7.3333%, Lmin=-139922.42, Lmax=-139922.34
11:50:52 [ultranest] [DEBUG] iteration=4600, ncalls=6510, regioncalls=247000, ndraw=40, logz=-139931.81, remainder_fraction=7.2429%, Lmin=-139922.42, Lmax=-139922.34
11:50:53 [ultranest] [DEBUG] iteration=4622, ncalls=6537, regioncalls=248080, ndraw=40, logz=-139931.80, remainder_fraction=6.8518%, Lmin=-139922.42, Lmax=-139922.34
11:50:53 [ultranest] [DEBUG] iteration=4640, ncalls=6562, regioncalls=249080, ndraw=40, logz=-139931.80, remainder_fraction=6.5520%, Lmin=-139922.41, Lmax=-139922.34
11:50:53 [ultranest] [DEBUG] iteration=4660, ncalls=6590, regioncalls=250280, ndraw=40, logz=-139931.80, remainder_fraction=6.2301%, Lmin=-139922.41, Lmax=-139922.34
11:50:53 [ultranest] [DEBUG] iteration=4680, ncalls=6614, regioncalls=251280, ndraw=40, logz=-139931.79, remainder_fraction=5.9252%, Lmin=-139922.40, Lmax=-139922.34
11:50:53 [ultranest] [DEBUG] iteration=4699, ncalls=6642, regioncalls=252400, ndraw=40, logz=-139931.79, remainder_fraction=5.6477%, Lmin=-139922.40, Lmax=-139922.34
11:50:53 [ultranest] [DEBUG] iteration=4720, ncalls=6667, regioncalls=253400, ndraw=40, logz=-139931.79, remainder_fraction=5.3543%, Lmin=-139922.40, Lmax=-139922.34
11:50:53 [ultranest] [DEBUG] iteration=4742, ncalls=6695, regioncalls=254520, ndraw=40, logz=-139931.78, remainder_fraction=5.0635%, Lmin=-139922.39, Lmax=-139922.34
11:50:53 [ultranest] [DEBUG] iteration=4746, ncalls=6700, regioncalls=254760, ndraw=40, logz=-139931.78, remainder_fraction=5.0124%, Lmin=-139922.39, Lmax=-139922.34
11:50:53 [ultranest] [DEBUG] iteration=4760, ncalls=6717, regioncalls=255440, ndraw=40, logz=-139931.78, remainder_fraction=4.8381%, Lmin=-139922.39, Lmax=-139922.34
11:50:53 [ultranest] [DEBUG] iteration=4783, ncalls=6744, regioncalls=256520, ndraw=40, logz=-139931.78, remainder_fraction=4.5633%, Lmin=-139922.39, Lmax=-139922.34
11:50:53 [ultranest] [DEBUG] iteration=4800, ncalls=6765, regioncalls=257360, ndraw=40, logz=-139931.78, remainder_fraction=4.3702%, Lmin=-139922.39, Lmax=-139922.34
11:50:54 [ultranest] [DEBUG] iteration=4823, ncalls=6792, regioncalls=258440, ndraw=40, logz=-139931.77, remainder_fraction=4.1218%, Lmin=-139922.38, Lmax=-139922.34
11:50:54 [ultranest] [DEBUG] iteration=4832, ncalls=6803, regioncalls=258960, ndraw=40, logz=-139931.77, remainder_fraction=4.0282%, Lmin=-139922.38, Lmax=-139922.34
11:50:54 [ultranest] [DEBUG] iteration=4840, ncalls=6813, regioncalls=259360, ndraw=40, logz=-139931.77, remainder_fraction=3.9466%, Lmin=-139922.38, Lmax=-139922.34
11:50:54 [ultranest] [DEBUG] iteration=4860, ncalls=6841, regioncalls=260480, ndraw=40, logz=-139931.77, remainder_fraction=3.7503%, Lmin=-139922.38, Lmax=-139922.34
11:50:54 [ultranest] [DEBUG] iteration=4880, ncalls=6868, regioncalls=261560, ndraw=40, logz=-139931.77, remainder_fraction=3.5638%, Lmin=-139922.38, Lmax=-139922.34
11:50:54 [ultranest] [DEBUG] iteration=4899, ncalls=6896, regioncalls=262680, ndraw=40, logz=-139931.77, remainder_fraction=3.3949%, Lmin=-139922.38, Lmax=-139922.34
11:50:54 [ultranest] [DEBUG] iteration=4918, ncalls=6923, regioncalls=263760, ndraw=40, logz=-139931.77, remainder_fraction=3.2338%, Lmin=-139922.37, Lmax=-139922.34
11:50:54 [ultranest] [DEBUG] iteration=4920, ncalls=6926, regioncalls=263880, ndraw=40, logz=-139931.77, remainder_fraction=3.2174%, Lmin=-139922.37, Lmax=-139922.34
11:50:54 [ultranest] [DEBUG] iteration=4943, ncalls=6954, regioncalls=265000, ndraw=40, logz=-139931.76, remainder_fraction=3.0332%, Lmin=-139922.37, Lmax=-139922.34
11:50:54 [ultranest] [DEBUG] iteration=4960, ncalls=6979, regioncalls=266000, ndraw=40, logz=-139931.76, remainder_fraction=2.9037%, Lmin=-139922.37, Lmax=-139922.34
11:50:54 [ultranest] [DEBUG] iteration=4981, ncalls=7007, regioncalls=267120, ndraw=40, logz=-139931.76, remainder_fraction=2.7519%, Lmin=-139922.37, Lmax=-139922.34
11:50:54 [ultranest] [DEBUG] iteration=5000, ncalls=7035, regioncalls=268240, ndraw=40, logz=-139931.76, remainder_fraction=2.6211%, Lmin=-139922.37, Lmax=-139922.34
11:50:54 [ultranest] [DEBUG] iteration=5004, ncalls=7039, regioncalls=268480, ndraw=40, logz=-139931.76, remainder_fraction=2.5944%, Lmin=-139922.37, Lmax=-139922.34
11:50:55 [ultranest] [DEBUG] iteration=5028, ncalls=7066, regioncalls=269560, ndraw=40, logz=-139931.76, remainder_fraction=2.4391%, Lmin=-139922.37, Lmax=-139922.34
11:50:55 [ultranest] [DEBUG] iteration=5040, ncalls=7082, regioncalls=270200, ndraw=40, logz=-139931.76, remainder_fraction=2.3649%, Lmin=-139922.36, Lmax=-139922.34
11:50:55 [ultranest] [DEBUG] iteration=5061, ncalls=7110, regioncalls=271320, ndraw=40, logz=-139931.75, remainder_fraction=2.2405%, Lmin=-139922.36, Lmax=-139922.34
11:50:55 [ultranest] [DEBUG] iteration=5080, ncalls=7129, regioncalls=272080, ndraw=40, logz=-139931.75, remainder_fraction=2.1336%, Lmin=-139922.36, Lmax=-139922.34
11:50:55 [ultranest] [DEBUG] iteration=5090, ncalls=7148, regioncalls=272960, ndraw=40, logz=-139931.75, remainder_fraction=2.0793%, Lmin=-139922.36, Lmax=-139922.34
11:50:55 [ultranest] [DEBUG] iteration=5111, ncalls=7176, regioncalls=274080, ndraw=40, logz=-139931.75, remainder_fraction=1.9700%, Lmin=-139922.36, Lmax=-139922.34
11:50:55 [ultranest] [DEBUG] iteration=5120, ncalls=7186, regioncalls=274480, ndraw=40, logz=-139931.75, remainder_fraction=1.9246%, Lmin=-139922.36, Lmax=-139922.34
11:50:55 [ultranest] [DEBUG] iteration=5139, ncalls=7215, regioncalls=275640, ndraw=40, logz=-139931.75, remainder_fraction=1.8327%, Lmin=-139922.36, Lmax=-139922.34
11:50:55 [ultranest] [DEBUG] iteration=5160, ncalls=7243, regioncalls=276760, ndraw=40, logz=-139931.75, remainder_fraction=1.7361%, Lmin=-139922.36, Lmax=-139922.34
11:50:55 [ultranest] [DEBUG] iteration=5180, ncalls=7268, regioncalls=277760, ndraw=40, logz=-139931.75, remainder_fraction=1.6487%, Lmin=-139922.36, Lmax=-139922.34
11:50:55 [ultranest] [DEBUG] iteration=5200, ncalls=7294, regioncalls=278800, ndraw=40, logz=-139931.75, remainder_fraction=1.5659%, Lmin=-139922.36, Lmax=-139922.34
11:50:56 [ultranest] [DEBUG] iteration=5218, ncalls=7322, regioncalls=279920, ndraw=40, logz=-139931.75, remainder_fraction=1.4949%, Lmin=-139922.36, Lmax=-139922.34
11:50:56 [ultranest] [DEBUG] iteration=5239, ncalls=7350, regioncalls=281040, ndraw=40, logz=-139931.75, remainder_fraction=1.4161%, Lmin=-139922.36, Lmax=-139922.34
11:50:56 [ultranest] [DEBUG] iteration=5240, ncalls=7351, regioncalls=281080, ndraw=40, logz=-139931.75, remainder_fraction=1.4124%, Lmin=-139922.36, Lmax=-139922.34
11:50:56 [ultranest] [DEBUG] iteration=5260, ncalls=7378, regioncalls=282160, ndraw=40, logz=-139931.75, remainder_fraction=1.3413%, Lmin=-139922.35, Lmax=-139922.34
11:50:56 [ultranest] [DEBUG] iteration=5262, ncalls=7380, regioncalls=282280, ndraw=40, logz=-139931.75, remainder_fraction=1.3343%, Lmin=-139922.35, Lmax=-139922.34
11:50:56 [ultranest] [DEBUG] iteration=5280, ncalls=7398, regioncalls=283040, ndraw=40, logz=-139931.75, remainder_fraction=1.2736%, Lmin=-139922.35, Lmax=-139922.34
11:50:56 [ultranest] [DEBUG] iteration=5303, ncalls=7425, regioncalls=284120, ndraw=40, logz=-139931.74, remainder_fraction=1.2001%, Lmin=-139922.35, Lmax=-139922.34
11:50:56 [ultranest] [DEBUG] iteration=5320, ncalls=7448, regioncalls=285040, ndraw=40, logz=-139931.74, remainder_fraction=1.1484%, Lmin=-139922.35, Lmax=-139922.34
11:50:56 [ultranest] [DEBUG] iteration=5342, ncalls=7478, regioncalls=286240, ndraw=40, logz=-139931.74, remainder_fraction=1.0849%, Lmin=-139922.35, Lmax=-139922.34
11:50:56 [ultranest] [DEBUG] iteration=5348, ncalls=7485, regioncalls=286640, ndraw=40, logz=-139931.74, remainder_fraction=1.0682%, Lmin=-139922.35, Lmax=-139922.34
11:50:56 [ultranest] [DEBUG] iteration=5360, ncalls=7498, regioncalls=287160, ndraw=40, logz=-139931.74, remainder_fraction=1.0355%, Lmin=-139922.35, Lmax=-139922.34
11:50:56 [ultranest] [INFO] Explored until L=-1e+05  
11:50:56 [ultranest] [INFO] Likelihood function evaluations: 7511
11:50:58 [ultranest] [INFO] Writing samples and results to disk ...
11:50:58 [ultranest] [INFO] Writing samples and results to disk ... done
11:50:58 [ultranest] [DEBUG] did a run_iter pass!
11:50:58 [ultranest] [INFO]   logZ = -1.399e+05 +- 0.1012
11:50:58 [ultranest] [INFO] Effective samples strategy satisfied (ESS = 1533.6, need >400)
11:50:58 [ultranest] [INFO] Posterior uncertainty strategy is satisfied (KL: 0.45+-0.07 nat, need <0.50 nat)
11:50:58 [ultranest] [INFO] Evidency uncertainty strategy is satisfied (dlogz=0.10, need <0.5)
11:50:58 [ultranest] [INFO]   logZ error budget: single: 0.15 bs:0.10 tail:0.01 total:0.10 required:<0.50
11:50:58 [ultranest] [INFO] done iterating.
11:50:58 [ultranest] [DEBUG] Making corner plot ...
11:50:58 [ultranest] [DEBUG] Making corner plot ... done
11:50:58 [ultranest] [DEBUG] Making run plot ... 
11:50:59 [ultranest] [DEBUG] Making run plot ... done
11:50:59 [ultranest] [DEBUG] Making trace plot ... 
11:50:59 [ultranest] [DEBUG] Making trace plot ... done
