15:37:53 [ultranest] [DEBUG] ReactiveNestedSampler: dims=3+0, resume=False, log_dir=./m-values/N24/S24/M24/T030/P025/NF3/sample_rho, backend=hdf5, vectorized=False, nbootstraps=30, ndraw=128..65536
15:37:53 [ultranest] [INFO] Sampling 400 live points from prior ...
15:37:54 [ultranest] [DEBUG] run_iter dlogz=0.5, dKL=0.5, frac_remain=0.01, Lepsilon=0.0010, min_ess=400
15:37:54 [ultranest] [DEBUG] max_iters=-1, max_ncalls=-1, max_num_improvement_loops=-1, min_num_live_points=400, cluster_num_live_points=40
15:37:54 [ultranest] [DEBUG] minimal_widths_sequence: [(-inf, 400.0), (inf, 400.0)]
15:37:54 [ultranest] [DEBUG] Plateau detected at L=-1.381551e+07, not replacing live point.
15:37:54 [ultranest] [DEBUG] Plateau detected at L=-1.381551e+07, not replacing live point.
15:37:54 [ultranest] [DEBUG] Plateau detected at L=-1.381551e+07, not replacing live point.
15:37:54 [ultranest] [DEBUG] Plateau detected at L=-1.381551e+07, not replacing live point.
15:37:54 [ultranest] [DEBUG] Plateau detected at L=-1.381551e+07, not replacing live point.
15:37:54 [ultranest] [DEBUG] Plateau detected at L=-1.381551e+07, not replacing live point.
15:37:54 [ultranest] [DEBUG] Plateau detected at L=-1.381551e+07, not replacing live point.
15:37:54 [ultranest] [DEBUG] Plateau detected at L=-1.381551e+07, not replacing live point.
15:37:54 [ultranest] [DEBUG] Plateau detected at L=-1.381551e+07, not replacing live point.
15:37:54 [ultranest] [DEBUG] Plateau detected at L=-1.381551e+07, not replacing live point.
15:37:54 [ultranest] [DEBUG] Plateau detected at L=-1.381551e+07, not replacing live point.
15:37:54 [ultranest] [DEBUG] Plateau detected at L=-1.381551e+07, not replacing live point.
15:37:54 [ultranest] [DEBUG] Plateau detected at L=-1.381551e+07, not replacing live point.
15:37:54 [ultranest] [DEBUG] Plateau detected at L=-1.381551e+07, not replacing live point.
15:37:54 [ultranest] [DEBUG] Plateau detected at L=-1.381551e+07, not replacing live point.
15:37:54 [ultranest] [DEBUG] Plateau detected at L=-1.381551e+07, not replacing live point.
15:37:54 [ultranest] [DEBUG] Plateau detected at L=-1.381551e+07, not replacing live point.
15:37:54 [ultranest] [DEBUG] Plateau detected at L=-1.381551e+07, not replacing live point.
15:37:54 [ultranest] [DEBUG] Plateau detected at L=-1.381551e+07, not replacing live point.
15:37:54 [ultranest] [DEBUG] Plateau detected at L=-1.381551e+07, not replacing live point.
15:37:54 [ultranest] [DEBUG] Plateau detected at L=-1.381551e+07, not replacing live point.
15:37:54 [ultranest] [DEBUG] Plateau detected at L=-1.381551e+07, not replacing live point.
15:37:54 [ultranest] [DEBUG] Plateau detected at L=-1.381551e+07, not replacing live point.
15:37:54 [ultranest] [DEBUG] Plateau detected at L=-1.381551e+07, not replacing live point.
15:37:54 [ultranest] [DEBUG] Plateau detected at L=-1.381551e+07, not replacing live point.
15:37:54 [ultranest] [DEBUG] Plateau detected at L=-1.381551e+07, not replacing live point.
15:37:54 [ultranest] [DEBUG] Plateau detected at L=-1.381551e+07, not replacing live point.
15:37:54 [ultranest] [DEBUG] Plateau detected at L=-1.381551e+07, not replacing live point.
15:37:54 [ultranest] [DEBUG] Plateau detected at L=-1.381551e+07, not replacing live point.
15:37:54 [ultranest] [DEBUG] Plateau detected at L=-1.381551e+07, not replacing live point.
15:37:54 [ultranest] [DEBUG] Plateau detected at L=-1.381551e+07, not replacing live point.
15:37:54 [ultranest] [DEBUG] Plateau detected at L=-1.381551e+07, not replacing live point.
15:37:54 [ultranest] [DEBUG] Plateau detected at L=-1.381551e+07, not replacing live point.
15:37:54 [ultranest] [DEBUG] Plateau detected at L=-1.381551e+07, not replacing live point.
15:37:54 [ultranest] [DEBUG] Plateau detected at L=-1.381551e+07, not replacing live point.
15:37:54 [ultranest] [DEBUG] Plateau detected at L=-1.381551e+07, not replacing live point.
15:37:54 [ultranest] [DEBUG] Plateau detected at L=-1.381551e+07, not replacing live point.
15:37:54 [ultranest] [DEBUG] Plateau detected at L=-1.381551e+07, not replacing live point.
15:37:54 [ultranest] [DEBUG] Plateau detected at L=-1.381551e+07, not replacing live point.
15:37:54 [ultranest] [DEBUG] Plateau detected at L=-1.381551e+07, not replacing live point.
15:37:54 [ultranest] [DEBUG] Plateau detected at L=-1.381551e+07, not replacing live point.
15:37:54 [ultranest] [DEBUG] Plateau detected at L=-1.381551e+07, not replacing live point.
15:37:54 [ultranest] [DEBUG] Plateau detected at L=-1.381551e+07, not replacing live point.
15:37:54 [ultranest] [DEBUG] Plateau detected at L=-1.381551e+07, not replacing live point.
15:37:54 [ultranest] [DEBUG] Plateau detected at L=-1.381551e+07, not replacing live point.
15:37:54 [ultranest] [DEBUG] Plateau detected at L=-1.381551e+07, not replacing live point.
15:37:54 [ultranest] [DEBUG] Plateau detected at L=-1.381551e+07, not replacing live point.
15:37:54 [ultranest] [DEBUG] Plateau detected at L=-1.381551e+07, not replacing live point.
15:37:54 [ultranest] [DEBUG] Plateau detected at L=-1.381551e+07, not replacing live point.
15:37:54 [ultranest] [DEBUG] Plateau detected at L=-1.381551e+07, not replacing live point.
15:37:54 [ultranest] [DEBUG] Plateau detected at L=-1.381551e+07, not replacing live point.
15:37:54 [ultranest] [DEBUG] Plateau detected at L=-1.381551e+07, not replacing live point.
15:37:54 [ultranest] [DEBUG] Plateau detected at L=-1.381551e+07, not replacing live point.
15:37:54 [ultranest] [DEBUG] iteration=53, ncalls=401, regioncalls=40, ndraw=40, logz=-13815512.58, remainder_fraction=100.0000%, Lmin=-13815510.56, Lmax=-105953.62
15:37:54 [ultranest] [DEBUG] iteration=73, ncalls=425, regioncalls=1000, ndraw=40, logz=-132681.18, remainder_fraction=100.0000%, Lmin=-132409.30, Lmax=-105953.62
15:37:54 [ultranest] [DEBUG] iteration=80, ncalls=435, regioncalls=1400, ndraw=40, logz=-130604.04, remainder_fraction=100.0000%, Lmin=-130565.71, Lmax=-105953.62
15:37:54 [ultranest] [DEBUG] iteration=100, ncalls=459, regioncalls=2360, ndraw=40, logz=-128078.60, remainder_fraction=100.0000%, Lmin=-128010.12, Lmax=-105953.62
15:37:54 [ultranest] [DEBUG] iteration=119, ncalls=483, regioncalls=3320, ndraw=40, logz=-126722.84, remainder_fraction=100.0000%, Lmin=-126576.30, Lmax=-105953.62
15:37:54 [ultranest] [DEBUG] iteration=120, ncalls=487, regioncalls=3480, ndraw=40, logz=-126582.48, remainder_fraction=100.0000%, Lmin=-126569.95, Lmax=-105953.62
15:37:55 [ultranest] [DEBUG] iteration=137, ncalls=510, regioncalls=4400, ndraw=40, logz=-125438.48, remainder_fraction=100.0000%, Lmin=-125421.25, Lmax=-105953.62
15:37:55 [ultranest] [DEBUG] iteration=157, ncalls=536, regioncalls=5440, ndraw=40, logz=-124208.38, remainder_fraction=100.0000%, Lmin=-124086.65, Lmax=-105953.62
15:37:55 [ultranest] [DEBUG] iteration=160, ncalls=542, regioncalls=5680, ndraw=40, logz=-124001.40, remainder_fraction=100.0000%, Lmin=-123885.85, Lmax=-105953.62
15:37:55 [ultranest] [DEBUG] iteration=177, ncalls=568, regioncalls=6720, ndraw=40, logz=-122213.00, remainder_fraction=100.0000%, Lmin=-122138.93, Lmax=-105953.62
15:37:55 [ultranest] [DEBUG] iteration=191, ncalls=593, regioncalls=7720, ndraw=40, logz=-121541.18, remainder_fraction=100.0000%, Lmin=-121529.31, Lmax=-105953.62
15:37:55 [ultranest] [DEBUG] iteration=200, ncalls=603, regioncalls=8120, ndraw=40, logz=-120874.10, remainder_fraction=100.0000%, Lmin=-120855.92, Lmax=-105953.62
15:37:55 [ultranest] [DEBUG] iteration=209, ncalls=622, regioncalls=8880, ndraw=40, logz=-120455.00, remainder_fraction=100.0000%, Lmin=-120280.02, Lmax=-105953.62
15:37:55 [ultranest] [DEBUG] iteration=223, ncalls=647, regioncalls=9880, ndraw=40, logz=-119358.98, remainder_fraction=100.0000%, Lmin=-119334.88, Lmax=-105953.62
15:37:55 [ultranest] [DEBUG] iteration=240, ncalls=672, regioncalls=10880, ndraw=40, logz=-118589.95, remainder_fraction=100.0000%, Lmin=-118573.02, Lmax=-105953.62
15:37:55 [ultranest] [DEBUG] iteration=258, ncalls=696, regioncalls=11840, ndraw=40, logz=-118248.13, remainder_fraction=100.0000%, Lmin=-118138.36, Lmax=-105953.62
15:37:55 [ultranest] [DEBUG] iteration=272, ncalls=722, regioncalls=12880, ndraw=40, logz=-117390.52, remainder_fraction=100.0000%, Lmin=-117373.83, Lmax=-105953.62
15:37:56 [ultranest] [DEBUG] iteration=280, ncalls=737, regioncalls=13480, ndraw=40, logz=-117152.75, remainder_fraction=100.0000%, Lmin=-117106.83, Lmax=-105953.62
15:37:56 [ultranest] [DEBUG] iteration=287, ncalls=747, regioncalls=13880, ndraw=40, logz=-116962.97, remainder_fraction=100.0000%, Lmin=-116954.84, Lmax=-105953.62
15:37:56 [ultranest] [DEBUG] iteration=302, ncalls=772, regioncalls=14880, ndraw=40, logz=-116516.29, remainder_fraction=100.0000%, Lmin=-116477.82, Lmax=-105953.62
15:37:56 [ultranest] [DEBUG] iteration=320, ncalls=796, regioncalls=15840, ndraw=40, logz=-115776.94, remainder_fraction=100.0000%, Lmin=-115749.08, Lmax=-105953.62
15:37:56 [ultranest] [DEBUG] iteration=334, ncalls=822, regioncalls=16880, ndraw=40, logz=-115338.31, remainder_fraction=100.0000%, Lmin=-115273.73, Lmax=-105953.62
15:37:56 [ultranest] [DEBUG] iteration=354, ncalls=846, regioncalls=17840, ndraw=40, logz=-114787.03, remainder_fraction=100.0000%, Lmin=-114736.06, Lmax=-105953.62
15:37:56 [ultranest] [DEBUG] iteration=360, ncalls=857, regioncalls=18280, ndraw=40, logz=-114605.89, remainder_fraction=100.0000%, Lmin=-114552.14, Lmax=-105953.62
15:37:56 [ultranest] [DEBUG] iteration=379, ncalls=879, regioncalls=19160, ndraw=40, logz=-114147.81, remainder_fraction=100.0000%, Lmin=-114133.97, Lmax=-105953.62
15:37:56 [ultranest] [DEBUG] iteration=390, ncalls=911, regioncalls=20440, ndraw=40, logz=-113904.84, remainder_fraction=100.0000%, Lmin=-113897.33, Lmax=-105953.62
15:37:56 [ultranest] [DEBUG] iteration=400, ncalls=927, regioncalls=21080, ndraw=40, logz=-113549.14, remainder_fraction=100.0000%, Lmin=-113541.27, Lmax=-105953.62
15:37:56 [ultranest] [DEBUG] iteration=409, ncalls=953, regioncalls=22120, ndraw=40, logz=-113358.74, remainder_fraction=100.0000%, Lmin=-113344.90, Lmax=-105953.62
15:37:57 [ultranest] [DEBUG] iteration=419, ncalls=983, regioncalls=23320, ndraw=40, logz=-113244.96, remainder_fraction=100.0000%, Lmin=-113202.82, Lmax=-105953.62
15:37:57 [ultranest] [DEBUG] iteration=433, ncalls=1009, regioncalls=24360, ndraw=40, logz=-112901.92, remainder_fraction=100.0000%, Lmin=-112874.41, Lmax=-105953.62
15:37:57 [ultranest] [DEBUG] iteration=440, ncalls=1024, regioncalls=24960, ndraw=40, logz=-112787.97, remainder_fraction=100.0000%, Lmin=-112764.87, Lmax=-105953.62
15:37:57 [ultranest] [DEBUG] iteration=443, ncalls=1030, regioncalls=25200, ndraw=40, logz=-112727.97, remainder_fraction=100.0000%, Lmin=-112707.85, Lmax=-105953.62
15:37:57 [ultranest] [DEBUG] iteration=459, ncalls=1057, regioncalls=26280, ndraw=40, logz=-112417.71, remainder_fraction=100.0000%, Lmin=-112385.38, Lmax=-105953.62
15:37:57 [ultranest] [DEBUG] iteration=470, ncalls=1083, regioncalls=27320, ndraw=40, logz=-112286.93, remainder_fraction=100.0000%, Lmin=-112260.78, Lmax=-105953.62
15:37:57 [ultranest] [DEBUG] iteration=480, ncalls=1105, regioncalls=28200, ndraw=40, logz=-112080.55, remainder_fraction=100.0000%, Lmin=-112073.44, Lmax=-105953.62
15:37:57 [ultranest] [DEBUG] iteration=497, ncalls=1130, regioncalls=29200, ndraw=40, logz=-111877.90, remainder_fraction=100.0000%, Lmin=-111864.27, Lmax=-105953.62
15:37:57 [ultranest] [DEBUG] iteration=512, ncalls=1155, regioncalls=30200, ndraw=40, logz=-111741.41, remainder_fraction=100.0000%, Lmin=-111728.14, Lmax=-105953.62
15:37:57 [ultranest] [DEBUG] iteration=520, ncalls=1168, regioncalls=30720, ndraw=40, logz=-111655.25, remainder_fraction=100.0000%, Lmin=-111643.76, Lmax=-105953.62
15:37:57 [ultranest] [DEBUG] iteration=532, ncalls=1193, regioncalls=31720, ndraw=40, logz=-111563.96, remainder_fraction=100.0000%, Lmin=-111554.04, Lmax=-105953.62
15:37:58 [ultranest] [DEBUG] iteration=545, ncalls=1219, regioncalls=32760, ndraw=40, logz=-111318.24, remainder_fraction=100.0000%, Lmin=-111293.85, Lmax=-105953.62
15:37:58 [ultranest] [DEBUG] iteration=558, ncalls=1245, regioncalls=33800, ndraw=40, logz=-111116.60, remainder_fraction=100.0000%, Lmin=-111096.87, Lmax=-105953.62
15:37:58 [ultranest] [DEBUG] iteration=560, ncalls=1248, regioncalls=33920, ndraw=40, logz=-111074.89, remainder_fraction=100.0000%, Lmin=-111040.68, Lmax=-105953.62
15:37:58 [ultranest] [DEBUG] iteration=572, ncalls=1274, regioncalls=34960, ndraw=40, logz=-110942.79, remainder_fraction=100.0000%, Lmin=-110917.11, Lmax=-105953.62
15:37:58 [ultranest] [DEBUG] iteration=585, ncalls=1302, regioncalls=36080, ndraw=40, logz=-110739.02, remainder_fraction=100.0000%, Lmin=-110729.41, Lmax=-105953.62
15:37:58 [ultranest] [DEBUG] iteration=599, ncalls=1323, regioncalls=36920, ndraw=40, logz=-110580.02, remainder_fraction=100.0000%, Lmin=-110551.71, Lmax=-105953.62
15:37:58 [ultranest] [DEBUG] iteration=600, ncalls=1324, regioncalls=36960, ndraw=40, logz=-110559.28, remainder_fraction=100.0000%, Lmin=-110546.79, Lmax=-105953.62
15:37:58 [ultranest] [DEBUG] iteration=614, ncalls=1349, regioncalls=37960, ndraw=40, logz=-110384.62, remainder_fraction=100.0000%, Lmin=-110370.87, Lmax=-105953.62
15:37:58 [ultranest] [DEBUG] iteration=625, ncalls=1375, regioncalls=39000, ndraw=40, logz=-110279.15, remainder_fraction=100.0000%, Lmin=-110267.09, Lmax=-105953.62
15:37:58 [ultranest] [DEBUG] iteration=638, ncalls=1400, regioncalls=40000, ndraw=40, logz=-110111.08, remainder_fraction=100.0000%, Lmin=-110099.04, Lmax=-105953.62
15:37:58 [ultranest] [DEBUG] iteration=640, ncalls=1404, regioncalls=40160, ndraw=40, logz=-110098.11, remainder_fraction=100.0000%, Lmin=-110074.31, Lmax=-105953.62
15:37:58 [ultranest] [DEBUG] iteration=653, ncalls=1432, regioncalls=41280, ndraw=40, logz=-110004.10, remainder_fraction=100.0000%, Lmin=-109986.31, Lmax=-105953.62
15:37:58 [ultranest] [DEBUG] iteration=665, ncalls=1458, regioncalls=42320, ndraw=40, logz=-109892.65, remainder_fraction=100.0000%, Lmin=-109871.07, Lmax=-105953.62
15:37:59 [ultranest] [DEBUG] iteration=679, ncalls=1483, regioncalls=43320, ndraw=40, logz=-109755.46, remainder_fraction=100.0000%, Lmin=-109741.97, Lmax=-105933.87
15:37:59 [ultranest] [DEBUG] iteration=680, ncalls=1485, regioncalls=43400, ndraw=40, logz=-109749.76, remainder_fraction=100.0000%, Lmin=-109741.53, Lmax=-105933.87
15:37:59 [ultranest] [DEBUG] iteration=690, ncalls=1513, regioncalls=44520, ndraw=40, logz=-109648.19, remainder_fraction=100.0000%, Lmin=-109624.52, Lmax=-105933.87
15:37:59 [ultranest] [DEBUG] iteration=700, ncalls=1546, regioncalls=45840, ndraw=40, logz=-109528.05, remainder_fraction=100.0000%, Lmin=-109519.69, Lmax=-105933.87
15:37:59 [ultranest] [DEBUG] iteration=714, ncalls=1571, regioncalls=46840, ndraw=40, logz=-109461.43, remainder_fraction=100.0000%, Lmin=-109447.63, Lmax=-105933.87
15:37:59 [ultranest] [DEBUG] iteration=720, ncalls=1579, regioncalls=47160, ndraw=40, logz=-109382.06, remainder_fraction=100.0000%, Lmin=-109374.01, Lmax=-105933.87
15:37:59 [ultranest] [DEBUG] iteration=731, ncalls=1605, regioncalls=48200, ndraw=40, logz=-109291.77, remainder_fraction=100.0000%, Lmin=-109277.03, Lmax=-105933.87
15:37:59 [ultranest] [DEBUG] iteration=747, ncalls=1631, regioncalls=49240, ndraw=40, logz=-109173.66, remainder_fraction=100.0000%, Lmin=-109162.61, Lmax=-105933.87
15:37:59 [ultranest] [DEBUG] iteration=756, ncalls=1656, regioncalls=50240, ndraw=40, logz=-109116.77, remainder_fraction=100.0000%, Lmin=-109105.48, Lmax=-105933.87
15:37:59 [ultranest] [DEBUG] iteration=760, ncalls=1663, regioncalls=50520, ndraw=40, logz=-109092.86, remainder_fraction=100.0000%, Lmin=-109079.83, Lmax=-105933.87
15:37:59 [ultranest] [DEBUG] iteration=774, ncalls=1689, regioncalls=51560, ndraw=40, logz=-109029.10, remainder_fraction=100.0000%, Lmin=-109015.31, Lmax=-105933.87
15:38:00 [ultranest] [DEBUG] iteration=786, ncalls=1716, regioncalls=52640, ndraw=40, logz=-108964.75, remainder_fraction=100.0000%, Lmin=-108956.24, Lmax=-105933.87
15:38:00 [ultranest] [DEBUG] iteration=800, ncalls=1741, regioncalls=53640, ndraw=40, logz=-108906.92, remainder_fraction=100.0000%, Lmin=-108877.68, Lmax=-105933.87
15:38:00 [ultranest] [DEBUG] iteration=809, ncalls=1769, regioncalls=54760, ndraw=40, logz=-108838.98, remainder_fraction=100.0000%, Lmin=-108813.56, Lmax=-105933.87
15:38:00 [ultranest] [DEBUG] iteration=821, ncalls=1796, regioncalls=55840, ndraw=40, logz=-108760.68, remainder_fraction=100.0000%, Lmin=-108750.03, Lmax=-105933.87
15:38:00 [ultranest] [DEBUG] iteration=832, ncalls=1827, regioncalls=57080, ndraw=40, logz=-108724.21, remainder_fraction=100.0000%, Lmin=-108690.94, Lmax=-105931.62
15:38:00 [ultranest] [DEBUG] iteration=833, ncalls=1829, regioncalls=57160, ndraw=40, logz=-108699.18, remainder_fraction=100.0000%, Lmin=-108688.34, Lmax=-105931.62
15:38:00 [ultranest] [DEBUG] iteration=840, ncalls=1838, regioncalls=57520, ndraw=40, logz=-108677.78, remainder_fraction=100.0000%, Lmin=-108666.19, Lmax=-105931.62
15:38:00 [ultranest] [DEBUG] iteration=853, ncalls=1866, regioncalls=58640, ndraw=40, logz=-108614.55, remainder_fraction=100.0000%, Lmin=-108605.24, Lmax=-105931.62
15:38:00 [ultranest] [DEBUG] iteration=867, ncalls=1892, regioncalls=59680, ndraw=40, logz=-108510.06, remainder_fraction=100.0000%, Lmin=-108494.89, Lmax=-105931.62
15:38:00 [ultranest] [DEBUG] iteration=880, ncalls=1909, regioncalls=60360, ndraw=40, logz=-108440.08, remainder_fraction=100.0000%, Lmin=-108429.66, Lmax=-105931.62
15:38:00 [ultranest] [DEBUG] iteration=893, ncalls=1936, regioncalls=61440, ndraw=40, logz=-108368.70, remainder_fraction=100.0000%, Lmin=-108359.77, Lmax=-105931.62
15:38:01 [ultranest] [DEBUG] iteration=908, ncalls=1961, regioncalls=62440, ndraw=40, logz=-108258.38, remainder_fraction=100.0000%, Lmin=-108243.71, Lmax=-105931.62
15:38:01 [ultranest] [DEBUG] iteration=911, ncalls=1967, regioncalls=62680, ndraw=40, logz=-108245.63, remainder_fraction=100.0000%, Lmin=-108231.60, Lmax=-105931.62
15:38:01 [ultranest] [DEBUG] iteration=920, ncalls=1982, regioncalls=63280, ndraw=40, logz=-108213.90, remainder_fraction=100.0000%, Lmin=-108204.12, Lmax=-105890.23
15:38:01 [ultranest] [DEBUG] iteration=934, ncalls=2007, regioncalls=64280, ndraw=40, logz=-108155.59, remainder_fraction=100.0000%, Lmin=-108138.49, Lmax=-105890.23
15:38:01 [ultranest] [DEBUG] iteration=947, ncalls=2033, regioncalls=65320, ndraw=40, logz=-108080.26, remainder_fraction=100.0000%, Lmin=-108058.39, Lmax=-105890.23
15:38:01 [ultranest] [DEBUG] iteration=956, ncalls=2059, regioncalls=66360, ndraw=40, logz=-108028.30, remainder_fraction=100.0000%, Lmin=-108016.26, Lmax=-105890.23
15:38:01 [ultranest] [DEBUG] iteration=960, ncalls=2066, regioncalls=66640, ndraw=40, logz=-108004.34, remainder_fraction=100.0000%, Lmin=-107990.33, Lmax=-105890.23
15:38:01 [ultranest] [DEBUG] iteration=972, ncalls=2092, regioncalls=67680, ndraw=40, logz=-107955.08, remainder_fraction=100.0000%, Lmin=-107938.12, Lmax=-105890.23
15:38:01 [ultranest] [DEBUG] iteration=982, ncalls=2118, regioncalls=68720, ndraw=40, logz=-107908.23, remainder_fraction=100.0000%, Lmin=-107899.54, Lmax=-105890.23
15:38:01 [ultranest] [DEBUG] iteration=989, ncalls=2131, regioncalls=69240, ndraw=40, logz=-107888.74, remainder_fraction=100.0000%, Lmin=-107874.80, Lmax=-105890.23
15:38:01 [ultranest] [DEBUG] iteration=1000, ncalls=2153, regioncalls=70120, ndraw=40, logz=-107841.90, remainder_fraction=100.0000%, Lmin=-107832.49, Lmax=-105890.23
15:38:01 [ultranest] [DEBUG] iteration=1015, ncalls=2178, regioncalls=71160, ndraw=40, logz=-107778.29, remainder_fraction=100.0000%, Lmin=-107769.65, Lmax=-105890.23
15:38:01 [ultranest] [DEBUG] iteration=1027, ncalls=2204, regioncalls=72200, ndraw=40, logz=-107737.72, remainder_fraction=100.0000%, Lmin=-107728.13, Lmax=-105890.23
15:38:02 [ultranest] [DEBUG] iteration=1040, ncalls=2225, regioncalls=73040, ndraw=40, logz=-107695.02, remainder_fraction=100.0000%, Lmin=-107685.03, Lmax=-105890.23
15:38:02 [ultranest] [DEBUG] iteration=1053, ncalls=2252, regioncalls=74120, ndraw=40, logz=-107668.38, remainder_fraction=100.0000%, Lmin=-107657.77, Lmax=-105890.23
15:38:02 [ultranest] [DEBUG] iteration=1067, ncalls=2275, regioncalls=75040, ndraw=40, logz=-107611.01, remainder_fraction=100.0000%, Lmin=-107599.01, Lmax=-105890.23
15:38:02 [ultranest] [DEBUG] iteration=1079, ncalls=2301, regioncalls=76080, ndraw=40, logz=-107571.81, remainder_fraction=100.0000%, Lmin=-107561.83, Lmax=-105890.23
15:38:02 [ultranest] [DEBUG] iteration=1080, ncalls=2302, regioncalls=76120, ndraw=40, logz=-107570.47, remainder_fraction=100.0000%, Lmin=-107557.53, Lmax=-105890.23
15:38:02 [ultranest] [DEBUG] iteration=1095, ncalls=2327, regioncalls=77120, ndraw=40, logz=-107536.27, remainder_fraction=100.0000%, Lmin=-107525.89, Lmax=-105890.23
15:38:02 [ultranest] [DEBUG] iteration=1108, ncalls=2352, regioncalls=78120, ndraw=40, logz=-107503.13, remainder_fraction=100.0000%, Lmin=-107493.67, Lmax=-105890.23
15:38:02 [ultranest] [DEBUG] iteration=1120, ncalls=2371, regioncalls=78880, ndraw=40, logz=-107476.88, remainder_fraction=100.0000%, Lmin=-107466.36, Lmax=-105890.23
15:38:02 [ultranest] [DEBUG] iteration=1133, ncalls=2396, regioncalls=79920, ndraw=40, logz=-107428.16, remainder_fraction=100.0000%, Lmin=-107418.22, Lmax=-105890.23
15:38:02 [ultranest] [DEBUG] iteration=1145, ncalls=2420, regioncalls=80880, ndraw=40, logz=-107404.33, remainder_fraction=100.0000%, Lmin=-107386.77, Lmax=-105890.23
15:38:02 [ultranest] [DEBUG] iteration=1159, ncalls=2448, regioncalls=82000, ndraw=40, logz=-107355.03, remainder_fraction=100.0000%, Lmin=-107346.02, Lmax=-105890.23
15:38:02 [ultranest] [DEBUG] iteration=1160, ncalls=2449, regioncalls=82040, ndraw=40, logz=-107354.42, remainder_fraction=100.0000%, Lmin=-107345.61, Lmax=-105890.23
15:38:03 [ultranest] [DEBUG] iteration=1177, ncalls=2473, regioncalls=83000, ndraw=40, logz=-107314.86, remainder_fraction=100.0000%, Lmin=-107298.70, Lmax=-105890.23
15:38:03 [ultranest] [DEBUG] iteration=1185, ncalls=2502, regioncalls=84160, ndraw=40, logz=-107297.49, remainder_fraction=100.0000%, Lmin=-107288.64, Lmax=-105890.23
15:38:03 [ultranest] [DEBUG] iteration=1195, ncalls=2529, regioncalls=85240, ndraw=40, logz=-107262.21, remainder_fraction=100.0000%, Lmin=-107251.37, Lmax=-105890.23
15:38:03 [ultranest] [DEBUG] iteration=1200, ncalls=2537, regioncalls=85560, ndraw=40, logz=-107250.25, remainder_fraction=100.0000%, Lmin=-107240.60, Lmax=-105890.23
15:38:03 [ultranest] [DEBUG] iteration=1210, ncalls=2574, regioncalls=87040, ndraw=40, logz=-107223.30, remainder_fraction=100.0000%, Lmin=-107212.30, Lmax=-105890.23
15:38:03 [ultranest] [DEBUG] iteration=1221, ncalls=2600, regioncalls=88080, ndraw=40, logz=-107207.22, remainder_fraction=100.0000%, Lmin=-107197.14, Lmax=-105890.23
15:38:03 [ultranest] [DEBUG] iteration=1223, ncalls=2607, regioncalls=88400, ndraw=40, logz=-107200.65, remainder_fraction=100.0000%, Lmin=-107187.56, Lmax=-105890.23
15:38:03 [ultranest] [DEBUG] iteration=1237, ncalls=2632, regioncalls=89400, ndraw=40, logz=-107169.62, remainder_fraction=100.0000%, Lmin=-107159.66, Lmax=-105890.23
15:38:03 [ultranest] [DEBUG] iteration=1240, ncalls=2637, regioncalls=89600, ndraw=40, logz=-107158.60, remainder_fraction=100.0000%, Lmin=-107148.71, Lmax=-105890.23
15:38:03 [ultranest] [DEBUG] iteration=1252, ncalls=2665, regioncalls=90720, ndraw=40, logz=-107125.17, remainder_fraction=100.0000%, Lmin=-107115.90, Lmax=-105890.23
15:38:03 [ultranest] [DEBUG] iteration=1268, ncalls=2690, regioncalls=91720, ndraw=40, logz=-107069.74, remainder_fraction=100.0000%, Lmin=-107059.50, Lmax=-105890.23
15:38:04 [ultranest] [DEBUG] iteration=1280, ncalls=2710, regioncalls=92520, ndraw=40, logz=-107047.85, remainder_fraction=100.0000%, Lmin=-107035.23, Lmax=-105890.23
15:38:04 [ultranest] [DEBUG] iteration=1286, ncalls=2739, regioncalls=93680, ndraw=40, logz=-107040.29, remainder_fraction=100.0000%, Lmin=-107028.09, Lmax=-105890.23
15:38:04 [ultranest] [DEBUG] iteration=1300, ncalls=2766, regioncalls=94760, ndraw=40, logz=-106998.03, remainder_fraction=100.0000%, Lmin=-106986.15, Lmax=-105890.23
15:38:04 [ultranest] [DEBUG] iteration=1301, ncalls=2767, regioncalls=94840, ndraw=40, logz=-106995.64, remainder_fraction=100.0000%, Lmin=-106983.27, Lmax=-105890.23
15:38:04 [ultranest] [DEBUG] iteration=1319, ncalls=2791, regioncalls=95840, ndraw=40, logz=-106951.59, remainder_fraction=100.0000%, Lmin=-106941.69, Lmax=-105890.23
15:38:04 [ultranest] [DEBUG] iteration=1320, ncalls=2792, regioncalls=95880, ndraw=40, logz=-106950.76, remainder_fraction=100.0000%, Lmin=-106934.34, Lmax=-105890.23
15:38:04 [ultranest] [DEBUG] iteration=1341, ncalls=2815, regioncalls=96800, ndraw=40, logz=-106885.64, remainder_fraction=100.0000%, Lmin=-106874.22, Lmax=-105890.23
15:38:04 [ultranest] [DEBUG] iteration=1354, ncalls=2841, regioncalls=97840, ndraw=40, logz=-106863.89, remainder_fraction=100.0000%, Lmin=-106840.95, Lmax=-105890.23
15:38:04 [ultranest] [DEBUG] iteration=1360, ncalls=2849, regioncalls=98160, ndraw=40, logz=-106841.07, remainder_fraction=100.0000%, Lmin=-106830.94, Lmax=-105890.23
15:38:04 [ultranest] [DEBUG] iteration=1374, ncalls=2874, regioncalls=99160, ndraw=40, logz=-106811.57, remainder_fraction=100.0000%, Lmin=-106797.24, Lmax=-105890.23
15:38:04 [ultranest] [DEBUG] iteration=1379, ncalls=2888, regioncalls=99760, ndraw=40, logz=-106803.01, remainder_fraction=100.0000%, Lmin=-106791.78, Lmax=-105890.23
15:38:04 [ultranest] [DEBUG] iteration=1395, ncalls=2915, regioncalls=100840, ndraw=40, logz=-106753.50, remainder_fraction=100.0000%, Lmin=-106743.20, Lmax=-105890.23
15:38:04 [ultranest] [DEBUG] iteration=1400, ncalls=2923, regioncalls=101160, ndraw=40, logz=-106744.42, remainder_fraction=100.0000%, Lmin=-106731.58, Lmax=-105890.23
15:38:05 [ultranest] [DEBUG] iteration=1416, ncalls=2950, regioncalls=102240, ndraw=40, logz=-106726.81, remainder_fraction=100.0000%, Lmin=-106715.32, Lmax=-105890.23
15:38:05 [ultranest] [DEBUG] iteration=1430, ncalls=2975, regioncalls=103240, ndraw=40, logz=-106701.20, remainder_fraction=100.0000%, Lmin=-106682.17, Lmax=-105890.23
15:38:05 [ultranest] [DEBUG] iteration=1440, ncalls=2992, regioncalls=103920, ndraw=40, logz=-106679.97, remainder_fraction=100.0000%, Lmin=-106670.60, Lmax=-105890.23
15:38:05 [ultranest] [DEBUG] iteration=1457, ncalls=3015, regioncalls=104920, ndraw=40, logz=-106645.75, remainder_fraction=100.0000%, Lmin=-106635.11, Lmax=-105890.23
15:38:05 [ultranest] [DEBUG] iteration=1473, ncalls=3040, regioncalls=105920, ndraw=40, logz=-106603.64, remainder_fraction=100.0000%, Lmin=-106590.86, Lmax=-105880.09
15:38:05 [ultranest] [DEBUG] iteration=1480, ncalls=3052, regioncalls=106400, ndraw=40, logz=-106590.92, remainder_fraction=100.0000%, Lmin=-106573.45, Lmax=-105880.09
15:38:05 [ultranest] [DEBUG] iteration=1493, ncalls=3080, regioncalls=107520, ndraw=40, logz=-106557.80, remainder_fraction=100.0000%, Lmin=-106545.74, Lmax=-105880.09
15:38:05 [ultranest] [DEBUG] iteration=1510, ncalls=3105, regioncalls=108520, ndraw=40, logz=-106534.08, remainder_fraction=100.0000%, Lmin=-106522.56, Lmax=-105880.09
15:38:05 [ultranest] [DEBUG] iteration=1520, ncalls=3123, regioncalls=109240, ndraw=40, logz=-106521.38, remainder_fraction=100.0000%, Lmin=-106511.70, Lmax=-105880.09
15:38:05 [ultranest] [DEBUG] iteration=1535, ncalls=3147, regioncalls=110200, ndraw=40, logz=-106503.21, remainder_fraction=100.0000%, Lmin=-106491.89, Lmax=-105880.09
15:38:05 [ultranest] [DEBUG] iteration=1547, ncalls=3173, regioncalls=111360, ndraw=40, logz=-106492.25, remainder_fraction=100.0000%, Lmin=-106482.11, Lmax=-105880.09
15:38:06 [ultranest] [DEBUG] iteration=1560, ncalls=3193, regioncalls=112160, ndraw=40, logz=-106474.29, remainder_fraction=100.0000%, Lmin=-106462.66, Lmax=-105880.09
15:38:06 [ultranest] [DEBUG] iteration=1575, ncalls=3218, regioncalls=113160, ndraw=40, logz=-106461.61, remainder_fraction=100.0000%, Lmin=-106449.41, Lmax=-105880.09
15:38:06 [ultranest] [DEBUG] iteration=1588, ncalls=3244, regioncalls=114200, ndraw=40, logz=-106437.12, remainder_fraction=100.0000%, Lmin=-106426.41, Lmax=-105880.09
15:38:06 [ultranest] [DEBUG] iteration=1600, ncalls=3264, regioncalls=115000, ndraw=40, logz=-106416.41, remainder_fraction=100.0000%, Lmin=-106404.48, Lmax=-105880.09
15:38:06 [ultranest] [DEBUG] iteration=1610, ncalls=3291, regioncalls=116080, ndraw=40, logz=-106408.92, remainder_fraction=100.0000%, Lmin=-106399.09, Lmax=-105880.09
15:38:06 [ultranest] [DEBUG] iteration=1613, ncalls=3299, regioncalls=116400, ndraw=40, logz=-106406.93, remainder_fraction=100.0000%, Lmin=-106395.37, Lmax=-105880.09
15:38:06 [ultranest] [DEBUG] iteration=1631, ncalls=3326, regioncalls=117560, ndraw=40, logz=-106384.69, remainder_fraction=100.0000%, Lmin=-106374.34, Lmax=-105880.09
15:38:06 [ultranest] [DEBUG] iteration=1640, ncalls=3339, regioncalls=118080, ndraw=40, logz=-106376.53, remainder_fraction=100.0000%, Lmin=-106363.24, Lmax=-105880.09
15:38:06 [ultranest] [DEBUG] iteration=1658, ncalls=3363, regioncalls=119040, ndraw=40, logz=-106355.96, remainder_fraction=100.0000%, Lmin=-106345.26, Lmax=-105880.09
15:38:06 [ultranest] [DEBUG] iteration=1671, ncalls=3388, regioncalls=120040, ndraw=40, logz=-106342.03, remainder_fraction=100.0000%, Lmin=-106331.24, Lmax=-105880.09
15:38:06 [ultranest] [DEBUG] iteration=1680, ncalls=3404, regioncalls=120680, ndraw=40, logz=-106334.13, remainder_fraction=100.0000%, Lmin=-106323.21, Lmax=-105880.09
15:38:07 [ultranest] [DEBUG] iteration=1691, ncalls=3425, regioncalls=121560, ndraw=40, logz=-106318.68, remainder_fraction=100.0000%, Lmin=-106307.10, Lmax=-105880.09
15:38:07 [ultranest] [DEBUG] iteration=1709, ncalls=3449, regioncalls=122520, ndraw=40, logz=-106296.44, remainder_fraction=100.0000%, Lmin=-106286.05, Lmax=-105880.09
15:38:07 [ultranest] [DEBUG] iteration=1720, ncalls=3471, regioncalls=123400, ndraw=40, logz=-106289.47, remainder_fraction=100.0000%, Lmin=-106279.20, Lmax=-105880.09
15:38:07 [ultranest] [DEBUG] iteration=1737, ncalls=3498, regioncalls=124480, ndraw=40, logz=-106275.19, remainder_fraction=100.0000%, Lmin=-106262.30, Lmax=-105880.09
15:38:07 [ultranest] [DEBUG] iteration=1750, ncalls=3519, regioncalls=125320, ndraw=40, logz=-106263.06, remainder_fraction=100.0000%, Lmin=-106252.65, Lmax=-105880.09
15:38:07 [ultranest] [DEBUG] iteration=1760, ncalls=3532, regioncalls=125840, ndraw=40, logz=-106257.91, remainder_fraction=100.0000%, Lmin=-106247.48, Lmax=-105880.09
15:38:07 [ultranest] [DEBUG] iteration=1774, ncalls=3557, regioncalls=126840, ndraw=40, logz=-106247.98, remainder_fraction=100.0000%, Lmin=-106236.56, Lmax=-105880.09
15:38:07 [ultranest] [DEBUG] iteration=1788, ncalls=3583, regioncalls=127880, ndraw=40, logz=-106236.35, remainder_fraction=100.0000%, Lmin=-106223.80, Lmax=-105880.09
15:38:07 [ultranest] [DEBUG] iteration=1800, ncalls=3602, regioncalls=128640, ndraw=40, logz=-106227.04, remainder_fraction=100.0000%, Lmin=-106216.39, Lmax=-105880.09
15:38:07 [ultranest] [DEBUG] iteration=1814, ncalls=3627, regioncalls=129640, ndraw=40, logz=-106219.72, remainder_fraction=100.0000%, Lmin=-106209.46, Lmax=-105880.09
15:38:07 [ultranest] [DEBUG] iteration=1830, ncalls=3652, regioncalls=130640, ndraw=40, logz=-106205.88, remainder_fraction=100.0000%, Lmin=-106193.95, Lmax=-105880.09
15:38:08 [ultranest] [DEBUG] iteration=1840, ncalls=3675, regioncalls=131560, ndraw=40, logz=-106199.05, remainder_fraction=100.0000%, Lmin=-106188.69, Lmax=-105880.09
15:38:08 [ultranest] [DEBUG] iteration=1847, ncalls=3685, regioncalls=132040, ndraw=40, logz=-106196.53, remainder_fraction=100.0000%, Lmin=-106186.38, Lmax=-105864.38
15:38:08 [ultranest] [DEBUG] iteration=1865, ncalls=3709, regioncalls=133000, ndraw=40, logz=-106187.23, remainder_fraction=100.0000%, Lmin=-106175.91, Lmax=-105864.38
15:38:08 [ultranest] [DEBUG] iteration=1879, ncalls=3735, regioncalls=134040, ndraw=40, logz=-106180.72, remainder_fraction=100.0000%, Lmin=-106169.52, Lmax=-105864.38
15:38:08 [ultranest] [DEBUG] iteration=1880, ncalls=3739, regioncalls=134200, ndraw=40, logz=-106180.06, remainder_fraction=100.0000%, Lmin=-106168.90, Lmax=-105864.38
15:38:08 [ultranest] [DEBUG] iteration=1898, ncalls=3765, regioncalls=135240, ndraw=40, logz=-106165.58, remainder_fraction=100.0000%, Lmin=-106154.41, Lmax=-105864.38
15:38:08 [ultranest] [DEBUG] iteration=1913, ncalls=3790, regioncalls=136240, ndraw=40, logz=-106159.29, remainder_fraction=100.0000%, Lmin=-106149.46, Lmax=-105864.38
15:38:08 [ultranest] [DEBUG] iteration=1920, ncalls=3800, regioncalls=136640, ndraw=40, logz=-106156.97, remainder_fraction=100.0000%, Lmin=-106146.63, Lmax=-105864.38
15:38:08 [ultranest] [DEBUG] iteration=1934, ncalls=3824, regioncalls=137600, ndraw=40, logz=-106150.33, remainder_fraction=100.0000%, Lmin=-106137.64, Lmax=-105864.38
15:38:08 [ultranest] [DEBUG] iteration=1950, ncalls=3849, regioncalls=138600, ndraw=40, logz=-106141.15, remainder_fraction=100.0000%, Lmin=-106131.04, Lmax=-105864.38
15:38:08 [ultranest] [DEBUG] iteration=1960, ncalls=3870, regioncalls=139440, ndraw=40, logz=-106137.91, remainder_fraction=100.0000%, Lmin=-106126.12, Lmax=-105864.38
15:38:08 [ultranest] [DEBUG] iteration=1976, ncalls=3895, regioncalls=140440, ndraw=40, logz=-106125.37, remainder_fraction=100.0000%, Lmin=-106113.52, Lmax=-105864.38
15:38:09 [ultranest] [DEBUG] iteration=1990, ncalls=3920, regioncalls=141440, ndraw=40, logz=-106114.76, remainder_fraction=100.0000%, Lmin=-106103.73, Lmax=-105864.38
15:38:09 [ultranest] [DEBUG] iteration=2000, ncalls=3935, regioncalls=142040, ndraw=40, logz=-106107.12, remainder_fraction=100.0000%, Lmin=-106094.23, Lmax=-105864.38
15:38:09 [ultranest] [DEBUG] iteration=2003, ncalls=3939, regioncalls=142200, ndraw=40, logz=-106103.62, remainder_fraction=100.0000%, Lmin=-106092.57, Lmax=-105864.38
15:38:09 [ultranest] [DEBUG] iteration=2020, ncalls=3963, regioncalls=143240, ndraw=40, logz=-106095.99, remainder_fraction=100.0000%, Lmin=-106085.01, Lmax=-105864.38
15:38:09 [ultranest] [DEBUG] iteration=2035, ncalls=3988, regioncalls=144240, ndraw=40, logz=-106092.21, remainder_fraction=100.0000%, Lmin=-106082.17, Lmax=-105864.38
15:38:09 [ultranest] [DEBUG] iteration=2040, ncalls=3998, regioncalls=144640, ndraw=40, logz=-106091.33, remainder_fraction=100.0000%, Lmin=-106080.88, Lmax=-105864.38
15:38:09 [ultranest] [DEBUG] iteration=2058, ncalls=4023, regioncalls=145640, ndraw=40, logz=-106081.50, remainder_fraction=100.0000%, Lmin=-106070.88, Lmax=-105864.38
15:38:09 [ultranest] [DEBUG] iteration=2076, ncalls=4048, regioncalls=146640, ndraw=40, logz=-106076.32, remainder_fraction=100.0000%, Lmin=-106065.74, Lmax=-105864.38
15:38:09 [ultranest] [DEBUG] iteration=2080, ncalls=4064, regioncalls=147280, ndraw=40, logz=-106075.37, remainder_fraction=100.0000%, Lmin=-106065.05, Lmax=-105864.38
15:38:09 [ultranest] [DEBUG] iteration=2097, ncalls=4087, regioncalls=148200, ndraw=40, logz=-106068.77, remainder_fraction=100.0000%, Lmin=-106058.08, Lmax=-105864.38
15:38:09 [ultranest] [DEBUG] iteration=2112, ncalls=4112, regioncalls=149200, ndraw=40, logz=-106062.53, remainder_fraction=100.0000%, Lmin=-106051.80, Lmax=-105864.38
15:38:09 [ultranest] [DEBUG] iteration=2120, ncalls=4127, regioncalls=149800, ndraw=40, logz=-106058.07, remainder_fraction=100.0000%, Lmin=-106046.87, Lmax=-105864.38
15:38:10 [ultranest] [DEBUG] iteration=2132, ncalls=4152, regioncalls=150800, ndraw=40, logz=-106053.36, remainder_fraction=100.0000%, Lmin=-106042.38, Lmax=-105864.38
15:38:10 [ultranest] [DEBUG] iteration=2146, ncalls=4177, regioncalls=151800, ndraw=40, logz=-106049.57, remainder_fraction=100.0000%, Lmin=-106038.56, Lmax=-105864.38
15:38:10 [ultranest] [DEBUG] iteration=2159, ncalls=4202, regioncalls=152840, ndraw=40, logz=-106045.49, remainder_fraction=100.0000%, Lmin=-106034.82, Lmax=-105864.38
15:38:10 [ultranest] [DEBUG] iteration=2160, ncalls=4203, regioncalls=152920, ndraw=40, logz=-106045.27, remainder_fraction=100.0000%, Lmin=-106034.71, Lmax=-105864.38
15:38:10 [ultranest] [DEBUG] iteration=2172, ncalls=4229, regioncalls=153960, ndraw=40, logz=-106041.76, remainder_fraction=100.0000%, Lmin=-106030.67, Lmax=-105864.38
15:38:10 [ultranest] [DEBUG] iteration=2187, ncalls=4254, regioncalls=154960, ndraw=40, logz=-106037.47, remainder_fraction=100.0000%, Lmin=-106026.84, Lmax=-105864.38
15:38:10 [ultranest] [DEBUG] iteration=2200, ncalls=4273, regioncalls=155720, ndraw=40, logz=-106032.52, remainder_fraction=100.0000%, Lmin=-106021.22, Lmax=-105864.38
15:38:10 [ultranest] [DEBUG] iteration=2217, ncalls=4298, regioncalls=156720, ndraw=40, logz=-106027.88, remainder_fraction=100.0000%, Lmin=-106016.96, Lmax=-105864.38
15:38:10 [ultranest] [DEBUG] iteration=2229, ncalls=4324, regioncalls=157760, ndraw=40, logz=-106024.02, remainder_fraction=100.0000%, Lmin=-106013.13, Lmax=-105864.38
15:38:10 [ultranest] [DEBUG] iteration=2237, ncalls=4335, regioncalls=158240, ndraw=40, logz=-106022.39, remainder_fraction=100.0000%, Lmin=-106011.74, Lmax=-105864.38
15:38:10 [ultranest] [DEBUG] iteration=2240, ncalls=4339, regioncalls=158400, ndraw=40, logz=-106021.84, remainder_fraction=100.0000%, Lmin=-106011.19, Lmax=-105864.38
15:38:10 [ultranest] [DEBUG] iteration=2254, ncalls=4364, regioncalls=159400, ndraw=40, logz=-106017.73, remainder_fraction=100.0000%, Lmin=-106006.69, Lmax=-105864.38
15:38:11 [ultranest] [DEBUG] iteration=2267, ncalls=4390, regioncalls=160440, ndraw=40, logz=-106014.52, remainder_fraction=100.0000%, Lmin=-106003.72, Lmax=-105864.38
15:38:11 [ultranest] [DEBUG] iteration=2280, ncalls=4406, regioncalls=161080, ndraw=40, logz=-106012.42, remainder_fraction=100.0000%, Lmin=-106001.95, Lmax=-105864.38
15:38:11 [ultranest] [DEBUG] iteration=2298, ncalls=4430, regioncalls=162040, ndraw=40, logz=-106007.93, remainder_fraction=100.0000%, Lmin=-105996.62, Lmax=-105864.38
15:38:11 [ultranest] [DEBUG] iteration=2313, ncalls=4455, regioncalls=163040, ndraw=40, logz=-106004.07, remainder_fraction=100.0000%, Lmin=-105992.91, Lmax=-105864.38
15:38:11 [ultranest] [DEBUG] iteration=2320, ncalls=4468, regioncalls=163560, ndraw=40, logz=-106002.59, remainder_fraction=100.0000%, Lmin=-105990.99, Lmax=-105864.38
15:38:11 [ultranest] [DEBUG] iteration=2333, ncalls=4493, regioncalls=164560, ndraw=40, logz=-105999.58, remainder_fraction=100.0000%, Lmin=-105988.15, Lmax=-105864.38
15:38:11 [ultranest] [DEBUG] iteration=2347, ncalls=4521, regioncalls=165680, ndraw=40, logz=-105995.55, remainder_fraction=100.0000%, Lmin=-105984.12, Lmax=-105864.38
15:38:11 [ultranest] [DEBUG] iteration=2360, ncalls=4546, regioncalls=166680, ndraw=40, logz=-105992.79, remainder_fraction=100.0000%, Lmin=-105981.74, Lmax=-105864.38
15:38:11 [ultranest] [DEBUG] iteration=2371, ncalls=4579, regioncalls=168000, ndraw=40, logz=-105989.27, remainder_fraction=100.0000%, Lmin=-105977.29, Lmax=-105864.38
15:38:11 [ultranest] [DEBUG] iteration=2385, ncalls=4604, regioncalls=169000, ndraw=40, logz=-105985.92, remainder_fraction=100.0000%, Lmin=-105974.86, Lmax=-105864.38
15:38:11 [ultranest] [DEBUG] iteration=2393, ncalls=4615, regioncalls=169640, ndraw=40, logz=-105984.54, remainder_fraction=100.0000%, Lmin=-105973.55, Lmax=-105864.38
15:38:12 [ultranest] [DEBUG] iteration=2400, ncalls=4627, regioncalls=170120, ndraw=40, logz=-105983.40, remainder_fraction=100.0000%, Lmin=-105972.14, Lmax=-105864.38
15:38:12 [ultranest] [DEBUG] iteration=2418, ncalls=4651, regioncalls=171080, ndraw=40, logz=-105980.00, remainder_fraction=100.0000%, Lmin=-105968.77, Lmax=-105864.38
15:38:12 [ultranest] [DEBUG] iteration=2435, ncalls=4679, regioncalls=172200, ndraw=40, logz=-105976.62, remainder_fraction=100.0000%, Lmin=-105964.77, Lmax=-105864.38
15:38:12 [ultranest] [DEBUG] iteration=2440, ncalls=4686, regioncalls=172480, ndraw=40, logz=-105975.31, remainder_fraction=100.0000%, Lmin=-105963.96, Lmax=-105864.38
15:38:12 [ultranest] [DEBUG] iteration=2452, ncalls=4711, regioncalls=173480, ndraw=40, logz=-105973.52, remainder_fraction=100.0000%, Lmin=-105962.57, Lmax=-105864.38
15:38:12 [ultranest] [DEBUG] iteration=2465, ncalls=4744, regioncalls=174800, ndraw=40, logz=-105971.67, remainder_fraction=100.0000%, Lmin=-105960.52, Lmax=-105864.38
15:38:12 [ultranest] [DEBUG] iteration=2479, ncalls=4768, regioncalls=175760, ndraw=40, logz=-105968.87, remainder_fraction=100.0000%, Lmin=-105957.26, Lmax=-105864.38
15:38:12 [ultranest] [DEBUG] iteration=2480, ncalls=4770, regioncalls=175840, ndraw=40, logz=-105968.65, remainder_fraction=100.0000%, Lmin=-105957.10, Lmax=-105864.38
15:38:12 [ultranest] [DEBUG] iteration=2492, ncalls=4795, regioncalls=176840, ndraw=40, logz=-105965.14, remainder_fraction=100.0000%, Lmin=-105953.09, Lmax=-105864.38
15:38:12 [ultranest] [DEBUG] iteration=2505, ncalls=4821, regioncalls=177880, ndraw=40, logz=-105962.39, remainder_fraction=100.0000%, Lmin=-105950.68, Lmax=-105864.38
15:38:12 [ultranest] [DEBUG] iteration=2520, ncalls=4838, regioncalls=178560, ndraw=40, logz=-105960.09, remainder_fraction=100.0000%, Lmin=-105948.81, Lmax=-105864.38
15:38:12 [ultranest] [DEBUG] iteration=2533, ncalls=4866, regioncalls=179680, ndraw=40, logz=-105958.40, remainder_fraction=100.0000%, Lmin=-105947.22, Lmax=-105864.38
15:38:13 [ultranest] [DEBUG] iteration=2542, ncalls=4892, regioncalls=180720, ndraw=40, logz=-105957.12, remainder_fraction=100.0000%, Lmin=-105945.89, Lmax=-105864.38
15:38:13 [ultranest] [DEBUG] iteration=2549, ncalls=4907, regioncalls=181360, ndraw=40, logz=-105956.27, remainder_fraction=100.0000%, Lmin=-105945.16, Lmax=-105864.38
15:38:13 [ultranest] [DEBUG] iteration=2560, ncalls=4922, regioncalls=181960, ndraw=40, logz=-105955.06, remainder_fraction=100.0000%, Lmin=-105944.10, Lmax=-105864.38
15:38:13 [ultranest] [DEBUG] iteration=2577, ncalls=4946, regioncalls=182920, ndraw=40, logz=-105953.32, remainder_fraction=100.0000%, Lmin=-105942.36, Lmax=-105864.38
15:38:13 [ultranest] [DEBUG] iteration=2592, ncalls=4973, regioncalls=184000, ndraw=40, logz=-105951.44, remainder_fraction=100.0000%, Lmin=-105940.36, Lmax=-105864.38
15:38:13 [ultranest] [DEBUG] iteration=2600, ncalls=4986, regioncalls=184520, ndraw=40, logz=-105950.70, remainder_fraction=100.0000%, Lmin=-105939.90, Lmax=-105864.38
15:38:13 [ultranest] [DEBUG] iteration=2617, ncalls=5010, regioncalls=185480, ndraw=40, logz=-105948.95, remainder_fraction=100.0000%, Lmin=-105937.80, Lmax=-105864.38
15:38:13 [ultranest] [DEBUG] iteration=2627, ncalls=5033, regioncalls=186440, ndraw=40, logz=-105947.76, remainder_fraction=100.0000%, Lmin=-105936.16, Lmax=-105864.38
15:38:13 [ultranest] [DEBUG] iteration=2640, ncalls=5048, regioncalls=187040, ndraw=40, logz=-105945.88, remainder_fraction=100.0000%, Lmin=-105934.34, Lmax=-105863.55
15:38:13 [ultranest] [DEBUG] iteration=2657, ncalls=5072, regioncalls=188000, ndraw=40, logz=-105943.29, remainder_fraction=100.0000%, Lmin=-105931.73, Lmax=-105863.55
15:38:13 [ultranest] [DEBUG] iteration=2672, ncalls=5097, regioncalls=189000, ndraw=40, logz=-105941.47, remainder_fraction=100.0000%, Lmin=-105929.71, Lmax=-105863.55
15:38:14 [ultranest] [DEBUG] iteration=2680, ncalls=5114, regioncalls=189680, ndraw=40, logz=-105940.05, remainder_fraction=100.0000%, Lmin=-105928.44, Lmax=-105863.55
15:38:14 [ultranest] [DEBUG] iteration=2696, ncalls=5140, regioncalls=190720, ndraw=40, logz=-105938.25, remainder_fraction=100.0000%, Lmin=-105926.75, Lmax=-105863.55
15:38:14 [ultranest] [DEBUG] iteration=2705, ncalls=5154, regioncalls=191320, ndraw=40, logz=-105937.33, remainder_fraction=100.0000%, Lmin=-105926.06, Lmax=-105863.55
15:38:14 [ultranest] [DEBUG] iteration=2718, ncalls=5179, regioncalls=192320, ndraw=40, logz=-105936.20, remainder_fraction=100.0000%, Lmin=-105924.77, Lmax=-105863.55
15:38:14 [ultranest] [DEBUG] iteration=2720, ncalls=5182, regioncalls=192440, ndraw=40, logz=-105935.97, remainder_fraction=100.0000%, Lmin=-105924.24, Lmax=-105863.55
15:38:14 [ultranest] [DEBUG] iteration=2735, ncalls=5207, regioncalls=193440, ndraw=40, logz=-105934.08, remainder_fraction=100.0000%, Lmin=-105922.47, Lmax=-105863.55
15:38:14 [ultranest] [DEBUG] iteration=2749, ncalls=5233, regioncalls=194480, ndraw=40, logz=-105932.70, remainder_fraction=100.0000%, Lmin=-105921.34, Lmax=-105863.55
15:38:14 [ultranest] [DEBUG] iteration=2760, ncalls=5248, regioncalls=195080, ndraw=40, logz=-105931.82, remainder_fraction=100.0000%, Lmin=-105920.33, Lmax=-105863.55
15:38:14 [ultranest] [DEBUG] iteration=2775, ncalls=5276, regioncalls=196200, ndraw=40, logz=-105930.44, remainder_fraction=100.0000%, Lmin=-105918.97, Lmax=-105863.55
15:38:14 [ultranest] [DEBUG] iteration=2788, ncalls=5301, regioncalls=197200, ndraw=40, logz=-105929.46, remainder_fraction=100.0000%, Lmin=-105918.22, Lmax=-105863.55
15:38:14 [ultranest] [DEBUG] iteration=2800, ncalls=5320, regioncalls=197960, ndraw=40, logz=-105928.63, remainder_fraction=100.0000%, Lmin=-105917.24, Lmax=-105863.55
15:38:14 [ultranest] [DEBUG] iteration=2816, ncalls=5345, regioncalls=198960, ndraw=40, logz=-105927.34, remainder_fraction=100.0000%, Lmin=-105915.89, Lmax=-105863.55
15:38:15 [ultranest] [DEBUG] iteration=2831, ncalls=5370, regioncalls=199960, ndraw=40, logz=-105925.80, remainder_fraction=100.0000%, Lmin=-105913.92, Lmax=-105863.55
15:38:15 [ultranest] [DEBUG] iteration=2840, ncalls=5387, regioncalls=200640, ndraw=40, logz=-105924.75, remainder_fraction=100.0000%, Lmin=-105913.03, Lmax=-105863.55
15:38:15 [ultranest] [DEBUG] iteration=2856, ncalls=5411, regioncalls=201600, ndraw=40, logz=-105923.51, remainder_fraction=100.0000%, Lmin=-105912.05, Lmax=-105863.55
15:38:15 [ultranest] [DEBUG] iteration=2869, ncalls=5434, regioncalls=202520, ndraw=40, logz=-105922.52, remainder_fraction=100.0000%, Lmin=-105910.77, Lmax=-105863.55
15:38:15 [ultranest] [DEBUG] iteration=2880, ncalls=5460, regioncalls=203560, ndraw=40, logz=-105921.51, remainder_fraction=100.0000%, Lmin=-105909.86, Lmax=-105863.55
15:38:15 [ultranest] [DEBUG] iteration=2890, ncalls=5487, regioncalls=204640, ndraw=40, logz=-105920.56, remainder_fraction=100.0000%, Lmin=-105908.80, Lmax=-105863.55
15:38:15 [ultranest] [DEBUG] iteration=2896, ncalls=5519, regioncalls=205920, ndraw=40, logz=-105920.03, remainder_fraction=100.0000%, Lmin=-105908.32, Lmax=-105863.55
15:38:15 [ultranest] [DEBUG] iteration=2908, ncalls=5544, regioncalls=206920, ndraw=40, logz=-105918.99, remainder_fraction=100.0000%, Lmin=-105906.95, Lmax=-105863.55
15:38:15 [ultranest] [DEBUG] iteration=2917, ncalls=5572, regioncalls=208040, ndraw=40, logz=-105918.10, remainder_fraction=100.0000%, Lmin=-105906.21, Lmax=-105863.55
15:38:15 [ultranest] [DEBUG] iteration=2920, ncalls=5577, regioncalls=208240, ndraw=40, logz=-105917.81, remainder_fraction=100.0000%, Lmin=-105905.96, Lmax=-105863.55
15:38:16 [ultranest] [DEBUG] iteration=2932, ncalls=5604, regioncalls=209320, ndraw=40, logz=-105916.69, remainder_fraction=100.0000%, Lmin=-105904.51, Lmax=-105863.55
15:38:16 [ultranest] [DEBUG] iteration=2939, ncalls=5615, regioncalls=209800, ndraw=40, logz=-105916.00, remainder_fraction=100.0000%, Lmin=-105904.05, Lmax=-105863.55
15:38:16 [ultranest] [DEBUG] iteration=2960, ncalls=5639, regioncalls=210760, ndraw=40, logz=-105914.42, remainder_fraction=100.0000%, Lmin=-105902.58, Lmax=-105863.55
15:38:16 [ultranest] [DEBUG] iteration=2979, ncalls=5663, regioncalls=211720, ndraw=40, logz=-105912.81, remainder_fraction=100.0000%, Lmin=-105901.08, Lmax=-105863.55
15:38:16 [ultranest] [DEBUG] iteration=2996, ncalls=5688, regioncalls=212720, ndraw=40, logz=-105911.72, remainder_fraction=100.0000%, Lmin=-105900.01, Lmax=-105863.55
15:38:16 [ultranest] [DEBUG] iteration=3000, ncalls=5695, regioncalls=213000, ndraw=40, logz=-105911.46, remainder_fraction=100.0000%, Lmin=-105899.56, Lmax=-105863.55
15:38:16 [ultranest] [DEBUG] iteration=3016, ncalls=5725, regioncalls=214200, ndraw=40, logz=-105910.44, remainder_fraction=100.0000%, Lmin=-105898.78, Lmax=-105863.55
15:38:16 [ultranest] [DEBUG] iteration=3017, ncalls=5730, regioncalls=214440, ndraw=40, logz=-105910.38, remainder_fraction=100.0000%, Lmin=-105898.72, Lmax=-105863.55
15:38:16 [ultranest] [DEBUG] iteration=3035, ncalls=5755, regioncalls=215440, ndraw=40, logz=-105909.48, remainder_fraction=100.0000%, Lmin=-105897.68, Lmax=-105863.55
15:38:16 [ultranest] [DEBUG] iteration=3040, ncalls=5761, regioncalls=215680, ndraw=40, logz=-105909.17, remainder_fraction=100.0000%, Lmin=-105897.41, Lmax=-105863.55
15:38:16 [ultranest] [DEBUG] iteration=3056, ncalls=5788, regioncalls=216760, ndraw=40, logz=-105908.14, remainder_fraction=100.0000%, Lmin=-105896.15, Lmax=-105863.55
15:38:16 [ultranest] [DEBUG] iteration=3071, ncalls=5813, regioncalls=217760, ndraw=40, logz=-105907.13, remainder_fraction=100.0000%, Lmin=-105895.08, Lmax=-105863.55
15:38:16 [ultranest] [DEBUG] iteration=3080, ncalls=5838, regioncalls=218760, ndraw=40, logz=-105906.49, remainder_fraction=100.0000%, Lmin=-105894.26, Lmax=-105863.55
15:38:17 [ultranest] [DEBUG] iteration=3095, ncalls=5859, regioncalls=219680, ndraw=40, logz=-105905.52, remainder_fraction=100.0000%, Lmin=-105893.71, Lmax=-105863.55
15:38:17 [ultranest] [DEBUG] iteration=3113, ncalls=5883, regioncalls=220640, ndraw=40, logz=-105904.57, remainder_fraction=100.0000%, Lmin=-105892.60, Lmax=-105863.55
15:38:17 [ultranest] [DEBUG] iteration=3120, ncalls=5895, regioncalls=221120, ndraw=40, logz=-105904.18, remainder_fraction=100.0000%, Lmin=-105892.20, Lmax=-105863.55
15:38:17 [ultranest] [DEBUG] iteration=3136, ncalls=5921, regioncalls=222160, ndraw=40, logz=-105903.33, remainder_fraction=100.0000%, Lmin=-105891.21, Lmax=-105863.55
15:38:17 [ultranest] [DEBUG] iteration=3152, ncalls=5947, regioncalls=223200, ndraw=40, logz=-105902.51, remainder_fraction=100.0000%, Lmin=-105890.52, Lmax=-105863.55
15:38:17 [ultranest] [DEBUG] iteration=3160, ncalls=5957, regioncalls=223600, ndraw=40, logz=-105902.08, remainder_fraction=100.0000%, Lmin=-105890.06, Lmax=-105863.55
15:38:17 [ultranest] [DEBUG] iteration=3173, ncalls=5985, regioncalls=224760, ndraw=40, logz=-105901.42, remainder_fraction=100.0000%, Lmin=-105889.49, Lmax=-105863.55
15:38:17 [ultranest] [DEBUG] iteration=3191, ncalls=6009, regioncalls=225800, ndraw=40, logz=-105900.67, remainder_fraction=100.0000%, Lmin=-105888.82, Lmax=-105863.55
15:38:17 [ultranest] [DEBUG] iteration=3200, ncalls=6027, regioncalls=226520, ndraw=40, logz=-105900.34, remainder_fraction=100.0000%, Lmin=-105888.64, Lmax=-105863.55
15:38:17 [ultranest] [DEBUG] iteration=3216, ncalls=6053, regioncalls=227560, ndraw=40, logz=-105899.81, remainder_fraction=100.0000%, Lmin=-105888.03, Lmax=-105863.55
15:38:18 [ultranest] [DEBUG] iteration=3232, ncalls=6079, regioncalls=228600, ndraw=40, logz=-105899.20, remainder_fraction=100.0000%, Lmin=-105887.31, Lmax=-105863.55
15:38:18 [ultranest] [DEBUG] iteration=3240, ncalls=6097, regioncalls=229320, ndraw=40, logz=-105898.89, remainder_fraction=100.0000%, Lmin=-105886.96, Lmax=-105863.55
15:38:18 [ultranest] [DEBUG] iteration=3257, ncalls=6120, regioncalls=230240, ndraw=40, logz=-105898.17, remainder_fraction=100.0000%, Lmin=-105886.08, Lmax=-105863.55
15:38:18 [ultranest] [DEBUG] iteration=3271, ncalls=6145, regioncalls=231240, ndraw=40, logz=-105897.61, remainder_fraction=100.0000%, Lmin=-105885.62, Lmax=-105863.55
15:38:18 [ultranest] [DEBUG] iteration=3280, ncalls=6163, regioncalls=231960, ndraw=40, logz=-105897.27, remainder_fraction=100.0000%, Lmin=-105885.32, Lmax=-105863.55
15:38:18 [ultranest] [DEBUG] iteration=3294, ncalls=6188, regioncalls=232960, ndraw=40, logz=-105896.82, remainder_fraction=100.0000%, Lmin=-105884.93, Lmax=-105863.55
15:38:18 [ultranest] [DEBUG] iteration=3311, ncalls=6213, regioncalls=233960, ndraw=40, logz=-105896.24, remainder_fraction=100.0000%, Lmin=-105884.22, Lmax=-105863.55
15:38:18 [ultranest] [DEBUG] iteration=3320, ncalls=6227, regioncalls=234520, ndraw=40, logz=-105895.90, remainder_fraction=100.0000%, Lmin=-105883.58, Lmax=-105863.55
15:38:18 [ultranest] [DEBUG] iteration=3328, ncalls=6254, regioncalls=235600, ndraw=40, logz=-105895.56, remainder_fraction=100.0000%, Lmin=-105883.22, Lmax=-105863.55
15:38:18 [ultranest] [DEBUG] iteration=3329, ncalls=6255, regioncalls=235680, ndraw=40, logz=-105895.51, remainder_fraction=100.0000%, Lmin=-105883.22, Lmax=-105863.55
15:38:18 [ultranest] [DEBUG] iteration=3350, ncalls=6279, regioncalls=236640, ndraw=40, logz=-105894.68, remainder_fraction=100.0000%, Lmin=-105882.46, Lmax=-105863.55
15:38:18 [ultranest] [DEBUG] iteration=3360, ncalls=6292, regioncalls=237160, ndraw=40, logz=-105894.29, remainder_fraction=100.0000%, Lmin=-105882.04, Lmax=-105863.55
15:38:18 [ultranest] [DEBUG] iteration=3376, ncalls=6318, regioncalls=238200, ndraw=40, logz=-105893.66, remainder_fraction=100.0000%, Lmin=-105881.25, Lmax=-105863.55
15:38:19 [ultranest] [DEBUG] iteration=3397, ncalls=6342, regioncalls=239160, ndraw=40, logz=-105892.83, remainder_fraction=100.0000%, Lmin=-105880.48, Lmax=-105863.55
15:38:19 [ultranest] [DEBUG] iteration=3400, ncalls=6345, regioncalls=239280, ndraw=40, logz=-105892.72, remainder_fraction=100.0000%, Lmin=-105880.36, Lmax=-105863.55
15:38:19 [ultranest] [DEBUG] iteration=3413, ncalls=6371, regioncalls=240320, ndraw=40, logz=-105892.27, remainder_fraction=100.0000%, Lmin=-105880.03, Lmax=-105863.55
15:38:19 [ultranest] [DEBUG] iteration=3423, ncalls=6399, regioncalls=241440, ndraw=40, logz=-105891.97, remainder_fraction=100.0000%, Lmin=-105879.77, Lmax=-105863.55
15:38:19 [ultranest] [DEBUG] iteration=3432, ncalls=6428, regioncalls=242600, ndraw=40, logz=-105891.66, remainder_fraction=99.9999%, Lmin=-105879.21, Lmax=-105863.55
15:38:19 [ultranest] [DEBUG] iteration=3440, ncalls=6449, regioncalls=243440, ndraw=40, logz=-105891.38, remainder_fraction=99.9999%, Lmin=-105878.98, Lmax=-105863.55
15:38:19 [ultranest] [DEBUG] iteration=3454, ncalls=6474, regioncalls=244440, ndraw=40, logz=-105890.93, remainder_fraction=99.9999%, Lmin=-105878.59, Lmax=-105863.55
15:38:19 [ultranest] [DEBUG] iteration=3470, ncalls=6499, regioncalls=245440, ndraw=40, logz=-105890.47, remainder_fraction=99.9998%, Lmin=-105878.16, Lmax=-105863.55
15:38:19 [ultranest] [DEBUG] iteration=3480, ncalls=6517, regioncalls=246160, ndraw=40, logz=-105890.21, remainder_fraction=99.9997%, Lmin=-105878.04, Lmax=-105863.55
15:38:19 [ultranest] [DEBUG] iteration=3485, ncalls=6525, regioncalls=246520, ndraw=40, logz=-105890.09, remainder_fraction=99.9997%, Lmin=-105877.94, Lmax=-105863.55
15:38:19 [ultranest] [DEBUG] iteration=3504, ncalls=6549, regioncalls=247480, ndraw=40, logz=-105889.59, remainder_fraction=99.9995%, Lmin=-105877.34, Lmax=-105863.55
15:38:20 [ultranest] [DEBUG] iteration=3520, ncalls=6570, regioncalls=248320, ndraw=40, logz=-105889.22, remainder_fraction=99.9993%, Lmin=-105877.09, Lmax=-105863.55
15:38:20 [ultranest] [DEBUG] iteration=3538, ncalls=6594, regioncalls=249280, ndraw=40, logz=-105888.84, remainder_fraction=99.9990%, Lmin=-105876.64, Lmax=-105863.55
15:38:20 [ultranest] [DEBUG] iteration=3551, ncalls=6618, regioncalls=250240, ndraw=40, logz=-105888.55, remainder_fraction=99.9987%, Lmin=-105876.24, Lmax=-105863.55
15:38:20 [ultranest] [DEBUG] iteration=3560, ncalls=6638, regioncalls=251040, ndraw=40, logz=-105888.35, remainder_fraction=99.9983%, Lmin=-105875.99, Lmax=-105863.55
15:38:20 [ultranest] [DEBUG] iteration=3563, ncalls=6644, regioncalls=251320, ndraw=40, logz=-105888.28, remainder_fraction=99.9982%, Lmin=-105875.85, Lmax=-105863.55
15:38:20 [ultranest] [DEBUG] iteration=3577, ncalls=6670, regioncalls=252360, ndraw=40, logz=-105887.93, remainder_fraction=99.9975%, Lmin=-105875.39, Lmax=-105863.55
15:38:20 [ultranest] [DEBUG] iteration=3592, ncalls=6696, regioncalls=253400, ndraw=40, logz=-105887.55, remainder_fraction=99.9964%, Lmin=-105875.05, Lmax=-105863.55
15:38:20 [ultranest] [DEBUG] iteration=3600, ncalls=6707, regioncalls=253840, ndraw=40, logz=-105887.36, remainder_fraction=99.9958%, Lmin=-105874.87, Lmax=-105863.55
15:38:20 [ultranest] [DEBUG] iteration=3613, ncalls=6732, regioncalls=254840, ndraw=40, logz=-105887.05, remainder_fraction=99.9943%, Lmin=-105874.49, Lmax=-105863.55
15:38:20 [ultranest] [DEBUG] iteration=3630, ncalls=6757, regioncalls=255840, ndraw=40, logz=-105886.68, remainder_fraction=99.9914%, Lmin=-105874.30, Lmax=-105863.55
15:38:20 [ultranest] [DEBUG] iteration=3640, ncalls=6776, regioncalls=256600, ndraw=40, logz=-105886.49, remainder_fraction=99.9896%, Lmin=-105874.13, Lmax=-105863.55
15:38:20 [ultranest] [DEBUG] iteration=3641, ncalls=6777, regioncalls=256680, ndraw=40, logz=-105886.47, remainder_fraction=99.9897%, Lmin=-105874.11, Lmax=-105863.55
15:38:21 [ultranest] [DEBUG] iteration=3657, ncalls=6802, regioncalls=257680, ndraw=40, logz=-105886.19, remainder_fraction=99.9859%, Lmin=-105873.89, Lmax=-105863.55
15:38:21 [ultranest] [DEBUG] iteration=3672, ncalls=6827, regioncalls=258680, ndraw=40, logz=-105885.93, remainder_fraction=99.9815%, Lmin=-105873.51, Lmax=-105863.55
15:38:21 [ultranest] [DEBUG] iteration=3680, ncalls=6843, regioncalls=259320, ndraw=40, logz=-105885.79, remainder_fraction=99.9789%, Lmin=-105873.44, Lmax=-105863.55
15:38:21 [ultranest] [DEBUG] iteration=3694, ncalls=6870, regioncalls=260400, ndraw=40, logz=-105885.57, remainder_fraction=99.9726%, Lmin=-105873.22, Lmax=-105863.55
15:38:21 [ultranest] [DEBUG] iteration=3707, ncalls=6899, regioncalls=261560, ndraw=40, logz=-105885.36, remainder_fraction=99.9693%, Lmin=-105872.97, Lmax=-105863.55
15:38:21 [ultranest] [DEBUG] iteration=3719, ncalls=6914, regioncalls=262240, ndraw=40, logz=-105885.17, remainder_fraction=99.9622%, Lmin=-105872.82, Lmax=-105863.55
15:38:21 [ultranest] [DEBUG] iteration=3720, ncalls=6915, regioncalls=262280, ndraw=40, logz=-105885.16, remainder_fraction=99.9616%, Lmin=-105872.79, Lmax=-105863.55
15:38:21 [ultranest] [DEBUG] iteration=3735, ncalls=6939, regioncalls=263240, ndraw=40, logz=-105884.94, remainder_fraction=99.9526%, Lmin=-105872.62, Lmax=-105863.55
15:38:21 [ultranest] [DEBUG] iteration=3755, ncalls=6963, regioncalls=264240, ndraw=40, logz=-105884.67, remainder_fraction=99.9380%, Lmin=-105872.33, Lmax=-105863.55
15:38:21 [ultranest] [DEBUG] iteration=3760, ncalls=6970, regioncalls=264520, ndraw=40, logz=-105884.61, remainder_fraction=99.9331%, Lmin=-105872.26, Lmax=-105863.55
15:38:21 [ultranest] [DEBUG] iteration=3778, ncalls=6995, regioncalls=265520, ndraw=40, logz=-105884.37, remainder_fraction=99.9134%, Lmin=-105872.02, Lmax=-105863.55
15:38:21 [ultranest] [DEBUG] iteration=3792, ncalls=7025, regioncalls=266720, ndraw=40, logz=-105884.20, remainder_fraction=99.8976%, Lmin=-105871.82, Lmax=-105863.55
15:38:21 [ultranest] [DEBUG] iteration=3797, ncalls=7032, regioncalls=267040, ndraw=40, logz=-105884.14, remainder_fraction=99.8901%, Lmin=-105871.79, Lmax=-105863.55
15:38:21 [ultranest] [DEBUG] iteration=3800, ncalls=7036, regioncalls=267320, ndraw=40, logz=-105884.10, remainder_fraction=99.8863%, Lmin=-105871.79, Lmax=-105863.55
15:38:22 [ultranest] [DEBUG] iteration=3817, ncalls=7062, regioncalls=268360, ndraw=40, logz=-105883.91, remainder_fraction=99.8596%, Lmin=-105871.56, Lmax=-105863.55
15:38:22 [ultranest] [DEBUG] iteration=3832, ncalls=7087, regioncalls=269360, ndraw=40, logz=-105883.74, remainder_fraction=99.8298%, Lmin=-105871.30, Lmax=-105863.55
15:38:22 [ultranest] [DEBUG] iteration=3840, ncalls=7098, regioncalls=269800, ndraw=40, logz=-105883.65, remainder_fraction=99.8154%, Lmin=-105871.12, Lmax=-105863.55
15:38:22 [ultranest] [DEBUG] iteration=3855, ncalls=7123, regioncalls=270800, ndraw=40, logz=-105883.47, remainder_fraction=99.7729%, Lmin=-105870.94, Lmax=-105863.55
15:38:22 [ultranest] [DEBUG] iteration=3872, ncalls=7147, regioncalls=271760, ndraw=40, logz=-105883.27, remainder_fraction=99.7211%, Lmin=-105870.75, Lmax=-105863.55
15:38:22 [ultranest] [DEBUG] iteration=3880, ncalls=7159, regioncalls=272240, ndraw=40, logz=-105883.18, remainder_fraction=99.6973%, Lmin=-105870.64, Lmax=-105863.55
15:38:22 [ultranest] [DEBUG] iteration=3892, ncalls=7184, regioncalls=273240, ndraw=40, logz=-105883.05, remainder_fraction=99.6561%, Lmin=-105870.51, Lmax=-105863.55
15:38:22 [ultranest] [DEBUG] iteration=3908, ncalls=7212, regioncalls=274360, ndraw=40, logz=-105882.88, remainder_fraction=99.5878%, Lmin=-105870.36, Lmax=-105863.55
15:38:22 [ultranest] [DEBUG] iteration=3920, ncalls=7231, regioncalls=275120, ndraw=40, logz=-105882.76, remainder_fraction=99.5276%, Lmin=-105870.28, Lmax=-105863.55
15:38:22 [ultranest] [DEBUG] iteration=3933, ncalls=7260, regioncalls=276280, ndraw=40, logz=-105882.64, remainder_fraction=99.4653%, Lmin=-105870.10, Lmax=-105863.55
15:38:23 [ultranest] [DEBUG] iteration=3947, ncalls=7287, regioncalls=277360, ndraw=40, logz=-105882.50, remainder_fraction=99.3754%, Lmin=-105869.91, Lmax=-105863.55
15:38:23 [ultranest] [DEBUG] iteration=3953, ncalls=7307, regioncalls=278200, ndraw=40, logz=-105882.44, remainder_fraction=99.3324%, Lmin=-105869.81, Lmax=-105863.55
15:38:23 [ultranest] [DEBUG] iteration=3960, ncalls=7321, regioncalls=278800, ndraw=40, logz=-105882.37, remainder_fraction=99.2810%, Lmin=-105869.71, Lmax=-105863.55
15:38:23 [ultranest] [DEBUG] iteration=3977, ncalls=7345, regioncalls=279760, ndraw=40, logz=-105882.20, remainder_fraction=99.1483%, Lmin=-105869.52, Lmax=-105863.55
15:38:23 [ultranest] [DEBUG] iteration=3992, ncalls=7372, regioncalls=280840, ndraw=40, logz=-105882.06, remainder_fraction=99.0344%, Lmin=-105869.40, Lmax=-105863.55
15:38:23 [ultranest] [DEBUG] iteration=4000, ncalls=7389, regioncalls=281520, ndraw=40, logz=-105881.99, remainder_fraction=98.9511%, Lmin=-105869.34, Lmax=-105863.55
15:38:23 [ultranest] [DEBUG] iteration=4013, ncalls=7416, regioncalls=282600, ndraw=40, logz=-105881.87, remainder_fraction=98.8183%, Lmin=-105869.18, Lmax=-105863.55
15:38:23 [ultranest] [DEBUG] iteration=4025, ncalls=7443, regioncalls=283680, ndraw=40, logz=-105881.77, remainder_fraction=98.6976%, Lmin=-105869.11, Lmax=-105863.55
15:38:23 [ultranest] [DEBUG] iteration=4031, ncalls=7453, regioncalls=284120, ndraw=40, logz=-105881.72, remainder_fraction=98.6315%, Lmin=-105869.08, Lmax=-105863.55
15:38:23 [ultranest] [DEBUG] iteration=4040, ncalls=7466, regioncalls=284680, ndraw=40, logz=-105881.64, remainder_fraction=98.5020%, Lmin=-105868.93, Lmax=-105863.55
15:38:23 [ultranest] [DEBUG] iteration=4059, ncalls=7492, regioncalls=285800, ndraw=40, logz=-105881.48, remainder_fraction=98.3092%, Lmin=-105868.75, Lmax=-105863.55
15:38:23 [ultranest] [DEBUG] iteration=4077, ncalls=7516, regioncalls=286760, ndraw=40, logz=-105881.33, remainder_fraction=97.9999%, Lmin=-105868.53, Lmax=-105863.55
15:38:23 [ultranest] [DEBUG] iteration=4080, ncalls=7519, regioncalls=286880, ndraw=40, logz=-105881.31, remainder_fraction=97.9616%, Lmin=-105868.52, Lmax=-105863.55
15:38:24 [ultranest] [DEBUG] iteration=4096, ncalls=7544, regioncalls=287880, ndraw=40, logz=-105881.17, remainder_fraction=97.6457%, Lmin=-105868.32, Lmax=-105863.55
15:38:24 [ultranest] [DEBUG] iteration=4109, ncalls=7565, regioncalls=288800, ndraw=40, logz=-105881.07, remainder_fraction=97.4381%, Lmin=-105868.22, Lmax=-105863.55
15:38:24 [ultranest] [DEBUG] iteration=4120, ncalls=7584, regioncalls=289600, ndraw=40, logz=-105880.98, remainder_fraction=97.2322%, Lmin=-105868.13, Lmax=-105863.55
15:38:24 [ultranest] [DEBUG] iteration=4140, ncalls=7608, regioncalls=290560, ndraw=40, logz=-105880.83, remainder_fraction=96.7816%, Lmin=-105867.92, Lmax=-105863.55
15:38:24 [ultranest] [DEBUG] iteration=4159, ncalls=7634, regioncalls=291600, ndraw=40, logz=-105880.69, remainder_fraction=96.2511%, Lmin=-105867.81, Lmax=-105863.55
15:38:24 [ultranest] [DEBUG] iteration=4160, ncalls=7635, regioncalls=291640, ndraw=40, logz=-105880.68, remainder_fraction=96.2256%, Lmin=-105867.79, Lmax=-105863.55
15:38:24 [ultranest] [DEBUG] iteration=4175, ncalls=7661, regioncalls=292680, ndraw=40, logz=-105880.58, remainder_fraction=95.7018%, Lmin=-105867.67, Lmax=-105863.55
15:38:24 [ultranest] [DEBUG] iteration=4187, ncalls=7680, regioncalls=293520, ndraw=40, logz=-105880.49, remainder_fraction=95.2674%, Lmin=-105867.58, Lmax=-105863.55
15:38:24 [ultranest] [DEBUG] iteration=4200, ncalls=7697, regioncalls=294200, ndraw=40, logz=-105880.41, remainder_fraction=94.8306%, Lmin=-105867.47, Lmax=-105863.55
15:38:24 [ultranest] [DEBUG] iteration=4216, ncalls=7721, regioncalls=295280, ndraw=40, logz=-105880.30, remainder_fraction=94.2957%, Lmin=-105867.36, Lmax=-105863.55
15:38:24 [ultranest] [DEBUG] iteration=4233, ncalls=7746, regioncalls=296280, ndraw=40, logz=-105880.20, remainder_fraction=93.6817%, Lmin=-105867.30, Lmax=-105863.55
15:38:24 [ultranest] [DEBUG] iteration=4240, ncalls=7757, regioncalls=296720, ndraw=40, logz=-105880.16, remainder_fraction=93.4116%, Lmin=-105867.25, Lmax=-105863.55
15:38:25 [ultranest] [DEBUG] iteration=4256, ncalls=7782, regioncalls=297720, ndraw=40, logz=-105880.06, remainder_fraction=92.8681%, Lmin=-105867.06, Lmax=-105863.55
15:38:25 [ultranest] [DEBUG] iteration=4265, ncalls=7793, regioncalls=298200, ndraw=40, logz=-105880.01, remainder_fraction=92.6583%, Lmin=-105866.99, Lmax=-105863.55
15:38:25 [ultranest] [DEBUG] iteration=4280, ncalls=7811, regioncalls=299000, ndraw=40, logz=-105879.92, remainder_fraction=92.0293%, Lmin=-105866.90, Lmax=-105863.55
15:38:25 [ultranest] [DEBUG] iteration=4297, ncalls=7836, regioncalls=300000, ndraw=40, logz=-105879.82, remainder_fraction=91.2370%, Lmin=-105866.76, Lmax=-105863.55
15:38:25 [ultranest] [DEBUG] iteration=4314, ncalls=7862, regioncalls=301040, ndraw=40, logz=-105879.73, remainder_fraction=90.2541%, Lmin=-105866.66, Lmax=-105863.55
15:38:25 [ultranest] [DEBUG] iteration=4320, ncalls=7873, regioncalls=301480, ndraw=40, logz=-105879.69, remainder_fraction=89.9456%, Lmin=-105866.63, Lmax=-105863.55
15:38:25 [ultranest] [DEBUG] iteration=4337, ncalls=7898, regioncalls=302480, ndraw=40, logz=-105879.60, remainder_fraction=88.9837%, Lmin=-105866.53, Lmax=-105863.55
15:38:25 [ultranest] [DEBUG] iteration=4343, ncalls=7905, regioncalls=302800, ndraw=40, logz=-105879.57, remainder_fraction=88.6025%, Lmin=-105866.47, Lmax=-105863.55
15:38:25 [ultranest] [DEBUG] iteration=4360, ncalls=7927, regioncalls=303680, ndraw=40, logz=-105879.49, remainder_fraction=87.4680%, Lmin=-105866.39, Lmax=-105863.55
15:38:25 [ultranest] [DEBUG] iteration=4376, ncalls=7952, regioncalls=304680, ndraw=40, logz=-105879.41, remainder_fraction=86.6435%, Lmin=-105866.36, Lmax=-105863.55
15:38:25 [ultranest] [DEBUG] iteration=4392, ncalls=7978, regioncalls=305720, ndraw=40, logz=-105879.34, remainder_fraction=85.6369%, Lmin=-105866.27, Lmax=-105863.55
15:38:25 [ultranest] [DEBUG] iteration=4400, ncalls=7990, regioncalls=306200, ndraw=40, logz=-105879.31, remainder_fraction=85.0480%, Lmin=-105866.25, Lmax=-105863.55
15:38:26 [ultranest] [DEBUG] iteration=4417, ncalls=8015, regioncalls=307200, ndraw=40, logz=-105879.23, remainder_fraction=83.8214%, Lmin=-105866.13, Lmax=-105863.55
15:38:26 [ultranest] [DEBUG] iteration=4421, ncalls=8020, regioncalls=307440, ndraw=40, logz=-105879.22, remainder_fraction=83.6580%, Lmin=-105866.11, Lmax=-105863.55
15:38:26 [ultranest] [DEBUG] iteration=4438, ncalls=8044, regioncalls=308400, ndraw=40, logz=-105879.15, remainder_fraction=82.3267%, Lmin=-105866.05, Lmax=-105863.55
15:38:26 [ultranest] [DEBUG] iteration=4440, ncalls=8050, regioncalls=308640, ndraw=40, logz=-105879.14, remainder_fraction=82.1685%, Lmin=-105866.04, Lmax=-105863.55
15:38:26 [ultranest] [DEBUG] iteration=4454, ncalls=8076, regioncalls=309760, ndraw=40, logz=-105879.08, remainder_fraction=81.3407%, Lmin=-105865.97, Lmax=-105863.48
15:38:26 [ultranest] [DEBUG] iteration=4470, ncalls=8102, regioncalls=310800, ndraw=40, logz=-105879.03, remainder_fraction=80.3061%, Lmin=-105865.92, Lmax=-105863.48
15:38:26 [ultranest] [DEBUG] iteration=4480, ncalls=8118, regioncalls=311440, ndraw=40, logz=-105878.99, remainder_fraction=79.8701%, Lmin=-105865.88, Lmax=-105863.48
15:38:26 [ultranest] [DEBUG] iteration=4493, ncalls=8143, regioncalls=312440, ndraw=40, logz=-105878.94, remainder_fraction=78.9463%, Lmin=-105865.82, Lmax=-105863.48
15:38:26 [ultranest] [DEBUG] iteration=4511, ncalls=8167, regioncalls=313400, ndraw=40, logz=-105878.88, remainder_fraction=77.7285%, Lmin=-105865.72, Lmax=-105863.48
15:38:26 [ultranest] [DEBUG] iteration=4520, ncalls=8186, regioncalls=314160, ndraw=40, logz=-105878.85, remainder_fraction=77.1191%, Lmin=-105865.68, Lmax=-105863.48
15:38:26 [ultranest] [DEBUG] iteration=4533, ncalls=8213, regioncalls=315240, ndraw=40, logz=-105878.81, remainder_fraction=76.1307%, Lmin=-105865.64, Lmax=-105863.48
15:38:27 [ultranest] [DEBUG] iteration=4544, ncalls=8239, regioncalls=316280, ndraw=40, logz=-105878.77, remainder_fraction=75.2979%, Lmin=-105865.58, Lmax=-105863.48
15:38:27 [ultranest] [DEBUG] iteration=4556, ncalls=8266, regioncalls=317360, ndraw=40, logz=-105878.74, remainder_fraction=74.3545%, Lmin=-105865.54, Lmax=-105863.48
15:38:27 [ultranest] [DEBUG] iteration=4560, ncalls=8272, regioncalls=317600, ndraw=40, logz=-105878.72, remainder_fraction=74.0751%, Lmin=-105865.53, Lmax=-105863.48
15:38:27 [ultranest] [DEBUG] iteration=4572, ncalls=8298, regioncalls=318640, ndraw=40, logz=-105878.69, remainder_fraction=73.2364%, Lmin=-105865.49, Lmax=-105863.48
15:38:27 [ultranest] [DEBUG] iteration=4577, ncalls=8310, regioncalls=319160, ndraw=40, logz=-105878.67, remainder_fraction=72.9547%, Lmin=-105865.47, Lmax=-105863.48
15:38:27 [ultranest] [DEBUG] iteration=4593, ncalls=8334, regioncalls=320120, ndraw=40, logz=-105878.62, remainder_fraction=71.7985%, Lmin=-105865.38, Lmax=-105863.48
15:38:27 [ultranest] [DEBUG] iteration=4600, ncalls=8346, regioncalls=320600, ndraw=40, logz=-105878.60, remainder_fraction=71.5036%, Lmin=-105865.37, Lmax=-105863.48
15:38:27 [ultranest] [DEBUG] iteration=4616, ncalls=8371, regioncalls=321600, ndraw=40, logz=-105878.56, remainder_fraction=69.9736%, Lmin=-105865.31, Lmax=-105863.48
15:38:27 [ultranest] [DEBUG] iteration=4631, ncalls=8396, regioncalls=322600, ndraw=40, logz=-105878.52, remainder_fraction=68.6868%, Lmin=-105865.25, Lmax=-105863.48
15:38:27 [ultranest] [DEBUG] iteration=4640, ncalls=8414, regioncalls=323320, ndraw=40, logz=-105878.49, remainder_fraction=67.8777%, Lmin=-105865.22, Lmax=-105863.48
15:38:27 [ultranest] [DEBUG] iteration=4655, ncalls=8438, regioncalls=324280, ndraw=40, logz=-105878.46, remainder_fraction=66.7829%, Lmin=-105865.18, Lmax=-105863.48
15:38:27 [ultranest] [DEBUG] iteration=4673, ncalls=8462, regioncalls=325240, ndraw=40, logz=-105878.41, remainder_fraction=65.0423%, Lmin=-105865.13, Lmax=-105863.48
15:38:27 [ultranest] [DEBUG] iteration=4680, ncalls=8475, regioncalls=325760, ndraw=40, logz=-105878.39, remainder_fraction=64.4797%, Lmin=-105865.11, Lmax=-105863.48
15:38:28 [ultranest] [DEBUG] iteration=4693, ncalls=8500, regioncalls=326760, ndraw=40, logz=-105878.36, remainder_fraction=63.4494%, Lmin=-105865.05, Lmax=-105863.48
15:38:28 [ultranest] [DEBUG] iteration=4709, ncalls=8526, regioncalls=327800, ndraw=40, logz=-105878.33, remainder_fraction=61.9953%, Lmin=-105865.01, Lmax=-105863.48
15:38:28 [ultranest] [DEBUG] iteration=4720, ncalls=8549, regioncalls=328720, ndraw=40, logz=-105878.30, remainder_fraction=61.0597%, Lmin=-105864.99, Lmax=-105863.48
15:38:28 [ultranest] [DEBUG] iteration=4732, ncalls=8574, regioncalls=329720, ndraw=40, logz=-105878.28, remainder_fraction=60.0503%, Lmin=-105864.95, Lmax=-105863.48
15:38:28 [ultranest] [DEBUG] iteration=4733, ncalls=8578, regioncalls=330000, ndraw=40, logz=-105878.28, remainder_fraction=59.9578%, Lmin=-105864.94, Lmax=-105863.48
15:38:28 [ultranest] [DEBUG] iteration=4746, ncalls=8604, regioncalls=331040, ndraw=40, logz=-105878.25, remainder_fraction=58.8954%, Lmin=-105864.89, Lmax=-105863.48
15:38:28 [ultranest] [DEBUG] iteration=4759, ncalls=8629, regioncalls=332040, ndraw=40, logz=-105878.22, remainder_fraction=57.7394%, Lmin=-105864.87, Lmax=-105863.48
15:38:28 [ultranest] [DEBUG] iteration=4760, ncalls=8630, regioncalls=332080, ndraw=40, logz=-105878.22, remainder_fraction=57.6643%, Lmin=-105864.87, Lmax=-105863.48
15:38:28 [ultranest] [DEBUG] iteration=4768, ncalls=8656, regioncalls=333120, ndraw=40, logz=-105878.20, remainder_fraction=56.9430%, Lmin=-105864.85, Lmax=-105863.48
15:38:28 [ultranest] [DEBUG] iteration=4780, ncalls=8683, regioncalls=334200, ndraw=40, logz=-105878.18, remainder_fraction=55.7630%, Lmin=-105864.83, Lmax=-105863.48
15:38:28 [ultranest] [DEBUG] iteration=4797, ncalls=8714, regioncalls=335440, ndraw=40, logz=-105878.15, remainder_fraction=54.2046%, Lmin=-105864.76, Lmax=-105863.48
15:38:28 [ultranest] [DEBUG] iteration=4800, ncalls=8720, regioncalls=335680, ndraw=40, logz=-105878.14, remainder_fraction=53.9213%, Lmin=-105864.76, Lmax=-105863.48
15:38:29 [ultranest] [DEBUG] iteration=4814, ncalls=8748, regioncalls=336800, ndraw=40, logz=-105878.12, remainder_fraction=52.7445%, Lmin=-105864.73, Lmax=-105863.48
15:38:29 [ultranest] [DEBUG] iteration=4829, ncalls=8776, regioncalls=337920, ndraw=40, logz=-105878.09, remainder_fraction=51.4926%, Lmin=-105864.68, Lmax=-105863.48
15:38:29 [ultranest] [DEBUG] iteration=4840, ncalls=8794, regioncalls=338640, ndraw=40, logz=-105878.07, remainder_fraction=50.4853%, Lmin=-105864.66, Lmax=-105863.48
15:38:29 [ultranest] [DEBUG] iteration=4849, ncalls=8821, regioncalls=339720, ndraw=40, logz=-105878.06, remainder_fraction=49.7400%, Lmin=-105864.65, Lmax=-105863.48
15:38:29 [ultranest] [DEBUG] iteration=4863, ncalls=8846, regioncalls=340720, ndraw=40, logz=-105878.03, remainder_fraction=48.5459%, Lmin=-105864.62, Lmax=-105863.48
15:38:29 [ultranest] [DEBUG] iteration=4876, ncalls=8872, regioncalls=341760, ndraw=40, logz=-105878.01, remainder_fraction=47.5412%, Lmin=-105864.59, Lmax=-105863.48
15:38:29 [ultranest] [DEBUG] iteration=4880, ncalls=8880, regioncalls=342080, ndraw=40, logz=-105878.01, remainder_fraction=47.2418%, Lmin=-105864.57, Lmax=-105863.48
15:38:29 [ultranest] [DEBUG] iteration=4889, ncalls=8905, regioncalls=343080, ndraw=40, logz=-105877.99, remainder_fraction=46.4438%, Lmin=-105864.55, Lmax=-105863.48
15:38:29 [ultranest] [DEBUG] iteration=4902, ncalls=8932, regioncalls=344160, ndraw=40, logz=-105877.97, remainder_fraction=45.3674%, Lmin=-105864.52, Lmax=-105863.48
15:38:29 [ultranest] [DEBUG] iteration=4913, ncalls=8959, regioncalls=345240, ndraw=40, logz=-105877.96, remainder_fraction=44.3231%, Lmin=-105864.50, Lmax=-105863.48
15:38:30 [ultranest] [DEBUG] iteration=4920, ncalls=8985, regioncalls=346280, ndraw=40, logz=-105877.95, remainder_fraction=43.7685%, Lmin=-105864.49, Lmax=-105863.48
15:38:30 [ultranest] [DEBUG] iteration=4932, ncalls=9010, regioncalls=347280, ndraw=40, logz=-105877.93, remainder_fraction=42.8798%, Lmin=-105864.47, Lmax=-105863.48
15:38:30 [ultranest] [DEBUG] iteration=4940, ncalls=9036, regioncalls=348320, ndraw=40, logz=-105877.92, remainder_fraction=42.2414%, Lmin=-105864.46, Lmax=-105863.48
15:38:30 [ultranest] [DEBUG] iteration=4950, ncalls=9065, regioncalls=349480, ndraw=40, logz=-105877.91, remainder_fraction=41.4653%, Lmin=-105864.43, Lmax=-105863.48
15:38:30 [ultranest] [DEBUG] iteration=4960, ncalls=9086, regioncalls=350320, ndraw=40, logz=-105877.89, remainder_fraction=40.7290%, Lmin=-105864.41, Lmax=-105863.48
15:38:30 [ultranest] [DEBUG] iteration=4967, ncalls=9099, regioncalls=350880, ndraw=40, logz=-105877.88, remainder_fraction=40.2180%, Lmin=-105864.40, Lmax=-105863.48
15:38:30 [ultranest] [DEBUG] iteration=4985, ncalls=9123, regioncalls=351960, ndraw=40, logz=-105877.86, remainder_fraction=38.9073%, Lmin=-105864.37, Lmax=-105863.48
15:38:30 [ultranest] [DEBUG] iteration=5000, ncalls=9143, regioncalls=352760, ndraw=40, logz=-105877.84, remainder_fraction=37.6758%, Lmin=-105864.35, Lmax=-105863.48
15:38:30 [ultranest] [DEBUG] iteration=5014, ncalls=9168, regioncalls=353760, ndraw=40, logz=-105877.83, remainder_fraction=36.6274%, Lmin=-105864.34, Lmax=-105863.48
15:38:30 [ultranest] [DEBUG] iteration=5027, ncalls=9197, regioncalls=354920, ndraw=40, logz=-105877.81, remainder_fraction=35.6452%, Lmin=-105864.31, Lmax=-105863.44
15:38:31 [ultranest] [DEBUG] iteration=5040, ncalls=9218, regioncalls=355760, ndraw=40, logz=-105877.80, remainder_fraction=34.7305%, Lmin=-105864.30, Lmax=-105863.44
15:38:31 [ultranest] [DEBUG] iteration=5045, ncalls=9223, regioncalls=356000, ndraw=40, logz=-105877.79, remainder_fraction=34.4016%, Lmin=-105864.29, Lmax=-105863.44
15:38:31 [ultranest] [DEBUG] iteration=5059, ncalls=9248, regioncalls=357000, ndraw=40, logz=-105877.78, remainder_fraction=33.4540%, Lmin=-105864.27, Lmax=-105863.44
15:38:31 [ultranest] [DEBUG] iteration=5072, ncalls=9275, regioncalls=358160, ndraw=40, logz=-105877.77, remainder_fraction=32.6213%, Lmin=-105864.25, Lmax=-105863.44
15:38:31 [ultranest] [DEBUG] iteration=5080, ncalls=9293, regioncalls=358880, ndraw=40, logz=-105877.76, remainder_fraction=32.1129%, Lmin=-105864.24, Lmax=-105863.44
15:38:31 [ultranest] [DEBUG] iteration=5092, ncalls=9320, regioncalls=359960, ndraw=40, logz=-105877.75, remainder_fraction=31.2736%, Lmin=-105864.21, Lmax=-105863.44
15:38:31 [ultranest] [DEBUG] iteration=5103, ncalls=9347, regioncalls=361040, ndraw=40, logz=-105877.74, remainder_fraction=30.5939%, Lmin=-105864.19, Lmax=-105863.44
15:38:31 [ultranest] [DEBUG] iteration=5113, ncalls=9373, regioncalls=362080, ndraw=40, logz=-105877.73, remainder_fraction=29.9864%, Lmin=-105864.17, Lmax=-105863.44
15:38:31 [ultranest] [DEBUG] iteration=5120, ncalls=9388, regioncalls=362680, ndraw=40, logz=-105877.72, remainder_fraction=29.5581%, Lmin=-105864.16, Lmax=-105863.44
15:38:31 [ultranest] [DEBUG] iteration=5123, ncalls=9393, regioncalls=362920, ndraw=40, logz=-105877.72, remainder_fraction=29.3630%, Lmin=-105864.15, Lmax=-105863.44
15:38:31 [ultranest] [DEBUG] iteration=5139, ncalls=9418, regioncalls=363920, ndraw=40, logz=-105877.71, remainder_fraction=28.4062%, Lmin=-105864.12, Lmax=-105863.44
15:38:31 [ultranest] [DEBUG] iteration=5155, ncalls=9443, regioncalls=364920, ndraw=40, logz=-105877.69, remainder_fraction=27.4612%, Lmin=-105864.10, Lmax=-105863.44
15:38:31 [ultranest] [DEBUG] iteration=5160, ncalls=9449, regioncalls=365160, ndraw=40, logz=-105877.69, remainder_fraction=27.1719%, Lmin=-105864.09, Lmax=-105863.44
15:38:32 [ultranest] [DEBUG] iteration=5173, ncalls=9475, regioncalls=366200, ndraw=40, logz=-105877.68, remainder_fraction=26.4578%, Lmin=-105864.07, Lmax=-105863.44
15:38:32 [ultranest] [DEBUG] iteration=5186, ncalls=9501, regioncalls=367240, ndraw=40, logz=-105877.67, remainder_fraction=25.7147%, Lmin=-105864.06, Lmax=-105863.44
15:38:32 [ultranest] [DEBUG] iteration=5198, ncalls=9526, regioncalls=368240, ndraw=40, logz=-105877.66, remainder_fraction=25.0730%, Lmin=-105864.05, Lmax=-105863.43
15:38:32 [ultranest] [DEBUG] iteration=5200, ncalls=9530, regioncalls=368400, ndraw=40, logz=-105877.66, remainder_fraction=24.9826%, Lmin=-105864.05, Lmax=-105863.43
15:38:32 [ultranest] [DEBUG] iteration=5212, ncalls=9553, regioncalls=369320, ndraw=40, logz=-105877.65, remainder_fraction=24.2816%, Lmin=-105864.04, Lmax=-105863.43
15:38:32 [ultranest] [DEBUG] iteration=5223, ncalls=9578, regioncalls=370320, ndraw=40, logz=-105877.64, remainder_fraction=23.6493%, Lmin=-105864.02, Lmax=-105863.43
15:38:32 [ultranest] [DEBUG] iteration=5236, ncalls=9603, regioncalls=371320, ndraw=40, logz=-105877.63, remainder_fraction=22.9496%, Lmin=-105864.00, Lmax=-105863.43
15:38:32 [ultranest] [DEBUG] iteration=5240, ncalls=9612, regioncalls=371680, ndraw=40, logz=-105877.63, remainder_fraction=22.7421%, Lmin=-105864.00, Lmax=-105863.43
15:38:32 [ultranest] [DEBUG] iteration=5252, ncalls=9637, regioncalls=372680, ndraw=40, logz=-105877.62, remainder_fraction=22.1563%, Lmin=-105863.99, Lmax=-105863.43
15:38:32 [ultranest] [DEBUG] iteration=5265, ncalls=9666, regioncalls=373840, ndraw=40, logz=-105877.61, remainder_fraction=21.5132%, Lmin=-105863.98, Lmax=-105863.43
15:38:32 [ultranest] [DEBUG] iteration=5278, ncalls=9691, regioncalls=374840, ndraw=40, logz=-105877.61, remainder_fraction=20.9283%, Lmin=-105863.96, Lmax=-105863.43
15:38:32 [ultranest] [DEBUG] iteration=5279, ncalls=9692, regioncalls=374920, ndraw=40, logz=-105877.61, remainder_fraction=20.8809%, Lmin=-105863.96, Lmax=-105863.43
15:38:32 [ultranest] [DEBUG] iteration=5280, ncalls=9693, regioncalls=374960, ndraw=40, logz=-105877.60, remainder_fraction=20.8249%, Lmin=-105863.96, Lmax=-105863.43
15:38:33 [ultranest] [DEBUG] iteration=5299, ncalls=9717, regioncalls=375920, ndraw=40, logz=-105877.59, remainder_fraction=19.9454%, Lmin=-105863.94, Lmax=-105863.43
15:38:33 [ultranest] [DEBUG] iteration=5319, ncalls=9743, regioncalls=376960, ndraw=40, logz=-105877.58, remainder_fraction=19.0016%, Lmin=-105863.93, Lmax=-105863.43
15:38:33 [ultranest] [DEBUG] iteration=5320, ncalls=9746, regioncalls=377080, ndraw=40, logz=-105877.58, remainder_fraction=18.9512%, Lmin=-105863.92, Lmax=-105863.43
15:38:33 [ultranest] [DEBUG] iteration=5337, ncalls=9771, regioncalls=378080, ndraw=40, logz=-105877.57, remainder_fraction=18.2362%, Lmin=-105863.92, Lmax=-105863.43
15:38:33 [ultranest] [DEBUG] iteration=5351, ncalls=9796, regioncalls=379080, ndraw=40, logz=-105877.57, remainder_fraction=17.6368%, Lmin=-105863.91, Lmax=-105863.43
15:38:33 [ultranest] [DEBUG] iteration=5357, ncalls=9808, regioncalls=379600, ndraw=40, logz=-105877.56, remainder_fraction=17.3771%, Lmin=-105863.90, Lmax=-105863.43
15:38:33 [ultranest] [DEBUG] iteration=5360, ncalls=9812, regioncalls=379760, ndraw=40, logz=-105877.56, remainder_fraction=17.2576%, Lmin=-105863.89, Lmax=-105863.43
15:38:33 [ultranest] [DEBUG] iteration=5374, ncalls=9837, regioncalls=380760, ndraw=40, logz=-105877.55, remainder_fraction=16.6907%, Lmin=-105863.88, Lmax=-105863.43
15:38:33 [ultranest] [DEBUG] iteration=5386, ncalls=9863, regioncalls=381800, ndraw=40, logz=-105877.55, remainder_fraction=16.2205%, Lmin=-105863.87, Lmax=-105863.43
15:38:33 [ultranest] [DEBUG] iteration=5400, ncalls=9885, regioncalls=382680, ndraw=40, logz=-105877.54, remainder_fraction=15.6666%, Lmin=-105863.85, Lmax=-105863.43
15:38:33 [ultranest] [DEBUG] iteration=5416, ncalls=9909, regioncalls=383640, ndraw=40, logz=-105877.54, remainder_fraction=15.0602%, Lmin=-105863.84, Lmax=-105863.43
15:38:34 [ultranest] [DEBUG] iteration=5434, ncalls=9935, regioncalls=384680, ndraw=40, logz=-105877.53, remainder_fraction=14.4268%, Lmin=-105863.83, Lmax=-105863.43
15:38:34 [ultranest] [DEBUG] iteration=5435, ncalls=9936, regioncalls=384760, ndraw=40, logz=-105877.53, remainder_fraction=14.3911%, Lmin=-105863.83, Lmax=-105863.43
15:38:34 [ultranest] [DEBUG] iteration=5440, ncalls=9946, regioncalls=385160, ndraw=40, logz=-105877.53, remainder_fraction=14.2147%, Lmin=-105863.82, Lmax=-105863.43
15:38:34 [ultranest] [DEBUG] iteration=5457, ncalls=9970, regioncalls=386120, ndraw=40, logz=-105877.52, remainder_fraction=13.6562%, Lmin=-105863.81, Lmax=-105863.43
15:38:34 [ultranest] [DEBUG] iteration=5476, ncalls=9994, regioncalls=387080, ndraw=40, logz=-105877.51, remainder_fraction=13.0304%, Lmin=-105863.79, Lmax=-105863.43
15:38:34 [ultranest] [DEBUG] iteration=5480, ncalls=10002, regioncalls=387400, ndraw=40, logz=-105877.51, remainder_fraction=12.9018%, Lmin=-105863.78, Lmax=-105863.43
15:38:34 [ultranest] [DEBUG] iteration=5494, ncalls=10027, regioncalls=388400, ndraw=40, logz=-105877.50, remainder_fraction=12.4462%, Lmin=-105863.78, Lmax=-105863.43
15:38:34 [ultranest] [DEBUG] iteration=5510, ncalls=10052, regioncalls=389400, ndraw=40, logz=-105877.50, remainder_fraction=11.9492%, Lmin=-105863.77, Lmax=-105863.43
15:38:34 [ultranest] [DEBUG] iteration=5513, ncalls=10056, regioncalls=389600, ndraw=40, logz=-105877.50, remainder_fraction=11.8599%, Lmin=-105863.77, Lmax=-105863.43
15:38:34 [ultranest] [DEBUG] iteration=5520, ncalls=10063, regioncalls=389920, ndraw=40, logz=-105877.50, remainder_fraction=11.6476%, Lmin=-105863.76, Lmax=-105863.43
15:38:34 [ultranest] [DEBUG] iteration=5540, ncalls=10086, regioncalls=390840, ndraw=40, logz=-105877.49, remainder_fraction=11.0745%, Lmin=-105863.75, Lmax=-105863.43
15:38:34 [ultranest] [DEBUG] iteration=5558, ncalls=10111, regioncalls=391840, ndraw=40, logz=-105877.48, remainder_fraction=10.5941%, Lmin=-105863.74, Lmax=-105863.43
15:38:34 [ultranest] [DEBUG] iteration=5560, ncalls=10113, regioncalls=391920, ndraw=40, logz=-105877.48, remainder_fraction=10.5416%, Lmin=-105863.74, Lmax=-105863.43
15:38:34 [ultranest] [DEBUG] iteration=5575, ncalls=10138, regioncalls=392920, ndraw=40, logz=-105877.48, remainder_fraction=10.1311%, Lmin=-105863.73, Lmax=-105863.43
15:38:34 [ultranest] [DEBUG] iteration=5591, ncalls=10156, regioncalls=393720, ndraw=40, logz=-105877.47, remainder_fraction=9.7305%, Lmin=-105863.72, Lmax=-105863.43
15:38:35 [ultranest] [DEBUG] iteration=5600, ncalls=10168, regioncalls=394200, ndraw=40, logz=-105877.47, remainder_fraction=9.5108%, Lmin=-105863.72, Lmax=-105863.43
15:38:35 [ultranest] [DEBUG] iteration=5615, ncalls=10193, regioncalls=395200, ndraw=40, logz=-105877.47, remainder_fraction=9.1512%, Lmin=-105863.71, Lmax=-105863.43
15:38:35 [ultranest] [DEBUG] iteration=5631, ncalls=10221, regioncalls=396320, ndraw=40, logz=-105877.46, remainder_fraction=8.7820%, Lmin=-105863.70, Lmax=-105863.43
15:38:35 [ultranest] [DEBUG] iteration=5640, ncalls=10235, regioncalls=396880, ndraw=40, logz=-105877.46, remainder_fraction=8.5824%, Lmin=-105863.69, Lmax=-105863.43
15:38:35 [ultranest] [DEBUG] iteration=5654, ncalls=10260, regioncalls=397880, ndraw=40, logz=-105877.46, remainder_fraction=8.2778%, Lmin=-105863.68, Lmax=-105863.43
15:38:35 [ultranest] [DEBUG] iteration=5668, ncalls=10285, regioncalls=398880, ndraw=40, logz=-105877.46, remainder_fraction=7.9757%, Lmin=-105863.67, Lmax=-105863.43
15:38:35 [ultranest] [DEBUG] iteration=5680, ncalls=10306, regioncalls=399720, ndraw=40, logz=-105877.45, remainder_fraction=7.7354%, Lmin=-105863.67, Lmax=-105863.43
15:38:35 [ultranest] [DEBUG] iteration=5693, ncalls=10331, regioncalls=400720, ndraw=40, logz=-105877.45, remainder_fraction=7.4804%, Lmin=-105863.66, Lmax=-105863.43
15:38:35 [ultranest] [DEBUG] iteration=5708, ncalls=10360, regioncalls=401880, ndraw=40, logz=-105877.45, remainder_fraction=7.1942%, Lmin=-105863.66, Lmax=-105863.43
15:38:35 [ultranest] [DEBUG] iteration=5720, ncalls=10387, regioncalls=402960, ndraw=40, logz=-105877.44, remainder_fraction=6.9725%, Lmin=-105863.65, Lmax=-105863.43
15:38:36 [ultranest] [DEBUG] iteration=5731, ncalls=10416, regioncalls=404120, ndraw=40, logz=-105877.44, remainder_fraction=6.7792%, Lmin=-105863.65, Lmax=-105863.43
15:38:36 [ultranest] [DEBUG] iteration=5745, ncalls=10442, regioncalls=405160, ndraw=40, logz=-105877.44, remainder_fraction=6.5364%, Lmin=-105863.64, Lmax=-105863.43
15:38:36 [ultranest] [DEBUG] iteration=5747, ncalls=10444, regioncalls=405280, ndraw=40, logz=-105877.44, remainder_fraction=6.5009%, Lmin=-105863.64, Lmax=-105863.43
15:38:36 [ultranest] [DEBUG] iteration=5760, ncalls=10460, regioncalls=405920, ndraw=40, logz=-105877.44, remainder_fraction=6.2805%, Lmin=-105863.63, Lmax=-105863.43
15:38:36 [ultranest] [DEBUG] iteration=5776, ncalls=10484, regioncalls=406880, ndraw=40, logz=-105877.43, remainder_fraction=6.0189%, Lmin=-105863.63, Lmax=-105863.43
15:38:36 [ultranest] [DEBUG] iteration=5795, ncalls=10509, regioncalls=407880, ndraw=40, logz=-105877.43, remainder_fraction=5.7189%, Lmin=-105863.62, Lmax=-105863.43
15:38:36 [ultranest] [DEBUG] iteration=5800, ncalls=10514, regioncalls=408080, ndraw=40, logz=-105877.43, remainder_fraction=5.6413%, Lmin=-105863.62, Lmax=-105863.43
15:38:36 [ultranest] [DEBUG] iteration=5817, ncalls=10538, regioncalls=409040, ndraw=40, logz=-105877.43, remainder_fraction=5.3912%, Lmin=-105863.61, Lmax=-105863.43
15:38:36 [ultranest] [DEBUG] iteration=5831, ncalls=10561, regioncalls=409960, ndraw=40, logz=-105877.43, remainder_fraction=5.1907%, Lmin=-105863.60, Lmax=-105863.43
15:38:36 [ultranest] [DEBUG] iteration=5840, ncalls=10580, regioncalls=410720, ndraw=40, logz=-105877.42, remainder_fraction=5.0726%, Lmin=-105863.60, Lmax=-105863.43
15:38:36 [ultranest] [DEBUG] iteration=5854, ncalls=10605, regioncalls=411720, ndraw=40, logz=-105877.42, remainder_fraction=4.8871%, Lmin=-105863.60, Lmax=-105863.43
15:38:36 [ultranest] [DEBUG] iteration=5865, ncalls=10632, regioncalls=412800, ndraw=40, logz=-105877.42, remainder_fraction=4.7413%, Lmin=-105863.59, Lmax=-105863.43
15:38:37 [ultranest] [DEBUG] iteration=5879, ncalls=10657, regioncalls=413800, ndraw=40, logz=-105877.42, remainder_fraction=4.5636%, Lmin=-105863.59, Lmax=-105863.43
15:38:37 [ultranest] [DEBUG] iteration=5880, ncalls=10659, regioncalls=413880, ndraw=40, logz=-105877.42, remainder_fraction=4.5507%, Lmin=-105863.59, Lmax=-105863.43
15:38:37 [ultranest] [DEBUG] iteration=5893, ncalls=10685, regioncalls=414920, ndraw=40, logz=-105877.42, remainder_fraction=4.3940%, Lmin=-105863.58, Lmax=-105863.43
15:38:37 [ultranest] [DEBUG] iteration=5903, ncalls=10706, regioncalls=415800, ndraw=40, logz=-105877.42, remainder_fraction=4.2753%, Lmin=-105863.58, Lmax=-105863.43
15:38:37 [ultranest] [DEBUG] iteration=5919, ncalls=10731, regioncalls=416800, ndraw=40, logz=-105877.41, remainder_fraction=4.0929%, Lmin=-105863.58, Lmax=-105863.43
15:38:37 [ultranest] [DEBUG] iteration=5920, ncalls=10732, regioncalls=416840, ndraw=40, logz=-105877.41, remainder_fraction=4.0813%, Lmin=-105863.58, Lmax=-105863.43
15:38:37 [ultranest] [DEBUG] iteration=5936, ncalls=10756, regioncalls=417800, ndraw=40, logz=-105877.41, remainder_fraction=3.9087%, Lmin=-105863.57, Lmax=-105863.43
15:38:37 [ultranest] [DEBUG] iteration=5953, ncalls=10780, regioncalls=418760, ndraw=40, logz=-105877.41, remainder_fraction=3.7289%, Lmin=-105863.57, Lmax=-105863.43
15:38:37 [ultranest] [DEBUG] iteration=5960, ncalls=10787, regioncalls=419040, ndraw=40, logz=-105877.41, remainder_fraction=3.6573%, Lmin=-105863.57, Lmax=-105863.43
15:38:37 [ultranest] [DEBUG] iteration=5974, ncalls=10812, regioncalls=420040, ndraw=40, logz=-105877.41, remainder_fraction=3.5208%, Lmin=-105863.56, Lmax=-105863.43
15:38:37 [ultranest] [DEBUG] iteration=5991, ncalls=10836, regioncalls=421000, ndraw=40, logz=-105877.41, remainder_fraction=3.3630%, Lmin=-105863.56, Lmax=-105863.43
15:38:37 [ultranest] [DEBUG] iteration=6000, ncalls=10851, regioncalls=421600, ndraw=40, logz=-105877.41, remainder_fraction=3.2819%, Lmin=-105863.56, Lmax=-105863.43
15:38:37 [ultranest] [DEBUG] iteration=6016, ncalls=10876, regioncalls=422600, ndraw=40, logz=-105877.40, remainder_fraction=3.1399%, Lmin=-105863.56, Lmax=-105863.43
15:38:38 [ultranest] [DEBUG] iteration=6032, ncalls=10901, regioncalls=423600, ndraw=40, logz=-105877.40, remainder_fraction=3.0065%, Lmin=-105863.55, Lmax=-105863.43
15:38:38 [ultranest] [DEBUG] iteration=6040, ncalls=10913, regioncalls=424080, ndraw=40, logz=-105877.40, remainder_fraction=2.9411%, Lmin=-105863.55, Lmax=-105863.43
15:38:38 [ultranest] [DEBUG] iteration=6052, ncalls=10938, regioncalls=425080, ndraw=40, logz=-105877.40, remainder_fraction=2.8459%, Lmin=-105863.55, Lmax=-105863.43
15:38:38 [ultranest] [DEBUG] iteration=6059, ncalls=10952, regioncalls=425680, ndraw=40, logz=-105877.40, remainder_fraction=2.7916%, Lmin=-105863.55, Lmax=-105863.43
15:38:38 [ultranest] [DEBUG] iteration=6078, ncalls=10976, regioncalls=426680, ndraw=40, logz=-105877.40, remainder_fraction=2.6500%, Lmin=-105863.54, Lmax=-105863.43
15:38:38 [ultranest] [DEBUG] iteration=6080, ncalls=10978, regioncalls=426760, ndraw=40, logz=-105877.40, remainder_fraction=2.6353%, Lmin=-105863.54, Lmax=-105863.43
15:38:38 [ultranest] [DEBUG] iteration=6097, ncalls=11002, regioncalls=427720, ndraw=40, logz=-105877.40, remainder_fraction=2.5163%, Lmin=-105863.54, Lmax=-105863.43
15:38:38 [ultranest] [DEBUG] iteration=6109, ncalls=11027, regioncalls=428720, ndraw=40, logz=-105877.40, remainder_fraction=2.4335%, Lmin=-105863.54, Lmax=-105863.43
15:38:38 [ultranest] [DEBUG] iteration=6120, ncalls=11043, regioncalls=429360, ndraw=40, logz=-105877.40, remainder_fraction=2.3604%, Lmin=-105863.54, Lmax=-105863.43
15:38:38 [ultranest] [DEBUG] iteration=6134, ncalls=11068, regioncalls=430360, ndraw=40, logz=-105877.39, remainder_fraction=2.2708%, Lmin=-105863.53, Lmax=-105863.43
15:38:38 [ultranest] [DEBUG] iteration=6137, ncalls=11072, regioncalls=430600, ndraw=40, logz=-105877.39, remainder_fraction=2.2526%, Lmin=-105863.53, Lmax=-105863.43
15:38:38 [ultranest] [DEBUG] iteration=6156, ncalls=11101, regioncalls=431760, ndraw=40, logz=-105877.39, remainder_fraction=2.1371%, Lmin=-105863.53, Lmax=-105863.43
15:38:38 [ultranest] [DEBUG] iteration=6160, ncalls=11108, regioncalls=432040, ndraw=40, logz=-105877.39, remainder_fraction=2.1138%, Lmin=-105863.53, Lmax=-105863.43
15:38:39 [ultranest] [DEBUG] iteration=6178, ncalls=11134, regioncalls=433080, ndraw=40, logz=-105877.39, remainder_fraction=2.0109%, Lmin=-105863.52, Lmax=-105863.43
15:38:39 [ultranest] [DEBUG] iteration=6194, ncalls=11159, regioncalls=434080, ndraw=40, logz=-105877.39, remainder_fraction=1.9236%, Lmin=-105863.52, Lmax=-105863.43
15:38:39 [ultranest] [DEBUG] iteration=6200, ncalls=11172, regioncalls=434600, ndraw=40, logz=-105877.39, remainder_fraction=1.8922%, Lmin=-105863.52, Lmax=-105863.43
15:38:39 [ultranest] [DEBUG] iteration=6215, ncalls=11194, regioncalls=435480, ndraw=40, logz=-105877.39, remainder_fraction=1.8148%, Lmin=-105863.52, Lmax=-105863.43
15:38:39 [ultranest] [DEBUG] iteration=6232, ncalls=11218, regioncalls=436440, ndraw=40, logz=-105877.39, remainder_fraction=1.7309%, Lmin=-105863.51, Lmax=-105863.43
15:38:39 [ultranest] [DEBUG] iteration=6240, ncalls=11233, regioncalls=437040, ndraw=40, logz=-105877.39, remainder_fraction=1.6927%, Lmin=-105863.51, Lmax=-105863.43
15:38:39 [ultranest] [DEBUG] iteration=6258, ncalls=11257, regioncalls=438000, ndraw=40, logz=-105877.39, remainder_fraction=1.6100%, Lmin=-105863.51, Lmax=-105863.43
15:38:39 [ultranest] [DEBUG] iteration=6271, ncalls=11282, regioncalls=439000, ndraw=40, logz=-105877.39, remainder_fraction=1.5524%, Lmin=-105863.51, Lmax=-105863.43
15:38:39 [ultranest] [DEBUG] iteration=6280, ncalls=11299, regioncalls=439680, ndraw=40, logz=-105877.39, remainder_fraction=1.5143%, Lmin=-105863.51, Lmax=-105863.43
15:38:39 [ultranest] [DEBUG] iteration=6290, ncalls=11330, regioncalls=440920, ndraw=40, logz=-105877.39, remainder_fraction=1.4727%, Lmin=-105863.50, Lmax=-105863.43
15:38:39 [ultranest] [DEBUG] iteration=6293, ncalls=11335, regioncalls=441160, ndraw=40, logz=-105877.39, remainder_fraction=1.4605%, Lmin=-105863.50, Lmax=-105863.43
15:38:40 [ultranest] [DEBUG] iteration=6312, ncalls=11359, regioncalls=442120, ndraw=40, logz=-105877.39, remainder_fraction=1.3849%, Lmin=-105863.50, Lmax=-105863.43
15:38:40 [ultranest] [DEBUG] iteration=6320, ncalls=11371, regioncalls=442600, ndraw=40, logz=-105877.39, remainder_fraction=1.3543%, Lmin=-105863.50, Lmax=-105863.43
15:38:40 [ultranest] [DEBUG] iteration=6337, ncalls=11395, regioncalls=443560, ndraw=40, logz=-105877.38, remainder_fraction=1.2911%, Lmin=-105863.50, Lmax=-105863.43
15:38:40 [ultranest] [DEBUG] iteration=6351, ncalls=11419, regioncalls=444520, ndraw=40, logz=-105877.38, remainder_fraction=1.2414%, Lmin=-105863.50, Lmax=-105863.43
15:38:40 [ultranest] [DEBUG] iteration=6360, ncalls=11434, regioncalls=445120, ndraw=40, logz=-105877.38, remainder_fraction=1.2107%, Lmin=-105863.49, Lmax=-105863.43
15:38:40 [ultranest] [DEBUG] iteration=6371, ncalls=11451, regioncalls=445880, ndraw=40, logz=-105877.38, remainder_fraction=1.1737%, Lmin=-105863.49, Lmax=-105863.43
15:38:40 [ultranest] [DEBUG] iteration=6391, ncalls=11475, regioncalls=446840, ndraw=40, logz=-105877.38, remainder_fraction=1.1097%, Lmin=-105863.49, Lmax=-105863.43
15:38:40 [ultranest] [DEBUG] iteration=6400, ncalls=11484, regioncalls=447200, ndraw=40, logz=-105877.38, remainder_fraction=1.0820%, Lmin=-105863.49, Lmax=-105863.43
15:38:40 [ultranest] [DEBUG] iteration=6416, ncalls=11508, regioncalls=448160, ndraw=40, logz=-105877.38, remainder_fraction=1.0344%, Lmin=-105863.49, Lmax=-105863.43
15:38:40 [ultranest] [INFO] Explored until L=-1e+05  
15:38:40 [ultranest] [INFO] Likelihood function evaluations: 11521
15:38:42 [ultranest] [INFO] Writing samples and results to disk ...
15:38:42 [ultranest] [INFO] Writing samples and results to disk ... done
15:38:42 [ultranest] [DEBUG] did a run_iter pass!
15:38:42 [ultranest] [INFO]   logZ = -1.059e+05 +- 0.1624
15:38:42 [ultranest] [INFO] Effective samples strategy satisfied (ESS = 1672.3, need >400)
15:38:42 [ultranest] [INFO] Posterior uncertainty strategy is satisfied (KL: 0.46+-0.07 nat, need <0.50 nat)
15:38:42 [ultranest] [INFO] Evidency uncertainty strategy is satisfied (dlogz=0.16, need <0.5)
15:38:42 [ultranest] [INFO]   logZ error budget: single: 0.19 bs:0.16 tail:0.01 total:0.16 required:<0.50
15:38:42 [ultranest] [INFO] done iterating.
15:38:42 [ultranest] [DEBUG] Making corner plot ...
15:38:42 [ultranest] [DEBUG] Making corner plot ... done
15:38:42 [ultranest] [DEBUG] Making run plot ... 
15:38:43 [ultranest] [DEBUG] Making run plot ... done
15:38:43 [ultranest] [DEBUG] Making trace plot ... 
15:38:44 [ultranest] [DEBUG] Making trace plot ... done
