14:01:04 [ultranest] [DEBUG] ReactiveNestedSampler: dims=2+0, resume=False, log_dir=./m-values/N96/S24/M96/T029/P02/NF2/sample_rho, backend=hdf5, vectorized=False, nbootstraps=30, ndraw=128..65536
14:01:04 [ultranest] [INFO] Sampling 400 live points from prior ...
14:01:06 [ultranest] [DEBUG] run_iter dlogz=0.5, dKL=0.5, frac_remain=0.01, Lepsilon=0.0010, min_ess=400
14:01:06 [ultranest] [DEBUG] max_iters=-1, max_ncalls=-1, max_num_improvement_loops=-1, min_num_live_points=400, cluster_num_live_points=40
14:01:06 [ultranest] [DEBUG] minimal_widths_sequence: [(-inf, 400.0), (inf, 400.0)]
14:01:06 [ultranest] [DEBUG] Plateau detected at L=-3.536771e+07, not replacing live point.
14:01:06 [ultranest] [DEBUG] Plateau detected at L=-3.536771e+07, not replacing live point.
14:01:06 [ultranest] [DEBUG] Plateau detected at L=-3.536771e+07, not replacing live point.
14:01:06 [ultranest] [DEBUG] Plateau detected at L=-3.536771e+07, not replacing live point.
14:01:06 [ultranest] [DEBUG] Plateau detected at L=-3.536771e+07, not replacing live point.
14:01:06 [ultranest] [DEBUG] Plateau detected at L=-3.536771e+07, not replacing live point.
14:01:06 [ultranest] [DEBUG] Plateau detected at L=-3.536771e+07, not replacing live point.
14:01:06 [ultranest] [DEBUG] Plateau detected at L=-3.536771e+07, not replacing live point.
14:01:06 [ultranest] [DEBUG] Plateau detected at L=-3.536771e+07, not replacing live point.
14:01:06 [ultranest] [DEBUG] Plateau detected at L=-3.536771e+07, not replacing live point.
14:01:06 [ultranest] [DEBUG] Plateau detected at L=-3.536771e+07, not replacing live point.
14:01:06 [ultranest] [DEBUG] Plateau detected at L=-3.536771e+07, not replacing live point.
14:01:06 [ultranest] [DEBUG] Plateau detected at L=-3.536771e+07, not replacing live point.
14:01:06 [ultranest] [DEBUG] Plateau detected at L=-3.536771e+07, not replacing live point.
14:01:06 [ultranest] [DEBUG] Plateau detected at L=-3.536771e+07, not replacing live point.
14:01:06 [ultranest] [DEBUG] Plateau detected at L=-3.536771e+07, not replacing live point.
14:01:06 [ultranest] [DEBUG] Plateau detected at L=-3.536771e+07, not replacing live point.
14:01:06 [ultranest] [DEBUG] Plateau detected at L=-3.536771e+07, not replacing live point.
14:01:06 [ultranest] [DEBUG] Plateau detected at L=-3.536771e+07, not replacing live point.
14:01:06 [ultranest] [DEBUG] Plateau detected at L=-3.536771e+07, not replacing live point.
14:01:06 [ultranest] [DEBUG] Plateau detected at L=-3.536771e+07, not replacing live point.
14:01:06 [ultranest] [DEBUG] Plateau detected at L=-3.536771e+07, not replacing live point.
14:01:06 [ultranest] [DEBUG] Plateau detected at L=-3.536771e+07, not replacing live point.
14:01:06 [ultranest] [DEBUG] iteration=23, ncalls=401, regioncalls=40, ndraw=40, logz=-35367709.88, remainder_fraction=100.0000%, Lmin=-35367707.03, Lmax=-276026.44
14:01:06 [ultranest] [DEBUG] iteration=38, ncalls=416, regioncalls=640, ndraw=40, logz=-326463.22, remainder_fraction=100.0000%, Lmin=-326359.39, Lmax=-276026.44
14:01:06 [ultranest] [DEBUG] iteration=40, ncalls=418, regioncalls=720, ndraw=40, logz=-326177.96, remainder_fraction=100.0000%, Lmin=-324197.65, Lmax=-276026.44
14:01:06 [ultranest] [DEBUG] iteration=54, ncalls=433, regioncalls=1320, ndraw=40, logz=-317357.70, remainder_fraction=100.0000%, Lmin=-316596.20, Lmax=-276026.44
14:01:06 [ultranest] [DEBUG] iteration=69, ncalls=448, regioncalls=1920, ndraw=40, logz=-313444.37, remainder_fraction=100.0000%, Lmin=-312663.95, Lmax=-276026.44
14:01:07 [ultranest] [DEBUG] iteration=80, ncalls=460, regioncalls=2400, ndraw=40, logz=-309748.54, remainder_fraction=100.0000%, Lmin=-309309.45, Lmax=-276026.44
14:01:07 [ultranest] [DEBUG] iteration=95, ncalls=476, regioncalls=3040, ndraw=40, logz=-307690.07, remainder_fraction=100.0000%, Lmin=-307600.15, Lmax=-276026.44
14:01:07 [ultranest] [DEBUG] iteration=108, ncalls=492, regioncalls=3680, ndraw=40, logz=-304846.43, remainder_fraction=100.0000%, Lmin=-304461.17, Lmax=-276026.44
14:01:07 [ultranest] [DEBUG] iteration=120, ncalls=506, regioncalls=4240, ndraw=40, logz=-302408.58, remainder_fraction=100.0000%, Lmin=-302215.56, Lmax=-276026.44
14:01:07 [ultranest] [DEBUG] iteration=135, ncalls=521, regioncalls=4840, ndraw=40, logz=-301196.67, remainder_fraction=100.0000%, Lmin=-301003.89, Lmax=-276011.43
14:01:07 [ultranest] [DEBUG] iteration=149, ncalls=537, regioncalls=5480, ndraw=40, logz=-299421.76, remainder_fraction=100.0000%, Lmin=-299383.90, Lmax=-276011.43
14:01:07 [ultranest] [DEBUG] iteration=160, ncalls=550, regioncalls=6000, ndraw=40, logz=-298152.33, remainder_fraction=100.0000%, Lmin=-298023.51, Lmax=-276011.43
14:01:07 [ultranest] [DEBUG] iteration=174, ncalls=565, regioncalls=6600, ndraw=40, logz=-297088.18, remainder_fraction=100.0000%, Lmin=-297067.29, Lmax=-276011.43
14:01:07 [ultranest] [DEBUG] iteration=186, ncalls=580, regioncalls=7200, ndraw=40, logz=-296232.10, remainder_fraction=100.0000%, Lmin=-296212.50, Lmax=-276011.43
14:01:07 [ultranest] [DEBUG] iteration=198, ncalls=594, regioncalls=7760, ndraw=40, logz=-295699.08, remainder_fraction=100.0000%, Lmin=-295685.92, Lmax=-276011.43
14:01:07 [ultranest] [DEBUG] iteration=200, ncalls=596, regioncalls=7840, ndraw=40, logz=-295557.54, remainder_fraction=100.0000%, Lmin=-295461.02, Lmax=-276011.43
14:01:08 [ultranest] [DEBUG] iteration=213, ncalls=612, regioncalls=8480, ndraw=40, logz=-294734.34, remainder_fraction=100.0000%, Lmin=-294704.35, Lmax=-276011.43
14:01:08 [ultranest] [DEBUG] iteration=226, ncalls=627, regioncalls=9080, ndraw=40, logz=-294062.09, remainder_fraction=100.0000%, Lmin=-293745.25, Lmax=-276011.43
14:01:08 [ultranest] [DEBUG] iteration=238, ncalls=644, regioncalls=9760, ndraw=40, logz=-292875.66, remainder_fraction=100.0000%, Lmin=-292799.72, Lmax=-276011.43
14:01:08 [ultranest] [DEBUG] iteration=240, ncalls=646, regioncalls=9840, ndraw=40, logz=-292770.48, remainder_fraction=100.0000%, Lmin=-292648.92, Lmax=-276011.43
14:01:08 [ultranest] [DEBUG] iteration=255, ncalls=661, regioncalls=10440, ndraw=40, logz=-292168.35, remainder_fraction=100.0000%, Lmin=-292102.67, Lmax=-276007.60
14:01:08 [ultranest] [DEBUG] iteration=268, ncalls=677, regioncalls=11080, ndraw=40, logz=-291349.44, remainder_fraction=100.0000%, Lmin=-291312.72, Lmax=-276007.60
14:01:08 [ultranest] [DEBUG] iteration=278, ncalls=688, regioncalls=11520, ndraw=40, logz=-290657.01, remainder_fraction=100.0000%, Lmin=-290537.46, Lmax=-275980.99
14:01:08 [ultranest] [DEBUG] iteration=280, ncalls=690, regioncalls=11600, ndraw=40, logz=-290536.34, remainder_fraction=100.0000%, Lmin=-290499.48, Lmax=-275980.99
14:01:08 [ultranest] [DEBUG] iteration=293, ncalls=706, regioncalls=12240, ndraw=40, logz=-290148.47, remainder_fraction=100.0000%, Lmin=-290132.10, Lmax=-275980.99
14:01:08 [ultranest] [DEBUG] iteration=306, ncalls=722, regioncalls=12880, ndraw=40, logz=-289527.09, remainder_fraction=100.0000%, Lmin=-289478.93, Lmax=-275980.99
14:01:08 [ultranest] [DEBUG] iteration=320, ncalls=738, regioncalls=13520, ndraw=40, logz=-288778.50, remainder_fraction=100.0000%, Lmin=-288691.06, Lmax=-275980.99
14:01:09 [ultranest] [DEBUG] iteration=331, ncalls=754, regioncalls=14160, ndraw=40, logz=-288447.36, remainder_fraction=100.0000%, Lmin=-288367.56, Lmax=-275980.99
14:01:09 [ultranest] [DEBUG] iteration=345, ncalls=769, regioncalls=14760, ndraw=40, logz=-287885.67, remainder_fraction=100.0000%, Lmin=-287857.22, Lmax=-275980.99
14:01:09 [ultranest] [DEBUG] iteration=357, ncalls=785, regioncalls=15400, ndraw=40, logz=-287487.12, remainder_fraction=100.0000%, Lmin=-287442.38, Lmax=-275980.99
14:01:09 [ultranest] [DEBUG] iteration=360, ncalls=788, regioncalls=15520, ndraw=40, logz=-287395.37, remainder_fraction=100.0000%, Lmin=-287379.41, Lmax=-275980.99
14:01:09 [ultranest] [DEBUG] iteration=363, ncalls=791, regioncalls=15640, ndraw=40, logz=-287368.38, remainder_fraction=100.0000%, Lmin=-287253.26, Lmax=-275980.99
14:01:09 [ultranest] [DEBUG] iteration=376, ncalls=807, regioncalls=16280, ndraw=40, logz=-286888.80, remainder_fraction=100.0000%, Lmin=-286878.25, Lmax=-275980.99
14:01:09 [ultranest] [DEBUG] iteration=386, ncalls=823, regioncalls=16920, ndraw=40, logz=-286405.88, remainder_fraction=100.0000%, Lmin=-286397.94, Lmax=-275980.99
14:01:09 [ultranest] [DEBUG] iteration=399, ncalls=838, regioncalls=17520, ndraw=40, logz=-285996.19, remainder_fraction=100.0000%, Lmin=-285974.06, Lmax=-275980.99
14:01:09 [ultranest] [DEBUG] iteration=400, ncalls=839, regioncalls=17560, ndraw=40, logz=-285981.05, remainder_fraction=100.0000%, Lmin=-285901.19, Lmax=-275980.99
14:01:09 [ultranest] [DEBUG] iteration=414, ncalls=854, regioncalls=18160, ndraw=40, logz=-285472.46, remainder_fraction=100.0000%, Lmin=-285388.23, Lmax=-275980.99
14:01:09 [ultranest] [DEBUG] iteration=427, ncalls=870, regioncalls=18800, ndraw=40, logz=-284978.27, remainder_fraction=100.0000%, Lmin=-284952.75, Lmax=-275980.99
14:01:09 [ultranest] [DEBUG] iteration=439, ncalls=886, regioncalls=19440, ndraw=40, logz=-284497.92, remainder_fraction=100.0000%, Lmin=-284458.21, Lmax=-275980.99
14:01:09 [ultranest] [DEBUG] iteration=440, ncalls=888, regioncalls=19520, ndraw=40, logz=-284465.30, remainder_fraction=100.0000%, Lmin=-284441.22, Lmax=-275980.99
14:01:09 [ultranest] [DEBUG] iteration=448, ncalls=897, regioncalls=19880, ndraw=40, logz=-284243.16, remainder_fraction=100.0000%, Lmin=-284192.73, Lmax=-275980.99
14:01:10 [ultranest] [DEBUG] iteration=460, ncalls=914, regioncalls=20560, ndraw=40, logz=-283905.10, remainder_fraction=100.0000%, Lmin=-283854.97, Lmax=-275980.99
14:01:10 [ultranest] [DEBUG] iteration=472, ncalls=930, regioncalls=21200, ndraw=40, logz=-283589.55, remainder_fraction=100.0000%, Lmin=-283561.49, Lmax=-275980.99
14:01:10 [ultranest] [DEBUG] iteration=480, ncalls=942, regioncalls=21680, ndraw=40, logz=-283235.63, remainder_fraction=100.0000%, Lmin=-283218.25, Lmax=-275980.99
14:01:10 [ultranest] [DEBUG] iteration=491, ncalls=958, regioncalls=22320, ndraw=40, logz=-283149.46, remainder_fraction=100.0000%, Lmin=-283140.67, Lmax=-275980.99
14:01:10 [ultranest] [DEBUG] iteration=504, ncalls=975, regioncalls=23000, ndraw=40, logz=-282971.74, remainder_fraction=100.0000%, Lmin=-282942.25, Lmax=-275980.99
14:01:10 [ultranest] [DEBUG] iteration=511, ncalls=992, regioncalls=23680, ndraw=40, logz=-282740.30, remainder_fraction=100.0000%, Lmin=-282726.81, Lmax=-275980.99
14:01:10 [ultranest] [DEBUG] iteration=520, ncalls=1004, regioncalls=24160, ndraw=40, logz=-282604.78, remainder_fraction=100.0000%, Lmin=-282581.45, Lmax=-275980.99
14:01:10 [ultranest] [DEBUG] iteration=533, ncalls=1020, regioncalls=24800, ndraw=40, logz=-282274.36, remainder_fraction=100.0000%, Lmin=-282249.80, Lmax=-275980.99
14:01:10 [ultranest] [DEBUG] iteration=546, ncalls=1036, regioncalls=25440, ndraw=40, logz=-282099.71, remainder_fraction=100.0000%, Lmin=-282056.24, Lmax=-275980.99
14:01:10 [ultranest] [DEBUG] iteration=559, ncalls=1052, regioncalls=26080, ndraw=40, logz=-281934.00, remainder_fraction=100.0000%, Lmin=-281923.88, Lmax=-275980.99
14:01:11 [ultranest] [DEBUG] iteration=560, ncalls=1054, regioncalls=26160, ndraw=40, logz=-281931.23, remainder_fraction=100.0000%, Lmin=-281906.38, Lmax=-275980.99
14:01:11 [ultranest] [DEBUG] iteration=573, ncalls=1071, regioncalls=26840, ndraw=40, logz=-281723.04, remainder_fraction=100.0000%, Lmin=-281712.58, Lmax=-275980.99
14:01:11 [ultranest] [DEBUG] iteration=583, ncalls=1087, regioncalls=27480, ndraw=40, logz=-281554.87, remainder_fraction=100.0000%, Lmin=-281544.28, Lmax=-275976.14
14:01:11 [ultranest] [DEBUG] iteration=598, ncalls=1102, regioncalls=28080, ndraw=40, logz=-281308.75, remainder_fraction=100.0000%, Lmin=-281298.54, Lmax=-275976.14
14:01:11 [ultranest] [DEBUG] iteration=600, ncalls=1108, regioncalls=28320, ndraw=40, logz=-281218.75, remainder_fraction=100.0000%, Lmin=-281204.10, Lmax=-275976.14
14:01:11 [ultranest] [DEBUG] iteration=610, ncalls=1124, regioncalls=28960, ndraw=40, logz=-281091.28, remainder_fraction=100.0000%, Lmin=-281068.15, Lmax=-275966.92
14:01:11 [ultranest] [DEBUG] iteration=618, ncalls=1135, regioncalls=29400, ndraw=40, logz=-280941.57, remainder_fraction=100.0000%, Lmin=-280895.33, Lmax=-275966.92
14:01:11 [ultranest] [DEBUG] iteration=632, ncalls=1150, regioncalls=30000, ndraw=40, logz=-280779.49, remainder_fraction=100.0000%, Lmin=-280771.40, Lmax=-275966.92
14:01:11 [ultranest] [DEBUG] iteration=640, ncalls=1160, regioncalls=30400, ndraw=40, logz=-280585.00, remainder_fraction=100.0000%, Lmin=-280571.07, Lmax=-275966.92
14:01:11 [ultranest] [DEBUG] iteration=652, ncalls=1176, regioncalls=31040, ndraw=40, logz=-280444.20, remainder_fraction=100.0000%, Lmin=-280416.90, Lmax=-275966.92
14:01:11 [ultranest] [DEBUG] iteration=663, ncalls=1192, regioncalls=31680, ndraw=40, logz=-280315.92, remainder_fraction=100.0000%, Lmin=-280304.07, Lmax=-275966.92
14:01:12 [ultranest] [DEBUG] iteration=675, ncalls=1209, regioncalls=32360, ndraw=40, logz=-280198.35, remainder_fraction=100.0000%, Lmin=-280172.51, Lmax=-275966.92
14:01:12 [ultranest] [DEBUG] iteration=680, ncalls=1217, regioncalls=32680, ndraw=40, logz=-280131.49, remainder_fraction=100.0000%, Lmin=-280112.60, Lmax=-275966.92
14:01:12 [ultranest] [DEBUG] iteration=693, ncalls=1233, regioncalls=33320, ndraw=40, logz=-279990.92, remainder_fraction=100.0000%, Lmin=-279980.34, Lmax=-275966.92
14:01:12 [ultranest] [DEBUG] iteration=703, ncalls=1246, regioncalls=33840, ndraw=40, logz=-279900.42, remainder_fraction=100.0000%, Lmin=-279892.13, Lmax=-275966.92
14:01:12 [ultranest] [DEBUG] iteration=717, ncalls=1263, regioncalls=34520, ndraw=40, logz=-279720.17, remainder_fraction=100.0000%, Lmin=-279704.75, Lmax=-275966.92
14:01:12 [ultranest] [DEBUG] iteration=720, ncalls=1266, regioncalls=34640, ndraw=40, logz=-279699.38, remainder_fraction=100.0000%, Lmin=-279670.47, Lmax=-275966.92
14:01:12 [ultranest] [DEBUG] iteration=732, ncalls=1282, regioncalls=35280, ndraw=40, logz=-279546.63, remainder_fraction=100.0000%, Lmin=-279527.99, Lmax=-275966.92
14:01:12 [ultranest] [DEBUG] iteration=746, ncalls=1297, regioncalls=35880, ndraw=40, logz=-279419.76, remainder_fraction=100.0000%, Lmin=-279393.06, Lmax=-275966.92
14:01:12 [ultranest] [DEBUG] iteration=760, ncalls=1312, regioncalls=36480, ndraw=40, logz=-279302.98, remainder_fraction=100.0000%, Lmin=-279285.98, Lmax=-275966.92
14:01:12 [ultranest] [DEBUG] iteration=771, ncalls=1328, regioncalls=37120, ndraw=40, logz=-279222.60, remainder_fraction=100.0000%, Lmin=-279209.89, Lmax=-275966.92
14:01:12 [ultranest] [DEBUG] iteration=780, ncalls=1345, regioncalls=37800, ndraw=40, logz=-279103.95, remainder_fraction=100.0000%, Lmin=-279092.30, Lmax=-275966.92
14:01:13 [ultranest] [DEBUG] iteration=788, ncalls=1355, regioncalls=38200, ndraw=40, logz=-279048.86, remainder_fraction=100.0000%, Lmin=-279026.51, Lmax=-275966.92
14:01:13 [ultranest] [DEBUG] iteration=797, ncalls=1371, regioncalls=38840, ndraw=40, logz=-278974.54, remainder_fraction=100.0000%, Lmin=-278964.51, Lmax=-275966.92
14:01:13 [ultranest] [DEBUG] iteration=800, ncalls=1374, regioncalls=38960, ndraw=40, logz=-278956.95, remainder_fraction=100.0000%, Lmin=-278946.71, Lmax=-275966.92
14:01:13 [ultranest] [DEBUG] iteration=809, ncalls=1390, regioncalls=39600, ndraw=40, logz=-278879.92, remainder_fraction=100.0000%, Lmin=-278871.76, Lmax=-275966.92
14:01:13 [ultranest] [DEBUG] iteration=823, ncalls=1407, regioncalls=40280, ndraw=40, logz=-278780.43, remainder_fraction=100.0000%, Lmin=-278770.40, Lmax=-275966.92
14:01:13 [ultranest] [DEBUG] iteration=838, ncalls=1423, regioncalls=40920, ndraw=40, logz=-278704.29, remainder_fraction=100.0000%, Lmin=-278667.74, Lmax=-275966.92
14:01:13 [ultranest] [DEBUG] iteration=840, ncalls=1425, regioncalls=41000, ndraw=40, logz=-278674.72, remainder_fraction=100.0000%, Lmin=-278665.53, Lmax=-275966.92
14:01:13 [ultranest] [DEBUG] iteration=854, ncalls=1442, regioncalls=41680, ndraw=40, logz=-278587.92, remainder_fraction=100.0000%, Lmin=-278575.47, Lmax=-275966.92
14:01:13 [ultranest] [DEBUG] iteration=867, ncalls=1458, regioncalls=42320, ndraw=40, logz=-278480.87, remainder_fraction=100.0000%, Lmin=-278471.30, Lmax=-275966.92
14:01:13 [ultranest] [DEBUG] iteration=879, ncalls=1473, regioncalls=42920, ndraw=40, logz=-278429.31, remainder_fraction=100.0000%, Lmin=-278420.17, Lmax=-275966.92
14:01:13 [ultranest] [DEBUG] iteration=880, ncalls=1475, regioncalls=43000, ndraw=40, logz=-278428.09, remainder_fraction=100.0000%, Lmin=-278416.48, Lmax=-275966.92
14:01:13 [ultranest] [DEBUG] iteration=891, ncalls=1491, regioncalls=43640, ndraw=40, logz=-278372.72, remainder_fraction=100.0000%, Lmin=-278354.95, Lmax=-275966.92
14:01:13 [ultranest] [DEBUG] iteration=902, ncalls=1507, regioncalls=44280, ndraw=40, logz=-278314.55, remainder_fraction=100.0000%, Lmin=-278299.29, Lmax=-275966.92
14:01:14 [ultranest] [DEBUG] iteration=913, ncalls=1523, regioncalls=44920, ndraw=40, logz=-278264.84, remainder_fraction=100.0000%, Lmin=-278256.00, Lmax=-275966.92
14:01:14 [ultranest] [DEBUG] iteration=920, ncalls=1533, regioncalls=45320, ndraw=40, logz=-278225.16, remainder_fraction=100.0000%, Lmin=-278193.94, Lmax=-275966.92
14:01:14 [ultranest] [DEBUG] iteration=929, ncalls=1549, regioncalls=45960, ndraw=40, logz=-278139.18, remainder_fraction=100.0000%, Lmin=-278127.02, Lmax=-275966.92
14:01:14 [ultranest] [DEBUG] iteration=941, ncalls=1565, regioncalls=46600, ndraw=40, logz=-278106.76, remainder_fraction=100.0000%, Lmin=-278097.54, Lmax=-275966.92
14:01:14 [ultranest] [DEBUG] iteration=952, ncalls=1583, regioncalls=47320, ndraw=40, logz=-278053.26, remainder_fraction=100.0000%, Lmin=-278031.61, Lmax=-275966.92
14:01:14 [ultranest] [DEBUG] iteration=958, ncalls=1590, regioncalls=47600, ndraw=40, logz=-277998.79, remainder_fraction=100.0000%, Lmin=-277986.87, Lmax=-275966.92
14:01:14 [ultranest] [DEBUG] iteration=960, ncalls=1594, regioncalls=47760, ndraw=40, logz=-277992.48, remainder_fraction=100.0000%, Lmin=-277982.37, Lmax=-275966.92
14:01:14 [ultranest] [DEBUG] iteration=973, ncalls=1610, regioncalls=48400, ndraw=40, logz=-277918.65, remainder_fraction=100.0000%, Lmin=-277910.09, Lmax=-275966.92
14:01:14 [ultranest] [DEBUG] iteration=987, ncalls=1626, regioncalls=49040, ndraw=40, logz=-277837.41, remainder_fraction=100.0000%, Lmin=-277821.68, Lmax=-275966.92
14:01:14 [ultranest] [DEBUG] iteration=996, ncalls=1643, regioncalls=49720, ndraw=40, logz=-277788.68, remainder_fraction=100.0000%, Lmin=-277767.84, Lmax=-275966.92
14:01:14 [ultranest] [DEBUG] iteration=1000, ncalls=1649, regioncalls=49960, ndraw=40, logz=-277748.26, remainder_fraction=100.0000%, Lmin=-277737.12, Lmax=-275966.92
14:01:15 [ultranest] [DEBUG] iteration=1012, ncalls=1665, regioncalls=50600, ndraw=40, logz=-277694.03, remainder_fraction=100.0000%, Lmin=-277684.43, Lmax=-275966.92
14:01:15 [ultranest] [DEBUG] iteration=1025, ncalls=1683, regioncalls=51320, ndraw=40, logz=-277647.06, remainder_fraction=100.0000%, Lmin=-277637.11, Lmax=-275966.92
14:01:15 [ultranest] [DEBUG] iteration=1037, ncalls=1701, regioncalls=52040, ndraw=40, logz=-277615.20, remainder_fraction=100.0000%, Lmin=-277606.48, Lmax=-275966.92
14:01:15 [ultranest] [DEBUG] iteration=1040, ncalls=1705, regioncalls=52240, ndraw=40, logz=-277608.55, remainder_fraction=100.0000%, Lmin=-277595.49, Lmax=-275966.92
14:01:15 [ultranest] [DEBUG] iteration=1043, ncalls=1709, regioncalls=52400, ndraw=40, logz=-277589.35, remainder_fraction=100.0000%, Lmin=-277578.89, Lmax=-275966.92
14:01:15 [ultranest] [DEBUG] iteration=1057, ncalls=1725, regioncalls=53040, ndraw=40, logz=-277509.95, remainder_fraction=100.0000%, Lmin=-277501.06, Lmax=-275966.92
14:01:15 [ultranest] [DEBUG] iteration=1072, ncalls=1743, regioncalls=53760, ndraw=40, logz=-277449.66, remainder_fraction=100.0000%, Lmin=-277438.24, Lmax=-275966.92
14:01:15 [ultranest] [DEBUG] iteration=1080, ncalls=1753, regioncalls=54200, ndraw=40, logz=-277411.97, remainder_fraction=100.0000%, Lmin=-277402.20, Lmax=-275966.92
14:01:15 [ultranest] [DEBUG] iteration=1095, ncalls=1768, regioncalls=54840, ndraw=40, logz=-277370.57, remainder_fraction=100.0000%, Lmin=-277358.93, Lmax=-275966.92
14:01:15 [ultranest] [DEBUG] iteration=1109, ncalls=1784, regioncalls=55480, ndraw=40, logz=-277313.04, remainder_fraction=100.0000%, Lmin=-277301.38, Lmax=-275966.92
14:01:15 [ultranest] [DEBUG] iteration=1119, ncalls=1800, regioncalls=56120, ndraw=40, logz=-277261.76, remainder_fraction=100.0000%, Lmin=-277249.44, Lmax=-275966.92
14:01:15 [ultranest] [DEBUG] iteration=1120, ncalls=1802, regioncalls=56200, ndraw=40, logz=-277258.31, remainder_fraction=100.0000%, Lmin=-277245.54, Lmax=-275966.92
14:01:16 [ultranest] [DEBUG] iteration=1133, ncalls=1820, regioncalls=56920, ndraw=40, logz=-277217.00, remainder_fraction=100.0000%, Lmin=-277197.67, Lmax=-275966.92
14:01:16 [ultranest] [DEBUG] iteration=1147, ncalls=1836, regioncalls=57560, ndraw=40, logz=-277159.14, remainder_fraction=100.0000%, Lmin=-277149.25, Lmax=-275966.92
14:01:16 [ultranest] [DEBUG] iteration=1156, ncalls=1854, regioncalls=58280, ndraw=40, logz=-277134.23, remainder_fraction=100.0000%, Lmin=-277111.49, Lmax=-275966.92
14:01:16 [ultranest] [DEBUG] iteration=1160, ncalls=1859, regioncalls=58480, ndraw=40, logz=-277109.72, remainder_fraction=100.0000%, Lmin=-277098.26, Lmax=-275966.92
14:01:16 [ultranest] [DEBUG] iteration=1169, ncalls=1876, regioncalls=59160, ndraw=40, logz=-277087.00, remainder_fraction=100.0000%, Lmin=-277076.54, Lmax=-275966.92
14:01:16 [ultranest] [DEBUG] iteration=1181, ncalls=1894, regioncalls=59880, ndraw=40, logz=-277046.55, remainder_fraction=100.0000%, Lmin=-277036.64, Lmax=-275966.92
14:01:16 [ultranest] [DEBUG] iteration=1192, ncalls=1910, regioncalls=60520, ndraw=40, logz=-277026.75, remainder_fraction=100.0000%, Lmin=-277013.53, Lmax=-275966.92
14:01:16 [ultranest] [DEBUG] iteration=1200, ncalls=1918, regioncalls=60840, ndraw=40, logz=-277009.67, remainder_fraction=100.0000%, Lmin=-276999.04, Lmax=-275966.92
14:01:16 [ultranest] [DEBUG] iteration=1213, ncalls=1934, regioncalls=61480, ndraw=40, logz=-276963.71, remainder_fraction=100.0000%, Lmin=-276949.90, Lmax=-275966.92
14:01:16 [ultranest] [DEBUG] iteration=1226, ncalls=1950, regioncalls=62240, ndraw=40, logz=-276933.08, remainder_fraction=100.0000%, Lmin=-276922.19, Lmax=-275966.92
14:01:16 [ultranest] [DEBUG] iteration=1238, ncalls=1967, regioncalls=62920, ndraw=40, logz=-276902.65, remainder_fraction=100.0000%, Lmin=-276893.48, Lmax=-275966.92
14:01:16 [ultranest] [DEBUG] iteration=1240, ncalls=1970, regioncalls=63040, ndraw=40, logz=-276897.50, remainder_fraction=100.0000%, Lmin=-276887.16, Lmax=-275966.92
14:01:17 [ultranest] [DEBUG] iteration=1250, ncalls=1986, regioncalls=63720, ndraw=40, logz=-276881.59, remainder_fraction=100.0000%, Lmin=-276872.68, Lmax=-275966.92
14:01:17 [ultranest] [DEBUG] iteration=1262, ncalls=2002, regioncalls=64360, ndraw=40, logz=-276848.16, remainder_fraction=100.0000%, Lmin=-276835.51, Lmax=-275966.92
14:01:17 [ultranest] [DEBUG] iteration=1275, ncalls=2018, regioncalls=65040, ndraw=40, logz=-276816.66, remainder_fraction=100.0000%, Lmin=-276806.53, Lmax=-275966.92
14:01:17 [ultranest] [DEBUG] iteration=1280, ncalls=2024, regioncalls=65280, ndraw=40, logz=-276810.73, remainder_fraction=100.0000%, Lmin=-276801.41, Lmax=-275966.92
14:01:17 [ultranest] [DEBUG] iteration=1293, ncalls=2040, regioncalls=65920, ndraw=40, logz=-276787.67, remainder_fraction=100.0000%, Lmin=-276775.79, Lmax=-275966.92
14:01:17 [ultranest] [DEBUG] iteration=1306, ncalls=2054, regioncalls=66480, ndraw=40, logz=-276762.86, remainder_fraction=100.0000%, Lmin=-276751.71, Lmax=-275966.92
14:01:17 [ultranest] [DEBUG] iteration=1320, ncalls=2070, regioncalls=67120, ndraw=40, logz=-276735.67, remainder_fraction=100.0000%, Lmin=-276725.67, Lmax=-275966.92
14:01:17 [ultranest] [DEBUG] iteration=1331, ncalls=2086, regioncalls=67760, ndraw=40, logz=-276714.27, remainder_fraction=100.0000%, Lmin=-276700.55, Lmax=-275966.92
14:01:17 [ultranest] [DEBUG] iteration=1341, ncalls=2102, regioncalls=68400, ndraw=40, logz=-276697.19, remainder_fraction=100.0000%, Lmin=-276685.97, Lmax=-275966.92
14:01:17 [ultranest] [DEBUG] iteration=1354, ncalls=2118, regioncalls=69040, ndraw=40, logz=-276665.78, remainder_fraction=100.0000%, Lmin=-276654.53, Lmax=-275966.92
14:01:18 [ultranest] [DEBUG] iteration=1360, ncalls=2127, regioncalls=69400, ndraw=40, logz=-276653.13, remainder_fraction=100.0000%, Lmin=-276643.08, Lmax=-275966.92
14:01:18 [ultranest] [DEBUG] iteration=1373, ncalls=2145, regioncalls=70120, ndraw=40, logz=-276629.81, remainder_fraction=100.0000%, Lmin=-276618.10, Lmax=-275966.92
14:01:18 [ultranest] [DEBUG] iteration=1382, ncalls=2162, regioncalls=70800, ndraw=40, logz=-276616.53, remainder_fraction=100.0000%, Lmin=-276606.76, Lmax=-275966.92
14:01:18 [ultranest] [DEBUG] iteration=1383, ncalls=2163, regioncalls=70840, ndraw=40, logz=-276615.74, remainder_fraction=100.0000%, Lmin=-276606.72, Lmax=-275966.92
14:01:18 [ultranest] [DEBUG] iteration=1396, ncalls=2179, regioncalls=71560, ndraw=40, logz=-276598.95, remainder_fraction=100.0000%, Lmin=-276587.41, Lmax=-275966.92
14:01:18 [ultranest] [DEBUG] iteration=1400, ncalls=2183, regioncalls=71720, ndraw=40, logz=-276593.78, remainder_fraction=100.0000%, Lmin=-276583.89, Lmax=-275966.92
14:01:18 [ultranest] [DEBUG] iteration=1415, ncalls=2198, regioncalls=72320, ndraw=40, logz=-276563.66, remainder_fraction=100.0000%, Lmin=-276553.68, Lmax=-275966.92
14:01:18 [ultranest] [DEBUG] iteration=1427, ncalls=2215, regioncalls=73000, ndraw=40, logz=-276548.42, remainder_fraction=100.0000%, Lmin=-276538.95, Lmax=-275966.92
14:01:18 [ultranest] [DEBUG] iteration=1438, ncalls=2231, regioncalls=73640, ndraw=40, logz=-276536.19, remainder_fraction=100.0000%, Lmin=-276524.23, Lmax=-275966.92
14:01:18 [ultranest] [DEBUG] iteration=1440, ncalls=2233, regioncalls=73720, ndraw=40, logz=-276533.02, remainder_fraction=100.0000%, Lmin=-276523.22, Lmax=-275966.92
14:01:18 [ultranest] [DEBUG] iteration=1453, ncalls=2249, regioncalls=74360, ndraw=40, logz=-276515.45, remainder_fraction=100.0000%, Lmin=-276505.24, Lmax=-275966.92
14:01:18 [ultranest] [DEBUG] iteration=1464, ncalls=2265, regioncalls=75000, ndraw=40, logz=-276501.42, remainder_fraction=100.0000%, Lmin=-276490.92, Lmax=-275966.92
14:01:19 [ultranest] [DEBUG] iteration=1474, ncalls=2281, regioncalls=75640, ndraw=40, logz=-276488.36, remainder_fraction=100.0000%, Lmin=-276478.71, Lmax=-275966.92
14:01:19 [ultranest] [DEBUG] iteration=1480, ncalls=2289, regioncalls=75960, ndraw=40, logz=-276482.16, remainder_fraction=100.0000%, Lmin=-276470.66, Lmax=-275966.92
14:01:19 [ultranest] [DEBUG] iteration=1491, ncalls=2305, regioncalls=76600, ndraw=40, logz=-276465.87, remainder_fraction=100.0000%, Lmin=-276456.17, Lmax=-275966.92
14:01:19 [ultranest] [DEBUG] iteration=1502, ncalls=2321, regioncalls=77240, ndraw=40, logz=-276456.34, remainder_fraction=100.0000%, Lmin=-276447.29, Lmax=-275966.92
14:01:19 [ultranest] [DEBUG] iteration=1513, ncalls=2338, regioncalls=77920, ndraw=40, logz=-276442.61, remainder_fraction=100.0000%, Lmin=-276433.22, Lmax=-275966.92
14:01:19 [ultranest] [DEBUG] iteration=1520, ncalls=2347, regioncalls=78280, ndraw=40, logz=-276428.50, remainder_fraction=100.0000%, Lmin=-276414.86, Lmax=-275966.92
14:01:19 [ultranest] [DEBUG] iteration=1528, ncalls=2363, regioncalls=78920, ndraw=40, logz=-276414.15, remainder_fraction=100.0000%, Lmin=-276404.44, Lmax=-275966.92
14:01:19 [ultranest] [DEBUG] iteration=1541, ncalls=2379, regioncalls=79560, ndraw=40, logz=-276401.88, remainder_fraction=100.0000%, Lmin=-276391.23, Lmax=-275966.92
14:01:19 [ultranest] [DEBUG] iteration=1550, ncalls=2397, regioncalls=80280, ndraw=40, logz=-276393.62, remainder_fraction=100.0000%, Lmin=-276383.23, Lmax=-275966.92
14:01:19 [ultranest] [DEBUG] iteration=1560, ncalls=2410, regioncalls=80800, ndraw=40, logz=-276384.18, remainder_fraction=100.0000%, Lmin=-276374.04, Lmax=-275966.92
14:01:20 [ultranest] [DEBUG] iteration=1568, ncalls=2426, regioncalls=81440, ndraw=40, logz=-276376.44, remainder_fraction=100.0000%, Lmin=-276365.45, Lmax=-275966.92
14:01:20 [ultranest] [DEBUG] iteration=1575, ncalls=2443, regioncalls=82120, ndraw=40, logz=-276368.30, remainder_fraction=100.0000%, Lmin=-276356.88, Lmax=-275966.92
14:01:20 [ultranest] [DEBUG] iteration=1587, ncalls=2460, regioncalls=82800, ndraw=40, logz=-276353.76, remainder_fraction=100.0000%, Lmin=-276343.73, Lmax=-275966.92
14:01:20 [ultranest] [DEBUG] iteration=1600, ncalls=2476, regioncalls=83440, ndraw=40, logz=-276339.10, remainder_fraction=100.0000%, Lmin=-276329.47, Lmax=-275966.92
14:01:20 [ultranest] [DEBUG] iteration=1613, ncalls=2493, regioncalls=84120, ndraw=40, logz=-276325.24, remainder_fraction=100.0000%, Lmin=-276313.31, Lmax=-275966.92
14:01:20 [ultranest] [DEBUG] iteration=1626, ncalls=2509, regioncalls=84760, ndraw=40, logz=-276314.90, remainder_fraction=100.0000%, Lmin=-276302.56, Lmax=-275966.92
14:01:20 [ultranest] [DEBUG] iteration=1635, ncalls=2526, regioncalls=85440, ndraw=40, logz=-276297.56, remainder_fraction=100.0000%, Lmin=-276287.48, Lmax=-275966.29
14:01:20 [ultranest] [DEBUG] iteration=1638, ncalls=2534, regioncalls=85760, ndraw=40, logz=-276296.06, remainder_fraction=100.0000%, Lmin=-276285.33, Lmax=-275966.29
14:01:20 [ultranest] [DEBUG] iteration=1640, ncalls=2536, regioncalls=85880, ndraw=40, logz=-276293.19, remainder_fraction=100.0000%, Lmin=-276282.24, Lmax=-275966.29
14:01:20 [ultranest] [DEBUG] iteration=1653, ncalls=2551, regioncalls=86480, ndraw=40, logz=-276283.05, remainder_fraction=100.0000%, Lmin=-276272.62, Lmax=-275966.29
14:01:20 [ultranest] [DEBUG] iteration=1666, ncalls=2567, regioncalls=87120, ndraw=40, logz=-276274.51, remainder_fraction=100.0000%, Lmin=-276264.14, Lmax=-275966.29
14:01:21 [ultranest] [DEBUG] iteration=1677, ncalls=2588, regioncalls=87960, ndraw=40, logz=-276263.52, remainder_fraction=100.0000%, Lmin=-276253.87, Lmax=-275966.29
14:01:21 [ultranest] [DEBUG] iteration=1680, ncalls=2593, regioncalls=88160, ndraw=40, logz=-276262.48, remainder_fraction=100.0000%, Lmin=-276253.08, Lmax=-275966.29
14:01:21 [ultranest] [DEBUG] iteration=1693, ncalls=2608, regioncalls=88760, ndraw=40, logz=-276257.38, remainder_fraction=100.0000%, Lmin=-276247.80, Lmax=-275966.29
14:01:21 [ultranest] [DEBUG] iteration=1704, ncalls=2621, regioncalls=89280, ndraw=40, logz=-276248.94, remainder_fraction=100.0000%, Lmin=-276238.54, Lmax=-275966.29
14:01:21 [ultranest] [DEBUG] iteration=1717, ncalls=2637, regioncalls=89920, ndraw=40, logz=-276243.63, remainder_fraction=100.0000%, Lmin=-276233.02, Lmax=-275966.29
14:01:21 [ultranest] [DEBUG] iteration=1720, ncalls=2640, regioncalls=90040, ndraw=40, logz=-276241.44, remainder_fraction=100.0000%, Lmin=-276229.16, Lmax=-275966.29
14:01:21 [ultranest] [DEBUG] iteration=1723, ncalls=2644, regioncalls=90200, ndraw=40, logz=-276238.25, remainder_fraction=100.0000%, Lmin=-276228.21, Lmax=-275966.29
14:01:21 [ultranest] [DEBUG] iteration=1736, ncalls=2659, regioncalls=91000, ndraw=40, logz=-276231.74, remainder_fraction=100.0000%, Lmin=-276221.58, Lmax=-275966.29
14:01:21 [ultranest] [DEBUG] iteration=1749, ncalls=2675, regioncalls=91640, ndraw=40, logz=-276220.86, remainder_fraction=100.0000%, Lmin=-276209.96, Lmax=-275966.29
14:01:21 [ultranest] [DEBUG] iteration=1760, ncalls=2691, regioncalls=92280, ndraw=40, logz=-276211.61, remainder_fraction=100.0000%, Lmin=-276200.44, Lmax=-275966.29
14:01:21 [ultranest] [DEBUG] iteration=1769, ncalls=2707, regioncalls=92920, ndraw=40, logz=-276203.20, remainder_fraction=100.0000%, Lmin=-276192.78, Lmax=-275966.29
14:01:21 [ultranest] [DEBUG] iteration=1782, ncalls=2724, regioncalls=93600, ndraw=40, logz=-276194.81, remainder_fraction=100.0000%, Lmin=-276184.70, Lmax=-275966.29
14:01:22 [ultranest] [DEBUG] iteration=1795, ncalls=2740, regioncalls=94240, ndraw=40, logz=-276190.25, remainder_fraction=100.0000%, Lmin=-276181.17, Lmax=-275966.29
14:01:22 [ultranest] [DEBUG] iteration=1800, ncalls=2746, regioncalls=94480, ndraw=40, logz=-276186.05, remainder_fraction=100.0000%, Lmin=-276175.39, Lmax=-275966.29
14:01:22 [ultranest] [DEBUG] iteration=1808, ncalls=2758, regioncalls=95000, ndraw=40, logz=-276180.94, remainder_fraction=100.0000%, Lmin=-276169.73, Lmax=-275966.29
14:01:22 [ultranest] [DEBUG] iteration=1822, ncalls=2775, regioncalls=95720, ndraw=40, logz=-276171.02, remainder_fraction=100.0000%, Lmin=-276159.98, Lmax=-275966.29
14:01:22 [ultranest] [DEBUG] iteration=1835, ncalls=2791, regioncalls=96360, ndraw=40, logz=-276165.32, remainder_fraction=100.0000%, Lmin=-276155.80, Lmax=-275966.29
14:01:22 [ultranest] [DEBUG] iteration=1840, ncalls=2802, regioncalls=96840, ndraw=40, logz=-276164.29, remainder_fraction=100.0000%, Lmin=-276154.58, Lmax=-275966.29
14:01:22 [ultranest] [DEBUG] iteration=1851, ncalls=2818, regioncalls=97480, ndraw=40, logz=-276155.48, remainder_fraction=100.0000%, Lmin=-276145.03, Lmax=-275966.29
14:01:22 [ultranest] [DEBUG] iteration=1862, ncalls=2835, regioncalls=98160, ndraw=40, logz=-276149.37, remainder_fraction=100.0000%, Lmin=-276138.34, Lmax=-275966.29
14:01:22 [ultranest] [DEBUG] iteration=1871, ncalls=2852, regioncalls=98840, ndraw=40, logz=-276144.33, remainder_fraction=100.0000%, Lmin=-276133.14, Lmax=-275966.29
14:01:22 [ultranest] [DEBUG] iteration=1880, ncalls=2865, regioncalls=99360, ndraw=40, logz=-276139.89, remainder_fraction=100.0000%, Lmin=-276130.10, Lmax=-275966.29
14:01:23 [ultranest] [DEBUG] iteration=1891, ncalls=2883, regioncalls=100080, ndraw=40, logz=-276135.94, remainder_fraction=100.0000%, Lmin=-276126.24, Lmax=-275966.29
14:01:23 [ultranest] [DEBUG] iteration=1893, ncalls=2885, regioncalls=100160, ndraw=40, logz=-276135.21, remainder_fraction=100.0000%, Lmin=-276125.12, Lmax=-275966.29
14:01:23 [ultranest] [DEBUG] iteration=1908, ncalls=2901, regioncalls=100880, ndraw=40, logz=-276130.72, remainder_fraction=100.0000%, Lmin=-276121.19, Lmax=-275966.29
14:01:23 [ultranest] [DEBUG] iteration=1920, ncalls=2914, regioncalls=101400, ndraw=40, logz=-276125.71, remainder_fraction=100.0000%, Lmin=-276115.56, Lmax=-275966.29
14:01:23 [ultranest] [DEBUG] iteration=1933, ncalls=2931, regioncalls=102080, ndraw=40, logz=-276119.87, remainder_fraction=100.0000%, Lmin=-276109.87, Lmax=-275966.29
14:01:23 [ultranest] [DEBUG] iteration=1945, ncalls=2948, regioncalls=102760, ndraw=40, logz=-276116.33, remainder_fraction=100.0000%, Lmin=-276106.54, Lmax=-275966.29
14:01:23 [ultranest] [DEBUG] iteration=1957, ncalls=2964, regioncalls=103400, ndraw=40, logz=-276113.60, remainder_fraction=100.0000%, Lmin=-276103.74, Lmax=-275966.29
14:01:23 [ultranest] [DEBUG] iteration=1960, ncalls=2970, regioncalls=103640, ndraw=40, logz=-276112.81, remainder_fraction=100.0000%, Lmin=-276102.94, Lmax=-275966.29
14:01:23 [ultranest] [DEBUG] iteration=1973, ncalls=2986, regioncalls=104280, ndraw=40, logz=-276108.29, remainder_fraction=100.0000%, Lmin=-276098.26, Lmax=-275966.29
14:01:23 [ultranest] [DEBUG] iteration=1978, ncalls=2992, regioncalls=104520, ndraw=40, logz=-276106.15, remainder_fraction=100.0000%, Lmin=-276095.82, Lmax=-275966.29
14:01:23 [ultranest] [DEBUG] iteration=1992, ncalls=3008, regioncalls=105200, ndraw=40, logz=-276101.05, remainder_fraction=100.0000%, Lmin=-276090.41, Lmax=-275966.29
14:01:23 [ultranest] [DEBUG] iteration=2000, ncalls=3017, regioncalls=105560, ndraw=40, logz=-276097.62, remainder_fraction=100.0000%, Lmin=-276087.76, Lmax=-275966.29
14:01:24 [ultranest] [DEBUG] iteration=2015, ncalls=3033, regioncalls=106200, ndraw=40, logz=-276093.81, remainder_fraction=100.0000%, Lmin=-276083.60, Lmax=-275966.29
14:01:24 [ultranest] [DEBUG] iteration=2027, ncalls=3050, regioncalls=106880, ndraw=40, logz=-276088.41, remainder_fraction=100.0000%, Lmin=-276077.47, Lmax=-275966.29
14:01:24 [ultranest] [DEBUG] iteration=2040, ncalls=3066, regioncalls=107520, ndraw=40, logz=-276084.41, remainder_fraction=100.0000%, Lmin=-276074.30, Lmax=-275966.29
14:01:24 [ultranest] [DEBUG] iteration=2052, ncalls=3082, regioncalls=108160, ndraw=40, logz=-276080.78, remainder_fraction=100.0000%, Lmin=-276069.68, Lmax=-275966.29
14:01:24 [ultranest] [DEBUG] iteration=2063, ncalls=3094, regioncalls=108720, ndraw=40, logz=-276077.59, remainder_fraction=100.0000%, Lmin=-276067.99, Lmax=-275966.29
14:01:24 [ultranest] [DEBUG] iteration=2077, ncalls=3110, regioncalls=109360, ndraw=40, logz=-276073.68, remainder_fraction=100.0000%, Lmin=-276063.19, Lmax=-275966.29
14:01:24 [ultranest] [DEBUG] iteration=2080, ncalls=3113, regioncalls=109480, ndraw=40, logz=-276072.86, remainder_fraction=100.0000%, Lmin=-276062.92, Lmax=-275966.29
14:01:24 [ultranest] [DEBUG] iteration=2095, ncalls=3128, regioncalls=110080, ndraw=40, logz=-276070.74, remainder_fraction=100.0000%, Lmin=-276061.54, Lmax=-275966.29
14:01:24 [ultranest] [DEBUG] iteration=2107, ncalls=3145, regioncalls=110760, ndraw=40, logz=-276069.45, remainder_fraction=100.0000%, Lmin=-276059.81, Lmax=-275966.29
14:01:24 [ultranest] [DEBUG] iteration=2118, ncalls=3161, regioncalls=111400, ndraw=40, logz=-276067.39, remainder_fraction=100.0000%, Lmin=-276057.26, Lmax=-275966.29
14:01:24 [ultranest] [DEBUG] iteration=2120, ncalls=3163, regioncalls=111480, ndraw=40, logz=-276066.97, remainder_fraction=100.0000%, Lmin=-276057.11, Lmax=-275966.29
14:01:24 [ultranest] [DEBUG] iteration=2133, ncalls=3180, regioncalls=112160, ndraw=40, logz=-276064.47, remainder_fraction=100.0000%, Lmin=-276054.88, Lmax=-275966.29
14:01:25 [ultranest] [DEBUG] iteration=2144, ncalls=3196, regioncalls=112800, ndraw=40, logz=-276062.15, remainder_fraction=100.0000%, Lmin=-276052.01, Lmax=-275966.29
14:01:25 [ultranest] [DEBUG] iteration=2148, ncalls=3202, regioncalls=113160, ndraw=40, logz=-276060.83, remainder_fraction=100.0000%, Lmin=-276049.99, Lmax=-275966.29
14:01:25 [ultranest] [DEBUG] iteration=2160, ncalls=3215, regioncalls=113680, ndraw=40, logz=-276057.65, remainder_fraction=100.0000%, Lmin=-276047.40, Lmax=-275966.29
14:01:25 [ultranest] [DEBUG] iteration=2173, ncalls=3231, regioncalls=114360, ndraw=40, logz=-276055.27, remainder_fraction=100.0000%, Lmin=-276045.56, Lmax=-275966.29
14:01:25 [ultranest] [DEBUG] iteration=2184, ncalls=3247, regioncalls=115000, ndraw=40, logz=-276053.17, remainder_fraction=100.0000%, Lmin=-276043.15, Lmax=-275966.29
14:01:25 [ultranest] [DEBUG] iteration=2197, ncalls=3263, regioncalls=115640, ndraw=40, logz=-276050.76, remainder_fraction=100.0000%, Lmin=-276040.05, Lmax=-275966.29
14:01:25 [ultranest] [DEBUG] iteration=2200, ncalls=3266, regioncalls=115760, ndraw=40, logz=-276050.01, remainder_fraction=100.0000%, Lmin=-276039.79, Lmax=-275966.29
14:01:25 [ultranest] [DEBUG] iteration=2210, ncalls=3281, regioncalls=116360, ndraw=40, logz=-276048.42, remainder_fraction=100.0000%, Lmin=-276038.12, Lmax=-275966.29
14:01:25 [ultranest] [DEBUG] iteration=2221, ncalls=3297, regioncalls=117000, ndraw=40, logz=-276046.16, remainder_fraction=100.0000%, Lmin=-276035.99, Lmax=-275966.29
14:01:25 [ultranest] [DEBUG] iteration=2233, ncalls=3310, regioncalls=117560, ndraw=40, logz=-276043.98, remainder_fraction=100.0000%, Lmin=-276033.53, Lmax=-275966.29
14:01:25 [ultranest] [DEBUG] iteration=2240, ncalls=3317, regioncalls=117880, ndraw=40, logz=-276042.71, remainder_fraction=100.0000%, Lmin=-276032.54, Lmax=-275966.29
14:01:25 [ultranest] [DEBUG] iteration=2254, ncalls=3334, regioncalls=118640, ndraw=40, logz=-276040.84, remainder_fraction=100.0000%, Lmin=-276030.83, Lmax=-275966.29
14:01:26 [ultranest] [DEBUG] iteration=2268, ncalls=3351, regioncalls=119320, ndraw=40, logz=-276039.03, remainder_fraction=100.0000%, Lmin=-276028.59, Lmax=-275966.29
14:01:26 [ultranest] [DEBUG] iteration=2280, ncalls=3367, regioncalls=119960, ndraw=40, logz=-276036.84, remainder_fraction=100.0000%, Lmin=-276026.70, Lmax=-275966.29
14:01:26 [ultranest] [DEBUG] iteration=2292, ncalls=3383, regioncalls=120600, ndraw=40, logz=-276035.08, remainder_fraction=100.0000%, Lmin=-276024.94, Lmax=-275966.29
14:01:26 [ultranest] [DEBUG] iteration=2304, ncalls=3399, regioncalls=121240, ndraw=40, logz=-276033.10, remainder_fraction=100.0000%, Lmin=-276022.62, Lmax=-275966.29
14:01:26 [ultranest] [DEBUG] iteration=2316, ncalls=3415, regioncalls=121880, ndraw=40, logz=-276031.18, remainder_fraction=100.0000%, Lmin=-276021.19, Lmax=-275966.29
14:01:26 [ultranest] [DEBUG] iteration=2320, ncalls=3423, regioncalls=122200, ndraw=40, logz=-276030.72, remainder_fraction=100.0000%, Lmin=-276020.89, Lmax=-275966.29
14:01:26 [ultranest] [DEBUG] iteration=2332, ncalls=3440, regioncalls=122880, ndraw=40, logz=-276029.61, remainder_fraction=100.0000%, Lmin=-276019.46, Lmax=-275966.29
14:01:26 [ultranest] [DEBUG] iteration=2344, ncalls=3456, regioncalls=123520, ndraw=40, logz=-276028.09, remainder_fraction=100.0000%, Lmin=-276017.93, Lmax=-275966.29
14:01:26 [ultranest] [DEBUG] iteration=2355, ncalls=3477, regioncalls=124360, ndraw=40, logz=-276026.38, remainder_fraction=100.0000%, Lmin=-276016.06, Lmax=-275966.29
14:01:26 [ultranest] [DEBUG] iteration=2360, ncalls=3485, regioncalls=124680, ndraw=40, logz=-276025.63, remainder_fraction=100.0000%, Lmin=-276015.23, Lmax=-275966.29
14:01:27 [ultranest] [DEBUG] iteration=2369, ncalls=3501, regioncalls=125320, ndraw=40, logz=-276024.55, remainder_fraction=100.0000%, Lmin=-276014.38, Lmax=-275966.29
14:01:27 [ultranest] [DEBUG] iteration=2383, ncalls=3517, regioncalls=125960, ndraw=40, logz=-276022.78, remainder_fraction=100.0000%, Lmin=-276012.49, Lmax=-275966.29
14:01:27 [ultranest] [DEBUG] iteration=2396, ncalls=3532, regioncalls=126560, ndraw=40, logz=-276021.37, remainder_fraction=100.0000%, Lmin=-276011.34, Lmax=-275966.29
14:01:27 [ultranest] [DEBUG] iteration=2400, ncalls=3537, regioncalls=126760, ndraw=40, logz=-276021.01, remainder_fraction=100.0000%, Lmin=-276011.15, Lmax=-275966.29
14:01:27 [ultranest] [DEBUG] iteration=2403, ncalls=3540, regioncalls=126920, ndraw=40, logz=-276020.76, remainder_fraction=100.0000%, Lmin=-276010.79, Lmax=-275966.29
14:01:27 [ultranest] [DEBUG] iteration=2417, ncalls=3556, regioncalls=127560, ndraw=40, logz=-276018.84, remainder_fraction=100.0000%, Lmin=-276008.67, Lmax=-275966.29
14:01:27 [ultranest] [DEBUG] iteration=2430, ncalls=3572, regioncalls=128200, ndraw=40, logz=-276017.41, remainder_fraction=100.0000%, Lmin=-276007.22, Lmax=-275966.29
14:01:27 [ultranest] [DEBUG] iteration=2440, ncalls=3585, regioncalls=128720, ndraw=40, logz=-276016.37, remainder_fraction=100.0000%, Lmin=-276006.15, Lmax=-275966.29
14:01:27 [ultranest] [DEBUG] iteration=2453, ncalls=3601, regioncalls=129360, ndraw=40, logz=-276015.28, remainder_fraction=100.0000%, Lmin=-276005.43, Lmax=-275966.29
14:01:27 [ultranest] [DEBUG] iteration=2467, ncalls=3616, regioncalls=129960, ndraw=40, logz=-276014.13, remainder_fraction=100.0000%, Lmin=-276003.66, Lmax=-275966.29
14:01:27 [ultranest] [DEBUG] iteration=2476, ncalls=3632, regioncalls=130600, ndraw=40, logz=-276013.15, remainder_fraction=100.0000%, Lmin=-276002.94, Lmax=-275966.29
14:01:27 [ultranest] [DEBUG] iteration=2480, ncalls=3638, regioncalls=130840, ndraw=40, logz=-276012.77, remainder_fraction=100.0000%, Lmin=-276002.60, Lmax=-275965.93
14:01:28 [ultranest] [DEBUG] iteration=2488, ncalls=3649, regioncalls=131480, ndraw=40, logz=-276012.03, remainder_fraction=100.0000%, Lmin=-276001.81, Lmax=-275965.93
14:01:28 [ultranest] [DEBUG] iteration=2500, ncalls=3664, regioncalls=132080, ndraw=40, logz=-276010.96, remainder_fraction=100.0000%, Lmin=-276000.19, Lmax=-275965.93
14:01:28 [ultranest] [DEBUG] iteration=2512, ncalls=3680, regioncalls=132760, ndraw=40, logz=-276009.23, remainder_fraction=100.0000%, Lmin=-275998.79, Lmax=-275965.93
14:01:28 [ultranest] [DEBUG] iteration=2520, ncalls=3689, regioncalls=133120, ndraw=40, logz=-276008.37, remainder_fraction=100.0000%, Lmin=-275998.07, Lmax=-275965.93
14:01:28 [ultranest] [DEBUG] iteration=2531, ncalls=3705, regioncalls=133760, ndraw=40, logz=-276007.39, remainder_fraction=100.0000%, Lmin=-275997.21, Lmax=-275965.93
14:01:28 [ultranest] [DEBUG] iteration=2544, ncalls=3720, regioncalls=134360, ndraw=40, logz=-276006.34, remainder_fraction=100.0000%, Lmin=-275996.32, Lmax=-275965.93
14:01:28 [ultranest] [DEBUG] iteration=2556, ncalls=3735, regioncalls=134960, ndraw=40, logz=-276005.51, remainder_fraction=100.0000%, Lmin=-275995.56, Lmax=-275965.93
14:01:28 [ultranest] [DEBUG] iteration=2560, ncalls=3740, regioncalls=135160, ndraw=40, logz=-276005.27, remainder_fraction=100.0000%, Lmin=-275995.38, Lmax=-275965.93
14:01:28 [ultranest] [DEBUG] iteration=2572, ncalls=3756, regioncalls=135800, ndraw=40, logz=-276004.54, remainder_fraction=100.0000%, Lmin=-275994.30, Lmax=-275965.93
14:01:28 [ultranest] [DEBUG] iteration=2583, ncalls=3773, regioncalls=136480, ndraw=40, logz=-276003.62, remainder_fraction=100.0000%, Lmin=-275993.11, Lmax=-275965.93
14:01:29 [ultranest] [DEBUG] iteration=2597, ncalls=3789, regioncalls=137120, ndraw=40, logz=-276001.80, remainder_fraction=100.0000%, Lmin=-275991.23, Lmax=-275965.93
14:01:29 [ultranest] [DEBUG] iteration=2600, ncalls=3794, regioncalls=137320, ndraw=40, logz=-276001.51, remainder_fraction=100.0000%, Lmin=-275990.82, Lmax=-275965.93
14:01:29 [ultranest] [DEBUG] iteration=2612, ncalls=3810, regioncalls=137960, ndraw=40, logz=-276000.37, remainder_fraction=100.0000%, Lmin=-275989.87, Lmax=-275965.93
14:01:29 [ultranest] [DEBUG] iteration=2624, ncalls=3826, regioncalls=138600, ndraw=40, logz=-275999.32, remainder_fraction=100.0000%, Lmin=-275989.00, Lmax=-275965.93
14:01:29 [ultranest] [DEBUG] iteration=2635, ncalls=3842, regioncalls=139240, ndraw=40, logz=-275998.52, remainder_fraction=100.0000%, Lmin=-275988.30, Lmax=-275965.93
14:01:29 [ultranest] [DEBUG] iteration=2640, ncalls=3856, regioncalls=139800, ndraw=40, logz=-275998.19, remainder_fraction=100.0000%, Lmin=-275987.90, Lmax=-275965.93
14:01:29 [ultranest] [DEBUG] iteration=2649, ncalls=3872, regioncalls=140440, ndraw=40, logz=-275997.61, remainder_fraction=100.0000%, Lmin=-275987.14, Lmax=-275965.93
14:01:29 [ultranest] [DEBUG] iteration=2658, ncalls=3885, regioncalls=141000, ndraw=40, logz=-275996.98, remainder_fraction=100.0000%, Lmin=-275986.78, Lmax=-275965.93
14:01:29 [ultranest] [DEBUG] iteration=2669, ncalls=3903, regioncalls=141720, ndraw=40, logz=-275996.37, remainder_fraction=100.0000%, Lmin=-275986.32, Lmax=-275965.93
14:01:29 [ultranest] [DEBUG] iteration=2680, ncalls=3917, regioncalls=142280, ndraw=40, logz=-275995.83, remainder_fraction=100.0000%, Lmin=-275985.76, Lmax=-275965.93
14:01:29 [ultranest] [DEBUG] iteration=2695, ncalls=3933, regioncalls=142920, ndraw=40, logz=-275995.11, remainder_fraction=100.0000%, Lmin=-275985.01, Lmax=-275965.93
14:01:30 [ultranest] [DEBUG] iteration=2706, ncalls=3949, regioncalls=143560, ndraw=40, logz=-275994.58, remainder_fraction=100.0000%, Lmin=-275984.60, Lmax=-275965.93
14:01:30 [ultranest] [DEBUG] iteration=2715, ncalls=3966, regioncalls=144240, ndraw=40, logz=-275994.18, remainder_fraction=100.0000%, Lmin=-275984.05, Lmax=-275965.93
14:01:30 [ultranest] [DEBUG] iteration=2720, ncalls=3972, regioncalls=144480, ndraw=40, logz=-275993.94, remainder_fraction=100.0000%, Lmin=-275983.84, Lmax=-275965.93
14:01:30 [ultranest] [DEBUG] iteration=2731, ncalls=3989, regioncalls=145160, ndraw=40, logz=-275993.40, remainder_fraction=100.0000%, Lmin=-275982.98, Lmax=-275965.93
14:01:30 [ultranest] [DEBUG] iteration=2740, ncalls=4006, regioncalls=145840, ndraw=40, logz=-275992.91, remainder_fraction=100.0000%, Lmin=-275982.77, Lmax=-275965.93
14:01:30 [ultranest] [DEBUG] iteration=2743, ncalls=4009, regioncalls=146000, ndraw=40, logz=-275992.78, remainder_fraction=100.0000%, Lmin=-275982.74, Lmax=-275965.93
14:01:30 [ultranest] [DEBUG] iteration=2756, ncalls=4025, regioncalls=146640, ndraw=40, logz=-275992.20, remainder_fraction=100.0000%, Lmin=-275981.90, Lmax=-275965.93
14:01:30 [ultranest] [DEBUG] iteration=2760, ncalls=4030, regioncalls=146840, ndraw=40, logz=-275991.99, remainder_fraction=100.0000%, Lmin=-275981.70, Lmax=-275965.93
14:01:30 [ultranest] [DEBUG] iteration=2770, ncalls=4045, regioncalls=147440, ndraw=40, logz=-275991.51, remainder_fraction=100.0000%, Lmin=-275981.23, Lmax=-275965.93
14:01:30 [ultranest] [DEBUG] iteration=2783, ncalls=4061, regioncalls=148080, ndraw=40, logz=-275990.88, remainder_fraction=100.0000%, Lmin=-275980.53, Lmax=-275965.93
14:01:30 [ultranest] [DEBUG] iteration=2795, ncalls=4077, regioncalls=148720, ndraw=40, logz=-275990.30, remainder_fraction=99.9999%, Lmin=-275980.07, Lmax=-275965.93
14:01:30 [ultranest] [DEBUG] iteration=2800, ncalls=4083, regioncalls=148960, ndraw=40, logz=-275990.08, remainder_fraction=99.9999%, Lmin=-275979.93, Lmax=-275965.93
14:01:31 [ultranest] [DEBUG] iteration=2812, ncalls=4100, regioncalls=149640, ndraw=40, logz=-275989.64, remainder_fraction=99.9999%, Lmin=-275979.57, Lmax=-275965.93
14:01:31 [ultranest] [DEBUG] iteration=2820, ncalls=4116, regioncalls=150280, ndraw=40, logz=-275989.35, remainder_fraction=99.9998%, Lmin=-275979.17, Lmax=-275965.93
14:01:31 [ultranest] [DEBUG] iteration=2828, ncalls=4126, regioncalls=150720, ndraw=40, logz=-275989.04, remainder_fraction=99.9997%, Lmin=-275978.88, Lmax=-275965.93
14:01:31 [ultranest] [DEBUG] iteration=2840, ncalls=4141, regioncalls=151320, ndraw=40, logz=-275988.58, remainder_fraction=99.9996%, Lmin=-275978.41, Lmax=-275965.61
14:01:31 [ultranest] [DEBUG] iteration=2854, ncalls=4156, regioncalls=151920, ndraw=40, logz=-275988.10, remainder_fraction=99.9993%, Lmin=-275977.93, Lmax=-275965.61
14:01:31 [ultranest] [DEBUG] iteration=2867, ncalls=4172, regioncalls=152560, ndraw=40, logz=-275987.67, remainder_fraction=99.9990%, Lmin=-275977.59, Lmax=-275965.61
14:01:31 [ultranest] [DEBUG] iteration=2878, ncalls=4189, regioncalls=153240, ndraw=40, logz=-275987.35, remainder_fraction=99.9986%, Lmin=-275977.36, Lmax=-275965.61
14:01:31 [ultranest] [DEBUG] iteration=2880, ncalls=4191, regioncalls=153320, ndraw=40, logz=-275987.30, remainder_fraction=99.9985%, Lmin=-275977.35, Lmax=-275965.61
14:01:31 [ultranest] [DEBUG] iteration=2894, ncalls=4206, regioncalls=153920, ndraw=40, logz=-275986.94, remainder_fraction=99.9980%, Lmin=-275976.95, Lmax=-275965.61
14:01:31 [ultranest] [DEBUG] iteration=2906, ncalls=4224, regioncalls=154640, ndraw=40, logz=-275986.62, remainder_fraction=99.9973%, Lmin=-275976.55, Lmax=-275965.61
14:01:31 [ultranest] [DEBUG] iteration=2913, ncalls=4233, regioncalls=155080, ndraw=40, logz=-275986.41, remainder_fraction=99.9967%, Lmin=-275976.22, Lmax=-275965.61
14:01:31 [ultranest] [DEBUG] iteration=2920, ncalls=4240, regioncalls=155360, ndraw=40, logz=-275986.20, remainder_fraction=99.9959%, Lmin=-275976.04, Lmax=-275965.61
14:01:32 [ultranest] [DEBUG] iteration=2932, ncalls=4256, regioncalls=156000, ndraw=40, logz=-275985.85, remainder_fraction=99.9945%, Lmin=-275975.71, Lmax=-275965.61
14:01:32 [ultranest] [DEBUG] iteration=2946, ncalls=4272, regioncalls=156640, ndraw=40, logz=-275985.48, remainder_fraction=99.9922%, Lmin=-275975.41, Lmax=-275965.61
14:01:32 [ultranest] [DEBUG] iteration=2959, ncalls=4288, regioncalls=157280, ndraw=40, logz=-275985.18, remainder_fraction=99.9892%, Lmin=-275975.22, Lmax=-275965.61
14:01:32 [ultranest] [DEBUG] iteration=2960, ncalls=4289, regioncalls=157320, ndraw=40, logz=-275985.16, remainder_fraction=99.9889%, Lmin=-275975.22, Lmax=-275965.61
14:01:32 [ultranest] [DEBUG] iteration=2973, ncalls=4305, regioncalls=157960, ndraw=40, logz=-275984.86, remainder_fraction=99.9857%, Lmin=-275974.83, Lmax=-275965.61
14:01:32 [ultranest] [DEBUG] iteration=2987, ncalls=4322, regioncalls=158640, ndraw=40, logz=-275984.57, remainder_fraction=99.9810%, Lmin=-275974.59, Lmax=-275965.61
14:01:32 [ultranest] [DEBUG] iteration=2996, ncalls=4338, regioncalls=159280, ndraw=40, logz=-275984.39, remainder_fraction=99.9772%, Lmin=-275974.37, Lmax=-275965.61
14:01:32 [ultranest] [DEBUG] iteration=3000, ncalls=4348, regioncalls=159680, ndraw=40, logz=-275984.30, remainder_fraction=99.9757%, Lmin=-275974.25, Lmax=-275965.61
14:01:32 [ultranest] [DEBUG] iteration=3014, ncalls=4364, regioncalls=160320, ndraw=40, logz=-275984.01, remainder_fraction=99.9677%, Lmin=-275973.99, Lmax=-275965.61
14:01:32 [ultranest] [DEBUG] iteration=3027, ncalls=4380, regioncalls=160960, ndraw=40, logz=-275983.77, remainder_fraction=99.9588%, Lmin=-275973.83, Lmax=-275965.61
14:01:33 [ultranest] [DEBUG] iteration=3040, ncalls=4396, regioncalls=161600, ndraw=40, logz=-275983.54, remainder_fraction=99.9472%, Lmin=-275973.60, Lmax=-275965.61
14:01:33 [ultranest] [DEBUG] iteration=3051, ncalls=4414, regioncalls=162320, ndraw=40, logz=-275983.35, remainder_fraction=99.9375%, Lmin=-275973.45, Lmax=-275965.61
14:01:33 [ultranest] [DEBUG] iteration=3063, ncalls=4430, regioncalls=162960, ndraw=40, logz=-275983.16, remainder_fraction=99.9227%, Lmin=-275973.28, Lmax=-275965.61
14:01:33 [ultranest] [DEBUG] iteration=3073, ncalls=4446, regioncalls=163600, ndraw=40, logz=-275983.01, remainder_fraction=99.9123%, Lmin=-275973.08, Lmax=-275965.61
14:01:33 [ultranest] [DEBUG] iteration=3080, ncalls=4455, regioncalls=163960, ndraw=40, logz=-275982.91, remainder_fraction=99.9008%, Lmin=-275973.02, Lmax=-275965.61
14:01:33 [ultranest] [DEBUG] iteration=3083, ncalls=4458, regioncalls=164160, ndraw=40, logz=-275982.86, remainder_fraction=99.8979%, Lmin=-275973.00, Lmax=-275965.61
14:01:33 [ultranest] [DEBUG] iteration=3097, ncalls=4474, regioncalls=164800, ndraw=40, logz=-275982.67, remainder_fraction=99.8765%, Lmin=-275972.81, Lmax=-275965.61
14:01:33 [ultranest] [DEBUG] iteration=3110, ncalls=4490, regioncalls=165440, ndraw=40, logz=-275982.49, remainder_fraction=99.8560%, Lmin=-275972.58, Lmax=-275965.61
14:01:33 [ultranest] [DEBUG] iteration=3120, ncalls=4502, regioncalls=165920, ndraw=40, logz=-275982.35, remainder_fraction=99.8310%, Lmin=-275972.35, Lmax=-275965.61
14:01:33 [ultranest] [DEBUG] iteration=3133, ncalls=4517, regioncalls=166520, ndraw=40, logz=-275982.16, remainder_fraction=99.7995%, Lmin=-275972.17, Lmax=-275965.61
14:01:33 [ultranest] [DEBUG] iteration=3147, ncalls=4534, regioncalls=167200, ndraw=40, logz=-275981.96, remainder_fraction=99.7553%, Lmin=-275971.93, Lmax=-275965.61
14:01:34 [ultranest] [DEBUG] iteration=3160, ncalls=4551, regioncalls=167880, ndraw=40, logz=-275981.78, remainder_fraction=99.7140%, Lmin=-275971.74, Lmax=-275965.61
14:01:34 [ultranest] [DEBUG] iteration=3172, ncalls=4566, regioncalls=168480, ndraw=40, logz=-275981.61, remainder_fraction=99.6586%, Lmin=-275971.56, Lmax=-275965.61
14:01:34 [ultranest] [DEBUG] iteration=3185, ncalls=4582, regioncalls=169120, ndraw=40, logz=-275981.44, remainder_fraction=99.5888%, Lmin=-275971.41, Lmax=-275965.61
14:01:34 [ultranest] [DEBUG] iteration=3194, ncalls=4598, regioncalls=169760, ndraw=40, logz=-275981.32, remainder_fraction=99.5429%, Lmin=-275971.28, Lmax=-275965.61
14:01:34 [ultranest] [DEBUG] iteration=3200, ncalls=4605, regioncalls=170040, ndraw=40, logz=-275981.25, remainder_fraction=99.5146%, Lmin=-275971.22, Lmax=-275965.61
14:01:34 [ultranest] [DEBUG] iteration=3209, ncalls=4621, regioncalls=170680, ndraw=40, logz=-275981.14, remainder_fraction=99.4646%, Lmin=-275971.11, Lmax=-275965.61
14:01:34 [ultranest] [DEBUG] iteration=3222, ncalls=4637, regioncalls=171320, ndraw=40, logz=-275980.99, remainder_fraction=99.3789%, Lmin=-275971.02, Lmax=-275965.61
14:01:34 [ultranest] [DEBUG] iteration=3232, ncalls=4655, regioncalls=172040, ndraw=40, logz=-275980.87, remainder_fraction=99.3033%, Lmin=-275970.81, Lmax=-275965.61
14:01:34 [ultranest] [DEBUG] iteration=3240, ncalls=4667, regioncalls=172520, ndraw=40, logz=-275980.78, remainder_fraction=99.2362%, Lmin=-275970.70, Lmax=-275965.61
14:01:34 [ultranest] [DEBUG] iteration=3253, ncalls=4681, regioncalls=173120, ndraw=40, logz=-275980.63, remainder_fraction=99.1098%, Lmin=-275970.53, Lmax=-275965.61
14:01:34 [ultranest] [DEBUG] iteration=3267, ncalls=4697, regioncalls=173760, ndraw=40, logz=-275980.47, remainder_fraction=98.9376%, Lmin=-275970.34, Lmax=-275965.61
14:01:35 [ultranest] [DEBUG] iteration=3278, ncalls=4713, regioncalls=174400, ndraw=40, logz=-275980.34, remainder_fraction=98.7821%, Lmin=-275970.18, Lmax=-275965.61
14:01:35 [ultranest] [DEBUG] iteration=3280, ncalls=4715, regioncalls=174480, ndraw=40, logz=-275980.32, remainder_fraction=98.7517%, Lmin=-275970.16, Lmax=-275965.61
14:01:35 [ultranest] [DEBUG] iteration=3294, ncalls=4731, regioncalls=175120, ndraw=40, logz=-275980.17, remainder_fraction=98.5390%, Lmin=-275970.06, Lmax=-275965.61
14:01:35 [ultranest] [DEBUG] iteration=3307, ncalls=4747, regioncalls=175760, ndraw=40, logz=-275980.04, remainder_fraction=98.3102%, Lmin=-275969.96, Lmax=-275965.61
14:01:35 [ultranest] [DEBUG] iteration=3320, ncalls=4765, regioncalls=176480, ndraw=40, logz=-275979.91, remainder_fraction=98.1176%, Lmin=-275969.84, Lmax=-275965.61
14:01:35 [ultranest] [DEBUG] iteration=3334, ncalls=4781, regioncalls=177120, ndraw=40, logz=-275979.78, remainder_fraction=97.8223%, Lmin=-275969.67, Lmax=-275965.61
14:01:35 [ultranest] [DEBUG] iteration=3347, ncalls=4795, regioncalls=177680, ndraw=40, logz=-275979.66, remainder_fraction=97.5648%, Lmin=-275969.54, Lmax=-275965.61
14:01:35 [ultranest] [DEBUG] iteration=3360, ncalls=4810, regioncalls=178280, ndraw=40, logz=-275979.55, remainder_fraction=97.2929%, Lmin=-275969.40, Lmax=-275965.61
14:01:35 [ultranest] [DEBUG] iteration=3369, ncalls=4826, regioncalls=178920, ndraw=40, logz=-275979.46, remainder_fraction=97.0685%, Lmin=-275969.33, Lmax=-275965.61
14:01:35 [ultranest] [DEBUG] iteration=3379, ncalls=4842, regioncalls=179560, ndraw=40, logz=-275979.38, remainder_fraction=96.8041%, Lmin=-275969.22, Lmax=-275965.61
14:01:36 [ultranest] [DEBUG] iteration=3392, ncalls=4860, regioncalls=180280, ndraw=40, logz=-275979.26, remainder_fraction=96.3934%, Lmin=-275969.07, Lmax=-275965.61
14:01:36 [ultranest] [DEBUG] iteration=3400, ncalls=4871, regioncalls=180720, ndraw=40, logz=-275979.19, remainder_fraction=96.1411%, Lmin=-275968.99, Lmax=-275965.61
14:01:36 [ultranest] [DEBUG] iteration=3410, ncalls=4889, regioncalls=181440, ndraw=40, logz=-275979.11, remainder_fraction=95.8212%, Lmin=-275968.95, Lmax=-275965.61
14:01:36 [ultranest] [DEBUG] iteration=3421, ncalls=4905, regioncalls=182080, ndraw=40, logz=-275979.02, remainder_fraction=95.5073%, Lmin=-275968.87, Lmax=-275965.61
14:01:36 [ultranest] [DEBUG] iteration=3429, ncalls=4920, regioncalls=182680, ndraw=40, logz=-275978.96, remainder_fraction=95.2217%, Lmin=-275968.81, Lmax=-275965.61
14:01:36 [ultranest] [DEBUG] iteration=3438, ncalls=4937, regioncalls=183360, ndraw=40, logz=-275978.89, remainder_fraction=94.8550%, Lmin=-275968.75, Lmax=-275965.61
14:01:36 [ultranest] [DEBUG] iteration=3440, ncalls=4940, regioncalls=183480, ndraw=40, logz=-275978.88, remainder_fraction=94.7699%, Lmin=-275968.75, Lmax=-275965.61
14:01:36 [ultranest] [DEBUG] iteration=3453, ncalls=4956, regioncalls=184120, ndraw=40, logz=-275978.79, remainder_fraction=94.2542%, Lmin=-275968.63, Lmax=-275965.61
14:01:36 [ultranest] [DEBUG] iteration=3465, ncalls=4972, regioncalls=184760, ndraw=40, logz=-275978.70, remainder_fraction=93.7669%, Lmin=-275968.55, Lmax=-275965.61
14:01:36 [ultranest] [DEBUG] iteration=3476, ncalls=4989, regioncalls=185440, ndraw=40, logz=-275978.63, remainder_fraction=93.3278%, Lmin=-275968.47, Lmax=-275965.61
14:01:36 [ultranest] [DEBUG] iteration=3480, ncalls=4993, regioncalls=185600, ndraw=40, logz=-275978.60, remainder_fraction=93.1599%, Lmin=-275968.46, Lmax=-275965.61
14:01:37 [ultranest] [DEBUG] iteration=3491, ncalls=5009, regioncalls=186240, ndraw=40, logz=-275978.53, remainder_fraction=92.5713%, Lmin=-275968.32, Lmax=-275965.61
14:01:37 [ultranest] [DEBUG] iteration=3501, ncalls=5026, regioncalls=186920, ndraw=40, logz=-275978.46, remainder_fraction=92.1471%, Lmin=-275968.26, Lmax=-275965.61
14:01:37 [ultranest] [DEBUG] iteration=3513, ncalls=5041, regioncalls=187520, ndraw=40, logz=-275978.38, remainder_fraction=91.5149%, Lmin=-275968.20, Lmax=-275965.61
14:01:37 [ultranest] [DEBUG] iteration=3520, ncalls=5053, regioncalls=188000, ndraw=40, logz=-275978.34, remainder_fraction=91.1532%, Lmin=-275968.14, Lmax=-275965.61
14:01:37 [ultranest] [DEBUG] iteration=3531, ncalls=5069, regioncalls=188640, ndraw=40, logz=-275978.27, remainder_fraction=90.5476%, Lmin=-275968.07, Lmax=-275965.61
14:01:37 [ultranest] [DEBUG] iteration=3541, ncalls=5086, regioncalls=189320, ndraw=40, logz=-275978.21, remainder_fraction=89.9786%, Lmin=-275968.00, Lmax=-275965.61
14:01:37 [ultranest] [DEBUG] iteration=3552, ncalls=5102, regioncalls=189960, ndraw=40, logz=-275978.14, remainder_fraction=89.2540%, Lmin=-275967.92, Lmax=-275965.61
14:01:37 [ultranest] [DEBUG] iteration=3560, ncalls=5111, regioncalls=190320, ndraw=40, logz=-275978.10, remainder_fraction=88.6773%, Lmin=-275967.85, Lmax=-275965.61
14:01:37 [ultranest] [DEBUG] iteration=3570, ncalls=5128, regioncalls=191000, ndraw=40, logz=-275978.04, remainder_fraction=88.0814%, Lmin=-275967.80, Lmax=-275965.61
14:01:37 [ultranest] [DEBUG] iteration=3583, ncalls=5144, regioncalls=191640, ndraw=40, logz=-275977.97, remainder_fraction=87.2233%, Lmin=-275967.71, Lmax=-275965.61
14:01:38 [ultranest] [DEBUG] iteration=3593, ncalls=5160, regioncalls=192360, ndraw=40, logz=-275977.91, remainder_fraction=86.4688%, Lmin=-275967.65, Lmax=-275965.61
14:01:38 [ultranest] [DEBUG] iteration=3600, ncalls=5170, regioncalls=192760, ndraw=40, logz=-275977.87, remainder_fraction=85.9256%, Lmin=-275967.61, Lmax=-275965.61
14:01:38 [ultranest] [DEBUG] iteration=3614, ncalls=5185, regioncalls=193360, ndraw=40, logz=-275977.80, remainder_fraction=84.8320%, Lmin=-275967.55, Lmax=-275965.61
14:01:38 [ultranest] [DEBUG] iteration=3626, ncalls=5201, regioncalls=194040, ndraw=40, logz=-275977.74, remainder_fraction=83.9120%, Lmin=-275967.50, Lmax=-275965.61
14:01:38 [ultranest] [DEBUG] iteration=3638, ncalls=5217, regioncalls=194680, ndraw=40, logz=-275977.68, remainder_fraction=82.8942%, Lmin=-275967.45, Lmax=-275965.61
14:01:38 [ultranest] [DEBUG] iteration=3640, ncalls=5219, regioncalls=194760, ndraw=40, logz=-275977.67, remainder_fraction=82.7626%, Lmin=-275967.45, Lmax=-275965.61
14:01:38 [ultranest] [DEBUG] iteration=3654, ncalls=5235, regioncalls=195400, ndraw=40, logz=-275977.61, remainder_fraction=81.7076%, Lmin=-275967.38, Lmax=-275965.61
14:01:38 [ultranest] [DEBUG] iteration=3668, ncalls=5251, regioncalls=196040, ndraw=40, logz=-275977.54, remainder_fraction=80.6026%, Lmin=-275967.32, Lmax=-275965.61
14:01:38 [ultranest] [DEBUG] iteration=3680, ncalls=5264, regioncalls=196560, ndraw=40, logz=-275977.49, remainder_fraction=79.5454%, Lmin=-275967.27, Lmax=-275965.61
14:01:38 [ultranest] [DEBUG] iteration=3692, ncalls=5280, regioncalls=197200, ndraw=40, logz=-275977.44, remainder_fraction=78.5673%, Lmin=-275967.23, Lmax=-275965.61
14:01:38 [ultranest] [DEBUG] iteration=3705, ncalls=5296, regioncalls=197840, ndraw=40, logz=-275977.39, remainder_fraction=77.5604%, Lmin=-275967.15, Lmax=-275965.61
14:01:39 [ultranest] [DEBUG] iteration=3716, ncalls=5312, regioncalls=198480, ndraw=40, logz=-275977.35, remainder_fraction=76.6726%, Lmin=-275967.11, Lmax=-275965.61
14:01:39 [ultranest] [DEBUG] iteration=3720, ncalls=5317, regioncalls=198680, ndraw=40, logz=-275977.33, remainder_fraction=76.2873%, Lmin=-275967.09, Lmax=-275965.61
14:01:39 [ultranest] [DEBUG] iteration=3732, ncalls=5333, regioncalls=199320, ndraw=40, logz=-275977.29, remainder_fraction=75.1099%, Lmin=-275967.06, Lmax=-275965.61
14:01:39 [ultranest] [DEBUG] iteration=3745, ncalls=5349, regioncalls=199960, ndraw=40, logz=-275977.24, remainder_fraction=73.9088%, Lmin=-275967.03, Lmax=-275965.61
14:01:39 [ultranest] [DEBUG] iteration=3756, ncalls=5365, regioncalls=200600, ndraw=40, logz=-275977.20, remainder_fraction=72.8462%, Lmin=-275967.00, Lmax=-275965.61
14:01:39 [ultranest] [DEBUG] iteration=3760, ncalls=5374, regioncalls=200960, ndraw=40, logz=-275977.19, remainder_fraction=72.4430%, Lmin=-275966.98, Lmax=-275965.61
14:01:39 [ultranest] [DEBUG] iteration=3763, ncalls=5378, regioncalls=201160, ndraw=40, logz=-275977.18, remainder_fraction=72.1923%, Lmin=-275966.97, Lmax=-275965.61
14:01:39 [ultranest] [DEBUG] iteration=3776, ncalls=5394, regioncalls=201800, ndraw=40, logz=-275977.14, remainder_fraction=70.8583%, Lmin=-275966.93, Lmax=-275965.61
14:01:39 [ultranest] [DEBUG] iteration=3789, ncalls=5410, regioncalls=202440, ndraw=40, logz=-275977.10, remainder_fraction=69.6790%, Lmin=-275966.91, Lmax=-275965.61
14:01:39 [ultranest] [DEBUG] iteration=3800, ncalls=5422, regioncalls=202920, ndraw=40, logz=-275977.06, remainder_fraction=68.6719%, Lmin=-275966.88, Lmax=-275965.61
14:01:39 [ultranest] [DEBUG] iteration=3811, ncalls=5438, regioncalls=203560, ndraw=40, logz=-275977.03, remainder_fraction=67.6284%, Lmin=-275966.83, Lmax=-275965.61
14:01:39 [ultranest] [DEBUG] iteration=3821, ncalls=5454, regioncalls=204200, ndraw=40, logz=-275977.00, remainder_fraction=66.6801%, Lmin=-275966.80, Lmax=-275965.61
14:01:40 [ultranest] [DEBUG] iteration=3832, ncalls=5471, regioncalls=204880, ndraw=40, logz=-275976.97, remainder_fraction=65.7587%, Lmin=-275966.75, Lmax=-275965.61
14:01:40 [ultranest] [DEBUG] iteration=3840, ncalls=5482, regioncalls=205320, ndraw=40, logz=-275976.95, remainder_fraction=64.9701%, Lmin=-275966.73, Lmax=-275965.61
14:01:40 [ultranest] [DEBUG] iteration=3848, ncalls=5494, regioncalls=205840, ndraw=40, logz=-275976.93, remainder_fraction=64.1842%, Lmin=-275966.71, Lmax=-275965.61
14:01:40 [ultranest] [DEBUG] iteration=3862, ncalls=5512, regioncalls=206560, ndraw=40, logz=-275976.89, remainder_fraction=62.8248%, Lmin=-275966.67, Lmax=-275965.61
14:01:40 [ultranest] [DEBUG] iteration=3876, ncalls=5527, regioncalls=207160, ndraw=40, logz=-275976.85, remainder_fraction=61.3948%, Lmin=-275966.63, Lmax=-275965.61
14:01:40 [ultranest] [DEBUG] iteration=3880, ncalls=5533, regioncalls=207400, ndraw=40, logz=-275976.84, remainder_fraction=61.0282%, Lmin=-275966.62, Lmax=-275965.61
14:01:40 [ultranest] [DEBUG] iteration=3893, ncalls=5550, regioncalls=208080, ndraw=40, logz=-275976.81, remainder_fraction=59.7768%, Lmin=-275966.57, Lmax=-275965.61
14:01:40 [ultranest] [DEBUG] iteration=3906, ncalls=5566, regioncalls=208720, ndraw=40, logz=-275976.78, remainder_fraction=58.4778%, Lmin=-275966.55, Lmax=-275965.61
14:01:40 [ultranest] [DEBUG] iteration=3918, ncalls=5582, regioncalls=209360, ndraw=40, logz=-275976.75, remainder_fraction=57.3938%, Lmin=-275966.53, Lmax=-275965.61
14:01:40 [ultranest] [DEBUG] iteration=3920, ncalls=5584, regioncalls=209440, ndraw=40, logz=-275976.75, remainder_fraction=57.2142%, Lmin=-275966.52, Lmax=-275965.61
14:01:40 [ultranest] [DEBUG] iteration=3931, ncalls=5601, regioncalls=210120, ndraw=40, logz=-275976.73, remainder_fraction=56.2579%, Lmin=-275966.50, Lmax=-275965.61
14:01:40 [ultranest] [DEBUG] iteration=3933, ncalls=5603, regioncalls=210240, ndraw=40, logz=-275976.72, remainder_fraction=56.0616%, Lmin=-275966.50, Lmax=-275965.61
14:01:41 [ultranest] [DEBUG] iteration=3946, ncalls=5620, regioncalls=210920, ndraw=40, logz=-275976.69, remainder_fraction=54.8367%, Lmin=-275966.47, Lmax=-275965.61
14:01:41 [ultranest] [DEBUG] iteration=3960, ncalls=5634, regioncalls=211480, ndraw=40, logz=-275976.66, remainder_fraction=53.5057%, Lmin=-275966.45, Lmax=-275965.61
14:01:41 [ultranest] [DEBUG] iteration=3974, ncalls=5650, regioncalls=212120, ndraw=40, logz=-275976.64, remainder_fraction=52.2607%, Lmin=-275966.41, Lmax=-275965.61
14:01:41 [ultranest] [DEBUG] iteration=3986, ncalls=5667, regioncalls=212800, ndraw=40, logz=-275976.61, remainder_fraction=51.2798%, Lmin=-275966.39, Lmax=-275965.61
14:01:41 [ultranest] [DEBUG] iteration=3998, ncalls=5683, regioncalls=213440, ndraw=40, logz=-275976.59, remainder_fraction=50.1542%, Lmin=-275966.36, Lmax=-275965.61
14:01:41 [ultranest] [DEBUG] iteration=4000, ncalls=5685, regioncalls=213520, ndraw=40, logz=-275976.59, remainder_fraction=49.9911%, Lmin=-275966.36, Lmax=-275965.61
14:01:41 [ultranest] [DEBUG] iteration=4014, ncalls=5701, regioncalls=214160, ndraw=40, logz=-275976.56, remainder_fraction=48.6881%, Lmin=-275966.34, Lmax=-275965.61
14:01:41 [ultranest] [DEBUG] iteration=4018, ncalls=5705, regioncalls=214400, ndraw=40, logz=-275976.56, remainder_fraction=48.2945%, Lmin=-275966.33, Lmax=-275965.61
14:01:41 [ultranest] [DEBUG] iteration=4031, ncalls=5721, regioncalls=215040, ndraw=40, logz=-275976.53, remainder_fraction=47.1255%, Lmin=-275966.32, Lmax=-275965.61
14:01:41 [ultranest] [DEBUG] iteration=4040, ncalls=5732, regioncalls=215480, ndraw=40, logz=-275976.52, remainder_fraction=46.3876%, Lmin=-275966.31, Lmax=-275965.61
14:01:41 [ultranest] [DEBUG] iteration=4052, ncalls=5749, regioncalls=216160, ndraw=40, logz=-275976.50, remainder_fraction=45.3643%, Lmin=-275966.30, Lmax=-275965.61
14:01:41 [ultranest] [DEBUG] iteration=4065, ncalls=5766, regioncalls=216840, ndraw=40, logz=-275976.48, remainder_fraction=44.3212%, Lmin=-275966.27, Lmax=-275965.61
14:01:42 [ultranest] [DEBUG] iteration=4077, ncalls=5784, regioncalls=217560, ndraw=40, logz=-275976.46, remainder_fraction=43.4499%, Lmin=-275966.25, Lmax=-275965.61
14:01:42 [ultranest] [DEBUG] iteration=4080, ncalls=5788, regioncalls=217720, ndraw=40, logz=-275976.46, remainder_fraction=43.1846%, Lmin=-275966.24, Lmax=-275965.61
14:01:42 [ultranest] [DEBUG] iteration=4094, ncalls=5804, regioncalls=218360, ndraw=40, logz=-275976.44, remainder_fraction=42.0677%, Lmin=-275966.22, Lmax=-275965.61
14:01:42 [ultranest] [DEBUG] iteration=4103, ncalls=5816, regioncalls=218880, ndraw=40, logz=-275976.43, remainder_fraction=41.3294%, Lmin=-275966.21, Lmax=-275965.61
14:01:42 [ultranest] [DEBUG] iteration=4117, ncalls=5832, regioncalls=219560, ndraw=40, logz=-275976.41, remainder_fraction=40.2361%, Lmin=-275966.19, Lmax=-275965.61
14:01:42 [ultranest] [DEBUG] iteration=4120, ncalls=5835, regioncalls=219680, ndraw=40, logz=-275976.40, remainder_fraction=40.0258%, Lmin=-275966.18, Lmax=-275965.61
14:01:42 [ultranest] [DEBUG] iteration=4134, ncalls=5851, regioncalls=220320, ndraw=40, logz=-275976.39, remainder_fraction=38.9291%, Lmin=-275966.16, Lmax=-275965.61
14:01:42 [ultranest] [DEBUG] iteration=4150, ncalls=5867, regioncalls=220960, ndraw=40, logz=-275976.37, remainder_fraction=37.6634%, Lmin=-275966.13, Lmax=-275965.61
14:01:42 [ultranest] [DEBUG] iteration=4160, ncalls=5879, regioncalls=221440, ndraw=40, logz=-275976.35, remainder_fraction=36.8799%, Lmin=-275966.12, Lmax=-275965.61
14:01:42 [ultranest] [DEBUG] iteration=4174, ncalls=5895, regioncalls=222080, ndraw=40, logz=-275976.34, remainder_fraction=35.8377%, Lmin=-275966.11, Lmax=-275965.61
14:01:42 [ultranest] [DEBUG] iteration=4186, ncalls=5911, regioncalls=222720, ndraw=40, logz=-275976.32, remainder_fraction=34.9876%, Lmin=-275966.09, Lmax=-275965.61
14:01:42 [ultranest] [DEBUG] iteration=4188, ncalls=5913, regioncalls=222880, ndraw=40, logz=-275976.32, remainder_fraction=34.8412%, Lmin=-275966.09, Lmax=-275965.61
14:01:43 [ultranest] [DEBUG] iteration=4200, ncalls=5927, regioncalls=223480, ndraw=40, logz=-275976.31, remainder_fraction=33.9356%, Lmin=-275966.07, Lmax=-275965.61
14:01:43 [ultranest] [DEBUG] iteration=4215, ncalls=5943, regioncalls=224120, ndraw=40, logz=-275976.29, remainder_fraction=32.8738%, Lmin=-275966.05, Lmax=-275965.61
14:01:43 [ultranest] [DEBUG] iteration=4227, ncalls=5959, regioncalls=224760, ndraw=40, logz=-275976.28, remainder_fraction=32.0389%, Lmin=-275966.04, Lmax=-275965.61
14:01:43 [ultranest] [DEBUG] iteration=4240, ncalls=5974, regioncalls=225360, ndraw=40, logz=-275976.27, remainder_fraction=31.1504%, Lmin=-275966.02, Lmax=-275965.61
14:01:43 [ultranest] [DEBUG] iteration=4255, ncalls=5991, regioncalls=226040, ndraw=40, logz=-275976.25, remainder_fraction=30.1890%, Lmin=-275966.01, Lmax=-275965.61
14:01:43 [ultranest] [DEBUG] iteration=4268, ncalls=6007, regioncalls=226680, ndraw=40, logz=-275976.24, remainder_fraction=29.3233%, Lmin=-275965.99, Lmax=-275965.61
14:01:43 [ultranest] [DEBUG] iteration=4273, ncalls=6013, regioncalls=227000, ndraw=40, logz=-275976.24, remainder_fraction=28.9952%, Lmin=-275965.99, Lmax=-275965.61
14:01:43 [ultranest] [DEBUG] iteration=4280, ncalls=6021, regioncalls=227360, ndraw=40, logz=-275976.23, remainder_fraction=28.5510%, Lmin=-275965.98, Lmax=-275965.61
14:01:43 [ultranest] [DEBUG] iteration=4292, ncalls=6037, regioncalls=228000, ndraw=40, logz=-275976.22, remainder_fraction=27.8018%, Lmin=-275965.97, Lmax=-275965.61
14:01:43 [ultranest] [DEBUG] iteration=4306, ncalls=6053, regioncalls=228640, ndraw=40, logz=-275976.21, remainder_fraction=26.9240%, Lmin=-275965.96, Lmax=-275965.61
14:01:43 [ultranest] [DEBUG] iteration=4318, ncalls=6069, regioncalls=229280, ndraw=40, logz=-275976.20, remainder_fraction=26.2391%, Lmin=-275965.95, Lmax=-275965.61
14:01:43 [ultranest] [DEBUG] iteration=4320, ncalls=6073, regioncalls=229440, ndraw=40, logz=-275976.20, remainder_fraction=26.1164%, Lmin=-275965.95, Lmax=-275965.61
14:01:44 [ultranest] [DEBUG] iteration=4332, ncalls=6089, regioncalls=230080, ndraw=40, logz=-275976.19, remainder_fraction=25.4478%, Lmin=-275965.94, Lmax=-275965.61
14:01:44 [ultranest] [DEBUG] iteration=4344, ncalls=6106, regioncalls=230760, ndraw=40, logz=-275976.18, remainder_fraction=24.7654%, Lmin=-275965.93, Lmax=-275965.61
14:01:44 [ultranest] [DEBUG] iteration=4356, ncalls=6122, regioncalls=231400, ndraw=40, logz=-275976.17, remainder_fraction=24.0946%, Lmin=-275965.92, Lmax=-275965.61
14:01:44 [ultranest] [DEBUG] iteration=4358, ncalls=6124, regioncalls=231560, ndraw=40, logz=-275976.17, remainder_fraction=23.9814%, Lmin=-275965.91, Lmax=-275965.61
14:01:44 [ultranest] [DEBUG] iteration=4360, ncalls=6126, regioncalls=231640, ndraw=40, logz=-275976.17, remainder_fraction=23.8729%, Lmin=-275965.91, Lmax=-275965.61
14:01:44 [ultranest] [DEBUG] iteration=4374, ncalls=6142, regioncalls=232280, ndraw=40, logz=-275976.16, remainder_fraction=23.1483%, Lmin=-275965.90, Lmax=-275965.61
14:01:44 [ultranest] [DEBUG] iteration=4387, ncalls=6158, regioncalls=232920, ndraw=40, logz=-275976.15, remainder_fraction=22.4646%, Lmin=-275965.89, Lmax=-275965.61
14:01:44 [ultranest] [DEBUG] iteration=4400, ncalls=6173, regioncalls=233520, ndraw=40, logz=-275976.14, remainder_fraction=21.8184%, Lmin=-275965.89, Lmax=-275965.61
14:01:44 [ultranest] [DEBUG] iteration=4413, ncalls=6189, regioncalls=234160, ndraw=40, logz=-275976.13, remainder_fraction=21.1829%, Lmin=-275965.88, Lmax=-275965.61
14:01:44 [ultranest] [DEBUG] iteration=4427, ncalls=6205, regioncalls=234800, ndraw=40, logz=-275976.12, remainder_fraction=20.5249%, Lmin=-275965.86, Lmax=-275965.61
14:01:44 [ultranest] [DEBUG] iteration=4436, ncalls=6222, regioncalls=235480, ndraw=40, logz=-275976.12, remainder_fraction=20.1086%, Lmin=-275965.86, Lmax=-275965.61
14:01:44 [ultranest] [DEBUG] iteration=4440, ncalls=6228, regioncalls=235720, ndraw=40, logz=-275976.12, remainder_fraction=19.9200%, Lmin=-275965.86, Lmax=-275965.61
14:01:44 [ultranest] [DEBUG] iteration=4443, ncalls=6231, regioncalls=235880, ndraw=40, logz=-275976.11, remainder_fraction=19.7847%, Lmin=-275965.85, Lmax=-275965.61
14:01:45 [ultranest] [DEBUG] iteration=4459, ncalls=6248, regioncalls=236560, ndraw=40, logz=-275976.11, remainder_fraction=19.0225%, Lmin=-275965.84, Lmax=-275965.61
14:01:45 [ultranest] [DEBUG] iteration=4473, ncalls=6264, regioncalls=237200, ndraw=40, logz=-275976.10, remainder_fraction=18.4105%, Lmin=-275965.84, Lmax=-275965.61
14:01:45 [ultranest] [DEBUG] iteration=4480, ncalls=6272, regioncalls=237520, ndraw=40, logz=-275976.09, remainder_fraction=18.1158%, Lmin=-275965.83, Lmax=-275965.61
14:01:45 [ultranest] [DEBUG] iteration=4495, ncalls=6288, regioncalls=238160, ndraw=40, logz=-275976.09, remainder_fraction=17.4704%, Lmin=-275965.82, Lmax=-275965.61
14:01:45 [ultranest] [DEBUG] iteration=4509, ncalls=6304, regioncalls=238800, ndraw=40, logz=-275976.08, remainder_fraction=16.9115%, Lmin=-275965.81, Lmax=-275965.61
14:01:45 [ultranest] [DEBUG] iteration=4520, ncalls=6323, regioncalls=239560, ndraw=40, logz=-275976.07, remainder_fraction=16.4843%, Lmin=-275965.81, Lmax=-275965.61
14:01:45 [ultranest] [DEBUG] iteration=4528, ncalls=6332, regioncalls=240000, ndraw=40, logz=-275976.07, remainder_fraction=16.1681%, Lmin=-275965.80, Lmax=-275965.61
14:01:45 [ultranest] [DEBUG] iteration=4540, ncalls=6348, regioncalls=240640, ndraw=40, logz=-275976.06, remainder_fraction=15.7118%, Lmin=-275965.80, Lmax=-275965.61
14:01:45 [ultranest] [DEBUG] iteration=4552, ncalls=6364, regioncalls=241280, ndraw=40, logz=-275976.06, remainder_fraction=15.2619%, Lmin=-275965.80, Lmax=-275965.61
14:01:45 [ultranest] [DEBUG] iteration=4560, ncalls=6377, regioncalls=241840, ndraw=40, logz=-275976.06, remainder_fraction=14.9679%, Lmin=-275965.79, Lmax=-275965.61
14:01:46 [ultranest] [DEBUG] iteration=4574, ncalls=6395, regioncalls=242560, ndraw=40, logz=-275976.05, remainder_fraction=14.4599%, Lmin=-275965.79, Lmax=-275965.61
14:01:46 [ultranest] [DEBUG] iteration=4587, ncalls=6412, regioncalls=243240, ndraw=40, logz=-275976.04, remainder_fraction=14.0152%, Lmin=-275965.78, Lmax=-275965.61
14:01:46 [ultranest] [DEBUG] iteration=4597, ncalls=6428, regioncalls=243880, ndraw=40, logz=-275976.04, remainder_fraction=13.6710%, Lmin=-275965.78, Lmax=-275965.61
14:01:46 [ultranest] [DEBUG] iteration=4600, ncalls=6432, regioncalls=244040, ndraw=40, logz=-275976.04, remainder_fraction=13.5744%, Lmin=-275965.78, Lmax=-275965.61
14:01:46 [ultranest] [DEBUG] iteration=4609, ncalls=6448, regioncalls=244680, ndraw=40, logz=-275976.04, remainder_fraction=13.2787%, Lmin=-275965.78, Lmax=-275965.61
14:01:46 [ultranest] [DEBUG] iteration=4619, ncalls=6463, regioncalls=245280, ndraw=40, logz=-275976.03, remainder_fraction=12.9540%, Lmin=-275965.77, Lmax=-275965.61
14:01:46 [ultranest] [DEBUG] iteration=4632, ncalls=6478, regioncalls=245880, ndraw=40, logz=-275976.03, remainder_fraction=12.5470%, Lmin=-275965.76, Lmax=-275965.61
14:01:46 [ultranest] [DEBUG] iteration=4640, ncalls=6489, regioncalls=246360, ndraw=40, logz=-275976.03, remainder_fraction=12.3021%, Lmin=-275965.76, Lmax=-275965.61
14:01:46 [ultranest] [DEBUG] iteration=4652, ncalls=6504, regioncalls=246960, ndraw=40, logz=-275976.02, remainder_fraction=11.9360%, Lmin=-275965.76, Lmax=-275965.61
14:01:46 [ultranest] [DEBUG] iteration=4663, ncalls=6521, regioncalls=247760, ndraw=40, logz=-275976.02, remainder_fraction=11.6084%, Lmin=-275965.75, Lmax=-275965.61
14:01:46 [ultranest] [DEBUG] iteration=4676, ncalls=6537, regioncalls=248400, ndraw=40, logz=-275976.01, remainder_fraction=11.2401%, Lmin=-275965.75, Lmax=-275965.61
14:01:47 [ultranest] [DEBUG] iteration=4680, ncalls=6543, regioncalls=248640, ndraw=40, logz=-275976.01, remainder_fraction=11.1274%, Lmin=-275965.75, Lmax=-275965.61
14:01:47 [ultranest] [DEBUG] iteration=4692, ncalls=6559, regioncalls=249280, ndraw=40, logz=-275976.01, remainder_fraction=10.7968%, Lmin=-275965.74, Lmax=-275965.61
14:01:47 [ultranest] [DEBUG] iteration=4698, ncalls=6566, regioncalls=249600, ndraw=40, logz=-275976.01, remainder_fraction=10.6317%, Lmin=-275965.74, Lmax=-275965.61
14:01:47 [ultranest] [DEBUG] iteration=4712, ncalls=6581, regioncalls=250200, ndraw=40, logz=-275976.00, remainder_fraction=10.2600%, Lmin=-275965.73, Lmax=-275965.61
14:01:47 [ultranest] [DEBUG] iteration=4720, ncalls=6594, regioncalls=250720, ndraw=40, logz=-275976.00, remainder_fraction=10.0533%, Lmin=-275965.73, Lmax=-275965.61
14:01:47 [ultranest] [DEBUG] iteration=4732, ncalls=6610, regioncalls=251360, ndraw=40, logz=-275976.00, remainder_fraction=9.7550%, Lmin=-275965.73, Lmax=-275965.61
14:01:47 [ultranest] [DEBUG] iteration=4742, ncalls=6627, regioncalls=252040, ndraw=40, logz=-275975.99, remainder_fraction=9.5137%, Lmin=-275965.72, Lmax=-275965.61
14:01:47 [ultranest] [DEBUG] iteration=4757, ncalls=6642, regioncalls=252640, ndraw=40, logz=-275975.99, remainder_fraction=9.1627%, Lmin=-275965.72, Lmax=-275965.61
14:01:47 [ultranest] [DEBUG] iteration=4760, ncalls=6645, regioncalls=252760, ndraw=40, logz=-275975.99, remainder_fraction=9.0952%, Lmin=-275965.72, Lmax=-275965.61
14:01:47 [ultranest] [DEBUG] iteration=4772, ncalls=6661, regioncalls=253400, ndraw=40, logz=-275975.99, remainder_fraction=8.8279%, Lmin=-275965.72, Lmax=-275965.61
14:01:47 [ultranest] [DEBUG] iteration=4783, ncalls=6674, regioncalls=253960, ndraw=40, logz=-275975.98, remainder_fraction=8.5856%, Lmin=-275965.71, Lmax=-275965.61
14:01:48 [ultranest] [DEBUG] iteration=4795, ncalls=6691, regioncalls=254640, ndraw=40, logz=-275975.98, remainder_fraction=8.3278%, Lmin=-275965.71, Lmax=-275965.61
14:01:48 [ultranest] [DEBUG] iteration=4800, ncalls=6697, regioncalls=254880, ndraw=40, logz=-275975.98, remainder_fraction=8.2223%, Lmin=-275965.71, Lmax=-275965.61
14:01:48 [ultranest] [DEBUG] iteration=4811, ncalls=6713, regioncalls=255520, ndraw=40, logz=-275975.98, remainder_fraction=7.9959%, Lmin=-275965.70, Lmax=-275965.61
14:01:48 [ultranest] [DEBUG] iteration=4825, ncalls=6728, regioncalls=256120, ndraw=40, logz=-275975.97, remainder_fraction=7.7158%, Lmin=-275965.70, Lmax=-275965.61
14:01:48 [ultranest] [DEBUG] iteration=4835, ncalls=6744, regioncalls=256760, ndraw=40, logz=-275975.97, remainder_fraction=7.5246%, Lmin=-275965.70, Lmax=-275965.61
14:01:48 [ultranest] [DEBUG] iteration=4840, ncalls=6752, regioncalls=257080, ndraw=40, logz=-275975.97, remainder_fraction=7.4296%, Lmin=-275965.70, Lmax=-275965.61
14:01:48 [ultranest] [DEBUG] iteration=4848, ncalls=6769, regioncalls=257760, ndraw=40, logz=-275975.97, remainder_fraction=7.2823%, Lmin=-275965.70, Lmax=-275965.61
14:01:48 [ultranest] [DEBUG] iteration=4861, ncalls=6785, regioncalls=258400, ndraw=40, logz=-275975.97, remainder_fraction=7.0445%, Lmin=-275965.69, Lmax=-275965.61
14:01:48 [ultranest] [DEBUG] iteration=4868, ncalls=6793, regioncalls=258760, ndraw=40, logz=-275975.97, remainder_fraction=6.9198%, Lmin=-275965.69, Lmax=-275965.61
14:01:48 [ultranest] [DEBUG] iteration=4880, ncalls=6807, regioncalls=259320, ndraw=40, logz=-275975.96, remainder_fraction=6.7093%, Lmin=-275965.69, Lmax=-275965.61
14:01:48 [ultranest] [DEBUG] iteration=4892, ncalls=6823, regioncalls=259960, ndraw=40, logz=-275975.96, remainder_fraction=6.5055%, Lmin=-275965.69, Lmax=-275965.61
14:01:48 [ultranest] [DEBUG] iteration=4905, ncalls=6840, regioncalls=260640, ndraw=40, logz=-275975.96, remainder_fraction=6.2930%, Lmin=-275965.69, Lmax=-275965.61
14:01:49 [ultranest] [DEBUG] iteration=4915, ncalls=6857, regioncalls=261320, ndraw=40, logz=-275975.96, remainder_fraction=6.1327%, Lmin=-275965.68, Lmax=-275965.61
14:01:49 [ultranest] [DEBUG] iteration=4920, ncalls=6864, regioncalls=261600, ndraw=40, logz=-275975.96, remainder_fraction=6.0546%, Lmin=-275965.68, Lmax=-275965.61
14:01:49 [ultranest] [DEBUG] iteration=4933, ncalls=6880, regioncalls=262240, ndraw=40, logz=-275975.95, remainder_fraction=5.8568%, Lmin=-275965.68, Lmax=-275965.61
14:01:49 [ultranest] [DEBUG] iteration=4945, ncalls=6896, regioncalls=262880, ndraw=40, logz=-275975.95, remainder_fraction=5.6789%, Lmin=-275965.68, Lmax=-275965.61
14:01:49 [ultranest] [DEBUG] iteration=4955, ncalls=6911, regioncalls=263480, ndraw=40, logz=-275975.95, remainder_fraction=5.5350%, Lmin=-275965.68, Lmax=-275965.61
14:01:49 [ultranest] [DEBUG] iteration=4960, ncalls=6916, regioncalls=263680, ndraw=40, logz=-275975.95, remainder_fraction=5.4639%, Lmin=-275965.68, Lmax=-275965.61
14:01:49 [ultranest] [DEBUG] iteration=4971, ncalls=6933, regioncalls=264360, ndraw=40, logz=-275975.95, remainder_fraction=5.3115%, Lmin=-275965.68, Lmax=-275965.61
14:01:49 [ultranest] [DEBUG] iteration=4981, ncalls=6949, regioncalls=265000, ndraw=40, logz=-275975.95, remainder_fraction=5.1768%, Lmin=-275965.67, Lmax=-275965.61
14:01:49 [ultranest] [DEBUG] iteration=4993, ncalls=6965, regioncalls=265640, ndraw=40, logz=-275975.95, remainder_fraction=5.0207%, Lmin=-275965.67, Lmax=-275965.61
14:01:49 [ultranest] [DEBUG] iteration=5000, ncalls=6974, regioncalls=266000, ndraw=40, logz=-275975.94, remainder_fraction=4.9318%, Lmin=-275965.67, Lmax=-275965.61
14:01:49 [ultranest] [DEBUG] iteration=5009, ncalls=6991, regioncalls=266680, ndraw=40, logz=-275975.94, remainder_fraction=4.8194%, Lmin=-275965.67, Lmax=-275965.61
14:01:50 [ultranest] [DEBUG] iteration=5023, ncalls=7006, regioncalls=267280, ndraw=40, logz=-275975.94, remainder_fraction=4.6488%, Lmin=-275965.67, Lmax=-275965.61
14:01:50 [ultranest] [DEBUG] iteration=5034, ncalls=7022, regioncalls=267920, ndraw=40, logz=-275975.94, remainder_fraction=4.5179%, Lmin=-275965.67, Lmax=-275965.61
14:01:50 [ultranest] [DEBUG] iteration=5038, ncalls=7027, regioncalls=268160, ndraw=40, logz=-275975.94, remainder_fraction=4.4716%, Lmin=-275965.67, Lmax=-275965.61
14:01:50 [ultranest] [DEBUG] iteration=5040, ncalls=7029, regioncalls=268240, ndraw=40, logz=-275975.94, remainder_fraction=4.4489%, Lmin=-275965.67, Lmax=-275965.61
14:01:50 [ultranest] [DEBUG] iteration=5052, ncalls=7045, regioncalls=269040, ndraw=40, logz=-275975.94, remainder_fraction=4.3124%, Lmin=-275965.67, Lmax=-275965.61
14:01:50 [ultranest] [DEBUG] iteration=5065, ncalls=7061, regioncalls=269680, ndraw=40, logz=-275975.94, remainder_fraction=4.1699%, Lmin=-275965.66, Lmax=-275965.61
14:01:50 [ultranest] [DEBUG] iteration=5077, ncalls=7076, regioncalls=270280, ndraw=40, logz=-275975.94, remainder_fraction=4.0422%, Lmin=-275965.66, Lmax=-275965.61
14:01:50 [ultranest] [DEBUG] iteration=5080, ncalls=7080, regioncalls=270440, ndraw=40, logz=-275975.94, remainder_fraction=4.0109%, Lmin=-275965.66, Lmax=-275965.61
14:01:50 [ultranest] [DEBUG] iteration=5093, ncalls=7095, regioncalls=271040, ndraw=40, logz=-275975.93, remainder_fraction=3.8782%, Lmin=-275965.66, Lmax=-275965.61
14:01:50 [ultranest] [DEBUG] iteration=5104, ncalls=7111, regioncalls=271680, ndraw=40, logz=-275975.93, remainder_fraction=3.7696%, Lmin=-275965.66, Lmax=-275965.61
14:01:50 [ultranest] [DEBUG] iteration=5114, ncalls=7127, regioncalls=272320, ndraw=40, logz=-275975.93, remainder_fraction=3.6730%, Lmin=-275965.66, Lmax=-275965.61
14:01:50 [ultranest] [DEBUG] iteration=5120, ncalls=7136, regioncalls=272680, ndraw=40, logz=-275975.93, remainder_fraction=3.6162%, Lmin=-275965.66, Lmax=-275965.61
14:01:51 [ultranest] [DEBUG] iteration=5130, ncalls=7150, regioncalls=273240, ndraw=40, logz=-275975.93, remainder_fraction=3.5233%, Lmin=-275965.65, Lmax=-275965.61
14:01:51 [ultranest] [DEBUG] iteration=5142, ncalls=7165, regioncalls=273840, ndraw=40, logz=-275975.93, remainder_fraction=3.4153%, Lmin=-275965.65, Lmax=-275965.61
14:01:51 [ultranest] [DEBUG] iteration=5155, ncalls=7181, regioncalls=274480, ndraw=40, logz=-275975.93, remainder_fraction=3.3023%, Lmin=-275965.65, Lmax=-275965.61
14:01:51 [ultranest] [DEBUG] iteration=5160, ncalls=7186, regioncalls=274680, ndraw=40, logz=-275975.93, remainder_fraction=3.2600%, Lmin=-275965.65, Lmax=-275965.61
14:01:51 [ultranest] [DEBUG] iteration=5171, ncalls=7202, regioncalls=275320, ndraw=40, logz=-275975.93, remainder_fraction=3.1687%, Lmin=-275965.65, Lmax=-275965.61
14:01:51 [ultranest] [DEBUG] iteration=5179, ncalls=7218, regioncalls=275960, ndraw=40, logz=-275975.93, remainder_fraction=3.1039%, Lmin=-275965.65, Lmax=-275965.61
14:01:51 [ultranest] [DEBUG] iteration=5193, ncalls=7233, regioncalls=276560, ndraw=40, logz=-275975.92, remainder_fraction=2.9924%, Lmin=-275965.65, Lmax=-275965.61
14:01:51 [ultranest] [DEBUG] iteration=5200, ncalls=7248, regioncalls=277160, ndraw=40, logz=-275975.92, remainder_fraction=2.9384%, Lmin=-275965.65, Lmax=-275965.61
14:01:51 [ultranest] [DEBUG] iteration=5208, ncalls=7256, regioncalls=277520, ndraw=40, logz=-275975.92, remainder_fraction=2.8777%, Lmin=-275965.65, Lmax=-275965.61
14:01:51 [ultranest] [DEBUG] iteration=5221, ncalls=7271, regioncalls=278120, ndraw=40, logz=-275975.92, remainder_fraction=2.7815%, Lmin=-275965.65, Lmax=-275965.61
14:01:51 [ultranest] [DEBUG] iteration=5234, ncalls=7289, regioncalls=278840, ndraw=40, logz=-275975.92, remainder_fraction=2.6888%, Lmin=-275965.65, Lmax=-275965.61
14:01:52 [ultranest] [DEBUG] iteration=5240, ncalls=7297, regioncalls=279160, ndraw=40, logz=-275975.92, remainder_fraction=2.6468%, Lmin=-275965.65, Lmax=-275965.61
14:01:52 [ultranest] [DEBUG] iteration=5253, ncalls=7312, regioncalls=279760, ndraw=40, logz=-275975.92, remainder_fraction=2.5579%, Lmin=-275965.64, Lmax=-275965.61
14:01:52 [ultranest] [DEBUG] iteration=5264, ncalls=7327, regioncalls=280360, ndraw=40, logz=-275975.92, remainder_fraction=2.4855%, Lmin=-275965.64, Lmax=-275965.61
14:01:52 [ultranest] [DEBUG] iteration=5276, ncalls=7344, regioncalls=281040, ndraw=40, logz=-275975.92, remainder_fraction=2.4086%, Lmin=-275965.64, Lmax=-275965.61
14:01:52 [ultranest] [DEBUG] iteration=5280, ncalls=7349, regioncalls=281240, ndraw=40, logz=-275975.92, remainder_fraction=2.3834%, Lmin=-275965.64, Lmax=-275965.61
14:01:52 [ultranest] [DEBUG] iteration=5293, ncalls=7363, regioncalls=281840, ndraw=40, logz=-275975.92, remainder_fraction=2.3039%, Lmin=-275965.64, Lmax=-275965.61
14:01:52 [ultranest] [DEBUG] iteration=5307, ncalls=7378, regioncalls=282600, ndraw=40, logz=-275975.92, remainder_fraction=2.2213%, Lmin=-275965.64, Lmax=-275965.61
14:01:52 [ultranest] [DEBUG] iteration=5318, ncalls=7394, regioncalls=283240, ndraw=40, logz=-275975.92, remainder_fraction=2.1581%, Lmin=-275965.64, Lmax=-275965.61
14:01:52 [ultranest] [DEBUG] iteration=5320, ncalls=7396, regioncalls=283320, ndraw=40, logz=-275975.92, remainder_fraction=2.1469%, Lmin=-275965.64, Lmax=-275965.61
14:01:52 [ultranest] [DEBUG] iteration=5334, ncalls=7412, regioncalls=283960, ndraw=40, logz=-275975.92, remainder_fraction=2.0695%, Lmin=-275965.64, Lmax=-275965.61
14:01:52 [ultranest] [DEBUG] iteration=5348, ncalls=7429, regioncalls=284640, ndraw=40, logz=-275975.91, remainder_fraction=1.9949%, Lmin=-275965.64, Lmax=-275965.61
14:01:53 [ultranest] [DEBUG] iteration=5358, ncalls=7445, regioncalls=285280, ndraw=40, logz=-275975.91, remainder_fraction=1.9433%, Lmin=-275965.64, Lmax=-275965.61
14:01:53 [ultranest] [DEBUG] iteration=5360, ncalls=7447, regioncalls=285360, ndraw=40, logz=-275975.91, remainder_fraction=1.9331%, Lmin=-275965.64, Lmax=-275965.61
14:01:53 [ultranest] [DEBUG] iteration=5370, ncalls=7463, regioncalls=286000, ndraw=40, logz=-275975.91, remainder_fraction=1.8832%, Lmin=-275965.64, Lmax=-275965.61
14:01:53 [ultranest] [DEBUG] iteration=5378, ncalls=7472, regioncalls=286400, ndraw=40, logz=-275975.91, remainder_fraction=1.8440%, Lmin=-275965.63, Lmax=-275965.61
14:01:53 [ultranest] [DEBUG] iteration=5392, ncalls=7488, regioncalls=287040, ndraw=40, logz=-275975.91, remainder_fraction=1.7775%, Lmin=-275965.63, Lmax=-275965.61
14:01:53 [ultranest] [DEBUG] iteration=5400, ncalls=7498, regioncalls=287440, ndraw=40, logz=-275975.91, remainder_fraction=1.7407%, Lmin=-275965.63, Lmax=-275965.61
14:01:53 [ultranest] [DEBUG] iteration=5410, ncalls=7514, regioncalls=288080, ndraw=40, logz=-275975.91, remainder_fraction=1.6957%, Lmin=-275965.63, Lmax=-275965.61
14:01:53 [ultranest] [DEBUG] iteration=5422, ncalls=7530, regioncalls=288720, ndraw=40, logz=-275975.91, remainder_fraction=1.6431%, Lmin=-275965.63, Lmax=-275965.61
14:01:53 [ultranest] [DEBUG] iteration=5435, ncalls=7546, regioncalls=289360, ndraw=40, logz=-275975.91, remainder_fraction=1.5880%, Lmin=-275965.63, Lmax=-275965.61
14:01:53 [ultranest] [DEBUG] iteration=5440, ncalls=7551, regioncalls=289560, ndraw=40, logz=-275975.91, remainder_fraction=1.5674%, Lmin=-275965.63, Lmax=-275965.61
14:01:53 [ultranest] [DEBUG] iteration=5452, ncalls=7567, regioncalls=290200, ndraw=40, logz=-275975.91, remainder_fraction=1.5187%, Lmin=-275965.63, Lmax=-275965.61
14:01:53 [ultranest] [DEBUG] iteration=5465, ncalls=7581, regioncalls=290760, ndraw=40, logz=-275975.91, remainder_fraction=1.4676%, Lmin=-275965.63, Lmax=-275965.61
14:01:54 [ultranest] [DEBUG] iteration=5479, ncalls=7597, regioncalls=291400, ndraw=40, logz=-275975.91, remainder_fraction=1.4146%, Lmin=-275965.63, Lmax=-275965.61
14:01:54 [ultranest] [DEBUG] iteration=5480, ncalls=7598, regioncalls=291440, ndraw=40, logz=-275975.91, remainder_fraction=1.4109%, Lmin=-275965.63, Lmax=-275965.61
14:01:54 [ultranest] [DEBUG] iteration=5492, ncalls=7614, regioncalls=292080, ndraw=40, logz=-275975.91, remainder_fraction=1.3670%, Lmin=-275965.63, Lmax=-275965.61
14:01:54 [ultranest] [DEBUG] iteration=5505, ncalls=7630, regioncalls=292720, ndraw=40, logz=-275975.91, remainder_fraction=1.3210%, Lmin=-275965.63, Lmax=-275965.61
14:01:54 [ultranest] [DEBUG] iteration=5514, ncalls=7646, regioncalls=293360, ndraw=40, logz=-275975.91, remainder_fraction=1.2900%, Lmin=-275965.63, Lmax=-275965.61
14:01:54 [ultranest] [DEBUG] iteration=5520, ncalls=7656, regioncalls=293760, ndraw=40, logz=-275975.91, remainder_fraction=1.2697%, Lmin=-275965.63, Lmax=-275965.61
14:01:54 [ultranest] [DEBUG] iteration=5533, ncalls=7672, regioncalls=294400, ndraw=40, logz=-275975.91, remainder_fraction=1.2271%, Lmin=-275965.63, Lmax=-275965.61
14:01:54 [ultranest] [DEBUG] iteration=5541, ncalls=7688, regioncalls=295040, ndraw=40, logz=-275975.91, remainder_fraction=1.2015%, Lmin=-275965.63, Lmax=-275965.61
14:01:54 [ultranest] [DEBUG] iteration=5548, ncalls=7700, regioncalls=295560, ndraw=40, logz=-275975.91, remainder_fraction=1.1795%, Lmin=-275965.63, Lmax=-275965.61
14:01:54 [ultranest] [DEBUG] iteration=5560, ncalls=7712, regioncalls=296040, ndraw=40, logz=-275975.91, remainder_fraction=1.1428%, Lmin=-275965.63, Lmax=-275965.61
14:01:54 [ultranest] [DEBUG] iteration=5574, ncalls=7728, regioncalls=296680, ndraw=40, logz=-275975.91, remainder_fraction=1.1015%, Lmin=-275965.63, Lmax=-275965.61
14:01:54 [ultranest] [DEBUG] iteration=5583, ncalls=7745, regioncalls=297360, ndraw=40, logz=-275975.91, remainder_fraction=1.0757%, Lmin=-275965.63, Lmax=-275965.61
14:01:55 [ultranest] [DEBUG] iteration=5591, ncalls=7761, regioncalls=298000, ndraw=40, logz=-275975.90, remainder_fraction=1.0533%, Lmin=-275965.63, Lmax=-275965.61
14:01:55 [ultranest] [DEBUG] iteration=5600, ncalls=7774, regioncalls=298520, ndraw=40, logz=-275975.90, remainder_fraction=1.0286%, Lmin=-275965.63, Lmax=-275965.61
14:01:55 [ultranest] [INFO] Explored until L=-3e+05  
14:01:55 [ultranest] [INFO] Likelihood function evaluations: 7787
14:01:56 [ultranest] [INFO] Writing samples and results to disk ...
14:01:56 [ultranest] [INFO] Writing samples and results to disk ... done
14:01:56 [ultranest] [DEBUG] did a run_iter pass!
14:01:56 [ultranest] [INFO]   logZ = -2.76e+05 +- 0.1258
14:01:56 [ultranest] [INFO] Effective samples strategy satisfied (ESS = 1535.8, need >400)
14:01:56 [ultranest] [INFO] Posterior uncertainty strategy is satisfied (KL: 0.46+-0.08 nat, need <0.50 nat)
14:01:56 [ultranest] [INFO] Evidency uncertainty strategy is satisfied (dlogz=0.13, need <0.5)
14:01:56 [ultranest] [INFO]   logZ error budget: single: 0.16 bs:0.13 tail:0.01 total:0.13 required:<0.50
14:01:56 [ultranest] [INFO] done iterating.
14:01:56 [ultranest] [DEBUG] Making corner plot ...
14:01:57 [ultranest] [DEBUG] Making corner plot ... done
14:01:57 [ultranest] [DEBUG] Making run plot ... 
14:01:57 [ultranest] [DEBUG] Making run plot ... done
14:01:57 [ultranest] [DEBUG] Making trace plot ... 
14:01:58 [ultranest] [DEBUG] Making trace plot ... done
