11:39:57 [ultranest] [DEBUG] ReactiveNestedSampler: dims=3+0, resume=False, log_dir=./m-values/N32/S24/M32/T029/P025/NF3/sample_rho, backend=hdf5, vectorized=False, nbootstraps=30, ndraw=128..65536
11:39:57 [ultranest] [INFO] Sampling 400 live points from prior ...
11:39:58 [ultranest] [DEBUG] run_iter dlogz=0.5, dKL=0.5, frac_remain=0.01, Lepsilon=0.0010, min_ess=400
11:39:58 [ultranest] [DEBUG] max_iters=-1, max_ncalls=-1, max_num_improvement_loops=-1, min_num_live_points=400, cluster_num_live_points=40
11:39:58 [ultranest] [DEBUG] minimal_widths_sequence: [(-inf, 400.0), (inf, 400.0)]
11:39:58 [ultranest] [DEBUG] Plateau detected at L=-1.473654e+07, not replacing live point.
11:39:58 [ultranest] [DEBUG] Plateau detected at L=-1.473654e+07, not replacing live point.
11:39:58 [ultranest] [DEBUG] Plateau detected at L=-1.473654e+07, not replacing live point.
11:39:58 [ultranest] [DEBUG] Plateau detected at L=-1.473654e+07, not replacing live point.
11:39:58 [ultranest] [DEBUG] Plateau detected at L=-1.473654e+07, not replacing live point.
11:39:58 [ultranest] [DEBUG] Plateau detected at L=-1.473654e+07, not replacing live point.
11:39:58 [ultranest] [DEBUG] Plateau detected at L=-1.473654e+07, not replacing live point.
11:39:58 [ultranest] [DEBUG] Plateau detected at L=-1.473654e+07, not replacing live point.
11:39:58 [ultranest] [DEBUG] Plateau detected at L=-1.473654e+07, not replacing live point.
11:39:58 [ultranest] [DEBUG] Plateau detected at L=-1.473654e+07, not replacing live point.
11:39:58 [ultranest] [DEBUG] Plateau detected at L=-1.473654e+07, not replacing live point.
11:39:58 [ultranest] [DEBUG] Plateau detected at L=-1.473654e+07, not replacing live point.
11:39:58 [ultranest] [DEBUG] Plateau detected at L=-1.473654e+07, not replacing live point.
11:39:58 [ultranest] [DEBUG] Plateau detected at L=-1.473654e+07, not replacing live point.
11:39:58 [ultranest] [DEBUG] Plateau detected at L=-1.473654e+07, not replacing live point.
11:39:58 [ultranest] [DEBUG] Plateau detected at L=-1.473654e+07, not replacing live point.
11:39:58 [ultranest] [DEBUG] Plateau detected at L=-1.473654e+07, not replacing live point.
11:39:58 [ultranest] [DEBUG] Plateau detected at L=-1.473654e+07, not replacing live point.
11:39:58 [ultranest] [DEBUG] Plateau detected at L=-1.473654e+07, not replacing live point.
11:39:58 [ultranest] [DEBUG] Plateau detected at L=-1.473654e+07, not replacing live point.
11:39:58 [ultranest] [DEBUG] Plateau detected at L=-1.473654e+07, not replacing live point.
11:39:58 [ultranest] [DEBUG] Plateau detected at L=-1.473654e+07, not replacing live point.
11:39:58 [ultranest] [DEBUG] Plateau detected at L=-1.473654e+07, not replacing live point.
11:39:58 [ultranest] [DEBUG] Plateau detected at L=-1.473654e+07, not replacing live point.
11:39:58 [ultranest] [DEBUG] Plateau detected at L=-1.473654e+07, not replacing live point.
11:39:58 [ultranest] [DEBUG] Plateau detected at L=-1.473654e+07, not replacing live point.
11:39:58 [ultranest] [DEBUG] Plateau detected at L=-1.473654e+07, not replacing live point.
11:39:58 [ultranest] [DEBUG] Plateau detected at L=-1.473654e+07, not replacing live point.
11:39:58 [ultranest] [DEBUG] Plateau detected at L=-1.473654e+07, not replacing live point.
11:39:58 [ultranest] [DEBUG] Plateau detected at L=-1.473654e+07, not replacing live point.
11:39:58 [ultranest] [DEBUG] Plateau detected at L=-1.473654e+07, not replacing live point.
11:39:58 [ultranest] [DEBUG] Plateau detected at L=-1.473654e+07, not replacing live point.
11:39:58 [ultranest] [DEBUG] Plateau detected at L=-1.473654e+07, not replacing live point.
11:39:58 [ultranest] [DEBUG] Plateau detected at L=-1.473654e+07, not replacing live point.
11:39:58 [ultranest] [DEBUG] Plateau detected at L=-1.473654e+07, not replacing live point.
11:39:58 [ultranest] [DEBUG] Plateau detected at L=-1.473654e+07, not replacing live point.
11:39:58 [ultranest] [DEBUG] Plateau detected at L=-1.473654e+07, not replacing live point.
11:39:58 [ultranest] [DEBUG] Plateau detected at L=-1.473654e+07, not replacing live point.
11:39:58 [ultranest] [DEBUG] Plateau detected at L=-1.473654e+07, not replacing live point.
11:39:58 [ultranest] [DEBUG] Plateau detected at L=-1.473654e+07, not replacing live point.
11:39:58 [ultranest] [DEBUG] Plateau detected at L=-1.473654e+07, not replacing live point.
11:39:58 [ultranest] [DEBUG] Plateau detected at L=-1.473654e+07, not replacing live point.
11:39:58 [ultranest] [DEBUG] Plateau detected at L=-1.473654e+07, not replacing live point.
11:39:58 [ultranest] [DEBUG] Plateau detected at L=-1.473654e+07, not replacing live point.
11:39:58 [ultranest] [DEBUG] Plateau detected at L=-1.473654e+07, not replacing live point.
11:39:58 [ultranest] [DEBUG] iteration=45, ncalls=403, regioncalls=120, ndraw=40, logz=-14736546.78, remainder_fraction=100.0000%, Lmin=-14736544.60, Lmax=-113276.12
11:39:58 [ultranest] [DEBUG] iteration=66, ncalls=427, regioncalls=1080, ndraw=40, logz=-139682.70, remainder_fraction=100.0000%, Lmin=-139467.83, Lmax=-113276.12
11:39:58 [ultranest] [DEBUG] iteration=80, ncalls=442, regioncalls=1680, ndraw=40, logz=-138120.67, remainder_fraction=100.0000%, Lmin=-138075.46, Lmax=-113276.12
11:39:58 [ultranest] [DEBUG] iteration=98, ncalls=468, regioncalls=2720, ndraw=40, logz=-135535.89, remainder_fraction=100.0000%, Lmin=-135453.43, Lmax=-113276.12
11:39:59 [ultranest] [DEBUG] iteration=119, ncalls=493, regioncalls=3720, ndraw=40, logz=-132886.54, remainder_fraction=100.0000%, Lmin=-132821.88, Lmax=-113276.12
11:39:59 [ultranest] [DEBUG] iteration=120, ncalls=494, regioncalls=3760, ndraw=40, logz=-132828.08, remainder_fraction=100.0000%, Lmin=-132598.86, Lmax=-113276.12
11:39:59 [ultranest] [DEBUG] iteration=125, ncalls=500, regioncalls=4000, ndraw=40, logz=-132141.70, remainder_fraction=100.0000%, Lmin=-131898.38, Lmax=-113276.12
11:39:59 [ultranest] [DEBUG] iteration=145, ncalls=524, regioncalls=4960, ndraw=40, logz=-130529.82, remainder_fraction=100.0000%, Lmin=-130492.46, Lmax=-113276.12
11:39:59 [ultranest] [DEBUG] iteration=160, ncalls=545, regioncalls=5800, ndraw=40, logz=-129705.30, remainder_fraction=100.0000%, Lmin=-129667.53, Lmax=-113276.12
11:39:59 [ultranest] [DEBUG] iteration=180, ncalls=571, regioncalls=6840, ndraw=40, logz=-128653.71, remainder_fraction=100.0000%, Lmin=-128585.23, Lmax=-113276.12
11:39:59 [ultranest] [DEBUG] iteration=196, ncalls=596, regioncalls=7840, ndraw=40, logz=-127603.65, remainder_fraction=100.0000%, Lmin=-127568.28, Lmax=-113276.12
11:39:59 [ultranest] [DEBUG] iteration=200, ncalls=603, regioncalls=8120, ndraw=40, logz=-127522.93, remainder_fraction=100.0000%, Lmin=-127351.50, Lmax=-113276.12
11:39:59 [ultranest] [DEBUG] iteration=205, ncalls=608, regioncalls=8320, ndraw=40, logz=-127280.73, remainder_fraction=100.0000%, Lmin=-127246.24, Lmax=-113276.12
11:39:59 [ultranest] [DEBUG] iteration=220, ncalls=633, regioncalls=9320, ndraw=40, logz=-126433.26, remainder_fraction=100.0000%, Lmin=-126380.53, Lmax=-113272.31
11:39:59 [ultranest] [DEBUG] iteration=235, ncalls=658, regioncalls=10320, ndraw=40, logz=-125851.64, remainder_fraction=100.0000%, Lmin=-125844.27, Lmax=-113272.31
11:39:59 [ultranest] [DEBUG] iteration=240, ncalls=665, regioncalls=10600, ndraw=40, logz=-125791.27, remainder_fraction=100.0000%, Lmin=-125779.15, Lmax=-113272.31
11:39:59 [ultranest] [DEBUG] iteration=259, ncalls=689, regioncalls=11560, ndraw=40, logz=-125228.47, remainder_fraction=100.0000%, Lmin=-125188.31, Lmax=-113164.62
11:40:00 [ultranest] [DEBUG] iteration=278, ncalls=713, regioncalls=12520, ndraw=40, logz=-124491.11, remainder_fraction=100.0000%, Lmin=-124481.72, Lmax=-113164.62
11:40:00 [ultranest] [DEBUG] iteration=280, ncalls=715, regioncalls=12600, ndraw=40, logz=-124484.18, remainder_fraction=100.0000%, Lmin=-124476.42, Lmax=-113164.62
11:40:00 [ultranest] [DEBUG] iteration=285, ncalls=726, regioncalls=13040, ndraw=40, logz=-124362.57, remainder_fraction=100.0000%, Lmin=-124308.99, Lmax=-113164.62
11:40:00 [ultranest] [DEBUG] iteration=304, ncalls=750, regioncalls=14000, ndraw=40, logz=-123646.16, remainder_fraction=100.0000%, Lmin=-123595.62, Lmax=-113164.62
11:40:00 [ultranest] [DEBUG] iteration=320, ncalls=773, regioncalls=14920, ndraw=40, logz=-123158.13, remainder_fraction=100.0000%, Lmin=-123105.93, Lmax=-113164.62
11:40:00 [ultranest] [DEBUG] iteration=337, ncalls=798, regioncalls=15920, ndraw=40, logz=-122632.96, remainder_fraction=100.0000%, Lmin=-122622.86, Lmax=-113164.62
11:40:00 [ultranest] [DEBUG] iteration=354, ncalls=823, regioncalls=16920, ndraw=40, logz=-122179.45, remainder_fraction=100.0000%, Lmin=-122153.85, Lmax=-113164.62
11:40:00 [ultranest] [DEBUG] iteration=360, ncalls=830, regioncalls=17200, ndraw=40, logz=-122081.35, remainder_fraction=100.0000%, Lmin=-122060.67, Lmax=-113164.62
11:40:00 [ultranest] [DEBUG] iteration=365, ncalls=836, regioncalls=17440, ndraw=40, logz=-121934.13, remainder_fraction=100.0000%, Lmin=-121926.43, Lmax=-113164.62
11:40:00 [ultranest] [DEBUG] iteration=380, ncalls=861, regioncalls=18440, ndraw=40, logz=-121568.57, remainder_fraction=100.0000%, Lmin=-121542.46, Lmax=-113164.62
11:40:00 [ultranest] [DEBUG] iteration=397, ncalls=886, regioncalls=19440, ndraw=40, logz=-121152.15, remainder_fraction=100.0000%, Lmin=-121091.11, Lmax=-113164.62
11:40:00 [ultranest] [DEBUG] iteration=400, ncalls=893, regioncalls=19720, ndraw=40, logz=-121067.60, remainder_fraction=100.0000%, Lmin=-121056.82, Lmax=-113164.62
11:40:00 [ultranest] [DEBUG] iteration=415, ncalls=918, regioncalls=20720, ndraw=40, logz=-120825.50, remainder_fraction=100.0000%, Lmin=-120810.81, Lmax=-113164.62
11:40:00 [ultranest] [DEBUG] iteration=431, ncalls=945, regioncalls=21800, ndraw=40, logz=-120581.85, remainder_fraction=100.0000%, Lmin=-120556.26, Lmax=-113164.62
11:40:01 [ultranest] [DEBUG] iteration=440, ncalls=961, regioncalls=22440, ndraw=40, logz=-120394.52, remainder_fraction=100.0000%, Lmin=-120351.01, Lmax=-113164.62
11:40:01 [ultranest] [DEBUG] iteration=445, ncalls=972, regioncalls=22880, ndraw=40, logz=-120315.62, remainder_fraction=100.0000%, Lmin=-120282.15, Lmax=-113164.62
11:40:01 [ultranest] [DEBUG] iteration=461, ncalls=997, regioncalls=23880, ndraw=40, logz=-120074.47, remainder_fraction=100.0000%, Lmin=-120061.57, Lmax=-113164.62
11:40:01 [ultranest] [DEBUG] iteration=475, ncalls=1023, regioncalls=24920, ndraw=40, logz=-119876.35, remainder_fraction=100.0000%, Lmin=-119868.70, Lmax=-113164.62
11:40:01 [ultranest] [DEBUG] iteration=480, ncalls=1031, regioncalls=25240, ndraw=40, logz=-119804.41, remainder_fraction=100.0000%, Lmin=-119742.54, Lmax=-113164.62
11:40:01 [ultranest] [DEBUG] iteration=498, ncalls=1056, regioncalls=26240, ndraw=40, logz=-119448.61, remainder_fraction=100.0000%, Lmin=-119438.25, Lmax=-113164.62
11:40:01 [ultranest] [DEBUG] iteration=509, ncalls=1083, regioncalls=27320, ndraw=40, logz=-119261.97, remainder_fraction=100.0000%, Lmin=-119249.56, Lmax=-113164.62
11:40:01 [ultranest] [DEBUG] iteration=520, ncalls=1107, regioncalls=28280, ndraw=40, logz=-119091.39, remainder_fraction=100.0000%, Lmin=-119080.01, Lmax=-113164.62
11:40:01 [ultranest] [DEBUG] iteration=532, ncalls=1131, regioncalls=29240, ndraw=40, logz=-118953.56, remainder_fraction=100.0000%, Lmin=-118934.20, Lmax=-113164.62
11:40:01 [ultranest] [DEBUG] iteration=545, ncalls=1162, regioncalls=30480, ndraw=40, logz=-118735.83, remainder_fraction=100.0000%, Lmin=-118711.20, Lmax=-113164.62
11:40:01 [ultranest] [DEBUG] iteration=559, ncalls=1189, regioncalls=31560, ndraw=40, logz=-118544.14, remainder_fraction=100.0000%, Lmin=-118530.46, Lmax=-113164.62
11:40:01 [ultranest] [DEBUG] iteration=560, ncalls=1194, regioncalls=31760, ndraw=40, logz=-118537.90, remainder_fraction=100.0000%, Lmin=-118524.52, Lmax=-113164.62
11:40:02 [ultranest] [DEBUG] iteration=573, ncalls=1221, regioncalls=32840, ndraw=40, logz=-118372.39, remainder_fraction=100.0000%, Lmin=-118360.49, Lmax=-113164.62
11:40:02 [ultranest] [DEBUG] iteration=589, ncalls=1248, regioncalls=33920, ndraw=40, logz=-118152.96, remainder_fraction=100.0000%, Lmin=-118138.46, Lmax=-113164.62
11:40:02 [ultranest] [DEBUG] iteration=600, ncalls=1273, regioncalls=34920, ndraw=40, logz=-118049.74, remainder_fraction=100.0000%, Lmin=-118028.55, Lmax=-113164.62
11:40:02 [ultranest] [DEBUG] iteration=605, ncalls=1281, regioncalls=35240, ndraw=40, logz=-117990.64, remainder_fraction=100.0000%, Lmin=-117964.33, Lmax=-113164.62
11:40:02 [ultranest] [DEBUG] iteration=619, ncalls=1306, regioncalls=36240, ndraw=40, logz=-117735.19, remainder_fraction=100.0000%, Lmin=-117720.24, Lmax=-113164.62
11:40:02 [ultranest] [DEBUG] iteration=629, ncalls=1333, regioncalls=37320, ndraw=40, logz=-117626.41, remainder_fraction=100.0000%, Lmin=-117599.92, Lmax=-113164.62
11:40:02 [ultranest] [DEBUG] iteration=640, ncalls=1350, regioncalls=38000, ndraw=40, logz=-117573.29, remainder_fraction=100.0000%, Lmin=-117562.09, Lmax=-113164.62
11:40:02 [ultranest] [DEBUG] iteration=653, ncalls=1376, regioncalls=39040, ndraw=40, logz=-117492.12, remainder_fraction=100.0000%, Lmin=-117481.01, Lmax=-113164.62
11:40:02 [ultranest] [DEBUG] iteration=664, ncalls=1403, regioncalls=40120, ndraw=40, logz=-117413.77, remainder_fraction=100.0000%, Lmin=-117405.15, Lmax=-113164.62
11:40:02 [ultranest] [DEBUG] iteration=679, ncalls=1431, regioncalls=41240, ndraw=40, logz=-117316.61, remainder_fraction=100.0000%, Lmin=-117303.39, Lmax=-113164.62
11:40:02 [ultranest] [DEBUG] iteration=680, ncalls=1432, regioncalls=41280, ndraw=40, logz=-117311.17, remainder_fraction=100.0000%, Lmin=-117291.84, Lmax=-113164.62
11:40:02 [ultranest] [DEBUG] iteration=685, ncalls=1442, regioncalls=41680, ndraw=40, logz=-117283.11, remainder_fraction=100.0000%, Lmin=-117267.09, Lmax=-113164.62
11:40:03 [ultranest] [DEBUG] iteration=701, ncalls=1467, regioncalls=42680, ndraw=40, logz=-117171.19, remainder_fraction=100.0000%, Lmin=-117149.31, Lmax=-113164.62
11:40:03 [ultranest] [DEBUG] iteration=714, ncalls=1501, regioncalls=44040, ndraw=40, logz=-117088.13, remainder_fraction=100.0000%, Lmin=-117048.43, Lmax=-113164.62
11:40:03 [ultranest] [DEBUG] iteration=720, ncalls=1512, regioncalls=44480, ndraw=40, logz=-117004.99, remainder_fraction=100.0000%, Lmin=-116987.85, Lmax=-113164.62
11:40:03 [ultranest] [DEBUG] iteration=736, ncalls=1537, regioncalls=45480, ndraw=40, logz=-116902.42, remainder_fraction=100.0000%, Lmin=-116891.38, Lmax=-113164.62
11:40:03 [ultranest] [DEBUG] iteration=750, ncalls=1564, regioncalls=46560, ndraw=40, logz=-116794.11, remainder_fraction=100.0000%, Lmin=-116778.35, Lmax=-113164.62
11:40:03 [ultranest] [DEBUG] iteration=760, ncalls=1580, regioncalls=47200, ndraw=40, logz=-116732.18, remainder_fraction=100.0000%, Lmin=-116721.99, Lmax=-113164.62
11:40:03 [ultranest] [DEBUG] iteration=765, ncalls=1588, regioncalls=47520, ndraw=40, logz=-116700.11, remainder_fraction=100.0000%, Lmin=-116675.26, Lmax=-113164.62
11:40:03 [ultranest] [DEBUG] iteration=779, ncalls=1614, regioncalls=48560, ndraw=40, logz=-116585.13, remainder_fraction=100.0000%, Lmin=-116568.53, Lmax=-113164.62
11:40:03 [ultranest] [DEBUG] iteration=789, ncalls=1640, regioncalls=49600, ndraw=40, logz=-116508.27, remainder_fraction=100.0000%, Lmin=-116496.34, Lmax=-113164.62
11:40:03 [ultranest] [DEBUG] iteration=797, ncalls=1668, regioncalls=50720, ndraw=40, logz=-116425.47, remainder_fraction=100.0000%, Lmin=-116413.74, Lmax=-113164.62
11:40:03 [ultranest] [DEBUG] iteration=800, ncalls=1671, regioncalls=50840, ndraw=40, logz=-116419.31, remainder_fraction=100.0000%, Lmin=-116407.53, Lmax=-113164.62
11:40:03 [ultranest] [DEBUG] iteration=815, ncalls=1696, regioncalls=51840, ndraw=40, logz=-116368.97, remainder_fraction=100.0000%, Lmin=-116356.26, Lmax=-113121.15
11:40:04 [ultranest] [DEBUG] iteration=827, ncalls=1724, regioncalls=52960, ndraw=40, logz=-116278.69, remainder_fraction=100.0000%, Lmin=-116259.93, Lmax=-113121.15
11:40:04 [ultranest] [DEBUG] iteration=840, ncalls=1749, regioncalls=53960, ndraw=40, logz=-116145.38, remainder_fraction=100.0000%, Lmin=-116124.42, Lmax=-113121.15
11:40:04 [ultranest] [DEBUG] iteration=845, ncalls=1760, regioncalls=54400, ndraw=40, logz=-116117.58, remainder_fraction=100.0000%, Lmin=-116102.93, Lmax=-113121.15
11:40:04 [ultranest] [DEBUG] iteration=860, ncalls=1785, regioncalls=55400, ndraw=40, logz=-116079.89, remainder_fraction=100.0000%, Lmin=-116067.93, Lmax=-113121.15
11:40:04 [ultranest] [DEBUG] iteration=873, ncalls=1811, regioncalls=56440, ndraw=40, logz=-116014.59, remainder_fraction=100.0000%, Lmin=-115988.25, Lmax=-113121.15
11:40:04 [ultranest] [DEBUG] iteration=880, ncalls=1828, regioncalls=57120, ndraw=40, logz=-115958.76, remainder_fraction=100.0000%, Lmin=-115948.38, Lmax=-113121.15
11:40:04 [ultranest] [DEBUG] iteration=898, ncalls=1854, regioncalls=58160, ndraw=40, logz=-115833.84, remainder_fraction=100.0000%, Lmin=-115824.80, Lmax=-113121.15
11:40:04 [ultranest] [DEBUG] iteration=914, ncalls=1880, regioncalls=59240, ndraw=40, logz=-115771.89, remainder_fraction=100.0000%, Lmin=-115757.25, Lmax=-113121.15
11:40:04 [ultranest] [DEBUG] iteration=920, ncalls=1888, regioncalls=59560, ndraw=40, logz=-115744.60, remainder_fraction=100.0000%, Lmin=-115734.41, Lmax=-113121.15
11:40:04 [ultranest] [DEBUG] iteration=933, ncalls=1912, regioncalls=60520, ndraw=40, logz=-115665.69, remainder_fraction=100.0000%, Lmin=-115656.92, Lmax=-113121.15
11:40:04 [ultranest] [DEBUG] iteration=947, ncalls=1938, regioncalls=61560, ndraw=40, logz=-115590.09, remainder_fraction=100.0000%, Lmin=-115577.93, Lmax=-113121.15
11:40:05 [ultranest] [DEBUG] iteration=960, ncalls=1959, regioncalls=62400, ndraw=40, logz=-115515.47, remainder_fraction=100.0000%, Lmin=-115505.41, Lmax=-113112.16
11:40:05 [ultranest] [DEBUG] iteration=974, ncalls=1984, regioncalls=63400, ndraw=40, logz=-115451.50, remainder_fraction=100.0000%, Lmin=-115440.96, Lmax=-113112.16
11:40:05 [ultranest] [DEBUG] iteration=988, ncalls=2009, regioncalls=64400, ndraw=40, logz=-115395.83, remainder_fraction=100.0000%, Lmin=-115373.68, Lmax=-113112.16
11:40:05 [ultranest] [DEBUG] iteration=1000, ncalls=2029, regioncalls=65200, ndraw=40, logz=-115332.74, remainder_fraction=100.0000%, Lmin=-115316.05, Lmax=-113112.16
11:40:05 [ultranest] [DEBUG] iteration=1005, ncalls=2035, regioncalls=65440, ndraw=40, logz=-115302.34, remainder_fraction=100.0000%, Lmin=-115288.79, Lmax=-113112.16
11:40:05 [ultranest] [DEBUG] iteration=1022, ncalls=2060, regioncalls=66440, ndraw=40, logz=-115247.69, remainder_fraction=100.0000%, Lmin=-115235.28, Lmax=-113112.16
11:40:05 [ultranest] [DEBUG] iteration=1037, ncalls=2086, regioncalls=67520, ndraw=40, logz=-115207.36, remainder_fraction=100.0000%, Lmin=-115194.93, Lmax=-113112.16
11:40:05 [ultranest] [DEBUG] iteration=1040, ncalls=2090, regioncalls=67680, ndraw=40, logz=-115200.45, remainder_fraction=100.0000%, Lmin=-115184.43, Lmax=-113112.16
11:40:05 [ultranest] [DEBUG] iteration=1056, ncalls=2115, regioncalls=68680, ndraw=40, logz=-115136.78, remainder_fraction=100.0000%, Lmin=-115123.70, Lmax=-113112.16
11:40:05 [ultranest] [DEBUG] iteration=1073, ncalls=2143, regioncalls=69800, ndraw=40, logz=-115090.46, remainder_fraction=100.0000%, Lmin=-115076.63, Lmax=-113112.16
11:40:05 [ultranest] [DEBUG] iteration=1080, ncalls=2160, regioncalls=70480, ndraw=40, logz=-115064.02, remainder_fraction=100.0000%, Lmin=-115055.04, Lmax=-113112.16
11:40:05 [ultranest] [DEBUG] iteration=1093, ncalls=2183, regioncalls=71400, ndraw=40, logz=-115019.05, remainder_fraction=100.0000%, Lmin=-115007.51, Lmax=-113112.16
11:40:06 [ultranest] [DEBUG] iteration=1107, ncalls=2209, regioncalls=72440, ndraw=40, logz=-114932.19, remainder_fraction=100.0000%, Lmin=-114921.74, Lmax=-113112.16
11:40:06 [ultranest] [DEBUG] iteration=1120, ncalls=2225, regioncalls=73080, ndraw=40, logz=-114894.08, remainder_fraction=100.0000%, Lmin=-114883.23, Lmax=-113112.16
11:40:06 [ultranest] [DEBUG] iteration=1130, ncalls=2254, regioncalls=74240, ndraw=40, logz=-114850.45, remainder_fraction=100.0000%, Lmin=-114837.01, Lmax=-113096.29
11:40:06 [ultranest] [DEBUG] iteration=1143, ncalls=2285, regioncalls=75480, ndraw=40, logz=-114794.78, remainder_fraction=100.0000%, Lmin=-114784.12, Lmax=-113096.29
11:40:06 [ultranest] [DEBUG] iteration=1160, ncalls=2310, regioncalls=76480, ndraw=40, logz=-114752.37, remainder_fraction=100.0000%, Lmin=-114739.99, Lmax=-113096.29
11:40:06 [ultranest] [DEBUG] iteration=1165, ncalls=2315, regioncalls=76680, ndraw=40, logz=-114730.06, remainder_fraction=100.0000%, Lmin=-114720.27, Lmax=-113096.29
11:40:06 [ultranest] [DEBUG] iteration=1175, ncalls=2341, regioncalls=77760, ndraw=40, logz=-114691.86, remainder_fraction=100.0000%, Lmin=-114680.30, Lmax=-113096.29
11:40:06 [ultranest] [DEBUG] iteration=1190, ncalls=2366, regioncalls=78760, ndraw=40, logz=-114636.00, remainder_fraction=100.0000%, Lmin=-114626.76, Lmax=-113096.29
11:40:06 [ultranest] [DEBUG] iteration=1200, ncalls=2389, regioncalls=79720, ndraw=40, logz=-114603.50, remainder_fraction=100.0000%, Lmin=-114589.91, Lmax=-113096.29
11:40:06 [ultranest] [DEBUG] iteration=1212, ncalls=2417, regioncalls=80840, ndraw=40, logz=-114563.65, remainder_fraction=100.0000%, Lmin=-114554.00, Lmax=-113096.29
11:40:07 [ultranest] [DEBUG] iteration=1225, ncalls=2445, regioncalls=81960, ndraw=40, logz=-114529.44, remainder_fraction=100.0000%, Lmin=-114519.24, Lmax=-113096.29
11:40:07 [ultranest] [DEBUG] iteration=1236, ncalls=2473, regioncalls=83080, ndraw=40, logz=-114502.39, remainder_fraction=100.0000%, Lmin=-114479.96, Lmax=-113096.29
11:40:07 [ultranest] [DEBUG] iteration=1240, ncalls=2479, regioncalls=83320, ndraw=40, logz=-114483.26, remainder_fraction=100.0000%, Lmin=-114473.09, Lmax=-113096.29
11:40:07 [ultranest] [DEBUG] iteration=1251, ncalls=2503, regioncalls=84280, ndraw=40, logz=-114441.56, remainder_fraction=100.0000%, Lmin=-114430.76, Lmax=-113096.29
11:40:07 [ultranest] [DEBUG] iteration=1259, ncalls=2535, regioncalls=85560, ndraw=40, logz=-114434.16, remainder_fraction=100.0000%, Lmin=-114423.51, Lmax=-113096.29
11:40:07 [ultranest] [DEBUG] iteration=1271, ncalls=2565, regioncalls=86760, ndraw=40, logz=-114381.94, remainder_fraction=100.0000%, Lmin=-114371.57, Lmax=-113096.29
11:40:07 [ultranest] [DEBUG] iteration=1280, ncalls=2578, regioncalls=87280, ndraw=40, logz=-114365.55, remainder_fraction=100.0000%, Lmin=-114352.70, Lmax=-113096.29
11:40:07 [ultranest] [DEBUG] iteration=1292, ncalls=2604, regioncalls=88320, ndraw=40, logz=-114347.62, remainder_fraction=100.0000%, Lmin=-114336.05, Lmax=-113096.29
11:40:07 [ultranest] [DEBUG] iteration=1300, ncalls=2631, regioncalls=89400, ndraw=40, logz=-114333.44, remainder_fraction=100.0000%, Lmin=-114323.17, Lmax=-113096.29
11:40:07 [ultranest] [DEBUG] iteration=1309, ncalls=2658, regioncalls=90480, ndraw=40, logz=-114303.43, remainder_fraction=100.0000%, Lmin=-114293.32, Lmax=-113096.29
11:40:07 [ultranest] [DEBUG] iteration=1320, ncalls=2679, regioncalls=91320, ndraw=40, logz=-114270.02, remainder_fraction=100.0000%, Lmin=-114259.79, Lmax=-113096.29
11:40:07 [ultranest] [DEBUG] iteration=1325, ncalls=2688, regioncalls=91680, ndraw=40, logz=-114251.54, remainder_fraction=100.0000%, Lmin=-114240.65, Lmax=-113096.29
11:40:08 [ultranest] [DEBUG] iteration=1342, ncalls=2713, regioncalls=92760, ndraw=40, logz=-114199.19, remainder_fraction=100.0000%, Lmin=-114189.82, Lmax=-113095.58
11:40:08 [ultranest] [DEBUG] iteration=1356, ncalls=2738, regioncalls=93760, ndraw=40, logz=-114169.68, remainder_fraction=100.0000%, Lmin=-114157.33, Lmax=-113095.58
11:40:08 [ultranest] [DEBUG] iteration=1360, ncalls=2750, regioncalls=94240, ndraw=40, logz=-114161.91, remainder_fraction=100.0000%, Lmin=-114151.51, Lmax=-113095.58
11:40:08 [ultranest] [DEBUG] iteration=1377, ncalls=2775, regioncalls=95240, ndraw=40, logz=-114123.35, remainder_fraction=100.0000%, Lmin=-114112.98, Lmax=-113095.58
11:40:08 [ultranest] [DEBUG] iteration=1394, ncalls=2800, regioncalls=96240, ndraw=40, logz=-114098.14, remainder_fraction=100.0000%, Lmin=-114087.91, Lmax=-113095.58
11:40:08 [ultranest] [DEBUG] iteration=1400, ncalls=2816, regioncalls=96880, ndraw=40, logz=-114090.79, remainder_fraction=100.0000%, Lmin=-114080.56, Lmax=-113095.58
11:40:08 [ultranest] [DEBUG] iteration=1414, ncalls=2844, regioncalls=98000, ndraw=40, logz=-114065.81, remainder_fraction=100.0000%, Lmin=-114052.61, Lmax=-113095.58
11:40:08 [ultranest] [DEBUG] iteration=1424, ncalls=2870, regioncalls=99040, ndraw=40, logz=-114046.72, remainder_fraction=100.0000%, Lmin=-114033.68, Lmax=-113095.58
11:40:08 [ultranest] [DEBUG] iteration=1436, ncalls=2896, regioncalls=100080, ndraw=40, logz=-114027.02, remainder_fraction=100.0000%, Lmin=-114016.87, Lmax=-113095.58
11:40:08 [ultranest] [DEBUG] iteration=1440, ncalls=2900, regioncalls=100240, ndraw=40, logz=-114019.18, remainder_fraction=100.0000%, Lmin=-114006.18, Lmax=-113095.58
11:40:08 [ultranest] [DEBUG] iteration=1454, ncalls=2926, regioncalls=101280, ndraw=40, logz=-113994.78, remainder_fraction=100.0000%, Lmin=-113984.92, Lmax=-113095.58
11:40:09 [ultranest] [DEBUG] iteration=1468, ncalls=2951, regioncalls=102280, ndraw=40, logz=-113969.14, remainder_fraction=100.0000%, Lmin=-113956.63, Lmax=-113095.58
11:40:09 [ultranest] [DEBUG] iteration=1480, ncalls=2974, regioncalls=103200, ndraw=40, logz=-113947.90, remainder_fraction=100.0000%, Lmin=-113933.42, Lmax=-113095.58
11:40:09 [ultranest] [DEBUG] iteration=1485, ncalls=2981, regioncalls=103480, ndraw=40, logz=-113940.11, remainder_fraction=100.0000%, Lmin=-113929.51, Lmax=-113095.58
11:40:09 [ultranest] [DEBUG] iteration=1499, ncalls=3006, regioncalls=104520, ndraw=40, logz=-113921.47, remainder_fraction=100.0000%, Lmin=-113911.21, Lmax=-113095.58
11:40:09 [ultranest] [DEBUG] iteration=1516, ncalls=3030, regioncalls=105520, ndraw=40, logz=-113900.75, remainder_fraction=100.0000%, Lmin=-113889.66, Lmax=-113095.58
11:40:09 [ultranest] [DEBUG] iteration=1520, ncalls=3037, regioncalls=105800, ndraw=40, logz=-113890.90, remainder_fraction=100.0000%, Lmin=-113880.28, Lmax=-113095.58
11:40:09 [ultranest] [DEBUG] iteration=1537, ncalls=3063, regioncalls=106840, ndraw=40, logz=-113857.44, remainder_fraction=100.0000%, Lmin=-113846.74, Lmax=-113095.58
11:40:09 [ultranest] [DEBUG] iteration=1553, ncalls=3088, regioncalls=107840, ndraw=40, logz=-113820.50, remainder_fraction=100.0000%, Lmin=-113807.05, Lmax=-113095.58
11:40:09 [ultranest] [DEBUG] iteration=1560, ncalls=3101, regioncalls=108360, ndraw=40, logz=-113813.24, remainder_fraction=100.0000%, Lmin=-113803.98, Lmax=-113095.58
11:40:09 [ultranest] [DEBUG] iteration=1565, ncalls=3109, regioncalls=108680, ndraw=40, logz=-113805.93, remainder_fraction=100.0000%, Lmin=-113791.72, Lmax=-113095.58
11:40:09 [ultranest] [DEBUG] iteration=1583, ncalls=3134, regioncalls=109720, ndraw=40, logz=-113779.55, remainder_fraction=100.0000%, Lmin=-113769.84, Lmax=-113095.58
11:40:09 [ultranest] [DEBUG] iteration=1600, ncalls=3155, regioncalls=110560, ndraw=40, logz=-113754.08, remainder_fraction=100.0000%, Lmin=-113736.59, Lmax=-113095.58
11:40:10 [ultranest] [DEBUG] iteration=1616, ncalls=3180, regioncalls=111560, ndraw=40, logz=-113714.21, remainder_fraction=100.0000%, Lmin=-113703.45, Lmax=-113095.58
11:40:10 [ultranest] [DEBUG] iteration=1630, ncalls=3205, regioncalls=112560, ndraw=40, logz=-113693.55, remainder_fraction=100.0000%, Lmin=-113681.67, Lmax=-113095.58
11:40:10 [ultranest] [DEBUG] iteration=1640, ncalls=3220, regioncalls=113160, ndraw=40, logz=-113673.19, remainder_fraction=100.0000%, Lmin=-113663.20, Lmax=-113095.58
11:40:10 [ultranest] [DEBUG] iteration=1645, ncalls=3228, regioncalls=113480, ndraw=40, logz=-113667.94, remainder_fraction=100.0000%, Lmin=-113656.17, Lmax=-113095.58
11:40:10 [ultranest] [DEBUG] iteration=1665, ncalls=3252, regioncalls=114520, ndraw=40, logz=-113648.21, remainder_fraction=100.0000%, Lmin=-113637.30, Lmax=-113095.58
11:40:10 [ultranest] [DEBUG] iteration=1680, ncalls=3271, regioncalls=115280, ndraw=40, logz=-113635.21, remainder_fraction=100.0000%, Lmin=-113624.88, Lmax=-113095.58
11:40:10 [ultranest] [DEBUG] iteration=1699, ncalls=3295, regioncalls=116240, ndraw=40, logz=-113615.42, remainder_fraction=100.0000%, Lmin=-113604.54, Lmax=-113095.58
11:40:10 [ultranest] [DEBUG] iteration=1719, ncalls=3320, regioncalls=117240, ndraw=40, logz=-113600.48, remainder_fraction=100.0000%, Lmin=-113589.84, Lmax=-113095.58
11:40:10 [ultranest] [DEBUG] iteration=1720, ncalls=3322, regioncalls=117320, ndraw=40, logz=-113599.82, remainder_fraction=100.0000%, Lmin=-113589.09, Lmax=-113095.58
11:40:10 [ultranest] [DEBUG] iteration=1725, ncalls=3330, regioncalls=117680, ndraw=40, logz=-113596.46, remainder_fraction=100.0000%, Lmin=-113583.68, Lmax=-113095.58
11:40:10 [ultranest] [DEBUG] iteration=1739, ncalls=3347, regioncalls=118360, ndraw=40, logz=-113583.54, remainder_fraction=100.0000%, Lmin=-113571.85, Lmax=-113095.58
11:40:10 [ultranest] [DEBUG] iteration=1752, ncalls=3375, regioncalls=119480, ndraw=40, logz=-113573.96, remainder_fraction=100.0000%, Lmin=-113563.78, Lmax=-113095.58
11:40:10 [ultranest] [DEBUG] iteration=1760, ncalls=3390, regioncalls=120080, ndraw=40, logz=-113567.21, remainder_fraction=100.0000%, Lmin=-113556.55, Lmax=-113095.58
11:40:11 [ultranest] [DEBUG] iteration=1773, ncalls=3415, regioncalls=121080, ndraw=40, logz=-113557.59, remainder_fraction=100.0000%, Lmin=-113546.37, Lmax=-113095.58
11:40:11 [ultranest] [DEBUG] iteration=1788, ncalls=3440, regioncalls=122080, ndraw=40, logz=-113544.90, remainder_fraction=100.0000%, Lmin=-113534.71, Lmax=-113095.58
11:40:11 [ultranest] [DEBUG] iteration=1800, ncalls=3461, regioncalls=122920, ndraw=40, logz=-113537.82, remainder_fraction=100.0000%, Lmin=-113527.18, Lmax=-113095.58
11:40:11 [ultranest] [DEBUG] iteration=1805, ncalls=3468, regioncalls=123200, ndraw=40, logz=-113534.73, remainder_fraction=100.0000%, Lmin=-113524.55, Lmax=-113095.58
11:40:11 [ultranest] [DEBUG] iteration=1821, ncalls=3492, regioncalls=124280, ndraw=40, logz=-113525.78, remainder_fraction=100.0000%, Lmin=-113515.56, Lmax=-113095.58
11:40:11 [ultranest] [DEBUG] iteration=1837, ncalls=3517, regioncalls=125280, ndraw=40, logz=-113516.61, remainder_fraction=100.0000%, Lmin=-113505.72, Lmax=-113095.58
11:40:11 [ultranest] [DEBUG] iteration=1840, ncalls=3521, regioncalls=125440, ndraw=40, logz=-113515.27, remainder_fraction=100.0000%, Lmin=-113505.29, Lmax=-113095.58
11:40:11 [ultranest] [DEBUG] iteration=1853, ncalls=3547, regioncalls=126480, ndraw=40, logz=-113506.70, remainder_fraction=100.0000%, Lmin=-113496.36, Lmax=-113095.58
11:40:11 [ultranest] [DEBUG] iteration=1868, ncalls=3572, regioncalls=127480, ndraw=40, logz=-113497.53, remainder_fraction=100.0000%, Lmin=-113485.70, Lmax=-113095.58
11:40:11 [ultranest] [DEBUG] iteration=1880, ncalls=3591, regioncalls=128240, ndraw=40, logz=-113483.95, remainder_fraction=100.0000%, Lmin=-113472.75, Lmax=-113095.58
11:40:11 [ultranest] [DEBUG] iteration=1894, ncalls=3615, regioncalls=129200, ndraw=40, logz=-113472.88, remainder_fraction=100.0000%, Lmin=-113462.60, Lmax=-113095.58
11:40:11 [ultranest] [DEBUG] iteration=1911, ncalls=3640, regioncalls=130200, ndraw=40, logz=-113458.74, remainder_fraction=100.0000%, Lmin=-113447.78, Lmax=-113095.58
11:40:12 [ultranest] [DEBUG] iteration=1920, ncalls=3652, regioncalls=130680, ndraw=40, logz=-113454.00, remainder_fraction=100.0000%, Lmin=-113443.91, Lmax=-113095.58
11:40:12 [ultranest] [DEBUG] iteration=1930, ncalls=3681, regioncalls=131840, ndraw=40, logz=-113450.47, remainder_fraction=100.0000%, Lmin=-113440.60, Lmax=-113095.58
11:40:12 [ultranest] [DEBUG] iteration=1941, ncalls=3707, regioncalls=132880, ndraw=40, logz=-113443.48, remainder_fraction=100.0000%, Lmin=-113431.25, Lmax=-113095.58
11:40:12 [ultranest] [DEBUG] iteration=1952, ncalls=3733, regioncalls=133920, ndraw=40, logz=-113435.14, remainder_fraction=100.0000%, Lmin=-113424.62, Lmax=-113095.58
11:40:12 [ultranest] [DEBUG] iteration=1960, ncalls=3756, regioncalls=134840, ndraw=40, logz=-113432.07, remainder_fraction=100.0000%, Lmin=-113421.41, Lmax=-113095.58
11:40:12 [ultranest] [DEBUG] iteration=1965, ncalls=3763, regioncalls=135160, ndraw=40, logz=-113430.48, remainder_fraction=100.0000%, Lmin=-113420.06, Lmax=-113095.58
11:40:12 [ultranest] [DEBUG] iteration=1983, ncalls=3788, regioncalls=136160, ndraw=40, logz=-113416.22, remainder_fraction=100.0000%, Lmin=-113405.32, Lmax=-113095.58
11:40:12 [ultranest] [DEBUG] iteration=2000, ncalls=3812, regioncalls=137120, ndraw=40, logz=-113408.59, remainder_fraction=100.0000%, Lmin=-113397.80, Lmax=-113095.58
11:40:12 [ultranest] [DEBUG] iteration=2015, ncalls=3837, regioncalls=138120, ndraw=40, logz=-113399.54, remainder_fraction=100.0000%, Lmin=-113388.32, Lmax=-113095.58
11:40:12 [ultranest] [DEBUG] iteration=2030, ncalls=3862, regioncalls=139120, ndraw=40, logz=-113393.25, remainder_fraction=100.0000%, Lmin=-113381.62, Lmax=-113095.58
11:40:12 [ultranest] [DEBUG] iteration=2040, ncalls=3880, regioncalls=139840, ndraw=40, logz=-113388.45, remainder_fraction=100.0000%, Lmin=-113376.94, Lmax=-113095.58
11:40:12 [ultranest] [DEBUG] iteration=2045, ncalls=3891, regioncalls=140320, ndraw=40, logz=-113386.24, remainder_fraction=100.0000%, Lmin=-113374.24, Lmax=-113095.58
11:40:13 [ultranest] [DEBUG] iteration=2066, ncalls=3915, regioncalls=141280, ndraw=40, logz=-113375.23, remainder_fraction=100.0000%, Lmin=-113364.58, Lmax=-113095.58
11:40:13 [ultranest] [DEBUG] iteration=2080, ncalls=3935, regioncalls=142080, ndraw=40, logz=-113370.19, remainder_fraction=100.0000%, Lmin=-113358.73, Lmax=-113095.58
11:40:13 [ultranest] [DEBUG] iteration=2095, ncalls=3961, regioncalls=143120, ndraw=40, logz=-113358.76, remainder_fraction=100.0000%, Lmin=-113346.78, Lmax=-113095.58
11:40:13 [ultranest] [DEBUG] iteration=2107, ncalls=3987, regioncalls=144160, ndraw=40, logz=-113353.57, remainder_fraction=100.0000%, Lmin=-113342.51, Lmax=-113095.58
11:40:13 [ultranest] [DEBUG] iteration=2120, ncalls=4001, regioncalls=144720, ndraw=40, logz=-113347.46, remainder_fraction=100.0000%, Lmin=-113336.16, Lmax=-113095.58
11:40:13 [ultranest] [DEBUG] iteration=2136, ncalls=4024, regioncalls=145640, ndraw=40, logz=-113341.38, remainder_fraction=100.0000%, Lmin=-113330.85, Lmax=-113095.58
11:40:13 [ultranest] [DEBUG] iteration=2149, ncalls=4049, regioncalls=146640, ndraw=40, logz=-113337.58, remainder_fraction=100.0000%, Lmin=-113326.13, Lmax=-113095.58
11:40:13 [ultranest] [DEBUG] iteration=2160, ncalls=4066, regioncalls=147320, ndraw=40, logz=-113332.91, remainder_fraction=100.0000%, Lmin=-113321.25, Lmax=-113094.46
11:40:13 [ultranest] [DEBUG] iteration=2173, ncalls=4092, regioncalls=148360, ndraw=40, logz=-113328.42, remainder_fraction=100.0000%, Lmin=-113316.80, Lmax=-113094.46
11:40:13 [ultranest] [DEBUG] iteration=2189, ncalls=4117, regioncalls=149360, ndraw=40, logz=-113322.62, remainder_fraction=100.0000%, Lmin=-113312.13, Lmax=-113094.46
11:40:14 [ultranest] [DEBUG] iteration=2200, ncalls=4141, regioncalls=150320, ndraw=40, logz=-113318.85, remainder_fraction=100.0000%, Lmin=-113307.65, Lmax=-113094.46
11:40:14 [ultranest] [DEBUG] iteration=2205, ncalls=4155, regioncalls=150920, ndraw=40, logz=-113316.72, remainder_fraction=100.0000%, Lmin=-113305.33, Lmax=-113094.46
11:40:14 [ultranest] [DEBUG] iteration=2221, ncalls=4180, regioncalls=151960, ndraw=40, logz=-113310.59, remainder_fraction=100.0000%, Lmin=-113299.26, Lmax=-113094.46
11:40:14 [ultranest] [DEBUG] iteration=2240, ncalls=4204, regioncalls=152920, ndraw=40, logz=-113302.00, remainder_fraction=100.0000%, Lmin=-113290.68, Lmax=-113094.46
11:40:14 [ultranest] [DEBUG] iteration=2258, ncalls=4229, regioncalls=153920, ndraw=40, logz=-113297.22, remainder_fraction=100.0000%, Lmin=-113286.65, Lmax=-113085.66
11:40:14 [ultranest] [DEBUG] iteration=2274, ncalls=4255, regioncalls=154960, ndraw=40, logz=-113291.05, remainder_fraction=100.0000%, Lmin=-113279.86, Lmax=-113085.66
11:40:14 [ultranest] [DEBUG] iteration=2280, ncalls=4262, regioncalls=155240, ndraw=40, logz=-113289.56, remainder_fraction=100.0000%, Lmin=-113278.64, Lmax=-113085.66
11:40:14 [ultranest] [DEBUG] iteration=2285, ncalls=4272, regioncalls=155760, ndraw=40, logz=-113288.27, remainder_fraction=100.0000%, Lmin=-113276.98, Lmax=-113085.66
11:40:14 [ultranest] [DEBUG] iteration=2301, ncalls=4299, regioncalls=156880, ndraw=40, logz=-113282.98, remainder_fraction=100.0000%, Lmin=-113272.08, Lmax=-113085.66
11:40:14 [ultranest] [DEBUG] iteration=2320, ncalls=4322, regioncalls=157800, ndraw=40, logz=-113277.52, remainder_fraction=100.0000%, Lmin=-113266.09, Lmax=-113085.66
11:40:14 [ultranest] [DEBUG] iteration=2338, ncalls=4347, regioncalls=158800, ndraw=40, logz=-113272.00, remainder_fraction=100.0000%, Lmin=-113260.44, Lmax=-113085.66
11:40:14 [ultranest] [DEBUG] iteration=2354, ncalls=4372, regioncalls=159800, ndraw=40, logz=-113267.07, remainder_fraction=100.0000%, Lmin=-113255.28, Lmax=-113085.66
11:40:15 [ultranest] [DEBUG] iteration=2360, ncalls=4381, regioncalls=160160, ndraw=40, logz=-113265.31, remainder_fraction=100.0000%, Lmin=-113253.98, Lmax=-113085.66
11:40:15 [ultranest] [DEBUG] iteration=2374, ncalls=4405, regioncalls=161120, ndraw=40, logz=-113262.64, remainder_fraction=100.0000%, Lmin=-113251.65, Lmax=-113085.66
11:40:15 [ultranest] [DEBUG] iteration=2389, ncalls=4430, regioncalls=162120, ndraw=40, logz=-113259.27, remainder_fraction=100.0000%, Lmin=-113248.14, Lmax=-113085.66
11:40:15 [ultranest] [DEBUG] iteration=2400, ncalls=4449, regioncalls=162880, ndraw=40, logz=-113255.48, remainder_fraction=100.0000%, Lmin=-113243.76, Lmax=-113085.66
11:40:15 [ultranest] [DEBUG] iteration=2417, ncalls=4475, regioncalls=163920, ndraw=40, logz=-113251.04, remainder_fraction=100.0000%, Lmin=-113239.97, Lmax=-113085.66
11:40:15 [ultranest] [DEBUG] iteration=2433, ncalls=4500, regioncalls=164920, ndraw=40, logz=-113246.38, remainder_fraction=100.0000%, Lmin=-113234.64, Lmax=-113085.66
11:40:15 [ultranest] [DEBUG] iteration=2440, ncalls=4520, regioncalls=165720, ndraw=40, logz=-113243.00, remainder_fraction=100.0000%, Lmin=-113229.91, Lmax=-113085.66
11:40:15 [ultranest] [DEBUG] iteration=2445, ncalls=4528, regioncalls=166080, ndraw=40, logz=-113240.33, remainder_fraction=100.0000%, Lmin=-113228.68, Lmax=-113085.66
11:40:15 [ultranest] [DEBUG] iteration=2463, ncalls=4552, regioncalls=167040, ndraw=40, logz=-113234.41, remainder_fraction=100.0000%, Lmin=-113222.75, Lmax=-113085.66
11:40:15 [ultranest] [DEBUG] iteration=2480, ncalls=4574, regioncalls=167920, ndraw=40, logz=-113230.10, remainder_fraction=100.0000%, Lmin=-113218.95, Lmax=-113085.66
11:40:15 [ultranest] [DEBUG] iteration=2498, ncalls=4601, regioncalls=169000, ndraw=40, logz=-113225.85, remainder_fraction=100.0000%, Lmin=-113214.34, Lmax=-113085.66
11:40:16 [ultranest] [DEBUG] iteration=2510, ncalls=4628, regioncalls=170080, ndraw=40, logz=-113223.15, remainder_fraction=100.0000%, Lmin=-113210.35, Lmax=-113085.66
11:40:16 [ultranest] [DEBUG] iteration=2520, ncalls=4646, regioncalls=170800, ndraw=40, logz=-113218.80, remainder_fraction=100.0000%, Lmin=-113206.73, Lmax=-113085.66
11:40:16 [ultranest] [DEBUG] iteration=2525, ncalls=4653, regioncalls=171120, ndraw=40, logz=-113217.04, remainder_fraction=100.0000%, Lmin=-113205.08, Lmax=-113085.66
11:40:16 [ultranest] [DEBUG] iteration=2544, ncalls=4681, regioncalls=172280, ndraw=40, logz=-113212.09, remainder_fraction=100.0000%, Lmin=-113200.41, Lmax=-113085.66
11:40:16 [ultranest] [DEBUG] iteration=2560, ncalls=4706, regioncalls=173280, ndraw=40, logz=-113207.69, remainder_fraction=100.0000%, Lmin=-113196.17, Lmax=-113085.66
11:40:16 [ultranest] [DEBUG] iteration=2578, ncalls=4732, regioncalls=174320, ndraw=40, logz=-113204.18, remainder_fraction=100.0000%, Lmin=-113192.52, Lmax=-113085.66
11:40:16 [ultranest] [DEBUG] iteration=2589, ncalls=4759, regioncalls=175400, ndraw=40, logz=-113202.15, remainder_fraction=100.0000%, Lmin=-113190.96, Lmax=-113085.66
11:40:16 [ultranest] [DEBUG] iteration=2600, ncalls=4774, regioncalls=176000, ndraw=40, logz=-113200.52, remainder_fraction=100.0000%, Lmin=-113189.54, Lmax=-113085.66
11:40:16 [ultranest] [DEBUG] iteration=2605, ncalls=4786, regioncalls=176520, ndraw=40, logz=-113199.84, remainder_fraction=100.0000%, Lmin=-113188.68, Lmax=-113085.66
11:40:16 [ultranest] [DEBUG] iteration=2625, ncalls=4810, regioncalls=177480, ndraw=40, logz=-113196.40, remainder_fraction=100.0000%, Lmin=-113183.94, Lmax=-113085.66
11:40:16 [ultranest] [DEBUG] iteration=2640, ncalls=4834, regioncalls=178440, ndraw=40, logz=-113193.27, remainder_fraction=100.0000%, Lmin=-113182.04, Lmax=-113085.66
11:40:17 [ultranest] [DEBUG] iteration=2657, ncalls=4859, regioncalls=179440, ndraw=40, logz=-113190.89, remainder_fraction=100.0000%, Lmin=-113179.47, Lmax=-113085.66
11:40:17 [ultranest] [DEBUG] iteration=2673, ncalls=4886, regioncalls=180520, ndraw=40, logz=-113188.86, remainder_fraction=100.0000%, Lmin=-113177.47, Lmax=-113085.66
11:40:17 [ultranest] [DEBUG] iteration=2680, ncalls=4897, regioncalls=180960, ndraw=40, logz=-113187.87, remainder_fraction=100.0000%, Lmin=-113176.26, Lmax=-113085.66
11:40:17 [ultranest] [DEBUG] iteration=2696, ncalls=4920, regioncalls=181880, ndraw=40, logz=-113184.83, remainder_fraction=100.0000%, Lmin=-113173.08, Lmax=-113085.66
11:40:17 [ultranest] [DEBUG] iteration=2711, ncalls=4945, regioncalls=182880, ndraw=40, logz=-113182.65, remainder_fraction=100.0000%, Lmin=-113170.96, Lmax=-113085.66
11:40:17 [ultranest] [DEBUG] iteration=2720, ncalls=4958, regioncalls=183400, ndraw=40, logz=-113181.25, remainder_fraction=100.0000%, Lmin=-113169.53, Lmax=-113085.66
11:40:17 [ultranest] [DEBUG] iteration=2738, ncalls=4982, regioncalls=184360, ndraw=40, logz=-113178.91, remainder_fraction=100.0000%, Lmin=-113167.17, Lmax=-113085.66
11:40:17 [ultranest] [DEBUG] iteration=2749, ncalls=5010, regioncalls=185480, ndraw=40, logz=-113176.84, remainder_fraction=100.0000%, Lmin=-113164.81, Lmax=-113085.66
11:40:17 [ultranest] [DEBUG] iteration=2760, ncalls=5032, regioncalls=186360, ndraw=40, logz=-113174.91, remainder_fraction=100.0000%, Lmin=-113163.05, Lmax=-113085.66
11:40:17 [ultranest] [DEBUG] iteration=2765, ncalls=5039, regioncalls=186680, ndraw=40, logz=-113174.08, remainder_fraction=100.0000%, Lmin=-113162.36, Lmax=-113085.66
11:40:17 [ultranest] [DEBUG] iteration=2783, ncalls=5064, regioncalls=187680, ndraw=40, logz=-113171.82, remainder_fraction=100.0000%, Lmin=-113160.24, Lmax=-113085.66
11:40:17 [ultranest] [DEBUG] iteration=2800, ncalls=5086, regioncalls=188560, ndraw=40, logz=-113169.94, remainder_fraction=100.0000%, Lmin=-113158.17, Lmax=-113085.66
11:40:18 [ultranest] [DEBUG] iteration=2815, ncalls=5111, regioncalls=189560, ndraw=40, logz=-113166.88, remainder_fraction=100.0000%, Lmin=-113154.35, Lmax=-113085.66
11:40:18 [ultranest] [DEBUG] iteration=2832, ncalls=5138, regioncalls=190640, ndraw=40, logz=-113164.11, remainder_fraction=100.0000%, Lmin=-113151.87, Lmax=-113085.66
11:40:18 [ultranest] [DEBUG] iteration=2840, ncalls=5156, regioncalls=191360, ndraw=40, logz=-113162.92, remainder_fraction=100.0000%, Lmin=-113151.07, Lmax=-113085.66
11:40:18 [ultranest] [DEBUG] iteration=2845, ncalls=5166, regioncalls=191840, ndraw=40, logz=-113162.38, remainder_fraction=100.0000%, Lmin=-113150.90, Lmax=-113085.66
11:40:18 [ultranest] [DEBUG] iteration=2864, ncalls=5190, regioncalls=192880, ndraw=40, logz=-113160.38, remainder_fraction=100.0000%, Lmin=-113148.67, Lmax=-113085.66
11:40:18 [ultranest] [DEBUG] iteration=2878, ncalls=5215, regioncalls=193880, ndraw=40, logz=-113158.98, remainder_fraction=100.0000%, Lmin=-113147.34, Lmax=-113085.66
11:40:18 [ultranest] [DEBUG] iteration=2880, ncalls=5217, regioncalls=193960, ndraw=40, logz=-113158.79, remainder_fraction=100.0000%, Lmin=-113147.13, Lmax=-113085.66
11:40:18 [ultranest] [DEBUG] iteration=2893, ncalls=5242, regioncalls=194960, ndraw=40, logz=-113157.19, remainder_fraction=100.0000%, Lmin=-113145.17, Lmax=-113085.65
11:40:18 [ultranest] [DEBUG] iteration=2909, ncalls=5267, regioncalls=195960, ndraw=40, logz=-113155.24, remainder_fraction=100.0000%, Lmin=-113143.60, Lmax=-113085.65
11:40:18 [ultranest] [DEBUG] iteration=2920, ncalls=5290, regioncalls=196880, ndraw=40, logz=-113154.05, remainder_fraction=100.0000%, Lmin=-113142.17, Lmax=-113085.65
11:40:18 [ultranest] [DEBUG] iteration=2925, ncalls=5298, regioncalls=197240, ndraw=40, logz=-113153.56, remainder_fraction=100.0000%, Lmin=-113141.74, Lmax=-113085.65
11:40:18 [ultranest] [DEBUG] iteration=2941, ncalls=5323, regioncalls=198240, ndraw=40, logz=-113152.31, remainder_fraction=100.0000%, Lmin=-113140.74, Lmax=-113085.65
11:40:19 [ultranest] [DEBUG] iteration=2959, ncalls=5352, regioncalls=199400, ndraw=40, logz=-113150.79, remainder_fraction=100.0000%, Lmin=-113139.11, Lmax=-113085.65
11:40:19 [ultranest] [DEBUG] iteration=2960, ncalls=5353, regioncalls=199440, ndraw=40, logz=-113150.71, remainder_fraction=100.0000%, Lmin=-113139.09, Lmax=-113085.65
11:40:19 [ultranest] [DEBUG] iteration=2973, ncalls=5378, regioncalls=200440, ndraw=40, logz=-113149.52, remainder_fraction=100.0000%, Lmin=-113137.56, Lmax=-113085.65
11:40:19 [ultranest] [DEBUG] iteration=2989, ncalls=5403, regioncalls=201440, ndraw=40, logz=-113147.89, remainder_fraction=100.0000%, Lmin=-113135.94, Lmax=-113085.65
11:40:19 [ultranest] [DEBUG] iteration=3000, ncalls=5418, regioncalls=202040, ndraw=40, logz=-113147.03, remainder_fraction=100.0000%, Lmin=-113135.50, Lmax=-113085.65
11:40:19 [ultranest] [DEBUG] iteration=3005, ncalls=5426, regioncalls=202400, ndraw=40, logz=-113146.71, remainder_fraction=100.0000%, Lmin=-113134.80, Lmax=-113085.65
11:40:19 [ultranest] [DEBUG] iteration=3023, ncalls=5451, regioncalls=203400, ndraw=40, logz=-113144.98, remainder_fraction=100.0000%, Lmin=-113132.97, Lmax=-113085.65
11:40:19 [ultranest] [DEBUG] iteration=3038, ncalls=5476, regioncalls=204400, ndraw=40, logz=-113143.69, remainder_fraction=100.0000%, Lmin=-113131.85, Lmax=-113085.65
11:40:19 [ultranest] [DEBUG] iteration=3040, ncalls=5480, regioncalls=204560, ndraw=40, logz=-113143.54, remainder_fraction=100.0000%, Lmin=-113131.73, Lmax=-113085.65
11:40:19 [ultranest] [DEBUG] iteration=3055, ncalls=5505, regioncalls=205560, ndraw=40, logz=-113142.46, remainder_fraction=100.0000%, Lmin=-113130.57, Lmax=-113085.65
11:40:19 [ultranest] [DEBUG] iteration=3073, ncalls=5530, regioncalls=206560, ndraw=40, logz=-113140.96, remainder_fraction=100.0000%, Lmin=-113128.80, Lmax=-113085.65
11:40:19 [ultranest] [DEBUG] iteration=3080, ncalls=5539, regioncalls=206920, ndraw=40, logz=-113140.26, remainder_fraction=100.0000%, Lmin=-113127.87, Lmax=-113085.65
11:40:19 [ultranest] [DEBUG] iteration=3085, ncalls=5549, regioncalls=207360, ndraw=40, logz=-113139.74, remainder_fraction=100.0000%, Lmin=-113127.29, Lmax=-113085.65
11:40:19 [ultranest] [DEBUG] iteration=3104, ncalls=5573, regioncalls=208320, ndraw=40, logz=-113138.08, remainder_fraction=100.0000%, Lmin=-113126.00, Lmax=-113085.65
11:40:20 [ultranest] [DEBUG] iteration=3120, ncalls=5595, regioncalls=209200, ndraw=40, logz=-113136.88, remainder_fraction=100.0000%, Lmin=-113124.95, Lmax=-113085.65
11:40:20 [ultranest] [DEBUG] iteration=3135, ncalls=5620, regioncalls=210200, ndraw=40, logz=-113135.82, remainder_fraction=100.0000%, Lmin=-113123.55, Lmax=-113085.65
11:40:20 [ultranest] [DEBUG] iteration=3150, ncalls=5645, regioncalls=211200, ndraw=40, logz=-113134.70, remainder_fraction=100.0000%, Lmin=-113122.72, Lmax=-113085.65
11:40:20 [ultranest] [DEBUG] iteration=3160, ncalls=5662, regioncalls=211880, ndraw=40, logz=-113134.08, remainder_fraction=100.0000%, Lmin=-113121.90, Lmax=-113085.65
11:40:20 [ultranest] [DEBUG] iteration=3165, ncalls=5669, regioncalls=212200, ndraw=40, logz=-113133.75, remainder_fraction=100.0000%, Lmin=-113121.73, Lmax=-113085.65
11:40:20 [ultranest] [DEBUG] iteration=3181, ncalls=5693, regioncalls=213160, ndraw=40, logz=-113132.67, remainder_fraction=100.0000%, Lmin=-113120.31, Lmax=-113085.65
11:40:20 [ultranest] [DEBUG] iteration=3196, ncalls=5718, regioncalls=214160, ndraw=40, logz=-113131.49, remainder_fraction=100.0000%, Lmin=-113118.95, Lmax=-113085.65
11:40:20 [ultranest] [DEBUG] iteration=3200, ncalls=5722, regioncalls=214320, ndraw=40, logz=-113131.14, remainder_fraction=100.0000%, Lmin=-113118.81, Lmax=-113085.65
11:40:20 [ultranest] [DEBUG] iteration=3216, ncalls=5747, regioncalls=215360, ndraw=40, logz=-113130.10, remainder_fraction=100.0000%, Lmin=-113117.95, Lmax=-113085.65
11:40:20 [ultranest] [DEBUG] iteration=3232, ncalls=5772, regioncalls=216400, ndraw=40, logz=-113129.15, remainder_fraction=100.0000%, Lmin=-113116.87, Lmax=-113085.65
11:40:20 [ultranest] [DEBUG] iteration=3240, ncalls=5787, regioncalls=217000, ndraw=40, logz=-113128.66, remainder_fraction=100.0000%, Lmin=-113116.53, Lmax=-113085.65
11:40:20 [ultranest] [DEBUG] iteration=3254, ncalls=5810, regioncalls=217920, ndraw=40, logz=-113127.88, remainder_fraction=100.0000%, Lmin=-113115.80, Lmax=-113085.65
11:40:21 [ultranest] [DEBUG] iteration=3264, ncalls=5839, regioncalls=219080, ndraw=40, logz=-113127.40, remainder_fraction=100.0000%, Lmin=-113115.35, Lmax=-113085.65
11:40:21 [ultranest] [DEBUG] iteration=3275, ncalls=5865, regioncalls=220120, ndraw=40, logz=-113126.75, remainder_fraction=100.0000%, Lmin=-113114.39, Lmax=-113085.65
11:40:21 [ultranest] [DEBUG] iteration=3280, ncalls=5872, regioncalls=220400, ndraw=40, logz=-113126.45, remainder_fraction=100.0000%, Lmin=-113114.24, Lmax=-113085.65
11:40:21 [ultranest] [DEBUG] iteration=3292, ncalls=5899, regioncalls=221480, ndraw=40, logz=-113125.85, remainder_fraction=100.0000%, Lmin=-113113.81, Lmax=-113085.65
11:40:21 [ultranest] [DEBUG] iteration=3304, ncalls=5926, regioncalls=222560, ndraw=40, logz=-113125.30, remainder_fraction=100.0000%, Lmin=-113113.25, Lmax=-113085.65
11:40:21 [ultranest] [DEBUG] iteration=3319, ncalls=5951, regioncalls=223560, ndraw=40, logz=-113124.64, remainder_fraction=100.0000%, Lmin=-113112.49, Lmax=-113085.65
11:40:21 [ultranest] [DEBUG] iteration=3320, ncalls=5953, regioncalls=223640, ndraw=40, logz=-113124.59, remainder_fraction=100.0000%, Lmin=-113112.46, Lmax=-113085.65
11:40:21 [ultranest] [DEBUG] iteration=3325, ncalls=5964, regioncalls=224120, ndraw=40, logz=-113124.37, remainder_fraction=100.0000%, Lmin=-113112.24, Lmax=-113085.65
11:40:21 [ultranest] [DEBUG] iteration=3339, ncalls=5990, regioncalls=225160, ndraw=40, logz=-113123.78, remainder_fraction=100.0000%, Lmin=-113111.68, Lmax=-113085.65
11:40:21 [ultranest] [DEBUG] iteration=3354, ncalls=6015, regioncalls=226200, ndraw=40, logz=-113123.15, remainder_fraction=100.0000%, Lmin=-113111.04, Lmax=-113085.53
11:40:21 [ultranest] [DEBUG] iteration=3360, ncalls=6024, regioncalls=226560, ndraw=40, logz=-113122.90, remainder_fraction=100.0000%, Lmin=-113110.69, Lmax=-113085.53
11:40:21 [ultranest] [DEBUG] iteration=3376, ncalls=6050, regioncalls=227600, ndraw=40, logz=-113122.19, remainder_fraction=100.0000%, Lmin=-113110.03, Lmax=-113085.53
11:40:22 [ultranest] [DEBUG] iteration=3393, ncalls=6079, regioncalls=228760, ndraw=40, logz=-113121.52, remainder_fraction=100.0000%, Lmin=-113109.40, Lmax=-113085.53
11:40:22 [ultranest] [DEBUG] iteration=3400, ncalls=6091, regioncalls=229240, ndraw=40, logz=-113121.26, remainder_fraction=100.0000%, Lmin=-113109.11, Lmax=-113085.53
11:40:22 [ultranest] [DEBUG] iteration=3412, ncalls=6116, regioncalls=230240, ndraw=40, logz=-113120.78, remainder_fraction=100.0000%, Lmin=-113108.51, Lmax=-113085.53
11:40:22 [ultranest] [DEBUG] iteration=3427, ncalls=6142, regioncalls=231280, ndraw=40, logz=-113120.23, remainder_fraction=100.0000%, Lmin=-113107.93, Lmax=-113085.53
11:40:22 [ultranest] [DEBUG] iteration=3439, ncalls=6168, regioncalls=232320, ndraw=40, logz=-113119.74, remainder_fraction=100.0000%, Lmin=-113107.27, Lmax=-113085.53
11:40:22 [ultranest] [DEBUG] iteration=3440, ncalls=6170, regioncalls=232400, ndraw=40, logz=-113119.69, remainder_fraction=100.0000%, Lmin=-113107.21, Lmax=-113085.53
11:40:22 [ultranest] [DEBUG] iteration=3456, ncalls=6198, regioncalls=233520, ndraw=40, logz=-113119.07, remainder_fraction=100.0000%, Lmin=-113106.79, Lmax=-113085.53
11:40:22 [ultranest] [DEBUG] iteration=3465, ncalls=6225, regioncalls=234600, ndraw=40, logz=-113118.76, remainder_fraction=100.0000%, Lmin=-113106.56, Lmax=-113085.53
11:40:22 [ultranest] [DEBUG] iteration=3477, ncalls=6251, regioncalls=235640, ndraw=40, logz=-113118.38, remainder_fraction=100.0000%, Lmin=-113106.11, Lmax=-113085.53
11:40:22 [ultranest] [DEBUG] iteration=3480, ncalls=6260, regioncalls=236000, ndraw=40, logz=-113118.28, remainder_fraction=100.0000%, Lmin=-113105.97, Lmax=-113085.53
11:40:22 [ultranest] [DEBUG] iteration=3485, ncalls=6269, regioncalls=236440, ndraw=40, logz=-113118.10, remainder_fraction=100.0000%, Lmin=-113105.71, Lmax=-113085.53
11:40:22 [ultranest] [DEBUG] iteration=3504, ncalls=6293, regioncalls=237400, ndraw=40, logz=-113117.45, remainder_fraction=100.0000%, Lmin=-113105.16, Lmax=-113085.53
11:40:23 [ultranest] [DEBUG] iteration=3517, ncalls=6321, regioncalls=238520, ndraw=40, logz=-113117.05, remainder_fraction=100.0000%, Lmin=-113104.81, Lmax=-113085.53
11:40:23 [ultranest] [DEBUG] iteration=3520, ncalls=6325, regioncalls=238680, ndraw=40, logz=-113116.96, remainder_fraction=100.0000%, Lmin=-113104.70, Lmax=-113085.53
11:40:23 [ultranest] [DEBUG] iteration=3536, ncalls=6350, regioncalls=239680, ndraw=40, logz=-113116.51, remainder_fraction=100.0000%, Lmin=-113104.31, Lmax=-113085.53
11:40:23 [ultranest] [DEBUG] iteration=3554, ncalls=6375, regioncalls=240680, ndraw=40, logz=-113116.01, remainder_fraction=100.0000%, Lmin=-113103.67, Lmax=-113085.53
11:40:23 [ultranest] [DEBUG] iteration=3560, ncalls=6385, regioncalls=241080, ndraw=40, logz=-113115.83, remainder_fraction=100.0000%, Lmin=-113103.47, Lmax=-113085.53
11:40:23 [ultranest] [DEBUG] iteration=3565, ncalls=6391, regioncalls=241360, ndraw=40, logz=-113115.69, remainder_fraction=100.0000%, Lmin=-113103.36, Lmax=-113085.53
11:40:23 [ultranest] [DEBUG] iteration=3582, ncalls=6417, regioncalls=242400, ndraw=40, logz=-113115.26, remainder_fraction=100.0000%, Lmin=-113102.98, Lmax=-113085.53
11:40:23 [ultranest] [DEBUG] iteration=3596, ncalls=6442, regioncalls=243400, ndraw=40, logz=-113114.90, remainder_fraction=100.0000%, Lmin=-113102.54, Lmax=-113085.53
11:40:23 [ultranest] [DEBUG] iteration=3600, ncalls=6447, regioncalls=243600, ndraw=40, logz=-113114.79, remainder_fraction=100.0000%, Lmin=-113102.45, Lmax=-113085.53
11:40:23 [ultranest] [DEBUG] iteration=3614, ncalls=6472, regioncalls=244600, ndraw=40, logz=-113114.44, remainder_fraction=100.0000%, Lmin=-113101.86, Lmax=-113085.53
11:40:23 [ultranest] [DEBUG] iteration=3629, ncalls=6497, regioncalls=245600, ndraw=40, logz=-113113.98, remainder_fraction=100.0000%, Lmin=-113101.46, Lmax=-113085.53
11:40:23 [ultranest] [DEBUG] iteration=3640, ncalls=6517, regioncalls=246400, ndraw=40, logz=-113113.69, remainder_fraction=100.0000%, Lmin=-113101.15, Lmax=-113085.53
11:40:23 [ultranest] [DEBUG] iteration=3656, ncalls=6542, regioncalls=247400, ndraw=40, logz=-113113.27, remainder_fraction=99.9999%, Lmin=-113100.86, Lmax=-113085.53
11:40:24 [ultranest] [DEBUG] iteration=3667, ncalls=6569, regioncalls=248480, ndraw=40, logz=-113113.00, remainder_fraction=99.9999%, Lmin=-113100.52, Lmax=-113085.53
11:40:24 [ultranest] [DEBUG] iteration=3680, ncalls=6596, regioncalls=249560, ndraw=40, logz=-113112.70, remainder_fraction=99.9999%, Lmin=-113100.32, Lmax=-113085.53
11:40:24 [ultranest] [DEBUG] iteration=3691, ncalls=6628, regioncalls=250840, ndraw=40, logz=-113112.48, remainder_fraction=99.9998%, Lmin=-113100.20, Lmax=-113085.53
11:40:24 [ultranest] [DEBUG] iteration=3706, ncalls=6653, regioncalls=251840, ndraw=40, logz=-113112.17, remainder_fraction=99.9998%, Lmin=-113099.61, Lmax=-113085.53
11:40:24 [ultranest] [DEBUG] iteration=3720, ncalls=6675, regioncalls=252720, ndraw=40, logz=-113111.85, remainder_fraction=99.9997%, Lmin=-113099.20, Lmax=-113085.53
11:40:24 [ultranest] [DEBUG] iteration=3725, ncalls=6687, regioncalls=253240, ndraw=40, logz=-113111.73, remainder_fraction=99.9996%, Lmin=-113099.11, Lmax=-113085.53
11:40:24 [ultranest] [DEBUG] iteration=3740, ncalls=6712, regioncalls=254280, ndraw=40, logz=-113111.40, remainder_fraction=99.9995%, Lmin=-113098.89, Lmax=-113085.53
11:40:24 [ultranest] [DEBUG] iteration=3760, ncalls=6736, regioncalls=255240, ndraw=40, logz=-113111.00, remainder_fraction=99.9993%, Lmin=-113098.46, Lmax=-113085.53
11:40:24 [ultranest] [DEBUG] iteration=3779, ncalls=6761, regioncalls=256240, ndraw=40, logz=-113110.62, remainder_fraction=99.9990%, Lmin=-113097.96, Lmax=-113085.53
11:40:24 [ultranest] [DEBUG] iteration=3792, ncalls=6787, regioncalls=257280, ndraw=40, logz=-113110.36, remainder_fraction=99.9986%, Lmin=-113097.64, Lmax=-113085.53
11:40:24 [ultranest] [DEBUG] iteration=3800, ncalls=6798, regioncalls=257720, ndraw=40, logz=-113110.18, remainder_fraction=99.9983%, Lmin=-113097.40, Lmax=-113085.53
11:40:25 [ultranest] [DEBUG] iteration=3805, ncalls=6819, regioncalls=258600, ndraw=40, logz=-113110.07, remainder_fraction=99.9981%, Lmin=-113097.28, Lmax=-113085.53
11:40:25 [ultranest] [DEBUG] iteration=3820, ncalls=6845, regioncalls=259640, ndraw=40, logz=-113109.73, remainder_fraction=99.9973%, Lmin=-113096.87, Lmax=-113085.53
11:40:25 [ultranest] [DEBUG] iteration=3840, ncalls=6870, regioncalls=260640, ndraw=40, logz=-113109.29, remainder_fraction=99.9957%, Lmin=-113096.33, Lmax=-113085.53
11:40:25 [ultranest] [DEBUG] iteration=3856, ncalls=6895, regioncalls=261640, ndraw=40, logz=-113108.92, remainder_fraction=99.9936%, Lmin=-113095.93, Lmax=-113085.53
11:40:25 [ultranest] [DEBUG] iteration=3873, ncalls=6920, regioncalls=262640, ndraw=40, logz=-113108.55, remainder_fraction=99.9907%, Lmin=-113095.64, Lmax=-113085.53
11:40:25 [ultranest] [DEBUG] iteration=3880, ncalls=6929, regioncalls=263000, ndraw=40, logz=-113108.40, remainder_fraction=99.9890%, Lmin=-113095.41, Lmax=-113085.53
11:40:25 [ultranest] [DEBUG] iteration=3885, ncalls=6942, regioncalls=263600, ndraw=40, logz=-113108.29, remainder_fraction=99.9876%, Lmin=-113095.32, Lmax=-113085.53
11:40:25 [ultranest] [DEBUG] iteration=3903, ncalls=6967, regioncalls=264600, ndraw=40, logz=-113107.92, remainder_fraction=99.9820%, Lmin=-113094.90, Lmax=-113085.53
11:40:25 [ultranest] [DEBUG] iteration=3918, ncalls=6994, regioncalls=265680, ndraw=40, logz=-113107.62, remainder_fraction=99.9749%, Lmin=-113094.61, Lmax=-113085.53
11:40:25 [ultranest] [DEBUG] iteration=3920, ncalls=6996, regioncalls=265760, ndraw=40, logz=-113107.58, remainder_fraction=99.9737%, Lmin=-113094.56, Lmax=-113085.53
11:40:25 [ultranest] [DEBUG] iteration=3933, ncalls=7022, regioncalls=266800, ndraw=40, logz=-113107.33, remainder_fraction=99.9662%, Lmin=-113094.43, Lmax=-113085.53
11:40:26 [ultranest] [DEBUG] iteration=3945, ncalls=7049, regioncalls=267880, ndraw=40, logz=-113107.12, remainder_fraction=99.9574%, Lmin=-113094.14, Lmax=-113085.53
11:40:26 [ultranest] [DEBUG] iteration=3957, ncalls=7075, regioncalls=268920, ndraw=40, logz=-113106.90, remainder_fraction=99.9458%, Lmin=-113093.89, Lmax=-113085.53
11:40:26 [ultranest] [DEBUG] iteration=3960, ncalls=7079, regioncalls=269080, ndraw=40, logz=-113106.84, remainder_fraction=99.9425%, Lmin=-113093.84, Lmax=-113085.53
11:40:26 [ultranest] [DEBUG] iteration=3965, ncalls=7091, regioncalls=269600, ndraw=40, logz=-113106.75, remainder_fraction=99.9365%, Lmin=-113093.78, Lmax=-113085.53
11:40:26 [ultranest] [DEBUG] iteration=3981, ncalls=7116, regioncalls=270680, ndraw=40, logz=-113106.47, remainder_fraction=99.9155%, Lmin=-113093.46, Lmax=-113085.53
11:40:26 [ultranest] [DEBUG] iteration=4000, ncalls=7137, regioncalls=271520, ndraw=40, logz=-113106.16, remainder_fraction=99.8835%, Lmin=-113093.15, Lmax=-113085.53
11:40:26 [ultranest] [DEBUG] iteration=4014, ncalls=7164, regioncalls=272600, ndraw=40, logz=-113105.94, remainder_fraction=99.8540%, Lmin=-113092.93, Lmax=-113085.53
11:40:26 [ultranest] [DEBUG] iteration=4031, ncalls=7187, regioncalls=273520, ndraw=40, logz=-113105.69, remainder_fraction=99.8291%, Lmin=-113092.76, Lmax=-113085.53
11:40:26 [ultranest] [DEBUG] iteration=4040, ncalls=7199, regioncalls=274000, ndraw=40, logz=-113105.57, remainder_fraction=99.8055%, Lmin=-113092.61, Lmax=-113085.53
11:40:26 [ultranest] [DEBUG] iteration=4051, ncalls=7223, regioncalls=274960, ndraw=40, logz=-113105.42, remainder_fraction=99.7790%, Lmin=-113092.43, Lmax=-113085.53
11:40:26 [ultranest] [DEBUG] iteration=4069, ncalls=7248, regioncalls=275960, ndraw=40, logz=-113105.19, remainder_fraction=99.7207%, Lmin=-113092.27, Lmax=-113085.53
11:40:26 [ultranest] [DEBUG] iteration=4080, ncalls=7268, regioncalls=276760, ndraw=40, logz=-113105.06, remainder_fraction=99.6799%, Lmin=-113092.17, Lmax=-113085.53
11:40:27 [ultranest] [DEBUG] iteration=4091, ncalls=7295, regioncalls=277840, ndraw=40, logz=-113104.93, remainder_fraction=99.6341%, Lmin=-113092.02, Lmax=-113085.53
11:40:27 [ultranest] [DEBUG] iteration=4104, ncalls=7322, regioncalls=278920, ndraw=40, logz=-113104.79, remainder_fraction=99.5933%, Lmin=-113091.87, Lmax=-113085.53
11:40:27 [ultranest] [DEBUG] iteration=4116, ncalls=7351, regioncalls=280080, ndraw=40, logz=-113104.65, remainder_fraction=99.5349%, Lmin=-113091.68, Lmax=-113085.53
11:40:27 [ultranest] [DEBUG] iteration=4120, ncalls=7358, regioncalls=280360, ndraw=40, logz=-113104.61, remainder_fraction=99.5093%, Lmin=-113091.65, Lmax=-113085.53
11:40:27 [ultranest] [DEBUG] iteration=4134, ncalls=7385, regioncalls=281440, ndraw=40, logz=-113104.46, remainder_fraction=99.4387%, Lmin=-113091.55, Lmax=-113085.53
11:40:27 [ultranest] [DEBUG] iteration=4145, ncalls=7411, regioncalls=282480, ndraw=40, logz=-113104.35, remainder_fraction=99.3686%, Lmin=-113091.43, Lmax=-113085.53
11:40:27 [ultranest] [DEBUG] iteration=4155, ncalls=7437, regioncalls=283520, ndraw=40, logz=-113104.26, remainder_fraction=99.3001%, Lmin=-113091.31, Lmax=-113085.53
11:40:27 [ultranest] [DEBUG] iteration=4160, ncalls=7451, regioncalls=284080, ndraw=40, logz=-113104.21, remainder_fraction=99.2575%, Lmin=-113091.26, Lmax=-113085.53
11:40:27 [ultranest] [DEBUG] iteration=4167, ncalls=7479, regioncalls=285200, ndraw=40, logz=-113104.14, remainder_fraction=99.2099%, Lmin=-113091.22, Lmax=-113085.53
11:40:27 [ultranest] [DEBUG] iteration=4178, ncalls=7505, regioncalls=286240, ndraw=40, logz=-113104.03, remainder_fraction=99.1050%, Lmin=-113090.98, Lmax=-113085.53
11:40:27 [ultranest] [DEBUG] iteration=4187, ncalls=7536, regioncalls=287480, ndraw=40, logz=-113103.94, remainder_fraction=99.0134%, Lmin=-113090.89, Lmax=-113085.53
11:40:28 [ultranest] [DEBUG] iteration=4200, ncalls=7561, regioncalls=288480, ndraw=40, logz=-113103.81, remainder_fraction=98.8776%, Lmin=-113090.76, Lmax=-113085.53
11:40:28 [ultranest] [DEBUG] iteration=4205, ncalls=7569, regioncalls=288840, ndraw=40, logz=-113103.77, remainder_fraction=98.8210%, Lmin=-113090.68, Lmax=-113085.53
11:40:28 [ultranest] [DEBUG] iteration=4224, ncalls=7595, regioncalls=289880, ndraw=40, logz=-113103.58, remainder_fraction=98.5568%, Lmin=-113090.44, Lmax=-113085.53
11:40:28 [ultranest] [DEBUG] iteration=4239, ncalls=7621, regioncalls=290920, ndraw=40, logz=-113103.43, remainder_fraction=98.3231%, Lmin=-113090.30, Lmax=-113085.53
11:40:28 [ultranest] [DEBUG] iteration=4240, ncalls=7622, regioncalls=290960, ndraw=40, logz=-113103.43, remainder_fraction=98.3030%, Lmin=-113090.28, Lmax=-113085.53
11:40:28 [ultranest] [DEBUG] iteration=4255, ncalls=7647, regioncalls=291960, ndraw=40, logz=-113103.29, remainder_fraction=98.0559%, Lmin=-113090.09, Lmax=-113085.53
11:40:28 [ultranest] [DEBUG] iteration=4271, ncalls=7672, regioncalls=292960, ndraw=40, logz=-113103.14, remainder_fraction=97.7304%, Lmin=-113089.96, Lmax=-113085.53
11:40:28 [ultranest] [DEBUG] iteration=4280, ncalls=7685, regioncalls=293480, ndraw=40, logz=-113103.06, remainder_fraction=97.5247%, Lmin=-113089.92, Lmax=-113085.53
11:40:28 [ultranest] [DEBUG] iteration=4285, ncalls=7696, regioncalls=294000, ndraw=40, logz=-113103.02, remainder_fraction=97.4100%, Lmin=-113089.87, Lmax=-113085.53
11:40:28 [ultranest] [DEBUG] iteration=4303, ncalls=7721, regioncalls=295000, ndraw=40, logz=-113102.87, remainder_fraction=97.0606%, Lmin=-113089.70, Lmax=-113085.52
11:40:28 [ultranest] [DEBUG] iteration=4320, ncalls=7743, regioncalls=295880, ndraw=40, logz=-113102.73, remainder_fraction=96.6239%, Lmin=-113089.54, Lmax=-113085.52
11:40:28 [ultranest] [DEBUG] iteration=4333, ncalls=7769, regioncalls=296920, ndraw=40, logz=-113102.64, remainder_fraction=96.2781%, Lmin=-113089.47, Lmax=-113085.52
11:40:29 [ultranest] [DEBUG] iteration=4350, ncalls=7800, regioncalls=298160, ndraw=40, logz=-113102.51, remainder_fraction=95.7716%, Lmin=-113089.30, Lmax=-113085.52
11:40:29 [ultranest] [DEBUG] iteration=4360, ncalls=7827, regioncalls=299240, ndraw=40, logz=-113102.44, remainder_fraction=95.5101%, Lmin=-113089.23, Lmax=-113085.52
11:40:29 [ultranest] [DEBUG] iteration=4365, ncalls=7836, regioncalls=299640, ndraw=40, logz=-113102.40, remainder_fraction=95.3365%, Lmin=-113089.17, Lmax=-113085.52
11:40:29 [ultranest] [DEBUG] iteration=4383, ncalls=7862, regioncalls=300680, ndraw=40, logz=-113102.28, remainder_fraction=94.6727%, Lmin=-113089.06, Lmax=-113085.52
11:40:29 [ultranest] [DEBUG] iteration=4395, ncalls=7888, regioncalls=301720, ndraw=40, logz=-113102.20, remainder_fraction=94.2223%, Lmin=-113088.97, Lmax=-113085.52
11:40:29 [ultranest] [DEBUG] iteration=4400, ncalls=7893, regioncalls=301920, ndraw=40, logz=-113102.17, remainder_fraction=94.0980%, Lmin=-113088.94, Lmax=-113085.52
11:40:29 [ultranest] [DEBUG] iteration=4414, ncalls=7918, regioncalls=302920, ndraw=40, logz=-113102.08, remainder_fraction=93.4481%, Lmin=-113088.83, Lmax=-113085.52
11:40:29 [ultranest] [DEBUG] iteration=4428, ncalls=7943, regioncalls=303920, ndraw=40, logz=-113101.99, remainder_fraction=92.8142%, Lmin=-113088.76, Lmax=-113085.52
11:40:29 [ultranest] [DEBUG] iteration=4440, ncalls=7966, regioncalls=304840, ndraw=40, logz=-113101.92, remainder_fraction=92.2516%, Lmin=-113088.72, Lmax=-113085.52
11:40:29 [ultranest] [DEBUG] iteration=4445, ncalls=7972, regioncalls=305120, ndraw=40, logz=-113101.89, remainder_fraction=92.0139%, Lmin=-113088.70, Lmax=-113085.52
11:40:29 [ultranest] [DEBUG] iteration=4464, ncalls=7997, regioncalls=306120, ndraw=40, logz=-113101.79, remainder_fraction=91.1184%, Lmin=-113088.58, Lmax=-113085.52
11:40:29 [ultranest] [DEBUG] iteration=4480, ncalls=8017, regioncalls=306920, ndraw=40, logz=-113101.71, remainder_fraction=90.3625%, Lmin=-113088.50, Lmax=-113085.52
11:40:30 [ultranest] [DEBUG] iteration=4494, ncalls=8045, regioncalls=308040, ndraw=40, logz=-113101.64, remainder_fraction=89.6730%, Lmin=-113088.43, Lmax=-113085.52
11:40:30 [ultranest] [DEBUG] iteration=4508, ncalls=8070, regioncalls=309040, ndraw=40, logz=-113101.57, remainder_fraction=88.8490%, Lmin=-113088.35, Lmax=-113085.52
11:40:30 [ultranest] [DEBUG] iteration=4520, ncalls=8088, regioncalls=309760, ndraw=40, logz=-113101.51, remainder_fraction=88.2182%, Lmin=-113088.27, Lmax=-113085.52
11:40:30 [ultranest] [DEBUG] iteration=4525, ncalls=8102, regioncalls=310440, ndraw=40, logz=-113101.49, remainder_fraction=87.9256%, Lmin=-113088.24, Lmax=-113085.52
11:40:30 [ultranest] [DEBUG] iteration=4543, ncalls=8127, regioncalls=311440, ndraw=40, logz=-113101.41, remainder_fraction=86.7309%, Lmin=-113088.15, Lmax=-113085.52
11:40:30 [ultranest] [DEBUG] iteration=4560, ncalls=8151, regioncalls=312400, ndraw=40, logz=-113101.33, remainder_fraction=85.5969%, Lmin=-113088.09, Lmax=-113085.52
11:40:30 [ultranest] [DEBUG] iteration=4576, ncalls=8176, regioncalls=313400, ndraw=40, logz=-113101.27, remainder_fraction=84.5344%, Lmin=-113088.01, Lmax=-113085.52
11:40:30 [ultranest] [DEBUG] iteration=4592, ncalls=8201, regioncalls=314400, ndraw=40, logz=-113101.20, remainder_fraction=83.4544%, Lmin=-113087.93, Lmax=-113085.52
11:40:30 [ultranest] [DEBUG] iteration=4600, ncalls=8216, regioncalls=315000, ndraw=40, logz=-113101.17, remainder_fraction=82.8606%, Lmin=-113087.90, Lmax=-113085.52
11:40:30 [ultranest] [DEBUG] iteration=4605, ncalls=8227, regioncalls=315520, ndraw=40, logz=-113101.15, remainder_fraction=82.4743%, Lmin=-113087.90, Lmax=-113085.52
11:40:30 [ultranest] [DEBUG] iteration=4620, ncalls=8252, regioncalls=316600, ndraw=40, logz=-113101.09, remainder_fraction=81.3747%, Lmin=-113087.81, Lmax=-113085.52
11:40:31 [ultranest] [DEBUG] iteration=4638, ncalls=8278, regioncalls=317640, ndraw=40, logz=-113101.03, remainder_fraction=79.9004%, Lmin=-113087.72, Lmax=-113085.52
11:40:31 [ultranest] [DEBUG] iteration=4640, ncalls=8284, regioncalls=317880, ndraw=40, logz=-113101.02, remainder_fraction=79.8147%, Lmin=-113087.71, Lmax=-113085.52
11:40:31 [ultranest] [DEBUG] iteration=4653, ncalls=8312, regioncalls=319000, ndraw=40, logz=-113100.98, remainder_fraction=78.8010%, Lmin=-113087.65, Lmax=-113085.52
11:40:31 [ultranest] [DEBUG] iteration=4669, ncalls=8337, regioncalls=320000, ndraw=40, logz=-113100.92, remainder_fraction=77.4333%, Lmin=-113087.57, Lmax=-113085.52
11:40:31 [ultranest] [DEBUG] iteration=4680, ncalls=8358, regioncalls=320840, ndraw=40, logz=-113100.88, remainder_fraction=76.7186%, Lmin=-113087.53, Lmax=-113085.52
11:40:31 [ultranest] [DEBUG] iteration=4685, ncalls=8368, regioncalls=321280, ndraw=40, logz=-113100.87, remainder_fraction=76.3087%, Lmin=-113087.50, Lmax=-113085.52
11:40:31 [ultranest] [DEBUG] iteration=4697, ncalls=8392, regioncalls=322240, ndraw=40, logz=-113100.83, remainder_fraction=75.3850%, Lmin=-113087.46, Lmax=-113085.52
11:40:31 [ultranest] [DEBUG] iteration=4713, ncalls=8417, regioncalls=323240, ndraw=40, logz=-113100.78, remainder_fraction=74.1272%, Lmin=-113087.40, Lmax=-113085.52
11:40:31 [ultranest] [DEBUG] iteration=4720, ncalls=8428, regioncalls=323680, ndraw=40, logz=-113100.75, remainder_fraction=73.5499%, Lmin=-113087.39, Lmax=-113085.49
11:40:31 [ultranest] [DEBUG] iteration=4733, ncalls=8455, regioncalls=324760, ndraw=40, logz=-113100.72, remainder_fraction=72.4932%, Lmin=-113087.31, Lmax=-113085.49
11:40:31 [ultranest] [DEBUG] iteration=4747, ncalls=8480, regioncalls=325760, ndraw=40, logz=-113100.67, remainder_fraction=71.4227%, Lmin=-113087.24, Lmax=-113085.49
11:40:31 [ultranest] [DEBUG] iteration=4758, ncalls=8506, regioncalls=326800, ndraw=40, logz=-113100.64, remainder_fraction=70.5437%, Lmin=-113087.20, Lmax=-113085.45
11:40:31 [ultranest] [DEBUG] iteration=4760, ncalls=8510, regioncalls=326960, ndraw=40, logz=-113100.63, remainder_fraction=70.3471%, Lmin=-113087.20, Lmax=-113085.45
11:40:32 [ultranest] [DEBUG] iteration=4765, ncalls=8529, regioncalls=327760, ndraw=40, logz=-113100.62, remainder_fraction=69.8131%, Lmin=-113087.18, Lmax=-113085.45
11:40:32 [ultranest] [DEBUG] iteration=4779, ncalls=8558, regioncalls=328960, ndraw=40, logz=-113100.58, remainder_fraction=68.5404%, Lmin=-113087.14, Lmax=-113085.45
11:40:32 [ultranest] [DEBUG] iteration=4797, ncalls=8582, regioncalls=329920, ndraw=40, logz=-113100.53, remainder_fraction=66.8760%, Lmin=-113087.08, Lmax=-113085.45
11:40:32 [ultranest] [DEBUG] iteration=4800, ncalls=8589, regioncalls=330200, ndraw=40, logz=-113100.52, remainder_fraction=66.6020%, Lmin=-113087.07, Lmax=-113085.45
11:40:32 [ultranest] [DEBUG] iteration=4811, ncalls=8619, regioncalls=331400, ndraw=40, logz=-113100.49, remainder_fraction=65.5783%, Lmin=-113087.04, Lmax=-113085.45
11:40:32 [ultranest] [DEBUG] iteration=4825, ncalls=8644, regioncalls=332400, ndraw=40, logz=-113100.46, remainder_fraction=64.2905%, Lmin=-113087.00, Lmax=-113085.45
11:40:32 [ultranest] [DEBUG] iteration=4839, ncalls=8669, regioncalls=333400, ndraw=40, logz=-113100.42, remainder_fraction=63.0353%, Lmin=-113086.95, Lmax=-113085.45
11:40:32 [ultranest] [DEBUG] iteration=4840, ncalls=8671, regioncalls=333480, ndraw=40, logz=-113100.42, remainder_fraction=62.9483%, Lmin=-113086.95, Lmax=-113085.45
11:40:32 [ultranest] [DEBUG] iteration=4845, ncalls=8679, regioncalls=333840, ndraw=40, logz=-113100.41, remainder_fraction=62.5275%, Lmin=-113086.95, Lmax=-113085.45
11:40:32 [ultranest] [DEBUG] iteration=4864, ncalls=8703, regioncalls=334800, ndraw=40, logz=-113100.37, remainder_fraction=60.6720%, Lmin=-113086.89, Lmax=-113085.45
11:40:32 [ultranest] [DEBUG] iteration=4880, ncalls=8730, regioncalls=335920, ndraw=40, logz=-113100.33, remainder_fraction=59.2969%, Lmin=-113086.85, Lmax=-113085.45
11:40:32 [ultranest] [DEBUG] iteration=4895, ncalls=8756, regioncalls=336960, ndraw=40, logz=-113100.30, remainder_fraction=57.8721%, Lmin=-113086.81, Lmax=-113085.45
11:40:33 [ultranest] [DEBUG] iteration=4909, ncalls=8781, regioncalls=337960, ndraw=40, logz=-113100.27, remainder_fraction=56.5279%, Lmin=-113086.78, Lmax=-113085.45
11:40:33 [ultranest] [DEBUG] iteration=4920, ncalls=8801, regioncalls=338760, ndraw=40, logz=-113100.25, remainder_fraction=55.5405%, Lmin=-113086.76, Lmax=-113085.45
11:40:33 [ultranest] [DEBUG] iteration=4925, ncalls=8808, regioncalls=339080, ndraw=40, logz=-113100.24, remainder_fraction=55.0846%, Lmin=-113086.75, Lmax=-113085.45
11:40:33 [ultranest] [DEBUG] iteration=4942, ncalls=8835, regioncalls=340160, ndraw=40, logz=-113100.21, remainder_fraction=53.5554%, Lmin=-113086.71, Lmax=-113085.45
11:40:33 [ultranest] [DEBUG] iteration=4960, ncalls=8858, regioncalls=341120, ndraw=40, logz=-113100.17, remainder_fraction=52.0254%, Lmin=-113086.67, Lmax=-113085.45
11:40:33 [ultranest] [DEBUG] iteration=4978, ncalls=8883, regioncalls=342120, ndraw=40, logz=-113100.14, remainder_fraction=50.5339%, Lmin=-113086.64, Lmax=-113085.45
11:40:33 [ultranest] [DEBUG] iteration=4991, ncalls=8908, regioncalls=343120, ndraw=40, logz=-113100.12, remainder_fraction=49.3733%, Lmin=-113086.61, Lmax=-113085.45
11:40:33 [ultranest] [DEBUG] iteration=5000, ncalls=8921, regioncalls=343640, ndraw=40, logz=-113100.11, remainder_fraction=48.6706%, Lmin=-113086.59, Lmax=-113085.45
11:40:33 [ultranest] [DEBUG] iteration=5005, ncalls=8926, regioncalls=343880, ndraw=40, logz=-113100.10, remainder_fraction=48.3630%, Lmin=-113086.58, Lmax=-113085.45
11:40:33 [ultranest] [DEBUG] iteration=5022, ncalls=8951, regioncalls=344880, ndraw=40, logz=-113100.07, remainder_fraction=46.9324%, Lmin=-113086.55, Lmax=-113085.45
11:40:33 [ultranest] [DEBUG] iteration=5036, ncalls=8978, regioncalls=345960, ndraw=40, logz=-113100.05, remainder_fraction=45.8623%, Lmin=-113086.53, Lmax=-113085.45
11:40:33 [ultranest] [DEBUG] iteration=5040, ncalls=8983, regioncalls=346160, ndraw=40, logz=-113100.05, remainder_fraction=45.5432%, Lmin=-113086.52, Lmax=-113085.45
11:40:34 [ultranest] [DEBUG] iteration=5049, ncalls=9009, regioncalls=347200, ndraw=40, logz=-113100.03, remainder_fraction=44.7933%, Lmin=-113086.50, Lmax=-113085.45
11:40:34 [ultranest] [DEBUG] iteration=5066, ncalls=9035, regioncalls=348240, ndraw=40, logz=-113100.01, remainder_fraction=43.4291%, Lmin=-113086.47, Lmax=-113085.45
11:40:34 [ultranest] [DEBUG] iteration=5079, ncalls=9061, regioncalls=349280, ndraw=40, logz=-113099.99, remainder_fraction=42.4412%, Lmin=-113086.44, Lmax=-113085.45
11:40:34 [ultranest] [DEBUG] iteration=5080, ncalls=9062, regioncalls=349320, ndraw=40, logz=-113099.99, remainder_fraction=42.3928%, Lmin=-113086.44, Lmax=-113085.45
11:40:34 [ultranest] [DEBUG] iteration=5085, ncalls=9069, regioncalls=349680, ndraw=40, logz=-113099.98, remainder_fraction=42.0325%, Lmin=-113086.43, Lmax=-113085.45
11:40:34 [ultranest] [DEBUG] iteration=5102, ncalls=9093, regioncalls=350640, ndraw=40, logz=-113099.96, remainder_fraction=40.7285%, Lmin=-113086.40, Lmax=-113085.45
11:40:34 [ultranest] [DEBUG] iteration=5119, ncalls=9117, regioncalls=351640, ndraw=40, logz=-113099.94, remainder_fraction=39.4049%, Lmin=-113086.36, Lmax=-113085.45
11:40:34 [ultranest] [DEBUG] iteration=5120, ncalls=9119, regioncalls=351720, ndraw=40, logz=-113099.94, remainder_fraction=39.3183%, Lmin=-113086.36, Lmax=-113085.45
11:40:34 [ultranest] [DEBUG] iteration=5138, ncalls=9146, regioncalls=352800, ndraw=40, logz=-113099.92, remainder_fraction=38.0536%, Lmin=-113086.34, Lmax=-113085.45
11:40:34 [ultranest] [DEBUG] iteration=5155, ncalls=9170, regioncalls=353760, ndraw=40, logz=-113099.90, remainder_fraction=36.8184%, Lmin=-113086.31, Lmax=-113085.45
11:40:34 [ultranest] [DEBUG] iteration=5160, ncalls=9182, regioncalls=354240, ndraw=40, logz=-113099.89, remainder_fraction=36.4386%, Lmin=-113086.30, Lmax=-113085.45
11:40:34 [ultranest] [DEBUG] iteration=5165, ncalls=9193, regioncalls=354720, ndraw=40, logz=-113099.89, remainder_fraction=36.0907%, Lmin=-113086.30, Lmax=-113085.45
11:40:34 [ultranest] [DEBUG] iteration=5184, ncalls=9217, regioncalls=355720, ndraw=40, logz=-113099.87, remainder_fraction=34.8249%, Lmin=-113086.27, Lmax=-113085.45
11:40:35 [ultranest] [DEBUG] iteration=5198, ncalls=9242, regioncalls=356720, ndraw=40, logz=-113099.85, remainder_fraction=33.7540%, Lmin=-113086.25, Lmax=-113085.45
11:40:35 [ultranest] [DEBUG] iteration=5200, ncalls=9244, regioncalls=356800, ndraw=40, logz=-113099.85, remainder_fraction=33.6191%, Lmin=-113086.25, Lmax=-113085.45
11:40:35 [ultranest] [DEBUG] iteration=5217, ncalls=9269, regioncalls=357800, ndraw=40, logz=-113099.83, remainder_fraction=32.6104%, Lmin=-113086.21, Lmax=-113085.45
11:40:35 [ultranest] [DEBUG] iteration=5233, ncalls=9296, regioncalls=358880, ndraw=40, logz=-113099.82, remainder_fraction=31.5937%, Lmin=-113086.19, Lmax=-113085.45
11:40:35 [ultranest] [DEBUG] iteration=5240, ncalls=9306, regioncalls=359280, ndraw=40, logz=-113099.81, remainder_fraction=31.0966%, Lmin=-113086.18, Lmax=-113085.45
11:40:35 [ultranest] [DEBUG] iteration=5254, ncalls=9330, regioncalls=360240, ndraw=40, logz=-113099.80, remainder_fraction=30.2657%, Lmin=-113086.16, Lmax=-113085.45
11:40:35 [ultranest] [DEBUG] iteration=5270, ncalls=9357, regioncalls=361320, ndraw=40, logz=-113099.79, remainder_fraction=29.2687%, Lmin=-113086.14, Lmax=-113085.45
11:40:35 [ultranest] [DEBUG] iteration=5280, ncalls=9377, regioncalls=362120, ndraw=40, logz=-113099.78, remainder_fraction=28.6356%, Lmin=-113086.12, Lmax=-113085.45
11:40:35 [ultranest] [DEBUG] iteration=5298, ncalls=9404, regioncalls=363200, ndraw=40, logz=-113099.76, remainder_fraction=27.5292%, Lmin=-113086.09, Lmax=-113085.45
11:40:35 [ultranest] [DEBUG] iteration=5312, ncalls=9429, regioncalls=364200, ndraw=40, logz=-113099.75, remainder_fraction=26.7138%, Lmin=-113086.08, Lmax=-113085.45
11:40:35 [ultranest] [DEBUG] iteration=5320, ncalls=9447, regioncalls=364920, ndraw=40, logz=-113099.74, remainder_fraction=26.2131%, Lmin=-113086.07, Lmax=-113085.45
11:40:35 [ultranest] [DEBUG] iteration=5325, ncalls=9457, regioncalls=365360, ndraw=40, logz=-113099.74, remainder_fraction=25.9232%, Lmin=-113086.06, Lmax=-113085.45
11:40:36 [ultranest] [DEBUG] iteration=5346, ncalls=9481, regioncalls=366320, ndraw=40, logz=-113099.72, remainder_fraction=24.7338%, Lmin=-113086.03, Lmax=-113085.45
11:40:36 [ultranest] [DEBUG] iteration=5360, ncalls=9505, regioncalls=367280, ndraw=40, logz=-113099.72, remainder_fraction=23.9315%, Lmin=-113086.02, Lmax=-113085.45
11:40:36 [ultranest] [DEBUG] iteration=5375, ncalls=9530, regioncalls=368280, ndraw=40, logz=-113099.70, remainder_fraction=23.1109%, Lmin=-113086.00, Lmax=-113085.45
11:40:36 [ultranest] [DEBUG] iteration=5391, ncalls=9555, regioncalls=369280, ndraw=40, logz=-113099.69, remainder_fraction=22.2899%, Lmin=-113085.98, Lmax=-113085.45
11:40:36 [ultranest] [DEBUG] iteration=5400, ncalls=9575, regioncalls=370080, ndraw=40, logz=-113099.69, remainder_fraction=21.8136%, Lmin=-113085.98, Lmax=-113085.45
11:40:36 [ultranest] [DEBUG] iteration=5405, ncalls=9584, regioncalls=370480, ndraw=40, logz=-113099.69, remainder_fraction=21.5836%, Lmin=-113085.97, Lmax=-113085.45
11:40:36 [ultranest] [DEBUG] iteration=5422, ncalls=9607, regioncalls=371400, ndraw=40, logz=-113099.67, remainder_fraction=20.7805%, Lmin=-113085.96, Lmax=-113085.45
11:40:36 [ultranest] [DEBUG] iteration=5440, ncalls=9627, regioncalls=372240, ndraw=40, logz=-113099.66, remainder_fraction=19.9693%, Lmin=-113085.94, Lmax=-113085.45
11:40:36 [ultranest] [DEBUG] iteration=5455, ncalls=9654, regioncalls=373320, ndraw=40, logz=-113099.66, remainder_fraction=19.2675%, Lmin=-113085.93, Lmax=-113085.45
11:40:36 [ultranest] [DEBUG] iteration=5472, ncalls=9678, regioncalls=374280, ndraw=40, logz=-113099.65, remainder_fraction=18.5492%, Lmin=-113085.91, Lmax=-113085.45
11:40:36 [ultranest] [DEBUG] iteration=5480, ncalls=9696, regioncalls=375000, ndraw=40, logz=-113099.64, remainder_fraction=18.2013%, Lmin=-113085.90, Lmax=-113085.45
11:40:36 [ultranest] [DEBUG] iteration=5485, ncalls=9706, regioncalls=375520, ndraw=40, logz=-113099.64, remainder_fraction=17.9894%, Lmin=-113085.89, Lmax=-113085.45
11:40:37 [ultranest] [DEBUG] iteration=5503, ncalls=9732, regioncalls=376560, ndraw=40, logz=-113099.63, remainder_fraction=17.2624%, Lmin=-113085.88, Lmax=-113085.45
11:40:37 [ultranest] [DEBUG] iteration=5519, ncalls=9757, regioncalls=377560, ndraw=40, logz=-113099.62, remainder_fraction=16.6446%, Lmin=-113085.87, Lmax=-113085.45
11:40:37 [ultranest] [DEBUG] iteration=5520, ncalls=9758, regioncalls=377600, ndraw=40, logz=-113099.62, remainder_fraction=16.6027%, Lmin=-113085.86, Lmax=-113085.45
11:40:37 [ultranest] [DEBUG] iteration=5533, ncalls=9784, regioncalls=378640, ndraw=40, logz=-113099.62, remainder_fraction=16.1219%, Lmin=-113085.85, Lmax=-113085.45
11:40:37 [ultranest] [DEBUG] iteration=5550, ncalls=9808, regioncalls=379600, ndraw=40, logz=-113099.61, remainder_fraction=15.4800%, Lmin=-113085.84, Lmax=-113085.45
11:40:37 [ultranest] [DEBUG] iteration=5560, ncalls=9821, regioncalls=380120, ndraw=40, logz=-113099.60, remainder_fraction=15.0984%, Lmin=-113085.83, Lmax=-113085.45
11:40:37 [ultranest] [DEBUG] iteration=5565, ncalls=9830, regioncalls=380560, ndraw=40, logz=-113099.60, remainder_fraction=14.9226%, Lmin=-113085.83, Lmax=-113085.45
11:40:37 [ultranest] [DEBUG] iteration=5582, ncalls=9854, regioncalls=381520, ndraw=40, logz=-113099.60, remainder_fraction=14.3257%, Lmin=-113085.82, Lmax=-113085.45
11:40:37 [ultranest] [DEBUG] iteration=5600, ncalls=9878, regioncalls=382600, ndraw=40, logz=-113099.59, remainder_fraction=13.7489%, Lmin=-113085.81, Lmax=-113085.45
11:40:37 [ultranest] [DEBUG] iteration=5614, ncalls=9903, regioncalls=383600, ndraw=40, logz=-113099.58, remainder_fraction=13.3103%, Lmin=-113085.79, Lmax=-113085.45
11:40:37 [ultranest] [DEBUG] iteration=5629, ncalls=9930, regioncalls=384680, ndraw=40, logz=-113099.58, remainder_fraction=12.8228%, Lmin=-113085.78, Lmax=-113085.45
11:40:37 [ultranest] [DEBUG] iteration=5640, ncalls=9946, regioncalls=385320, ndraw=40, logz=-113099.57, remainder_fraction=12.4851%, Lmin=-113085.78, Lmax=-113085.45
11:40:38 [ultranest] [DEBUG] iteration=5655, ncalls=9973, regioncalls=386400, ndraw=40, logz=-113099.57, remainder_fraction=12.0267%, Lmin=-113085.77, Lmax=-113085.44
11:40:38 [ultranest] [DEBUG] iteration=5668, ncalls=9998, regioncalls=387400, ndraw=40, logz=-113099.56, remainder_fraction=11.6524%, Lmin=-113085.76, Lmax=-113085.44
11:40:38 [ultranest] [DEBUG] iteration=5680, ncalls=10017, regioncalls=388160, ndraw=40, logz=-113099.56, remainder_fraction=11.3049%, Lmin=-113085.76, Lmax=-113085.44
11:40:38 [ultranest] [DEBUG] iteration=5693, ncalls=10044, regioncalls=389240, ndraw=40, logz=-113099.56, remainder_fraction=10.9493%, Lmin=-113085.75, Lmax=-113085.44
11:40:38 [ultranest] [DEBUG] iteration=5707, ncalls=10069, regioncalls=390240, ndraw=40, logz=-113099.55, remainder_fraction=10.5861%, Lmin=-113085.74, Lmax=-113085.44
11:40:38 [ultranest] [DEBUG] iteration=5720, ncalls=10090, regioncalls=391080, ndraw=40, logz=-113099.55, remainder_fraction=10.2660%, Lmin=-113085.74, Lmax=-113085.44
11:40:38 [ultranest] [DEBUG] iteration=5725, ncalls=10096, regioncalls=391360, ndraw=40, logz=-113099.55, remainder_fraction=10.1418%, Lmin=-113085.73, Lmax=-113085.44
11:40:38 [ultranest] [DEBUG] iteration=5743, ncalls=10120, regioncalls=392320, ndraw=40, logz=-113099.54, remainder_fraction=9.7038%, Lmin=-113085.72, Lmax=-113085.44
11:40:38 [ultranest] [DEBUG] iteration=5759, ncalls=10145, regioncalls=393320, ndraw=40, logz=-113099.54, remainder_fraction=9.3093%, Lmin=-113085.71, Lmax=-113085.44
11:40:38 [ultranest] [DEBUG] iteration=5760, ncalls=10146, regioncalls=393360, ndraw=40, logz=-113099.54, remainder_fraction=9.2871%, Lmin=-113085.71, Lmax=-113085.44
11:40:38 [ultranest] [DEBUG] iteration=5776, ncalls=10171, regioncalls=394360, ndraw=40, logz=-113099.53, remainder_fraction=8.9130%, Lmin=-113085.70, Lmax=-113085.44
11:40:39 [ultranest] [DEBUG] iteration=5791, ncalls=10197, regioncalls=395400, ndraw=40, logz=-113099.53, remainder_fraction=8.5775%, Lmin=-113085.70, Lmax=-113085.44
11:40:39 [ultranest] [DEBUG] iteration=5800, ncalls=10213, regioncalls=396040, ndraw=40, logz=-113099.53, remainder_fraction=8.3859%, Lmin=-113085.69, Lmax=-113085.44
11:40:39 [ultranest] [DEBUG] iteration=5805, ncalls=10220, regioncalls=396360, ndraw=40, logz=-113099.53, remainder_fraction=8.2803%, Lmin=-113085.69, Lmax=-113085.44
11:40:39 [ultranest] [DEBUG] iteration=5822, ncalls=10244, regioncalls=397320, ndraw=40, logz=-113099.52, remainder_fraction=7.9270%, Lmin=-113085.68, Lmax=-113085.44
11:40:39 [ultranest] [DEBUG] iteration=5838, ncalls=10269, regioncalls=398320, ndraw=40, logz=-113099.52, remainder_fraction=7.6043%, Lmin=-113085.68, Lmax=-113085.44
11:40:39 [ultranest] [DEBUG] iteration=5840, ncalls=10271, regioncalls=398400, ndraw=40, logz=-113099.52, remainder_fraction=7.5652%, Lmin=-113085.67, Lmax=-113085.44
11:40:39 [ultranest] [DEBUG] iteration=5856, ncalls=10296, regioncalls=399400, ndraw=40, logz=-113099.52, remainder_fraction=7.2647%, Lmin=-113085.66, Lmax=-113085.44
11:40:39 [ultranest] [DEBUG] iteration=5875, ncalls=10320, regioncalls=400360, ndraw=40, logz=-113099.51, remainder_fraction=6.9208%, Lmin=-113085.66, Lmax=-113085.44
11:40:39 [ultranest] [DEBUG] iteration=5880, ncalls=10334, regioncalls=400920, ndraw=40, logz=-113099.51, remainder_fraction=6.8315%, Lmin=-113085.66, Lmax=-113085.44
11:40:39 [ultranest] [DEBUG] iteration=5885, ncalls=10340, regioncalls=401200, ndraw=40, logz=-113099.51, remainder_fraction=6.7439%, Lmin=-113085.65, Lmax=-113085.44
11:40:39 [ultranest] [DEBUG] iteration=5903, ncalls=10364, regioncalls=402280, ndraw=40, logz=-113099.51, remainder_fraction=6.4273%, Lmin=-113085.65, Lmax=-113085.44
11:40:39 [ultranest] [DEBUG] iteration=5920, ncalls=10388, regioncalls=403240, ndraw=40, logz=-113099.50, remainder_fraction=6.1512%, Lmin=-113085.64, Lmax=-113085.44
11:40:39 [ultranest] [DEBUG] iteration=5940, ncalls=10412, regioncalls=404200, ndraw=40, logz=-113099.50, remainder_fraction=5.8365%, Lmin=-113085.64, Lmax=-113085.44
11:40:40 [ultranest] [DEBUG] iteration=5955, ncalls=10438, regioncalls=405240, ndraw=40, logz=-113099.50, remainder_fraction=5.6172%, Lmin=-113085.63, Lmax=-113085.44
11:40:40 [ultranest] [DEBUG] iteration=5960, ncalls=10446, regioncalls=405560, ndraw=40, logz=-113099.50, remainder_fraction=5.5416%, Lmin=-113085.63, Lmax=-113085.44
11:40:40 [ultranest] [DEBUG] iteration=5973, ncalls=10470, regioncalls=406520, ndraw=40, logz=-113099.50, remainder_fraction=5.3569%, Lmin=-113085.62, Lmax=-113085.44
11:40:40 [ultranest] [DEBUG] iteration=5989, ncalls=10495, regioncalls=407520, ndraw=40, logz=-113099.49, remainder_fraction=5.1376%, Lmin=-113085.61, Lmax=-113085.44
11:40:40 [ultranest] [DEBUG] iteration=6000, ncalls=10521, regioncalls=408560, ndraw=40, logz=-113099.49, remainder_fraction=4.9939%, Lmin=-113085.61, Lmax=-113085.44
11:40:40 [ultranest] [DEBUG] iteration=6015, ncalls=10546, regioncalls=409560, ndraw=40, logz=-113099.49, remainder_fraction=4.8036%, Lmin=-113085.61, Lmax=-113085.44
11:40:40 [ultranest] [DEBUG] iteration=6031, ncalls=10573, regioncalls=410640, ndraw=40, logz=-113099.49, remainder_fraction=4.6029%, Lmin=-113085.60, Lmax=-113085.44
11:40:40 [ultranest] [DEBUG] iteration=6040, ncalls=10592, regioncalls=411400, ndraw=40, logz=-113099.49, remainder_fraction=4.4951%, Lmin=-113085.60, Lmax=-113085.44
11:40:40 [ultranest] [DEBUG] iteration=6045, ncalls=10598, regioncalls=411680, ndraw=40, logz=-113099.49, remainder_fraction=4.4375%, Lmin=-113085.60, Lmax=-113085.44
11:40:40 [ultranest] [DEBUG] iteration=6065, ncalls=10622, regioncalls=412640, ndraw=40, logz=-113099.48, remainder_fraction=4.2065%, Lmin=-113085.59, Lmax=-113085.44
11:40:40 [ultranest] [DEBUG] iteration=6079, ncalls=10647, regioncalls=413640, ndraw=40, logz=-113099.48, remainder_fraction=4.0522%, Lmin=-113085.59, Lmax=-113085.44
11:40:40 [ultranest] [DEBUG] iteration=6080, ncalls=10648, regioncalls=413680, ndraw=40, logz=-113099.48, remainder_fraction=4.0413%, Lmin=-113085.59, Lmax=-113085.44
11:40:41 [ultranest] [DEBUG] iteration=6098, ncalls=10672, regioncalls=414640, ndraw=40, logz=-113099.48, remainder_fraction=3.8525%, Lmin=-113085.58, Lmax=-113085.44
11:40:41 [ultranest] [DEBUG] iteration=6112, ncalls=10697, regioncalls=415640, ndraw=40, logz=-113099.48, remainder_fraction=3.7119%, Lmin=-113085.58, Lmax=-113085.44
11:40:41 [ultranest] [DEBUG] iteration=6120, ncalls=10720, regioncalls=416560, ndraw=40, logz=-113099.48, remainder_fraction=3.6318%, Lmin=-113085.58, Lmax=-113085.44
11:40:41 [ultranest] [DEBUG] iteration=6125, ncalls=10728, regioncalls=416920, ndraw=40, logz=-113099.48, remainder_fraction=3.5833%, Lmin=-113085.58, Lmax=-113085.44
11:40:41 [ultranest] [DEBUG] iteration=6140, ncalls=10753, regioncalls=417920, ndraw=40, logz=-113099.48, remainder_fraction=3.4438%, Lmin=-113085.57, Lmax=-113085.44
11:40:41 [ultranest] [DEBUG] iteration=6156, ncalls=10779, regioncalls=418960, ndraw=40, logz=-113099.47, remainder_fraction=3.2987%, Lmin=-113085.57, Lmax=-113085.44
11:40:41 [ultranest] [DEBUG] iteration=6160, ncalls=10784, regioncalls=419160, ndraw=40, logz=-113099.47, remainder_fraction=3.2636%, Lmin=-113085.57, Lmax=-113085.44
11:40:41 [ultranest] [DEBUG] iteration=6176, ncalls=10809, regioncalls=420160, ndraw=40, logz=-113099.47, remainder_fraction=3.1270%, Lmin=-113085.56, Lmax=-113085.44
11:40:41 [ultranest] [DEBUG] iteration=6188, ncalls=10838, regioncalls=421320, ndraw=40, logz=-113099.47, remainder_fraction=3.0286%, Lmin=-113085.56, Lmax=-113085.44
11:40:41 [ultranest] [DEBUG] iteration=6200, ncalls=10862, regioncalls=422280, ndraw=40, logz=-113099.47, remainder_fraction=2.9322%, Lmin=-113085.56, Lmax=-113085.44
11:40:41 [ultranest] [DEBUG] iteration=6205, ncalls=10873, regioncalls=422760, ndraw=40, logz=-113099.47, remainder_fraction=2.8935%, Lmin=-113085.56, Lmax=-113085.44
11:40:41 [ultranest] [DEBUG] iteration=6226, ncalls=10897, regioncalls=423720, ndraw=40, logz=-113099.47, remainder_fraction=2.7353%, Lmin=-113085.55, Lmax=-113085.44
11:40:42 [ultranest] [DEBUG] iteration=6240, ncalls=10917, regioncalls=424520, ndraw=40, logz=-113099.47, remainder_fraction=2.6343%, Lmin=-113085.55, Lmax=-113085.44
11:40:42 [ultranest] [DEBUG] iteration=6257, ncalls=10941, regioncalls=425480, ndraw=40, logz=-113099.47, remainder_fraction=2.5150%, Lmin=-113085.55, Lmax=-113085.44
11:40:42 [ultranest] [DEBUG] iteration=6273, ncalls=10967, regioncalls=426520, ndraw=40, logz=-113099.46, remainder_fraction=2.4082%, Lmin=-113085.54, Lmax=-113085.44
11:40:42 [ultranest] [DEBUG] iteration=6280, ncalls=10978, regioncalls=426960, ndraw=40, logz=-113099.46, remainder_fraction=2.3624%, Lmin=-113085.54, Lmax=-113085.44
11:40:42 [ultranest] [DEBUG] iteration=6285, ncalls=10983, regioncalls=427240, ndraw=40, logz=-113099.46, remainder_fraction=2.3309%, Lmin=-113085.54, Lmax=-113085.44
11:40:42 [ultranest] [DEBUG] iteration=6305, ncalls=11007, regioncalls=428200, ndraw=40, logz=-113099.46, remainder_fraction=2.2082%, Lmin=-113085.54, Lmax=-113085.44
11:40:42 [ultranest] [DEBUG] iteration=6320, ncalls=11025, regioncalls=428920, ndraw=40, logz=-113099.46, remainder_fraction=2.1206%, Lmin=-113085.54, Lmax=-113085.44
11:40:42 [ultranest] [DEBUG] iteration=6337, ncalls=11049, regioncalls=429880, ndraw=40, logz=-113099.46, remainder_fraction=2.0258%, Lmin=-113085.53, Lmax=-113085.44
11:40:42 [ultranest] [DEBUG] iteration=6351, ncalls=11074, regioncalls=430880, ndraw=40, logz=-113099.46, remainder_fraction=1.9515%, Lmin=-113085.53, Lmax=-113085.44
11:40:42 [ultranest] [DEBUG] iteration=6360, ncalls=11086, regioncalls=431360, ndraw=40, logz=-113099.46, remainder_fraction=1.9045%, Lmin=-113085.53, Lmax=-113085.44
11:40:42 [ultranest] [DEBUG] iteration=6365, ncalls=11092, regioncalls=431640, ndraw=40, logz=-113099.46, remainder_fraction=1.8785%, Lmin=-113085.53, Lmax=-113085.44
11:40:42 [ultranest] [DEBUG] iteration=6385, ncalls=11116, regioncalls=432600, ndraw=40, logz=-113099.46, remainder_fraction=1.7796%, Lmin=-113085.53, Lmax=-113085.44
11:40:42 [ultranest] [DEBUG] iteration=6400, ncalls=11138, regioncalls=433480, ndraw=40, logz=-113099.46, remainder_fraction=1.7089%, Lmin=-113085.52, Lmax=-113085.44
11:40:43 [ultranest] [DEBUG] iteration=6415, ncalls=11163, regioncalls=434480, ndraw=40, logz=-113099.46, remainder_fraction=1.6403%, Lmin=-113085.52, Lmax=-113085.44
11:40:43 [ultranest] [DEBUG] iteration=6431, ncalls=11189, regioncalls=435520, ndraw=40, logz=-113099.46, remainder_fraction=1.5706%, Lmin=-113085.52, Lmax=-113085.44
11:40:43 [ultranest] [DEBUG] iteration=6440, ncalls=11208, regioncalls=436280, ndraw=40, logz=-113099.46, remainder_fraction=1.5326%, Lmin=-113085.52, Lmax=-113085.44
11:40:43 [ultranest] [DEBUG] iteration=6456, ncalls=11231, regioncalls=437200, ndraw=40, logz=-113099.45, remainder_fraction=1.4665%, Lmin=-113085.51, Lmax=-113085.44
11:40:43 [ultranest] [DEBUG] iteration=6471, ncalls=11256, regioncalls=438200, ndraw=40, logz=-113099.45, remainder_fraction=1.4076%, Lmin=-113085.51, Lmax=-113085.44
11:40:43 [ultranest] [DEBUG] iteration=6480, ncalls=11272, regioncalls=438840, ndraw=40, logz=-113099.45, remainder_fraction=1.3733%, Lmin=-113085.51, Lmax=-113085.44
11:40:43 [ultranest] [DEBUG] iteration=6495, ncalls=11297, regioncalls=439840, ndraw=40, logz=-113099.45, remainder_fraction=1.3183%, Lmin=-113085.51, Lmax=-113085.44
11:40:43 [ultranest] [DEBUG] iteration=6509, ncalls=11324, regioncalls=440920, ndraw=40, logz=-113099.45, remainder_fraction=1.2686%, Lmin=-113085.51, Lmax=-113085.44
11:40:43 [ultranest] [DEBUG] iteration=6520, ncalls=11339, regioncalls=441520, ndraw=40, logz=-113099.45, remainder_fraction=1.2308%, Lmin=-113085.51, Lmax=-113085.44
11:40:43 [ultranest] [DEBUG] iteration=6525, ncalls=11354, regioncalls=442160, ndraw=40, logz=-113099.45, remainder_fraction=1.2141%, Lmin=-113085.51, Lmax=-113085.44
11:40:43 [ultranest] [DEBUG] iteration=6541, ncalls=11380, regioncalls=443200, ndraw=40, logz=-113099.45, remainder_fraction=1.1620%, Lmin=-113085.50, Lmax=-113085.44
11:40:44 [ultranest] [DEBUG] iteration=6559, ncalls=11405, regioncalls=444200, ndraw=40, logz=-113099.45, remainder_fraction=1.1062%, Lmin=-113085.50, Lmax=-113085.44
11:40:44 [ultranest] [DEBUG] iteration=6560, ncalls=11406, regioncalls=444240, ndraw=40, logz=-113099.45, remainder_fraction=1.1031%, Lmin=-113085.50, Lmax=-113085.44
11:40:44 [ultranest] [DEBUG] iteration=6573, ncalls=11431, regioncalls=445240, ndraw=40, logz=-113099.45, remainder_fraction=1.0641%, Lmin=-113085.50, Lmax=-113085.44
11:40:44 [ultranest] [DEBUG] iteration=6588, ncalls=11456, regioncalls=446240, ndraw=40, logz=-113099.45, remainder_fraction=1.0207%, Lmin=-113085.50, Lmax=-113085.44
11:40:44 [ultranest] [INFO] Explored until L=-1e+05  
11:40:44 [ultranest] [INFO] Likelihood function evaluations: 11469
11:40:45 [ultranest] [INFO] Writing samples and results to disk ...
11:40:46 [ultranest] [INFO] Writing samples and results to disk ... done
11:40:46 [ultranest] [DEBUG] did a run_iter pass!
11:40:46 [ultranest] [INFO]   logZ = -1.131e+05 +- 0.1581
11:40:46 [ultranest] [INFO] Effective samples strategy satisfied (ESS = 1655.9, need >400)
11:40:46 [ultranest] [INFO] Posterior uncertainty strategy is satisfied (KL: 0.47+-0.10 nat, need <0.50 nat)
11:40:46 [ultranest] [INFO] Evidency uncertainty strategy is satisfied (dlogz=0.16, need <0.5)
11:40:46 [ultranest] [INFO]   logZ error budget: single: 0.19 bs:0.16 tail:0.01 total:0.16 required:<0.50
11:40:46 [ultranest] [INFO] done iterating.
11:40:46 [ultranest] [DEBUG] Making corner plot ...
11:40:46 [ultranest] [DEBUG] Making corner plot ... done
11:40:46 [ultranest] [DEBUG] Making run plot ... 
11:40:47 [ultranest] [DEBUG] Making run plot ... done
11:40:47 [ultranest] [DEBUG] Making trace plot ... 
11:40:48 [ultranest] [DEBUG] Making trace plot ... done
