15:31:40 [ultranest] [DEBUG] ReactiveNestedSampler: dims=3+0, resume=False, log_dir=./m-values/N24/S24/M24/T031/P025/NF3/sample_rho, backend=hdf5, vectorized=False, nbootstraps=30, ndraw=128..65536
15:31:40 [ultranest] [INFO] Sampling 400 live points from prior ...
15:31:41 [ultranest] [DEBUG] run_iter dlogz=0.5, dKL=0.5, frac_remain=0.01, Lepsilon=0.0010, min_ess=400
15:31:41 [ultranest] [DEBUG] max_iters=-1, max_ncalls=-1, max_num_improvement_loops=-1, min_num_live_points=400, cluster_num_live_points=40
15:31:41 [ultranest] [DEBUG] minimal_widths_sequence: [(-inf, 400.0), (inf, 400.0)]
15:31:41 [ultranest] [DEBUG] Plateau detected at L=-1.356683e+07, not replacing live point.
15:31:41 [ultranest] [DEBUG] Plateau detected at L=-1.356683e+07, not replacing live point.
15:31:41 [ultranest] [DEBUG] Plateau detected at L=-1.356683e+07, not replacing live point.
15:31:41 [ultranest] [DEBUG] Plateau detected at L=-1.356683e+07, not replacing live point.
15:31:41 [ultranest] [DEBUG] Plateau detected at L=-1.356683e+07, not replacing live point.
15:31:41 [ultranest] [DEBUG] Plateau detected at L=-1.356683e+07, not replacing live point.
15:31:41 [ultranest] [DEBUG] Plateau detected at L=-1.356683e+07, not replacing live point.
15:31:41 [ultranest] [DEBUG] Plateau detected at L=-1.356683e+07, not replacing live point.
15:31:41 [ultranest] [DEBUG] Plateau detected at L=-1.356683e+07, not replacing live point.
15:31:41 [ultranest] [DEBUG] Plateau detected at L=-1.356683e+07, not replacing live point.
15:31:41 [ultranest] [DEBUG] Plateau detected at L=-1.356683e+07, not replacing live point.
15:31:41 [ultranest] [DEBUG] Plateau detected at L=-1.356683e+07, not replacing live point.
15:31:41 [ultranest] [DEBUG] Plateau detected at L=-1.356683e+07, not replacing live point.
15:31:41 [ultranest] [DEBUG] Plateau detected at L=-1.356683e+07, not replacing live point.
15:31:41 [ultranest] [DEBUG] Plateau detected at L=-1.356683e+07, not replacing live point.
15:31:41 [ultranest] [DEBUG] Plateau detected at L=-1.356683e+07, not replacing live point.
15:31:41 [ultranest] [DEBUG] Plateau detected at L=-1.356683e+07, not replacing live point.
15:31:41 [ultranest] [DEBUG] Plateau detected at L=-1.356683e+07, not replacing live point.
15:31:41 [ultranest] [DEBUG] Plateau detected at L=-1.356683e+07, not replacing live point.
15:31:41 [ultranest] [DEBUG] Plateau detected at L=-1.356683e+07, not replacing live point.
15:31:41 [ultranest] [DEBUG] Plateau detected at L=-1.356683e+07, not replacing live point.
15:31:41 [ultranest] [DEBUG] Plateau detected at L=-1.356683e+07, not replacing live point.
15:31:41 [ultranest] [DEBUG] Plateau detected at L=-1.356683e+07, not replacing live point.
15:31:41 [ultranest] [DEBUG] Plateau detected at L=-1.356683e+07, not replacing live point.
15:31:41 [ultranest] [DEBUG] Plateau detected at L=-1.356683e+07, not replacing live point.
15:31:41 [ultranest] [DEBUG] Plateau detected at L=-1.356683e+07, not replacing live point.
15:31:41 [ultranest] [DEBUG] Plateau detected at L=-1.356683e+07, not replacing live point.
15:31:41 [ultranest] [DEBUG] Plateau detected at L=-1.356683e+07, not replacing live point.
15:31:41 [ultranest] [DEBUG] Plateau detected at L=-1.356683e+07, not replacing live point.
15:31:41 [ultranest] [DEBUG] Plateau detected at L=-1.356683e+07, not replacing live point.
15:31:41 [ultranest] [DEBUG] Plateau detected at L=-1.356683e+07, not replacing live point.
15:31:41 [ultranest] [DEBUG] Plateau detected at L=-1.356683e+07, not replacing live point.
15:31:41 [ultranest] [DEBUG] Plateau detected at L=-1.356683e+07, not replacing live point.
15:31:41 [ultranest] [DEBUG] Plateau detected at L=-1.356683e+07, not replacing live point.
15:31:41 [ultranest] [DEBUG] Plateau detected at L=-1.356683e+07, not replacing live point.
15:31:41 [ultranest] [DEBUG] Plateau detected at L=-1.356683e+07, not replacing live point.
15:31:41 [ultranest] [DEBUG] Plateau detected at L=-1.356683e+07, not replacing live point.
15:31:41 [ultranest] [DEBUG] Plateau detected at L=-1.356683e+07, not replacing live point.
15:31:41 [ultranest] [DEBUG] Plateau detected at L=-1.356683e+07, not replacing live point.
15:31:41 [ultranest] [DEBUG] Plateau detected at L=-1.356683e+07, not replacing live point.
15:31:41 [ultranest] [DEBUG] Plateau detected at L=-1.356683e+07, not replacing live point.
15:31:41 [ultranest] [DEBUG] Plateau detected at L=-1.356683e+07, not replacing live point.
15:31:41 [ultranest] [DEBUG] Plateau detected at L=-1.356683e+07, not replacing live point.
15:31:41 [ultranest] [DEBUG] Plateau detected at L=-1.356683e+07, not replacing live point.
15:31:41 [ultranest] [DEBUG] Plateau detected at L=-1.356683e+07, not replacing live point.
15:31:41 [ultranest] [DEBUG] Plateau detected at L=-1.356683e+07, not replacing live point.
15:31:41 [ultranest] [DEBUG] Plateau detected at L=-1.356683e+07, not replacing live point.
15:31:41 [ultranest] [DEBUG] Plateau detected at L=-1.356683e+07, not replacing live point.
15:31:41 [ultranest] [DEBUG] Plateau detected at L=-1.356683e+07, not replacing live point.
15:31:41 [ultranest] [DEBUG] iteration=49, ncalls=401, regioncalls=40, ndraw=40, logz=-13566833.47, remainder_fraction=100.0000%, Lmin=-13566831.37, Lmax=-104051.81
15:31:42 [ultranest] [DEBUG] iteration=69, ncalls=427, regioncalls=1080, ndraw=40, logz=-127933.25, remainder_fraction=100.0000%, Lmin=-127915.36, Lmax=-104051.81
15:31:42 [ultranest] [DEBUG] iteration=80, ncalls=442, regioncalls=1680, ndraw=40, logz=-125754.60, remainder_fraction=100.0000%, Lmin=-125118.87, Lmax=-104051.81
15:31:42 [ultranest] [DEBUG] iteration=100, ncalls=468, regioncalls=2720, ndraw=40, logz=-123039.74, remainder_fraction=100.0000%, Lmin=-123000.93, Lmax=-104051.81
15:31:42 [ultranest] [DEBUG] iteration=117, ncalls=496, regioncalls=3840, ndraw=40, logz=-121771.31, remainder_fraction=100.0000%, Lmin=-121676.53, Lmax=-104051.81
15:31:42 [ultranest] [DEBUG] iteration=120, ncalls=501, regioncalls=4040, ndraw=40, logz=-121588.56, remainder_fraction=100.0000%, Lmin=-121572.54, Lmax=-104051.81
15:31:42 [ultranest] [DEBUG] iteration=128, ncalls=512, regioncalls=4480, ndraw=40, logz=-120902.56, remainder_fraction=100.0000%, Lmin=-120868.67, Lmax=-104051.81
15:31:42 [ultranest] [DEBUG] iteration=146, ncalls=538, regioncalls=5520, ndraw=40, logz=-119337.46, remainder_fraction=100.0000%, Lmin=-119286.93, Lmax=-104051.81
15:31:42 [ultranest] [DEBUG] iteration=160, ncalls=554, regioncalls=6160, ndraw=40, logz=-118534.98, remainder_fraction=100.0000%, Lmin=-118499.31, Lmax=-104051.81
15:31:42 [ultranest] [DEBUG] iteration=178, ncalls=580, regioncalls=7200, ndraw=40, logz=-117654.64, remainder_fraction=100.0000%, Lmin=-117613.22, Lmax=-104051.81
15:31:42 [ultranest] [DEBUG] iteration=198, ncalls=607, regioncalls=8280, ndraw=40, logz=-116853.95, remainder_fraction=100.0000%, Lmin=-116832.82, Lmax=-104051.81
15:31:42 [ultranest] [DEBUG] iteration=200, ncalls=609, regioncalls=8360, ndraw=40, logz=-116724.11, remainder_fraction=100.0000%, Lmin=-116649.91, Lmax=-104051.81
15:31:42 [ultranest] [DEBUG] iteration=207, ncalls=617, regioncalls=8680, ndraw=40, logz=-116479.22, remainder_fraction=100.0000%, Lmin=-116392.20, Lmax=-104051.81
15:31:42 [ultranest] [DEBUG] iteration=223, ncalls=643, regioncalls=9720, ndraw=40, logz=-115638.84, remainder_fraction=100.0000%, Lmin=-115579.52, Lmax=-104051.81
15:31:43 [ultranest] [DEBUG] iteration=240, ncalls=666, regioncalls=10640, ndraw=40, logz=-114889.13, remainder_fraction=100.0000%, Lmin=-114869.47, Lmax=-104051.81
15:31:43 [ultranest] [DEBUG] iteration=256, ncalls=692, regioncalls=11680, ndraw=40, logz=-114471.10, remainder_fraction=100.0000%, Lmin=-114444.36, Lmax=-104051.81
15:31:43 [ultranest] [DEBUG] iteration=270, ncalls=718, regioncalls=12720, ndraw=40, logz=-113951.54, remainder_fraction=100.0000%, Lmin=-113935.25, Lmax=-104051.81
15:31:43 [ultranest] [DEBUG] iteration=280, ncalls=736, regioncalls=13440, ndraw=40, logz=-113695.83, remainder_fraction=100.0000%, Lmin=-113680.01, Lmax=-104051.81
15:31:43 [ultranest] [DEBUG] iteration=286, ncalls=744, regioncalls=13760, ndraw=40, logz=-113552.65, remainder_fraction=100.0000%, Lmin=-113513.36, Lmax=-104051.81
15:31:43 [ultranest] [DEBUG] iteration=303, ncalls=770, regioncalls=14800, ndraw=40, logz=-113050.40, remainder_fraction=100.0000%, Lmin=-113016.86, Lmax=-104051.81
15:31:43 [ultranest] [DEBUG] iteration=319, ncalls=797, regioncalls=15880, ndraw=40, logz=-112697.34, remainder_fraction=100.0000%, Lmin=-112640.40, Lmax=-104051.81
15:31:43 [ultranest] [DEBUG] iteration=320, ncalls=800, regioncalls=16000, ndraw=40, logz=-112647.17, remainder_fraction=100.0000%, Lmin=-112551.73, Lmax=-104051.81
15:31:43 [ultranest] [DEBUG] iteration=338, ncalls=825, regioncalls=17000, ndraw=40, logz=-112283.71, remainder_fraction=100.0000%, Lmin=-112248.17, Lmax=-104051.81
15:31:43 [ultranest] [DEBUG] iteration=350, ncalls=851, regioncalls=18040, ndraw=40, logz=-112102.61, remainder_fraction=100.0000%, Lmin=-112088.13, Lmax=-104051.81
15:31:43 [ultranest] [DEBUG] iteration=360, ncalls=867, regioncalls=18680, ndraw=40, logz=-111951.17, remainder_fraction=100.0000%, Lmin=-111941.83, Lmax=-104051.81
15:31:43 [ultranest] [DEBUG] iteration=373, ncalls=891, regioncalls=19640, ndraw=40, logz=-111774.01, remainder_fraction=100.0000%, Lmin=-111757.62, Lmax=-104051.81
15:31:44 [ultranest] [DEBUG] iteration=385, ncalls=919, regioncalls=20760, ndraw=40, logz=-111517.20, remainder_fraction=100.0000%, Lmin=-111504.01, Lmax=-104051.81
15:31:44 [ultranest] [DEBUG] iteration=400, ncalls=941, regioncalls=21640, ndraw=40, logz=-111190.10, remainder_fraction=100.0000%, Lmin=-111173.10, Lmax=-104051.81
15:31:44 [ultranest] [DEBUG] iteration=415, ncalls=972, regioncalls=22880, ndraw=40, logz=-110957.40, remainder_fraction=100.0000%, Lmin=-110923.33, Lmax=-104051.81
15:31:44 [ultranest] [DEBUG] iteration=430, ncalls=999, regioncalls=23960, ndraw=40, logz=-110735.05, remainder_fraction=100.0000%, Lmin=-110726.85, Lmax=-104051.81
15:31:44 [ultranest] [DEBUG] iteration=440, ncalls=1021, regioncalls=24840, ndraw=40, logz=-110562.71, remainder_fraction=100.0000%, Lmin=-110553.84, Lmax=-104051.81
15:31:44 [ultranest] [DEBUG] iteration=444, ncalls=1026, regioncalls=25040, ndraw=40, logz=-110522.92, remainder_fraction=100.0000%, Lmin=-110511.62, Lmax=-104051.81
15:31:44 [ultranest] [DEBUG] iteration=464, ncalls=1052, regioncalls=26080, ndraw=40, logz=-110094.84, remainder_fraction=100.0000%, Lmin=-110086.70, Lmax=-104051.81
15:31:44 [ultranest] [DEBUG] iteration=480, ncalls=1077, regioncalls=27080, ndraw=40, logz=-109740.27, remainder_fraction=100.0000%, Lmin=-109719.20, Lmax=-104051.81
15:31:44 [ultranest] [DEBUG] iteration=491, ncalls=1105, regioncalls=28200, ndraw=40, logz=-109638.83, remainder_fraction=100.0000%, Lmin=-109617.35, Lmax=-104051.81
15:31:44 [ultranest] [DEBUG] iteration=506, ncalls=1132, regioncalls=29280, ndraw=40, logz=-109492.86, remainder_fraction=100.0000%, Lmin=-109468.10, Lmax=-104051.81
15:31:44 [ultranest] [DEBUG] iteration=517, ncalls=1161, regioncalls=30440, ndraw=40, logz=-109331.95, remainder_fraction=100.0000%, Lmin=-109315.99, Lmax=-104051.81
15:31:45 [ultranest] [DEBUG] iteration=520, ncalls=1164, regioncalls=30560, ndraw=40, logz=-109307.71, remainder_fraction=100.0000%, Lmin=-109264.86, Lmax=-104025.00
15:31:45 [ultranest] [DEBUG] iteration=535, ncalls=1187, regioncalls=31480, ndraw=40, logz=-109116.66, remainder_fraction=100.0000%, Lmin=-109109.28, Lmax=-104025.00
15:31:45 [ultranest] [DEBUG] iteration=551, ncalls=1214, regioncalls=32560, ndraw=40, logz=-108921.28, remainder_fraction=100.0000%, Lmin=-108906.09, Lmax=-104025.00
15:31:45 [ultranest] [DEBUG] iteration=560, ncalls=1230, regioncalls=33200, ndraw=40, logz=-108824.66, remainder_fraction=100.0000%, Lmin=-108811.83, Lmax=-104025.00
15:31:45 [ultranest] [DEBUG] iteration=574, ncalls=1260, regioncalls=34400, ndraw=40, logz=-108722.92, remainder_fraction=100.0000%, Lmin=-108709.47, Lmax=-103938.55
15:31:45 [ultranest] [DEBUG] iteration=595, ncalls=1290, regioncalls=35600, ndraw=40, logz=-108495.21, remainder_fraction=100.0000%, Lmin=-108485.45, Lmax=-103938.55
15:31:45 [ultranest] [DEBUG] iteration=600, ncalls=1301, regioncalls=36040, ndraw=40, logz=-108434.17, remainder_fraction=100.0000%, Lmin=-108408.92, Lmax=-103938.55
15:31:45 [ultranest] [DEBUG] iteration=602, ncalls=1303, regioncalls=36120, ndraw=40, logz=-108411.78, remainder_fraction=100.0000%, Lmin=-108371.35, Lmax=-103938.55
15:31:45 [ultranest] [DEBUG] iteration=615, ncalls=1330, regioncalls=37200, ndraw=40, logz=-108287.92, remainder_fraction=100.0000%, Lmin=-108278.39, Lmax=-103938.55
15:31:45 [ultranest] [DEBUG] iteration=633, ncalls=1357, regioncalls=38280, ndraw=40, logz=-108103.12, remainder_fraction=100.0000%, Lmin=-108092.04, Lmax=-103938.55
15:31:45 [ultranest] [DEBUG] iteration=640, ncalls=1369, regioncalls=38760, ndraw=40, logz=-108065.37, remainder_fraction=100.0000%, Lmin=-108055.00, Lmax=-103938.55
15:31:45 [ultranest] [DEBUG] iteration=654, ncalls=1398, regioncalls=39920, ndraw=40, logz=-107906.40, remainder_fraction=100.0000%, Lmin=-107891.59, Lmax=-103938.55
15:31:46 [ultranest] [DEBUG] iteration=666, ncalls=1426, regioncalls=41040, ndraw=40, logz=-107831.35, remainder_fraction=100.0000%, Lmin=-107787.82, Lmax=-103938.55
15:31:46 [ultranest] [DEBUG] iteration=680, ncalls=1453, regioncalls=42120, ndraw=40, logz=-107717.22, remainder_fraction=100.0000%, Lmin=-107708.19, Lmax=-103938.55
15:31:46 [ultranest] [DEBUG] iteration=681, ncalls=1454, regioncalls=42160, ndraw=40, logz=-107715.72, remainder_fraction=100.0000%, Lmin=-107708.07, Lmax=-103938.55
15:31:46 [ultranest] [DEBUG] iteration=696, ncalls=1481, regioncalls=43240, ndraw=40, logz=-107610.23, remainder_fraction=100.0000%, Lmin=-107601.24, Lmax=-103938.55
15:31:46 [ultranest] [DEBUG] iteration=710, ncalls=1508, regioncalls=44320, ndraw=40, logz=-107483.53, remainder_fraction=100.0000%, Lmin=-107474.53, Lmax=-103938.55
15:31:46 [ultranest] [DEBUG] iteration=720, ncalls=1528, regioncalls=45120, ndraw=40, logz=-107424.37, remainder_fraction=100.0000%, Lmin=-107411.78, Lmax=-103938.55
15:31:46 [ultranest] [DEBUG] iteration=740, ncalls=1555, regioncalls=46200, ndraw=40, logz=-107218.66, remainder_fraction=100.0000%, Lmin=-107204.42, Lmax=-103938.55
15:31:46 [ultranest] [DEBUG] iteration=753, ncalls=1583, regioncalls=47320, ndraw=40, logz=-107093.86, remainder_fraction=100.0000%, Lmin=-107083.81, Lmax=-103938.55
15:31:46 [ultranest] [DEBUG] iteration=760, ncalls=1595, regioncalls=47800, ndraw=40, logz=-107061.98, remainder_fraction=100.0000%, Lmin=-107052.36, Lmax=-103938.55
15:31:46 [ultranest] [DEBUG] iteration=771, ncalls=1623, regioncalls=48920, ndraw=40, logz=-106955.41, remainder_fraction=100.0000%, Lmin=-106940.02, Lmax=-103938.55
15:31:46 [ultranest] [DEBUG] iteration=786, ncalls=1651, regioncalls=50040, ndraw=40, logz=-106840.46, remainder_fraction=100.0000%, Lmin=-106821.23, Lmax=-103881.86
15:31:46 [ultranest] [DEBUG] iteration=799, ncalls=1680, regioncalls=51200, ndraw=40, logz=-106763.63, remainder_fraction=100.0000%, Lmin=-106754.45, Lmax=-103881.86
15:31:46 [ultranest] [DEBUG] iteration=800, ncalls=1681, regioncalls=51240, ndraw=40, logz=-106762.28, remainder_fraction=100.0000%, Lmin=-106751.39, Lmax=-103881.86
15:31:47 [ultranest] [DEBUG] iteration=814, ncalls=1711, regioncalls=52440, ndraw=40, logz=-106713.83, remainder_fraction=100.0000%, Lmin=-106694.90, Lmax=-103881.86
15:31:47 [ultranest] [DEBUG] iteration=823, ncalls=1740, regioncalls=53600, ndraw=40, logz=-106622.13, remainder_fraction=100.0000%, Lmin=-106608.12, Lmax=-103881.86
15:31:47 [ultranest] [DEBUG] iteration=835, ncalls=1770, regioncalls=54800, ndraw=40, logz=-106572.58, remainder_fraction=100.0000%, Lmin=-106546.45, Lmax=-103881.86
15:31:47 [ultranest] [DEBUG] iteration=839, ncalls=1779, regioncalls=55160, ndraw=40, logz=-106545.85, remainder_fraction=100.0000%, Lmin=-106527.92, Lmax=-103881.86
15:31:47 [ultranest] [DEBUG] iteration=840, ncalls=1780, regioncalls=55200, ndraw=40, logz=-106536.16, remainder_fraction=100.0000%, Lmin=-106523.75, Lmax=-103881.86
15:31:47 [ultranest] [DEBUG] iteration=858, ncalls=1806, regioncalls=56240, ndraw=40, logz=-106426.10, remainder_fraction=100.0000%, Lmin=-106416.38, Lmax=-103881.86
15:31:47 [ultranest] [DEBUG] iteration=872, ncalls=1833, regioncalls=57320, ndraw=40, logz=-106344.23, remainder_fraction=100.0000%, Lmin=-106334.55, Lmax=-103881.86
15:31:47 [ultranest] [DEBUG] iteration=880, ncalls=1845, regioncalls=57800, ndraw=40, logz=-106294.44, remainder_fraction=100.0000%, Lmin=-106272.42, Lmax=-103881.86
15:31:47 [ultranest] [DEBUG] iteration=891, ncalls=1873, regioncalls=58920, ndraw=40, logz=-106234.64, remainder_fraction=100.0000%, Lmin=-106225.06, Lmax=-103881.86
15:31:47 [ultranest] [DEBUG] iteration=907, ncalls=1901, regioncalls=60040, ndraw=40, logz=-106183.91, remainder_fraction=100.0000%, Lmin=-106159.71, Lmax=-103881.86
15:31:47 [ultranest] [DEBUG] iteration=918, ncalls=1926, regioncalls=61040, ndraw=40, logz=-106113.68, remainder_fraction=100.0000%, Lmin=-106103.07, Lmax=-103881.86
15:31:47 [ultranest] [DEBUG] iteration=920, ncalls=1929, regioncalls=61160, ndraw=40, logz=-106100.24, remainder_fraction=100.0000%, Lmin=-106088.68, Lmax=-103881.86
15:31:48 [ultranest] [DEBUG] iteration=939, ncalls=1955, regioncalls=62240, ndraw=40, logz=-105998.01, remainder_fraction=100.0000%, Lmin=-105988.47, Lmax=-103881.86
15:31:48 [ultranest] [DEBUG] iteration=956, ncalls=1982, regioncalls=63320, ndraw=40, logz=-105951.14, remainder_fraction=100.0000%, Lmin=-105940.34, Lmax=-103881.86
15:31:48 [ultranest] [DEBUG] iteration=960, ncalls=1991, regioncalls=63680, ndraw=40, logz=-105930.88, remainder_fraction=100.0000%, Lmin=-105920.91, Lmax=-103881.86
15:31:48 [ultranest] [DEBUG] iteration=975, ncalls=2019, regioncalls=64800, ndraw=40, logz=-105874.30, remainder_fraction=100.0000%, Lmin=-105862.13, Lmax=-103881.86
15:31:48 [ultranest] [DEBUG] iteration=986, ncalls=2048, regioncalls=66000, ndraw=40, logz=-105848.33, remainder_fraction=100.0000%, Lmin=-105839.38, Lmax=-103881.86
15:31:48 [ultranest] [DEBUG] iteration=996, ncalls=2076, regioncalls=67120, ndraw=40, logz=-105809.59, remainder_fraction=100.0000%, Lmin=-105798.40, Lmax=-103881.86
15:31:48 [ultranest] [DEBUG] iteration=997, ncalls=2079, regioncalls=67240, ndraw=40, logz=-105807.01, remainder_fraction=100.0000%, Lmin=-105783.20, Lmax=-103881.86
15:31:48 [ultranest] [DEBUG] iteration=1000, ncalls=2082, regioncalls=67360, ndraw=40, logz=-105782.85, remainder_fraction=100.0000%, Lmin=-105772.45, Lmax=-103881.86
15:31:48 [ultranest] [DEBUG] iteration=1014, ncalls=2112, regioncalls=68560, ndraw=40, logz=-105736.35, remainder_fraction=100.0000%, Lmin=-105725.72, Lmax=-103881.86
15:31:48 [ultranest] [DEBUG] iteration=1026, ncalls=2140, regioncalls=69680, ndraw=40, logz=-105701.85, remainder_fraction=100.0000%, Lmin=-105691.97, Lmax=-103881.86
15:31:48 [ultranest] [DEBUG] iteration=1040, ncalls=2165, regioncalls=70680, ndraw=40, logz=-105656.18, remainder_fraction=100.0000%, Lmin=-105639.17, Lmax=-103881.86
15:31:48 [ultranest] [DEBUG] iteration=1052, ncalls=2195, regioncalls=71920, ndraw=40, logz=-105621.81, remainder_fraction=100.0000%, Lmin=-105610.48, Lmax=-103881.86
15:31:49 [ultranest] [DEBUG] iteration=1065, ncalls=2226, regioncalls=73160, ndraw=40, logz=-105575.97, remainder_fraction=100.0000%, Lmin=-105564.73, Lmax=-103881.86
15:31:49 [ultranest] [DEBUG] iteration=1076, ncalls=2242, regioncalls=73800, ndraw=40, logz=-105533.78, remainder_fraction=100.0000%, Lmin=-105525.05, Lmax=-103881.86
15:31:49 [ultranest] [DEBUG] iteration=1080, ncalls=2247, regioncalls=74000, ndraw=40, logz=-105531.54, remainder_fraction=100.0000%, Lmin=-105514.65, Lmax=-103881.86
15:31:49 [ultranest] [DEBUG] iteration=1096, ncalls=2275, regioncalls=75120, ndraw=40, logz=-105473.50, remainder_fraction=100.0000%, Lmin=-105460.47, Lmax=-103881.86
15:31:49 [ultranest] [DEBUG] iteration=1115, ncalls=2302, regioncalls=76240, ndraw=40, logz=-105392.29, remainder_fraction=100.0000%, Lmin=-105381.78, Lmax=-103881.86
15:31:49 [ultranest] [DEBUG] iteration=1120, ncalls=2309, regioncalls=76520, ndraw=40, logz=-105372.41, remainder_fraction=100.0000%, Lmin=-105361.57, Lmax=-103881.86
15:31:49 [ultranest] [DEBUG] iteration=1134, ncalls=2337, regioncalls=77640, ndraw=40, logz=-105319.37, remainder_fraction=100.0000%, Lmin=-105307.48, Lmax=-103881.86
15:31:49 [ultranest] [DEBUG] iteration=1149, ncalls=2364, regioncalls=78720, ndraw=40, logz=-105281.84, remainder_fraction=100.0000%, Lmin=-105271.13, Lmax=-103881.86
15:31:49 [ultranest] [DEBUG] iteration=1155, ncalls=2378, regioncalls=79280, ndraw=40, logz=-105275.21, remainder_fraction=100.0000%, Lmin=-105261.93, Lmax=-103881.86
15:31:49 [ultranest] [DEBUG] iteration=1160, ncalls=2384, regioncalls=79560, ndraw=40, logz=-105256.83, remainder_fraction=100.0000%, Lmin=-105247.15, Lmax=-103881.86
15:31:49 [ultranest] [DEBUG] iteration=1180, ncalls=2412, regioncalls=80720, ndraw=40, logz=-105204.09, remainder_fraction=100.0000%, Lmin=-105189.54, Lmax=-103881.86
15:31:49 [ultranest] [DEBUG] iteration=1197, ncalls=2439, regioncalls=81800, ndraw=40, logz=-105153.98, remainder_fraction=100.0000%, Lmin=-105143.86, Lmax=-103881.86
15:31:49 [ultranest] [DEBUG] iteration=1200, ncalls=2442, regioncalls=81920, ndraw=40, logz=-105150.84, remainder_fraction=100.0000%, Lmin=-105141.43, Lmax=-103881.86
15:31:49 [ultranest] [DEBUG] iteration=1213, ncalls=2473, regioncalls=83160, ndraw=40, logz=-105115.93, remainder_fraction=100.0000%, Lmin=-105104.82, Lmax=-103881.86
15:31:50 [ultranest] [DEBUG] iteration=1229, ncalls=2501, regioncalls=84280, ndraw=40, logz=-105086.78, remainder_fraction=100.0000%, Lmin=-105076.88, Lmax=-103881.86
15:31:50 [ultranest] [DEBUG] iteration=1234, ncalls=2506, regioncalls=84480, ndraw=40, logz=-105081.64, remainder_fraction=100.0000%, Lmin=-105072.52, Lmax=-103881.86
15:31:50 [ultranest] [DEBUG] iteration=1240, ncalls=2515, regioncalls=84840, ndraw=40, logz=-105073.23, remainder_fraction=100.0000%, Lmin=-105063.51, Lmax=-103881.86
15:31:50 [ultranest] [DEBUG] iteration=1253, ncalls=2542, regioncalls=86000, ndraw=40, logz=-105034.42, remainder_fraction=100.0000%, Lmin=-105024.40, Lmax=-103881.86
15:31:50 [ultranest] [DEBUG] iteration=1269, ncalls=2569, regioncalls=87080, ndraw=40, logz=-104986.59, remainder_fraction=100.0000%, Lmin=-104971.35, Lmax=-103881.86
15:31:50 [ultranest] [DEBUG] iteration=1280, ncalls=2595, regioncalls=88120, ndraw=40, logz=-104940.30, remainder_fraction=100.0000%, Lmin=-104924.31, Lmax=-103881.86
15:31:50 [ultranest] [DEBUG] iteration=1294, ncalls=2622, regioncalls=89200, ndraw=40, logz=-104902.88, remainder_fraction=100.0000%, Lmin=-104892.35, Lmax=-103881.86
15:31:50 [ultranest] [DEBUG] iteration=1310, ncalls=2649, regioncalls=90280, ndraw=40, logz=-104878.89, remainder_fraction=100.0000%, Lmin=-104869.55, Lmax=-103881.86
15:31:50 [ultranest] [DEBUG] iteration=1313, ncalls=2652, regioncalls=90440, ndraw=40, logz=-104876.12, remainder_fraction=100.0000%, Lmin=-104865.78, Lmax=-103881.86
15:31:50 [ultranest] [DEBUG] iteration=1320, ncalls=2670, regioncalls=91160, ndraw=40, logz=-104862.94, remainder_fraction=100.0000%, Lmin=-104847.83, Lmax=-103881.86
15:31:50 [ultranest] [DEBUG] iteration=1333, ncalls=2697, regioncalls=92240, ndraw=40, logz=-104839.62, remainder_fraction=100.0000%, Lmin=-104828.64, Lmax=-103881.86
15:31:50 [ultranest] [DEBUG] iteration=1349, ncalls=2725, regioncalls=93360, ndraw=40, logz=-104806.82, remainder_fraction=100.0000%, Lmin=-104797.12, Lmax=-103881.86
15:31:51 [ultranest] [DEBUG] iteration=1360, ncalls=2745, regioncalls=94160, ndraw=40, logz=-104785.97, remainder_fraction=100.0000%, Lmin=-104775.71, Lmax=-103881.86
15:31:51 [ultranest] [DEBUG] iteration=1374, ncalls=2772, regioncalls=95240, ndraw=40, logz=-104763.06, remainder_fraction=100.0000%, Lmin=-104749.06, Lmax=-103881.86
15:31:51 [ultranest] [DEBUG] iteration=1386, ncalls=2800, regioncalls=96360, ndraw=40, logz=-104738.97, remainder_fraction=100.0000%, Lmin=-104729.32, Lmax=-103881.86
15:31:51 [ultranest] [DEBUG] iteration=1392, ncalls=2809, regioncalls=96760, ndraw=40, logz=-104734.28, remainder_fraction=100.0000%, Lmin=-104725.21, Lmax=-103881.86
15:31:51 [ultranest] [DEBUG] iteration=1400, ncalls=2819, regioncalls=97160, ndraw=40, logz=-104725.22, remainder_fraction=100.0000%, Lmin=-104712.64, Lmax=-103881.86
15:31:51 [ultranest] [DEBUG] iteration=1416, ncalls=2848, regioncalls=98320, ndraw=40, logz=-104702.05, remainder_fraction=100.0000%, Lmin=-104691.97, Lmax=-103881.86
15:31:51 [ultranest] [DEBUG] iteration=1428, ncalls=2876, regioncalls=99440, ndraw=40, logz=-104690.07, remainder_fraction=100.0000%, Lmin=-104679.16, Lmax=-103881.86
15:31:51 [ultranest] [DEBUG] iteration=1440, ncalls=2904, regioncalls=100560, ndraw=40, logz=-104672.57, remainder_fraction=100.0000%, Lmin=-104662.80, Lmax=-103881.86
15:31:51 [ultranest] [DEBUG] iteration=1453, ncalls=2933, regioncalls=101720, ndraw=40, logz=-104654.42, remainder_fraction=100.0000%, Lmin=-104643.47, Lmax=-103881.86
15:31:51 [ultranest] [DEBUG] iteration=1469, ncalls=2961, regioncalls=102840, ndraw=40, logz=-104630.45, remainder_fraction=100.0000%, Lmin=-104621.22, Lmax=-103881.86
15:31:51 [ultranest] [DEBUG] iteration=1471, ncalls=2966, regioncalls=103040, ndraw=40, logz=-104628.32, remainder_fraction=100.0000%, Lmin=-104618.11, Lmax=-103881.86
15:31:51 [ultranest] [DEBUG] iteration=1480, ncalls=2985, regioncalls=103840, ndraw=40, logz=-104618.23, remainder_fraction=100.0000%, Lmin=-104607.37, Lmax=-103881.86
15:31:52 [ultranest] [DEBUG] iteration=1495, ncalls=3013, regioncalls=104960, ndraw=40, logz=-104600.32, remainder_fraction=100.0000%, Lmin=-104589.72, Lmax=-103881.86
15:31:52 [ultranest] [DEBUG] iteration=1512, ncalls=3040, regioncalls=106040, ndraw=40, logz=-104564.37, remainder_fraction=100.0000%, Lmin=-104553.06, Lmax=-103881.86
15:31:52 [ultranest] [DEBUG] iteration=1520, ncalls=3054, regioncalls=106600, ndraw=40, logz=-104549.60, remainder_fraction=100.0000%, Lmin=-104540.03, Lmax=-103881.86
15:31:52 [ultranest] [DEBUG] iteration=1536, ncalls=3080, regioncalls=107640, ndraw=40, logz=-104532.39, remainder_fraction=100.0000%, Lmin=-104521.80, Lmax=-103881.86
15:31:52 [ultranest] [DEBUG] iteration=1547, ncalls=3111, regioncalls=108880, ndraw=40, logz=-104516.89, remainder_fraction=100.0000%, Lmin=-104506.37, Lmax=-103881.86
15:31:52 [ultranest] [DEBUG] iteration=1550, ncalls=3118, regioncalls=109200, ndraw=40, logz=-104511.43, remainder_fraction=100.0000%, Lmin=-104499.69, Lmax=-103881.86
15:31:52 [ultranest] [DEBUG] iteration=1560, ncalls=3135, regioncalls=109880, ndraw=40, logz=-104501.51, remainder_fraction=100.0000%, Lmin=-104491.11, Lmax=-103881.86
15:31:52 [ultranest] [DEBUG] iteration=1576, ncalls=3162, regioncalls=110960, ndraw=40, logz=-104485.57, remainder_fraction=100.0000%, Lmin=-104475.60, Lmax=-103881.86
15:31:52 [ultranest] [DEBUG] iteration=1588, ncalls=3194, regioncalls=112240, ndraw=40, logz=-104469.47, remainder_fraction=100.0000%, Lmin=-104458.86, Lmax=-103881.86
15:31:52 [ultranest] [DEBUG] iteration=1600, ncalls=3225, regioncalls=113480, ndraw=40, logz=-104448.85, remainder_fraction=100.0000%, Lmin=-104437.49, Lmax=-103881.86
15:31:52 [ultranest] [DEBUG] iteration=1618, ncalls=3251, regioncalls=114520, ndraw=40, logz=-104433.33, remainder_fraction=100.0000%, Lmin=-104423.00, Lmax=-103881.49
15:31:53 [ultranest] [DEBUG] iteration=1631, ncalls=3276, regioncalls=115520, ndraw=40, logz=-104423.04, remainder_fraction=100.0000%, Lmin=-104411.36, Lmax=-103881.49
15:31:53 [ultranest] [DEBUG] iteration=1640, ncalls=3304, regioncalls=116640, ndraw=40, logz=-104416.10, remainder_fraction=100.0000%, Lmin=-104401.49, Lmax=-103881.49
15:31:53 [ultranest] [DEBUG] iteration=1653, ncalls=3329, regioncalls=117640, ndraw=40, logz=-104401.95, remainder_fraction=100.0000%, Lmin=-104390.76, Lmax=-103881.49
15:31:53 [ultranest] [DEBUG] iteration=1666, ncalls=3356, regioncalls=118720, ndraw=40, logz=-104391.95, remainder_fraction=100.0000%, Lmin=-104382.21, Lmax=-103881.49
15:31:53 [ultranest] [DEBUG] iteration=1680, ncalls=3383, regioncalls=119800, ndraw=40, logz=-104381.89, remainder_fraction=100.0000%, Lmin=-104370.33, Lmax=-103881.49
15:31:53 [ultranest] [DEBUG] iteration=1697, ncalls=3409, regioncalls=120840, ndraw=40, logz=-104363.16, remainder_fraction=100.0000%, Lmin=-104352.65, Lmax=-103881.49
15:31:53 [ultranest] [DEBUG] iteration=1708, ncalls=3436, regioncalls=121920, ndraw=40, logz=-104356.33, remainder_fraction=100.0000%, Lmin=-104346.52, Lmax=-103881.49
15:31:53 [ultranest] [DEBUG] iteration=1720, ncalls=3457, regioncalls=122760, ndraw=40, logz=-104344.90, remainder_fraction=100.0000%, Lmin=-104334.43, Lmax=-103881.49
15:31:53 [ultranest] [DEBUG] iteration=1733, ncalls=3484, regioncalls=123840, ndraw=40, logz=-104330.09, remainder_fraction=100.0000%, Lmin=-104319.64, Lmax=-103881.49
15:31:53 [ultranest] [DEBUG] iteration=1746, ncalls=3511, regioncalls=124920, ndraw=40, logz=-104320.61, remainder_fraction=100.0000%, Lmin=-104310.56, Lmax=-103881.49
15:31:54 [ultranest] [DEBUG] iteration=1756, ncalls=3529, regioncalls=125640, ndraw=40, logz=-104313.42, remainder_fraction=100.0000%, Lmin=-104303.02, Lmax=-103881.49
15:31:54 [ultranest] [DEBUG] iteration=1760, ncalls=3540, regioncalls=126080, ndraw=40, logz=-104311.74, remainder_fraction=100.0000%, Lmin=-104298.22, Lmax=-103881.49
15:31:54 [ultranest] [DEBUG] iteration=1769, ncalls=3569, regioncalls=127240, ndraw=40, logz=-104305.20, remainder_fraction=100.0000%, Lmin=-104295.22, Lmax=-103881.49
15:31:54 [ultranest] [DEBUG] iteration=1782, ncalls=3597, regioncalls=128360, ndraw=40, logz=-104296.47, remainder_fraction=100.0000%, Lmin=-104286.51, Lmax=-103881.49
15:31:54 [ultranest] [DEBUG] iteration=1787, ncalls=3608, regioncalls=128840, ndraw=40, logz=-104294.32, remainder_fraction=100.0000%, Lmin=-104282.95, Lmax=-103881.49
15:31:54 [ultranest] [DEBUG] iteration=1800, ncalls=3626, regioncalls=129600, ndraw=40, logz=-104285.72, remainder_fraction=100.0000%, Lmin=-104275.19, Lmax=-103881.49
15:31:54 [ultranest] [DEBUG] iteration=1818, ncalls=3652, regioncalls=130720, ndraw=40, logz=-104276.20, remainder_fraction=100.0000%, Lmin=-104265.45, Lmax=-103881.49
15:31:54 [ultranest] [DEBUG] iteration=1835, ncalls=3678, regioncalls=131760, ndraw=40, logz=-104265.32, remainder_fraction=100.0000%, Lmin=-104255.12, Lmax=-103881.49
15:31:54 [ultranest] [DEBUG] iteration=1840, ncalls=3687, regioncalls=132200, ndraw=40, logz=-104263.36, remainder_fraction=100.0000%, Lmin=-104253.19, Lmax=-103881.49
15:31:54 [ultranest] [DEBUG] iteration=1858, ncalls=3714, regioncalls=133280, ndraw=40, logz=-104248.38, remainder_fraction=100.0000%, Lmin=-104238.02, Lmax=-103879.35
15:31:54 [ultranest] [DEBUG] iteration=1866, ncalls=3725, regioncalls=133760, ndraw=40, logz=-104240.46, remainder_fraction=100.0000%, Lmin=-104229.06, Lmax=-103879.35
15:31:54 [ultranest] [DEBUG] iteration=1880, ncalls=3749, regioncalls=134760, ndraw=40, logz=-104229.76, remainder_fraction=100.0000%, Lmin=-104217.20, Lmax=-103879.35
15:31:55 [ultranest] [DEBUG] iteration=1899, ncalls=3775, regioncalls=135800, ndraw=40, logz=-104215.93, remainder_fraction=100.0000%, Lmin=-104205.00, Lmax=-103879.35
15:31:55 [ultranest] [DEBUG] iteration=1918, ncalls=3801, regioncalls=136840, ndraw=40, logz=-104205.72, remainder_fraction=100.0000%, Lmin=-104195.69, Lmax=-103879.35
15:31:55 [ultranest] [DEBUG] iteration=1920, ncalls=3805, regioncalls=137000, ndraw=40, logz=-104204.98, remainder_fraction=100.0000%, Lmin=-104193.53, Lmax=-103879.35
15:31:55 [ultranest] [DEBUG] iteration=1935, ncalls=3832, regioncalls=138080, ndraw=40, logz=-104191.63, remainder_fraction=100.0000%, Lmin=-104181.32, Lmax=-103879.35
15:31:55 [ultranest] [DEBUG] iteration=1945, ncalls=3852, regioncalls=138880, ndraw=40, logz=-104184.18, remainder_fraction=100.0000%, Lmin=-104173.26, Lmax=-103879.35
15:31:55 [ultranest] [DEBUG] iteration=1960, ncalls=3876, regioncalls=139960, ndraw=40, logz=-104174.64, remainder_fraction=100.0000%, Lmin=-104163.91, Lmax=-103879.35
15:31:55 [ultranest] [DEBUG] iteration=1978, ncalls=3902, regioncalls=141000, ndraw=40, logz=-104164.92, remainder_fraction=100.0000%, Lmin=-104154.35, Lmax=-103879.35
15:31:55 [ultranest] [DEBUG] iteration=1988, ncalls=3932, regioncalls=142200, ndraw=40, logz=-104159.64, remainder_fraction=100.0000%, Lmin=-104146.51, Lmax=-103879.35
15:31:55 [ultranest] [DEBUG] iteration=2000, ncalls=3955, regioncalls=143120, ndraw=40, logz=-104151.77, remainder_fraction=100.0000%, Lmin=-104141.57, Lmax=-103879.35
15:31:55 [ultranest] [DEBUG] iteration=2013, ncalls=3982, regioncalls=144200, ndraw=40, logz=-104146.27, remainder_fraction=100.0000%, Lmin=-104135.71, Lmax=-103879.35
15:31:55 [ultranest] [DEBUG] iteration=2024, ncalls=4007, regioncalls=145200, ndraw=40, logz=-104140.06, remainder_fraction=100.0000%, Lmin=-104129.21, Lmax=-103879.35
15:31:56 [ultranest] [DEBUG] iteration=2040, ncalls=4032, regioncalls=146240, ndraw=40, logz=-104132.16, remainder_fraction=100.0000%, Lmin=-104121.54, Lmax=-103879.35
15:31:56 [ultranest] [DEBUG] iteration=2060, ncalls=4063, regioncalls=147480, ndraw=40, logz=-104126.07, remainder_fraction=100.0000%, Lmin=-104115.96, Lmax=-103879.35
15:31:56 [ultranest] [DEBUG] iteration=2078, ncalls=4089, regioncalls=148520, ndraw=40, logz=-104121.39, remainder_fraction=100.0000%, Lmin=-104110.15, Lmax=-103879.35
15:31:56 [ultranest] [DEBUG] iteration=2080, ncalls=4096, regioncalls=148800, ndraw=40, logz=-104120.48, remainder_fraction=100.0000%, Lmin=-104108.76, Lmax=-103879.35
15:31:56 [ultranest] [DEBUG] iteration=2094, ncalls=4125, regioncalls=149960, ndraw=40, logz=-104110.64, remainder_fraction=100.0000%, Lmin=-104099.24, Lmax=-103879.35
15:31:56 [ultranest] [DEBUG] iteration=2103, ncalls=4143, regioncalls=150720, ndraw=40, logz=-104106.91, remainder_fraction=100.0000%, Lmin=-104095.66, Lmax=-103879.35
15:31:56 [ultranest] [DEBUG] iteration=2120, ncalls=4167, regioncalls=151680, ndraw=40, logz=-104098.82, remainder_fraction=100.0000%, Lmin=-104087.56, Lmax=-103879.35
15:31:56 [ultranest] [DEBUG] iteration=2139, ncalls=4193, regioncalls=152720, ndraw=40, logz=-104090.93, remainder_fraction=100.0000%, Lmin=-104080.62, Lmax=-103879.35
15:31:56 [ultranest] [DEBUG] iteration=2151, ncalls=4221, regioncalls=153840, ndraw=40, logz=-104085.96, remainder_fraction=100.0000%, Lmin=-104075.38, Lmax=-103879.35
15:31:56 [ultranest] [DEBUG] iteration=2160, ncalls=4236, regioncalls=154440, ndraw=40, logz=-104083.80, remainder_fraction=100.0000%, Lmin=-104072.64, Lmax=-103879.35
15:31:56 [ultranest] [DEBUG] iteration=2175, ncalls=4265, regioncalls=155600, ndraw=40, logz=-104075.80, remainder_fraction=100.0000%, Lmin=-104064.53, Lmax=-103879.35
15:31:56 [ultranest] [DEBUG] iteration=2182, ncalls=4275, regioncalls=156040, ndraw=40, logz=-104073.30, remainder_fraction=100.0000%, Lmin=-104061.96, Lmax=-103879.35
15:31:57 [ultranest] [DEBUG] iteration=2199, ncalls=4302, regioncalls=157160, ndraw=40, logz=-104065.91, remainder_fraction=100.0000%, Lmin=-104054.57, Lmax=-103879.35
15:31:57 [ultranest] [DEBUG] iteration=2200, ncalls=4304, regioncalls=157240, ndraw=40, logz=-104065.53, remainder_fraction=100.0000%, Lmin=-104054.56, Lmax=-103879.35
15:31:57 [ultranest] [DEBUG] iteration=2215, ncalls=4331, regioncalls=158320, ndraw=40, logz=-104061.18, remainder_fraction=100.0000%, Lmin=-104048.68, Lmax=-103879.35
15:31:57 [ultranest] [DEBUG] iteration=2228, ncalls=4358, regioncalls=159400, ndraw=40, logz=-104055.10, remainder_fraction=100.0000%, Lmin=-104043.67, Lmax=-103879.35
15:31:57 [ultranest] [DEBUG] iteration=2240, ncalls=4379, regioncalls=160240, ndraw=40, logz=-104050.83, remainder_fraction=100.0000%, Lmin=-104039.57, Lmax=-103879.35
15:31:57 [ultranest] [DEBUG] iteration=2256, ncalls=4407, regioncalls=161360, ndraw=40, logz=-104046.41, remainder_fraction=100.0000%, Lmin=-104035.54, Lmax=-103879.35
15:31:57 [ultranest] [DEBUG] iteration=2270, ncalls=4432, regioncalls=162360, ndraw=40, logz=-104042.41, remainder_fraction=100.0000%, Lmin=-104030.66, Lmax=-103879.35
15:31:57 [ultranest] [DEBUG] iteration=2280, ncalls=4448, regioncalls=163000, ndraw=40, logz=-104039.54, remainder_fraction=100.0000%, Lmin=-104028.65, Lmax=-103879.35
15:31:57 [ultranest] [DEBUG] iteration=2290, ncalls=4477, regioncalls=164160, ndraw=40, logz=-104036.73, remainder_fraction=100.0000%, Lmin=-104026.10, Lmax=-103879.35
15:31:57 [ultranest] [DEBUG] iteration=2298, ncalls=4506, regioncalls=165320, ndraw=40, logz=-104035.32, remainder_fraction=100.0000%, Lmin=-104024.64, Lmax=-103879.35
15:31:57 [ultranest] [DEBUG] iteration=2314, ncalls=4534, regioncalls=166440, ndraw=40, logz=-104029.89, remainder_fraction=100.0000%, Lmin=-104018.73, Lmax=-103878.29
15:31:57 [ultranest] [DEBUG] iteration=2320, ncalls=4553, regioncalls=167200, ndraw=40, logz=-104028.84, remainder_fraction=100.0000%, Lmin=-104018.15, Lmax=-103878.29
15:31:58 [ultranest] [DEBUG] iteration=2335, ncalls=4582, regioncalls=168360, ndraw=40, logz=-104024.95, remainder_fraction=100.0000%, Lmin=-104014.26, Lmax=-103878.29
15:31:58 [ultranest] [DEBUG] iteration=2340, ncalls=4595, regioncalls=168920, ndraw=40, logz=-104024.29, remainder_fraction=100.0000%, Lmin=-104013.54, Lmax=-103878.29
15:31:58 [ultranest] [DEBUG] iteration=2353, ncalls=4621, regioncalls=169960, ndraw=40, logz=-104021.28, remainder_fraction=100.0000%, Lmin=-104009.78, Lmax=-103878.29
15:31:58 [ultranest] [DEBUG] iteration=2360, ncalls=4631, regioncalls=170360, ndraw=40, logz=-104018.53, remainder_fraction=100.0000%, Lmin=-104006.70, Lmax=-103878.29
15:31:58 [ultranest] [DEBUG] iteration=2377, ncalls=4659, regioncalls=171480, ndraw=40, logz=-104014.15, remainder_fraction=100.0000%, Lmin=-104002.90, Lmax=-103878.29
15:31:58 [ultranest] [DEBUG] iteration=2392, ncalls=4689, regioncalls=172680, ndraw=40, logz=-104010.82, remainder_fraction=100.0000%, Lmin=-103999.53, Lmax=-103878.29
15:31:58 [ultranest] [DEBUG] iteration=2400, ncalls=4704, regioncalls=173280, ndraw=40, logz=-104008.56, remainder_fraction=100.0000%, Lmin=-103996.57, Lmax=-103878.29
15:31:58 [ultranest] [DEBUG] iteration=2415, ncalls=4732, regioncalls=174400, ndraw=40, logz=-104004.62, remainder_fraction=100.0000%, Lmin=-103993.35, Lmax=-103878.29
15:31:58 [ultranest] [DEBUG] iteration=2419, ncalls=4738, regioncalls=174760, ndraw=40, logz=-104003.77, remainder_fraction=100.0000%, Lmin=-103992.65, Lmax=-103878.29
15:31:58 [ultranest] [DEBUG] iteration=2435, ncalls=4766, regioncalls=175880, ndraw=40, logz=-103999.31, remainder_fraction=100.0000%, Lmin=-103987.62, Lmax=-103878.29
15:31:58 [ultranest] [DEBUG] iteration=2440, ncalls=4773, regioncalls=176160, ndraw=40, logz=-103997.96, remainder_fraction=100.0000%, Lmin=-103986.67, Lmax=-103878.29
15:31:58 [ultranest] [DEBUG] iteration=2458, ncalls=4799, regioncalls=177200, ndraw=40, logz=-103994.43, remainder_fraction=100.0000%, Lmin=-103982.85, Lmax=-103878.29
15:31:59 [ultranest] [DEBUG] iteration=2474, ncalls=4826, regioncalls=178280, ndraw=40, logz=-103991.55, remainder_fraction=100.0000%, Lmin=-103980.24, Lmax=-103878.29
15:31:59 [ultranest] [DEBUG] iteration=2480, ncalls=4834, regioncalls=178600, ndraw=40, logz=-103990.40, remainder_fraction=100.0000%, Lmin=-103978.99, Lmax=-103878.29
15:31:59 [ultranest] [DEBUG] iteration=2498, ncalls=4856, regioncalls=179520, ndraw=40, logz=-103987.68, remainder_fraction=100.0000%, Lmin=-103976.56, Lmax=-103878.29
15:31:59 [ultranest] [DEBUG] iteration=2519, ncalls=4883, regioncalls=180600, ndraw=40, logz=-103984.27, remainder_fraction=100.0000%, Lmin=-103972.97, Lmax=-103878.29
15:31:59 [ultranest] [DEBUG] iteration=2520, ncalls=4887, regioncalls=180760, ndraw=40, logz=-103984.11, remainder_fraction=100.0000%, Lmin=-103972.48, Lmax=-103878.29
15:31:59 [ultranest] [DEBUG] iteration=2538, ncalls=4915, regioncalls=181880, ndraw=40, logz=-103979.57, remainder_fraction=100.0000%, Lmin=-103967.59, Lmax=-103878.29
15:31:59 [ultranest] [DEBUG] iteration=2554, ncalls=4942, regioncalls=182960, ndraw=40, logz=-103975.45, remainder_fraction=100.0000%, Lmin=-103963.57, Lmax=-103878.29
15:31:59 [ultranest] [DEBUG] iteration=2560, ncalls=4955, regioncalls=183480, ndraw=40, logz=-103974.38, remainder_fraction=100.0000%, Lmin=-103962.63, Lmax=-103878.29
15:31:59 [ultranest] [DEBUG] iteration=2577, ncalls=4979, regioncalls=184480, ndraw=40, logz=-103970.97, remainder_fraction=100.0000%, Lmin=-103959.91, Lmax=-103878.29
15:31:59 [ultranest] [DEBUG] iteration=2590, ncalls=5009, regioncalls=185680, ndraw=40, logz=-103969.03, remainder_fraction=100.0000%, Lmin=-103957.37, Lmax=-103878.29
15:31:59 [ultranest] [DEBUG] iteration=2600, ncalls=5025, regioncalls=186320, ndraw=40, logz=-103967.31, remainder_fraction=100.0000%, Lmin=-103955.99, Lmax=-103878.29
15:31:59 [ultranest] [DEBUG] iteration=2617, ncalls=5052, regioncalls=187400, ndraw=40, logz=-103964.25, remainder_fraction=100.0000%, Lmin=-103952.44, Lmax=-103878.17
15:32:00 [ultranest] [DEBUG] iteration=2635, ncalls=5078, regioncalls=188440, ndraw=40, logz=-103961.35, remainder_fraction=100.0000%, Lmin=-103949.76, Lmax=-103878.17
15:32:00 [ultranest] [DEBUG] iteration=2640, ncalls=5085, regioncalls=188720, ndraw=40, logz=-103960.62, remainder_fraction=100.0000%, Lmin=-103949.30, Lmax=-103878.17
15:32:00 [ultranest] [DEBUG] iteration=2655, ncalls=5115, regioncalls=189920, ndraw=40, logz=-103959.07, remainder_fraction=100.0000%, Lmin=-103947.76, Lmax=-103878.17
15:32:00 [ultranest] [DEBUG] iteration=2656, ncalls=5116, regioncalls=190000, ndraw=40, logz=-103958.96, remainder_fraction=100.0000%, Lmin=-103947.63, Lmax=-103878.17
15:32:00 [ultranest] [DEBUG] iteration=2674, ncalls=5142, regioncalls=191080, ndraw=40, logz=-103956.49, remainder_fraction=100.0000%, Lmin=-103944.92, Lmax=-103878.17
15:32:00 [ultranest] [DEBUG] iteration=2680, ncalls=5151, regioncalls=191440, ndraw=40, logz=-103955.23, remainder_fraction=100.0000%, Lmin=-103943.06, Lmax=-103878.17
15:32:00 [ultranest] [DEBUG] iteration=2698, ncalls=5177, regioncalls=192480, ndraw=40, logz=-103952.18, remainder_fraction=100.0000%, Lmin=-103940.84, Lmax=-103878.17
15:32:00 [ultranest] [DEBUG] iteration=2711, ncalls=5208, regioncalls=193720, ndraw=40, logz=-103950.23, remainder_fraction=100.0000%, Lmin=-103938.47, Lmax=-103878.17
15:32:00 [ultranest] [DEBUG] iteration=2720, ncalls=5224, regioncalls=194360, ndraw=40, logz=-103949.18, remainder_fraction=100.0000%, Lmin=-103937.74, Lmax=-103878.17
15:32:00 [ultranest] [DEBUG] iteration=2733, ncalls=5254, regioncalls=195560, ndraw=40, logz=-103947.66, remainder_fraction=100.0000%, Lmin=-103936.09, Lmax=-103878.17
15:32:00 [ultranest] [DEBUG] iteration=2735, ncalls=5257, regioncalls=195720, ndraw=40, logz=-103947.43, remainder_fraction=100.0000%, Lmin=-103936.04, Lmax=-103878.17
15:32:00 [ultranest] [DEBUG] iteration=2751, ncalls=5283, regioncalls=196760, ndraw=40, logz=-103945.78, remainder_fraction=100.0000%, Lmin=-103934.51, Lmax=-103877.45
15:32:00 [ultranest] [DEBUG] iteration=2760, ncalls=5297, regioncalls=197320, ndraw=40, logz=-103944.85, remainder_fraction=100.0000%, Lmin=-103933.36, Lmax=-103877.45
15:32:00 [ultranest] [DEBUG] iteration=2777, ncalls=5322, regioncalls=198320, ndraw=40, logz=-103942.77, remainder_fraction=100.0000%, Lmin=-103931.14, Lmax=-103875.97
15:32:01 [ultranest] [DEBUG] iteration=2792, ncalls=5349, regioncalls=199400, ndraw=40, logz=-103941.32, remainder_fraction=100.0000%, Lmin=-103929.93, Lmax=-103875.97
15:32:01 [ultranest] [DEBUG] iteration=2800, ncalls=5370, regioncalls=200240, ndraw=40, logz=-103940.69, remainder_fraction=100.0000%, Lmin=-103929.40, Lmax=-103875.97
15:32:01 [ultranest] [DEBUG] iteration=2814, ncalls=5391, regioncalls=201120, ndraw=40, logz=-103939.51, remainder_fraction=100.0000%, Lmin=-103928.00, Lmax=-103875.97
15:32:01 [ultranest] [DEBUG] iteration=2831, ncalls=5417, regioncalls=202160, ndraw=40, logz=-103938.00, remainder_fraction=100.0000%, Lmin=-103926.52, Lmax=-103875.97
15:32:01 [ultranest] [DEBUG] iteration=2840, ncalls=5430, regioncalls=202680, ndraw=40, logz=-103936.94, remainder_fraction=100.0000%, Lmin=-103925.11, Lmax=-103875.97
15:32:01 [ultranest] [DEBUG] iteration=2858, ncalls=5456, regioncalls=203720, ndraw=40, logz=-103935.31, remainder_fraction=100.0000%, Lmin=-103923.75, Lmax=-103875.97
15:32:01 [ultranest] [DEBUG] iteration=2875, ncalls=5482, regioncalls=204760, ndraw=40, logz=-103933.64, remainder_fraction=100.0000%, Lmin=-103921.60, Lmax=-103875.97
15:32:01 [ultranest] [DEBUG] iteration=2880, ncalls=5490, regioncalls=205080, ndraw=40, logz=-103933.09, remainder_fraction=100.0000%, Lmin=-103921.35, Lmax=-103875.97
15:32:01 [ultranest] [DEBUG] iteration=2893, ncalls=5511, regioncalls=205960, ndraw=40, logz=-103932.02, remainder_fraction=100.0000%, Lmin=-103920.42, Lmax=-103875.97
15:32:01 [ultranest] [DEBUG] iteration=2911, ncalls=5536, regioncalls=206960, ndraw=40, logz=-103930.05, remainder_fraction=100.0000%, Lmin=-103918.06, Lmax=-103875.97
15:32:01 [ultranest] [DEBUG] iteration=2920, ncalls=5549, regioncalls=207480, ndraw=40, logz=-103929.12, remainder_fraction=100.0000%, Lmin=-103917.34, Lmax=-103875.97
15:32:01 [ultranest] [DEBUG] iteration=2938, ncalls=5576, regioncalls=208560, ndraw=40, logz=-103927.79, remainder_fraction=100.0000%, Lmin=-103916.25, Lmax=-103875.97
15:32:02 [ultranest] [DEBUG] iteration=2956, ncalls=5603, regioncalls=209640, ndraw=40, logz=-103926.65, remainder_fraction=100.0000%, Lmin=-103915.21, Lmax=-103875.97
15:32:02 [ultranest] [DEBUG] iteration=2960, ncalls=5611, regioncalls=209960, ndraw=40, logz=-103926.39, remainder_fraction=100.0000%, Lmin=-103914.74, Lmax=-103875.97
15:32:02 [ultranest] [DEBUG] iteration=2972, ncalls=5634, regioncalls=210920, ndraw=40, logz=-103925.48, remainder_fraction=100.0000%, Lmin=-103913.61, Lmax=-103875.97
15:32:02 [ultranest] [DEBUG] iteration=2989, ncalls=5661, regioncalls=212000, ndraw=40, logz=-103924.10, remainder_fraction=100.0000%, Lmin=-103912.38, Lmax=-103875.97
15:32:02 [ultranest] [DEBUG] iteration=3000, ncalls=5673, regioncalls=212480, ndraw=40, logz=-103923.33, remainder_fraction=100.0000%, Lmin=-103911.45, Lmax=-103875.97
15:32:02 [ultranest] [DEBUG] iteration=3017, ncalls=5701, regioncalls=213600, ndraw=40, logz=-103922.13, remainder_fraction=100.0000%, Lmin=-103910.26, Lmax=-103875.97
15:32:02 [ultranest] [DEBUG] iteration=3034, ncalls=5729, regioncalls=214720, ndraw=40, logz=-103921.04, remainder_fraction=100.0000%, Lmin=-103909.30, Lmax=-103875.97
15:32:02 [ultranest] [DEBUG] iteration=3040, ncalls=5735, regioncalls=214960, ndraw=40, logz=-103920.66, remainder_fraction=100.0000%, Lmin=-103908.96, Lmax=-103875.97
15:32:02 [ultranest] [DEBUG] iteration=3051, ncalls=5749, regioncalls=215560, ndraw=40, logz=-103919.98, remainder_fraction=100.0000%, Lmin=-103908.23, Lmax=-103875.10
15:32:02 [ultranest] [DEBUG] iteration=3070, ncalls=5776, regioncalls=216640, ndraw=40, logz=-103918.89, remainder_fraction=100.0000%, Lmin=-103907.06, Lmax=-103875.10
15:32:02 [ultranest] [DEBUG] iteration=3080, ncalls=5792, regioncalls=217280, ndraw=40, logz=-103918.29, remainder_fraction=100.0000%, Lmin=-103906.43, Lmax=-103875.10
15:32:02 [ultranest] [DEBUG] iteration=3095, ncalls=5820, regioncalls=218400, ndraw=40, logz=-103917.25, remainder_fraction=100.0000%, Lmin=-103905.27, Lmax=-103875.10
15:32:03 [ultranest] [DEBUG] iteration=3111, ncalls=5847, regioncalls=219480, ndraw=40, logz=-103916.37, remainder_fraction=100.0000%, Lmin=-103904.42, Lmax=-103875.10
15:32:03 [ultranest] [DEBUG] iteration=3120, ncalls=5858, regioncalls=219920, ndraw=40, logz=-103915.82, remainder_fraction=100.0000%, Lmin=-103903.67, Lmax=-103875.10
15:32:03 [ultranest] [DEBUG] iteration=3130, ncalls=5875, regioncalls=220640, ndraw=40, logz=-103914.99, remainder_fraction=100.0000%, Lmin=-103902.73, Lmax=-103875.10
15:32:03 [ultranest] [DEBUG] iteration=3146, ncalls=5901, regioncalls=221680, ndraw=40, logz=-103913.88, remainder_fraction=100.0000%, Lmin=-103901.92, Lmax=-103875.10
15:32:03 [ultranest] [DEBUG] iteration=3160, ncalls=5917, regioncalls=222320, ndraw=40, logz=-103913.19, remainder_fraction=100.0000%, Lmin=-103901.43, Lmax=-103875.10
15:32:03 [ultranest] [DEBUG] iteration=3181, ncalls=5944, regioncalls=223400, ndraw=40, logz=-103912.24, remainder_fraction=100.0000%, Lmin=-103900.61, Lmax=-103875.10
15:32:03 [ultranest] [DEBUG] iteration=3199, ncalls=5971, regioncalls=224480, ndraw=40, logz=-103911.56, remainder_fraction=100.0000%, Lmin=-103899.74, Lmax=-103875.10
15:32:03 [ultranest] [DEBUG] iteration=3200, ncalls=5975, regioncalls=224640, ndraw=40, logz=-103911.51, remainder_fraction=100.0000%, Lmin=-103899.73, Lmax=-103875.10
15:32:03 [ultranest] [DEBUG] iteration=3214, ncalls=6001, regioncalls=225680, ndraw=40, logz=-103910.93, remainder_fraction=100.0000%, Lmin=-103899.00, Lmax=-103875.10
15:32:03 [ultranest] [DEBUG] iteration=3228, ncalls=6028, regioncalls=226760, ndraw=40, logz=-103910.30, remainder_fraction=100.0000%, Lmin=-103898.34, Lmax=-103875.10
15:32:03 [ultranest] [DEBUG] iteration=3240, ncalls=6048, regioncalls=227560, ndraw=40, logz=-103909.80, remainder_fraction=100.0000%, Lmin=-103897.95, Lmax=-103875.10
15:32:03 [ultranest] [DEBUG] iteration=3251, ncalls=6078, regioncalls=228760, ndraw=40, logz=-103909.31, remainder_fraction=100.0000%, Lmin=-103897.25, Lmax=-103875.10
15:32:04 [ultranest] [DEBUG] iteration=3270, ncalls=6104, regioncalls=229800, ndraw=40, logz=-103908.44, remainder_fraction=100.0000%, Lmin=-103896.35, Lmax=-103875.10
15:32:04 [ultranest] [DEBUG] iteration=3280, ncalls=6128, regioncalls=230760, ndraw=40, logz=-103907.99, remainder_fraction=100.0000%, Lmin=-103895.86, Lmax=-103875.10
15:32:04 [ultranest] [DEBUG] iteration=3288, ncalls=6148, regioncalls=231680, ndraw=40, logz=-103907.64, remainder_fraction=100.0000%, Lmin=-103895.63, Lmax=-103875.10
15:32:04 [ultranest] [DEBUG] iteration=3301, ncalls=6175, regioncalls=232800, ndraw=40, logz=-103907.15, remainder_fraction=100.0000%, Lmin=-103895.10, Lmax=-103875.10
15:32:04 [ultranest] [DEBUG] iteration=3317, ncalls=6202, regioncalls=233880, ndraw=40, logz=-103906.51, remainder_fraction=100.0000%, Lmin=-103894.19, Lmax=-103875.10
15:32:04 [ultranest] [DEBUG] iteration=3320, ncalls=6205, regioncalls=234000, ndraw=40, logz=-103906.36, remainder_fraction=100.0000%, Lmin=-103894.09, Lmax=-103875.10
15:32:04 [ultranest] [DEBUG] iteration=3337, ncalls=6231, regioncalls=235040, ndraw=40, logz=-103905.67, remainder_fraction=100.0000%, Lmin=-103893.59, Lmax=-103875.10
15:32:04 [ultranest] [DEBUG] iteration=3353, ncalls=6258, regioncalls=236120, ndraw=40, logz=-103905.07, remainder_fraction=100.0000%, Lmin=-103892.96, Lmax=-103875.10
15:32:04 [ultranest] [DEBUG] iteration=3360, ncalls=6275, regioncalls=236800, ndraw=40, logz=-103904.84, remainder_fraction=100.0000%, Lmin=-103892.90, Lmax=-103875.10
15:32:04 [ultranest] [DEBUG] iteration=3367, ncalls=6292, regioncalls=237520, ndraw=40, logz=-103904.63, remainder_fraction=100.0000%, Lmin=-103892.74, Lmax=-103875.10
15:32:04 [ultranest] [DEBUG] iteration=3384, ncalls=6319, regioncalls=238600, ndraw=40, logz=-103904.09, remainder_fraction=100.0000%, Lmin=-103891.97, Lmax=-103875.10
15:32:04 [ultranest] [DEBUG] iteration=3400, ncalls=6343, regioncalls=239560, ndraw=40, logz=-103903.58, remainder_fraction=100.0000%, Lmin=-103891.51, Lmax=-103875.10
15:32:05 [ultranest] [DEBUG] iteration=3416, ncalls=6370, regioncalls=240640, ndraw=40, logz=-103903.13, remainder_fraction=100.0000%, Lmin=-103891.15, Lmax=-103875.10
15:32:05 [ultranest] [DEBUG] iteration=3437, ncalls=6397, regioncalls=241720, ndraw=40, logz=-103902.51, remainder_fraction=99.9999%, Lmin=-103890.27, Lmax=-103875.10
15:32:05 [ultranest] [DEBUG] iteration=3440, ncalls=6400, regioncalls=241840, ndraw=40, logz=-103902.40, remainder_fraction=99.9999%, Lmin=-103890.09, Lmax=-103875.10
15:32:05 [ultranest] [DEBUG] iteration=3446, ncalls=6408, regioncalls=242200, ndraw=40, logz=-103902.20, remainder_fraction=99.9999%, Lmin=-103889.85, Lmax=-103875.10
15:32:05 [ultranest] [DEBUG] iteration=3464, ncalls=6434, regioncalls=243240, ndraw=40, logz=-103901.61, remainder_fraction=99.9998%, Lmin=-103889.37, Lmax=-103875.10
15:32:05 [ultranest] [DEBUG] iteration=3480, ncalls=6459, regioncalls=244240, ndraw=40, logz=-103901.16, remainder_fraction=99.9997%, Lmin=-103888.97, Lmax=-103875.10
15:32:05 [ultranest] [DEBUG] iteration=3497, ncalls=6486, regioncalls=245320, ndraw=40, logz=-103900.73, remainder_fraction=99.9996%, Lmin=-103888.66, Lmax=-103874.89
15:32:05 [ultranest] [DEBUG] iteration=3515, ncalls=6514, regioncalls=246440, ndraw=40, logz=-103900.28, remainder_fraction=99.9994%, Lmin=-103888.09, Lmax=-103874.89
15:32:05 [ultranest] [DEBUG] iteration=3520, ncalls=6521, regioncalls=246720, ndraw=40, logz=-103900.15, remainder_fraction=99.9994%, Lmin=-103887.98, Lmax=-103874.89
15:32:05 [ultranest] [DEBUG] iteration=3531, ncalls=6548, regioncalls=247800, ndraw=40, logz=-103899.88, remainder_fraction=99.9991%, Lmin=-103887.68, Lmax=-103874.89
15:32:05 [ultranest] [DEBUG] iteration=3548, ncalls=6575, regioncalls=248880, ndraw=40, logz=-103899.46, remainder_fraction=99.9986%, Lmin=-103887.15, Lmax=-103874.89
15:32:05 [ultranest] [DEBUG] iteration=3560, ncalls=6599, regioncalls=249840, ndraw=40, logz=-103899.15, remainder_fraction=99.9981%, Lmin=-103886.77, Lmax=-103874.89
15:32:06 [ultranest] [DEBUG] iteration=3571, ncalls=6627, regioncalls=250960, ndraw=40, logz=-103898.87, remainder_fraction=99.9975%, Lmin=-103886.44, Lmax=-103874.89
15:32:06 [ultranest] [DEBUG] iteration=3584, ncalls=6654, regioncalls=252040, ndraw=40, logz=-103898.52, remainder_fraction=99.9965%, Lmin=-103886.13, Lmax=-103874.89
15:32:06 [ultranest] [DEBUG] iteration=3596, ncalls=6681, regioncalls=253120, ndraw=40, logz=-103898.23, remainder_fraction=99.9954%, Lmin=-103885.90, Lmax=-103874.89
15:32:06 [ultranest] [DEBUG] iteration=3600, ncalls=6689, regioncalls=253440, ndraw=40, logz=-103898.14, remainder_fraction=99.9950%, Lmin=-103885.83, Lmax=-103874.89
15:32:06 [ultranest] [DEBUG] iteration=3604, ncalls=6698, regioncalls=253840, ndraw=40, logz=-103898.05, remainder_fraction=99.9945%, Lmin=-103885.77, Lmax=-103874.89
15:32:06 [ultranest] [DEBUG] iteration=3622, ncalls=6723, regioncalls=254840, ndraw=40, logz=-103897.67, remainder_fraction=99.9916%, Lmin=-103885.25, Lmax=-103874.89
15:32:06 [ultranest] [DEBUG] iteration=3640, ncalls=6749, regioncalls=255880, ndraw=40, logz=-103897.26, remainder_fraction=99.9872%, Lmin=-103884.82, Lmax=-103874.89
15:32:06 [ultranest] [DEBUG] iteration=3658, ncalls=6774, regioncalls=256880, ndraw=40, logz=-103896.88, remainder_fraction=99.9824%, Lmin=-103884.50, Lmax=-103874.89
15:32:06 [ultranest] [DEBUG] iteration=3674, ncalls=6800, regioncalls=257920, ndraw=40, logz=-103896.56, remainder_fraction=99.9765%, Lmin=-103884.19, Lmax=-103874.89
15:32:06 [ultranest] [DEBUG] iteration=3680, ncalls=6811, regioncalls=258360, ndraw=40, logz=-103896.45, remainder_fraction=99.9734%, Lmin=-103884.03, Lmax=-103874.89
15:32:06 [ultranest] [DEBUG] iteration=3683, ncalls=6816, regioncalls=258640, ndraw=40, logz=-103896.39, remainder_fraction=99.9716%, Lmin=-103883.93, Lmax=-103874.89
15:32:06 [ultranest] [DEBUG] iteration=3704, ncalls=6841, regioncalls=259640, ndraw=40, logz=-103895.99, remainder_fraction=99.9559%, Lmin=-103883.62, Lmax=-103874.89
15:32:07 [ultranest] [DEBUG] iteration=3720, ncalls=6866, regioncalls=260640, ndraw=40, logz=-103895.73, remainder_fraction=99.9456%, Lmin=-103883.39, Lmax=-103874.83
15:32:07 [ultranest] [DEBUG] iteration=3737, ncalls=6892, regioncalls=261760, ndraw=40, logz=-103895.45, remainder_fraction=99.9279%, Lmin=-103883.11, Lmax=-103874.83
15:32:07 [ultranest] [DEBUG] iteration=3757, ncalls=6918, regioncalls=262800, ndraw=40, logz=-103895.16, remainder_fraction=99.9007%, Lmin=-103882.88, Lmax=-103874.83
15:32:07 [ultranest] [DEBUG] iteration=3760, ncalls=6922, regioncalls=262960, ndraw=40, logz=-103895.12, remainder_fraction=99.8973%, Lmin=-103882.84, Lmax=-103874.83
15:32:07 [ultranest] [DEBUG] iteration=3775, ncalls=6946, regioncalls=263920, ndraw=40, logz=-103894.92, remainder_fraction=99.8765%, Lmin=-103882.63, Lmax=-103874.83
15:32:07 [ultranest] [DEBUG] iteration=3793, ncalls=6972, regioncalls=264960, ndraw=40, logz=-103894.68, remainder_fraction=99.8500%, Lmin=-103882.34, Lmax=-103874.83
15:32:07 [ultranest] [DEBUG] iteration=3800, ncalls=6982, regioncalls=265360, ndraw=40, logz=-103894.59, remainder_fraction=99.8326%, Lmin=-103882.24, Lmax=-103874.83
15:32:07 [ultranest] [DEBUG] iteration=3815, ncalls=7009, regioncalls=266440, ndraw=40, logz=-103894.40, remainder_fraction=99.7939%, Lmin=-103882.03, Lmax=-103874.83
15:32:07 [ultranest] [DEBUG] iteration=3828, ncalls=7036, regioncalls=267520, ndraw=40, logz=-103894.23, remainder_fraction=99.7584%, Lmin=-103881.84, Lmax=-103874.83
15:32:07 [ultranest] [DEBUG] iteration=3840, ncalls=7056, regioncalls=268320, ndraw=40, logz=-103894.07, remainder_fraction=99.7170%, Lmin=-103881.64, Lmax=-103874.83
15:32:07 [ultranest] [DEBUG] iteration=3841, ncalls=7058, regioncalls=268440, ndraw=40, logz=-103894.06, remainder_fraction=99.7136%, Lmin=-103881.62, Lmax=-103874.83
15:32:07 [ultranest] [DEBUG] iteration=3861, ncalls=7083, regioncalls=269480, ndraw=40, logz=-103893.82, remainder_fraction=99.6258%, Lmin=-103881.43, Lmax=-103874.83
15:32:07 [ultranest] [DEBUG] iteration=3879, ncalls=7109, regioncalls=270520, ndraw=40, logz=-103893.61, remainder_fraction=99.5352%, Lmin=-103881.22, Lmax=-103874.83
15:32:08 [ultranest] [DEBUG] iteration=3880, ncalls=7110, regioncalls=270560, ndraw=40, logz=-103893.60, remainder_fraction=99.5353%, Lmin=-103881.20, Lmax=-103874.83
15:32:08 [ultranest] [DEBUG] iteration=3896, ncalls=7138, regioncalls=271680, ndraw=40, logz=-103893.43, remainder_fraction=99.4520%, Lmin=-103880.98, Lmax=-103874.83
15:32:08 [ultranest] [DEBUG] iteration=3911, ncalls=7166, regioncalls=272800, ndraw=40, logz=-103893.27, remainder_fraction=99.3510%, Lmin=-103880.82, Lmax=-103874.83
15:32:08 [ultranest] [DEBUG] iteration=3920, ncalls=7179, regioncalls=273360, ndraw=40, logz=-103893.17, remainder_fraction=99.3060%, Lmin=-103880.71, Lmax=-103874.83
15:32:08 [ultranest] [DEBUG] iteration=3938, ncalls=7204, regioncalls=274400, ndraw=40, logz=-103892.99, remainder_fraction=99.1480%, Lmin=-103880.58, Lmax=-103874.83
15:32:08 [ultranest] [DEBUG] iteration=3958, ncalls=7229, regioncalls=275400, ndraw=40, logz=-103892.81, remainder_fraction=98.9633%, Lmin=-103880.39, Lmax=-103874.83
15:32:08 [ultranest] [DEBUG] iteration=3960, ncalls=7232, regioncalls=275520, ndraw=40, logz=-103892.79, remainder_fraction=98.9394%, Lmin=-103880.35, Lmax=-103874.83
15:32:08 [ultranest] [DEBUG] iteration=3976, ncalls=7259, regioncalls=276600, ndraw=40, logz=-103892.65, remainder_fraction=98.7878%, Lmin=-103880.16, Lmax=-103874.83
15:32:08 [ultranest] [DEBUG] iteration=3993, ncalls=7285, regioncalls=277640, ndraw=40, logz=-103892.49, remainder_fraction=98.5844%, Lmin=-103879.99, Lmax=-103874.83
15:32:08 [ultranest] [DEBUG] iteration=3999, ncalls=7296, regioncalls=278120, ndraw=40, logz=-103892.44, remainder_fraction=98.5212%, Lmin=-103879.92, Lmax=-103874.83
15:32:08 [ultranest] [DEBUG] iteration=4000, ncalls=7297, regioncalls=278160, ndraw=40, logz=-103892.43, remainder_fraction=98.5060%, Lmin=-103879.91, Lmax=-103874.83
15:32:08 [ultranest] [DEBUG] iteration=4020, ncalls=7324, regioncalls=279280, ndraw=40, logz=-103892.26, remainder_fraction=98.2415%, Lmin=-103879.75, Lmax=-103874.83
15:32:08 [ultranest] [DEBUG] iteration=4038, ncalls=7350, regioncalls=280320, ndraw=40, logz=-103892.11, remainder_fraction=97.9474%, Lmin=-103879.56, Lmax=-103874.83
15:32:08 [ultranest] [DEBUG] iteration=4040, ncalls=7352, regioncalls=280400, ndraw=40, logz=-103892.10, remainder_fraction=97.9098%, Lmin=-103879.56, Lmax=-103874.83
15:32:09 [ultranest] [DEBUG] iteration=4056, ncalls=7379, regioncalls=281480, ndraw=40, logz=-103891.97, remainder_fraction=97.6256%, Lmin=-103879.43, Lmax=-103874.77
15:32:09 [ultranest] [DEBUG] iteration=4073, ncalls=7408, regioncalls=282640, ndraw=40, logz=-103891.84, remainder_fraction=97.2938%, Lmin=-103879.27, Lmax=-103874.77
15:32:09 [ultranest] [DEBUG] iteration=4080, ncalls=7420, regioncalls=283120, ndraw=40, logz=-103891.79, remainder_fraction=97.1091%, Lmin=-103879.23, Lmax=-103874.77
15:32:09 [ultranest] [DEBUG] iteration=4097, ncalls=7449, regioncalls=284280, ndraw=40, logz=-103891.67, remainder_fraction=96.7029%, Lmin=-103879.12, Lmax=-103874.77
15:32:09 [ultranest] [DEBUG] iteration=4112, ncalls=7476, regioncalls=285360, ndraw=40, logz=-103891.57, remainder_fraction=96.3593%, Lmin=-103878.99, Lmax=-103874.77
15:32:09 [ultranest] [DEBUG] iteration=4120, ncalls=7490, regioncalls=285920, ndraw=40, logz=-103891.51, remainder_fraction=96.1391%, Lmin=-103878.89, Lmax=-103874.77
15:32:09 [ultranest] [DEBUG] iteration=4137, ncalls=7516, regioncalls=286960, ndraw=40, logz=-103891.40, remainder_fraction=95.6445%, Lmin=-103878.73, Lmax=-103874.77
15:32:09 [ultranest] [DEBUG] iteration=4150, ncalls=7544, regioncalls=288080, ndraw=40, logz=-103891.31, remainder_fraction=95.2668%, Lmin=-103878.61, Lmax=-103874.77
15:32:09 [ultranest] [DEBUG] iteration=4157, ncalls=7557, regioncalls=288640, ndraw=40, logz=-103891.26, remainder_fraction=95.0489%, Lmin=-103878.57, Lmax=-103874.77
15:32:09 [ultranest] [DEBUG] iteration=4160, ncalls=7562, regioncalls=288840, ndraw=40, logz=-103891.24, remainder_fraction=94.9206%, Lmin=-103878.56, Lmax=-103874.77
15:32:09 [ultranest] [DEBUG] iteration=4176, ncalls=7589, regioncalls=289920, ndraw=40, logz=-103891.14, remainder_fraction=94.3025%, Lmin=-103878.43, Lmax=-103874.77
15:32:09 [ultranest] [DEBUG] iteration=4188, ncalls=7617, regioncalls=291040, ndraw=40, logz=-103891.06, remainder_fraction=93.9580%, Lmin=-103878.30, Lmax=-103874.75
15:32:10 [ultranest] [DEBUG] iteration=4200, ncalls=7642, regioncalls=292040, ndraw=40, logz=-103890.98, remainder_fraction=93.4205%, Lmin=-103878.17, Lmax=-103874.75
15:32:10 [ultranest] [DEBUG] iteration=4214, ncalls=7670, regioncalls=293160, ndraw=40, logz=-103890.89, remainder_fraction=92.8907%, Lmin=-103878.07, Lmax=-103874.75
15:32:10 [ultranest] [DEBUG] iteration=4230, ncalls=7703, regioncalls=294480, ndraw=40, logz=-103890.79, remainder_fraction=92.0267%, Lmin=-103877.99, Lmax=-103874.75
15:32:10 [ultranest] [DEBUG] iteration=4236, ncalls=7711, regioncalls=294840, ndraw=40, logz=-103890.75, remainder_fraction=91.6846%, Lmin=-103877.94, Lmax=-103874.75
15:32:10 [ultranest] [DEBUG] iteration=4240, ncalls=7717, regioncalls=295080, ndraw=40, logz=-103890.73, remainder_fraction=91.4705%, Lmin=-103877.92, Lmax=-103874.75
15:32:10 [ultranest] [DEBUG] iteration=4257, ncalls=7743, regioncalls=296120, ndraw=40, logz=-103890.63, remainder_fraction=90.6356%, Lmin=-103877.81, Lmax=-103874.75
15:32:10 [ultranest] [DEBUG] iteration=4276, ncalls=7769, regioncalls=297160, ndraw=40, logz=-103890.52, remainder_fraction=89.7073%, Lmin=-103877.71, Lmax=-103874.75
15:32:10 [ultranest] [DEBUG] iteration=4280, ncalls=7773, regioncalls=297320, ndraw=40, logz=-103890.50, remainder_fraction=89.4836%, Lmin=-103877.69, Lmax=-103874.75
15:32:10 [ultranest] [DEBUG] iteration=4296, ncalls=7800, regioncalls=298400, ndraw=40, logz=-103890.42, remainder_fraction=88.6702%, Lmin=-103877.61, Lmax=-103874.75
15:32:10 [ultranest] [DEBUG] iteration=4311, ncalls=7828, regioncalls=299520, ndraw=40, logz=-103890.34, remainder_fraction=87.9170%, Lmin=-103877.52, Lmax=-103874.75
15:32:10 [ultranest] [DEBUG] iteration=4320, ncalls=7851, regioncalls=300440, ndraw=40, logz=-103890.30, remainder_fraction=87.3596%, Lmin=-103877.46, Lmax=-103874.75
15:32:10 [ultranest] [DEBUG] iteration=4335, ncalls=7878, regioncalls=301520, ndraw=40, logz=-103890.23, remainder_fraction=86.3808%, Lmin=-103877.40, Lmax=-103874.75
15:32:11 [ultranest] [DEBUG] iteration=4351, ncalls=7904, regioncalls=302560, ndraw=40, logz=-103890.15, remainder_fraction=85.4277%, Lmin=-103877.32, Lmax=-103874.75
15:32:11 [ultranest] [DEBUG] iteration=4360, ncalls=7922, regioncalls=303280, ndraw=40, logz=-103890.11, remainder_fraction=84.8187%, Lmin=-103877.27, Lmax=-103874.75
15:32:11 [ultranest] [DEBUG] iteration=4370, ncalls=7950, regioncalls=304400, ndraw=40, logz=-103890.07, remainder_fraction=84.0802%, Lmin=-103877.22, Lmax=-103874.75
15:32:11 [ultranest] [DEBUG] iteration=4385, ncalls=7977, regioncalls=305480, ndraw=40, logz=-103890.01, remainder_fraction=83.0465%, Lmin=-103877.13, Lmax=-103874.75
15:32:11 [ultranest] [DEBUG] iteration=4394, ncalls=8000, regioncalls=306440, ndraw=40, logz=-103889.97, remainder_fraction=82.5392%, Lmin=-103877.11, Lmax=-103874.75
15:32:11 [ultranest] [DEBUG] iteration=4400, ncalls=8008, regioncalls=306760, ndraw=40, logz=-103889.95, remainder_fraction=82.0567%, Lmin=-103877.07, Lmax=-103874.75
15:32:11 [ultranest] [DEBUG] iteration=4417, ncalls=8034, regioncalls=307800, ndraw=40, logz=-103889.88, remainder_fraction=80.8306%, Lmin=-103876.97, Lmax=-103874.65
15:32:11 [ultranest] [DEBUG] iteration=4432, ncalls=8060, regioncalls=308840, ndraw=40, logz=-103889.82, remainder_fraction=79.7063%, Lmin=-103876.90, Lmax=-103874.65
15:32:11 [ultranest] [DEBUG] iteration=4440, ncalls=8071, regioncalls=309280, ndraw=40, logz=-103889.79, remainder_fraction=79.1707%, Lmin=-103876.88, Lmax=-103874.65
15:32:11 [ultranest] [DEBUG] iteration=4456, ncalls=8098, regioncalls=310360, ndraw=40, logz=-103889.73, remainder_fraction=77.9430%, Lmin=-103876.79, Lmax=-103874.65
15:32:11 [ultranest] [DEBUG] iteration=4471, ncalls=8124, regioncalls=311400, ndraw=40, logz=-103889.67, remainder_fraction=76.7355%, Lmin=-103876.73, Lmax=-103874.65
15:32:11 [ultranest] [DEBUG] iteration=4473, ncalls=8127, regioncalls=311560, ndraw=40, logz=-103889.67, remainder_fraction=76.5664%, Lmin=-103876.73, Lmax=-103874.64
15:32:11 [ultranest] [DEBUG] iteration=4480, ncalls=8136, regioncalls=312000, ndraw=40, logz=-103889.64, remainder_fraction=76.0779%, Lmin=-103876.71, Lmax=-103874.64
15:32:12 [ultranest] [DEBUG] iteration=4500, ncalls=8162, regioncalls=313040, ndraw=40, logz=-103889.58, remainder_fraction=74.3787%, Lmin=-103876.65, Lmax=-103874.64
15:32:12 [ultranest] [DEBUG] iteration=4515, ncalls=8190, regioncalls=314160, ndraw=40, logz=-103889.53, remainder_fraction=73.1582%, Lmin=-103876.60, Lmax=-103874.64
15:32:12 [ultranest] [DEBUG] iteration=4520, ncalls=8200, regioncalls=314560, ndraw=40, logz=-103889.52, remainder_fraction=72.7115%, Lmin=-103876.58, Lmax=-103874.64
15:32:12 [ultranest] [DEBUG] iteration=4538, ncalls=8229, regioncalls=315720, ndraw=40, logz=-103889.46, remainder_fraction=71.0054%, Lmin=-103876.53, Lmax=-103874.64
15:32:12 [ultranest] [DEBUG] iteration=4549, ncalls=8257, regioncalls=316840, ndraw=40, logz=-103889.43, remainder_fraction=70.1711%, Lmin=-103876.48, Lmax=-103874.64
15:32:12 [ultranest] [DEBUG] iteration=4560, ncalls=8273, regioncalls=317480, ndraw=40, logz=-103889.40, remainder_fraction=69.2595%, Lmin=-103876.44, Lmax=-103874.64
15:32:12 [ultranest] [DEBUG] iteration=4577, ncalls=8300, regioncalls=318560, ndraw=40, logz=-103889.35, remainder_fraction=67.7763%, Lmin=-103876.41, Lmax=-103874.64
15:32:12 [ultranest] [DEBUG] iteration=4589, ncalls=8327, regioncalls=319640, ndraw=40, logz=-103889.32, remainder_fraction=66.6941%, Lmin=-103876.36, Lmax=-103874.64
15:32:12 [ultranest] [DEBUG] iteration=4600, ncalls=8352, regioncalls=320640, ndraw=40, logz=-103889.30, remainder_fraction=65.6754%, Lmin=-103876.34, Lmax=-103874.64
15:32:12 [ultranest] [DEBUG] iteration=4614, ncalls=8379, regioncalls=321720, ndraw=40, logz=-103889.26, remainder_fraction=64.3187%, Lmin=-103876.29, Lmax=-103874.64
15:32:13 [ultranest] [DEBUG] iteration=4625, ncalls=8407, regioncalls=322840, ndraw=40, logz=-103889.24, remainder_fraction=63.3302%, Lmin=-103876.25, Lmax=-103874.64
15:32:13 [ultranest] [DEBUG] iteration=4631, ncalls=8419, regioncalls=323360, ndraw=40, logz=-103889.22, remainder_fraction=62.7758%, Lmin=-103876.23, Lmax=-103874.64
15:32:13 [ultranest] [DEBUG] iteration=4640, ncalls=8432, regioncalls=323920, ndraw=40, logz=-103889.20, remainder_fraction=62.1140%, Lmin=-103876.21, Lmax=-103874.64
15:32:13 [ultranest] [DEBUG] iteration=4660, ncalls=8462, regioncalls=325160, ndraw=40, logz=-103889.16, remainder_fraction=60.4712%, Lmin=-103876.16, Lmax=-103874.64
15:32:13 [ultranest] [DEBUG] iteration=4678, ncalls=8488, regioncalls=326200, ndraw=40, logz=-103889.12, remainder_fraction=58.9520%, Lmin=-103876.09, Lmax=-103874.64
15:32:13 [ultranest] [DEBUG] iteration=4680, ncalls=8491, regioncalls=326320, ndraw=40, logz=-103889.11, remainder_fraction=58.8016%, Lmin=-103876.09, Lmax=-103874.64
15:32:13 [ultranest] [DEBUG] iteration=4697, ncalls=8517, regioncalls=327360, ndraw=40, logz=-103889.08, remainder_fraction=57.3430%, Lmin=-103876.03, Lmax=-103874.64
15:32:13 [ultranest] [DEBUG] iteration=4710, ncalls=8534, regioncalls=328240, ndraw=40, logz=-103889.05, remainder_fraction=56.2182%, Lmin=-103875.99, Lmax=-103874.64
15:32:13 [ultranest] [DEBUG] iteration=4720, ncalls=8545, regioncalls=328680, ndraw=40, logz=-103889.03, remainder_fraction=55.4450%, Lmin=-103875.96, Lmax=-103874.64
15:32:13 [ultranest] [DEBUG] iteration=4739, ncalls=8572, regioncalls=329760, ndraw=40, logz=-103888.99, remainder_fraction=53.9327%, Lmin=-103875.92, Lmax=-103874.64
15:32:13 [ultranest] [DEBUG] iteration=4758, ncalls=8598, regioncalls=330800, ndraw=40, logz=-103888.96, remainder_fraction=52.3964%, Lmin=-103875.86, Lmax=-103874.64
15:32:13 [ultranest] [DEBUG] iteration=4760, ncalls=8602, regioncalls=330960, ndraw=40, logz=-103888.96, remainder_fraction=52.1905%, Lmin=-103875.86, Lmax=-103874.64
15:32:13 [ultranest] [DEBUG] iteration=4776, ncalls=8628, regioncalls=332000, ndraw=40, logz=-103888.93, remainder_fraction=50.9497%, Lmin=-103875.83, Lmax=-103874.64
15:32:14 [ultranest] [DEBUG] iteration=4792, ncalls=8653, regioncalls=333000, ndraw=40, logz=-103888.90, remainder_fraction=49.6715%, Lmin=-103875.80, Lmax=-103874.62
15:32:14 [ultranest] [DEBUG] iteration=4800, ncalls=8666, regioncalls=333520, ndraw=40, logz=-103888.89, remainder_fraction=49.0849%, Lmin=-103875.77, Lmax=-103874.62
15:32:14 [ultranest] [DEBUG] iteration=4815, ncalls=8693, regioncalls=334600, ndraw=40, logz=-103888.86, remainder_fraction=47.7992%, Lmin=-103875.75, Lmax=-103874.62
15:32:14 [ultranest] [DEBUG] iteration=4831, ncalls=8719, regioncalls=335640, ndraw=40, logz=-103888.84, remainder_fraction=46.3747%, Lmin=-103875.72, Lmax=-103874.62
15:32:14 [ultranest] [DEBUG] iteration=4840, ncalls=8736, regioncalls=336320, ndraw=40, logz=-103888.83, remainder_fraction=45.7003%, Lmin=-103875.70, Lmax=-103874.62
15:32:14 [ultranest] [DEBUG] iteration=4856, ncalls=8762, regioncalls=337360, ndraw=40, logz=-103888.80, remainder_fraction=44.3431%, Lmin=-103875.67, Lmax=-103874.62
15:32:14 [ultranest] [DEBUG] iteration=4868, ncalls=8780, regioncalls=338160, ndraw=40, logz=-103888.79, remainder_fraction=43.3378%, Lmin=-103875.66, Lmax=-103874.62
15:32:14 [ultranest] [DEBUG] iteration=4880, ncalls=8798, regioncalls=338880, ndraw=40, logz=-103888.77, remainder_fraction=42.4315%, Lmin=-103875.63, Lmax=-103874.62
15:32:14 [ultranest] [DEBUG] iteration=4898, ncalls=8825, regioncalls=339960, ndraw=40, logz=-103888.75, remainder_fraction=41.0469%, Lmin=-103875.59, Lmax=-103874.62
15:32:14 [ultranest] [DEBUG] iteration=4916, ncalls=8851, regioncalls=341000, ndraw=40, logz=-103888.72, remainder_fraction=39.5548%, Lmin=-103875.56, Lmax=-103874.62
15:32:14 [ultranest] [DEBUG] iteration=4920, ncalls=8856, regioncalls=341200, ndraw=40, logz=-103888.72, remainder_fraction=39.3014%, Lmin=-103875.55, Lmax=-103874.62
15:32:14 [ultranest] [DEBUG] iteration=4937, ncalls=8882, regioncalls=342240, ndraw=40, logz=-103888.70, remainder_fraction=38.0606%, Lmin=-103875.52, Lmax=-103874.62
15:32:15 [ultranest] [DEBUG] iteration=4947, ncalls=8901, regioncalls=343040, ndraw=40, logz=-103888.69, remainder_fraction=37.2862%, Lmin=-103875.50, Lmax=-103874.62
15:32:15 [ultranest] [DEBUG] iteration=4960, ncalls=8928, regioncalls=344120, ndraw=40, logz=-103888.67, remainder_fraction=36.3055%, Lmin=-103875.49, Lmax=-103874.62
15:32:15 [ultranest] [DEBUG] iteration=4980, ncalls=8955, regioncalls=345200, ndraw=40, logz=-103888.65, remainder_fraction=34.8312%, Lmin=-103875.44, Lmax=-103874.62
15:32:15 [ultranest] [DEBUG] iteration=4999, ncalls=8982, regioncalls=346280, ndraw=40, logz=-103888.63, remainder_fraction=33.4399%, Lmin=-103875.42, Lmax=-103874.62
15:32:15 [ultranest] [DEBUG] iteration=5000, ncalls=8983, regioncalls=346320, ndraw=40, logz=-103888.63, remainder_fraction=33.3931%, Lmin=-103875.42, Lmax=-103874.62
15:32:15 [ultranest] [DEBUG] iteration=5018, ncalls=9010, regioncalls=347400, ndraw=40, logz=-103888.61, remainder_fraction=32.2294%, Lmin=-103875.39, Lmax=-103874.62
15:32:15 [ultranest] [DEBUG] iteration=5026, ncalls=9021, regioncalls=347960, ndraw=40, logz=-103888.60, remainder_fraction=31.7073%, Lmin=-103875.38, Lmax=-103874.62
15:32:15 [ultranest] [DEBUG] iteration=5040, ncalls=9039, regioncalls=348680, ndraw=40, logz=-103888.59, remainder_fraction=30.8216%, Lmin=-103875.34, Lmax=-103874.62
15:32:15 [ultranest] [DEBUG] iteration=5059, ncalls=9066, regioncalls=349760, ndraw=40, logz=-103888.57, remainder_fraction=29.6694%, Lmin=-103875.33, Lmax=-103874.62
15:32:15 [ultranest] [DEBUG] iteration=5078, ncalls=9093, regioncalls=350840, ndraw=40, logz=-103888.56, remainder_fraction=28.5078%, Lmin=-103875.30, Lmax=-103874.62
15:32:15 [ultranest] [DEBUG] iteration=5080, ncalls=9095, regioncalls=350920, ndraw=40, logz=-103888.55, remainder_fraction=28.3863%, Lmin=-103875.30, Lmax=-103874.62
15:32:15 [ultranest] [DEBUG] iteration=5097, ncalls=9121, regioncalls=351960, ndraw=40, logz=-103888.54, remainder_fraction=27.3994%, Lmin=-103875.28, Lmax=-103874.62
15:32:15 [ultranest] [DEBUG] iteration=5105, ncalls=9134, regioncalls=352520, ndraw=40, logz=-103888.53, remainder_fraction=26.9158%, Lmin=-103875.27, Lmax=-103874.62
15:32:16 [ultranest] [DEBUG] iteration=5120, ncalls=9156, regioncalls=353520, ndraw=40, logz=-103888.52, remainder_fraction=26.1018%, Lmin=-103875.25, Lmax=-103874.62
15:32:16 [ultranest] [DEBUG] iteration=5140, ncalls=9181, regioncalls=354520, ndraw=40, logz=-103888.51, remainder_fraction=24.9809%, Lmin=-103875.22, Lmax=-103874.62
15:32:16 [ultranest] [DEBUG] iteration=5155, ncalls=9207, regioncalls=355560, ndraw=40, logz=-103888.50, remainder_fraction=24.2084%, Lmin=-103875.21, Lmax=-103874.62
15:32:16 [ultranest] [DEBUG] iteration=5160, ncalls=9219, regioncalls=356040, ndraw=40, logz=-103888.49, remainder_fraction=23.9321%, Lmin=-103875.20, Lmax=-103874.62
15:32:16 [ultranest] [DEBUG] iteration=5174, ncalls=9246, regioncalls=357120, ndraw=40, logz=-103888.48, remainder_fraction=23.2024%, Lmin=-103875.18, Lmax=-103874.62
15:32:16 [ultranest] [DEBUG] iteration=5184, ncalls=9264, regioncalls=357880, ndraw=40, logz=-103888.48, remainder_fraction=22.6672%, Lmin=-103875.17, Lmax=-103874.62
15:32:16 [ultranest] [DEBUG] iteration=5199, ncalls=9290, regioncalls=358920, ndraw=40, logz=-103888.47, remainder_fraction=21.9366%, Lmin=-103875.15, Lmax=-103874.62
15:32:16 [ultranest] [DEBUG] iteration=5200, ncalls=9291, regioncalls=358960, ndraw=40, logz=-103888.46, remainder_fraction=21.8912%, Lmin=-103875.15, Lmax=-103874.62
15:32:16 [ultranest] [DEBUG] iteration=5215, ncalls=9318, regioncalls=360120, ndraw=40, logz=-103888.46, remainder_fraction=21.1326%, Lmin=-103875.14, Lmax=-103874.62
15:32:16 [ultranest] [DEBUG] iteration=5233, ncalls=9344, regioncalls=361240, ndraw=40, logz=-103888.44, remainder_fraction=20.2613%, Lmin=-103875.12, Lmax=-103874.62
15:32:16 [ultranest] [DEBUG] iteration=5240, ncalls=9356, regioncalls=361720, ndraw=40, logz=-103888.44, remainder_fraction=19.9291%, Lmin=-103875.12, Lmax=-103874.62
15:32:16 [ultranest] [DEBUG] iteration=5255, ncalls=9384, regioncalls=362840, ndraw=40, logz=-103888.43, remainder_fraction=19.2515%, Lmin=-103875.10, Lmax=-103874.62
15:32:16 [ultranest] [DEBUG] iteration=5263, ncalls=9397, regioncalls=363400, ndraw=40, logz=-103888.43, remainder_fraction=18.8931%, Lmin=-103875.10, Lmax=-103874.62
15:32:17 [ultranest] [DEBUG] iteration=5280, ncalls=9418, regioncalls=364240, ndraw=40, logz=-103888.42, remainder_fraction=18.1635%, Lmin=-103875.08, Lmax=-103874.62
15:32:17 [ultranest] [DEBUG] iteration=5297, ncalls=9444, regioncalls=365280, ndraw=40, logz=-103888.41, remainder_fraction=17.4571%, Lmin=-103875.07, Lmax=-103874.62
15:32:17 [ultranest] [DEBUG] iteration=5311, ncalls=9474, regioncalls=366480, ndraw=40, logz=-103888.40, remainder_fraction=16.8630%, Lmin=-103875.05, Lmax=-103874.62
15:32:17 [ultranest] [DEBUG] iteration=5320, ncalls=9488, regioncalls=367040, ndraw=40, logz=-103888.40, remainder_fraction=16.5216%, Lmin=-103875.04, Lmax=-103874.62
15:32:17 [ultranest] [DEBUG] iteration=5337, ncalls=9515, regioncalls=368120, ndraw=40, logz=-103888.39, remainder_fraction=15.9009%, Lmin=-103875.03, Lmax=-103874.62
15:32:17 [ultranest] [DEBUG] iteration=5342, ncalls=9527, regioncalls=368640, ndraw=40, logz=-103888.39, remainder_fraction=15.7131%, Lmin=-103875.03, Lmax=-103874.62
15:32:17 [ultranest] [DEBUG] iteration=5360, ncalls=9550, regioncalls=369600, ndraw=40, logz=-103888.38, remainder_fraction=15.0441%, Lmin=-103875.01, Lmax=-103874.62
15:32:17 [ultranest] [DEBUG] iteration=5374, ncalls=9577, regioncalls=370680, ndraw=40, logz=-103888.37, remainder_fraction=14.5407%, Lmin=-103875.00, Lmax=-103874.62
15:32:17 [ultranest] [DEBUG] iteration=5393, ncalls=9610, regioncalls=372000, ndraw=40, logz=-103888.37, remainder_fraction=13.9055%, Lmin=-103874.98, Lmax=-103874.62
15:32:17 [ultranest] [DEBUG] iteration=5400, ncalls=9620, regioncalls=372400, ndraw=40, logz=-103888.36, remainder_fraction=13.6760%, Lmin=-103874.98, Lmax=-103874.62
15:32:17 [ultranest] [DEBUG] iteration=5418, ncalls=9646, regioncalls=373440, ndraw=40, logz=-103888.36, remainder_fraction=13.0822%, Lmin=-103874.96, Lmax=-103874.62
15:32:17 [ultranest] [DEBUG] iteration=5421, ncalls=9653, regioncalls=373760, ndraw=40, logz=-103888.36, remainder_fraction=12.9888%, Lmin=-103874.96, Lmax=-103874.62
15:32:18 [ultranest] [DEBUG] iteration=5437, ncalls=9681, regioncalls=374880, ndraw=40, logz=-103888.35, remainder_fraction=12.4791%, Lmin=-103874.95, Lmax=-103874.62
15:32:18 [ultranest] [DEBUG] iteration=5440, ncalls=9686, regioncalls=375080, ndraw=40, logz=-103888.35, remainder_fraction=12.3969%, Lmin=-103874.95, Lmax=-103874.62
15:32:18 [ultranest] [DEBUG] iteration=5455, ncalls=9713, regioncalls=376160, ndraw=40, logz=-103888.34, remainder_fraction=11.9598%, Lmin=-103874.94, Lmax=-103874.62
15:32:18 [ultranest] [DEBUG] iteration=5472, ncalls=9739, regioncalls=377200, ndraw=40, logz=-103888.34, remainder_fraction=11.4514%, Lmin=-103874.93, Lmax=-103874.62
15:32:18 [ultranest] [DEBUG] iteration=5480, ncalls=9755, regioncalls=377840, ndraw=40, logz=-103888.34, remainder_fraction=11.2252%, Lmin=-103874.92, Lmax=-103874.62
15:32:18 [ultranest] [DEBUG] iteration=5498, ncalls=9781, regioncalls=378880, ndraw=40, logz=-103888.33, remainder_fraction=10.7212%, Lmin=-103874.92, Lmax=-103874.62
15:32:18 [ultranest] [DEBUG] iteration=5500, ncalls=9783, regioncalls=379000, ndraw=40, logz=-103888.33, remainder_fraction=10.6673%, Lmin=-103874.92, Lmax=-103874.62
15:32:18 [ultranest] [DEBUG] iteration=5520, ncalls=9809, regioncalls=380040, ndraw=40, logz=-103888.32, remainder_fraction=10.1424%, Lmin=-103874.90, Lmax=-103874.62
15:32:18 [ultranest] [DEBUG] iteration=5541, ncalls=9835, regioncalls=381080, ndraw=40, logz=-103888.32, remainder_fraction=9.6192%, Lmin=-103874.89, Lmax=-103874.61
15:32:18 [ultranest] [DEBUG] iteration=5560, ncalls=9860, regioncalls=382080, ndraw=40, logz=-103888.31, remainder_fraction=9.1541%, Lmin=-103874.88, Lmax=-103874.61
15:32:18 [ultranest] [DEBUG] iteration=5579, ncalls=9882, regioncalls=383120, ndraw=40, logz=-103888.31, remainder_fraction=8.7196%, Lmin=-103874.87, Lmax=-103874.61
15:32:19 [ultranest] [DEBUG] iteration=5599, ncalls=9907, regioncalls=384120, ndraw=40, logz=-103888.30, remainder_fraction=8.2870%, Lmin=-103874.86, Lmax=-103874.61
15:32:19 [ultranest] [DEBUG] iteration=5600, ncalls=9910, regioncalls=384240, ndraw=40, logz=-103888.30, remainder_fraction=8.2648%, Lmin=-103874.86, Lmax=-103874.61
15:32:19 [ultranest] [DEBUG] iteration=5615, ncalls=9939, regioncalls=385400, ndraw=40, logz=-103888.30, remainder_fraction=7.9557%, Lmin=-103874.86, Lmax=-103874.61
15:32:19 [ultranest] [DEBUG] iteration=5633, ncalls=9965, regioncalls=386440, ndraw=40, logz=-103888.30, remainder_fraction=7.5890%, Lmin=-103874.85, Lmax=-103874.61
15:32:19 [ultranest] [DEBUG] iteration=5640, ncalls=9977, regioncalls=386920, ndraw=40, logz=-103888.29, remainder_fraction=7.4571%, Lmin=-103874.85, Lmax=-103874.61
15:32:19 [ultranest] [DEBUG] iteration=5653, ncalls=10004, regioncalls=388000, ndraw=40, logz=-103888.29, remainder_fraction=7.2043%, Lmin=-103874.84, Lmax=-103874.61
15:32:19 [ultranest] [DEBUG] iteration=5658, ncalls=10013, regioncalls=388400, ndraw=40, logz=-103888.29, remainder_fraction=7.1082%, Lmin=-103874.84, Lmax=-103874.61
15:32:19 [ultranest] [DEBUG] iteration=5676, ncalls=10039, regioncalls=389440, ndraw=40, logz=-103888.29, remainder_fraction=6.7706%, Lmin=-103874.83, Lmax=-103874.61
15:32:19 [ultranest] [DEBUG] iteration=5680, ncalls=10046, regioncalls=389720, ndraw=40, logz=-103888.29, remainder_fraction=6.6998%, Lmin=-103874.83, Lmax=-103874.61
15:32:19 [ultranest] [DEBUG] iteration=5698, ncalls=10072, regioncalls=390760, ndraw=40, logz=-103888.28, remainder_fraction=6.3911%, Lmin=-103874.82, Lmax=-103874.61
15:32:19 [ultranest] [DEBUG] iteration=5715, ncalls=10098, regioncalls=391800, ndraw=40, logz=-103888.28, remainder_fraction=6.1082%, Lmin=-103874.82, Lmax=-103874.61
15:32:19 [ultranest] [DEBUG] iteration=5720, ncalls=10103, regioncalls=392000, ndraw=40, logz=-103888.28, remainder_fraction=6.0267%, Lmin=-103874.82, Lmax=-103874.61
15:32:19 [ultranest] [DEBUG] iteration=5737, ncalls=10125, regioncalls=392920, ndraw=40, logz=-103888.28, remainder_fraction=5.7615%, Lmin=-103874.81, Lmax=-103874.61
15:32:19 [ultranest] [DEBUG] iteration=5756, ncalls=10151, regioncalls=393960, ndraw=40, logz=-103888.27, remainder_fraction=5.4855%, Lmin=-103874.80, Lmax=-103874.61
15:32:20 [ultranest] [DEBUG] iteration=5760, ncalls=10156, regioncalls=394160, ndraw=40, logz=-103888.27, remainder_fraction=5.4311%, Lmin=-103874.80, Lmax=-103874.61
15:32:20 [ultranest] [DEBUG] iteration=5777, ncalls=10183, regioncalls=395240, ndraw=40, logz=-103888.27, remainder_fraction=5.1912%, Lmin=-103874.80, Lmax=-103874.61
15:32:20 [ultranest] [DEBUG] iteration=5792, ncalls=10210, regioncalls=396320, ndraw=40, logz=-103888.27, remainder_fraction=4.9889%, Lmin=-103874.79, Lmax=-103874.61
15:32:20 [ultranest] [DEBUG] iteration=5800, ncalls=10221, regioncalls=396760, ndraw=40, logz=-103888.27, remainder_fraction=4.8840%, Lmin=-103874.79, Lmax=-103874.61
15:32:20 [ultranest] [DEBUG] iteration=5812, ncalls=10249, regioncalls=397880, ndraw=40, logz=-103888.27, remainder_fraction=4.7267%, Lmin=-103874.79, Lmax=-103874.61
15:32:20 [ultranest] [DEBUG] iteration=5827, ncalls=10277, regioncalls=399000, ndraw=40, logz=-103888.26, remainder_fraction=4.5413%, Lmin=-103874.78, Lmax=-103874.61
15:32:20 [ultranest] [DEBUG] iteration=5840, ncalls=10296, regioncalls=399760, ndraw=40, logz=-103888.26, remainder_fraction=4.3886%, Lmin=-103874.78, Lmax=-103874.61
15:32:20 [ultranest] [DEBUG] iteration=5854, ncalls=10323, regioncalls=400840, ndraw=40, logz=-103888.26, remainder_fraction=4.2263%, Lmin=-103874.77, Lmax=-103874.61
15:32:20 [ultranest] [DEBUG] iteration=5868, ncalls=10351, regioncalls=401960, ndraw=40, logz=-103888.26, remainder_fraction=4.0749%, Lmin=-103874.77, Lmax=-103874.61
15:32:20 [ultranest] [DEBUG] iteration=5880, ncalls=10370, regioncalls=402720, ndraw=40, logz=-103888.26, remainder_fraction=3.9515%, Lmin=-103874.77, Lmax=-103874.61
15:32:20 [ultranest] [DEBUG] iteration=5893, ncalls=10397, regioncalls=403800, ndraw=40, logz=-103888.26, remainder_fraction=3.8159%, Lmin=-103874.76, Lmax=-103874.61
15:32:20 [ultranest] [DEBUG] iteration=5895, ncalls=10399, regioncalls=403960, ndraw=40, logz=-103888.26, remainder_fraction=3.7948%, Lmin=-103874.76, Lmax=-103874.61
15:32:21 [ultranest] [DEBUG] iteration=5914, ncalls=10425, regioncalls=405040, ndraw=40, logz=-103888.25, remainder_fraction=3.6062%, Lmin=-103874.76, Lmax=-103874.61
15:32:21 [ultranest] [DEBUG] iteration=5920, ncalls=10434, regioncalls=405400, ndraw=40, logz=-103888.25, remainder_fraction=3.5493%, Lmin=-103874.76, Lmax=-103874.61
15:32:21 [ultranest] [DEBUG] iteration=5936, ncalls=10461, regioncalls=406480, ndraw=40, logz=-103888.25, remainder_fraction=3.4009%, Lmin=-103874.75, Lmax=-103874.61
15:32:21 [ultranest] [DEBUG] iteration=5952, ncalls=10487, regioncalls=407520, ndraw=40, logz=-103888.25, remainder_fraction=3.2583%, Lmin=-103874.75, Lmax=-103874.61
15:32:21 [ultranest] [DEBUG] iteration=5960, ncalls=10500, regioncalls=408040, ndraw=40, logz=-103888.25, remainder_fraction=3.1889%, Lmin=-103874.75, Lmax=-103874.61
15:32:21 [ultranest] [DEBUG] iteration=5974, ncalls=10525, regioncalls=409080, ndraw=40, logz=-103888.25, remainder_fraction=3.0708%, Lmin=-103874.74, Lmax=-103874.61
15:32:21 [ultranest] [DEBUG] iteration=5993, ncalls=10551, regioncalls=410120, ndraw=40, logz=-103888.25, remainder_fraction=2.9177%, Lmin=-103874.74, Lmax=-103874.61
15:32:21 [ultranest] [DEBUG] iteration=6000, ncalls=10562, regioncalls=410560, ndraw=40, logz=-103888.25, remainder_fraction=2.8620%, Lmin=-103874.74, Lmax=-103874.61
15:32:21 [ultranest] [DEBUG] iteration=6019, ncalls=10587, regioncalls=411560, ndraw=40, logz=-103888.24, remainder_fraction=2.7177%, Lmin=-103874.73, Lmax=-103874.61
15:32:21 [ultranest] [DEBUG] iteration=6039, ncalls=10612, regioncalls=412560, ndraw=40, logz=-103888.24, remainder_fraction=2.5748%, Lmin=-103874.73, Lmax=-103874.61
15:32:21 [ultranest] [DEBUG] iteration=6040, ncalls=10614, regioncalls=412640, ndraw=40, logz=-103888.24, remainder_fraction=2.5678%, Lmin=-103874.73, Lmax=-103874.61
15:32:21 [ultranest] [DEBUG] iteration=6051, ncalls=10641, regioncalls=413720, ndraw=40, logz=-103888.24, remainder_fraction=2.4923%, Lmin=-103874.73, Lmax=-103874.61
15:32:21 [ultranest] [DEBUG] iteration=6053, ncalls=10645, regioncalls=413920, ndraw=40, logz=-103888.24, remainder_fraction=2.4790%, Lmin=-103874.73, Lmax=-103874.61
15:32:22 [ultranest] [DEBUG] iteration=6069, ncalls=10671, regioncalls=414960, ndraw=40, logz=-103888.24, remainder_fraction=2.3722%, Lmin=-103874.72, Lmax=-103874.61
15:32:22 [ultranest] [DEBUG] iteration=6080, ncalls=10684, regioncalls=415560, ndraw=40, logz=-103888.24, remainder_fraction=2.3013%, Lmin=-103874.72, Lmax=-103874.61
15:32:22 [ultranest] [DEBUG] iteration=6099, ncalls=10711, regioncalls=416640, ndraw=40, logz=-103888.24, remainder_fraction=2.1844%, Lmin=-103874.71, Lmax=-103874.61
15:32:22 [ultranest] [DEBUG] iteration=6114, ncalls=10739, regioncalls=417760, ndraw=40, logz=-103888.24, remainder_fraction=2.0979%, Lmin=-103874.71, Lmax=-103874.61
15:32:22 [ultranest] [DEBUG] iteration=6120, ncalls=10751, regioncalls=418240, ndraw=40, logz=-103888.24, remainder_fraction=2.0635%, Lmin=-103874.71, Lmax=-103874.61
15:32:22 [ultranest] [DEBUG] iteration=6137, ncalls=10776, regioncalls=419240, ndraw=40, logz=-103888.24, remainder_fraction=1.9703%, Lmin=-103874.71, Lmax=-103874.61
15:32:22 [ultranest] [DEBUG] iteration=6153, ncalls=10804, regioncalls=420360, ndraw=40, logz=-103888.24, remainder_fraction=1.8868%, Lmin=-103874.70, Lmax=-103874.61
15:32:22 [ultranest] [DEBUG] iteration=6160, ncalls=10820, regioncalls=421000, ndraw=40, logz=-103888.24, remainder_fraction=1.8509%, Lmin=-103874.70, Lmax=-103874.61
15:32:22 [ultranest] [DEBUG] iteration=6174, ncalls=10847, regioncalls=422080, ndraw=40, logz=-103888.23, remainder_fraction=1.7810%, Lmin=-103874.70, Lmax=-103874.61
15:32:22 [ultranest] [DEBUG] iteration=6192, ncalls=10876, regioncalls=423240, ndraw=40, logz=-103888.23, remainder_fraction=1.6952%, Lmin=-103874.70, Lmax=-103874.61
15:32:22 [ultranest] [DEBUG] iteration=6200, ncalls=10891, regioncalls=423840, ndraw=40, logz=-103888.23, remainder_fraction=1.6586%, Lmin=-103874.70, Lmax=-103874.61
15:32:22 [ultranest] [DEBUG] iteration=6211, ncalls=10908, regioncalls=424600, ndraw=40, logz=-103888.23, remainder_fraction=1.6089%, Lmin=-103874.69, Lmax=-103874.61
15:32:23 [ultranest] [DEBUG] iteration=6234, ncalls=10933, regioncalls=425600, ndraw=40, logz=-103888.23, remainder_fraction=1.5100%, Lmin=-103874.69, Lmax=-103874.61
15:32:23 [ultranest] [DEBUG] iteration=6240, ncalls=10941, regioncalls=425920, ndraw=40, logz=-103888.23, remainder_fraction=1.4850%, Lmin=-103874.69, Lmax=-103874.61
15:32:23 [ultranest] [DEBUG] iteration=6257, ncalls=10967, regioncalls=426960, ndraw=40, logz=-103888.23, remainder_fraction=1.4160%, Lmin=-103874.69, Lmax=-103874.61
15:32:23 [ultranest] [DEBUG] iteration=6274, ncalls=10993, regioncalls=428000, ndraw=40, logz=-103888.23, remainder_fraction=1.3508%, Lmin=-103874.69, Lmax=-103874.61
15:32:23 [ultranest] [DEBUG] iteration=6280, ncalls=11000, regioncalls=428280, ndraw=40, logz=-103888.23, remainder_fraction=1.3287%, Lmin=-103874.69, Lmax=-103874.61
15:32:23 [ultranest] [DEBUG] iteration=6290, ncalls=11014, regioncalls=428920, ndraw=40, logz=-103888.23, remainder_fraction=1.2926%, Lmin=-103874.68, Lmax=-103874.61
15:32:23 [ultranest] [DEBUG] iteration=6309, ncalls=11039, regioncalls=429960, ndraw=40, logz=-103888.23, remainder_fraction=1.2264%, Lmin=-103874.68, Lmax=-103874.61
15:32:23 [ultranest] [DEBUG] iteration=6320, ncalls=11052, regioncalls=430480, ndraw=40, logz=-103888.23, remainder_fraction=1.1896%, Lmin=-103874.68, Lmax=-103874.61
15:32:23 [ultranest] [DEBUG] iteration=6336, ncalls=11079, regioncalls=431560, ndraw=40, logz=-103888.23, remainder_fraction=1.1380%, Lmin=-103874.68, Lmax=-103874.61
15:32:23 [ultranest] [DEBUG] iteration=6350, ncalls=11106, regioncalls=432640, ndraw=40, logz=-103888.23, remainder_fraction=1.0942%, Lmin=-103874.68, Lmax=-103874.61
15:32:23 [ultranest] [DEBUG] iteration=6360, ncalls=11121, regioncalls=433240, ndraw=40, logz=-103888.23, remainder_fraction=1.0641%, Lmin=-103874.67, Lmax=-103874.61
15:32:23 [ultranest] [DEBUG] iteration=6369, ncalls=11133, regioncalls=433760, ndraw=40, logz=-103888.23, remainder_fraction=1.0379%, Lmin=-103874.67, Lmax=-103874.61
15:32:23 [ultranest] [INFO] Explored until L=-1e+05  
15:32:23 [ultranest] [INFO] Likelihood function evaluations: 11151
15:32:25 [ultranest] [INFO] Writing samples and results to disk ...
15:32:25 [ultranest] [INFO] Writing samples and results to disk ... done
15:32:25 [ultranest] [DEBUG] did a run_iter pass!
15:32:25 [ultranest] [INFO]   logZ = -1.039e+05 +- 0.1086
15:32:25 [ultranest] [INFO] Effective samples strategy satisfied (ESS = 1657.1, need >400)
15:32:25 [ultranest] [INFO] Posterior uncertainty strategy is satisfied (KL: 0.46+-0.11 nat, need <0.50 nat)
15:32:25 [ultranest] [INFO] Evidency uncertainty strategy is satisfied (dlogz=0.11, need <0.5)
15:32:25 [ultranest] [INFO]   logZ error budget: single: 0.19 bs:0.11 tail:0.01 total:0.11 required:<0.50
15:32:25 [ultranest] [INFO] done iterating.
15:32:25 [ultranest] [DEBUG] Making corner plot ...
15:32:26 [ultranest] [DEBUG] Making corner plot ... done
15:32:26 [ultranest] [DEBUG] Making run plot ... 
15:32:26 [ultranest] [DEBUG] Making run plot ... done
15:32:26 [ultranest] [DEBUG] Making trace plot ... 
15:32:28 [ultranest] [DEBUG] Making trace plot ... done
