12:04:56 [ultranest] [DEBUG] ReactiveNestedSampler: dims=2+0, resume=False, log_dir=./m-values/N24/S24/M24/T029/P02/NF2/sample_rho, backend=hdf5, vectorized=False, nbootstraps=30, ndraw=128..65536
12:04:56 [ultranest] [INFO] Sampling 400 live points from prior ...
12:04:56 [ultranest] [DEBUG] run_iter dlogz=0.5, dKL=0.5, frac_remain=0.01, Lepsilon=0.0010, min_ess=400
12:04:56 [ultranest] [DEBUG] max_iters=-1, max_ncalls=-1, max_num_improvement_loops=-1, min_num_live_points=400, cluster_num_live_points=40
12:04:56 [ultranest] [DEBUG] minimal_widths_sequence: [(-inf, 400.0), (inf, 400.0)]
12:04:56 [ultranest] [DEBUG] Plateau detected at L=-1.355578e+07, not replacing live point.
12:04:56 [ultranest] [DEBUG] Plateau detected at L=-1.355578e+07, not replacing live point.
12:04:56 [ultranest] [DEBUG] Plateau detected at L=-1.355578e+07, not replacing live point.
12:04:56 [ultranest] [DEBUG] Plateau detected at L=-1.355578e+07, not replacing live point.
12:04:56 [ultranest] [DEBUG] Plateau detected at L=-1.355578e+07, not replacing live point.
12:04:56 [ultranest] [DEBUG] Plateau detected at L=-1.355578e+07, not replacing live point.
12:04:56 [ultranest] [DEBUG] Plateau detected at L=-1.355578e+07, not replacing live point.
12:04:56 [ultranest] [DEBUG] Plateau detected at L=-1.355578e+07, not replacing live point.
12:04:56 [ultranest] [DEBUG] Plateau detected at L=-1.355578e+07, not replacing live point.
12:04:56 [ultranest] [DEBUG] Plateau detected at L=-1.355578e+07, not replacing live point.
12:04:56 [ultranest] [DEBUG] Plateau detected at L=-1.355578e+07, not replacing live point.
12:04:56 [ultranest] [DEBUG] Plateau detected at L=-1.355578e+07, not replacing live point.
12:04:56 [ultranest] [DEBUG] Plateau detected at L=-1.355578e+07, not replacing live point.
12:04:56 [ultranest] [DEBUG] Plateau detected at L=-1.355578e+07, not replacing live point.
12:04:56 [ultranest] [DEBUG] iteration=14, ncalls=401, regioncalls=40, ndraw=40, logz=-13555782.31, remainder_fraction=100.0000%, Lmin=-13555778.96, Lmax=-105680.65
12:04:57 [ultranest] [DEBUG] iteration=40, ncalls=429, regioncalls=1160, ndraw=40, logz=-123063.57, remainder_fraction=100.0000%, Lmin=-123054.02, Lmax=-105680.65
12:04:57 [ultranest] [DEBUG] iteration=75, ncalls=467, regioncalls=2680, ndraw=40, logz=-120246.82, remainder_fraction=100.0000%, Lmin=-120114.03, Lmax=-105680.65
12:04:57 [ultranest] [DEBUG] iteration=80, ncalls=472, regioncalls=2880, ndraw=40, logz=-119364.33, remainder_fraction=100.0000%, Lmin=-119256.39, Lmax=-105680.65
12:04:57 [ultranest] [DEBUG] iteration=101, ncalls=498, regioncalls=3920, ndraw=40, logz=-117869.55, remainder_fraction=100.0000%, Lmin=-117753.62, Lmax=-105680.65
12:04:57 [ultranest] [DEBUG] iteration=120, ncalls=518, regioncalls=4720, ndraw=40, logz=-116667.80, remainder_fraction=100.0000%, Lmin=-116629.32, Lmax=-105680.65
12:04:57 [ultranest] [DEBUG] iteration=152, ncalls=557, regioncalls=6280, ndraw=40, logz=-114789.56, remainder_fraction=100.0000%, Lmin=-114654.66, Lmax=-105680.65
12:04:57 [ultranest] [DEBUG] iteration=160, ncalls=567, regioncalls=6680, ndraw=40, logz=-114330.42, remainder_fraction=100.0000%, Lmin=-114244.04, Lmax=-105680.65
12:04:57 [ultranest] [DEBUG] iteration=188, ncalls=598, regioncalls=7920, ndraw=40, logz=-113421.26, remainder_fraction=100.0000%, Lmin=-113379.08, Lmax=-105680.65
12:04:57 [ultranest] [DEBUG] iteration=200, ncalls=612, regioncalls=8480, ndraw=40, logz=-113279.70, remainder_fraction=100.0000%, Lmin=-113267.38, Lmax=-105680.65
12:04:57 [ultranest] [DEBUG] iteration=231, ncalls=653, regioncalls=10120, ndraw=40, logz=-112377.92, remainder_fraction=100.0000%, Lmin=-112354.08, Lmax=-105680.65
12:04:57 [ultranest] [DEBUG] iteration=240, ncalls=664, regioncalls=10560, ndraw=40, logz=-112207.17, remainder_fraction=100.0000%, Lmin=-112167.83, Lmax=-105680.65
12:04:57 [ultranest] [DEBUG] iteration=272, ncalls=705, regioncalls=12200, ndraw=40, logz=-111437.07, remainder_fraction=100.0000%, Lmin=-111412.47, Lmax=-105680.65
12:04:57 [ultranest] [DEBUG] iteration=275, ncalls=709, regioncalls=12360, ndraw=40, logz=-111362.93, remainder_fraction=100.0000%, Lmin=-111344.77, Lmax=-105680.65
12:04:57 [ultranest] [DEBUG] iteration=280, ncalls=716, regioncalls=12640, ndraw=40, logz=-111206.95, remainder_fraction=100.0000%, Lmin=-111198.87, Lmax=-105680.65
12:04:57 [ultranest] [DEBUG] iteration=312, ncalls=755, regioncalls=14200, ndraw=40, logz=-110735.74, remainder_fraction=100.0000%, Lmin=-110666.21, Lmax=-105680.65
12:04:57 [ultranest] [DEBUG] iteration=320, ncalls=766, regioncalls=14640, ndraw=40, logz=-110469.72, remainder_fraction=100.0000%, Lmin=-110453.09, Lmax=-105680.65
12:04:58 [ultranest] [DEBUG] iteration=351, ncalls=806, regioncalls=16240, ndraw=40, logz=-110035.93, remainder_fraction=100.0000%, Lmin=-110008.97, Lmax=-105680.65
12:04:58 [ultranest] [DEBUG] iteration=360, ncalls=819, regioncalls=16760, ndraw=40, logz=-109921.46, remainder_fraction=100.0000%, Lmin=-109884.19, Lmax=-105680.65
12:04:58 [ultranest] [DEBUG] iteration=362, ncalls=822, regioncalls=16880, ndraw=40, logz=-109885.89, remainder_fraction=100.0000%, Lmin=-109869.84, Lmax=-105680.65
12:04:58 [ultranest] [DEBUG] iteration=392, ncalls=864, regioncalls=18560, ndraw=40, logz=-109442.02, remainder_fraction=100.0000%, Lmin=-109431.74, Lmax=-105680.65
12:04:58 [ultranest] [DEBUG] iteration=400, ncalls=872, regioncalls=18880, ndraw=40, logz=-109403.80, remainder_fraction=100.0000%, Lmin=-109386.20, Lmax=-105680.65
12:04:58 [ultranest] [DEBUG] iteration=430, ncalls=912, regioncalls=20480, ndraw=40, logz=-108986.03, remainder_fraction=100.0000%, Lmin=-108978.18, Lmax=-105680.65
12:04:58 [ultranest] [DEBUG] iteration=440, ncalls=925, regioncalls=21000, ndraw=40, logz=-108886.00, remainder_fraction=100.0000%, Lmin=-108855.23, Lmax=-105680.65
12:04:58 [ultranest] [DEBUG] iteration=449, ncalls=934, regioncalls=21360, ndraw=40, logz=-108823.01, remainder_fraction=100.0000%, Lmin=-108811.78, Lmax=-105680.65
12:04:58 [ultranest] [DEBUG] iteration=478, ncalls=977, regioncalls=23080, ndraw=40, logz=-108559.43, remainder_fraction=100.0000%, Lmin=-108548.43, Lmax=-105680.65
12:04:58 [ultranest] [DEBUG] iteration=480, ncalls=979, regioncalls=23160, ndraw=40, logz=-108540.02, remainder_fraction=100.0000%, Lmin=-108498.39, Lmax=-105680.65
12:04:58 [ultranest] [DEBUG] iteration=510, ncalls=1019, regioncalls=24760, ndraw=40, logz=-108158.35, remainder_fraction=100.0000%, Lmin=-108148.67, Lmax=-105680.65
12:04:58 [ultranest] [DEBUG] iteration=520, ncalls=1029, regioncalls=25160, ndraw=40, logz=-108094.23, remainder_fraction=100.0000%, Lmin=-108083.29, Lmax=-105680.65
12:04:58 [ultranest] [DEBUG] iteration=536, ncalls=1054, regioncalls=26160, ndraw=40, logz=-108026.72, remainder_fraction=100.0000%, Lmin=-108014.40, Lmax=-105680.65
12:04:58 [ultranest] [DEBUG] iteration=560, ncalls=1086, regioncalls=27440, ndraw=40, logz=-107863.34, remainder_fraction=100.0000%, Lmin=-107855.80, Lmax=-105680.65
12:04:58 [ultranest] [DEBUG] iteration=593, ncalls=1125, regioncalls=29000, ndraw=40, logz=-107631.58, remainder_fraction=100.0000%, Lmin=-107609.99, Lmax=-105680.65
12:04:58 [ultranest] [DEBUG] iteration=600, ncalls=1133, regioncalls=29320, ndraw=40, logz=-107588.63, remainder_fraction=100.0000%, Lmin=-107579.65, Lmax=-105680.65
12:04:59 [ultranest] [DEBUG] iteration=623, ncalls=1165, regioncalls=30600, ndraw=40, logz=-107442.72, remainder_fraction=100.0000%, Lmin=-107433.42, Lmax=-105680.65
12:04:59 [ultranest] [DEBUG] iteration=640, ncalls=1184, regioncalls=31360, ndraw=40, logz=-107393.60, remainder_fraction=100.0000%, Lmin=-107384.45, Lmax=-105680.65
12:04:59 [ultranest] [DEBUG] iteration=672, ncalls=1223, regioncalls=32920, ndraw=40, logz=-107236.39, remainder_fraction=100.0000%, Lmin=-107224.84, Lmax=-105680.65
12:04:59 [ultranest] [DEBUG] iteration=680, ncalls=1232, regioncalls=33280, ndraw=40, logz=-107197.47, remainder_fraction=100.0000%, Lmin=-107175.16, Lmax=-105680.65
12:04:59 [ultranest] [DEBUG] iteration=710, ncalls=1274, regioncalls=34960, ndraw=40, logz=-107053.56, remainder_fraction=100.0000%, Lmin=-107039.90, Lmax=-105680.65
12:04:59 [ultranest] [DEBUG] iteration=720, ncalls=1287, regioncalls=35480, ndraw=40, logz=-107015.39, remainder_fraction=100.0000%, Lmin=-107001.29, Lmax=-105680.65
12:04:59 [ultranest] [DEBUG] iteration=751, ncalls=1327, regioncalls=37080, ndraw=40, logz=-106873.34, remainder_fraction=100.0000%, Lmin=-106862.36, Lmax=-105680.65
12:04:59 [ultranest] [DEBUG] iteration=760, ncalls=1338, regioncalls=37520, ndraw=40, logz=-106835.95, remainder_fraction=100.0000%, Lmin=-106823.27, Lmax=-105680.65
12:04:59 [ultranest] [DEBUG] iteration=786, ncalls=1379, regioncalls=39160, ndraw=40, logz=-106746.23, remainder_fraction=100.0000%, Lmin=-106738.35, Lmax=-105679.50
12:04:59 [ultranest] [DEBUG] iteration=797, ncalls=1392, regioncalls=39680, ndraw=40, logz=-106731.75, remainder_fraction=100.0000%, Lmin=-106722.09, Lmax=-105679.50
12:04:59 [ultranest] [DEBUG] iteration=800, ncalls=1395, regioncalls=39800, ndraw=40, logz=-106725.95, remainder_fraction=100.0000%, Lmin=-106717.93, Lmax=-105679.50
12:04:59 [ultranest] [DEBUG] iteration=832, ncalls=1435, regioncalls=41400, ndraw=40, logz=-106634.96, remainder_fraction=100.0000%, Lmin=-106625.57, Lmax=-105679.50
12:04:59 [ultranest] [DEBUG] iteration=840, ncalls=1445, regioncalls=41800, ndraw=40, logz=-106609.22, remainder_fraction=100.0000%, Lmin=-106599.91, Lmax=-105679.50
12:04:59 [ultranest] [DEBUG] iteration=870, ncalls=1485, regioncalls=43400, ndraw=40, logz=-106544.75, remainder_fraction=100.0000%, Lmin=-106534.27, Lmax=-105679.50
12:04:59 [ultranest] [DEBUG] iteration=880, ncalls=1496, regioncalls=43840, ndraw=40, logz=-106528.60, remainder_fraction=100.0000%, Lmin=-106519.86, Lmax=-105679.50
12:04:59 [ultranest] [DEBUG] iteration=908, ncalls=1533, regioncalls=45320, ndraw=40, logz=-106476.79, remainder_fraction=100.0000%, Lmin=-106467.36, Lmax=-105679.50
12:05:00 [ultranest] [DEBUG] iteration=920, ncalls=1550, regioncalls=46040, ndraw=40, logz=-106458.85, remainder_fraction=100.0000%, Lmin=-106447.63, Lmax=-105679.50
12:05:00 [ultranest] [DEBUG] iteration=949, ncalls=1589, regioncalls=47640, ndraw=40, logz=-106406.23, remainder_fraction=100.0000%, Lmin=-106391.17, Lmax=-105679.50
12:05:00 [ultranest] [DEBUG] iteration=960, ncalls=1607, regioncalls=48360, ndraw=40, logz=-106372.54, remainder_fraction=100.0000%, Lmin=-106360.33, Lmax=-105679.50
12:05:00 [ultranest] [DEBUG] iteration=971, ncalls=1621, regioncalls=48920, ndraw=40, logz=-106344.90, remainder_fraction=100.0000%, Lmin=-106337.04, Lmax=-105679.50
12:05:00 [ultranest] [DEBUG] iteration=998, ncalls=1662, regioncalls=50600, ndraw=40, logz=-106300.30, remainder_fraction=100.0000%, Lmin=-106291.92, Lmax=-105679.50
12:05:00 [ultranest] [DEBUG] iteration=1000, ncalls=1665, regioncalls=50720, ndraw=40, logz=-106299.26, remainder_fraction=100.0000%, Lmin=-106288.53, Lmax=-105679.50
12:05:00 [ultranest] [DEBUG] iteration=1030, ncalls=1705, regioncalls=52320, ndraw=40, logz=-106247.41, remainder_fraction=100.0000%, Lmin=-106238.34, Lmax=-105679.50
12:05:00 [ultranest] [DEBUG] iteration=1040, ncalls=1716, regioncalls=52760, ndraw=40, logz=-106238.77, remainder_fraction=100.0000%, Lmin=-106230.58, Lmax=-105679.50
12:05:00 [ultranest] [DEBUG] iteration=1058, ncalls=1743, regioncalls=53840, ndraw=40, logz=-106217.33, remainder_fraction=100.0000%, Lmin=-106203.62, Lmax=-105679.50
12:05:00 [ultranest] [DEBUG] iteration=1080, ncalls=1768, regioncalls=54920, ndraw=40, logz=-106175.02, remainder_fraction=100.0000%, Lmin=-106164.25, Lmax=-105679.50
12:05:00 [ultranest] [DEBUG] iteration=1112, ncalls=1807, regioncalls=56480, ndraw=40, logz=-106140.79, remainder_fraction=100.0000%, Lmin=-106133.09, Lmax=-105679.50
12:05:00 [ultranest] [DEBUG] iteration=1120, ncalls=1817, regioncalls=56880, ndraw=40, logz=-106136.45, remainder_fraction=100.0000%, Lmin=-106128.09, Lmax=-105679.50
12:05:00 [ultranest] [DEBUG] iteration=1145, ncalls=1859, regioncalls=58600, ndraw=40, logz=-106112.38, remainder_fraction=100.0000%, Lmin=-106103.39, Lmax=-105679.50
12:05:00 [ultranest] [DEBUG] iteration=1160, ncalls=1881, regioncalls=59480, ndraw=40, logz=-106099.78, remainder_fraction=100.0000%, Lmin=-106090.96, Lmax=-105679.50
12:05:00 [ultranest] [DEBUG] iteration=1188, ncalls=1921, regioncalls=61080, ndraw=40, logz=-106059.38, remainder_fraction=100.0000%, Lmin=-106048.58, Lmax=-105679.50
12:05:01 [ultranest] [DEBUG] iteration=1200, ncalls=1941, regioncalls=61880, ndraw=40, logz=-106049.24, remainder_fraction=100.0000%, Lmin=-106040.42, Lmax=-105679.35
12:05:01 [ultranest] [DEBUG] iteration=1225, ncalls=1983, regioncalls=63560, ndraw=40, logz=-106029.41, remainder_fraction=100.0000%, Lmin=-106019.75, Lmax=-105679.35
12:05:01 [ultranest] [DEBUG] iteration=1232, ncalls=1993, regioncalls=63960, ndraw=40, logz=-106022.88, remainder_fraction=100.0000%, Lmin=-106012.97, Lmax=-105679.35
12:05:01 [ultranest] [DEBUG] iteration=1240, ncalls=2002, regioncalls=64360, ndraw=40, logz=-106016.20, remainder_fraction=100.0000%, Lmin=-106007.18, Lmax=-105679.35
12:05:01 [ultranest] [DEBUG] iteration=1272, ncalls=2041, regioncalls=65920, ndraw=40, logz=-105995.04, remainder_fraction=100.0000%, Lmin=-105986.38, Lmax=-105679.35
12:05:01 [ultranest] [DEBUG] iteration=1280, ncalls=2049, regioncalls=66240, ndraw=40, logz=-105987.40, remainder_fraction=100.0000%, Lmin=-105979.05, Lmax=-105679.35
12:05:01 [ultranest] [DEBUG] iteration=1310, ncalls=2090, regioncalls=67880, ndraw=40, logz=-105971.55, remainder_fraction=100.0000%, Lmin=-105962.83, Lmax=-105678.15
12:05:01 [ultranest] [DEBUG] iteration=1319, ncalls=2103, regioncalls=68440, ndraw=40, logz=-105963.63, remainder_fraction=100.0000%, Lmin=-105950.47, Lmax=-105678.15
12:05:01 [ultranest] [DEBUG] iteration=1320, ncalls=2104, regioncalls=68480, ndraw=40, logz=-105959.82, remainder_fraction=100.0000%, Lmin=-105949.46, Lmax=-105678.15
12:05:01 [ultranest] [DEBUG] iteration=1351, ncalls=2143, regioncalls=70040, ndraw=40, logz=-105936.14, remainder_fraction=100.0000%, Lmin=-105926.96, Lmax=-105678.15
12:05:01 [ultranest] [DEBUG] iteration=1360, ncalls=2154, regioncalls=70480, ndraw=40, logz=-105927.76, remainder_fraction=100.0000%, Lmin=-105918.02, Lmax=-105678.15
12:05:01 [ultranest] [DEBUG] iteration=1390, ncalls=2194, regioncalls=72080, ndraw=40, logz=-105909.82, remainder_fraction=100.0000%, Lmin=-105900.42, Lmax=-105678.15
12:05:01 [ultranest] [DEBUG] iteration=1400, ncalls=2208, regioncalls=72640, ndraw=40, logz=-105902.69, remainder_fraction=100.0000%, Lmin=-105892.98, Lmax=-105678.15
12:05:01 [ultranest] [DEBUG] iteration=1406, ncalls=2219, regioncalls=73080, ndraw=40, logz=-105897.32, remainder_fraction=100.0000%, Lmin=-105887.30, Lmax=-105678.15
12:05:01 [ultranest] [DEBUG] iteration=1435, ncalls=2259, regioncalls=74720, ndraw=40, logz=-105881.91, remainder_fraction=100.0000%, Lmin=-105873.30, Lmax=-105678.15
12:05:01 [ultranest] [DEBUG] iteration=1440, ncalls=2264, regioncalls=74920, ndraw=40, logz=-105880.20, remainder_fraction=100.0000%, Lmin=-105870.14, Lmax=-105678.15
12:05:01 [ultranest] [DEBUG] iteration=1467, ncalls=2305, regioncalls=76560, ndraw=40, logz=-105867.06, remainder_fraction=100.0000%, Lmin=-105857.87, Lmax=-105678.15
12:05:02 [ultranest] [DEBUG] iteration=1480, ncalls=2326, regioncalls=77400, ndraw=40, logz=-105863.19, remainder_fraction=100.0000%, Lmin=-105854.60, Lmax=-105678.15
12:05:02 [ultranest] [DEBUG] iteration=1493, ncalls=2341, regioncalls=78040, ndraw=40, logz=-105859.72, remainder_fraction=100.0000%, Lmin=-105850.89, Lmax=-105678.15
12:05:02 [ultranest] [DEBUG] iteration=1520, ncalls=2373, regioncalls=79320, ndraw=40, logz=-105848.41, remainder_fraction=100.0000%, Lmin=-105838.92, Lmax=-105678.15
12:05:02 [ultranest] [DEBUG] iteration=1552, ncalls=2413, regioncalls=80920, ndraw=40, logz=-105836.08, remainder_fraction=100.0000%, Lmin=-105826.83, Lmax=-105678.15
12:05:02 [ultranest] [DEBUG] iteration=1560, ncalls=2424, regioncalls=81360, ndraw=40, logz=-105832.07, remainder_fraction=100.0000%, Lmin=-105823.02, Lmax=-105678.15
12:05:02 [ultranest] [DEBUG] iteration=1580, ncalls=2453, regioncalls=82560, ndraw=40, logz=-105823.95, remainder_fraction=100.0000%, Lmin=-105814.72, Lmax=-105678.15
12:05:02 [ultranest] [DEBUG] iteration=1600, ncalls=2478, regioncalls=83560, ndraw=40, logz=-105816.97, remainder_fraction=100.0000%, Lmin=-105807.65, Lmax=-105678.15
12:05:02 [ultranest] [DEBUG] iteration=1633, ncalls=2516, regioncalls=85080, ndraw=40, logz=-105806.79, remainder_fraction=100.0000%, Lmin=-105796.86, Lmax=-105678.15
12:05:02 [ultranest] [DEBUG] iteration=1640, ncalls=2524, regioncalls=85400, ndraw=40, logz=-105802.42, remainder_fraction=100.0000%, Lmin=-105793.03, Lmax=-105678.15
12:05:02 [ultranest] [DEBUG] iteration=1667, ncalls=2559, regioncalls=86840, ndraw=40, logz=-105794.32, remainder_fraction=100.0000%, Lmin=-105785.09, Lmax=-105678.15
12:05:02 [ultranest] [DEBUG] iteration=1680, ncalls=2575, regioncalls=87480, ndraw=40, logz=-105791.42, remainder_fraction=100.0000%, Lmin=-105782.78, Lmax=-105678.15
12:05:02 [ultranest] [DEBUG] iteration=1702, ncalls=2601, regioncalls=88520, ndraw=40, logz=-105785.55, remainder_fraction=100.0000%, Lmin=-105776.45, Lmax=-105678.15
12:05:02 [ultranest] [DEBUG] iteration=1720, ncalls=2625, regioncalls=89480, ndraw=40, logz=-105781.35, remainder_fraction=100.0000%, Lmin=-105772.32, Lmax=-105678.15
12:05:02 [ultranest] [DEBUG] iteration=1751, ncalls=2664, regioncalls=91080, ndraw=40, logz=-105773.04, remainder_fraction=100.0000%, Lmin=-105764.10, Lmax=-105678.15
12:05:02 [ultranest] [DEBUG] iteration=1760, ncalls=2676, regioncalls=91560, ndraw=40, logz=-105771.55, remainder_fraction=100.0000%, Lmin=-105762.56, Lmax=-105678.15
12:05:03 [ultranest] [DEBUG] iteration=1790, ncalls=2716, regioncalls=93160, ndraw=40, logz=-105765.84, remainder_fraction=100.0000%, Lmin=-105756.85, Lmax=-105678.15
12:05:03 [ultranest] [DEBUG] iteration=1800, ncalls=2731, regioncalls=93760, ndraw=40, logz=-105764.05, remainder_fraction=100.0000%, Lmin=-105755.10, Lmax=-105678.15
12:05:03 [ultranest] [DEBUG] iteration=1829, ncalls=2771, regioncalls=95360, ndraw=40, logz=-105758.46, remainder_fraction=100.0000%, Lmin=-105749.18, Lmax=-105678.15
12:05:03 [ultranest] [DEBUG] iteration=1840, ncalls=2783, regioncalls=95840, ndraw=40, logz=-105755.59, remainder_fraction=100.0000%, Lmin=-105746.22, Lmax=-105678.15
12:05:03 [ultranest] [DEBUG] iteration=1841, ncalls=2784, regioncalls=95880, ndraw=40, logz=-105755.36, remainder_fraction=100.0000%, Lmin=-105746.12, Lmax=-105678.15
12:05:03 [ultranest] [DEBUG] iteration=1873, ncalls=2822, regioncalls=97520, ndraw=40, logz=-105748.96, remainder_fraction=100.0000%, Lmin=-105740.07, Lmax=-105678.15
12:05:03 [ultranest] [DEBUG] iteration=1880, ncalls=2832, regioncalls=97920, ndraw=40, logz=-105748.03, remainder_fraction=100.0000%, Lmin=-105739.20, Lmax=-105678.15
12:05:03 [ultranest] [DEBUG] iteration=1909, ncalls=2872, regioncalls=99520, ndraw=40, logz=-105744.56, remainder_fraction=100.0000%, Lmin=-105735.63, Lmax=-105678.15
12:05:03 [ultranest] [DEBUG] iteration=1920, ncalls=2885, regioncalls=100040, ndraw=40, logz=-105743.15, remainder_fraction=100.0000%, Lmin=-105734.17, Lmax=-105678.15
12:05:03 [ultranest] [DEBUG] iteration=1928, ncalls=2897, regioncalls=100560, ndraw=40, logz=-105741.84, remainder_fraction=100.0000%, Lmin=-105732.15, Lmax=-105678.15
12:05:03 [ultranest] [DEBUG] iteration=1960, ncalls=2931, regioncalls=101920, ndraw=40, logz=-105737.05, remainder_fraction=100.0000%, Lmin=-105727.89, Lmax=-105678.15
12:05:03 [ultranest] [DEBUG] iteration=1990, ncalls=2970, regioncalls=103480, ndraw=40, logz=-105732.33, remainder_fraction=100.0000%, Lmin=-105723.14, Lmax=-105678.15
12:05:03 [ultranest] [DEBUG] iteration=2000, ncalls=2987, regioncalls=104160, ndraw=40, logz=-105731.16, remainder_fraction=100.0000%, Lmin=-105722.35, Lmax=-105678.15
12:05:03 [ultranest] [DEBUG] iteration=2015, ncalls=3009, regioncalls=105120, ndraw=40, logz=-105729.92, remainder_fraction=100.0000%, Lmin=-105721.24, Lmax=-105678.15
12:05:03 [ultranest] [DEBUG] iteration=2040, ncalls=3036, regioncalls=106200, ndraw=40, logz=-105727.56, remainder_fraction=100.0000%, Lmin=-105718.62, Lmax=-105678.08
12:05:04 [ultranest] [DEBUG] iteration=2073, ncalls=3074, regioncalls=107720, ndraw=40, logz=-105724.11, remainder_fraction=100.0000%, Lmin=-105715.07, Lmax=-105678.08
12:05:04 [ultranest] [DEBUG] iteration=2080, ncalls=3084, regioncalls=108120, ndraw=40, logz=-105723.37, remainder_fraction=100.0000%, Lmin=-105714.03, Lmax=-105678.08
12:05:04 [ultranest] [DEBUG] iteration=2102, ncalls=3112, regioncalls=109240, ndraw=40, logz=-105721.54, remainder_fraction=100.0000%, Lmin=-105712.77, Lmax=-105678.08
12:05:04 [ultranest] [DEBUG] iteration=2120, ncalls=3140, regioncalls=110600, ndraw=40, logz=-105720.24, remainder_fraction=100.0000%, Lmin=-105711.52, Lmax=-105678.08
12:05:04 [ultranest] [DEBUG] iteration=2150, ncalls=3181, regioncalls=112240, ndraw=40, logz=-105718.14, remainder_fraction=100.0000%, Lmin=-105709.10, Lmax=-105678.08
12:05:04 [ultranest] [DEBUG] iteration=2160, ncalls=3195, regioncalls=112800, ndraw=40, logz=-105717.01, remainder_fraction=100.0000%, Lmin=-105707.75, Lmax=-105678.02
12:05:04 [ultranest] [DEBUG] iteration=2184, ncalls=3236, regioncalls=114440, ndraw=40, logz=-105715.17, remainder_fraction=100.0000%, Lmin=-105706.08, Lmax=-105677.94
12:05:04 [ultranest] [DEBUG] iteration=2189, ncalls=3241, regioncalls=114680, ndraw=40, logz=-105714.75, remainder_fraction=100.0000%, Lmin=-105705.28, Lmax=-105677.94
12:05:04 [ultranest] [DEBUG] iteration=2200, ncalls=3254, regioncalls=115200, ndraw=40, logz=-105713.60, remainder_fraction=100.0000%, Lmin=-105704.19, Lmax=-105677.94
12:05:04 [ultranest] [DEBUG] iteration=2234, ncalls=3291, regioncalls=116680, ndraw=40, logz=-105711.09, remainder_fraction=100.0000%, Lmin=-105702.05, Lmax=-105677.94
12:05:04 [ultranest] [DEBUG] iteration=2240, ncalls=3297, regioncalls=116920, ndraw=40, logz=-105710.73, remainder_fraction=100.0000%, Lmin=-105701.70, Lmax=-105677.94
12:05:04 [ultranest] [DEBUG] iteration=2270, ncalls=3336, regioncalls=118480, ndraw=40, logz=-105708.83, remainder_fraction=100.0000%, Lmin=-105699.83, Lmax=-105677.94
12:05:04 [ultranest] [DEBUG] iteration=2276, ncalls=3344, regioncalls=118840, ndraw=40, logz=-105708.44, remainder_fraction=100.0000%, Lmin=-105699.19, Lmax=-105677.94
12:05:04 [ultranest] [DEBUG] iteration=2280, ncalls=3349, regioncalls=119040, ndraw=40, logz=-105708.17, remainder_fraction=100.0000%, Lmin=-105698.98, Lmax=-105677.94
12:05:04 [ultranest] [DEBUG] iteration=2307, ncalls=3388, regioncalls=120600, ndraw=40, logz=-105706.68, remainder_fraction=100.0000%, Lmin=-105697.56, Lmax=-105677.94
12:05:04 [ultranest] [DEBUG] iteration=2320, ncalls=3403, regioncalls=121280, ndraw=40, logz=-105705.99, remainder_fraction=100.0000%, Lmin=-105696.92, Lmax=-105677.94
12:05:05 [ultranest] [DEBUG] iteration=2348, ncalls=3442, regioncalls=122960, ndraw=40, logz=-105704.75, remainder_fraction=100.0000%, Lmin=-105695.80, Lmax=-105677.94
12:05:05 [ultranest] [DEBUG] iteration=2360, ncalls=3456, regioncalls=123520, ndraw=40, logz=-105704.26, remainder_fraction=100.0000%, Lmin=-105695.47, Lmax=-105677.94
12:05:05 [ultranest] [DEBUG] iteration=2386, ncalls=3493, regioncalls=125000, ndraw=40, logz=-105703.15, remainder_fraction=100.0000%, Lmin=-105694.23, Lmax=-105677.94
12:05:05 [ultranest] [DEBUG] iteration=2400, ncalls=3510, regioncalls=125680, ndraw=40, logz=-105702.62, remainder_fraction=100.0000%, Lmin=-105693.67, Lmax=-105677.94
12:05:05 [ultranest] [DEBUG] iteration=2426, ncalls=3551, regioncalls=127320, ndraw=40, logz=-105701.59, remainder_fraction=100.0000%, Lmin=-105692.67, Lmax=-105677.94
12:05:05 [ultranest] [DEBUG] iteration=2440, ncalls=3571, regioncalls=128120, ndraw=40, logz=-105701.13, remainder_fraction=99.9999%, Lmin=-105692.23, Lmax=-105677.94
12:05:05 [ultranest] [DEBUG] iteration=2450, ncalls=3585, regioncalls=128800, ndraw=40, logz=-105700.82, remainder_fraction=99.9999%, Lmin=-105691.96, Lmax=-105677.94
12:05:05 [ultranest] [DEBUG] iteration=2480, ncalls=3622, regioncalls=130280, ndraw=40, logz=-105699.84, remainder_fraction=99.9998%, Lmin=-105690.84, Lmax=-105677.94
12:05:05 [ultranest] [DEBUG] iteration=2512, ncalls=3659, regioncalls=131760, ndraw=40, logz=-105698.73, remainder_fraction=99.9994%, Lmin=-105689.74, Lmax=-105677.94
12:05:05 [ultranest] [DEBUG] iteration=2520, ncalls=3675, regioncalls=132400, ndraw=40, logz=-105698.49, remainder_fraction=99.9992%, Lmin=-105689.46, Lmax=-105677.94
12:05:05 [ultranest] [DEBUG] iteration=2537, ncalls=3700, regioncalls=133400, ndraw=40, logz=-105697.96, remainder_fraction=99.9987%, Lmin=-105688.83, Lmax=-105677.94
12:05:05 [ultranest] [DEBUG] iteration=2560, ncalls=3728, regioncalls=134560, ndraw=40, logz=-105697.32, remainder_fraction=99.9975%, Lmin=-105688.44, Lmax=-105677.94
12:05:05 [ultranest] [DEBUG] iteration=2588, ncalls=3769, regioncalls=136200, ndraw=40, logz=-105696.62, remainder_fraction=99.9950%, Lmin=-105687.62, Lmax=-105677.94
12:05:05 [ultranest] [DEBUG] iteration=2600, ncalls=3784, regioncalls=136800, ndraw=40, logz=-105696.29, remainder_fraction=99.9930%, Lmin=-105687.29, Lmax=-105677.94
12:05:06 [ultranest] [DEBUG] iteration=2627, ncalls=3821, regioncalls=138280, ndraw=40, logz=-105695.66, remainder_fraction=99.9864%, Lmin=-105686.67, Lmax=-105677.94
12:05:06 [ultranest] [DEBUG] iteration=2640, ncalls=3837, regioncalls=138920, ndraw=40, logz=-105695.34, remainder_fraction=99.9808%, Lmin=-105686.19, Lmax=-105677.94
12:05:06 [ultranest] [DEBUG] iteration=2670, ncalls=3878, regioncalls=140560, ndraw=40, logz=-105694.61, remainder_fraction=99.9595%, Lmin=-105685.51, Lmax=-105677.94
12:05:06 [ultranest] [DEBUG] iteration=2680, ncalls=3891, regioncalls=141080, ndraw=40, logz=-105694.39, remainder_fraction=99.9486%, Lmin=-105685.36, Lmax=-105677.94
12:05:06 [ultranest] [DEBUG] iteration=2705, ncalls=3932, regioncalls=142720, ndraw=40, logz=-105693.85, remainder_fraction=99.9118%, Lmin=-105684.79, Lmax=-105677.94
12:05:06 [ultranest] [DEBUG] iteration=2711, ncalls=3944, regioncalls=143240, ndraw=40, logz=-105693.73, remainder_fraction=99.9025%, Lmin=-105684.73, Lmax=-105677.94
12:05:06 [ultranest] [DEBUG] iteration=2720, ncalls=3961, regioncalls=143920, ndraw=40, logz=-105693.57, remainder_fraction=99.8834%, Lmin=-105684.56, Lmax=-105677.94
12:05:06 [ultranest] [DEBUG] iteration=2750, ncalls=3999, regioncalls=145480, ndraw=40, logz=-105693.09, remainder_fraction=99.8113%, Lmin=-105684.24, Lmax=-105677.94
12:05:06 [ultranest] [DEBUG] iteration=2760, ncalls=4012, regioncalls=146040, ndraw=40, logz=-105692.95, remainder_fraction=99.7802%, Lmin=-105684.11, Lmax=-105677.94
12:05:06 [ultranest] [DEBUG] iteration=2790, ncalls=4051, regioncalls=147600, ndraw=40, logz=-105692.56, remainder_fraction=99.6700%, Lmin=-105683.77, Lmax=-105677.94
12:05:06 [ultranest] [DEBUG] iteration=2800, ncalls=4065, regioncalls=148160, ndraw=40, logz=-105692.43, remainder_fraction=99.6255%, Lmin=-105683.59, Lmax=-105677.94
12:05:06 [ultranest] [DEBUG] iteration=2830, ncalls=4106, regioncalls=149800, ndraw=40, logz=-105692.05, remainder_fraction=99.4575%, Lmin=-105683.15, Lmax=-105677.94
12:05:06 [ultranest] [DEBUG] iteration=2840, ncalls=4118, regioncalls=150280, ndraw=40, logz=-105691.93, remainder_fraction=99.3797%, Lmin=-105683.03, Lmax=-105677.94
12:05:06 [ultranest] [DEBUG] iteration=2868, ncalls=4161, regioncalls=152000, ndraw=40, logz=-105691.59, remainder_fraction=99.1184%, Lmin=-105682.61, Lmax=-105677.94
12:05:06 [ultranest] [DEBUG] iteration=2880, ncalls=4177, regioncalls=152640, ndraw=40, logz=-105691.45, remainder_fraction=98.9832%, Lmin=-105682.51, Lmax=-105677.94
12:05:06 [ultranest] [DEBUG] iteration=2885, ncalls=4183, regioncalls=152920, ndraw=40, logz=-105691.39, remainder_fraction=98.9134%, Lmin=-105682.46, Lmax=-105677.94
12:05:07 [ultranest] [DEBUG] iteration=2915, ncalls=4222, regioncalls=154480, ndraw=40, logz=-105691.07, remainder_fraction=98.5247%, Lmin=-105682.10, Lmax=-105677.94
12:05:07 [ultranest] [DEBUG] iteration=2920, ncalls=4227, regioncalls=154680, ndraw=40, logz=-105691.02, remainder_fraction=98.4401%, Lmin=-105682.02, Lmax=-105677.94
12:05:07 [ultranest] [DEBUG] iteration=2950, ncalls=4268, regioncalls=156320, ndraw=40, logz=-105690.69, remainder_fraction=97.8105%, Lmin=-105681.55, Lmax=-105677.94
12:05:07 [ultranest] [DEBUG] iteration=2960, ncalls=4280, regioncalls=156800, ndraw=40, logz=-105690.58, remainder_fraction=97.5468%, Lmin=-105681.49, Lmax=-105677.94
12:05:07 [ultranest] [DEBUG] iteration=2972, ncalls=4293, regioncalls=157360, ndraw=40, logz=-105690.45, remainder_fraction=97.2105%, Lmin=-105681.37, Lmax=-105677.94
12:05:07 [ultranest] [DEBUG] iteration=3000, ncalls=4330, regioncalls=158840, ndraw=40, logz=-105690.17, remainder_fraction=96.2865%, Lmin=-105681.03, Lmax=-105677.94
12:05:07 [ultranest] [DEBUG] iteration=3033, ncalls=4370, regioncalls=160440, ndraw=40, logz=-105689.86, remainder_fraction=94.9548%, Lmin=-105680.78, Lmax=-105677.94
12:05:07 [ultranest] [DEBUG] iteration=3040, ncalls=4380, regioncalls=160840, ndraw=40, logz=-105689.80, remainder_fraction=94.6256%, Lmin=-105680.75, Lmax=-105677.94
12:05:07 [ultranest] [DEBUG] iteration=3059, ncalls=4401, regioncalls=161720, ndraw=40, logz=-105689.64, remainder_fraction=93.6283%, Lmin=-105680.57, Lmax=-105677.94
12:05:07 [ultranest] [DEBUG] iteration=3080, ncalls=4423, regioncalls=162600, ndraw=40, logz=-105689.48, remainder_fraction=92.6367%, Lmin=-105680.44, Lmax=-105677.94
12:05:07 [ultranest] [DEBUG] iteration=3112, ncalls=4462, regioncalls=164160, ndraw=40, logz=-105689.26, remainder_fraction=90.7824%, Lmin=-105680.28, Lmax=-105677.94
12:05:07 [ultranest] [DEBUG] iteration=3120, ncalls=4474, regioncalls=164640, ndraw=40, logz=-105689.21, remainder_fraction=90.3324%, Lmin=-105680.25, Lmax=-105677.94
12:05:07 [ultranest] [DEBUG] iteration=3146, ncalls=4507, regioncalls=166000, ndraw=40, logz=-105689.05, remainder_fraction=88.6118%, Lmin=-105680.06, Lmax=-105677.94
12:05:07 [ultranest] [DEBUG] iteration=3160, ncalls=4524, regioncalls=166680, ndraw=40, logz=-105688.97, remainder_fraction=87.6094%, Lmin=-105679.97, Lmax=-105677.94
12:05:07 [ultranest] [DEBUG] iteration=3188, ncalls=4564, regioncalls=168280, ndraw=40, logz=-105688.81, remainder_fraction=85.6093%, Lmin=-105679.83, Lmax=-105677.94
12:05:08 [ultranest] [DEBUG] iteration=3200, ncalls=4578, regioncalls=168840, ndraw=40, logz=-105688.75, remainder_fraction=84.7167%, Lmin=-105679.78, Lmax=-105677.94
12:05:08 [ultranest] [DEBUG] iteration=3232, ncalls=4616, regioncalls=170360, ndraw=40, logz=-105688.59, remainder_fraction=82.1621%, Lmin=-105679.65, Lmax=-105677.94
12:05:08 [ultranest] [DEBUG] iteration=3240, ncalls=4627, regioncalls=170800, ndraw=40, logz=-105688.56, remainder_fraction=81.4238%, Lmin=-105679.64, Lmax=-105677.94
12:05:08 [ultranest] [DEBUG] iteration=3268, ncalls=4667, regioncalls=172400, ndraw=40, logz=-105688.44, remainder_fraction=79.0738%, Lmin=-105679.54, Lmax=-105677.94
12:05:08 [ultranest] [DEBUG] iteration=3280, ncalls=4683, regioncalls=173040, ndraw=40, logz=-105688.39, remainder_fraction=77.9925%, Lmin=-105679.51, Lmax=-105677.94
12:05:08 [ultranest] [DEBUG] iteration=3308, ncalls=4723, regioncalls=174640, ndraw=40, logz=-105688.29, remainder_fraction=75.7395%, Lmin=-105679.43, Lmax=-105677.94
12:05:08 [ultranest] [DEBUG] iteration=3320, ncalls=4742, regioncalls=175400, ndraw=40, logz=-105688.25, remainder_fraction=74.8162%, Lmin=-105679.37, Lmax=-105677.94
12:05:08 [ultranest] [DEBUG] iteration=3350, ncalls=4782, regioncalls=177000, ndraw=40, logz=-105688.15, remainder_fraction=72.0471%, Lmin=-105679.28, Lmax=-105677.94
12:05:08 [ultranest] [DEBUG] iteration=3360, ncalls=4797, regioncalls=177600, ndraw=40, logz=-105688.12, remainder_fraction=71.1969%, Lmin=-105679.25, Lmax=-105677.94
12:05:08 [ultranest] [DEBUG] iteration=3390, ncalls=4836, regioncalls=179160, ndraw=40, logz=-105688.03, remainder_fraction=68.3860%, Lmin=-105679.17, Lmax=-105677.94
12:05:08 [ultranest] [DEBUG] iteration=3400, ncalls=4848, regioncalls=179640, ndraw=40, logz=-105688.01, remainder_fraction=67.4507%, Lmin=-105679.14, Lmax=-105677.94
12:05:08 [ultranest] [DEBUG] iteration=3407, ncalls=4858, regioncalls=180120, ndraw=40, logz=-105687.99, remainder_fraction=66.9129%, Lmin=-105679.11, Lmax=-105677.94
12:05:08 [ultranest] [DEBUG] iteration=3437, ncalls=4895, regioncalls=181680, ndraw=40, logz=-105687.91, remainder_fraction=64.1735%, Lmin=-105679.02, Lmax=-105677.94
12:05:08 [ultranest] [DEBUG] iteration=3440, ncalls=4899, regioncalls=181840, ndraw=40, logz=-105687.90, remainder_fraction=63.8532%, Lmin=-105679.01, Lmax=-105677.94
12:05:08 [ultranest] [DEBUG] iteration=3469, ncalls=4937, regioncalls=183440, ndraw=40, logz=-105687.83, remainder_fraction=61.4008%, Lmin=-105678.93, Lmax=-105677.94
12:05:09 [ultranest] [DEBUG] iteration=3480, ncalls=4950, regioncalls=183960, ndraw=40, logz=-105687.80, remainder_fraction=60.4174%, Lmin=-105678.90, Lmax=-105677.94
12:05:09 [ultranest] [DEBUG] iteration=3506, ncalls=4986, regioncalls=185440, ndraw=40, logz=-105687.74, remainder_fraction=58.0359%, Lmin=-105678.83, Lmax=-105677.94
12:05:09 [ultranest] [DEBUG] iteration=3520, ncalls=5005, regioncalls=186200, ndraw=40, logz=-105687.71, remainder_fraction=56.6608%, Lmin=-105678.79, Lmax=-105677.94
12:05:09 [ultranest] [DEBUG] iteration=3545, ncalls=5047, regioncalls=187880, ndraw=40, logz=-105687.66, remainder_fraction=54.3373%, Lmin=-105678.74, Lmax=-105677.94
12:05:09 [ultranest] [DEBUG] iteration=3560, ncalls=5067, regioncalls=188680, ndraw=40, logz=-105687.63, remainder_fraction=52.9911%, Lmin=-105678.71, Lmax=-105677.94
12:05:09 [ultranest] [DEBUG] iteration=3581, ncalls=5108, regioncalls=190400, ndraw=40, logz=-105687.59, remainder_fraction=51.1155%, Lmin=-105678.67, Lmax=-105677.94
12:05:09 [ultranest] [DEBUG] iteration=3600, ncalls=5132, regioncalls=191360, ndraw=40, logz=-105687.56, remainder_fraction=49.4046%, Lmin=-105678.64, Lmax=-105677.94
12:05:09 [ultranest] [DEBUG] iteration=3629, ncalls=5170, regioncalls=192960, ndraw=40, logz=-105687.51, remainder_fraction=46.8938%, Lmin=-105678.58, Lmax=-105677.94
12:05:09 [ultranest] [DEBUG] iteration=3640, ncalls=5186, regioncalls=193600, ndraw=40, logz=-105687.49, remainder_fraction=45.9209%, Lmin=-105678.56, Lmax=-105677.94
12:05:09 [ultranest] [DEBUG] iteration=3668, ncalls=5218, regioncalls=194920, ndraw=40, logz=-105687.45, remainder_fraction=43.5687%, Lmin=-105678.52, Lmax=-105677.94
12:05:09 [ultranest] [DEBUG] iteration=3680, ncalls=5231, regioncalls=195440, ndraw=40, logz=-105687.43, remainder_fraction=42.6154%, Lmin=-105678.51, Lmax=-105677.94
12:05:09 [ultranest] [DEBUG] iteration=3713, ncalls=5270, regioncalls=197000, ndraw=40, logz=-105687.39, remainder_fraction=39.9905%, Lmin=-105678.46, Lmax=-105677.94
12:05:09 [ultranest] [DEBUG] iteration=3720, ncalls=5280, regioncalls=197400, ndraw=40, logz=-105687.38, remainder_fraction=39.4473%, Lmin=-105678.46, Lmax=-105677.94
12:05:09 [ultranest] [DEBUG] iteration=3751, ncalls=5318, regioncalls=198920, ndraw=40, logz=-105687.34, remainder_fraction=37.0745%, Lmin=-105678.41, Lmax=-105677.94
12:05:10 [ultranest] [DEBUG] iteration=3755, ncalls=5324, regioncalls=199200, ndraw=40, logz=-105687.34, remainder_fraction=36.7648%, Lmin=-105678.41, Lmax=-105677.94
12:05:10 [ultranest] [DEBUG] iteration=3760, ncalls=5329, regioncalls=199400, ndraw=40, logz=-105687.33, remainder_fraction=36.4018%, Lmin=-105678.40, Lmax=-105677.94
12:05:10 [ultranest] [DEBUG] iteration=3790, ncalls=5367, regioncalls=200920, ndraw=40, logz=-105687.30, remainder_fraction=34.1490%, Lmin=-105678.35, Lmax=-105677.94
12:05:10 [ultranest] [DEBUG] iteration=3800, ncalls=5379, regioncalls=201400, ndraw=40, logz=-105687.29, remainder_fraction=33.4502%, Lmin=-105678.34, Lmax=-105677.94
12:05:10 [ultranest] [DEBUG] iteration=3830, ncalls=5418, regioncalls=202960, ndraw=40, logz=-105687.26, remainder_fraction=31.3912%, Lmin=-105678.31, Lmax=-105677.94
12:05:10 [ultranest] [DEBUG] iteration=3840, ncalls=5428, regioncalls=203360, ndraw=40, logz=-105687.25, remainder_fraction=30.7247%, Lmin=-105678.30, Lmax=-105677.94
12:05:10 [ultranest] [DEBUG] iteration=3866, ncalls=5467, regioncalls=204960, ndraw=40, logz=-105687.22, remainder_fraction=29.0301%, Lmin=-105678.27, Lmax=-105677.94
12:05:10 [ultranest] [DEBUG] iteration=3880, ncalls=5491, regioncalls=205920, ndraw=40, logz=-105687.21, remainder_fraction=28.1575%, Lmin=-105678.26, Lmax=-105677.94
12:05:10 [ultranest] [DEBUG] iteration=3910, ncalls=5531, regioncalls=207520, ndraw=40, logz=-105687.19, remainder_fraction=26.3492%, Lmin=-105678.24, Lmax=-105677.94
12:05:10 [ultranest] [DEBUG] iteration=3920, ncalls=5547, regioncalls=208160, ndraw=40, logz=-105687.18, remainder_fraction=25.7586%, Lmin=-105678.23, Lmax=-105677.94
12:05:10 [ultranest] [DEBUG] iteration=3929, ncalls=5560, regioncalls=208760, ndraw=40, logz=-105687.17, remainder_fraction=25.2357%, Lmin=-105678.22, Lmax=-105677.94
12:05:10 [ultranest] [DEBUG] iteration=3959, ncalls=5601, regioncalls=210400, ndraw=40, logz=-105687.15, remainder_fraction=23.5803%, Lmin=-105678.20, Lmax=-105677.94
12:05:10 [ultranest] [DEBUG] iteration=3960, ncalls=5602, regioncalls=210440, ndraw=40, logz=-105687.15, remainder_fraction=23.5211%, Lmin=-105678.20, Lmax=-105677.94
12:05:10 [ultranest] [DEBUG] iteration=3989, ncalls=5640, regioncalls=211960, ndraw=40, logz=-105687.13, remainder_fraction=22.0050%, Lmin=-105678.19, Lmax=-105677.94
12:05:10 [ultranest] [DEBUG] iteration=4000, ncalls=5653, regioncalls=212480, ndraw=40, logz=-105687.12, remainder_fraction=21.4590%, Lmin=-105678.18, Lmax=-105677.94
12:05:10 [ultranest] [DEBUG] iteration=4016, ncalls=5673, regioncalls=213320, ndraw=40, logz=-105687.11, remainder_fraction=20.6670%, Lmin=-105678.17, Lmax=-105677.94
12:05:11 [ultranest] [DEBUG] iteration=4040, ncalls=5703, regioncalls=214560, ndraw=40, logz=-105687.10, remainder_fraction=19.5678%, Lmin=-105678.16, Lmax=-105677.94
12:05:11 [ultranest] [DEBUG] iteration=4068, ncalls=5742, regioncalls=216120, ndraw=40, logz=-105687.08, remainder_fraction=18.3523%, Lmin=-105678.15, Lmax=-105677.94
12:05:11 [ultranest] [DEBUG] iteration=4080, ncalls=5758, regioncalls=216760, ndraw=40, logz=-105687.08, remainder_fraction=17.8468%, Lmin=-105678.14, Lmax=-105677.94
12:05:11 [ultranest] [DEBUG] iteration=4103, ncalls=5787, regioncalls=217960, ndraw=40, logz=-105687.07, remainder_fraction=16.9168%, Lmin=-105678.13, Lmax=-105677.94
12:05:11 [ultranest] [DEBUG] iteration=4120, ncalls=5806, regioncalls=218720, ndraw=40, logz=-105687.06, remainder_fraction=16.2418%, Lmin=-105678.12, Lmax=-105677.94
12:05:11 [ultranest] [DEBUG] iteration=4152, ncalls=5845, regioncalls=220280, ndraw=40, logz=-105687.05, remainder_fraction=15.0679%, Lmin=-105678.10, Lmax=-105677.94
12:05:11 [ultranest] [DEBUG] iteration=4160, ncalls=5855, regioncalls=220680, ndraw=40, logz=-105687.04, remainder_fraction=14.7831%, Lmin=-105678.10, Lmax=-105677.94
12:05:11 [ultranest] [DEBUG] iteration=4188, ncalls=5894, regioncalls=222240, ndraw=40, logz=-105687.03, remainder_fraction=13.8228%, Lmin=-105678.09, Lmax=-105677.94
12:05:11 [ultranest] [DEBUG] iteration=4190, ncalls=5899, regioncalls=222480, ndraw=40, logz=-105687.03, remainder_fraction=13.7547%, Lmin=-105678.08, Lmax=-105677.94
12:05:11 [ultranest] [DEBUG] iteration=4200, ncalls=5915, regioncalls=223120, ndraw=40, logz=-105687.03, remainder_fraction=13.4326%, Lmin=-105678.08, Lmax=-105677.94
12:05:11 [ultranest] [DEBUG] iteration=4231, ncalls=5954, regioncalls=224680, ndraw=40, logz=-105687.01, remainder_fraction=12.4643%, Lmin=-105678.07, Lmax=-105677.94
12:05:11 [ultranest] [DEBUG] iteration=4240, ncalls=5964, regioncalls=225080, ndraw=40, logz=-105687.01, remainder_fraction=12.1990%, Lmin=-105678.07, Lmax=-105677.94
12:05:11 [ultranest] [DEBUG] iteration=4264, ncalls=6005, regioncalls=226720, ndraw=40, logz=-105687.00, remainder_fraction=11.5111%, Lmin=-105678.06, Lmax=-105677.94
12:05:11 [ultranest] [DEBUG] iteration=4277, ncalls=6023, regioncalls=227480, ndraw=40, logz=-105687.00, remainder_fraction=11.1516%, Lmin=-105678.06, Lmax=-105677.94
12:05:11 [ultranest] [DEBUG] iteration=4280, ncalls=6026, regioncalls=227600, ndraw=40, logz=-105687.00, remainder_fraction=11.0687%, Lmin=-105678.06, Lmax=-105677.94
12:05:11 [ultranest] [DEBUG] iteration=4312, ncalls=6064, regioncalls=229120, ndraw=40, logz=-105686.99, remainder_fraction=10.2342%, Lmin=-105678.05, Lmax=-105677.94
12:05:12 [ultranest] [DEBUG] iteration=4320, ncalls=6073, regioncalls=229480, ndraw=40, logz=-105686.99, remainder_fraction=10.0355%, Lmin=-105678.04, Lmax=-105677.94
12:05:12 [ultranest] [DEBUG] iteration=4347, ncalls=6113, regioncalls=231080, ndraw=40, logz=-105686.98, remainder_fraction=9.3900%, Lmin=-105678.04, Lmax=-105677.94
12:05:12 [ultranest] [DEBUG] iteration=4360, ncalls=6135, regioncalls=231960, ndraw=40, logz=-105686.98, remainder_fraction=9.0964%, Lmin=-105678.03, Lmax=-105677.94
12:05:12 [ultranest] [DEBUG] iteration=4364, ncalls=6143, regioncalls=232320, ndraw=40, logz=-105686.98, remainder_fraction=9.0092%, Lmin=-105678.03, Lmax=-105677.94
12:05:12 [ultranest] [DEBUG] iteration=4397, ncalls=6180, regioncalls=233800, ndraw=40, logz=-105686.97, remainder_fraction=8.3015%, Lmin=-105678.03, Lmax=-105677.94
12:05:12 [ultranest] [DEBUG] iteration=4400, ncalls=6184, regioncalls=233960, ndraw=40, logz=-105686.97, remainder_fraction=8.2411%, Lmin=-105678.03, Lmax=-105677.94
12:05:12 [ultranest] [DEBUG] iteration=4431, ncalls=6222, regioncalls=235480, ndraw=40, logz=-105686.96, remainder_fraction=7.6324%, Lmin=-105678.02, Lmax=-105677.94
12:05:12 [ultranest] [DEBUG] iteration=4440, ncalls=6233, regioncalls=235920, ndraw=40, logz=-105686.96, remainder_fraction=7.4635%, Lmin=-105678.02, Lmax=-105677.94
12:05:12 [ultranest] [DEBUG] iteration=4451, ncalls=6247, regioncalls=236560, ndraw=40, logz=-105686.96, remainder_fraction=7.2620%, Lmin=-105678.02, Lmax=-105677.94
12:05:12 [ultranest] [DEBUG] iteration=4480, ncalls=6280, regioncalls=237880, ndraw=40, logz=-105686.95, remainder_fraction=6.7572%, Lmin=-105678.01, Lmax=-105677.94
12:05:12 [ultranest] [DEBUG] iteration=4510, ncalls=6319, regioncalls=239440, ndraw=40, logz=-105686.95, remainder_fraction=6.2694%, Lmin=-105678.00, Lmax=-105677.94
12:05:12 [ultranest] [DEBUG] iteration=4520, ncalls=6337, regioncalls=240160, ndraw=40, logz=-105686.94, remainder_fraction=6.1170%, Lmin=-105678.00, Lmax=-105677.94
12:05:12 [ultranest] [DEBUG] iteration=4538, ncalls=6369, regioncalls=241480, ndraw=40, logz=-105686.94, remainder_fraction=5.8492%, Lmin=-105677.99, Lmax=-105677.94
12:05:12 [ultranest] [DEBUG] iteration=4560, ncalls=6397, regioncalls=242880, ndraw=40, logz=-105686.94, remainder_fraction=5.5319%, Lmin=-105677.99, Lmax=-105677.94
12:05:12 [ultranest] [DEBUG] iteration=4590, ncalls=6436, regioncalls=244440, ndraw=40, logz=-105686.93, remainder_fraction=5.1281%, Lmin=-105677.99, Lmax=-105677.94
12:05:13 [ultranest] [DEBUG] iteration=4600, ncalls=6450, regioncalls=245000, ndraw=40, logz=-105686.93, remainder_fraction=5.0008%, Lmin=-105677.99, Lmax=-105677.94
12:05:13 [ultranest] [DEBUG] iteration=4625, ncalls=6480, regioncalls=246240, ndraw=40, logz=-105686.93, remainder_fraction=4.6935%, Lmin=-105677.98, Lmax=-105677.94
12:05:13 [ultranest] [DEBUG] iteration=4640, ncalls=6500, regioncalls=247120, ndraw=40, logz=-105686.93, remainder_fraction=4.5181%, Lmin=-105677.98, Lmax=-105677.94
12:05:13 [ultranest] [DEBUG] iteration=4668, ncalls=6538, regioncalls=248680, ndraw=40, logz=-105686.92, remainder_fraction=4.2075%, Lmin=-105677.98, Lmax=-105677.94
12:05:13 [ultranest] [DEBUG] iteration=4680, ncalls=6552, regioncalls=249320, ndraw=40, logz=-105686.92, remainder_fraction=4.0813%, Lmin=-105677.98, Lmax=-105677.94
12:05:13 [ultranest] [DEBUG] iteration=4705, ncalls=6593, regioncalls=251000, ndraw=40, logz=-105686.92, remainder_fraction=3.8312%, Lmin=-105677.97, Lmax=-105677.94
12:05:13 [ultranest] [DEBUG] iteration=4712, ncalls=6603, regioncalls=251440, ndraw=40, logz=-105686.92, remainder_fraction=3.7632%, Lmin=-105677.97, Lmax=-105677.94
12:05:13 [ultranest] [DEBUG] iteration=4720, ncalls=6611, regioncalls=251760, ndraw=40, logz=-105686.92, remainder_fraction=3.6874%, Lmin=-105677.97, Lmax=-105677.94
12:05:13 [ultranest] [DEBUG] iteration=4751, ncalls=6649, regioncalls=253280, ndraw=40, logz=-105686.92, remainder_fraction=3.4068%, Lmin=-105677.97, Lmax=-105677.94
12:05:13 [ultranest] [DEBUG] iteration=4760, ncalls=6660, regioncalls=253720, ndraw=40, logz=-105686.92, remainder_fraction=3.3298%, Lmin=-105677.97, Lmax=-105677.94
12:05:13 [ultranest] [DEBUG] iteration=4790, ncalls=6699, regioncalls=255280, ndraw=40, logz=-105686.91, remainder_fraction=3.0844%, Lmin=-105677.97, Lmax=-105677.94
12:05:13 [ultranest] [DEBUG] iteration=4799, ncalls=6710, regioncalls=255760, ndraw=40, logz=-105686.91, remainder_fraction=3.0142%, Lmin=-105677.97, Lmax=-105677.94
12:05:13 [ultranest] [DEBUG] iteration=4800, ncalls=6712, regioncalls=255840, ndraw=40, logz=-105686.91, remainder_fraction=3.0065%, Lmin=-105677.97, Lmax=-105677.94
12:05:13 [ultranest] [DEBUG] iteration=4834, ncalls=6750, regioncalls=257360, ndraw=40, logz=-105686.91, remainder_fraction=2.7566%, Lmin=-105677.96, Lmax=-105677.94
12:05:13 [ultranest] [DEBUG] iteration=4840, ncalls=6758, regioncalls=257680, ndraw=40, logz=-105686.91, remainder_fraction=2.7148%, Lmin=-105677.96, Lmax=-105677.94
12:05:13 [ultranest] [DEBUG] iteration=4871, ncalls=6796, regioncalls=259200, ndraw=40, logz=-105686.91, remainder_fraction=2.5073%, Lmin=-105677.96, Lmax=-105677.94
12:05:13 [ultranest] [DEBUG] iteration=4880, ncalls=6805, regioncalls=259560, ndraw=40, logz=-105686.91, remainder_fraction=2.4502%, Lmin=-105677.96, Lmax=-105677.94
12:05:14 [ultranest] [DEBUG] iteration=4907, ncalls=6841, regioncalls=261000, ndraw=40, logz=-105686.90, remainder_fraction=2.2862%, Lmin=-105677.96, Lmax=-105677.94
12:05:14 [ultranest] [DEBUG] iteration=4920, ncalls=6861, regioncalls=261800, ndraw=40, logz=-105686.90, remainder_fraction=2.2112%, Lmin=-105677.96, Lmax=-105677.94
12:05:14 [ultranest] [DEBUG] iteration=4948, ncalls=6901, regioncalls=263400, ndraw=40, logz=-105686.90, remainder_fraction=2.0583%, Lmin=-105677.96, Lmax=-105677.94
12:05:14 [ultranest] [DEBUG] iteration=4960, ncalls=6917, regioncalls=264040, ndraw=40, logz=-105686.90, remainder_fraction=1.9959%, Lmin=-105677.96, Lmax=-105677.94
12:05:14 [ultranest] [DEBUG] iteration=4973, ncalls=6932, regioncalls=264680, ndraw=40, logz=-105686.90, remainder_fraction=1.9303%, Lmin=-105677.96, Lmax=-105677.94
12:05:14 [ultranest] [DEBUG] iteration=5000, ncalls=6968, regioncalls=266200, ndraw=40, logz=-105686.90, remainder_fraction=1.8009%, Lmin=-105677.95, Lmax=-105677.94
12:05:14 [ultranest] [DEBUG] iteration=5026, ncalls=7007, regioncalls=268040, ndraw=40, logz=-105686.90, remainder_fraction=1.6845%, Lmin=-105677.95, Lmax=-105677.94
12:05:14 [ultranest] [DEBUG] iteration=5040, ncalls=7026, regioncalls=268840, ndraw=40, logz=-105686.90, remainder_fraction=1.6249%, Lmin=-105677.95, Lmax=-105677.94
12:05:14 [ultranest] [DEBUG] iteration=5060, ncalls=7049, regioncalls=269840, ndraw=40, logz=-105686.90, remainder_fraction=1.5435%, Lmin=-105677.95, Lmax=-105677.94
12:05:14 [ultranest] [DEBUG] iteration=5080, ncalls=7070, regioncalls=270680, ndraw=40, logz=-105686.90, remainder_fraction=1.4659%, Lmin=-105677.95, Lmax=-105677.94
12:05:14 [ultranest] [DEBUG] iteration=5113, ncalls=7109, regioncalls=272240, ndraw=40, logz=-105686.90, remainder_fraction=1.3466%, Lmin=-105677.95, Lmax=-105677.94
12:05:14 [ultranest] [DEBUG] iteration=5120, ncalls=7120, regioncalls=272680, ndraw=40, logz=-105686.90, remainder_fraction=1.3225%, Lmin=-105677.95, Lmax=-105677.94
12:05:14 [ultranest] [DEBUG] iteration=5147, ncalls=7159, regioncalls=274240, ndraw=40, logz=-105686.89, remainder_fraction=1.2336%, Lmin=-105677.95, Lmax=-105677.94
12:05:14 [ultranest] [DEBUG] iteration=5160, ncalls=7175, regioncalls=274880, ndraw=40, logz=-105686.89, remainder_fraction=1.1930%, Lmin=-105677.95, Lmax=-105677.94
12:05:15 [ultranest] [DEBUG] iteration=5191, ncalls=7213, regioncalls=276400, ndraw=40, logz=-105686.89, remainder_fraction=1.1014%, Lmin=-105677.95, Lmax=-105677.94
12:05:15 [ultranest] [DEBUG] iteration=5200, ncalls=7223, regioncalls=276800, ndraw=40, logz=-105686.89, remainder_fraction=1.0762%, Lmin=-105677.95, Lmax=-105677.94
12:05:15 [ultranest] [INFO] Explored until L=-1e+05  
12:05:15 [ultranest] [INFO] Likelihood function evaluations: 7261
12:05:16 [ultranest] [INFO] Writing samples and results to disk ...
12:05:16 [ultranest] [INFO] Writing samples and results to disk ... done
12:05:16 [ultranest] [DEBUG] did a run_iter pass!
12:05:16 [ultranest] [INFO]   logZ = -1.057e+05 +- 0.1478
12:05:16 [ultranest] [INFO] Effective samples strategy satisfied (ESS = 1553.0, need >400)
12:05:16 [ultranest] [INFO] Posterior uncertainty strategy is satisfied (KL: 0.46+-0.08 nat, need <0.50 nat)
12:05:16 [ultranest] [INFO] Evidency uncertainty strategy is satisfied (dlogz=0.15, need <0.5)
12:05:16 [ultranest] [INFO]   logZ error budget: single: 0.14 bs:0.15 tail:0.01 total:0.15 required:<0.50
12:05:16 [ultranest] [INFO] done iterating.
12:05:16 [ultranest] [DEBUG] Making corner plot ...
12:05:16 [ultranest] [DEBUG] Making corner plot ... done
12:05:16 [ultranest] [DEBUG] Making run plot ... 
12:05:17 [ultranest] [DEBUG] Making run plot ... done
12:05:17 [ultranest] [DEBUG] Making trace plot ... 
12:05:18 [ultranest] [DEBUG] Making trace plot ... done
