10:38:30 [ultranest] [DEBUG] ReactiveNestedSampler: dims=3+0, resume=False, log_dir=./m-values/N24/S16/M24/T029/P02/NF3/sample_rho, backend=hdf5, vectorized=False, nbootstraps=30, ndraw=128..65536
10:38:30 [ultranest] [INFO] Sampling 400 live points from prior ...
10:38:31 [ultranest] [DEBUG] run_iter dlogz=0.5, dKL=0.5, frac_remain=0.01, Lepsilon=0.0010, min_ess=400
10:38:31 [ultranest] [DEBUG] max_iters=-1, max_ncalls=-1, max_num_improvement_loops=-1, min_num_live_points=400, cluster_num_live_points=40
10:38:31 [ultranest] [DEBUG] minimal_widths_sequence: [(-inf, 400.0), (inf, 400.0)]
10:38:31 [ultranest] [DEBUG] Plateau detected at L=-1.381551e+07, not replacing live point.
10:38:31 [ultranest] [DEBUG] Plateau detected at L=-1.381551e+07, not replacing live point.
10:38:31 [ultranest] [DEBUG] Plateau detected at L=-1.381551e+07, not replacing live point.
10:38:31 [ultranest] [DEBUG] Plateau detected at L=-1.381551e+07, not replacing live point.
10:38:31 [ultranest] [DEBUG] Plateau detected at L=-1.381551e+07, not replacing live point.
10:38:31 [ultranest] [DEBUG] Plateau detected at L=-1.381551e+07, not replacing live point.
10:38:31 [ultranest] [DEBUG] Plateau detected at L=-1.381551e+07, not replacing live point.
10:38:31 [ultranest] [DEBUG] Plateau detected at L=-1.381551e+07, not replacing live point.
10:38:31 [ultranest] [DEBUG] Plateau detected at L=-1.381551e+07, not replacing live point.
10:38:31 [ultranest] [DEBUG] Plateau detected at L=-1.381551e+07, not replacing live point.
10:38:31 [ultranest] [DEBUG] Plateau detected at L=-1.381551e+07, not replacing live point.
10:38:31 [ultranest] [DEBUG] Plateau detected at L=-1.381551e+07, not replacing live point.
10:38:31 [ultranest] [DEBUG] Plateau detected at L=-1.381551e+07, not replacing live point.
10:38:31 [ultranest] [DEBUG] Plateau detected at L=-1.381551e+07, not replacing live point.
10:38:31 [ultranest] [DEBUG] Plateau detected at L=-1.381551e+07, not replacing live point.
10:38:31 [ultranest] [DEBUG] Plateau detected at L=-1.381551e+07, not replacing live point.
10:38:31 [ultranest] [DEBUG] Plateau detected at L=-1.381551e+07, not replacing live point.
10:38:31 [ultranest] [DEBUG] Plateau detected at L=-1.381551e+07, not replacing live point.
10:38:31 [ultranest] [DEBUG] Plateau detected at L=-1.381551e+07, not replacing live point.
10:38:31 [ultranest] [DEBUG] Plateau detected at L=-1.381551e+07, not replacing live point.
10:38:31 [ultranest] [DEBUG] Plateau detected at L=-1.381551e+07, not replacing live point.
10:38:31 [ultranest] [DEBUG] Plateau detected at L=-1.381551e+07, not replacing live point.
10:38:31 [ultranest] [DEBUG] Plateau detected at L=-1.381551e+07, not replacing live point.
10:38:31 [ultranest] [DEBUG] Plateau detected at L=-1.381551e+07, not replacing live point.
10:38:31 [ultranest] [DEBUG] Plateau detected at L=-1.381551e+07, not replacing live point.
10:38:31 [ultranest] [DEBUG] Plateau detected at L=-1.381551e+07, not replacing live point.
10:38:31 [ultranest] [DEBUG] Plateau detected at L=-1.381551e+07, not replacing live point.
10:38:31 [ultranest] [DEBUG] Plateau detected at L=-1.381551e+07, not replacing live point.
10:38:31 [ultranest] [DEBUG] Plateau detected at L=-1.381551e+07, not replacing live point.
10:38:31 [ultranest] [DEBUG] Plateau detected at L=-1.381551e+07, not replacing live point.
10:38:31 [ultranest] [DEBUG] Plateau detected at L=-1.381551e+07, not replacing live point.
10:38:31 [ultranest] [DEBUG] Plateau detected at L=-1.381551e+07, not replacing live point.
10:38:31 [ultranest] [DEBUG] Plateau detected at L=-1.381551e+07, not replacing live point.
10:38:31 [ultranest] [DEBUG] Plateau detected at L=-1.381551e+07, not replacing live point.
10:38:31 [ultranest] [DEBUG] Plateau detected at L=-1.381551e+07, not replacing live point.
10:38:31 [ultranest] [DEBUG] Plateau detected at L=-1.381551e+07, not replacing live point.
10:38:31 [ultranest] [DEBUG] Plateau detected at L=-1.381551e+07, not replacing live point.
10:38:31 [ultranest] [DEBUG] Plateau detected at L=-1.381551e+07, not replacing live point.
10:38:31 [ultranest] [DEBUG] Plateau detected at L=-1.381551e+07, not replacing live point.
10:38:31 [ultranest] [DEBUG] Plateau detected at L=-1.381551e+07, not replacing live point.
10:38:31 [ultranest] [DEBUG] Plateau detected at L=-1.381551e+07, not replacing live point.
10:38:31 [ultranest] [DEBUG] Plateau detected at L=-1.381551e+07, not replacing live point.
10:38:31 [ultranest] [DEBUG] Plateau detected at L=-1.381551e+07, not replacing live point.
10:38:31 [ultranest] [DEBUG] Plateau detected at L=-1.381551e+07, not replacing live point.
10:38:31 [ultranest] [DEBUG] Plateau detected at L=-1.381551e+07, not replacing live point.
10:38:31 [ultranest] [DEBUG] Plateau detected at L=-1.381551e+07, not replacing live point.
10:38:31 [ultranest] [DEBUG] Plateau detected at L=-1.381551e+07, not replacing live point.
10:38:31 [ultranest] [DEBUG] Plateau detected at L=-1.381551e+07, not replacing live point.
10:38:31 [ultranest] [DEBUG] Plateau detected at L=-1.381551e+07, not replacing live point.
10:38:31 [ultranest] [DEBUG] Plateau detected at L=-1.381551e+07, not replacing live point.
10:38:31 [ultranest] [DEBUG] Plateau detected at L=-1.381551e+07, not replacing live point.
10:38:31 [ultranest] [DEBUG] iteration=51, ncalls=401, regioncalls=40, ndraw=40, logz=-13815512.62, remainder_fraction=100.0000%, Lmin=-13815510.56, Lmax=-107785.40
10:38:31 [ultranest] [DEBUG] iteration=70, ncalls=425, regioncalls=1000, ndraw=40, logz=-129692.37, remainder_fraction=100.0000%, Lmin=-129447.32, Lmax=-107785.40
10:38:31 [ultranest] [DEBUG] iteration=80, ncalls=439, regioncalls=1560, ndraw=40, logz=-128326.68, remainder_fraction=100.0000%, Lmin=-128230.61, Lmax=-107785.40
10:38:31 [ultranest] [DEBUG] iteration=101, ncalls=464, regioncalls=2560, ndraw=40, logz=-125895.18, remainder_fraction=100.0000%, Lmin=-125740.74, Lmax=-107785.40
10:38:31 [ultranest] [DEBUG] iteration=120, ncalls=488, regioncalls=3520, ndraw=40, logz=-123447.34, remainder_fraction=100.0000%, Lmin=-123384.46, Lmax=-107785.40
10:38:32 [ultranest] [DEBUG] iteration=129, ncalls=502, regioncalls=4080, ndraw=40, logz=-122899.63, remainder_fraction=100.0000%, Lmin=-122718.15, Lmax=-107785.40
10:38:32 [ultranest] [DEBUG] iteration=151, ncalls=526, regioncalls=5040, ndraw=40, logz=-121115.81, remainder_fraction=100.0000%, Lmin=-121059.66, Lmax=-107785.40
10:38:32 [ultranest] [DEBUG] iteration=160, ncalls=541, regioncalls=5640, ndraw=40, logz=-120422.47, remainder_fraction=100.0000%, Lmin=-120403.85, Lmax=-107785.40
10:38:32 [ultranest] [DEBUG] iteration=177, ncalls=566, regioncalls=6640, ndraw=40, logz=-119815.84, remainder_fraction=100.0000%, Lmin=-119787.98, Lmax=-107785.40
10:38:32 [ultranest] [DEBUG] iteration=196, ncalls=592, regioncalls=7680, ndraw=40, logz=-119182.23, remainder_fraction=100.0000%, Lmin=-119096.12, Lmax=-107785.40
10:38:32 [ultranest] [DEBUG] iteration=200, ncalls=597, regioncalls=7880, ndraw=40, logz=-118930.45, remainder_fraction=100.0000%, Lmin=-118904.49, Lmax=-107782.17
10:38:32 [ultranest] [DEBUG] iteration=213, ncalls=620, regioncalls=8800, ndraw=40, logz=-118509.41, remainder_fraction=100.0000%, Lmin=-118500.06, Lmax=-107782.17
10:38:32 [ultranest] [DEBUG] iteration=226, ncalls=646, regioncalls=9840, ndraw=40, logz=-118080.63, remainder_fraction=100.0000%, Lmin=-118069.80, Lmax=-107782.17
10:38:32 [ultranest] [DEBUG] iteration=240, ncalls=666, regioncalls=10640, ndraw=40, logz=-117722.11, remainder_fraction=100.0000%, Lmin=-117700.14, Lmax=-107782.17
10:38:32 [ultranest] [DEBUG] iteration=258, ncalls=693, regioncalls=11720, ndraw=40, logz=-117041.16, remainder_fraction=100.0000%, Lmin=-117007.36, Lmax=-107782.17
10:38:32 [ultranest] [DEBUG] iteration=273, ncalls=721, regioncalls=12840, ndraw=40, logz=-116498.76, remainder_fraction=100.0000%, Lmin=-116479.31, Lmax=-107782.17
10:38:33 [ultranest] [DEBUG] iteration=280, ncalls=734, regioncalls=13360, ndraw=40, logz=-116333.07, remainder_fraction=100.0000%, Lmin=-116322.86, Lmax=-107782.17
10:38:33 [ultranest] [DEBUG] iteration=285, ncalls=747, regioncalls=13880, ndraw=40, logz=-116258.74, remainder_fraction=100.0000%, Lmin=-116220.39, Lmax=-107782.17
10:38:33 [ultranest] [DEBUG] iteration=303, ncalls=772, regioncalls=14880, ndraw=40, logz=-115650.19, remainder_fraction=100.0000%, Lmin=-115577.16, Lmax=-107782.17
10:38:33 [ultranest] [DEBUG] iteration=320, ncalls=796, regioncalls=15840, ndraw=40, logz=-115314.78, remainder_fraction=100.0000%, Lmin=-115293.09, Lmax=-107782.17
10:38:33 [ultranest] [DEBUG] iteration=332, ncalls=823, regioncalls=16920, ndraw=40, logz=-115112.79, remainder_fraction=100.0000%, Lmin=-115081.67, Lmax=-107782.17
10:38:33 [ultranest] [DEBUG] iteration=350, ncalls=849, regioncalls=17960, ndraw=40, logz=-114772.60, remainder_fraction=100.0000%, Lmin=-114707.19, Lmax=-107782.17
10:38:33 [ultranest] [DEBUG] iteration=360, ncalls=869, regioncalls=18760, ndraw=40, logz=-114569.79, remainder_fraction=100.0000%, Lmin=-114527.51, Lmax=-107782.17
10:38:33 [ultranest] [DEBUG] iteration=363, ncalls=878, regioncalls=19120, ndraw=40, logz=-114503.41, remainder_fraction=100.0000%, Lmin=-114484.75, Lmax=-107782.17
10:38:33 [ultranest] [DEBUG] iteration=376, ncalls=904, regioncalls=20160, ndraw=40, logz=-114283.40, remainder_fraction=100.0000%, Lmin=-114273.42, Lmax=-107782.17
10:38:33 [ultranest] [DEBUG] iteration=387, ncalls=931, regioncalls=21240, ndraw=40, logz=-114118.49, remainder_fraction=100.0000%, Lmin=-114090.29, Lmax=-107782.17
10:38:33 [ultranest] [DEBUG] iteration=400, ncalls=954, regioncalls=22160, ndraw=40, logz=-113931.93, remainder_fraction=100.0000%, Lmin=-113910.50, Lmax=-107782.17
10:38:33 [ultranest] [DEBUG] iteration=415, ncalls=980, regioncalls=23200, ndraw=40, logz=-113691.49, remainder_fraction=100.0000%, Lmin=-113659.31, Lmax=-107782.17
10:38:34 [ultranest] [DEBUG] iteration=424, ncalls=1009, regioncalls=24360, ndraw=40, logz=-113607.87, remainder_fraction=100.0000%, Lmin=-113585.20, Lmax=-107782.17
10:38:34 [ultranest] [DEBUG] iteration=440, ncalls=1035, regioncalls=25400, ndraw=40, logz=-113318.58, remainder_fraction=100.0000%, Lmin=-113290.85, Lmax=-107782.17
10:38:34 [ultranest] [DEBUG] iteration=441, ncalls=1036, regioncalls=25440, ndraw=40, logz=-113297.96, remainder_fraction=100.0000%, Lmin=-113247.72, Lmax=-107782.17
10:38:34 [ultranest] [DEBUG] iteration=456, ncalls=1062, regioncalls=26480, ndraw=40, logz=-113066.85, remainder_fraction=100.0000%, Lmin=-113048.10, Lmax=-107782.17
10:38:34 [ultranest] [DEBUG] iteration=473, ncalls=1090, regioncalls=27600, ndraw=40, logz=-112794.98, remainder_fraction=100.0000%, Lmin=-112785.68, Lmax=-107782.17
10:38:34 [ultranest] [DEBUG] iteration=480, ncalls=1101, regioncalls=28040, ndraw=40, logz=-112763.76, remainder_fraction=100.0000%, Lmin=-112744.88, Lmax=-107782.17
10:38:34 [ultranest] [DEBUG] iteration=497, ncalls=1130, regioncalls=29200, ndraw=40, logz=-112583.41, remainder_fraction=100.0000%, Lmin=-112574.83, Lmax=-107782.17
10:38:34 [ultranest] [DEBUG] iteration=511, ncalls=1158, regioncalls=30320, ndraw=40, logz=-112486.42, remainder_fraction=100.0000%, Lmin=-112470.22, Lmax=-107782.17
10:38:34 [ultranest] [DEBUG] iteration=519, ncalls=1181, regioncalls=31240, ndraw=40, logz=-112431.34, remainder_fraction=100.0000%, Lmin=-112416.62, Lmax=-107782.17
10:38:34 [ultranest] [DEBUG] iteration=520, ncalls=1182, regioncalls=31280, ndraw=40, logz=-112423.96, remainder_fraction=100.0000%, Lmin=-112413.08, Lmax=-107782.17
10:38:34 [ultranest] [DEBUG] iteration=529, ncalls=1211, regioncalls=32440, ndraw=40, logz=-112351.29, remainder_fraction=100.0000%, Lmin=-112337.33, Lmax=-107782.17
10:38:34 [ultranest] [DEBUG] iteration=541, ncalls=1239, regioncalls=33560, ndraw=40, logz=-112264.92, remainder_fraction=100.0000%, Lmin=-112255.41, Lmax=-107782.17
10:38:35 [ultranest] [DEBUG] iteration=559, ncalls=1269, regioncalls=34760, ndraw=40, logz=-112046.03, remainder_fraction=100.0000%, Lmin=-112035.86, Lmax=-107782.17
10:38:35 [ultranest] [DEBUG] iteration=560, ncalls=1270, regioncalls=34800, ndraw=40, logz=-112043.25, remainder_fraction=100.0000%, Lmin=-112034.94, Lmax=-107782.17
10:38:35 [ultranest] [DEBUG] iteration=575, ncalls=1299, regioncalls=35960, ndraw=40, logz=-111870.79, remainder_fraction=100.0000%, Lmin=-111862.65, Lmax=-107782.17
10:38:35 [ultranest] [DEBUG] iteration=588, ncalls=1326, regioncalls=37040, ndraw=40, logz=-111735.07, remainder_fraction=100.0000%, Lmin=-111688.24, Lmax=-107782.17
10:38:35 [ultranest] [DEBUG] iteration=597, ncalls=1348, regioncalls=37920, ndraw=40, logz=-111613.26, remainder_fraction=100.0000%, Lmin=-111590.95, Lmax=-107782.17
10:38:35 [ultranest] [DEBUG] iteration=600, ncalls=1356, regioncalls=38240, ndraw=40, logz=-111580.09, remainder_fraction=100.0000%, Lmin=-111565.05, Lmax=-107782.17
10:38:35 [ultranest] [DEBUG] iteration=614, ncalls=1383, regioncalls=39320, ndraw=40, logz=-111496.16, remainder_fraction=100.0000%, Lmin=-111488.40, Lmax=-107782.17
10:38:35 [ultranest] [DEBUG] iteration=626, ncalls=1410, regioncalls=40400, ndraw=40, logz=-111411.54, remainder_fraction=100.0000%, Lmin=-111394.40, Lmax=-107782.17
10:38:35 [ultranest] [DEBUG] iteration=639, ncalls=1437, regioncalls=41480, ndraw=40, logz=-111313.72, remainder_fraction=100.0000%, Lmin=-111305.17, Lmax=-107782.17
10:38:35 [ultranest] [DEBUG] iteration=640, ncalls=1438, regioncalls=41520, ndraw=40, logz=-111312.50, remainder_fraction=100.0000%, Lmin=-111303.49, Lmax=-107782.17
10:38:35 [ultranest] [DEBUG] iteration=655, ncalls=1464, regioncalls=42560, ndraw=40, logz=-111237.07, remainder_fraction=100.0000%, Lmin=-111222.82, Lmax=-107782.17
10:38:35 [ultranest] [DEBUG] iteration=669, ncalls=1490, regioncalls=43600, ndraw=40, logz=-111172.74, remainder_fraction=100.0000%, Lmin=-111150.25, Lmax=-107782.17
10:38:36 [ultranest] [DEBUG] iteration=680, ncalls=1509, regioncalls=44360, ndraw=40, logz=-111032.15, remainder_fraction=100.0000%, Lmin=-111023.73, Lmax=-107782.17
10:38:36 [ultranest] [DEBUG] iteration=695, ncalls=1536, regioncalls=45440, ndraw=40, logz=-110950.74, remainder_fraction=100.0000%, Lmin=-110939.67, Lmax=-107782.17
10:38:36 [ultranest] [DEBUG] iteration=708, ncalls=1563, regioncalls=46520, ndraw=40, logz=-110802.25, remainder_fraction=100.0000%, Lmin=-110784.74, Lmax=-107782.17
10:38:36 [ultranest] [DEBUG] iteration=720, ncalls=1585, regioncalls=47400, ndraw=40, logz=-110713.71, remainder_fraction=100.0000%, Lmin=-110706.47, Lmax=-107782.17
10:38:36 [ultranest] [DEBUG] iteration=735, ncalls=1611, regioncalls=48440, ndraw=40, logz=-110589.12, remainder_fraction=100.0000%, Lmin=-110572.83, Lmax=-107782.17
10:38:36 [ultranest] [DEBUG] iteration=750, ncalls=1638, regioncalls=49520, ndraw=40, logz=-110509.25, remainder_fraction=100.0000%, Lmin=-110494.13, Lmax=-107782.17
10:38:36 [ultranest] [DEBUG] iteration=753, ncalls=1642, regioncalls=49680, ndraw=40, logz=-110498.19, remainder_fraction=100.0000%, Lmin=-110479.52, Lmax=-107782.17
10:38:36 [ultranest] [DEBUG] iteration=760, ncalls=1651, regioncalls=50040, ndraw=40, logz=-110446.31, remainder_fraction=100.0000%, Lmin=-110437.09, Lmax=-107782.17
10:38:36 [ultranest] [DEBUG] iteration=773, ncalls=1679, regioncalls=51160, ndraw=40, logz=-110399.81, remainder_fraction=100.0000%, Lmin=-110388.83, Lmax=-107782.17
10:38:36 [ultranest] [DEBUG] iteration=784, ncalls=1706, regioncalls=52240, ndraw=40, logz=-110369.37, remainder_fraction=100.0000%, Lmin=-110358.03, Lmax=-107782.17
10:38:36 [ultranest] [DEBUG] iteration=798, ncalls=1733, regioncalls=53320, ndraw=40, logz=-110317.56, remainder_fraction=100.0000%, Lmin=-110306.54, Lmax=-107782.17
10:38:36 [ultranest] [DEBUG] iteration=800, ncalls=1736, regioncalls=53440, ndraw=40, logz=-110313.20, remainder_fraction=100.0000%, Lmin=-110304.58, Lmax=-107782.17
10:38:37 [ultranest] [DEBUG] iteration=816, ncalls=1762, regioncalls=54480, ndraw=40, logz=-110218.82, remainder_fraction=100.0000%, Lmin=-110208.94, Lmax=-107782.17
10:38:37 [ultranest] [DEBUG] iteration=823, ncalls=1791, regioncalls=55640, ndraw=40, logz=-110185.68, remainder_fraction=100.0000%, Lmin=-110176.19, Lmax=-107782.17
10:38:37 [ultranest] [DEBUG] iteration=831, ncalls=1802, regioncalls=56080, ndraw=40, logz=-110109.99, remainder_fraction=100.0000%, Lmin=-110096.99, Lmax=-107782.17
10:38:37 [ultranest] [DEBUG] iteration=840, ncalls=1826, regioncalls=57040, ndraw=40, logz=-110069.50, remainder_fraction=100.0000%, Lmin=-110058.97, Lmax=-107782.17
10:38:37 [ultranest] [DEBUG] iteration=854, ncalls=1853, regioncalls=58160, ndraw=40, logz=-110014.57, remainder_fraction=100.0000%, Lmin=-110004.69, Lmax=-107782.17
10:38:37 [ultranest] [DEBUG] iteration=867, ncalls=1879, regioncalls=59200, ndraw=40, logz=-109955.03, remainder_fraction=100.0000%, Lmin=-109938.95, Lmax=-107782.17
10:38:37 [ultranest] [DEBUG] iteration=880, ncalls=1904, regioncalls=60200, ndraw=40, logz=-109918.77, remainder_fraction=100.0000%, Lmin=-109909.12, Lmax=-107782.17
10:38:37 [ultranest] [DEBUG] iteration=895, ncalls=1930, regioncalls=61240, ndraw=40, logz=-109866.40, remainder_fraction=100.0000%, Lmin=-109853.55, Lmax=-107782.17
10:38:37 [ultranest] [DEBUG] iteration=911, ncalls=1953, regioncalls=62160, ndraw=40, logz=-109806.23, remainder_fraction=100.0000%, Lmin=-109793.79, Lmax=-107782.17
10:38:37 [ultranest] [DEBUG] iteration=920, ncalls=1973, regioncalls=62960, ndraw=40, logz=-109767.93, remainder_fraction=100.0000%, Lmin=-109757.81, Lmax=-107782.17
10:38:37 [ultranest] [DEBUG] iteration=936, ncalls=1999, regioncalls=64000, ndraw=40, logz=-109704.35, remainder_fraction=100.0000%, Lmin=-109679.18, Lmax=-107782.17
10:38:38 [ultranest] [DEBUG] iteration=953, ncalls=2027, regioncalls=65120, ndraw=40, logz=-109634.20, remainder_fraction=100.0000%, Lmin=-109623.67, Lmax=-107782.17
10:38:38 [ultranest] [DEBUG] iteration=960, ncalls=2042, regioncalls=65720, ndraw=40, logz=-109608.31, remainder_fraction=100.0000%, Lmin=-109598.68, Lmax=-107782.17
10:38:38 [ultranest] [DEBUG] iteration=966, ncalls=2072, regioncalls=66920, ndraw=40, logz=-109578.70, remainder_fraction=100.0000%, Lmin=-109567.85, Lmax=-107782.17
10:38:38 [ultranest] [DEBUG] iteration=982, ncalls=2099, regioncalls=68000, ndraw=40, logz=-109511.71, remainder_fraction=100.0000%, Lmin=-109497.28, Lmax=-107764.13
10:38:38 [ultranest] [DEBUG] iteration=987, ncalls=2110, regioncalls=68440, ndraw=40, logz=-109477.80, remainder_fraction=100.0000%, Lmin=-109454.88, Lmax=-107764.13
10:38:38 [ultranest] [DEBUG] iteration=1000, ncalls=2134, regioncalls=69400, ndraw=40, logz=-109421.10, remainder_fraction=100.0000%, Lmin=-109401.64, Lmax=-107764.13
10:38:38 [ultranest] [DEBUG] iteration=1013, ncalls=2160, regioncalls=70480, ndraw=40, logz=-109372.51, remainder_fraction=100.0000%, Lmin=-109360.18, Lmax=-107764.13
10:38:38 [ultranest] [DEBUG] iteration=1026, ncalls=2187, regioncalls=71560, ndraw=40, logz=-109339.48, remainder_fraction=100.0000%, Lmin=-109329.34, Lmax=-107764.13
10:38:38 [ultranest] [DEBUG] iteration=1040, ncalls=2213, regioncalls=72600, ndraw=40, logz=-109289.55, remainder_fraction=100.0000%, Lmin=-109275.08, Lmax=-107764.13
10:38:38 [ultranest] [DEBUG] iteration=1056, ncalls=2241, regioncalls=73720, ndraw=40, logz=-109233.96, remainder_fraction=100.0000%, Lmin=-109225.41, Lmax=-107764.13
10:38:38 [ultranest] [DEBUG] iteration=1065, ncalls=2256, regioncalls=74320, ndraw=40, logz=-109220.51, remainder_fraction=100.0000%, Lmin=-109203.56, Lmax=-107764.13
10:38:39 [ultranest] [DEBUG] iteration=1080, ncalls=2279, regioncalls=75280, ndraw=40, logz=-109178.39, remainder_fraction=100.0000%, Lmin=-109169.28, Lmax=-107764.13
10:38:39 [ultranest] [DEBUG] iteration=1093, ncalls=2305, regioncalls=76320, ndraw=40, logz=-109140.32, remainder_fraction=100.0000%, Lmin=-109127.85, Lmax=-107764.13
10:38:39 [ultranest] [DEBUG] iteration=1109, ncalls=2331, regioncalls=77360, ndraw=40, logz=-109098.63, remainder_fraction=100.0000%, Lmin=-109080.04, Lmax=-107764.13
10:38:39 [ultranest] [DEBUG] iteration=1120, ncalls=2348, regioncalls=78040, ndraw=40, logz=-109056.18, remainder_fraction=100.0000%, Lmin=-109045.19, Lmax=-107764.13
10:38:39 [ultranest] [DEBUG] iteration=1133, ncalls=2375, regioncalls=79120, ndraw=40, logz=-109002.51, remainder_fraction=100.0000%, Lmin=-108992.92, Lmax=-107764.13
10:38:39 [ultranest] [DEBUG] iteration=1143, ncalls=2393, regioncalls=79840, ndraw=40, logz=-108972.94, remainder_fraction=100.0000%, Lmin=-108963.32, Lmax=-107764.13
10:38:39 [ultranest] [DEBUG] iteration=1160, ncalls=2416, regioncalls=80800, ndraw=40, logz=-108940.86, remainder_fraction=100.0000%, Lmin=-108927.39, Lmax=-107764.13
10:38:39 [ultranest] [DEBUG] iteration=1178, ncalls=2442, regioncalls=81840, ndraw=40, logz=-108898.20, remainder_fraction=100.0000%, Lmin=-108888.68, Lmax=-107764.13
10:38:39 [ultranest] [DEBUG] iteration=1195, ncalls=2469, regioncalls=82920, ndraw=40, logz=-108868.20, remainder_fraction=100.0000%, Lmin=-108859.33, Lmax=-107764.13
10:38:39 [ultranest] [DEBUG] iteration=1200, ncalls=2482, regioncalls=83440, ndraw=40, logz=-108862.43, remainder_fraction=100.0000%, Lmin=-108850.46, Lmax=-107764.13
10:38:39 [ultranest] [DEBUG] iteration=1216, ncalls=2510, regioncalls=84560, ndraw=40, logz=-108832.40, remainder_fraction=100.0000%, Lmin=-108823.52, Lmax=-107764.13
10:38:40 [ultranest] [DEBUG] iteration=1221, ncalls=2517, regioncalls=84840, ndraw=40, logz=-108819.15, remainder_fraction=100.0000%, Lmin=-108808.74, Lmax=-107764.13
10:38:40 [ultranest] [DEBUG] iteration=1239, ncalls=2543, regioncalls=85920, ndraw=40, logz=-108777.58, remainder_fraction=100.0000%, Lmin=-108767.89, Lmax=-107764.13
10:38:40 [ultranest] [DEBUG] iteration=1240, ncalls=2544, regioncalls=85960, ndraw=40, logz=-108776.73, remainder_fraction=100.0000%, Lmin=-108759.20, Lmax=-107764.13
10:38:40 [ultranest] [DEBUG] iteration=1257, ncalls=2570, regioncalls=87000, ndraw=40, logz=-108737.55, remainder_fraction=100.0000%, Lmin=-108724.64, Lmax=-107764.13
10:38:40 [ultranest] [DEBUG] iteration=1274, ncalls=2598, regioncalls=88120, ndraw=40, logz=-108711.93, remainder_fraction=100.0000%, Lmin=-108701.74, Lmax=-107761.86
10:38:40 [ultranest] [DEBUG] iteration=1280, ncalls=2604, regioncalls=88360, ndraw=40, logz=-108702.60, remainder_fraction=100.0000%, Lmin=-108692.12, Lmax=-107761.86
10:38:40 [ultranest] [DEBUG] iteration=1296, ncalls=2631, regioncalls=89440, ndraw=40, logz=-108662.42, remainder_fraction=100.0000%, Lmin=-108652.88, Lmax=-107761.86
10:38:40 [ultranest] [DEBUG] iteration=1299, ncalls=2635, regioncalls=89600, ndraw=40, logz=-108660.50, remainder_fraction=100.0000%, Lmin=-108647.41, Lmax=-107761.86
10:38:40 [ultranest] [DEBUG] iteration=1318, ncalls=2660, regioncalls=90640, ndraw=40, logz=-108624.66, remainder_fraction=100.0000%, Lmin=-108611.62, Lmax=-107761.86
10:38:40 [ultranest] [DEBUG] iteration=1320, ncalls=2666, regioncalls=90880, ndraw=40, logz=-108620.52, remainder_fraction=100.0000%, Lmin=-108610.54, Lmax=-107761.86
10:38:40 [ultranest] [DEBUG] iteration=1340, ncalls=2693, regioncalls=91960, ndraw=40, logz=-108567.87, remainder_fraction=100.0000%, Lmin=-108557.93, Lmax=-107761.86
10:38:40 [ultranest] [DEBUG] iteration=1353, ncalls=2723, regioncalls=93160, ndraw=40, logz=-108543.84, remainder_fraction=100.0000%, Lmin=-108533.19, Lmax=-107761.86
10:38:40 [ultranest] [DEBUG] iteration=1360, ncalls=2735, regioncalls=93640, ndraw=40, logz=-108527.00, remainder_fraction=100.0000%, Lmin=-108516.00, Lmax=-107761.86
10:38:40 [ultranest] [DEBUG] iteration=1373, ncalls=2761, regioncalls=94680, ndraw=40, logz=-108502.61, remainder_fraction=100.0000%, Lmin=-108492.71, Lmax=-107761.86
10:38:41 [ultranest] [DEBUG] iteration=1377, ncalls=2769, regioncalls=95040, ndraw=40, logz=-108500.16, remainder_fraction=100.0000%, Lmin=-108490.94, Lmax=-107761.86
10:38:41 [ultranest] [DEBUG] iteration=1395, ncalls=2794, regioncalls=96040, ndraw=40, logz=-108481.95, remainder_fraction=100.0000%, Lmin=-108472.05, Lmax=-107761.86
10:38:41 [ultranest] [DEBUG] iteration=1400, ncalls=2801, regioncalls=96320, ndraw=40, logz=-108475.90, remainder_fraction=100.0000%, Lmin=-108466.21, Lmax=-107761.86
10:38:41 [ultranest] [DEBUG] iteration=1416, ncalls=2827, regioncalls=97360, ndraw=40, logz=-108459.99, remainder_fraction=100.0000%, Lmin=-108449.65, Lmax=-107761.86
10:38:41 [ultranest] [DEBUG] iteration=1432, ncalls=2853, regioncalls=98400, ndraw=40, logz=-108435.50, remainder_fraction=100.0000%, Lmin=-108425.98, Lmax=-107761.86
10:38:41 [ultranest] [DEBUG] iteration=1440, ncalls=2866, regioncalls=98920, ndraw=40, logz=-108428.00, remainder_fraction=100.0000%, Lmin=-108418.60, Lmax=-107761.86
10:38:41 [ultranest] [DEBUG] iteration=1455, ncalls=2890, regioncalls=99880, ndraw=40, logz=-108403.28, remainder_fraction=100.0000%, Lmin=-108392.70, Lmax=-107761.86
10:38:41 [ultranest] [DEBUG] iteration=1467, ncalls=2917, regioncalls=101120, ndraw=40, logz=-108386.82, remainder_fraction=100.0000%, Lmin=-108377.15, Lmax=-107761.86
10:38:41 [ultranest] [DEBUG] iteration=1480, ncalls=2935, regioncalls=101840, ndraw=40, logz=-108379.28, remainder_fraction=100.0000%, Lmin=-108370.22, Lmax=-107761.86
10:38:41 [ultranest] [DEBUG] iteration=1497, ncalls=2959, regioncalls=102800, ndraw=40, logz=-108358.58, remainder_fraction=100.0000%, Lmin=-108346.87, Lmax=-107738.26
10:38:41 [ultranest] [DEBUG] iteration=1514, ncalls=2986, regioncalls=103880, ndraw=40, logz=-108339.16, remainder_fraction=100.0000%, Lmin=-108329.06, Lmax=-107738.26
10:38:41 [ultranest] [DEBUG] iteration=1520, ncalls=3000, regioncalls=104440, ndraw=40, logz=-108332.65, remainder_fraction=100.0000%, Lmin=-108322.21, Lmax=-107738.26
10:38:42 [ultranest] [DEBUG] iteration=1533, ncalls=3023, regioncalls=105360, ndraw=40, logz=-108320.89, remainder_fraction=100.0000%, Lmin=-108310.61, Lmax=-107738.26
10:38:42 [ultranest] [DEBUG] iteration=1547, ncalls=3052, regioncalls=106560, ndraw=40, logz=-108311.19, remainder_fraction=100.0000%, Lmin=-108300.11, Lmax=-107734.78
10:38:42 [ultranest] [DEBUG] iteration=1560, ncalls=3077, regioncalls=107600, ndraw=40, logz=-108299.25, remainder_fraction=100.0000%, Lmin=-108289.14, Lmax=-107734.78
10:38:42 [ultranest] [DEBUG] iteration=1573, ncalls=3104, regioncalls=108800, ndraw=40, logz=-108285.50, remainder_fraction=100.0000%, Lmin=-108273.55, Lmax=-107734.78
10:38:42 [ultranest] [DEBUG] iteration=1588, ncalls=3130, regioncalls=109840, ndraw=40, logz=-108274.61, remainder_fraction=100.0000%, Lmin=-108264.19, Lmax=-107734.78
10:38:42 [ultranest] [DEBUG] iteration=1600, ncalls=3155, regioncalls=110840, ndraw=40, logz=-108262.93, remainder_fraction=100.0000%, Lmin=-108250.20, Lmax=-107734.78
10:38:42 [ultranest] [DEBUG] iteration=1611, ncalls=3179, regioncalls=111840, ndraw=40, logz=-108249.44, remainder_fraction=100.0000%, Lmin=-108240.12, Lmax=-107726.66
10:38:42 [ultranest] [DEBUG] iteration=1627, ncalls=3205, regioncalls=112880, ndraw=40, logz=-108233.12, remainder_fraction=100.0000%, Lmin=-108221.79, Lmax=-107726.66
10:38:42 [ultranest] [DEBUG] iteration=1640, ncalls=3229, regioncalls=113840, ndraw=40, logz=-108216.94, remainder_fraction=100.0000%, Lmin=-108206.59, Lmax=-107726.66
10:38:42 [ultranest] [DEBUG] iteration=1652, ncalls=3257, regioncalls=114960, ndraw=40, logz=-108206.31, remainder_fraction=100.0000%, Lmin=-108195.87, Lmax=-107723.13
10:38:43 [ultranest] [DEBUG] iteration=1665, ncalls=3287, regioncalls=116160, ndraw=40, logz=-108190.56, remainder_fraction=100.0000%, Lmin=-108179.67, Lmax=-107723.13
10:38:43 [ultranest] [DEBUG] iteration=1680, ncalls=3310, regioncalls=117080, ndraw=40, logz=-108178.13, remainder_fraction=100.0000%, Lmin=-108167.13, Lmax=-107723.13
10:38:43 [ultranest] [DEBUG] iteration=1689, ncalls=3327, regioncalls=117760, ndraw=40, logz=-108173.82, remainder_fraction=100.0000%, Lmin=-108164.37, Lmax=-107723.13
10:38:43 [ultranest] [DEBUG] iteration=1707, ncalls=3353, regioncalls=118840, ndraw=40, logz=-108155.04, remainder_fraction=100.0000%, Lmin=-108144.96, Lmax=-107723.13
10:38:43 [ultranest] [DEBUG] iteration=1720, ncalls=3375, regioncalls=119720, ndraw=40, logz=-108148.18, remainder_fraction=100.0000%, Lmin=-108137.19, Lmax=-107723.13
10:38:43 [ultranest] [DEBUG] iteration=1733, ncalls=3401, regioncalls=120760, ndraw=40, logz=-108141.07, remainder_fraction=100.0000%, Lmin=-108130.83, Lmax=-107723.13
10:38:43 [ultranest] [DEBUG] iteration=1749, ncalls=3426, regioncalls=121760, ndraw=40, logz=-108130.01, remainder_fraction=100.0000%, Lmin=-108117.61, Lmax=-107723.13
10:38:43 [ultranest] [DEBUG] iteration=1760, ncalls=3449, regioncalls=122680, ndraw=40, logz=-108115.29, remainder_fraction=100.0000%, Lmin=-108104.26, Lmax=-107723.13
10:38:43 [ultranest] [DEBUG] iteration=1767, ncalls=3459, regioncalls=123080, ndraw=40, logz=-108110.76, remainder_fraction=100.0000%, Lmin=-108099.64, Lmax=-107723.13
10:38:43 [ultranest] [DEBUG] iteration=1784, ncalls=3484, regioncalls=124120, ndraw=40, logz=-108100.11, remainder_fraction=100.0000%, Lmin=-108089.79, Lmax=-107723.13
10:38:44 [ultranest] [DEBUG] iteration=1800, ncalls=3508, regioncalls=125120, ndraw=40, logz=-108088.15, remainder_fraction=100.0000%, Lmin=-108077.49, Lmax=-107723.13
10:38:44 [ultranest] [DEBUG] iteration=1814, ncalls=3535, regioncalls=126200, ndraw=40, logz=-108080.34, remainder_fraction=100.0000%, Lmin=-108068.54, Lmax=-107723.13
10:38:44 [ultranest] [DEBUG] iteration=1831, ncalls=3560, regioncalls=127200, ndraw=40, logz=-108068.74, remainder_fraction=100.0000%, Lmin=-108058.11, Lmax=-107723.13
10:38:44 [ultranest] [DEBUG] iteration=1840, ncalls=3576, regioncalls=127840, ndraw=40, logz=-108062.12, remainder_fraction=100.0000%, Lmin=-108052.16, Lmax=-107723.13
10:38:44 [ultranest] [DEBUG] iteration=1845, ncalls=3582, regioncalls=128120, ndraw=40, logz=-108060.28, remainder_fraction=100.0000%, Lmin=-108050.05, Lmax=-107723.13
10:38:44 [ultranest] [DEBUG] iteration=1864, ncalls=3607, regioncalls=129160, ndraw=40, logz=-108048.83, remainder_fraction=100.0000%, Lmin=-108038.20, Lmax=-107723.13
10:38:44 [ultranest] [DEBUG] iteration=1880, ncalls=3628, regioncalls=130000, ndraw=40, logz=-108040.82, remainder_fraction=100.0000%, Lmin=-108030.46, Lmax=-107723.13
10:38:44 [ultranest] [DEBUG] iteration=1898, ncalls=3653, regioncalls=131000, ndraw=40, logz=-108027.68, remainder_fraction=100.0000%, Lmin=-108014.81, Lmax=-107723.13
10:38:44 [ultranest] [DEBUG] iteration=1911, ncalls=3679, regioncalls=132040, ndraw=40, logz=-108017.02, remainder_fraction=100.0000%, Lmin=-108002.73, Lmax=-107723.13
10:38:44 [ultranest] [DEBUG] iteration=1920, ncalls=3697, regioncalls=132760, ndraw=40, logz=-108009.15, remainder_fraction=100.0000%, Lmin=-107998.63, Lmax=-107723.13
10:38:44 [ultranest] [DEBUG] iteration=1923, ncalls=3706, regioncalls=133120, ndraw=40, logz=-108008.19, remainder_fraction=100.0000%, Lmin=-107998.18, Lmax=-107723.13
10:38:44 [ultranest] [DEBUG] iteration=1943, ncalls=3732, regioncalls=134200, ndraw=40, logz=-107997.84, remainder_fraction=100.0000%, Lmin=-107987.72, Lmax=-107723.13
10:38:45 [ultranest] [DEBUG] iteration=1960, ncalls=3758, regioncalls=135240, ndraw=40, logz=-107990.80, remainder_fraction=100.0000%, Lmin=-107980.52, Lmax=-107723.13
10:38:45 [ultranest] [DEBUG] iteration=1976, ncalls=3784, regioncalls=136280, ndraw=40, logz=-107980.72, remainder_fraction=100.0000%, Lmin=-107969.81, Lmax=-107723.13
10:38:45 [ultranest] [DEBUG] iteration=1992, ncalls=3810, regioncalls=137320, ndraw=40, logz=-107973.89, remainder_fraction=100.0000%, Lmin=-107962.54, Lmax=-107723.13
10:38:45 [ultranest] [DEBUG] iteration=2000, ncalls=3822, regioncalls=137800, ndraw=40, logz=-107970.19, remainder_fraction=100.0000%, Lmin=-107959.81, Lmax=-107723.13
10:38:45 [ultranest] [DEBUG] iteration=2015, ncalls=3846, regioncalls=138760, ndraw=40, logz=-107965.95, remainder_fraction=100.0000%, Lmin=-107954.75, Lmax=-107723.13
10:38:45 [ultranest] [DEBUG] iteration=2029, ncalls=3875, regioncalls=139920, ndraw=40, logz=-107959.09, remainder_fraction=100.0000%, Lmin=-107948.35, Lmax=-107723.13
10:38:45 [ultranest] [DEBUG] iteration=2040, ncalls=3893, regioncalls=140640, ndraw=40, logz=-107955.22, remainder_fraction=100.0000%, Lmin=-107943.11, Lmax=-107723.13
10:38:45 [ultranest] [DEBUG] iteration=2050, ncalls=3920, regioncalls=141720, ndraw=40, logz=-107949.23, remainder_fraction=100.0000%, Lmin=-107937.96, Lmax=-107723.13
10:38:45 [ultranest] [DEBUG] iteration=2064, ncalls=3950, regioncalls=142920, ndraw=40, logz=-107943.12, remainder_fraction=100.0000%, Lmin=-107931.78, Lmax=-107723.13
10:38:45 [ultranest] [DEBUG] iteration=2078, ncalls=3976, regioncalls=143960, ndraw=40, logz=-107939.33, remainder_fraction=100.0000%, Lmin=-107927.55, Lmax=-107723.13
10:38:45 [ultranest] [DEBUG] iteration=2079, ncalls=3978, regioncalls=144080, ndraw=40, logz=-107938.65, remainder_fraction=100.0000%, Lmin=-107927.51, Lmax=-107723.13
10:38:45 [ultranest] [DEBUG] iteration=2080, ncalls=3981, regioncalls=144200, ndraw=40, logz=-107938.23, remainder_fraction=100.0000%, Lmin=-107927.51, Lmax=-107723.13
10:38:46 [ultranest] [DEBUG] iteration=2094, ncalls=4007, regioncalls=145240, ndraw=40, logz=-107932.91, remainder_fraction=100.0000%, Lmin=-107922.00, Lmax=-107723.13
10:38:46 [ultranest] [DEBUG] iteration=2111, ncalls=4032, regioncalls=146240, ndraw=40, logz=-107928.32, remainder_fraction=100.0000%, Lmin=-107917.97, Lmax=-107723.13
10:38:46 [ultranest] [DEBUG] iteration=2120, ncalls=4046, regioncalls=146800, ndraw=40, logz=-107925.57, remainder_fraction=100.0000%, Lmin=-107915.37, Lmax=-107723.13
10:38:46 [ultranest] [DEBUG] iteration=2137, ncalls=4071, regioncalls=147800, ndraw=40, logz=-107919.49, remainder_fraction=100.0000%, Lmin=-107908.25, Lmax=-107723.13
10:38:46 [ultranest] [DEBUG] iteration=2154, ncalls=4100, regioncalls=148960, ndraw=40, logz=-107913.46, remainder_fraction=100.0000%, Lmin=-107901.15, Lmax=-107723.13
10:38:46 [ultranest] [DEBUG] iteration=2157, ncalls=4104, regioncalls=149160, ndraw=40, logz=-107911.64, remainder_fraction=100.0000%, Lmin=-107899.28, Lmax=-107723.13
10:38:46 [ultranest] [DEBUG] iteration=2160, ncalls=4107, regioncalls=149280, ndraw=40, logz=-107909.75, remainder_fraction=100.0000%, Lmin=-107898.39, Lmax=-107723.13
10:38:46 [ultranest] [DEBUG] iteration=2177, ncalls=4134, regioncalls=150360, ndraw=40, logz=-107904.68, remainder_fraction=100.0000%, Lmin=-107893.92, Lmax=-107723.13
10:38:46 [ultranest] [DEBUG] iteration=2197, ncalls=4160, regioncalls=151520, ndraw=40, logz=-107899.20, remainder_fraction=100.0000%, Lmin=-107887.95, Lmax=-107723.13
10:38:46 [ultranest] [DEBUG] iteration=2200, ncalls=4165, regioncalls=151720, ndraw=40, logz=-107898.17, remainder_fraction=100.0000%, Lmin=-107887.03, Lmax=-107723.13
10:38:46 [ultranest] [DEBUG] iteration=2213, ncalls=4193, regioncalls=152840, ndraw=40, logz=-107894.00, remainder_fraction=100.0000%, Lmin=-107882.98, Lmax=-107723.13
10:38:46 [ultranest] [DEBUG] iteration=2229, ncalls=4223, regioncalls=154040, ndraw=40, logz=-107890.75, remainder_fraction=100.0000%, Lmin=-107880.22, Lmax=-107723.13
10:38:46 [ultranest] [DEBUG] iteration=2235, ncalls=4231, regioncalls=154400, ndraw=40, logz=-107889.32, remainder_fraction=100.0000%, Lmin=-107877.96, Lmax=-107723.13
10:38:46 [ultranest] [DEBUG] iteration=2240, ncalls=4236, regioncalls=154600, ndraw=40, logz=-107887.56, remainder_fraction=100.0000%, Lmin=-107876.05, Lmax=-107723.13
10:38:47 [ultranest] [DEBUG] iteration=2259, ncalls=4262, regioncalls=155640, ndraw=40, logz=-107881.16, remainder_fraction=100.0000%, Lmin=-107869.99, Lmax=-107723.13
10:38:47 [ultranest] [DEBUG] iteration=2278, ncalls=4287, regioncalls=156640, ndraw=40, logz=-107873.93, remainder_fraction=100.0000%, Lmin=-107862.65, Lmax=-107723.13
10:38:47 [ultranest] [DEBUG] iteration=2280, ncalls=4291, regioncalls=156800, ndraw=40, logz=-107873.38, remainder_fraction=100.0000%, Lmin=-107862.45, Lmax=-107723.13
10:38:47 [ultranest] [DEBUG] iteration=2295, ncalls=4318, regioncalls=157880, ndraw=40, logz=-107870.21, remainder_fraction=100.0000%, Lmin=-107858.91, Lmax=-107721.12
10:38:47 [ultranest] [DEBUG] iteration=2307, ncalls=4346, regioncalls=159000, ndraw=40, logz=-107867.31, remainder_fraction=100.0000%, Lmin=-107856.33, Lmax=-107721.12
10:38:47 [ultranest] [DEBUG] iteration=2313, ncalls=4359, regioncalls=159560, ndraw=40, logz=-107865.40, remainder_fraction=100.0000%, Lmin=-107853.53, Lmax=-107721.12
10:38:47 [ultranest] [DEBUG] iteration=2320, ncalls=4366, regioncalls=159840, ndraw=40, logz=-107862.45, remainder_fraction=100.0000%, Lmin=-107850.87, Lmax=-107721.12
10:38:47 [ultranest] [DEBUG] iteration=2338, ncalls=4392, regioncalls=160880, ndraw=40, logz=-107857.82, remainder_fraction=100.0000%, Lmin=-107846.56, Lmax=-107721.12
10:38:47 [ultranest] [DEBUG] iteration=2357, ncalls=4417, regioncalls=161880, ndraw=40, logz=-107853.23, remainder_fraction=100.0000%, Lmin=-107842.13, Lmax=-107721.12
10:38:47 [ultranest] [DEBUG] iteration=2360, ncalls=4422, regioncalls=162080, ndraw=40, logz=-107852.70, remainder_fraction=100.0000%, Lmin=-107841.67, Lmax=-107721.12
10:38:47 [ultranest] [DEBUG] iteration=2377, ncalls=4448, regioncalls=163120, ndraw=40, logz=-107849.91, remainder_fraction=100.0000%, Lmin=-107838.13, Lmax=-107721.12
10:38:47 [ultranest] [DEBUG] iteration=2390, ncalls=4475, regioncalls=164200, ndraw=40, logz=-107846.77, remainder_fraction=100.0000%, Lmin=-107835.70, Lmax=-107721.12
10:38:47 [ultranest] [DEBUG] iteration=2391, ncalls=4476, regioncalls=164280, ndraw=40, logz=-107846.59, remainder_fraction=100.0000%, Lmin=-107835.02, Lmax=-107721.12
10:38:47 [ultranest] [DEBUG] iteration=2400, ncalls=4489, regioncalls=164800, ndraw=40, logz=-107844.36, remainder_fraction=100.0000%, Lmin=-107833.14, Lmax=-107721.12
10:38:48 [ultranest] [DEBUG] iteration=2417, ncalls=4515, regioncalls=165840, ndraw=40, logz=-107841.35, remainder_fraction=100.0000%, Lmin=-107830.39, Lmax=-107721.12
10:38:48 [ultranest] [DEBUG] iteration=2433, ncalls=4542, regioncalls=166920, ndraw=40, logz=-107838.65, remainder_fraction=100.0000%, Lmin=-107826.80, Lmax=-107721.12
10:38:48 [ultranest] [DEBUG] iteration=2440, ncalls=4553, regioncalls=167360, ndraw=40, logz=-107837.00, remainder_fraction=100.0000%, Lmin=-107825.86, Lmax=-107721.12
10:38:48 [ultranest] [DEBUG] iteration=2453, ncalls=4581, regioncalls=168480, ndraw=40, logz=-107835.09, remainder_fraction=100.0000%, Lmin=-107824.01, Lmax=-107721.12
10:38:48 [ultranest] [DEBUG] iteration=2467, ncalls=4609, regioncalls=169600, ndraw=40, logz=-107831.67, remainder_fraction=100.0000%, Lmin=-107819.82, Lmax=-107721.12
10:38:48 [ultranest] [DEBUG] iteration=2469, ncalls=4611, regioncalls=169800, ndraw=40, logz=-107831.08, remainder_fraction=100.0000%, Lmin=-107819.52, Lmax=-107721.12
10:38:48 [ultranest] [DEBUG] iteration=2480, ncalls=4626, regioncalls=170440, ndraw=40, logz=-107829.02, remainder_fraction=100.0000%, Lmin=-107817.76, Lmax=-107721.12
10:38:48 [ultranest] [DEBUG] iteration=2496, ncalls=4651, regioncalls=171520, ndraw=40, logz=-107825.55, remainder_fraction=100.0000%, Lmin=-107814.14, Lmax=-107721.12
10:38:48 [ultranest] [DEBUG] iteration=2509, ncalls=4677, regioncalls=172560, ndraw=40, logz=-107823.66, remainder_fraction=100.0000%, Lmin=-107812.77, Lmax=-107721.12
10:38:48 [ultranest] [DEBUG] iteration=2520, ncalls=4690, regioncalls=173080, ndraw=40, logz=-107822.17, remainder_fraction=100.0000%, Lmin=-107810.94, Lmax=-107721.12
10:38:48 [ultranest] [DEBUG] iteration=2532, ncalls=4718, regioncalls=174200, ndraw=40, logz=-107820.06, remainder_fraction=100.0000%, Lmin=-107808.71, Lmax=-107721.12
10:38:49 [ultranest] [DEBUG] iteration=2544, ncalls=4745, regioncalls=175280, ndraw=40, logz=-107818.51, remainder_fraction=100.0000%, Lmin=-107807.29, Lmax=-107721.12
10:38:49 [ultranest] [DEBUG] iteration=2547, ncalls=4752, regioncalls=175600, ndraw=40, logz=-107818.08, remainder_fraction=100.0000%, Lmin=-107806.76, Lmax=-107721.12
10:38:49 [ultranest] [DEBUG] iteration=2560, ncalls=4774, regioncalls=176480, ndraw=40, logz=-107815.82, remainder_fraction=100.0000%, Lmin=-107804.34, Lmax=-107721.12
10:38:49 [ultranest] [DEBUG] iteration=2577, ncalls=4799, regioncalls=177520, ndraw=40, logz=-107813.32, remainder_fraction=100.0000%, Lmin=-107801.92, Lmax=-107721.12
10:38:49 [ultranest] [DEBUG] iteration=2590, ncalls=4824, regioncalls=178520, ndraw=40, logz=-107811.22, remainder_fraction=100.0000%, Lmin=-107799.79, Lmax=-107721.12
10:38:49 [ultranest] [DEBUG] iteration=2600, ncalls=4837, regioncalls=179040, ndraw=40, logz=-107809.98, remainder_fraction=100.0000%, Lmin=-107798.90, Lmax=-107721.12
10:38:49 [ultranest] [DEBUG] iteration=2616, ncalls=4863, regioncalls=180080, ndraw=40, logz=-107808.11, remainder_fraction=100.0000%, Lmin=-107797.01, Lmax=-107721.12
10:38:49 [ultranest] [DEBUG] iteration=2625, ncalls=4880, regioncalls=180800, ndraw=40, logz=-107807.27, remainder_fraction=100.0000%, Lmin=-107796.06, Lmax=-107721.12
10:38:49 [ultranest] [DEBUG] iteration=2640, ncalls=4900, regioncalls=181600, ndraw=40, logz=-107804.95, remainder_fraction=100.0000%, Lmin=-107793.17, Lmax=-107721.12
10:38:49 [ultranest] [DEBUG] iteration=2659, ncalls=4926, regioncalls=182640, ndraw=40, logz=-107802.08, remainder_fraction=100.0000%, Lmin=-107790.20, Lmax=-107721.12
10:38:49 [ultranest] [DEBUG] iteration=2673, ncalls=4952, regioncalls=183680, ndraw=40, logz=-107800.02, remainder_fraction=100.0000%, Lmin=-107788.34, Lmax=-107721.12
10:38:49 [ultranest] [DEBUG] iteration=2680, ncalls=4970, regioncalls=184400, ndraw=40, logz=-107799.14, remainder_fraction=100.0000%, Lmin=-107787.71, Lmax=-107721.12
10:38:50 [ultranest] [DEBUG] iteration=2693, ncalls=4996, regioncalls=185440, ndraw=40, logz=-107797.84, remainder_fraction=100.0000%, Lmin=-107786.53, Lmax=-107721.12
10:38:50 [ultranest] [DEBUG] iteration=2703, ncalls=5020, regioncalls=186400, ndraw=40, logz=-107796.82, remainder_fraction=100.0000%, Lmin=-107785.40, Lmax=-107721.12
10:38:50 [ultranest] [DEBUG] iteration=2717, ncalls=5047, regioncalls=187480, ndraw=40, logz=-107794.87, remainder_fraction=100.0000%, Lmin=-107783.28, Lmax=-107721.12
10:38:50 [ultranest] [DEBUG] iteration=2720, ncalls=5051, regioncalls=187640, ndraw=40, logz=-107794.50, remainder_fraction=100.0000%, Lmin=-107782.87, Lmax=-107721.12
10:38:50 [ultranest] [DEBUG] iteration=2733, ncalls=5077, regioncalls=188680, ndraw=40, logz=-107792.88, remainder_fraction=100.0000%, Lmin=-107781.50, Lmax=-107721.12
10:38:50 [ultranest] [DEBUG] iteration=2750, ncalls=5105, regioncalls=189800, ndraw=40, logz=-107791.13, remainder_fraction=100.0000%, Lmin=-107779.78, Lmax=-107721.12
10:38:50 [ultranest] [DEBUG] iteration=2760, ncalls=5128, regioncalls=190720, ndraw=40, logz=-107790.23, remainder_fraction=100.0000%, Lmin=-107778.99, Lmax=-107721.12
10:38:50 [ultranest] [DEBUG] iteration=2775, ncalls=5154, regioncalls=191760, ndraw=40, logz=-107788.45, remainder_fraction=100.0000%, Lmin=-107776.18, Lmax=-107721.12
10:38:50 [ultranest] [DEBUG] iteration=2781, ncalls=5171, regioncalls=192480, ndraw=40, logz=-107787.43, remainder_fraction=100.0000%, Lmin=-107775.22, Lmax=-107721.12
10:38:50 [ultranest] [DEBUG] iteration=2799, ncalls=5197, regioncalls=193560, ndraw=40, logz=-107785.03, remainder_fraction=100.0000%, Lmin=-107773.13, Lmax=-107721.12
10:38:50 [ultranest] [DEBUG] iteration=2800, ncalls=5198, regioncalls=193600, ndraw=40, logz=-107784.90, remainder_fraction=100.0000%, Lmin=-107773.13, Lmax=-107721.12
10:38:50 [ultranest] [DEBUG] iteration=2818, ncalls=5222, regioncalls=194560, ndraw=40, logz=-107782.91, remainder_fraction=100.0000%, Lmin=-107771.35, Lmax=-107721.12
10:38:51 [ultranest] [DEBUG] iteration=2837, ncalls=5252, regioncalls=195760, ndraw=40, logz=-107780.80, remainder_fraction=100.0000%, Lmin=-107769.09, Lmax=-107721.12
10:38:51 [ultranest] [DEBUG] iteration=2840, ncalls=5257, regioncalls=195960, ndraw=40, logz=-107780.52, remainder_fraction=100.0000%, Lmin=-107768.89, Lmax=-107721.12
10:38:51 [ultranest] [DEBUG] iteration=2859, ncalls=5282, regioncalls=196960, ndraw=40, logz=-107778.44, remainder_fraction=100.0000%, Lmin=-107766.37, Lmax=-107721.12
10:38:51 [ultranest] [DEBUG] iteration=2879, ncalls=5307, regioncalls=197960, ndraw=40, logz=-107776.49, remainder_fraction=100.0000%, Lmin=-107764.94, Lmax=-107721.12
10:38:51 [ultranest] [DEBUG] iteration=2880, ncalls=5308, regioncalls=198000, ndraw=40, logz=-107776.42, remainder_fraction=100.0000%, Lmin=-107764.74, Lmax=-107721.12
10:38:51 [ultranest] [DEBUG] iteration=2896, ncalls=5334, regioncalls=199040, ndraw=40, logz=-107775.02, remainder_fraction=100.0000%, Lmin=-107763.46, Lmax=-107721.12
10:38:51 [ultranest] [DEBUG] iteration=2911, ncalls=5361, regioncalls=200120, ndraw=40, logz=-107774.06, remainder_fraction=100.0000%, Lmin=-107762.62, Lmax=-107721.12
10:38:51 [ultranest] [DEBUG] iteration=2920, ncalls=5374, regioncalls=200640, ndraw=40, logz=-107773.39, remainder_fraction=100.0000%, Lmin=-107761.63, Lmax=-107721.12
10:38:51 [ultranest] [DEBUG] iteration=2930, ncalls=5404, regioncalls=201840, ndraw=40, logz=-107772.56, remainder_fraction=100.0000%, Lmin=-107760.83, Lmax=-107721.12
10:38:51 [ultranest] [DEBUG] iteration=2937, ncalls=5417, regioncalls=202440, ndraw=40, logz=-107771.99, remainder_fraction=100.0000%, Lmin=-107760.28, Lmax=-107721.12
10:38:51 [ultranest] [DEBUG] iteration=2953, ncalls=5442, regioncalls=203560, ndraw=40, logz=-107770.61, remainder_fraction=100.0000%, Lmin=-107758.51, Lmax=-107721.12
10:38:51 [ultranest] [DEBUG] iteration=2960, ncalls=5453, regioncalls=204000, ndraw=40, logz=-107770.00, remainder_fraction=100.0000%, Lmin=-107758.30, Lmax=-107721.12
10:38:51 [ultranest] [DEBUG] iteration=2978, ncalls=5479, regioncalls=205040, ndraw=40, logz=-107768.92, remainder_fraction=100.0000%, Lmin=-107757.21, Lmax=-107721.12
10:38:52 [ultranest] [DEBUG] iteration=2994, ncalls=5505, regioncalls=206080, ndraw=40, logz=-107767.86, remainder_fraction=100.0000%, Lmin=-107756.07, Lmax=-107721.12
10:38:52 [ultranest] [DEBUG] iteration=3000, ncalls=5516, regioncalls=206520, ndraw=40, logz=-107767.46, remainder_fraction=100.0000%, Lmin=-107755.79, Lmax=-107721.12
10:38:52 [ultranest] [DEBUG] iteration=3015, ncalls=5542, regioncalls=207560, ndraw=40, logz=-107766.59, remainder_fraction=100.0000%, Lmin=-107755.02, Lmax=-107721.12
10:38:52 [ultranest] [DEBUG] iteration=3032, ncalls=5568, regioncalls=208600, ndraw=40, logz=-107765.58, remainder_fraction=100.0000%, Lmin=-107753.76, Lmax=-107721.12
10:38:52 [ultranest] [DEBUG] iteration=3040, ncalls=5580, regioncalls=209080, ndraw=40, logz=-107765.03, remainder_fraction=100.0000%, Lmin=-107753.14, Lmax=-107721.12
10:38:52 [ultranest] [DEBUG] iteration=3054, ncalls=5608, regioncalls=210200, ndraw=40, logz=-107764.07, remainder_fraction=100.0000%, Lmin=-107752.23, Lmax=-107721.12
10:38:52 [ultranest] [DEBUG] iteration=3069, ncalls=5634, regioncalls=211240, ndraw=40, logz=-107763.15, remainder_fraction=100.0000%, Lmin=-107751.36, Lmax=-107721.12
10:38:52 [ultranest] [DEBUG] iteration=3080, ncalls=5660, regioncalls=212280, ndraw=40, logz=-107762.50, remainder_fraction=100.0000%, Lmin=-107750.64, Lmax=-107721.12
10:38:52 [ultranest] [DEBUG] iteration=3090, ncalls=5687, regioncalls=213360, ndraw=40, logz=-107761.92, remainder_fraction=100.0000%, Lmin=-107750.00, Lmax=-107721.12
10:38:52 [ultranest] [DEBUG] iteration=3093, ncalls=5693, regioncalls=213640, ndraw=40, logz=-107761.74, remainder_fraction=100.0000%, Lmin=-107749.88, Lmax=-107721.12
10:38:52 [ultranest] [DEBUG] iteration=3112, ncalls=5719, regioncalls=214720, ndraw=40, logz=-107760.67, remainder_fraction=100.0000%, Lmin=-107748.70, Lmax=-107721.12
10:38:52 [ultranest] [DEBUG] iteration=3120, ncalls=5730, regioncalls=215160, ndraw=40, logz=-107760.21, remainder_fraction=100.0000%, Lmin=-107748.33, Lmax=-107721.12
10:38:53 [ultranest] [DEBUG] iteration=3135, ncalls=5756, regioncalls=216200, ndraw=40, logz=-107759.42, remainder_fraction=100.0000%, Lmin=-107747.32, Lmax=-107721.12
10:38:53 [ultranest] [DEBUG] iteration=3151, ncalls=5782, regioncalls=217240, ndraw=40, logz=-107758.53, remainder_fraction=100.0000%, Lmin=-107746.62, Lmax=-107721.12
10:38:53 [ultranest] [DEBUG] iteration=3160, ncalls=5793, regioncalls=217680, ndraw=40, logz=-107758.11, remainder_fraction=100.0000%, Lmin=-107746.34, Lmax=-107721.12
10:38:53 [ultranest] [DEBUG] iteration=3171, ncalls=5807, regioncalls=218280, ndraw=40, logz=-107757.64, remainder_fraction=100.0000%, Lmin=-107745.89, Lmax=-107721.12
10:38:53 [ultranest] [DEBUG] iteration=3189, ncalls=5832, regioncalls=219280, ndraw=40, logz=-107756.97, remainder_fraction=100.0000%, Lmin=-107745.30, Lmax=-107721.12
10:38:53 [ultranest] [DEBUG] iteration=3200, ncalls=5847, regioncalls=219880, ndraw=40, logz=-107756.60, remainder_fraction=100.0000%, Lmin=-107744.99, Lmax=-107721.12
10:38:53 [ultranest] [DEBUG] iteration=3219, ncalls=5872, regioncalls=220880, ndraw=40, logz=-107755.94, remainder_fraction=100.0000%, Lmin=-107744.11, Lmax=-107721.12
10:38:53 [ultranest] [DEBUG] iteration=3233, ncalls=5898, regioncalls=221920, ndraw=40, logz=-107755.39, remainder_fraction=100.0000%, Lmin=-107743.53, Lmax=-107721.12
10:38:53 [ultranest] [DEBUG] iteration=3240, ncalls=5907, regioncalls=222280, ndraw=40, logz=-107755.12, remainder_fraction=100.0000%, Lmin=-107743.26, Lmax=-107721.12
10:38:53 [ultranest] [DEBUG] iteration=3249, ncalls=5921, regioncalls=222880, ndraw=40, logz=-107754.79, remainder_fraction=100.0000%, Lmin=-107742.84, Lmax=-107721.12
10:38:53 [ultranest] [DEBUG] iteration=3268, ncalls=5946, regioncalls=223880, ndraw=40, logz=-107754.14, remainder_fraction=100.0000%, Lmin=-107742.35, Lmax=-107721.12
10:38:53 [ultranest] [DEBUG] iteration=3280, ncalls=5962, regioncalls=224520, ndraw=40, logz=-107753.75, remainder_fraction=100.0000%, Lmin=-107741.88, Lmax=-107721.12
10:38:54 [ultranest] [DEBUG] iteration=3298, ncalls=5987, regioncalls=225520, ndraw=40, logz=-107753.18, remainder_fraction=100.0000%, Lmin=-107741.29, Lmax=-107721.12
10:38:54 [ultranest] [DEBUG] iteration=3312, ncalls=6013, regioncalls=226560, ndraw=40, logz=-107752.72, remainder_fraction=100.0000%, Lmin=-107740.73, Lmax=-107721.12
10:38:54 [ultranest] [DEBUG] iteration=3320, ncalls=6026, regioncalls=227080, ndraw=40, logz=-107752.46, remainder_fraction=100.0000%, Lmin=-107740.60, Lmax=-107721.12
10:38:54 [ultranest] [DEBUG] iteration=3327, ncalls=6038, regioncalls=227640, ndraw=40, logz=-107752.24, remainder_fraction=100.0000%, Lmin=-107740.37, Lmax=-107721.12
10:38:54 [ultranest] [DEBUG] iteration=3342, ncalls=6064, regioncalls=228680, ndraw=40, logz=-107751.82, remainder_fraction=100.0000%, Lmin=-107740.03, Lmax=-107721.12
10:38:54 [ultranest] [DEBUG] iteration=3360, ncalls=6087, regioncalls=229600, ndraw=40, logz=-107751.37, remainder_fraction=100.0000%, Lmin=-107739.61, Lmax=-107721.12
10:38:54 [ultranest] [DEBUG] iteration=3380, ncalls=6113, regioncalls=230640, ndraw=40, logz=-107750.82, remainder_fraction=100.0000%, Lmin=-107738.94, Lmax=-107721.12
10:38:54 [ultranest] [DEBUG] iteration=3400, ncalls=6137, regioncalls=231600, ndraw=40, logz=-107750.29, remainder_fraction=100.0000%, Lmin=-107738.12, Lmax=-107721.12
10:38:54 [ultranest] [DEBUG] iteration=3417, ncalls=6160, regioncalls=232520, ndraw=40, logz=-107749.77, remainder_fraction=100.0000%, Lmin=-107737.43, Lmax=-107721.12
10:38:54 [ultranest] [DEBUG] iteration=3430, ncalls=6191, regioncalls=233760, ndraw=40, logz=-107749.30, remainder_fraction=99.9999%, Lmin=-107737.02, Lmax=-107721.12
10:38:54 [ultranest] [DEBUG] iteration=3440, ncalls=6205, regioncalls=234320, ndraw=40, logz=-107748.98, remainder_fraction=99.9999%, Lmin=-107736.75, Lmax=-107721.12
10:38:55 [ultranest] [DEBUG] iteration=3456, ncalls=6230, regioncalls=235320, ndraw=40, logz=-107748.46, remainder_fraction=99.9999%, Lmin=-107736.02, Lmax=-107721.12
10:38:55 [ultranest] [DEBUG] iteration=3472, ncalls=6257, regioncalls=236400, ndraw=40, logz=-107747.92, remainder_fraction=99.9998%, Lmin=-107735.65, Lmax=-107721.12
10:38:55 [ultranest] [DEBUG] iteration=3480, ncalls=6274, regioncalls=237080, ndraw=40, logz=-107747.68, remainder_fraction=99.9998%, Lmin=-107735.36, Lmax=-107721.12
10:38:55 [ultranest] [DEBUG] iteration=3483, ncalls=6280, regioncalls=237360, ndraw=40, logz=-107747.59, remainder_fraction=99.9997%, Lmin=-107735.30, Lmax=-107721.12
10:38:55 [ultranest] [DEBUG] iteration=3503, ncalls=6304, regioncalls=238360, ndraw=40, logz=-107747.07, remainder_fraction=99.9996%, Lmin=-107734.81, Lmax=-107721.12
10:38:55 [ultranest] [DEBUG] iteration=3520, ncalls=6328, regioncalls=239320, ndraw=40, logz=-107746.62, remainder_fraction=99.9994%, Lmin=-107734.29, Lmax=-107721.12
10:38:55 [ultranest] [DEBUG] iteration=3540, ncalls=6353, regioncalls=240320, ndraw=40, logz=-107746.11, remainder_fraction=99.9990%, Lmin=-107733.74, Lmax=-107721.12
10:38:55 [ultranest] [DEBUG] iteration=3555, ncalls=6379, regioncalls=241360, ndraw=40, logz=-107745.75, remainder_fraction=99.9986%, Lmin=-107733.53, Lmax=-107721.12
10:38:55 [ultranest] [DEBUG] iteration=3560, ncalls=6393, regioncalls=241920, ndraw=40, logz=-107745.64, remainder_fraction=99.9984%, Lmin=-107733.42, Lmax=-107721.12
10:38:55 [ultranest] [DEBUG] iteration=3579, ncalls=6416, regioncalls=242840, ndraw=40, logz=-107745.25, remainder_fraction=99.9979%, Lmin=-107733.06, Lmax=-107721.12
10:38:55 [ultranest] [DEBUG] iteration=3593, ncalls=6442, regioncalls=243880, ndraw=40, logz=-107744.99, remainder_fraction=99.9972%, Lmin=-107732.89, Lmax=-107721.12
10:38:55 [ultranest] [DEBUG] iteration=3600, ncalls=6456, regioncalls=244440, ndraw=40, logz=-107744.87, remainder_fraction=99.9969%, Lmin=-107732.78, Lmax=-107721.12
10:38:56 [ultranest] [DEBUG] iteration=3615, ncalls=6482, regioncalls=245480, ndraw=40, logz=-107744.61, remainder_fraction=99.9962%, Lmin=-107732.37, Lmax=-107721.12
10:38:56 [ultranest] [DEBUG] iteration=3623, ncalls=6511, regioncalls=246640, ndraw=40, logz=-107744.46, remainder_fraction=99.9955%, Lmin=-107732.20, Lmax=-107721.12
10:38:56 [ultranest] [DEBUG] iteration=3635, ncalls=6538, regioncalls=247720, ndraw=40, logz=-107744.24, remainder_fraction=99.9944%, Lmin=-107731.98, Lmax=-107721.12
10:38:56 [ultranest] [DEBUG] iteration=3640, ncalls=6549, regioncalls=248160, ndraw=40, logz=-107744.15, remainder_fraction=99.9940%, Lmin=-107731.89, Lmax=-107721.12
10:38:56 [ultranest] [DEBUG] iteration=3652, ncalls=6575, regioncalls=249200, ndraw=40, logz=-107743.94, remainder_fraction=99.9925%, Lmin=-107731.69, Lmax=-107720.85
10:38:56 [ultranest] [DEBUG] iteration=3664, ncalls=6601, regioncalls=250240, ndraw=40, logz=-107743.74, remainder_fraction=99.9913%, Lmin=-107731.51, Lmax=-107720.85
10:38:56 [ultranest] [DEBUG] iteration=3675, ncalls=6628, regioncalls=251320, ndraw=40, logz=-107743.57, remainder_fraction=99.9895%, Lmin=-107731.38, Lmax=-107720.85
10:38:56 [ultranest] [DEBUG] iteration=3680, ncalls=6633, regioncalls=251520, ndraw=40, logz=-107743.49, remainder_fraction=99.9885%, Lmin=-107731.33, Lmax=-107720.85
10:38:56 [ultranest] [DEBUG] iteration=3691, ncalls=6661, regioncalls=252640, ndraw=40, logz=-107743.34, remainder_fraction=99.9862%, Lmin=-107731.17, Lmax=-107720.85
10:38:56 [ultranest] [DEBUG] iteration=3702, ncalls=6688, regioncalls=253720, ndraw=40, logz=-107743.19, remainder_fraction=99.9847%, Lmin=-107731.03, Lmax=-107720.85
10:38:56 [ultranest] [DEBUG] iteration=3711, ncalls=6717, regioncalls=254880, ndraw=40, logz=-107743.06, remainder_fraction=99.9822%, Lmin=-107730.84, Lmax=-107720.85
10:38:56 [ultranest] [DEBUG] iteration=3717, ncalls=6727, regioncalls=255320, ndraw=40, logz=-107742.97, remainder_fraction=99.9803%, Lmin=-107730.66, Lmax=-107720.85
10:38:56 [ultranest] [DEBUG] iteration=3720, ncalls=6730, regioncalls=255440, ndraw=40, logz=-107742.93, remainder_fraction=99.9794%, Lmin=-107730.64, Lmax=-107720.85
10:38:57 [ultranest] [DEBUG] iteration=3737, ncalls=6756, regioncalls=256480, ndraw=40, logz=-107742.68, remainder_fraction=99.9739%, Lmin=-107730.40, Lmax=-107720.85
10:38:57 [ultranest] [DEBUG] iteration=3754, ncalls=6781, regioncalls=257480, ndraw=40, logz=-107742.45, remainder_fraction=99.9661%, Lmin=-107730.13, Lmax=-107720.85
10:38:57 [ultranest] [DEBUG] iteration=3760, ncalls=6791, regioncalls=257880, ndraw=40, logz=-107742.37, remainder_fraction=99.9628%, Lmin=-107730.03, Lmax=-107720.85
10:38:57 [ultranest] [DEBUG] iteration=3773, ncalls=6817, regioncalls=258920, ndraw=40, logz=-107742.18, remainder_fraction=99.9559%, Lmin=-107729.76, Lmax=-107720.85
10:38:57 [ultranest] [DEBUG] iteration=3785, ncalls=6843, regioncalls=259960, ndraw=40, logz=-107742.01, remainder_fraction=99.9462%, Lmin=-107729.54, Lmax=-107720.85
10:38:57 [ultranest] [DEBUG] iteration=3795, ncalls=6869, regioncalls=261000, ndraw=40, logz=-107741.86, remainder_fraction=99.9355%, Lmin=-107729.33, Lmax=-107720.85
10:38:57 [ultranest] [DEBUG] iteration=3800, ncalls=6881, regioncalls=261480, ndraw=40, logz=-107741.78, remainder_fraction=99.9308%, Lmin=-107729.29, Lmax=-107720.85
10:38:57 [ultranest] [DEBUG] iteration=3816, ncalls=6907, regioncalls=262520, ndraw=40, logz=-107741.55, remainder_fraction=99.9117%, Lmin=-107729.06, Lmax=-107720.85
10:38:57 [ultranest] [DEBUG] iteration=3830, ncalls=6934, regioncalls=263600, ndraw=40, logz=-107741.36, remainder_fraction=99.8940%, Lmin=-107728.87, Lmax=-107720.85
10:38:57 [ultranest] [DEBUG] iteration=3840, ncalls=6955, regioncalls=264440, ndraw=40, logz=-107741.23, remainder_fraction=99.8816%, Lmin=-107728.69, Lmax=-107720.85
10:38:57 [ultranest] [DEBUG] iteration=3854, ncalls=6981, regioncalls=265480, ndraw=40, logz=-107741.05, remainder_fraction=99.8552%, Lmin=-107728.47, Lmax=-107720.85
10:38:58 [ultranest] [DEBUG] iteration=3869, ncalls=7008, regioncalls=266560, ndraw=40, logz=-107740.84, remainder_fraction=99.8176%, Lmin=-107728.19, Lmax=-107720.85
10:38:58 [ultranest] [DEBUG] iteration=3873, ncalls=7016, regioncalls=266920, ndraw=40, logz=-107740.78, remainder_fraction=99.8161%, Lmin=-107728.13, Lmax=-107720.85
10:38:58 [ultranest] [DEBUG] iteration=3880, ncalls=7026, regioncalls=267320, ndraw=40, logz=-107740.69, remainder_fraction=99.7977%, Lmin=-107728.01, Lmax=-107720.85
10:38:58 [ultranest] [DEBUG] iteration=3897, ncalls=7051, regioncalls=268320, ndraw=40, logz=-107740.47, remainder_fraction=99.7476%, Lmin=-107727.80, Lmax=-107720.85
10:38:58 [ultranest] [DEBUG] iteration=3912, ncalls=7077, regioncalls=269360, ndraw=40, logz=-107740.28, remainder_fraction=99.6912%, Lmin=-107727.56, Lmax=-107720.85
10:38:58 [ultranest] [DEBUG] iteration=3920, ncalls=7089, regioncalls=269840, ndraw=40, logz=-107740.18, remainder_fraction=99.6601%, Lmin=-107727.49, Lmax=-107720.85
10:38:58 [ultranest] [DEBUG] iteration=3937, ncalls=7115, regioncalls=270880, ndraw=40, logz=-107739.98, remainder_fraction=99.5895%, Lmin=-107727.36, Lmax=-107720.85
10:38:58 [ultranest] [DEBUG] iteration=3951, ncalls=7140, regioncalls=271960, ndraw=40, logz=-107739.83, remainder_fraction=99.5403%, Lmin=-107727.17, Lmax=-107720.85
10:38:58 [ultranest] [DEBUG] iteration=3960, ncalls=7156, regioncalls=272600, ndraw=40, logz=-107739.73, remainder_fraction=99.4944%, Lmin=-107727.09, Lmax=-107720.85
10:38:58 [ultranest] [DEBUG] iteration=3977, ncalls=7181, regioncalls=273600, ndraw=40, logz=-107739.55, remainder_fraction=99.3931%, Lmin=-107726.87, Lmax=-107720.77
10:38:58 [ultranest] [DEBUG] iteration=3991, ncalls=7208, regioncalls=274680, ndraw=40, logz=-107739.40, remainder_fraction=99.3088%, Lmin=-107726.58, Lmax=-107720.77
10:38:58 [ultranest] [DEBUG] iteration=4000, ncalls=7221, regioncalls=275200, ndraw=40, logz=-107739.30, remainder_fraction=99.2429%, Lmin=-107726.50, Lmax=-107720.77
10:38:59 [ultranest] [DEBUG] iteration=4015, ncalls=7247, regioncalls=276240, ndraw=40, logz=-107739.14, remainder_fraction=99.0893%, Lmin=-107726.29, Lmax=-107720.77
10:38:59 [ultranest] [DEBUG] iteration=4027, ncalls=7273, regioncalls=277280, ndraw=40, logz=-107739.01, remainder_fraction=98.9849%, Lmin=-107726.17, Lmax=-107720.77
10:38:59 [ultranest] [DEBUG] iteration=4029, ncalls=7276, regioncalls=277440, ndraw=40, logz=-107738.99, remainder_fraction=98.9770%, Lmin=-107726.15, Lmax=-107720.77
10:38:59 [ultranest] [DEBUG] iteration=4040, ncalls=7296, regioncalls=278240, ndraw=40, logz=-107738.87, remainder_fraction=98.8623%, Lmin=-107726.06, Lmax=-107720.77
10:38:59 [ultranest] [DEBUG] iteration=4057, ncalls=7321, regioncalls=279320, ndraw=40, logz=-107738.71, remainder_fraction=98.6514%, Lmin=-107725.88, Lmax=-107720.77
10:38:59 [ultranest] [DEBUG] iteration=4073, ncalls=7347, regioncalls=280360, ndraw=40, logz=-107738.55, remainder_fraction=98.4082%, Lmin=-107725.68, Lmax=-107720.77
10:38:59 [ultranest] [DEBUG] iteration=4080, ncalls=7359, regioncalls=280840, ndraw=40, logz=-107738.49, remainder_fraction=98.2863%, Lmin=-107725.64, Lmax=-107720.77
10:38:59 [ultranest] [DEBUG] iteration=4099, ncalls=7384, regioncalls=281840, ndraw=40, logz=-107738.32, remainder_fraction=97.9744%, Lmin=-107725.48, Lmax=-107720.77
10:38:59 [ultranest] [DEBUG] iteration=4107, ncalls=7396, regioncalls=282360, ndraw=40, logz=-107738.25, remainder_fraction=97.8257%, Lmin=-107725.35, Lmax=-107720.77
10:38:59 [ultranest] [DEBUG] iteration=4120, ncalls=7415, regioncalls=283200, ndraw=40, logz=-107738.13, remainder_fraction=97.5235%, Lmin=-107725.24, Lmax=-107720.77
10:38:59 [ultranest] [DEBUG] iteration=4137, ncalls=7440, regioncalls=284200, ndraw=40, logz=-107738.00, remainder_fraction=97.1853%, Lmin=-107725.14, Lmax=-107720.77
10:38:59 [ultranest] [DEBUG] iteration=4156, ncalls=7465, regioncalls=285200, ndraw=40, logz=-107737.85, remainder_fraction=96.7092%, Lmin=-107725.01, Lmax=-107720.77
10:38:59 [ultranest] [DEBUG] iteration=4160, ncalls=7471, regioncalls=285440, ndraw=40, logz=-107737.82, remainder_fraction=96.6150%, Lmin=-107725.00, Lmax=-107720.77
10:39:00 [ultranest] [DEBUG] iteration=4177, ncalls=7496, regioncalls=286440, ndraw=40, logz=-107737.70, remainder_fraction=96.1625%, Lmin=-107724.83, Lmax=-107720.77
10:39:00 [ultranest] [DEBUG] iteration=4185, ncalls=7509, regioncalls=287000, ndraw=40, logz=-107737.65, remainder_fraction=95.8947%, Lmin=-107724.79, Lmax=-107720.77
10:39:00 [ultranest] [DEBUG] iteration=4200, ncalls=7531, regioncalls=287920, ndraw=40, logz=-107737.55, remainder_fraction=95.3530%, Lmin=-107724.72, Lmax=-107720.77
10:39:00 [ultranest] [DEBUG] iteration=4219, ncalls=7556, regioncalls=288920, ndraw=40, logz=-107737.43, remainder_fraction=94.7472%, Lmin=-107724.58, Lmax=-107720.77
10:39:00 [ultranest] [DEBUG] iteration=4237, ncalls=7581, regioncalls=289920, ndraw=40, logz=-107737.32, remainder_fraction=94.2072%, Lmin=-107724.45, Lmax=-107720.77
10:39:00 [ultranest] [DEBUG] iteration=4240, ncalls=7586, regioncalls=290120, ndraw=40, logz=-107737.30, remainder_fraction=94.0981%, Lmin=-107724.44, Lmax=-107720.77
10:39:00 [ultranest] [DEBUG] iteration=4256, ncalls=7614, regioncalls=291240, ndraw=40, logz=-107737.21, remainder_fraction=93.5275%, Lmin=-107724.32, Lmax=-107720.77
10:39:00 [ultranest] [DEBUG] iteration=4263, ncalls=7628, regioncalls=291840, ndraw=40, logz=-107737.17, remainder_fraction=93.3197%, Lmin=-107724.27, Lmax=-107720.77
10:39:00 [ultranest] [DEBUG] iteration=4280, ncalls=7649, regioncalls=292680, ndraw=40, logz=-107737.07, remainder_fraction=92.7101%, Lmin=-107724.12, Lmax=-107720.77
10:39:00 [ultranest] [DEBUG] iteration=4294, ncalls=7675, regioncalls=293720, ndraw=40, logz=-107736.99, remainder_fraction=92.1033%, Lmin=-107723.99, Lmax=-107720.77
10:39:00 [ultranest] [DEBUG] iteration=4313, ncalls=7701, regioncalls=294760, ndraw=40, logz=-107736.88, remainder_fraction=91.2248%, Lmin=-107723.86, Lmax=-107720.77
10:39:00 [ultranest] [DEBUG] iteration=4320, ncalls=7711, regioncalls=295160, ndraw=40, logz=-107736.84, remainder_fraction=90.8715%, Lmin=-107723.79, Lmax=-107720.77
10:39:01 [ultranest] [DEBUG] iteration=4337, ncalls=7736, regioncalls=296160, ndraw=40, logz=-107736.75, remainder_fraction=90.1398%, Lmin=-107723.70, Lmax=-107720.77
10:39:01 [ultranest] [DEBUG] iteration=4341, ncalls=7744, regioncalls=296520, ndraw=40, logz=-107736.73, remainder_fraction=89.8632%, Lmin=-107723.64, Lmax=-107720.77
10:39:01 [ultranest] [DEBUG] iteration=4359, ncalls=7770, regioncalls=297680, ndraw=40, logz=-107736.63, remainder_fraction=88.7799%, Lmin=-107723.54, Lmax=-107720.77
10:39:01 [ultranest] [DEBUG] iteration=4360, ncalls=7771, regioncalls=297720, ndraw=40, logz=-107736.63, remainder_fraction=88.7020%, Lmin=-107723.51, Lmax=-107720.77
10:39:01 [ultranest] [DEBUG] iteration=4378, ncalls=7796, regioncalls=298720, ndraw=40, logz=-107736.53, remainder_fraction=87.7937%, Lmin=-107723.43, Lmax=-107720.77
10:39:01 [ultranest] [DEBUG] iteration=4399, ncalls=7821, regioncalls=299720, ndraw=40, logz=-107736.43, remainder_fraction=86.3614%, Lmin=-107723.31, Lmax=-107720.77
10:39:01 [ultranest] [DEBUG] iteration=4400, ncalls=7822, regioncalls=299760, ndraw=40, logz=-107736.42, remainder_fraction=86.2776%, Lmin=-107723.31, Lmax=-107720.77
10:39:01 [ultranest] [DEBUG] iteration=4417, ncalls=7847, regioncalls=300760, ndraw=40, logz=-107736.34, remainder_fraction=85.1816%, Lmin=-107723.19, Lmax=-107720.77
10:39:01 [ultranest] [DEBUG] iteration=4419, ncalls=7853, regioncalls=301040, ndraw=40, logz=-107736.34, remainder_fraction=85.0298%, Lmin=-107723.18, Lmax=-107720.77
10:39:01 [ultranest] [DEBUG] iteration=4433, ncalls=7879, regioncalls=302080, ndraw=40, logz=-107736.27, remainder_fraction=84.1153%, Lmin=-107723.11, Lmax=-107720.77
10:39:01 [ultranest] [DEBUG] iteration=4440, ncalls=7889, regioncalls=302480, ndraw=40, logz=-107736.24, remainder_fraction=83.5963%, Lmin=-107723.07, Lmax=-107720.77
10:39:01 [ultranest] [DEBUG] iteration=4457, ncalls=7914, regioncalls=303480, ndraw=40, logz=-107736.16, remainder_fraction=82.4893%, Lmin=-107723.00, Lmax=-107720.77
10:39:01 [ultranest] [DEBUG] iteration=4480, ncalls=7938, regioncalls=304440, ndraw=40, logz=-107736.07, remainder_fraction=80.3540%, Lmin=-107722.90, Lmax=-107720.77
10:39:01 [ultranest] [DEBUG] iteration=4497, ncalls=7961, regioncalls=305480, ndraw=40, logz=-107736.00, remainder_fraction=79.1481%, Lmin=-107722.81, Lmax=-107720.77
10:39:02 [ultranest] [DEBUG] iteration=4516, ncalls=7988, regioncalls=306560, ndraw=40, logz=-107735.93, remainder_fraction=77.6211%, Lmin=-107722.74, Lmax=-107720.77
10:39:02 [ultranest] [DEBUG] iteration=4520, ncalls=7994, regioncalls=306800, ndraw=40, logz=-107735.91, remainder_fraction=77.2055%, Lmin=-107722.73, Lmax=-107720.77
10:39:02 [ultranest] [DEBUG] iteration=4536, ncalls=8020, regioncalls=307840, ndraw=40, logz=-107735.86, remainder_fraction=75.6158%, Lmin=-107722.63, Lmax=-107720.77
10:39:02 [ultranest] [DEBUG] iteration=4554, ncalls=8045, regioncalls=308840, ndraw=40, logz=-107735.79, remainder_fraction=73.9236%, Lmin=-107722.56, Lmax=-107720.77
10:39:02 [ultranest] [DEBUG] iteration=4560, ncalls=8057, regioncalls=309320, ndraw=40, logz=-107735.77, remainder_fraction=73.4334%, Lmin=-107722.55, Lmax=-107720.77
10:39:02 [ultranest] [DEBUG] iteration=4575, ncalls=8083, regioncalls=310400, ndraw=40, logz=-107735.72, remainder_fraction=71.9653%, Lmin=-107722.50, Lmax=-107720.77
10:39:02 [ultranest] [DEBUG] iteration=4595, ncalls=8107, regioncalls=311360, ndraw=40, logz=-107735.66, remainder_fraction=69.8935%, Lmin=-107722.43, Lmax=-107720.77
10:39:02 [ultranest] [DEBUG] iteration=4600, ncalls=8115, regioncalls=311680, ndraw=40, logz=-107735.64, remainder_fraction=69.4227%, Lmin=-107722.42, Lmax=-107720.77
10:39:02 [ultranest] [DEBUG] iteration=4614, ncalls=8141, regioncalls=312760, ndraw=40, logz=-107735.60, remainder_fraction=68.0841%, Lmin=-107722.37, Lmax=-107720.77
10:39:02 [ultranest] [DEBUG] iteration=4630, ncalls=8166, regioncalls=313760, ndraw=40, logz=-107735.56, remainder_fraction=66.6294%, Lmin=-107722.35, Lmax=-107720.77
10:39:02 [ultranest] [DEBUG] iteration=4640, ncalls=8178, regioncalls=314240, ndraw=40, logz=-107735.53, remainder_fraction=65.8617%, Lmin=-107722.32, Lmax=-107720.77
10:39:02 [ultranest] [DEBUG] iteration=4653, ncalls=8197, regioncalls=315080, ndraw=40, logz=-107735.50, remainder_fraction=64.7969%, Lmin=-107722.28, Lmax=-107720.77
10:39:03 [ultranest] [DEBUG] iteration=4671, ncalls=8222, regioncalls=316080, ndraw=40, logz=-107735.45, remainder_fraction=63.0943%, Lmin=-107722.21, Lmax=-107720.77
10:39:03 [ultranest] [DEBUG] iteration=4680, ncalls=8232, regioncalls=316480, ndraw=40, logz=-107735.43, remainder_fraction=62.2626%, Lmin=-107722.19, Lmax=-107720.77
10:39:03 [ultranest] [DEBUG] iteration=4697, ncalls=8258, regioncalls=317520, ndraw=40, logz=-107735.39, remainder_fraction=60.7441%, Lmin=-107722.14, Lmax=-107720.77
10:39:03 [ultranest] [DEBUG] iteration=4713, ncalls=8283, regioncalls=318520, ndraw=40, logz=-107735.35, remainder_fraction=59.3246%, Lmin=-107722.10, Lmax=-107720.77
10:39:03 [ultranest] [DEBUG] iteration=4720, ncalls=8294, regioncalls=318960, ndraw=40, logz=-107735.34, remainder_fraction=58.7518%, Lmin=-107722.08, Lmax=-107720.77
10:39:03 [ultranest] [DEBUG] iteration=4731, ncalls=8317, regioncalls=319960, ndraw=40, logz=-107735.31, remainder_fraction=57.6259%, Lmin=-107722.06, Lmax=-107720.77
10:39:03 [ultranest] [DEBUG] iteration=4751, ncalls=8341, regioncalls=320920, ndraw=40, logz=-107735.27, remainder_fraction=55.6747%, Lmin=-107721.99, Lmax=-107720.77
10:39:03 [ultranest] [DEBUG] iteration=4760, ncalls=8353, regioncalls=321400, ndraw=40, logz=-107735.25, remainder_fraction=54.9358%, Lmin=-107721.97, Lmax=-107720.77
10:39:03 [ultranest] [DEBUG] iteration=4780, ncalls=8378, regioncalls=322400, ndraw=40, logz=-107735.21, remainder_fraction=52.9675%, Lmin=-107721.92, Lmax=-107720.77
10:39:03 [ultranest] [DEBUG] iteration=4794, ncalls=8405, regioncalls=323480, ndraw=40, logz=-107735.19, remainder_fraction=51.6002%, Lmin=-107721.88, Lmax=-107720.77
10:39:03 [ultranest] [DEBUG] iteration=4800, ncalls=8413, regioncalls=323800, ndraw=40, logz=-107735.17, remainder_fraction=51.0613%, Lmin=-107721.86, Lmax=-107720.77
10:39:03 [ultranest] [DEBUG] iteration=4809, ncalls=8428, regioncalls=324440, ndraw=40, logz=-107735.16, remainder_fraction=50.2246%, Lmin=-107721.84, Lmax=-107720.77
10:39:04 [ultranest] [DEBUG] iteration=4827, ncalls=8453, regioncalls=325600, ndraw=40, logz=-107735.13, remainder_fraction=48.5567%, Lmin=-107721.81, Lmax=-107720.77
10:39:04 [ultranest] [DEBUG] iteration=4840, ncalls=8468, regioncalls=326200, ndraw=40, logz=-107735.10, remainder_fraction=47.3631%, Lmin=-107721.79, Lmax=-107720.77
10:39:04 [ultranest] [DEBUG] iteration=4858, ncalls=8494, regioncalls=327240, ndraw=40, logz=-107735.07, remainder_fraction=46.0401%, Lmin=-107721.76, Lmax=-107720.77
10:39:04 [ultranest] [DEBUG] iteration=4873, ncalls=8519, regioncalls=328240, ndraw=40, logz=-107735.05, remainder_fraction=44.7857%, Lmin=-107721.73, Lmax=-107720.77
10:39:04 [ultranest] [DEBUG] iteration=4880, ncalls=8527, regioncalls=328560, ndraw=40, logz=-107735.04, remainder_fraction=44.2467%, Lmin=-107721.72, Lmax=-107720.77
10:39:04 [ultranest] [DEBUG] iteration=4887, ncalls=8544, regioncalls=329280, ndraw=40, logz=-107735.03, remainder_fraction=43.6677%, Lmin=-107721.71, Lmax=-107720.77
10:39:04 [ultranest] [DEBUG] iteration=4902, ncalls=8569, regioncalls=330280, ndraw=40, logz=-107735.01, remainder_fraction=42.4551%, Lmin=-107721.68, Lmax=-107720.77
10:39:04 [ultranest] [DEBUG] iteration=4920, ncalls=8594, regioncalls=331280, ndraw=40, logz=-107734.98, remainder_fraction=41.0250%, Lmin=-107721.66, Lmax=-107720.77
10:39:04 [ultranest] [DEBUG] iteration=4935, ncalls=8619, regioncalls=332280, ndraw=40, logz=-107734.96, remainder_fraction=39.7625%, Lmin=-107721.63, Lmax=-107720.77
10:39:04 [ultranest] [DEBUG] iteration=4953, ncalls=8642, regioncalls=333200, ndraw=40, logz=-107734.94, remainder_fraction=38.3609%, Lmin=-107721.60, Lmax=-107720.77
10:39:04 [ultranest] [DEBUG] iteration=4960, ncalls=8652, regioncalls=333600, ndraw=40, logz=-107734.93, remainder_fraction=37.8748%, Lmin=-107721.59, Lmax=-107720.77
10:39:04 [ultranest] [DEBUG] iteration=4965, ncalls=8659, regioncalls=333920, ndraw=40, logz=-107734.93, remainder_fraction=37.5353%, Lmin=-107721.58, Lmax=-107720.77
10:39:04 [ultranest] [DEBUG] iteration=4977, ncalls=8684, regioncalls=334960, ndraw=40, logz=-107734.91, remainder_fraction=36.5353%, Lmin=-107721.55, Lmax=-107720.77
10:39:05 [ultranest] [DEBUG] iteration=4992, ncalls=8708, regioncalls=335920, ndraw=40, logz=-107734.90, remainder_fraction=35.4403%, Lmin=-107721.53, Lmax=-107720.77
10:39:05 [ultranest] [DEBUG] iteration=5000, ncalls=8721, regioncalls=336440, ndraw=40, logz=-107734.89, remainder_fraction=34.7733%, Lmin=-107721.52, Lmax=-107720.77
10:39:05 [ultranest] [DEBUG] iteration=5014, ncalls=8745, regioncalls=337400, ndraw=40, logz=-107734.87, remainder_fraction=33.7246%, Lmin=-107721.49, Lmax=-107720.77
10:39:05 [ultranest] [DEBUG] iteration=5029, ncalls=8772, regioncalls=338480, ndraw=40, logz=-107734.86, remainder_fraction=32.6528%, Lmin=-107721.47, Lmax=-107720.77
10:39:05 [ultranest] [DEBUG] iteration=5040, ncalls=8796, regioncalls=339440, ndraw=40, logz=-107734.84, remainder_fraction=31.9459%, Lmin=-107721.46, Lmax=-107720.77
10:39:05 [ultranest] [DEBUG] iteration=5043, ncalls=8800, regioncalls=339640, ndraw=40, logz=-107734.84, remainder_fraction=31.7363%, Lmin=-107721.46, Lmax=-107720.77
10:39:05 [ultranest] [DEBUG] iteration=5060, ncalls=8824, regioncalls=340640, ndraw=40, logz=-107734.82, remainder_fraction=30.5496%, Lmin=-107721.44, Lmax=-107720.77
10:39:05 [ultranest] [DEBUG] iteration=5077, ncalls=8848, regioncalls=341600, ndraw=40, logz=-107734.81, remainder_fraction=29.4247%, Lmin=-107721.42, Lmax=-107720.77
10:39:05 [ultranest] [DEBUG] iteration=5080, ncalls=8852, regioncalls=341760, ndraw=40, logz=-107734.81, remainder_fraction=29.2427%, Lmin=-107721.41, Lmax=-107720.77
10:39:05 [ultranest] [DEBUG] iteration=5097, ncalls=8875, regioncalls=342680, ndraw=40, logz=-107734.79, remainder_fraction=28.1696%, Lmin=-107721.40, Lmax=-107720.77
10:39:05 [ultranest] [DEBUG] iteration=5112, ncalls=8901, regioncalls=343720, ndraw=40, logz=-107734.78, remainder_fraction=27.2135%, Lmin=-107721.39, Lmax=-107720.77
10:39:05 [ultranest] [DEBUG] iteration=5120, ncalls=8911, regioncalls=344120, ndraw=40, logz=-107734.77, remainder_fraction=26.6833%, Lmin=-107721.38, Lmax=-107720.77
10:39:06 [ultranest] [DEBUG] iteration=5136, ncalls=8934, regioncalls=345040, ndraw=40, logz=-107734.76, remainder_fraction=25.7943%, Lmin=-107721.37, Lmax=-107720.77
10:39:06 [ultranest] [DEBUG] iteration=5153, ncalls=8958, regioncalls=346000, ndraw=40, logz=-107734.75, remainder_fraction=24.8451%, Lmin=-107721.35, Lmax=-107720.77
10:39:06 [ultranest] [DEBUG] iteration=5160, ncalls=8970, regioncalls=346480, ndraw=40, logz=-107734.74, remainder_fraction=24.5100%, Lmin=-107721.35, Lmax=-107720.77
10:39:06 [ultranest] [DEBUG] iteration=5172, ncalls=8995, regioncalls=347480, ndraw=40, logz=-107734.73, remainder_fraction=23.8430%, Lmin=-107721.33, Lmax=-107720.77
10:39:06 [ultranest] [DEBUG] iteration=5182, ncalls=9020, regioncalls=348480, ndraw=40, logz=-107734.73, remainder_fraction=23.3389%, Lmin=-107721.32, Lmax=-107720.77
10:39:06 [ultranest] [DEBUG] iteration=5195, ncalls=9045, regioncalls=349480, ndraw=40, logz=-107734.72, remainder_fraction=22.6373%, Lmin=-107721.31, Lmax=-107720.77
10:39:06 [ultranest] [DEBUG] iteration=5199, ncalls=9050, regioncalls=349720, ndraw=40, logz=-107734.71, remainder_fraction=22.4173%, Lmin=-107721.30, Lmax=-107720.77
10:39:06 [ultranest] [DEBUG] iteration=5200, ncalls=9051, regioncalls=349760, ndraw=40, logz=-107734.71, remainder_fraction=22.3771%, Lmin=-107721.30, Lmax=-107720.77
10:39:06 [ultranest] [DEBUG] iteration=5217, ncalls=9075, regioncalls=350760, ndraw=40, logz=-107734.70, remainder_fraction=21.5010%, Lmin=-107721.28, Lmax=-107720.77
10:39:06 [ultranest] [DEBUG] iteration=5234, ncalls=9098, regioncalls=351680, ndraw=40, logz=-107734.69, remainder_fraction=20.7123%, Lmin=-107721.26, Lmax=-107720.77
10:39:06 [ultranest] [DEBUG] iteration=5240, ncalls=9107, regioncalls=352040, ndraw=40, logz=-107734.69, remainder_fraction=20.4641%, Lmin=-107721.25, Lmax=-107720.77
10:39:06 [ultranest] [DEBUG] iteration=5257, ncalls=9131, regioncalls=353000, ndraw=40, logz=-107734.68, remainder_fraction=19.6038%, Lmin=-107721.23, Lmax=-107720.77
10:39:07 [ultranest] [DEBUG] iteration=5270, ncalls=9158, regioncalls=354080, ndraw=40, logz=-107734.67, remainder_fraction=18.9863%, Lmin=-107721.22, Lmax=-107720.77
10:39:07 [ultranest] [DEBUG] iteration=5277, ncalls=9165, regioncalls=354400, ndraw=40, logz=-107734.67, remainder_fraction=18.6830%, Lmin=-107721.22, Lmax=-107720.77
10:39:07 [ultranest] [DEBUG] iteration=5280, ncalls=9168, regioncalls=354520, ndraw=40, logz=-107734.67, remainder_fraction=18.5556%, Lmin=-107721.21, Lmax=-107720.77
10:39:07 [ultranest] [DEBUG] iteration=5298, ncalls=9192, regioncalls=355640, ndraw=40, logz=-107734.66, remainder_fraction=17.8055%, Lmin=-107721.20, Lmax=-107720.77
10:39:07 [ultranest] [DEBUG] iteration=5315, ncalls=9217, regioncalls=356640, ndraw=40, logz=-107734.65, remainder_fraction=17.0952%, Lmin=-107721.18, Lmax=-107720.77
10:39:07 [ultranest] [DEBUG] iteration=5320, ncalls=9222, regioncalls=356840, ndraw=40, logz=-107734.65, remainder_fraction=16.8944%, Lmin=-107721.18, Lmax=-107720.77
10:39:07 [ultranest] [DEBUG] iteration=5337, ncalls=9246, regioncalls=357800, ndraw=40, logz=-107734.64, remainder_fraction=16.2337%, Lmin=-107721.16, Lmax=-107720.77
10:39:07 [ultranest] [DEBUG] iteration=5355, ncalls=9271, regioncalls=358840, ndraw=40, logz=-107734.63, remainder_fraction=15.5540%, Lmin=-107721.15, Lmax=-107720.77
10:39:07 [ultranest] [DEBUG] iteration=5360, ncalls=9278, regioncalls=359120, ndraw=40, logz=-107734.63, remainder_fraction=15.3672%, Lmin=-107721.15, Lmax=-107720.77
10:39:07 [ultranest] [DEBUG] iteration=5377, ncalls=9302, regioncalls=360120, ndraw=40, logz=-107734.62, remainder_fraction=14.7623%, Lmin=-107721.14, Lmax=-107720.77
10:39:07 [ultranest] [DEBUG] iteration=5393, ncalls=9326, regioncalls=361240, ndraw=40, logz=-107734.61, remainder_fraction=14.1924%, Lmin=-107721.13, Lmax=-107720.77
10:39:07 [ultranest] [DEBUG] iteration=5400, ncalls=9337, regioncalls=361680, ndraw=40, logz=-107734.61, remainder_fraction=13.9549%, Lmin=-107721.13, Lmax=-107720.77
10:39:07 [ultranest] [DEBUG] iteration=5417, ncalls=9361, regioncalls=362640, ndraw=40, logz=-107734.60, remainder_fraction=13.3856%, Lmin=-107721.11, Lmax=-107720.77
10:39:08 [ultranest] [DEBUG] iteration=5429, ncalls=9387, regioncalls=363680, ndraw=40, logz=-107734.60, remainder_fraction=12.9917%, Lmin=-107721.10, Lmax=-107720.77
10:39:08 [ultranest] [DEBUG] iteration=5440, ncalls=9404, regioncalls=364360, ndraw=40, logz=-107734.60, remainder_fraction=12.6399%, Lmin=-107721.10, Lmax=-107720.77
10:39:08 [ultranest] [DEBUG] iteration=5455, ncalls=9429, regioncalls=365360, ndraw=40, logz=-107734.59, remainder_fraction=12.1738%, Lmin=-107721.09, Lmax=-107720.77
10:39:08 [ultranest] [DEBUG] iteration=5470, ncalls=9454, regioncalls=366360, ndraw=40, logz=-107734.58, remainder_fraction=11.7207%, Lmin=-107721.08, Lmax=-107720.77
10:39:08 [ultranest] [DEBUG] iteration=5480, ncalls=9472, regioncalls=367080, ndraw=40, logz=-107734.58, remainder_fraction=11.4159%, Lmin=-107721.07, Lmax=-107720.77
10:39:08 [ultranest] [DEBUG] iteration=5496, ncalls=9496, regioncalls=368040, ndraw=40, logz=-107734.58, remainder_fraction=10.9592%, Lmin=-107721.06, Lmax=-107720.77
10:39:08 [ultranest] [DEBUG] iteration=5508, ncalls=9521, regioncalls=369040, ndraw=40, logz=-107734.57, remainder_fraction=10.6210%, Lmin=-107721.05, Lmax=-107720.77
10:39:08 [ultranest] [DEBUG] iteration=5511, ncalls=9529, regioncalls=369400, ndraw=40, logz=-107734.57, remainder_fraction=10.5396%, Lmin=-107721.05, Lmax=-107720.77
10:39:08 [ultranest] [DEBUG] iteration=5520, ncalls=9542, regioncalls=369920, ndraw=40, logz=-107734.57, remainder_fraction=10.3094%, Lmin=-107721.04, Lmax=-107720.77
10:39:08 [ultranest] [DEBUG] iteration=5540, ncalls=9566, regioncalls=370880, ndraw=40, logz=-107734.56, remainder_fraction=9.7947%, Lmin=-107721.03, Lmax=-107720.77
10:39:08 [ultranest] [DEBUG] iteration=5556, ncalls=9593, regioncalls=371960, ndraw=40, logz=-107734.56, remainder_fraction=9.4007%, Lmin=-107721.02, Lmax=-107720.77
10:39:08 [ultranest] [DEBUG] iteration=5560, ncalls=9601, regioncalls=372280, ndraw=40, logz=-107734.56, remainder_fraction=9.3100%, Lmin=-107721.02, Lmax=-107720.77
10:39:09 [ultranest] [DEBUG] iteration=5575, ncalls=9626, regioncalls=373280, ndraw=40, logz=-107734.55, remainder_fraction=8.9518%, Lmin=-107721.01, Lmax=-107720.77
10:39:09 [ultranest] [DEBUG] iteration=5589, ncalls=9644, regioncalls=374040, ndraw=40, logz=-107734.55, remainder_fraction=8.6262%, Lmin=-107721.00, Lmax=-107720.77
10:39:09 [ultranest] [DEBUG] iteration=5600, ncalls=9656, regioncalls=374520, ndraw=40, logz=-107734.55, remainder_fraction=8.3939%, Lmin=-107720.99, Lmax=-107720.77
10:39:09 [ultranest] [DEBUG] iteration=5620, ncalls=9680, regioncalls=375480, ndraw=40, logz=-107734.54, remainder_fraction=7.9659%, Lmin=-107720.98, Lmax=-107720.77
10:39:09 [ultranest] [DEBUG] iteration=5637, ncalls=9705, regioncalls=376480, ndraw=40, logz=-107734.54, remainder_fraction=7.6258%, Lmin=-107720.97, Lmax=-107720.77
10:39:09 [ultranest] [DEBUG] iteration=5640, ncalls=9709, regioncalls=376680, ndraw=40, logz=-107734.54, remainder_fraction=7.5641%, Lmin=-107720.97, Lmax=-107720.77
10:39:09 [ultranest] [DEBUG] iteration=5654, ncalls=9734, regioncalls=377800, ndraw=40, logz=-107734.54, remainder_fraction=7.2925%, Lmin=-107720.96, Lmax=-107720.77
10:39:09 [ultranest] [DEBUG] iteration=5669, ncalls=9756, regioncalls=378720, ndraw=40, logz=-107734.53, remainder_fraction=7.0041%, Lmin=-107720.96, Lmax=-107720.77
10:39:09 [ultranest] [DEBUG] iteration=5680, ncalls=9778, regioncalls=379600, ndraw=40, logz=-107734.53, remainder_fraction=6.8044%, Lmin=-107720.96, Lmax=-107720.77
10:39:09 [ultranest] [DEBUG] iteration=5696, ncalls=9802, regioncalls=380560, ndraw=40, logz=-107734.53, remainder_fraction=6.5214%, Lmin=-107720.95, Lmax=-107720.77
10:39:09 [ultranest] [DEBUG] iteration=5714, ncalls=9831, regioncalls=381720, ndraw=40, logz=-107734.52, remainder_fraction=6.2193%, Lmin=-107720.95, Lmax=-107720.77
10:39:09 [ultranest] [DEBUG] iteration=5720, ncalls=9840, regioncalls=382080, ndraw=40, logz=-107734.52, remainder_fraction=6.1204%, Lmin=-107720.94, Lmax=-107720.77
10:39:10 [ultranest] [DEBUG] iteration=5734, ncalls=9867, regioncalls=383160, ndraw=40, logz=-107734.52, remainder_fraction=5.8933%, Lmin=-107720.94, Lmax=-107720.77
10:39:10 [ultranest] [DEBUG] iteration=5743, ncalls=9893, regioncalls=384200, ndraw=40, logz=-107734.52, remainder_fraction=5.7534%, Lmin=-107720.94, Lmax=-107720.77
10:39:10 [ultranest] [DEBUG] iteration=5745, ncalls=9899, regioncalls=384520, ndraw=40, logz=-107734.52, remainder_fraction=5.7244%, Lmin=-107720.94, Lmax=-107720.77
10:39:10 [ultranest] [DEBUG] iteration=5758, ncalls=9924, regioncalls=385560, ndraw=40, logz=-107734.52, remainder_fraction=5.5286%, Lmin=-107720.93, Lmax=-107720.77
10:39:10 [ultranest] [DEBUG] iteration=5760, ncalls=9926, regioncalls=385640, ndraw=40, logz=-107734.52, remainder_fraction=5.5001%, Lmin=-107720.93, Lmax=-107720.77
10:39:10 [ultranest] [DEBUG] iteration=5778, ncalls=9952, regioncalls=386680, ndraw=40, logz=-107734.51, remainder_fraction=5.2423%, Lmin=-107720.93, Lmax=-107720.77
10:39:10 [ultranest] [DEBUG] iteration=5793, ncalls=9976, regioncalls=387640, ndraw=40, logz=-107734.51, remainder_fraction=5.0371%, Lmin=-107720.92, Lmax=-107720.77
10:39:10 [ultranest] [DEBUG] iteration=5800, ncalls=9993, regioncalls=388320, ndraw=40, logz=-107734.51, remainder_fraction=4.9457%, Lmin=-107720.92, Lmax=-107720.77
10:39:10 [ultranest] [DEBUG] iteration=5820, ncalls=10017, regioncalls=389280, ndraw=40, logz=-107734.51, remainder_fraction=4.6877%, Lmin=-107720.92, Lmax=-107720.77
10:39:10 [ultranest] [DEBUG] iteration=5834, ncalls=10040, regioncalls=390200, ndraw=40, logz=-107734.51, remainder_fraction=4.5134%, Lmin=-107720.91, Lmax=-107720.77
10:39:10 [ultranest] [DEBUG] iteration=5840, ncalls=10050, regioncalls=390600, ndraw=40, logz=-107734.51, remainder_fraction=4.4429%, Lmin=-107720.91, Lmax=-107720.77
10:39:10 [ultranest] [DEBUG] iteration=5855, ncalls=10075, regioncalls=391600, ndraw=40, logz=-107734.50, remainder_fraction=4.2652%, Lmin=-107720.91, Lmax=-107720.77
10:39:11 [ultranest] [DEBUG] iteration=5866, ncalls=10102, regioncalls=392680, ndraw=40, logz=-107734.50, remainder_fraction=4.1374%, Lmin=-107720.90, Lmax=-107720.77
10:39:11 [ultranest] [DEBUG] iteration=5880, ncalls=10128, regioncalls=393720, ndraw=40, logz=-107734.50, remainder_fraction=3.9851%, Lmin=-107720.90, Lmax=-107720.76
10:39:11 [ultranest] [DEBUG] iteration=5890, ncalls=10154, regioncalls=394760, ndraw=40, logz=-107734.50, remainder_fraction=3.8782%, Lmin=-107720.90, Lmax=-107720.76
10:39:11 [ultranest] [DEBUG] iteration=5901, ncalls=10178, regioncalls=395760, ndraw=40, logz=-107734.50, remainder_fraction=3.7650%, Lmin=-107720.89, Lmax=-107720.76
10:39:11 [ultranest] [DEBUG] iteration=5917, ncalls=10202, regioncalls=396720, ndraw=40, logz=-107734.50, remainder_fraction=3.6062%, Lmin=-107720.89, Lmax=-107720.76
10:39:11 [ultranest] [DEBUG] iteration=5920, ncalls=10207, regioncalls=396920, ndraw=40, logz=-107734.50, remainder_fraction=3.5763%, Lmin=-107720.89, Lmax=-107720.76
10:39:11 [ultranest] [DEBUG] iteration=5935, ncalls=10232, regioncalls=397920, ndraw=40, logz=-107734.49, remainder_fraction=3.4338%, Lmin=-107720.89, Lmax=-107720.76
10:39:11 [ultranest] [DEBUG] iteration=5954, ncalls=10256, regioncalls=398880, ndraw=40, logz=-107734.49, remainder_fraction=3.2580%, Lmin=-107720.88, Lmax=-107720.76
10:39:11 [ultranest] [DEBUG] iteration=5960, ncalls=10266, regioncalls=399280, ndraw=40, logz=-107734.49, remainder_fraction=3.2062%, Lmin=-107720.88, Lmax=-107720.76
10:39:11 [ultranest] [DEBUG] iteration=5974, ncalls=10290, regioncalls=400240, ndraw=40, logz=-107734.49, remainder_fraction=3.0853%, Lmin=-107720.88, Lmax=-107720.76
10:39:11 [ultranest] [DEBUG] iteration=5979, ncalls=10298, regioncalls=400600, ndraw=40, logz=-107734.49, remainder_fraction=3.0433%, Lmin=-107720.88, Lmax=-107720.76
10:39:11 [ultranest] [DEBUG] iteration=5995, ncalls=10323, regioncalls=401640, ndraw=40, logz=-107734.49, remainder_fraction=2.9134%, Lmin=-107720.87, Lmax=-107720.76
10:39:12 [ultranest] [DEBUG] iteration=6000, ncalls=10334, regioncalls=402080, ndraw=40, logz=-107734.49, remainder_fraction=2.8748%, Lmin=-107720.87, Lmax=-107720.76
10:39:12 [ultranest] [DEBUG] iteration=6016, ncalls=10358, regioncalls=403040, ndraw=40, logz=-107734.49, remainder_fraction=2.7519%, Lmin=-107720.87, Lmax=-107720.76
10:39:12 [ultranest] [DEBUG] iteration=6033, ncalls=10383, regioncalls=404040, ndraw=40, logz=-107734.49, remainder_fraction=2.6270%, Lmin=-107720.87, Lmax=-107720.76
10:39:12 [ultranest] [DEBUG] iteration=6040, ncalls=10393, regioncalls=404440, ndraw=40, logz=-107734.49, remainder_fraction=2.5766%, Lmin=-107720.86, Lmax=-107720.76
10:39:12 [ultranest] [DEBUG] iteration=6054, ncalls=10420, regioncalls=405520, ndraw=40, logz=-107734.49, remainder_fraction=2.4788%, Lmin=-107720.86, Lmax=-107720.76
10:39:12 [ultranest] [DEBUG] iteration=6057, ncalls=10424, regioncalls=405720, ndraw=40, logz=-107734.48, remainder_fraction=2.4582%, Lmin=-107720.86, Lmax=-107720.76
10:39:12 [ultranest] [DEBUG] iteration=6076, ncalls=10447, regioncalls=406640, ndraw=40, logz=-107734.48, remainder_fraction=2.3312%, Lmin=-107720.86, Lmax=-107720.76
10:39:12 [ultranest] [DEBUG] iteration=6080, ncalls=10451, regioncalls=406800, ndraw=40, logz=-107734.48, remainder_fraction=2.3054%, Lmin=-107720.86, Lmax=-107720.76
10:39:12 [ultranest] [DEBUG] iteration=6093, ncalls=10476, regioncalls=407880, ndraw=40, logz=-107734.48, remainder_fraction=2.2238%, Lmin=-107720.86, Lmax=-107720.76
10:39:12 [ultranest] [DEBUG] iteration=6107, ncalls=10501, regioncalls=408880, ndraw=40, logz=-107734.48, remainder_fraction=2.1407%, Lmin=-107720.85, Lmax=-107720.76
10:39:12 [ultranest] [DEBUG] iteration=6120, ncalls=10526, regioncalls=409880, ndraw=40, logz=-107734.48, remainder_fraction=2.0652%, Lmin=-107720.85, Lmax=-107720.76
10:39:12 [ultranest] [DEBUG] iteration=6135, ncalls=10547, regioncalls=410760, ndraw=40, logz=-107734.48, remainder_fraction=1.9811%, Lmin=-107720.85, Lmax=-107720.76
10:39:13 [ultranest] [DEBUG] iteration=6151, ncalls=10572, regioncalls=411760, ndraw=40, logz=-107734.48, remainder_fraction=1.8956%, Lmin=-107720.85, Lmax=-107720.76
10:39:13 [ultranest] [DEBUG] iteration=6160, ncalls=10585, regioncalls=412280, ndraw=40, logz=-107734.48, remainder_fraction=1.8485%, Lmin=-107720.85, Lmax=-107720.76
10:39:13 [ultranest] [DEBUG] iteration=6179, ncalls=10610, regioncalls=413280, ndraw=40, logz=-107734.48, remainder_fraction=1.7540%, Lmin=-107720.84, Lmax=-107720.76
10:39:13 [ultranest] [DEBUG] iteration=6196, ncalls=10634, regioncalls=414240, ndraw=40, logz=-107734.48, remainder_fraction=1.6740%, Lmin=-107720.84, Lmax=-107720.76
10:39:13 [ultranest] [DEBUG] iteration=6200, ncalls=10641, regioncalls=414520, ndraw=40, logz=-107734.48, remainder_fraction=1.6556%, Lmin=-107720.84, Lmax=-107720.76
10:39:13 [ultranest] [DEBUG] iteration=6213, ncalls=10661, regioncalls=415360, ndraw=40, logz=-107734.48, remainder_fraction=1.5967%, Lmin=-107720.84, Lmax=-107720.76
10:39:13 [ultranest] [DEBUG] iteration=6230, ncalls=10685, regioncalls=416320, ndraw=40, logz=-107734.48, remainder_fraction=1.5230%, Lmin=-107720.83, Lmax=-107720.76
10:39:13 [ultranest] [DEBUG] iteration=6240, ncalls=10699, regioncalls=416880, ndraw=40, logz=-107734.47, remainder_fraction=1.4815%, Lmin=-107720.83, Lmax=-107720.76
10:39:13 [ultranest] [DEBUG] iteration=6257, ncalls=10724, regioncalls=417880, ndraw=40, logz=-107734.47, remainder_fraction=1.4133%, Lmin=-107720.83, Lmax=-107720.76
10:39:13 [ultranest] [DEBUG] iteration=6271, ncalls=10749, regioncalls=418880, ndraw=40, logz=-107734.47, remainder_fraction=1.3597%, Lmin=-107720.83, Lmax=-107720.76
10:39:13 [ultranest] [DEBUG] iteration=6280, ncalls=10768, regioncalls=419640, ndraw=40, logz=-107734.47, remainder_fraction=1.3259%, Lmin=-107720.83, Lmax=-107720.76
10:39:13 [ultranest] [DEBUG] iteration=6291, ncalls=10790, regioncalls=420560, ndraw=40, logz=-107734.47, remainder_fraction=1.2858%, Lmin=-107720.82, Lmax=-107720.76
10:39:14 [ultranest] [DEBUG] iteration=6305, ncalls=10815, regioncalls=421600, ndraw=40, logz=-107734.47, remainder_fraction=1.2364%, Lmin=-107720.82, Lmax=-107720.76
10:39:14 [ultranest] [DEBUG] iteration=6316, ncalls=10840, regioncalls=422600, ndraw=40, logz=-107734.47, remainder_fraction=1.1993%, Lmin=-107720.82, Lmax=-107720.76
10:39:14 [ultranest] [DEBUG] iteration=6320, ncalls=10846, regioncalls=422840, ndraw=40, logz=-107734.47, remainder_fraction=1.1859%, Lmin=-107720.82, Lmax=-107720.76
10:39:14 [ultranest] [DEBUG] iteration=6339, ncalls=10870, regioncalls=423800, ndraw=40, logz=-107734.47, remainder_fraction=1.1245%, Lmin=-107720.82, Lmax=-107720.76
10:39:14 [ultranest] [DEBUG] iteration=6356, ncalls=10894, regioncalls=424760, ndraw=40, logz=-107734.47, remainder_fraction=1.0725%, Lmin=-107720.82, Lmax=-107720.76
10:39:14 [ultranest] [DEBUG] iteration=6360, ncalls=10902, regioncalls=425080, ndraw=40, logz=-107734.47, remainder_fraction=1.0605%, Lmin=-107720.82, Lmax=-107720.76
10:39:14 [ultranest] [DEBUG] iteration=6369, ncalls=10915, regioncalls=425640, ndraw=40, logz=-107734.47, remainder_fraction=1.0341%, Lmin=-107720.82, Lmax=-107720.76
10:39:14 [ultranest] [INFO] Explored until L=-1e+05  
10:39:14 [ultranest] [INFO] Likelihood function evaluations: 10932
10:39:16 [ultranest] [INFO] Writing samples and results to disk ...
10:39:16 [ultranest] [INFO] Writing samples and results to disk ... done
10:39:16 [ultranest] [DEBUG] did a run_iter pass!
10:39:16 [ultranest] [INFO]   logZ = -1.077e+05 +- 0.15
10:39:16 [ultranest] [INFO] Effective samples strategy satisfied (ESS = 1576.0, need >400)
10:39:16 [ultranest] [INFO] Posterior uncertainty strategy is satisfied (KL: 0.47+-0.14 nat, need <0.50 nat)
10:39:16 [ultranest] [INFO] Evidency uncertainty strategy is satisfied (dlogz=0.15, need <0.5)
10:39:16 [ultranest] [INFO]   logZ error budget: single: 0.19 bs:0.15 tail:0.01 total:0.15 required:<0.50
10:39:16 [ultranest] [INFO] done iterating.
10:39:16 [ultranest] [DEBUG] Making corner plot ...
10:39:16 [ultranest] [DEBUG] Making corner plot ... done
10:39:16 [ultranest] [DEBUG] Making run plot ... 
10:39:17 [ultranest] [DEBUG] Making run plot ... done
10:39:17 [ultranest] [DEBUG] Making trace plot ... 
10:39:18 [ultranest] [DEBUG] Making trace plot ... done
