11:31:24 [ultranest] [DEBUG] ReactiveNestedSampler: dims=3+0, resume=False, log_dir=./m-values/N24/S16/M24/T029/P025/NF3/sample_rho, backend=hdf5, vectorized=False, nbootstraps=30, ndraw=128..65536
11:31:24 [ultranest] [INFO] Sampling 400 live points from prior ...
11:31:26 [ultranest] [DEBUG] run_iter dlogz=0.5, dKL=0.5, frac_remain=0.01, Lepsilon=0.0010, min_ess=400
11:31:26 [ultranest] [DEBUG] max_iters=-1, max_ncalls=-1, max_num_improvement_loops=-1, min_num_live_points=400, cluster_num_live_points=40
11:31:26 [ultranest] [DEBUG] minimal_widths_sequence: [(-inf, 400.0), (inf, 400.0)]
11:31:26 [ultranest] [DEBUG] Plateau detected at L=-1.381551e+07, not replacing live point.
11:31:26 [ultranest] [DEBUG] Plateau detected at L=-1.381551e+07, not replacing live point.
11:31:26 [ultranest] [DEBUG] Plateau detected at L=-1.381551e+07, not replacing live point.
11:31:26 [ultranest] [DEBUG] Plateau detected at L=-1.381551e+07, not replacing live point.
11:31:26 [ultranest] [DEBUG] Plateau detected at L=-1.381551e+07, not replacing live point.
11:31:26 [ultranest] [DEBUG] Plateau detected at L=-1.381551e+07, not replacing live point.
11:31:26 [ultranest] [DEBUG] Plateau detected at L=-1.381551e+07, not replacing live point.
11:31:26 [ultranest] [DEBUG] Plateau detected at L=-1.381551e+07, not replacing live point.
11:31:26 [ultranest] [DEBUG] Plateau detected at L=-1.381551e+07, not replacing live point.
11:31:26 [ultranest] [DEBUG] Plateau detected at L=-1.381551e+07, not replacing live point.
11:31:26 [ultranest] [DEBUG] Plateau detected at L=-1.381551e+07, not replacing live point.
11:31:26 [ultranest] [DEBUG] Plateau detected at L=-1.381551e+07, not replacing live point.
11:31:26 [ultranest] [DEBUG] Plateau detected at L=-1.381551e+07, not replacing live point.
11:31:26 [ultranest] [DEBUG] Plateau detected at L=-1.381551e+07, not replacing live point.
11:31:26 [ultranest] [DEBUG] Plateau detected at L=-1.381551e+07, not replacing live point.
11:31:26 [ultranest] [DEBUG] Plateau detected at L=-1.381551e+07, not replacing live point.
11:31:26 [ultranest] [DEBUG] Plateau detected at L=-1.381551e+07, not replacing live point.
11:31:26 [ultranest] [DEBUG] Plateau detected at L=-1.381551e+07, not replacing live point.
11:31:26 [ultranest] [DEBUG] Plateau detected at L=-1.381551e+07, not replacing live point.
11:31:26 [ultranest] [DEBUG] Plateau detected at L=-1.381551e+07, not replacing live point.
11:31:26 [ultranest] [DEBUG] Plateau detected at L=-1.381551e+07, not replacing live point.
11:31:26 [ultranest] [DEBUG] Plateau detected at L=-1.381551e+07, not replacing live point.
11:31:26 [ultranest] [DEBUG] Plateau detected at L=-1.381551e+07, not replacing live point.
11:31:26 [ultranest] [DEBUG] Plateau detected at L=-1.381551e+07, not replacing live point.
11:31:26 [ultranest] [DEBUG] Plateau detected at L=-1.381551e+07, not replacing live point.
11:31:26 [ultranest] [DEBUG] Plateau detected at L=-1.381551e+07, not replacing live point.
11:31:26 [ultranest] [DEBUG] Plateau detected at L=-1.381551e+07, not replacing live point.
11:31:26 [ultranest] [DEBUG] Plateau detected at L=-1.381551e+07, not replacing live point.
11:31:26 [ultranest] [DEBUG] Plateau detected at L=-1.381551e+07, not replacing live point.
11:31:26 [ultranest] [DEBUG] Plateau detected at L=-1.381551e+07, not replacing live point.
11:31:26 [ultranest] [DEBUG] Plateau detected at L=-1.381551e+07, not replacing live point.
11:31:26 [ultranest] [DEBUG] Plateau detected at L=-1.381551e+07, not replacing live point.
11:31:26 [ultranest] [DEBUG] Plateau detected at L=-1.381551e+07, not replacing live point.
11:31:26 [ultranest] [DEBUG] Plateau detected at L=-1.381551e+07, not replacing live point.
11:31:26 [ultranest] [DEBUG] Plateau detected at L=-1.381551e+07, not replacing live point.
11:31:26 [ultranest] [DEBUG] Plateau detected at L=-1.381551e+07, not replacing live point.
11:31:26 [ultranest] [DEBUG] Plateau detected at L=-1.381551e+07, not replacing live point.
11:31:26 [ultranest] [DEBUG] Plateau detected at L=-1.381551e+07, not replacing live point.
11:31:26 [ultranest] [DEBUG] Plateau detected at L=-1.381551e+07, not replacing live point.
11:31:26 [ultranest] [DEBUG] Plateau detected at L=-1.381551e+07, not replacing live point.
11:31:26 [ultranest] [DEBUG] Plateau detected at L=-1.381551e+07, not replacing live point.
11:31:26 [ultranest] [DEBUG] Plateau detected at L=-1.381551e+07, not replacing live point.
11:31:26 [ultranest] [DEBUG] Plateau detected at L=-1.381551e+07, not replacing live point.
11:31:26 [ultranest] [DEBUG] Plateau detected at L=-1.381551e+07, not replacing live point.
11:31:26 [ultranest] [DEBUG] Plateau detected at L=-1.381551e+07, not replacing live point.
11:31:26 [ultranest] [DEBUG] Plateau detected at L=-1.381551e+07, not replacing live point.
11:31:26 [ultranest] [DEBUG] Plateau detected at L=-1.381551e+07, not replacing live point.
11:31:26 [ultranest] [DEBUG] Plateau detected at L=-1.381551e+07, not replacing live point.
11:31:26 [ultranest] [DEBUG] Plateau detected at L=-1.381551e+07, not replacing live point.
11:31:26 [ultranest] [DEBUG] Plateau detected at L=-1.381551e+07, not replacing live point.
11:31:26 [ultranest] [DEBUG] Plateau detected at L=-1.381551e+07, not replacing live point.
11:31:26 [ultranest] [DEBUG] Plateau detected at L=-1.381551e+07, not replacing live point.
11:31:26 [ultranest] [DEBUG] Plateau detected at L=-1.381551e+07, not replacing live point.
11:31:26 [ultranest] [DEBUG] Plateau detected at L=-1.381551e+07, not replacing live point.
11:31:26 [ultranest] [DEBUG] Plateau detected at L=-1.381551e+07, not replacing live point.
11:31:26 [ultranest] [DEBUG] Plateau detected at L=-1.381551e+07, not replacing live point.
11:31:26 [ultranest] [DEBUG] iteration=56, ncalls=401, regioncalls=40, ndraw=40, logz=-13815512.52, remainder_fraction=100.0000%, Lmin=-13815510.56, Lmax=-106137.10
11:31:26 [ultranest] [DEBUG] iteration=78, ncalls=425, regioncalls=1000, ndraw=40, logz=-130991.50, remainder_fraction=100.0000%, Lmin=-130603.49, Lmax=-106137.10
11:31:26 [ultranest] [DEBUG] iteration=80, ncalls=427, regioncalls=1080, ndraw=40, logz=-130444.66, remainder_fraction=100.0000%, Lmin=-130164.25, Lmax=-106137.10
11:31:26 [ultranest] [DEBUG] iteration=97, ncalls=452, regioncalls=2080, ndraw=40, logz=-126953.73, remainder_fraction=100.0000%, Lmin=-126510.06, Lmax=-106137.10
11:31:26 [ultranest] [DEBUG] iteration=115, ncalls=478, regioncalls=3120, ndraw=40, logz=-125259.78, remainder_fraction=100.0000%, Lmin=-125232.54, Lmax=-106137.10
11:31:26 [ultranest] [DEBUG] iteration=120, ncalls=484, regioncalls=3360, ndraw=40, logz=-124557.07, remainder_fraction=100.0000%, Lmin=-124500.00, Lmax=-106137.10
11:31:26 [ultranest] [DEBUG] iteration=133, ncalls=502, regioncalls=4080, ndraw=40, logz=-123492.61, remainder_fraction=100.0000%, Lmin=-123467.05, Lmax=-106137.10
11:31:27 [ultranest] [DEBUG] iteration=151, ncalls=528, regioncalls=5120, ndraw=40, logz=-122228.74, remainder_fraction=100.0000%, Lmin=-122211.74, Lmax=-106137.10
11:31:27 [ultranest] [DEBUG] iteration=160, ncalls=539, regioncalls=5560, ndraw=40, logz=-121467.19, remainder_fraction=100.0000%, Lmin=-121430.00, Lmax=-106137.10
11:31:27 [ultranest] [DEBUG] iteration=179, ncalls=566, regioncalls=6640, ndraw=40, logz=-120658.97, remainder_fraction=100.0000%, Lmin=-120639.11, Lmax=-106137.10
11:31:27 [ultranest] [DEBUG] iteration=196, ncalls=591, regioncalls=7640, ndraw=40, logz=-119333.54, remainder_fraction=100.0000%, Lmin=-119251.47, Lmax=-106137.10
11:31:27 [ultranest] [DEBUG] iteration=200, ncalls=596, regioncalls=7840, ndraw=40, logz=-119008.78, remainder_fraction=100.0000%, Lmin=-118994.04, Lmax=-106137.10
11:31:27 [ultranest] [DEBUG] iteration=210, ncalls=616, regioncalls=8640, ndraw=40, logz=-118485.44, remainder_fraction=100.0000%, Lmin=-118369.14, Lmax=-106137.10
11:31:27 [ultranest] [DEBUG] iteration=226, ncalls=641, regioncalls=9640, ndraw=40, logz=-117925.68, remainder_fraction=100.0000%, Lmin=-117901.58, Lmax=-106137.10
11:31:27 [ultranest] [DEBUG] iteration=240, ncalls=666, regioncalls=10640, ndraw=40, logz=-117580.63, remainder_fraction=100.0000%, Lmin=-117565.38, Lmax=-106137.10
11:31:27 [ultranest] [DEBUG] iteration=255, ncalls=691, regioncalls=11640, ndraw=40, logz=-116943.71, remainder_fraction=100.0000%, Lmin=-116829.27, Lmax=-106137.10
11:31:27 [ultranest] [DEBUG] iteration=270, ncalls=719, regioncalls=12760, ndraw=40, logz=-116408.81, remainder_fraction=100.0000%, Lmin=-116390.66, Lmax=-106137.10
11:31:27 [ultranest] [DEBUG] iteration=280, ncalls=742, regioncalls=13680, ndraw=40, logz=-116206.53, remainder_fraction=100.0000%, Lmin=-116135.74, Lmax=-106137.10
11:31:27 [ultranest] [DEBUG] iteration=287, ncalls=753, regioncalls=14120, ndraw=40, logz=-115953.91, remainder_fraction=100.0000%, Lmin=-115936.91, Lmax=-106137.10
11:31:28 [ultranest] [DEBUG] iteration=305, ncalls=778, regioncalls=15120, ndraw=40, logz=-115551.93, remainder_fraction=100.0000%, Lmin=-115541.94, Lmax=-106137.10
11:31:28 [ultranest] [DEBUG] iteration=318, ncalls=805, regioncalls=16200, ndraw=40, logz=-115215.72, remainder_fraction=100.0000%, Lmin=-115203.47, Lmax=-106137.10
11:31:28 [ultranest] [DEBUG] iteration=320, ncalls=807, regioncalls=16280, ndraw=40, logz=-115208.70, remainder_fraction=100.0000%, Lmin=-115176.67, Lmax=-106137.10
11:31:28 [ultranest] [DEBUG] iteration=334, ncalls=833, regioncalls=17320, ndraw=40, logz=-114939.36, remainder_fraction=100.0000%, Lmin=-114901.28, Lmax=-106137.10
11:31:28 [ultranest] [DEBUG] iteration=347, ncalls=859, regioncalls=18360, ndraw=40, logz=-114655.82, remainder_fraction=100.0000%, Lmin=-114608.69, Lmax=-106137.10
11:31:28 [ultranest] [DEBUG] iteration=360, ncalls=886, regioncalls=19440, ndraw=40, logz=-114330.41, remainder_fraction=100.0000%, Lmin=-114283.37, Lmax=-106137.10
11:31:28 [ultranest] [DEBUG] iteration=374, ncalls=910, regioncalls=20400, ndraw=40, logz=-113999.35, remainder_fraction=100.0000%, Lmin=-113897.36, Lmax=-106137.10
11:31:28 [ultranest] [DEBUG] iteration=388, ncalls=937, regioncalls=21480, ndraw=40, logz=-113763.83, remainder_fraction=100.0000%, Lmin=-113730.79, Lmax=-106137.10
11:31:28 [ultranest] [DEBUG] iteration=400, ncalls=959, regioncalls=22360, ndraw=40, logz=-113376.73, remainder_fraction=100.0000%, Lmin=-113369.59, Lmax=-106137.10
11:31:28 [ultranest] [DEBUG] iteration=415, ncalls=985, regioncalls=23400, ndraw=40, logz=-113110.94, remainder_fraction=100.0000%, Lmin=-113057.94, Lmax=-106137.10
11:31:29 [ultranest] [DEBUG] iteration=426, ncalls=1019, regioncalls=24760, ndraw=40, logz=-112841.45, remainder_fraction=100.0000%, Lmin=-112832.13, Lmax=-106137.10
11:31:29 [ultranest] [DEBUG] iteration=440, ncalls=1044, regioncalls=25760, ndraw=40, logz=-112708.97, remainder_fraction=100.0000%, Lmin=-112671.27, Lmax=-106137.10
11:31:29 [ultranest] [DEBUG] iteration=441, ncalls=1045, regioncalls=25800, ndraw=40, logz=-112678.38, remainder_fraction=100.0000%, Lmin=-112671.23, Lmax=-106137.10
11:31:29 [ultranest] [DEBUG] iteration=456, ncalls=1071, regioncalls=26840, ndraw=40, logz=-112430.64, remainder_fraction=100.0000%, Lmin=-112412.41, Lmax=-106137.10
11:31:29 [ultranest] [DEBUG] iteration=469, ncalls=1098, regioncalls=27920, ndraw=40, logz=-112162.48, remainder_fraction=100.0000%, Lmin=-112151.82, Lmax=-106137.10
11:31:29 [ultranest] [DEBUG] iteration=480, ncalls=1114, regioncalls=28560, ndraw=40, logz=-112048.00, remainder_fraction=100.0000%, Lmin=-112018.06, Lmax=-106137.10
11:31:29 [ultranest] [DEBUG] iteration=495, ncalls=1140, regioncalls=29600, ndraw=40, logz=-111812.14, remainder_fraction=100.0000%, Lmin=-111804.25, Lmax=-106137.10
11:31:29 [ultranest] [DEBUG] iteration=509, ncalls=1166, regioncalls=30640, ndraw=40, logz=-111700.88, remainder_fraction=100.0000%, Lmin=-111682.50, Lmax=-106137.10
11:31:29 [ultranest] [DEBUG] iteration=518, ncalls=1182, regioncalls=31280, ndraw=40, logz=-111540.46, remainder_fraction=100.0000%, Lmin=-111509.71, Lmax=-106137.10
11:31:29 [ultranest] [DEBUG] iteration=520, ncalls=1186, regioncalls=31440, ndraw=40, logz=-111501.71, remainder_fraction=100.0000%, Lmin=-111457.86, Lmax=-106137.10
11:31:29 [ultranest] [DEBUG] iteration=537, ncalls=1211, regioncalls=32440, ndraw=40, logz=-111182.37, remainder_fraction=100.0000%, Lmin=-111171.56, Lmax=-106137.10
11:31:29 [ultranest] [DEBUG] iteration=553, ncalls=1237, regioncalls=33480, ndraw=40, logz=-110993.82, remainder_fraction=100.0000%, Lmin=-110969.95, Lmax=-106137.10
11:31:29 [ultranest] [DEBUG] iteration=560, ncalls=1245, regioncalls=33800, ndraw=40, logz=-110948.20, remainder_fraction=100.0000%, Lmin=-110930.02, Lmax=-106137.10
11:31:30 [ultranest] [DEBUG] iteration=576, ncalls=1271, regioncalls=34840, ndraw=40, logz=-110871.43, remainder_fraction=100.0000%, Lmin=-110863.80, Lmax=-106137.10
11:31:30 [ultranest] [DEBUG] iteration=587, ncalls=1297, regioncalls=35880, ndraw=40, logz=-110781.15, remainder_fraction=100.0000%, Lmin=-110765.22, Lmax=-106137.10
11:31:30 [ultranest] [DEBUG] iteration=600, ncalls=1315, regioncalls=36600, ndraw=40, logz=-110636.48, remainder_fraction=100.0000%, Lmin=-110615.78, Lmax=-106137.10
11:31:30 [ultranest] [DEBUG] iteration=613, ncalls=1341, regioncalls=37640, ndraw=40, logz=-110488.98, remainder_fraction=100.0000%, Lmin=-110466.87, Lmax=-106133.14
11:31:30 [ultranest] [DEBUG] iteration=626, ncalls=1367, regioncalls=38680, ndraw=40, logz=-110398.84, remainder_fraction=100.0000%, Lmin=-110391.40, Lmax=-106133.14
11:31:30 [ultranest] [DEBUG] iteration=640, ncalls=1387, regioncalls=39480, ndraw=40, logz=-110326.31, remainder_fraction=100.0000%, Lmin=-110315.19, Lmax=-106133.14
11:31:30 [ultranest] [DEBUG] iteration=654, ncalls=1416, regioncalls=40640, ndraw=40, logz=-110163.01, remainder_fraction=100.0000%, Lmin=-110153.70, Lmax=-106085.53
11:31:30 [ultranest] [DEBUG] iteration=668, ncalls=1444, regioncalls=41760, ndraw=40, logz=-110057.37, remainder_fraction=100.0000%, Lmin=-110048.40, Lmax=-106085.53
11:31:30 [ultranest] [DEBUG] iteration=672, ncalls=1455, regioncalls=42200, ndraw=40, logz=-109991.28, remainder_fraction=100.0000%, Lmin=-109977.55, Lmax=-106085.53
11:31:30 [ultranest] [DEBUG] iteration=680, ncalls=1471, regioncalls=42840, ndraw=40, logz=-109910.67, remainder_fraction=100.0000%, Lmin=-109901.40, Lmax=-106085.53
11:31:30 [ultranest] [DEBUG] iteration=699, ncalls=1496, regioncalls=43840, ndraw=40, logz=-109756.65, remainder_fraction=100.0000%, Lmin=-109733.52, Lmax=-106085.53
11:31:31 [ultranest] [DEBUG] iteration=712, ncalls=1524, regioncalls=44960, ndraw=40, logz=-109621.26, remainder_fraction=100.0000%, Lmin=-109610.58, Lmax=-106085.53
11:31:31 [ultranest] [DEBUG] iteration=720, ncalls=1539, regioncalls=45560, ndraw=40, logz=-109548.65, remainder_fraction=100.0000%, Lmin=-109529.05, Lmax=-106085.53
11:31:31 [ultranest] [DEBUG] iteration=735, ncalls=1567, regioncalls=46680, ndraw=40, logz=-109423.22, remainder_fraction=100.0000%, Lmin=-109400.35, Lmax=-106085.53
11:31:31 [ultranest] [DEBUG] iteration=749, ncalls=1593, regioncalls=47720, ndraw=40, logz=-109319.03, remainder_fraction=100.0000%, Lmin=-109307.51, Lmax=-106085.53
11:31:31 [ultranest] [DEBUG] iteration=760, ncalls=1620, regioncalls=48800, ndraw=40, logz=-109229.06, remainder_fraction=100.0000%, Lmin=-109218.65, Lmax=-106056.98
11:31:31 [ultranest] [DEBUG] iteration=771, ncalls=1646, regioncalls=49840, ndraw=40, logz=-109173.61, remainder_fraction=100.0000%, Lmin=-109156.68, Lmax=-106056.98
11:31:31 [ultranest] [DEBUG] iteration=783, ncalls=1673, regioncalls=50920, ndraw=40, logz=-109107.55, remainder_fraction=100.0000%, Lmin=-109095.46, Lmax=-106056.98
11:31:31 [ultranest] [DEBUG] iteration=795, ncalls=1702, regioncalls=52080, ndraw=40, logz=-109064.72, remainder_fraction=100.0000%, Lmin=-109052.89, Lmax=-106056.98
11:31:31 [ultranest] [DEBUG] iteration=800, ncalls=1708, regioncalls=52320, ndraw=40, logz=-109031.15, remainder_fraction=100.0000%, Lmin=-109018.14, Lmax=-106056.98
11:31:31 [ultranest] [DEBUG] iteration=816, ncalls=1736, regioncalls=53440, ndraw=40, logz=-108891.93, remainder_fraction=100.0000%, Lmin=-108877.24, Lmax=-106056.98
11:31:31 [ultranest] [DEBUG] iteration=834, ncalls=1760, regioncalls=54400, ndraw=40, logz=-108776.74, remainder_fraction=100.0000%, Lmin=-108763.21, Lmax=-106056.98
11:31:32 [ultranest] [DEBUG] iteration=840, ncalls=1767, regioncalls=54680, ndraw=40, logz=-108738.43, remainder_fraction=100.0000%, Lmin=-108723.31, Lmax=-106056.98
11:31:32 [ultranest] [DEBUG] iteration=853, ncalls=1796, regioncalls=55840, ndraw=40, logz=-108628.50, remainder_fraction=100.0000%, Lmin=-108619.15, Lmax=-106056.98
11:31:32 [ultranest] [DEBUG] iteration=864, ncalls=1823, regioncalls=56920, ndraw=40, logz=-108594.05, remainder_fraction=100.0000%, Lmin=-108582.94, Lmax=-106056.98
11:31:32 [ultranest] [DEBUG] iteration=879, ncalls=1848, regioncalls=57920, ndraw=40, logz=-108500.56, remainder_fraction=100.0000%, Lmin=-108490.90, Lmax=-106056.98
11:31:32 [ultranest] [DEBUG] iteration=880, ncalls=1850, regioncalls=58000, ndraw=40, logz=-108499.04, remainder_fraction=100.0000%, Lmin=-108485.53, Lmax=-106056.98
11:31:32 [ultranest] [DEBUG] iteration=894, ncalls=1876, regioncalls=59040, ndraw=40, logz=-108411.69, remainder_fraction=100.0000%, Lmin=-108400.75, Lmax=-106056.98
11:31:32 [ultranest] [DEBUG] iteration=903, ncalls=1891, regioncalls=59640, ndraw=40, logz=-108381.32, remainder_fraction=100.0000%, Lmin=-108371.35, Lmax=-106056.98
11:31:32 [ultranest] [DEBUG] iteration=919, ncalls=1917, regioncalls=60680, ndraw=40, logz=-108310.39, remainder_fraction=100.0000%, Lmin=-108300.85, Lmax=-106056.98
11:31:32 [ultranest] [DEBUG] iteration=920, ncalls=1918, regioncalls=60720, ndraw=40, logz=-108309.05, remainder_fraction=100.0000%, Lmin=-108295.75, Lmax=-106056.98
11:31:32 [ultranest] [DEBUG] iteration=936, ncalls=1943, regioncalls=61720, ndraw=40, logz=-108244.89, remainder_fraction=100.0000%, Lmin=-108235.01, Lmax=-106056.98
11:31:32 [ultranest] [DEBUG] iteration=946, ncalls=1971, regioncalls=62840, ndraw=40, logz=-108186.40, remainder_fraction=100.0000%, Lmin=-108177.60, Lmax=-106056.98
11:31:32 [ultranest] [DEBUG] iteration=960, ncalls=1995, regioncalls=63800, ndraw=40, logz=-108137.84, remainder_fraction=100.0000%, Lmin=-108117.88, Lmax=-106056.98
11:31:33 [ultranest] [DEBUG] iteration=969, ncalls=2024, regioncalls=64960, ndraw=40, logz=-108103.20, remainder_fraction=100.0000%, Lmin=-108094.74, Lmax=-106056.98
11:31:33 [ultranest] [DEBUG] iteration=978, ncalls=2051, regioncalls=66040, ndraw=40, logz=-108066.67, remainder_fraction=100.0000%, Lmin=-108053.16, Lmax=-106056.98
11:31:33 [ultranest] [DEBUG] iteration=980, ncalls=2059, regioncalls=66360, ndraw=40, logz=-108050.88, remainder_fraction=100.0000%, Lmin=-108028.62, Lmax=-106056.98
11:31:33 [ultranest] [DEBUG] iteration=996, ncalls=2085, regioncalls=67400, ndraw=40, logz=-107993.16, remainder_fraction=100.0000%, Lmin=-107972.38, Lmax=-106056.98
11:31:33 [ultranest] [DEBUG] iteration=1000, ncalls=2100, regioncalls=68000, ndraw=40, logz=-107952.56, remainder_fraction=100.0000%, Lmin=-107934.63, Lmax=-106056.98
11:31:33 [ultranest] [DEBUG] iteration=1013, ncalls=2126, regioncalls=69040, ndraw=40, logz=-107878.83, remainder_fraction=100.0000%, Lmin=-107866.53, Lmax=-106056.98
11:31:33 [ultranest] [DEBUG] iteration=1025, ncalls=2155, regioncalls=70200, ndraw=40, logz=-107827.29, remainder_fraction=100.0000%, Lmin=-107816.02, Lmax=-106056.98
11:31:33 [ultranest] [DEBUG] iteration=1040, ncalls=2182, regioncalls=71280, ndraw=40, logz=-107755.64, remainder_fraction=100.0000%, Lmin=-107735.36, Lmax=-106051.52
11:31:33 [ultranest] [DEBUG] iteration=1053, ncalls=2212, regioncalls=72480, ndraw=40, logz=-107673.53, remainder_fraction=100.0000%, Lmin=-107664.26, Lmax=-106051.52
11:31:33 [ultranest] [DEBUG] iteration=1057, ncalls=2223, regioncalls=72920, ndraw=40, logz=-107669.25, remainder_fraction=100.0000%, Lmin=-107655.82, Lmax=-106051.52
11:31:33 [ultranest] [DEBUG] iteration=1072, ncalls=2249, regioncalls=73960, ndraw=40, logz=-107626.21, remainder_fraction=100.0000%, Lmin=-107616.51, Lmax=-106051.52
11:31:33 [ultranest] [DEBUG] iteration=1080, ncalls=2262, regioncalls=74480, ndraw=40, logz=-107612.49, remainder_fraction=100.0000%, Lmin=-107598.16, Lmax=-106051.52
11:31:34 [ultranest] [DEBUG] iteration=1094, ncalls=2291, regioncalls=75640, ndraw=40, logz=-107583.85, remainder_fraction=100.0000%, Lmin=-107572.33, Lmax=-106051.52
11:31:34 [ultranest] [DEBUG] iteration=1110, ncalls=2316, regioncalls=76640, ndraw=40, logz=-107551.18, remainder_fraction=100.0000%, Lmin=-107541.30, Lmax=-106051.52
11:31:34 [ultranest] [DEBUG] iteration=1120, ncalls=2334, regioncalls=77400, ndraw=40, logz=-107517.44, remainder_fraction=100.0000%, Lmin=-107507.95, Lmax=-106051.52
11:31:34 [ultranest] [DEBUG] iteration=1134, ncalls=2361, regioncalls=78480, ndraw=40, logz=-107466.76, remainder_fraction=100.0000%, Lmin=-107457.20, Lmax=-106039.62
11:31:34 [ultranest] [DEBUG] iteration=1150, ncalls=2386, regioncalls=79480, ndraw=40, logz=-107429.73, remainder_fraction=100.0000%, Lmin=-107417.68, Lmax=-106039.62
11:31:34 [ultranest] [DEBUG] iteration=1160, ncalls=2398, regioncalls=79960, ndraw=40, logz=-107394.85, remainder_fraction=100.0000%, Lmin=-107385.26, Lmax=-106039.62
11:31:34 [ultranest] [DEBUG] iteration=1170, ncalls=2429, regioncalls=81200, ndraw=40, logz=-107368.10, remainder_fraction=100.0000%, Lmin=-107355.10, Lmax=-106039.62
11:31:34 [ultranest] [DEBUG] iteration=1182, ncalls=2455, regioncalls=82240, ndraw=40, logz=-107326.86, remainder_fraction=100.0000%, Lmin=-107317.26, Lmax=-106039.62
11:31:34 [ultranest] [DEBUG] iteration=1193, ncalls=2486, regioncalls=83480, ndraw=40, logz=-107307.55, remainder_fraction=100.0000%, Lmin=-107298.85, Lmax=-106039.62
11:31:34 [ultranest] [DEBUG] iteration=1200, ncalls=2505, regioncalls=84240, ndraw=40, logz=-107302.01, remainder_fraction=100.0000%, Lmin=-107287.83, Lmax=-106039.62
11:31:35 [ultranest] [DEBUG] iteration=1211, ncalls=2530, regioncalls=85240, ndraw=40, logz=-107274.46, remainder_fraction=100.0000%, Lmin=-107263.76, Lmax=-106039.62
11:31:35 [ultranest] [DEBUG] iteration=1227, ncalls=2555, regioncalls=86360, ndraw=40, logz=-107234.98, remainder_fraction=100.0000%, Lmin=-107224.77, Lmax=-106031.67
11:31:35 [ultranest] [DEBUG] iteration=1240, ncalls=2573, regioncalls=87080, ndraw=40, logz=-107204.83, remainder_fraction=100.0000%, Lmin=-107193.77, Lmax=-106031.67
11:31:35 [ultranest] [DEBUG] iteration=1253, ncalls=2599, regioncalls=88120, ndraw=40, logz=-107169.41, remainder_fraction=100.0000%, Lmin=-107159.32, Lmax=-106031.67
11:31:35 [ultranest] [DEBUG] iteration=1265, ncalls=2625, regioncalls=89160, ndraw=40, logz=-107143.77, remainder_fraction=100.0000%, Lmin=-107132.90, Lmax=-106031.67
11:31:35 [ultranest] [DEBUG] iteration=1278, ncalls=2651, regioncalls=90200, ndraw=40, logz=-107109.26, remainder_fraction=100.0000%, Lmin=-107092.78, Lmax=-106031.67
11:31:35 [ultranest] [DEBUG] iteration=1280, ncalls=2656, regioncalls=90400, ndraw=40, logz=-107100.31, remainder_fraction=100.0000%, Lmin=-107088.74, Lmax=-106031.67
11:31:35 [ultranest] [DEBUG] iteration=1292, ncalls=2680, regioncalls=91360, ndraw=40, logz=-107073.82, remainder_fraction=100.0000%, Lmin=-107064.68, Lmax=-106031.67
11:31:35 [ultranest] [DEBUG] iteration=1306, ncalls=2707, regioncalls=92440, ndraw=40, logz=-107039.75, remainder_fraction=100.0000%, Lmin=-107025.50, Lmax=-106031.67
11:31:35 [ultranest] [DEBUG] iteration=1320, ncalls=2730, regioncalls=93360, ndraw=40, logz=-107014.41, remainder_fraction=100.0000%, Lmin=-107004.83, Lmax=-106031.67
11:31:35 [ultranest] [DEBUG] iteration=1333, ncalls=2756, regioncalls=94400, ndraw=40, logz=-107000.18, remainder_fraction=100.0000%, Lmin=-106990.01, Lmax=-106031.67
11:31:36 [ultranest] [DEBUG] iteration=1342, ncalls=2783, regioncalls=95480, ndraw=40, logz=-106984.21, remainder_fraction=100.0000%, Lmin=-106973.42, Lmax=-106031.67
11:31:36 [ultranest] [DEBUG] iteration=1356, ncalls=2815, regioncalls=96760, ndraw=40, logz=-106948.23, remainder_fraction=100.0000%, Lmin=-106937.83, Lmax=-106031.67
11:31:36 [ultranest] [DEBUG] iteration=1360, ncalls=2821, regioncalls=97000, ndraw=40, logz=-106934.00, remainder_fraction=100.0000%, Lmin=-106924.09, Lmax=-106031.67
11:31:36 [ultranest] [DEBUG] iteration=1365, ncalls=2838, regioncalls=97680, ndraw=40, logz=-106916.93, remainder_fraction=100.0000%, Lmin=-106904.17, Lmax=-106031.67
11:31:36 [ultranest] [DEBUG] iteration=1379, ncalls=2863, regioncalls=98720, ndraw=40, logz=-106885.46, remainder_fraction=100.0000%, Lmin=-106875.21, Lmax=-106031.67
11:31:36 [ultranest] [DEBUG] iteration=1394, ncalls=2888, regioncalls=99720, ndraw=40, logz=-106863.81, remainder_fraction=100.0000%, Lmin=-106847.75, Lmax=-106031.67
11:31:36 [ultranest] [DEBUG] iteration=1400, ncalls=2894, regioncalls=99960, ndraw=40, logz=-106852.48, remainder_fraction=100.0000%, Lmin=-106841.87, Lmax=-106031.67
11:31:36 [ultranest] [DEBUG] iteration=1414, ncalls=2919, regioncalls=100960, ndraw=40, logz=-106835.35, remainder_fraction=100.0000%, Lmin=-106823.64, Lmax=-106031.67
11:31:36 [ultranest] [DEBUG] iteration=1428, ncalls=2944, regioncalls=101960, ndraw=40, logz=-106803.98, remainder_fraction=100.0000%, Lmin=-106791.91, Lmax=-106031.67
11:31:36 [ultranest] [DEBUG] iteration=1440, ncalls=2971, regioncalls=103040, ndraw=40, logz=-106783.70, remainder_fraction=100.0000%, Lmin=-106770.36, Lmax=-106031.67
11:31:36 [ultranest] [DEBUG] iteration=1442, ncalls=2975, regioncalls=103240, ndraw=40, logz=-106779.30, remainder_fraction=100.0000%, Lmin=-106765.83, Lmax=-106031.67
11:31:36 [ultranest] [DEBUG] iteration=1460, ncalls=3000, regioncalls=104280, ndraw=40, logz=-106741.53, remainder_fraction=100.0000%, Lmin=-106729.41, Lmax=-106020.26
11:31:37 [ultranest] [DEBUG] iteration=1475, ncalls=3025, regioncalls=105280, ndraw=40, logz=-106722.97, remainder_fraction=100.0000%, Lmin=-106712.04, Lmax=-106020.26
11:31:37 [ultranest] [DEBUG] iteration=1480, ncalls=3034, regioncalls=105640, ndraw=40, logz=-106716.99, remainder_fraction=100.0000%, Lmin=-106707.02, Lmax=-106020.26
11:31:37 [ultranest] [DEBUG] iteration=1492, ncalls=3060, regioncalls=106680, ndraw=40, logz=-106702.26, remainder_fraction=100.0000%, Lmin=-106692.92, Lmax=-106020.26
11:31:37 [ultranest] [DEBUG] iteration=1505, ncalls=3089, regioncalls=107840, ndraw=40, logz=-106692.17, remainder_fraction=100.0000%, Lmin=-106679.92, Lmax=-106020.26
11:31:37 [ultranest] [DEBUG] iteration=1519, ncalls=3114, regioncalls=108880, ndraw=40, logz=-106670.89, remainder_fraction=100.0000%, Lmin=-106658.33, Lmax=-106020.26
11:31:37 [ultranest] [DEBUG] iteration=1520, ncalls=3115, regioncalls=108920, ndraw=40, logz=-106668.48, remainder_fraction=100.0000%, Lmin=-106658.20, Lmax=-106020.26
11:31:37 [ultranest] [DEBUG] iteration=1535, ncalls=3142, regioncalls=110080, ndraw=40, logz=-106646.41, remainder_fraction=100.0000%, Lmin=-106635.77, Lmax=-106020.26
11:31:37 [ultranest] [DEBUG] iteration=1551, ncalls=3168, regioncalls=111120, ndraw=40, logz=-106626.04, remainder_fraction=100.0000%, Lmin=-106616.03, Lmax=-106020.26
11:31:37 [ultranest] [DEBUG] iteration=1560, ncalls=3190, regioncalls=112000, ndraw=40, logz=-106614.53, remainder_fraction=100.0000%, Lmin=-106604.02, Lmax=-106020.26
11:31:37 [ultranest] [DEBUG] iteration=1576, ncalls=3216, regioncalls=113040, ndraw=40, logz=-106595.91, remainder_fraction=100.0000%, Lmin=-106582.81, Lmax=-106020.26
11:31:37 [ultranest] [DEBUG] iteration=1589, ncalls=3242, regioncalls=114080, ndraw=40, logz=-106582.04, remainder_fraction=100.0000%, Lmin=-106572.51, Lmax=-106020.26
11:31:37 [ultranest] [DEBUG] iteration=1596, ncalls=3257, regioncalls=114760, ndraw=40, logz=-106573.73, remainder_fraction=100.0000%, Lmin=-106561.46, Lmax=-106020.26
11:31:37 [ultranest] [DEBUG] iteration=1600, ncalls=3262, regioncalls=114960, ndraw=40, logz=-106569.41, remainder_fraction=100.0000%, Lmin=-106556.96, Lmax=-106020.26
11:31:38 [ultranest] [DEBUG] iteration=1610, ncalls=3288, regioncalls=116000, ndraw=40, logz=-106557.68, remainder_fraction=100.0000%, Lmin=-106547.05, Lmax=-106020.26
11:31:38 [ultranest] [DEBUG] iteration=1626, ncalls=3313, regioncalls=117040, ndraw=40, logz=-106539.32, remainder_fraction=100.0000%, Lmin=-106527.09, Lmax=-106020.26
11:31:38 [ultranest] [DEBUG] iteration=1640, ncalls=3336, regioncalls=117960, ndraw=40, logz=-106520.67, remainder_fraction=100.0000%, Lmin=-106509.85, Lmax=-106020.26
11:31:38 [ultranest] [DEBUG] iteration=1655, ncalls=3361, regioncalls=118960, ndraw=40, logz=-106510.69, remainder_fraction=100.0000%, Lmin=-106499.91, Lmax=-106020.26
11:31:38 [ultranest] [DEBUG] iteration=1670, ncalls=3387, regioncalls=120000, ndraw=40, logz=-106495.84, remainder_fraction=100.0000%, Lmin=-106485.44, Lmax=-106020.26
11:31:38 [ultranest] [DEBUG] iteration=1680, ncalls=3412, regioncalls=121000, ndraw=40, logz=-106487.24, remainder_fraction=100.0000%, Lmin=-106474.70, Lmax=-106020.26
11:31:38 [ultranest] [DEBUG] iteration=1695, ncalls=3441, regioncalls=122160, ndraw=40, logz=-106469.40, remainder_fraction=100.0000%, Lmin=-106459.50, Lmax=-106020.26
11:31:38 [ultranest] [DEBUG] iteration=1710, ncalls=3468, regioncalls=123240, ndraw=40, logz=-106458.00, remainder_fraction=100.0000%, Lmin=-106448.23, Lmax=-106020.26
11:31:38 [ultranest] [DEBUG] iteration=1720, ncalls=3491, regioncalls=124160, ndraw=40, logz=-106445.97, remainder_fraction=100.0000%, Lmin=-106434.97, Lmax=-106020.26
11:31:39 [ultranest] [DEBUG] iteration=1732, ncalls=3517, regioncalls=125200, ndraw=40, logz=-106438.11, remainder_fraction=100.0000%, Lmin=-106427.55, Lmax=-106020.26
11:31:39 [ultranest] [DEBUG] iteration=1744, ncalls=3543, regioncalls=126240, ndraw=40, logz=-106431.99, remainder_fraction=100.0000%, Lmin=-106421.08, Lmax=-106020.26
11:31:39 [ultranest] [DEBUG] iteration=1749, ncalls=3562, regioncalls=127000, ndraw=40, logz=-106429.71, remainder_fraction=100.0000%, Lmin=-106417.76, Lmax=-106020.26
11:31:39 [ultranest] [DEBUG] iteration=1750, ncalls=3563, regioncalls=127040, ndraw=40, logz=-106428.37, remainder_fraction=100.0000%, Lmin=-106416.57, Lmax=-106020.26
11:31:39 [ultranest] [DEBUG] iteration=1760, ncalls=3575, regioncalls=127560, ndraw=40, logz=-106415.36, remainder_fraction=100.0000%, Lmin=-106403.87, Lmax=-106020.26
11:31:39 [ultranest] [DEBUG] iteration=1775, ncalls=3601, regioncalls=128600, ndraw=40, logz=-106403.59, remainder_fraction=100.0000%, Lmin=-106392.79, Lmax=-106020.26
11:31:39 [ultranest] [DEBUG] iteration=1791, ncalls=3626, regioncalls=129600, ndraw=40, logz=-106393.86, remainder_fraction=100.0000%, Lmin=-106382.89, Lmax=-106020.26
11:31:39 [ultranest] [DEBUG] iteration=1800, ncalls=3642, regioncalls=130240, ndraw=40, logz=-106386.33, remainder_fraction=100.0000%, Lmin=-106375.41, Lmax=-106020.26
11:31:39 [ultranest] [DEBUG] iteration=1813, ncalls=3669, regioncalls=131320, ndraw=40, logz=-106375.02, remainder_fraction=100.0000%, Lmin=-106364.42, Lmax=-106020.26
11:31:39 [ultranest] [DEBUG] iteration=1827, ncalls=3695, regioncalls=132400, ndraw=40, logz=-106365.78, remainder_fraction=100.0000%, Lmin=-106355.14, Lmax=-106020.26
11:31:39 [ultranest] [DEBUG] iteration=1840, ncalls=3713, regioncalls=133120, ndraw=40, logz=-106355.35, remainder_fraction=100.0000%, Lmin=-106343.40, Lmax=-106020.26
11:31:39 [ultranest] [DEBUG] iteration=1857, ncalls=3736, regioncalls=134040, ndraw=40, logz=-106344.06, remainder_fraction=100.0000%, Lmin=-106332.74, Lmax=-106020.26
11:31:40 [ultranest] [DEBUG] iteration=1872, ncalls=3762, regioncalls=135080, ndraw=40, logz=-106338.23, remainder_fraction=100.0000%, Lmin=-106327.81, Lmax=-106020.26
11:31:40 [ultranest] [DEBUG] iteration=1880, ncalls=3775, regioncalls=135600, ndraw=40, logz=-106335.21, remainder_fraction=100.0000%, Lmin=-106324.53, Lmax=-106020.26
11:31:40 [ultranest] [DEBUG] iteration=1896, ncalls=3800, regioncalls=136600, ndraw=40, logz=-106327.07, remainder_fraction=100.0000%, Lmin=-106316.89, Lmax=-106020.26
11:31:40 [ultranest] [DEBUG] iteration=1904, ncalls=3811, regioncalls=137080, ndraw=40, logz=-106323.87, remainder_fraction=100.0000%, Lmin=-106313.16, Lmax=-106020.26
11:31:40 [ultranest] [DEBUG] iteration=1920, ncalls=3833, regioncalls=137960, ndraw=40, logz=-106314.67, remainder_fraction=100.0000%, Lmin=-106303.10, Lmax=-106020.26
11:31:40 [ultranest] [DEBUG] iteration=1936, ncalls=3860, regioncalls=139040, ndraw=40, logz=-106304.96, remainder_fraction=100.0000%, Lmin=-106293.95, Lmax=-106020.26
11:31:40 [ultranest] [DEBUG] iteration=1953, ncalls=3885, regioncalls=140040, ndraw=40, logz=-106298.10, remainder_fraction=100.0000%, Lmin=-106287.21, Lmax=-106020.26
11:31:40 [ultranest] [DEBUG] iteration=1960, ncalls=3895, regioncalls=140440, ndraw=40, logz=-106294.80, remainder_fraction=100.0000%, Lmin=-106283.92, Lmax=-106020.26
11:31:40 [ultranest] [DEBUG] iteration=1974, ncalls=3921, regioncalls=141480, ndraw=40, logz=-106287.47, remainder_fraction=100.0000%, Lmin=-106275.87, Lmax=-106020.26
11:31:40 [ultranest] [DEBUG] iteration=1981, ncalls=3932, regioncalls=141960, ndraw=40, logz=-106281.35, remainder_fraction=100.0000%, Lmin=-106270.02, Lmax=-106020.26
11:31:40 [ultranest] [DEBUG] iteration=1999, ncalls=3957, regioncalls=142960, ndraw=40, logz=-106271.42, remainder_fraction=100.0000%, Lmin=-106260.43, Lmax=-106020.26
11:31:40 [ultranest] [DEBUG] iteration=2000, ncalls=3958, regioncalls=143000, ndraw=40, logz=-106271.00, remainder_fraction=100.0000%, Lmin=-106258.79, Lmax=-106020.26
11:31:40 [ultranest] [DEBUG] iteration=2019, ncalls=3984, regioncalls=144040, ndraw=40, logz=-106259.80, remainder_fraction=100.0000%, Lmin=-106249.50, Lmax=-106020.26
11:31:41 [ultranest] [DEBUG] iteration=2037, ncalls=4012, regioncalls=145160, ndraw=40, logz=-106254.12, remainder_fraction=100.0000%, Lmin=-106241.95, Lmax=-106020.26
11:31:41 [ultranest] [DEBUG] iteration=2040, ncalls=4015, regioncalls=145280, ndraw=40, logz=-106252.18, remainder_fraction=100.0000%, Lmin=-106241.18, Lmax=-106020.26
11:31:41 [ultranest] [DEBUG] iteration=2057, ncalls=4040, regioncalls=146280, ndraw=40, logz=-106244.85, remainder_fraction=100.0000%, Lmin=-106233.55, Lmax=-106020.26
11:31:41 [ultranest] [DEBUG] iteration=2058, ncalls=4042, regioncalls=146440, ndraw=40, logz=-106244.38, remainder_fraction=100.0000%, Lmin=-106232.41, Lmax=-106020.26
11:31:41 [ultranest] [DEBUG] iteration=2074, ncalls=4068, regioncalls=147480, ndraw=40, logz=-106238.10, remainder_fraction=100.0000%, Lmin=-106226.46, Lmax=-106020.26
11:31:41 [ultranest] [DEBUG] iteration=2080, ncalls=4077, regioncalls=147840, ndraw=40, logz=-106235.59, remainder_fraction=100.0000%, Lmin=-106223.51, Lmax=-106020.26
11:31:41 [ultranest] [DEBUG] iteration=2095, ncalls=4102, regioncalls=148840, ndraw=40, logz=-106227.11, remainder_fraction=100.0000%, Lmin=-106216.00, Lmax=-106020.26
11:31:41 [ultranest] [DEBUG] iteration=2112, ncalls=4127, regioncalls=149840, ndraw=40, logz=-106220.56, remainder_fraction=100.0000%, Lmin=-106209.97, Lmax=-106020.26
11:31:41 [ultranest] [DEBUG] iteration=2120, ncalls=4141, regioncalls=150400, ndraw=40, logz=-106218.69, remainder_fraction=100.0000%, Lmin=-106207.81, Lmax=-106020.26
11:31:41 [ultranest] [DEBUG] iteration=2135, ncalls=4167, regioncalls=151440, ndraw=40, logz=-106212.54, remainder_fraction=100.0000%, Lmin=-106201.67, Lmax=-106020.26
11:31:41 [ultranest] [DEBUG] iteration=2153, ncalls=4192, regioncalls=152440, ndraw=40, logz=-106205.92, remainder_fraction=100.0000%, Lmin=-106195.28, Lmax=-106020.26
11:31:41 [ultranest] [DEBUG] iteration=2160, ncalls=4212, regioncalls=153240, ndraw=40, logz=-106203.22, remainder_fraction=100.0000%, Lmin=-106191.88, Lmax=-106020.26
11:31:42 [ultranest] [DEBUG] iteration=2175, ncalls=4237, regioncalls=154240, ndraw=40, logz=-106196.28, remainder_fraction=100.0000%, Lmin=-106185.25, Lmax=-106020.26
11:31:42 [ultranest] [DEBUG] iteration=2190, ncalls=4263, regioncalls=155280, ndraw=40, logz=-106189.38, remainder_fraction=100.0000%, Lmin=-106177.66, Lmax=-106020.26
11:31:42 [ultranest] [DEBUG] iteration=2200, ncalls=4284, regioncalls=156120, ndraw=40, logz=-106184.67, remainder_fraction=100.0000%, Lmin=-106173.14, Lmax=-106020.26
11:31:42 [ultranest] [DEBUG] iteration=2210, ncalls=4310, regioncalls=157160, ndraw=40, logz=-106180.99, remainder_fraction=100.0000%, Lmin=-106170.17, Lmax=-106020.26
11:31:42 [ultranest] [DEBUG] iteration=2212, ncalls=4312, regioncalls=157240, ndraw=40, logz=-106180.55, remainder_fraction=100.0000%, Lmin=-106169.84, Lmax=-106020.26
11:31:42 [ultranest] [DEBUG] iteration=2226, ncalls=4339, regioncalls=158360, ndraw=40, logz=-106176.11, remainder_fraction=100.0000%, Lmin=-106165.00, Lmax=-106020.26
11:31:42 [ultranest] [DEBUG] iteration=2240, ncalls=4361, regioncalls=159320, ndraw=40, logz=-106171.16, remainder_fraction=100.0000%, Lmin=-106159.56, Lmax=-106017.42
11:31:42 [ultranest] [DEBUG] iteration=2253, ncalls=4387, regioncalls=160360, ndraw=40, logz=-106168.24, remainder_fraction=100.0000%, Lmin=-106157.01, Lmax=-106017.42
11:31:42 [ultranest] [DEBUG] iteration=2268, ncalls=4413, regioncalls=161400, ndraw=40, logz=-106162.86, remainder_fraction=100.0000%, Lmin=-106152.22, Lmax=-106017.42
11:31:42 [ultranest] [DEBUG] iteration=2280, ncalls=4434, regioncalls=162240, ndraw=40, logz=-106160.54, remainder_fraction=100.0000%, Lmin=-106149.41, Lmax=-106017.42
11:31:42 [ultranest] [DEBUG] iteration=2289, ncalls=4459, regioncalls=163280, ndraw=40, logz=-106157.84, remainder_fraction=100.0000%, Lmin=-106146.53, Lmax=-106017.42
11:31:43 [ultranest] [DEBUG] iteration=2310, ncalls=4484, regioncalls=164280, ndraw=40, logz=-106152.48, remainder_fraction=100.0000%, Lmin=-106140.68, Lmax=-106017.42
11:31:43 [ultranest] [DEBUG] iteration=2320, ncalls=4505, regioncalls=165120, ndraw=40, logz=-106149.72, remainder_fraction=100.0000%, Lmin=-106138.55, Lmax=-106017.42
11:31:43 [ultranest] [DEBUG] iteration=2334, ncalls=4532, regioncalls=166200, ndraw=40, logz=-106146.79, remainder_fraction=100.0000%, Lmin=-106135.62, Lmax=-106017.42
11:31:43 [ultranest] [DEBUG] iteration=2351, ncalls=4557, regioncalls=167200, ndraw=40, logz=-106142.04, remainder_fraction=100.0000%, Lmin=-106130.86, Lmax=-106017.42
11:31:43 [ultranest] [DEBUG] iteration=2360, ncalls=4577, regioncalls=168000, ndraw=40, logz=-106140.18, remainder_fraction=100.0000%, Lmin=-106129.18, Lmax=-106017.42
11:31:43 [ultranest] [DEBUG] iteration=2366, ncalls=4590, regioncalls=168560, ndraw=40, logz=-106139.04, remainder_fraction=100.0000%, Lmin=-106128.02, Lmax=-106017.42
11:31:43 [ultranest] [DEBUG] iteration=2380, ncalls=4616, regioncalls=169600, ndraw=40, logz=-106136.77, remainder_fraction=100.0000%, Lmin=-106125.62, Lmax=-106017.42
11:31:43 [ultranest] [DEBUG] iteration=2398, ncalls=4643, regioncalls=170680, ndraw=40, logz=-106132.80, remainder_fraction=100.0000%, Lmin=-106121.28, Lmax=-106017.42
11:31:43 [ultranest] [DEBUG] iteration=2400, ncalls=4646, regioncalls=170800, ndraw=40, logz=-106132.34, remainder_fraction=100.0000%, Lmin=-106120.91, Lmax=-106017.42
11:31:43 [ultranest] [DEBUG] iteration=2416, ncalls=4671, regioncalls=171800, ndraw=40, logz=-106129.15, remainder_fraction=100.0000%, Lmin=-106117.63, Lmax=-106017.42
11:31:43 [ultranest] [DEBUG] iteration=2430, ncalls=4698, regioncalls=172880, ndraw=40, logz=-106125.90, remainder_fraction=100.0000%, Lmin=-106114.35, Lmax=-106017.42
11:31:43 [ultranest] [DEBUG] iteration=2440, ncalls=4715, regioncalls=173560, ndraw=40, logz=-106124.07, remainder_fraction=100.0000%, Lmin=-106112.67, Lmax=-106017.42
11:31:43 [ultranest] [DEBUG] iteration=2443, ncalls=4723, regioncalls=173920, ndraw=40, logz=-106123.50, remainder_fraction=100.0000%, Lmin=-106111.92, Lmax=-106017.42
11:31:44 [ultranest] [DEBUG] iteration=2460, ncalls=4749, regioncalls=174960, ndraw=40, logz=-106120.47, remainder_fraction=100.0000%, Lmin=-106109.29, Lmax=-106017.42
11:31:44 [ultranest] [DEBUG] iteration=2479, ncalls=4773, regioncalls=175920, ndraw=40, logz=-106117.39, remainder_fraction=100.0000%, Lmin=-106105.82, Lmax=-106017.42
11:31:44 [ultranest] [DEBUG] iteration=2480, ncalls=4775, regioncalls=176000, ndraw=40, logz=-106117.18, remainder_fraction=100.0000%, Lmin=-106105.48, Lmax=-106017.42
11:31:44 [ultranest] [DEBUG] iteration=2495, ncalls=4800, regioncalls=177000, ndraw=40, logz=-106114.63, remainder_fraction=100.0000%, Lmin=-106103.15, Lmax=-106017.42
11:31:44 [ultranest] [DEBUG] iteration=2507, ncalls=4827, regioncalls=178080, ndraw=40, logz=-106111.75, remainder_fraction=100.0000%, Lmin=-106100.41, Lmax=-106017.42
11:31:44 [ultranest] [DEBUG] iteration=2520, ncalls=4851, regioncalls=179080, ndraw=40, logz=-106109.95, remainder_fraction=100.0000%, Lmin=-106098.60, Lmax=-106017.42
11:31:44 [ultranest] [DEBUG] iteration=2537, ncalls=4876, regioncalls=180080, ndraw=40, logz=-106107.45, remainder_fraction=100.0000%, Lmin=-106096.01, Lmax=-106017.42
11:31:44 [ultranest] [DEBUG] iteration=2553, ncalls=4903, regioncalls=181160, ndraw=40, logz=-106105.01, remainder_fraction=100.0000%, Lmin=-106093.15, Lmax=-106017.42
11:31:44 [ultranest] [DEBUG] iteration=2560, ncalls=4915, regioncalls=181640, ndraw=40, logz=-106103.38, remainder_fraction=100.0000%, Lmin=-106091.36, Lmax=-106017.42
11:31:44 [ultranest] [DEBUG] iteration=2573, ncalls=4945, regioncalls=182840, ndraw=40, logz=-106100.61, remainder_fraction=100.0000%, Lmin=-106088.92, Lmax=-106017.42
11:31:44 [ultranest] [DEBUG] iteration=2587, ncalls=4971, regioncalls=183880, ndraw=40, logz=-106098.80, remainder_fraction=100.0000%, Lmin=-106087.23, Lmax=-106017.42
11:31:45 [ultranest] [DEBUG] iteration=2597, ncalls=4988, regioncalls=184640, ndraw=40, logz=-106097.37, remainder_fraction=100.0000%, Lmin=-106085.53, Lmax=-106017.42
11:31:45 [ultranest] [DEBUG] iteration=2600, ncalls=4991, regioncalls=184760, ndraw=40, logz=-106096.73, remainder_fraction=100.0000%, Lmin=-106084.87, Lmax=-106017.42
11:31:45 [ultranest] [DEBUG] iteration=2618, ncalls=5018, regioncalls=185840, ndraw=40, logz=-106094.09, remainder_fraction=100.0000%, Lmin=-106082.56, Lmax=-106017.42
11:31:45 [ultranest] [DEBUG] iteration=2632, ncalls=5046, regioncalls=186960, ndraw=40, logz=-106092.38, remainder_fraction=100.0000%, Lmin=-106081.17, Lmax=-106017.42
11:31:45 [ultranest] [DEBUG] iteration=2640, ncalls=5063, regioncalls=187640, ndraw=40, logz=-106091.38, remainder_fraction=100.0000%, Lmin=-106079.89, Lmax=-106017.42
11:31:45 [ultranest] [DEBUG] iteration=2654, ncalls=5091, regioncalls=188760, ndraw=40, logz=-106089.73, remainder_fraction=100.0000%, Lmin=-106078.49, Lmax=-106017.42
11:31:45 [ultranest] [DEBUG] iteration=2668, ncalls=5117, regioncalls=189800, ndraw=40, logz=-106088.57, remainder_fraction=100.0000%, Lmin=-106077.64, Lmax=-106017.42
11:31:45 [ultranest] [DEBUG] iteration=2680, ncalls=5133, regioncalls=190440, ndraw=40, logz=-106087.67, remainder_fraction=100.0000%, Lmin=-106076.61, Lmax=-106017.42
11:31:45 [ultranest] [DEBUG] iteration=2693, ncalls=5160, regioncalls=191520, ndraw=40, logz=-106086.43, remainder_fraction=100.0000%, Lmin=-106074.66, Lmax=-106017.42
11:31:45 [ultranest] [DEBUG] iteration=2707, ncalls=5185, regioncalls=192520, ndraw=40, logz=-106084.89, remainder_fraction=100.0000%, Lmin=-106073.35, Lmax=-106017.42
11:31:45 [ultranest] [DEBUG] iteration=2720, ncalls=5210, regioncalls=193520, ndraw=40, logz=-106083.59, remainder_fraction=100.0000%, Lmin=-106072.17, Lmax=-106017.42
11:31:46 [ultranest] [DEBUG] iteration=2735, ncalls=5236, regioncalls=194560, ndraw=40, logz=-106081.98, remainder_fraction=100.0000%, Lmin=-106070.46, Lmax=-106017.42
11:31:46 [ultranest] [DEBUG] iteration=2749, ncalls=5262, regioncalls=195600, ndraw=40, logz=-106080.42, remainder_fraction=100.0000%, Lmin=-106068.82, Lmax=-106017.42
11:31:46 [ultranest] [DEBUG] iteration=2751, ncalls=5265, regioncalls=195760, ndraw=40, logz=-106080.22, remainder_fraction=100.0000%, Lmin=-106068.73, Lmax=-106017.42
11:31:46 [ultranest] [DEBUG] iteration=2760, ncalls=5279, regioncalls=196320, ndraw=40, logz=-106079.47, remainder_fraction=100.0000%, Lmin=-106068.02, Lmax=-106017.42
11:31:46 [ultranest] [DEBUG] iteration=2774, ncalls=5304, regioncalls=197320, ndraw=40, logz=-106078.05, remainder_fraction=100.0000%, Lmin=-106066.14, Lmax=-106017.42
11:31:46 [ultranest] [DEBUG] iteration=2793, ncalls=5328, regioncalls=198280, ndraw=40, logz=-106076.07, remainder_fraction=100.0000%, Lmin=-106064.69, Lmax=-106017.42
11:31:46 [ultranest] [DEBUG] iteration=2800, ncalls=5341, regioncalls=198800, ndraw=40, logz=-106075.50, remainder_fraction=100.0000%, Lmin=-106063.96, Lmax=-106017.42
11:31:46 [ultranest] [DEBUG] iteration=2815, ncalls=5366, regioncalls=199800, ndraw=40, logz=-106074.13, remainder_fraction=100.0000%, Lmin=-106062.64, Lmax=-106017.42
11:31:46 [ultranest] [DEBUG] iteration=2826, ncalls=5393, regioncalls=200880, ndraw=40, logz=-106073.20, remainder_fraction=100.0000%, Lmin=-106061.44, Lmax=-106017.42
11:31:46 [ultranest] [DEBUG] iteration=2828, ncalls=5395, regioncalls=201000, ndraw=40, logz=-106073.01, remainder_fraction=100.0000%, Lmin=-106061.26, Lmax=-106017.42
11:31:46 [ultranest] [DEBUG] iteration=2840, ncalls=5413, regioncalls=201720, ndraw=40, logz=-106071.88, remainder_fraction=100.0000%, Lmin=-106059.83, Lmax=-106017.42
11:31:46 [ultranest] [DEBUG] iteration=2856, ncalls=5438, regioncalls=202720, ndraw=40, logz=-106070.27, remainder_fraction=100.0000%, Lmin=-106058.57, Lmax=-106017.42
11:31:47 [ultranest] [DEBUG] iteration=2873, ncalls=5463, regioncalls=203720, ndraw=40, logz=-106069.08, remainder_fraction=100.0000%, Lmin=-106057.67, Lmax=-106017.42
11:31:47 [ultranest] [DEBUG] iteration=2880, ncalls=5477, regioncalls=204280, ndraw=40, logz=-106068.63, remainder_fraction=100.0000%, Lmin=-106056.98, Lmax=-106017.42
11:31:47 [ultranest] [DEBUG] iteration=2896, ncalls=5504, regioncalls=205360, ndraw=40, logz=-106067.16, remainder_fraction=100.0000%, Lmin=-106055.20, Lmax=-106017.42
11:31:47 [ultranest] [DEBUG] iteration=2905, ncalls=5520, regioncalls=206080, ndraw=40, logz=-106066.33, remainder_fraction=100.0000%, Lmin=-106054.52, Lmax=-106016.88
11:31:47 [ultranest] [DEBUG] iteration=2918, ncalls=5545, regioncalls=207120, ndraw=40, logz=-106065.33, remainder_fraction=100.0000%, Lmin=-106053.78, Lmax=-106016.88
11:31:47 [ultranest] [DEBUG] iteration=2920, ncalls=5547, regioncalls=207200, ndraw=40, logz=-106065.21, remainder_fraction=100.0000%, Lmin=-106053.69, Lmax=-106016.88
11:31:47 [ultranest] [DEBUG] iteration=2938, ncalls=5571, regioncalls=208280, ndraw=40, logz=-106064.14, remainder_fraction=100.0000%, Lmin=-106052.55, Lmax=-106015.75
11:31:47 [ultranest] [DEBUG] iteration=2958, ncalls=5595, regioncalls=209240, ndraw=40, logz=-106063.02, remainder_fraction=100.0000%, Lmin=-106051.43, Lmax=-106015.75
11:31:47 [ultranest] [DEBUG] iteration=2960, ncalls=5597, regioncalls=209320, ndraw=40, logz=-106062.90, remainder_fraction=100.0000%, Lmin=-106051.24, Lmax=-106015.75
11:31:47 [ultranest] [DEBUG] iteration=2978, ncalls=5624, regioncalls=210400, ndraw=40, logz=-106061.76, remainder_fraction=100.0000%, Lmin=-106049.86, Lmax=-106015.75
11:31:47 [ultranest] [DEBUG] iteration=2994, ncalls=5648, regioncalls=211360, ndraw=40, logz=-106060.75, remainder_fraction=100.0000%, Lmin=-106049.13, Lmax=-106015.75
11:31:47 [ultranest] [DEBUG] iteration=3000, ncalls=5658, regioncalls=211760, ndraw=40, logz=-106060.42, remainder_fraction=100.0000%, Lmin=-106048.44, Lmax=-106015.75
11:31:47 [ultranest] [DEBUG] iteration=3013, ncalls=5684, regioncalls=212800, ndraw=40, logz=-106059.41, remainder_fraction=100.0000%, Lmin=-106047.39, Lmax=-106015.75
11:31:48 [ultranest] [DEBUG] iteration=3026, ncalls=5710, regioncalls=213840, ndraw=40, logz=-106058.59, remainder_fraction=100.0000%, Lmin=-106046.72, Lmax=-106015.75
11:31:48 [ultranest] [DEBUG] iteration=3040, ncalls=5735, regioncalls=214840, ndraw=40, logz=-106057.85, remainder_fraction=100.0000%, Lmin=-106046.26, Lmax=-106015.43
11:31:48 [ultranest] [DEBUG] iteration=3056, ncalls=5760, regioncalls=215840, ndraw=40, logz=-106057.06, remainder_fraction=100.0000%, Lmin=-106045.37, Lmax=-106015.43
11:31:48 [ultranest] [DEBUG] iteration=3059, ncalls=5764, regioncalls=216040, ndraw=40, logz=-106056.92, remainder_fraction=100.0000%, Lmin=-106045.16, Lmax=-106015.43
11:31:48 [ultranest] [DEBUG] iteration=3078, ncalls=5790, regioncalls=217080, ndraw=40, logz=-106055.87, remainder_fraction=100.0000%, Lmin=-106043.95, Lmax=-106015.43
11:31:48 [ultranest] [DEBUG] iteration=3080, ncalls=5793, regioncalls=217200, ndraw=40, logz=-106055.76, remainder_fraction=100.0000%, Lmin=-106043.91, Lmax=-106015.43
11:31:48 [ultranest] [DEBUG] iteration=3098, ncalls=5821, regioncalls=218320, ndraw=40, logz=-106054.71, remainder_fraction=100.0000%, Lmin=-106042.57, Lmax=-106015.43
11:31:48 [ultranest] [DEBUG] iteration=3114, ncalls=5846, regioncalls=219320, ndraw=40, logz=-106053.80, remainder_fraction=100.0000%, Lmin=-106041.73, Lmax=-106015.43
11:31:48 [ultranest] [DEBUG] iteration=3120, ncalls=5854, regioncalls=219640, ndraw=40, logz=-106053.47, remainder_fraction=100.0000%, Lmin=-106041.56, Lmax=-106015.43
11:31:48 [ultranest] [DEBUG] iteration=3131, ncalls=5880, regioncalls=220680, ndraw=40, logz=-106052.96, remainder_fraction=100.0000%, Lmin=-106041.08, Lmax=-106015.43
11:31:48 [ultranest] [DEBUG] iteration=3136, ncalls=5888, regioncalls=221040, ndraw=40, logz=-106052.73, remainder_fraction=100.0000%, Lmin=-106040.85, Lmax=-106015.43
11:31:48 [ultranest] [DEBUG] iteration=3154, ncalls=5913, regioncalls=222040, ndraw=40, logz=-106051.84, remainder_fraction=100.0000%, Lmin=-106039.92, Lmax=-106015.43
11:31:48 [ultranest] [DEBUG] iteration=3160, ncalls=5921, regioncalls=222360, ndraw=40, logz=-106051.58, remainder_fraction=100.0000%, Lmin=-106039.74, Lmax=-106015.43
11:31:49 [ultranest] [DEBUG] iteration=3179, ncalls=5946, regioncalls=223360, ndraw=40, logz=-106050.83, remainder_fraction=100.0000%, Lmin=-106039.02, Lmax=-106015.43
11:31:49 [ultranest] [DEBUG] iteration=3198, ncalls=5970, regioncalls=224320, ndraw=40, logz=-106050.18, remainder_fraction=100.0000%, Lmin=-106038.35, Lmax=-106015.43
11:31:49 [ultranest] [DEBUG] iteration=3200, ncalls=5972, regioncalls=224400, ndraw=40, logz=-106050.11, remainder_fraction=100.0000%, Lmin=-106038.29, Lmax=-106015.43
11:31:49 [ultranest] [DEBUG] iteration=3213, ncalls=5995, regioncalls=225360, ndraw=40, logz=-106049.56, remainder_fraction=100.0000%, Lmin=-106037.58, Lmax=-106015.43
11:31:49 [ultranest] [DEBUG] iteration=3231, ncalls=6019, regioncalls=226320, ndraw=40, logz=-106048.85, remainder_fraction=100.0000%, Lmin=-106036.83, Lmax=-106015.43
11:31:49 [ultranest] [DEBUG] iteration=3240, ncalls=6038, regioncalls=227080, ndraw=40, logz=-106048.49, remainder_fraction=100.0000%, Lmin=-106036.45, Lmax=-106015.43
11:31:49 [ultranest] [DEBUG] iteration=3255, ncalls=6064, regioncalls=228120, ndraw=40, logz=-106047.91, remainder_fraction=100.0000%, Lmin=-106035.80, Lmax=-106015.43
11:31:49 [ultranest] [DEBUG] iteration=3270, ncalls=6090, regioncalls=229160, ndraw=40, logz=-106047.34, remainder_fraction=100.0000%, Lmin=-106035.30, Lmax=-106015.43
11:31:49 [ultranest] [DEBUG] iteration=3280, ncalls=6107, regioncalls=229840, ndraw=40, logz=-106046.94, remainder_fraction=100.0000%, Lmin=-106034.69, Lmax=-106015.43
11:31:49 [ultranest] [DEBUG] iteration=3294, ncalls=6130, regioncalls=230760, ndraw=40, logz=-106046.33, remainder_fraction=100.0000%, Lmin=-106034.12, Lmax=-106015.43
11:31:49 [ultranest] [DEBUG] iteration=3311, ncalls=6155, regioncalls=231760, ndraw=40, logz=-106045.69, remainder_fraction=100.0000%, Lmin=-106033.53, Lmax=-106015.43
11:31:49 [ultranest] [DEBUG] iteration=3320, ncalls=6173, regioncalls=232480, ndraw=40, logz=-106045.38, remainder_fraction=100.0000%, Lmin=-106033.17, Lmax=-106015.43
11:31:50 [ultranest] [DEBUG] iteration=3333, ncalls=6199, regioncalls=233520, ndraw=40, logz=-106044.90, remainder_fraction=100.0000%, Lmin=-106032.67, Lmax=-106015.43
11:31:50 [ultranest] [DEBUG] iteration=3347, ncalls=6226, regioncalls=234600, ndraw=40, logz=-106044.35, remainder_fraction=100.0000%, Lmin=-106032.07, Lmax=-106015.43
11:31:50 [ultranest] [DEBUG] iteration=3355, ncalls=6253, regioncalls=235680, ndraw=40, logz=-106044.05, remainder_fraction=100.0000%, Lmin=-106031.79, Lmax=-106015.43
11:31:50 [ultranest] [DEBUG] iteration=3360, ncalls=6264, regioncalls=236120, ndraw=40, logz=-106043.88, remainder_fraction=100.0000%, Lmin=-106031.71, Lmax=-106015.43
11:31:50 [ultranest] [DEBUG] iteration=3367, ncalls=6278, regioncalls=236720, ndraw=40, logz=-106043.67, remainder_fraction=99.9999%, Lmin=-106031.54, Lmax=-106015.43
11:31:50 [ultranest] [DEBUG] iteration=3381, ncalls=6303, regioncalls=237720, ndraw=40, logz=-106043.26, remainder_fraction=99.9999%, Lmin=-106031.10, Lmax=-106015.43
11:31:50 [ultranest] [DEBUG] iteration=3399, ncalls=6327, regioncalls=238680, ndraw=40, logz=-106042.70, remainder_fraction=99.9999%, Lmin=-106030.38, Lmax=-106015.43
11:31:50 [ultranest] [DEBUG] iteration=3400, ncalls=6328, regioncalls=238720, ndraw=40, logz=-106042.67, remainder_fraction=99.9999%, Lmin=-106030.35, Lmax=-106015.43
11:31:50 [ultranest] [DEBUG] iteration=3411, ncalls=6355, regioncalls=239840, ndraw=40, logz=-106042.33, remainder_fraction=99.9998%, Lmin=-106030.14, Lmax=-106015.43
11:31:50 [ultranest] [DEBUG] iteration=3424, ncalls=6380, regioncalls=240840, ndraw=40, logz=-106041.95, remainder_fraction=99.9997%, Lmin=-106029.64, Lmax=-106015.43
11:31:50 [ultranest] [DEBUG] iteration=3436, ncalls=6405, regioncalls=241880, ndraw=40, logz=-106041.58, remainder_fraction=99.9996%, Lmin=-106029.22, Lmax=-106015.43
11:31:50 [ultranest] [DEBUG] iteration=3440, ncalls=6412, regioncalls=242160, ndraw=40, logz=-106041.46, remainder_fraction=99.9995%, Lmin=-106029.15, Lmax=-106015.43
11:31:50 [ultranest] [DEBUG] iteration=3444, ncalls=6422, regioncalls=242600, ndraw=40, logz=-106041.34, remainder_fraction=99.9995%, Lmin=-106029.07, Lmax=-106015.43
11:31:51 [ultranest] [DEBUG] iteration=3455, ncalls=6448, regioncalls=243640, ndraw=40, logz=-106041.06, remainder_fraction=99.9993%, Lmin=-106028.94, Lmax=-106015.43
11:31:51 [ultranest] [DEBUG] iteration=3470, ncalls=6474, regioncalls=244680, ndraw=40, logz=-106040.72, remainder_fraction=99.9989%, Lmin=-106028.56, Lmax=-106015.43
11:31:51 [ultranest] [DEBUG] iteration=3480, ncalls=6490, regioncalls=245320, ndraw=40, logz=-106040.49, remainder_fraction=99.9987%, Lmin=-106028.22, Lmax=-106015.43
11:31:51 [ultranest] [DEBUG] iteration=3499, ncalls=6514, regioncalls=246320, ndraw=40, logz=-106040.03, remainder_fraction=99.9979%, Lmin=-106027.70, Lmax=-106015.43
11:31:51 [ultranest] [DEBUG] iteration=3516, ncalls=6539, regioncalls=247320, ndraw=40, logz=-106039.64, remainder_fraction=99.9971%, Lmin=-106027.44, Lmax=-106015.43
11:31:51 [ultranest] [DEBUG] iteration=3520, ncalls=6548, regioncalls=247680, ndraw=40, logz=-106039.55, remainder_fraction=99.9968%, Lmin=-106027.35, Lmax=-106015.43
11:31:51 [ultranest] [DEBUG] iteration=3521, ncalls=6549, regioncalls=247760, ndraw=40, logz=-106039.53, remainder_fraction=99.9967%, Lmin=-106027.32, Lmax=-106015.43
11:31:51 [ultranest] [DEBUG] iteration=3540, ncalls=6575, regioncalls=248800, ndraw=40, logz=-106039.12, remainder_fraction=99.9951%, Lmin=-106026.74, Lmax=-106015.43
11:31:51 [ultranest] [DEBUG] iteration=3560, ncalls=6599, regioncalls=249760, ndraw=40, logz=-106038.65, remainder_fraction=99.9925%, Lmin=-106026.23, Lmax=-106015.43
11:31:51 [ultranest] [DEBUG] iteration=3576, ncalls=6624, regioncalls=250760, ndraw=40, logz=-106038.32, remainder_fraction=99.9905%, Lmin=-106026.01, Lmax=-106015.43
11:31:51 [ultranest] [DEBUG] iteration=3594, ncalls=6651, regioncalls=251840, ndraw=40, logz=-106037.98, remainder_fraction=99.9872%, Lmin=-106025.75, Lmax=-106015.43
11:31:51 [ultranest] [DEBUG] iteration=3600, ncalls=6666, regioncalls=252440, ndraw=40, logz=-106037.88, remainder_fraction=99.9863%, Lmin=-106025.58, Lmax=-106015.43
11:31:52 [ultranest] [DEBUG] iteration=3618, ncalls=6691, regioncalls=253440, ndraw=40, logz=-106037.58, remainder_fraction=99.9815%, Lmin=-106025.35, Lmax=-106015.43
11:31:52 [ultranest] [DEBUG] iteration=3634, ncalls=6718, regioncalls=254520, ndraw=40, logz=-106037.32, remainder_fraction=99.9765%, Lmin=-106025.11, Lmax=-106015.43
11:31:52 [ultranest] [DEBUG] iteration=3640, ncalls=6731, regioncalls=255040, ndraw=40, logz=-106037.23, remainder_fraction=99.9742%, Lmin=-106024.95, Lmax=-106015.43
11:31:52 [ultranest] [DEBUG] iteration=3654, ncalls=6756, regioncalls=256040, ndraw=40, logz=-106037.01, remainder_fraction=99.9681%, Lmin=-106024.73, Lmax=-106015.43
11:31:52 [ultranest] [DEBUG] iteration=3665, ncalls=6782, regioncalls=257080, ndraw=40, logz=-106036.84, remainder_fraction=99.9616%, Lmin=-106024.56, Lmax=-106015.43
11:31:52 [ultranest] [DEBUG] iteration=3675, ncalls=6805, regioncalls=258040, ndraw=40, logz=-106036.69, remainder_fraction=99.9583%, Lmin=-106024.39, Lmax=-106015.43
11:31:52 [ultranest] [DEBUG] iteration=3680, ncalls=6812, regioncalls=258320, ndraw=40, logz=-106036.62, remainder_fraction=99.9564%, Lmin=-106024.36, Lmax=-106015.43
11:31:52 [ultranest] [DEBUG] iteration=3694, ncalls=6837, regioncalls=259320, ndraw=40, logz=-106036.43, remainder_fraction=99.9500%, Lmin=-106024.10, Lmax=-106015.40
11:31:52 [ultranest] [DEBUG] iteration=3712, ncalls=6862, regioncalls=260320, ndraw=40, logz=-106036.18, remainder_fraction=99.9337%, Lmin=-106023.81, Lmax=-106015.40
11:31:52 [ultranest] [DEBUG] iteration=3720, ncalls=6871, regioncalls=260680, ndraw=40, logz=-106036.07, remainder_fraction=99.9252%, Lmin=-106023.70, Lmax=-106015.40
11:31:52 [ultranest] [DEBUG] iteration=3734, ncalls=6896, regioncalls=261680, ndraw=40, logz=-106035.87, remainder_fraction=99.9101%, Lmin=-106023.42, Lmax=-106015.40
11:31:53 [ultranest] [DEBUG] iteration=3749, ncalls=6921, regioncalls=262680, ndraw=40, logz=-106035.66, remainder_fraction=99.8880%, Lmin=-106023.22, Lmax=-106015.40
11:31:53 [ultranest] [DEBUG] iteration=3760, ncalls=6941, regioncalls=263480, ndraw=40, logz=-106035.51, remainder_fraction=99.8730%, Lmin=-106023.06, Lmax=-106015.40
11:31:53 [ultranest] [DEBUG] iteration=3777, ncalls=6967, regioncalls=264520, ndraw=40, logz=-106035.28, remainder_fraction=99.8362%, Lmin=-106022.82, Lmax=-106015.40
11:31:53 [ultranest] [DEBUG] iteration=3796, ncalls=6992, regioncalls=265520, ndraw=40, logz=-106035.04, remainder_fraction=99.7926%, Lmin=-106022.52, Lmax=-106015.40
11:31:53 [ultranest] [DEBUG] iteration=3800, ncalls=6997, regioncalls=265720, ndraw=40, logz=-106034.99, remainder_fraction=99.7792%, Lmin=-106022.47, Lmax=-106015.40
11:31:53 [ultranest] [DEBUG] iteration=3814, ncalls=7024, regioncalls=266800, ndraw=40, logz=-106034.81, remainder_fraction=99.7342%, Lmin=-106022.31, Lmax=-106015.40
11:31:53 [ultranest] [DEBUG] iteration=3827, ncalls=7050, regioncalls=267840, ndraw=40, logz=-106034.65, remainder_fraction=99.6866%, Lmin=-106022.08, Lmax=-106015.40
11:31:53 [ultranest] [DEBUG] iteration=3829, ncalls=7057, regioncalls=268160, ndraw=40, logz=-106034.63, remainder_fraction=99.6775%, Lmin=-106022.03, Lmax=-106015.40
11:31:53 [ultranest] [DEBUG] iteration=3840, ncalls=7072, regioncalls=268880, ndraw=40, logz=-106034.49, remainder_fraction=99.6321%, Lmin=-106021.90, Lmax=-106015.40
11:31:53 [ultranest] [DEBUG] iteration=3856, ncalls=7097, regioncalls=269880, ndraw=40, logz=-106034.29, remainder_fraction=99.5458%, Lmin=-106021.62, Lmax=-106015.40
11:31:53 [ultranest] [DEBUG] iteration=3872, ncalls=7122, regioncalls=270880, ndraw=40, logz=-106034.09, remainder_fraction=99.4523%, Lmin=-106021.45, Lmax=-106015.40
11:31:53 [ultranest] [DEBUG] iteration=3880, ncalls=7131, regioncalls=271240, ndraw=40, logz=-106034.00, remainder_fraction=99.3974%, Lmin=-106021.39, Lmax=-106015.40
11:31:53 [ultranest] [DEBUG] iteration=3894, ncalls=7159, regioncalls=272360, ndraw=40, logz=-106033.84, remainder_fraction=99.3058%, Lmin=-106021.16, Lmax=-106015.40
11:31:54 [ultranest] [DEBUG] iteration=3906, ncalls=7184, regioncalls=273400, ndraw=40, logz=-106033.71, remainder_fraction=99.2440%, Lmin=-106021.02, Lmax=-106015.33
11:31:54 [ultranest] [DEBUG] iteration=3920, ncalls=7206, regioncalls=274280, ndraw=40, logz=-106033.56, remainder_fraction=99.1123%, Lmin=-106020.84, Lmax=-106015.33
11:31:54 [ultranest] [DEBUG] iteration=3939, ncalls=7234, regioncalls=275400, ndraw=40, logz=-106033.36, remainder_fraction=98.9533%, Lmin=-106020.60, Lmax=-106015.33
11:31:54 [ultranest] [DEBUG] iteration=3954, ncalls=7259, regioncalls=276400, ndraw=40, logz=-106033.20, remainder_fraction=98.7683%, Lmin=-106020.50, Lmax=-106015.33
11:31:54 [ultranest] [DEBUG] iteration=3960, ncalls=7266, regioncalls=276680, ndraw=40, logz=-106033.14, remainder_fraction=98.6757%, Lmin=-106020.44, Lmax=-106015.33
11:31:54 [ultranest] [DEBUG] iteration=3973, ncalls=7292, regioncalls=277720, ndraw=40, logz=-106033.02, remainder_fraction=98.5228%, Lmin=-106020.25, Lmax=-106015.33
11:31:54 [ultranest] [DEBUG] iteration=3986, ncalls=7319, regioncalls=278800, ndraw=40, logz=-106032.89, remainder_fraction=98.2897%, Lmin=-106020.12, Lmax=-106015.33
11:31:54 [ultranest] [DEBUG] iteration=3995, ncalls=7347, regioncalls=279920, ndraw=40, logz=-106032.81, remainder_fraction=98.1148%, Lmin=-106020.05, Lmax=-106015.33
11:31:54 [ultranest] [DEBUG] iteration=4000, ncalls=7356, regioncalls=280280, ndraw=40, logz=-106032.76, remainder_fraction=98.0117%, Lmin=-106020.02, Lmax=-106015.33
11:31:54 [ultranest] [DEBUG] iteration=4012, ncalls=7384, regioncalls=281400, ndraw=40, logz=-106032.66, remainder_fraction=97.8074%, Lmin=-106019.91, Lmax=-106015.33
11:31:55 [ultranest] [DEBUG] iteration=4028, ncalls=7409, regioncalls=282400, ndraw=40, logz=-106032.52, remainder_fraction=97.4524%, Lmin=-106019.68, Lmax=-106015.33
11:31:55 [ultranest] [DEBUG] iteration=4039, ncalls=7437, regioncalls=283520, ndraw=40, logz=-106032.42, remainder_fraction=97.1754%, Lmin=-106019.64, Lmax=-106015.33
11:31:55 [ultranest] [DEBUG] iteration=4040, ncalls=7441, regioncalls=283680, ndraw=40, logz=-106032.41, remainder_fraction=97.1520%, Lmin=-106019.63, Lmax=-106015.33
11:31:55 [ultranest] [DEBUG] iteration=4052, ncalls=7471, regioncalls=284880, ndraw=40, logz=-106032.31, remainder_fraction=96.9254%, Lmin=-106019.49, Lmax=-106015.33
11:31:55 [ultranest] [DEBUG] iteration=4060, ncalls=7487, regioncalls=285560, ndraw=40, logz=-106032.25, remainder_fraction=96.7289%, Lmin=-106019.45, Lmax=-106015.33
11:31:55 [ultranest] [DEBUG] iteration=4078, ncalls=7512, regioncalls=286560, ndraw=40, logz=-106032.11, remainder_fraction=96.2420%, Lmin=-106019.33, Lmax=-106015.33
11:31:55 [ultranest] [DEBUG] iteration=4080, ncalls=7514, regioncalls=286640, ndraw=40, logz=-106032.10, remainder_fraction=96.1709%, Lmin=-106019.32, Lmax=-106015.33
11:31:55 [ultranest] [DEBUG] iteration=4093, ncalls=7540, regioncalls=287680, ndraw=40, logz=-106032.00, remainder_fraction=95.7321%, Lmin=-106019.13, Lmax=-106015.33
11:31:55 [ultranest] [DEBUG] iteration=4109, ncalls=7565, regioncalls=288680, ndraw=40, logz=-106031.88, remainder_fraction=95.1616%, Lmin=-106019.03, Lmax=-106015.33
11:31:55 [ultranest] [DEBUG] iteration=4120, ncalls=7585, regioncalls=289480, ndraw=40, logz=-106031.80, remainder_fraction=94.7148%, Lmin=-106018.96, Lmax=-106015.33
11:31:55 [ultranest] [DEBUG] iteration=4136, ncalls=7610, regioncalls=290480, ndraw=40, logz=-106031.69, remainder_fraction=94.0965%, Lmin=-106018.87, Lmax=-106015.33
11:31:55 [ultranest] [DEBUG] iteration=4137, ncalls=7613, regioncalls=290640, ndraw=40, logz=-106031.69, remainder_fraction=94.0479%, Lmin=-106018.87, Lmax=-106015.33
11:31:55 [ultranest] [DEBUG] iteration=4155, ncalls=7638, regioncalls=291640, ndraw=40, logz=-106031.57, remainder_fraction=93.2220%, Lmin=-106018.73, Lmax=-106015.33
11:31:55 [ultranest] [DEBUG] iteration=4160, ncalls=7644, regioncalls=291880, ndraw=40, logz=-106031.54, remainder_fraction=93.0384%, Lmin=-106018.71, Lmax=-106015.33
11:31:56 [ultranest] [DEBUG] iteration=4177, ncalls=7670, regioncalls=292920, ndraw=40, logz=-106031.44, remainder_fraction=92.3812%, Lmin=-106018.62, Lmax=-106015.33
11:31:56 [ultranest] [DEBUG] iteration=4194, ncalls=7695, regioncalls=293920, ndraw=40, logz=-106031.34, remainder_fraction=91.6527%, Lmin=-106018.53, Lmax=-106015.33
11:31:56 [ultranest] [DEBUG] iteration=4200, ncalls=7704, regioncalls=294280, ndraw=40, logz=-106031.31, remainder_fraction=91.4735%, Lmin=-106018.50, Lmax=-106015.33
11:31:56 [ultranest] [DEBUG] iteration=4213, ncalls=7736, regioncalls=295560, ndraw=40, logz=-106031.24, remainder_fraction=90.8145%, Lmin=-106018.38, Lmax=-106015.33
11:31:56 [ultranest] [DEBUG] iteration=4214, ncalls=7737, regioncalls=295680, ndraw=40, logz=-106031.24, remainder_fraction=90.7628%, Lmin=-106018.37, Lmax=-106015.33
11:31:56 [ultranest] [DEBUG] iteration=4232, ncalls=7763, regioncalls=296760, ndraw=40, logz=-106031.14, remainder_fraction=89.7315%, Lmin=-106018.29, Lmax=-106015.33
11:31:56 [ultranest] [DEBUG] iteration=4240, ncalls=7776, regioncalls=297280, ndraw=40, logz=-106031.10, remainder_fraction=89.2590%, Lmin=-106018.24, Lmax=-106015.33
11:31:56 [ultranest] [DEBUG] iteration=4259, ncalls=7801, regioncalls=298280, ndraw=40, logz=-106031.01, remainder_fraction=88.2034%, Lmin=-106018.11, Lmax=-106015.33
11:31:56 [ultranest] [DEBUG] iteration=4276, ncalls=7826, regioncalls=299280, ndraw=40, logz=-106030.92, remainder_fraction=87.0004%, Lmin=-106018.02, Lmax=-106015.33
11:31:56 [ultranest] [DEBUG] iteration=4280, ncalls=7831, regioncalls=299480, ndraw=40, logz=-106030.90, remainder_fraction=86.8048%, Lmin=-106017.99, Lmax=-106015.33
11:31:56 [ultranest] [DEBUG] iteration=4291, ncalls=7859, regioncalls=300640, ndraw=40, logz=-106030.85, remainder_fraction=86.0501%, Lmin=-106017.92, Lmax=-106015.33
11:31:56 [ultranest] [DEBUG] iteration=4308, ncalls=7883, regioncalls=301600, ndraw=40, logz=-106030.78, remainder_fraction=84.8840%, Lmin=-106017.83, Lmax=-106015.33
11:31:57 [ultranest] [DEBUG] iteration=4320, ncalls=7904, regioncalls=302480, ndraw=40, logz=-106030.72, remainder_fraction=83.9687%, Lmin=-106017.77, Lmax=-106015.33
11:31:57 [ultranest] [DEBUG] iteration=4335, ncalls=7930, regioncalls=303520, ndraw=40, logz=-106030.66, remainder_fraction=82.7719%, Lmin=-106017.71, Lmax=-106015.33
11:31:57 [ultranest] [DEBUG] iteration=4350, ncalls=7955, regioncalls=304520, ndraw=40, logz=-106030.60, remainder_fraction=81.8023%, Lmin=-106017.63, Lmax=-106015.33
11:31:57 [ultranest] [DEBUG] iteration=4360, ncalls=7972, regioncalls=305200, ndraw=40, logz=-106030.56, remainder_fraction=80.8766%, Lmin=-106017.55, Lmax=-106015.33
11:31:57 [ultranest] [DEBUG] iteration=4368, ncalls=7988, regioncalls=305880, ndraw=40, logz=-106030.53, remainder_fraction=80.2922%, Lmin=-106017.53, Lmax=-106015.33
11:31:57 [ultranest] [DEBUG] iteration=4387, ncalls=8012, regioncalls=306880, ndraw=40, logz=-106030.45, remainder_fraction=78.6584%, Lmin=-106017.43, Lmax=-106015.33
11:31:57 [ultranest] [DEBUG] iteration=4400, ncalls=8031, regioncalls=307640, ndraw=40, logz=-106030.40, remainder_fraction=77.5860%, Lmin=-106017.37, Lmax=-106015.33
11:31:57 [ultranest] [DEBUG] iteration=4413, ncalls=8057, regioncalls=308680, ndraw=40, logz=-106030.36, remainder_fraction=76.5505%, Lmin=-106017.32, Lmax=-106015.33
11:31:57 [ultranest] [DEBUG] iteration=4430, ncalls=8082, regioncalls=309680, ndraw=40, logz=-106030.30, remainder_fraction=75.0385%, Lmin=-106017.25, Lmax=-106015.33
11:31:57 [ultranest] [DEBUG] iteration=4440, ncalls=8093, regioncalls=310120, ndraw=40, logz=-106030.26, remainder_fraction=74.0368%, Lmin=-106017.21, Lmax=-106015.33
11:31:57 [ultranest] [DEBUG] iteration=4445, ncalls=8106, regioncalls=310680, ndraw=40, logz=-106030.24, remainder_fraction=73.7280%, Lmin=-106017.19, Lmax=-106015.33
11:31:57 [ultranest] [DEBUG] iteration=4461, ncalls=8131, regioncalls=311680, ndraw=40, logz=-106030.19, remainder_fraction=72.5433%, Lmin=-106017.15, Lmax=-106015.33
11:31:58 [ultranest] [DEBUG] iteration=4479, ncalls=8155, regioncalls=312640, ndraw=40, logz=-106030.14, remainder_fraction=70.9900%, Lmin=-106017.10, Lmax=-106015.33
11:31:58 [ultranest] [DEBUG] iteration=4480, ncalls=8161, regioncalls=312880, ndraw=40, logz=-106030.13, remainder_fraction=70.9638%, Lmin=-106017.08, Lmax=-106015.33
11:31:58 [ultranest] [DEBUG] iteration=4497, ncalls=8187, regioncalls=313920, ndraw=40, logz=-106030.08, remainder_fraction=69.2668%, Lmin=-106017.00, Lmax=-106015.33
11:31:58 [ultranest] [DEBUG] iteration=4511, ncalls=8215, regioncalls=315040, ndraw=40, logz=-106030.04, remainder_fraction=67.8323%, Lmin=-106016.96, Lmax=-106015.33
11:31:58 [ultranest] [DEBUG] iteration=4520, ncalls=8230, regioncalls=315640, ndraw=40, logz=-106030.02, remainder_fraction=66.9748%, Lmin=-106016.92, Lmax=-106015.33
11:31:58 [ultranest] [DEBUG] iteration=4522, ncalls=8233, regioncalls=315800, ndraw=40, logz=-106030.01, remainder_fraction=66.7929%, Lmin=-106016.91, Lmax=-106015.33
11:31:58 [ultranest] [DEBUG] iteration=4540, ncalls=8257, regioncalls=316760, ndraw=40, logz=-106029.96, remainder_fraction=65.2686%, Lmin=-106016.84, Lmax=-106015.33
11:31:58 [ultranest] [DEBUG] iteration=4557, ncalls=8282, regioncalls=317760, ndraw=40, logz=-106029.92, remainder_fraction=63.5282%, Lmin=-106016.80, Lmax=-106015.33
11:31:58 [ultranest] [DEBUG] iteration=4560, ncalls=8288, regioncalls=318000, ndraw=40, logz=-106029.91, remainder_fraction=63.2389%, Lmin=-106016.79, Lmax=-106015.33
11:31:58 [ultranest] [DEBUG] iteration=4575, ncalls=8313, regioncalls=319000, ndraw=40, logz=-106029.87, remainder_fraction=61.6942%, Lmin=-106016.76, Lmax=-106015.33
11:31:58 [ultranest] [DEBUG] iteration=4593, ncalls=8337, regioncalls=319960, ndraw=40, logz=-106029.83, remainder_fraction=60.1416%, Lmin=-106016.72, Lmax=-106015.33
11:31:58 [ultranest] [DEBUG] iteration=4599, ncalls=8350, regioncalls=320520, ndraw=40, logz=-106029.81, remainder_fraction=59.6034%, Lmin=-106016.71, Lmax=-106015.33
11:31:58 [ultranest] [DEBUG] iteration=4600, ncalls=8351, regioncalls=320560, ndraw=40, logz=-106029.81, remainder_fraction=59.4844%, Lmin=-106016.71, Lmax=-106015.33
11:31:59 [ultranest] [DEBUG] iteration=4620, ncalls=8374, regioncalls=321480, ndraw=40, logz=-106029.77, remainder_fraction=57.6385%, Lmin=-106016.65, Lmax=-106015.33
11:31:59 [ultranest] [DEBUG] iteration=4637, ncalls=8398, regioncalls=322440, ndraw=40, logz=-106029.73, remainder_fraction=56.0871%, Lmin=-106016.61, Lmax=-106015.33
11:31:59 [ultranest] [DEBUG] iteration=4640, ncalls=8401, regioncalls=322560, ndraw=40, logz=-106029.73, remainder_fraction=55.7860%, Lmin=-106016.60, Lmax=-106015.33
11:31:59 [ultranest] [DEBUG] iteration=4653, ncalls=8428, regioncalls=323720, ndraw=40, logz=-106029.70, remainder_fraction=54.5754%, Lmin=-106016.55, Lmax=-106015.33
11:31:59 [ultranest] [DEBUG] iteration=4666, ncalls=8456, regioncalls=324840, ndraw=40, logz=-106029.67, remainder_fraction=53.3935%, Lmin=-106016.54, Lmax=-106015.33
11:31:59 [ultranest] [DEBUG] iteration=4680, ncalls=8486, regioncalls=326040, ndraw=40, logz=-106029.65, remainder_fraction=52.2397%, Lmin=-106016.50, Lmax=-106015.33
11:31:59 [ultranest] [DEBUG] iteration=4697, ncalls=8511, regioncalls=327040, ndraw=40, logz=-106029.62, remainder_fraction=50.7511%, Lmin=-106016.45, Lmax=-106015.33
11:31:59 [ultranest] [DEBUG] iteration=4710, ncalls=8539, regioncalls=328160, ndraw=40, logz=-106029.59, remainder_fraction=49.5904%, Lmin=-106016.42, Lmax=-106015.33
11:31:59 [ultranest] [DEBUG] iteration=4720, ncalls=8561, regioncalls=329040, ndraw=40, logz=-106029.58, remainder_fraction=48.7076%, Lmin=-106016.40, Lmax=-106015.33
11:31:59 [ultranest] [DEBUG] iteration=4734, ncalls=8590, regioncalls=330200, ndraw=40, logz=-106029.55, remainder_fraction=47.5140%, Lmin=-106016.38, Lmax=-106015.33
11:32:00 [ultranest] [DEBUG] iteration=4750, ncalls=8615, regioncalls=331200, ndraw=40, logz=-106029.53, remainder_fraction=46.1103%, Lmin=-106016.34, Lmax=-106015.33
11:32:00 [ultranest] [DEBUG] iteration=4753, ncalls=8620, regioncalls=331440, ndraw=40, logz=-106029.52, remainder_fraction=45.8191%, Lmin=-106016.33, Lmax=-106015.33
11:32:00 [ultranest] [DEBUG] iteration=4760, ncalls=8630, regioncalls=331840, ndraw=40, logz=-106029.51, remainder_fraction=45.1879%, Lmin=-106016.32, Lmax=-106015.33
11:32:00 [ultranest] [DEBUG] iteration=4775, ncalls=8655, regioncalls=332840, ndraw=40, logz=-106029.49, remainder_fraction=43.9768%, Lmin=-106016.29, Lmax=-106015.33
11:32:00 [ultranest] [DEBUG] iteration=4792, ncalls=8683, regioncalls=333960, ndraw=40, logz=-106029.46, remainder_fraction=42.6293%, Lmin=-106016.25, Lmax=-106015.33
11:32:00 [ultranest] [DEBUG] iteration=4800, ncalls=8697, regioncalls=334520, ndraw=40, logz=-106029.45, remainder_fraction=41.8919%, Lmin=-106016.25, Lmax=-106015.33
11:32:00 [ultranest] [DEBUG] iteration=4812, ncalls=8724, regioncalls=335600, ndraw=40, logz=-106029.44, remainder_fraction=40.9349%, Lmin=-106016.23, Lmax=-106015.33
11:32:00 [ultranest] [DEBUG] iteration=4827, ncalls=8750, regioncalls=336640, ndraw=40, logz=-106029.42, remainder_fraction=39.7644%, Lmin=-106016.22, Lmax=-106015.33
11:32:00 [ultranest] [DEBUG] iteration=4838, ncalls=8775, regioncalls=337640, ndraw=40, logz=-106029.40, remainder_fraction=38.8963%, Lmin=-106016.19, Lmax=-106015.33
11:32:00 [ultranest] [DEBUG] iteration=4840, ncalls=8782, regioncalls=337920, ndraw=40, logz=-106029.40, remainder_fraction=38.7364%, Lmin=-106016.19, Lmax=-106015.33
11:32:00 [ultranest] [DEBUG] iteration=4853, ncalls=8809, regioncalls=339000, ndraw=40, logz=-106029.38, remainder_fraction=37.7998%, Lmin=-106016.17, Lmax=-106015.33
11:32:00 [ultranest] [DEBUG] iteration=4868, ncalls=8834, regioncalls=340000, ndraw=40, logz=-106029.37, remainder_fraction=36.6768%, Lmin=-106016.15, Lmax=-106015.33
11:32:01 [ultranest] [DEBUG] iteration=4880, ncalls=8860, regioncalls=341040, ndraw=40, logz=-106029.35, remainder_fraction=35.8240%, Lmin=-106016.13, Lmax=-106015.33
11:32:01 [ultranest] [DEBUG] iteration=4888, ncalls=8887, regioncalls=342120, ndraw=40, logz=-106029.34, remainder_fraction=35.2094%, Lmin=-106016.11, Lmax=-106015.33
11:32:01 [ultranest] [DEBUG] iteration=4901, ncalls=8912, regioncalls=343120, ndraw=40, logz=-106029.33, remainder_fraction=34.2459%, Lmin=-106016.09, Lmax=-106015.33
11:32:01 [ultranest] [DEBUG] iteration=4907, ncalls=8921, regioncalls=343520, ndraw=40, logz=-106029.32, remainder_fraction=33.8144%, Lmin=-106016.08, Lmax=-106015.33
11:32:01 [ultranest] [DEBUG] iteration=4919, ncalls=8948, regioncalls=344600, ndraw=40, logz=-106029.31, remainder_fraction=32.9547%, Lmin=-106016.06, Lmax=-106015.33
11:32:01 [ultranest] [DEBUG] iteration=4920, ncalls=8949, regioncalls=344640, ndraw=40, logz=-106029.31, remainder_fraction=32.8837%, Lmin=-106016.06, Lmax=-106015.33
11:32:01 [ultranest] [DEBUG] iteration=4935, ncalls=8975, regioncalls=345680, ndraw=40, logz=-106029.29, remainder_fraction=31.8577%, Lmin=-106016.05, Lmax=-106015.33
11:32:01 [ultranest] [DEBUG] iteration=4948, ncalls=9002, regioncalls=346760, ndraw=40, logz=-106029.28, remainder_fraction=30.9596%, Lmin=-106016.02, Lmax=-106015.33
11:32:01 [ultranest] [DEBUG] iteration=4960, ncalls=9022, regioncalls=347560, ndraw=40, logz=-106029.27, remainder_fraction=30.1418%, Lmin=-106016.00, Lmax=-106015.33
11:32:01 [ultranest] [DEBUG] iteration=4973, ncalls=9049, regioncalls=348640, ndraw=40, logz=-106029.26, remainder_fraction=29.3517%, Lmin=-106015.98, Lmax=-106015.32
11:32:01 [ultranest] [DEBUG] iteration=4984, ncalls=9066, regioncalls=349400, ndraw=40, logz=-106029.25, remainder_fraction=28.6345%, Lmin=-106015.97, Lmax=-106015.32
11:32:01 [ultranest] [DEBUG] iteration=5000, ncalls=9086, regioncalls=350200, ndraw=40, logz=-106029.24, remainder_fraction=27.6258%, Lmin=-106015.95, Lmax=-106015.32
11:32:02 [ultranest] [DEBUG] iteration=5017, ncalls=9113, regioncalls=351280, ndraw=40, logz=-106029.22, remainder_fraction=26.5743%, Lmin=-106015.93, Lmax=-106015.32
11:32:02 [ultranest] [DEBUG] iteration=5032, ncalls=9138, regioncalls=352280, ndraw=40, logz=-106029.21, remainder_fraction=25.7075%, Lmin=-106015.91, Lmax=-106015.32
11:32:02 [ultranest] [DEBUG] iteration=5040, ncalls=9151, regioncalls=352800, ndraw=40, logz=-106029.20, remainder_fraction=25.2512%, Lmin=-106015.90, Lmax=-106015.32
11:32:02 [ultranest] [DEBUG] iteration=5059, ncalls=9177, regioncalls=353840, ndraw=40, logz=-106029.19, remainder_fraction=24.2074%, Lmin=-106015.88, Lmax=-106015.32
11:32:02 [ultranest] [DEBUG] iteration=5061, ncalls=9179, regioncalls=353960, ndraw=40, logz=-106029.19, remainder_fraction=24.1116%, Lmin=-106015.87, Lmax=-106015.32
11:32:02 [ultranest] [DEBUG] iteration=5080, ncalls=9202, regioncalls=354960, ndraw=40, logz=-106029.17, remainder_fraction=23.0912%, Lmin=-106015.85, Lmax=-106015.32
11:32:02 [ultranest] [DEBUG] iteration=5096, ncalls=9227, regioncalls=355960, ndraw=40, logz=-106029.16, remainder_fraction=22.2727%, Lmin=-106015.82, Lmax=-106015.32
11:32:02 [ultranest] [DEBUG] iteration=5116, ncalls=9251, regioncalls=356920, ndraw=40, logz=-106029.15, remainder_fraction=21.2287%, Lmin=-106015.80, Lmax=-106015.32
11:32:02 [ultranest] [DEBUG] iteration=5120, ncalls=9260, regioncalls=357280, ndraw=40, logz=-106029.15, remainder_fraction=21.0302%, Lmin=-106015.80, Lmax=-106015.32
11:32:02 [ultranest] [DEBUG] iteration=5136, ncalls=9285, regioncalls=358280, ndraw=40, logz=-106029.14, remainder_fraction=20.2472%, Lmin=-106015.78, Lmax=-106015.32
11:32:02 [ultranest] [DEBUG] iteration=5138, ncalls=9287, regioncalls=358400, ndraw=40, logz=-106029.14, remainder_fraction=20.1499%, Lmin=-106015.78, Lmax=-106015.32
11:32:02 [ultranest] [DEBUG] iteration=5153, ncalls=9312, regioncalls=359400, ndraw=40, logz=-106029.13, remainder_fraction=19.4306%, Lmin=-106015.77, Lmax=-106015.32
11:32:02 [ultranest] [DEBUG] iteration=5160, ncalls=9328, regioncalls=360040, ndraw=40, logz=-106029.12, remainder_fraction=19.1144%, Lmin=-106015.76, Lmax=-106015.32
11:32:03 [ultranest] [DEBUG] iteration=5181, ncalls=9354, regioncalls=361080, ndraw=40, logz=-106029.11, remainder_fraction=18.1784%, Lmin=-106015.74, Lmax=-106015.32
11:32:03 [ultranest] [DEBUG] iteration=5198, ncalls=9378, regioncalls=362040, ndraw=40, logz=-106029.10, remainder_fraction=17.3921%, Lmin=-106015.73, Lmax=-106015.32
11:32:03 [ultranest] [DEBUG] iteration=5200, ncalls=9380, regioncalls=362120, ndraw=40, logz=-106029.10, remainder_fraction=17.3193%, Lmin=-106015.73, Lmax=-106015.32
11:32:03 [ultranest] [DEBUG] iteration=5215, ncalls=9402, regioncalls=363040, ndraw=40, logz=-106029.09, remainder_fraction=16.6888%, Lmin=-106015.72, Lmax=-106015.32
11:32:03 [ultranest] [DEBUG] iteration=5232, ncalls=9428, regioncalls=364080, ndraw=40, logz=-106029.09, remainder_fraction=16.0210%, Lmin=-106015.71, Lmax=-106015.32
11:32:03 [ultranest] [DEBUG] iteration=5240, ncalls=9437, regioncalls=364440, ndraw=40, logz=-106029.08, remainder_fraction=15.7327%, Lmin=-106015.71, Lmax=-106015.32
11:32:03 [ultranest] [DEBUG] iteration=5257, ncalls=9461, regioncalls=365400, ndraw=40, logz=-106029.07, remainder_fraction=15.0979%, Lmin=-106015.70, Lmax=-106015.32
11:32:03 [ultranest] [DEBUG] iteration=5275, ncalls=9486, regioncalls=366400, ndraw=40, logz=-106029.07, remainder_fraction=14.4400%, Lmin=-106015.68, Lmax=-106015.32
11:32:03 [ultranest] [DEBUG] iteration=5280, ncalls=9495, regioncalls=366760, ndraw=40, logz=-106029.07, remainder_fraction=14.2790%, Lmin=-106015.68, Lmax=-106015.32
11:32:03 [ultranest] [DEBUG] iteration=5292, ncalls=9517, regioncalls=367680, ndraw=40, logz=-106029.06, remainder_fraction=13.8505%, Lmin=-106015.67, Lmax=-106015.31
11:32:03 [ultranest] [DEBUG] iteration=5309, ncalls=9542, regioncalls=368680, ndraw=40, logz=-106029.05, remainder_fraction=13.2940%, Lmin=-106015.66, Lmax=-106015.31
11:32:03 [ultranest] [DEBUG] iteration=5320, ncalls=9557, regioncalls=369280, ndraw=40, logz=-106029.05, remainder_fraction=12.9250%, Lmin=-106015.65, Lmax=-106015.31
11:32:04 [ultranest] [DEBUG] iteration=5338, ncalls=9584, regioncalls=370360, ndraw=40, logz=-106029.04, remainder_fraction=12.3413%, Lmin=-106015.64, Lmax=-106015.31
11:32:04 [ultranest] [DEBUG] iteration=5354, ncalls=9609, regioncalls=371360, ndraw=40, logz=-106029.04, remainder_fraction=11.8644%, Lmin=-106015.63, Lmax=-106015.31
11:32:04 [ultranest] [DEBUG] iteration=5360, ncalls=9619, regioncalls=371760, ndraw=40, logz=-106029.04, remainder_fraction=11.6876%, Lmin=-106015.63, Lmax=-106015.31
11:32:04 [ultranest] [DEBUG] iteration=5369, ncalls=9630, regioncalls=372240, ndraw=40, logz=-106029.03, remainder_fraction=11.4201%, Lmin=-106015.62, Lmax=-106015.31
11:32:04 [ultranest] [DEBUG] iteration=5387, ncalls=9656, regioncalls=373280, ndraw=40, logz=-106029.03, remainder_fraction=10.9033%, Lmin=-106015.61, Lmax=-106015.31
11:32:04 [ultranest] [DEBUG] iteration=5400, ncalls=9676, regioncalls=374080, ndraw=40, logz=-106029.02, remainder_fraction=10.5433%, Lmin=-106015.60, Lmax=-106015.31
11:32:04 [ultranest] [DEBUG] iteration=5417, ncalls=9701, regioncalls=375080, ndraw=40, logz=-106029.02, remainder_fraction=10.0920%, Lmin=-106015.59, Lmax=-106015.31
11:32:04 [ultranest] [DEBUG] iteration=5433, ncalls=9728, regioncalls=376160, ndraw=40, logz=-106029.01, remainder_fraction=9.6817%, Lmin=-106015.58, Lmax=-106015.31
11:32:04 [ultranest] [DEBUG] iteration=5440, ncalls=9740, regioncalls=376640, ndraw=40, logz=-106029.01, remainder_fraction=9.5201%, Lmin=-106015.58, Lmax=-106015.31
11:32:04 [ultranest] [DEBUG] iteration=5446, ncalls=9750, regioncalls=377080, ndraw=40, logz=-106029.01, remainder_fraction=9.3757%, Lmin=-106015.57, Lmax=-106015.31
11:32:04 [ultranest] [DEBUG] iteration=5463, ncalls=9775, regioncalls=378120, ndraw=40, logz=-106029.01, remainder_fraction=8.9714%, Lmin=-106015.56, Lmax=-106015.31
11:32:04 [ultranest] [DEBUG] iteration=5480, ncalls=9798, regioncalls=379040, ndraw=40, logz=-106029.00, remainder_fraction=8.5773%, Lmin=-106015.55, Lmax=-106015.31
11:32:05 [ultranest] [DEBUG] iteration=5494, ncalls=9824, regioncalls=380080, ndraw=40, logz=-106029.00, remainder_fraction=8.2557%, Lmin=-106015.54, Lmax=-106015.31
11:32:05 [ultranest] [DEBUG] iteration=5510, ncalls=9849, regioncalls=381080, ndraw=40, logz=-106028.99, remainder_fraction=7.9080%, Lmin=-106015.54, Lmax=-106015.31
11:32:05 [ultranest] [DEBUG] iteration=5520, ncalls=9862, regioncalls=381600, ndraw=40, logz=-106028.99, remainder_fraction=7.7003%, Lmin=-106015.53, Lmax=-106015.31
11:32:05 [ultranest] [DEBUG] iteration=5523, ncalls=9867, regioncalls=381840, ndraw=40, logz=-106028.99, remainder_fraction=7.6357%, Lmin=-106015.53, Lmax=-106015.31
11:32:05 [ultranest] [DEBUG] iteration=5540, ncalls=9893, regioncalls=382880, ndraw=40, logz=-106028.99, remainder_fraction=7.2926%, Lmin=-106015.52, Lmax=-106015.31
11:32:05 [ultranest] [DEBUG] iteration=5560, ncalls=9918, regioncalls=383880, ndraw=40, logz=-106028.98, remainder_fraction=6.9077%, Lmin=-106015.52, Lmax=-106015.31
11:32:05 [ultranest] [DEBUG] iteration=5575, ncalls=9943, regioncalls=384880, ndraw=40, logz=-106028.98, remainder_fraction=6.6367%, Lmin=-106015.51, Lmax=-106015.31
11:32:05 [ultranest] [DEBUG] iteration=5593, ncalls=9967, regioncalls=385840, ndraw=40, logz=-106028.98, remainder_fraction=6.3267%, Lmin=-106015.51, Lmax=-106015.31
11:32:05 [ultranest] [DEBUG] iteration=5600, ncalls=9983, regioncalls=386520, ndraw=40, logz=-106028.98, remainder_fraction=6.2092%, Lmin=-106015.51, Lmax=-106015.31
11:32:05 [ultranest] [DEBUG] iteration=5620, ncalls=10008, regioncalls=387520, ndraw=40, logz=-106028.97, remainder_fraction=5.8833%, Lmin=-106015.50, Lmax=-106015.31
11:32:05 [ultranest] [DEBUG] iteration=5637, ncalls=10033, regioncalls=388520, ndraw=40, logz=-106028.97, remainder_fraction=5.6244%, Lmin=-106015.49, Lmax=-106015.31
11:32:05 [ultranest] [DEBUG] iteration=5640, ncalls=10036, regioncalls=388640, ndraw=40, logz=-106028.97, remainder_fraction=5.5771%, Lmin=-106015.49, Lmax=-106015.31
11:32:06 [ultranest] [DEBUG] iteration=5657, ncalls=10060, regioncalls=389600, ndraw=40, logz=-106028.97, remainder_fraction=5.3264%, Lmin=-106015.48, Lmax=-106015.31
11:32:06 [ultranest] [DEBUG] iteration=5673, ncalls=10086, regioncalls=390640, ndraw=40, logz=-106028.96, remainder_fraction=5.1002%, Lmin=-106015.48, Lmax=-106015.31
11:32:06 [ultranest] [DEBUG] iteration=5677, ncalls=10094, regioncalls=391040, ndraw=40, logz=-106028.96, remainder_fraction=5.0429%, Lmin=-106015.47, Lmax=-106015.31
11:32:06 [ultranest] [DEBUG] iteration=5680, ncalls=10097, regioncalls=391160, ndraw=40, logz=-106028.96, remainder_fraction=5.0014%, Lmin=-106015.47, Lmax=-106015.31
11:32:06 [ultranest] [DEBUG] iteration=5697, ncalls=10121, regioncalls=392160, ndraw=40, logz=-106028.96, remainder_fraction=4.7733%, Lmin=-106015.47, Lmax=-106015.31
11:32:06 [ultranest] [DEBUG] iteration=5712, ncalls=10145, regioncalls=393160, ndraw=40, logz=-106028.96, remainder_fraction=4.5809%, Lmin=-106015.47, Lmax=-106015.31
11:32:06 [ultranest] [DEBUG] iteration=5720, ncalls=10159, regioncalls=393720, ndraw=40, logz=-106028.96, remainder_fraction=4.4831%, Lmin=-106015.46, Lmax=-106015.31
11:32:06 [ultranest] [DEBUG] iteration=5735, ncalls=10184, regioncalls=394720, ndraw=40, logz=-106028.96, remainder_fraction=4.3011%, Lmin=-106015.46, Lmax=-106015.31
11:32:06 [ultranest] [DEBUG] iteration=5749, ncalls=10209, regioncalls=395720, ndraw=40, logz=-106028.95, remainder_fraction=4.1420%, Lmin=-106015.45, Lmax=-106015.31
11:32:06 [ultranest] [DEBUG] iteration=5754, ncalls=10217, regioncalls=396080, ndraw=40, logz=-106028.95, remainder_fraction=4.0864%, Lmin=-106015.45, Lmax=-106015.31
11:32:06 [ultranest] [DEBUG] iteration=5760, ncalls=10226, regioncalls=396440, ndraw=40, logz=-106028.95, remainder_fraction=4.0174%, Lmin=-106015.45, Lmax=-106015.31
11:32:06 [ultranest] [DEBUG] iteration=5773, ncalls=10251, regioncalls=397440, ndraw=40, logz=-106028.95, remainder_fraction=3.8727%, Lmin=-106015.45, Lmax=-106015.31
11:32:06 [ultranest] [DEBUG] iteration=5792, ncalls=10276, regioncalls=398440, ndraw=40, logz=-106028.95, remainder_fraction=3.6728%, Lmin=-106015.44, Lmax=-106015.31
11:32:06 [ultranest] [DEBUG] iteration=5800, ncalls=10289, regioncalls=398960, ndraw=40, logz=-106028.95, remainder_fraction=3.5949%, Lmin=-106015.44, Lmax=-106015.31
11:32:07 [ultranest] [DEBUG] iteration=5812, ncalls=10316, regioncalls=400040, ndraw=40, logz=-106028.95, remainder_fraction=3.4783%, Lmin=-106015.44, Lmax=-106015.31
11:32:07 [ultranest] [DEBUG] iteration=5823, ncalls=10342, regioncalls=401080, ndraw=40, logz=-106028.95, remainder_fraction=3.3737%, Lmin=-106015.44, Lmax=-106015.31
11:32:07 [ultranest] [DEBUG] iteration=5837, ncalls=10367, regioncalls=402080, ndraw=40, logz=-106028.94, remainder_fraction=3.2446%, Lmin=-106015.43, Lmax=-106015.31
11:32:07 [ultranest] [DEBUG] iteration=5840, ncalls=10371, regioncalls=402240, ndraw=40, logz=-106028.94, remainder_fraction=3.2178%, Lmin=-106015.43, Lmax=-106015.31
11:32:07 [ultranest] [DEBUG] iteration=5853, ncalls=10397, regioncalls=403280, ndraw=40, logz=-106028.94, remainder_fraction=3.1038%, Lmin=-106015.43, Lmax=-106015.31
11:32:07 [ultranest] [DEBUG] iteration=5865, ncalls=10424, regioncalls=404360, ndraw=40, logz=-106028.94, remainder_fraction=3.0034%, Lmin=-106015.42, Lmax=-106015.31
11:32:07 [ultranest] [DEBUG] iteration=5878, ncalls=10449, regioncalls=405360, ndraw=40, logz=-106028.94, remainder_fraction=2.8972%, Lmin=-106015.42, Lmax=-106015.31
11:32:07 [ultranest] [DEBUG] iteration=5880, ncalls=10453, regioncalls=405520, ndraw=40, logz=-106028.94, remainder_fraction=2.8809%, Lmin=-106015.42, Lmax=-106015.31
11:32:07 [ultranest] [DEBUG] iteration=5892, ncalls=10480, regioncalls=406600, ndraw=40, logz=-106028.94, remainder_fraction=2.7859%, Lmin=-106015.42, Lmax=-106015.31
11:32:07 [ultranest] [DEBUG] iteration=5903, ncalls=10506, regioncalls=407640, ndraw=40, logz=-106028.94, remainder_fraction=2.7015%, Lmin=-106015.42, Lmax=-106015.31
11:32:07 [ultranest] [DEBUG] iteration=5912, ncalls=10530, regioncalls=408600, ndraw=40, logz=-106028.94, remainder_fraction=2.6336%, Lmin=-106015.42, Lmax=-106015.31
11:32:08 [ultranest] [DEBUG] iteration=5920, ncalls=10542, regioncalls=409080, ndraw=40, logz=-106028.94, remainder_fraction=2.5755%, Lmin=-106015.41, Lmax=-106015.31
11:32:08 [ultranest] [DEBUG] iteration=5931, ncalls=10572, regioncalls=410280, ndraw=40, logz=-106028.94, remainder_fraction=2.4988%, Lmin=-106015.41, Lmax=-106015.31
11:32:08 [ultranest] [DEBUG] iteration=5942, ncalls=10599, regioncalls=411360, ndraw=40, logz=-106028.94, remainder_fraction=2.4241%, Lmin=-106015.41, Lmax=-106015.31
11:32:08 [ultranest] [DEBUG] iteration=5953, ncalls=10625, regioncalls=412400, ndraw=40, logz=-106028.94, remainder_fraction=2.3500%, Lmin=-106015.41, Lmax=-106015.31
11:32:08 [ultranest] [DEBUG] iteration=5960, ncalls=10635, regioncalls=412800, ndraw=40, logz=-106028.93, remainder_fraction=2.3041%, Lmin=-106015.41, Lmax=-106015.31
11:32:08 [ultranest] [DEBUG] iteration=5969, ncalls=10661, regioncalls=413840, ndraw=40, logz=-106028.93, remainder_fraction=2.2472%, Lmin=-106015.41, Lmax=-106015.31
11:32:08 [ultranest] [DEBUG] iteration=5981, ncalls=10688, regioncalls=414920, ndraw=40, logz=-106028.93, remainder_fraction=2.1723%, Lmin=-106015.40, Lmax=-106015.31
11:32:08 [ultranest] [DEBUG] iteration=5985, ncalls=10702, regioncalls=415520, ndraw=40, logz=-106028.93, remainder_fraction=2.1480%, Lmin=-106015.40, Lmax=-106015.31
11:32:08 [ultranest] [DEBUG] iteration=5999, ncalls=10727, regioncalls=416600, ndraw=40, logz=-106028.93, remainder_fraction=2.0661%, Lmin=-106015.40, Lmax=-106015.31
11:32:08 [ultranest] [DEBUG] iteration=6000, ncalls=10728, regioncalls=416640, ndraw=40, logz=-106028.93, remainder_fraction=2.0605%, Lmin=-106015.40, Lmax=-106015.31
11:32:08 [ultranest] [DEBUG] iteration=6017, ncalls=10753, regioncalls=417640, ndraw=40, logz=-106028.93, remainder_fraction=1.9645%, Lmin=-106015.40, Lmax=-106015.31
11:32:08 [ultranest] [DEBUG] iteration=6037, ncalls=10777, regioncalls=418600, ndraw=40, logz=-106028.93, remainder_fraction=1.8579%, Lmin=-106015.40, Lmax=-106015.31
11:32:08 [ultranest] [DEBUG] iteration=6040, ncalls=10781, regioncalls=418760, ndraw=40, logz=-106028.93, remainder_fraction=1.8423%, Lmin=-106015.40, Lmax=-106015.31
11:32:09 [ultranest] [DEBUG] iteration=6056, ncalls=10806, regioncalls=419760, ndraw=40, logz=-106028.93, remainder_fraction=1.7619%, Lmin=-106015.39, Lmax=-106015.31
11:32:09 [ultranest] [DEBUG] iteration=6062, ncalls=10813, regioncalls=420160, ndraw=40, logz=-106028.93, remainder_fraction=1.7326%, Lmin=-106015.39, Lmax=-106015.31
11:32:09 [ultranest] [DEBUG] iteration=6078, ncalls=10838, regioncalls=421160, ndraw=40, logz=-106028.93, remainder_fraction=1.6563%, Lmin=-106015.39, Lmax=-106015.31
11:32:09 [ultranest] [DEBUG] iteration=6080, ncalls=10840, regioncalls=421240, ndraw=40, logz=-106028.93, remainder_fraction=1.6470%, Lmin=-106015.39, Lmax=-106015.31
11:32:09 [ultranest] [DEBUG] iteration=6096, ncalls=10866, regioncalls=422280, ndraw=40, logz=-106028.93, remainder_fraction=1.5744%, Lmin=-106015.38, Lmax=-106015.31
11:32:09 [ultranest] [DEBUG] iteration=6113, ncalls=10894, regioncalls=423400, ndraw=40, logz=-106028.93, remainder_fraction=1.5006%, Lmin=-106015.38, Lmax=-106015.31
11:32:09 [ultranest] [DEBUG] iteration=6120, ncalls=10910, regioncalls=424040, ndraw=40, logz=-106028.93, remainder_fraction=1.4709%, Lmin=-106015.38, Lmax=-106015.31
11:32:09 [ultranest] [DEBUG] iteration=6138, ncalls=10934, regioncalls=425000, ndraw=40, logz=-106028.93, remainder_fraction=1.3978%, Lmin=-106015.38, Lmax=-106015.31
11:32:09 [ultranest] [DEBUG] iteration=6139, ncalls=10935, regioncalls=425080, ndraw=40, logz=-106028.93, remainder_fraction=1.3939%, Lmin=-106015.38, Lmax=-106015.31
11:32:09 [ultranest] [DEBUG] iteration=6157, ncalls=10959, regioncalls=426040, ndraw=40, logz=-106028.92, remainder_fraction=1.3247%, Lmin=-106015.37, Lmax=-106015.31
11:32:09 [ultranest] [DEBUG] iteration=6160, ncalls=10962, regioncalls=426160, ndraw=40, logz=-106028.92, remainder_fraction=1.3134%, Lmin=-106015.37, Lmax=-106015.31
11:32:09 [ultranest] [DEBUG] iteration=6177, ncalls=10986, regioncalls=427120, ndraw=40, logz=-106028.92, remainder_fraction=1.2514%, Lmin=-106015.37, Lmax=-106015.31
11:32:09 [ultranest] [DEBUG] iteration=6192, ncalls=11010, regioncalls=428080, ndraw=40, logz=-106028.92, remainder_fraction=1.1992%, Lmin=-106015.37, Lmax=-106015.31
11:32:09 [ultranest] [DEBUG] iteration=6200, ncalls=11020, regioncalls=428480, ndraw=40, logz=-106028.92, remainder_fraction=1.1723%, Lmin=-106015.37, Lmax=-106015.31
11:32:10 [ultranest] [DEBUG] iteration=6213, ncalls=11045, regioncalls=429480, ndraw=40, logz=-106028.92, remainder_fraction=1.1302%, Lmin=-106015.37, Lmax=-106015.31
11:32:10 [ultranest] [DEBUG] iteration=6216, ncalls=11049, regioncalls=429720, ndraw=40, logz=-106028.92, remainder_fraction=1.1207%, Lmin=-106015.37, Lmax=-106015.31
11:32:10 [ultranest] [DEBUG] iteration=6235, ncalls=11074, regioncalls=430720, ndraw=40, logz=-106028.92, remainder_fraction=1.0617%, Lmin=-106015.37, Lmax=-106015.31
11:32:10 [ultranest] [DEBUG] iteration=6240, ncalls=11081, regioncalls=431000, ndraw=40, logz=-106028.92, remainder_fraction=1.0468%, Lmin=-106015.37, Lmax=-106015.31
11:32:10 [ultranest] [DEBUG] iteration=6256, ncalls=11106, regioncalls=432000, ndraw=40, logz=-106028.92, remainder_fraction=1.0004%, Lmin=-106015.36, Lmax=-106015.31
11:32:10 [ultranest] [INFO] Explored until L=-1e+05  
11:32:10 [ultranest] [INFO] Likelihood function evaluations: 11106
11:32:11 [ultranest] [INFO] Writing samples and results to disk ...
11:32:11 [ultranest] [INFO] Writing samples and results to disk ... done
11:32:11 [ultranest] [DEBUG] did a run_iter pass!
11:32:11 [ultranest] [INFO]   logZ = -1.06e+05 +- 0.1277
11:32:11 [ultranest] [INFO] Effective samples strategy satisfied (ESS = 1582.2, need >400)
11:32:11 [ultranest] [INFO] Posterior uncertainty strategy is satisfied (KL: 0.46+-0.09 nat, need <0.50 nat)
11:32:11 [ultranest] [INFO] Evidency uncertainty strategy is satisfied (dlogz=0.13, need <0.5)
11:32:11 [ultranest] [INFO]   logZ error budget: single: 0.19 bs:0.13 tail:0.01 total:0.13 required:<0.50
11:32:11 [ultranest] [INFO] done iterating.
11:32:11 [ultranest] [DEBUG] Making corner plot ...
11:32:12 [ultranest] [DEBUG] Making corner plot ... done
11:32:12 [ultranest] [DEBUG] Making run plot ... 
11:32:13 [ultranest] [DEBUG] Making run plot ... done
11:32:13 [ultranest] [DEBUG] Making trace plot ... 
11:32:14 [ultranest] [DEBUG] Making trace plot ... done
