10:40:12 [ultranest] [DEBUG] ReactiveNestedSampler: dims=3+0, resume=False, log_dir=./m-values/N24/S32/M24/T029/P02/NF3/sample_rho, backend=hdf5, vectorized=False, nbootstraps=30, ndraw=128..65536
10:40:12 [ultranest] [INFO] Sampling 400 live points from prior ...
10:40:13 [ultranest] [DEBUG] run_iter dlogz=0.5, dKL=0.5, frac_remain=0.01, Lepsilon=0.0010, min_ess=400
10:40:13 [ultranest] [DEBUG] max_iters=-1, max_ncalls=-1, max_num_improvement_loops=-1, min_num_live_points=400, cluster_num_live_points=40
10:40:13 [ultranest] [DEBUG] minimal_widths_sequence: [(-inf, 400.0), (inf, 400.0)]
10:40:13 [ultranest] [DEBUG] Plateau detected at L=-1.079268e+07, not replacing live point.
10:40:13 [ultranest] [DEBUG] Plateau detected at L=-1.079268e+07, not replacing live point.
10:40:13 [ultranest] [DEBUG] Plateau detected at L=-1.079268e+07, not replacing live point.
10:40:13 [ultranest] [DEBUG] Plateau detected at L=-1.079268e+07, not replacing live point.
10:40:13 [ultranest] [DEBUG] Plateau detected at L=-1.079268e+07, not replacing live point.
10:40:13 [ultranest] [DEBUG] Plateau detected at L=-1.079268e+07, not replacing live point.
10:40:13 [ultranest] [DEBUG] Plateau detected at L=-1.079268e+07, not replacing live point.
10:40:13 [ultranest] [DEBUG] Plateau detected at L=-1.079268e+07, not replacing live point.
10:40:13 [ultranest] [DEBUG] Plateau detected at L=-1.079268e+07, not replacing live point.
10:40:13 [ultranest] [DEBUG] Plateau detected at L=-1.079268e+07, not replacing live point.
10:40:13 [ultranest] [DEBUG] Plateau detected at L=-1.079268e+07, not replacing live point.
10:40:13 [ultranest] [DEBUG] Plateau detected at L=-1.079268e+07, not replacing live point.
10:40:13 [ultranest] [DEBUG] Plateau detected at L=-1.079268e+07, not replacing live point.
10:40:13 [ultranest] [DEBUG] Plateau detected at L=-1.079268e+07, not replacing live point.
10:40:13 [ultranest] [DEBUG] Plateau detected at L=-1.079268e+07, not replacing live point.
10:40:13 [ultranest] [DEBUG] Plateau detected at L=-1.079268e+07, not replacing live point.
10:40:13 [ultranest] [DEBUG] Plateau detected at L=-1.079268e+07, not replacing live point.
10:40:13 [ultranest] [DEBUG] Plateau detected at L=-1.079268e+07, not replacing live point.
10:40:13 [ultranest] [DEBUG] Plateau detected at L=-1.079268e+07, not replacing live point.
10:40:13 [ultranest] [DEBUG] Plateau detected at L=-1.079268e+07, not replacing live point.
10:40:13 [ultranest] [DEBUG] Plateau detected at L=-1.079268e+07, not replacing live point.
10:40:13 [ultranest] [DEBUG] Plateau detected at L=-1.079268e+07, not replacing live point.
10:40:13 [ultranest] [DEBUG] Plateau detected at L=-1.079268e+07, not replacing live point.
10:40:13 [ultranest] [DEBUG] Plateau detected at L=-1.079268e+07, not replacing live point.
10:40:13 [ultranest] [DEBUG] Plateau detected at L=-1.079268e+07, not replacing live point.
10:40:13 [ultranest] [DEBUG] Plateau detected at L=-1.079268e+07, not replacing live point.
10:40:13 [ultranest] [DEBUG] Plateau detected at L=-1.079268e+07, not replacing live point.
10:40:13 [ultranest] [DEBUG] Plateau detected at L=-1.079268e+07, not replacing live point.
10:40:13 [ultranest] [DEBUG] Plateau detected at L=-1.079268e+07, not replacing live point.
10:40:13 [ultranest] [DEBUG] Plateau detected at L=-1.079268e+07, not replacing live point.
10:40:13 [ultranest] [DEBUG] Plateau detected at L=-1.079268e+07, not replacing live point.
10:40:13 [ultranest] [DEBUG] Plateau detected at L=-1.079268e+07, not replacing live point.
10:40:13 [ultranest] [DEBUG] Plateau detected at L=-1.079268e+07, not replacing live point.
10:40:13 [ultranest] [DEBUG] Plateau detected at L=-1.079268e+07, not replacing live point.
10:40:13 [ultranest] [DEBUG] Plateau detected at L=-1.079268e+07, not replacing live point.
10:40:13 [ultranest] [DEBUG] Plateau detected at L=-1.079268e+07, not replacing live point.
10:40:13 [ultranest] [DEBUG] Plateau detected at L=-1.079268e+07, not replacing live point.
10:40:13 [ultranest] [DEBUG] Plateau detected at L=-1.079268e+07, not replacing live point.
10:40:13 [ultranest] [DEBUG] Plateau detected at L=-1.079268e+07, not replacing live point.
10:40:13 [ultranest] [DEBUG] Plateau detected at L=-1.079268e+07, not replacing live point.
10:40:13 [ultranest] [DEBUG] Plateau detected at L=-1.079268e+07, not replacing live point.
10:40:13 [ultranest] [DEBUG] Plateau detected at L=-1.079268e+07, not replacing live point.
10:40:13 [ultranest] [DEBUG] Plateau detected at L=-1.079268e+07, not replacing live point.
10:40:13 [ultranest] [DEBUG] Plateau detected at L=-1.079268e+07, not replacing live point.
10:40:13 [ultranest] [DEBUG] Plateau detected at L=-1.079268e+07, not replacing live point.
10:40:13 [ultranest] [DEBUG] Plateau detected at L=-1.079268e+07, not replacing live point.
10:40:13 [ultranest] [DEBUG] Plateau detected at L=-1.079268e+07, not replacing live point.
10:40:13 [ultranest] [DEBUG] Plateau detected at L=-1.079268e+07, not replacing live point.
10:40:13 [ultranest] [DEBUG] iteration=48, ncalls=401, regioncalls=40, ndraw=40, logz=-10792678.97, remainder_fraction=100.0000%, Lmin=-10792676.85, Lmax=-84199.84
10:40:13 [ultranest] [DEBUG] iteration=74, ncalls=430, regioncalls=1200, ndraw=40, logz=-100830.55, remainder_fraction=100.0000%, Lmin=-100751.58, Lmax=-84199.84
10:40:13 [ultranest] [DEBUG] iteration=80, ncalls=437, regioncalls=1480, ndraw=40, logz=-99478.44, remainder_fraction=100.0000%, Lmin=-99446.76, Lmax=-84199.84
10:40:13 [ultranest] [DEBUG] iteration=105, ncalls=466, regioncalls=2640, ndraw=40, logz=-97265.08, remainder_fraction=100.0000%, Lmin=-97241.11, Lmax=-84199.84
10:40:13 [ultranest] [DEBUG] iteration=120, ncalls=484, regioncalls=3360, ndraw=40, logz=-96119.19, remainder_fraction=100.0000%, Lmin=-96102.14, Lmax=-84199.84
10:40:13 [ultranest] [DEBUG] iteration=127, ncalls=492, regioncalls=3680, ndraw=40, logz=-95871.44, remainder_fraction=100.0000%, Lmin=-95825.77, Lmax=-84199.84
10:40:13 [ultranest] [DEBUG] iteration=150, ncalls=522, regioncalls=4880, ndraw=40, logz=-94429.78, remainder_fraction=100.0000%, Lmin=-94423.04, Lmax=-84199.84
10:40:13 [ultranest] [DEBUG] iteration=160, ncalls=537, regioncalls=5480, ndraw=40, logz=-94027.04, remainder_fraction=100.0000%, Lmin=-93980.16, Lmax=-84199.84
10:40:13 [ultranest] [DEBUG] iteration=178, ncalls=568, regioncalls=6720, ndraw=40, logz=-93286.69, remainder_fraction=100.0000%, Lmin=-93219.85, Lmax=-84199.84
10:40:14 [ultranest] [DEBUG] iteration=195, ncalls=600, regioncalls=8000, ndraw=40, logz=-92757.05, remainder_fraction=100.0000%, Lmin=-92686.92, Lmax=-84172.51
10:40:14 [ultranest] [DEBUG] iteration=200, ncalls=608, regioncalls=8320, ndraw=40, logz=-92626.12, remainder_fraction=100.0000%, Lmin=-92607.63, Lmax=-84172.51
10:40:14 [ultranest] [DEBUG] iteration=217, ncalls=639, regioncalls=9560, ndraw=40, logz=-92209.32, remainder_fraction=100.0000%, Lmin=-92172.96, Lmax=-84172.51
10:40:14 [ultranest] [DEBUG] iteration=239, ncalls=670, regioncalls=10800, ndraw=40, logz=-91775.56, remainder_fraction=100.0000%, Lmin=-91762.12, Lmax=-84172.51
10:40:14 [ultranest] [DEBUG] iteration=240, ncalls=671, regioncalls=10840, ndraw=40, logz=-91768.66, remainder_fraction=100.0000%, Lmin=-91742.71, Lmax=-84172.51
10:40:14 [ultranest] [DEBUG] iteration=262, ncalls=702, regioncalls=12080, ndraw=40, logz=-91251.33, remainder_fraction=100.0000%, Lmin=-91221.29, Lmax=-84172.51
10:40:14 [ultranest] [DEBUG] iteration=280, ncalls=730, regioncalls=13200, ndraw=40, logz=-90835.93, remainder_fraction=100.0000%, Lmin=-90785.22, Lmax=-84172.51
10:40:14 [ultranest] [DEBUG] iteration=285, ncalls=739, regioncalls=13560, ndraw=40, logz=-90725.96, remainder_fraction=100.0000%, Lmin=-90718.67, Lmax=-84172.51
10:40:14 [ultranest] [DEBUG] iteration=308, ncalls=769, regioncalls=14760, ndraw=40, logz=-90288.50, remainder_fraction=100.0000%, Lmin=-90251.26, Lmax=-84172.51
10:40:14 [ultranest] [DEBUG] iteration=320, ncalls=790, regioncalls=15600, ndraw=40, logz=-90102.35, remainder_fraction=100.0000%, Lmin=-90095.31, Lmax=-84172.51
10:40:14 [ultranest] [DEBUG] iteration=342, ncalls=821, regioncalls=16840, ndraw=40, logz=-89865.09, remainder_fraction=100.0000%, Lmin=-89838.38, Lmax=-84172.51
10:40:14 [ultranest] [DEBUG] iteration=359, ncalls=853, regioncalls=18120, ndraw=40, logz=-89573.23, remainder_fraction=100.0000%, Lmin=-89546.40, Lmax=-84172.51
10:40:14 [ultranest] [DEBUG] iteration=360, ncalls=855, regioncalls=18200, ndraw=40, logz=-89553.28, remainder_fraction=100.0000%, Lmin=-89528.00, Lmax=-84172.51
10:40:15 [ultranest] [DEBUG] iteration=377, ncalls=885, regioncalls=19400, ndraw=40, logz=-89339.42, remainder_fraction=100.0000%, Lmin=-89331.65, Lmax=-84172.51
10:40:15 [ultranest] [DEBUG] iteration=392, ncalls=920, regioncalls=20800, ndraw=40, logz=-89145.29, remainder_fraction=100.0000%, Lmin=-89133.70, Lmax=-84172.51
10:40:15 [ultranest] [DEBUG] iteration=400, ncalls=939, regioncalls=21560, ndraw=40, logz=-89075.73, remainder_fraction=100.0000%, Lmin=-89026.60, Lmax=-84172.51
10:40:15 [ultranest] [DEBUG] iteration=420, ncalls=970, regioncalls=22800, ndraw=40, logz=-88864.90, remainder_fraction=100.0000%, Lmin=-88838.34, Lmax=-84172.51
10:40:15 [ultranest] [DEBUG] iteration=439, ncalls=1001, regioncalls=24040, ndraw=40, logz=-88681.54, remainder_fraction=100.0000%, Lmin=-88666.15, Lmax=-84172.51
10:40:15 [ultranest] [DEBUG] iteration=440, ncalls=1003, regioncalls=24120, ndraw=40, logz=-88673.25, remainder_fraction=100.0000%, Lmin=-88637.77, Lmax=-84172.51
10:40:15 [ultranest] [DEBUG] iteration=456, ncalls=1033, regioncalls=25320, ndraw=40, logz=-88499.70, remainder_fraction=100.0000%, Lmin=-88491.71, Lmax=-84172.51
10:40:15 [ultranest] [DEBUG] iteration=474, ncalls=1066, regioncalls=26640, ndraw=40, logz=-88314.29, remainder_fraction=100.0000%, Lmin=-88303.51, Lmax=-84172.51
10:40:15 [ultranest] [DEBUG] iteration=480, ncalls=1077, regioncalls=27080, ndraw=40, logz=-88268.06, remainder_fraction=100.0000%, Lmin=-88243.60, Lmax=-84172.51
10:40:15 [ultranest] [DEBUG] iteration=495, ncalls=1110, regioncalls=28400, ndraw=40, logz=-88023.65, remainder_fraction=100.0000%, Lmin=-88013.61, Lmax=-84172.51
10:40:15 [ultranest] [DEBUG] iteration=510, ncalls=1146, regioncalls=29840, ndraw=40, logz=-87873.73, remainder_fraction=100.0000%, Lmin=-87862.11, Lmax=-84172.51
10:40:15 [ultranest] [DEBUG] iteration=520, ncalls=1167, regioncalls=30680, ndraw=40, logz=-87725.82, remainder_fraction=100.0000%, Lmin=-87707.91, Lmax=-84172.51
10:40:15 [ultranest] [DEBUG] iteration=522, ncalls=1171, regioncalls=30840, ndraw=40, logz=-87712.06, remainder_fraction=100.0000%, Lmin=-87702.08, Lmax=-84172.51
10:40:16 [ultranest] [DEBUG] iteration=541, ncalls=1202, regioncalls=32080, ndraw=40, logz=-87527.88, remainder_fraction=100.0000%, Lmin=-87516.25, Lmax=-84172.51
10:40:16 [ultranest] [DEBUG] iteration=554, ncalls=1235, regioncalls=33400, ndraw=40, logz=-87456.68, remainder_fraction=100.0000%, Lmin=-87440.76, Lmax=-84172.51
10:40:16 [ultranest] [DEBUG] iteration=560, ncalls=1245, regioncalls=33800, ndraw=40, logz=-87387.49, remainder_fraction=100.0000%, Lmin=-87363.64, Lmax=-84172.51
10:40:16 [ultranest] [DEBUG] iteration=575, ncalls=1278, regioncalls=35120, ndraw=40, logz=-87277.10, remainder_fraction=100.0000%, Lmin=-87269.07, Lmax=-84172.51
10:40:16 [ultranest] [DEBUG] iteration=592, ncalls=1311, regioncalls=36440, ndraw=40, logz=-87133.37, remainder_fraction=100.0000%, Lmin=-87118.31, Lmax=-84172.51
10:40:16 [ultranest] [DEBUG] iteration=600, ncalls=1326, regioncalls=37040, ndraw=40, logz=-87043.67, remainder_fraction=100.0000%, Lmin=-87034.16, Lmax=-84144.31
10:40:16 [ultranest] [DEBUG] iteration=601, ncalls=1330, regioncalls=37200, ndraw=40, logz=-87041.59, remainder_fraction=100.0000%, Lmin=-87031.22, Lmax=-84144.31
10:40:16 [ultranest] [DEBUG] iteration=618, ncalls=1362, regioncalls=38480, ndraw=40, logz=-86911.74, remainder_fraction=100.0000%, Lmin=-86884.74, Lmax=-84144.31
10:40:16 [ultranest] [DEBUG] iteration=633, ncalls=1396, regioncalls=39840, ndraw=40, logz=-86815.36, remainder_fraction=100.0000%, Lmin=-86803.02, Lmax=-84144.31
10:40:16 [ultranest] [DEBUG] iteration=640, ncalls=1410, regioncalls=40400, ndraw=40, logz=-86790.66, remainder_fraction=100.0000%, Lmin=-86781.49, Lmax=-84144.31
10:40:16 [ultranest] [DEBUG] iteration=652, ncalls=1443, regioncalls=41720, ndraw=40, logz=-86688.86, remainder_fraction=100.0000%, Lmin=-86677.83, Lmax=-84144.31
10:40:16 [ultranest] [DEBUG] iteration=667, ncalls=1476, regioncalls=43040, ndraw=40, logz=-86602.72, remainder_fraction=100.0000%, Lmin=-86592.38, Lmax=-84144.31
10:40:17 [ultranest] [DEBUG] iteration=680, ncalls=1496, regioncalls=43840, ndraw=40, logz=-86540.54, remainder_fraction=100.0000%, Lmin=-86531.68, Lmax=-84144.31
10:40:17 [ultranest] [DEBUG] iteration=696, ncalls=1531, regioncalls=45240, ndraw=40, logz=-86458.72, remainder_fraction=100.0000%, Lmin=-86448.16, Lmax=-84144.31
10:40:17 [ultranest] [DEBUG] iteration=714, ncalls=1563, regioncalls=46520, ndraw=40, logz=-86387.06, remainder_fraction=100.0000%, Lmin=-86374.04, Lmax=-84144.31
10:40:17 [ultranest] [DEBUG] iteration=720, ncalls=1575, regioncalls=47000, ndraw=40, logz=-86359.36, remainder_fraction=100.0000%, Lmin=-86350.34, Lmax=-84144.31
10:40:17 [ultranest] [DEBUG] iteration=737, ncalls=1607, regioncalls=48280, ndraw=40, logz=-86286.52, remainder_fraction=100.0000%, Lmin=-86268.23, Lmax=-84144.31
10:40:17 [ultranest] [DEBUG] iteration=751, ncalls=1640, regioncalls=49600, ndraw=40, logz=-86213.70, remainder_fraction=100.0000%, Lmin=-86193.90, Lmax=-84144.31
10:40:17 [ultranest] [DEBUG] iteration=759, ncalls=1655, regioncalls=50200, ndraw=40, logz=-86164.61, remainder_fraction=100.0000%, Lmin=-86150.11, Lmax=-84144.31
10:40:17 [ultranest] [DEBUG] iteration=760, ncalls=1656, regioncalls=50240, ndraw=40, logz=-86158.12, remainder_fraction=100.0000%, Lmin=-86145.09, Lmax=-84144.31
10:40:17 [ultranest] [DEBUG] iteration=782, ncalls=1688, regioncalls=51520, ndraw=40, logz=-86074.35, remainder_fraction=100.0000%, Lmin=-86059.45, Lmax=-84144.31
10:40:17 [ultranest] [DEBUG] iteration=800, ncalls=1714, regioncalls=52560, ndraw=40, logz=-86002.34, remainder_fraction=100.0000%, Lmin=-85988.97, Lmax=-84144.31
10:40:17 [ultranest] [DEBUG] iteration=820, ncalls=1745, regioncalls=53800, ndraw=40, logz=-85930.76, remainder_fraction=100.0000%, Lmin=-85920.42, Lmax=-84144.31
10:40:17 [ultranest] [DEBUG] iteration=839, ncalls=1774, regioncalls=54960, ndraw=40, logz=-85873.63, remainder_fraction=100.0000%, Lmin=-85862.59, Lmax=-84144.31
10:40:17 [ultranest] [DEBUG] iteration=840, ncalls=1775, regioncalls=55000, ndraw=40, logz=-85870.77, remainder_fraction=100.0000%, Lmin=-85858.67, Lmax=-84144.31
10:40:18 [ultranest] [DEBUG] iteration=859, ncalls=1811, regioncalls=56440, ndraw=40, logz=-85805.23, remainder_fraction=100.0000%, Lmin=-85796.17, Lmax=-84144.31
10:40:18 [ultranest] [DEBUG] iteration=876, ncalls=1843, regioncalls=57720, ndraw=40, logz=-85747.78, remainder_fraction=100.0000%, Lmin=-85731.26, Lmax=-84144.31
10:40:18 [ultranest] [DEBUG] iteration=880, ncalls=1849, regioncalls=57960, ndraw=40, logz=-85736.02, remainder_fraction=100.0000%, Lmin=-85723.40, Lmax=-84144.31
10:40:18 [ultranest] [DEBUG] iteration=896, ncalls=1882, regioncalls=59280, ndraw=40, logz=-85671.66, remainder_fraction=100.0000%, Lmin=-85657.52, Lmax=-84144.31
10:40:18 [ultranest] [DEBUG] iteration=910, ncalls=1916, regioncalls=60640, ndraw=40, logz=-85629.87, remainder_fraction=100.0000%, Lmin=-85620.06, Lmax=-84144.31
10:40:18 [ultranest] [DEBUG] iteration=920, ncalls=1937, regioncalls=61480, ndraw=40, logz=-85613.31, remainder_fraction=100.0000%, Lmin=-85605.29, Lmax=-84144.31
10:40:18 [ultranest] [DEBUG] iteration=938, ncalls=1971, regioncalls=62840, ndraw=40, logz=-85557.38, remainder_fraction=100.0000%, Lmin=-85542.69, Lmax=-84144.31
10:40:18 [ultranest] [DEBUG] iteration=953, ncalls=2007, regioncalls=64280, ndraw=40, logz=-85509.66, remainder_fraction=100.0000%, Lmin=-85499.56, Lmax=-84144.31
10:40:18 [ultranest] [DEBUG] iteration=960, ncalls=2022, regioncalls=64880, ndraw=40, logz=-85481.60, remainder_fraction=100.0000%, Lmin=-85467.40, Lmax=-84144.31
10:40:18 [ultranest] [DEBUG] iteration=976, ncalls=2054, regioncalls=66160, ndraw=40, logz=-85427.58, remainder_fraction=100.0000%, Lmin=-85416.37, Lmax=-84144.31
10:40:18 [ultranest] [DEBUG] iteration=987, ncalls=2088, regioncalls=67520, ndraw=40, logz=-85405.37, remainder_fraction=100.0000%, Lmin=-85396.78, Lmax=-84144.31
10:40:18 [ultranest] [DEBUG] iteration=996, ncalls=2111, regioncalls=68440, ndraw=40, logz=-85392.71, remainder_fraction=100.0000%, Lmin=-85384.38, Lmax=-84144.31
10:40:18 [ultranest] [DEBUG] iteration=1000, ncalls=2118, regioncalls=68720, ndraw=40, logz=-85374.68, remainder_fraction=100.0000%, Lmin=-85363.79, Lmax=-84144.31
10:40:19 [ultranest] [DEBUG] iteration=1022, ncalls=2152, regioncalls=70080, ndraw=40, logz=-85314.50, remainder_fraction=100.0000%, Lmin=-85303.64, Lmax=-84144.31
10:40:19 [ultranest] [DEBUG] iteration=1040, ncalls=2183, regioncalls=71400, ndraw=40, logz=-85275.32, remainder_fraction=100.0000%, Lmin=-85264.89, Lmax=-84144.31
10:40:19 [ultranest] [DEBUG] iteration=1059, ncalls=2217, regioncalls=72760, ndraw=40, logz=-85234.04, remainder_fraction=100.0000%, Lmin=-85225.59, Lmax=-84144.31
10:40:19 [ultranest] [DEBUG] iteration=1075, ncalls=2244, regioncalls=73840, ndraw=40, logz=-85201.66, remainder_fraction=100.0000%, Lmin=-85192.78, Lmax=-84144.31
10:40:19 [ultranest] [DEBUG] iteration=1080, ncalls=2249, regioncalls=74040, ndraw=40, logz=-85189.34, remainder_fraction=100.0000%, Lmin=-85177.05, Lmax=-84144.31
10:40:19 [ultranest] [DEBUG] iteration=1095, ncalls=2281, regioncalls=75360, ndraw=40, logz=-85140.28, remainder_fraction=100.0000%, Lmin=-85129.92, Lmax=-84144.31
10:40:19 [ultranest] [DEBUG] iteration=1113, ncalls=2313, regioncalls=76640, ndraw=40, logz=-85124.83, remainder_fraction=100.0000%, Lmin=-85115.90, Lmax=-84144.31
10:40:19 [ultranest] [DEBUG] iteration=1120, ncalls=2325, regioncalls=77120, ndraw=40, logz=-85109.66, remainder_fraction=100.0000%, Lmin=-85101.01, Lmax=-84144.31
10:40:19 [ultranest] [DEBUG] iteration=1131, ncalls=2358, regioncalls=78440, ndraw=40, logz=-85099.43, remainder_fraction=100.0000%, Lmin=-85090.89, Lmax=-84144.31
10:40:19 [ultranest] [DEBUG] iteration=1145, ncalls=2390, regioncalls=79720, ndraw=40, logz=-85080.46, remainder_fraction=100.0000%, Lmin=-85065.80, Lmax=-84144.31
10:40:19 [ultranest] [DEBUG] iteration=1154, ncalls=2404, regioncalls=80280, ndraw=40, logz=-85054.09, remainder_fraction=100.0000%, Lmin=-85043.67, Lmax=-84144.31
10:40:19 [ultranest] [DEBUG] iteration=1160, ncalls=2411, regioncalls=80600, ndraw=40, logz=-85041.76, remainder_fraction=100.0000%, Lmin=-85032.61, Lmax=-84144.31
10:40:20 [ultranest] [DEBUG] iteration=1181, ncalls=2441, regioncalls=81960, ndraw=40, logz=-84998.76, remainder_fraction=100.0000%, Lmin=-84989.31, Lmax=-84144.31
10:40:20 [ultranest] [DEBUG] iteration=1200, ncalls=2473, regioncalls=83240, ndraw=40, logz=-84974.81, remainder_fraction=100.0000%, Lmin=-84964.55, Lmax=-84144.31
10:40:20 [ultranest] [DEBUG] iteration=1222, ncalls=2504, regioncalls=84480, ndraw=40, logz=-84933.25, remainder_fraction=100.0000%, Lmin=-84922.01, Lmax=-84144.31
10:40:20 [ultranest] [DEBUG] iteration=1233, ncalls=2521, regioncalls=85200, ndraw=40, logz=-84915.81, remainder_fraction=100.0000%, Lmin=-84904.54, Lmax=-84144.31
10:40:20 [ultranest] [DEBUG] iteration=1240, ncalls=2530, regioncalls=85600, ndraw=40, logz=-84902.89, remainder_fraction=100.0000%, Lmin=-84891.71, Lmax=-84144.31
10:40:20 [ultranest] [DEBUG] iteration=1258, ncalls=2567, regioncalls=87080, ndraw=40, logz=-84856.28, remainder_fraction=100.0000%, Lmin=-84847.19, Lmax=-84144.31
10:40:20 [ultranest] [DEBUG] iteration=1276, ncalls=2598, regioncalls=88320, ndraw=40, logz=-84820.80, remainder_fraction=100.0000%, Lmin=-84810.99, Lmax=-84144.31
10:40:20 [ultranest] [DEBUG] iteration=1280, ncalls=2605, regioncalls=88600, ndraw=40, logz=-84814.81, remainder_fraction=100.0000%, Lmin=-84804.99, Lmax=-84144.31
10:40:20 [ultranest] [DEBUG] iteration=1298, ncalls=2636, regioncalls=89840, ndraw=40, logz=-84796.97, remainder_fraction=100.0000%, Lmin=-84788.29, Lmax=-84144.31
10:40:20 [ultranest] [DEBUG] iteration=1312, ncalls=2660, regioncalls=90800, ndraw=40, logz=-84781.64, remainder_fraction=100.0000%, Lmin=-84771.94, Lmax=-84144.31
10:40:20 [ultranest] [DEBUG] iteration=1320, ncalls=2670, regioncalls=91240, ndraw=40, logz=-84775.53, remainder_fraction=100.0000%, Lmin=-84762.01, Lmax=-84144.31
10:40:20 [ultranest] [DEBUG] iteration=1342, ncalls=2702, regioncalls=92520, ndraw=40, logz=-84744.63, remainder_fraction=100.0000%, Lmin=-84733.63, Lmax=-84144.31
10:40:21 [ultranest] [DEBUG] iteration=1357, ncalls=2735, regioncalls=93840, ndraw=40, logz=-84728.38, remainder_fraction=100.0000%, Lmin=-84715.63, Lmax=-84144.31
10:40:21 [ultranest] [DEBUG] iteration=1360, ncalls=2740, regioncalls=94040, ndraw=40, logz=-84723.43, remainder_fraction=100.0000%, Lmin=-84713.17, Lmax=-84144.31
10:40:21 [ultranest] [DEBUG] iteration=1375, ncalls=2772, regioncalls=95320, ndraw=40, logz=-84708.47, remainder_fraction=100.0000%, Lmin=-84699.05, Lmax=-84144.31
10:40:21 [ultranest] [DEBUG] iteration=1391, ncalls=2799, regioncalls=96440, ndraw=40, logz=-84682.53, remainder_fraction=100.0000%, Lmin=-84672.48, Lmax=-84144.31
10:40:21 [ultranest] [DEBUG] iteration=1400, ncalls=2813, regioncalls=97080, ndraw=40, logz=-84673.96, remainder_fraction=100.0000%, Lmin=-84663.86, Lmax=-84144.31
10:40:21 [ultranest] [DEBUG] iteration=1419, ncalls=2844, regioncalls=98320, ndraw=40, logz=-84657.10, remainder_fraction=100.0000%, Lmin=-84644.86, Lmax=-84144.31
10:40:21 [ultranest] [DEBUG] iteration=1440, ncalls=2873, regioncalls=99480, ndraw=40, logz=-84633.14, remainder_fraction=100.0000%, Lmin=-84619.13, Lmax=-84144.31
10:40:21 [ultranest] [DEBUG] iteration=1457, ncalls=2907, regioncalls=100840, ndraw=40, logz=-84604.14, remainder_fraction=100.0000%, Lmin=-84594.16, Lmax=-84144.31
10:40:21 [ultranest] [DEBUG] iteration=1470, ncalls=2926, regioncalls=101600, ndraw=40, logz=-84596.86, remainder_fraction=100.0000%, Lmin=-84587.82, Lmax=-84144.31
10:40:21 [ultranest] [DEBUG] iteration=1480, ncalls=2936, regioncalls=102080, ndraw=40, logz=-84592.46, remainder_fraction=100.0000%, Lmin=-84582.88, Lmax=-84144.31
10:40:21 [ultranest] [DEBUG] iteration=1499, ncalls=2967, regioncalls=103320, ndraw=40, logz=-84579.16, remainder_fraction=100.0000%, Lmin=-84569.70, Lmax=-84144.31
10:40:21 [ultranest] [DEBUG] iteration=1516, ncalls=2998, regioncalls=104560, ndraw=40, logz=-84565.33, remainder_fraction=100.0000%, Lmin=-84554.13, Lmax=-84144.31
10:40:21 [ultranest] [DEBUG] iteration=1520, ncalls=3006, regioncalls=104880, ndraw=40, logz=-84561.23, remainder_fraction=100.0000%, Lmin=-84551.70, Lmax=-84144.31
10:40:22 [ultranest] [DEBUG] iteration=1535, ncalls=3038, regioncalls=106160, ndraw=40, logz=-84549.18, remainder_fraction=100.0000%, Lmin=-84539.32, Lmax=-84144.31
10:40:22 [ultranest] [DEBUG] iteration=1549, ncalls=3056, regioncalls=106880, ndraw=40, logz=-84540.11, remainder_fraction=100.0000%, Lmin=-84529.16, Lmax=-84144.31
10:40:22 [ultranest] [DEBUG] iteration=1560, ncalls=3074, regioncalls=107640, ndraw=40, logz=-84532.24, remainder_fraction=100.0000%, Lmin=-84523.16, Lmax=-84144.31
10:40:22 [ultranest] [DEBUG] iteration=1578, ncalls=3105, regioncalls=108880, ndraw=40, logz=-84521.81, remainder_fraction=100.0000%, Lmin=-84512.50, Lmax=-84144.31
10:40:22 [ultranest] [DEBUG] iteration=1599, ncalls=3136, regioncalls=110120, ndraw=40, logz=-84507.96, remainder_fraction=100.0000%, Lmin=-84497.75, Lmax=-84144.31
10:40:22 [ultranest] [DEBUG] iteration=1600, ncalls=3138, regioncalls=110200, ndraw=40, logz=-84507.36, remainder_fraction=100.0000%, Lmin=-84497.11, Lmax=-84144.31
10:40:22 [ultranest] [DEBUG] iteration=1616, ncalls=3170, regioncalls=111480, ndraw=40, logz=-84494.87, remainder_fraction=100.0000%, Lmin=-84484.51, Lmax=-84144.31
10:40:22 [ultranest] [DEBUG] iteration=1633, ncalls=3199, regioncalls=112640, ndraw=40, logz=-84483.47, remainder_fraction=100.0000%, Lmin=-84473.26, Lmax=-84144.31
10:40:22 [ultranest] [DEBUG] iteration=1640, ncalls=3215, regioncalls=113280, ndraw=40, logz=-84479.08, remainder_fraction=100.0000%, Lmin=-84469.54, Lmax=-84144.31
10:40:22 [ultranest] [DEBUG] iteration=1659, ncalls=3250, regioncalls=114680, ndraw=40, logz=-84467.85, remainder_fraction=100.0000%, Lmin=-84458.19, Lmax=-84144.31
10:40:22 [ultranest] [DEBUG] iteration=1677, ncalls=3283, regioncalls=116000, ndraw=40, logz=-84456.50, remainder_fraction=100.0000%, Lmin=-84446.26, Lmax=-84144.31
10:40:22 [ultranest] [DEBUG] iteration=1680, ncalls=3293, regioncalls=116400, ndraw=40, logz=-84454.29, remainder_fraction=100.0000%, Lmin=-84443.42, Lmax=-84144.31
10:40:22 [ultranest] [DEBUG] iteration=1703, ncalls=3323, regioncalls=117600, ndraw=40, logz=-84433.73, remainder_fraction=100.0000%, Lmin=-84423.69, Lmax=-84144.31
10:40:23 [ultranest] [DEBUG] iteration=1707, ncalls=3334, regioncalls=118080, ndraw=40, logz=-84432.24, remainder_fraction=100.0000%, Lmin=-84422.55, Lmax=-84144.31
10:40:23 [ultranest] [DEBUG] iteration=1720, ncalls=3353, regioncalls=118920, ndraw=40, logz=-84421.81, remainder_fraction=100.0000%, Lmin=-84411.54, Lmax=-84144.31
10:40:23 [ultranest] [DEBUG] iteration=1742, ncalls=3386, regioncalls=120240, ndraw=40, logz=-84407.01, remainder_fraction=100.0000%, Lmin=-84396.51, Lmax=-84144.31
10:40:23 [ultranest] [DEBUG] iteration=1760, ncalls=3416, regioncalls=121440, ndraw=40, logz=-84396.85, remainder_fraction=100.0000%, Lmin=-84386.30, Lmax=-84144.31
10:40:23 [ultranest] [DEBUG] iteration=1775, ncalls=3451, regioncalls=122840, ndraw=40, logz=-84387.68, remainder_fraction=100.0000%, Lmin=-84378.11, Lmax=-84144.31
10:40:23 [ultranest] [DEBUG] iteration=1786, ncalls=3476, regioncalls=123840, ndraw=40, logz=-84380.38, remainder_fraction=100.0000%, Lmin=-84368.16, Lmax=-84144.31
10:40:23 [ultranest] [DEBUG] iteration=1800, ncalls=3497, regioncalls=124720, ndraw=40, logz=-84372.62, remainder_fraction=100.0000%, Lmin=-84362.46, Lmax=-84144.31
10:40:23 [ultranest] [DEBUG] iteration=1823, ncalls=3527, regioncalls=125920, ndraw=40, logz=-84363.32, remainder_fraction=100.0000%, Lmin=-84352.80, Lmax=-84144.31
10:40:23 [ultranest] [DEBUG] iteration=1840, ncalls=3552, regioncalls=126920, ndraw=40, logz=-84354.92, remainder_fraction=100.0000%, Lmin=-84344.43, Lmax=-84144.31
10:40:23 [ultranest] [DEBUG] iteration=1858, ncalls=3583, regioncalls=128160, ndraw=40, logz=-84346.44, remainder_fraction=100.0000%, Lmin=-84336.30, Lmax=-84144.31
10:40:23 [ultranest] [DEBUG] iteration=1874, ncalls=3613, regioncalls=129360, ndraw=40, logz=-84340.80, remainder_fraction=100.0000%, Lmin=-84329.82, Lmax=-84144.31
10:40:23 [ultranest] [DEBUG] iteration=1880, ncalls=3620, regioncalls=129640, ndraw=40, logz=-84337.83, remainder_fraction=100.0000%, Lmin=-84327.80, Lmax=-84144.31
10:40:24 [ultranest] [DEBUG] iteration=1899, ncalls=3651, regioncalls=130880, ndraw=40, logz=-84329.59, remainder_fraction=100.0000%, Lmin=-84319.10, Lmax=-84144.31
10:40:24 [ultranest] [DEBUG] iteration=1912, ncalls=3685, regioncalls=132240, ndraw=40, logz=-84324.84, remainder_fraction=100.0000%, Lmin=-84314.96, Lmax=-84144.31
10:40:24 [ultranest] [DEBUG] iteration=1920, ncalls=3702, regioncalls=132920, ndraw=40, logz=-84323.08, remainder_fraction=100.0000%, Lmin=-84313.65, Lmax=-84138.65
10:40:24 [ultranest] [DEBUG] iteration=1935, ncalls=3734, regioncalls=134200, ndraw=40, logz=-84318.79, remainder_fraction=100.0000%, Lmin=-84307.93, Lmax=-84138.65
10:40:24 [ultranest] [DEBUG] iteration=1944, ncalls=3749, regioncalls=134880, ndraw=40, logz=-84314.31, remainder_fraction=100.0000%, Lmin=-84303.29, Lmax=-84138.65
10:40:24 [ultranest] [DEBUG] iteration=1960, ncalls=3767, regioncalls=135600, ndraw=40, logz=-84309.39, remainder_fraction=100.0000%, Lmin=-84298.91, Lmax=-84138.65
10:40:24 [ultranest] [DEBUG] iteration=1984, ncalls=3797, regioncalls=136800, ndraw=40, logz=-84303.49, remainder_fraction=100.0000%, Lmin=-84293.08, Lmax=-84138.65
10:40:24 [ultranest] [DEBUG] iteration=2000, ncalls=3819, regioncalls=137680, ndraw=40, logz=-84298.90, remainder_fraction=100.0000%, Lmin=-84288.74, Lmax=-84138.63
10:40:24 [ultranest] [DEBUG] iteration=2021, ncalls=3850, regioncalls=138920, ndraw=40, logz=-84294.18, remainder_fraction=100.0000%, Lmin=-84283.76, Lmax=-84138.63
10:40:24 [ultranest] [DEBUG] iteration=2023, ncalls=3854, regioncalls=139120, ndraw=40, logz=-84293.54, remainder_fraction=100.0000%, Lmin=-84282.95, Lmax=-84138.63
10:40:24 [ultranest] [DEBUG] iteration=2040, ncalls=3875, regioncalls=139960, ndraw=40, logz=-84289.64, remainder_fraction=100.0000%, Lmin=-84279.75, Lmax=-84138.63
10:40:24 [ultranest] [DEBUG] iteration=2061, ncalls=3910, regioncalls=141360, ndraw=40, logz=-84283.63, remainder_fraction=100.0000%, Lmin=-84273.00, Lmax=-84138.63
10:40:25 [ultranest] [DEBUG] iteration=2080, ncalls=3937, regioncalls=142440, ndraw=40, logz=-84279.55, remainder_fraction=100.0000%, Lmin=-84269.52, Lmax=-84138.63
10:40:25 [ultranest] [DEBUG] iteration=2102, ncalls=3963, regioncalls=143480, ndraw=40, logz=-84275.21, remainder_fraction=100.0000%, Lmin=-84264.54, Lmax=-84138.63
10:40:25 [ultranest] [DEBUG] iteration=2120, ncalls=3987, regioncalls=144560, ndraw=40, logz=-84270.86, remainder_fraction=100.0000%, Lmin=-84260.60, Lmax=-84138.63
10:40:25 [ultranest] [DEBUG] iteration=2139, ncalls=4018, regioncalls=145800, ndraw=40, logz=-84265.44, remainder_fraction=100.0000%, Lmin=-84253.99, Lmax=-84138.63
10:40:25 [ultranest] [DEBUG] iteration=2157, ncalls=4049, regioncalls=147040, ndraw=40, logz=-84261.00, remainder_fraction=100.0000%, Lmin=-84250.49, Lmax=-84138.63
10:40:25 [ultranest] [DEBUG] iteration=2160, ncalls=4052, regioncalls=147160, ndraw=40, logz=-84260.30, remainder_fraction=100.0000%, Lmin=-84249.76, Lmax=-84138.63
10:40:25 [ultranest] [DEBUG] iteration=2175, ncalls=4084, regioncalls=148440, ndraw=40, logz=-84257.62, remainder_fraction=100.0000%, Lmin=-84247.36, Lmax=-84138.63
10:40:25 [ultranest] [DEBUG] iteration=2181, ncalls=4092, regioncalls=148760, ndraw=40, logz=-84256.53, remainder_fraction=100.0000%, Lmin=-84246.04, Lmax=-84138.63
10:40:25 [ultranest] [DEBUG] iteration=2200, ncalls=4116, regioncalls=149800, ndraw=40, logz=-84252.65, remainder_fraction=100.0000%, Lmin=-84241.85, Lmax=-84138.63
10:40:25 [ultranest] [DEBUG] iteration=2218, ncalls=4149, regioncalls=151120, ndraw=40, logz=-84248.48, remainder_fraction=100.0000%, Lmin=-84238.22, Lmax=-84138.63
10:40:25 [ultranest] [DEBUG] iteration=2234, ncalls=4182, regioncalls=152440, ndraw=40, logz=-84245.61, remainder_fraction=100.0000%, Lmin=-84235.25, Lmax=-84138.63
10:40:25 [ultranest] [DEBUG] iteration=2240, ncalls=4194, regioncalls=152920, ndraw=40, logz=-84244.82, remainder_fraction=100.0000%, Lmin=-84234.71, Lmax=-84138.63
10:40:25 [ultranest] [DEBUG] iteration=2257, ncalls=4227, regioncalls=154240, ndraw=40, logz=-84242.11, remainder_fraction=100.0000%, Lmin=-84231.44, Lmax=-84138.63
10:40:26 [ultranest] [DEBUG] iteration=2260, ncalls=4231, regioncalls=154480, ndraw=40, logz=-84241.62, remainder_fraction=100.0000%, Lmin=-84231.33, Lmax=-84138.63
10:40:26 [ultranest] [DEBUG] iteration=2280, ncalls=4260, regioncalls=155800, ndraw=40, logz=-84238.72, remainder_fraction=100.0000%, Lmin=-84227.67, Lmax=-84138.63
10:40:26 [ultranest] [DEBUG] iteration=2298, ncalls=4291, regioncalls=157080, ndraw=40, logz=-84235.43, remainder_fraction=100.0000%, Lmin=-84224.34, Lmax=-84138.63
10:40:26 [ultranest] [DEBUG] iteration=2318, ncalls=4324, regioncalls=158400, ndraw=40, logz=-84230.68, remainder_fraction=100.0000%, Lmin=-84219.32, Lmax=-84137.35
10:40:26 [ultranest] [DEBUG] iteration=2320, ncalls=4326, regioncalls=158480, ndraw=40, logz=-84230.16, remainder_fraction=100.0000%, Lmin=-84219.31, Lmax=-84137.35
10:40:26 [ultranest] [DEBUG] iteration=2338, ncalls=4357, regioncalls=159720, ndraw=40, logz=-84227.55, remainder_fraction=100.0000%, Lmin=-84217.12, Lmax=-84137.35
10:40:26 [ultranest] [DEBUG] iteration=2339, ncalls=4358, regioncalls=159800, ndraw=40, logz=-84227.43, remainder_fraction=100.0000%, Lmin=-84216.95, Lmax=-84137.35
10:40:26 [ultranest] [DEBUG] iteration=2360, ncalls=4383, regioncalls=160800, ndraw=40, logz=-84224.95, remainder_fraction=100.0000%, Lmin=-84214.45, Lmax=-84137.35
10:40:26 [ultranest] [DEBUG] iteration=2378, ncalls=4414, regioncalls=162040, ndraw=40, logz=-84222.03, remainder_fraction=100.0000%, Lmin=-84211.60, Lmax=-84137.35
10:40:26 [ultranest] [DEBUG] iteration=2399, ncalls=4445, regioncalls=163280, ndraw=40, logz=-84219.93, remainder_fraction=100.0000%, Lmin=-84209.32, Lmax=-84137.35
10:40:26 [ultranest] [DEBUG] iteration=2400, ncalls=4447, regioncalls=163360, ndraw=40, logz=-84219.81, remainder_fraction=100.0000%, Lmin=-84209.29, Lmax=-84137.35
10:40:26 [ultranest] [DEBUG] iteration=2418, ncalls=4469, regioncalls=164280, ndraw=40, logz=-84216.82, remainder_fraction=100.0000%, Lmin=-84205.87, Lmax=-84137.35
10:40:26 [ultranest] [DEBUG] iteration=2440, ncalls=4492, regioncalls=165320, ndraw=40, logz=-84214.11, remainder_fraction=100.0000%, Lmin=-84203.52, Lmax=-84137.35
10:40:27 [ultranest] [DEBUG] iteration=2458, ncalls=4524, regioncalls=166600, ndraw=40, logz=-84211.98, remainder_fraction=100.0000%, Lmin=-84201.12, Lmax=-84137.35
10:40:27 [ultranest] [DEBUG] iteration=2477, ncalls=4556, regioncalls=167880, ndraw=40, logz=-84209.75, remainder_fraction=100.0000%, Lmin=-84198.65, Lmax=-84137.35
10:40:27 [ultranest] [DEBUG] iteration=2480, ncalls=4565, regioncalls=168240, ndraw=40, logz=-84209.33, remainder_fraction=100.0000%, Lmin=-84198.54, Lmax=-84137.35
10:40:27 [ultranest] [DEBUG] iteration=2500, ncalls=4594, regioncalls=169400, ndraw=40, logz=-84207.68, remainder_fraction=100.0000%, Lmin=-84197.17, Lmax=-84137.35
10:40:27 [ultranest] [DEBUG] iteration=2520, ncalls=4617, regioncalls=170320, ndraw=40, logz=-84206.09, remainder_fraction=100.0000%, Lmin=-84195.39, Lmax=-84137.35
10:40:27 [ultranest] [DEBUG] iteration=2539, ncalls=4649, regioncalls=171600, ndraw=40, logz=-84204.31, remainder_fraction=100.0000%, Lmin=-84193.71, Lmax=-84137.35
10:40:27 [ultranest] [DEBUG] iteration=2555, ncalls=4683, regioncalls=172960, ndraw=40, logz=-84203.04, remainder_fraction=100.0000%, Lmin=-84192.26, Lmax=-84137.35
10:40:27 [ultranest] [DEBUG] iteration=2560, ncalls=4694, regioncalls=173400, ndraw=40, logz=-84202.53, remainder_fraction=100.0000%, Lmin=-84191.49, Lmax=-84137.35
10:40:27 [ultranest] [DEBUG] iteration=2576, ncalls=4724, regioncalls=174640, ndraw=40, logz=-84200.95, remainder_fraction=100.0000%, Lmin=-84190.10, Lmax=-84137.35
10:40:27 [ultranest] [DEBUG] iteration=2597, ncalls=4756, regioncalls=175960, ndraw=40, logz=-84198.89, remainder_fraction=100.0000%, Lmin=-84187.93, Lmax=-84137.35
10:40:27 [ultranest] [DEBUG] iteration=2600, ncalls=4762, regioncalls=176240, ndraw=40, logz=-84198.57, remainder_fraction=100.0000%, Lmin=-84187.00, Lmax=-84137.35
10:40:27 [ultranest] [DEBUG] iteration=2619, ncalls=4793, regioncalls=177480, ndraw=40, logz=-84196.40, remainder_fraction=100.0000%, Lmin=-84185.56, Lmax=-84137.35
10:40:27 [ultranest] [DEBUG] iteration=2640, ncalls=4819, regioncalls=178520, ndraw=40, logz=-84194.41, remainder_fraction=100.0000%, Lmin=-84183.51, Lmax=-84137.35
10:40:28 [ultranest] [DEBUG] iteration=2655, ncalls=4844, regioncalls=179560, ndraw=40, logz=-84192.73, remainder_fraction=100.0000%, Lmin=-84181.57, Lmax=-84137.35
10:40:28 [ultranest] [DEBUG] iteration=2677, ncalls=4874, regioncalls=180760, ndraw=40, logz=-84190.33, remainder_fraction=100.0000%, Lmin=-84179.28, Lmax=-84137.35
10:40:28 [ultranest] [DEBUG] iteration=2680, ncalls=4878, regioncalls=180920, ndraw=40, logz=-84190.09, remainder_fraction=100.0000%, Lmin=-84179.12, Lmax=-84137.35
10:40:28 [ultranest] [DEBUG] iteration=2698, ncalls=4910, regioncalls=182200, ndraw=40, logz=-84188.54, remainder_fraction=100.0000%, Lmin=-84177.12, Lmax=-84137.35
10:40:28 [ultranest] [DEBUG] iteration=2720, ncalls=4939, regioncalls=183360, ndraw=40, logz=-84186.55, remainder_fraction=100.0000%, Lmin=-84175.62, Lmax=-84137.35
10:40:28 [ultranest] [DEBUG] iteration=2734, ncalls=4962, regioncalls=184320, ndraw=40, logz=-84185.55, remainder_fraction=100.0000%, Lmin=-84174.44, Lmax=-84137.35
10:40:28 [ultranest] [DEBUG] iteration=2755, ncalls=4994, regioncalls=185600, ndraw=40, logz=-84183.98, remainder_fraction=100.0000%, Lmin=-84172.85, Lmax=-84137.35
10:40:28 [ultranest] [DEBUG] iteration=2760, ncalls=5001, regioncalls=185880, ndraw=40, logz=-84183.64, remainder_fraction=100.0000%, Lmin=-84172.57, Lmax=-84137.35
10:40:28 [ultranest] [DEBUG] iteration=2779, ncalls=5032, regioncalls=187120, ndraw=40, logz=-84182.49, remainder_fraction=100.0000%, Lmin=-84171.54, Lmax=-84137.35
10:40:28 [ultranest] [DEBUG] iteration=2797, ncalls=5065, regioncalls=188440, ndraw=40, logz=-84181.49, remainder_fraction=100.0000%, Lmin=-84170.30, Lmax=-84137.35
10:40:28 [ultranest] [DEBUG] iteration=2800, ncalls=5069, regioncalls=188600, ndraw=40, logz=-84181.28, remainder_fraction=100.0000%, Lmin=-84170.17, Lmax=-84137.35
10:40:28 [ultranest] [DEBUG] iteration=2813, ncalls=5099, regioncalls=189800, ndraw=40, logz=-84180.42, remainder_fraction=100.0000%, Lmin=-84169.15, Lmax=-84137.35
10:40:29 [ultranest] [DEBUG] iteration=2829, ncalls=5132, regioncalls=191120, ndraw=40, logz=-84179.37, remainder_fraction=100.0000%, Lmin=-84168.24, Lmax=-84137.35
10:40:29 [ultranest] [DEBUG] iteration=2840, ncalls=5151, regioncalls=191880, ndraw=40, logz=-84178.74, remainder_fraction=100.0000%, Lmin=-84167.70, Lmax=-84137.35
10:40:29 [ultranest] [DEBUG] iteration=2852, ncalls=5185, regioncalls=193240, ndraw=40, logz=-84178.11, remainder_fraction=100.0000%, Lmin=-84167.04, Lmax=-84137.35
10:40:29 [ultranest] [DEBUG] iteration=2869, ncalls=5217, regioncalls=194520, ndraw=40, logz=-84177.09, remainder_fraction=100.0000%, Lmin=-84165.94, Lmax=-84137.35
10:40:29 [ultranest] [DEBUG] iteration=2880, ncalls=5245, regioncalls=195640, ndraw=40, logz=-84176.45, remainder_fraction=100.0000%, Lmin=-84165.25, Lmax=-84137.35
10:40:29 [ultranest] [DEBUG] iteration=2892, ncalls=5267, regioncalls=196680, ndraw=40, logz=-84175.74, remainder_fraction=100.0000%, Lmin=-84164.49, Lmax=-84137.35
10:40:29 [ultranest] [DEBUG] iteration=2915, ncalls=5297, regioncalls=197920, ndraw=40, logz=-84174.59, remainder_fraction=100.0000%, Lmin=-84163.46, Lmax=-84137.35
10:40:29 [ultranest] [DEBUG] iteration=2920, ncalls=5304, regioncalls=198200, ndraw=40, logz=-84174.34, remainder_fraction=100.0000%, Lmin=-84163.14, Lmax=-84137.35
10:40:29 [ultranest] [DEBUG] iteration=2942, ncalls=5335, regioncalls=199440, ndraw=40, logz=-84173.26, remainder_fraction=100.0000%, Lmin=-84162.16, Lmax=-84137.35
10:40:29 [ultranest] [DEBUG] iteration=2960, ncalls=5366, regioncalls=200680, ndraw=40, logz=-84172.47, remainder_fraction=100.0000%, Lmin=-84161.30, Lmax=-84137.35
10:40:29 [ultranest] [DEBUG] iteration=2971, ncalls=5381, regioncalls=201320, ndraw=40, logz=-84171.93, remainder_fraction=100.0000%, Lmin=-84160.50, Lmax=-84137.35
10:40:29 [ultranest] [DEBUG] iteration=2993, ncalls=5411, regioncalls=202520, ndraw=40, logz=-84170.74, remainder_fraction=100.0000%, Lmin=-84159.52, Lmax=-84137.35
10:40:29 [ultranest] [DEBUG] iteration=3000, ncalls=5422, regioncalls=202960, ndraw=40, logz=-84170.45, remainder_fraction=100.0000%, Lmin=-84159.18, Lmax=-84137.35
10:40:30 [ultranest] [DEBUG] iteration=3014, ncalls=5454, regioncalls=204240, ndraw=40, logz=-84169.79, remainder_fraction=100.0000%, Lmin=-84158.42, Lmax=-84137.35
10:40:30 [ultranest] [DEBUG] iteration=3030, ncalls=5486, regioncalls=205520, ndraw=40, logz=-84169.06, remainder_fraction=100.0000%, Lmin=-84157.58, Lmax=-84137.35
10:40:30 [ultranest] [DEBUG] iteration=3040, ncalls=5508, regioncalls=206400, ndraw=40, logz=-84168.56, remainder_fraction=100.0000%, Lmin=-84157.11, Lmax=-84137.35
10:40:30 [ultranest] [DEBUG] iteration=3050, ncalls=5519, regioncalls=206880, ndraw=40, logz=-84168.02, remainder_fraction=100.0000%, Lmin=-84156.36, Lmax=-84137.35
10:40:30 [ultranest] [DEBUG] iteration=3075, ncalls=5548, regioncalls=208040, ndraw=40, logz=-84166.81, remainder_fraction=100.0000%, Lmin=-84155.47, Lmax=-84137.35
10:40:30 [ultranest] [DEBUG] iteration=3080, ncalls=5557, regioncalls=208400, ndraw=40, logz=-84166.62, remainder_fraction=100.0000%, Lmin=-84155.30, Lmax=-84137.35
10:40:30 [ultranest] [DEBUG] iteration=3103, ncalls=5588, regioncalls=209640, ndraw=40, logz=-84165.85, remainder_fraction=100.0000%, Lmin=-84154.71, Lmax=-84137.35
10:40:30 [ultranest] [DEBUG] iteration=3120, ncalls=5617, regioncalls=210800, ndraw=40, logz=-84165.37, remainder_fraction=100.0000%, Lmin=-84154.20, Lmax=-84137.35
10:40:30 [ultranest] [DEBUG] iteration=3129, ncalls=5629, regioncalls=211320, ndraw=40, logz=-84165.13, remainder_fraction=100.0000%, Lmin=-84154.04, Lmax=-84137.35
10:40:30 [ultranest] [DEBUG] iteration=3150, ncalls=5660, regioncalls=212560, ndraw=40, logz=-84164.54, remainder_fraction=99.9999%, Lmin=-84153.40, Lmax=-84137.35
10:40:30 [ultranest] [DEBUG] iteration=3160, ncalls=5672, regioncalls=213040, ndraw=40, logz=-84164.30, remainder_fraction=99.9999%, Lmin=-84153.25, Lmax=-84137.35
10:40:30 [ultranest] [DEBUG] iteration=3180, ncalls=5703, regioncalls=214280, ndraw=40, logz=-84163.83, remainder_fraction=99.9999%, Lmin=-84152.66, Lmax=-84137.35
10:40:31 [ultranest] [DEBUG] iteration=3200, ncalls=5733, regioncalls=215480, ndraw=40, logz=-84163.36, remainder_fraction=99.9998%, Lmin=-84152.14, Lmax=-84137.35
10:40:31 [ultranest] [DEBUG] iteration=3217, ncalls=5762, regioncalls=216640, ndraw=40, logz=-84162.92, remainder_fraction=99.9997%, Lmin=-84151.57, Lmax=-84137.35
10:40:31 [ultranest] [DEBUG] iteration=3232, ncalls=5794, regioncalls=217920, ndraw=40, logz=-84162.53, remainder_fraction=99.9995%, Lmin=-84151.11, Lmax=-84137.35
10:40:31 [ultranest] [DEBUG] iteration=3240, ncalls=5809, regioncalls=218520, ndraw=40, logz=-84162.32, remainder_fraction=99.9994%, Lmin=-84150.95, Lmax=-84137.35
10:40:31 [ultranest] [DEBUG] iteration=3258, ncalls=5840, regioncalls=219760, ndraw=40, logz=-84161.86, remainder_fraction=99.9990%, Lmin=-84150.47, Lmax=-84137.35
10:40:31 [ultranest] [DEBUG] iteration=3275, ncalls=5876, regioncalls=221200, ndraw=40, logz=-84161.47, remainder_fraction=99.9984%, Lmin=-84150.08, Lmax=-84137.35
10:40:31 [ultranest] [DEBUG] iteration=3280, ncalls=5884, regioncalls=221520, ndraw=40, logz=-84161.36, remainder_fraction=99.9983%, Lmin=-84150.02, Lmax=-84137.35
10:40:31 [ultranest] [DEBUG] iteration=3298, ncalls=5913, regioncalls=222680, ndraw=40, logz=-84160.99, remainder_fraction=99.9974%, Lmin=-84149.59, Lmax=-84137.35
10:40:31 [ultranest] [DEBUG] iteration=3312, ncalls=5945, regioncalls=223960, ndraw=40, logz=-84160.70, remainder_fraction=99.9965%, Lmin=-84149.31, Lmax=-84137.35
10:40:31 [ultranest] [DEBUG] iteration=3320, ncalls=5963, regioncalls=224680, ndraw=40, logz=-84160.53, remainder_fraction=99.9960%, Lmin=-84149.13, Lmax=-84137.35
10:40:31 [ultranest] [DEBUG] iteration=3335, ncalls=5995, regioncalls=225960, ndraw=40, logz=-84160.24, remainder_fraction=99.9946%, Lmin=-84148.83, Lmax=-84137.35
10:40:32 [ultranest] [DEBUG] iteration=3348, ncalls=6028, regioncalls=227280, ndraw=40, logz=-84159.99, remainder_fraction=99.9935%, Lmin=-84148.52, Lmax=-84137.35
10:40:32 [ultranest] [DEBUG] iteration=3360, ncalls=6050, regioncalls=228160, ndraw=40, logz=-84159.75, remainder_fraction=99.9916%, Lmin=-84148.26, Lmax=-84137.35
10:40:32 [ultranest] [DEBUG] iteration=3366, ncalls=6063, regioncalls=228760, ndraw=40, logz=-84159.63, remainder_fraction=99.9904%, Lmin=-84148.14, Lmax=-84137.35
10:40:32 [ultranest] [DEBUG] iteration=3385, ncalls=6093, regioncalls=230080, ndraw=40, logz=-84159.28, remainder_fraction=99.9866%, Lmin=-84147.81, Lmax=-84137.35
10:40:32 [ultranest] [DEBUG] iteration=3400, ncalls=6117, regioncalls=231040, ndraw=40, logz=-84159.02, remainder_fraction=99.9825%, Lmin=-84147.67, Lmax=-84137.35
10:40:32 [ultranest] [DEBUG] iteration=3420, ncalls=6148, regioncalls=232280, ndraw=40, logz=-84158.73, remainder_fraction=99.9756%, Lmin=-84147.35, Lmax=-84137.35
10:40:32 [ultranest] [DEBUG] iteration=3440, ncalls=6175, regioncalls=233360, ndraw=40, logz=-84158.42, remainder_fraction=99.9684%, Lmin=-84146.98, Lmax=-84137.35
10:40:32 [ultranest] [DEBUG] iteration=3445, ncalls=6180, regioncalls=233640, ndraw=40, logz=-84158.34, remainder_fraction=99.9657%, Lmin=-84146.91, Lmax=-84137.35
10:40:32 [ultranest] [DEBUG] iteration=3465, ncalls=6213, regioncalls=234960, ndraw=40, logz=-84158.06, remainder_fraction=99.9550%, Lmin=-84146.58, Lmax=-84137.35
10:40:32 [ultranest] [DEBUG] iteration=3480, ncalls=6237, regioncalls=235920, ndraw=40, logz=-84157.84, remainder_fraction=99.9450%, Lmin=-84146.36, Lmax=-84137.35
10:40:32 [ultranest] [DEBUG] iteration=3501, ncalls=6268, regioncalls=237160, ndraw=40, logz=-84157.54, remainder_fraction=99.9223%, Lmin=-84146.00, Lmax=-84137.35
10:40:32 [ultranest] [DEBUG] iteration=3516, ncalls=6300, regioncalls=238440, ndraw=40, logz=-84157.33, remainder_fraction=99.9031%, Lmin=-84145.79, Lmax=-84137.35
10:40:32 [ultranest] [DEBUG] iteration=3520, ncalls=6307, regioncalls=238720, ndraw=40, logz=-84157.28, remainder_fraction=99.9063%, Lmin=-84145.72, Lmax=-84137.35
10:40:32 [ultranest] [DEBUG] iteration=3524, ncalls=6316, regioncalls=239120, ndraw=40, logz=-84157.23, remainder_fraction=99.9009%, Lmin=-84145.70, Lmax=-84137.35
10:40:33 [ultranest] [DEBUG] iteration=3546, ncalls=6346, regioncalls=240320, ndraw=40, logz=-84156.93, remainder_fraction=99.8637%, Lmin=-84145.19, Lmax=-84137.35
10:40:33 [ultranest] [DEBUG] iteration=3560, ncalls=6370, regioncalls=241280, ndraw=40, logz=-84156.73, remainder_fraction=99.8334%, Lmin=-84145.06, Lmax=-84137.35
10:40:33 [ultranest] [DEBUG] iteration=3578, ncalls=6404, regioncalls=242640, ndraw=40, logz=-84156.48, remainder_fraction=99.7957%, Lmin=-84144.70, Lmax=-84137.35
10:40:33 [ultranest] [DEBUG] iteration=3595, ncalls=6437, regioncalls=243960, ndraw=40, logz=-84156.24, remainder_fraction=99.7383%, Lmin=-84144.47, Lmax=-84137.35
10:40:33 [ultranest] [DEBUG] iteration=3600, ncalls=6443, regioncalls=244200, ndraw=40, logz=-84156.17, remainder_fraction=99.7192%, Lmin=-84144.37, Lmax=-84137.35
10:40:33 [ultranest] [DEBUG] iteration=3603, ncalls=6449, regioncalls=244520, ndraw=40, logz=-84156.13, remainder_fraction=99.7056%, Lmin=-84144.34, Lmax=-84137.35
10:40:33 [ultranest] [DEBUG] iteration=3625, ncalls=6479, regioncalls=245720, ndraw=40, logz=-84155.84, remainder_fraction=99.6139%, Lmin=-84144.01, Lmax=-84137.35
10:40:33 [ultranest] [DEBUG] iteration=3640, ncalls=6503, regioncalls=246680, ndraw=40, logz=-84155.65, remainder_fraction=99.5389%, Lmin=-84143.85, Lmax=-84137.35
10:40:33 [ultranest] [DEBUG] iteration=3659, ncalls=6535, regioncalls=247960, ndraw=40, logz=-84155.43, remainder_fraction=99.4007%, Lmin=-84143.67, Lmax=-84137.35
10:40:33 [ultranest] [DEBUG] iteration=3678, ncalls=6566, regioncalls=249200, ndraw=40, logz=-84155.23, remainder_fraction=99.2694%, Lmin=-84143.49, Lmax=-84137.35
10:40:33 [ultranest] [DEBUG] iteration=3680, ncalls=6568, regioncalls=249280, ndraw=40, logz=-84155.21, remainder_fraction=99.2552%, Lmin=-84143.47, Lmax=-84137.35
10:40:33 [ultranest] [DEBUG] iteration=3696, ncalls=6597, regioncalls=250440, ndraw=40, logz=-84155.04, remainder_fraction=99.1443%, Lmin=-84143.27, Lmax=-84137.35
10:40:34 [ultranest] [DEBUG] iteration=3710, ncalls=6629, regioncalls=251720, ndraw=40, logz=-84154.90, remainder_fraction=98.9992%, Lmin=-84143.13, Lmax=-84137.35
10:40:34 [ultranest] [DEBUG] iteration=3720, ncalls=6644, regioncalls=252320, ndraw=40, logz=-84154.81, remainder_fraction=98.8786%, Lmin=-84142.98, Lmax=-84137.35
10:40:34 [ultranest] [DEBUG] iteration=3739, ncalls=6675, regioncalls=253560, ndraw=40, logz=-84154.62, remainder_fraction=98.6412%, Lmin=-84142.81, Lmax=-84137.35
10:40:34 [ultranest] [DEBUG] iteration=3757, ncalls=6706, regioncalls=254800, ndraw=40, logz=-84154.46, remainder_fraction=98.3779%, Lmin=-84142.60, Lmax=-84137.35
10:40:34 [ultranest] [DEBUG] iteration=3760, ncalls=6713, regioncalls=255080, ndraw=40, logz=-84154.43, remainder_fraction=98.3280%, Lmin=-84142.59, Lmax=-84137.35
10:40:34 [ultranest] [DEBUG] iteration=3775, ncalls=6742, regioncalls=256240, ndraw=40, logz=-84154.29, remainder_fraction=98.1343%, Lmin=-84142.44, Lmax=-84137.35
10:40:34 [ultranest] [DEBUG] iteration=3789, ncalls=6774, regioncalls=257520, ndraw=40, logz=-84154.17, remainder_fraction=97.9008%, Lmin=-84142.34, Lmax=-84137.35
10:40:34 [ultranest] [DEBUG] iteration=3800, ncalls=6800, regioncalls=258560, ndraw=40, logz=-84154.08, remainder_fraction=97.6759%, Lmin=-84142.26, Lmax=-84137.35
10:40:34 [ultranest] [DEBUG] iteration=3814, ncalls=6834, regioncalls=259920, ndraw=40, logz=-84153.98, remainder_fraction=97.4021%, Lmin=-84142.18, Lmax=-84137.35
10:40:34 [ultranest] [DEBUG] iteration=3830, ncalls=6866, regioncalls=261200, ndraw=40, logz=-84153.86, remainder_fraction=97.0504%, Lmin=-84142.02, Lmax=-84137.35
10:40:34 [ultranest] [DEBUG] iteration=3840, ncalls=6883, regioncalls=261920, ndraw=40, logz=-84153.79, remainder_fraction=96.7932%, Lmin=-84141.96, Lmax=-84137.35
10:40:34 [ultranest] [DEBUG] iteration=3865, ncalls=6912, regioncalls=263080, ndraw=40, logz=-84153.62, remainder_fraction=96.2832%, Lmin=-84141.81, Lmax=-84137.35
10:40:34 [ultranest] [DEBUG] iteration=3880, ncalls=6929, regioncalls=263760, ndraw=40, logz=-84153.52, remainder_fraction=96.0084%, Lmin=-84141.70, Lmax=-84137.35
10:40:35 [ultranest] [DEBUG] iteration=3902, ncalls=6959, regioncalls=264960, ndraw=40, logz=-84153.38, remainder_fraction=95.4302%, Lmin=-84141.52, Lmax=-84137.35
10:40:35 [ultranest] [DEBUG] iteration=3919, ncalls=6986, regioncalls=266080, ndraw=40, logz=-84153.28, remainder_fraction=94.8071%, Lmin=-84141.39, Lmax=-84137.35
10:40:35 [ultranest] [DEBUG] iteration=3920, ncalls=6989, regioncalls=266200, ndraw=40, logz=-84153.27, remainder_fraction=94.7665%, Lmin=-84141.38, Lmax=-84137.35
10:40:35 [ultranest] [DEBUG] iteration=3941, ncalls=7020, regioncalls=267440, ndraw=40, logz=-84153.15, remainder_fraction=94.2355%, Lmin=-84141.20, Lmax=-84137.35
10:40:35 [ultranest] [DEBUG] iteration=3959, ncalls=7054, regioncalls=268800, ndraw=40, logz=-84153.04, remainder_fraction=93.7626%, Lmin=-84141.09, Lmax=-84137.35
10:40:35 [ultranest] [DEBUG] iteration=3960, ncalls=7056, regioncalls=268880, ndraw=40, logz=-84153.03, remainder_fraction=93.7641%, Lmin=-84141.09, Lmax=-84137.35
10:40:35 [ultranest] [DEBUG] iteration=3978, ncalls=7087, regioncalls=270120, ndraw=40, logz=-84152.93, remainder_fraction=92.9959%, Lmin=-84141.00, Lmax=-84137.35
10:40:35 [ultranest] [DEBUG] iteration=3997, ncalls=7118, regioncalls=271360, ndraw=40, logz=-84152.83, remainder_fraction=92.2469%, Lmin=-84140.87, Lmax=-84137.31
10:40:35 [ultranest] [DEBUG] iteration=3998, ncalls=7119, regioncalls=271480, ndraw=40, logz=-84152.83, remainder_fraction=92.1895%, Lmin=-84140.87, Lmax=-84137.31
10:40:35 [ultranest] [DEBUG] iteration=4000, ncalls=7122, regioncalls=271600, ndraw=40, logz=-84152.82, remainder_fraction=92.0879%, Lmin=-84140.86, Lmax=-84137.31
10:40:35 [ultranest] [DEBUG] iteration=4022, ncalls=7152, regioncalls=272800, ndraw=40, logz=-84152.71, remainder_fraction=91.2832%, Lmin=-84140.73, Lmax=-84137.31
10:40:35 [ultranest] [DEBUG] iteration=4040, ncalls=7183, regioncalls=274040, ndraw=40, logz=-84152.62, remainder_fraction=90.4834%, Lmin=-84140.61, Lmax=-84137.31
10:40:35 [ultranest] [DEBUG] iteration=4061, ncalls=7216, regioncalls=275360, ndraw=40, logz=-84152.52, remainder_fraction=89.4567%, Lmin=-84140.48, Lmax=-84137.31
10:40:36 [ultranest] [DEBUG] iteration=4077, ncalls=7248, regioncalls=276720, ndraw=40, logz=-84152.44, remainder_fraction=88.5670%, Lmin=-84140.34, Lmax=-84137.31
10:40:36 [ultranest] [DEBUG] iteration=4080, ncalls=7252, regioncalls=276880, ndraw=40, logz=-84152.43, remainder_fraction=88.3774%, Lmin=-84140.33, Lmax=-84137.31
10:40:36 [ultranest] [DEBUG] iteration=4101, ncalls=7283, regioncalls=278120, ndraw=40, logz=-84152.33, remainder_fraction=87.2077%, Lmin=-84140.17, Lmax=-84137.31
10:40:36 [ultranest] [DEBUG] iteration=4120, ncalls=7308, regioncalls=279120, ndraw=40, logz=-84152.24, remainder_fraction=86.0685%, Lmin=-84140.07, Lmax=-84137.31
10:40:36 [ultranest] [DEBUG] iteration=4141, ncalls=7339, regioncalls=280360, ndraw=40, logz=-84152.15, remainder_fraction=84.7887%, Lmin=-84139.93, Lmax=-84137.31
10:40:36 [ultranest] [DEBUG] iteration=4156, ncalls=7358, regioncalls=281160, ndraw=40, logz=-84152.08, remainder_fraction=83.9008%, Lmin=-84139.90, Lmax=-84137.31
10:40:36 [ultranest] [DEBUG] iteration=4160, ncalls=7367, regioncalls=281520, ndraw=40, logz=-84152.07, remainder_fraction=83.6764%, Lmin=-84139.89, Lmax=-84137.31
10:40:36 [ultranest] [DEBUG] iteration=4179, ncalls=7397, regioncalls=282720, ndraw=40, logz=-84151.99, remainder_fraction=82.1891%, Lmin=-84139.79, Lmax=-84137.31
10:40:36 [ultranest] [DEBUG] iteration=4200, ncalls=7424, regioncalls=283840, ndraw=40, logz=-84151.91, remainder_fraction=80.7091%, Lmin=-84139.70, Lmax=-84137.31
10:40:36 [ultranest] [DEBUG] iteration=4218, ncalls=7457, regioncalls=285160, ndraw=40, logz=-84151.84, remainder_fraction=79.5086%, Lmin=-84139.59, Lmax=-84137.31
10:40:36 [ultranest] [DEBUG] iteration=4233, ncalls=7486, regioncalls=286320, ndraw=40, logz=-84151.79, remainder_fraction=78.1537%, Lmin=-84139.53, Lmax=-84137.31
10:40:36 [ultranest] [DEBUG] iteration=4235, ncalls=7488, regioncalls=286440, ndraw=40, logz=-84151.78, remainder_fraction=77.9767%, Lmin=-84139.52, Lmax=-84137.31
10:40:36 [ultranest] [DEBUG] iteration=4240, ncalls=7496, regioncalls=286760, ndraw=40, logz=-84151.76, remainder_fraction=77.6604%, Lmin=-84139.48, Lmax=-84137.31
10:40:37 [ultranest] [DEBUG] iteration=4260, ncalls=7527, regioncalls=288000, ndraw=40, logz=-84151.69, remainder_fraction=76.1102%, Lmin=-84139.40, Lmax=-84137.31
10:40:37 [ultranest] [DEBUG] iteration=4278, ncalls=7561, regioncalls=289360, ndraw=40, logz=-84151.63, remainder_fraction=74.4532%, Lmin=-84139.31, Lmax=-84137.31
10:40:37 [ultranest] [DEBUG] iteration=4280, ncalls=7563, regioncalls=289440, ndraw=40, logz=-84151.62, remainder_fraction=74.2498%, Lmin=-84139.29, Lmax=-84137.31
10:40:37 [ultranest] [DEBUG] iteration=4300, ncalls=7594, regioncalls=290680, ndraw=40, logz=-84151.56, remainder_fraction=72.6019%, Lmin=-84139.23, Lmax=-84137.31
10:40:37 [ultranest] [DEBUG] iteration=4314, ncalls=7620, regioncalls=291760, ndraw=40, logz=-84151.51, remainder_fraction=71.3050%, Lmin=-84139.19, Lmax=-84137.31
10:40:37 [ultranest] [DEBUG] iteration=4320, ncalls=7632, regioncalls=292280, ndraw=40, logz=-84151.49, remainder_fraction=70.6573%, Lmin=-84139.17, Lmax=-84137.31
10:40:37 [ultranest] [DEBUG] iteration=4340, ncalls=7663, regioncalls=293520, ndraw=40, logz=-84151.44, remainder_fraction=68.9481%, Lmin=-84139.12, Lmax=-84137.31
10:40:37 [ultranest] [DEBUG] iteration=4358, ncalls=7694, regioncalls=294760, ndraw=40, logz=-84151.39, remainder_fraction=67.5449%, Lmin=-84139.08, Lmax=-84137.31
10:40:37 [ultranest] [DEBUG] iteration=4360, ncalls=7701, regioncalls=295040, ndraw=40, logz=-84151.38, remainder_fraction=67.3248%, Lmin=-84139.07, Lmax=-84137.31
10:40:37 [ultranest] [DEBUG] iteration=4381, ncalls=7731, regioncalls=296240, ndraw=40, logz=-84151.33, remainder_fraction=65.3140%, Lmin=-84139.02, Lmax=-84137.31
10:40:37 [ultranest] [DEBUG] iteration=4400, ncalls=7760, regioncalls=297400, ndraw=40, logz=-84151.28, remainder_fraction=63.4968%, Lmin=-84138.97, Lmax=-84137.31
10:40:37 [ultranest] [DEBUG] iteration=4420, ncalls=7791, regioncalls=298640, ndraw=40, logz=-84151.24, remainder_fraction=61.5469%, Lmin=-84138.92, Lmax=-84137.31
10:40:38 [ultranest] [DEBUG] iteration=4434, ncalls=7823, regioncalls=299920, ndraw=40, logz=-84151.20, remainder_fraction=60.3415%, Lmin=-84138.88, Lmax=-84137.31
10:40:38 [ultranest] [DEBUG] iteration=4440, ncalls=7834, regioncalls=300360, ndraw=40, logz=-84151.19, remainder_fraction=60.0306%, Lmin=-84138.86, Lmax=-84137.31
10:40:38 [ultranest] [DEBUG] iteration=4457, ncalls=7866, regioncalls=301640, ndraw=40, logz=-84151.16, remainder_fraction=58.6813%, Lmin=-84138.82, Lmax=-84137.31
10:40:38 [ultranest] [DEBUG] iteration=4472, ncalls=7890, regioncalls=302680, ndraw=40, logz=-84151.12, remainder_fraction=57.4770%, Lmin=-84138.78, Lmax=-84137.31
10:40:38 [ultranest] [DEBUG] iteration=4480, ncalls=7905, regioncalls=303280, ndraw=40, logz=-84151.11, remainder_fraction=56.7097%, Lmin=-84138.75, Lmax=-84137.31
10:40:38 [ultranest] [DEBUG] iteration=4499, ncalls=7936, regioncalls=304520, ndraw=40, logz=-84151.07, remainder_fraction=55.1050%, Lmin=-84138.70, Lmax=-84137.31
10:40:38 [ultranest] [DEBUG] iteration=4520, ncalls=7966, regioncalls=305720, ndraw=40, logz=-84151.03, remainder_fraction=53.1138%, Lmin=-84138.66, Lmax=-84137.31
10:40:38 [ultranest] [DEBUG] iteration=4540, ncalls=7997, regioncalls=306960, ndraw=40, logz=-84151.00, remainder_fraction=51.4169%, Lmin=-84138.62, Lmax=-84137.31
10:40:38 [ultranest] [DEBUG] iteration=4551, ncalls=8016, regioncalls=307800, ndraw=40, logz=-84150.98, remainder_fraction=50.4613%, Lmin=-84138.60, Lmax=-84137.31
10:40:38 [ultranest] [DEBUG] iteration=4560, ncalls=8028, regioncalls=308280, ndraw=40, logz=-84150.97, remainder_fraction=49.7386%, Lmin=-84138.58, Lmax=-84137.31
10:40:38 [ultranest] [DEBUG] iteration=4581, ncalls=8058, regioncalls=309480, ndraw=40, logz=-84150.93, remainder_fraction=47.9622%, Lmin=-84138.54, Lmax=-84137.31
10:40:38 [ultranest] [DEBUG] iteration=4600, ncalls=8082, regioncalls=310440, ndraw=40, logz=-84150.90, remainder_fraction=46.4937%, Lmin=-84138.49, Lmax=-84137.31
10:40:38 [ultranest] [DEBUG] iteration=4618, ncalls=8115, regioncalls=311760, ndraw=40, logz=-84150.88, remainder_fraction=45.2631%, Lmin=-84138.45, Lmax=-84137.31
10:40:39 [ultranest] [DEBUG] iteration=4630, ncalls=8140, regioncalls=312800, ndraw=40, logz=-84150.86, remainder_fraction=44.2692%, Lmin=-84138.43, Lmax=-84137.31
10:40:39 [ultranest] [DEBUG] iteration=4640, ncalls=8152, regioncalls=313280, ndraw=40, logz=-84150.85, remainder_fraction=43.4777%, Lmin=-84138.41, Lmax=-84137.31
10:40:39 [ultranest] [DEBUG] iteration=4661, ncalls=8182, regioncalls=314480, ndraw=40, logz=-84150.82, remainder_fraction=41.8781%, Lmin=-84138.37, Lmax=-84137.31
10:40:39 [ultranest] [DEBUG] iteration=4679, ncalls=8216, regioncalls=315840, ndraw=40, logz=-84150.80, remainder_fraction=40.6698%, Lmin=-84138.34, Lmax=-84137.31
10:40:39 [ultranest] [DEBUG] iteration=4680, ncalls=8220, regioncalls=316000, ndraw=40, logz=-84150.79, remainder_fraction=40.5783%, Lmin=-84138.34, Lmax=-84137.31
10:40:39 [ultranest] [DEBUG] iteration=4695, ncalls=8253, regioncalls=317320, ndraw=40, logz=-84150.78, remainder_fraction=39.5759%, Lmin=-84138.31, Lmax=-84137.28
10:40:39 [ultranest] [DEBUG] iteration=4709, ncalls=8268, regioncalls=318000, ndraw=40, logz=-84150.76, remainder_fraction=38.5860%, Lmin=-84138.28, Lmax=-84137.28
10:40:39 [ultranest] [DEBUG] iteration=4720, ncalls=8283, regioncalls=318800, ndraw=40, logz=-84150.75, remainder_fraction=37.8180%, Lmin=-84138.26, Lmax=-84137.28
10:40:39 [ultranest] [DEBUG] iteration=4740, ncalls=8315, regioncalls=320080, ndraw=40, logz=-84150.72, remainder_fraction=36.4293%, Lmin=-84138.20, Lmax=-84137.28
10:40:39 [ultranest] [DEBUG] iteration=4757, ncalls=8346, regioncalls=321320, ndraw=40, logz=-84150.71, remainder_fraction=35.2754%, Lmin=-84138.18, Lmax=-84137.28
10:40:39 [ultranest] [DEBUG] iteration=4760, ncalls=8350, regioncalls=321480, ndraw=40, logz=-84150.70, remainder_fraction=35.1467%, Lmin=-84138.17, Lmax=-84137.28
10:40:39 [ultranest] [DEBUG] iteration=4779, ncalls=8381, regioncalls=322720, ndraw=40, logz=-84150.68, remainder_fraction=33.8190%, Lmin=-84138.15, Lmax=-84137.28
10:40:39 [ultranest] [DEBUG] iteration=4796, ncalls=8411, regioncalls=323920, ndraw=40, logz=-84150.67, remainder_fraction=32.7749%, Lmin=-84138.13, Lmax=-84137.28
10:40:40 [ultranest] [DEBUG] iteration=4800, ncalls=8425, regioncalls=324480, ndraw=40, logz=-84150.66, remainder_fraction=32.5600%, Lmin=-84138.13, Lmax=-84137.28
10:40:40 [ultranest] [DEBUG] iteration=4819, ncalls=8456, regioncalls=325720, ndraw=40, logz=-84150.64, remainder_fraction=31.3121%, Lmin=-84138.09, Lmax=-84137.28
10:40:40 [ultranest] [DEBUG] iteration=4834, ncalls=8488, regioncalls=327000, ndraw=40, logz=-84150.63, remainder_fraction=30.4652%, Lmin=-84138.07, Lmax=-84137.28
10:40:40 [ultranest] [DEBUG] iteration=4840, ncalls=8502, regioncalls=327560, ndraw=40, logz=-84150.63, remainder_fraction=30.0858%, Lmin=-84138.06, Lmax=-84137.28
10:40:40 [ultranest] [DEBUG] iteration=4857, ncalls=8533, regioncalls=328800, ndraw=40, logz=-84150.61, remainder_fraction=29.1104%, Lmin=-84138.04, Lmax=-84137.28
10:40:40 [ultranest] [DEBUG] iteration=4867, ncalls=8550, regioncalls=329560, ndraw=40, logz=-84150.60, remainder_fraction=28.4173%, Lmin=-84138.03, Lmax=-84137.28
10:40:40 [ultranest] [DEBUG] iteration=4880, ncalls=8567, regioncalls=330240, ndraw=40, logz=-84150.59, remainder_fraction=27.6545%, Lmin=-84138.01, Lmax=-84137.28
10:40:40 [ultranest] [DEBUG] iteration=4903, ncalls=8596, regioncalls=331400, ndraw=40, logz=-84150.57, remainder_fraction=26.3770%, Lmin=-84137.98, Lmax=-84137.28
10:40:40 [ultranest] [DEBUG] iteration=4920, ncalls=8624, regioncalls=332520, ndraw=40, logz=-84150.56, remainder_fraction=25.4098%, Lmin=-84137.96, Lmax=-84137.28
10:40:40 [ultranest] [DEBUG] iteration=4940, ncalls=8656, regioncalls=333800, ndraw=40, logz=-84150.55, remainder_fraction=24.2836%, Lmin=-84137.93, Lmax=-84137.28
10:40:40 [ultranest] [DEBUG] iteration=4946, ncalls=8666, regioncalls=334280, ndraw=40, logz=-84150.54, remainder_fraction=23.9564%, Lmin=-84137.93, Lmax=-84137.28
10:40:40 [ultranest] [DEBUG] iteration=4960, ncalls=8685, regioncalls=335040, ndraw=40, logz=-84150.53, remainder_fraction=23.1787%, Lmin=-84137.91, Lmax=-84137.28
10:40:41 [ultranest] [DEBUG] iteration=4982, ncalls=8717, regioncalls=336320, ndraw=40, logz=-84150.52, remainder_fraction=22.0299%, Lmin=-84137.89, Lmax=-84137.28
10:40:41 [ultranest] [DEBUG] iteration=5000, ncalls=8747, regioncalls=337520, ndraw=40, logz=-84150.51, remainder_fraction=21.1645%, Lmin=-84137.86, Lmax=-84137.28
10:40:41 [ultranest] [DEBUG] iteration=5020, ncalls=8780, regioncalls=338840, ndraw=40, logz=-84150.50, remainder_fraction=20.2096%, Lmin=-84137.84, Lmax=-84137.28
10:40:41 [ultranest] [DEBUG] iteration=5025, ncalls=8785, regioncalls=339120, ndraw=40, logz=-84150.49, remainder_fraction=19.9920%, Lmin=-84137.83, Lmax=-84137.28
10:40:41 [ultranest] [DEBUG] iteration=5040, ncalls=8811, regioncalls=340200, ndraw=40, logz=-84150.49, remainder_fraction=19.3166%, Lmin=-84137.82, Lmax=-84137.28
10:40:41 [ultranest] [DEBUG] iteration=5061, ncalls=8841, regioncalls=341400, ndraw=40, logz=-84150.47, remainder_fraction=18.3839%, Lmin=-84137.79, Lmax=-84137.28
10:40:41 [ultranest] [DEBUG] iteration=5080, ncalls=8871, regioncalls=342600, ndraw=40, logz=-84150.47, remainder_fraction=17.5868%, Lmin=-84137.78, Lmax=-84137.28
10:40:41 [ultranest] [DEBUG] iteration=5100, ncalls=8902, regioncalls=343840, ndraw=40, logz=-84150.46, remainder_fraction=16.7574%, Lmin=-84137.77, Lmax=-84137.28
10:40:41 [ultranest] [DEBUG] iteration=5104, ncalls=8909, regioncalls=344160, ndraw=40, logz=-84150.45, remainder_fraction=16.6077%, Lmin=-84137.76, Lmax=-84137.28
10:40:41 [ultranest] [DEBUG] iteration=5120, ncalls=8928, regioncalls=344960, ndraw=40, logz=-84150.45, remainder_fraction=15.9906%, Lmin=-84137.75, Lmax=-84137.28
10:40:41 [ultranest] [DEBUG] iteration=5139, ncalls=8956, regioncalls=346080, ndraw=40, logz=-84150.44, remainder_fraction=15.3169%, Lmin=-84137.74, Lmax=-84137.28
10:40:41 [ultranest] [DEBUG] iteration=5160, ncalls=8984, regioncalls=347200, ndraw=40, logz=-84150.43, remainder_fraction=14.5547%, Lmin=-84137.72, Lmax=-84137.28
10:40:42 [ultranest] [DEBUG] iteration=5181, ncalls=9014, regioncalls=348400, ndraw=40, logz=-84150.42, remainder_fraction=13.8455%, Lmin=-84137.71, Lmax=-84137.28
10:40:42 [ultranest] [DEBUG] iteration=5183, ncalls=9016, regioncalls=348520, ndraw=40, logz=-84150.42, remainder_fraction=13.7819%, Lmin=-84137.71, Lmax=-84137.28
10:40:42 [ultranest] [DEBUG] iteration=5200, ncalls=9040, regioncalls=349480, ndraw=40, logz=-84150.41, remainder_fraction=13.2210%, Lmin=-84137.69, Lmax=-84137.28
10:40:42 [ultranest] [DEBUG] iteration=5220, ncalls=9072, regioncalls=350760, ndraw=40, logz=-84150.41, remainder_fraction=12.5792%, Lmin=-84137.68, Lmax=-84137.28
10:40:42 [ultranest] [DEBUG] iteration=5240, ncalls=9101, regioncalls=351920, ndraw=40, logz=-84150.40, remainder_fraction=11.9873%, Lmin=-84137.67, Lmax=-84137.28
10:40:42 [ultranest] [DEBUG] iteration=5260, ncalls=9131, regioncalls=353120, ndraw=40, logz=-84150.39, remainder_fraction=11.4308%, Lmin=-84137.65, Lmax=-84137.28
10:40:42 [ultranest] [DEBUG] iteration=5262, ncalls=9133, regioncalls=353240, ndraw=40, logz=-84150.39, remainder_fraction=11.3766%, Lmin=-84137.65, Lmax=-84137.28
10:40:42 [ultranest] [DEBUG] iteration=5280, ncalls=9159, regioncalls=354320, ndraw=40, logz=-84150.39, remainder_fraction=10.8764%, Lmin=-84137.64, Lmax=-84137.28
10:40:42 [ultranest] [DEBUG] iteration=5299, ncalls=9191, regioncalls=355600, ndraw=40, logz=-84150.38, remainder_fraction=10.4037%, Lmin=-84137.63, Lmax=-84137.28
10:40:42 [ultranest] [DEBUG] iteration=5315, ncalls=9222, regioncalls=356840, ndraw=40, logz=-84150.38, remainder_fraction=9.9961%, Lmin=-84137.62, Lmax=-84137.28
10:40:42 [ultranest] [DEBUG] iteration=5320, ncalls=9229, regioncalls=357120, ndraw=40, logz=-84150.38, remainder_fraction=9.8774%, Lmin=-84137.62, Lmax=-84137.28
10:40:42 [ultranest] [DEBUG] iteration=5337, ncalls=9262, regioncalls=358440, ndraw=40, logz=-84150.37, remainder_fraction=9.4954%, Lmin=-84137.61, Lmax=-84137.28
10:40:42 [ultranest] [DEBUG] iteration=5356, ncalls=9292, regioncalls=359640, ndraw=40, logz=-84150.37, remainder_fraction=9.0572%, Lmin=-84137.60, Lmax=-84137.28
10:40:43 [ultranest] [DEBUG] iteration=5360, ncalls=9298, regioncalls=359880, ndraw=40, logz=-84150.37, remainder_fraction=8.9662%, Lmin=-84137.60, Lmax=-84137.28
10:40:43 [ultranest] [DEBUG] iteration=5376, ncalls=9331, regioncalls=361200, ndraw=40, logz=-84150.36, remainder_fraction=8.6144%, Lmin=-84137.59, Lmax=-84137.28
10:40:43 [ultranest] [DEBUG] iteration=5393, ncalls=9363, regioncalls=362480, ndraw=40, logz=-84150.36, remainder_fraction=8.2540%, Lmin=-84137.58, Lmax=-84137.28
10:40:43 [ultranest] [DEBUG] iteration=5400, ncalls=9382, regioncalls=363240, ndraw=40, logz=-84150.36, remainder_fraction=8.1155%, Lmin=-84137.57, Lmax=-84137.28
10:40:43 [ultranest] [DEBUG] iteration=5414, ncalls=9414, regioncalls=364520, ndraw=40, logz=-84150.35, remainder_fraction=7.8368%, Lmin=-84137.56, Lmax=-84137.28
10:40:43 [ultranest] [DEBUG] iteration=5420, ncalls=9440, regioncalls=365640, ndraw=40, logz=-84150.35, remainder_fraction=7.7194%, Lmin=-84137.56, Lmax=-84137.28
10:40:43 [ultranest] [DEBUG] iteration=5438, ncalls=9473, regioncalls=366960, ndraw=40, logz=-84150.35, remainder_fraction=7.3778%, Lmin=-84137.55, Lmax=-84137.28
10:40:43 [ultranest] [DEBUG] iteration=5440, ncalls=9475, regioncalls=367040, ndraw=40, logz=-84150.35, remainder_fraction=7.3424%, Lmin=-84137.55, Lmax=-84137.28
10:40:43 [ultranest] [DEBUG] iteration=5461, ncalls=9505, regioncalls=368240, ndraw=40, logz=-84150.34, remainder_fraction=6.9630%, Lmin=-84137.54, Lmax=-84137.28
10:40:43 [ultranest] [DEBUG] iteration=5480, ncalls=9531, regioncalls=369280, ndraw=40, logz=-84150.34, remainder_fraction=6.6355%, Lmin=-84137.53, Lmax=-84137.28
10:40:43 [ultranest] [DEBUG] iteration=5499, ncalls=9558, regioncalls=370480, ndraw=40, logz=-84150.34, remainder_fraction=6.3251%, Lmin=-84137.52, Lmax=-84137.28
10:40:43 [ultranest] [DEBUG] iteration=5520, ncalls=9588, regioncalls=371720, ndraw=40, logz=-84150.33, remainder_fraction=5.9810%, Lmin=-84137.51, Lmax=-84137.28
10:40:44 [ultranest] [DEBUG] iteration=5541, ncalls=9618, regioncalls=372920, ndraw=40, logz=-84150.33, remainder_fraction=5.6703%, Lmin=-84137.50, Lmax=-84137.28
10:40:44 [ultranest] [DEBUG] iteration=5560, ncalls=9646, regioncalls=374040, ndraw=40, logz=-84150.33, remainder_fraction=5.4008%, Lmin=-84137.49, Lmax=-84137.28
10:40:44 [ultranest] [DEBUG] iteration=5578, ncalls=9668, regioncalls=374960, ndraw=40, logz=-84150.32, remainder_fraction=5.1532%, Lmin=-84137.48, Lmax=-84137.28
10:40:44 [ultranest] [DEBUG] iteration=5600, ncalls=9696, regioncalls=376160, ndraw=40, logz=-84150.32, remainder_fraction=4.8635%, Lmin=-84137.47, Lmax=-84137.28
10:40:44 [ultranest] [DEBUG] iteration=5620, ncalls=9727, regioncalls=377400, ndraw=40, logz=-84150.32, remainder_fraction=4.6187%, Lmin=-84137.46, Lmax=-84137.28
10:40:44 [ultranest] [DEBUG] iteration=5636, ncalls=9759, regioncalls=378680, ndraw=40, logz=-84150.32, remainder_fraction=4.4265%, Lmin=-84137.46, Lmax=-84137.28
10:40:44 [ultranest] [DEBUG] iteration=5640, ncalls=9765, regioncalls=378920, ndraw=40, logz=-84150.32, remainder_fraction=4.3789%, Lmin=-84137.46, Lmax=-84137.28
10:40:44 [ultranest] [DEBUG] iteration=5657, ncalls=9792, regioncalls=380040, ndraw=40, logz=-84150.31, remainder_fraction=4.1869%, Lmin=-84137.45, Lmax=-84137.28
10:40:44 [ultranest] [DEBUG] iteration=5680, ncalls=9823, regioncalls=381280, ndraw=40, logz=-84150.31, remainder_fraction=3.9402%, Lmin=-84137.44, Lmax=-84137.28
10:40:44 [ultranest] [DEBUG] iteration=5701, ncalls=9853, regioncalls=382480, ndraw=40, logz=-84150.31, remainder_fraction=3.7269%, Lmin=-84137.44, Lmax=-84137.28
10:40:44 [ultranest] [DEBUG] iteration=5720, ncalls=9883, regioncalls=383680, ndraw=40, logz=-84150.31, remainder_fraction=3.5459%, Lmin=-84137.43, Lmax=-84137.28
10:40:45 [ultranest] [DEBUG] iteration=5741, ncalls=9912, regioncalls=384840, ndraw=40, logz=-84150.31, remainder_fraction=3.3506%, Lmin=-84137.43, Lmax=-84137.28
10:40:45 [ultranest] [DEBUG] iteration=5758, ncalls=9944, regioncalls=386120, ndraw=40, logz=-84150.30, remainder_fraction=3.2029%, Lmin=-84137.42, Lmax=-84137.28
10:40:45 [ultranest] [DEBUG] iteration=5760, ncalls=9946, regioncalls=386200, ndraw=40, logz=-84150.30, remainder_fraction=3.1858%, Lmin=-84137.42, Lmax=-84137.28
10:40:45 [ultranest] [DEBUG] iteration=5781, ncalls=9976, regioncalls=387400, ndraw=40, logz=-84150.30, remainder_fraction=3.0080%, Lmin=-84137.42, Lmax=-84137.28
10:40:45 [ultranest] [DEBUG] iteration=5799, ncalls=10010, regioncalls=388760, ndraw=40, logz=-84150.30, remainder_fraction=2.8655%, Lmin=-84137.41, Lmax=-84137.28
10:40:45 [ultranest] [DEBUG] iteration=5800, ncalls=10011, regioncalls=388800, ndraw=40, logz=-84150.30, remainder_fraction=2.8577%, Lmin=-84137.41, Lmax=-84137.28
10:40:45 [ultranest] [DEBUG] iteration=5815, ncalls=10038, regioncalls=389920, ndraw=40, logz=-84150.30, remainder_fraction=2.7436%, Lmin=-84137.41, Lmax=-84137.28
10:40:45 [ultranest] [DEBUG] iteration=5840, ncalls=10065, regioncalls=391000, ndraw=40, logz=-84150.30, remainder_fraction=2.5644%, Lmin=-84137.40, Lmax=-84137.28
10:40:45 [ultranest] [DEBUG] iteration=5859, ncalls=10095, regioncalls=392200, ndraw=40, logz=-84150.30, remainder_fraction=2.4365%, Lmin=-84137.40, Lmax=-84137.28
10:40:45 [ultranest] [DEBUG] iteration=5879, ncalls=10127, regioncalls=393480, ndraw=40, logz=-84150.29, remainder_fraction=2.3087%, Lmin=-84137.39, Lmax=-84137.28
10:40:45 [ultranest] [DEBUG] iteration=5880, ncalls=10128, regioncalls=393520, ndraw=40, logz=-84150.29, remainder_fraction=2.3027%, Lmin=-84137.39, Lmax=-84137.28
10:40:45 [ultranest] [DEBUG] iteration=5894, ncalls=10151, regioncalls=394480, ndraw=40, logz=-84150.29, remainder_fraction=2.2168%, Lmin=-84137.39, Lmax=-84137.28
10:40:45 [ultranest] [DEBUG] iteration=5914, ncalls=10181, regioncalls=395720, ndraw=40, logz=-84150.29, remainder_fraction=2.1008%, Lmin=-84137.39, Lmax=-84137.28
10:40:46 [ultranest] [DEBUG] iteration=5920, ncalls=10189, regioncalls=396040, ndraw=40, logz=-84150.29, remainder_fraction=2.0663%, Lmin=-84137.39, Lmax=-84137.28
10:40:46 [ultranest] [DEBUG] iteration=5940, ncalls=10224, regioncalls=397440, ndraw=40, logz=-84150.29, remainder_fraction=1.9577%, Lmin=-84137.38, Lmax=-84137.28
10:40:46 [ultranest] [DEBUG] iteration=5960, ncalls=10250, regioncalls=398480, ndraw=40, logz=-84150.29, remainder_fraction=1.8534%, Lmin=-84137.38, Lmax=-84137.28
10:40:46 [ultranest] [DEBUG] iteration=5973, ncalls=10267, regioncalls=399200, ndraw=40, logz=-84150.29, remainder_fraction=1.7895%, Lmin=-84137.38, Lmax=-84137.28
10:40:46 [ultranest] [DEBUG] iteration=5995, ncalls=10297, regioncalls=400400, ndraw=40, logz=-84150.29, remainder_fraction=1.6843%, Lmin=-84137.37, Lmax=-84137.28
10:40:46 [ultranest] [DEBUG] iteration=6000, ncalls=10307, regioncalls=400800, ndraw=40, logz=-84150.29, remainder_fraction=1.6614%, Lmin=-84137.37, Lmax=-84137.28
10:40:46 [ultranest] [DEBUG] iteration=6023, ncalls=10337, regioncalls=402000, ndraw=40, logz=-84150.29, remainder_fraction=1.5603%, Lmin=-84137.37, Lmax=-84137.28
10:40:46 [ultranest] [DEBUG] iteration=6040, ncalls=10361, regioncalls=402960, ndraw=40, logz=-84150.29, remainder_fraction=1.4893%, Lmin=-84137.36, Lmax=-84137.28
10:40:46 [ultranest] [DEBUG] iteration=6052, ncalls=10376, regioncalls=403600, ndraw=40, logz=-84150.29, remainder_fraction=1.4418%, Lmin=-84137.36, Lmax=-84137.28
10:40:46 [ultranest] [DEBUG] iteration=6072, ncalls=10406, regioncalls=404800, ndraw=40, logz=-84150.28, remainder_fraction=1.3650%, Lmin=-84137.36, Lmax=-84137.28
10:40:46 [ultranest] [DEBUG] iteration=6080, ncalls=10417, regioncalls=405240, ndraw=40, logz=-84150.28, remainder_fraction=1.3353%, Lmin=-84137.36, Lmax=-84137.28
10:40:46 [ultranest] [DEBUG] iteration=6100, ncalls=10447, regioncalls=406440, ndraw=40, logz=-84150.28, remainder_fraction=1.2637%, Lmin=-84137.35, Lmax=-84137.28
10:40:47 [ultranest] [DEBUG] iteration=6117, ncalls=10478, regioncalls=407680, ndraw=40, logz=-84150.28, remainder_fraction=1.2058%, Lmin=-84137.35, Lmax=-84137.28
10:40:47 [ultranest] [DEBUG] iteration=6120, ncalls=10486, regioncalls=408000, ndraw=40, logz=-84150.28, remainder_fraction=1.1958%, Lmin=-84137.35, Lmax=-84137.28
10:40:47 [ultranest] [DEBUG] iteration=6131, ncalls=10500, regioncalls=408640, ndraw=40, logz=-84150.28, remainder_fraction=1.1600%, Lmin=-84137.35, Lmax=-84137.28
10:40:47 [ultranest] [DEBUG] iteration=6155, ncalls=10529, regioncalls=409840, ndraw=40, logz=-84150.28, remainder_fraction=1.0853%, Lmin=-84137.35, Lmax=-84137.28
10:40:47 [ultranest] [DEBUG] iteration=6160, ncalls=10539, regioncalls=410240, ndraw=40, logz=-84150.28, remainder_fraction=1.0706%, Lmin=-84137.34, Lmax=-84137.28
10:40:47 [ultranest] [DEBUG] iteration=6182, ncalls=10569, regioncalls=411480, ndraw=40, logz=-84150.28, remainder_fraction=1.0073%, Lmin=-84137.34, Lmax=-84137.28
10:40:47 [ultranest] [INFO] Explored until L=-8e+04  
10:40:47 [ultranest] [INFO] Likelihood function evaluations: 10572
10:40:48 [ultranest] [INFO] Writing samples and results to disk ...
10:40:48 [ultranest] [INFO] Writing samples and results to disk ... done
10:40:48 [ultranest] [DEBUG] did a run_iter pass!
10:40:48 [ultranest] [INFO]   logZ = -8.415e+04 +- 0.1455
10:40:48 [ultranest] [INFO] Effective samples strategy satisfied (ESS = 1680.4, need >400)
10:40:48 [ultranest] [INFO] Posterior uncertainty strategy is satisfied (KL: 0.47+-0.06 nat, need <0.50 nat)
10:40:48 [ultranest] [INFO] Evidency uncertainty strategy is satisfied (dlogz=0.15, need <0.5)
10:40:48 [ultranest] [INFO]   logZ error budget: single: 0.18 bs:0.15 tail:0.01 total:0.15 required:<0.50
10:40:48 [ultranest] [INFO] done iterating.
10:40:48 [ultranest] [DEBUG] Making corner plot ...
10:40:49 [ultranest] [DEBUG] Making corner plot ... done
10:40:49 [ultranest] [DEBUG] Making run plot ... 
10:40:50 [ultranest] [DEBUG] Making run plot ... done
10:40:50 [ultranest] [DEBUG] Making trace plot ... 
10:40:51 [ultranest] [DEBUG] Making trace plot ... done
