11:42:57 [ultranest] [DEBUG] ReactiveNestedSampler: dims=2+0, resume=False, log_dir=./m-values/N16/S16/M16/T029/P02/NF2/sample_rho, backend=hdf5, vectorized=False, nbootstraps=30, ndraw=128..65536
11:42:57 [ultranest] [INFO] Sampling 400 live points from prior ...
11:42:58 [ultranest] [DEBUG] run_iter dlogz=0.5, dKL=0.5, frac_remain=0.01, Lepsilon=0.0010, min_ess=400
11:42:58 [ultranest] [DEBUG] max_iters=-1, max_ncalls=-1, max_num_improvement_loops=-1, min_num_live_points=400, cluster_num_live_points=40
11:42:58 [ultranest] [DEBUG] minimal_widths_sequence: [(-inf, 400.0), (inf, 400.0)]
11:42:58 [ultranest] [DEBUG] Plateau detected at L=-1.823647e+07, not replacing live point.
11:42:58 [ultranest] [DEBUG] Plateau detected at L=-1.823647e+07, not replacing live point.
11:42:58 [ultranest] [DEBUG] Plateau detected at L=-1.823647e+07, not replacing live point.
11:42:58 [ultranest] [DEBUG] Plateau detected at L=-1.823647e+07, not replacing live point.
11:42:58 [ultranest] [DEBUG] Plateau detected at L=-1.823647e+07, not replacing live point.
11:42:58 [ultranest] [DEBUG] Plateau detected at L=-1.823647e+07, not replacing live point.
11:42:58 [ultranest] [DEBUG] Plateau detected at L=-1.823647e+07, not replacing live point.
11:42:58 [ultranest] [DEBUG] Plateau detected at L=-1.823647e+07, not replacing live point.
11:42:58 [ultranest] [DEBUG] Plateau detected at L=-1.823647e+07, not replacing live point.
11:42:58 [ultranest] [DEBUG] Plateau detected at L=-1.823647e+07, not replacing live point.
11:42:58 [ultranest] [DEBUG] Plateau detected at L=-1.823647e+07, not replacing live point.
11:42:58 [ultranest] [DEBUG] Plateau detected at L=-1.823647e+07, not replacing live point.
11:42:58 [ultranest] [DEBUG] Plateau detected at L=-1.823647e+07, not replacing live point.
11:42:58 [ultranest] [DEBUG] Plateau detected at L=-1.823647e+07, not replacing live point.
11:42:58 [ultranest] [DEBUG] Plateau detected at L=-1.823647e+07, not replacing live point.
11:42:58 [ultranest] [DEBUG] Plateau detected at L=-1.823647e+07, not replacing live point.
11:42:58 [ultranest] [DEBUG] iteration=16, ncalls=401, regioncalls=40, ndraw=40, logz=-18236477.16, remainder_fraction=100.0000%, Lmin=-18236473.94, Lmax=-142198.78
11:42:58 [ultranest] [DEBUG] iteration=38, ncalls=427, regioncalls=1080, ndraw=40, logz=-165746.15, remainder_fraction=100.0000%, Lmin=-165730.36, Lmax=-142198.78
11:42:58 [ultranest] [DEBUG] iteration=40, ncalls=429, regioncalls=1160, ndraw=40, logz=-165571.23, remainder_fraction=100.0000%, Lmin=-165276.51, Lmax=-142195.52
11:42:58 [ultranest] [DEBUG] iteration=65, ncalls=455, regioncalls=2200, ndraw=40, logz=-162633.02, remainder_fraction=100.0000%, Lmin=-162174.37, Lmax=-142195.52
11:42:58 [ultranest] [DEBUG] iteration=80, ncalls=472, regioncalls=2880, ndraw=40, logz=-160424.36, remainder_fraction=100.0000%, Lmin=-160279.79, Lmax=-142195.52
11:42:59 [ultranest] [DEBUG] iteration=102, ncalls=497, regioncalls=3880, ndraw=40, logz=-158328.83, remainder_fraction=100.0000%, Lmin=-158042.36, Lmax=-142195.52
11:42:59 [ultranest] [DEBUG] iteration=120, ncalls=516, regioncalls=4640, ndraw=40, logz=-156747.19, remainder_fraction=100.0000%, Lmin=-156700.15, Lmax=-142195.52
11:42:59 [ultranest] [DEBUG] iteration=143, ncalls=543, regioncalls=5720, ndraw=40, logz=-155341.07, remainder_fraction=100.0000%, Lmin=-155263.27, Lmax=-142195.52
11:42:59 [ultranest] [DEBUG] iteration=160, ncalls=566, regioncalls=6640, ndraw=40, logz=-154076.14, remainder_fraction=100.0000%, Lmin=-154055.13, Lmax=-142195.52
11:42:59 [ultranest] [DEBUG] iteration=182, ncalls=592, regioncalls=7680, ndraw=40, logz=-153105.79, remainder_fraction=100.0000%, Lmin=-153013.42, Lmax=-142195.52
11:42:59 [ultranest] [DEBUG] iteration=188, ncalls=601, regioncalls=8040, ndraw=40, logz=-152877.76, remainder_fraction=100.0000%, Lmin=-152861.79, Lmax=-142195.52
11:42:59 [ultranest] [DEBUG] iteration=200, ncalls=613, regioncalls=8520, ndraw=40, logz=-152392.91, remainder_fraction=100.0000%, Lmin=-152323.57, Lmax=-142195.52
11:42:59 [ultranest] [DEBUG] iteration=223, ncalls=640, regioncalls=9600, ndraw=40, logz=-151345.74, remainder_fraction=100.0000%, Lmin=-151320.69, Lmax=-142195.52
11:42:59 [ultranest] [DEBUG] iteration=240, ncalls=661, regioncalls=10440, ndraw=40, logz=-150811.21, remainder_fraction=100.0000%, Lmin=-150794.73, Lmax=-142195.52
11:42:59 [ultranest] [DEBUG] iteration=263, ncalls=689, regioncalls=11560, ndraw=40, logz=-150133.82, remainder_fraction=100.0000%, Lmin=-150097.96, Lmax=-142195.52
11:42:59 [ultranest] [DEBUG] iteration=280, ncalls=708, regioncalls=12320, ndraw=40, logz=-149659.10, remainder_fraction=100.0000%, Lmin=-149614.49, Lmax=-142195.52
11:42:59 [ultranest] [DEBUG] iteration=301, ncalls=736, regioncalls=13440, ndraw=40, logz=-149056.50, remainder_fraction=100.0000%, Lmin=-149023.60, Lmax=-142185.80
11:43:00 [ultranest] [DEBUG] iteration=320, ncalls=759, regioncalls=14360, ndraw=40, logz=-148563.70, remainder_fraction=100.0000%, Lmin=-148528.30, Lmax=-142185.80
11:43:00 [ultranest] [DEBUG] iteration=342, ncalls=787, regioncalls=15480, ndraw=40, logz=-148129.45, remainder_fraction=100.0000%, Lmin=-148077.48, Lmax=-142185.80
11:43:00 [ultranest] [DEBUG] iteration=360, ncalls=809, regioncalls=16360, ndraw=40, logz=-147767.66, remainder_fraction=100.0000%, Lmin=-147733.59, Lmax=-142185.80
11:43:00 [ultranest] [DEBUG] iteration=382, ncalls=836, regioncalls=17440, ndraw=40, logz=-147291.06, remainder_fraction=100.0000%, Lmin=-147270.34, Lmax=-142185.80
11:43:00 [ultranest] [DEBUG] iteration=400, ncalls=859, regioncalls=18360, ndraw=40, logz=-146984.23, remainder_fraction=100.0000%, Lmin=-146969.57, Lmax=-142185.80
11:43:00 [ultranest] [DEBUG] iteration=421, ncalls=887, regioncalls=19480, ndraw=40, logz=-146799.17, remainder_fraction=100.0000%, Lmin=-146790.05, Lmax=-142185.80
11:43:00 [ultranest] [DEBUG] iteration=440, ncalls=909, regioncalls=20360, ndraw=40, logz=-146574.74, remainder_fraction=100.0000%, Lmin=-146564.86, Lmax=-142185.80
11:43:00 [ultranest] [DEBUG] iteration=459, ncalls=936, regioncalls=21440, ndraw=40, logz=-146320.91, remainder_fraction=100.0000%, Lmin=-146302.74, Lmax=-142185.80
11:43:00 [ultranest] [DEBUG] iteration=479, ncalls=964, regioncalls=22560, ndraw=40, logz=-146040.66, remainder_fraction=100.0000%, Lmin=-145984.51, Lmax=-142185.80
11:43:00 [ultranest] [DEBUG] iteration=480, ncalls=965, regioncalls=22600, ndraw=40, logz=-145991.71, remainder_fraction=100.0000%, Lmin=-145960.58, Lmax=-142185.80
11:43:00 [ultranest] [DEBUG] iteration=498, ncalls=993, regioncalls=23720, ndraw=40, logz=-145783.59, remainder_fraction=100.0000%, Lmin=-145774.68, Lmax=-142185.80
11:43:01 [ultranest] [DEBUG] iteration=520, ncalls=1019, regioncalls=24760, ndraw=40, logz=-145470.68, remainder_fraction=100.0000%, Lmin=-145461.46, Lmax=-142185.80
11:43:01 [ultranest] [DEBUG] iteration=532, ncalls=1037, regioncalls=25480, ndraw=40, logz=-145355.90, remainder_fraction=100.0000%, Lmin=-145346.05, Lmax=-142185.80
11:43:01 [ultranest] [DEBUG] iteration=551, ncalls=1065, regioncalls=26600, ndraw=40, logz=-145147.06, remainder_fraction=100.0000%, Lmin=-145132.21, Lmax=-142177.21
11:43:01 [ultranest] [DEBUG] iteration=560, ncalls=1075, regioncalls=27000, ndraw=40, logz=-145085.48, remainder_fraction=100.0000%, Lmin=-145058.38, Lmax=-142177.21
11:43:01 [ultranest] [DEBUG] iteration=582, ncalls=1103, regioncalls=28120, ndraw=40, logz=-144835.83, remainder_fraction=100.0000%, Lmin=-144819.19, Lmax=-142177.21
11:43:01 [ultranest] [DEBUG] iteration=600, ncalls=1131, regioncalls=29240, ndraw=40, logz=-144716.99, remainder_fraction=100.0000%, Lmin=-144703.47, Lmax=-142177.21
11:43:01 [ultranest] [DEBUG] iteration=618, ncalls=1157, regioncalls=30280, ndraw=40, logz=-144544.64, remainder_fraction=100.0000%, Lmin=-144527.85, Lmax=-142177.21
11:43:01 [ultranest] [DEBUG] iteration=639, ncalls=1185, regioncalls=31400, ndraw=40, logz=-144443.57, remainder_fraction=100.0000%, Lmin=-144430.08, Lmax=-142177.21
11:43:01 [ultranest] [DEBUG] iteration=640, ncalls=1186, regioncalls=31440, ndraw=40, logz=-144437.69, remainder_fraction=100.0000%, Lmin=-144425.16, Lmax=-142177.21
11:43:01 [ultranest] [DEBUG] iteration=662, ncalls=1214, regioncalls=32560, ndraw=40, logz=-144265.01, remainder_fraction=100.0000%, Lmin=-144254.47, Lmax=-142172.51
11:43:01 [ultranest] [DEBUG] iteration=680, ncalls=1236, regioncalls=33440, ndraw=40, logz=-144154.33, remainder_fraction=100.0000%, Lmin=-144143.32, Lmax=-142172.51
11:43:01 [ultranest] [DEBUG] iteration=699, ncalls=1265, regioncalls=34600, ndraw=40, logz=-144090.48, remainder_fraction=100.0000%, Lmin=-144081.56, Lmax=-142172.51
11:43:01 [ultranest] [DEBUG] iteration=704, ncalls=1272, regioncalls=34880, ndraw=40, logz=-144069.71, remainder_fraction=100.0000%, Lmin=-144052.66, Lmax=-142172.51
11:43:02 [ultranest] [DEBUG] iteration=720, ncalls=1292, regioncalls=35680, ndraw=40, logz=-143950.59, remainder_fraction=100.0000%, Lmin=-143937.53, Lmax=-142172.51
11:43:02 [ultranest] [DEBUG] iteration=744, ncalls=1319, regioncalls=36760, ndraw=40, logz=-143829.74, remainder_fraction=100.0000%, Lmin=-143821.73, Lmax=-142172.51
11:43:02 [ultranest] [DEBUG] iteration=760, ncalls=1340, regioncalls=37600, ndraw=40, logz=-143765.37, remainder_fraction=100.0000%, Lmin=-143751.94, Lmax=-142172.51
11:43:02 [ultranest] [DEBUG] iteration=782, ncalls=1368, regioncalls=38720, ndraw=40, logz=-143685.09, remainder_fraction=100.0000%, Lmin=-143669.00, Lmax=-142172.51
11:43:02 [ultranest] [DEBUG] iteration=800, ncalls=1387, regioncalls=39480, ndraw=40, logz=-143583.76, remainder_fraction=100.0000%, Lmin=-143571.44, Lmax=-142172.51
11:43:02 [ultranest] [DEBUG] iteration=821, ncalls=1415, regioncalls=40600, ndraw=40, logz=-143504.81, remainder_fraction=100.0000%, Lmin=-143494.01, Lmax=-142172.51
11:43:02 [ultranest] [DEBUG] iteration=838, ncalls=1443, regioncalls=41720, ndraw=40, logz=-143450.45, remainder_fraction=100.0000%, Lmin=-143439.93, Lmax=-142172.51
11:43:02 [ultranest] [DEBUG] iteration=840, ncalls=1446, regioncalls=41840, ndraw=40, logz=-143446.36, remainder_fraction=100.0000%, Lmin=-143436.89, Lmax=-142172.51
11:43:02 [ultranest] [DEBUG] iteration=861, ncalls=1473, regioncalls=42960, ndraw=40, logz=-143361.65, remainder_fraction=100.0000%, Lmin=-143351.81, Lmax=-142172.51
11:43:02 [ultranest] [DEBUG] iteration=876, ncalls=1492, regioncalls=43720, ndraw=40, logz=-143313.62, remainder_fraction=100.0000%, Lmin=-143304.15, Lmax=-142169.26
11:43:02 [ultranest] [DEBUG] iteration=880, ncalls=1496, regioncalls=43880, ndraw=40, logz=-143302.57, remainder_fraction=100.0000%, Lmin=-143287.07, Lmax=-142169.26
11:43:02 [ultranest] [DEBUG] iteration=901, ncalls=1524, regioncalls=45000, ndraw=40, logz=-143260.78, remainder_fraction=100.0000%, Lmin=-143251.66, Lmax=-142169.26
11:43:03 [ultranest] [DEBUG] iteration=919, ncalls=1552, regioncalls=46160, ndraw=40, logz=-143219.65, remainder_fraction=100.0000%, Lmin=-143209.70, Lmax=-142169.26
11:43:03 [ultranest] [DEBUG] iteration=920, ncalls=1553, regioncalls=46200, ndraw=40, logz=-143217.86, remainder_fraction=100.0000%, Lmin=-143203.02, Lmax=-142169.26
11:43:03 [ultranest] [DEBUG] iteration=944, ncalls=1582, regioncalls=47360, ndraw=40, logz=-143154.04, remainder_fraction=100.0000%, Lmin=-143141.45, Lmax=-142169.26
11:43:03 [ultranest] [DEBUG] iteration=960, ncalls=1606, regioncalls=48360, ndraw=40, logz=-143108.49, remainder_fraction=100.0000%, Lmin=-143095.35, Lmax=-142169.26
11:43:03 [ultranest] [DEBUG] iteration=962, ncalls=1608, regioncalls=48440, ndraw=40, logz=-143099.11, remainder_fraction=100.0000%, Lmin=-143087.55, Lmax=-142169.26
11:43:03 [ultranest] [DEBUG] iteration=984, ncalls=1639, regioncalls=49680, ndraw=40, logz=-143027.11, remainder_fraction=100.0000%, Lmin=-143017.07, Lmax=-142169.26
11:43:03 [ultranest] [DEBUG] iteration=1000, ncalls=1665, regioncalls=50720, ndraw=40, logz=-142987.28, remainder_fraction=100.0000%, Lmin=-142979.51, Lmax=-142169.26
11:43:03 [ultranest] [DEBUG] iteration=1019, ncalls=1693, regioncalls=51880, ndraw=40, logz=-142940.70, remainder_fraction=100.0000%, Lmin=-142928.71, Lmax=-142169.26
11:43:03 [ultranest] [DEBUG] iteration=1039, ncalls=1721, regioncalls=53000, ndraw=40, logz=-142902.70, remainder_fraction=100.0000%, Lmin=-142893.33, Lmax=-142169.26
11:43:03 [ultranest] [DEBUG] iteration=1040, ncalls=1722, regioncalls=53040, ndraw=40, logz=-142901.58, remainder_fraction=100.0000%, Lmin=-142892.01, Lmax=-142169.26
11:43:03 [ultranest] [DEBUG] iteration=1048, ncalls=1736, regioncalls=53600, ndraw=40, logz=-142883.62, remainder_fraction=100.0000%, Lmin=-142874.90, Lmax=-142169.26
11:43:03 [ultranest] [DEBUG] iteration=1070, ncalls=1763, regioncalls=54680, ndraw=40, logz=-142857.56, remainder_fraction=100.0000%, Lmin=-142846.65, Lmax=-142169.26
11:43:03 [ultranest] [DEBUG] iteration=1080, ncalls=1775, regioncalls=55160, ndraw=40, logz=-142835.77, remainder_fraction=100.0000%, Lmin=-142822.13, Lmax=-142169.26
11:43:03 [ultranest] [DEBUG] iteration=1100, ncalls=1802, regioncalls=56280, ndraw=40, logz=-142800.72, remainder_fraction=100.0000%, Lmin=-142790.91, Lmax=-142169.26
11:43:04 [ultranest] [DEBUG] iteration=1120, ncalls=1824, regioncalls=57160, ndraw=40, logz=-142768.67, remainder_fraction=100.0000%, Lmin=-142760.14, Lmax=-142169.26
11:43:04 [ultranest] [DEBUG] iteration=1142, ncalls=1848, regioncalls=58120, ndraw=40, logz=-142724.37, remainder_fraction=100.0000%, Lmin=-142715.50, Lmax=-142169.26
11:43:04 [ultranest] [DEBUG] iteration=1160, ncalls=1874, regioncalls=59160, ndraw=40, logz=-142701.61, remainder_fraction=100.0000%, Lmin=-142691.93, Lmax=-142169.26
11:43:04 [ultranest] [DEBUG] iteration=1178, ncalls=1903, regioncalls=60320, ndraw=40, logz=-142675.97, remainder_fraction=100.0000%, Lmin=-142664.22, Lmax=-142169.26
11:43:04 [ultranest] [DEBUG] iteration=1200, ncalls=1928, regioncalls=61320, ndraw=40, logz=-142639.97, remainder_fraction=100.0000%, Lmin=-142629.76, Lmax=-142169.26
11:43:04 [ultranest] [DEBUG] iteration=1217, ncalls=1957, regioncalls=62480, ndraw=40, logz=-142622.46, remainder_fraction=100.0000%, Lmin=-142613.47, Lmax=-142169.26
11:43:04 [ultranest] [DEBUG] iteration=1220, ncalls=1960, regioncalls=62640, ndraw=40, logz=-142616.87, remainder_fraction=100.0000%, Lmin=-142605.54, Lmax=-142169.26
11:43:04 [ultranest] [DEBUG] iteration=1240, ncalls=1982, regioncalls=63560, ndraw=40, logz=-142586.27, remainder_fraction=100.0000%, Lmin=-142577.08, Lmax=-142169.26
11:43:04 [ultranest] [DEBUG] iteration=1261, ncalls=2010, regioncalls=64680, ndraw=40, logz=-142569.30, remainder_fraction=100.0000%, Lmin=-142559.86, Lmax=-142169.26
11:43:04 [ultranest] [DEBUG] iteration=1280, ncalls=2032, regioncalls=65560, ndraw=40, logz=-142547.74, remainder_fraction=100.0000%, Lmin=-142538.51, Lmax=-142169.26
11:43:04 [ultranest] [DEBUG] iteration=1299, ncalls=2061, regioncalls=66720, ndraw=40, logz=-142535.03, remainder_fraction=100.0000%, Lmin=-142525.59, Lmax=-142169.26
11:43:04 [ultranest] [DEBUG] iteration=1306, ncalls=2068, regioncalls=67000, ndraw=40, logz=-142530.24, remainder_fraction=100.0000%, Lmin=-142518.39, Lmax=-142169.26
11:43:05 [ultranest] [DEBUG] iteration=1320, ncalls=2087, regioncalls=67800, ndraw=40, logz=-142515.74, remainder_fraction=100.0000%, Lmin=-142505.39, Lmax=-142169.26
11:43:05 [ultranest] [DEBUG] iteration=1343, ncalls=2114, regioncalls=68880, ndraw=40, logz=-142495.23, remainder_fraction=100.0000%, Lmin=-142486.26, Lmax=-142169.26
11:43:05 [ultranest] [DEBUG] iteration=1359, ncalls=2143, regioncalls=70040, ndraw=40, logz=-142485.14, remainder_fraction=100.0000%, Lmin=-142476.19, Lmax=-142169.26
11:43:05 [ultranest] [DEBUG] iteration=1360, ncalls=2144, regioncalls=70080, ndraw=40, logz=-142484.68, remainder_fraction=100.0000%, Lmin=-142475.29, Lmax=-142169.26
11:43:05 [ultranest] [DEBUG] iteration=1374, ncalls=2173, regioncalls=71240, ndraw=40, logz=-142469.84, remainder_fraction=100.0000%, Lmin=-142459.90, Lmax=-142169.26
11:43:05 [ultranest] [DEBUG] iteration=1391, ncalls=2201, regioncalls=72360, ndraw=40, logz=-142460.55, remainder_fraction=100.0000%, Lmin=-142450.36, Lmax=-142169.26
11:43:05 [ultranest] [DEBUG] iteration=1392, ncalls=2202, regioncalls=72400, ndraw=40, logz=-142459.50, remainder_fraction=100.0000%, Lmin=-142449.86, Lmax=-142169.26
11:43:05 [ultranest] [DEBUG] iteration=1400, ncalls=2212, regioncalls=72840, ndraw=40, logz=-142456.09, remainder_fraction=100.0000%, Lmin=-142446.78, Lmax=-142169.26
11:43:05 [ultranest] [DEBUG] iteration=1422, ncalls=2239, regioncalls=73920, ndraw=40, logz=-142440.92, remainder_fraction=100.0000%, Lmin=-142430.65, Lmax=-142169.26
11:43:05 [ultranest] [DEBUG] iteration=1440, ncalls=2259, regioncalls=74720, ndraw=40, logz=-142430.01, remainder_fraction=100.0000%, Lmin=-142420.69, Lmax=-142169.26
11:43:05 [ultranest] [DEBUG] iteration=1460, ncalls=2287, regioncalls=75840, ndraw=40, logz=-142419.09, remainder_fraction=100.0000%, Lmin=-142409.78, Lmax=-142169.26
11:43:05 [ultranest] [DEBUG] iteration=1478, ncalls=2308, regioncalls=76720, ndraw=40, logz=-142411.08, remainder_fraction=100.0000%, Lmin=-142401.91, Lmax=-142169.26
11:43:05 [ultranest] [DEBUG] iteration=1480, ncalls=2310, regioncalls=76800, ndraw=40, logz=-142410.22, remainder_fraction=100.0000%, Lmin=-142401.34, Lmax=-142169.26
11:43:06 [ultranest] [DEBUG] iteration=1503, ncalls=2337, regioncalls=77880, ndraw=40, logz=-142398.81, remainder_fraction=100.0000%, Lmin=-142388.75, Lmax=-142169.26
11:43:06 [ultranest] [DEBUG] iteration=1520, ncalls=2358, regioncalls=78720, ndraw=40, logz=-142383.58, remainder_fraction=100.0000%, Lmin=-142373.05, Lmax=-142169.26
11:43:06 [ultranest] [DEBUG] iteration=1540, ncalls=2386, regioncalls=79840, ndraw=40, logz=-142375.49, remainder_fraction=100.0000%, Lmin=-142366.48, Lmax=-142169.26
11:43:06 [ultranest] [DEBUG] iteration=1560, ncalls=2412, regioncalls=80880, ndraw=40, logz=-142364.66, remainder_fraction=100.0000%, Lmin=-142355.76, Lmax=-142169.26
11:43:06 [ultranest] [DEBUG] iteration=1564, ncalls=2418, regioncalls=81120, ndraw=40, logz=-142363.03, remainder_fraction=100.0000%, Lmin=-142354.04, Lmax=-142169.26
11:43:06 [ultranest] [DEBUG] iteration=1587, ncalls=2444, regioncalls=82280, ndraw=40, logz=-142351.35, remainder_fraction=100.0000%, Lmin=-142341.69, Lmax=-142169.26
11:43:06 [ultranest] [DEBUG] iteration=1600, ncalls=2461, regioncalls=82960, ndraw=40, logz=-142344.91, remainder_fraction=100.0000%, Lmin=-142335.56, Lmax=-142169.26
11:43:06 [ultranest] [DEBUG] iteration=1623, ncalls=2488, regioncalls=84040, ndraw=40, logz=-142335.60, remainder_fraction=100.0000%, Lmin=-142325.62, Lmax=-142169.26
11:43:06 [ultranest] [DEBUG] iteration=1640, ncalls=2508, regioncalls=84840, ndraw=40, logz=-142328.69, remainder_fraction=100.0000%, Lmin=-142318.91, Lmax=-142169.26
11:43:06 [ultranest] [DEBUG] iteration=1650, ncalls=2524, regioncalls=85520, ndraw=40, logz=-142323.50, remainder_fraction=100.0000%, Lmin=-142313.89, Lmax=-142169.26
11:43:06 [ultranest] [DEBUG] iteration=1674, ncalls=2551, regioncalls=86600, ndraw=40, logz=-142314.73, remainder_fraction=100.0000%, Lmin=-142305.35, Lmax=-142169.26
11:43:06 [ultranest] [DEBUG] iteration=1680, ncalls=2558, regioncalls=86880, ndraw=40, logz=-142313.27, remainder_fraction=100.0000%, Lmin=-142304.16, Lmax=-142169.26
11:43:06 [ultranest] [DEBUG] iteration=1700, ncalls=2585, regioncalls=87960, ndraw=40, logz=-142305.77, remainder_fraction=100.0000%, Lmin=-142296.87, Lmax=-142169.26
11:43:07 [ultranest] [DEBUG] iteration=1717, ncalls=2613, regioncalls=89080, ndraw=40, logz=-142301.17, remainder_fraction=100.0000%, Lmin=-142290.59, Lmax=-142169.26
11:43:07 [ultranest] [DEBUG] iteration=1720, ncalls=2618, regioncalls=89280, ndraw=40, logz=-142299.63, remainder_fraction=100.0000%, Lmin=-142290.14, Lmax=-142169.26
11:43:07 [ultranest] [DEBUG] iteration=1738, ncalls=2643, regioncalls=90280, ndraw=40, logz=-142293.27, remainder_fraction=100.0000%, Lmin=-142284.31, Lmax=-142169.26
11:43:07 [ultranest] [DEBUG] iteration=1760, ncalls=2670, regioncalls=91360, ndraw=40, logz=-142286.88, remainder_fraction=100.0000%, Lmin=-142277.03, Lmax=-142169.26
11:43:07 [ultranest] [DEBUG] iteration=1781, ncalls=2697, regioncalls=92440, ndraw=40, logz=-142281.96, remainder_fraction=100.0000%, Lmin=-142272.47, Lmax=-142169.26
11:43:07 [ultranest] [DEBUG] iteration=1800, ncalls=2719, regioncalls=93320, ndraw=40, logz=-142277.44, remainder_fraction=100.0000%, Lmin=-142268.33, Lmax=-142169.26
11:43:07 [ultranest] [DEBUG] iteration=1819, ncalls=2747, regioncalls=94440, ndraw=40, logz=-142273.62, remainder_fraction=100.0000%, Lmin=-142264.67, Lmax=-142169.26
11:43:07 [ultranest] [DEBUG] iteration=1822, ncalls=2753, regioncalls=94680, ndraw=40, logz=-142273.13, remainder_fraction=100.0000%, Lmin=-142263.87, Lmax=-142169.26
11:43:07 [ultranest] [DEBUG] iteration=1840, ncalls=2774, regioncalls=95560, ndraw=40, logz=-142268.77, remainder_fraction=100.0000%, Lmin=-142259.37, Lmax=-142169.26
11:43:07 [ultranest] [DEBUG] iteration=1861, ncalls=2801, regioncalls=96640, ndraw=40, logz=-142263.58, remainder_fraction=100.0000%, Lmin=-142254.32, Lmax=-142169.26
11:43:07 [ultranest] [DEBUG] iteration=1880, ncalls=2828, regioncalls=97720, ndraw=40, logz=-142260.80, remainder_fraction=100.0000%, Lmin=-142251.70, Lmax=-142169.26
11:43:08 [ultranest] [DEBUG] iteration=1903, ncalls=2855, regioncalls=98800, ndraw=40, logz=-142257.76, remainder_fraction=100.0000%, Lmin=-142248.42, Lmax=-142169.26
11:43:08 [ultranest] [DEBUG] iteration=1908, ncalls=2862, regioncalls=99120, ndraw=40, logz=-142256.25, remainder_fraction=100.0000%, Lmin=-142246.54, Lmax=-142169.26
11:43:08 [ultranest] [DEBUG] iteration=1920, ncalls=2875, regioncalls=99640, ndraw=40, logz=-142253.96, remainder_fraction=100.0000%, Lmin=-142244.81, Lmax=-142169.26
11:43:08 [ultranest] [DEBUG] iteration=1943, ncalls=2902, regioncalls=100720, ndraw=40, logz=-142249.99, remainder_fraction=100.0000%, Lmin=-142240.86, Lmax=-142169.26
11:43:08 [ultranest] [DEBUG] iteration=1960, ncalls=2923, regioncalls=101560, ndraw=40, logz=-142247.15, remainder_fraction=100.0000%, Lmin=-142237.93, Lmax=-142169.26
11:43:08 [ultranest] [DEBUG] iteration=1977, ncalls=2951, regioncalls=102680, ndraw=40, logz=-142244.55, remainder_fraction=100.0000%, Lmin=-142235.35, Lmax=-142169.26
11:43:08 [ultranest] [DEBUG] iteration=1995, ncalls=2976, regioncalls=103680, ndraw=40, logz=-142242.05, remainder_fraction=100.0000%, Lmin=-142232.70, Lmax=-142169.26
11:43:08 [ultranest] [DEBUG] iteration=2000, ncalls=2985, regioncalls=104040, ndraw=40, logz=-142241.20, remainder_fraction=100.0000%, Lmin=-142231.72, Lmax=-142169.26
11:43:08 [ultranest] [DEBUG] iteration=2020, ncalls=3013, regioncalls=105160, ndraw=40, logz=-142238.10, remainder_fraction=100.0000%, Lmin=-142228.52, Lmax=-142168.95
11:43:08 [ultranest] [DEBUG] iteration=2040, ncalls=3035, regioncalls=106040, ndraw=40, logz=-142235.36, remainder_fraction=100.0000%, Lmin=-142225.73, Lmax=-142168.95
11:43:08 [ultranest] [DEBUG] iteration=2059, ncalls=3063, regioncalls=107160, ndraw=40, logz=-142232.38, remainder_fraction=100.0000%, Lmin=-142222.42, Lmax=-142168.95
11:43:08 [ultranest] [DEBUG] iteration=2079, ncalls=3090, regioncalls=108240, ndraw=40, logz=-142229.50, remainder_fraction=100.0000%, Lmin=-142219.83, Lmax=-142168.70
11:43:08 [ultranest] [DEBUG] iteration=2080, ncalls=3092, regioncalls=108360, ndraw=40, logz=-142229.33, remainder_fraction=100.0000%, Lmin=-142219.82, Lmax=-142168.70
11:43:09 [ultranest] [DEBUG] iteration=2104, ncalls=3118, regioncalls=109400, ndraw=40, logz=-142226.00, remainder_fraction=100.0000%, Lmin=-142216.41, Lmax=-142168.70
11:43:09 [ultranest] [DEBUG] iteration=2120, ncalls=3135, regioncalls=110080, ndraw=40, logz=-142223.83, remainder_fraction=100.0000%, Lmin=-142214.45, Lmax=-142168.70
11:43:09 [ultranest] [DEBUG] iteration=2143, ncalls=3162, regioncalls=111160, ndraw=40, logz=-142220.90, remainder_fraction=100.0000%, Lmin=-142211.72, Lmax=-142168.70
11:43:09 [ultranest] [DEBUG] iteration=2160, ncalls=3185, regioncalls=112080, ndraw=40, logz=-142219.36, remainder_fraction=100.0000%, Lmin=-142210.31, Lmax=-142168.70
11:43:09 [ultranest] [DEBUG] iteration=2166, ncalls=3194, regioncalls=112560, ndraw=40, logz=-142218.75, remainder_fraction=100.0000%, Lmin=-142209.31, Lmax=-142168.70
11:43:09 [ultranest] [DEBUG] iteration=2190, ncalls=3221, regioncalls=113640, ndraw=40, logz=-142216.39, remainder_fraction=100.0000%, Lmin=-142206.87, Lmax=-142168.70
11:43:09 [ultranest] [DEBUG] iteration=2200, ncalls=3232, regioncalls=114080, ndraw=40, logz=-142215.48, remainder_fraction=100.0000%, Lmin=-142206.17, Lmax=-142168.70
11:43:09 [ultranest] [DEBUG] iteration=2220, ncalls=3260, regioncalls=115200, ndraw=40, logz=-142213.46, remainder_fraction=100.0000%, Lmin=-142204.13, Lmax=-142168.70
11:43:09 [ultranest] [DEBUG] iteration=2240, ncalls=3288, regioncalls=116320, ndraw=40, logz=-142211.79, remainder_fraction=100.0000%, Lmin=-142202.68, Lmax=-142168.70
11:43:09 [ultranest] [DEBUG] iteration=2252, ncalls=3306, regioncalls=117080, ndraw=40, logz=-142211.08, remainder_fraction=100.0000%, Lmin=-142202.10, Lmax=-142168.70
11:43:09 [ultranest] [DEBUG] iteration=2273, ncalls=3333, regioncalls=118160, ndraw=40, logz=-142209.74, remainder_fraction=100.0000%, Lmin=-142200.57, Lmax=-142168.70
11:43:09 [ultranest] [DEBUG] iteration=2280, ncalls=3340, regioncalls=118440, ndraw=40, logz=-142209.31, remainder_fraction=100.0000%, Lmin=-142200.22, Lmax=-142168.70
11:43:09 [ultranest] [DEBUG] iteration=2299, ncalls=3370, regioncalls=119640, ndraw=40, logz=-142208.16, remainder_fraction=100.0000%, Lmin=-142198.96, Lmax=-142168.56
11:43:10 [ultranest] [DEBUG] iteration=2320, ncalls=3396, regioncalls=120680, ndraw=40, logz=-142206.40, remainder_fraction=100.0000%, Lmin=-142196.59, Lmax=-142168.56
11:43:10 [ultranest] [DEBUG] iteration=2338, ncalls=3414, regioncalls=121440, ndraw=40, logz=-142204.76, remainder_fraction=100.0000%, Lmin=-142195.33, Lmax=-142168.56
11:43:10 [ultranest] [DEBUG] iteration=2360, ncalls=3439, regioncalls=122440, ndraw=40, logz=-142203.10, remainder_fraction=100.0000%, Lmin=-142193.71, Lmax=-142168.56
11:43:10 [ultranest] [DEBUG] iteration=2380, ncalls=3466, regioncalls=123520, ndraw=40, logz=-142201.97, remainder_fraction=100.0000%, Lmin=-142192.84, Lmax=-142168.56
11:43:10 [ultranest] [DEBUG] iteration=2400, ncalls=3493, regioncalls=124600, ndraw=40, logz=-142200.97, remainder_fraction=100.0000%, Lmin=-142191.68, Lmax=-142168.56
11:43:10 [ultranest] [DEBUG] iteration=2422, ncalls=3519, regioncalls=125640, ndraw=40, logz=-142199.88, remainder_fraction=100.0000%, Lmin=-142190.58, Lmax=-142168.56
11:43:10 [ultranest] [DEBUG] iteration=2440, ncalls=3541, regioncalls=126520, ndraw=40, logz=-142199.01, remainder_fraction=100.0000%, Lmin=-142189.59, Lmax=-142168.56
11:43:10 [ultranest] [DEBUG] iteration=2459, ncalls=3570, regioncalls=127760, ndraw=40, logz=-142197.99, remainder_fraction=100.0000%, Lmin=-142188.37, Lmax=-142168.56
11:43:10 [ultranest] [DEBUG] iteration=2476, ncalls=3600, regioncalls=128960, ndraw=40, logz=-142197.00, remainder_fraction=100.0000%, Lmin=-142187.55, Lmax=-142168.56
11:43:10 [ultranest] [DEBUG] iteration=2480, ncalls=3606, regioncalls=129200, ndraw=40, logz=-142196.81, remainder_fraction=100.0000%, Lmin=-142187.47, Lmax=-142168.56
11:43:10 [ultranest] [DEBUG] iteration=2500, ncalls=3633, regioncalls=130280, ndraw=40, logz=-142195.86, remainder_fraction=100.0000%, Lmin=-142186.40, Lmax=-142168.56
11:43:11 [ultranest] [DEBUG] iteration=2510, ncalls=3643, regioncalls=130720, ndraw=40, logz=-142195.31, remainder_fraction=100.0000%, Lmin=-142185.76, Lmax=-142168.56
11:43:11 [ultranest] [DEBUG] iteration=2520, ncalls=3656, regioncalls=131240, ndraw=40, logz=-142194.82, remainder_fraction=100.0000%, Lmin=-142185.40, Lmax=-142168.55
11:43:11 [ultranest] [DEBUG] iteration=2541, ncalls=3683, regioncalls=132320, ndraw=40, logz=-142193.84, remainder_fraction=100.0000%, Lmin=-142184.40, Lmax=-142168.55
11:43:11 [ultranest] [DEBUG] iteration=2560, ncalls=3706, regioncalls=133240, ndraw=40, logz=-142193.06, remainder_fraction=100.0000%, Lmin=-142183.48, Lmax=-142168.55
11:43:11 [ultranest] [DEBUG] iteration=2583, ncalls=3733, regioncalls=134320, ndraw=40, logz=-142192.10, remainder_fraction=99.9999%, Lmin=-142182.57, Lmax=-142168.55
11:43:11 [ultranest] [DEBUG] iteration=2596, ncalls=3752, regioncalls=135120, ndraw=40, logz=-142191.57, remainder_fraction=99.9999%, Lmin=-142181.91, Lmax=-142168.55
11:43:11 [ultranest] [DEBUG] iteration=2600, ncalls=3756, regioncalls=135280, ndraw=40, logz=-142191.39, remainder_fraction=99.9999%, Lmin=-142181.81, Lmax=-142168.55
11:43:11 [ultranest] [DEBUG] iteration=2623, ncalls=3783, regioncalls=136360, ndraw=40, logz=-142190.57, remainder_fraction=99.9997%, Lmin=-142181.26, Lmax=-142168.55
11:43:11 [ultranest] [DEBUG] iteration=2640, ncalls=3805, regioncalls=137240, ndraw=40, logz=-142190.00, remainder_fraction=99.9995%, Lmin=-142180.60, Lmax=-142168.55
11:43:11 [ultranest] [DEBUG] iteration=2663, ncalls=3832, regioncalls=138320, ndraw=40, logz=-142189.30, remainder_fraction=99.9989%, Lmin=-142179.92, Lmax=-142168.55
11:43:11 [ultranest] [DEBUG] iteration=2680, ncalls=3855, regioncalls=139240, ndraw=40, logz=-142188.84, remainder_fraction=99.9983%, Lmin=-142179.59, Lmax=-142168.55
11:43:11 [ultranest] [DEBUG] iteration=2682, ncalls=3857, regioncalls=139360, ndraw=40, logz=-142188.79, remainder_fraction=99.9982%, Lmin=-142179.48, Lmax=-142168.55
11:43:11 [ultranest] [DEBUG] iteration=2706, ncalls=3885, regioncalls=140480, ndraw=40, logz=-142188.15, remainder_fraction=99.9965%, Lmin=-142178.75, Lmax=-142168.55
11:43:12 [ultranest] [DEBUG] iteration=2720, ncalls=3902, regioncalls=141160, ndraw=40, logz=-142187.70, remainder_fraction=99.9946%, Lmin=-142178.10, Lmax=-142168.55
11:43:12 [ultranest] [DEBUG] iteration=2738, ncalls=3930, regioncalls=142280, ndraw=40, logz=-142187.20, remainder_fraction=99.9915%, Lmin=-142177.78, Lmax=-142168.55
11:43:12 [ultranest] [DEBUG] iteration=2759, ncalls=3957, regioncalls=143360, ndraw=40, logz=-142186.70, remainder_fraction=99.9861%, Lmin=-142177.31, Lmax=-142168.55
11:43:12 [ultranest] [DEBUG] iteration=2760, ncalls=3958, regioncalls=143400, ndraw=40, logz=-142186.68, remainder_fraction=99.9859%, Lmin=-142177.31, Lmax=-142168.55
11:43:12 [ultranest] [DEBUG] iteration=2779, ncalls=3983, regioncalls=144400, ndraw=40, logz=-142186.29, remainder_fraction=99.9794%, Lmin=-142177.07, Lmax=-142168.55
11:43:12 [ultranest] [DEBUG] iteration=2800, ncalls=4011, regioncalls=145520, ndraw=40, logz=-142185.87, remainder_fraction=99.9677%, Lmin=-142176.52, Lmax=-142168.55
11:43:12 [ultranest] [DEBUG] iteration=2821, ncalls=4038, regioncalls=146600, ndraw=40, logz=-142185.44, remainder_fraction=99.9503%, Lmin=-142176.00, Lmax=-142168.55
11:43:12 [ultranest] [DEBUG] iteration=2838, ncalls=4067, regioncalls=147760, ndraw=40, logz=-142185.07, remainder_fraction=99.9283%, Lmin=-142175.58, Lmax=-142168.55
11:43:12 [ultranest] [DEBUG] iteration=2840, ncalls=4070, regioncalls=147880, ndraw=40, logz=-142185.03, remainder_fraction=99.9249%, Lmin=-142175.51, Lmax=-142168.55
11:43:12 [ultranest] [DEBUG] iteration=2854, ncalls=4091, regioncalls=148760, ndraw=40, logz=-142184.74, remainder_fraction=99.8991%, Lmin=-142175.21, Lmax=-142168.55
11:43:12 [ultranest] [DEBUG] iteration=2875, ncalls=4118, regioncalls=149840, ndraw=40, logz=-142184.31, remainder_fraction=99.8440%, Lmin=-142174.77, Lmax=-142168.55
11:43:12 [ultranest] [DEBUG] iteration=2880, ncalls=4123, regioncalls=150040, ndraw=40, logz=-142184.21, remainder_fraction=99.8291%, Lmin=-142174.66, Lmax=-142168.55
11:43:12 [ultranest] [DEBUG] iteration=2903, ncalls=4150, regioncalls=151120, ndraw=40, logz=-142183.77, remainder_fraction=99.7375%, Lmin=-142174.26, Lmax=-142168.55
11:43:13 [ultranest] [DEBUG] iteration=2920, ncalls=4172, regioncalls=152000, ndraw=40, logz=-142183.48, remainder_fraction=99.6435%, Lmin=-142174.01, Lmax=-142168.55
11:43:13 [ultranest] [DEBUG] iteration=2940, ncalls=4195, regioncalls=152960, ndraw=40, logz=-142183.16, remainder_fraction=99.5161%, Lmin=-142173.72, Lmax=-142168.55
11:43:13 [ultranest] [DEBUG] iteration=2957, ncalls=4223, regioncalls=154080, ndraw=40, logz=-142182.91, remainder_fraction=99.3769%, Lmin=-142173.53, Lmax=-142168.55
11:43:13 [ultranest] [DEBUG] iteration=2960, ncalls=4227, regioncalls=154240, ndraw=40, logz=-142182.87, remainder_fraction=99.3468%, Lmin=-142173.50, Lmax=-142168.55
11:43:13 [ultranest] [DEBUG] iteration=2981, ncalls=4254, regioncalls=155320, ndraw=40, logz=-142182.60, remainder_fraction=99.1614%, Lmin=-142173.26, Lmax=-142168.55
11:43:13 [ultranest] [DEBUG] iteration=3000, ncalls=4282, regioncalls=156440, ndraw=40, logz=-142182.37, remainder_fraction=98.9141%, Lmin=-142173.00, Lmax=-142168.55
11:43:13 [ultranest] [DEBUG] iteration=3019, ncalls=4310, regioncalls=157560, ndraw=40, logz=-142182.13, remainder_fraction=98.6168%, Lmin=-142172.75, Lmax=-142168.55
11:43:13 [ultranest] [DEBUG] iteration=3026, ncalls=4322, regioncalls=158160, ndraw=40, logz=-142182.05, remainder_fraction=98.4875%, Lmin=-142172.71, Lmax=-142168.55
11:43:13 [ultranest] [DEBUG] iteration=3040, ncalls=4342, regioncalls=158960, ndraw=40, logz=-142181.90, remainder_fraction=98.2566%, Lmin=-142172.56, Lmax=-142168.55
11:43:13 [ultranest] [DEBUG] iteration=3059, ncalls=4370, regioncalls=160080, ndraw=40, logz=-142181.69, remainder_fraction=97.8789%, Lmin=-142172.30, Lmax=-142168.55
11:43:13 [ultranest] [DEBUG] iteration=3077, ncalls=4398, regioncalls=161200, ndraw=40, logz=-142181.50, remainder_fraction=97.4566%, Lmin=-142172.12, Lmax=-142168.54
11:43:13 [ultranest] [DEBUG] iteration=3080, ncalls=4402, regioncalls=161360, ndraw=40, logz=-142181.47, remainder_fraction=97.3859%, Lmin=-142172.08, Lmax=-142168.54
11:43:13 [ultranest] [DEBUG] iteration=3103, ncalls=4429, regioncalls=162440, ndraw=40, logz=-142181.25, remainder_fraction=96.7187%, Lmin=-142171.89, Lmax=-142168.54
11:43:14 [ultranest] [DEBUG] iteration=3112, ncalls=4442, regioncalls=163040, ndraw=40, logz=-142181.17, remainder_fraction=96.4342%, Lmin=-142171.80, Lmax=-142168.54
11:43:14 [ultranest] [DEBUG] iteration=3120, ncalls=4451, regioncalls=163440, ndraw=40, logz=-142181.09, remainder_fraction=96.1799%, Lmin=-142171.75, Lmax=-142168.54
11:43:14 [ultranest] [DEBUG] iteration=3143, ncalls=4478, regioncalls=164520, ndraw=40, logz=-142180.90, remainder_fraction=95.3358%, Lmin=-142171.61, Lmax=-142168.54
11:43:14 [ultranest] [DEBUG] iteration=3160, ncalls=4498, regioncalls=165320, ndraw=40, logz=-142180.77, remainder_fraction=94.6932%, Lmin=-142171.50, Lmax=-142168.54
11:43:14 [ultranest] [DEBUG] iteration=3182, ncalls=4525, regioncalls=166400, ndraw=40, logz=-142180.61, remainder_fraction=93.8331%, Lmin=-142171.31, Lmax=-142168.54
11:43:14 [ultranest] [DEBUG] iteration=3198, ncalls=4549, regioncalls=167400, ndraw=40, logz=-142180.50, remainder_fraction=93.1355%, Lmin=-142171.17, Lmax=-142168.54
11:43:14 [ultranest] [DEBUG] iteration=3200, ncalls=4553, regioncalls=167560, ndraw=40, logz=-142180.48, remainder_fraction=93.0268%, Lmin=-142171.16, Lmax=-142168.54
11:43:14 [ultranest] [DEBUG] iteration=3224, ncalls=4580, regioncalls=168640, ndraw=40, logz=-142180.32, remainder_fraction=91.7208%, Lmin=-142170.96, Lmax=-142168.54
11:43:14 [ultranest] [DEBUG] iteration=3240, ncalls=4597, regioncalls=169320, ndraw=40, logz=-142180.21, remainder_fraction=90.8477%, Lmin=-142170.84, Lmax=-142168.54
11:43:14 [ultranest] [DEBUG] iteration=3260, ncalls=4624, regioncalls=170400, ndraw=40, logz=-142180.08, remainder_fraction=89.4798%, Lmin=-142170.71, Lmax=-142168.54
11:43:14 [ultranest] [DEBUG] iteration=3280, ncalls=4649, regioncalls=171400, ndraw=40, logz=-142179.96, remainder_fraction=88.0848%, Lmin=-142170.58, Lmax=-142168.54
11:43:14 [ultranest] [DEBUG] iteration=3284, ncalls=4653, regioncalls=171600, ndraw=40, logz=-142179.93, remainder_fraction=87.7466%, Lmin=-142170.55, Lmax=-142168.54
11:43:14 [ultranest] [DEBUG] iteration=3305, ncalls=4679, regioncalls=172640, ndraw=40, logz=-142179.81, remainder_fraction=86.0903%, Lmin=-142170.44, Lmax=-142168.54
11:43:15 [ultranest] [DEBUG] iteration=3320, ncalls=4698, regioncalls=173400, ndraw=40, logz=-142179.73, remainder_fraction=84.9878%, Lmin=-142170.39, Lmax=-142168.54
11:43:15 [ultranest] [DEBUG] iteration=3340, ncalls=4726, regioncalls=174520, ndraw=40, logz=-142179.63, remainder_fraction=83.5253%, Lmin=-142170.31, Lmax=-142168.53
11:43:15 [ultranest] [DEBUG] iteration=3360, ncalls=4747, regioncalls=175360, ndraw=40, logz=-142179.54, remainder_fraction=81.9178%, Lmin=-142170.24, Lmax=-142168.53
11:43:15 [ultranest] [DEBUG] iteration=3370, ncalls=4765, regioncalls=176120, ndraw=40, logz=-142179.50, remainder_fraction=81.0787%, Lmin=-142170.21, Lmax=-142168.53
11:43:15 [ultranest] [DEBUG] iteration=3391, ncalls=4792, regioncalls=177200, ndraw=40, logz=-142179.41, remainder_fraction=79.3587%, Lmin=-142170.13, Lmax=-142168.53
11:43:15 [ultranest] [DEBUG] iteration=3400, ncalls=4803, regioncalls=177640, ndraw=40, logz=-142179.37, remainder_fraction=78.6157%, Lmin=-142170.09, Lmax=-142168.53
11:43:15 [ultranest] [DEBUG] iteration=3423, ncalls=4829, regioncalls=178680, ndraw=40, logz=-142179.28, remainder_fraction=76.6240%, Lmin=-142170.00, Lmax=-142168.53
11:43:15 [ultranest] [DEBUG] iteration=3440, ncalls=4848, regioncalls=179440, ndraw=40, logz=-142179.22, remainder_fraction=75.1212%, Lmin=-142169.94, Lmax=-142168.53
11:43:15 [ultranest] [DEBUG] iteration=3456, ncalls=4873, regioncalls=180520, ndraw=40, logz=-142179.16, remainder_fraction=73.8688%, Lmin=-142169.89, Lmax=-142168.53
11:43:15 [ultranest] [DEBUG] iteration=3477, ncalls=4899, regioncalls=181560, ndraw=40, logz=-142179.09, remainder_fraction=72.0328%, Lmin=-142169.81, Lmax=-142168.53
11:43:15 [ultranest] [DEBUG] iteration=3480, ncalls=4902, regioncalls=181680, ndraw=40, logz=-142179.08, remainder_fraction=71.7640%, Lmin=-142169.81, Lmax=-142168.53
11:43:15 [ultranest] [DEBUG] iteration=3500, ncalls=4930, regioncalls=182800, ndraw=40, logz=-142179.02, remainder_fraction=69.8758%, Lmin=-142169.75, Lmax=-142168.53
11:43:16 [ultranest] [DEBUG] iteration=3520, ncalls=4954, regioncalls=183760, ndraw=40, logz=-142178.96, remainder_fraction=67.9159%, Lmin=-142169.68, Lmax=-142168.53
11:43:16 [ultranest] [DEBUG] iteration=3542, ncalls=4980, regioncalls=184800, ndraw=40, logz=-142178.90, remainder_fraction=65.8228%, Lmin=-142169.62, Lmax=-142168.53
11:43:16 [ultranest] [DEBUG] iteration=3560, ncalls=5004, regioncalls=185760, ndraw=40, logz=-142178.85, remainder_fraction=64.1422%, Lmin=-142169.58, Lmax=-142168.53
11:43:16 [ultranest] [DEBUG] iteration=3579, ncalls=5032, regioncalls=186880, ndraw=40, logz=-142178.80, remainder_fraction=62.3959%, Lmin=-142169.54, Lmax=-142168.53
11:43:16 [ultranest] [DEBUG] iteration=3600, ncalls=5059, regioncalls=187960, ndraw=40, logz=-142178.75, remainder_fraction=60.4584%, Lmin=-142169.45, Lmax=-142168.53
11:43:16 [ultranest] [DEBUG] iteration=3621, ncalls=5086, regioncalls=189040, ndraw=40, logz=-142178.70, remainder_fraction=58.5320%, Lmin=-142169.40, Lmax=-142168.53
11:43:16 [ultranest] [DEBUG] iteration=3628, ncalls=5096, regioncalls=189480, ndraw=40, logz=-142178.69, remainder_fraction=57.8796%, Lmin=-142169.38, Lmax=-142168.53
11:43:16 [ultranest] [DEBUG] iteration=3640, ncalls=5111, regioncalls=190080, ndraw=40, logz=-142178.66, remainder_fraction=56.8084%, Lmin=-142169.36, Lmax=-142168.53
11:43:16 [ultranest] [DEBUG] iteration=3657, ncalls=5139, regioncalls=191200, ndraw=40, logz=-142178.62, remainder_fraction=55.2054%, Lmin=-142169.31, Lmax=-142168.53
11:43:16 [ultranest] [DEBUG] iteration=3678, ncalls=5166, regioncalls=192280, ndraw=40, logz=-142178.58, remainder_fraction=53.2543%, Lmin=-142169.27, Lmax=-142168.53
11:43:16 [ultranest] [DEBUG] iteration=3680, ncalls=5168, regioncalls=192360, ndraw=40, logz=-142178.58, remainder_fraction=53.0687%, Lmin=-142169.27, Lmax=-142168.53
11:43:16 [ultranest] [DEBUG] iteration=3702, ncalls=5195, regioncalls=193440, ndraw=40, logz=-142178.53, remainder_fraction=50.9796%, Lmin=-142169.23, Lmax=-142168.53
11:43:17 [ultranest] [DEBUG] iteration=3714, ncalls=5216, regioncalls=194320, ndraw=40, logz=-142178.51, remainder_fraction=49.8150%, Lmin=-142169.20, Lmax=-142168.53
11:43:17 [ultranest] [DEBUG] iteration=3720, ncalls=5224, regioncalls=194640, ndraw=40, logz=-142178.50, remainder_fraction=49.2345%, Lmin=-142169.18, Lmax=-142168.53
11:43:17 [ultranest] [DEBUG] iteration=3742, ncalls=5250, regioncalls=195680, ndraw=40, logz=-142178.46, remainder_fraction=47.2478%, Lmin=-142169.15, Lmax=-142168.53
11:43:17 [ultranest] [DEBUG] iteration=3760, ncalls=5270, regioncalls=196480, ndraw=40, logz=-142178.43, remainder_fraction=45.6532%, Lmin=-142169.13, Lmax=-142168.53
11:43:17 [ultranest] [DEBUG] iteration=3779, ncalls=5297, regioncalls=197560, ndraw=40, logz=-142178.40, remainder_fraction=44.0932%, Lmin=-142169.10, Lmax=-142168.53
11:43:17 [ultranest] [DEBUG] iteration=3798, ncalls=5324, regioncalls=198640, ndraw=40, logz=-142178.38, remainder_fraction=42.6425%, Lmin=-142169.07, Lmax=-142168.53
11:43:17 [ultranest] [DEBUG] iteration=3800, ncalls=5326, regioncalls=198800, ndraw=40, logz=-142178.37, remainder_fraction=42.4529%, Lmin=-142169.07, Lmax=-142168.53
11:43:17 [ultranest] [DEBUG] iteration=3820, ncalls=5353, regioncalls=199920, ndraw=40, logz=-142178.34, remainder_fraction=40.8275%, Lmin=-142169.04, Lmax=-142168.53
11:43:17 [ultranest] [DEBUG] iteration=3839, ncalls=5380, regioncalls=201080, ndraw=40, logz=-142178.32, remainder_fraction=39.3527%, Lmin=-142169.02, Lmax=-142168.53
11:43:17 [ultranest] [DEBUG] iteration=3840, ncalls=5382, regioncalls=201160, ndraw=40, logz=-142178.32, remainder_fraction=39.2623%, Lmin=-142169.02, Lmax=-142168.53
11:43:17 [ultranest] [DEBUG] iteration=3863, ncalls=5409, regioncalls=202240, ndraw=40, logz=-142178.29, remainder_fraction=37.4360%, Lmin=-142168.99, Lmax=-142168.53
11:43:17 [ultranest] [DEBUG] iteration=3880, ncalls=5432, regioncalls=203160, ndraw=40, logz=-142178.27, remainder_fraction=36.1141%, Lmin=-142168.96, Lmax=-142168.53
11:43:17 [ultranest] [DEBUG] iteration=3896, ncalls=5459, regioncalls=204240, ndraw=40, logz=-142178.25, remainder_fraction=34.9426%, Lmin=-142168.95, Lmax=-142168.53
11:43:18 [ultranest] [DEBUG] iteration=3915, ncalls=5487, regioncalls=205360, ndraw=40, logz=-142178.23, remainder_fraction=33.5713%, Lmin=-142168.93, Lmax=-142168.53
11:43:18 [ultranest] [DEBUG] iteration=3920, ncalls=5493, regioncalls=205600, ndraw=40, logz=-142178.22, remainder_fraction=33.1956%, Lmin=-142168.93, Lmax=-142168.53
11:43:18 [ultranest] [DEBUG] iteration=3941, ncalls=5521, regioncalls=206720, ndraw=40, logz=-142178.20, remainder_fraction=31.7817%, Lmin=-142168.90, Lmax=-142168.53
11:43:18 [ultranest] [DEBUG] iteration=3960, ncalls=5548, regioncalls=207800, ndraw=40, logz=-142178.18, remainder_fraction=30.5249%, Lmin=-142168.89, Lmax=-142168.53
11:43:18 [ultranest] [DEBUG] iteration=3972, ncalls=5563, regioncalls=208440, ndraw=40, logz=-142178.17, remainder_fraction=29.7518%, Lmin=-142168.87, Lmax=-142168.53
11:43:18 [ultranest] [DEBUG] iteration=3995, ncalls=5589, regioncalls=209520, ndraw=40, logz=-142178.15, remainder_fraction=28.2522%, Lmin=-142168.85, Lmax=-142168.53
11:43:18 [ultranest] [DEBUG] iteration=4000, ncalls=5595, regioncalls=209760, ndraw=40, logz=-142178.15, remainder_fraction=27.9322%, Lmin=-142168.84, Lmax=-142168.53
11:43:18 [ultranest] [DEBUG] iteration=4022, ncalls=5622, regioncalls=210840, ndraw=40, logz=-142178.13, remainder_fraction=26.5825%, Lmin=-142168.82, Lmax=-142168.53
11:43:18 [ultranest] [DEBUG] iteration=4040, ncalls=5650, regioncalls=211960, ndraw=40, logz=-142178.12, remainder_fraction=25.5295%, Lmin=-142168.81, Lmax=-142168.53
11:43:18 [ultranest] [DEBUG] iteration=4058, ncalls=5676, regioncalls=213040, ndraw=40, logz=-142178.10, remainder_fraction=24.4858%, Lmin=-142168.80, Lmax=-142168.53
11:43:18 [ultranest] [DEBUG] iteration=4078, ncalls=5703, regioncalls=214120, ndraw=40, logz=-142178.09, remainder_fraction=23.4096%, Lmin=-142168.78, Lmax=-142168.53
11:43:18 [ultranest] [DEBUG] iteration=4080, ncalls=5705, regioncalls=214200, ndraw=40, logz=-142178.09, remainder_fraction=23.3101%, Lmin=-142168.78, Lmax=-142168.53
11:43:19 [ultranest] [DEBUG] iteration=4101, ncalls=5732, regioncalls=215280, ndraw=40, logz=-142178.07, remainder_fraction=22.2064%, Lmin=-142168.76, Lmax=-142168.53
11:43:19 [ultranest] [DEBUG] iteration=4120, ncalls=5757, regioncalls=216280, ndraw=40, logz=-142178.06, remainder_fraction=21.2318%, Lmin=-142168.75, Lmax=-142168.53
11:43:19 [ultranest] [DEBUG] iteration=4141, ncalls=5784, regioncalls=217360, ndraw=40, logz=-142178.05, remainder_fraction=20.2287%, Lmin=-142168.74, Lmax=-142168.53
11:43:19 [ultranest] [DEBUG] iteration=4144, ncalls=5788, regioncalls=217560, ndraw=40, logz=-142178.05, remainder_fraction=20.0918%, Lmin=-142168.74, Lmax=-142168.53
11:43:19 [ultranest] [DEBUG] iteration=4160, ncalls=5806, regioncalls=218320, ndraw=40, logz=-142178.04, remainder_fraction=19.3470%, Lmin=-142168.73, Lmax=-142168.53
11:43:19 [ultranest] [DEBUG] iteration=4182, ncalls=5833, regioncalls=219400, ndraw=40, logz=-142178.02, remainder_fraction=18.3586%, Lmin=-142168.72, Lmax=-142168.53
11:43:19 [ultranest] [DEBUG] iteration=4200, ncalls=5856, regioncalls=220320, ndraw=40, logz=-142178.01, remainder_fraction=17.5912%, Lmin=-142168.71, Lmax=-142168.53
11:43:19 [ultranest] [DEBUG] iteration=4220, ncalls=5884, regioncalls=221440, ndraw=40, logz=-142178.00, remainder_fraction=16.7770%, Lmin=-142168.70, Lmax=-142168.53
11:43:19 [ultranest] [DEBUG] iteration=4230, ncalls=5901, regioncalls=222280, ndraw=40, logz=-142178.00, remainder_fraction=16.3813%, Lmin=-142168.70, Lmax=-142168.53
11:43:19 [ultranest] [DEBUG] iteration=4240, ncalls=5911, regioncalls=222680, ndraw=40, logz=-142178.00, remainder_fraction=15.9861%, Lmin=-142168.70, Lmax=-142168.53
11:43:19 [ultranest] [DEBUG] iteration=4265, ncalls=5938, regioncalls=223800, ndraw=40, logz=-142177.98, remainder_fraction=15.0668%, Lmin=-142168.69, Lmax=-142168.53
11:43:19 [ultranest] [DEBUG] iteration=4280, ncalls=5956, regioncalls=224520, ndraw=40, logz=-142177.98, remainder_fraction=14.5384%, Lmin=-142168.68, Lmax=-142168.53
11:43:19 [ultranest] [DEBUG] iteration=4302, ncalls=5984, regioncalls=225640, ndraw=40, logz=-142177.97, remainder_fraction=13.7907%, Lmin=-142168.67, Lmax=-142168.53
11:43:20 [ultranest] [DEBUG] iteration=4316, ncalls=6000, regioncalls=226360, ndraw=40, logz=-142177.96, remainder_fraction=13.3288%, Lmin=-142168.66, Lmax=-142168.53
11:43:20 [ultranest] [DEBUG] iteration=4320, ncalls=6007, regioncalls=226680, ndraw=40, logz=-142177.96, remainder_fraction=13.2041%, Lmin=-142168.66, Lmax=-142168.53
11:43:20 [ultranest] [DEBUG] iteration=4341, ncalls=6033, regioncalls=227800, ndraw=40, logz=-142177.95, remainder_fraction=12.5521%, Lmin=-142168.65, Lmax=-142168.53
11:43:20 [ultranest] [DEBUG] iteration=4360, ncalls=6056, regioncalls=228720, ndraw=40, logz=-142177.95, remainder_fraction=11.9819%, Lmin=-142168.65, Lmax=-142168.53
11:43:20 [ultranest] [DEBUG] iteration=4377, ncalls=6084, regioncalls=229840, ndraw=40, logz=-142177.94, remainder_fraction=11.4979%, Lmin=-142168.65, Lmax=-142168.53
11:43:20 [ultranest] [DEBUG] iteration=4396, ncalls=6112, regioncalls=230960, ndraw=40, logz=-142177.94, remainder_fraction=10.9750%, Lmin=-142168.64, Lmax=-142168.53
11:43:20 [ultranest] [DEBUG] iteration=4400, ncalls=6116, regioncalls=231120, ndraw=40, logz=-142177.94, remainder_fraction=10.8654%, Lmin=-142168.64, Lmax=-142168.53
11:43:20 [ultranest] [DEBUG] iteration=4402, ncalls=6121, regioncalls=231360, ndraw=40, logz=-142177.94, remainder_fraction=10.8112%, Lmin=-142168.64, Lmax=-142168.53
11:43:20 [ultranest] [DEBUG] iteration=4424, ncalls=6147, regioncalls=232480, ndraw=40, logz=-142177.93, remainder_fraction=10.2404%, Lmin=-142168.63, Lmax=-142168.53
11:43:20 [ultranest] [DEBUG] iteration=4440, ncalls=6168, regioncalls=233320, ndraw=40, logz=-142177.92, remainder_fraction=9.8374%, Lmin=-142168.62, Lmax=-142168.53
11:43:20 [ultranest] [DEBUG] iteration=4462, ncalls=6195, regioncalls=234400, ndraw=40, logz=-142177.92, remainder_fraction=9.3126%, Lmin=-142168.62, Lmax=-142168.53
11:43:20 [ultranest] [DEBUG] iteration=4477, ncalls=6224, regioncalls=235560, ndraw=40, logz=-142177.91, remainder_fraction=8.9683%, Lmin=-142168.62, Lmax=-142168.53
11:43:20 [ultranest] [DEBUG] iteration=4480, ncalls=6228, regioncalls=235720, ndraw=40, logz=-142177.91, remainder_fraction=8.9017%, Lmin=-142168.61, Lmax=-142168.53
11:43:20 [ultranest] [DEBUG] iteration=4488, ncalls=6240, regioncalls=236240, ndraw=40, logz=-142177.91, remainder_fraction=8.7255%, Lmin=-142168.61, Lmax=-142168.53
11:43:21 [ultranest] [DEBUG] iteration=4509, ncalls=6266, regioncalls=237280, ndraw=40, logz=-142177.91, remainder_fraction=8.2796%, Lmin=-142168.61, Lmax=-142168.53
11:43:21 [ultranest] [DEBUG] iteration=4520, ncalls=6278, regioncalls=237760, ndraw=40, logz=-142177.90, remainder_fraction=8.0528%, Lmin=-142168.61, Lmax=-142168.53
11:43:21 [ultranest] [DEBUG] iteration=4543, ncalls=6305, regioncalls=238920, ndraw=40, logz=-142177.90, remainder_fraction=7.5991%, Lmin=-142168.60, Lmax=-142168.53
11:43:21 [ultranest] [DEBUG] iteration=4560, ncalls=6330, regioncalls=239920, ndraw=40, logz=-142177.90, remainder_fraction=7.2798%, Lmin=-142168.60, Lmax=-142168.53
11:43:21 [ultranest] [DEBUG] iteration=4578, ncalls=6355, regioncalls=240920, ndraw=40, logz=-142177.89, remainder_fraction=6.9547%, Lmin=-142168.60, Lmax=-142168.53
11:43:21 [ultranest] [DEBUG] iteration=4597, ncalls=6383, regioncalls=242040, ndraw=40, logz=-142177.89, remainder_fraction=6.6290%, Lmin=-142168.59, Lmax=-142168.53
11:43:21 [ultranest] [DEBUG] iteration=4600, ncalls=6388, regioncalls=242240, ndraw=40, logz=-142177.89, remainder_fraction=6.5788%, Lmin=-142168.59, Lmax=-142168.53
11:43:21 [ultranest] [DEBUG] iteration=4618, ncalls=6413, regioncalls=243240, ndraw=40, logz=-142177.89, remainder_fraction=6.2869%, Lmin=-142168.59, Lmax=-142168.53
11:43:21 [ultranest] [DEBUG] iteration=4637, ncalls=6440, regioncalls=244320, ndraw=40, logz=-142177.88, remainder_fraction=5.9916%, Lmin=-142168.59, Lmax=-142168.53
11:43:21 [ultranest] [DEBUG] iteration=4640, ncalls=6445, regioncalls=244520, ndraw=40, logz=-142177.88, remainder_fraction=5.9461%, Lmin=-142168.59, Lmax=-142168.53
11:43:21 [ultranest] [DEBUG] iteration=4660, ncalls=6472, regioncalls=245640, ndraw=40, logz=-142177.88, remainder_fraction=5.6502%, Lmin=-142168.59, Lmax=-142168.53
11:43:21 [ultranest] [DEBUG] iteration=4680, ncalls=6500, regioncalls=246760, ndraw=40, logz=-142177.88, remainder_fraction=5.3730%, Lmin=-142168.58, Lmax=-142168.53
11:43:22 [ultranest] [DEBUG] iteration=4697, ncalls=6529, regioncalls=247960, ndraw=40, logz=-142177.87, remainder_fraction=5.1452%, Lmin=-142168.58, Lmax=-142168.53
11:43:22 [ultranest] [DEBUG] iteration=4716, ncalls=6556, regioncalls=249040, ndraw=40, logz=-142177.87, remainder_fraction=4.9021%, Lmin=-142168.58, Lmax=-142168.53
11:43:22 [ultranest] [DEBUG] iteration=4720, ncalls=6561, regioncalls=249240, ndraw=40, logz=-142177.87, remainder_fraction=4.8525%, Lmin=-142168.58, Lmax=-142168.53
11:43:22 [ultranest] [DEBUG] iteration=4742, ncalls=6587, regioncalls=250280, ndraw=40, logz=-142177.87, remainder_fraction=4.5884%, Lmin=-142168.58, Lmax=-142168.53
11:43:22 [ultranest] [DEBUG] iteration=4746, ncalls=6592, regioncalls=250520, ndraw=40, logz=-142177.87, remainder_fraction=4.5419%, Lmin=-142168.58, Lmax=-142168.53
11:43:22 [ultranest] [DEBUG] iteration=4760, ncalls=6609, regioncalls=251200, ndraw=40, logz=-142177.87, remainder_fraction=4.3835%, Lmin=-142168.57, Lmax=-142168.53
11:43:22 [ultranest] [DEBUG] iteration=4783, ncalls=6636, regioncalls=252280, ndraw=40, logz=-142177.86, remainder_fraction=4.1341%, Lmin=-142168.57, Lmax=-142168.53
11:43:22 [ultranest] [DEBUG] iteration=4800, ncalls=6656, regioncalls=253080, ndraw=40, logz=-142177.86, remainder_fraction=3.9585%, Lmin=-142168.57, Lmax=-142168.53
11:43:22 [ultranest] [DEBUG] iteration=4820, ncalls=6683, regioncalls=254160, ndraw=40, logz=-142177.86, remainder_fraction=3.7618%, Lmin=-142168.57, Lmax=-142168.53
11:43:22 [ultranest] [DEBUG] iteration=4840, ncalls=6706, regioncalls=255080, ndraw=40, logz=-142177.86, remainder_fraction=3.5747%, Lmin=-142168.57, Lmax=-142168.53
11:43:22 [ultranest] [DEBUG] iteration=4859, ncalls=6733, regioncalls=256160, ndraw=40, logz=-142177.86, remainder_fraction=3.4046%, Lmin=-142168.56, Lmax=-142168.53
11:43:22 [ultranest] [DEBUG] iteration=4880, ncalls=6759, regioncalls=257200, ndraw=40, logz=-142177.85, remainder_fraction=3.2266%, Lmin=-142168.56, Lmax=-142168.53
11:43:23 [ultranest] [DEBUG] iteration=4900, ncalls=6788, regioncalls=258360, ndraw=40, logz=-142177.85, remainder_fraction=3.0653%, Lmin=-142168.56, Lmax=-142168.53
11:43:23 [ultranest] [DEBUG] iteration=4918, ncalls=6812, regioncalls=259360, ndraw=40, logz=-142177.85, remainder_fraction=2.9270%, Lmin=-142168.56, Lmax=-142168.53
11:43:23 [ultranest] [DEBUG] iteration=4920, ncalls=6814, regioncalls=259480, ndraw=40, logz=-142177.85, remainder_fraction=2.9119%, Lmin=-142168.56, Lmax=-142168.53
11:43:23 [ultranest] [DEBUG] iteration=4942, ncalls=6841, regioncalls=260560, ndraw=40, logz=-142177.85, remainder_fraction=2.7522%, Lmin=-142168.56, Lmax=-142168.53
11:43:23 [ultranest] [DEBUG] iteration=4960, ncalls=6861, regioncalls=261360, ndraw=40, logz=-142177.85, remainder_fraction=2.6279%, Lmin=-142168.56, Lmax=-142168.53
11:43:23 [ultranest] [DEBUG] iteration=4983, ncalls=6888, regioncalls=262440, ndraw=40, logz=-142177.85, remainder_fraction=2.4770%, Lmin=-142168.56, Lmax=-142168.53
11:43:23 [ultranest] [DEBUG] iteration=5000, ncalls=6908, regioncalls=263240, ndraw=40, logz=-142177.84, remainder_fraction=2.3707%, Lmin=-142168.55, Lmax=-142168.53
11:43:23 [ultranest] [DEBUG] iteration=5004, ncalls=6916, regioncalls=263600, ndraw=40, logz=-142177.84, remainder_fraction=2.3465%, Lmin=-142168.55, Lmax=-142168.53
11:43:23 [ultranest] [DEBUG] iteration=5024, ncalls=6943, regioncalls=264680, ndraw=40, logz=-142177.84, remainder_fraction=2.2285%, Lmin=-142168.55, Lmax=-142168.53
11:43:23 [ultranest] [DEBUG] iteration=5040, ncalls=6963, regioncalls=265480, ndraw=40, logz=-142177.84, remainder_fraction=2.1385%, Lmin=-142168.55, Lmax=-142168.53
11:43:23 [ultranest] [DEBUG] iteration=5062, ncalls=6990, regioncalls=266560, ndraw=40, logz=-142177.84, remainder_fraction=2.0205%, Lmin=-142168.55, Lmax=-142168.53
11:43:23 [ultranest] [DEBUG] iteration=5080, ncalls=7013, regioncalls=267480, ndraw=40, logz=-142177.84, remainder_fraction=1.9288%, Lmin=-142168.55, Lmax=-142168.53
11:43:24 [ultranest] [DEBUG] iteration=5090, ncalls=7030, regioncalls=268200, ndraw=40, logz=-142177.84, remainder_fraction=1.8796%, Lmin=-142168.55, Lmax=-142168.53
11:43:24 [ultranest] [DEBUG] iteration=5113, ncalls=7057, regioncalls=269280, ndraw=40, logz=-142177.84, remainder_fraction=1.7713%, Lmin=-142168.55, Lmax=-142168.53
11:43:24 [ultranest] [DEBUG] iteration=5120, ncalls=7068, regioncalls=269720, ndraw=40, logz=-142177.84, remainder_fraction=1.7396%, Lmin=-142168.55, Lmax=-142168.53
11:43:24 [ultranest] [DEBUG] iteration=5137, ncalls=7096, regioncalls=270840, ndraw=40, logz=-142177.84, remainder_fraction=1.6649%, Lmin=-142168.55, Lmax=-142168.53
11:43:24 [ultranest] [DEBUG] iteration=5160, ncalls=7124, regioncalls=271960, ndraw=40, logz=-142177.84, remainder_fraction=1.5688%, Lmin=-142168.55, Lmax=-142168.53
11:43:24 [ultranest] [DEBUG] iteration=5176, ncalls=7142, regioncalls=272720, ndraw=40, logz=-142177.84, remainder_fraction=1.5052%, Lmin=-142168.55, Lmax=-142168.53
11:43:24 [ultranest] [DEBUG] iteration=5197, ncalls=7168, regioncalls=273840, ndraw=40, logz=-142177.84, remainder_fraction=1.4255%, Lmin=-142168.54, Lmax=-142168.53
11:43:24 [ultranest] [DEBUG] iteration=5200, ncalls=7172, regioncalls=274000, ndraw=40, logz=-142177.83, remainder_fraction=1.4145%, Lmin=-142168.54, Lmax=-142168.53
11:43:24 [ultranest] [DEBUG] iteration=5223, ncalls=7198, regioncalls=275080, ndraw=40, logz=-142177.83, remainder_fraction=1.3328%, Lmin=-142168.54, Lmax=-142168.53
11:43:24 [ultranest] [DEBUG] iteration=5240, ncalls=7218, regioncalls=275880, ndraw=40, logz=-142177.83, remainder_fraction=1.2755%, Lmin=-142168.54, Lmax=-142168.53
11:43:24 [ultranest] [DEBUG] iteration=5262, ncalls=7244, regioncalls=276920, ndraw=40, logz=-142177.83, remainder_fraction=1.2049%, Lmin=-142168.54, Lmax=-142168.53
11:43:24 [ultranest] [DEBUG] iteration=5280, ncalls=7268, regioncalls=277880, ndraw=40, logz=-142177.83, remainder_fraction=1.1500%, Lmin=-142168.54, Lmax=-142168.53
11:43:25 [ultranest] [DEBUG] iteration=5303, ncalls=7294, regioncalls=278920, ndraw=40, logz=-142177.83, remainder_fraction=1.0835%, Lmin=-142168.54, Lmax=-142168.53
11:43:25 [ultranest] [DEBUG] iteration=5320, ncalls=7322, regioncalls=280040, ndraw=40, logz=-142177.83, remainder_fraction=1.0369%, Lmin=-142168.54, Lmax=-142168.53
11:43:25 [ultranest] [INFO] Explored until L=-1e+05  
11:43:25 [ultranest] [INFO] Likelihood function evaluations: 7339
11:43:26 [ultranest] [INFO] Writing samples and results to disk ...
11:43:26 [ultranest] [INFO] Writing samples and results to disk ... done
11:43:26 [ultranest] [DEBUG] did a run_iter pass!
11:43:26 [ultranest] [INFO]   logZ = -1.422e+05 +- 0.09724
11:43:26 [ultranest] [INFO] Effective samples strategy satisfied (ESS = 1532.5, need >400)
11:43:26 [ultranest] [INFO] Posterior uncertainty strategy is satisfied (KL: 0.46+-0.08 nat, need <0.50 nat)
11:43:26 [ultranest] [INFO] Evidency uncertainty strategy is satisfied (dlogz=0.10, need <0.5)
11:43:26 [ultranest] [INFO]   logZ error budget: single: 0.15 bs:0.10 tail:0.01 total:0.10 required:<0.50
11:43:26 [ultranest] [INFO] done iterating.
11:43:26 [ultranest] [DEBUG] Making corner plot ...
11:43:26 [ultranest] [DEBUG] Making corner plot ... done
11:43:26 [ultranest] [DEBUG] Making run plot ... 
11:43:27 [ultranest] [DEBUG] Making run plot ... done
11:43:27 [ultranest] [DEBUG] Making trace plot ... 
11:43:28 [ultranest] [DEBUG] Making trace plot ... done
