11:29:23 [ultranest] [DEBUG] ReactiveNestedSampler: dims=3+0, resume=False, log_dir=./m-values/N16/S24/M16/T029/P025/NF3/sample_rho, backend=hdf5, vectorized=False, nbootstraps=30, ndraw=128..65536
11:29:23 [ultranest] [INFO] Sampling 400 live points from prior ...
11:29:24 [ultranest] [DEBUG] run_iter dlogz=0.5, dKL=0.5, frac_remain=0.01, Lepsilon=0.0010, min_ess=400
11:29:24 [ultranest] [DEBUG] max_iters=-1, max_ncalls=-1, max_num_improvement_loops=-1, min_num_live_points=400, cluster_num_live_points=40
11:29:24 [ultranest] [DEBUG] minimal_widths_sequence: [(-inf, 400.0), (inf, 400.0)]
11:29:24 [ultranest] [DEBUG] Plateau detected at L=-9.210340e+06, not replacing live point.
11:29:24 [ultranest] [DEBUG] Plateau detected at L=-9.210340e+06, not replacing live point.
11:29:24 [ultranest] [DEBUG] Plateau detected at L=-9.210340e+06, not replacing live point.
11:29:24 [ultranest] [DEBUG] Plateau detected at L=-9.210340e+06, not replacing live point.
11:29:24 [ultranest] [DEBUG] Plateau detected at L=-9.210340e+06, not replacing live point.
11:29:24 [ultranest] [DEBUG] Plateau detected at L=-9.210340e+06, not replacing live point.
11:29:24 [ultranest] [DEBUG] Plateau detected at L=-9.210340e+06, not replacing live point.
11:29:24 [ultranest] [DEBUG] Plateau detected at L=-9.210340e+06, not replacing live point.
11:29:24 [ultranest] [DEBUG] Plateau detected at L=-9.210340e+06, not replacing live point.
11:29:24 [ultranest] [DEBUG] Plateau detected at L=-9.210340e+06, not replacing live point.
11:29:24 [ultranest] [DEBUG] Plateau detected at L=-9.210340e+06, not replacing live point.
11:29:24 [ultranest] [DEBUG] Plateau detected at L=-9.210340e+06, not replacing live point.
11:29:24 [ultranest] [DEBUG] Plateau detected at L=-9.210340e+06, not replacing live point.
11:29:24 [ultranest] [DEBUG] Plateau detected at L=-9.210340e+06, not replacing live point.
11:29:24 [ultranest] [DEBUG] Plateau detected at L=-9.210340e+06, not replacing live point.
11:29:24 [ultranest] [DEBUG] Plateau detected at L=-9.210340e+06, not replacing live point.
11:29:24 [ultranest] [DEBUG] Plateau detected at L=-9.210340e+06, not replacing live point.
11:29:24 [ultranest] [DEBUG] Plateau detected at L=-9.210340e+06, not replacing live point.
11:29:24 [ultranest] [DEBUG] Plateau detected at L=-9.210340e+06, not replacing live point.
11:29:24 [ultranest] [DEBUG] Plateau detected at L=-9.210340e+06, not replacing live point.
11:29:24 [ultranest] [DEBUG] Plateau detected at L=-9.210340e+06, not replacing live point.
11:29:24 [ultranest] [DEBUG] Plateau detected at L=-9.210340e+06, not replacing live point.
11:29:24 [ultranest] [DEBUG] Plateau detected at L=-9.210340e+06, not replacing live point.
11:29:24 [ultranest] [DEBUG] Plateau detected at L=-9.210340e+06, not replacing live point.
11:29:24 [ultranest] [DEBUG] Plateau detected at L=-9.210340e+06, not replacing live point.
11:29:24 [ultranest] [DEBUG] Plateau detected at L=-9.210340e+06, not replacing live point.
11:29:24 [ultranest] [DEBUG] Plateau detected at L=-9.210340e+06, not replacing live point.
11:29:24 [ultranest] [DEBUG] Plateau detected at L=-9.210340e+06, not replacing live point.
11:29:24 [ultranest] [DEBUG] Plateau detected at L=-9.210340e+06, not replacing live point.
11:29:24 [ultranest] [DEBUG] Plateau detected at L=-9.210340e+06, not replacing live point.
11:29:24 [ultranest] [DEBUG] Plateau detected at L=-9.210340e+06, not replacing live point.
11:29:24 [ultranest] [DEBUG] Plateau detected at L=-9.210340e+06, not replacing live point.
11:29:24 [ultranest] [DEBUG] Plateau detected at L=-9.210340e+06, not replacing live point.
11:29:24 [ultranest] [DEBUG] Plateau detected at L=-9.210340e+06, not replacing live point.
11:29:24 [ultranest] [DEBUG] Plateau detected at L=-9.210340e+06, not replacing live point.
11:29:24 [ultranest] [DEBUG] Plateau detected at L=-9.210340e+06, not replacing live point.
11:29:24 [ultranest] [DEBUG] Plateau detected at L=-9.210340e+06, not replacing live point.
11:29:24 [ultranest] [DEBUG] Plateau detected at L=-9.210340e+06, not replacing live point.
11:29:24 [ultranest] [DEBUG] Plateau detected at L=-9.210340e+06, not replacing live point.
11:29:24 [ultranest] [DEBUG] Plateau detected at L=-9.210340e+06, not replacing live point.
11:29:24 [ultranest] [DEBUG] Plateau detected at L=-9.210340e+06, not replacing live point.
11:29:24 [ultranest] [DEBUG] Plateau detected at L=-9.210340e+06, not replacing live point.
11:29:24 [ultranest] [DEBUG] Plateau detected at L=-9.210340e+06, not replacing live point.
11:29:24 [ultranest] [DEBUG] Plateau detected at L=-9.210340e+06, not replacing live point.
11:29:24 [ultranest] [DEBUG] Plateau detected at L=-9.210340e+06, not replacing live point.
11:29:24 [ultranest] [DEBUG] iteration=45, ncalls=401, regioncalls=40, ndraw=40, logz=-9210342.56, remainder_fraction=100.0000%, Lmin=-9210340.37, Lmax=-70725.17
11:29:24 [ultranest] [DEBUG] iteration=74, ncalls=440, regioncalls=1600, ndraw=40, logz=-85866.07, remainder_fraction=100.0000%, Lmin=-85702.33, Lmax=-70725.17
11:29:24 [ultranest] [DEBUG] iteration=80, ncalls=447, regioncalls=1880, ndraw=40, logz=-85492.63, remainder_fraction=100.0000%, Lmin=-85397.80, Lmax=-70725.17
11:29:24 [ultranest] [DEBUG] iteration=108, ncalls=486, regioncalls=3440, ndraw=40, logz=-82894.97, remainder_fraction=100.0000%, Lmin=-82776.88, Lmax=-70725.17
11:29:25 [ultranest] [DEBUG] iteration=120, ncalls=501, regioncalls=4040, ndraw=40, logz=-82069.37, remainder_fraction=100.0000%, Lmin=-81900.42, Lmax=-70725.17
11:29:25 [ultranest] [DEBUG] iteration=125, ncalls=509, regioncalls=4360, ndraw=40, logz=-81673.39, remainder_fraction=100.0000%, Lmin=-81663.86, Lmax=-70725.17
11:29:25 [ultranest] [DEBUG] iteration=151, ncalls=549, regioncalls=5960, ndraw=40, logz=-80388.48, remainder_fraction=100.0000%, Lmin=-80330.79, Lmax=-70725.17
11:29:25 [ultranest] [DEBUG] iteration=160, ncalls=564, regioncalls=6560, ndraw=40, logz=-80145.31, remainder_fraction=100.0000%, Lmin=-80099.16, Lmax=-70725.17
11:29:25 [ultranest] [DEBUG] iteration=188, ncalls=603, regioncalls=8120, ndraw=40, logz=-79396.72, remainder_fraction=100.0000%, Lmin=-79380.05, Lmax=-70725.17
11:29:25 [ultranest] [DEBUG] iteration=200, ncalls=625, regioncalls=9000, ndraw=40, logz=-79085.25, remainder_fraction=100.0000%, Lmin=-79058.62, Lmax=-70725.17
11:29:25 [ultranest] [DEBUG] iteration=222, ncalls=663, regioncalls=10520, ndraw=40, logz=-78590.36, remainder_fraction=100.0000%, Lmin=-78503.72, Lmax=-70725.17
11:29:25 [ultranest] [DEBUG] iteration=240, ncalls=686, regioncalls=11440, ndraw=40, logz=-77903.87, remainder_fraction=100.0000%, Lmin=-77885.45, Lmax=-70725.17
11:29:25 [ultranest] [DEBUG] iteration=264, ncalls=730, regioncalls=13200, ndraw=40, logz=-77292.20, remainder_fraction=100.0000%, Lmin=-77277.81, Lmax=-70725.17
11:29:25 [ultranest] [DEBUG] iteration=280, ncalls=756, regioncalls=14240, ndraw=40, logz=-76975.05, remainder_fraction=100.0000%, Lmin=-76963.83, Lmax=-70725.17
11:29:25 [ultranest] [DEBUG] iteration=285, ncalls=765, regioncalls=14600, ndraw=40, logz=-76944.86, remainder_fraction=100.0000%, Lmin=-76915.82, Lmax=-70725.17
11:29:25 [ultranest] [DEBUG] iteration=305, ncalls=808, regioncalls=16320, ndraw=40, logz=-76694.75, remainder_fraction=100.0000%, Lmin=-76667.41, Lmax=-70725.17
11:29:25 [ultranest] [DEBUG] iteration=320, ncalls=832, regioncalls=17280, ndraw=40, logz=-76491.29, remainder_fraction=100.0000%, Lmin=-76479.90, Lmax=-70725.17
11:29:25 [ultranest] [DEBUG] iteration=335, ncalls=876, regioncalls=19040, ndraw=40, logz=-76180.57, remainder_fraction=100.0000%, Lmin=-76147.79, Lmax=-70725.17
11:29:26 [ultranest] [DEBUG] iteration=357, ncalls=918, regioncalls=20720, ndraw=40, logz=-75944.58, remainder_fraction=100.0000%, Lmin=-75933.39, Lmax=-70725.17
11:29:26 [ultranest] [DEBUG] iteration=360, ncalls=927, regioncalls=21080, ndraw=40, logz=-75910.36, remainder_fraction=100.0000%, Lmin=-75899.20, Lmax=-70725.17
11:29:26 [ultranest] [DEBUG] iteration=365, ncalls=934, regioncalls=21360, ndraw=40, logz=-75888.02, remainder_fraction=100.0000%, Lmin=-75851.76, Lmax=-70725.17
11:29:26 [ultranest] [DEBUG] iteration=393, ncalls=974, regioncalls=22960, ndraw=40, logz=-75606.32, remainder_fraction=100.0000%, Lmin=-75591.16, Lmax=-70725.17
11:29:26 [ultranest] [DEBUG] iteration=400, ncalls=992, regioncalls=23680, ndraw=40, logz=-75489.19, remainder_fraction=100.0000%, Lmin=-75478.21, Lmax=-70725.17
11:29:26 [ultranest] [DEBUG] iteration=427, ncalls=1032, regioncalls=25280, ndraw=40, logz=-75059.83, remainder_fraction=100.0000%, Lmin=-75051.61, Lmax=-70725.17
11:29:26 [ultranest] [DEBUG] iteration=440, ncalls=1054, regioncalls=26160, ndraw=40, logz=-74929.32, remainder_fraction=100.0000%, Lmin=-74920.00, Lmax=-70725.17
11:29:26 [ultranest] [DEBUG] iteration=445, ncalls=1060, regioncalls=26400, ndraw=40, logz=-74864.26, remainder_fraction=100.0000%, Lmin=-74854.49, Lmax=-70725.17
11:29:26 [ultranest] [DEBUG] iteration=469, ncalls=1100, regioncalls=28000, ndraw=40, logz=-74608.08, remainder_fraction=100.0000%, Lmin=-74600.20, Lmax=-70725.17
11:29:26 [ultranest] [DEBUG] iteration=480, ncalls=1115, regioncalls=28600, ndraw=40, logz=-74536.81, remainder_fraction=100.0000%, Lmin=-74502.34, Lmax=-70725.17
11:29:26 [ultranest] [DEBUG] iteration=504, ncalls=1156, regioncalls=30240, ndraw=40, logz=-74373.03, remainder_fraction=100.0000%, Lmin=-74343.49, Lmax=-70725.17
11:29:26 [ultranest] [DEBUG] iteration=520, ncalls=1183, regioncalls=31320, ndraw=40, logz=-74178.81, remainder_fraction=100.0000%, Lmin=-74167.80, Lmax=-70725.17
11:29:26 [ultranest] [DEBUG] iteration=525, ncalls=1188, regioncalls=31520, ndraw=40, logz=-74139.07, remainder_fraction=100.0000%, Lmin=-74131.42, Lmax=-70725.17
11:29:26 [ultranest] [DEBUG] iteration=552, ncalls=1227, regioncalls=33080, ndraw=40, logz=-73897.30, remainder_fraction=100.0000%, Lmin=-73884.31, Lmax=-70725.17
11:29:26 [ultranest] [DEBUG] iteration=560, ncalls=1240, regioncalls=33600, ndraw=40, logz=-73884.61, remainder_fraction=100.0000%, Lmin=-73876.82, Lmax=-70725.17
11:29:27 [ultranest] [DEBUG] iteration=580, ncalls=1283, regioncalls=35320, ndraw=40, logz=-73759.62, remainder_fraction=100.0000%, Lmin=-73746.06, Lmax=-70725.17
11:29:27 [ultranest] [DEBUG] iteration=600, ncalls=1321, regioncalls=36840, ndraw=40, logz=-73622.07, remainder_fraction=100.0000%, Lmin=-73612.63, Lmax=-70725.17
11:29:27 [ultranest] [DEBUG] iteration=619, ncalls=1362, regioncalls=38480, ndraw=40, logz=-73529.70, remainder_fraction=100.0000%, Lmin=-73517.37, Lmax=-70725.17
11:29:27 [ultranest] [DEBUG] iteration=640, ncalls=1396, regioncalls=39840, ndraw=40, logz=-73363.51, remainder_fraction=100.0000%, Lmin=-73353.52, Lmax=-70725.17
11:29:27 [ultranest] [DEBUG] iteration=661, ncalls=1439, regioncalls=41560, ndraw=40, logz=-73261.67, remainder_fraction=100.0000%, Lmin=-73243.98, Lmax=-70725.17
11:29:27 [ultranest] [DEBUG] iteration=678, ncalls=1482, regioncalls=43280, ndraw=40, logz=-73162.02, remainder_fraction=100.0000%, Lmin=-73150.07, Lmax=-70725.17
11:29:27 [ultranest] [DEBUG] iteration=680, ncalls=1484, regioncalls=43360, ndraw=40, logz=-73156.54, remainder_fraction=100.0000%, Lmin=-73144.13, Lmax=-70725.17
11:29:27 [ultranest] [DEBUG] iteration=685, ncalls=1497, regioncalls=43880, ndraw=40, logz=-73135.54, remainder_fraction=100.0000%, Lmin=-73112.62, Lmax=-70725.17
11:29:27 [ultranest] [DEBUG] iteration=704, ncalls=1539, regioncalls=45560, ndraw=40, logz=-73012.22, remainder_fraction=100.0000%, Lmin=-73003.95, Lmax=-70725.17
11:29:27 [ultranest] [DEBUG] iteration=720, ncalls=1574, regioncalls=46960, ndraw=40, logz=-72937.48, remainder_fraction=100.0000%, Lmin=-72915.67, Lmax=-70725.17
11:29:27 [ultranest] [DEBUG] iteration=739, ncalls=1617, regioncalls=48680, ndraw=40, logz=-72840.85, remainder_fraction=100.0000%, Lmin=-72827.47, Lmax=-70725.17
11:29:27 [ultranest] [DEBUG] iteration=756, ncalls=1661, regioncalls=50440, ndraw=40, logz=-72727.63, remainder_fraction=100.0000%, Lmin=-72718.84, Lmax=-70725.17
11:29:27 [ultranest] [DEBUG] iteration=760, ncalls=1667, regioncalls=50680, ndraw=40, logz=-72714.10, remainder_fraction=100.0000%, Lmin=-72705.29, Lmax=-70725.17
11:29:28 [ultranest] [DEBUG] iteration=765, ncalls=1678, regioncalls=51120, ndraw=40, logz=-72699.32, remainder_fraction=100.0000%, Lmin=-72688.70, Lmax=-70725.17
11:29:28 [ultranest] [DEBUG] iteration=791, ncalls=1718, regioncalls=52720, ndraw=40, logz=-72633.12, remainder_fraction=100.0000%, Lmin=-72620.74, Lmax=-70725.17
11:29:28 [ultranest] [DEBUG] iteration=800, ncalls=1732, regioncalls=53280, ndraw=40, logz=-72601.59, remainder_fraction=100.0000%, Lmin=-72586.68, Lmax=-70725.17
11:29:28 [ultranest] [DEBUG] iteration=822, ncalls=1774, regioncalls=54960, ndraw=40, logz=-72506.09, remainder_fraction=100.0000%, Lmin=-72495.76, Lmax=-70725.17
11:29:28 [ultranest] [DEBUG] iteration=840, ncalls=1805, regioncalls=56200, ndraw=40, logz=-72433.58, remainder_fraction=100.0000%, Lmin=-72423.66, Lmax=-70719.38
11:29:28 [ultranest] [DEBUG] iteration=845, ncalls=1818, regioncalls=56720, ndraw=40, logz=-72424.60, remainder_fraction=100.0000%, Lmin=-72405.44, Lmax=-70719.38
11:29:28 [ultranest] [DEBUG] iteration=869, ncalls=1858, regioncalls=58320, ndraw=40, logz=-72314.25, remainder_fraction=100.0000%, Lmin=-72301.37, Lmax=-70719.38
11:29:28 [ultranest] [DEBUG] iteration=880, ncalls=1874, regioncalls=59000, ndraw=40, logz=-72277.76, remainder_fraction=100.0000%, Lmin=-72258.47, Lmax=-70719.38
11:29:28 [ultranest] [DEBUG] iteration=900, ncalls=1918, regioncalls=60760, ndraw=40, logz=-72201.31, remainder_fraction=100.0000%, Lmin=-72184.41, Lmax=-70719.38
11:29:28 [ultranest] [DEBUG] iteration=920, ncalls=1946, regioncalls=61880, ndraw=40, logz=-72142.86, remainder_fraction=100.0000%, Lmin=-72131.99, Lmax=-70719.38
11:29:28 [ultranest] [DEBUG] iteration=925, ncalls=1953, regioncalls=62160, ndraw=40, logz=-72130.38, remainder_fraction=100.0000%, Lmin=-72114.80, Lmax=-70719.38
11:29:28 [ultranest] [DEBUG] iteration=949, ncalls=1994, regioncalls=63800, ndraw=40, logz=-72042.57, remainder_fraction=100.0000%, Lmin=-72033.61, Lmax=-70719.38
11:29:28 [ultranest] [DEBUG] iteration=960, ncalls=2010, regioncalls=64440, ndraw=40, logz=-72024.90, remainder_fraction=100.0000%, Lmin=-72016.42, Lmax=-70719.38
11:29:28 [ultranest] [DEBUG] iteration=985, ncalls=2051, regioncalls=66080, ndraw=40, logz=-71942.17, remainder_fraction=100.0000%, Lmin=-71932.44, Lmax=-70719.38
11:29:29 [ultranest] [DEBUG] iteration=1000, ncalls=2074, regioncalls=67000, ndraw=40, logz=-71901.65, remainder_fraction=100.0000%, Lmin=-71891.50, Lmax=-70719.38
11:29:29 [ultranest] [DEBUG] iteration=1022, ncalls=2112, regioncalls=68520, ndraw=40, logz=-71829.04, remainder_fraction=100.0000%, Lmin=-71819.95, Lmax=-70706.74
11:29:29 [ultranest] [DEBUG] iteration=1040, ncalls=2140, regioncalls=69640, ndraw=40, logz=-71780.22, remainder_fraction=100.0000%, Lmin=-71768.86, Lmax=-70706.74
11:29:29 [ultranest] [DEBUG] iteration=1060, ncalls=2182, regioncalls=71320, ndraw=40, logz=-71737.69, remainder_fraction=100.0000%, Lmin=-71727.84, Lmax=-70706.74
11:29:29 [ultranest] [DEBUG] iteration=1076, ncalls=2227, regioncalls=73120, ndraw=40, logz=-71708.86, remainder_fraction=100.0000%, Lmin=-71697.20, Lmax=-70706.74
11:29:29 [ultranest] [DEBUG] iteration=1080, ncalls=2234, regioncalls=73400, ndraw=40, logz=-71702.73, remainder_fraction=100.0000%, Lmin=-71693.87, Lmax=-70706.74
11:29:29 [ultranest] [DEBUG] iteration=1085, ncalls=2242, regioncalls=73720, ndraw=40, logz=-71696.96, remainder_fraction=100.0000%, Lmin=-71686.72, Lmax=-70706.74
11:29:29 [ultranest] [DEBUG] iteration=1105, ncalls=2284, regioncalls=75440, ndraw=40, logz=-71653.81, remainder_fraction=100.0000%, Lmin=-71644.21, Lmax=-70706.74
11:29:29 [ultranest] [DEBUG] iteration=1120, ncalls=2311, regioncalls=76520, ndraw=40, logz=-71614.76, remainder_fraction=100.0000%, Lmin=-71600.62, Lmax=-70704.86
11:29:29 [ultranest] [DEBUG] iteration=1141, ncalls=2354, regioncalls=78240, ndraw=40, logz=-71563.80, remainder_fraction=100.0000%, Lmin=-71542.53, Lmax=-70704.86
11:29:29 [ultranest] [DEBUG] iteration=1160, ncalls=2394, regioncalls=79840, ndraw=40, logz=-71526.44, remainder_fraction=100.0000%, Lmin=-71517.28, Lmax=-70704.86
11:29:29 [ultranest] [DEBUG] iteration=1165, ncalls=2405, regioncalls=80280, ndraw=40, logz=-71515.23, remainder_fraction=100.0000%, Lmin=-71503.43, Lmax=-70704.86
11:29:29 [ultranest] [DEBUG] iteration=1191, ncalls=2446, regioncalls=81960, ndraw=40, logz=-71455.08, remainder_fraction=100.0000%, Lmin=-71445.29, Lmax=-70704.86
11:29:29 [ultranest] [DEBUG] iteration=1200, ncalls=2462, regioncalls=82600, ndraw=40, logz=-71437.03, remainder_fraction=100.0000%, Lmin=-71428.01, Lmax=-70704.86
11:29:30 [ultranest] [DEBUG] iteration=1216, ncalls=2505, regioncalls=84360, ndraw=40, logz=-71414.51, remainder_fraction=100.0000%, Lmin=-71405.59, Lmax=-70664.56
11:29:30 [ultranest] [DEBUG] iteration=1240, ncalls=2545, regioncalls=85960, ndraw=40, logz=-71369.55, remainder_fraction=100.0000%, Lmin=-71359.67, Lmax=-70664.56
11:29:30 [ultranest] [DEBUG] iteration=1245, ncalls=2555, regioncalls=86360, ndraw=40, logz=-71366.90, remainder_fraction=100.0000%, Lmin=-71358.05, Lmax=-70661.63
11:29:30 [ultranest] [DEBUG] iteration=1269, ncalls=2595, regioncalls=88040, ndraw=40, logz=-71336.96, remainder_fraction=100.0000%, Lmin=-71327.65, Lmax=-70661.63
11:29:30 [ultranest] [DEBUG] iteration=1280, ncalls=2623, regioncalls=89160, ndraw=40, logz=-71325.78, remainder_fraction=100.0000%, Lmin=-71316.56, Lmax=-70661.63
11:29:30 [ultranest] [DEBUG] iteration=1299, ncalls=2666, regioncalls=90880, ndraw=40, logz=-71299.47, remainder_fraction=100.0000%, Lmin=-71288.76, Lmax=-70661.63
11:29:30 [ultranest] [DEBUG] iteration=1320, ncalls=2698, regioncalls=92160, ndraw=40, logz=-71262.03, remainder_fraction=100.0000%, Lmin=-71251.36, Lmax=-70661.63
11:29:30 [ultranest] [DEBUG] iteration=1325, ncalls=2712, regioncalls=92760, ndraw=40, logz=-71254.17, remainder_fraction=100.0000%, Lmin=-71245.17, Lmax=-70661.63
11:29:30 [ultranest] [DEBUG] iteration=1352, ncalls=2751, regioncalls=94320, ndraw=40, logz=-71221.91, remainder_fraction=100.0000%, Lmin=-71212.55, Lmax=-70661.63
11:29:30 [ultranest] [DEBUG] iteration=1360, ncalls=2765, regioncalls=94880, ndraw=40, logz=-71214.17, remainder_fraction=100.0000%, Lmin=-71204.86, Lmax=-70661.63
11:29:30 [ultranest] [DEBUG] iteration=1380, ncalls=2808, regioncalls=96600, ndraw=40, logz=-71190.98, remainder_fraction=100.0000%, Lmin=-71180.68, Lmax=-70661.63
11:29:30 [ultranest] [DEBUG] iteration=1400, ncalls=2836, regioncalls=97720, ndraw=40, logz=-71161.76, remainder_fraction=100.0000%, Lmin=-71151.25, Lmax=-70661.63
11:29:31 [ultranest] [DEBUG] iteration=1417, ncalls=2876, regioncalls=99320, ndraw=40, logz=-71146.05, remainder_fraction=100.0000%, Lmin=-71136.46, Lmax=-70661.63
11:29:31 [ultranest] [DEBUG] iteration=1439, ncalls=2918, regioncalls=101000, ndraw=40, logz=-71131.30, remainder_fraction=100.0000%, Lmin=-71121.15, Lmax=-70661.63
11:29:31 [ultranest] [DEBUG] iteration=1440, ncalls=2919, regioncalls=101040, ndraw=40, logz=-71130.48, remainder_fraction=100.0000%, Lmin=-71120.73, Lmax=-70661.63
11:29:31 [ultranest] [DEBUG] iteration=1465, ncalls=2960, regioncalls=102680, ndraw=40, logz=-71108.65, remainder_fraction=100.0000%, Lmin=-71098.63, Lmax=-70661.28
11:29:31 [ultranest] [DEBUG] iteration=1480, ncalls=2999, regioncalls=104240, ndraw=40, logz=-71091.12, remainder_fraction=100.0000%, Lmin=-71081.10, Lmax=-70661.28
11:29:31 [ultranest] [DEBUG] iteration=1485, ncalls=3007, regioncalls=104600, ndraw=40, logz=-71088.00, remainder_fraction=100.0000%, Lmin=-71078.68, Lmax=-70661.28
11:29:31 [ultranest] [DEBUG] iteration=1510, ncalls=3046, regioncalls=106160, ndraw=40, logz=-71061.26, remainder_fraction=100.0000%, Lmin=-71051.61, Lmax=-70661.28
11:29:31 [ultranest] [DEBUG] iteration=1520, ncalls=3061, regioncalls=106760, ndraw=40, logz=-71053.89, remainder_fraction=100.0000%, Lmin=-71039.09, Lmax=-70661.28
11:29:31 [ultranest] [DEBUG] iteration=1544, ncalls=3102, regioncalls=108400, ndraw=40, logz=-71031.24, remainder_fraction=100.0000%, Lmin=-71018.80, Lmax=-70661.28
11:29:31 [ultranest] [DEBUG] iteration=1560, ncalls=3139, regioncalls=109880, ndraw=40, logz=-71012.62, remainder_fraction=100.0000%, Lmin=-71002.56, Lmax=-70661.28
11:29:31 [ultranest] [DEBUG] iteration=1565, ncalls=3150, regioncalls=110360, ndraw=40, logz=-71010.24, remainder_fraction=100.0000%, Lmin=-71001.22, Lmax=-70661.28
11:29:31 [ultranest] [DEBUG] iteration=1592, ncalls=3187, regioncalls=111880, ndraw=40, logz=-70993.28, remainder_fraction=100.0000%, Lmin=-70982.25, Lmax=-70661.28
11:29:31 [ultranest] [DEBUG] iteration=1600, ncalls=3201, regioncalls=112480, ndraw=40, logz=-70988.88, remainder_fraction=100.0000%, Lmin=-70979.07, Lmax=-70661.28
11:29:31 [ultranest] [DEBUG] iteration=1626, ncalls=3240, regioncalls=114040, ndraw=40, logz=-70973.46, remainder_fraction=100.0000%, Lmin=-70962.94, Lmax=-70661.28
11:29:32 [ultranest] [DEBUG] iteration=1640, ncalls=3269, regioncalls=115200, ndraw=40, logz=-70965.97, remainder_fraction=100.0000%, Lmin=-70956.29, Lmax=-70661.28
11:29:32 [ultranest] [DEBUG] iteration=1662, ncalls=3306, regioncalls=116680, ndraw=40, logz=-70950.29, remainder_fraction=100.0000%, Lmin=-70939.50, Lmax=-70661.28
11:29:32 [ultranest] [DEBUG] iteration=1680, ncalls=3339, regioncalls=118000, ndraw=40, logz=-70940.50, remainder_fraction=100.0000%, Lmin=-70929.70, Lmax=-70661.28
11:29:32 [ultranest] [DEBUG] iteration=1703, ncalls=3379, regioncalls=119600, ndraw=40, logz=-70929.75, remainder_fraction=100.0000%, Lmin=-70918.87, Lmax=-70661.28
11:29:32 [ultranest] [DEBUG] iteration=1720, ncalls=3411, regioncalls=120880, ndraw=40, logz=-70920.75, remainder_fraction=100.0000%, Lmin=-70911.10, Lmax=-70661.28
11:29:32 [ultranest] [DEBUG] iteration=1725, ncalls=3422, regioncalls=121400, ndraw=40, logz=-70919.00, remainder_fraction=100.0000%, Lmin=-70907.72, Lmax=-70661.28
11:29:32 [ultranest] [DEBUG] iteration=1740, ncalls=3453, regioncalls=122640, ndraw=40, logz=-70911.84, remainder_fraction=100.0000%, Lmin=-70902.39, Lmax=-70661.28
11:29:32 [ultranest] [DEBUG] iteration=1760, ncalls=3491, regioncalls=124160, ndraw=40, logz=-70902.14, remainder_fraction=100.0000%, Lmin=-70891.47, Lmax=-70661.28
11:29:32 [ultranest] [DEBUG] iteration=1777, ncalls=3534, regioncalls=125880, ndraw=40, logz=-70896.30, remainder_fraction=100.0000%, Lmin=-70886.46, Lmax=-70661.28
11:29:32 [ultranest] [DEBUG] iteration=1796, ncalls=3576, regioncalls=127560, ndraw=40, logz=-70890.78, remainder_fraction=100.0000%, Lmin=-70881.14, Lmax=-70655.54
11:29:32 [ultranest] [DEBUG] iteration=1800, ncalls=3583, regioncalls=127840, ndraw=40, logz=-70889.51, remainder_fraction=100.0000%, Lmin=-70879.33, Lmax=-70655.54
11:29:32 [ultranest] [DEBUG] iteration=1805, ncalls=3592, regioncalls=128240, ndraw=40, logz=-70887.54, remainder_fraction=100.0000%, Lmin=-70877.51, Lmax=-70655.54
11:29:32 [ultranest] [DEBUG] iteration=1829, ncalls=3633, regioncalls=129920, ndraw=40, logz=-70880.31, remainder_fraction=100.0000%, Lmin=-70870.60, Lmax=-70655.54
11:29:33 [ultranest] [DEBUG] iteration=1840, ncalls=3652, regioncalls=130680, ndraw=40, logz=-70874.60, remainder_fraction=100.0000%, Lmin=-70864.57, Lmax=-70655.54
11:29:33 [ultranest] [DEBUG] iteration=1863, ncalls=3693, regioncalls=132320, ndraw=40, logz=-70864.07, remainder_fraction=100.0000%, Lmin=-70853.66, Lmax=-70655.54
11:29:33 [ultranest] [DEBUG] iteration=1880, ncalls=3732, regioncalls=133880, ndraw=40, logz=-70858.45, remainder_fraction=100.0000%, Lmin=-70848.11, Lmax=-70655.54
11:29:33 [ultranest] [DEBUG] iteration=1898, ncalls=3773, regioncalls=135520, ndraw=40, logz=-70852.26, remainder_fraction=100.0000%, Lmin=-70841.94, Lmax=-70655.54
11:29:33 [ultranest] [DEBUG] iteration=1919, ncalls=3815, regioncalls=137200, ndraw=40, logz=-70848.11, remainder_fraction=100.0000%, Lmin=-70837.52, Lmax=-70655.54
11:29:33 [ultranest] [DEBUG] iteration=1920, ncalls=3819, regioncalls=137360, ndraw=40, logz=-70847.70, remainder_fraction=100.0000%, Lmin=-70837.38, Lmax=-70655.54
11:29:33 [ultranest] [DEBUG] iteration=1936, ncalls=3862, regioncalls=139080, ndraw=40, logz=-70841.60, remainder_fraction=100.0000%, Lmin=-70831.62, Lmax=-70655.54
11:29:33 [ultranest] [DEBUG] iteration=1954, ncalls=3910, regioncalls=141000, ndraw=40, logz=-70835.55, remainder_fraction=100.0000%, Lmin=-70824.93, Lmax=-70655.54
11:29:33 [ultranest] [DEBUG] iteration=1960, ncalls=3926, regioncalls=141640, ndraw=40, logz=-70833.15, remainder_fraction=100.0000%, Lmin=-70822.80, Lmax=-70655.54
11:29:33 [ultranest] [DEBUG] iteration=1965, ncalls=3942, regioncalls=142320, ndraw=40, logz=-70831.95, remainder_fraction=100.0000%, Lmin=-70821.97, Lmax=-70655.54
11:29:33 [ultranest] [DEBUG] iteration=1987, ncalls=3982, regioncalls=143960, ndraw=40, logz=-70826.29, remainder_fraction=100.0000%, Lmin=-70816.85, Lmax=-70655.54
11:29:33 [ultranest] [DEBUG] iteration=2000, ncalls=4001, regioncalls=144800, ndraw=40, logz=-70823.96, remainder_fraction=100.0000%, Lmin=-70813.65, Lmax=-70655.54
11:29:34 [ultranest] [DEBUG] iteration=2021, ncalls=4043, regioncalls=146480, ndraw=40, logz=-70816.98, remainder_fraction=100.0000%, Lmin=-70806.53, Lmax=-70655.54
11:29:34 [ultranest] [DEBUG] iteration=2040, ncalls=4081, regioncalls=148000, ndraw=40, logz=-70811.53, remainder_fraction=100.0000%, Lmin=-70801.37, Lmax=-70655.54
11:29:34 [ultranest] [DEBUG] iteration=2045, ncalls=4087, regioncalls=148280, ndraw=40, logz=-70810.29, remainder_fraction=100.0000%, Lmin=-70800.03, Lmax=-70655.54
11:29:34 [ultranest] [DEBUG] iteration=2069, ncalls=4127, regioncalls=150000, ndraw=40, logz=-70805.00, remainder_fraction=100.0000%, Lmin=-70794.68, Lmax=-70655.54
11:29:34 [ultranest] [DEBUG] iteration=2080, ncalls=4145, regioncalls=150720, ndraw=40, logz=-70801.63, remainder_fraction=100.0000%, Lmin=-70791.42, Lmax=-70655.54
11:29:34 [ultranest] [DEBUG] iteration=2101, ncalls=4186, regioncalls=152360, ndraw=40, logz=-70796.29, remainder_fraction=100.0000%, Lmin=-70786.15, Lmax=-70655.54
11:29:34 [ultranest] [DEBUG] iteration=2120, ncalls=4215, regioncalls=153520, ndraw=40, logz=-70792.47, remainder_fraction=100.0000%, Lmin=-70782.19, Lmax=-70655.54
11:29:34 [ultranest] [DEBUG] iteration=2125, ncalls=4221, regioncalls=153800, ndraw=40, logz=-70791.70, remainder_fraction=100.0000%, Lmin=-70781.09, Lmax=-70655.54
11:29:34 [ultranest] [DEBUG] iteration=2150, ncalls=4259, regioncalls=155320, ndraw=40, logz=-70786.73, remainder_fraction=100.0000%, Lmin=-70776.16, Lmax=-70655.54
11:29:34 [ultranest] [DEBUG] iteration=2160, ncalls=4270, regioncalls=155760, ndraw=40, logz=-70784.53, remainder_fraction=100.0000%, Lmin=-70774.24, Lmax=-70655.54
11:29:34 [ultranest] [DEBUG] iteration=2182, ncalls=4310, regioncalls=157400, ndraw=40, logz=-70781.41, remainder_fraction=100.0000%, Lmin=-70771.24, Lmax=-70655.54
11:29:34 [ultranest] [DEBUG] iteration=2200, ncalls=4338, regioncalls=158520, ndraw=40, logz=-70779.26, remainder_fraction=100.0000%, Lmin=-70769.44, Lmax=-70655.54
11:29:34 [ultranest] [DEBUG] iteration=2226, ncalls=4375, regioncalls=160000, ndraw=40, logz=-70775.13, remainder_fraction=100.0000%, Lmin=-70764.31, Lmax=-70655.54
11:29:34 [ultranest] [DEBUG] iteration=2240, ncalls=4401, regioncalls=161040, ndraw=40, logz=-70772.72, remainder_fraction=100.0000%, Lmin=-70762.74, Lmax=-70655.54
11:29:35 [ultranest] [DEBUG] iteration=2261, ncalls=4442, regioncalls=162680, ndraw=40, logz=-70769.54, remainder_fraction=100.0000%, Lmin=-70759.00, Lmax=-70655.54
11:29:35 [ultranest] [DEBUG] iteration=2280, ncalls=4478, regioncalls=164120, ndraw=40, logz=-70765.66, remainder_fraction=100.0000%, Lmin=-70754.38, Lmax=-70655.54
11:29:35 [ultranest] [DEBUG] iteration=2285, ncalls=4487, regioncalls=164560, ndraw=40, logz=-70764.07, remainder_fraction=100.0000%, Lmin=-70753.21, Lmax=-70655.54
11:29:35 [ultranest] [DEBUG] iteration=2310, ncalls=4526, regioncalls=166120, ndraw=40, logz=-70758.24, remainder_fraction=100.0000%, Lmin=-70747.05, Lmax=-70655.54
11:29:35 [ultranest] [DEBUG] iteration=2320, ncalls=4543, regioncalls=166800, ndraw=40, logz=-70756.17, remainder_fraction=100.0000%, Lmin=-70745.54, Lmax=-70655.54
11:29:35 [ultranest] [DEBUG] iteration=2346, ncalls=4582, regioncalls=168360, ndraw=40, logz=-70751.93, remainder_fraction=100.0000%, Lmin=-70740.57, Lmax=-70655.54
11:29:35 [ultranest] [DEBUG] iteration=2360, ncalls=4613, regioncalls=169600, ndraw=40, logz=-70748.25, remainder_fraction=100.0000%, Lmin=-70737.40, Lmax=-70655.54
11:29:35 [ultranest] [DEBUG] iteration=2379, ncalls=4651, regioncalls=171120, ndraw=40, logz=-70745.57, remainder_fraction=100.0000%, Lmin=-70735.06, Lmax=-70655.54
11:29:35 [ultranest] [DEBUG] iteration=2398, ncalls=4694, regioncalls=172840, ndraw=40, logz=-70743.66, remainder_fraction=100.0000%, Lmin=-70733.51, Lmax=-70655.54
11:29:35 [ultranest] [DEBUG] iteration=2400, ncalls=4696, regioncalls=172920, ndraw=40, logz=-70743.49, remainder_fraction=100.0000%, Lmin=-70733.23, Lmax=-70655.54
11:29:35 [ultranest] [DEBUG] iteration=2420, ncalls=4742, regioncalls=174760, ndraw=40, logz=-70740.87, remainder_fraction=100.0000%, Lmin=-70730.36, Lmax=-70655.54
11:29:35 [ultranest] [DEBUG] iteration=2440, ncalls=4781, regioncalls=176320, ndraw=40, logz=-70738.72, remainder_fraction=100.0000%, Lmin=-70728.38, Lmax=-70655.54
11:29:35 [ultranest] [DEBUG] iteration=2445, ncalls=4795, regioncalls=176920, ndraw=40, logz=-70738.15, remainder_fraction=100.0000%, Lmin=-70727.40, Lmax=-70655.54
11:29:36 [ultranest] [DEBUG] iteration=2471, ncalls=4833, regioncalls=178440, ndraw=40, logz=-70735.35, remainder_fraction=100.0000%, Lmin=-70725.02, Lmax=-70655.54
11:29:36 [ultranest] [DEBUG] iteration=2480, ncalls=4848, regioncalls=179080, ndraw=40, logz=-70734.47, remainder_fraction=100.0000%, Lmin=-70723.66, Lmax=-70655.54
11:29:36 [ultranest] [DEBUG] iteration=2506, ncalls=4888, regioncalls=180680, ndraw=40, logz=-70731.11, remainder_fraction=100.0000%, Lmin=-70720.21, Lmax=-70655.54
11:29:36 [ultranest] [DEBUG] iteration=2520, ncalls=4912, regioncalls=181640, ndraw=40, logz=-70729.65, remainder_fraction=100.0000%, Lmin=-70718.79, Lmax=-70655.54
11:29:36 [ultranest] [DEBUG] iteration=2525, ncalls=4920, regioncalls=182000, ndraw=40, logz=-70729.13, remainder_fraction=100.0000%, Lmin=-70718.61, Lmax=-70655.54
11:29:36 [ultranest] [DEBUG] iteration=2551, ncalls=4959, regioncalls=183560, ndraw=40, logz=-70726.09, remainder_fraction=100.0000%, Lmin=-70715.23, Lmax=-70655.54
11:29:36 [ultranest] [DEBUG] iteration=2560, ncalls=4980, regioncalls=184400, ndraw=40, logz=-70724.95, remainder_fraction=100.0000%, Lmin=-70713.72, Lmax=-70655.54
11:29:36 [ultranest] [DEBUG] iteration=2586, ncalls=5019, regioncalls=185960, ndraw=40, logz=-70721.43, remainder_fraction=100.0000%, Lmin=-70710.53, Lmax=-70655.54
11:29:36 [ultranest] [DEBUG] iteration=2600, ncalls=5042, regioncalls=186880, ndraw=40, logz=-70719.97, remainder_fraction=100.0000%, Lmin=-70708.76, Lmax=-70655.54
11:29:36 [ultranest] [DEBUG] iteration=2605, ncalls=5050, regioncalls=187240, ndraw=40, logz=-70719.17, remainder_fraction=100.0000%, Lmin=-70707.96, Lmax=-70655.54
11:29:36 [ultranest] [DEBUG] iteration=2626, ncalls=5092, regioncalls=188920, ndraw=40, logz=-70716.89, remainder_fraction=100.0000%, Lmin=-70705.93, Lmax=-70655.54
11:29:36 [ultranest] [DEBUG] iteration=2640, ncalls=5112, regioncalls=189720, ndraw=40, logz=-70715.63, remainder_fraction=100.0000%, Lmin=-70704.67, Lmax=-70655.54
11:29:36 [ultranest] [DEBUG] iteration=2667, ncalls=5153, regioncalls=191360, ndraw=40, logz=-70713.22, remainder_fraction=100.0000%, Lmin=-70701.91, Lmax=-70655.54
11:29:36 [ultranest] [DEBUG] iteration=2680, ncalls=5175, regioncalls=192240, ndraw=40, logz=-70711.70, remainder_fraction=100.0000%, Lmin=-70700.62, Lmax=-70654.44
11:29:36 [ultranest] [DEBUG] iteration=2685, ncalls=5198, regioncalls=193200, ndraw=40, logz=-70711.28, remainder_fraction=100.0000%, Lmin=-70700.40, Lmax=-70654.44
11:29:37 [ultranest] [DEBUG] iteration=2713, ncalls=5237, regioncalls=194760, ndraw=40, logz=-70709.49, remainder_fraction=100.0000%, Lmin=-70698.64, Lmax=-70654.44
11:29:37 [ultranest] [DEBUG] iteration=2720, ncalls=5249, regioncalls=195240, ndraw=40, logz=-70708.98, remainder_fraction=100.0000%, Lmin=-70697.97, Lmax=-70654.44
11:29:37 [ultranest] [DEBUG] iteration=2746, ncalls=5288, regioncalls=196800, ndraw=40, logz=-70706.76, remainder_fraction=100.0000%, Lmin=-70695.51, Lmax=-70654.44
11:29:37 [ultranest] [DEBUG] iteration=2760, ncalls=5319, regioncalls=198040, ndraw=40, logz=-70705.41, remainder_fraction=100.0000%, Lmin=-70694.10, Lmax=-70654.44
11:29:37 [ultranest] [DEBUG] iteration=2765, ncalls=5324, regioncalls=198280, ndraw=40, logz=-70704.96, remainder_fraction=100.0000%, Lmin=-70693.73, Lmax=-70654.44
11:29:37 [ultranest] [DEBUG] iteration=2793, ncalls=5363, regioncalls=199920, ndraw=40, logz=-70702.95, remainder_fraction=100.0000%, Lmin=-70692.03, Lmax=-70654.44
11:29:37 [ultranest] [DEBUG] iteration=2800, ncalls=5372, regioncalls=200280, ndraw=40, logz=-70702.56, remainder_fraction=100.0000%, Lmin=-70691.73, Lmax=-70654.44
11:29:37 [ultranest] [DEBUG] iteration=2825, ncalls=5411, regioncalls=201840, ndraw=40, logz=-70700.93, remainder_fraction=100.0000%, Lmin=-70689.74, Lmax=-70654.30
11:29:37 [ultranest] [DEBUG] iteration=2840, ncalls=5444, regioncalls=203160, ndraw=40, logz=-70699.93, remainder_fraction=100.0000%, Lmin=-70688.71, Lmax=-70654.30
11:29:37 [ultranest] [DEBUG] iteration=2845, ncalls=5452, regioncalls=203520, ndraw=40, logz=-70699.61, remainder_fraction=100.0000%, Lmin=-70688.48, Lmax=-70654.30
11:29:37 [ultranest] [DEBUG] iteration=2874, ncalls=5490, regioncalls=205040, ndraw=40, logz=-70698.01, remainder_fraction=100.0000%, Lmin=-70686.96, Lmax=-70654.30
11:29:37 [ultranest] [DEBUG] iteration=2880, ncalls=5496, regioncalls=205280, ndraw=40, logz=-70697.68, remainder_fraction=100.0000%, Lmin=-70686.65, Lmax=-70654.30
11:29:37 [ultranest] [DEBUG] iteration=2908, ncalls=5534, regioncalls=206800, ndraw=40, logz=-70696.14, remainder_fraction=100.0000%, Lmin=-70684.67, Lmax=-70654.30
11:29:37 [ultranest] [DEBUG] iteration=2920, ncalls=5554, regioncalls=207600, ndraw=40, logz=-70695.22, remainder_fraction=100.0000%, Lmin=-70683.84, Lmax=-70654.30
11:29:37 [ultranest] [DEBUG] iteration=2925, ncalls=5562, regioncalls=207960, ndraw=40, logz=-70694.86, remainder_fraction=100.0000%, Lmin=-70683.21, Lmax=-70654.30
11:29:38 [ultranest] [DEBUG] iteration=2956, ncalls=5599, regioncalls=209440, ndraw=40, logz=-70692.81, remainder_fraction=100.0000%, Lmin=-70681.21, Lmax=-70654.30
11:29:38 [ultranest] [DEBUG] iteration=2960, ncalls=5606, regioncalls=209720, ndraw=40, logz=-70692.53, remainder_fraction=100.0000%, Lmin=-70680.99, Lmax=-70654.30
11:29:38 [ultranest] [DEBUG] iteration=2983, ncalls=5649, regioncalls=211560, ndraw=40, logz=-70691.13, remainder_fraction=100.0000%, Lmin=-70679.85, Lmax=-70654.30
11:29:38 [ultranest] [DEBUG] iteration=3000, ncalls=5672, regioncalls=212480, ndraw=40, logz=-70690.37, remainder_fraction=100.0000%, Lmin=-70679.23, Lmax=-70654.30
11:29:38 [ultranest] [DEBUG] iteration=3024, ncalls=5709, regioncalls=213960, ndraw=40, logz=-70689.53, remainder_fraction=100.0000%, Lmin=-70678.55, Lmax=-70654.30
11:29:38 [ultranest] [DEBUG] iteration=3040, ncalls=5736, regioncalls=215040, ndraw=40, logz=-70688.99, remainder_fraction=100.0000%, Lmin=-70677.80, Lmax=-70654.30
11:29:38 [ultranest] [DEBUG] iteration=3060, ncalls=5779, regioncalls=216760, ndraw=40, logz=-70688.20, remainder_fraction=100.0000%, Lmin=-70676.99, Lmax=-70654.30
11:29:38 [ultranest] [DEBUG] iteration=3078, ncalls=5822, regioncalls=218480, ndraw=40, logz=-70687.57, remainder_fraction=100.0000%, Lmin=-70676.41, Lmax=-70654.30
11:29:38 [ultranest] [DEBUG] iteration=3080, ncalls=5826, regioncalls=218640, ndraw=40, logz=-70687.50, remainder_fraction=100.0000%, Lmin=-70676.29, Lmax=-70654.30
11:29:38 [ultranest] [DEBUG] iteration=3085, ncalls=5831, regioncalls=218880, ndraw=40, logz=-70687.32, remainder_fraction=100.0000%, Lmin=-70675.97, Lmax=-70654.30
11:29:38 [ultranest] [DEBUG] iteration=3112, ncalls=5869, regioncalls=220440, ndraw=40, logz=-70686.44, remainder_fraction=100.0000%, Lmin=-70675.24, Lmax=-70654.30
11:29:38 [ultranest] [DEBUG] iteration=3120, ncalls=5879, regioncalls=220840, ndraw=40, logz=-70686.20, remainder_fraction=100.0000%, Lmin=-70675.10, Lmax=-70654.30
11:29:38 [ultranest] [DEBUG] iteration=3151, ncalls=5918, regioncalls=222400, ndraw=40, logz=-70684.88, remainder_fraction=100.0000%, Lmin=-70673.14, Lmax=-70654.30
11:29:38 [ultranest] [DEBUG] iteration=3160, ncalls=5933, regioncalls=223000, ndraw=40, logz=-70684.46, remainder_fraction=100.0000%, Lmin=-70672.81, Lmax=-70654.30
11:29:39 [ultranest] [DEBUG] iteration=3183, ncalls=5970, regioncalls=224480, ndraw=40, logz=-70683.65, remainder_fraction=100.0000%, Lmin=-70672.22, Lmax=-70654.30
11:29:39 [ultranest] [DEBUG] iteration=3200, ncalls=5999, regioncalls=225640, ndraw=40, logz=-70683.09, remainder_fraction=100.0000%, Lmin=-70671.55, Lmax=-70654.30
11:29:39 [ultranest] [DEBUG] iteration=3218, ncalls=6046, regioncalls=227520, ndraw=40, logz=-70682.49, remainder_fraction=100.0000%, Lmin=-70670.98, Lmax=-70654.30
11:29:39 [ultranest] [DEBUG] iteration=3234, ncalls=6089, regioncalls=229240, ndraw=40, logz=-70682.03, remainder_fraction=100.0000%, Lmin=-70670.70, Lmax=-70654.30
11:29:39 [ultranest] [DEBUG] iteration=3240, ncalls=6108, regioncalls=230000, ndraw=40, logz=-70681.86, remainder_fraction=100.0000%, Lmin=-70670.39, Lmax=-70654.30
11:29:39 [ultranest] [DEBUG] iteration=3258, ncalls=6147, regioncalls=231560, ndraw=40, logz=-70681.31, remainder_fraction=99.9999%, Lmin=-70669.69, Lmax=-70654.30
11:29:39 [ultranest] [DEBUG] iteration=3280, ncalls=6185, regioncalls=233080, ndraw=40, logz=-70680.62, remainder_fraction=99.9999%, Lmin=-70668.99, Lmax=-70654.30
11:29:39 [ultranest] [DEBUG] iteration=3300, ncalls=6230, regioncalls=234880, ndraw=40, logz=-70680.05, remainder_fraction=99.9998%, Lmin=-70668.51, Lmax=-70654.30
11:29:39 [ultranest] [DEBUG] iteration=3318, ncalls=6277, regioncalls=236760, ndraw=40, logz=-70679.54, remainder_fraction=99.9997%, Lmin=-70667.90, Lmax=-70654.30
11:29:39 [ultranest] [DEBUG] iteration=3320, ncalls=6282, regioncalls=236960, ndraw=40, logz=-70679.49, remainder_fraction=99.9997%, Lmin=-70667.85, Lmax=-70654.30
11:29:39 [ultranest] [DEBUG] iteration=3325, ncalls=6293, regioncalls=237440, ndraw=40, logz=-70679.35, remainder_fraction=99.9996%, Lmin=-70667.75, Lmax=-70654.30
11:29:39 [ultranest] [DEBUG] iteration=3349, ncalls=6338, regioncalls=239240, ndraw=40, logz=-70678.76, remainder_fraction=99.9993%, Lmin=-70667.28, Lmax=-70654.30
11:29:39 [ultranest] [DEBUG] iteration=3360, ncalls=6353, regioncalls=239840, ndraw=40, logz=-70678.53, remainder_fraction=99.9991%, Lmin=-70667.12, Lmax=-70654.30
11:29:40 [ultranest] [DEBUG] iteration=3383, ncalls=6395, regioncalls=241520, ndraw=40, logz=-70678.05, remainder_fraction=99.9985%, Lmin=-70666.48, Lmax=-70654.30
11:29:40 [ultranest] [DEBUG] iteration=3400, ncalls=6421, regioncalls=242560, ndraw=40, logz=-70677.69, remainder_fraction=99.9979%, Lmin=-70666.06, Lmax=-70654.30
11:29:40 [ultranest] [DEBUG] iteration=3405, ncalls=6432, regioncalls=243120, ndraw=40, logz=-70677.58, remainder_fraction=99.9976%, Lmin=-70665.94, Lmax=-70654.30
11:29:40 [ultranest] [DEBUG] iteration=3431, ncalls=6471, regioncalls=244680, ndraw=40, logz=-70676.99, remainder_fraction=99.9956%, Lmin=-70665.26, Lmax=-70654.30
11:29:40 [ultranest] [DEBUG] iteration=3440, ncalls=6492, regioncalls=245520, ndraw=40, logz=-70676.79, remainder_fraction=99.9944%, Lmin=-70665.04, Lmax=-70654.30
11:29:40 [ultranest] [DEBUG] iteration=3468, ncalls=6534, regioncalls=247200, ndraw=40, logz=-70676.23, remainder_fraction=99.9905%, Lmin=-70664.51, Lmax=-70654.30
11:29:40 [ultranest] [DEBUG] iteration=3480, ncalls=6557, regioncalls=248120, ndraw=40, logz=-70675.99, remainder_fraction=99.9880%, Lmin=-70664.27, Lmax=-70654.30
11:29:40 [ultranest] [DEBUG] iteration=3485, ncalls=6563, regioncalls=248400, ndraw=40, logz=-70675.90, remainder_fraction=99.9868%, Lmin=-70664.19, Lmax=-70654.30
11:29:40 [ultranest] [DEBUG] iteration=3510, ncalls=6606, regioncalls=250120, ndraw=40, logz=-70675.43, remainder_fraction=99.9791%, Lmin=-70663.64, Lmax=-70654.30
11:29:40 [ultranest] [DEBUG] iteration=3520, ncalls=6619, regioncalls=250640, ndraw=40, logz=-70675.25, remainder_fraction=99.9758%, Lmin=-70663.46, Lmax=-70654.29
11:29:40 [ultranest] [DEBUG] iteration=3543, ncalls=6659, regioncalls=252240, ndraw=40, logz=-70674.85, remainder_fraction=99.9649%, Lmin=-70663.12, Lmax=-70654.29
11:29:40 [ultranest] [DEBUG] iteration=3560, ncalls=6690, regioncalls=253480, ndraw=40, logz=-70674.59, remainder_fraction=99.9548%, Lmin=-70662.89, Lmax=-70654.29
11:29:40 [ultranest] [DEBUG] iteration=3583, ncalls=6729, regioncalls=255040, ndraw=40, logz=-70674.25, remainder_fraction=99.9366%, Lmin=-70662.45, Lmax=-70654.29
11:29:41 [ultranest] [DEBUG] iteration=3600, ncalls=6759, regioncalls=256240, ndraw=40, logz=-70674.00, remainder_fraction=99.9215%, Lmin=-70662.26, Lmax=-70654.29
11:29:41 [ultranest] [DEBUG] iteration=3625, ncalls=6799, regioncalls=257840, ndraw=40, logz=-70673.67, remainder_fraction=99.8902%, Lmin=-70661.92, Lmax=-70654.29
11:29:41 [ultranest] [DEBUG] iteration=3640, ncalls=6831, regioncalls=259120, ndraw=40, logz=-70673.47, remainder_fraction=99.8641%, Lmin=-70661.69, Lmax=-70654.29
11:29:41 [ultranest] [DEBUG] iteration=3645, ncalls=6843, regioncalls=259640, ndraw=40, logz=-70673.41, remainder_fraction=99.8574%, Lmin=-70661.58, Lmax=-70654.29
11:29:41 [ultranest] [DEBUG] iteration=3670, ncalls=6884, regioncalls=261280, ndraw=40, logz=-70673.11, remainder_fraction=99.7998%, Lmin=-70661.33, Lmax=-70654.29
11:29:41 [ultranest] [DEBUG] iteration=3680, ncalls=6899, regioncalls=261880, ndraw=40, logz=-70672.99, remainder_fraction=99.7734%, Lmin=-70661.24, Lmax=-70654.29
11:29:41 [ultranest] [DEBUG] iteration=3703, ncalls=6942, regioncalls=263600, ndraw=40, logz=-70672.73, remainder_fraction=99.7021%, Lmin=-70660.88, Lmax=-70654.29
11:29:41 [ultranest] [DEBUG] iteration=3720, ncalls=6973, regioncalls=264840, ndraw=40, logz=-70672.53, remainder_fraction=99.6390%, Lmin=-70660.73, Lmax=-70654.29
11:29:41 [ultranest] [DEBUG] iteration=3725, ncalls=6979, regioncalls=265160, ndraw=40, logz=-70672.48, remainder_fraction=99.6197%, Lmin=-70660.66, Lmax=-70654.29
11:29:41 [ultranest] [DEBUG] iteration=3755, ncalls=7019, regioncalls=266760, ndraw=40, logz=-70672.17, remainder_fraction=99.4582%, Lmin=-70660.28, Lmax=-70654.29
11:29:41 [ultranest] [DEBUG] iteration=3760, ncalls=7027, regioncalls=267080, ndraw=40, logz=-70672.12, remainder_fraction=99.4250%, Lmin=-70660.22, Lmax=-70654.29
11:29:41 [ultranest] [DEBUG] iteration=3781, ncalls=7068, regioncalls=268720, ndraw=40, logz=-70671.90, remainder_fraction=99.2805%, Lmin=-70660.02, Lmax=-70654.29
11:29:41 [ultranest] [DEBUG] iteration=3800, ncalls=7095, regioncalls=269800, ndraw=40, logz=-70671.73, remainder_fraction=99.1095%, Lmin=-70659.90, Lmax=-70654.29
11:29:41 [ultranest] [DEBUG] iteration=3805, ncalls=7104, regioncalls=270200, ndraw=40, logz=-70671.69, remainder_fraction=99.0727%, Lmin=-70659.88, Lmax=-70654.29
11:29:42 [ultranest] [DEBUG] iteration=3833, ncalls=7145, regioncalls=271840, ndraw=40, logz=-70671.45, remainder_fraction=98.8007%, Lmin=-70659.58, Lmax=-70654.29
11:29:42 [ultranest] [DEBUG] iteration=3840, ncalls=7159, regioncalls=272400, ndraw=40, logz=-70671.39, remainder_fraction=98.7152%, Lmin=-70659.49, Lmax=-70654.29
11:29:42 [ultranest] [DEBUG] iteration=3865, ncalls=7200, regioncalls=274040, ndraw=40, logz=-70671.19, remainder_fraction=98.4251%, Lmin=-70659.28, Lmax=-70654.29
11:29:42 [ultranest] [DEBUG] iteration=3880, ncalls=7229, regioncalls=275200, ndraw=40, logz=-70671.07, remainder_fraction=98.2390%, Lmin=-70659.17, Lmax=-70654.29
11:29:42 [ultranest] [DEBUG] iteration=3885, ncalls=7236, regioncalls=275520, ndraw=40, logz=-70671.04, remainder_fraction=98.1534%, Lmin=-70659.12, Lmax=-70654.29
11:29:42 [ultranest] [DEBUG] iteration=3911, ncalls=7276, regioncalls=277120, ndraw=40, logz=-70670.84, remainder_fraction=97.6938%, Lmin=-70658.89, Lmax=-70654.29
11:29:42 [ultranest] [DEBUG] iteration=3920, ncalls=7291, regioncalls=277720, ndraw=40, logz=-70670.78, remainder_fraction=97.5496%, Lmin=-70658.80, Lmax=-70654.29
11:29:42 [ultranest] [DEBUG] iteration=3939, ncalls=7333, regioncalls=279400, ndraw=40, logz=-70670.64, remainder_fraction=97.1409%, Lmin=-70658.58, Lmax=-70654.29
11:29:42 [ultranest] [DEBUG] iteration=3960, ncalls=7371, regioncalls=280920, ndraw=40, logz=-70670.49, remainder_fraction=96.6418%, Lmin=-70658.41, Lmax=-70654.29
11:29:42 [ultranest] [DEBUG] iteration=3978, ncalls=7413, regioncalls=282600, ndraw=40, logz=-70670.36, remainder_fraction=96.2421%, Lmin=-70658.30, Lmax=-70654.25
11:29:42 [ultranest] [DEBUG] iteration=3996, ncalls=7456, regioncalls=284320, ndraw=40, logz=-70670.24, remainder_fraction=95.6635%, Lmin=-70658.12, Lmax=-70654.25
11:29:42 [ultranest] [DEBUG] iteration=4000, ncalls=7465, regioncalls=284680, ndraw=40, logz=-70670.22, remainder_fraction=95.6095%, Lmin=-70658.08, Lmax=-70654.25
11:29:42 [ultranest] [DEBUG] iteration=4018, ncalls=7512, regioncalls=286560, ndraw=40, logz=-70670.10, remainder_fraction=95.0392%, Lmin=-70657.93, Lmax=-70654.25
11:29:43 [ultranest] [DEBUG] iteration=4040, ncalls=7551, regioncalls=288120, ndraw=40, logz=-70669.95, remainder_fraction=94.2995%, Lmin=-70657.73, Lmax=-70654.23
11:29:43 [ultranest] [DEBUG] iteration=4045, ncalls=7562, regioncalls=288600, ndraw=40, logz=-70669.92, remainder_fraction=94.1586%, Lmin=-70657.70, Lmax=-70654.23
11:29:43 [ultranest] [DEBUG] iteration=4076, ncalls=7599, regioncalls=290080, ndraw=40, logz=-70669.73, remainder_fraction=92.8595%, Lmin=-70657.51, Lmax=-70654.23
11:29:43 [ultranest] [DEBUG] iteration=4080, ncalls=7604, regioncalls=290280, ndraw=40, logz=-70669.70, remainder_fraction=92.6471%, Lmin=-70657.49, Lmax=-70654.23
11:29:43 [ultranest] [DEBUG] iteration=4108, ncalls=7642, regioncalls=291800, ndraw=40, logz=-70669.55, remainder_fraction=91.3501%, Lmin=-70657.34, Lmax=-70654.23
11:29:43 [ultranest] [DEBUG] iteration=4120, ncalls=7658, regioncalls=292440, ndraw=40, logz=-70669.48, remainder_fraction=90.7139%, Lmin=-70657.24, Lmax=-70654.23
11:29:43 [ultranest] [DEBUG] iteration=4125, ncalls=7664, regioncalls=292720, ndraw=40, logz=-70669.46, remainder_fraction=90.5003%, Lmin=-70657.20, Lmax=-70654.20
11:29:43 [ultranest] [DEBUG] iteration=4151, ncalls=7703, regioncalls=294280, ndraw=40, logz=-70669.32, remainder_fraction=89.0408%, Lmin=-70657.08, Lmax=-70654.20
11:29:43 [ultranest] [DEBUG] iteration=4160, ncalls=7714, regioncalls=294720, ndraw=40, logz=-70669.28, remainder_fraction=88.5586%, Lmin=-70657.04, Lmax=-70654.20
11:29:43 [ultranest] [DEBUG] iteration=4188, ncalls=7754, regioncalls=296320, ndraw=40, logz=-70669.15, remainder_fraction=86.8062%, Lmin=-70656.90, Lmax=-70654.20
11:29:43 [ultranest] [DEBUG] iteration=4200, ncalls=7774, regioncalls=297120, ndraw=40, logz=-70669.10, remainder_fraction=86.0745%, Lmin=-70656.86, Lmax=-70654.20
11:29:43 [ultranest] [DEBUG] iteration=4205, ncalls=7786, regioncalls=297640, ndraw=40, logz=-70669.08, remainder_fraction=85.8185%, Lmin=-70656.84, Lmax=-70654.20
11:29:43 [ultranest] [DEBUG] iteration=4234, ncalls=7824, regioncalls=299160, ndraw=40, logz=-70668.96, remainder_fraction=83.9829%, Lmin=-70656.66, Lmax=-70654.18
11:29:43 [ultranest] [DEBUG] iteration=4240, ncalls=7832, regioncalls=299480, ndraw=40, logz=-70668.93, remainder_fraction=83.6167%, Lmin=-70656.64, Lmax=-70654.18
11:29:43 [ultranest] [DEBUG] iteration=4266, ncalls=7873, regioncalls=301120, ndraw=40, logz=-70668.83, remainder_fraction=81.5541%, Lmin=-70656.54, Lmax=-70654.18
11:29:43 [ultranest] [DEBUG] iteration=4280, ncalls=7903, regioncalls=302320, ndraw=40, logz=-70668.78, remainder_fraction=80.4664%, Lmin=-70656.44, Lmax=-70654.18
11:29:44 [ultranest] [DEBUG] iteration=4300, ncalls=7941, regioncalls=303840, ndraw=40, logz=-70668.71, remainder_fraction=78.8602%, Lmin=-70656.35, Lmax=-70654.18
11:29:44 [ultranest] [DEBUG] iteration=4320, ncalls=7976, regioncalls=305240, ndraw=40, logz=-70668.63, remainder_fraction=77.2434%, Lmin=-70656.26, Lmax=-70654.18
11:29:44 [ultranest] [DEBUG] iteration=4344, ncalls=8016, regioncalls=306840, ndraw=40, logz=-70668.55, remainder_fraction=75.3721%, Lmin=-70656.18, Lmax=-70654.18
11:29:44 [ultranest] [DEBUG] iteration=4360, ncalls=8049, regioncalls=308160, ndraw=40, logz=-70668.50, remainder_fraction=74.1063%, Lmin=-70656.15, Lmax=-70654.18
11:29:44 [ultranest] [DEBUG] iteration=4365, ncalls=8056, regioncalls=308520, ndraw=40, logz=-70668.49, remainder_fraction=73.6469%, Lmin=-70656.14, Lmax=-70654.18
11:29:44 [ultranest] [DEBUG] iteration=4390, ncalls=8095, regioncalls=310080, ndraw=40, logz=-70668.42, remainder_fraction=71.4086%, Lmin=-70656.05, Lmax=-70654.18
11:29:44 [ultranest] [DEBUG] iteration=4400, ncalls=8110, regioncalls=310680, ndraw=40, logz=-70668.39, remainder_fraction=70.6584%, Lmin=-70656.03, Lmax=-70654.18
11:29:44 [ultranest] [DEBUG] iteration=4426, ncalls=8149, regioncalls=312240, ndraw=40, logz=-70668.32, remainder_fraction=68.5543%, Lmin=-70655.94, Lmax=-70654.18
11:29:44 [ultranest] [DEBUG] iteration=4440, ncalls=8176, regioncalls=313320, ndraw=40, logz=-70668.28, remainder_fraction=67.3838%, Lmin=-70655.91, Lmax=-70654.18
11:29:44 [ultranest] [DEBUG] iteration=4445, ncalls=8184, regioncalls=313720, ndraw=40, logz=-70668.27, remainder_fraction=66.9795%, Lmin=-70655.91, Lmax=-70654.18
11:29:44 [ultranest] [DEBUG] iteration=4473, ncalls=8221, regioncalls=315240, ndraw=40, logz=-70668.21, remainder_fraction=64.7661%, Lmin=-70655.80, Lmax=-70654.18
11:29:44 [ultranest] [DEBUG] iteration=4480, ncalls=8229, regioncalls=315600, ndraw=40, logz=-70668.19, remainder_fraction=64.0871%, Lmin=-70655.78, Lmax=-70654.18
11:29:44 [ultranest] [DEBUG] iteration=4505, ncalls=8269, regioncalls=317200, ndraw=40, logz=-70668.13, remainder_fraction=61.9050%, Lmin=-70655.69, Lmax=-70654.18
11:29:45 [ultranest] [DEBUG] iteration=4520, ncalls=8295, regioncalls=318240, ndraw=40, logz=-70668.10, remainder_fraction=60.7564%, Lmin=-70655.65, Lmax=-70654.18
11:29:45 [ultranest] [DEBUG] iteration=4525, ncalls=8302, regioncalls=318600, ndraw=40, logz=-70668.09, remainder_fraction=60.2726%, Lmin=-70655.64, Lmax=-70654.18
11:29:45 [ultranest] [DEBUG] iteration=4550, ncalls=8342, regioncalls=320200, ndraw=40, logz=-70668.04, remainder_fraction=58.2926%, Lmin=-70655.57, Lmax=-70654.17
11:29:45 [ultranest] [DEBUG] iteration=4560, ncalls=8354, regioncalls=320680, ndraw=40, logz=-70668.02, remainder_fraction=57.5214%, Lmin=-70655.52, Lmax=-70654.17
11:29:45 [ultranest] [DEBUG] iteration=4587, ncalls=8392, regioncalls=322200, ndraw=40, logz=-70667.97, remainder_fraction=55.2460%, Lmin=-70655.46, Lmax=-70654.17
11:29:45 [ultranest] [DEBUG] iteration=4600, ncalls=8407, regioncalls=322800, ndraw=40, logz=-70667.94, remainder_fraction=54.1197%, Lmin=-70655.43, Lmax=-70654.17
11:29:45 [ultranest] [DEBUG] iteration=4621, ncalls=8444, regioncalls=324280, ndraw=40, logz=-70667.91, remainder_fraction=52.6647%, Lmin=-70655.38, Lmax=-70654.17
11:29:45 [ultranest] [DEBUG] iteration=4640, ncalls=8472, regioncalls=325400, ndraw=40, logz=-70667.87, remainder_fraction=50.9719%, Lmin=-70655.34, Lmax=-70654.17
11:29:45 [ultranest] [DEBUG] iteration=4661, ncalls=8512, regioncalls=327000, ndraw=40, logz=-70667.84, remainder_fraction=49.2932%, Lmin=-70655.30, Lmax=-70654.17
11:29:45 [ultranest] [DEBUG] iteration=4680, ncalls=8554, regioncalls=328680, ndraw=40, logz=-70667.81, remainder_fraction=47.7453%, Lmin=-70655.25, Lmax=-70654.17
11:29:45 [ultranest] [DEBUG] iteration=4685, ncalls=8563, regioncalls=329080, ndraw=40, logz=-70667.80, remainder_fraction=47.3589%, Lmin=-70655.24, Lmax=-70654.17
11:29:45 [ultranest] [DEBUG] iteration=4709, ncalls=8604, regioncalls=330720, ndraw=40, logz=-70667.77, remainder_fraction=45.3588%, Lmin=-70655.18, Lmax=-70654.17
11:29:45 [ultranest] [DEBUG] iteration=4720, ncalls=8620, regioncalls=331360, ndraw=40, logz=-70667.75, remainder_fraction=44.4486%, Lmin=-70655.15, Lmax=-70654.17
11:29:45 [ultranest] [DEBUG] iteration=4743, ncalls=8661, regioncalls=333000, ndraw=40, logz=-70667.72, remainder_fraction=42.7440%, Lmin=-70655.10, Lmax=-70654.17
11:29:46 [ultranest] [DEBUG] iteration=4760, ncalls=8688, regioncalls=334080, ndraw=40, logz=-70667.70, remainder_fraction=41.2602%, Lmin=-70655.07, Lmax=-70654.17
11:29:46 [ultranest] [DEBUG] iteration=4765, ncalls=8694, regioncalls=334360, ndraw=40, logz=-70667.69, remainder_fraction=40.8926%, Lmin=-70655.05, Lmax=-70654.17
11:29:46 [ultranest] [DEBUG] iteration=4793, ncalls=8735, regioncalls=336000, ndraw=40, logz=-70667.66, remainder_fraction=38.8876%, Lmin=-70655.00, Lmax=-70654.17
11:29:46 [ultranest] [DEBUG] iteration=4800, ncalls=8744, regioncalls=336360, ndraw=40, logz=-70667.65, remainder_fraction=38.3476%, Lmin=-70654.99, Lmax=-70654.17
11:29:46 [ultranest] [DEBUG] iteration=4826, ncalls=8783, regioncalls=337920, ndraw=40, logz=-70667.62, remainder_fraction=36.4464%, Lmin=-70654.93, Lmax=-70654.17
11:29:46 [ultranest] [DEBUG] iteration=4840, ncalls=8805, regioncalls=338800, ndraw=40, logz=-70667.60, remainder_fraction=35.5261%, Lmin=-70654.92, Lmax=-70654.16
11:29:46 [ultranest] [DEBUG] iteration=4845, ncalls=8815, regioncalls=339240, ndraw=40, logz=-70667.60, remainder_fraction=35.1688%, Lmin=-70654.91, Lmax=-70654.16
11:29:46 [ultranest] [DEBUG] iteration=4874, ncalls=8851, regioncalls=340800, ndraw=40, logz=-70667.56, remainder_fraction=33.0959%, Lmin=-70654.86, Lmax=-70654.16
11:29:46 [ultranest] [DEBUG] iteration=4880, ncalls=8858, regioncalls=341160, ndraw=40, logz=-70667.56, remainder_fraction=32.6752%, Lmin=-70654.85, Lmax=-70654.16
11:29:46 [ultranest] [DEBUG] iteration=4902, ncalls=8899, regioncalls=342960, ndraw=40, logz=-70667.54, remainder_fraction=31.1162%, Lmin=-70654.81, Lmax=-70654.16
11:29:46 [ultranest] [DEBUG] iteration=4920, ncalls=8926, regioncalls=344040, ndraw=40, logz=-70667.52, remainder_fraction=29.9693%, Lmin=-70654.78, Lmax=-70654.16
11:29:46 [ultranest] [DEBUG] iteration=4944, ncalls=8962, regioncalls=345480, ndraw=40, logz=-70667.50, remainder_fraction=28.4256%, Lmin=-70654.76, Lmax=-70654.16
11:29:46 [ultranest] [DEBUG] iteration=4960, ncalls=8987, regioncalls=346480, ndraw=40, logz=-70667.48, remainder_fraction=27.5230%, Lmin=-70654.75, Lmax=-70654.16
11:29:46 [ultranest] [DEBUG] iteration=4979, ncalls=9030, regioncalls=348200, ndraw=40, logz=-70667.47, remainder_fraction=26.4396%, Lmin=-70654.73, Lmax=-70654.16
11:29:47 [ultranest] [DEBUG] iteration=5000, ncalls=9064, regioncalls=349560, ndraw=40, logz=-70667.45, remainder_fraction=25.1865%, Lmin=-70654.70, Lmax=-70654.16
11:29:47 [ultranest] [DEBUG] iteration=5005, ncalls=9072, regioncalls=349920, ndraw=40, logz=-70667.45, remainder_fraction=24.9058%, Lmin=-70654.70, Lmax=-70654.16
11:29:47 [ultranest] [DEBUG] iteration=5034, ncalls=9110, regioncalls=351440, ndraw=40, logz=-70667.43, remainder_fraction=23.3402%, Lmin=-70654.67, Lmax=-70654.16
11:29:47 [ultranest] [DEBUG] iteration=5040, ncalls=9120, regioncalls=351840, ndraw=40, logz=-70667.42, remainder_fraction=23.0283%, Lmin=-70654.66, Lmax=-70654.16
11:29:47 [ultranest] [DEBUG] iteration=5065, ncalls=9159, regioncalls=353400, ndraw=40, logz=-70667.41, remainder_fraction=21.7934%, Lmin=-70654.63, Lmax=-70654.15
11:29:47 [ultranest] [DEBUG] iteration=5080, ncalls=9184, regioncalls=354400, ndraw=40, logz=-70667.40, remainder_fraction=21.0151%, Lmin=-70654.62, Lmax=-70654.15
11:29:47 [ultranest] [DEBUG] iteration=5085, ncalls=9196, regioncalls=354960, ndraw=40, logz=-70667.40, remainder_fraction=20.7618%, Lmin=-70654.62, Lmax=-70654.15
11:29:47 [ultranest] [DEBUG] iteration=5114, ncalls=9233, regioncalls=356440, ndraw=40, logz=-70667.38, remainder_fraction=19.3637%, Lmin=-70654.59, Lmax=-70654.15
11:29:47 [ultranest] [DEBUG] iteration=5120, ncalls=9245, regioncalls=356920, ndraw=40, logz=-70667.38, remainder_fraction=19.0866%, Lmin=-70654.58, Lmax=-70654.15
11:29:47 [ultranest] [DEBUG] iteration=5144, ncalls=9284, regioncalls=358480, ndraw=40, logz=-70667.36, remainder_fraction=18.0209%, Lmin=-70654.56, Lmax=-70654.15
11:29:47 [ultranest] [DEBUG] iteration=5160, ncalls=9312, regioncalls=359600, ndraw=40, logz=-70667.35, remainder_fraction=17.3392%, Lmin=-70654.56, Lmax=-70654.15
11:29:47 [ultranest] [DEBUG] iteration=5180, ncalls=9349, regioncalls=361080, ndraw=40, logz=-70667.35, remainder_fraction=16.5215%, Lmin=-70654.55, Lmax=-70654.15
11:29:47 [ultranest] [DEBUG] iteration=5200, ncalls=9383, regioncalls=362440, ndraw=40, logz=-70667.34, remainder_fraction=15.7423%, Lmin=-70654.53, Lmax=-70654.15
11:29:47 [ultranest] [DEBUG] iteration=5221, ncalls=9425, regioncalls=364120, ndraw=40, logz=-70667.33, remainder_fraction=14.9641%, Lmin=-70654.51, Lmax=-70654.15
11:29:48 [ultranest] [DEBUG] iteration=5240, ncalls=9465, regioncalls=365720, ndraw=40, logz=-70667.32, remainder_fraction=14.2961%, Lmin=-70654.50, Lmax=-70654.15
11:29:48 [ultranest] [DEBUG] iteration=5258, ncalls=9503, regioncalls=367240, ndraw=40, logz=-70667.31, remainder_fraction=13.6721%, Lmin=-70654.49, Lmax=-70654.15
11:29:48 [ultranest] [DEBUG] iteration=5274, ncalls=9550, regioncalls=369120, ndraw=40, logz=-70667.31, remainder_fraction=13.1591%, Lmin=-70654.48, Lmax=-70654.15
11:29:48 [ultranest] [DEBUG] iteration=5280, ncalls=9560, regioncalls=369520, ndraw=40, logz=-70667.30, remainder_fraction=12.9703%, Lmin=-70654.47, Lmax=-70654.15
11:29:48 [ultranest] [DEBUG] iteration=5301, ncalls=9602, regioncalls=371200, ndraw=40, logz=-70667.30, remainder_fraction=12.3264%, Lmin=-70654.47, Lmax=-70654.15
11:29:48 [ultranest] [DEBUG] iteration=5317, ncalls=9645, regioncalls=372920, ndraw=40, logz=-70667.29, remainder_fraction=11.8496%, Lmin=-70654.45, Lmax=-70654.15
11:29:48 [ultranest] [DEBUG] iteration=5320, ncalls=9649, regioncalls=373080, ndraw=40, logz=-70667.29, remainder_fraction=11.7640%, Lmin=-70654.45, Lmax=-70654.15
11:29:48 [ultranest] [DEBUG] iteration=5325, ncalls=9671, regioncalls=374000, ndraw=40, logz=-70667.29, remainder_fraction=11.6187%, Lmin=-70654.45, Lmax=-70654.15
11:29:48 [ultranest] [DEBUG] iteration=5353, ncalls=9710, regioncalls=375560, ndraw=40, logz=-70667.28, remainder_fraction=10.8075%, Lmin=-70654.44, Lmax=-70654.15
11:29:48 [ultranest] [DEBUG] iteration=5360, ncalls=9722, regioncalls=376040, ndraw=40, logz=-70667.28, remainder_fraction=10.6169%, Lmin=-70654.43, Lmax=-70654.15
11:29:48 [ultranest] [DEBUG] iteration=5383, ncalls=9762, regioncalls=377640, ndraw=40, logz=-70667.27, remainder_fraction=10.0139%, Lmin=-70654.42, Lmax=-70654.15
11:29:48 [ultranest] [DEBUG] iteration=5400, ncalls=9789, regioncalls=378720, ndraw=40, logz=-70667.27, remainder_fraction=9.5926%, Lmin=-70654.42, Lmax=-70654.15
11:29:48 [ultranest] [DEBUG] iteration=5405, ncalls=9806, regioncalls=379480, ndraw=40, logz=-70667.26, remainder_fraction=9.4684%, Lmin=-70654.41, Lmax=-70654.15
11:29:49 [ultranest] [DEBUG] iteration=5436, ncalls=9843, regioncalls=380960, ndraw=40, logz=-70667.26, remainder_fraction=8.7537%, Lmin=-70654.40, Lmax=-70654.15
11:29:49 [ultranest] [DEBUG] iteration=5440, ncalls=9849, regioncalls=381200, ndraw=40, logz=-70667.26, remainder_fraction=8.6628%, Lmin=-70654.40, Lmax=-70654.15
11:29:49 [ultranest] [DEBUG] iteration=5462, ncalls=9890, regioncalls=382840, ndraw=40, logz=-70667.25, remainder_fraction=8.1976%, Lmin=-70654.39, Lmax=-70654.15
11:29:49 [ultranest] [DEBUG] iteration=5480, ncalls=9925, regioncalls=384240, ndraw=40, logz=-70667.25, remainder_fraction=7.8344%, Lmin=-70654.38, Lmax=-70654.15
11:29:49 [ultranest] [DEBUG] iteration=5485, ncalls=9934, regioncalls=384640, ndraw=40, logz=-70667.25, remainder_fraction=7.7316%, Lmin=-70654.38, Lmax=-70654.15
11:29:49 [ultranest] [DEBUG] iteration=5506, ncalls=9976, regioncalls=386320, ndraw=40, logz=-70667.24, remainder_fraction=7.3224%, Lmin=-70654.37, Lmax=-70654.15
11:29:49 [ultranest] [DEBUG] iteration=5520, ncalls=10007, regioncalls=387560, ndraw=40, logz=-70667.24, remainder_fraction=7.0639%, Lmin=-70654.37, Lmax=-70654.15
11:29:49 [ultranest] [DEBUG] iteration=5542, ncalls=10048, regioncalls=389200, ndraw=40, logz=-70667.23, remainder_fraction=6.6733%, Lmin=-70654.36, Lmax=-70654.15
11:29:49 [ultranest] [DEBUG] iteration=5560, ncalls=10089, regioncalls=390840, ndraw=40, logz=-70667.23, remainder_fraction=6.3772%, Lmin=-70654.35, Lmax=-70654.15
11:29:49 [ultranest] [DEBUG] iteration=5581, ncalls=10126, regioncalls=392320, ndraw=40, logz=-70667.23, remainder_fraction=6.0389%, Lmin=-70654.34, Lmax=-70654.15
11:29:49 [ultranest] [DEBUG] iteration=5600, ncalls=10166, regioncalls=393920, ndraw=40, logz=-70667.22, remainder_fraction=5.7516%, Lmin=-70654.33, Lmax=-70654.15
11:29:49 [ultranest] [DEBUG] iteration=5614, ncalls=10209, regioncalls=395640, ndraw=40, logz=-70667.22, remainder_fraction=5.5473%, Lmin=-70654.33, Lmax=-70654.15
11:29:50 [ultranest] [DEBUG] iteration=5632, ncalls=10257, regioncalls=397560, ndraw=40, logz=-70667.22, remainder_fraction=5.2947%, Lmin=-70654.32, Lmax=-70654.15
11:29:50 [ultranest] [DEBUG] iteration=5640, ncalls=10268, regioncalls=398000, ndraw=40, logz=-70667.22, remainder_fraction=5.1862%, Lmin=-70654.32, Lmax=-70654.15
11:29:50 [ultranest] [DEBUG] iteration=5645, ncalls=10281, regioncalls=398560, ndraw=40, logz=-70667.22, remainder_fraction=5.1224%, Lmin=-70654.32, Lmax=-70654.15
11:29:50 [ultranest] [DEBUG] iteration=5675, ncalls=10318, regioncalls=400040, ndraw=40, logz=-70667.21, remainder_fraction=4.7315%, Lmin=-70654.30, Lmax=-70654.15
11:29:50 [ultranest] [DEBUG] iteration=5680, ncalls=10328, regioncalls=400440, ndraw=40, logz=-70667.21, remainder_fraction=4.6712%, Lmin=-70654.30, Lmax=-70654.15
11:29:50 [ultranest] [DEBUG] iteration=5704, ncalls=10368, regioncalls=402040, ndraw=40, logz=-70667.21, remainder_fraction=4.3847%, Lmin=-70654.29, Lmax=-70654.15
11:29:50 [ultranest] [DEBUG] iteration=5720, ncalls=10394, regioncalls=403080, ndraw=40, logz=-70667.21, remainder_fraction=4.2020%, Lmin=-70654.29, Lmax=-70654.15
11:29:50 [ultranest] [DEBUG] iteration=5725, ncalls=10401, regioncalls=403400, ndraw=40, logz=-70667.21, remainder_fraction=4.1471%, Lmin=-70654.29, Lmax=-70654.15
11:29:50 [ultranest] [DEBUG] iteration=5747, ncalls=10440, regioncalls=405040, ndraw=40, logz=-70667.20, remainder_fraction=3.9080%, Lmin=-70654.28, Lmax=-70654.15
11:29:50 [ultranest] [DEBUG] iteration=5760, ncalls=10461, regioncalls=405880, ndraw=40, logz=-70667.20, remainder_fraction=3.7759%, Lmin=-70654.28, Lmax=-70654.15
11:29:50 [ultranest] [DEBUG] iteration=5786, ncalls=10500, regioncalls=407440, ndraw=40, logz=-70667.20, remainder_fraction=3.5215%, Lmin=-70654.27, Lmax=-70654.15
11:29:50 [ultranest] [DEBUG] iteration=5800, ncalls=10530, regioncalls=408640, ndraw=40, logz=-70667.20, remainder_fraction=3.3913%, Lmin=-70654.27, Lmax=-70654.15
11:29:50 [ultranest] [DEBUG] iteration=5821, ncalls=10568, regioncalls=410160, ndraw=40, logz=-70667.20, remainder_fraction=3.2057%, Lmin=-70654.26, Lmax=-70654.15
11:29:51 [ultranest] [DEBUG] iteration=5840, ncalls=10608, regioncalls=411760, ndraw=40, logz=-70667.20, remainder_fraction=3.0457%, Lmin=-70654.26, Lmax=-70654.15
11:29:51 [ultranest] [DEBUG] iteration=5857, ncalls=10652, regioncalls=413520, ndraw=40, logz=-70667.19, remainder_fraction=2.9080%, Lmin=-70654.25, Lmax=-70654.15
11:29:51 [ultranest] [DEBUG] iteration=5874, ncalls=10696, regioncalls=415280, ndraw=40, logz=-70667.19, remainder_fraction=2.7776%, Lmin=-70654.25, Lmax=-70654.15
11:29:51 [ultranest] [DEBUG] iteration=5880, ncalls=10710, regioncalls=415840, ndraw=40, logz=-70667.19, remainder_fraction=2.7324%, Lmin=-70654.25, Lmax=-70654.15
11:29:51 [ultranest] [DEBUG] iteration=5885, ncalls=10720, regioncalls=416360, ndraw=40, logz=-70667.19, remainder_fraction=2.6956%, Lmin=-70654.25, Lmax=-70654.15
11:29:51 [ultranest] [DEBUG] iteration=5913, ncalls=10758, regioncalls=417880, ndraw=40, logz=-70667.19, remainder_fraction=2.4998%, Lmin=-70654.24, Lmax=-70654.15
11:29:51 [ultranest] [DEBUG] iteration=5920, ncalls=10769, regioncalls=418320, ndraw=40, logz=-70667.19, remainder_fraction=2.4527%, Lmin=-70654.24, Lmax=-70654.15
11:29:51 [ultranest] [DEBUG] iteration=5946, ncalls=10808, regioncalls=419880, ndraw=40, logz=-70667.19, remainder_fraction=2.2857%, Lmin=-70654.24, Lmax=-70654.15
11:29:51 [ultranest] [DEBUG] iteration=5960, ncalls=10832, regioncalls=420840, ndraw=40, logz=-70667.19, remainder_fraction=2.2006%, Lmin=-70654.24, Lmax=-70654.15
11:29:51 [ultranest] [DEBUG] iteration=5965, ncalls=10839, regioncalls=421160, ndraw=40, logz=-70667.19, remainder_fraction=2.1708%, Lmin=-70654.24, Lmax=-70654.15
11:29:51 [ultranest] [DEBUG] iteration=5992, ncalls=10877, regioncalls=422680, ndraw=40, logz=-70667.18, remainder_fraction=2.0188%, Lmin=-70654.23, Lmax=-70654.15
11:29:51 [ultranest] [DEBUG] iteration=6000, ncalls=10892, regioncalls=423280, ndraw=40, logz=-70667.18, remainder_fraction=1.9753%, Lmin=-70654.23, Lmax=-70654.15
11:29:51 [ultranest] [DEBUG] iteration=6026, ncalls=10930, regioncalls=424840, ndraw=40, logz=-70667.18, remainder_fraction=1.8405%, Lmin=-70654.22, Lmax=-70654.15
11:29:51 [ultranest] [DEBUG] iteration=6040, ncalls=10952, regioncalls=425800, ndraw=40, logz=-70667.18, remainder_fraction=1.7720%, Lmin=-70654.22, Lmax=-70654.15
11:29:51 [ultranest] [DEBUG] iteration=6045, ncalls=10960, regioncalls=426160, ndraw=40, logz=-70667.18, remainder_fraction=1.7476%, Lmin=-70654.22, Lmax=-70654.15
11:29:52 [ultranest] [DEBUG] iteration=6071, ncalls=10998, regioncalls=427680, ndraw=40, logz=-70667.18, remainder_fraction=1.6269%, Lmin=-70654.22, Lmax=-70654.15
11:29:52 [ultranest] [DEBUG] iteration=6080, ncalls=11007, regioncalls=428040, ndraw=40, logz=-70667.18, remainder_fraction=1.5873%, Lmin=-70654.22, Lmax=-70654.15
11:29:52 [ultranest] [DEBUG] iteration=6109, ncalls=11044, regioncalls=429520, ndraw=40, logz=-70667.18, remainder_fraction=1.4664%, Lmin=-70654.21, Lmax=-70654.15
11:29:52 [ultranest] [DEBUG] iteration=6120, ncalls=11057, regioncalls=430040, ndraw=40, logz=-70667.18, remainder_fraction=1.4229%, Lmin=-70654.21, Lmax=-70654.15
11:29:52 [ultranest] [DEBUG] iteration=6138, ncalls=11095, regioncalls=431560, ndraw=40, logz=-70667.18, remainder_fraction=1.3542%, Lmin=-70654.21, Lmax=-70654.15
11:29:52 [ultranest] [DEBUG] iteration=6160, ncalls=11133, regioncalls=433080, ndraw=40, logz=-70667.18, remainder_fraction=1.2749%, Lmin=-70654.21, Lmax=-70654.15
11:29:52 [ultranest] [DEBUG] iteration=6182, ncalls=11173, regioncalls=434680, ndraw=40, logz=-70667.18, remainder_fraction=1.2002%, Lmin=-70654.20, Lmax=-70654.15
11:29:52 [ultranest] [DEBUG] iteration=6200, ncalls=11203, regioncalls=435880, ndraw=40, logz=-70667.18, remainder_fraction=1.1422%, Lmin=-70654.20, Lmax=-70654.15
11:29:52 [ultranest] [DEBUG] iteration=6205, ncalls=11212, regioncalls=436320, ndraw=40, logz=-70667.18, remainder_fraction=1.1267%, Lmin=-70654.20, Lmax=-70654.15
11:29:52 [ultranest] [DEBUG] iteration=6230, ncalls=11251, regioncalls=437880, ndraw=40, logz=-70667.18, remainder_fraction=1.0517%, Lmin=-70654.20, Lmax=-70654.15
11:29:52 [ultranest] [DEBUG] iteration=6240, ncalls=11262, regioncalls=438320, ndraw=40, logz=-70667.17, remainder_fraction=1.0230%, Lmin=-70654.20, Lmax=-70654.15
11:29:52 [ultranest] [INFO] Explored until L=-7e+04  
11:29:52 [ultranest] [INFO] Likelihood function evaluations: 11273
11:29:54 [ultranest] [INFO] Writing samples and results to disk ...
11:29:54 [ultranest] [INFO] Writing samples and results to disk ... done
11:29:54 [ultranest] [DEBUG] did a run_iter pass!
11:29:54 [ultranest] [INFO]   logZ = -7.067e+04 +- 0.1215
11:29:54 [ultranest] [INFO] Effective samples strategy satisfied (ESS = 1683.6, need >400)
11:29:54 [ultranest] [INFO] Posterior uncertainty strategy is satisfied (KL: 0.47+-0.08 nat, need <0.50 nat)
11:29:54 [ultranest] [INFO] Evidency uncertainty strategy is satisfied (dlogz=0.12, need <0.5)
11:29:54 [ultranest] [INFO]   logZ error budget: single: 0.18 bs:0.12 tail:0.01 total:0.12 required:<0.50
11:29:54 [ultranest] [INFO] done iterating.
11:29:54 [ultranest] [DEBUG] Making corner plot ...
11:29:55 [ultranest] [DEBUG] Making corner plot ... done
11:29:55 [ultranest] [DEBUG] Making run plot ... 
11:29:55 [ultranest] [DEBUG] Making run plot ... done
11:29:55 [ultranest] [DEBUG] Making trace plot ... 
11:29:56 [ultranest] [DEBUG] Making trace plot ... done
