11:29:59 [ultranest] [DEBUG] ReactiveNestedSampler: dims=3+0, resume=False, log_dir=./m-values/N16/S32/M16/T029/P025/NF3/sample_rho, backend=hdf5, vectorized=False, nbootstraps=30, ndraw=128..65536
11:29:59 [ultranest] [INFO] Sampling 400 live points from prior ...
11:30:00 [ultranest] [DEBUG] run_iter dlogz=0.5, dKL=0.5, frac_remain=0.01, Lepsilon=0.0010, min_ess=400
11:30:00 [ultranest] [DEBUG] max_iters=-1, max_ncalls=-1, max_num_improvement_loops=-1, min_num_live_points=400, cluster_num_live_points=40
11:30:00 [ultranest] [DEBUG] minimal_widths_sequence: [(-inf, 400.0), (inf, 400.0)]
11:30:00 [ultranest] [DEBUG] Plateau detected at L=-9.037186e+06, not replacing live point.
11:30:00 [ultranest] [DEBUG] Plateau detected at L=-9.037186e+06, not replacing live point.
11:30:00 [ultranest] [DEBUG] Plateau detected at L=-9.037186e+06, not replacing live point.
11:30:00 [ultranest] [DEBUG] Plateau detected at L=-9.037186e+06, not replacing live point.
11:30:00 [ultranest] [DEBUG] Plateau detected at L=-9.037186e+06, not replacing live point.
11:30:00 [ultranest] [DEBUG] Plateau detected at L=-9.037186e+06, not replacing live point.
11:30:00 [ultranest] [DEBUG] Plateau detected at L=-9.037186e+06, not replacing live point.
11:30:00 [ultranest] [DEBUG] Plateau detected at L=-9.037186e+06, not replacing live point.
11:30:00 [ultranest] [DEBUG] Plateau detected at L=-9.037186e+06, not replacing live point.
11:30:00 [ultranest] [DEBUG] Plateau detected at L=-9.037186e+06, not replacing live point.
11:30:00 [ultranest] [DEBUG] Plateau detected at L=-9.037186e+06, not replacing live point.
11:30:00 [ultranest] [DEBUG] Plateau detected at L=-9.037186e+06, not replacing live point.
11:30:00 [ultranest] [DEBUG] Plateau detected at L=-9.037186e+06, not replacing live point.
11:30:00 [ultranest] [DEBUG] Plateau detected at L=-9.037186e+06, not replacing live point.
11:30:00 [ultranest] [DEBUG] Plateau detected at L=-9.037186e+06, not replacing live point.
11:30:00 [ultranest] [DEBUG] Plateau detected at L=-9.037186e+06, not replacing live point.
11:30:00 [ultranest] [DEBUG] Plateau detected at L=-9.037186e+06, not replacing live point.
11:30:00 [ultranest] [DEBUG] Plateau detected at L=-9.037186e+06, not replacing live point.
11:30:00 [ultranest] [DEBUG] Plateau detected at L=-9.037186e+06, not replacing live point.
11:30:00 [ultranest] [DEBUG] Plateau detected at L=-9.037186e+06, not replacing live point.
11:30:00 [ultranest] [DEBUG] Plateau detected at L=-9.037186e+06, not replacing live point.
11:30:00 [ultranest] [DEBUG] Plateau detected at L=-9.037186e+06, not replacing live point.
11:30:00 [ultranest] [DEBUG] Plateau detected at L=-9.037186e+06, not replacing live point.
11:30:00 [ultranest] [DEBUG] Plateau detected at L=-9.037186e+06, not replacing live point.
11:30:00 [ultranest] [DEBUG] Plateau detected at L=-9.037186e+06, not replacing live point.
11:30:00 [ultranest] [DEBUG] Plateau detected at L=-9.037186e+06, not replacing live point.
11:30:00 [ultranest] [DEBUG] Plateau detected at L=-9.037186e+06, not replacing live point.
11:30:00 [ultranest] [DEBUG] Plateau detected at L=-9.037186e+06, not replacing live point.
11:30:00 [ultranest] [DEBUG] Plateau detected at L=-9.037186e+06, not replacing live point.
11:30:00 [ultranest] [DEBUG] Plateau detected at L=-9.037186e+06, not replacing live point.
11:30:00 [ultranest] [DEBUG] Plateau detected at L=-9.037186e+06, not replacing live point.
11:30:00 [ultranest] [DEBUG] Plateau detected at L=-9.037186e+06, not replacing live point.
11:30:00 [ultranest] [DEBUG] Plateau detected at L=-9.037186e+06, not replacing live point.
11:30:00 [ultranest] [DEBUG] Plateau detected at L=-9.037186e+06, not replacing live point.
11:30:00 [ultranest] [DEBUG] Plateau detected at L=-9.037186e+06, not replacing live point.
11:30:00 [ultranest] [DEBUG] Plateau detected at L=-9.037186e+06, not replacing live point.
11:30:00 [ultranest] [DEBUG] Plateau detected at L=-9.037186e+06, not replacing live point.
11:30:00 [ultranest] [DEBUG] Plateau detected at L=-9.037186e+06, not replacing live point.
11:30:00 [ultranest] [DEBUG] Plateau detected at L=-9.037186e+06, not replacing live point.
11:30:00 [ultranest] [DEBUG] Plateau detected at L=-9.037186e+06, not replacing live point.
11:30:00 [ultranest] [DEBUG] Plateau detected at L=-9.037186e+06, not replacing live point.
11:30:00 [ultranest] [DEBUG] Plateau detected at L=-9.037186e+06, not replacing live point.
11:30:00 [ultranest] [DEBUG] Plateau detected at L=-9.037186e+06, not replacing live point.
11:30:00 [ultranest] [DEBUG] Plateau detected at L=-9.037186e+06, not replacing live point.
11:30:00 [ultranest] [DEBUG] Plateau detected at L=-9.037186e+06, not replacing live point.
11:30:00 [ultranest] [DEBUG] Plateau detected at L=-9.037186e+06, not replacing live point.
11:30:00 [ultranest] [DEBUG] Plateau detected at L=-9.037186e+06, not replacing live point.
11:30:00 [ultranest] [DEBUG] Plateau detected at L=-9.037186e+06, not replacing live point.
11:30:00 [ultranest] [DEBUG] Plateau detected at L=-9.037186e+06, not replacing live point.
11:30:00 [ultranest] [DEBUG] Plateau detected at L=-9.037186e+06, not replacing live point.
11:30:00 [ultranest] [DEBUG] Plateau detected at L=-9.037186e+06, not replacing live point.
11:30:00 [ultranest] [DEBUG] Plateau detected at L=-9.037186e+06, not replacing live point.
11:30:00 [ultranest] [DEBUG] Plateau detected at L=-9.037186e+06, not replacing live point.
11:30:00 [ultranest] [DEBUG] Plateau detected at L=-9.037186e+06, not replacing live point.
11:30:00 [ultranest] [DEBUG] Plateau detected at L=-9.037186e+06, not replacing live point.
11:30:00 [ultranest] [DEBUG] Plateau detected at L=-9.037186e+06, not replacing live point.
11:30:00 [ultranest] [DEBUG] Plateau detected at L=-9.037186e+06, not replacing live point.
11:30:00 [ultranest] [DEBUG] Plateau detected at L=-9.037186e+06, not replacing live point.
11:30:00 [ultranest] [DEBUG] Plateau detected at L=-9.037186e+06, not replacing live point.
11:30:00 [ultranest] [DEBUG] iteration=59, ncalls=401, regioncalls=40, ndraw=40, logz=-9037187.89, remainder_fraction=100.0000%, Lmin=-9037185.97, Lmax=-69362.58
11:30:00 [ultranest] [DEBUG] iteration=80, ncalls=423, regioncalls=920, ndraw=40, logz=-85867.98, remainder_fraction=100.0000%, Lmin=-85745.48, Lmax=-69362.58
11:30:00 [ultranest] [DEBUG] iteration=110, ncalls=462, regioncalls=2480, ndraw=40, logz=-83056.31, remainder_fraction=100.0000%, Lmin=-82908.18, Lmax=-69362.58
11:30:00 [ultranest] [DEBUG] iteration=120, ncalls=473, regioncalls=2920, ndraw=40, logz=-82103.98, remainder_fraction=100.0000%, Lmin=-82026.90, Lmax=-69362.58
11:30:00 [ultranest] [DEBUG] iteration=136, ncalls=495, regioncalls=3800, ndraw=40, logz=-81174.52, remainder_fraction=100.0000%, Lmin=-81032.53, Lmax=-69362.58
11:30:00 [ultranest] [DEBUG] iteration=160, ncalls=525, regioncalls=5000, ndraw=40, logz=-79874.73, remainder_fraction=100.0000%, Lmin=-79866.81, Lmax=-69362.58
11:30:01 [ultranest] [DEBUG] iteration=190, ncalls=564, regioncalls=6560, ndraw=40, logz=-78516.80, remainder_fraction=100.0000%, Lmin=-78496.05, Lmax=-69362.58
11:30:01 [ultranest] [DEBUG] iteration=200, ncalls=580, regioncalls=7200, ndraw=40, logz=-78178.72, remainder_fraction=100.0000%, Lmin=-78154.15, Lmax=-69362.58
11:30:01 [ultranest] [DEBUG] iteration=223, ncalls=617, regioncalls=8680, ndraw=40, logz=-77384.05, remainder_fraction=100.0000%, Lmin=-77341.39, Lmax=-69362.58
11:30:01 [ultranest] [DEBUG] iteration=240, ncalls=640, regioncalls=9600, ndraw=40, logz=-76826.73, remainder_fraction=100.0000%, Lmin=-76818.89, Lmax=-69362.58
11:30:01 [ultranest] [DEBUG] iteration=265, ncalls=681, regioncalls=11240, ndraw=40, logz=-76119.79, remainder_fraction=100.0000%, Lmin=-76111.85, Lmax=-69362.58
11:30:01 [ultranest] [DEBUG] iteration=280, ncalls=704, regioncalls=12160, ndraw=40, logz=-75935.11, remainder_fraction=100.0000%, Lmin=-75919.67, Lmax=-69362.58
11:30:01 [ultranest] [DEBUG] iteration=301, ncalls=742, regioncalls=13680, ndraw=40, logz=-75494.10, remainder_fraction=100.0000%, Lmin=-75424.39, Lmax=-69362.58
11:30:01 [ultranest] [DEBUG] iteration=320, ncalls=769, regioncalls=14760, ndraw=40, logz=-75090.37, remainder_fraction=100.0000%, Lmin=-75080.26, Lmax=-69362.58
11:30:01 [ultranest] [DEBUG] iteration=347, ncalls=811, regioncalls=16440, ndraw=40, logz=-74719.39, remainder_fraction=100.0000%, Lmin=-74711.04, Lmax=-69362.58
11:30:01 [ultranest] [DEBUG] iteration=360, ncalls=833, regioncalls=17320, ndraw=40, logz=-74538.76, remainder_fraction=100.0000%, Lmin=-74527.96, Lmax=-69362.58
11:30:01 [ultranest] [DEBUG] iteration=367, ncalls=843, regioncalls=17720, ndraw=40, logz=-74408.92, remainder_fraction=100.0000%, Lmin=-74396.47, Lmax=-69362.58
11:30:01 [ultranest] [DEBUG] iteration=391, ncalls=884, regioncalls=19360, ndraw=40, logz=-74098.17, remainder_fraction=100.0000%, Lmin=-74090.72, Lmax=-69362.58
11:30:01 [ultranest] [DEBUG] iteration=400, ncalls=896, regioncalls=19840, ndraw=40, logz=-73996.92, remainder_fraction=100.0000%, Lmin=-73984.37, Lmax=-69362.58
11:30:02 [ultranest] [DEBUG] iteration=423, ncalls=937, regioncalls=21480, ndraw=40, logz=-73752.88, remainder_fraction=100.0000%, Lmin=-73745.08, Lmax=-69339.25
11:30:02 [ultranest] [DEBUG] iteration=440, ncalls=964, regioncalls=22560, ndraw=40, logz=-73540.77, remainder_fraction=100.0000%, Lmin=-73502.59, Lmax=-69339.25
11:30:02 [ultranest] [DEBUG] iteration=444, ncalls=970, regioncalls=22800, ndraw=40, logz=-73465.72, remainder_fraction=100.0000%, Lmin=-73451.86, Lmax=-69339.25
11:30:02 [ultranest] [DEBUG] iteration=470, ncalls=1011, regioncalls=24440, ndraw=40, logz=-73218.85, remainder_fraction=100.0000%, Lmin=-73196.99, Lmax=-69339.25
11:30:02 [ultranest] [DEBUG] iteration=480, ncalls=1030, regioncalls=25200, ndraw=40, logz=-73102.63, remainder_fraction=100.0000%, Lmin=-73094.55, Lmax=-69339.25
11:30:02 [ultranest] [DEBUG] iteration=506, ncalls=1070, regioncalls=26800, ndraw=40, logz=-72929.76, remainder_fraction=100.0000%, Lmin=-72920.87, Lmax=-69339.25
11:30:02 [ultranest] [DEBUG] iteration=520, ncalls=1090, regioncalls=27600, ndraw=40, logz=-72803.68, remainder_fraction=100.0000%, Lmin=-72795.97, Lmax=-69339.25
11:30:02 [ultranest] [DEBUG] iteration=541, ncalls=1128, regioncalls=29120, ndraw=40, logz=-72621.20, remainder_fraction=100.0000%, Lmin=-72574.57, Lmax=-69339.25
11:30:02 [ultranest] [DEBUG] iteration=560, ncalls=1159, regioncalls=30360, ndraw=40, logz=-72482.52, remainder_fraction=100.0000%, Lmin=-72463.64, Lmax=-69304.07
11:30:02 [ultranest] [DEBUG] iteration=582, ncalls=1201, regioncalls=32040, ndraw=40, logz=-72346.30, remainder_fraction=100.0000%, Lmin=-72336.94, Lmax=-69304.07
11:30:02 [ultranest] [DEBUG] iteration=598, ncalls=1234, regioncalls=33360, ndraw=40, logz=-72247.47, remainder_fraction=100.0000%, Lmin=-72234.75, Lmax=-69304.07
11:30:02 [ultranest] [DEBUG] iteration=600, ncalls=1237, regioncalls=33480, ndraw=40, logz=-72236.92, remainder_fraction=100.0000%, Lmin=-72222.92, Lmax=-69304.07
11:30:02 [ultranest] [DEBUG] iteration=622, ncalls=1278, regioncalls=35120, ndraw=40, logz=-72092.10, remainder_fraction=100.0000%, Lmin=-72082.93, Lmax=-69304.07
11:30:02 [ultranest] [DEBUG] iteration=640, ncalls=1314, regioncalls=36560, ndraw=40, logz=-71953.69, remainder_fraction=100.0000%, Lmin=-71941.72, Lmax=-69304.07
11:30:03 [ultranest] [DEBUG] iteration=667, ncalls=1354, regioncalls=38160, ndraw=40, logz=-71792.30, remainder_fraction=100.0000%, Lmin=-71783.20, Lmax=-69304.07
11:30:03 [ultranest] [DEBUG] iteration=680, ncalls=1384, regioncalls=39360, ndraw=40, logz=-71725.09, remainder_fraction=100.0000%, Lmin=-71711.17, Lmax=-69304.07
11:30:03 [ultranest] [DEBUG] iteration=703, ncalls=1425, regioncalls=41000, ndraw=40, logz=-71568.47, remainder_fraction=100.0000%, Lmin=-71554.39, Lmax=-69304.07
11:30:03 [ultranest] [DEBUG] iteration=720, ncalls=1451, regioncalls=42040, ndraw=40, logz=-71500.86, remainder_fraction=100.0000%, Lmin=-71492.41, Lmax=-69304.07
11:30:03 [ultranest] [DEBUG] iteration=745, ncalls=1493, regioncalls=43720, ndraw=40, logz=-71424.02, remainder_fraction=100.0000%, Lmin=-71412.38, Lmax=-69304.07
11:30:03 [ultranest] [DEBUG] iteration=752, ncalls=1507, regioncalls=44280, ndraw=40, logz=-71405.83, remainder_fraction=100.0000%, Lmin=-71391.06, Lmax=-69304.07
11:30:03 [ultranest] [DEBUG] iteration=760, ncalls=1526, regioncalls=45040, ndraw=40, logz=-71366.97, remainder_fraction=100.0000%, Lmin=-71351.09, Lmax=-69304.07
11:30:03 [ultranest] [DEBUG] iteration=780, ncalls=1572, regioncalls=46880, ndraw=40, logz=-71260.60, remainder_fraction=100.0000%, Lmin=-71240.59, Lmax=-69304.07
11:30:03 [ultranest] [DEBUG] iteration=800, ncalls=1614, regioncalls=48560, ndraw=40, logz=-71163.34, remainder_fraction=100.0000%, Lmin=-71154.50, Lmax=-69304.07
11:30:03 [ultranest] [DEBUG] iteration=819, ncalls=1662, regioncalls=50480, ndraw=40, logz=-71095.30, remainder_fraction=100.0000%, Lmin=-71086.16, Lmax=-69304.07
11:30:03 [ultranest] [DEBUG] iteration=829, ncalls=1680, regioncalls=51200, ndraw=40, logz=-71047.07, remainder_fraction=100.0000%, Lmin=-71038.07, Lmax=-69304.07
11:30:03 [ultranest] [DEBUG] iteration=840, ncalls=1697, regioncalls=51880, ndraw=40, logz=-71009.88, remainder_fraction=100.0000%, Lmin=-70998.55, Lmax=-69304.07
11:30:04 [ultranest] [DEBUG] iteration=861, ncalls=1739, regioncalls=53560, ndraw=40, logz=-70931.37, remainder_fraction=100.0000%, Lmin=-70922.32, Lmax=-69304.07
11:30:04 [ultranest] [DEBUG] iteration=880, ncalls=1768, regioncalls=54720, ndraw=40, logz=-70852.20, remainder_fraction=100.0000%, Lmin=-70837.23, Lmax=-69304.07
11:30:04 [ultranest] [DEBUG] iteration=900, ncalls=1811, regioncalls=56440, ndraw=40, logz=-70779.78, remainder_fraction=100.0000%, Lmin=-70770.75, Lmax=-69304.07
11:30:04 [ultranest] [DEBUG] iteration=920, ncalls=1849, regioncalls=57960, ndraw=40, logz=-70695.37, remainder_fraction=100.0000%, Lmin=-70686.51, Lmax=-69304.07
11:30:04 [ultranest] [DEBUG] iteration=940, ncalls=1892, regioncalls=59680, ndraw=40, logz=-70629.01, remainder_fraction=100.0000%, Lmin=-70619.67, Lmax=-69304.07
11:30:04 [ultranest] [DEBUG] iteration=960, ncalls=1929, regioncalls=61160, ndraw=40, logz=-70581.92, remainder_fraction=100.0000%, Lmin=-70568.50, Lmax=-69304.07
11:30:04 [ultranest] [DEBUG] iteration=979, ncalls=1975, regioncalls=63000, ndraw=40, logz=-70535.80, remainder_fraction=100.0000%, Lmin=-70526.99, Lmax=-69304.07
11:30:04 [ultranest] [DEBUG] iteration=983, ncalls=1982, regioncalls=63280, ndraw=40, logz=-70533.34, remainder_fraction=100.0000%, Lmin=-70518.00, Lmax=-69304.07
11:30:04 [ultranest] [DEBUG] iteration=1000, ncalls=2013, regioncalls=64520, ndraw=40, logz=-70505.18, remainder_fraction=100.0000%, Lmin=-70493.89, Lmax=-69304.07
11:30:04 [ultranest] [DEBUG] iteration=1019, ncalls=2057, regioncalls=66280, ndraw=40, logz=-70447.87, remainder_fraction=100.0000%, Lmin=-70432.26, Lmax=-69304.07
11:30:04 [ultranest] [DEBUG] iteration=1038, ncalls=2100, regioncalls=68000, ndraw=40, logz=-70394.92, remainder_fraction=100.0000%, Lmin=-70383.72, Lmax=-69304.07
11:30:04 [ultranest] [DEBUG] iteration=1040, ncalls=2102, regioncalls=68080, ndraw=40, logz=-70391.67, remainder_fraction=100.0000%, Lmin=-70382.66, Lmax=-69304.07
11:30:05 [ultranest] [DEBUG] iteration=1060, ncalls=2141, regioncalls=69680, ndraw=40, logz=-70330.76, remainder_fraction=100.0000%, Lmin=-70317.88, Lmax=-69304.07
11:30:05 [ultranest] [DEBUG] iteration=1080, ncalls=2176, regioncalls=71080, ndraw=40, logz=-70264.17, remainder_fraction=100.0000%, Lmin=-70250.80, Lmax=-69304.07
11:30:05 [ultranest] [DEBUG] iteration=1099, ncalls=2219, regioncalls=72800, ndraw=40, logz=-70231.45, remainder_fraction=100.0000%, Lmin=-70219.92, Lmax=-69304.07
11:30:05 [ultranest] [DEBUG] iteration=1119, ncalls=2260, regioncalls=74520, ndraw=40, logz=-70191.11, remainder_fraction=100.0000%, Lmin=-70178.13, Lmax=-69304.07
11:30:05 [ultranest] [DEBUG] iteration=1120, ncalls=2265, regioncalls=74720, ndraw=40, logz=-70187.21, remainder_fraction=100.0000%, Lmin=-70178.13, Lmax=-69304.07
11:30:05 [ultranest] [DEBUG] iteration=1137, ncalls=2301, regioncalls=76160, ndraw=40, logz=-70144.59, remainder_fraction=100.0000%, Lmin=-70131.79, Lmax=-69304.07
11:30:05 [ultranest] [DEBUG] iteration=1160, ncalls=2333, regioncalls=77520, ndraw=40, logz=-70097.63, remainder_fraction=100.0000%, Lmin=-70088.98, Lmax=-69304.07
11:30:05 [ultranest] [DEBUG] iteration=1181, ncalls=2375, regioncalls=79200, ndraw=40, logz=-70075.45, remainder_fraction=100.0000%, Lmin=-70060.05, Lmax=-69304.07
11:30:05 [ultranest] [DEBUG] iteration=1200, ncalls=2404, regioncalls=80360, ndraw=40, logz=-70031.74, remainder_fraction=100.0000%, Lmin=-70019.46, Lmax=-69304.07
11:30:05 [ultranest] [DEBUG] iteration=1214, ncalls=2425, regioncalls=81200, ndraw=40, logz=-70005.52, remainder_fraction=100.0000%, Lmin=-69995.86, Lmax=-69304.07
11:30:05 [ultranest] [DEBUG] iteration=1240, ncalls=2464, regioncalls=82800, ndraw=40, logz=-69985.87, remainder_fraction=100.0000%, Lmin=-69975.75, Lmax=-69304.07
11:30:05 [ultranest] [DEBUG] iteration=1268, ncalls=2506, regioncalls=84480, ndraw=40, logz=-69951.13, remainder_fraction=100.0000%, Lmin=-69940.33, Lmax=-69304.07
11:30:05 [ultranest] [DEBUG] iteration=1280, ncalls=2524, regioncalls=85200, ndraw=40, logz=-69936.38, remainder_fraction=100.0000%, Lmin=-69926.71, Lmax=-69304.07
11:30:06 [ultranest] [DEBUG] iteration=1297, ncalls=2563, regioncalls=86760, ndraw=40, logz=-69918.36, remainder_fraction=100.0000%, Lmin=-69909.78, Lmax=-69304.07
11:30:06 [ultranest] [DEBUG] iteration=1320, ncalls=2596, regioncalls=88080, ndraw=40, logz=-69896.67, remainder_fraction=100.0000%, Lmin=-69886.31, Lmax=-69297.38
11:30:06 [ultranest] [DEBUG] iteration=1338, ncalls=2638, regioncalls=89760, ndraw=40, logz=-69872.09, remainder_fraction=100.0000%, Lmin=-69861.72, Lmax=-69297.38
11:30:06 [ultranest] [DEBUG] iteration=1360, ncalls=2678, regioncalls=91360, ndraw=40, logz=-69846.66, remainder_fraction=100.0000%, Lmin=-69834.01, Lmax=-69297.38
11:30:06 [ultranest] [DEBUG] iteration=1368, ncalls=2688, regioncalls=91800, ndraw=40, logz=-69830.00, remainder_fraction=100.0000%, Lmin=-69819.38, Lmax=-69297.38
11:30:06 [ultranest] [DEBUG] iteration=1390, ncalls=2728, regioncalls=93400, ndraw=40, logz=-69802.66, remainder_fraction=100.0000%, Lmin=-69792.48, Lmax=-69297.38
11:30:06 [ultranest] [DEBUG] iteration=1400, ncalls=2741, regioncalls=93920, ndraw=40, logz=-69792.67, remainder_fraction=100.0000%, Lmin=-69783.25, Lmax=-69297.38
11:30:06 [ultranest] [DEBUG] iteration=1424, ncalls=2780, regioncalls=95480, ndraw=40, logz=-69766.69, remainder_fraction=100.0000%, Lmin=-69756.02, Lmax=-69297.38
11:30:06 [ultranest] [DEBUG] iteration=1440, ncalls=2819, regioncalls=97120, ndraw=40, logz=-69749.30, remainder_fraction=100.0000%, Lmin=-69739.70, Lmax=-69297.38
11:30:06 [ultranest] [DEBUG] iteration=1466, ncalls=2856, regioncalls=98600, ndraw=40, logz=-69728.93, remainder_fraction=100.0000%, Lmin=-69719.38, Lmax=-69297.38
11:30:06 [ultranest] [DEBUG] iteration=1480, ncalls=2876, regioncalls=99400, ndraw=40, logz=-69718.82, remainder_fraction=100.0000%, Lmin=-69708.80, Lmax=-69297.38
11:30:06 [ultranest] [DEBUG] iteration=1501, ncalls=2918, regioncalls=101080, ndraw=40, logz=-69704.60, remainder_fraction=100.0000%, Lmin=-69693.59, Lmax=-69297.38
11:30:07 [ultranest] [DEBUG] iteration=1520, ncalls=2953, regioncalls=102480, ndraw=40, logz=-69686.57, remainder_fraction=100.0000%, Lmin=-69676.56, Lmax=-69297.38
11:30:07 [ultranest] [DEBUG] iteration=1522, ncalls=2958, regioncalls=102680, ndraw=40, logz=-69685.39, remainder_fraction=100.0000%, Lmin=-69675.23, Lmax=-69297.38
11:30:07 [ultranest] [DEBUG] iteration=1543, ncalls=2999, regioncalls=104360, ndraw=40, logz=-69664.27, remainder_fraction=100.0000%, Lmin=-69653.80, Lmax=-69297.38
11:30:07 [ultranest] [DEBUG] iteration=1560, ncalls=3028, regioncalls=105520, ndraw=40, logz=-69652.33, remainder_fraction=100.0000%, Lmin=-69642.95, Lmax=-69297.38
11:30:07 [ultranest] [DEBUG] iteration=1583, ncalls=3069, regioncalls=107160, ndraw=40, logz=-69642.59, remainder_fraction=100.0000%, Lmin=-69632.27, Lmax=-69297.38
11:30:07 [ultranest] [DEBUG] iteration=1599, ncalls=3097, regioncalls=108360, ndraw=40, logz=-69627.98, remainder_fraction=100.0000%, Lmin=-69617.18, Lmax=-69297.38
11:30:07 [ultranest] [DEBUG] iteration=1600, ncalls=3099, regioncalls=108440, ndraw=40, logz=-69627.13, remainder_fraction=100.0000%, Lmin=-69617.18, Lmax=-69297.38
11:30:07 [ultranest] [DEBUG] iteration=1622, ncalls=3138, regioncalls=110080, ndraw=40, logz=-69613.16, remainder_fraction=100.0000%, Lmin=-69602.65, Lmax=-69297.38
11:30:07 [ultranest] [DEBUG] iteration=1640, ncalls=3180, regioncalls=111760, ndraw=40, logz=-69603.31, remainder_fraction=100.0000%, Lmin=-69593.27, Lmax=-69297.38
11:30:07 [ultranest] [DEBUG] iteration=1663, ncalls=3221, regioncalls=113400, ndraw=40, logz=-69588.99, remainder_fraction=100.0000%, Lmin=-69578.46, Lmax=-69297.38
11:30:07 [ultranest] [DEBUG] iteration=1676, ncalls=3242, regioncalls=114280, ndraw=40, logz=-69579.75, remainder_fraction=100.0000%, Lmin=-69569.40, Lmax=-69291.74
11:30:07 [ultranest] [DEBUG] iteration=1680, ncalls=3247, regioncalls=114480, ndraw=40, logz=-69575.66, remainder_fraction=100.0000%, Lmin=-69564.32, Lmax=-69291.74
11:30:07 [ultranest] [DEBUG] iteration=1698, ncalls=3273, regioncalls=115600, ndraw=40, logz=-69559.38, remainder_fraction=100.0000%, Lmin=-69548.88, Lmax=-69291.74
11:30:08 [ultranest] [DEBUG] iteration=1720, ncalls=3307, regioncalls=117040, ndraw=40, logz=-69548.98, remainder_fraction=100.0000%, Lmin=-69538.41, Lmax=-69291.74
11:30:08 [ultranest] [DEBUG] iteration=1738, ncalls=3351, regioncalls=118800, ndraw=40, logz=-69538.10, remainder_fraction=100.0000%, Lmin=-69527.62, Lmax=-69291.74
11:30:08 [ultranest] [DEBUG] iteration=1753, ncalls=3381, regioncalls=120040, ndraw=40, logz=-69532.11, remainder_fraction=100.0000%, Lmin=-69521.80, Lmax=-69291.74
11:30:08 [ultranest] [DEBUG] iteration=1760, ncalls=3394, regioncalls=120560, ndraw=40, logz=-69528.96, remainder_fraction=100.0000%, Lmin=-69519.11, Lmax=-69291.74
11:30:08 [ultranest] [DEBUG] iteration=1786, ncalls=3436, regioncalls=122240, ndraw=40, logz=-69517.50, remainder_fraction=100.0000%, Lmin=-69507.50, Lmax=-69291.74
11:30:08 [ultranest] [DEBUG] iteration=1800, ncalls=3460, regioncalls=123200, ndraw=40, logz=-69513.78, remainder_fraction=100.0000%, Lmin=-69504.26, Lmax=-69291.74
11:30:08 [ultranest] [DEBUG] iteration=1826, ncalls=3501, regioncalls=124840, ndraw=40, logz=-69505.93, remainder_fraction=100.0000%, Lmin=-69495.94, Lmax=-69291.74
11:30:08 [ultranest] [DEBUG] iteration=1840, ncalls=3533, regioncalls=126120, ndraw=40, logz=-69500.64, remainder_fraction=100.0000%, Lmin=-69490.22, Lmax=-69291.74
11:30:08 [ultranest] [DEBUG] iteration=1864, ncalls=3573, regioncalls=127720, ndraw=40, logz=-69486.90, remainder_fraction=100.0000%, Lmin=-69475.66, Lmax=-69291.74
11:30:08 [ultranest] [DEBUG] iteration=1880, ncalls=3599, regioncalls=128760, ndraw=40, logz=-69481.25, remainder_fraction=100.0000%, Lmin=-69471.23, Lmax=-69291.74
11:30:08 [ultranest] [DEBUG] iteration=1896, ncalls=3643, regioncalls=130520, ndraw=40, logz=-69478.31, remainder_fraction=100.0000%, Lmin=-69468.69, Lmax=-69291.74
11:30:08 [ultranest] [DEBUG] iteration=1914, ncalls=3685, regioncalls=132200, ndraw=40, logz=-69474.00, remainder_fraction=100.0000%, Lmin=-69463.65, Lmax=-69291.74
11:30:09 [ultranest] [DEBUG] iteration=1920, ncalls=3703, regioncalls=132920, ndraw=40, logz=-69472.44, remainder_fraction=100.0000%, Lmin=-69462.09, Lmax=-69291.74
11:30:09 [ultranest] [DEBUG] iteration=1936, ncalls=3749, regioncalls=134760, ndraw=40, logz=-69467.93, remainder_fraction=100.0000%, Lmin=-69457.62, Lmax=-69291.74
11:30:09 [ultranest] [DEBUG] iteration=1957, ncalls=3791, regioncalls=136440, ndraw=40, logz=-69460.84, remainder_fraction=100.0000%, Lmin=-69450.80, Lmax=-69291.74
11:30:09 [ultranest] [DEBUG] iteration=1960, ncalls=3796, regioncalls=136640, ndraw=40, logz=-69460.16, remainder_fraction=100.0000%, Lmin=-69449.79, Lmax=-69291.74
11:30:09 [ultranest] [DEBUG] iteration=1978, ncalls=3838, regioncalls=138320, ndraw=40, logz=-69450.25, remainder_fraction=100.0000%, Lmin=-69439.06, Lmax=-69290.37
11:30:09 [ultranest] [DEBUG] iteration=1984, ncalls=3850, regioncalls=138840, ndraw=40, logz=-69448.24, remainder_fraction=100.0000%, Lmin=-69437.93, Lmax=-69290.37
11:30:09 [ultranest] [DEBUG] iteration=2000, ncalls=3874, regioncalls=139800, ndraw=40, logz=-69443.05, remainder_fraction=100.0000%, Lmin=-69432.38, Lmax=-69290.37
11:30:09 [ultranest] [DEBUG] iteration=2023, ncalls=3915, regioncalls=141440, ndraw=40, logz=-69436.68, remainder_fraction=100.0000%, Lmin=-69426.43, Lmax=-69290.37
11:30:09 [ultranest] [DEBUG] iteration=2040, ncalls=3938, regioncalls=142360, ndraw=40, logz=-69432.91, remainder_fraction=100.0000%, Lmin=-69423.03, Lmax=-69290.37
11:30:09 [ultranest] [DEBUG] iteration=2059, ncalls=3981, regioncalls=144080, ndraw=40, logz=-69429.49, remainder_fraction=100.0000%, Lmin=-69419.52, Lmax=-69290.37
11:30:09 [ultranest] [DEBUG] iteration=2061, ncalls=3983, regioncalls=144200, ndraw=40, logz=-69429.22, remainder_fraction=100.0000%, Lmin=-69419.14, Lmax=-69290.37
11:30:09 [ultranest] [DEBUG] iteration=2080, ncalls=4017, regioncalls=145560, ndraw=40, logz=-69425.16, remainder_fraction=100.0000%, Lmin=-69414.82, Lmax=-69290.37
11:30:09 [ultranest] [DEBUG] iteration=2102, ncalls=4057, regioncalls=147160, ndraw=40, logz=-69420.71, remainder_fraction=100.0000%, Lmin=-69410.68, Lmax=-69290.37
11:30:09 [ultranest] [DEBUG] iteration=2120, ncalls=4089, regioncalls=148440, ndraw=40, logz=-69417.38, remainder_fraction=100.0000%, Lmin=-69406.79, Lmax=-69290.37
11:30:10 [ultranest] [DEBUG] iteration=2138, ncalls=4121, regioncalls=149760, ndraw=40, logz=-69413.69, remainder_fraction=100.0000%, Lmin=-69401.87, Lmax=-69290.37
11:30:10 [ultranest] [DEBUG] iteration=2160, ncalls=4152, regioncalls=151000, ndraw=40, logz=-69408.32, remainder_fraction=100.0000%, Lmin=-69397.51, Lmax=-69290.37
11:30:10 [ultranest] [DEBUG] iteration=2187, ncalls=4191, regioncalls=152560, ndraw=40, logz=-69403.08, remainder_fraction=100.0000%, Lmin=-69392.78, Lmax=-69290.37
11:30:10 [ultranest] [DEBUG] iteration=2200, ncalls=4216, regioncalls=153560, ndraw=40, logz=-69399.89, remainder_fraction=100.0000%, Lmin=-69389.21, Lmax=-69290.37
11:30:10 [ultranest] [DEBUG] iteration=2215, ncalls=4245, regioncalls=154760, ndraw=40, logz=-69396.32, remainder_fraction=100.0000%, Lmin=-69385.39, Lmax=-69290.37
11:30:10 [ultranest] [DEBUG] iteration=2240, ncalls=4277, regioncalls=156040, ndraw=40, logz=-69391.73, remainder_fraction=100.0000%, Lmin=-69380.81, Lmax=-69290.37
11:30:10 [ultranest] [DEBUG] iteration=2263, ncalls=4318, regioncalls=157680, ndraw=40, logz=-69387.00, remainder_fraction=100.0000%, Lmin=-69376.04, Lmax=-69290.37
11:30:10 [ultranest] [DEBUG] iteration=2280, ncalls=4351, regioncalls=159000, ndraw=40, logz=-69384.09, remainder_fraction=100.0000%, Lmin=-69372.91, Lmax=-69290.37
11:30:10 [ultranest] [DEBUG] iteration=2292, ncalls=4372, regioncalls=159880, ndraw=40, logz=-69382.10, remainder_fraction=100.0000%, Lmin=-69371.59, Lmax=-69290.37
11:30:10 [ultranest] [DEBUG] iteration=2320, ncalls=4405, regioncalls=161200, ndraw=40, logz=-69378.10, remainder_fraction=100.0000%, Lmin=-69367.24, Lmax=-69290.37
11:30:10 [ultranest] [DEBUG] iteration=2347, ncalls=4447, regioncalls=162880, ndraw=40, logz=-69374.78, remainder_fraction=100.0000%, Lmin=-69364.13, Lmax=-69290.37
11:30:10 [ultranest] [DEBUG] iteration=2360, ncalls=4470, regioncalls=163800, ndraw=40, logz=-69372.92, remainder_fraction=100.0000%, Lmin=-69362.36, Lmax=-69290.37
11:30:11 [ultranest] [DEBUG] iteration=2369, ncalls=4481, regioncalls=164280, ndraw=40, logz=-69372.06, remainder_fraction=100.0000%, Lmin=-69361.67, Lmax=-69290.37
11:30:11 [ultranest] [DEBUG] iteration=2393, ncalls=4522, regioncalls=165920, ndraw=40, logz=-69369.18, remainder_fraction=100.0000%, Lmin=-69358.48, Lmax=-69290.37
11:30:11 [ultranest] [DEBUG] iteration=2400, ncalls=4532, regioncalls=166320, ndraw=40, logz=-69368.51, remainder_fraction=100.0000%, Lmin=-69358.08, Lmax=-69290.37
11:30:11 [ultranest] [DEBUG] iteration=2424, ncalls=4573, regioncalls=167960, ndraw=40, logz=-69365.81, remainder_fraction=100.0000%, Lmin=-69354.46, Lmax=-69290.37
11:30:11 [ultranest] [DEBUG] iteration=2440, ncalls=4594, regioncalls=168800, ndraw=40, logz=-69363.52, remainder_fraction=100.0000%, Lmin=-69352.78, Lmax=-69290.37
11:30:11 [ultranest] [DEBUG] iteration=2459, ncalls=4634, regioncalls=170400, ndraw=40, logz=-69361.59, remainder_fraction=100.0000%, Lmin=-69350.59, Lmax=-69290.37
11:30:11 [ultranest] [DEBUG] iteration=2477, ncalls=4678, regioncalls=172160, ndraw=40, logz=-69359.45, remainder_fraction=100.0000%, Lmin=-69348.86, Lmax=-69290.37
11:30:11 [ultranest] [DEBUG] iteration=2480, ncalls=4685, regioncalls=172440, ndraw=40, logz=-69359.19, remainder_fraction=100.0000%, Lmin=-69348.19, Lmax=-69290.37
11:30:11 [ultranest] [DEBUG] iteration=2500, ncalls=4727, regioncalls=174120, ndraw=40, logz=-69356.65, remainder_fraction=100.0000%, Lmin=-69345.46, Lmax=-69289.99
11:30:11 [ultranest] [DEBUG] iteration=2520, ncalls=4767, regioncalls=175720, ndraw=40, logz=-69354.28, remainder_fraction=100.0000%, Lmin=-69343.55, Lmax=-69289.99
11:30:11 [ultranest] [DEBUG] iteration=2523, ncalls=4770, regioncalls=175920, ndraw=40, logz=-69354.03, remainder_fraction=100.0000%, Lmin=-69343.17, Lmax=-69289.99
11:30:11 [ultranest] [DEBUG] iteration=2552, ncalls=4809, regioncalls=177480, ndraw=40, logz=-69351.36, remainder_fraction=100.0000%, Lmin=-69340.58, Lmax=-69289.99
11:30:11 [ultranest] [DEBUG] iteration=2560, ncalls=4824, regioncalls=178080, ndraw=40, logz=-69350.60, remainder_fraction=100.0000%, Lmin=-69339.32, Lmax=-69289.99
11:30:11 [ultranest] [DEBUG] iteration=2586, ncalls=4864, regioncalls=179680, ndraw=40, logz=-69347.88, remainder_fraction=100.0000%, Lmin=-69336.38, Lmax=-69289.99
11:30:12 [ultranest] [DEBUG] iteration=2600, ncalls=4883, regioncalls=180520, ndraw=40, logz=-69346.35, remainder_fraction=100.0000%, Lmin=-69335.14, Lmax=-69289.99
11:30:12 [ultranest] [DEBUG] iteration=2632, ncalls=4921, regioncalls=182040, ndraw=40, logz=-69342.86, remainder_fraction=100.0000%, Lmin=-69331.53, Lmax=-69289.99
11:30:12 [ultranest] [DEBUG] iteration=2640, ncalls=4931, regioncalls=182440, ndraw=40, logz=-69341.88, remainder_fraction=100.0000%, Lmin=-69330.56, Lmax=-69289.99
11:30:12 [ultranest] [DEBUG] iteration=2665, ncalls=4974, regioncalls=184160, ndraw=40, logz=-69339.61, remainder_fraction=100.0000%, Lmin=-69328.69, Lmax=-69289.99
11:30:12 [ultranest] [DEBUG] iteration=2677, ncalls=4990, regioncalls=184840, ndraw=40, logz=-69338.91, remainder_fraction=100.0000%, Lmin=-69328.07, Lmax=-69289.99
11:30:12 [ultranest] [DEBUG] iteration=2680, ncalls=4994, regioncalls=185000, ndraw=40, logz=-69338.73, remainder_fraction=100.0000%, Lmin=-69327.59, Lmax=-69289.99
11:30:12 [ultranest] [DEBUG] iteration=2707, ncalls=5033, regioncalls=186560, ndraw=40, logz=-69336.89, remainder_fraction=100.0000%, Lmin=-69325.79, Lmax=-69289.99
11:30:12 [ultranest] [DEBUG] iteration=2720, ncalls=5052, regioncalls=187320, ndraw=40, logz=-69335.90, remainder_fraction=100.0000%, Lmin=-69324.70, Lmax=-69289.99
11:30:12 [ultranest] [DEBUG] iteration=2745, ncalls=5093, regioncalls=188960, ndraw=40, logz=-69334.37, remainder_fraction=100.0000%, Lmin=-69323.36, Lmax=-69289.99
11:30:12 [ultranest] [DEBUG] iteration=2754, ncalls=5115, regioncalls=189880, ndraw=40, logz=-69333.79, remainder_fraction=100.0000%, Lmin=-69322.58, Lmax=-69289.99
11:30:12 [ultranest] [DEBUG] iteration=2760, ncalls=5123, regioncalls=190200, ndraw=40, logz=-69333.38, remainder_fraction=100.0000%, Lmin=-69322.10, Lmax=-69289.99
11:30:12 [ultranest] [DEBUG] iteration=2786, ncalls=5162, regioncalls=191760, ndraw=40, logz=-69331.69, remainder_fraction=100.0000%, Lmin=-69320.18, Lmax=-69289.99
11:30:12 [ultranest] [DEBUG] iteration=2800, ncalls=5189, regioncalls=192840, ndraw=40, logz=-69330.62, remainder_fraction=100.0000%, Lmin=-69319.16, Lmax=-69289.99
11:30:12 [ultranest] [DEBUG] iteration=2821, ncalls=5232, regioncalls=194560, ndraw=40, logz=-69329.20, remainder_fraction=100.0000%, Lmin=-69317.74, Lmax=-69289.99
11:30:13 [ultranest] [DEBUG] iteration=2840, ncalls=5263, regioncalls=195800, ndraw=40, logz=-69327.94, remainder_fraction=100.0000%, Lmin=-69316.77, Lmax=-69289.96
11:30:13 [ultranest] [DEBUG] iteration=2856, ncalls=5306, regioncalls=197520, ndraw=40, logz=-69327.10, remainder_fraction=100.0000%, Lmin=-69315.74, Lmax=-69289.96
11:30:13 [ultranest] [DEBUG] iteration=2880, ncalls=5343, regioncalls=199000, ndraw=40, logz=-69325.98, remainder_fraction=100.0000%, Lmin=-69314.68, Lmax=-69289.96
11:30:13 [ultranest] [DEBUG] iteration=2901, ncalls=5384, regioncalls=200640, ndraw=40, logz=-69324.90, remainder_fraction=100.0000%, Lmin=-69313.73, Lmax=-69289.96
11:30:13 [ultranest] [DEBUG] iteration=2908, ncalls=5399, regioncalls=201280, ndraw=40, logz=-69324.62, remainder_fraction=100.0000%, Lmin=-69313.40, Lmax=-69289.96
11:30:13 [ultranest] [DEBUG] iteration=2920, ncalls=5412, regioncalls=201800, ndraw=40, logz=-69324.11, remainder_fraction=100.0000%, Lmin=-69313.03, Lmax=-69289.96
11:30:13 [ultranest] [DEBUG] iteration=2946, ncalls=5452, regioncalls=203400, ndraw=40, logz=-69323.16, remainder_fraction=100.0000%, Lmin=-69312.01, Lmax=-69289.96
11:30:13 [ultranest] [DEBUG] iteration=2960, ncalls=5471, regioncalls=204160, ndraw=40, logz=-69322.59, remainder_fraction=100.0000%, Lmin=-69311.11, Lmax=-69289.96
11:30:13 [ultranest] [DEBUG] iteration=2985, ncalls=5510, regioncalls=205720, ndraw=40, logz=-69321.39, remainder_fraction=100.0000%, Lmin=-69309.93, Lmax=-69289.96
11:30:13 [ultranest] [DEBUG] iteration=3000, ncalls=5533, regioncalls=206640, ndraw=40, logz=-69320.74, remainder_fraction=100.0000%, Lmin=-69309.31, Lmax=-69289.96
11:30:13 [ultranest] [DEBUG] iteration=3018, ncalls=5575, regioncalls=208320, ndraw=40, logz=-69320.06, remainder_fraction=100.0000%, Lmin=-69308.68, Lmax=-69289.96
11:30:13 [ultranest] [DEBUG] iteration=3038, ncalls=5620, regioncalls=210120, ndraw=40, logz=-69319.34, remainder_fraction=100.0000%, Lmin=-69307.90, Lmax=-69289.96
11:30:13 [ultranest] [DEBUG] iteration=3040, ncalls=5623, regioncalls=210240, ndraw=40, logz=-69319.27, remainder_fraction=100.0000%, Lmin=-69307.74, Lmax=-69289.96
11:30:14 [ultranest] [DEBUG] iteration=3058, ncalls=5666, regioncalls=211960, ndraw=40, logz=-69318.60, remainder_fraction=100.0000%, Lmin=-69307.12, Lmax=-69289.96
11:30:14 [ultranest] [DEBUG] iteration=3062, ncalls=5672, regioncalls=212240, ndraw=40, logz=-69318.46, remainder_fraction=100.0000%, Lmin=-69306.95, Lmax=-69289.96
11:30:14 [ultranest] [DEBUG] iteration=3080, ncalls=5694, regioncalls=213120, ndraw=40, logz=-69317.88, remainder_fraction=100.0000%, Lmin=-69306.64, Lmax=-69289.96
11:30:14 [ultranest] [DEBUG] iteration=3110, ncalls=5732, regioncalls=214640, ndraw=40, logz=-69316.98, remainder_fraction=100.0000%, Lmin=-69305.46, Lmax=-69289.96
11:30:14 [ultranest] [DEBUG] iteration=3120, ncalls=5746, regioncalls=215200, ndraw=40, logz=-69316.67, remainder_fraction=99.9999%, Lmin=-69305.29, Lmax=-69289.96
11:30:14 [ultranest] [DEBUG] iteration=3139, ncalls=5776, regioncalls=216440, ndraw=40, logz=-69316.13, remainder_fraction=99.9999%, Lmin=-69304.63, Lmax=-69289.50
11:30:14 [ultranest] [DEBUG] iteration=3160, ncalls=5807, regioncalls=217720, ndraw=40, logz=-69315.49, remainder_fraction=99.9999%, Lmin=-69303.83, Lmax=-69289.50
11:30:14 [ultranest] [DEBUG] iteration=3188, ncalls=5847, regioncalls=219320, ndraw=40, logz=-69314.68, remainder_fraction=99.9997%, Lmin=-69303.14, Lmax=-69289.50
11:30:14 [ultranest] [DEBUG] iteration=3200, ncalls=5867, regioncalls=220120, ndraw=40, logz=-69314.38, remainder_fraction=99.9995%, Lmin=-69302.95, Lmax=-69289.50
11:30:14 [ultranest] [DEBUG] iteration=3216, ncalls=5898, regioncalls=221440, ndraw=40, logz=-69314.02, remainder_fraction=99.9993%, Lmin=-69302.56, Lmax=-69289.50
11:30:14 [ultranest] [DEBUG] iteration=3240, ncalls=5933, regioncalls=222840, ndraw=40, logz=-69313.46, remainder_fraction=99.9987%, Lmin=-69301.89, Lmax=-69289.50
11:30:14 [ultranest] [DEBUG] iteration=3267, ncalls=5973, regioncalls=224440, ndraw=40, logz=-69312.85, remainder_fraction=99.9975%, Lmin=-69301.29, Lmax=-69289.42
11:30:14 [ultranest] [DEBUG] iteration=3280, ncalls=5999, regioncalls=225480, ndraw=40, logz=-69312.56, remainder_fraction=99.9968%, Lmin=-69300.88, Lmax=-69289.42
11:30:14 [ultranest] [DEBUG] iteration=3293, ncalls=6019, regioncalls=226320, ndraw=40, logz=-69312.25, remainder_fraction=99.9957%, Lmin=-69300.55, Lmax=-69289.42
11:30:15 [ultranest] [DEBUG] iteration=3320, ncalls=6057, regioncalls=227840, ndraw=40, logz=-69311.69, remainder_fraction=99.9927%, Lmin=-69300.10, Lmax=-69289.42
11:30:15 [ultranest] [DEBUG] iteration=3346, ncalls=6097, regioncalls=229440, ndraw=40, logz=-69311.22, remainder_fraction=99.9879%, Lmin=-69299.65, Lmax=-69289.42
11:30:15 [ultranest] [DEBUG] iteration=3360, ncalls=6119, regioncalls=230320, ndraw=40, logz=-69310.97, remainder_fraction=99.9847%, Lmin=-69299.27, Lmax=-69289.42
11:30:15 [ultranest] [DEBUG] iteration=3370, ncalls=6133, regioncalls=230920, ndraw=40, logz=-69310.79, remainder_fraction=99.9814%, Lmin=-69299.05, Lmax=-69289.42
11:30:15 [ultranest] [DEBUG] iteration=3394, ncalls=6176, regioncalls=232680, ndraw=40, logz=-69310.33, remainder_fraction=99.9701%, Lmin=-69298.52, Lmax=-69289.42
11:30:15 [ultranest] [DEBUG] iteration=3400, ncalls=6185, regioncalls=233040, ndraw=40, logz=-69310.21, remainder_fraction=99.9670%, Lmin=-69298.40, Lmax=-69289.42
11:30:15 [ultranest] [DEBUG] iteration=3424, ncalls=6225, regioncalls=234640, ndraw=40, logz=-69309.78, remainder_fraction=99.9473%, Lmin=-69297.92, Lmax=-69289.42
11:30:15 [ultranest] [DEBUG] iteration=3440, ncalls=6261, regioncalls=236080, ndraw=40, logz=-69309.49, remainder_fraction=99.9301%, Lmin=-69297.62, Lmax=-69289.42
11:30:15 [ultranest] [DEBUG] iteration=3447, ncalls=6275, regioncalls=236680, ndraw=40, logz=-69309.37, remainder_fraction=99.9206%, Lmin=-69297.50, Lmax=-69289.42
11:30:15 [ultranest] [DEBUG] iteration=3474, ncalls=6314, regioncalls=238240, ndraw=40, logz=-69308.92, remainder_fraction=99.8837%, Lmin=-69297.09, Lmax=-69289.42
11:30:15 [ultranest] [DEBUG] iteration=3480, ncalls=6326, regioncalls=238720, ndraw=40, logz=-69308.83, remainder_fraction=99.8772%, Lmin=-69296.95, Lmax=-69289.42
11:30:15 [ultranest] [DEBUG] iteration=3504, ncalls=6367, regioncalls=240360, ndraw=40, logz=-69308.46, remainder_fraction=99.8200%, Lmin=-69296.54, Lmax=-69289.42
11:30:15 [ultranest] [DEBUG] iteration=3520, ncalls=6396, regioncalls=241520, ndraw=40, logz=-69308.23, remainder_fraction=99.7687%, Lmin=-69296.31, Lmax=-69289.42
11:30:15 [ultranest] [DEBUG] iteration=3524, ncalls=6402, regioncalls=241800, ndraw=40, logz=-69308.17, remainder_fraction=99.7556%, Lmin=-69296.27, Lmax=-69289.42
11:30:16 [ultranest] [DEBUG] iteration=3553, ncalls=6440, regioncalls=243360, ndraw=40, logz=-69307.76, remainder_fraction=99.6379%, Lmin=-69295.79, Lmax=-69289.42
11:30:16 [ultranest] [DEBUG] iteration=3560, ncalls=6457, regioncalls=244040, ndraw=40, logz=-69307.67, remainder_fraction=99.6063%, Lmin=-69295.75, Lmax=-69289.42
11:30:16 [ultranest] [DEBUG] iteration=3586, ncalls=6496, regioncalls=245600, ndraw=40, logz=-69307.34, remainder_fraction=99.4424%, Lmin=-69295.41, Lmax=-69289.42
11:30:16 [ultranest] [DEBUG] iteration=3600, ncalls=6517, regioncalls=246440, ndraw=40, logz=-69307.17, remainder_fraction=99.3283%, Lmin=-69295.18, Lmax=-69289.42
11:30:16 [ultranest] [DEBUG] iteration=3601, ncalls=6518, regioncalls=246520, ndraw=40, logz=-69307.16, remainder_fraction=99.3259%, Lmin=-69295.17, Lmax=-69289.42
11:30:16 [ultranest] [DEBUG] iteration=3631, ncalls=6555, regioncalls=248080, ndraw=40, logz=-69306.80, remainder_fraction=99.0239%, Lmin=-69294.84, Lmax=-69289.42
11:30:16 [ultranest] [DEBUG] iteration=3640, ncalls=6564, regioncalls=248440, ndraw=40, logz=-69306.71, remainder_fraction=98.9108%, Lmin=-69294.74, Lmax=-69289.42
11:30:16 [ultranest] [DEBUG] iteration=3666, ncalls=6605, regioncalls=250080, ndraw=40, logz=-69306.44, remainder_fraction=98.5303%, Lmin=-69294.45, Lmax=-69289.42
11:30:16 [ultranest] [DEBUG] iteration=3678, ncalls=6626, regioncalls=250960, ndraw=40, logz=-69306.32, remainder_fraction=98.3553%, Lmin=-69294.31, Lmax=-69289.42
11:30:16 [ultranest] [DEBUG] iteration=3680, ncalls=6628, regioncalls=251040, ndraw=40, logz=-69306.30, remainder_fraction=98.3218%, Lmin=-69294.29, Lmax=-69289.42
11:30:16 [ultranest] [DEBUG] iteration=3704, ncalls=6669, regioncalls=252760, ndraw=40, logz=-69306.06, remainder_fraction=97.8208%, Lmin=-69294.03, Lmax=-69289.42
11:30:16 [ultranest] [DEBUG] iteration=3720, ncalls=6688, regioncalls=253520, ndraw=40, logz=-69305.91, remainder_fraction=97.5355%, Lmin=-69293.85, Lmax=-69289.42
11:30:16 [ultranest] [DEBUG] iteration=3748, ncalls=6727, regioncalls=255080, ndraw=40, logz=-69305.67, remainder_fraction=96.8309%, Lmin=-69293.64, Lmax=-69289.42
11:30:16 [ultranest] [DEBUG] iteration=3755, ncalls=6736, regioncalls=255480, ndraw=40, logz=-69305.61, remainder_fraction=96.6041%, Lmin=-69293.58, Lmax=-69289.42
11:30:16 [ultranest] [DEBUG] iteration=3760, ncalls=6750, regioncalls=256040, ndraw=40, logz=-69305.57, remainder_fraction=96.4387%, Lmin=-69293.55, Lmax=-69289.42
11:30:16 [ultranest] [DEBUG] iteration=3788, ncalls=6789, regioncalls=257600, ndraw=40, logz=-69305.36, remainder_fraction=95.5743%, Lmin=-69293.35, Lmax=-69289.42
11:30:17 [ultranest] [DEBUG] iteration=3800, ncalls=6806, regioncalls=258280, ndraw=40, logz=-69305.27, remainder_fraction=95.1071%, Lmin=-69293.26, Lmax=-69289.42
11:30:17 [ultranest] [DEBUG] iteration=3823, ncalls=6848, regioncalls=259960, ndraw=40, logz=-69305.12, remainder_fraction=94.3617%, Lmin=-69293.10, Lmax=-69289.42
11:30:17 [ultranest] [DEBUG] iteration=3832, ncalls=6862, regioncalls=260600, ndraw=40, logz=-69305.06, remainder_fraction=93.9575%, Lmin=-69293.02, Lmax=-69289.42
11:30:17 [ultranest] [DEBUG] iteration=3840, ncalls=6877, regioncalls=261280, ndraw=40, logz=-69305.01, remainder_fraction=93.6076%, Lmin=-69292.97, Lmax=-69289.42
11:30:17 [ultranest] [DEBUG] iteration=3861, ncalls=6918, regioncalls=262920, ndraw=40, logz=-69304.87, remainder_fraction=92.6805%, Lmin=-69292.80, Lmax=-69289.42
11:30:17 [ultranest] [DEBUG] iteration=3880, ncalls=6947, regioncalls=264080, ndraw=40, logz=-69304.76, remainder_fraction=91.8988%, Lmin=-69292.71, Lmax=-69289.42
11:30:17 [ultranest] [DEBUG] iteration=3901, ncalls=6988, regioncalls=265720, ndraw=40, logz=-69304.64, remainder_fraction=90.8226%, Lmin=-69292.58, Lmax=-69289.42
11:30:17 [ultranest] [DEBUG] iteration=3909, ncalls=7002, regioncalls=266320, ndraw=40, logz=-69304.59, remainder_fraction=90.4588%, Lmin=-69292.52, Lmax=-69289.42
11:30:17 [ultranest] [DEBUG] iteration=3920, ncalls=7019, regioncalls=267000, ndraw=40, logz=-69304.53, remainder_fraction=89.8104%, Lmin=-69292.45, Lmax=-69289.42
11:30:17 [ultranest] [DEBUG] iteration=3949, ncalls=7058, regioncalls=268560, ndraw=40, logz=-69304.38, remainder_fraction=88.1940%, Lmin=-69292.26, Lmax=-69289.42
11:30:17 [ultranest] [DEBUG] iteration=3960, ncalls=7077, regioncalls=269320, ndraw=40, logz=-69304.33, remainder_fraction=87.4054%, Lmin=-69292.18, Lmax=-69289.42
11:30:17 [ultranest] [DEBUG] iteration=3983, ncalls=7118, regioncalls=270960, ndraw=40, logz=-69304.21, remainder_fraction=85.9822%, Lmin=-69292.07, Lmax=-69289.42
11:30:17 [ultranest] [DEBUG] iteration=3986, ncalls=7124, regioncalls=271240, ndraw=40, logz=-69304.20, remainder_fraction=85.7416%, Lmin=-69292.04, Lmax=-69289.42
11:30:17 [ultranest] [DEBUG] iteration=4000, ncalls=7142, regioncalls=271960, ndraw=40, logz=-69304.13, remainder_fraction=84.8187%, Lmin=-69291.96, Lmax=-69289.42
11:30:17 [ultranest] [DEBUG] iteration=4026, ncalls=7182, regioncalls=273560, ndraw=40, logz=-69304.02, remainder_fraction=82.8710%, Lmin=-69291.85, Lmax=-69289.42
11:30:18 [ultranest] [DEBUG] iteration=4040, ncalls=7205, regioncalls=274480, ndraw=40, logz=-69303.96, remainder_fraction=81.6543%, Lmin=-69291.78, Lmax=-69289.42
11:30:18 [ultranest] [DEBUG] iteration=4063, ncalls=7244, regioncalls=276080, ndraw=40, logz=-69303.87, remainder_fraction=79.6420%, Lmin=-69291.70, Lmax=-69289.42
11:30:18 [ultranest] [DEBUG] iteration=4080, ncalls=7268, regioncalls=277040, ndraw=40, logz=-69303.81, remainder_fraction=78.2315%, Lmin=-69291.63, Lmax=-69289.42
11:30:18 [ultranest] [DEBUG] iteration=4105, ncalls=7308, regioncalls=278640, ndraw=40, logz=-69303.72, remainder_fraction=76.2118%, Lmin=-69291.53, Lmax=-69289.42
11:30:18 [ultranest] [DEBUG] iteration=4120, ncalls=7327, regioncalls=279400, ndraw=40, logz=-69303.67, remainder_fraction=74.9893%, Lmin=-69291.48, Lmax=-69289.42
11:30:18 [ultranest] [DEBUG] iteration=4140, ncalls=7366, regioncalls=281000, ndraw=40, logz=-69303.60, remainder_fraction=73.2271%, Lmin=-69291.41, Lmax=-69289.42
11:30:18 [ultranest] [DEBUG] iteration=4160, ncalls=7396, regioncalls=282240, ndraw=40, logz=-69303.54, remainder_fraction=71.5274%, Lmin=-69291.29, Lmax=-69289.42
11:30:18 [ultranest] [DEBUG] iteration=4189, ncalls=7434, regioncalls=283760, ndraw=40, logz=-69303.45, remainder_fraction=69.1393%, Lmin=-69291.19, Lmax=-69289.42
11:30:18 [ultranest] [DEBUG] iteration=4200, ncalls=7451, regioncalls=284440, ndraw=40, logz=-69303.42, remainder_fraction=68.1278%, Lmin=-69291.14, Lmax=-69289.42
11:30:18 [ultranest] [DEBUG] iteration=4217, ncalls=7483, regioncalls=285760, ndraw=40, logz=-69303.37, remainder_fraction=66.4153%, Lmin=-69291.07, Lmax=-69289.42
11:30:18 [ultranest] [DEBUG] iteration=4240, ncalls=7517, regioncalls=287160, ndraw=40, logz=-69303.31, remainder_fraction=64.0978%, Lmin=-69291.02, Lmax=-69289.42
11:30:18 [ultranest] [DEBUG] iteration=4266, ncalls=7557, regioncalls=288760, ndraw=40, logz=-69303.25, remainder_fraction=61.6488%, Lmin=-69290.95, Lmax=-69289.42
11:30:19 [ultranest] [DEBUG] iteration=4280, ncalls=7585, regioncalls=289880, ndraw=40, logz=-69303.21, remainder_fraction=60.5205%, Lmin=-69290.90, Lmax=-69289.42
11:30:19 [ultranest] [DEBUG] iteration=4299, ncalls=7624, regioncalls=291440, ndraw=40, logz=-69303.17, remainder_fraction=58.9738%, Lmin=-69290.84, Lmax=-69289.42
11:30:19 [ultranest] [DEBUG] iteration=4320, ncalls=7666, regioncalls=293120, ndraw=40, logz=-69303.12, remainder_fraction=56.8501%, Lmin=-69290.80, Lmax=-69289.42
11:30:19 [ultranest] [DEBUG] iteration=4344, ncalls=7707, regioncalls=294760, ndraw=40, logz=-69303.08, remainder_fraction=54.6243%, Lmin=-69290.75, Lmax=-69289.42
11:30:19 [ultranest] [DEBUG] iteration=4360, ncalls=7751, regioncalls=296520, ndraw=40, logz=-69303.04, remainder_fraction=53.2355%, Lmin=-69290.71, Lmax=-69289.42
11:30:19 [ultranest] [DEBUG] iteration=4371, ncalls=7776, regioncalls=297560, ndraw=40, logz=-69303.02, remainder_fraction=52.3050%, Lmin=-69290.69, Lmax=-69289.42
11:30:19 [ultranest] [DEBUG] iteration=4400, ncalls=7813, regioncalls=299040, ndraw=40, logz=-69302.97, remainder_fraction=49.8845%, Lmin=-69290.64, Lmax=-69289.42
11:30:19 [ultranest] [DEBUG] iteration=4425, ncalls=7855, regioncalls=300720, ndraw=40, logz=-69302.93, remainder_fraction=47.4991%, Lmin=-69290.58, Lmax=-69289.42
11:30:19 [ultranest] [DEBUG] iteration=4440, ncalls=7880, regioncalls=301720, ndraw=40, logz=-69302.91, remainder_fraction=46.2347%, Lmin=-69290.55, Lmax=-69289.42
11:30:19 [ultranest] [DEBUG] iteration=4463, ncalls=7913, regioncalls=303040, ndraw=40, logz=-69302.87, remainder_fraction=44.2342%, Lmin=-69290.50, Lmax=-69289.42
11:30:19 [ultranest] [DEBUG] iteration=4480, ncalls=7952, regioncalls=304600, ndraw=40, logz=-69302.85, remainder_fraction=42.8165%, Lmin=-69290.47, Lmax=-69289.42
11:30:20 [ultranest] [DEBUG] iteration=4503, ncalls=7998, regioncalls=306440, ndraw=40, logz=-69302.82, remainder_fraction=41.0712%, Lmin=-69290.42, Lmax=-69289.42
11:30:20 [ultranest] [DEBUG] iteration=4520, ncalls=8032, regioncalls=307800, ndraw=40, logz=-69302.80, remainder_fraction=39.7734%, Lmin=-69290.38, Lmax=-69289.42
11:30:20 [ultranest] [DEBUG] iteration=4525, ncalls=8038, regioncalls=308080, ndraw=40, logz=-69302.79, remainder_fraction=39.3603%, Lmin=-69290.37, Lmax=-69289.42
11:30:20 [ultranest] [DEBUG] iteration=4555, ncalls=8076, regioncalls=309600, ndraw=40, logz=-69302.75, remainder_fraction=36.9778%, Lmin=-69290.33, Lmax=-69289.42
11:30:20 [ultranest] [DEBUG] iteration=4560, ncalls=8082, regioncalls=309840, ndraw=40, logz=-69302.75, remainder_fraction=36.5919%, Lmin=-69290.31, Lmax=-69289.42
11:30:20 [ultranest] [DEBUG] iteration=4587, ncalls=8121, regioncalls=311400, ndraw=40, logz=-69302.72, remainder_fraction=34.6864%, Lmin=-69290.26, Lmax=-69289.42
11:30:20 [ultranest] [DEBUG] iteration=4600, ncalls=8145, regioncalls=312360, ndraw=40, logz=-69302.70, remainder_fraction=33.8044%, Lmin=-69290.24, Lmax=-69289.42
11:30:20 [ultranest] [DEBUG] iteration=4602, ncalls=8149, regioncalls=312560, ndraw=40, logz=-69302.70, remainder_fraction=33.6799%, Lmin=-69290.24, Lmax=-69289.42
11:30:20 [ultranest] [DEBUG] iteration=4633, ncalls=8187, regioncalls=314080, ndraw=40, logz=-69302.67, remainder_fraction=31.5468%, Lmin=-69290.20, Lmax=-69289.42
11:30:20 [ultranest] [DEBUG] iteration=4640, ncalls=8199, regioncalls=314560, ndraw=40, logz=-69302.66, remainder_fraction=31.0573%, Lmin=-69290.19, Lmax=-69289.42
11:30:20 [ultranest] [DEBUG] iteration=4662, ncalls=8239, regioncalls=316160, ndraw=40, logz=-69302.64, remainder_fraction=29.6950%, Lmin=-69290.15, Lmax=-69289.42
11:30:20 [ultranest] [DEBUG] iteration=4679, ncalls=8273, regioncalls=317560, ndraw=40, logz=-69302.63, remainder_fraction=28.5762%, Lmin=-69290.13, Lmax=-69289.42
11:30:20 [ultranest] [DEBUG] iteration=4680, ncalls=8275, regioncalls=317640, ndraw=40, logz=-69302.63, remainder_fraction=28.5219%, Lmin=-69290.12, Lmax=-69289.42
11:30:20 [ultranest] [DEBUG] iteration=4702, ncalls=8316, regioncalls=319320, ndraw=40, logz=-69302.61, remainder_fraction=27.2354%, Lmin=-69290.09, Lmax=-69289.42
11:30:20 [ultranest] [DEBUG] iteration=4720, ncalls=8342, regioncalls=320360, ndraw=40, logz=-69302.59, remainder_fraction=26.1788%, Lmin=-69290.07, Lmax=-69289.42
11:30:21 [ultranest] [DEBUG] iteration=4739, ncalls=8390, regioncalls=322280, ndraw=40, logz=-69302.58, remainder_fraction=25.0364%, Lmin=-69290.05, Lmax=-69289.42
11:30:21 [ultranest] [DEBUG] iteration=4756, ncalls=8430, regioncalls=323920, ndraw=40, logz=-69302.57, remainder_fraction=24.0506%, Lmin=-69290.04, Lmax=-69289.42
11:30:21 [ultranest] [DEBUG] iteration=4760, ncalls=8438, regioncalls=324240, ndraw=40, logz=-69302.56, remainder_fraction=23.8407%, Lmin=-69290.03, Lmax=-69289.42
11:30:21 [ultranest] [DEBUG] iteration=4788, ncalls=8477, regioncalls=325800, ndraw=40, logz=-69302.54, remainder_fraction=22.4165%, Lmin=-69290.00, Lmax=-69289.42
11:30:21 [ultranest] [DEBUG] iteration=4800, ncalls=8496, regioncalls=326560, ndraw=40, logz=-69302.54, remainder_fraction=21.8110%, Lmin=-69289.99, Lmax=-69289.42
11:30:21 [ultranest] [DEBUG] iteration=4823, ncalls=8536, regioncalls=328160, ndraw=40, logz=-69302.52, remainder_fraction=20.6910%, Lmin=-69289.96, Lmax=-69289.42
11:30:21 [ultranest] [DEBUG] iteration=4833, ncalls=8560, regioncalls=329160, ndraw=40, logz=-69302.52, remainder_fraction=20.2415%, Lmin=-69289.95, Lmax=-69289.42
11:30:21 [ultranest] [DEBUG] iteration=4840, ncalls=8571, regioncalls=329600, ndraw=40, logz=-69302.51, remainder_fraction=19.9092%, Lmin=-69289.95, Lmax=-69289.42
11:30:21 [ultranest] [DEBUG] iteration=4862, ncalls=8610, regioncalls=331200, ndraw=40, logz=-69302.50, remainder_fraction=18.9141%, Lmin=-69289.93, Lmax=-69289.42
11:30:21 [ultranest] [DEBUG] iteration=4880, ncalls=8637, regioncalls=332280, ndraw=40, logz=-69302.49, remainder_fraction=18.1076%, Lmin=-69289.90, Lmax=-69289.42
11:30:21 [ultranest] [DEBUG] iteration=4905, ncalls=8676, regioncalls=333840, ndraw=40, logz=-69302.48, remainder_fraction=16.9951%, Lmin=-69289.88, Lmax=-69289.42
11:30:21 [ultranest] [DEBUG] iteration=4910, ncalls=8687, regioncalls=334320, ndraw=40, logz=-69302.47, remainder_fraction=16.7893%, Lmin=-69289.88, Lmax=-69289.42
11:30:21 [ultranest] [DEBUG] iteration=4920, ncalls=8700, regioncalls=334840, ndraw=40, logz=-69302.47, remainder_fraction=16.4065%, Lmin=-69289.87, Lmax=-69289.42
11:30:22 [ultranest] [DEBUG] iteration=4948, ncalls=8738, regioncalls=336360, ndraw=40, logz=-69302.46, remainder_fraction=15.3279%, Lmin=-69289.84, Lmax=-69289.42
11:30:22 [ultranest] [DEBUG] iteration=4960, ncalls=8764, regioncalls=337400, ndraw=40, logz=-69302.45, remainder_fraction=14.8918%, Lmin=-69289.83, Lmax=-69289.42
11:30:22 [ultranest] [DEBUG] iteration=4982, ncalls=8806, regioncalls=339080, ndraw=40, logz=-69302.44, remainder_fraction=14.1171%, Lmin=-69289.81, Lmax=-69289.42
11:30:22 [ultranest] [DEBUG] iteration=4987, ncalls=8812, regioncalls=339360, ndraw=40, logz=-69302.44, remainder_fraction=13.9531%, Lmin=-69289.81, Lmax=-69289.42
11:30:22 [ultranest] [DEBUG] iteration=5000, ncalls=8831, regioncalls=340120, ndraw=40, logz=-69302.43, remainder_fraction=13.5183%, Lmin=-69289.79, Lmax=-69289.42
11:30:22 [ultranest] [DEBUG] iteration=5029, ncalls=8869, regioncalls=341640, ndraw=40, logz=-69302.42, remainder_fraction=12.5781%, Lmin=-69289.77, Lmax=-69289.42
11:30:22 [ultranest] [DEBUG] iteration=5040, ncalls=8886, regioncalls=342320, ndraw=40, logz=-69302.42, remainder_fraction=12.2178%, Lmin=-69289.76, Lmax=-69289.42
11:30:22 [ultranest] [DEBUG] iteration=5064, ncalls=8922, regioncalls=343800, ndraw=40, logz=-69302.41, remainder_fraction=11.4880%, Lmin=-69289.75, Lmax=-69289.42
11:30:22 [ultranest] [DEBUG] iteration=5080, ncalls=8951, regioncalls=344960, ndraw=40, logz=-69302.41, remainder_fraction=11.0182%, Lmin=-69289.74, Lmax=-69289.42
11:30:22 [ultranest] [DEBUG] iteration=5103, ncalls=8992, regioncalls=346600, ndraw=40, logz=-69302.40, remainder_fraction=10.3693%, Lmin=-69289.72, Lmax=-69289.42
11:30:22 [ultranest] [DEBUG] iteration=5120, ncalls=9021, regioncalls=347760, ndraw=40, logz=-69302.39, remainder_fraction=9.9330%, Lmin=-69289.72, Lmax=-69289.42
11:30:22 [ultranest] [DEBUG] iteration=5140, ncalls=9063, regioncalls=349440, ndraw=40, logz=-69302.39, remainder_fraction=9.4439%, Lmin=-69289.71, Lmax=-69289.42
11:30:22 [ultranest] [DEBUG] iteration=5141, ncalls=9064, regioncalls=349520, ndraw=40, logz=-69302.39, remainder_fraction=9.4170%, Lmin=-69289.71, Lmax=-69289.42
11:30:22 [ultranest] [DEBUG] iteration=5160, ncalls=9093, regioncalls=350720, ndraw=40, logz=-69302.38, remainder_fraction=8.9496%, Lmin=-69289.70, Lmax=-69289.42
11:30:23 [ultranest] [DEBUG] iteration=5183, ncalls=9133, regioncalls=352320, ndraw=40, logz=-69302.38, remainder_fraction=8.4192%, Lmin=-69289.68, Lmax=-69289.42
11:30:23 [ultranest] [DEBUG] iteration=5200, ncalls=9164, regioncalls=353560, ndraw=40, logz=-69302.37, remainder_fraction=8.0463%, Lmin=-69289.67, Lmax=-69289.42
11:30:23 [ultranest] [DEBUG] iteration=5218, ncalls=9195, regioncalls=354840, ndraw=40, logz=-69302.37, remainder_fraction=7.6758%, Lmin=-69289.67, Lmax=-69289.42
11:30:23 [ultranest] [DEBUG] iteration=5240, ncalls=9229, regioncalls=356200, ndraw=40, logz=-69302.36, remainder_fraction=7.2443%, Lmin=-69289.66, Lmax=-69289.42
11:30:23 [ultranest] [DEBUG] iteration=5263, ncalls=9270, regioncalls=357840, ndraw=40, logz=-69302.36, remainder_fraction=6.8112%, Lmin=-69289.64, Lmax=-69289.42
11:30:23 [ultranest] [DEBUG] iteration=5280, ncalls=9298, regioncalls=358960, ndraw=40, logz=-69302.36, remainder_fraction=6.5056%, Lmin=-69289.64, Lmax=-69289.42
11:30:23 [ultranest] [DEBUG] iteration=5295, ncalls=9323, regioncalls=360000, ndraw=40, logz=-69302.35, remainder_fraction=6.2500%, Lmin=-69289.63, Lmax=-69289.42
11:30:23 [ultranest] [DEBUG] iteration=5320, ncalls=9364, regioncalls=361680, ndraw=40, logz=-69302.35, remainder_fraction=5.8383%, Lmin=-69289.62, Lmax=-69289.42
11:30:23 [ultranest] [DEBUG] iteration=5347, ncalls=9403, regioncalls=363240, ndraw=40, logz=-69302.35, remainder_fraction=5.4225%, Lmin=-69289.61, Lmax=-69289.42
11:30:23 [ultranest] [DEBUG] iteration=5360, ncalls=9419, regioncalls=363880, ndraw=40, logz=-69302.34, remainder_fraction=5.2323%, Lmin=-69289.60, Lmax=-69289.42
11:30:23 [ultranest] [DEBUG] iteration=5372, ncalls=9444, regioncalls=364920, ndraw=40, logz=-69302.34, remainder_fraction=5.0604%, Lmin=-69289.60, Lmax=-69289.42
11:30:23 [ultranest] [DEBUG] iteration=5400, ncalls=9483, regioncalls=366480, ndraw=40, logz=-69302.34, remainder_fraction=4.6883%, Lmin=-69289.59, Lmax=-69289.42
11:30:24 [ultranest] [DEBUG] iteration=5426, ncalls=9522, regioncalls=368040, ndraw=40, logz=-69302.33, remainder_fraction=4.3642%, Lmin=-69289.58, Lmax=-69289.42
11:30:24 [ultranest] [DEBUG] iteration=5440, ncalls=9556, regioncalls=369400, ndraw=40, logz=-69302.33, remainder_fraction=4.2025%, Lmin=-69289.58, Lmax=-69289.42
11:30:24 [ultranest] [DEBUG] iteration=5449, ncalls=9566, regioncalls=369840, ndraw=40, logz=-69302.33, remainder_fraction=4.0995%, Lmin=-69289.58, Lmax=-69289.42
11:30:24 [ultranest] [DEBUG] iteration=5475, ncalls=9607, regioncalls=371600, ndraw=40, logz=-69302.33, remainder_fraction=3.8158%, Lmin=-69289.57, Lmax=-69289.42
11:30:24 [ultranest] [DEBUG] iteration=5480, ncalls=9615, regioncalls=371920, ndraw=40, logz=-69302.33, remainder_fraction=3.7631%, Lmin=-69289.57, Lmax=-69289.42
11:30:24 [ultranest] [DEBUG] iteration=5502, ncalls=9656, regioncalls=373560, ndraw=40, logz=-69302.33, remainder_fraction=3.5415%, Lmin=-69289.57, Lmax=-69289.42
11:30:24 [ultranest] [DEBUG] iteration=5520, ncalls=9684, regioncalls=374680, ndraw=40, logz=-69302.32, remainder_fraction=3.3695%, Lmin=-69289.56, Lmax=-69289.42
11:30:24 [ultranest] [DEBUG] iteration=5526, ncalls=9696, regioncalls=375200, ndraw=40, logz=-69302.32, remainder_fraction=3.3146%, Lmin=-69289.56, Lmax=-69289.42
11:30:24 [ultranest] [DEBUG] iteration=5550, ncalls=9737, regioncalls=376840, ndraw=40, logz=-69302.32, remainder_fraction=3.1010%, Lmin=-69289.55, Lmax=-69289.42
11:30:24 [ultranest] [DEBUG] iteration=5560, ncalls=9755, regioncalls=377560, ndraw=40, logz=-69302.32, remainder_fraction=3.0158%, Lmin=-69289.55, Lmax=-69289.42
11:30:24 [ultranest] [DEBUG] iteration=5587, ncalls=9795, regioncalls=379160, ndraw=40, logz=-69302.32, remainder_fraction=2.7984%, Lmin=-69289.54, Lmax=-69289.42
11:30:24 [ultranest] [DEBUG] iteration=5600, ncalls=9822, regioncalls=380240, ndraw=40, logz=-69302.32, remainder_fraction=2.6982%, Lmin=-69289.54, Lmax=-69289.42
11:30:24 [ultranest] [DEBUG] iteration=5603, ncalls=9826, regioncalls=380520, ndraw=40, logz=-69302.32, remainder_fraction=2.6764%, Lmin=-69289.54, Lmax=-69289.42
11:30:24 [ultranest] [DEBUG] iteration=5629, ncalls=9865, regioncalls=382120, ndraw=40, logz=-69302.31, remainder_fraction=2.4902%, Lmin=-69289.53, Lmax=-69289.42
11:30:25 [ultranest] [DEBUG] iteration=5640, ncalls=9880, regioncalls=382720, ndraw=40, logz=-69302.31, remainder_fraction=2.4157%, Lmin=-69289.53, Lmax=-69289.42
11:30:25 [ultranest] [DEBUG] iteration=5659, ncalls=9923, regioncalls=384440, ndraw=40, logz=-69302.31, remainder_fraction=2.2904%, Lmin=-69289.53, Lmax=-69289.42
11:30:25 [ultranest] [DEBUG] iteration=5679, ncalls=9967, regioncalls=386200, ndraw=40, logz=-69302.31, remainder_fraction=2.1644%, Lmin=-69289.52, Lmax=-69289.42
11:30:25 [ultranest] [DEBUG] iteration=5680, ncalls=9969, regioncalls=386280, ndraw=40, logz=-69302.31, remainder_fraction=2.1582%, Lmin=-69289.52, Lmax=-69289.42
11:30:25 [ultranest] [DEBUG] iteration=5705, ncalls=10010, regioncalls=387920, ndraw=40, logz=-69302.31, remainder_fraction=2.0123%, Lmin=-69289.52, Lmax=-69289.42
11:30:25 [ultranest] [DEBUG] iteration=5720, ncalls=10033, regioncalls=388840, ndraw=40, logz=-69302.31, remainder_fraction=1.9293%, Lmin=-69289.52, Lmax=-69289.42
11:30:25 [ultranest] [DEBUG] iteration=5736, ncalls=10078, regioncalls=390640, ndraw=40, logz=-69302.31, remainder_fraction=1.8434%, Lmin=-69289.51, Lmax=-69289.42
11:30:25 [ultranest] [DEBUG] iteration=5757, ncalls=10117, regioncalls=392240, ndraw=40, logz=-69302.31, remainder_fraction=1.7369%, Lmin=-69289.51, Lmax=-69289.42
11:30:25 [ultranest] [DEBUG] iteration=5760, ncalls=10121, regioncalls=392400, ndraw=40, logz=-69302.31, remainder_fraction=1.7224%, Lmin=-69289.51, Lmax=-69289.42
11:30:25 [ultranest] [DEBUG] iteration=5790, ncalls=10159, regioncalls=393920, ndraw=40, logz=-69302.31, remainder_fraction=1.5821%, Lmin=-69289.50, Lmax=-69289.42
11:30:25 [ultranest] [DEBUG] iteration=5800, ncalls=10179, regioncalls=394720, ndraw=40, logz=-69302.30, remainder_fraction=1.5382%, Lmin=-69289.50, Lmax=-69289.42
11:30:25 [ultranest] [DEBUG] iteration=5824, ncalls=10220, regioncalls=396360, ndraw=40, logz=-69302.30, remainder_fraction=1.4363%, Lmin=-69289.50, Lmax=-69289.42
11:30:25 [ultranest] [DEBUG] iteration=5840, ncalls=10250, regioncalls=397560, ndraw=40, logz=-69302.30, remainder_fraction=1.3722%, Lmin=-69289.50, Lmax=-69289.42
11:30:26 [ultranest] [DEBUG] iteration=5866, ncalls=10289, regioncalls=399120, ndraw=40, logz=-69302.30, remainder_fraction=1.2743%, Lmin=-69289.49, Lmax=-69289.42
11:30:26 [ultranest] [DEBUG] iteration=5880, ncalls=10319, regioncalls=400320, ndraw=40, logz=-69302.30, remainder_fraction=1.2247%, Lmin=-69289.49, Lmax=-69289.42
11:30:26 [ultranest] [DEBUG] iteration=5901, ncalls=10361, regioncalls=402000, ndraw=40, logz=-69302.30, remainder_fraction=1.1535%, Lmin=-69289.49, Lmax=-69289.42
11:30:26 [ultranest] [DEBUG] iteration=5911, ncalls=10380, regioncalls=402840, ndraw=40, logz=-69302.30, remainder_fraction=1.1208%, Lmin=-69289.49, Lmax=-69289.42
11:30:26 [ultranest] [DEBUG] iteration=5920, ncalls=10396, regioncalls=403480, ndraw=40, logz=-69302.30, remainder_fraction=1.0923%, Lmin=-69289.48, Lmax=-69289.42
11:30:26 [ultranest] [DEBUG] iteration=5947, ncalls=10435, regioncalls=405040, ndraw=40, logz=-69302.30, remainder_fraction=1.0115%, Lmin=-69289.48, Lmax=-69289.42
11:30:26 [ultranest] [INFO] Explored until L=-7e+04  
11:30:26 [ultranest] [INFO] Likelihood function evaluations: 10440
11:30:27 [ultranest] [INFO] Writing samples and results to disk ...
11:30:27 [ultranest] [INFO] Writing samples and results to disk ... done
11:30:27 [ultranest] [DEBUG] did a run_iter pass!
11:30:27 [ultranest] [INFO]   logZ = -6.93e+04 +- 0.1234
11:30:27 [ultranest] [INFO] Effective samples strategy satisfied (ESS = 1592.9, need >400)
11:30:27 [ultranest] [INFO] Posterior uncertainty strategy is satisfied (KL: 0.46+-0.08 nat, need <0.50 nat)
11:30:27 [ultranest] [INFO] Evidency uncertainty strategy is satisfied (dlogz=0.12, need <0.5)
11:30:27 [ultranest] [INFO]   logZ error budget: single: 0.18 bs:0.12 tail:0.01 total:0.12 required:<0.50
11:30:27 [ultranest] [INFO] done iterating.
11:30:27 [ultranest] [DEBUG] Making corner plot ...
11:30:28 [ultranest] [DEBUG] Making corner plot ... done
11:30:28 [ultranest] [DEBUG] Making run plot ... 
11:30:29 [ultranest] [DEBUG] Making run plot ... done
11:30:29 [ultranest] [DEBUG] Making trace plot ... 
11:30:30 [ultranest] [DEBUG] Making trace plot ... done
