11:53:09 [ultranest] [DEBUG] ReactiveNestedSampler: dims=2+0, resume=False, log_dir=./m-values/N16/S32/M16/T029/P02/NF2/sample_rho, backend=hdf5, vectorized=False, nbootstraps=30, ndraw=128..65536
11:53:09 [ultranest] [INFO] Sampling 400 live points from prior ...
11:53:10 [ultranest] [DEBUG] run_iter dlogz=0.5, dKL=0.5, frac_remain=0.01, Lepsilon=0.0010, min_ess=400
11:53:10 [ultranest] [DEBUG] max_iters=-1, max_ncalls=-1, max_num_improvement_loops=-1, min_num_live_points=400, cluster_num_live_points=40
11:53:10 [ultranest] [DEBUG] minimal_widths_sequence: [(-inf, 400.0), (inf, 400.0)]
11:53:10 [ultranest] [DEBUG] Plateau detected at L=-1.824753e+07, not replacing live point.
11:53:10 [ultranest] [DEBUG] Plateau detected at L=-1.824753e+07, not replacing live point.
11:53:10 [ultranest] [DEBUG] Plateau detected at L=-1.824753e+07, not replacing live point.
11:53:10 [ultranest] [DEBUG] Plateau detected at L=-1.824753e+07, not replacing live point.
11:53:10 [ultranest] [DEBUG] Plateau detected at L=-1.824753e+07, not replacing live point.
11:53:10 [ultranest] [DEBUG] Plateau detected at L=-1.824753e+07, not replacing live point.
11:53:10 [ultranest] [DEBUG] Plateau detected at L=-1.824753e+07, not replacing live point.
11:53:10 [ultranest] [DEBUG] Plateau detected at L=-1.824753e+07, not replacing live point.
11:53:10 [ultranest] [DEBUG] Plateau detected at L=-1.824753e+07, not replacing live point.
11:53:10 [ultranest] [DEBUG] Plateau detected at L=-1.824753e+07, not replacing live point.
11:53:10 [ultranest] [DEBUG] Plateau detected at L=-1.824753e+07, not replacing live point.
11:53:10 [ultranest] [DEBUG] Plateau detected at L=-1.824753e+07, not replacing live point.
11:53:10 [ultranest] [DEBUG] Plateau detected at L=-1.824753e+07, not replacing live point.
11:53:10 [ultranest] [DEBUG] Plateau detected at L=-1.824753e+07, not replacing live point.
11:53:10 [ultranest] [DEBUG] Plateau detected at L=-1.824753e+07, not replacing live point.
11:53:10 [ultranest] [DEBUG] Plateau detected at L=-1.824753e+07, not replacing live point.
11:53:10 [ultranest] [DEBUG] Plateau detected at L=-1.824753e+07, not replacing live point.
11:53:10 [ultranest] [DEBUG] Plateau detected at L=-1.824753e+07, not replacing live point.
11:53:10 [ultranest] [DEBUG] Plateau detected at L=-1.824753e+07, not replacing live point.
11:53:10 [ultranest] [DEBUG] iteration=19, ncalls=401, regioncalls=40, ndraw=40, logz=-18247529.39, remainder_fraction=100.0000%, Lmin=-18247526.34, Lmax=-142235.19
11:53:10 [ultranest] [DEBUG] iteration=40, ncalls=423, regioncalls=920, ndraw=40, logz=-166203.92, remainder_fraction=100.0000%, Lmin=-166178.63, Lmax=-142235.19
11:53:10 [ultranest] [DEBUG] iteration=64, ncalls=449, regioncalls=1960, ndraw=40, logz=-162184.76, remainder_fraction=100.0000%, Lmin=-162129.53, Lmax=-142235.19
11:53:10 [ultranest] [DEBUG] iteration=80, ncalls=468, regioncalls=2720, ndraw=40, logz=-160487.03, remainder_fraction=100.0000%, Lmin=-160365.75, Lmax=-142235.19
11:53:11 [ultranest] [DEBUG] iteration=98, ncalls=496, regioncalls=3840, ndraw=40, logz=-158758.21, remainder_fraction=100.0000%, Lmin=-158635.17, Lmax=-142235.19
11:53:11 [ultranest] [DEBUG] iteration=120, ncalls=521, regioncalls=4840, ndraw=40, logz=-157266.22, remainder_fraction=100.0000%, Lmin=-157253.80, Lmax=-142235.19
11:53:11 [ultranest] [DEBUG] iteration=140, ncalls=548, regioncalls=5920, ndraw=40, logz=-156086.26, remainder_fraction=100.0000%, Lmin=-156046.40, Lmax=-142235.19
11:53:11 [ultranest] [DEBUG] iteration=160, ncalls=569, regioncalls=6760, ndraw=40, logz=-154553.28, remainder_fraction=100.0000%, Lmin=-154515.29, Lmax=-142231.43
11:53:11 [ultranest] [DEBUG] iteration=182, ncalls=596, regioncalls=7840, ndraw=40, logz=-153565.27, remainder_fraction=100.0000%, Lmin=-153545.93, Lmax=-142231.43
11:53:11 [ultranest] [DEBUG] iteration=191, ncalls=608, regioncalls=8320, ndraw=40, logz=-153240.72, remainder_fraction=100.0000%, Lmin=-153081.33, Lmax=-142231.43
11:53:11 [ultranest] [DEBUG] iteration=200, ncalls=619, regioncalls=8760, ndraw=40, logz=-152753.71, remainder_fraction=100.0000%, Lmin=-152746.25, Lmax=-142231.43
11:53:11 [ultranest] [DEBUG] iteration=224, ncalls=646, regioncalls=9840, ndraw=40, logz=-151879.92, remainder_fraction=100.0000%, Lmin=-151823.56, Lmax=-142231.43
11:53:11 [ultranest] [DEBUG] iteration=240, ncalls=672, regioncalls=10880, ndraw=40, logz=-151257.30, remainder_fraction=100.0000%, Lmin=-151178.16, Lmax=-142231.43
11:53:11 [ultranest] [DEBUG] iteration=265, ncalls=698, regioncalls=11920, ndraw=40, logz=-150526.20, remainder_fraction=100.0000%, Lmin=-150517.90, Lmax=-142231.43
11:53:11 [ultranest] [DEBUG] iteration=277, ncalls=711, regioncalls=12440, ndraw=40, logz=-150059.22, remainder_fraction=100.0000%, Lmin=-150028.84, Lmax=-142231.43
11:53:11 [ultranest] [DEBUG] iteration=280, ncalls=715, regioncalls=12600, ndraw=40, logz=-150013.93, remainder_fraction=100.0000%, Lmin=-149948.05, Lmax=-142231.43
11:53:12 [ultranest] [DEBUG] iteration=303, ncalls=742, regioncalls=13680, ndraw=40, logz=-149286.34, remainder_fraction=100.0000%, Lmin=-149273.50, Lmax=-142231.43
11:53:12 [ultranest] [DEBUG] iteration=320, ncalls=765, regioncalls=14600, ndraw=40, logz=-148950.20, remainder_fraction=100.0000%, Lmin=-148917.42, Lmax=-142231.43
11:53:12 [ultranest] [DEBUG] iteration=343, ncalls=792, regioncalls=15680, ndraw=40, logz=-148443.76, remainder_fraction=100.0000%, Lmin=-148401.03, Lmax=-142231.43
11:53:12 [ultranest] [DEBUG] iteration=360, ncalls=814, regioncalls=16560, ndraw=40, logz=-148106.92, remainder_fraction=100.0000%, Lmin=-148078.26, Lmax=-142231.43
11:53:12 [ultranest] [DEBUG] iteration=379, ncalls=840, regioncalls=17600, ndraw=40, logz=-147848.29, remainder_fraction=100.0000%, Lmin=-147834.41, Lmax=-142231.43
11:53:12 [ultranest] [DEBUG] iteration=399, ncalls=867, regioncalls=18680, ndraw=40, logz=-147402.80, remainder_fraction=100.0000%, Lmin=-147392.14, Lmax=-142231.43
11:53:12 [ultranest] [DEBUG] iteration=400, ncalls=869, regioncalls=18760, ndraw=40, logz=-147399.11, remainder_fraction=100.0000%, Lmin=-147386.52, Lmax=-142231.43
11:53:12 [ultranest] [DEBUG] iteration=424, ncalls=897, regioncalls=19880, ndraw=40, logz=-146988.52, remainder_fraction=100.0000%, Lmin=-146915.15, Lmax=-142231.43
11:53:12 [ultranest] [DEBUG] iteration=440, ncalls=914, regioncalls=20560, ndraw=40, logz=-146698.67, remainder_fraction=100.0000%, Lmin=-146683.23, Lmax=-142231.43
11:53:12 [ultranest] [DEBUG] iteration=449, ncalls=923, regioncalls=20920, ndraw=40, logz=-146547.68, remainder_fraction=100.0000%, Lmin=-146537.65, Lmax=-142231.43
11:53:12 [ultranest] [DEBUG] iteration=470, ncalls=950, regioncalls=22000, ndraw=40, logz=-146265.03, remainder_fraction=100.0000%, Lmin=-146248.04, Lmax=-142231.43
11:53:12 [ultranest] [DEBUG] iteration=480, ncalls=968, regioncalls=22720, ndraw=40, logz=-146166.74, remainder_fraction=100.0000%, Lmin=-146155.51, Lmax=-142231.43
11:53:12 [ultranest] [DEBUG] iteration=503, ncalls=995, regioncalls=23800, ndraw=40, logz=-145826.08, remainder_fraction=100.0000%, Lmin=-145806.65, Lmax=-142231.43
11:53:13 [ultranest] [DEBUG] iteration=520, ncalls=1016, regioncalls=24640, ndraw=40, logz=-145620.50, remainder_fraction=100.0000%, Lmin=-145601.42, Lmax=-142231.43
11:53:13 [ultranest] [DEBUG] iteration=535, ncalls=1036, regioncalls=25440, ndraw=40, logz=-145430.41, remainder_fraction=100.0000%, Lmin=-145409.80, Lmax=-142231.43
11:53:13 [ultranest] [DEBUG] iteration=556, ncalls=1063, regioncalls=26520, ndraw=40, logz=-145268.95, remainder_fraction=100.0000%, Lmin=-145255.91, Lmax=-142231.43
11:53:13 [ultranest] [DEBUG] iteration=560, ncalls=1067, regioncalls=26680, ndraw=40, logz=-145256.39, remainder_fraction=100.0000%, Lmin=-145247.37, Lmax=-142231.43
11:53:13 [ultranest] [DEBUG] iteration=580, ncalls=1094, regioncalls=27760, ndraw=40, logz=-145068.39, remainder_fraction=100.0000%, Lmin=-145050.05, Lmax=-142231.43
11:53:13 [ultranest] [DEBUG] iteration=600, ncalls=1120, regioncalls=28800, ndraw=40, logz=-144871.49, remainder_fraction=100.0000%, Lmin=-144862.64, Lmax=-142231.43
11:53:13 [ultranest] [DEBUG] iteration=621, ncalls=1146, regioncalls=29840, ndraw=40, logz=-144754.35, remainder_fraction=100.0000%, Lmin=-144745.88, Lmax=-142231.43
11:53:13 [ultranest] [DEBUG] iteration=640, ncalls=1170, regioncalls=30800, ndraw=40, logz=-144571.49, remainder_fraction=100.0000%, Lmin=-144563.47, Lmax=-142231.43
11:53:13 [ultranest] [DEBUG] iteration=663, ncalls=1197, regioncalls=31880, ndraw=40, logz=-144423.01, remainder_fraction=100.0000%, Lmin=-144405.79, Lmax=-142231.43
11:53:13 [ultranest] [DEBUG] iteration=680, ncalls=1215, regioncalls=32600, ndraw=40, logz=-144329.49, remainder_fraction=100.0000%, Lmin=-144318.83, Lmax=-142231.43
11:53:13 [ultranest] [DEBUG] iteration=700, ncalls=1243, regioncalls=33720, ndraw=40, logz=-144225.60, remainder_fraction=100.0000%, Lmin=-144204.27, Lmax=-142231.43
11:53:14 [ultranest] [DEBUG] iteration=720, ncalls=1268, regioncalls=34720, ndraw=40, logz=-144083.75, remainder_fraction=100.0000%, Lmin=-144074.38, Lmax=-142231.43
11:53:14 [ultranest] [DEBUG] iteration=742, ncalls=1295, regioncalls=35800, ndraw=40, logz=-143967.51, remainder_fraction=100.0000%, Lmin=-143955.11, Lmax=-142231.43
11:53:14 [ultranest] [DEBUG] iteration=760, ncalls=1318, regioncalls=36720, ndraw=40, logz=-143842.45, remainder_fraction=100.0000%, Lmin=-143833.22, Lmax=-142231.43
11:53:14 [ultranest] [DEBUG] iteration=781, ncalls=1345, regioncalls=37800, ndraw=40, logz=-143766.66, remainder_fraction=100.0000%, Lmin=-143750.66, Lmax=-142231.43
11:53:14 [ultranest] [DEBUG] iteration=793, ncalls=1361, regioncalls=38440, ndraw=40, logz=-143709.37, remainder_fraction=100.0000%, Lmin=-143697.31, Lmax=-142231.43
11:53:14 [ultranest] [DEBUG] iteration=800, ncalls=1369, regioncalls=38760, ndraw=40, logz=-143678.78, remainder_fraction=100.0000%, Lmin=-143659.16, Lmax=-142231.43
11:53:14 [ultranest] [DEBUG] iteration=822, ncalls=1398, regioncalls=39920, ndraw=40, logz=-143603.81, remainder_fraction=100.0000%, Lmin=-143594.76, Lmax=-142231.43
11:53:14 [ultranest] [DEBUG] iteration=840, ncalls=1420, regioncalls=40800, ndraw=40, logz=-143552.82, remainder_fraction=100.0000%, Lmin=-143542.82, Lmax=-142231.43
11:53:14 [ultranest] [DEBUG] iteration=862, ncalls=1447, regioncalls=41880, ndraw=40, logz=-143470.41, remainder_fraction=100.0000%, Lmin=-143459.63, Lmax=-142231.43
11:53:14 [ultranest] [DEBUG] iteration=879, ncalls=1470, regioncalls=42840, ndraw=40, logz=-143419.23, remainder_fraction=100.0000%, Lmin=-143408.32, Lmax=-142231.43
11:53:14 [ultranest] [DEBUG] iteration=880, ncalls=1471, regioncalls=42880, ndraw=40, logz=-143416.51, remainder_fraction=100.0000%, Lmin=-143407.08, Lmax=-142231.43
11:53:14 [ultranest] [DEBUG] iteration=900, ncalls=1498, regioncalls=43960, ndraw=40, logz=-143333.67, remainder_fraction=100.0000%, Lmin=-143313.60, Lmax=-142231.43
11:53:15 [ultranest] [DEBUG] iteration=920, ncalls=1524, regioncalls=45000, ndraw=40, logz=-143266.09, remainder_fraction=100.0000%, Lmin=-143240.74, Lmax=-142231.43
11:53:15 [ultranest] [DEBUG] iteration=936, ncalls=1553, regioncalls=46160, ndraw=40, logz=-143222.85, remainder_fraction=100.0000%, Lmin=-143214.69, Lmax=-142231.43
11:53:15 [ultranest] [DEBUG] iteration=957, ncalls=1583, regioncalls=47360, ndraw=40, logz=-143160.48, remainder_fraction=100.0000%, Lmin=-143148.82, Lmax=-142231.43
11:53:15 [ultranest] [DEBUG] iteration=960, ncalls=1590, regioncalls=47640, ndraw=40, logz=-143147.14, remainder_fraction=100.0000%, Lmin=-143136.26, Lmax=-142231.43
11:53:15 [ultranest] [DEBUG] iteration=965, ncalls=1598, regioncalls=47960, ndraw=40, logz=-143135.32, remainder_fraction=100.0000%, Lmin=-143127.39, Lmax=-142231.43
11:53:15 [ultranest] [DEBUG] iteration=988, ncalls=1625, regioncalls=49040, ndraw=40, logz=-143086.75, remainder_fraction=100.0000%, Lmin=-143077.95, Lmax=-142231.43
11:53:15 [ultranest] [DEBUG] iteration=1000, ncalls=1641, regioncalls=49680, ndraw=40, logz=-143039.71, remainder_fraction=100.0000%, Lmin=-143029.64, Lmax=-142231.43
11:53:15 [ultranest] [DEBUG] iteration=1018, ncalls=1669, regioncalls=50840, ndraw=40, logz=-143019.38, remainder_fraction=100.0000%, Lmin=-143009.73, Lmax=-142231.43
11:53:15 [ultranest] [DEBUG] iteration=1037, ncalls=1697, regioncalls=51960, ndraw=40, logz=-142994.63, remainder_fraction=100.0000%, Lmin=-142985.54, Lmax=-142231.43
11:53:15 [ultranest] [DEBUG] iteration=1040, ncalls=1704, regioncalls=52240, ndraw=40, logz=-142992.64, remainder_fraction=100.0000%, Lmin=-142984.20, Lmax=-142231.43
11:53:15 [ultranest] [DEBUG] iteration=1051, ncalls=1718, regioncalls=52800, ndraw=40, logz=-142980.60, remainder_fraction=100.0000%, Lmin=-142968.60, Lmax=-142231.43
11:53:15 [ultranest] [DEBUG] iteration=1073, ncalls=1745, regioncalls=53880, ndraw=40, logz=-142918.63, remainder_fraction=100.0000%, Lmin=-142909.35, Lmax=-142231.43
11:53:15 [ultranest] [DEBUG] iteration=1080, ncalls=1753, regioncalls=54200, ndraw=40, logz=-142910.04, remainder_fraction=100.0000%, Lmin=-142899.82, Lmax=-142231.43
11:53:15 [ultranest] [DEBUG] iteration=1094, ncalls=1781, regioncalls=55400, ndraw=40, logz=-142886.60, remainder_fraction=100.0000%, Lmin=-142873.95, Lmax=-142231.43
11:53:16 [ultranest] [DEBUG] iteration=1111, ncalls=1809, regioncalls=56520, ndraw=40, logz=-142842.25, remainder_fraction=100.0000%, Lmin=-142833.19, Lmax=-142231.43
11:53:16 [ultranest] [DEBUG] iteration=1120, ncalls=1823, regioncalls=57080, ndraw=40, logz=-142830.39, remainder_fraction=100.0000%, Lmin=-142819.27, Lmax=-142231.43
11:53:16 [ultranest] [DEBUG] iteration=1135, ncalls=1851, regioncalls=58200, ndraw=40, logz=-142798.38, remainder_fraction=100.0000%, Lmin=-142788.45, Lmax=-142231.43
11:53:16 [ultranest] [DEBUG] iteration=1137, ncalls=1853, regioncalls=58280, ndraw=40, logz=-142795.38, remainder_fraction=100.0000%, Lmin=-142785.74, Lmax=-142231.43
11:53:16 [ultranest] [DEBUG] iteration=1157, ncalls=1881, regioncalls=59400, ndraw=40, logz=-142775.84, remainder_fraction=100.0000%, Lmin=-142766.86, Lmax=-142231.43
11:53:16 [ultranest] [DEBUG] iteration=1160, ncalls=1884, regioncalls=59520, ndraw=40, logz=-142773.44, remainder_fraction=100.0000%, Lmin=-142760.84, Lmax=-142231.43
11:53:16 [ultranest] [DEBUG] iteration=1180, ncalls=1911, regioncalls=60720, ndraw=40, logz=-142749.61, remainder_fraction=100.0000%, Lmin=-142741.18, Lmax=-142231.43
11:53:16 [ultranest] [DEBUG] iteration=1200, ncalls=1935, regioncalls=61680, ndraw=40, logz=-142726.15, remainder_fraction=100.0000%, Lmin=-142714.48, Lmax=-142231.43
11:53:16 [ultranest] [DEBUG] iteration=1221, ncalls=1962, regioncalls=62760, ndraw=40, logz=-142706.77, remainder_fraction=100.0000%, Lmin=-142698.09, Lmax=-142231.43
11:53:16 [ultranest] [DEBUG] iteration=1223, ncalls=1964, regioncalls=62840, ndraw=40, logz=-142702.40, remainder_fraction=100.0000%, Lmin=-142693.09, Lmax=-142231.43
11:53:16 [ultranest] [DEBUG] iteration=1240, ncalls=1986, regioncalls=63800, ndraw=40, logz=-142677.91, remainder_fraction=100.0000%, Lmin=-142668.78, Lmax=-142231.43
11:53:16 [ultranest] [DEBUG] iteration=1265, ncalls=2012, regioncalls=64840, ndraw=40, logz=-142664.31, remainder_fraction=100.0000%, Lmin=-142655.69, Lmax=-142231.43
11:53:16 [ultranest] [DEBUG] iteration=1280, ncalls=2033, regioncalls=65680, ndraw=40, logz=-142646.30, remainder_fraction=100.0000%, Lmin=-142635.56, Lmax=-142231.43
11:53:17 [ultranest] [DEBUG] iteration=1301, ncalls=2060, regioncalls=66760, ndraw=40, logz=-142630.05, remainder_fraction=100.0000%, Lmin=-142620.98, Lmax=-142231.43
11:53:17 [ultranest] [DEBUG] iteration=1319, ncalls=2085, regioncalls=67760, ndraw=40, logz=-142613.16, remainder_fraction=100.0000%, Lmin=-142604.92, Lmax=-142231.43
11:53:17 [ultranest] [DEBUG] iteration=1320, ncalls=2086, regioncalls=67800, ndraw=40, logz=-142612.88, remainder_fraction=100.0000%, Lmin=-142602.25, Lmax=-142231.43
11:53:17 [ultranest] [DEBUG] iteration=1337, ncalls=2114, regioncalls=68920, ndraw=40, logz=-142597.94, remainder_fraction=100.0000%, Lmin=-142589.14, Lmax=-142231.43
11:53:17 [ultranest] [DEBUG] iteration=1356, ncalls=2142, regioncalls=70040, ndraw=40, logz=-142581.37, remainder_fraction=100.0000%, Lmin=-142572.53, Lmax=-142231.43
11:53:17 [ultranest] [DEBUG] iteration=1360, ncalls=2147, regioncalls=70240, ndraw=40, logz=-142579.17, remainder_fraction=100.0000%, Lmin=-142569.90, Lmax=-142231.43
11:53:17 [ultranest] [DEBUG] iteration=1379, ncalls=2177, regioncalls=71440, ndraw=40, logz=-142564.43, remainder_fraction=100.0000%, Lmin=-142555.11, Lmax=-142231.43
11:53:17 [ultranest] [DEBUG] iteration=1395, ncalls=2199, regioncalls=72320, ndraw=40, logz=-142549.42, remainder_fraction=100.0000%, Lmin=-142537.11, Lmax=-142231.43
11:53:17 [ultranest] [DEBUG] iteration=1400, ncalls=2205, regioncalls=72640, ndraw=40, logz=-142543.58, remainder_fraction=100.0000%, Lmin=-142533.84, Lmax=-142231.08
11:53:17 [ultranest] [DEBUG] iteration=1425, ncalls=2231, regioncalls=73680, ndraw=40, logz=-142527.77, remainder_fraction=100.0000%, Lmin=-142518.84, Lmax=-142231.08
11:53:17 [ultranest] [DEBUG] iteration=1440, ncalls=2251, regioncalls=74480, ndraw=40, logz=-142520.40, remainder_fraction=100.0000%, Lmin=-142511.90, Lmax=-142231.08
11:53:17 [ultranest] [DEBUG] iteration=1459, ncalls=2278, regioncalls=75560, ndraw=40, logz=-142507.30, remainder_fraction=100.0000%, Lmin=-142497.36, Lmax=-142231.08
11:53:17 [ultranest] [DEBUG] iteration=1480, ncalls=2300, regioncalls=76440, ndraw=40, logz=-142498.10, remainder_fraction=100.0000%, Lmin=-142488.06, Lmax=-142231.08
11:53:17 [ultranest] [DEBUG] iteration=1481, ncalls=2301, regioncalls=76520, ndraw=40, logz=-142497.29, remainder_fraction=100.0000%, Lmin=-142487.85, Lmax=-142231.08
11:53:18 [ultranest] [DEBUG] iteration=1506, ncalls=2327, regioncalls=77560, ndraw=40, logz=-142483.50, remainder_fraction=100.0000%, Lmin=-142474.48, Lmax=-142231.08
11:53:18 [ultranest] [DEBUG] iteration=1520, ncalls=2351, regioncalls=78520, ndraw=40, logz=-142476.83, remainder_fraction=100.0000%, Lmin=-142467.80, Lmax=-142231.08
11:53:18 [ultranest] [DEBUG] iteration=1542, ncalls=2378, regioncalls=79600, ndraw=40, logz=-142460.85, remainder_fraction=100.0000%, Lmin=-142451.50, Lmax=-142231.08
11:53:18 [ultranest] [DEBUG] iteration=1560, ncalls=2399, regioncalls=80440, ndraw=40, logz=-142452.94, remainder_fraction=100.0000%, Lmin=-142443.41, Lmax=-142231.08
11:53:18 [ultranest] [DEBUG] iteration=1579, ncalls=2426, regioncalls=81520, ndraw=40, logz=-142443.69, remainder_fraction=100.0000%, Lmin=-142433.31, Lmax=-142231.08
11:53:18 [ultranest] [DEBUG] iteration=1600, ncalls=2453, regioncalls=82600, ndraw=40, logz=-142432.25, remainder_fraction=100.0000%, Lmin=-142422.59, Lmax=-142231.08
11:53:18 [ultranest] [DEBUG] iteration=1616, ncalls=2481, regioncalls=83720, ndraw=40, logz=-142425.97, remainder_fraction=100.0000%, Lmin=-142416.90, Lmax=-142231.08
11:53:18 [ultranest] [DEBUG] iteration=1637, ncalls=2508, regioncalls=84800, ndraw=40, logz=-142417.98, remainder_fraction=100.0000%, Lmin=-142408.88, Lmax=-142231.08
11:53:18 [ultranest] [DEBUG] iteration=1640, ncalls=2511, regioncalls=84920, ndraw=40, logz=-142417.20, remainder_fraction=100.0000%, Lmin=-142408.47, Lmax=-142231.08
11:53:18 [ultranest] [DEBUG] iteration=1653, ncalls=2535, regioncalls=85920, ndraw=40, logz=-142412.02, remainder_fraction=100.0000%, Lmin=-142402.20, Lmax=-142231.08
11:53:18 [ultranest] [DEBUG] iteration=1676, ncalls=2562, regioncalls=87000, ndraw=40, logz=-142398.87, remainder_fraction=100.0000%, Lmin=-142388.52, Lmax=-142231.08
11:53:18 [ultranest] [DEBUG] iteration=1680, ncalls=2566, regioncalls=87160, ndraw=40, logz=-142396.54, remainder_fraction=100.0000%, Lmin=-142387.10, Lmax=-142231.08
11:53:19 [ultranest] [DEBUG] iteration=1702, ncalls=2593, regioncalls=88240, ndraw=40, logz=-142385.12, remainder_fraction=100.0000%, Lmin=-142375.65, Lmax=-142231.08
11:53:19 [ultranest] [DEBUG] iteration=1716, ncalls=2614, regioncalls=89080, ndraw=40, logz=-142379.56, remainder_fraction=100.0000%, Lmin=-142369.93, Lmax=-142231.08
11:53:19 [ultranest] [DEBUG] iteration=1720, ncalls=2620, regioncalls=89320, ndraw=40, logz=-142378.07, remainder_fraction=100.0000%, Lmin=-142368.01, Lmax=-142231.08
11:53:19 [ultranest] [DEBUG] iteration=1742, ncalls=2644, regioncalls=90280, ndraw=40, logz=-142369.69, remainder_fraction=100.0000%, Lmin=-142360.33, Lmax=-142231.08
11:53:19 [ultranest] [DEBUG] iteration=1760, ncalls=2663, regioncalls=91040, ndraw=40, logz=-142363.32, remainder_fraction=100.0000%, Lmin=-142354.02, Lmax=-142231.08
11:53:19 [ultranest] [DEBUG] iteration=1779, ncalls=2691, regioncalls=92160, ndraw=40, logz=-142357.11, remainder_fraction=100.0000%, Lmin=-142347.13, Lmax=-142231.08
11:53:19 [ultranest] [DEBUG] iteration=1798, ncalls=2718, regioncalls=93240, ndraw=40, logz=-142352.28, remainder_fraction=100.0000%, Lmin=-142342.70, Lmax=-142231.08
11:53:19 [ultranest] [DEBUG] iteration=1800, ncalls=2722, regioncalls=93400, ndraw=40, logz=-142351.71, remainder_fraction=100.0000%, Lmin=-142341.94, Lmax=-142231.08
11:53:19 [ultranest] [DEBUG] iteration=1820, ncalls=2749, regioncalls=94480, ndraw=40, logz=-142344.60, remainder_fraction=100.0000%, Lmin=-142335.70, Lmax=-142231.08
11:53:19 [ultranest] [DEBUG] iteration=1825, ncalls=2757, regioncalls=94800, ndraw=40, logz=-142343.62, remainder_fraction=100.0000%, Lmin=-142334.13, Lmax=-142231.08
11:53:19 [ultranest] [DEBUG] iteration=1840, ncalls=2774, regioncalls=95560, ndraw=40, logz=-142339.07, remainder_fraction=100.0000%, Lmin=-142329.91, Lmax=-142231.08
11:53:19 [ultranest] [DEBUG] iteration=1862, ncalls=2802, regioncalls=96680, ndraw=40, logz=-142333.01, remainder_fraction=100.0000%, Lmin=-142323.87, Lmax=-142231.08
11:53:19 [ultranest] [DEBUG] iteration=1880, ncalls=2825, regioncalls=97600, ndraw=40, logz=-142325.43, remainder_fraction=100.0000%, Lmin=-142315.43, Lmax=-142231.08
11:53:20 [ultranest] [DEBUG] iteration=1901, ncalls=2853, regioncalls=98720, ndraw=40, logz=-142319.16, remainder_fraction=100.0000%, Lmin=-142309.68, Lmax=-142231.08
11:53:20 [ultranest] [DEBUG] iteration=1911, ncalls=2867, regioncalls=99320, ndraw=40, logz=-142317.39, remainder_fraction=100.0000%, Lmin=-142308.16, Lmax=-142231.08
11:53:20 [ultranest] [DEBUG] iteration=1920, ncalls=2878, regioncalls=99760, ndraw=40, logz=-142315.57, remainder_fraction=100.0000%, Lmin=-142306.39, Lmax=-142231.08
11:53:20 [ultranest] [DEBUG] iteration=1939, ncalls=2905, regioncalls=100840, ndraw=40, logz=-142310.87, remainder_fraction=100.0000%, Lmin=-142301.43, Lmax=-142231.08
11:53:20 [ultranest] [DEBUG] iteration=1960, ncalls=2934, regioncalls=102000, ndraw=40, logz=-142306.81, remainder_fraction=100.0000%, Lmin=-142297.53, Lmax=-142231.08
11:53:20 [ultranest] [DEBUG] iteration=1978, ncalls=2962, regioncalls=103120, ndraw=40, logz=-142303.32, remainder_fraction=100.0000%, Lmin=-142294.01, Lmax=-142231.08
11:53:20 [ultranest] [DEBUG] iteration=1997, ncalls=2990, regioncalls=104320, ndraw=40, logz=-142300.39, remainder_fraction=100.0000%, Lmin=-142291.26, Lmax=-142231.08
11:53:20 [ultranest] [DEBUG] iteration=2000, ncalls=2993, regioncalls=104440, ndraw=40, logz=-142299.90, remainder_fraction=100.0000%, Lmin=-142290.04, Lmax=-142231.08
11:53:20 [ultranest] [DEBUG] iteration=2024, ncalls=3019, regioncalls=105560, ndraw=40, logz=-142296.01, remainder_fraction=100.0000%, Lmin=-142286.62, Lmax=-142231.08
11:53:20 [ultranest] [DEBUG] iteration=2040, ncalls=3041, regioncalls=106440, ndraw=40, logz=-142293.44, remainder_fraction=100.0000%, Lmin=-142284.00, Lmax=-142231.08
11:53:20 [ultranest] [DEBUG] iteration=2062, ncalls=3065, regioncalls=107400, ndraw=40, logz=-142290.29, remainder_fraction=100.0000%, Lmin=-142281.07, Lmax=-142231.08
11:53:21 [ultranest] [DEBUG] iteration=2080, ncalls=3090, regioncalls=108400, ndraw=40, logz=-142288.25, remainder_fraction=100.0000%, Lmin=-142278.59, Lmax=-142231.08
11:53:21 [ultranest] [DEBUG] iteration=2097, ncalls=3116, regioncalls=109440, ndraw=40, logz=-142285.67, remainder_fraction=100.0000%, Lmin=-142276.35, Lmax=-142231.08
11:53:21 [ultranest] [DEBUG] iteration=2120, ncalls=3142, regioncalls=110480, ndraw=40, logz=-142283.32, remainder_fraction=100.0000%, Lmin=-142274.03, Lmax=-142231.08
11:53:21 [ultranest] [DEBUG] iteration=2141, ncalls=3169, regioncalls=111560, ndraw=40, logz=-142280.72, remainder_fraction=100.0000%, Lmin=-142271.14, Lmax=-142231.08
11:53:21 [ultranest] [DEBUG] iteration=2160, ncalls=3197, regioncalls=112680, ndraw=40, logz=-142278.10, remainder_fraction=100.0000%, Lmin=-142268.48, Lmax=-142231.08
11:53:21 [ultranest] [DEBUG] iteration=2169, ncalls=3206, regioncalls=113080, ndraw=40, logz=-142277.04, remainder_fraction=100.0000%, Lmin=-142267.72, Lmax=-142231.08
11:53:21 [ultranest] [DEBUG] iteration=2194, ncalls=3232, regioncalls=114120, ndraw=40, logz=-142274.72, remainder_fraction=100.0000%, Lmin=-142265.64, Lmax=-142231.08
11:53:21 [ultranest] [DEBUG] iteration=2200, ncalls=3238, regioncalls=114360, ndraw=40, logz=-142274.31, remainder_fraction=100.0000%, Lmin=-142265.29, Lmax=-142231.08
11:53:21 [ultranest] [DEBUG] iteration=2222, ncalls=3265, regioncalls=115440, ndraw=40, logz=-142272.28, remainder_fraction=100.0000%, Lmin=-142262.95, Lmax=-142231.08
11:53:21 [ultranest] [DEBUG] iteration=2240, ncalls=3287, regioncalls=116320, ndraw=40, logz=-142270.88, remainder_fraction=100.0000%, Lmin=-142261.52, Lmax=-142231.08
11:53:21 [ultranest] [DEBUG] iteration=2255, ncalls=3306, regioncalls=117160, ndraw=40, logz=-142269.75, remainder_fraction=100.0000%, Lmin=-142260.44, Lmax=-142231.08
11:53:21 [ultranest] [DEBUG] iteration=2278, ncalls=3333, regioncalls=118280, ndraw=40, logz=-142268.04, remainder_fraction=100.0000%, Lmin=-142258.79, Lmax=-142231.08
11:53:21 [ultranest] [DEBUG] iteration=2280, ncalls=3338, regioncalls=118480, ndraw=40, logz=-142267.91, remainder_fraction=100.0000%, Lmin=-142258.62, Lmax=-142231.08
11:53:22 [ultranest] [DEBUG] iteration=2302, ncalls=3365, regioncalls=119560, ndraw=40, logz=-142266.54, remainder_fraction=100.0000%, Lmin=-142257.26, Lmax=-142231.08
11:53:22 [ultranest] [DEBUG] iteration=2320, ncalls=3389, regioncalls=120520, ndraw=40, logz=-142265.33, remainder_fraction=100.0000%, Lmin=-142255.93, Lmax=-142231.08
11:53:22 [ultranest] [DEBUG] iteration=2339, ncalls=3416, regioncalls=121600, ndraw=40, logz=-142264.18, remainder_fraction=100.0000%, Lmin=-142255.03, Lmax=-142231.08
11:53:22 [ultranest] [DEBUG] iteration=2341, ncalls=3418, regioncalls=121720, ndraw=40, logz=-142264.08, remainder_fraction=100.0000%, Lmin=-142254.81, Lmax=-142231.08
11:53:22 [ultranest] [DEBUG] iteration=2360, ncalls=3440, regioncalls=122640, ndraw=40, logz=-142262.97, remainder_fraction=100.0000%, Lmin=-142253.77, Lmax=-142231.08
11:53:22 [ultranest] [DEBUG] iteration=2382, ncalls=3468, regioncalls=123760, ndraw=40, logz=-142261.87, remainder_fraction=100.0000%, Lmin=-142252.51, Lmax=-142231.08
11:53:22 [ultranest] [DEBUG] iteration=2400, ncalls=3491, regioncalls=124680, ndraw=40, logz=-142260.96, remainder_fraction=100.0000%, Lmin=-142251.80, Lmax=-142231.08
11:53:22 [ultranest] [DEBUG] iteration=2421, ncalls=3518, regioncalls=125760, ndraw=40, logz=-142260.05, remainder_fraction=100.0000%, Lmin=-142250.60, Lmax=-142231.08
11:53:22 [ultranest] [DEBUG] iteration=2427, ncalls=3525, regioncalls=126080, ndraw=40, logz=-142259.72, remainder_fraction=100.0000%, Lmin=-142250.31, Lmax=-142231.08
11:53:22 [ultranest] [DEBUG] iteration=2440, ncalls=3538, regioncalls=126600, ndraw=40, logz=-142259.03, remainder_fraction=100.0000%, Lmin=-142249.50, Lmax=-142231.08
11:53:22 [ultranest] [DEBUG] iteration=2463, ncalls=3565, regioncalls=127680, ndraw=40, logz=-142257.78, remainder_fraction=100.0000%, Lmin=-142248.30, Lmax=-142231.08
11:53:22 [ultranest] [DEBUG] iteration=2480, ncalls=3584, regioncalls=128440, ndraw=40, logz=-142257.03, remainder_fraction=100.0000%, Lmin=-142247.65, Lmax=-142231.08
11:53:23 [ultranest] [DEBUG] iteration=2500, ncalls=3611, regioncalls=129520, ndraw=40, logz=-142256.19, remainder_fraction=100.0000%, Lmin=-142246.84, Lmax=-142231.08
11:53:23 [ultranest] [DEBUG] iteration=2518, ncalls=3636, regioncalls=130520, ndraw=40, logz=-142255.47, remainder_fraction=100.0000%, Lmin=-142246.17, Lmax=-142231.08
11:53:23 [ultranest] [DEBUG] iteration=2520, ncalls=3638, regioncalls=130600, ndraw=40, logz=-142255.40, remainder_fraction=100.0000%, Lmin=-142246.04, Lmax=-142231.08
11:53:23 [ultranest] [DEBUG] iteration=2542, ncalls=3665, regioncalls=131680, ndraw=40, logz=-142254.63, remainder_fraction=99.9999%, Lmin=-142245.39, Lmax=-142231.08
11:53:23 [ultranest] [DEBUG] iteration=2560, ncalls=3687, regioncalls=132560, ndraw=40, logz=-142253.94, remainder_fraction=99.9999%, Lmin=-142244.54, Lmax=-142231.08
11:53:23 [ultranest] [DEBUG] iteration=2579, ncalls=3715, regioncalls=133680, ndraw=40, logz=-142253.21, remainder_fraction=99.9997%, Lmin=-142243.84, Lmax=-142231.08
11:53:23 [ultranest] [DEBUG] iteration=2599, ncalls=3741, regioncalls=134760, ndraw=40, logz=-142252.42, remainder_fraction=99.9994%, Lmin=-142242.85, Lmax=-142231.08
11:53:23 [ultranest] [DEBUG] iteration=2600, ncalls=3742, regioncalls=134800, ndraw=40, logz=-142252.38, remainder_fraction=99.9994%, Lmin=-142242.84, Lmax=-142231.08
11:53:23 [ultranest] [DEBUG] iteration=2621, ncalls=3769, regioncalls=135880, ndraw=40, logz=-142251.61, remainder_fraction=99.9986%, Lmin=-142242.18, Lmax=-142231.08
11:53:23 [ultranest] [DEBUG] iteration=2640, ncalls=3794, regioncalls=136880, ndraw=40, logz=-142250.96, remainder_fraction=99.9974%, Lmin=-142241.48, Lmax=-142231.08
11:53:23 [ultranest] [DEBUG] iteration=2661, ncalls=3821, regioncalls=137960, ndraw=40, logz=-142250.29, remainder_fraction=99.9950%, Lmin=-142240.91, Lmax=-142231.08
11:53:23 [ultranest] [DEBUG] iteration=2680, ncalls=3843, regioncalls=138840, ndraw=40, logz=-142249.80, remainder_fraction=99.9919%, Lmin=-142240.49, Lmax=-142231.08
11:53:23 [ultranest] [DEBUG] iteration=2685, ncalls=3850, regioncalls=139200, ndraw=40, logz=-142249.67, remainder_fraction=99.9908%, Lmin=-142240.39, Lmax=-142231.08
11:53:24 [ultranest] [DEBUG] iteration=2707, ncalls=3877, regioncalls=140360, ndraw=40, logz=-142249.15, remainder_fraction=99.9837%, Lmin=-142239.94, Lmax=-142231.08
11:53:24 [ultranest] [DEBUG] iteration=2720, ncalls=3893, regioncalls=141040, ndraw=40, logz=-142248.88, remainder_fraction=99.9790%, Lmin=-142239.71, Lmax=-142231.08
11:53:24 [ultranest] [DEBUG] iteration=2742, ncalls=3920, regioncalls=142120, ndraw=40, logz=-142248.43, remainder_fraction=99.9676%, Lmin=-142239.10, Lmax=-142231.08
11:53:24 [ultranest] [DEBUG] iteration=2760, ncalls=3947, regioncalls=143200, ndraw=40, logz=-142248.05, remainder_fraction=99.9533%, Lmin=-142238.82, Lmax=-142231.08
11:53:24 [ultranest] [DEBUG] iteration=2771, ncalls=3962, regioncalls=143840, ndraw=40, logz=-142247.84, remainder_fraction=99.9425%, Lmin=-142238.50, Lmax=-142231.08
11:53:24 [ultranest] [DEBUG] iteration=2790, ncalls=3989, regioncalls=144920, ndraw=40, logz=-142247.45, remainder_fraction=99.9160%, Lmin=-142238.08, Lmax=-142231.08
11:53:24 [ultranest] [DEBUG] iteration=2800, ncalls=4000, regioncalls=145360, ndraw=40, logz=-142247.25, remainder_fraction=99.8953%, Lmin=-142237.82, Lmax=-142231.08
11:53:24 [ultranest] [DEBUG] iteration=2822, ncalls=4027, regioncalls=146440, ndraw=40, logz=-142246.83, remainder_fraction=99.8390%, Lmin=-142237.50, Lmax=-142231.08
11:53:24 [ultranest] [DEBUG] iteration=2840, ncalls=4049, regioncalls=147320, ndraw=40, logz=-142246.52, remainder_fraction=99.7749%, Lmin=-142237.19, Lmax=-142231.08
11:53:24 [ultranest] [DEBUG] iteration=2857, ncalls=4073, regioncalls=148320, ndraw=40, logz=-142246.24, remainder_fraction=99.7058%, Lmin=-142236.95, Lmax=-142231.08
11:53:24 [ultranest] [DEBUG] iteration=2878, ncalls=4100, regioncalls=149400, ndraw=40, logz=-142245.93, remainder_fraction=99.5963%, Lmin=-142236.68, Lmax=-142231.08
11:53:24 [ultranest] [DEBUG] iteration=2880, ncalls=4105, regioncalls=149600, ndraw=40, logz=-142245.90, remainder_fraction=99.5828%, Lmin=-142236.66, Lmax=-142231.08
11:53:25 [ultranest] [DEBUG] iteration=2902, ncalls=4132, regioncalls=150680, ndraw=40, logz=-142245.61, remainder_fraction=99.4461%, Lmin=-142236.39, Lmax=-142231.07
11:53:25 [ultranest] [DEBUG] iteration=2920, ncalls=4157, regioncalls=151680, ndraw=40, logz=-142245.37, remainder_fraction=99.3068%, Lmin=-142236.15, Lmax=-142231.07
11:53:25 [ultranest] [DEBUG] iteration=2935, ncalls=4185, regioncalls=152800, ndraw=40, logz=-142245.19, remainder_fraction=99.1608%, Lmin=-142235.95, Lmax=-142231.07
11:53:25 [ultranest] [DEBUG] iteration=2943, ncalls=4195, regioncalls=153240, ndraw=40, logz=-142245.09, remainder_fraction=99.0749%, Lmin=-142235.87, Lmax=-142231.07
11:53:25 [ultranest] [DEBUG] iteration=2960, ncalls=4212, regioncalls=153920, ndraw=40, logz=-142244.90, remainder_fraction=98.8808%, Lmin=-142235.71, Lmax=-142231.07
11:53:25 [ultranest] [DEBUG] iteration=2983, ncalls=4239, regioncalls=155000, ndraw=40, logz=-142244.66, remainder_fraction=98.5435%, Lmin=-142235.48, Lmax=-142231.07
11:53:25 [ultranest] [DEBUG] iteration=3000, ncalls=4260, regioncalls=155840, ndraw=40, logz=-142244.49, remainder_fraction=98.2886%, Lmin=-142235.27, Lmax=-142231.07
11:53:25 [ultranest] [DEBUG] iteration=3023, ncalls=4287, regioncalls=156920, ndraw=40, logz=-142244.26, remainder_fraction=97.8584%, Lmin=-142235.00, Lmax=-142231.07
11:53:25 [ultranest] [DEBUG] iteration=3029, ncalls=4294, regioncalls=157200, ndraw=40, logz=-142244.20, remainder_fraction=97.7370%, Lmin=-142234.93, Lmax=-142231.07
11:53:25 [ultranest] [DEBUG] iteration=3040, ncalls=4310, regioncalls=157880, ndraw=40, logz=-142244.10, remainder_fraction=97.5242%, Lmin=-142234.84, Lmax=-142231.07
11:53:25 [ultranest] [DEBUG] iteration=3063, ncalls=4336, regioncalls=158920, ndraw=40, logz=-142243.89, remainder_fraction=96.9599%, Lmin=-142234.65, Lmax=-142231.07
11:53:25 [ultranest] [DEBUG] iteration=3080, ncalls=4358, regioncalls=159800, ndraw=40, logz=-142243.75, remainder_fraction=96.4720%, Lmin=-142234.52, Lmax=-142231.07
11:53:26 [ultranest] [DEBUG] iteration=3100, ncalls=4384, regioncalls=160840, ndraw=40, logz=-142243.59, remainder_fraction=95.8362%, Lmin=-142234.37, Lmax=-142231.07
11:53:26 [ultranest] [DEBUG] iteration=3115, ncalls=4405, regioncalls=161720, ndraw=40, logz=-142243.47, remainder_fraction=95.2914%, Lmin=-142234.20, Lmax=-142231.07
11:53:26 [ultranest] [DEBUG] iteration=3120, ncalls=4410, regioncalls=161920, ndraw=40, logz=-142243.44, remainder_fraction=95.1055%, Lmin=-142234.16, Lmax=-142231.07
11:53:26 [ultranest] [DEBUG] iteration=3142, ncalls=4437, regioncalls=163000, ndraw=40, logz=-142243.27, remainder_fraction=94.2777%, Lmin=-142234.05, Lmax=-142231.07
11:53:26 [ultranest] [DEBUG] iteration=3160, ncalls=4458, regioncalls=163840, ndraw=40, logz=-142243.15, remainder_fraction=93.5694%, Lmin=-142233.93, Lmax=-142231.07
11:53:26 [ultranest] [DEBUG] iteration=3181, ncalls=4486, regioncalls=164960, ndraw=40, logz=-142243.02, remainder_fraction=92.6178%, Lmin=-142233.80, Lmax=-142231.07
11:53:26 [ultranest] [DEBUG] iteration=3200, ncalls=4513, regioncalls=166040, ndraw=40, logz=-142242.90, remainder_fraction=91.6100%, Lmin=-142233.69, Lmax=-142231.07
11:53:26 [ultranest] [DEBUG] iteration=3216, ncalls=4540, regioncalls=167120, ndraw=40, logz=-142242.81, remainder_fraction=90.8127%, Lmin=-142233.58, Lmax=-142231.07
11:53:26 [ultranest] [DEBUG] iteration=3234, ncalls=4570, regioncalls=168320, ndraw=40, logz=-142242.71, remainder_fraction=89.8235%, Lmin=-142233.46, Lmax=-142231.07
11:53:26 [ultranest] [DEBUG] iteration=3240, ncalls=4576, regioncalls=168560, ndraw=40, logz=-142242.67, remainder_fraction=89.4154%, Lmin=-142233.42, Lmax=-142231.07
11:53:26 [ultranest] [DEBUG] iteration=3260, ncalls=4603, regioncalls=169640, ndraw=40, logz=-142242.56, remainder_fraction=88.0793%, Lmin=-142233.26, Lmax=-142231.07
11:53:26 [ultranest] [DEBUG] iteration=3278, ncalls=4632, regioncalls=170800, ndraw=40, logz=-142242.47, remainder_fraction=86.9741%, Lmin=-142233.16, Lmax=-142231.07
11:53:26 [ultranest] [DEBUG] iteration=3280, ncalls=4635, regioncalls=170920, ndraw=40, logz=-142242.45, remainder_fraction=86.8179%, Lmin=-142233.15, Lmax=-142231.07
11:53:27 [ultranest] [DEBUG] iteration=3287, ncalls=4642, regioncalls=171280, ndraw=40, logz=-142242.42, remainder_fraction=86.3283%, Lmin=-142233.12, Lmax=-142231.07
11:53:27 [ultranest] [DEBUG] iteration=3308, ncalls=4669, regioncalls=172360, ndraw=40, logz=-142242.31, remainder_fraction=84.6789%, Lmin=-142233.01, Lmax=-142231.07
11:53:27 [ultranest] [DEBUG] iteration=3320, ncalls=4684, regioncalls=172960, ndraw=40, logz=-142242.26, remainder_fraction=83.8452%, Lmin=-142232.96, Lmax=-142231.07
11:53:27 [ultranest] [DEBUG] iteration=3341, ncalls=4710, regioncalls=174000, ndraw=40, logz=-142242.16, remainder_fraction=82.2413%, Lmin=-142232.86, Lmax=-142231.07
11:53:27 [ultranest] [DEBUG] iteration=3358, ncalls=4737, regioncalls=175080, ndraw=40, logz=-142242.08, remainder_fraction=80.8183%, Lmin=-142232.78, Lmax=-142231.07
11:53:27 [ultranest] [DEBUG] iteration=3360, ncalls=4739, regioncalls=175160, ndraw=40, logz=-142242.08, remainder_fraction=80.6332%, Lmin=-142232.77, Lmax=-142231.07
11:53:27 [ultranest] [DEBUG] iteration=3377, ncalls=4766, regioncalls=176240, ndraw=40, logz=-142242.00, remainder_fraction=79.2852%, Lmin=-142232.67, Lmax=-142231.07
11:53:27 [ultranest] [DEBUG] iteration=3399, ncalls=4792, regioncalls=177280, ndraw=40, logz=-142241.92, remainder_fraction=77.4457%, Lmin=-142232.60, Lmax=-142231.07
11:53:27 [ultranest] [DEBUG] iteration=3400, ncalls=4794, regioncalls=177360, ndraw=40, logz=-142241.91, remainder_fraction=77.3443%, Lmin=-142232.60, Lmax=-142231.07
11:53:27 [ultranest] [DEBUG] iteration=3421, ncalls=4821, regioncalls=178440, ndraw=40, logz=-142241.83, remainder_fraction=75.4874%, Lmin=-142232.54, Lmax=-142231.07
11:53:27 [ultranest] [DEBUG] iteration=3440, ncalls=4847, regioncalls=179480, ndraw=40, logz=-142241.77, remainder_fraction=73.8401%, Lmin=-142232.48, Lmax=-142231.07
11:53:27 [ultranest] [DEBUG] iteration=3459, ncalls=4872, regioncalls=180560, ndraw=40, logz=-142241.70, remainder_fraction=72.0823%, Lmin=-142232.39, Lmax=-142231.07
11:53:27 [ultranest] [DEBUG] iteration=3480, ncalls=4895, regioncalls=181480, ndraw=40, logz=-142241.64, remainder_fraction=70.1462%, Lmin=-142232.32, Lmax=-142231.07
11:53:28 [ultranest] [DEBUG] iteration=3502, ncalls=4921, regioncalls=182520, ndraw=40, logz=-142241.57, remainder_fraction=68.0984%, Lmin=-142232.26, Lmax=-142231.07
11:53:28 [ultranest] [DEBUG] iteration=3520, ncalls=4943, regioncalls=183400, ndraw=40, logz=-142241.52, remainder_fraction=66.4996%, Lmin=-142232.20, Lmax=-142231.07
11:53:28 [ultranest] [DEBUG] iteration=3540, ncalls=4970, regioncalls=184480, ndraw=40, logz=-142241.46, remainder_fraction=64.5803%, Lmin=-142232.15, Lmax=-142231.07
11:53:28 [ultranest] [DEBUG] iteration=3545, ncalls=4975, regioncalls=184800, ndraw=40, logz=-142241.45, remainder_fraction=64.1344%, Lmin=-142232.14, Lmax=-142231.07
11:53:28 [ultranest] [DEBUG] iteration=3560, ncalls=4993, regioncalls=185520, ndraw=40, logz=-142241.41, remainder_fraction=62.7103%, Lmin=-142232.09, Lmax=-142231.07
11:53:28 [ultranest] [DEBUG] iteration=3579, ncalls=5020, regioncalls=186600, ndraw=40, logz=-142241.36, remainder_fraction=60.9745%, Lmin=-142232.03, Lmax=-142231.07
11:53:28 [ultranest] [DEBUG] iteration=3600, ncalls=5046, regioncalls=187640, ndraw=40, logz=-142241.31, remainder_fraction=58.9455%, Lmin=-142231.99, Lmax=-142231.07
11:53:28 [ultranest] [DEBUG] iteration=3620, ncalls=5073, regioncalls=188720, ndraw=40, logz=-142241.27, remainder_fraction=57.0816%, Lmin=-142231.95, Lmax=-142231.07
11:53:28 [ultranest] [DEBUG] iteration=3639, ncalls=5098, regioncalls=189720, ndraw=40, logz=-142241.23, remainder_fraction=55.2139%, Lmin=-142231.91, Lmax=-142231.07
11:53:28 [ultranest] [DEBUG] iteration=3640, ncalls=5101, regioncalls=189840, ndraw=40, logz=-142241.22, remainder_fraction=55.1007%, Lmin=-142231.91, Lmax=-142231.07
11:53:28 [ultranest] [DEBUG] iteration=3663, ncalls=5127, regioncalls=190880, ndraw=40, logz=-142241.18, remainder_fraction=52.9297%, Lmin=-142231.86, Lmax=-142231.07
11:53:28 [ultranest] [DEBUG] iteration=3680, ncalls=5148, regioncalls=191720, ndraw=40, logz=-142241.15, remainder_fraction=51.4024%, Lmin=-142231.83, Lmax=-142231.07
11:53:29 [ultranest] [DEBUG] iteration=3698, ncalls=5176, regioncalls=192840, ndraw=40, logz=-142241.11, remainder_fraction=49.7519%, Lmin=-142231.81, Lmax=-142231.07
11:53:29 [ultranest] [DEBUG] iteration=3717, ncalls=5204, regioncalls=194040, ndraw=40, logz=-142241.08, remainder_fraction=48.1131%, Lmin=-142231.77, Lmax=-142231.07
11:53:29 [ultranest] [DEBUG] iteration=3720, ncalls=5207, regioncalls=194160, ndraw=40, logz=-142241.08, remainder_fraction=47.8494%, Lmin=-142231.77, Lmax=-142231.07
11:53:29 [ultranest] [DEBUG] iteration=3742, ncalls=5233, regioncalls=195280, ndraw=40, logz=-142241.04, remainder_fraction=45.9829%, Lmin=-142231.72, Lmax=-142231.07
11:53:29 [ultranest] [DEBUG] iteration=3760, ncalls=5256, regioncalls=196200, ndraw=40, logz=-142241.01, remainder_fraction=44.4693%, Lmin=-142231.70, Lmax=-142231.07
11:53:29 [ultranest] [DEBUG] iteration=3779, ncalls=5282, regioncalls=197320, ndraw=40, logz=-142240.98, remainder_fraction=42.8518%, Lmin=-142231.66, Lmax=-142231.07
11:53:29 [ultranest] [DEBUG] iteration=3800, ncalls=5307, regioncalls=198320, ndraw=40, logz=-142240.95, remainder_fraction=41.1241%, Lmin=-142231.63, Lmax=-142231.07
11:53:29 [ultranest] [DEBUG] iteration=3803, ncalls=5310, regioncalls=198480, ndraw=40, logz=-142240.95, remainder_fraction=40.8738%, Lmin=-142231.62, Lmax=-142231.07
11:53:29 [ultranest] [DEBUG] iteration=3828, ncalls=5336, regioncalls=199520, ndraw=40, logz=-142240.92, remainder_fraction=38.8827%, Lmin=-142231.59, Lmax=-142231.07
11:53:29 [ultranest] [DEBUG] iteration=3840, ncalls=5351, regioncalls=200120, ndraw=40, logz=-142240.90, remainder_fraction=37.9255%, Lmin=-142231.57, Lmax=-142231.07
11:53:29 [ultranest] [DEBUG] iteration=3861, ncalls=5378, regioncalls=201200, ndraw=40, logz=-142240.88, remainder_fraction=36.3362%, Lmin=-142231.55, Lmax=-142231.07
11:53:29 [ultranest] [DEBUG] iteration=3880, ncalls=5403, regioncalls=202200, ndraw=40, logz=-142240.85, remainder_fraction=34.9022%, Lmin=-142231.53, Lmax=-142231.07
11:53:30 [ultranest] [DEBUG] iteration=3899, ncalls=5429, regioncalls=203240, ndraw=40, logz=-142240.83, remainder_fraction=33.5620%, Lmin=-142231.51, Lmax=-142231.07
11:53:30 [ultranest] [DEBUG] iteration=3918, ncalls=5455, regioncalls=204280, ndraw=40, logz=-142240.81, remainder_fraction=32.2249%, Lmin=-142231.48, Lmax=-142231.07
11:53:30 [ultranest] [DEBUG] iteration=3920, ncalls=5457, regioncalls=204360, ndraw=40, logz=-142240.81, remainder_fraction=32.0924%, Lmin=-142231.48, Lmax=-142231.07
11:53:30 [ultranest] [DEBUG] iteration=3940, ncalls=5484, regioncalls=205440, ndraw=40, logz=-142240.79, remainder_fraction=30.7536%, Lmin=-142231.46, Lmax=-142231.07
11:53:30 [ultranest] [DEBUG] iteration=3956, ncalls=5513, regioncalls=206600, ndraw=40, logz=-142240.78, remainder_fraction=29.7279%, Lmin=-142231.45, Lmax=-142231.07
11:53:30 [ultranest] [DEBUG] iteration=3960, ncalls=5519, regioncalls=206840, ndraw=40, logz=-142240.77, remainder_fraction=29.4757%, Lmin=-142231.44, Lmax=-142231.07
11:53:30 [ultranest] [DEBUG] iteration=3974, ncalls=5548, regioncalls=208000, ndraw=40, logz=-142240.76, remainder_fraction=28.5921%, Lmin=-142231.43, Lmax=-142231.07
11:53:30 [ultranest] [DEBUG] iteration=3975, ncalls=5549, regioncalls=208080, ndraw=40, logz=-142240.76, remainder_fraction=28.5363%, Lmin=-142231.43, Lmax=-142231.07
11:53:30 [ultranest] [DEBUG] iteration=3997, ncalls=5575, regioncalls=209160, ndraw=40, logz=-142240.74, remainder_fraction=27.2066%, Lmin=-142231.41, Lmax=-142231.07
11:53:30 [ultranest] [DEBUG] iteration=4000, ncalls=5579, regioncalls=209320, ndraw=40, logz=-142240.74, remainder_fraction=27.0133%, Lmin=-142231.41, Lmax=-142231.07
11:53:30 [ultranest] [DEBUG] iteration=4018, ncalls=5606, regioncalls=210400, ndraw=40, logz=-142240.73, remainder_fraction=25.9738%, Lmin=-142231.40, Lmax=-142231.07
11:53:30 [ultranest] [DEBUG] iteration=4040, ncalls=5632, regioncalls=211440, ndraw=40, logz=-142240.71, remainder_fraction=24.7765%, Lmin=-142231.38, Lmax=-142231.07
11:53:30 [ultranest] [DEBUG] iteration=4060, ncalls=5657, regioncalls=212440, ndraw=40, logz=-142240.69, remainder_fraction=23.7127%, Lmin=-142231.37, Lmax=-142231.07
11:53:31 [ultranest] [DEBUG] iteration=4076, ncalls=5683, regioncalls=213480, ndraw=40, logz=-142240.68, remainder_fraction=22.8667%, Lmin=-142231.35, Lmax=-142231.07
11:53:31 [ultranest] [DEBUG] iteration=4080, ncalls=5688, regioncalls=213680, ndraw=40, logz=-142240.68, remainder_fraction=22.6575%, Lmin=-142231.35, Lmax=-142231.07
11:53:31 [ultranest] [DEBUG] iteration=4098, ncalls=5716, regioncalls=214800, ndraw=40, logz=-142240.67, remainder_fraction=21.7435%, Lmin=-142231.33, Lmax=-142231.07
11:53:31 [ultranest] [DEBUG] iteration=4120, ncalls=5743, regioncalls=215880, ndraw=40, logz=-142240.66, remainder_fraction=20.6454%, Lmin=-142231.32, Lmax=-142231.07
11:53:31 [ultranest] [DEBUG] iteration=4137, ncalls=5771, regioncalls=217000, ndraw=40, logz=-142240.65, remainder_fraction=19.8467%, Lmin=-142231.31, Lmax=-142231.07
11:53:31 [ultranest] [DEBUG] iteration=4154, ncalls=5796, regioncalls=218000, ndraw=40, logz=-142240.64, remainder_fraction=19.0745%, Lmin=-142231.30, Lmax=-142231.07
11:53:31 [ultranest] [DEBUG] iteration=4160, ncalls=5802, regioncalls=218240, ndraw=40, logz=-142240.63, remainder_fraction=18.7981%, Lmin=-142231.29, Lmax=-142231.07
11:53:31 [ultranest] [DEBUG] iteration=4178, ncalls=5829, regioncalls=219320, ndraw=40, logz=-142240.62, remainder_fraction=18.0207%, Lmin=-142231.28, Lmax=-142231.07
11:53:31 [ultranest] [DEBUG] iteration=4198, ncalls=5856, regioncalls=220400, ndraw=40, logz=-142240.61, remainder_fraction=17.1810%, Lmin=-142231.27, Lmax=-142231.07
11:53:31 [ultranest] [DEBUG] iteration=4200, ncalls=5860, regioncalls=220560, ndraw=40, logz=-142240.61, remainder_fraction=17.1035%, Lmin=-142231.27, Lmax=-142231.07
11:53:31 [ultranest] [DEBUG] iteration=4221, ncalls=5886, regioncalls=221600, ndraw=40, logz=-142240.60, remainder_fraction=16.2725%, Lmin=-142231.26, Lmax=-142231.07
11:53:31 [ultranest] [DEBUG] iteration=4233, ncalls=5903, regioncalls=222320, ndraw=40, logz=-142240.60, remainder_fraction=15.8011%, Lmin=-142231.25, Lmax=-142231.07
11:53:31 [ultranest] [DEBUG] iteration=4240, ncalls=5914, regioncalls=222760, ndraw=40, logz=-142240.59, remainder_fraction=15.5427%, Lmin=-142231.25, Lmax=-142231.07
11:53:32 [ultranest] [DEBUG] iteration=4260, ncalls=5941, regioncalls=223840, ndraw=40, logz=-142240.59, remainder_fraction=14.8134%, Lmin=-142231.24, Lmax=-142231.07
11:53:32 [ultranest] [DEBUG] iteration=4278, ncalls=5968, regioncalls=224920, ndraw=40, logz=-142240.58, remainder_fraction=14.1829%, Lmin=-142231.23, Lmax=-142231.07
11:53:32 [ultranest] [DEBUG] iteration=4280, ncalls=5970, regioncalls=225000, ndraw=40, logz=-142240.58, remainder_fraction=14.1174%, Lmin=-142231.23, Lmax=-142231.07
11:53:32 [ultranest] [DEBUG] iteration=4301, ncalls=5998, regioncalls=226120, ndraw=40, logz=-142240.57, remainder_fraction=13.4253%, Lmin=-142231.22, Lmax=-142231.07
11:53:32 [ultranest] [DEBUG] iteration=4319, ncalls=6023, regioncalls=227160, ndraw=40, logz=-142240.56, remainder_fraction=12.8441%, Lmin=-142231.22, Lmax=-142231.07
11:53:32 [ultranest] [DEBUG] iteration=4320, ncalls=6024, regioncalls=227200, ndraw=40, logz=-142240.56, remainder_fraction=12.8113%, Lmin=-142231.21, Lmax=-142231.07
11:53:32 [ultranest] [DEBUG] iteration=4341, ncalls=6051, regioncalls=228280, ndraw=40, logz=-142240.55, remainder_fraction=12.1618%, Lmin=-142231.21, Lmax=-142231.07
11:53:32 [ultranest] [DEBUG] iteration=4360, ncalls=6075, regioncalls=229240, ndraw=40, logz=-142240.55, remainder_fraction=11.6112%, Lmin=-142231.20, Lmax=-142231.07
11:53:32 [ultranest] [DEBUG] iteration=4381, ncalls=6102, regioncalls=230320, ndraw=40, logz=-142240.54, remainder_fraction=11.0369%, Lmin=-142231.20, Lmax=-142231.07
11:53:32 [ultranest] [DEBUG] iteration=4400, ncalls=6127, regioncalls=231320, ndraw=40, logz=-142240.54, remainder_fraction=10.5328%, Lmin=-142231.19, Lmax=-142231.07
11:53:32 [ultranest] [DEBUG] iteration=4405, ncalls=6136, regioncalls=231720, ndraw=40, logz=-142240.53, remainder_fraction=10.4038%, Lmin=-142231.19, Lmax=-142231.07
11:53:32 [ultranest] [DEBUG] iteration=4426, ncalls=6162, regioncalls=233040, ndraw=40, logz=-142240.53, remainder_fraction=9.8774%, Lmin=-142231.18, Lmax=-142231.07
11:53:32 [ultranest] [DEBUG] iteration=4440, ncalls=6177, regioncalls=233640, ndraw=40, logz=-142240.53, remainder_fraction=9.5372%, Lmin=-142231.18, Lmax=-142231.07
11:53:33 [ultranest] [DEBUG] iteration=4461, ncalls=6204, regioncalls=234720, ndraw=40, logz=-142240.52, remainder_fraction=9.0498%, Lmin=-142231.17, Lmax=-142231.07
11:53:33 [ultranest] [DEBUG] iteration=4480, ncalls=6229, regioncalls=235720, ndraw=40, logz=-142240.52, remainder_fraction=8.6339%, Lmin=-142231.16, Lmax=-142231.07
11:53:33 [ultranest] [DEBUG] iteration=4491, ncalls=6244, regioncalls=236360, ndraw=40, logz=-142240.51, remainder_fraction=8.3952%, Lmin=-142231.16, Lmax=-142231.07
11:53:33 [ultranest] [DEBUG] iteration=4514, ncalls=6270, regioncalls=237560, ndraw=40, logz=-142240.51, remainder_fraction=7.9226%, Lmin=-142231.16, Lmax=-142231.07
11:53:33 [ultranest] [DEBUG] iteration=4520, ncalls=6277, regioncalls=237840, ndraw=40, logz=-142240.51, remainder_fraction=7.8064%, Lmin=-142231.16, Lmax=-142231.07
11:53:33 [ultranest] [DEBUG] iteration=4541, ncalls=6303, regioncalls=238880, ndraw=40, logz=-142240.50, remainder_fraction=7.4008%, Lmin=-142231.15, Lmax=-142231.07
11:53:33 [ultranest] [DEBUG] iteration=4560, ncalls=6328, regioncalls=239880, ndraw=40, logz=-142240.50, remainder_fraction=7.0550%, Lmin=-142231.15, Lmax=-142231.07
11:53:33 [ultranest] [DEBUG] iteration=4577, ncalls=6354, regioncalls=241040, ndraw=40, logz=-142240.50, remainder_fraction=6.7554%, Lmin=-142231.14, Lmax=-142231.07
11:53:33 [ultranest] [DEBUG] iteration=4596, ncalls=6381, regioncalls=242120, ndraw=40, logz=-142240.49, remainder_fraction=6.4362%, Lmin=-142231.14, Lmax=-142231.07
11:53:33 [ultranest] [DEBUG] iteration=4600, ncalls=6386, regioncalls=242320, ndraw=40, logz=-142240.49, remainder_fraction=6.3714%, Lmin=-142231.14, Lmax=-142231.07
11:53:33 [ultranest] [DEBUG] iteration=4621, ncalls=6412, regioncalls=243400, ndraw=40, logz=-142240.49, remainder_fraction=6.0406%, Lmin=-142231.14, Lmax=-142231.07
11:53:33 [ultranest] [DEBUG] iteration=4640, ncalls=6438, regioncalls=244440, ndraw=40, logz=-142240.48, remainder_fraction=5.7550%, Lmin=-142231.13, Lmax=-142231.07
11:53:34 [ultranest] [DEBUG] iteration=4661, ncalls=6465, regioncalls=245520, ndraw=40, logz=-142240.48, remainder_fraction=5.4554%, Lmin=-142231.13, Lmax=-142231.07
11:53:34 [ultranest] [DEBUG] iteration=4680, ncalls=6487, regioncalls=246400, ndraw=40, logz=-142240.48, remainder_fraction=5.1994%, Lmin=-142231.13, Lmax=-142231.07
11:53:34 [ultranest] [DEBUG] iteration=4704, ncalls=6513, regioncalls=247440, ndraw=40, logz=-142240.48, remainder_fraction=4.8897%, Lmin=-142231.12, Lmax=-142231.07
11:53:34 [ultranest] [DEBUG] iteration=4720, ncalls=6532, regioncalls=248200, ndraw=40, logz=-142240.47, remainder_fraction=4.6928%, Lmin=-142231.12, Lmax=-142231.07
11:53:34 [ultranest] [DEBUG] iteration=4736, ncalls=6561, regioncalls=249360, ndraw=40, logz=-142240.47, remainder_fraction=4.5034%, Lmin=-142231.12, Lmax=-142231.07
11:53:34 [ultranest] [DEBUG] iteration=4749, ncalls=6578, regioncalls=250080, ndraw=40, logz=-142240.47, remainder_fraction=4.3559%, Lmin=-142231.12, Lmax=-142231.07
11:53:34 [ultranest] [DEBUG] iteration=4760, ncalls=6591, regioncalls=250600, ndraw=40, logz=-142240.47, remainder_fraction=4.2345%, Lmin=-142231.12, Lmax=-142231.07
11:53:34 [ultranest] [DEBUG] iteration=4781, ncalls=6618, regioncalls=251680, ndraw=40, logz=-142240.47, remainder_fraction=4.0113%, Lmin=-142231.12, Lmax=-142231.07
11:53:34 [ultranest] [DEBUG] iteration=4800, ncalls=6638, regioncalls=252480, ndraw=40, logz=-142240.46, remainder_fraction=3.8204%, Lmin=-142231.11, Lmax=-142231.07
11:53:34 [ultranest] [DEBUG] iteration=4816, ncalls=6667, regioncalls=253640, ndraw=40, logz=-142240.46, remainder_fraction=3.6671%, Lmin=-142231.11, Lmax=-142231.07
11:53:34 [ultranest] [DEBUG] iteration=4835, ncalls=6691, regioncalls=254640, ndraw=40, logz=-142240.46, remainder_fraction=3.4918%, Lmin=-142231.11, Lmax=-142231.07
11:53:34 [ultranest] [DEBUG] iteration=4840, ncalls=6697, regioncalls=254880, ndraw=40, logz=-142240.46, remainder_fraction=3.4468%, Lmin=-142231.11, Lmax=-142231.07
11:53:35 [ultranest] [DEBUG] iteration=4860, ncalls=6723, regioncalls=255920, ndraw=40, logz=-142240.46, remainder_fraction=3.2731%, Lmin=-142231.11, Lmax=-142231.07
11:53:35 [ultranest] [DEBUG] iteration=4880, ncalls=6744, regioncalls=256760, ndraw=40, logz=-142240.46, remainder_fraction=3.1084%, Lmin=-142231.11, Lmax=-142231.07
11:53:35 [ultranest] [DEBUG] iteration=4901, ncalls=6771, regioncalls=257840, ndraw=40, logz=-142240.46, remainder_fraction=2.9443%, Lmin=-142231.10, Lmax=-142231.07
11:53:35 [ultranest] [DEBUG] iteration=4920, ncalls=6795, regioncalls=258800, ndraw=40, logz=-142240.45, remainder_fraction=2.8034%, Lmin=-142231.10, Lmax=-142231.07
11:53:35 [ultranest] [DEBUG] iteration=4921, ncalls=6796, regioncalls=258920, ndraw=40, logz=-142240.45, remainder_fraction=2.7962%, Lmin=-142231.10, Lmax=-142231.07
11:53:35 [ultranest] [DEBUG] iteration=4944, ncalls=6821, regioncalls=259960, ndraw=40, logz=-142240.45, remainder_fraction=2.6347%, Lmin=-142231.10, Lmax=-142231.07
11:53:35 [ultranest] [DEBUG] iteration=4960, ncalls=6841, regioncalls=260800, ndraw=40, logz=-142240.45, remainder_fraction=2.5281%, Lmin=-142231.10, Lmax=-142231.07
11:53:35 [ultranest] [DEBUG] iteration=4983, ncalls=6867, regioncalls=261840, ndraw=40, logz=-142240.45, remainder_fraction=2.3823%, Lmin=-142231.10, Lmax=-142231.07
11:53:35 [ultranest] [DEBUG] iteration=5000, ncalls=6889, regioncalls=262720, ndraw=40, logz=-142240.45, remainder_fraction=2.2793%, Lmin=-142231.10, Lmax=-142231.07
11:53:35 [ultranest] [DEBUG] iteration=5007, ncalls=6899, regioncalls=263200, ndraw=40, logz=-142240.45, remainder_fraction=2.2382%, Lmin=-142231.10, Lmax=-142231.07
11:53:35 [ultranest] [DEBUG] iteration=5028, ncalls=6925, regioncalls=264240, ndraw=40, logz=-142240.45, remainder_fraction=2.1196%, Lmin=-142231.10, Lmax=-142231.07
11:53:35 [ultranest] [DEBUG] iteration=5040, ncalls=6941, regioncalls=264880, ndraw=40, logz=-142240.45, remainder_fraction=2.0548%, Lmin=-142231.09, Lmax=-142231.07
11:53:36 [ultranest] [DEBUG] iteration=5060, ncalls=6969, regioncalls=266000, ndraw=40, logz=-142240.44, remainder_fraction=1.9510%, Lmin=-142231.09, Lmax=-142231.07
11:53:36 [ultranest] [DEBUG] iteration=5080, ncalls=6996, regioncalls=267080, ndraw=40, logz=-142240.44, remainder_fraction=1.8523%, Lmin=-142231.09, Lmax=-142231.07
11:53:36 [ultranest] [DEBUG] iteration=5093, ncalls=7013, regioncalls=267800, ndraw=40, logz=-142240.44, remainder_fraction=1.7908%, Lmin=-142231.09, Lmax=-142231.07
11:53:36 [ultranest] [DEBUG] iteration=5113, ncalls=7042, regioncalls=268960, ndraw=40, logz=-142240.44, remainder_fraction=1.7002%, Lmin=-142231.09, Lmax=-142231.07
11:53:36 [ultranest] [DEBUG] iteration=5120, ncalls=7052, regioncalls=269360, ndraw=40, logz=-142240.44, remainder_fraction=1.6695%, Lmin=-142231.09, Lmax=-142231.07
11:53:36 [ultranest] [DEBUG] iteration=5143, ncalls=7078, regioncalls=270400, ndraw=40, logz=-142240.44, remainder_fraction=1.5725%, Lmin=-142231.09, Lmax=-142231.07
11:53:36 [ultranest] [DEBUG] iteration=5160, ncalls=7095, regioncalls=271080, ndraw=40, logz=-142240.44, remainder_fraction=1.5046%, Lmin=-142231.09, Lmax=-142231.07
11:53:36 [ultranest] [DEBUG] iteration=5179, ncalls=7117, regioncalls=272000, ndraw=40, logz=-142240.44, remainder_fraction=1.4321%, Lmin=-142231.09, Lmax=-142231.07
11:53:36 [ultranest] [DEBUG] iteration=5200, ncalls=7141, regioncalls=272960, ndraw=40, logz=-142240.44, remainder_fraction=1.3558%, Lmin=-142231.09, Lmax=-142231.07
11:53:36 [ultranest] [DEBUG] iteration=5223, ncalls=7167, regioncalls=274000, ndraw=40, logz=-142240.44, remainder_fraction=1.2769%, Lmin=-142231.09, Lmax=-142231.07
11:53:36 [ultranest] [DEBUG] iteration=5240, ncalls=7193, regioncalls=275040, ndraw=40, logz=-142240.44, remainder_fraction=1.2215%, Lmin=-142231.09, Lmax=-142231.07
11:53:37 [ultranest] [DEBUG] iteration=5258, ncalls=7222, regioncalls=276200, ndraw=40, logz=-142240.44, remainder_fraction=1.1656%, Lmin=-142231.08, Lmax=-142231.07
11:53:37 [ultranest] [DEBUG] iteration=5265, ncalls=7232, regioncalls=276640, ndraw=40, logz=-142240.44, remainder_fraction=1.1445%, Lmin=-142231.08, Lmax=-142231.07
11:53:37 [ultranest] [DEBUG] iteration=5280, ncalls=7249, regioncalls=277480, ndraw=40, logz=-142240.44, remainder_fraction=1.1006%, Lmin=-142231.08, Lmax=-142231.07
11:53:37 [ultranest] [DEBUG] iteration=5302, ncalls=7275, regioncalls=278520, ndraw=40, logz=-142240.44, remainder_fraction=1.0393%, Lmin=-142231.08, Lmax=-142231.07
11:53:37 [ultranest] [INFO] Explored until L=-1e+05  
11:53:37 [ultranest] [INFO] Likelihood function evaluations: 7296
11:53:38 [ultranest] [INFO] Writing samples and results to disk ...
11:53:38 [ultranest] [INFO] Writing samples and results to disk ... done
11:53:38 [ultranest] [DEBUG] did a run_iter pass!
11:53:38 [ultranest] [INFO]   logZ = -1.422e+05 +- 0.1099
11:53:38 [ultranest] [INFO] Effective samples strategy satisfied (ESS = 1549.8, need >400)
11:53:38 [ultranest] [INFO] Posterior uncertainty strategy is satisfied (KL: 0.45+-0.08 nat, need <0.50 nat)
11:53:38 [ultranest] [INFO] Evidency uncertainty strategy is satisfied (dlogz=0.11, need <0.5)
11:53:38 [ultranest] [INFO]   logZ error budget: single: 0.15 bs:0.11 tail:0.01 total:0.11 required:<0.50
11:53:38 [ultranest] [INFO] done iterating.
11:53:38 [ultranest] [DEBUG] Making corner plot ...
11:53:39 [ultranest] [DEBUG] Making corner plot ... done
11:53:39 [ultranest] [DEBUG] Making run plot ... 
11:53:39 [ultranest] [DEBUG] Making run plot ... done
11:53:39 [ultranest] [DEBUG] Making trace plot ... 
11:53:40 [ultranest] [DEBUG] Making trace plot ... done
