15:37:19 [ultranest] [DEBUG] ReactiveNestedSampler: dims=3+0, resume=False, log_dir=./m-values/N16/S24/M16/T030/P025/NF3/sample_rho, backend=hdf5, vectorized=False, nbootstraps=30, ndraw=128..65536
15:37:19 [ultranest] [INFO] Sampling 400 live points from prior ...
15:37:19 [ultranest] [DEBUG] run_iter dlogz=0.5, dKL=0.5, frac_remain=0.01, Lepsilon=0.0010, min_ess=400
15:37:19 [ultranest] [DEBUG] max_iters=-1, max_ncalls=-1, max_num_improvement_loops=-1, min_num_live_points=400, cluster_num_live_points=40
15:37:19 [ultranest] [DEBUG] minimal_widths_sequence: [(-inf, 400.0), (inf, 400.0)]
15:37:19 [ultranest] [DEBUG] Plateau detected at L=-9.044554e+06, not replacing live point.
15:37:19 [ultranest] [DEBUG] Plateau detected at L=-9.044554e+06, not replacing live point.
15:37:19 [ultranest] [DEBUG] Plateau detected at L=-9.044554e+06, not replacing live point.
15:37:19 [ultranest] [DEBUG] Plateau detected at L=-9.044554e+06, not replacing live point.
15:37:19 [ultranest] [DEBUG] Plateau detected at L=-9.044554e+06, not replacing live point.
15:37:19 [ultranest] [DEBUG] Plateau detected at L=-9.044554e+06, not replacing live point.
15:37:19 [ultranest] [DEBUG] Plateau detected at L=-9.044554e+06, not replacing live point.
15:37:19 [ultranest] [DEBUG] Plateau detected at L=-9.044554e+06, not replacing live point.
15:37:19 [ultranest] [DEBUG] Plateau detected at L=-9.044554e+06, not replacing live point.
15:37:19 [ultranest] [DEBUG] Plateau detected at L=-9.044554e+06, not replacing live point.
15:37:19 [ultranest] [DEBUG] Plateau detected at L=-9.044554e+06, not replacing live point.
15:37:19 [ultranest] [DEBUG] Plateau detected at L=-9.044554e+06, not replacing live point.
15:37:19 [ultranest] [DEBUG] Plateau detected at L=-9.044554e+06, not replacing live point.
15:37:19 [ultranest] [DEBUG] Plateau detected at L=-9.044554e+06, not replacing live point.
15:37:19 [ultranest] [DEBUG] Plateau detected at L=-9.044554e+06, not replacing live point.
15:37:19 [ultranest] [DEBUG] Plateau detected at L=-9.044554e+06, not replacing live point.
15:37:19 [ultranest] [DEBUG] Plateau detected at L=-9.044554e+06, not replacing live point.
15:37:19 [ultranest] [DEBUG] Plateau detected at L=-9.044554e+06, not replacing live point.
15:37:19 [ultranest] [DEBUG] Plateau detected at L=-9.044554e+06, not replacing live point.
15:37:19 [ultranest] [DEBUG] Plateau detected at L=-9.044554e+06, not replacing live point.
15:37:19 [ultranest] [DEBUG] Plateau detected at L=-9.044554e+06, not replacing live point.
15:37:19 [ultranest] [DEBUG] Plateau detected at L=-9.044554e+06, not replacing live point.
15:37:19 [ultranest] [DEBUG] Plateau detected at L=-9.044554e+06, not replacing live point.
15:37:19 [ultranest] [DEBUG] Plateau detected at L=-9.044554e+06, not replacing live point.
15:37:19 [ultranest] [DEBUG] Plateau detected at L=-9.044554e+06, not replacing live point.
15:37:19 [ultranest] [DEBUG] Plateau detected at L=-9.044554e+06, not replacing live point.
15:37:19 [ultranest] [DEBUG] Plateau detected at L=-9.044554e+06, not replacing live point.
15:37:19 [ultranest] [DEBUG] Plateau detected at L=-9.044554e+06, not replacing live point.
15:37:19 [ultranest] [DEBUG] Plateau detected at L=-9.044554e+06, not replacing live point.
15:37:19 [ultranest] [DEBUG] Plateau detected at L=-9.044554e+06, not replacing live point.
15:37:19 [ultranest] [DEBUG] Plateau detected at L=-9.044554e+06, not replacing live point.
15:37:19 [ultranest] [DEBUG] Plateau detected at L=-9.044554e+06, not replacing live point.
15:37:19 [ultranest] [DEBUG] Plateau detected at L=-9.044554e+06, not replacing live point.
15:37:19 [ultranest] [DEBUG] Plateau detected at L=-9.044554e+06, not replacing live point.
15:37:19 [ultranest] [DEBUG] Plateau detected at L=-9.044554e+06, not replacing live point.
15:37:19 [ultranest] [DEBUG] Plateau detected at L=-9.044554e+06, not replacing live point.
15:37:19 [ultranest] [DEBUG] Plateau detected at L=-9.044554e+06, not replacing live point.
15:37:19 [ultranest] [DEBUG] Plateau detected at L=-9.044554e+06, not replacing live point.
15:37:19 [ultranest] [DEBUG] Plateau detected at L=-9.044554e+06, not replacing live point.
15:37:19 [ultranest] [DEBUG] Plateau detected at L=-9.044554e+06, not replacing live point.
15:37:19 [ultranest] [DEBUG] Plateau detected at L=-9.044554e+06, not replacing live point.
15:37:19 [ultranest] [DEBUG] Plateau detected at L=-9.044554e+06, not replacing live point.
15:37:19 [ultranest] [DEBUG] Plateau detected at L=-9.044554e+06, not replacing live point.
15:37:19 [ultranest] [DEBUG] Plateau detected at L=-9.044554e+06, not replacing live point.
15:37:19 [ultranest] [DEBUG] Plateau detected at L=-9.044554e+06, not replacing live point.
15:37:19 [ultranest] [DEBUG] Plateau detected at L=-9.044554e+06, not replacing live point.
15:37:19 [ultranest] [DEBUG] Plateau detected at L=-9.044554e+06, not replacing live point.
15:37:19 [ultranest] [DEBUG] Plateau detected at L=-9.044554e+06, not replacing live point.
15:37:19 [ultranest] [DEBUG] Plateau detected at L=-9.044554e+06, not replacing live point.
15:37:19 [ultranest] [DEBUG] Plateau detected at L=-9.044554e+06, not replacing live point.
15:37:19 [ultranest] [DEBUG] Plateau detected at L=-9.044554e+06, not replacing live point.
15:37:19 [ultranest] [DEBUG] Plateau detected at L=-9.044554e+06, not replacing live point.
15:37:19 [ultranest] [DEBUG] Plateau detected at L=-9.044554e+06, not replacing live point.
15:37:19 [ultranest] [DEBUG] Plateau detected at L=-9.044554e+06, not replacing live point.
15:37:19 [ultranest] [DEBUG] Plateau detected at L=-9.044554e+06, not replacing live point.
15:37:19 [ultranest] [DEBUG] iteration=55, ncalls=401, regioncalls=40, ndraw=40, logz=-9044556.23, remainder_fraction=100.0000%, Lmin=-9044554.25, Lmax=-69582.39
15:37:20 [ultranest] [DEBUG] iteration=80, ncalls=431, regioncalls=1240, ndraw=40, logz=-85118.90, remainder_fraction=100.0000%, Lmin=-84990.58, Lmax=-69582.39
15:37:20 [ultranest] [DEBUG] iteration=110, ncalls=469, regioncalls=2760, ndraw=40, logz=-81893.70, remainder_fraction=100.0000%, Lmin=-81825.67, Lmax=-69582.39
15:37:20 [ultranest] [DEBUG] iteration=120, ncalls=483, regioncalls=3320, ndraw=40, logz=-81212.58, remainder_fraction=100.0000%, Lmin=-81148.77, Lmax=-69582.39
15:37:20 [ultranest] [DEBUG] iteration=132, ncalls=510, regioncalls=4400, ndraw=40, logz=-80435.02, remainder_fraction=100.0000%, Lmin=-80357.49, Lmax=-69467.52
15:37:20 [ultranest] [DEBUG] iteration=159, ncalls=550, regioncalls=6000, ndraw=40, logz=-79392.52, remainder_fraction=100.0000%, Lmin=-79365.58, Lmax=-69467.52
15:37:20 [ultranest] [DEBUG] iteration=160, ncalls=551, regioncalls=6040, ndraw=40, logz=-79371.87, remainder_fraction=100.0000%, Lmin=-79332.99, Lmax=-69467.52
15:37:20 [ultranest] [DEBUG] iteration=188, ncalls=590, regioncalls=7600, ndraw=40, logz=-78555.84, remainder_fraction=100.0000%, Lmin=-78538.99, Lmax=-69467.52
15:37:20 [ultranest] [DEBUG] iteration=200, ncalls=608, regioncalls=8320, ndraw=40, logz=-78057.80, remainder_fraction=100.0000%, Lmin=-78035.59, Lmax=-69467.52
15:37:20 [ultranest] [DEBUG] iteration=225, ncalls=645, regioncalls=9800, ndraw=40, logz=-77422.20, remainder_fraction=100.0000%, Lmin=-77385.69, Lmax=-69467.52
15:37:20 [ultranest] [DEBUG] iteration=240, ncalls=666, regioncalls=10640, ndraw=40, logz=-77077.50, remainder_fraction=100.0000%, Lmin=-77063.78, Lmax=-69467.52
15:37:20 [ultranest] [DEBUG] iteration=271, ncalls=705, regioncalls=12200, ndraw=40, logz=-76422.41, remainder_fraction=100.0000%, Lmin=-76407.25, Lmax=-69467.52
15:37:20 [ultranest] [DEBUG] iteration=280, ncalls=725, regioncalls=13000, ndraw=40, logz=-76180.99, remainder_fraction=100.0000%, Lmin=-76146.55, Lmax=-69467.52
15:37:20 [ultranest] [DEBUG] iteration=286, ncalls=734, regioncalls=13360, ndraw=40, logz=-76051.51, remainder_fraction=100.0000%, Lmin=-76021.78, Lmax=-69467.52
15:37:20 [ultranest] [DEBUG] iteration=311, ncalls=775, regioncalls=15000, ndraw=40, logz=-75516.23, remainder_fraction=100.0000%, Lmin=-75507.13, Lmax=-69437.07
15:37:20 [ultranest] [DEBUG] iteration=320, ncalls=792, regioncalls=15680, ndraw=40, logz=-75413.82, remainder_fraction=100.0000%, Lmin=-75388.98, Lmax=-69437.07
15:37:21 [ultranest] [DEBUG] iteration=345, ncalls=833, regioncalls=17320, ndraw=40, logz=-75122.44, remainder_fraction=100.0000%, Lmin=-75106.02, Lmax=-69437.07
15:37:21 [ultranest] [DEBUG] iteration=360, ncalls=862, regioncalls=18480, ndraw=40, logz=-74851.03, remainder_fraction=100.0000%, Lmin=-74816.67, Lmax=-69437.07
15:37:21 [ultranest] [DEBUG] iteration=385, ncalls=900, regioncalls=20000, ndraw=40, logz=-74505.97, remainder_fraction=100.0000%, Lmin=-74494.24, Lmax=-69437.07
15:37:21 [ultranest] [DEBUG] iteration=400, ncalls=917, regioncalls=20680, ndraw=40, logz=-74268.37, remainder_fraction=100.0000%, Lmin=-74246.61, Lmax=-69437.07
15:37:21 [ultranest] [DEBUG] iteration=424, ncalls=958, regioncalls=22320, ndraw=40, logz=-73978.59, remainder_fraction=100.0000%, Lmin=-73970.84, Lmax=-69364.17
15:37:21 [ultranest] [DEBUG] iteration=440, ncalls=997, regioncalls=23880, ndraw=40, logz=-73817.37, remainder_fraction=100.0000%, Lmin=-73765.33, Lmax=-69364.17
15:37:21 [ultranest] [DEBUG] iteration=462, ncalls=1041, regioncalls=25640, ndraw=40, logz=-73515.71, remainder_fraction=100.0000%, Lmin=-73505.34, Lmax=-69364.17
15:37:21 [ultranest] [DEBUG] iteration=480, ncalls=1073, regioncalls=26920, ndraw=40, logz=-73245.36, remainder_fraction=100.0000%, Lmin=-73226.28, Lmax=-69364.17
15:37:21 [ultranest] [DEBUG] iteration=504, ncalls=1114, regioncalls=28560, ndraw=40, logz=-73017.90, remainder_fraction=100.0000%, Lmin=-73000.23, Lmax=-69364.17
15:37:21 [ultranest] [DEBUG] iteration=517, ncalls=1140, regioncalls=29600, ndraw=40, logz=-72910.95, remainder_fraction=100.0000%, Lmin=-72897.81, Lmax=-69364.17
15:37:21 [ultranest] [DEBUG] iteration=520, ncalls=1150, regioncalls=30000, ndraw=40, logz=-72877.85, remainder_fraction=100.0000%, Lmin=-72866.90, Lmax=-69364.17
15:37:21 [ultranest] [DEBUG] iteration=541, ncalls=1192, regioncalls=31680, ndraw=40, logz=-72728.86, remainder_fraction=100.0000%, Lmin=-72720.09, Lmax=-69364.17
15:37:22 [ultranest] [DEBUG] iteration=560, ncalls=1228, regioncalls=33120, ndraw=40, logz=-72555.86, remainder_fraction=100.0000%, Lmin=-72542.40, Lmax=-69364.17
15:37:22 [ultranest] [DEBUG] iteration=581, ncalls=1272, regioncalls=34880, ndraw=40, logz=-72388.98, remainder_fraction=100.0000%, Lmin=-72380.72, Lmax=-69364.17
15:37:22 [ultranest] [DEBUG] iteration=600, ncalls=1317, regioncalls=36680, ndraw=40, logz=-72265.88, remainder_fraction=100.0000%, Lmin=-72257.03, Lmax=-69364.17
15:37:22 [ultranest] [DEBUG] iteration=622, ncalls=1361, regioncalls=38440, ndraw=40, logz=-72120.64, remainder_fraction=100.0000%, Lmin=-72108.13, Lmax=-69364.17
15:37:22 [ultranest] [DEBUG] iteration=639, ncalls=1405, regioncalls=40200, ndraw=40, logz=-72023.98, remainder_fraction=100.0000%, Lmin=-72015.64, Lmax=-69364.17
15:37:22 [ultranest] [DEBUG] iteration=640, ncalls=1406, regioncalls=40240, ndraw=40, logz=-72022.91, remainder_fraction=100.0000%, Lmin=-72007.48, Lmax=-69364.17
15:37:22 [ultranest] [DEBUG] iteration=660, ncalls=1452, regioncalls=42080, ndraw=40, logz=-71901.81, remainder_fraction=100.0000%, Lmin=-71887.82, Lmax=-69364.17
15:37:22 [ultranest] [DEBUG] iteration=679, ncalls=1491, regioncalls=43640, ndraw=40, logz=-71832.48, remainder_fraction=100.0000%, Lmin=-71824.26, Lmax=-69364.17
15:37:22 [ultranest] [DEBUG] iteration=680, ncalls=1492, regioncalls=43680, ndraw=40, logz=-71831.55, remainder_fraction=100.0000%, Lmin=-71824.20, Lmax=-69364.17
15:37:22 [ultranest] [DEBUG] iteration=697, ncalls=1542, regioncalls=45680, ndraw=40, logz=-71742.13, remainder_fraction=100.0000%, Lmin=-71733.12, Lmax=-69364.17
15:37:22 [ultranest] [DEBUG] iteration=717, ncalls=1586, regioncalls=47440, ndraw=40, logz=-71650.44, remainder_fraction=100.0000%, Lmin=-71638.05, Lmax=-69364.17
15:37:22 [ultranest] [DEBUG] iteration=720, ncalls=1591, regioncalls=47640, ndraw=40, logz=-71640.84, remainder_fraction=100.0000%, Lmin=-71633.19, Lmax=-69364.17
15:37:23 [ultranest] [DEBUG] iteration=740, ncalls=1633, regioncalls=49320, ndraw=40, logz=-71528.90, remainder_fraction=100.0000%, Lmin=-71519.93, Lmax=-69364.17
15:37:23 [ultranest] [DEBUG] iteration=748, ncalls=1647, regioncalls=49880, ndraw=40, logz=-71509.12, remainder_fraction=100.0000%, Lmin=-71490.72, Lmax=-69364.17
15:37:23 [ultranest] [DEBUG] iteration=760, ncalls=1670, regioncalls=50800, ndraw=40, logz=-71452.48, remainder_fraction=100.0000%, Lmin=-71442.89, Lmax=-69364.17
15:37:23 [ultranest] [DEBUG] iteration=780, ncalls=1713, regioncalls=52520, ndraw=40, logz=-71374.02, remainder_fraction=100.0000%, Lmin=-71365.82, Lmax=-69364.17
15:37:23 [ultranest] [DEBUG] iteration=800, ncalls=1755, regioncalls=54200, ndraw=40, logz=-71283.94, remainder_fraction=100.0000%, Lmin=-71267.64, Lmax=-69364.17
15:37:23 [ultranest] [DEBUG] iteration=820, ncalls=1801, regioncalls=56040, ndraw=40, logz=-71180.50, remainder_fraction=100.0000%, Lmin=-71161.39, Lmax=-69364.17
15:37:23 [ultranest] [DEBUG] iteration=825, ncalls=1815, regioncalls=56600, ndraw=40, logz=-71133.06, remainder_fraction=100.0000%, Lmin=-71124.55, Lmax=-69364.17
15:37:23 [ultranest] [DEBUG] iteration=840, ncalls=1841, regioncalls=57640, ndraw=40, logz=-71047.35, remainder_fraction=100.0000%, Lmin=-71035.67, Lmax=-69364.17
15:37:23 [ultranest] [DEBUG] iteration=863, ncalls=1882, regioncalls=59280, ndraw=40, logz=-70984.87, remainder_fraction=100.0000%, Lmin=-70970.13, Lmax=-69364.17
15:37:23 [ultranest] [DEBUG] iteration=880, ncalls=1913, regioncalls=60520, ndraw=40, logz=-70920.80, remainder_fraction=100.0000%, Lmin=-70910.32, Lmax=-69364.17
15:37:23 [ultranest] [DEBUG] iteration=904, ncalls=1950, regioncalls=62000, ndraw=40, logz=-70840.44, remainder_fraction=100.0000%, Lmin=-70832.02, Lmax=-69364.17
15:37:23 [ultranest] [DEBUG] iteration=920, ncalls=1979, regioncalls=63160, ndraw=40, logz=-70786.33, remainder_fraction=100.0000%, Lmin=-70771.37, Lmax=-69364.17
15:37:23 [ultranest] [DEBUG] iteration=942, ncalls=2021, regioncalls=64880, ndraw=40, logz=-70719.55, remainder_fraction=100.0000%, Lmin=-70705.35, Lmax=-69364.17
15:37:24 [ultranest] [DEBUG] iteration=960, ncalls=2066, regioncalls=66680, ndraw=40, logz=-70647.53, remainder_fraction=100.0000%, Lmin=-70637.41, Lmax=-69364.17
15:37:24 [ultranest] [DEBUG] iteration=978, ncalls=2110, regioncalls=68440, ndraw=40, logz=-70611.59, remainder_fraction=100.0000%, Lmin=-70600.99, Lmax=-69343.78
15:37:24 [ultranest] [DEBUG] iteration=999, ncalls=2148, regioncalls=69960, ndraw=40, logz=-70565.34, remainder_fraction=100.0000%, Lmin=-70556.47, Lmax=-69343.78
15:37:24 [ultranest] [DEBUG] iteration=1000, ncalls=2149, regioncalls=70000, ndraw=40, logz=-70564.57, remainder_fraction=100.0000%, Lmin=-70549.82, Lmax=-69343.78
15:37:24 [ultranest] [DEBUG] iteration=1019, ncalls=2191, regioncalls=71680, ndraw=40, logz=-70495.67, remainder_fraction=100.0000%, Lmin=-70485.95, Lmax=-69343.78
15:37:24 [ultranest] [DEBUG] iteration=1037, ncalls=2234, regioncalls=73400, ndraw=40, logz=-70456.70, remainder_fraction=100.0000%, Lmin=-70445.44, Lmax=-69343.78
15:37:24 [ultranest] [DEBUG] iteration=1040, ncalls=2239, regioncalls=73600, ndraw=40, logz=-70451.73, remainder_fraction=100.0000%, Lmin=-70442.09, Lmax=-69343.78
15:37:24 [ultranest] [DEBUG] iteration=1056, ncalls=2276, regioncalls=75080, ndraw=40, logz=-70406.51, remainder_fraction=100.0000%, Lmin=-70395.82, Lmax=-69343.78
15:37:24 [ultranest] [DEBUG] iteration=1078, ncalls=2318, regioncalls=76800, ndraw=40, logz=-70364.38, remainder_fraction=100.0000%, Lmin=-70352.02, Lmax=-69343.78
15:37:24 [ultranest] [DEBUG] iteration=1080, ncalls=2320, regioncalls=76880, ndraw=40, logz=-70359.65, remainder_fraction=100.0000%, Lmin=-70350.38, Lmax=-69343.78
15:37:24 [ultranest] [DEBUG] iteration=1105, ncalls=2360, regioncalls=78480, ndraw=40, logz=-70323.31, remainder_fraction=100.0000%, Lmin=-70313.70, Lmax=-69343.78
15:37:24 [ultranest] [DEBUG] iteration=1120, ncalls=2383, regioncalls=79400, ndraw=40, logz=-70290.28, remainder_fraction=100.0000%, Lmin=-70280.25, Lmax=-69343.78
15:37:24 [ultranest] [DEBUG] iteration=1133, ncalls=2403, regioncalls=80200, ndraw=40, logz=-70252.67, remainder_fraction=100.0000%, Lmin=-70243.50, Lmax=-69343.78
15:37:25 [ultranest] [DEBUG] iteration=1154, ncalls=2445, regioncalls=81920, ndraw=40, logz=-70205.64, remainder_fraction=100.0000%, Lmin=-70196.67, Lmax=-69343.78
15:37:25 [ultranest] [DEBUG] iteration=1160, ncalls=2457, regioncalls=82400, ndraw=40, logz=-70195.12, remainder_fraction=100.0000%, Lmin=-70185.20, Lmax=-69343.78
15:37:25 [ultranest] [DEBUG] iteration=1180, ncalls=2500, regioncalls=84120, ndraw=40, logz=-70153.22, remainder_fraction=100.0000%, Lmin=-70141.70, Lmax=-69340.57
15:37:25 [ultranest] [DEBUG] iteration=1200, ncalls=2534, regioncalls=85480, ndraw=40, logz=-70119.32, remainder_fraction=100.0000%, Lmin=-70109.10, Lmax=-69340.57
15:37:25 [ultranest] [DEBUG] iteration=1210, ncalls=2553, regioncalls=86280, ndraw=40, logz=-70102.95, remainder_fraction=100.0000%, Lmin=-70091.43, Lmax=-69340.57
15:37:25 [ultranest] [DEBUG] iteration=1232, ncalls=2595, regioncalls=87960, ndraw=40, logz=-70047.83, remainder_fraction=100.0000%, Lmin=-70037.54, Lmax=-69340.57
15:37:25 [ultranest] [DEBUG] iteration=1240, ncalls=2614, regioncalls=88720, ndraw=40, logz=-70036.81, remainder_fraction=100.0000%, Lmin=-70024.06, Lmax=-69340.57
15:37:25 [ultranest] [DEBUG] iteration=1261, ncalls=2656, regioncalls=90400, ndraw=40, logz=-70003.30, remainder_fraction=100.0000%, Lmin=-69994.44, Lmax=-69340.57
15:37:25 [ultranest] [DEBUG] iteration=1277, ncalls=2702, regioncalls=92240, ndraw=40, logz=-69984.99, remainder_fraction=100.0000%, Lmin=-69974.88, Lmax=-69340.57
15:37:25 [ultranest] [DEBUG] iteration=1280, ncalls=2707, regioncalls=92440, ndraw=40, logz=-69982.72, remainder_fraction=100.0000%, Lmin=-69972.39, Lmax=-69340.57
15:37:25 [ultranest] [DEBUG] iteration=1287, ncalls=2720, regioncalls=92960, ndraw=40, logz=-69970.12, remainder_fraction=100.0000%, Lmin=-69957.41, Lmax=-69340.57
15:37:25 [ultranest] [DEBUG] iteration=1307, ncalls=2763, regioncalls=94720, ndraw=40, logz=-69923.60, remainder_fraction=100.0000%, Lmin=-69913.96, Lmax=-69340.57
15:37:25 [ultranest] [DEBUG] iteration=1320, ncalls=2790, regioncalls=95800, ndraw=40, logz=-69909.33, remainder_fraction=100.0000%, Lmin=-69899.51, Lmax=-69340.57
15:37:25 [ultranest] [DEBUG] iteration=1341, ncalls=2833, regioncalls=97520, ndraw=40, logz=-69887.70, remainder_fraction=100.0000%, Lmin=-69877.15, Lmax=-69340.57
15:37:26 [ultranest] [DEBUG] iteration=1360, ncalls=2875, regioncalls=99200, ndraw=40, logz=-69863.96, remainder_fraction=100.0000%, Lmin=-69852.51, Lmax=-69340.57
15:37:26 [ultranest] [DEBUG] iteration=1377, ncalls=2914, regioncalls=100760, ndraw=40, logz=-69841.19, remainder_fraction=100.0000%, Lmin=-69829.02, Lmax=-69340.57
15:37:26 [ultranest] [DEBUG] iteration=1398, ncalls=2956, regioncalls=102440, ndraw=40, logz=-69823.31, remainder_fraction=100.0000%, Lmin=-69812.57, Lmax=-69319.59
15:37:26 [ultranest] [DEBUG] iteration=1400, ncalls=2960, regioncalls=102600, ndraw=40, logz=-69821.42, remainder_fraction=100.0000%, Lmin=-69809.98, Lmax=-69319.59
15:37:26 [ultranest] [DEBUG] iteration=1419, ncalls=3002, regioncalls=104280, ndraw=40, logz=-69807.10, remainder_fraction=100.0000%, Lmin=-69797.30, Lmax=-69319.59
15:37:26 [ultranest] [DEBUG] iteration=1437, ncalls=3046, regioncalls=106040, ndraw=40, logz=-69785.15, remainder_fraction=100.0000%, Lmin=-69775.04, Lmax=-69319.59
15:37:26 [ultranest] [DEBUG] iteration=1440, ncalls=3052, regioncalls=106280, ndraw=40, logz=-69783.09, remainder_fraction=100.0000%, Lmin=-69773.00, Lmax=-69319.59
15:37:26 [ultranest] [DEBUG] iteration=1441, ncalls=3054, regioncalls=106400, ndraw=40, logz=-69782.35, remainder_fraction=100.0000%, Lmin=-69771.77, Lmax=-69319.59
15:37:26 [ultranest] [DEBUG] iteration=1465, ncalls=3096, regioncalls=108080, ndraw=40, logz=-69754.38, remainder_fraction=100.0000%, Lmin=-69743.69, Lmax=-69319.59
15:37:26 [ultranest] [DEBUG] iteration=1480, ncalls=3119, regioncalls=109000, ndraw=40, logz=-69745.18, remainder_fraction=100.0000%, Lmin=-69735.54, Lmax=-69319.59
15:37:26 [ultranest] [DEBUG] iteration=1505, ncalls=3159, regioncalls=110600, ndraw=40, logz=-69726.08, remainder_fraction=100.0000%, Lmin=-69715.43, Lmax=-69319.59
15:37:26 [ultranest] [DEBUG] iteration=1518, ncalls=3172, regioncalls=111120, ndraw=40, logz=-69717.05, remainder_fraction=100.0000%, Lmin=-69707.13, Lmax=-69319.59
15:37:26 [ultranest] [DEBUG] iteration=1520, ncalls=3174, regioncalls=111200, ndraw=40, logz=-69716.10, remainder_fraction=100.0000%, Lmin=-69706.10, Lmax=-69319.59
15:37:26 [ultranest] [DEBUG] iteration=1547, ncalls=3213, regioncalls=112840, ndraw=40, logz=-69698.56, remainder_fraction=100.0000%, Lmin=-69688.68, Lmax=-69319.59
15:37:26 [ultranest] [DEBUG] iteration=1560, ncalls=3233, regioncalls=113640, ndraw=40, logz=-69692.16, remainder_fraction=100.0000%, Lmin=-69682.45, Lmax=-69319.59
15:37:27 [ultranest] [DEBUG] iteration=1583, ncalls=3274, regioncalls=115280, ndraw=40, logz=-69675.99, remainder_fraction=100.0000%, Lmin=-69665.85, Lmax=-69319.59
15:37:27 [ultranest] [DEBUG] iteration=1595, ncalls=3297, regioncalls=116240, ndraw=40, logz=-69667.29, remainder_fraction=100.0000%, Lmin=-69656.99, Lmax=-69319.59
15:37:27 [ultranest] [DEBUG] iteration=1600, ncalls=3302, regioncalls=116440, ndraw=40, logz=-69665.05, remainder_fraction=100.0000%, Lmin=-69655.59, Lmax=-69319.59
15:37:27 [ultranest] [DEBUG] iteration=1628, ncalls=3342, regioncalls=118040, ndraw=40, logz=-69649.17, remainder_fraction=100.0000%, Lmin=-69638.45, Lmax=-69319.59
15:37:27 [ultranest] [DEBUG] iteration=1640, ncalls=3357, regioncalls=118640, ndraw=40, logz=-69637.59, remainder_fraction=100.0000%, Lmin=-69627.68, Lmax=-69319.59
15:37:27 [ultranest] [DEBUG] iteration=1665, ncalls=3399, regioncalls=120320, ndraw=40, logz=-69623.56, remainder_fraction=100.0000%, Lmin=-69612.64, Lmax=-69319.59
15:37:27 [ultranest] [DEBUG] iteration=1672, ncalls=3408, regioncalls=120680, ndraw=40, logz=-69619.04, remainder_fraction=100.0000%, Lmin=-69609.26, Lmax=-69319.59
15:37:27 [ultranest] [DEBUG] iteration=1680, ncalls=3417, regioncalls=121080, ndraw=40, logz=-69615.37, remainder_fraction=100.0000%, Lmin=-69605.22, Lmax=-69319.59
15:37:27 [ultranest] [DEBUG] iteration=1707, ncalls=3456, regioncalls=122640, ndraw=40, logz=-69602.48, remainder_fraction=100.0000%, Lmin=-69593.07, Lmax=-69319.59
15:37:27 [ultranest] [DEBUG] iteration=1720, ncalls=3471, regioncalls=123240, ndraw=40, logz=-69594.32, remainder_fraction=100.0000%, Lmin=-69584.00, Lmax=-69319.59
15:37:27 [ultranest] [DEBUG] iteration=1744, ncalls=3512, regioncalls=124880, ndraw=40, logz=-69579.32, remainder_fraction=100.0000%, Lmin=-69569.01, Lmax=-69319.59
15:37:27 [ultranest] [DEBUG] iteration=1760, ncalls=3535, regioncalls=125800, ndraw=40, logz=-69574.85, remainder_fraction=100.0000%, Lmin=-69564.66, Lmax=-69319.59
15:37:27 [ultranest] [DEBUG] iteration=1784, ncalls=3576, regioncalls=127440, ndraw=40, logz=-69563.08, remainder_fraction=100.0000%, Lmin=-69551.76, Lmax=-69319.59
15:37:27 [ultranest] [DEBUG] iteration=1800, ncalls=3607, regioncalls=128680, ndraw=40, logz=-69557.28, remainder_fraction=100.0000%, Lmin=-69547.23, Lmax=-69319.59
15:37:28 [ultranest] [DEBUG] iteration=1819, ncalls=3649, regioncalls=130360, ndraw=40, logz=-69546.52, remainder_fraction=100.0000%, Lmin=-69534.91, Lmax=-69319.59
15:37:28 [ultranest] [DEBUG] iteration=1826, ncalls=3663, regioncalls=130960, ndraw=40, logz=-69542.59, remainder_fraction=100.0000%, Lmin=-69532.61, Lmax=-69319.59
15:37:28 [ultranest] [DEBUG] iteration=1840, ncalls=3684, regioncalls=131840, ndraw=40, logz=-69538.28, remainder_fraction=100.0000%, Lmin=-69528.25, Lmax=-69319.59
15:37:28 [ultranest] [DEBUG] iteration=1866, ncalls=3724, regioncalls=133440, ndraw=40, logz=-69523.95, remainder_fraction=100.0000%, Lmin=-69512.99, Lmax=-69319.59
15:37:28 [ultranest] [DEBUG] iteration=1880, ncalls=3742, regioncalls=134160, ndraw=40, logz=-69516.22, remainder_fraction=100.0000%, Lmin=-69504.03, Lmax=-69319.59
15:37:28 [ultranest] [DEBUG] iteration=1903, ncalls=3781, regioncalls=135760, ndraw=40, logz=-69505.07, remainder_fraction=100.0000%, Lmin=-69494.89, Lmax=-69319.59
15:37:28 [ultranest] [DEBUG] iteration=1920, ncalls=3814, regioncalls=137080, ndraw=40, logz=-69497.80, remainder_fraction=100.0000%, Lmin=-69487.99, Lmax=-69319.59
15:37:28 [ultranest] [DEBUG] iteration=1940, ncalls=3857, regioncalls=138800, ndraw=40, logz=-69491.65, remainder_fraction=100.0000%, Lmin=-69481.34, Lmax=-69319.59
15:37:28 [ultranest] [DEBUG] iteration=1960, ncalls=3892, regioncalls=140200, ndraw=40, logz=-69484.75, remainder_fraction=100.0000%, Lmin=-69474.27, Lmax=-69319.59
15:37:28 [ultranest] [DEBUG] iteration=1980, ncalls=3921, regioncalls=141400, ndraw=40, logz=-69476.42, remainder_fraction=100.0000%, Lmin=-69466.26, Lmax=-69319.59
15:37:28 [ultranest] [DEBUG] iteration=2000, ncalls=3949, regioncalls=142560, ndraw=40, logz=-69469.96, remainder_fraction=100.0000%, Lmin=-69459.38, Lmax=-69315.67
15:37:28 [ultranest] [DEBUG] iteration=2030, ncalls=3987, regioncalls=144120, ndraw=40, logz=-69459.02, remainder_fraction=100.0000%, Lmin=-69448.20, Lmax=-69315.67
15:37:29 [ultranest] [DEBUG] iteration=2040, ncalls=4001, regioncalls=144680, ndraw=40, logz=-69455.64, remainder_fraction=100.0000%, Lmin=-69445.04, Lmax=-69315.67
15:37:29 [ultranest] [DEBUG] iteration=2057, ncalls=4030, regioncalls=145880, ndraw=40, logz=-69451.27, remainder_fraction=100.0000%, Lmin=-69441.15, Lmax=-69315.67
15:37:29 [ultranest] [DEBUG] iteration=2080, ncalls=4068, regioncalls=147400, ndraw=40, logz=-69446.89, remainder_fraction=100.0000%, Lmin=-69436.45, Lmax=-69315.67
15:37:29 [ultranest] [DEBUG] iteration=2107, ncalls=4109, regioncalls=149040, ndraw=40, logz=-69441.82, remainder_fraction=100.0000%, Lmin=-69431.66, Lmax=-69315.67
15:37:29 [ultranest] [DEBUG] iteration=2120, ncalls=4134, regioncalls=150040, ndraw=40, logz=-69438.58, remainder_fraction=100.0000%, Lmin=-69428.06, Lmax=-69315.67
15:37:29 [ultranest] [DEBUG] iteration=2134, ncalls=4155, regioncalls=150920, ndraw=40, logz=-69435.45, remainder_fraction=100.0000%, Lmin=-69424.83, Lmax=-69315.67
15:37:29 [ultranest] [DEBUG] iteration=2160, ncalls=4189, regioncalls=152320, ndraw=40, logz=-69431.15, remainder_fraction=100.0000%, Lmin=-69421.09, Lmax=-69315.67
15:37:29 [ultranest] [DEBUG] iteration=2187, ncalls=4229, regioncalls=153920, ndraw=40, logz=-69426.20, remainder_fraction=100.0000%, Lmin=-69415.60, Lmax=-69315.67
15:37:29 [ultranest] [DEBUG] iteration=2200, ncalls=4251, regioncalls=154800, ndraw=40, logz=-69424.11, remainder_fraction=100.0000%, Lmin=-69413.39, Lmax=-69315.67
15:37:29 [ultranest] [DEBUG] iteration=2211, ncalls=4268, regioncalls=155600, ndraw=40, logz=-69421.33, remainder_fraction=100.0000%, Lmin=-69410.40, Lmax=-69315.67
15:37:29 [ultranest] [DEBUG] iteration=2238, ncalls=4308, regioncalls=157200, ndraw=40, logz=-69416.04, remainder_fraction=100.0000%, Lmin=-69405.60, Lmax=-69315.67
15:37:29 [ultranest] [DEBUG] iteration=2240, ncalls=4311, regioncalls=157320, ndraw=40, logz=-69415.77, remainder_fraction=100.0000%, Lmin=-69405.34, Lmax=-69314.94
15:37:29 [ultranest] [DEBUG] iteration=2270, ncalls=4350, regioncalls=158880, ndraw=40, logz=-69412.17, remainder_fraction=100.0000%, Lmin=-69401.49, Lmax=-69314.94
15:37:29 [ultranest] [DEBUG] iteration=2280, ncalls=4362, regioncalls=159360, ndraw=40, logz=-69410.79, remainder_fraction=100.0000%, Lmin=-69400.09, Lmax=-69314.94
15:37:29 [ultranest] [DEBUG] iteration=2288, ncalls=4375, regioncalls=159960, ndraw=40, logz=-69409.52, remainder_fraction=100.0000%, Lmin=-69399.18, Lmax=-69314.94
15:37:30 [ultranest] [DEBUG] iteration=2317, ncalls=4414, regioncalls=161680, ndraw=40, logz=-69405.19, remainder_fraction=100.0000%, Lmin=-69394.31, Lmax=-69314.94
15:37:30 [ultranest] [DEBUG] iteration=2320, ncalls=4420, regioncalls=161920, ndraw=40, logz=-69404.70, remainder_fraction=100.0000%, Lmin=-69393.91, Lmax=-69314.94
15:37:30 [ultranest] [DEBUG] iteration=2341, ncalls=4459, regioncalls=163480, ndraw=40, logz=-69400.65, remainder_fraction=100.0000%, Lmin=-69390.16, Lmax=-69314.94
15:37:30 [ultranest] [DEBUG] iteration=2360, ncalls=4490, regioncalls=164720, ndraw=40, logz=-69398.46, remainder_fraction=100.0000%, Lmin=-69387.41, Lmax=-69314.94
15:37:30 [ultranest] [DEBUG] iteration=2365, ncalls=4498, regioncalls=165080, ndraw=40, logz=-69397.75, remainder_fraction=100.0000%, Lmin=-69387.21, Lmax=-69314.94
15:37:30 [ultranest] [DEBUG] iteration=2389, ncalls=4539, regioncalls=166720, ndraw=40, logz=-69394.58, remainder_fraction=100.0000%, Lmin=-69383.95, Lmax=-69314.94
15:37:30 [ultranest] [DEBUG] iteration=2400, ncalls=4556, regioncalls=167400, ndraw=40, logz=-69393.33, remainder_fraction=100.0000%, Lmin=-69382.57, Lmax=-69314.94
15:37:30 [ultranest] [DEBUG] iteration=2425, ncalls=4599, regioncalls=169120, ndraw=40, logz=-69390.10, remainder_fraction=100.0000%, Lmin=-69379.19, Lmax=-69314.94
15:37:30 [ultranest] [DEBUG] iteration=2440, ncalls=4632, regioncalls=170440, ndraw=40, logz=-69388.06, remainder_fraction=100.0000%, Lmin=-69376.80, Lmax=-69314.94
15:37:30 [ultranest] [DEBUG] iteration=2457, ncalls=4672, regioncalls=172040, ndraw=40, logz=-69385.89, remainder_fraction=100.0000%, Lmin=-69375.01, Lmax=-69314.94
15:37:30 [ultranest] [DEBUG] iteration=2477, ncalls=4714, regioncalls=173720, ndraw=40, logz=-69383.94, remainder_fraction=100.0000%, Lmin=-69372.89, Lmax=-69314.94
15:37:30 [ultranest] [DEBUG] iteration=2480, ncalls=4717, regioncalls=173840, ndraw=40, logz=-69383.44, remainder_fraction=100.0000%, Lmin=-69372.18, Lmax=-69314.94
15:37:30 [ultranest] [DEBUG] iteration=2502, ncalls=4758, regioncalls=175480, ndraw=40, logz=-69381.04, remainder_fraction=100.0000%, Lmin=-69370.30, Lmax=-69314.94
15:37:31 [ultranest] [DEBUG] iteration=2519, ncalls=4793, regioncalls=176920, ndraw=40, logz=-69379.61, remainder_fraction=100.0000%, Lmin=-69369.06, Lmax=-69314.94
15:37:31 [ultranest] [DEBUG] iteration=2520, ncalls=4796, regioncalls=177040, ndraw=40, logz=-69379.54, remainder_fraction=100.0000%, Lmin=-69368.95, Lmax=-69314.94
15:37:31 [ultranest] [DEBUG] iteration=2550, ncalls=4834, regioncalls=178560, ndraw=40, logz=-69376.80, remainder_fraction=100.0000%, Lmin=-69365.54, Lmax=-69314.94
15:37:31 [ultranest] [DEBUG] iteration=2560, ncalls=4848, regioncalls=179120, ndraw=40, logz=-69375.66, remainder_fraction=100.0000%, Lmin=-69364.54, Lmax=-69314.94
15:37:31 [ultranest] [DEBUG] iteration=2583, ncalls=4889, regioncalls=180760, ndraw=40, logz=-69373.68, remainder_fraction=100.0000%, Lmin=-69362.85, Lmax=-69314.94
15:37:31 [ultranest] [DEBUG] iteration=2596, ncalls=4909, regioncalls=181680, ndraw=40, logz=-69372.61, remainder_fraction=100.0000%, Lmin=-69361.55, Lmax=-69314.94
15:37:31 [ultranest] [DEBUG] iteration=2600, ncalls=4916, regioncalls=181960, ndraw=40, logz=-69372.26, remainder_fraction=100.0000%, Lmin=-69361.34, Lmax=-69314.94
15:37:31 [ultranest] [DEBUG] iteration=2628, ncalls=4956, regioncalls=183560, ndraw=40, logz=-69369.82, remainder_fraction=100.0000%, Lmin=-69358.69, Lmax=-69314.94
15:37:31 [ultranest] [DEBUG] iteration=2640, ncalls=4969, regioncalls=184080, ndraw=40, logz=-69368.85, remainder_fraction=100.0000%, Lmin=-69357.95, Lmax=-69314.94
15:37:31 [ultranest] [DEBUG] iteration=2662, ncalls=5011, regioncalls=185760, ndraw=40, logz=-69366.79, remainder_fraction=100.0000%, Lmin=-69355.79, Lmax=-69314.94
15:37:31 [ultranest] [DEBUG] iteration=2673, ncalls=5038, regioncalls=186880, ndraw=40, logz=-69366.04, remainder_fraction=100.0000%, Lmin=-69355.14, Lmax=-69314.94
15:37:31 [ultranest] [DEBUG] iteration=2680, ncalls=5045, regioncalls=187160, ndraw=40, logz=-69365.61, remainder_fraction=100.0000%, Lmin=-69354.80, Lmax=-69314.94
15:37:31 [ultranest] [DEBUG] iteration=2706, ncalls=5085, regioncalls=188760, ndraw=40, logz=-69363.94, remainder_fraction=100.0000%, Lmin=-69353.06, Lmax=-69314.94
15:37:31 [ultranest] [DEBUG] iteration=2720, ncalls=5112, regioncalls=189840, ndraw=40, logz=-69362.83, remainder_fraction=100.0000%, Lmin=-69351.39, Lmax=-69314.94
15:37:31 [ultranest] [DEBUG] iteration=2745, ncalls=5153, regioncalls=191480, ndraw=40, logz=-69361.16, remainder_fraction=100.0000%, Lmin=-69350.30, Lmax=-69314.94
15:37:31 [ultranest] [DEBUG] iteration=2750, ncalls=5158, regioncalls=191720, ndraw=40, logz=-69360.89, remainder_fraction=100.0000%, Lmin=-69349.94, Lmax=-69314.94
15:37:32 [ultranest] [DEBUG] iteration=2760, ncalls=5177, regioncalls=192480, ndraw=40, logz=-69360.15, remainder_fraction=100.0000%, Lmin=-69348.99, Lmax=-69314.94
15:37:32 [ultranest] [DEBUG] iteration=2786, ncalls=5218, regioncalls=194120, ndraw=40, logz=-69358.52, remainder_fraction=100.0000%, Lmin=-69347.43, Lmax=-69314.94
15:37:32 [ultranest] [DEBUG] iteration=2800, ncalls=5244, regioncalls=195160, ndraw=40, logz=-69357.64, remainder_fraction=100.0000%, Lmin=-69346.34, Lmax=-69314.94
15:37:32 [ultranest] [DEBUG] iteration=2825, ncalls=5284, regioncalls=196760, ndraw=40, logz=-69355.86, remainder_fraction=100.0000%, Lmin=-69344.67, Lmax=-69314.53
15:37:32 [ultranest] [DEBUG] iteration=2827, ncalls=5286, regioncalls=196880, ndraw=40, logz=-69355.75, remainder_fraction=100.0000%, Lmin=-69344.61, Lmax=-69314.53
15:37:32 [ultranest] [DEBUG] iteration=2840, ncalls=5301, regioncalls=197480, ndraw=40, logz=-69354.96, remainder_fraction=100.0000%, Lmin=-69343.75, Lmax=-69314.53
15:37:32 [ultranest] [DEBUG] iteration=2867, ncalls=5343, regioncalls=199160, ndraw=40, logz=-69353.64, remainder_fraction=100.0000%, Lmin=-69342.42, Lmax=-69314.53
15:37:32 [ultranest] [DEBUG] iteration=2880, ncalls=5363, regioncalls=199960, ndraw=40, logz=-69353.00, remainder_fraction=100.0000%, Lmin=-69341.97, Lmax=-69314.53
15:37:32 [ultranest] [DEBUG] iteration=2904, ncalls=5404, regioncalls=201640, ndraw=40, logz=-69351.85, remainder_fraction=100.0000%, Lmin=-69340.62, Lmax=-69314.53
15:37:32 [ultranest] [DEBUG] iteration=2920, ncalls=5422, regioncalls=202360, ndraw=40, logz=-69351.05, remainder_fraction=100.0000%, Lmin=-69339.79, Lmax=-69314.53
15:37:32 [ultranest] [DEBUG] iteration=2950, ncalls=5461, regioncalls=203920, ndraw=40, logz=-69349.70, remainder_fraction=100.0000%, Lmin=-69338.43, Lmax=-69314.53
15:37:32 [ultranest] [DEBUG] iteration=2960, ncalls=5475, regioncalls=204480, ndraw=40, logz=-69349.29, remainder_fraction=100.0000%, Lmin=-69338.08, Lmax=-69314.53
15:37:32 [ultranest] [DEBUG] iteration=2984, ncalls=5513, regioncalls=206000, ndraw=40, logz=-69348.32, remainder_fraction=100.0000%, Lmin=-69337.15, Lmax=-69314.53
15:37:32 [ultranest] [DEBUG] iteration=3000, ncalls=5541, regioncalls=207120, ndraw=40, logz=-69347.79, remainder_fraction=100.0000%, Lmin=-69336.59, Lmax=-69314.53
15:37:33 [ultranest] [DEBUG] iteration=3021, ncalls=5583, regioncalls=208800, ndraw=40, logz=-69346.92, remainder_fraction=100.0000%, Lmin=-69335.52, Lmax=-69314.53
15:37:33 [ultranest] [DEBUG] iteration=3040, ncalls=5614, regioncalls=210040, ndraw=40, logz=-69346.11, remainder_fraction=100.0000%, Lmin=-69334.57, Lmax=-69314.53
15:37:33 [ultranest] [DEBUG] iteration=3055, ncalls=5658, regioncalls=211800, ndraw=40, logz=-69345.49, remainder_fraction=100.0000%, Lmin=-69333.90, Lmax=-69314.53
15:37:33 [ultranest] [DEBUG] iteration=3058, ncalls=5664, regioncalls=212080, ndraw=40, logz=-69345.36, remainder_fraction=100.0000%, Lmin=-69333.82, Lmax=-69314.53
15:37:33 [ultranest] [DEBUG] iteration=3080, ncalls=5695, regioncalls=213400, ndraw=40, logz=-69344.44, remainder_fraction=100.0000%, Lmin=-69332.82, Lmax=-69314.53
15:37:33 [ultranest] [DEBUG] iteration=3104, ncalls=5739, regioncalls=215160, ndraw=40, logz=-69343.60, remainder_fraction=100.0000%, Lmin=-69332.27, Lmax=-69314.49
15:37:33 [ultranest] [DEBUG] iteration=3120, ncalls=5766, regioncalls=216240, ndraw=40, logz=-69343.14, remainder_fraction=100.0000%, Lmin=-69331.83, Lmax=-69314.49
15:37:33 [ultranest] [DEBUG] iteration=3135, ncalls=5789, regioncalls=217200, ndraw=40, logz=-69342.72, remainder_fraction=100.0000%, Lmin=-69331.46, Lmax=-69314.49
15:37:33 [ultranest] [DEBUG] iteration=3160, ncalls=5825, regioncalls=218680, ndraw=40, logz=-69342.01, remainder_fraction=100.0000%, Lmin=-69330.50, Lmax=-69314.49
15:37:33 [ultranest] [DEBUG] iteration=3186, ncalls=5868, regioncalls=220400, ndraw=40, logz=-69341.24, remainder_fraction=99.9999%, Lmin=-69329.68, Lmax=-69314.49
15:37:33 [ultranest] [DEBUG] iteration=3200, ncalls=5886, regioncalls=221120, ndraw=40, logz=-69340.80, remainder_fraction=99.9999%, Lmin=-69329.09, Lmax=-69314.49
15:37:33 [ultranest] [DEBUG] iteration=3219, ncalls=5925, regioncalls=222680, ndraw=40, logz=-69340.17, remainder_fraction=99.9998%, Lmin=-69328.48, Lmax=-69314.49
15:37:34 [ultranest] [DEBUG] iteration=3238, ncalls=5967, regioncalls=224360, ndraw=40, logz=-69339.64, remainder_fraction=99.9996%, Lmin=-69328.08, Lmax=-69314.49
15:37:34 [ultranest] [DEBUG] iteration=3240, ncalls=5970, regioncalls=224480, ndraw=40, logz=-69339.59, remainder_fraction=99.9996%, Lmin=-69328.01, Lmax=-69314.49
15:37:34 [ultranest] [DEBUG] iteration=3263, ncalls=6013, regioncalls=226200, ndraw=40, logz=-69339.06, remainder_fraction=99.9993%, Lmin=-69327.56, Lmax=-69314.49
15:37:34 [ultranest] [DEBUG] iteration=3280, ncalls=6055, regioncalls=227880, ndraw=40, logz=-69338.70, remainder_fraction=99.9990%, Lmin=-69327.19, Lmax=-69314.49
15:37:34 [ultranest] [DEBUG] iteration=3289, ncalls=6090, regioncalls=229320, ndraw=40, logz=-69338.51, remainder_fraction=99.9988%, Lmin=-69326.92, Lmax=-69314.49
15:37:34 [ultranest] [DEBUG] iteration=3319, ncalls=6130, regioncalls=230920, ndraw=40, logz=-69337.79, remainder_fraction=99.9974%, Lmin=-69326.09, Lmax=-69314.49
15:37:34 [ultranest] [DEBUG] iteration=3320, ncalls=6131, regioncalls=230960, ndraw=40, logz=-69337.76, remainder_fraction=99.9974%, Lmin=-69326.07, Lmax=-69314.49
15:37:34 [ultranest] [DEBUG] iteration=3345, ncalls=6171, regioncalls=232560, ndraw=40, logz=-69337.21, remainder_fraction=99.9954%, Lmin=-69325.59, Lmax=-69314.49
15:37:34 [ultranest] [DEBUG] iteration=3360, ncalls=6198, regioncalls=233640, ndraw=40, logz=-69336.91, remainder_fraction=99.9938%, Lmin=-69325.29, Lmax=-69314.49
15:37:34 [ultranest] [DEBUG] iteration=3366, ncalls=6210, regioncalls=234200, ndraw=40, logz=-69336.79, remainder_fraction=99.9930%, Lmin=-69325.10, Lmax=-69314.49
15:37:34 [ultranest] [DEBUG] iteration=3392, ncalls=6250, regioncalls=235800, ndraw=40, logz=-69336.30, remainder_fraction=99.9881%, Lmin=-69324.57, Lmax=-69314.49
15:37:34 [ultranest] [DEBUG] iteration=3400, ncalls=6261, regioncalls=236240, ndraw=40, logz=-69336.14, remainder_fraction=99.9861%, Lmin=-69324.33, Lmax=-69314.49
15:37:34 [ultranest] [DEBUG] iteration=3428, ncalls=6301, regioncalls=237840, ndraw=40, logz=-69335.62, remainder_fraction=99.9770%, Lmin=-69323.88, Lmax=-69314.49
15:37:34 [ultranest] [DEBUG] iteration=3440, ncalls=6322, regioncalls=238680, ndraw=40, logz=-69335.41, remainder_fraction=99.9711%, Lmin=-69323.65, Lmax=-69314.49
15:37:34 [ultranest] [DEBUG] iteration=3443, ncalls=6331, regioncalls=239080, ndraw=40, logz=-69335.36, remainder_fraction=99.9695%, Lmin=-69323.59, Lmax=-69314.49
15:37:35 [ultranest] [DEBUG] iteration=3473, ncalls=6369, regioncalls=240600, ndraw=40, logz=-69334.89, remainder_fraction=99.9483%, Lmin=-69323.23, Lmax=-69314.49
15:37:35 [ultranest] [DEBUG] iteration=3480, ncalls=6380, regioncalls=241040, ndraw=40, logz=-69334.79, remainder_fraction=99.9433%, Lmin=-69323.13, Lmax=-69314.49
15:37:35 [ultranest] [DEBUG] iteration=3505, ncalls=6417, regioncalls=242520, ndraw=40, logz=-69334.45, remainder_fraction=99.9224%, Lmin=-69322.76, Lmax=-69314.49
15:37:35 [ultranest] [DEBUG] iteration=3520, ncalls=6440, regioncalls=243480, ndraw=40, logz=-69334.25, remainder_fraction=99.9066%, Lmin=-69322.58, Lmax=-69314.49
15:37:35 [ultranest] [DEBUG] iteration=3547, ncalls=6481, regioncalls=245120, ndraw=40, logz=-69333.90, remainder_fraction=99.8634%, Lmin=-69322.05, Lmax=-69314.49
15:37:35 [ultranest] [DEBUG] iteration=3560, ncalls=6499, regioncalls=245840, ndraw=40, logz=-69333.73, remainder_fraction=99.8388%, Lmin=-69321.88, Lmax=-69314.49
15:37:35 [ultranest] [DEBUG] iteration=3587, ncalls=6539, regioncalls=247440, ndraw=40, logz=-69333.37, remainder_fraction=99.7623%, Lmin=-69321.53, Lmax=-69314.49
15:37:35 [ultranest] [DEBUG] iteration=3597, ncalls=6559, regioncalls=248320, ndraw=40, logz=-69333.25, remainder_fraction=99.7287%, Lmin=-69321.39, Lmax=-69314.49
15:37:35 [ultranest] [DEBUG] iteration=3600, ncalls=6567, regioncalls=248680, ndraw=40, logz=-69333.21, remainder_fraction=99.7206%, Lmin=-69321.35, Lmax=-69314.49
15:37:35 [ultranest] [DEBUG] iteration=3628, ncalls=6606, regioncalls=250240, ndraw=40, logz=-69332.87, remainder_fraction=99.6277%, Lmin=-69320.92, Lmax=-69314.49
15:37:35 [ultranest] [DEBUG] iteration=3640, ncalls=6626, regioncalls=251040, ndraw=40, logz=-69332.72, remainder_fraction=99.5634%, Lmin=-69320.78, Lmax=-69314.49
15:37:35 [ultranest] [DEBUG] iteration=3660, ncalls=6668, regioncalls=252720, ndraw=40, logz=-69332.50, remainder_fraction=99.4447%, Lmin=-69320.49, Lmax=-69314.49
15:37:35 [ultranest] [DEBUG] iteration=3674, ncalls=6695, regioncalls=253880, ndraw=40, logz=-69332.33, remainder_fraction=99.3434%, Lmin=-69320.28, Lmax=-69314.49
15:37:35 [ultranest] [DEBUG] iteration=3680, ncalls=6701, regioncalls=254160, ndraw=40, logz=-69332.26, remainder_fraction=99.2851%, Lmin=-69320.17, Lmax=-69314.49
15:37:36 [ultranest] [DEBUG] iteration=3709, ncalls=6740, regioncalls=255720, ndraw=40, logz=-69331.93, remainder_fraction=99.0015%, Lmin=-69319.83, Lmax=-69314.49
15:37:36 [ultranest] [DEBUG] iteration=3720, ncalls=6759, regioncalls=256480, ndraw=40, logz=-69331.80, remainder_fraction=98.8757%, Lmin=-69319.65, Lmax=-69314.49
15:37:36 [ultranest] [DEBUG] iteration=3742, ncalls=6801, regioncalls=258160, ndraw=40, logz=-69331.57, remainder_fraction=98.5679%, Lmin=-69319.51, Lmax=-69314.49
15:37:36 [ultranest] [DEBUG] iteration=3751, ncalls=6822, regioncalls=259040, ndraw=40, logz=-69331.48, remainder_fraction=98.4282%, Lmin=-69319.41, Lmax=-69314.49
15:37:36 [ultranest] [DEBUG] iteration=3760, ncalls=6832, regioncalls=259480, ndraw=40, logz=-69331.40, remainder_fraction=98.3003%, Lmin=-69319.33, Lmax=-69314.49
15:37:36 [ultranest] [DEBUG] iteration=3786, ncalls=6871, regioncalls=261080, ndraw=40, logz=-69331.16, remainder_fraction=97.8078%, Lmin=-69319.11, Lmax=-69314.49
15:37:36 [ultranest] [DEBUG] iteration=3800, ncalls=6895, regioncalls=262040, ndraw=40, logz=-69331.04, remainder_fraction=97.4779%, Lmin=-69318.96, Lmax=-69314.49
15:37:36 [ultranest] [DEBUG] iteration=3824, ncalls=6935, regioncalls=263640, ndraw=40, logz=-69330.85, remainder_fraction=96.9723%, Lmin=-69318.78, Lmax=-69314.49
15:37:36 [ultranest] [DEBUG] iteration=3840, ncalls=6962, regioncalls=264720, ndraw=40, logz=-69330.72, remainder_fraction=96.5354%, Lmin=-69318.68, Lmax=-69314.49
15:37:36 [ultranest] [DEBUG] iteration=3862, ncalls=7004, regioncalls=266400, ndraw=40, logz=-69330.57, remainder_fraction=95.8529%, Lmin=-69318.49, Lmax=-69314.49
15:37:36 [ultranest] [DEBUG] iteration=3880, ncalls=7047, regioncalls=268120, ndraw=40, logz=-69330.44, remainder_fraction=95.2961%, Lmin=-69318.32, Lmax=-69314.49
15:37:36 [ultranest] [DEBUG] iteration=3905, ncalls=7088, regioncalls=269800, ndraw=40, logz=-69330.27, remainder_fraction=94.3252%, Lmin=-69318.18, Lmax=-69314.49
15:37:36 [ultranest] [DEBUG] iteration=3920, ncalls=7107, regioncalls=270560, ndraw=40, logz=-69330.18, remainder_fraction=93.6698%, Lmin=-69318.11, Lmax=-69314.49
15:37:37 [ultranest] [DEBUG] iteration=3948, ncalls=7146, regioncalls=272120, ndraw=40, logz=-69330.02, remainder_fraction=92.5559%, Lmin=-69317.92, Lmax=-69314.49
15:37:37 [ultranest] [DEBUG] iteration=3960, ncalls=7160, regioncalls=272680, ndraw=40, logz=-69329.95, remainder_fraction=92.0431%, Lmin=-69317.78, Lmax=-69314.49
15:37:37 [ultranest] [DEBUG] iteration=3981, ncalls=7203, regioncalls=274400, ndraw=40, logz=-69329.83, remainder_fraction=91.1336%, Lmin=-69317.67, Lmax=-69314.49
15:37:37 [ultranest] [DEBUG] iteration=3982, ncalls=7206, regioncalls=274560, ndraw=40, logz=-69329.83, remainder_fraction=91.0894%, Lmin=-69317.67, Lmax=-69314.49
15:37:37 [ultranest] [DEBUG] iteration=4000, ncalls=7236, regioncalls=275760, ndraw=40, logz=-69329.73, remainder_fraction=90.1012%, Lmin=-69317.54, Lmax=-69314.49
15:37:37 [ultranest] [DEBUG] iteration=4024, ncalls=7276, regioncalls=277360, ndraw=40, logz=-69329.60, remainder_fraction=88.8193%, Lmin=-69317.35, Lmax=-69314.49
15:37:37 [ultranest] [DEBUG] iteration=4040, ncalls=7298, regioncalls=278240, ndraw=40, logz=-69329.52, remainder_fraction=87.7822%, Lmin=-69317.27, Lmax=-69314.49
15:37:37 [ultranest] [DEBUG] iteration=4064, ncalls=7336, regioncalls=279760, ndraw=40, logz=-69329.40, remainder_fraction=86.2835%, Lmin=-69317.17, Lmax=-69314.49
15:37:37 [ultranest] [DEBUG] iteration=4080, ncalls=7372, regioncalls=281200, ndraw=40, logz=-69329.33, remainder_fraction=85.2375%, Lmin=-69317.09, Lmax=-69314.49
15:37:37 [ultranest] [DEBUG] iteration=4106, ncalls=7413, regioncalls=282840, ndraw=40, logz=-69329.22, remainder_fraction=83.3832%, Lmin=-69316.97, Lmax=-69314.49
15:37:37 [ultranest] [DEBUG] iteration=4120, ncalls=7438, regioncalls=283840, ndraw=40, logz=-69329.16, remainder_fraction=82.3164%, Lmin=-69316.89, Lmax=-69314.49
15:37:37 [ultranest] [DEBUG] iteration=4136, ncalls=7480, regioncalls=285560, ndraw=40, logz=-69329.10, remainder_fraction=81.0065%, Lmin=-69316.82, Lmax=-69314.49
15:37:38 [ultranest] [DEBUG] iteration=4160, ncalls=7521, regioncalls=287200, ndraw=40, logz=-69329.01, remainder_fraction=79.2998%, Lmin=-69316.68, Lmax=-69314.49
15:37:38 [ultranest] [DEBUG] iteration=4186, ncalls=7561, regioncalls=288800, ndraw=40, logz=-69328.91, remainder_fraction=77.1334%, Lmin=-69316.59, Lmax=-69314.49
15:37:38 [ultranest] [DEBUG] iteration=4200, ncalls=7593, regioncalls=290080, ndraw=40, logz=-69328.86, remainder_fraction=75.9770%, Lmin=-69316.54, Lmax=-69314.47
15:37:38 [ultranest] [DEBUG] iteration=4213, ncalls=7620, regioncalls=291240, ndraw=40, logz=-69328.82, remainder_fraction=74.8815%, Lmin=-69316.47, Lmax=-69314.47
15:37:38 [ultranest] [DEBUG] iteration=4237, ncalls=7664, regioncalls=293000, ndraw=40, logz=-69328.74, remainder_fraction=72.9168%, Lmin=-69316.39, Lmax=-69314.47
15:37:38 [ultranest] [DEBUG] iteration=4240, ncalls=7667, regioncalls=293120, ndraw=40, logz=-69328.73, remainder_fraction=72.6111%, Lmin=-69316.38, Lmax=-69314.47
15:37:38 [ultranest] [DEBUG] iteration=4268, ncalls=7706, regioncalls=294680, ndraw=40, logz=-69328.65, remainder_fraction=70.6189%, Lmin=-69316.31, Lmax=-69314.47
15:37:38 [ultranest] [DEBUG] iteration=4280, ncalls=7723, regioncalls=295360, ndraw=40, logz=-69328.62, remainder_fraction=69.6323%, Lmin=-69316.24, Lmax=-69314.47
15:37:38 [ultranest] [DEBUG] iteration=4290, ncalls=7739, regioncalls=296040, ndraw=40, logz=-69328.59, remainder_fraction=68.7436%, Lmin=-69316.19, Lmax=-69314.47
15:37:38 [ultranest] [DEBUG] iteration=4316, ncalls=7777, regioncalls=297560, ndraw=40, logz=-69328.52, remainder_fraction=66.3505%, Lmin=-69316.11, Lmax=-69314.47
15:37:38 [ultranest] [DEBUG] iteration=4320, ncalls=7781, regioncalls=297720, ndraw=40, logz=-69328.51, remainder_fraction=65.9557%, Lmin=-69316.10, Lmax=-69314.45
15:37:38 [ultranest] [DEBUG] iteration=4350, ncalls=7819, regioncalls=299240, ndraw=40, logz=-69328.43, remainder_fraction=63.5710%, Lmin=-69316.00, Lmax=-69314.45
15:37:38 [ultranest] [DEBUG] iteration=4360, ncalls=7834, regioncalls=300000, ndraw=40, logz=-69328.41, remainder_fraction=62.7671%, Lmin=-69315.98, Lmax=-69314.41
15:37:38 [ultranest] [DEBUG] iteration=4367, ncalls=7843, regioncalls=300400, ndraw=40, logz=-69328.39, remainder_fraction=62.2709%, Lmin=-69315.95, Lmax=-69314.41
15:37:38 [ultranest] [DEBUG] iteration=4394, ncalls=7881, regioncalls=301920, ndraw=40, logz=-69328.33, remainder_fraction=60.0281%, Lmin=-69315.84, Lmax=-69314.41
15:37:39 [ultranest] [DEBUG] iteration=4400, ncalls=7889, regioncalls=302240, ndraw=40, logz=-69328.31, remainder_fraction=59.5643%, Lmin=-69315.83, Lmax=-69314.41
15:37:39 [ultranest] [DEBUG] iteration=4424, ncalls=7929, regioncalls=303920, ndraw=40, logz=-69328.26, remainder_fraction=57.1683%, Lmin=-69315.75, Lmax=-69314.41
15:37:39 [ultranest] [DEBUG] iteration=4440, ncalls=7959, regioncalls=305120, ndraw=40, logz=-69328.23, remainder_fraction=55.6260%, Lmin=-69315.72, Lmax=-69314.41
15:37:39 [ultranest] [DEBUG] iteration=4461, ncalls=7998, regioncalls=306680, ndraw=40, logz=-69328.18, remainder_fraction=53.6494%, Lmin=-69315.67, Lmax=-69314.41
15:37:39 [ultranest] [DEBUG] iteration=4480, ncalls=8031, regioncalls=308000, ndraw=40, logz=-69328.15, remainder_fraction=51.9883%, Lmin=-69315.61, Lmax=-69314.41
15:37:39 [ultranest] [DEBUG] iteration=4505, ncalls=8072, regioncalls=309640, ndraw=40, logz=-69328.10, remainder_fraction=49.6198%, Lmin=-69315.55, Lmax=-69314.41
15:37:39 [ultranest] [DEBUG] iteration=4520, ncalls=8103, regioncalls=310880, ndraw=40, logz=-69328.08, remainder_fraction=48.4224%, Lmin=-69315.52, Lmax=-69314.41
15:37:39 [ultranest] [DEBUG] iteration=4521, ncalls=8104, regioncalls=310960, ndraw=40, logz=-69328.08, remainder_fraction=48.3218%, Lmin=-69315.51, Lmax=-69314.41
15:37:39 [ultranest] [DEBUG] iteration=4549, ncalls=8142, regioncalls=312480, ndraw=40, logz=-69328.03, remainder_fraction=46.0972%, Lmin=-69315.46, Lmax=-69314.41
15:37:39 [ultranest] [DEBUG] iteration=4560, ncalls=8161, regioncalls=313360, ndraw=40, logz=-69328.01, remainder_fraction=45.0241%, Lmin=-69315.44, Lmax=-69314.41
15:37:39 [ultranest] [DEBUG] iteration=4581, ncalls=8202, regioncalls=315000, ndraw=40, logz=-69327.98, remainder_fraction=43.1895%, Lmin=-69315.42, Lmax=-69314.41
15:37:39 [ultranest] [DEBUG] iteration=4600, ncalls=8233, regioncalls=316240, ndraw=40, logz=-69327.95, remainder_fraction=41.6587%, Lmin=-69315.39, Lmax=-69314.41
15:37:40 [ultranest] [DEBUG] iteration=4626, ncalls=8273, regioncalls=317840, ndraw=40, logz=-69327.92, remainder_fraction=39.5286%, Lmin=-69315.33, Lmax=-69314.41
15:37:40 [ultranest] [DEBUG] iteration=4640, ncalls=8300, regioncalls=318920, ndraw=40, logz=-69327.90, remainder_fraction=38.4526%, Lmin=-69315.30, Lmax=-69314.41
15:37:40 [ultranest] [DEBUG] iteration=4663, ncalls=8341, regioncalls=320560, ndraw=40, logz=-69327.87, remainder_fraction=36.7676%, Lmin=-69315.26, Lmax=-69314.41
15:37:40 [ultranest] [DEBUG] iteration=4675, ncalls=8358, regioncalls=321360, ndraw=40, logz=-69327.86, remainder_fraction=35.8973%, Lmin=-69315.25, Lmax=-69314.41
15:37:40 [ultranest] [DEBUG] iteration=4680, ncalls=8373, regioncalls=321960, ndraw=40, logz=-69327.85, remainder_fraction=35.4670%, Lmin=-69315.24, Lmax=-69314.41
15:37:40 [ultranest] [DEBUG] iteration=4707, ncalls=8412, regioncalls=323520, ndraw=40, logz=-69327.83, remainder_fraction=33.5293%, Lmin=-69315.19, Lmax=-69314.41
15:37:40 [ultranest] [DEBUG] iteration=4720, ncalls=8432, regioncalls=324320, ndraw=40, logz=-69327.81, remainder_fraction=32.6392%, Lmin=-69315.18, Lmax=-69314.41
15:37:40 [ultranest] [DEBUG] iteration=4743, ncalls=8472, regioncalls=325920, ndraw=40, logz=-69327.79, remainder_fraction=31.0697%, Lmin=-69315.15, Lmax=-69314.41
15:37:40 [ultranest] [DEBUG] iteration=4752, ncalls=8487, regioncalls=326600, ndraw=40, logz=-69327.78, remainder_fraction=30.5006%, Lmin=-69315.14, Lmax=-69314.41
15:37:40 [ultranest] [DEBUG] iteration=4760, ncalls=8495, regioncalls=326920, ndraw=40, logz=-69327.77, remainder_fraction=29.9873%, Lmin=-69315.12, Lmax=-69314.41
15:37:40 [ultranest] [DEBUG] iteration=4789, ncalls=8532, regioncalls=328440, ndraw=40, logz=-69327.75, remainder_fraction=28.1537%, Lmin=-69315.08, Lmax=-69314.38
15:37:40 [ultranest] [DEBUG] iteration=4800, ncalls=8550, regioncalls=329160, ndraw=40, logz=-69327.74, remainder_fraction=27.5549%, Lmin=-69315.07, Lmax=-69314.38
15:37:40 [ultranest] [DEBUG] iteration=4821, ncalls=8593, regioncalls=330880, ndraw=40, logz=-69327.72, remainder_fraction=26.3156%, Lmin=-69315.04, Lmax=-69314.38
15:37:40 [ultranest] [DEBUG] iteration=4840, ncalls=8622, regioncalls=332040, ndraw=40, logz=-69327.70, remainder_fraction=25.2240%, Lmin=-69315.03, Lmax=-69314.38
15:37:41 [ultranest] [DEBUG] iteration=4861, ncalls=8668, regioncalls=333880, ndraw=40, logz=-69327.69, remainder_fraction=24.1624%, Lmin=-69315.01, Lmax=-69314.38
15:37:41 [ultranest] [DEBUG] iteration=4880, ncalls=8707, regioncalls=335440, ndraw=40, logz=-69327.68, remainder_fraction=23.1640%, Lmin=-69314.99, Lmax=-69314.38
15:37:41 [ultranest] [DEBUG] iteration=4900, ncalls=8748, regioncalls=337080, ndraw=40, logz=-69327.66, remainder_fraction=22.1179%, Lmin=-69314.97, Lmax=-69314.38
15:37:41 [ultranest] [DEBUG] iteration=4920, ncalls=8778, regioncalls=338280, ndraw=40, logz=-69327.65, remainder_fraction=21.1950%, Lmin=-69314.95, Lmax=-69314.38
15:37:41 [ultranest] [DEBUG] iteration=4942, ncalls=8825, regioncalls=340160, ndraw=40, logz=-69327.64, remainder_fraction=20.1208%, Lmin=-69314.93, Lmax=-69314.38
15:37:41 [ultranest] [DEBUG] iteration=4959, ncalls=8868, regioncalls=341880, ndraw=40, logz=-69327.63, remainder_fraction=19.3408%, Lmin=-69314.91, Lmax=-69314.38
15:37:41 [ultranest] [DEBUG] iteration=4960, ncalls=8870, regioncalls=341960, ndraw=40, logz=-69327.63, remainder_fraction=19.2989%, Lmin=-69314.91, Lmax=-69314.38
15:37:41 [ultranest] [DEBUG] iteration=4978, ncalls=8920, regioncalls=343960, ndraw=40, logz=-69327.62, remainder_fraction=18.4905%, Lmin=-69314.89, Lmax=-69314.38
15:37:41 [ultranest] [DEBUG] iteration=4983, ncalls=8934, regioncalls=344600, ndraw=40, logz=-69327.61, remainder_fraction=18.2867%, Lmin=-69314.89, Lmax=-69314.38
15:37:41 [ultranest] [DEBUG] iteration=5000, ncalls=8957, regioncalls=345600, ndraw=40, logz=-69327.61, remainder_fraction=17.5334%, Lmin=-69314.87, Lmax=-69314.38
15:37:41 [ultranest] [DEBUG] iteration=5028, ncalls=8995, regioncalls=347120, ndraw=40, logz=-69327.59, remainder_fraction=16.3678%, Lmin=-69314.84, Lmax=-69314.38
15:37:41 [ultranest] [DEBUG] iteration=5040, ncalls=9011, regioncalls=347760, ndraw=40, logz=-69327.59, remainder_fraction=15.9260%, Lmin=-69314.83, Lmax=-69314.38
15:37:41 [ultranest] [DEBUG] iteration=5060, ncalls=9049, regioncalls=349320, ndraw=40, logz=-69327.58, remainder_fraction=15.1785%, Lmin=-69314.82, Lmax=-69314.38
15:37:42 [ultranest] [DEBUG] iteration=5080, ncalls=9084, regioncalls=350720, ndraw=40, logz=-69327.57, remainder_fraction=14.4793%, Lmin=-69314.81, Lmax=-69314.38
15:37:42 [ultranest] [DEBUG] iteration=5104, ncalls=9124, regioncalls=352320, ndraw=40, logz=-69327.56, remainder_fraction=13.6931%, Lmin=-69314.79, Lmax=-69314.38
15:37:42 [ultranest] [DEBUG] iteration=5120, ncalls=9149, regioncalls=353320, ndraw=40, logz=-69327.55, remainder_fraction=13.1632%, Lmin=-69314.77, Lmax=-69314.38
15:37:42 [ultranest] [DEBUG] iteration=5137, ncalls=9179, regioncalls=354560, ndraw=40, logz=-69327.55, remainder_fraction=12.6208%, Lmin=-69314.76, Lmax=-69314.38
15:37:42 [ultranest] [DEBUG] iteration=5160, ncalls=9215, regioncalls=356000, ndraw=40, logz=-69327.54, remainder_fraction=11.8927%, Lmin=-69314.74, Lmax=-69314.38
15:37:42 [ultranest] [DEBUG] iteration=5185, ncalls=9255, regioncalls=357600, ndraw=40, logz=-69327.53, remainder_fraction=11.1609%, Lmin=-69314.74, Lmax=-69314.38
15:37:42 [ultranest] [DEBUG] iteration=5200, ncalls=9276, regioncalls=358440, ndraw=40, logz=-69327.53, remainder_fraction=10.7394%, Lmin=-69314.72, Lmax=-69314.38
15:37:42 [ultranest] [DEBUG] iteration=5214, ncalls=9295, regioncalls=359240, ndraw=40, logz=-69327.52, remainder_fraction=10.3619%, Lmin=-69314.71, Lmax=-69314.38
15:37:42 [ultranest] [DEBUG] iteration=5240, ncalls=9325, regioncalls=360480, ndraw=40, logz=-69327.51, remainder_fraction=9.7087%, Lmin=-69314.69, Lmax=-69314.38
15:37:42 [ultranest] [DEBUG] iteration=5268, ncalls=9364, regioncalls=362040, ndraw=40, logz=-69327.51, remainder_fraction=9.0628%, Lmin=-69314.68, Lmax=-69314.38
15:37:42 [ultranest] [DEBUG] iteration=5280, ncalls=9378, regioncalls=362600, ndraw=40, logz=-69327.50, remainder_fraction=8.7904%, Lmin=-69314.67, Lmax=-69314.38
15:37:42 [ultranest] [DEBUG] iteration=5291, ncalls=9398, regioncalls=363440, ndraw=40, logz=-69327.50, remainder_fraction=8.5425%, Lmin=-69314.67, Lmax=-69314.38
15:37:43 [ultranest] [DEBUG] iteration=5316, ncalls=9438, regioncalls=365040, ndraw=40, logz=-69327.50, remainder_fraction=8.0213%, Lmin=-69314.66, Lmax=-69314.38
15:37:43 [ultranest] [DEBUG] iteration=5320, ncalls=9442, regioncalls=365200, ndraw=40, logz=-69327.50, remainder_fraction=7.9371%, Lmin=-69314.65, Lmax=-69314.38
15:37:43 [ultranest] [DEBUG] iteration=5347, ncalls=9481, regioncalls=366760, ndraw=40, logz=-69327.49, remainder_fraction=7.3906%, Lmin=-69314.64, Lmax=-69314.38
15:37:43 [ultranest] [DEBUG] iteration=5360, ncalls=9502, regioncalls=367600, ndraw=40, logz=-69327.49, remainder_fraction=7.1487%, Lmin=-69314.63, Lmax=-69314.38
15:37:43 [ultranest] [DEBUG] iteration=5382, ncalls=9540, regioncalls=369120, ndraw=40, logz=-69327.48, remainder_fraction=6.7506%, Lmin=-69314.62, Lmax=-69314.38
15:37:43 [ultranest] [DEBUG] iteration=5400, ncalls=9570, regioncalls=370320, ndraw=40, logz=-69327.48, remainder_fraction=6.4347%, Lmin=-69314.61, Lmax=-69314.38
15:37:43 [ultranest] [DEBUG] iteration=5418, ncalls=9612, regioncalls=372000, ndraw=40, logz=-69327.48, remainder_fraction=6.1385%, Lmin=-69314.60, Lmax=-69314.38
15:37:43 [ultranest] [DEBUG] iteration=5440, ncalls=9653, regioncalls=373640, ndraw=40, logz=-69327.47, remainder_fraction=5.7961%, Lmin=-69314.59, Lmax=-69314.38
15:37:43 [ultranest] [DEBUG] iteration=5445, ncalls=9663, regioncalls=374080, ndraw=40, logz=-69327.47, remainder_fraction=5.7215%, Lmin=-69314.59, Lmax=-69314.38
15:37:43 [ultranest] [DEBUG] iteration=5470, ncalls=9706, regioncalls=375800, ndraw=40, logz=-69327.47, remainder_fraction=5.3577%, Lmin=-69314.58, Lmax=-69314.38
15:37:43 [ultranest] [DEBUG] iteration=5480, ncalls=9719, regioncalls=376320, ndraw=40, logz=-69327.47, remainder_fraction=5.2215%, Lmin=-69314.57, Lmax=-69314.38
15:37:43 [ultranest] [DEBUG] iteration=5499, ncalls=9761, regioncalls=378000, ndraw=40, logz=-69327.46, remainder_fraction=4.9621%, Lmin=-69314.56, Lmax=-69314.38
15:37:43 [ultranest] [DEBUG] iteration=5519, ncalls=9804, regioncalls=379720, ndraw=40, logz=-69327.46, remainder_fraction=4.7040%, Lmin=-69314.56, Lmax=-69314.38
15:37:43 [ultranest] [DEBUG] iteration=5520, ncalls=9805, regioncalls=379760, ndraw=40, logz=-69327.46, remainder_fraction=4.6915%, Lmin=-69314.56, Lmax=-69314.38
15:37:43 [ultranest] [DEBUG] iteration=5522, ncalls=9807, regioncalls=379920, ndraw=40, logz=-69327.46, remainder_fraction=4.6666%, Lmin=-69314.56, Lmax=-69314.38
15:37:44 [ultranest] [DEBUG] iteration=5549, ncalls=9846, regioncalls=381480, ndraw=40, logz=-69327.46, remainder_fraction=4.3396%, Lmin=-69314.55, Lmax=-69314.38
15:37:44 [ultranest] [DEBUG] iteration=5560, ncalls=9868, regioncalls=382360, ndraw=40, logz=-69327.46, remainder_fraction=4.2125%, Lmin=-69314.54, Lmax=-69314.38
15:37:44 [ultranest] [DEBUG] iteration=5585, ncalls=9908, regioncalls=383960, ndraw=40, logz=-69327.45, remainder_fraction=3.9398%, Lmin=-69314.54, Lmax=-69314.38
15:37:44 [ultranest] [DEBUG] iteration=5600, ncalls=9932, regioncalls=384920, ndraw=40, logz=-69327.45, remainder_fraction=3.7840%, Lmin=-69314.53, Lmax=-69314.38
15:37:44 [ultranest] [DEBUG] iteration=5626, ncalls=9971, regioncalls=386480, ndraw=40, logz=-69327.45, remainder_fraction=3.5265%, Lmin=-69314.52, Lmax=-69314.38
15:37:44 [ultranest] [DEBUG] iteration=5640, ncalls=10000, regioncalls=387640, ndraw=40, logz=-69327.45, remainder_fraction=3.3935%, Lmin=-69314.52, Lmax=-69314.38
15:37:44 [ultranest] [DEBUG] iteration=5658, ncalls=10042, regioncalls=389320, ndraw=40, logz=-69327.45, remainder_fraction=3.2302%, Lmin=-69314.51, Lmax=-69314.38
15:37:44 [ultranest] [DEBUG] iteration=5676, ncalls=10073, regioncalls=390640, ndraw=40, logz=-69327.44, remainder_fraction=3.0766%, Lmin=-69314.51, Lmax=-69314.38
15:37:44 [ultranest] [DEBUG] iteration=5680, ncalls=10078, regioncalls=390840, ndraw=40, logz=-69327.44, remainder_fraction=3.0420%, Lmin=-69314.51, Lmax=-69314.38
15:37:44 [ultranest] [DEBUG] iteration=5706, ncalls=10119, regioncalls=392480, ndraw=40, logz=-69327.44, remainder_fraction=2.8288%, Lmin=-69314.50, Lmax=-69314.38
15:37:44 [ultranest] [DEBUG] iteration=5720, ncalls=10142, regioncalls=393400, ndraw=40, logz=-69327.44, remainder_fraction=2.7230%, Lmin=-69314.50, Lmax=-69314.38
15:37:44 [ultranest] [DEBUG] iteration=5744, ncalls=10182, regioncalls=395000, ndraw=40, logz=-69327.44, remainder_fraction=2.5455%, Lmin=-69314.49, Lmax=-69314.38
15:37:44 [ultranest] [DEBUG] iteration=5753, ncalls=10195, regioncalls=395600, ndraw=40, logz=-69327.44, remainder_fraction=2.4836%, Lmin=-69314.49, Lmax=-69314.38
15:37:44 [ultranest] [DEBUG] iteration=5760, ncalls=10203, regioncalls=395920, ndraw=40, logz=-69327.44, remainder_fraction=2.4368%, Lmin=-69314.49, Lmax=-69314.38
15:37:45 [ultranest] [DEBUG] iteration=5790, ncalls=10241, regioncalls=397440, ndraw=40, logz=-69327.43, remainder_fraction=2.2415%, Lmin=-69314.48, Lmax=-69314.38
15:37:45 [ultranest] [DEBUG] iteration=5800, ncalls=10254, regioncalls=397960, ndraw=40, logz=-69327.43, remainder_fraction=2.1801%, Lmin=-69314.48, Lmax=-69314.38
15:37:45 [ultranest] [DEBUG] iteration=5823, ncalls=10292, regioncalls=399480, ndraw=40, logz=-69327.43, remainder_fraction=2.0440%, Lmin=-69314.47, Lmax=-69314.38
15:37:45 [ultranest] [DEBUG] iteration=5830, ncalls=10303, regioncalls=400080, ndraw=40, logz=-69327.43, remainder_fraction=2.0043%, Lmin=-69314.47, Lmax=-69314.38
15:37:45 [ultranest] [DEBUG] iteration=5840, ncalls=10316, regioncalls=400600, ndraw=40, logz=-69327.43, remainder_fraction=1.9490%, Lmin=-69314.47, Lmax=-69314.38
15:37:45 [ultranest] [DEBUG] iteration=5864, ncalls=10357, regioncalls=402240, ndraw=40, logz=-69327.43, remainder_fraction=1.8217%, Lmin=-69314.47, Lmax=-69314.38
15:37:45 [ultranest] [DEBUG] iteration=5880, ncalls=10382, regioncalls=403240, ndraw=40, logz=-69327.43, remainder_fraction=1.7416%, Lmin=-69314.47, Lmax=-69314.38
15:37:45 [ultranest] [DEBUG] iteration=5906, ncalls=10421, regioncalls=404800, ndraw=40, logz=-69327.43, remainder_fraction=1.6189%, Lmin=-69314.46, Lmax=-69314.38
15:37:45 [ultranest] [DEBUG] iteration=5907, ncalls=10422, regioncalls=404880, ndraw=40, logz=-69327.43, remainder_fraction=1.6143%, Lmin=-69314.46, Lmax=-69314.38
15:37:45 [ultranest] [DEBUG] iteration=5920, ncalls=10436, regioncalls=405440, ndraw=40, logz=-69327.43, remainder_fraction=1.5562%, Lmin=-69314.46, Lmax=-69314.38
15:37:45 [ultranest] [DEBUG] iteration=5948, ncalls=10474, regioncalls=406960, ndraw=40, logz=-69327.43, remainder_fraction=1.4386%, Lmin=-69314.46, Lmax=-69314.38
15:37:45 [ultranest] [DEBUG] iteration=5960, ncalls=10490, regioncalls=407600, ndraw=40, logz=-69327.43, remainder_fraction=1.3906%, Lmin=-69314.45, Lmax=-69314.38
15:37:45 [ultranest] [DEBUG] iteration=5984, ncalls=10525, regioncalls=409040, ndraw=40, logz=-69327.43, remainder_fraction=1.3000%, Lmin=-69314.45, Lmax=-69314.38
15:37:45 [ultranest] [DEBUG] iteration=6000, ncalls=10542, regioncalls=409720, ndraw=40, logz=-69327.42, remainder_fraction=1.2427%, Lmin=-69314.45, Lmax=-69314.38
15:37:46 [ultranest] [DEBUG] iteration=6023, ncalls=10583, regioncalls=411360, ndraw=40, logz=-69327.42, remainder_fraction=1.1648%, Lmin=-69314.45, Lmax=-69314.38
15:37:46 [ultranest] [DEBUG] iteration=6040, ncalls=10616, regioncalls=412680, ndraw=40, logz=-69327.42, remainder_fraction=1.1105%, Lmin=-69314.44, Lmax=-69314.38
15:37:46 [ultranest] [DEBUG] iteration=6061, ncalls=10653, regioncalls=414200, ndraw=40, logz=-69327.42, remainder_fraction=1.0460%, Lmin=-69314.44, Lmax=-69314.38
15:37:46 [ultranest] [INFO] Explored until L=-7e+04  
15:37:46 [ultranest] [INFO] Likelihood function evaluations: 10674
15:37:47 [ultranest] [INFO] Writing samples and results to disk ...
15:37:47 [ultranest] [INFO] Writing samples and results to disk ... done
15:37:47 [ultranest] [DEBUG] did a run_iter pass!
15:37:47 [ultranest] [INFO]   logZ = -6.933e+04 +- 0.1036
15:37:47 [ultranest] [INFO] Effective samples strategy satisfied (ESS = 1620.4, need >400)
15:37:47 [ultranest] [INFO] Posterior uncertainty strategy is satisfied (KL: 0.45+-0.05 nat, need <0.50 nat)
15:37:47 [ultranest] [INFO] Evidency uncertainty strategy is satisfied (dlogz=0.10, need <0.5)
15:37:47 [ultranest] [INFO]   logZ error budget: single: 0.18 bs:0.10 tail:0.01 total:0.10 required:<0.50
15:37:47 [ultranest] [INFO] done iterating.
15:37:47 [ultranest] [DEBUG] Making corner plot ...
15:37:48 [ultranest] [DEBUG] Making corner plot ... done
15:37:48 [ultranest] [DEBUG] Making run plot ... 
15:37:48 [ultranest] [DEBUG] Making run plot ... done
15:37:48 [ultranest] [DEBUG] Making trace plot ... 
15:37:50 [ultranest] [DEBUG] Making trace plot ... done
