15:36:40 [ultranest] [DEBUG] ReactiveNestedSampler: dims=2+0, resume=False, log_dir=./m-values/N32/S24/M32/T030/P025/NF2/sample_rho, backend=hdf5, vectorized=False, nbootstraps=30, ndraw=128..65536
15:36:40 [ultranest] [INFO] Sampling 400 live points from prior ...
15:36:42 [ultranest] [DEBUG] run_iter dlogz=0.5, dKL=0.5, frac_remain=0.01, Lepsilon=0.0010, min_ess=400
15:36:42 [ultranest] [DEBUG] max_iters=-1, max_ncalls=-1, max_num_improvement_loops=-1, min_num_live_points=400, cluster_num_live_points=40
15:36:42 [ultranest] [DEBUG] minimal_widths_sequence: [(-inf, 400.0), (inf, 400.0)]
15:36:42 [ultranest] [DEBUG] Plateau detected at L=-2.177324e+07, not replacing live point.
15:36:42 [ultranest] [DEBUG] Plateau detected at L=-2.177324e+07, not replacing live point.
15:36:42 [ultranest] [DEBUG] Plateau detected at L=-2.177324e+07, not replacing live point.
15:36:42 [ultranest] [DEBUG] Plateau detected at L=-2.177324e+07, not replacing live point.
15:36:42 [ultranest] [DEBUG] Plateau detected at L=-2.177324e+07, not replacing live point.
15:36:42 [ultranest] [DEBUG] Plateau detected at L=-2.177324e+07, not replacing live point.
15:36:42 [ultranest] [DEBUG] Plateau detected at L=-2.177324e+07, not replacing live point.
15:36:42 [ultranest] [DEBUG] Plateau detected at L=-2.177324e+07, not replacing live point.
15:36:42 [ultranest] [DEBUG] Plateau detected at L=-2.177324e+07, not replacing live point.
15:36:42 [ultranest] [DEBUG] Plateau detected at L=-2.177324e+07, not replacing live point.
15:36:42 [ultranest] [DEBUG] iteration=10, ncalls=401, regioncalls=40, ndraw=40, logz=-21773248.33, remainder_fraction=100.0000%, Lmin=-21773244.64, Lmax=-166997.90
15:36:42 [ultranest] [DEBUG] iteration=33, ncalls=424, regioncalls=960, ndraw=40, logz=-198888.43, remainder_fraction=100.0000%, Lmin=-198613.58, Lmax=-166997.90
15:36:42 [ultranest] [DEBUG] iteration=40, ncalls=432, regioncalls=1280, ndraw=40, logz=-198152.44, remainder_fraction=100.0000%, Lmin=-198100.73, Lmax=-166997.90
15:36:42 [ultranest] [DEBUG] iteration=62, ncalls=455, regioncalls=2200, ndraw=40, logz=-194508.20, remainder_fraction=100.0000%, Lmin=-194237.58, Lmax=-166997.90
15:36:42 [ultranest] [DEBUG] iteration=80, ncalls=473, regioncalls=2920, ndraw=40, logz=-192058.33, remainder_fraction=100.0000%, Lmin=-192020.14, Lmax=-166997.90
15:36:42 [ultranest] [DEBUG] iteration=98, ncalls=495, regioncalls=3800, ndraw=40, logz=-190165.79, remainder_fraction=100.0000%, Lmin=-189932.33, Lmax=-166997.90
15:36:42 [ultranest] [DEBUG] iteration=118, ncalls=519, regioncalls=4760, ndraw=40, logz=-187910.51, remainder_fraction=100.0000%, Lmin=-187886.07, Lmax=-166997.90
15:36:42 [ultranest] [DEBUG] iteration=120, ncalls=523, regioncalls=4920, ndraw=40, logz=-187852.59, remainder_fraction=100.0000%, Lmin=-187715.51, Lmax=-166997.90
15:36:42 [ultranest] [DEBUG] iteration=136, ncalls=547, regioncalls=5880, ndraw=40, logz=-186175.03, remainder_fraction=100.0000%, Lmin=-186150.78, Lmax=-166997.90
15:36:42 [ultranest] [DEBUG] iteration=157, ncalls=570, regioncalls=6800, ndraw=40, logz=-184263.06, remainder_fraction=100.0000%, Lmin=-184161.10, Lmax=-166997.90
15:36:42 [ultranest] [DEBUG] iteration=160, ncalls=573, regioncalls=6920, ndraw=40, logz=-184003.28, remainder_fraction=100.0000%, Lmin=-183948.62, Lmax=-166997.90
15:36:42 [ultranest] [DEBUG] iteration=183, ncalls=596, regioncalls=7840, ndraw=40, logz=-182354.32, remainder_fraction=100.0000%, Lmin=-182310.91, Lmax=-166997.90
15:36:43 [ultranest] [DEBUG] iteration=186, ncalls=599, regioncalls=7960, ndraw=40, logz=-182162.70, remainder_fraction=100.0000%, Lmin=-182139.06, Lmax=-166997.90
15:36:43 [ultranest] [DEBUG] iteration=200, ncalls=616, regioncalls=8640, ndraw=40, logz=-181586.44, remainder_fraction=100.0000%, Lmin=-181555.04, Lmax=-166978.33
15:36:43 [ultranest] [DEBUG] iteration=220, ncalls=640, regioncalls=9600, ndraw=40, logz=-180537.75, remainder_fraction=100.0000%, Lmin=-180470.11, Lmax=-166978.33
15:36:43 [ultranest] [DEBUG] iteration=240, ncalls=664, regioncalls=10560, ndraw=40, logz=-179410.97, remainder_fraction=100.0000%, Lmin=-179358.65, Lmax=-166978.33
15:36:43 [ultranest] [DEBUG] iteration=260, ncalls=690, regioncalls=11600, ndraw=40, logz=-178576.70, remainder_fraction=100.0000%, Lmin=-178545.71, Lmax=-166978.33
15:36:43 [ultranest] [DEBUG] iteration=279, ncalls=712, regioncalls=12480, ndraw=40, logz=-177756.49, remainder_fraction=100.0000%, Lmin=-177701.38, Lmax=-166978.33
15:36:43 [ultranest] [DEBUG] iteration=280, ncalls=713, regioncalls=12520, ndraw=40, logz=-177708.06, remainder_fraction=100.0000%, Lmin=-177639.09, Lmax=-166978.33
15:36:43 [ultranest] [DEBUG] iteration=297, ncalls=738, regioncalls=13520, ndraw=40, logz=-176745.62, remainder_fraction=100.0000%, Lmin=-176717.78, Lmax=-166978.33
15:36:43 [ultranest] [DEBUG] iteration=318, ncalls=762, regioncalls=14480, ndraw=40, logz=-176077.17, remainder_fraction=100.0000%, Lmin=-176069.79, Lmax=-166978.33
15:36:43 [ultranest] [DEBUG] iteration=320, ncalls=764, regioncalls=14560, ndraw=40, logz=-176034.86, remainder_fraction=100.0000%, Lmin=-176013.33, Lmax=-166978.33
15:36:43 [ultranest] [DEBUG] iteration=337, ncalls=788, regioncalls=15520, ndraw=40, logz=-175665.73, remainder_fraction=100.0000%, Lmin=-175563.59, Lmax=-166978.33
15:36:43 [ultranest] [DEBUG] iteration=354, ncalls=813, regioncalls=16520, ndraw=40, logz=-175031.17, remainder_fraction=100.0000%, Lmin=-175007.14, Lmax=-166978.33
15:36:43 [ultranest] [DEBUG] iteration=360, ncalls=819, regioncalls=16760, ndraw=40, logz=-174943.56, remainder_fraction=100.0000%, Lmin=-174925.17, Lmax=-166978.33
15:36:43 [ultranest] [DEBUG] iteration=362, ncalls=821, regioncalls=16840, ndraw=40, logz=-174915.18, remainder_fraction=100.0000%, Lmin=-174904.12, Lmax=-166978.33
15:36:44 [ultranest] [DEBUG] iteration=382, ncalls=845, regioncalls=17800, ndraw=40, logz=-174340.16, remainder_fraction=100.0000%, Lmin=-174314.52, Lmax=-166978.33
15:36:44 [ultranest] [DEBUG] iteration=400, ncalls=867, regioncalls=18680, ndraw=40, logz=-174070.53, remainder_fraction=100.0000%, Lmin=-173994.08, Lmax=-166978.33
15:36:44 [ultranest] [DEBUG] iteration=417, ncalls=892, regioncalls=19680, ndraw=40, logz=-173675.60, remainder_fraction=100.0000%, Lmin=-173667.61, Lmax=-166978.33
15:36:44 [ultranest] [DEBUG] iteration=439, ncalls=917, regioncalls=20680, ndraw=40, logz=-173198.91, remainder_fraction=100.0000%, Lmin=-173185.43, Lmax=-166978.33
15:36:44 [ultranest] [DEBUG] iteration=440, ncalls=918, regioncalls=20720, ndraw=40, logz=-173192.52, remainder_fraction=100.0000%, Lmin=-173128.19, Lmax=-166978.33
15:36:44 [ultranest] [DEBUG] iteration=450, ncalls=931, regioncalls=21240, ndraw=40, logz=-173017.40, remainder_fraction=100.0000%, Lmin=-172993.15, Lmax=-166978.33
15:36:44 [ultranest] [DEBUG] iteration=469, ncalls=955, regioncalls=22200, ndraw=40, logz=-172708.01, remainder_fraction=100.0000%, Lmin=-172691.54, Lmax=-166978.33
15:36:44 [ultranest] [DEBUG] iteration=480, ncalls=969, regioncalls=22760, ndraw=40, logz=-172612.77, remainder_fraction=100.0000%, Lmin=-172598.66, Lmax=-166978.33
15:36:44 [ultranest] [DEBUG] iteration=499, ncalls=995, regioncalls=23800, ndraw=40, logz=-172266.63, remainder_fraction=100.0000%, Lmin=-172233.97, Lmax=-166978.33
15:36:44 [ultranest] [DEBUG] iteration=519, ncalls=1019, regioncalls=24760, ndraw=40, logz=-172030.83, remainder_fraction=100.0000%, Lmin=-171991.48, Lmax=-166978.33
15:36:44 [ultranest] [DEBUG] iteration=520, ncalls=1020, regioncalls=24800, ndraw=40, logz=-171998.77, remainder_fraction=100.0000%, Lmin=-171951.94, Lmax=-166978.33
15:36:44 [ultranest] [DEBUG] iteration=538, ncalls=1045, regioncalls=25800, ndraw=40, logz=-171776.96, remainder_fraction=100.0000%, Lmin=-171733.90, Lmax=-166978.33
15:36:45 [ultranest] [DEBUG] iteration=557, ncalls=1070, regioncalls=26800, ndraw=40, logz=-171445.59, remainder_fraction=100.0000%, Lmin=-171430.56, Lmax=-166978.33
15:36:45 [ultranest] [DEBUG] iteration=560, ncalls=1073, regioncalls=26920, ndraw=40, logz=-171419.19, remainder_fraction=100.0000%, Lmin=-171389.84, Lmax=-166978.33
15:36:45 [ultranest] [DEBUG] iteration=579, ncalls=1099, regioncalls=27960, ndraw=40, logz=-171106.39, remainder_fraction=100.0000%, Lmin=-171082.19, Lmax=-166978.33
15:36:45 [ultranest] [DEBUG] iteration=596, ncalls=1123, regioncalls=28920, ndraw=40, logz=-170900.52, remainder_fraction=100.0000%, Lmin=-170880.13, Lmax=-166978.33
15:36:45 [ultranest] [DEBUG] iteration=600, ncalls=1129, regioncalls=29160, ndraw=40, logz=-170880.07, remainder_fraction=100.0000%, Lmin=-170845.83, Lmax=-166978.33
15:36:45 [ultranest] [DEBUG] iteration=616, ncalls=1154, regioncalls=30160, ndraw=40, logz=-170605.12, remainder_fraction=100.0000%, Lmin=-170581.37, Lmax=-166978.33
15:36:45 [ultranest] [DEBUG] iteration=634, ncalls=1177, regioncalls=31080, ndraw=40, logz=-170389.97, remainder_fraction=100.0000%, Lmin=-170380.84, Lmax=-166978.33
15:36:45 [ultranest] [DEBUG] iteration=640, ncalls=1185, regioncalls=31400, ndraw=40, logz=-170364.90, remainder_fraction=100.0000%, Lmin=-170355.98, Lmax=-166978.33
15:36:45 [ultranest] [DEBUG] iteration=657, ncalls=1210, regioncalls=32400, ndraw=40, logz=-170213.87, remainder_fraction=100.0000%, Lmin=-170194.88, Lmax=-166978.33
15:36:45 [ultranest] [DEBUG] iteration=676, ncalls=1234, regioncalls=33360, ndraw=40, logz=-169976.23, remainder_fraction=100.0000%, Lmin=-169947.24, Lmax=-166978.33
15:36:45 [ultranest] [DEBUG] iteration=680, ncalls=1238, regioncalls=33520, ndraw=40, logz=-169922.37, remainder_fraction=100.0000%, Lmin=-169900.93, Lmax=-166978.33
15:36:45 [ultranest] [DEBUG] iteration=696, ncalls=1263, regioncalls=34520, ndraw=40, logz=-169774.66, remainder_fraction=100.0000%, Lmin=-169763.12, Lmax=-166978.33
15:36:45 [ultranest] [DEBUG] iteration=714, ncalls=1286, regioncalls=35440, ndraw=40, logz=-169637.12, remainder_fraction=100.0000%, Lmin=-169626.53, Lmax=-166978.33
15:36:45 [ultranest] [DEBUG] iteration=720, ncalls=1294, regioncalls=35760, ndraw=40, logz=-169600.16, remainder_fraction=100.0000%, Lmin=-169589.02, Lmax=-166978.33
15:36:46 [ultranest] [DEBUG] iteration=738, ncalls=1319, regioncalls=36760, ndraw=40, logz=-169467.52, remainder_fraction=100.0000%, Lmin=-169459.43, Lmax=-166978.33
15:36:46 [ultranest] [DEBUG] iteration=756, ncalls=1344, regioncalls=37760, ndraw=40, logz=-169300.14, remainder_fraction=100.0000%, Lmin=-169287.89, Lmax=-166978.33
15:36:46 [ultranest] [DEBUG] iteration=760, ncalls=1352, regioncalls=38080, ndraw=40, logz=-169256.86, remainder_fraction=100.0000%, Lmin=-169247.35, Lmax=-166978.33
15:36:46 [ultranest] [DEBUG] iteration=777, ncalls=1377, regioncalls=39080, ndraw=40, logz=-169177.43, remainder_fraction=100.0000%, Lmin=-169165.25, Lmax=-166978.33
15:36:46 [ultranest] [DEBUG] iteration=796, ncalls=1402, regioncalls=40120, ndraw=40, logz=-169065.39, remainder_fraction=100.0000%, Lmin=-169057.00, Lmax=-166978.33
15:36:46 [ultranest] [DEBUG] iteration=800, ncalls=1406, regioncalls=40280, ndraw=40, logz=-169041.05, remainder_fraction=100.0000%, Lmin=-169031.45, Lmax=-166978.33
15:36:46 [ultranest] [DEBUG] iteration=802, ncalls=1408, regioncalls=40360, ndraw=40, logz=-169035.84, remainder_fraction=100.0000%, Lmin=-169027.41, Lmax=-166978.33
15:36:46 [ultranest] [DEBUG] iteration=825, ncalls=1432, regioncalls=41320, ndraw=40, logz=-168920.08, remainder_fraction=100.0000%, Lmin=-168906.95, Lmax=-166978.33
15:36:46 [ultranest] [DEBUG] iteration=840, ncalls=1448, regioncalls=41960, ndraw=40, logz=-168809.45, remainder_fraction=100.0000%, Lmin=-168795.90, Lmax=-166978.33
15:36:46 [ultranest] [DEBUG] iteration=862, ncalls=1472, regioncalls=42920, ndraw=40, logz=-168691.27, remainder_fraction=100.0000%, Lmin=-168683.07, Lmax=-166978.33
15:36:46 [ultranest] [DEBUG] iteration=878, ncalls=1498, regioncalls=43960, ndraw=40, logz=-168609.56, remainder_fraction=100.0000%, Lmin=-168597.93, Lmax=-166978.33
15:36:46 [ultranest] [DEBUG] iteration=880, ncalls=1500, regioncalls=44040, ndraw=40, logz=-168595.37, remainder_fraction=100.0000%, Lmin=-168576.07, Lmax=-166978.33
15:36:46 [ultranest] [DEBUG] iteration=890, ncalls=1512, regioncalls=44520, ndraw=40, logz=-168553.06, remainder_fraction=100.0000%, Lmin=-168543.22, Lmax=-166974.38
15:36:47 [ultranest] [DEBUG] iteration=910, ncalls=1536, regioncalls=45480, ndraw=40, logz=-168435.85, remainder_fraction=100.0000%, Lmin=-168422.78, Lmax=-166974.38
15:36:47 [ultranest] [DEBUG] iteration=920, ncalls=1546, regioncalls=45880, ndraw=40, logz=-168400.85, remainder_fraction=100.0000%, Lmin=-168391.44, Lmax=-166974.38
15:36:47 [ultranest] [DEBUG] iteration=940, ncalls=1570, regioncalls=46840, ndraw=40, logz=-168328.05, remainder_fraction=100.0000%, Lmin=-168318.82, Lmax=-166971.62
15:36:47 [ultranest] [DEBUG] iteration=959, ncalls=1594, regioncalls=47800, ndraw=40, logz=-168251.54, remainder_fraction=100.0000%, Lmin=-168241.89, Lmax=-166971.62
15:36:47 [ultranest] [DEBUG] iteration=960, ncalls=1595, regioncalls=47840, ndraw=40, logz=-168250.06, remainder_fraction=100.0000%, Lmin=-168241.82, Lmax=-166971.62
15:36:47 [ultranest] [DEBUG] iteration=978, ncalls=1622, regioncalls=48960, ndraw=40, logz=-168207.47, remainder_fraction=100.0000%, Lmin=-168198.37, Lmax=-166971.62
15:36:47 [ultranest] [DEBUG] iteration=998, ncalls=1646, regioncalls=49960, ndraw=40, logz=-168126.54, remainder_fraction=100.0000%, Lmin=-168110.25, Lmax=-166971.62
15:36:47 [ultranest] [DEBUG] iteration=1000, ncalls=1648, regioncalls=50040, ndraw=40, logz=-168117.29, remainder_fraction=100.0000%, Lmin=-168108.40, Lmax=-166971.62
15:36:47 [ultranest] [DEBUG] iteration=1015, ncalls=1672, regioncalls=51000, ndraw=40, logz=-168070.80, remainder_fraction=100.0000%, Lmin=-168059.81, Lmax=-166971.62
15:36:47 [ultranest] [DEBUG] iteration=1032, ncalls=1696, regioncalls=52000, ndraw=40, logz=-168037.46, remainder_fraction=100.0000%, Lmin=-168025.52, Lmax=-166971.62
15:36:47 [ultranest] [DEBUG] iteration=1040, ncalls=1704, regioncalls=52320, ndraw=40, logz=-168022.98, remainder_fraction=100.0000%, Lmin=-168012.91, Lmax=-166971.62
15:36:47 [ultranest] [DEBUG] iteration=1056, ncalls=1731, regioncalls=53400, ndraw=40, logz=-167987.08, remainder_fraction=100.0000%, Lmin=-167974.25, Lmax=-166958.72
15:36:47 [ultranest] [DEBUG] iteration=1066, ncalls=1747, regioncalls=54040, ndraw=40, logz=-167962.17, remainder_fraction=100.0000%, Lmin=-167949.40, Lmax=-166958.72
15:36:47 [ultranest] [DEBUG] iteration=1080, ncalls=1764, regioncalls=54720, ndraw=40, logz=-167920.53, remainder_fraction=100.0000%, Lmin=-167906.32, Lmax=-166958.72
15:36:48 [ultranest] [DEBUG] iteration=1100, ncalls=1788, regioncalls=55680, ndraw=40, logz=-167855.98, remainder_fraction=100.0000%, Lmin=-167842.86, Lmax=-166958.72
15:36:48 [ultranest] [DEBUG] iteration=1117, ncalls=1813, regioncalls=56680, ndraw=40, logz=-167787.29, remainder_fraction=100.0000%, Lmin=-167778.12, Lmax=-166958.72
15:36:48 [ultranest] [DEBUG] iteration=1120, ncalls=1817, regioncalls=56840, ndraw=40, logz=-167783.57, remainder_fraction=100.0000%, Lmin=-167771.26, Lmax=-166958.72
15:36:48 [ultranest] [DEBUG] iteration=1139, ncalls=1841, regioncalls=57840, ndraw=40, logz=-167736.53, remainder_fraction=100.0000%, Lmin=-167727.72, Lmax=-166958.72
15:36:48 [ultranest] [DEBUG] iteration=1154, ncalls=1861, regioncalls=58680, ndraw=40, logz=-167692.04, remainder_fraction=100.0000%, Lmin=-167682.81, Lmax=-166958.72
15:36:48 [ultranest] [DEBUG] iteration=1160, ncalls=1867, regioncalls=58960, ndraw=40, logz=-167685.68, remainder_fraction=100.0000%, Lmin=-167673.23, Lmax=-166958.72
15:36:48 [ultranest] [DEBUG] iteration=1180, ncalls=1891, regioncalls=59920, ndraw=40, logz=-167636.01, remainder_fraction=100.0000%, Lmin=-167626.76, Lmax=-166958.72
15:36:48 [ultranest] [DEBUG] iteration=1199, ncalls=1915, regioncalls=60880, ndraw=40, logz=-167594.35, remainder_fraction=100.0000%, Lmin=-167583.88, Lmax=-166958.72
15:36:48 [ultranest] [DEBUG] iteration=1200, ncalls=1916, regioncalls=60920, ndraw=40, logz=-167592.71, remainder_fraction=100.0000%, Lmin=-167582.07, Lmax=-166958.72
15:36:48 [ultranest] [DEBUG] iteration=1219, ncalls=1940, regioncalls=61880, ndraw=40, logz=-167568.14, remainder_fraction=100.0000%, Lmin=-167559.42, Lmax=-166958.72
15:36:48 [ultranest] [DEBUG] iteration=1238, ncalls=1964, regioncalls=62840, ndraw=40, logz=-167539.54, remainder_fraction=100.0000%, Lmin=-167528.65, Lmax=-166958.72
15:36:48 [ultranest] [DEBUG] iteration=1240, ncalls=1966, regioncalls=62920, ndraw=40, logz=-167535.85, remainder_fraction=100.0000%, Lmin=-167526.85, Lmax=-166958.72
15:36:48 [ultranest] [DEBUG] iteration=1254, ncalls=1989, regioncalls=63840, ndraw=40, logz=-167515.04, remainder_fraction=100.0000%, Lmin=-167504.93, Lmax=-166958.72
15:36:49 [ultranest] [DEBUG] iteration=1271, ncalls=2013, regioncalls=64800, ndraw=40, logz=-167489.00, remainder_fraction=100.0000%, Lmin=-167476.67, Lmax=-166958.72
15:36:49 [ultranest] [DEBUG] iteration=1280, ncalls=2026, regioncalls=65320, ndraw=40, logz=-167475.27, remainder_fraction=100.0000%, Lmin=-167466.23, Lmax=-166958.72
15:36:49 [ultranest] [DEBUG] iteration=1301, ncalls=2050, regioncalls=66280, ndraw=40, logz=-167455.75, remainder_fraction=100.0000%, Lmin=-167446.14, Lmax=-166958.72
15:36:49 [ultranest] [DEBUG] iteration=1318, ncalls=2074, regioncalls=67240, ndraw=40, logz=-167433.16, remainder_fraction=100.0000%, Lmin=-167423.59, Lmax=-166958.72
15:36:49 [ultranest] [DEBUG] iteration=1320, ncalls=2076, regioncalls=67320, ndraw=40, logz=-167431.91, remainder_fraction=100.0000%, Lmin=-167423.42, Lmax=-166958.72
15:36:49 [ultranest] [DEBUG] iteration=1330, ncalls=2090, regioncalls=67880, ndraw=40, logz=-167415.76, remainder_fraction=100.0000%, Lmin=-167404.58, Lmax=-166958.72
15:36:49 [ultranest] [DEBUG] iteration=1350, ncalls=2114, regioncalls=68880, ndraw=40, logz=-167389.36, remainder_fraction=100.0000%, Lmin=-167378.10, Lmax=-166958.72
15:36:49 [ultranest] [DEBUG] iteration=1360, ncalls=2128, regioncalls=69440, ndraw=40, logz=-167378.18, remainder_fraction=100.0000%, Lmin=-167369.05, Lmax=-166958.72
15:36:49 [ultranest] [DEBUG] iteration=1378, ncalls=2152, regioncalls=70400, ndraw=40, logz=-167361.65, remainder_fraction=100.0000%, Lmin=-167350.78, Lmax=-166958.72
15:36:49 [ultranest] [DEBUG] iteration=1396, ncalls=2176, regioncalls=71440, ndraw=40, logz=-167350.68, remainder_fraction=100.0000%, Lmin=-167341.69, Lmax=-166958.72
15:36:49 [ultranest] [DEBUG] iteration=1400, ncalls=2181, regioncalls=71640, ndraw=40, logz=-167348.92, remainder_fraction=100.0000%, Lmin=-167339.56, Lmax=-166958.72
15:36:49 [ultranest] [DEBUG] iteration=1416, ncalls=2205, regioncalls=72600, ndraw=40, logz=-167337.90, remainder_fraction=100.0000%, Lmin=-167328.59, Lmax=-166958.72
15:36:49 [ultranest] [DEBUG] iteration=1431, ncalls=2227, regioncalls=73480, ndraw=40, logz=-167328.95, remainder_fraction=100.0000%, Lmin=-167319.53, Lmax=-166958.72
15:36:50 [ultranest] [DEBUG] iteration=1440, ncalls=2236, regioncalls=73840, ndraw=40, logz=-167320.52, remainder_fraction=100.0000%, Lmin=-167311.73, Lmax=-166958.72
15:36:50 [ultranest] [DEBUG] iteration=1458, ncalls=2261, regioncalls=74920, ndraw=40, logz=-167303.89, remainder_fraction=100.0000%, Lmin=-167294.20, Lmax=-166958.72
15:36:50 [ultranest] [DEBUG] iteration=1479, ncalls=2284, regioncalls=75840, ndraw=40, logz=-167285.64, remainder_fraction=100.0000%, Lmin=-167274.44, Lmax=-166958.72
15:36:50 [ultranest] [DEBUG] iteration=1480, ncalls=2286, regioncalls=75920, ndraw=40, logz=-167283.98, remainder_fraction=100.0000%, Lmin=-167273.31, Lmax=-166958.72
15:36:50 [ultranest] [DEBUG] iteration=1500, ncalls=2310, regioncalls=76880, ndraw=40, logz=-167267.79, remainder_fraction=100.0000%, Lmin=-167259.43, Lmax=-166958.72
15:36:50 [ultranest] [DEBUG] iteration=1506, ncalls=2316, regioncalls=77120, ndraw=40, logz=-167265.21, remainder_fraction=100.0000%, Lmin=-167256.01, Lmax=-166958.72
15:36:50 [ultranest] [DEBUG] iteration=1520, ncalls=2333, regioncalls=77840, ndraw=40, logz=-167259.17, remainder_fraction=100.0000%, Lmin=-167249.49, Lmax=-166958.72
15:36:50 [ultranest] [DEBUG] iteration=1542, ncalls=2359, regioncalls=78880, ndraw=40, logz=-167243.09, remainder_fraction=100.0000%, Lmin=-167232.66, Lmax=-166958.72
15:36:50 [ultranest] [DEBUG] iteration=1560, ncalls=2382, regioncalls=79800, ndraw=40, logz=-167222.87, remainder_fraction=100.0000%, Lmin=-167213.00, Lmax=-166958.72
15:36:50 [ultranest] [DEBUG] iteration=1579, ncalls=2406, regioncalls=80760, ndraw=40, logz=-167213.20, remainder_fraction=100.0000%, Lmin=-167202.66, Lmax=-166958.72
15:36:50 [ultranest] [DEBUG] iteration=1594, ncalls=2429, regioncalls=81680, ndraw=40, logz=-167201.69, remainder_fraction=100.0000%, Lmin=-167192.80, Lmax=-166958.72
15:36:50 [ultranest] [DEBUG] iteration=1600, ncalls=2439, regioncalls=82080, ndraw=40, logz=-167199.61, remainder_fraction=100.0000%, Lmin=-167190.56, Lmax=-166958.72
15:36:51 [ultranest] [DEBUG] iteration=1613, ncalls=2467, regioncalls=83200, ndraw=40, logz=-167192.89, remainder_fraction=100.0000%, Lmin=-167183.87, Lmax=-166958.72
15:36:51 [ultranest] [DEBUG] iteration=1631, ncalls=2494, regioncalls=84280, ndraw=40, logz=-167180.02, remainder_fraction=100.0000%, Lmin=-167170.30, Lmax=-166958.72
15:36:51 [ultranest] [DEBUG] iteration=1640, ncalls=2507, regioncalls=84800, ndraw=40, logz=-167176.39, remainder_fraction=100.0000%, Lmin=-167167.20, Lmax=-166958.72
15:36:51 [ultranest] [DEBUG] iteration=1655, ncalls=2524, regioncalls=85480, ndraw=40, logz=-167169.96, remainder_fraction=100.0000%, Lmin=-167161.13, Lmax=-166958.72
15:36:51 [ultranest] [DEBUG] iteration=1668, ncalls=2550, regioncalls=86520, ndraw=40, logz=-167162.99, remainder_fraction=100.0000%, Lmin=-167153.12, Lmax=-166958.72
15:36:51 [ultranest] [DEBUG] iteration=1680, ncalls=2563, regioncalls=87040, ndraw=40, logz=-167157.81, remainder_fraction=100.0000%, Lmin=-167147.51, Lmax=-166958.72
15:36:51 [ultranest] [DEBUG] iteration=1682, ncalls=2565, regioncalls=87200, ndraw=40, logz=-167156.57, remainder_fraction=100.0000%, Lmin=-167146.98, Lmax=-166958.72
15:36:51 [ultranest] [DEBUG] iteration=1701, ncalls=2589, regioncalls=88240, ndraw=40, logz=-167146.82, remainder_fraction=100.0000%, Lmin=-167136.42, Lmax=-166958.72
15:36:51 [ultranest] [DEBUG] iteration=1720, ncalls=2612, regioncalls=89160, ndraw=40, logz=-167137.11, remainder_fraction=100.0000%, Lmin=-167127.89, Lmax=-166958.72
15:36:51 [ultranest] [DEBUG] iteration=1737, ncalls=2638, regioncalls=90200, ndraw=40, logz=-167129.48, remainder_fraction=100.0000%, Lmin=-167119.51, Lmax=-166958.72
15:36:51 [ultranest] [DEBUG] iteration=1754, ncalls=2662, regioncalls=91160, ndraw=40, logz=-167122.94, remainder_fraction=100.0000%, Lmin=-167113.35, Lmax=-166958.72
15:36:51 [ultranest] [DEBUG] iteration=1760, ncalls=2669, regioncalls=91440, ndraw=40, logz=-167120.97, remainder_fraction=100.0000%, Lmin=-167110.67, Lmax=-166958.70
15:36:51 [ultranest] [DEBUG] iteration=1777, ncalls=2691, regioncalls=92320, ndraw=40, logz=-167112.59, remainder_fraction=100.0000%, Lmin=-167103.01, Lmax=-166958.70
15:36:52 [ultranest] [DEBUG] iteration=1794, ncalls=2715, regioncalls=93280, ndraw=40, logz=-167106.70, remainder_fraction=100.0000%, Lmin=-167096.32, Lmax=-166958.70
15:36:52 [ultranest] [DEBUG] iteration=1800, ncalls=2724, regioncalls=93640, ndraw=40, logz=-167103.14, remainder_fraction=100.0000%, Lmin=-167093.40, Lmax=-166958.70
15:36:52 [ultranest] [DEBUG] iteration=1817, ncalls=2749, regioncalls=94640, ndraw=40, logz=-167097.33, remainder_fraction=100.0000%, Lmin=-167088.10, Lmax=-166958.70
15:36:52 [ultranest] [DEBUG] iteration=1829, ncalls=2775, regioncalls=95680, ndraw=40, logz=-167094.16, remainder_fraction=100.0000%, Lmin=-167084.63, Lmax=-166958.70
15:36:52 [ultranest] [DEBUG] iteration=1840, ncalls=2798, regioncalls=96600, ndraw=40, logz=-167090.90, remainder_fraction=100.0000%, Lmin=-167081.80, Lmax=-166958.70
15:36:52 [ultranest] [DEBUG] iteration=1855, ncalls=2825, regioncalls=97680, ndraw=40, logz=-167087.73, remainder_fraction=100.0000%, Lmin=-167077.84, Lmax=-166958.70
15:36:52 [ultranest] [DEBUG] iteration=1872, ncalls=2847, regioncalls=98560, ndraw=40, logz=-167081.39, remainder_fraction=100.0000%, Lmin=-167070.38, Lmax=-166958.70
15:36:52 [ultranest] [DEBUG] iteration=1880, ncalls=2861, regioncalls=99120, ndraw=40, logz=-167077.97, remainder_fraction=100.0000%, Lmin=-167068.53, Lmax=-166958.70
15:36:52 [ultranest] [DEBUG] iteration=1897, ncalls=2885, regioncalls=100080, ndraw=40, logz=-167071.38, remainder_fraction=100.0000%, Lmin=-167061.83, Lmax=-166958.70
15:36:52 [ultranest] [DEBUG] iteration=1914, ncalls=2910, regioncalls=101080, ndraw=40, logz=-167067.58, remainder_fraction=100.0000%, Lmin=-167058.27, Lmax=-166958.70
15:36:52 [ultranest] [DEBUG] iteration=1920, ncalls=2919, regioncalls=101440, ndraw=40, logz=-167066.48, remainder_fraction=100.0000%, Lmin=-167056.91, Lmax=-166958.70
15:36:53 [ultranest] [DEBUG] iteration=1938, ncalls=2943, regioncalls=102400, ndraw=40, logz=-167062.59, remainder_fraction=100.0000%, Lmin=-167053.78, Lmax=-166958.70
15:36:53 [ultranest] [DEBUG] iteration=1946, ncalls=2952, regioncalls=102840, ndraw=40, logz=-167061.18, remainder_fraction=100.0000%, Lmin=-167051.56, Lmax=-166958.70
15:36:53 [ultranest] [DEBUG] iteration=1960, ncalls=2972, regioncalls=103640, ndraw=40, logz=-167057.67, remainder_fraction=100.0000%, Lmin=-167047.84, Lmax=-166958.70
15:36:53 [ultranest] [DEBUG] iteration=1981, ncalls=2995, regioncalls=104560, ndraw=40, logz=-167053.53, remainder_fraction=100.0000%, Lmin=-167044.29, Lmax=-166958.70
15:36:53 [ultranest] [DEBUG] iteration=1999, ncalls=3019, regioncalls=105520, ndraw=40, logz=-167049.46, remainder_fraction=100.0000%, Lmin=-167039.99, Lmax=-166958.70
15:36:53 [ultranest] [DEBUG] iteration=2000, ncalls=3021, regioncalls=105600, ndraw=40, logz=-167049.28, remainder_fraction=100.0000%, Lmin=-167039.67, Lmax=-166958.70
15:36:53 [ultranest] [DEBUG] iteration=2020, ncalls=3047, regioncalls=106640, ndraw=40, logz=-167044.96, remainder_fraction=100.0000%, Lmin=-167034.98, Lmax=-166958.70
15:36:53 [ultranest] [DEBUG] iteration=2037, ncalls=3069, regioncalls=107520, ndraw=40, logz=-167041.28, remainder_fraction=100.0000%, Lmin=-167031.56, Lmax=-166958.70
15:36:53 [ultranest] [DEBUG] iteration=2040, ncalls=3075, regioncalls=107760, ndraw=40, logz=-167040.65, remainder_fraction=100.0000%, Lmin=-167031.08, Lmax=-166958.70
15:36:53 [ultranest] [DEBUG] iteration=2059, ncalls=3100, regioncalls=108760, ndraw=40, logz=-167036.14, remainder_fraction=100.0000%, Lmin=-167026.73, Lmax=-166958.70
15:36:53 [ultranest] [DEBUG] iteration=2077, ncalls=3125, regioncalls=109760, ndraw=40, logz=-167033.54, remainder_fraction=100.0000%, Lmin=-167024.31, Lmax=-166958.70
15:36:53 [ultranest] [DEBUG] iteration=2080, ncalls=3128, regioncalls=109880, ndraw=40, logz=-167033.14, remainder_fraction=100.0000%, Lmin=-167023.87, Lmax=-166958.70
15:36:53 [ultranest] [DEBUG] iteration=2094, ncalls=3154, regioncalls=110920, ndraw=40, logz=-167030.97, remainder_fraction=100.0000%, Lmin=-167021.55, Lmax=-166958.70
15:36:54 [ultranest] [DEBUG] iteration=2110, ncalls=3179, regioncalls=111920, ndraw=40, logz=-167028.40, remainder_fraction=100.0000%, Lmin=-167018.79, Lmax=-166958.70
15:36:54 [ultranest] [DEBUG] iteration=2120, ncalls=3191, regioncalls=112400, ndraw=40, logz=-167027.05, remainder_fraction=100.0000%, Lmin=-167017.53, Lmax=-166958.70
15:36:54 [ultranest] [DEBUG] iteration=2122, ncalls=3195, regioncalls=112640, ndraw=40, logz=-167026.77, remainder_fraction=100.0000%, Lmin=-167017.26, Lmax=-166958.70
15:36:54 [ultranest] [DEBUG] iteration=2141, ncalls=3219, regioncalls=113640, ndraw=40, logz=-167023.26, remainder_fraction=100.0000%, Lmin=-167013.98, Lmax=-166958.70
15:36:54 [ultranest] [DEBUG] iteration=2160, ncalls=3242, regioncalls=114560, ndraw=40, logz=-167020.50, remainder_fraction=100.0000%, Lmin=-167010.49, Lmax=-166958.70
15:36:54 [ultranest] [DEBUG] iteration=2177, ncalls=3267, regioncalls=115560, ndraw=40, logz=-167017.41, remainder_fraction=100.0000%, Lmin=-167007.33, Lmax=-166958.70
15:36:54 [ultranest] [DEBUG] iteration=2194, ncalls=3292, regioncalls=116560, ndraw=40, logz=-167014.67, remainder_fraction=100.0000%, Lmin=-167004.79, Lmax=-166958.70
15:36:54 [ultranest] [DEBUG] iteration=2200, ncalls=3301, regioncalls=116920, ndraw=40, logz=-167013.72, remainder_fraction=100.0000%, Lmin=-167004.00, Lmax=-166958.46
15:36:54 [ultranest] [DEBUG] iteration=2210, ncalls=3314, regioncalls=117480, ndraw=40, logz=-167012.53, remainder_fraction=100.0000%, Lmin=-167003.03, Lmax=-166958.46
15:36:54 [ultranest] [DEBUG] iteration=2232, ncalls=3338, regioncalls=118440, ndraw=40, logz=-167010.01, remainder_fraction=100.0000%, Lmin=-167000.53, Lmax=-166958.46
15:36:54 [ultranest] [DEBUG] iteration=2240, ncalls=3351, regioncalls=118960, ndraw=40, logz=-167009.19, remainder_fraction=100.0000%, Lmin=-166999.68, Lmax=-166958.46
15:36:54 [ultranest] [DEBUG] iteration=2260, ncalls=3376, regioncalls=119960, ndraw=40, logz=-167006.85, remainder_fraction=100.0000%, Lmin=-166997.01, Lmax=-166958.46
15:36:55 [ultranest] [DEBUG] iteration=2277, ncalls=3404, regioncalls=121080, ndraw=40, logz=-167004.65, remainder_fraction=100.0000%, Lmin=-166994.84, Lmax=-166958.46
15:36:55 [ultranest] [DEBUG] iteration=2280, ncalls=3408, regioncalls=121240, ndraw=40, logz=-167004.29, remainder_fraction=100.0000%, Lmin=-166994.63, Lmax=-166958.46
15:36:55 [ultranest] [DEBUG] iteration=2298, ncalls=3432, regioncalls=122280, ndraw=40, logz=-167002.43, remainder_fraction=100.0000%, Lmin=-166992.92, Lmax=-166958.46
15:36:55 [ultranest] [DEBUG] iteration=2318, ncalls=3454, regioncalls=123160, ndraw=40, logz=-167000.89, remainder_fraction=100.0000%, Lmin=-166991.62, Lmax=-166958.46
15:36:55 [ultranest] [DEBUG] iteration=2320, ncalls=3456, regioncalls=123240, ndraw=40, logz=-167000.75, remainder_fraction=100.0000%, Lmin=-166991.44, Lmax=-166958.46
15:36:55 [ultranest] [DEBUG] iteration=2341, ncalls=3480, regioncalls=124200, ndraw=40, logz=-166999.26, remainder_fraction=100.0000%, Lmin=-166989.90, Lmax=-166958.46
15:36:55 [ultranest] [DEBUG] iteration=2360, ncalls=3502, regioncalls=125080, ndraw=40, logz=-166997.93, remainder_fraction=100.0000%, Lmin=-166988.61, Lmax=-166958.46
15:36:55 [ultranest] [DEBUG] iteration=2380, ncalls=3526, regioncalls=126040, ndraw=40, logz=-166996.18, remainder_fraction=100.0000%, Lmin=-166986.57, Lmax=-166958.46
15:36:55 [ultranest] [DEBUG] iteration=2386, ncalls=3533, regioncalls=126400, ndraw=40, logz=-166995.74, remainder_fraction=100.0000%, Lmin=-166986.28, Lmax=-166958.46
15:36:55 [ultranest] [DEBUG] iteration=2400, ncalls=3548, regioncalls=127000, ndraw=40, logz=-166994.67, remainder_fraction=100.0000%, Lmin=-166984.84, Lmax=-166958.46
15:36:55 [ultranest] [DEBUG] iteration=2421, ncalls=3572, regioncalls=127960, ndraw=40, logz=-166993.00, remainder_fraction=100.0000%, Lmin=-166983.40, Lmax=-166958.46
15:36:55 [ultranest] [DEBUG] iteration=2440, ncalls=3595, regioncalls=128880, ndraw=40, logz=-166991.75, remainder_fraction=100.0000%, Lmin=-166982.26, Lmax=-166958.46
15:36:55 [ultranest] [DEBUG] iteration=2458, ncalls=3620, regioncalls=129880, ndraw=40, logz=-166990.63, remainder_fraction=100.0000%, Lmin=-166981.22, Lmax=-166958.46
15:36:56 [ultranest] [DEBUG] iteration=2474, ncalls=3643, regioncalls=130840, ndraw=40, logz=-166989.75, remainder_fraction=100.0000%, Lmin=-166980.18, Lmax=-166958.46
15:36:56 [ultranest] [DEBUG] iteration=2480, ncalls=3649, regioncalls=131120, ndraw=40, logz=-166989.39, remainder_fraction=100.0000%, Lmin=-166979.87, Lmax=-166958.46
15:36:56 [ultranest] [DEBUG] iteration=2497, ncalls=3674, regioncalls=132120, ndraw=40, logz=-166988.36, remainder_fraction=100.0000%, Lmin=-166978.83, Lmax=-166958.46
15:36:56 [ultranest] [DEBUG] iteration=2518, ncalls=3698, regioncalls=133080, ndraw=40, logz=-166987.34, remainder_fraction=100.0000%, Lmin=-166977.81, Lmax=-166958.46
15:36:56 [ultranest] [DEBUG] iteration=2520, ncalls=3700, regioncalls=133160, ndraw=40, logz=-166987.23, remainder_fraction=100.0000%, Lmin=-166977.78, Lmax=-166958.46
15:36:56 [ultranest] [DEBUG] iteration=2537, ncalls=3725, regioncalls=134160, ndraw=40, logz=-166986.51, remainder_fraction=100.0000%, Lmin=-166977.27, Lmax=-166958.46
15:36:56 [ultranest] [DEBUG] iteration=2555, ncalls=3749, regioncalls=135120, ndraw=40, logz=-166985.81, remainder_fraction=100.0000%, Lmin=-166976.58, Lmax=-166958.46
15:36:56 [ultranest] [DEBUG] iteration=2560, ncalls=3755, regioncalls=135360, ndraw=40, logz=-166985.63, remainder_fraction=100.0000%, Lmin=-166976.46, Lmax=-166958.46
15:36:56 [ultranest] [DEBUG] iteration=2562, ncalls=3757, regioncalls=135480, ndraw=40, logz=-166985.57, remainder_fraction=100.0000%, Lmin=-166976.43, Lmax=-166958.46
15:36:56 [ultranest] [DEBUG] iteration=2582, ncalls=3781, regioncalls=136480, ndraw=40, logz=-166984.77, remainder_fraction=100.0000%, Lmin=-166975.25, Lmax=-166958.46
15:36:56 [ultranest] [DEBUG] iteration=2600, ncalls=3804, regioncalls=137400, ndraw=40, logz=-166983.95, remainder_fraction=100.0000%, Lmin=-166974.38, Lmax=-166958.46
15:36:56 [ultranest] [DEBUG] iteration=2617, ncalls=3828, regioncalls=138360, ndraw=40, logz=-166983.18, remainder_fraction=100.0000%, Lmin=-166973.59, Lmax=-166958.46
15:36:56 [ultranest] [DEBUG] iteration=2635, ncalls=3852, regioncalls=139320, ndraw=40, logz=-166982.26, remainder_fraction=99.9999%, Lmin=-166972.53, Lmax=-166958.46
15:36:56 [ultranest] [DEBUG] iteration=2640, ncalls=3858, regioncalls=139560, ndraw=40, logz=-166982.02, remainder_fraction=99.9999%, Lmin=-166972.36, Lmax=-166958.46
15:36:57 [ultranest] [DEBUG] iteration=2650, ncalls=3869, regioncalls=140040, ndraw=40, logz=-166981.60, remainder_fraction=99.9999%, Lmin=-166972.11, Lmax=-166958.46
15:36:57 [ultranest] [DEBUG] iteration=2672, ncalls=3893, regioncalls=141000, ndraw=40, logz=-166980.66, remainder_fraction=99.9997%, Lmin=-166971.03, Lmax=-166958.46
15:36:57 [ultranest] [DEBUG] iteration=2680, ncalls=3903, regioncalls=141400, ndraw=40, logz=-166980.34, remainder_fraction=99.9996%, Lmin=-166970.70, Lmax=-166958.46
15:36:57 [ultranest] [DEBUG] iteration=2699, ncalls=3927, regioncalls=142360, ndraw=40, logz=-166979.66, remainder_fraction=99.9992%, Lmin=-166970.18, Lmax=-166958.46
15:36:57 [ultranest] [DEBUG] iteration=2716, ncalls=3952, regioncalls=143360, ndraw=40, logz=-166979.10, remainder_fraction=99.9985%, Lmin=-166969.59, Lmax=-166958.46
15:36:57 [ultranest] [DEBUG] iteration=2720, ncalls=3957, regioncalls=143560, ndraw=40, logz=-166978.98, remainder_fraction=99.9983%, Lmin=-166969.41, Lmax=-166958.46
15:36:57 [ultranest] [DEBUG] iteration=2738, ncalls=3979, regioncalls=144440, ndraw=40, logz=-166978.45, remainder_fraction=99.9973%, Lmin=-166969.09, Lmax=-166958.46
15:36:57 [ultranest] [DEBUG] iteration=2757, ncalls=4003, regioncalls=145440, ndraw=40, logz=-166977.98, remainder_fraction=99.9957%, Lmin=-166968.69, Lmax=-166958.46
15:36:57 [ultranest] [DEBUG] iteration=2760, ncalls=4008, regioncalls=145640, ndraw=40, logz=-166977.91, remainder_fraction=99.9954%, Lmin=-166968.61, Lmax=-166958.46
15:36:57 [ultranest] [DEBUG] iteration=2779, ncalls=4033, regioncalls=146640, ndraw=40, logz=-166977.45, remainder_fraction=99.9930%, Lmin=-166967.99, Lmax=-166958.46
15:36:57 [ultranest] [DEBUG] iteration=2797, ncalls=4057, regioncalls=147600, ndraw=40, logz=-166977.01, remainder_fraction=99.9891%, Lmin=-166967.62, Lmax=-166958.46
15:36:57 [ultranest] [DEBUG] iteration=2800, ncalls=4060, regioncalls=147720, ndraw=40, logz=-166976.93, remainder_fraction=99.9882%, Lmin=-166967.50, Lmax=-166958.46
15:36:57 [ultranest] [DEBUG] iteration=2820, ncalls=4084, regioncalls=148680, ndraw=40, logz=-166976.51, remainder_fraction=99.9820%, Lmin=-166967.25, Lmax=-166958.46
15:36:58 [ultranest] [DEBUG] iteration=2833, ncalls=4107, regioncalls=149600, ndraw=40, logz=-166976.26, remainder_fraction=99.9773%, Lmin=-166966.98, Lmax=-166958.46
15:36:58 [ultranest] [DEBUG] iteration=2840, ncalls=4117, regioncalls=150000, ndraw=40, logz=-166976.13, remainder_fraction=99.9742%, Lmin=-166966.77, Lmax=-166958.46
15:36:58 [ultranest] [DEBUG] iteration=2856, ncalls=4142, regioncalls=151000, ndraw=40, logz=-166975.80, remainder_fraction=99.9642%, Lmin=-166966.45, Lmax=-166958.41
15:36:58 [ultranest] [DEBUG] iteration=2868, ncalls=4167, regioncalls=152000, ndraw=40, logz=-166975.58, remainder_fraction=99.9541%, Lmin=-166966.26, Lmax=-166958.41
15:36:58 [ultranest] [DEBUG] iteration=2880, ncalls=4181, regioncalls=152560, ndraw=40, logz=-166975.36, remainder_fraction=99.9426%, Lmin=-166966.07, Lmax=-166958.41
15:36:58 [ultranest] [DEBUG] iteration=2898, ncalls=4205, regioncalls=153520, ndraw=40, logz=-166975.05, remainder_fraction=99.9222%, Lmin=-166965.62, Lmax=-166958.41
15:36:58 [ultranest] [DEBUG] iteration=2910, ncalls=4231, regioncalls=154560, ndraw=40, logz=-166974.83, remainder_fraction=99.9014%, Lmin=-166965.44, Lmax=-166958.41
15:36:58 [ultranest] [DEBUG] iteration=2914, ncalls=4237, regioncalls=154840, ndraw=40, logz=-166974.76, remainder_fraction=99.8935%, Lmin=-166965.42, Lmax=-166958.41
15:36:58 [ultranest] [DEBUG] iteration=2920, ncalls=4243, regioncalls=155080, ndraw=40, logz=-166974.67, remainder_fraction=99.8816%, Lmin=-166965.37, Lmax=-166958.41
15:36:58 [ultranest] [DEBUG] iteration=2938, ncalls=4267, regioncalls=156040, ndraw=40, logz=-166974.39, remainder_fraction=99.8469%, Lmin=-166965.09, Lmax=-166958.41
15:36:58 [ultranest] [DEBUG] iteration=2952, ncalls=4295, regioncalls=157160, ndraw=40, logz=-166974.17, remainder_fraction=99.8094%, Lmin=-166964.82, Lmax=-166958.41
15:36:58 [ultranest] [DEBUG] iteration=2960, ncalls=4309, regioncalls=157720, ndraw=40, logz=-166974.05, remainder_fraction=99.7866%, Lmin=-166964.70, Lmax=-166958.41
15:36:59 [ultranest] [DEBUG] iteration=2977, ncalls=4333, regioncalls=158680, ndraw=40, logz=-166973.81, remainder_fraction=99.7379%, Lmin=-166964.48, Lmax=-166958.41
15:36:59 [ultranest] [DEBUG] iteration=2995, ncalls=4358, regioncalls=159680, ndraw=40, logz=-166973.55, remainder_fraction=99.6567%, Lmin=-166964.14, Lmax=-166958.41
15:36:59 [ultranest] [DEBUG] iteration=3000, ncalls=4364, regioncalls=159920, ndraw=40, logz=-166973.48, remainder_fraction=99.6385%, Lmin=-166964.08, Lmax=-166958.41
15:36:59 [ultranest] [DEBUG] iteration=3002, ncalls=4367, regioncalls=160080, ndraw=40, logz=-166973.46, remainder_fraction=99.6264%, Lmin=-166964.05, Lmax=-166958.41
15:36:59 [ultranest] [DEBUG] iteration=3022, ncalls=4389, regioncalls=161040, ndraw=40, logz=-166973.19, remainder_fraction=99.5229%, Lmin=-166963.81, Lmax=-166958.41
15:36:59 [ultranest] [DEBUG] iteration=3040, ncalls=4412, regioncalls=162000, ndraw=40, logz=-166972.96, remainder_fraction=99.3920%, Lmin=-166963.53, Lmax=-166958.41
15:36:59 [ultranest] [DEBUG] iteration=3059, ncalls=4436, regioncalls=162960, ndraw=40, logz=-166972.72, remainder_fraction=99.2368%, Lmin=-166963.28, Lmax=-166958.41
15:36:59 [ultranest] [DEBUG] iteration=3079, ncalls=4462, regioncalls=164000, ndraw=40, logz=-166972.47, remainder_fraction=99.0174%, Lmin=-166963.01, Lmax=-166958.41
15:36:59 [ultranest] [DEBUG] iteration=3080, ncalls=4463, regioncalls=164040, ndraw=40, logz=-166972.46, remainder_fraction=99.0043%, Lmin=-166963.00, Lmax=-166958.41
15:36:59 [ultranest] [DEBUG] iteration=3090, ncalls=4475, regioncalls=164560, ndraw=40, logz=-166972.34, remainder_fraction=98.8706%, Lmin=-166962.90, Lmax=-166958.41
15:36:59 [ultranest] [DEBUG] iteration=3111, ncalls=4499, regioncalls=165520, ndraw=40, logz=-166972.11, remainder_fraction=98.5596%, Lmin=-166962.72, Lmax=-166958.41
15:36:59 [ultranest] [DEBUG] iteration=3120, ncalls=4509, regioncalls=165920, ndraw=40, logz=-166972.02, remainder_fraction=98.4278%, Lmin=-166962.64, Lmax=-166958.41
15:36:59 [ultranest] [DEBUG] iteration=3139, ncalls=4533, regioncalls=166880, ndraw=40, logz=-166971.83, remainder_fraction=98.1185%, Lmin=-166962.49, Lmax=-166958.41
15:36:59 [ultranest] [DEBUG] iteration=3160, ncalls=4558, regioncalls=167880, ndraw=40, logz=-166971.64, remainder_fraction=97.7026%, Lmin=-166962.26, Lmax=-166958.41
15:37:00 [ultranest] [DEBUG] iteration=3178, ncalls=4580, regioncalls=168800, ndraw=40, logz=-166971.48, remainder_fraction=97.2931%, Lmin=-166962.07, Lmax=-166958.41
15:37:00 [ultranest] [DEBUG] iteration=3200, ncalls=4605, regioncalls=169800, ndraw=40, logz=-166971.28, remainder_fraction=96.6541%, Lmin=-166961.87, Lmax=-166958.41
15:37:00 [ultranest] [DEBUG] iteration=3218, ncalls=4629, regioncalls=170760, ndraw=40, logz=-166971.13, remainder_fraction=96.1274%, Lmin=-166961.71, Lmax=-166958.41
15:37:00 [ultranest] [DEBUG] iteration=3237, ncalls=4654, regioncalls=171760, ndraw=40, logz=-166970.98, remainder_fraction=95.5540%, Lmin=-166961.57, Lmax=-166958.41
15:37:00 [ultranest] [DEBUG] iteration=3240, ncalls=4658, regioncalls=171920, ndraw=40, logz=-166970.96, remainder_fraction=95.4460%, Lmin=-166961.55, Lmax=-166958.41
15:37:00 [ultranest] [DEBUG] iteration=3256, ncalls=4682, regioncalls=172880, ndraw=40, logz=-166970.84, remainder_fraction=94.9028%, Lmin=-166961.44, Lmax=-166958.41
15:37:00 [ultranest] [DEBUG] iteration=3266, ncalls=4695, regioncalls=173440, ndraw=40, logz=-166970.77, remainder_fraction=94.5275%, Lmin=-166961.38, Lmax=-166958.41
15:37:00 [ultranest] [DEBUG] iteration=3280, ncalls=4711, regioncalls=174080, ndraw=40, logz=-166970.67, remainder_fraction=93.9862%, Lmin=-166961.26, Lmax=-166958.41
15:37:00 [ultranest] [DEBUG] iteration=3299, ncalls=4735, regioncalls=175040, ndraw=40, logz=-166970.54, remainder_fraction=93.2184%, Lmin=-166961.11, Lmax=-166958.41
15:37:00 [ultranest] [DEBUG] iteration=3317, ncalls=4759, regioncalls=176000, ndraw=40, logz=-166970.42, remainder_fraction=92.4340%, Lmin=-166961.01, Lmax=-166958.41
15:37:00 [ultranest] [DEBUG] iteration=3320, ncalls=4762, regioncalls=176120, ndraw=40, logz=-166970.40, remainder_fraction=92.2895%, Lmin=-166960.99, Lmax=-166958.41
15:37:00 [ultranest] [DEBUG] iteration=3336, ncalls=4787, regioncalls=177120, ndraw=40, logz=-166970.30, remainder_fraction=91.5203%, Lmin=-166960.88, Lmax=-166958.41
15:37:01 [ultranest] [DEBUG] iteration=3354, ncalls=4811, regioncalls=178080, ndraw=40, logz=-166970.20, remainder_fraction=90.4756%, Lmin=-166960.74, Lmax=-166958.41
15:37:01 [ultranest] [DEBUG] iteration=3360, ncalls=4819, regioncalls=178400, ndraw=40, logz=-166970.16, remainder_fraction=90.1811%, Lmin=-166960.70, Lmax=-166958.41
15:37:01 [ultranest] [DEBUG] iteration=3374, ncalls=4844, regioncalls=179400, ndraw=40, logz=-166970.08, remainder_fraction=89.3330%, Lmin=-166960.61, Lmax=-166958.41
15:37:01 [ultranest] [DEBUG] iteration=3392, ncalls=4868, regioncalls=180360, ndraw=40, logz=-166969.98, remainder_fraction=88.4108%, Lmin=-166960.53, Lmax=-166958.41
15:37:01 [ultranest] [DEBUG] iteration=3400, ncalls=4880, regioncalls=180840, ndraw=40, logz=-166969.93, remainder_fraction=87.8564%, Lmin=-166960.47, Lmax=-166958.41
15:37:01 [ultranest] [DEBUG] iteration=3414, ncalls=4907, regioncalls=181920, ndraw=40, logz=-166969.86, remainder_fraction=86.8573%, Lmin=-166960.39, Lmax=-166958.41
15:37:01 [ultranest] [DEBUG] iteration=3432, ncalls=4931, regioncalls=182880, ndraw=40, logz=-166969.77, remainder_fraction=85.7091%, Lmin=-166960.31, Lmax=-166958.41
15:37:01 [ultranest] [DEBUG] iteration=3440, ncalls=4948, regioncalls=183560, ndraw=40, logz=-166969.73, remainder_fraction=85.0765%, Lmin=-166960.27, Lmax=-166958.41
15:37:01 [ultranest] [DEBUG] iteration=3456, ncalls=4970, regioncalls=184440, ndraw=40, logz=-166969.65, remainder_fraction=83.8362%, Lmin=-166960.20, Lmax=-166958.41
15:37:01 [ultranest] [DEBUG] iteration=3472, ncalls=4995, regioncalls=185440, ndraw=40, logz=-166969.58, remainder_fraction=82.7170%, Lmin=-166960.13, Lmax=-166958.41
15:37:01 [ultranest] [DEBUG] iteration=3480, ncalls=5009, regioncalls=186000, ndraw=40, logz=-166969.55, remainder_fraction=82.0981%, Lmin=-166960.10, Lmax=-166958.41
15:37:02 [ultranest] [DEBUG] iteration=3499, ncalls=5034, regioncalls=187000, ndraw=40, logz=-166969.47, remainder_fraction=80.5924%, Lmin=-166960.02, Lmax=-166958.41
15:37:02 [ultranest] [DEBUG] iteration=3513, ncalls=5059, regioncalls=188000, ndraw=40, logz=-166969.41, remainder_fraction=79.6077%, Lmin=-166959.96, Lmax=-166958.41
15:37:02 [ultranest] [DEBUG] iteration=3520, ncalls=5068, regioncalls=188360, ndraw=40, logz=-166969.38, remainder_fraction=79.0359%, Lmin=-166959.91, Lmax=-166958.41
15:37:02 [ultranest] [DEBUG] iteration=3530, ncalls=5086, regioncalls=189200, ndraw=40, logz=-166969.34, remainder_fraction=78.1777%, Lmin=-166959.88, Lmax=-166958.41
15:37:02 [ultranest] [DEBUG] iteration=3547, ncalls=5110, regioncalls=190160, ndraw=40, logz=-166969.28, remainder_fraction=76.5386%, Lmin=-166959.81, Lmax=-166958.41
15:37:02 [ultranest] [DEBUG] iteration=3560, ncalls=5129, regioncalls=190920, ndraw=40, logz=-166969.23, remainder_fraction=75.3508%, Lmin=-166959.76, Lmax=-166958.41
15:37:02 [ultranest] [DEBUG] iteration=3575, ncalls=5154, regioncalls=191920, ndraw=40, logz=-166969.18, remainder_fraction=74.0051%, Lmin=-166959.71, Lmax=-166958.41
15:37:02 [ultranest] [DEBUG] iteration=3590, ncalls=5180, regioncalls=192960, ndraw=40, logz=-166969.13, remainder_fraction=72.6892%, Lmin=-166959.64, Lmax=-166958.41
15:37:02 [ultranest] [DEBUG] iteration=3600, ncalls=5194, regioncalls=193520, ndraw=40, logz=-166969.09, remainder_fraction=71.7014%, Lmin=-166959.61, Lmax=-166958.41
15:37:02 [ultranest] [DEBUG] iteration=3614, ncalls=5220, regioncalls=194560, ndraw=40, logz=-166969.05, remainder_fraction=70.2957%, Lmin=-166959.54, Lmax=-166958.41
15:37:02 [ultranest] [DEBUG] iteration=3618, ncalls=5225, regioncalls=194800, ndraw=40, logz=-166969.03, remainder_fraction=69.9124%, Lmin=-166959.53, Lmax=-166958.41
15:37:02 [ultranest] [DEBUG] iteration=3637, ncalls=5250, regioncalls=195800, ndraw=40, logz=-166968.97, remainder_fraction=68.1012%, Lmin=-166959.44, Lmax=-166958.41
15:37:02 [ultranest] [DEBUG] iteration=3640, ncalls=5253, regioncalls=195920, ndraw=40, logz=-166968.96, remainder_fraction=67.8154%, Lmin=-166959.43, Lmax=-166958.41
15:37:03 [ultranest] [DEBUG] iteration=3657, ncalls=5278, regioncalls=196920, ndraw=40, logz=-166968.91, remainder_fraction=66.0862%, Lmin=-166959.38, Lmax=-166958.41
15:37:03 [ultranest] [DEBUG] iteration=3677, ncalls=5302, regioncalls=197880, ndraw=40, logz=-166968.85, remainder_fraction=64.0897%, Lmin=-166959.32, Lmax=-166958.41
15:37:03 [ultranest] [DEBUG] iteration=3680, ncalls=5308, regioncalls=198120, ndraw=40, logz=-166968.84, remainder_fraction=63.7413%, Lmin=-166959.32, Lmax=-166958.41
15:37:03 [ultranest] [DEBUG] iteration=3698, ncalls=5332, regioncalls=199080, ndraw=40, logz=-166968.80, remainder_fraction=61.8429%, Lmin=-166959.30, Lmax=-166958.41
15:37:03 [ultranest] [DEBUG] iteration=3706, ncalls=5341, regioncalls=199480, ndraw=40, logz=-166968.78, remainder_fraction=61.0186%, Lmin=-166959.28, Lmax=-166958.41
15:37:03 [ultranest] [DEBUG] iteration=3720, ncalls=5360, regioncalls=200240, ndraw=40, logz=-166968.74, remainder_fraction=59.7654%, Lmin=-166959.26, Lmax=-166958.41
15:37:03 [ultranest] [DEBUG] iteration=3739, ncalls=5384, regioncalls=201200, ndraw=40, logz=-166968.70, remainder_fraction=58.0675%, Lmin=-166959.22, Lmax=-166958.41
15:37:03 [ultranest] [DEBUG] iteration=3759, ncalls=5408, regioncalls=202160, ndraw=40, logz=-166968.65, remainder_fraction=56.1397%, Lmin=-166959.17, Lmax=-166958.41
15:37:03 [ultranest] [DEBUG] iteration=3760, ncalls=5409, regioncalls=202200, ndraw=40, logz=-166968.65, remainder_fraction=56.0347%, Lmin=-166959.17, Lmax=-166958.41
15:37:03 [ultranest] [DEBUG] iteration=3779, ncalls=5432, regioncalls=203120, ndraw=40, logz=-166968.61, remainder_fraction=54.3610%, Lmin=-166959.14, Lmax=-166958.41
15:37:03 [ultranest] [DEBUG] iteration=3794, ncalls=5454, regioncalls=204040, ndraw=40, logz=-166968.58, remainder_fraction=52.9448%, Lmin=-166959.10, Lmax=-166958.41
15:37:03 [ultranest] [DEBUG] iteration=3800, ncalls=5462, regioncalls=204360, ndraw=40, logz=-166968.57, remainder_fraction=52.4307%, Lmin=-166959.09, Lmax=-166958.41
15:37:03 [ultranest] [DEBUG] iteration=3818, ncalls=5486, regioncalls=205320, ndraw=40, logz=-166968.53, remainder_fraction=50.7781%, Lmin=-166959.06, Lmax=-166958.41
15:37:04 [ultranest] [DEBUG] iteration=3838, ncalls=5509, regioncalls=206240, ndraw=40, logz=-166968.50, remainder_fraction=48.9790%, Lmin=-166959.03, Lmax=-166958.41
15:37:04 [ultranest] [DEBUG] iteration=3840, ncalls=5511, regioncalls=206320, ndraw=40, logz=-166968.49, remainder_fraction=48.8046%, Lmin=-166959.03, Lmax=-166958.41
15:37:04 [ultranest] [DEBUG] iteration=3860, ncalls=5535, regioncalls=207280, ndraw=40, logz=-166968.46, remainder_fraction=46.9409%, Lmin=-166959.00, Lmax=-166958.41
15:37:04 [ultranest] [DEBUG] iteration=3877, ncalls=5559, regioncalls=208240, ndraw=40, logz=-166968.43, remainder_fraction=45.4321%, Lmin=-166958.98, Lmax=-166958.41
15:37:04 [ultranest] [DEBUG] iteration=3880, ncalls=5565, regioncalls=208480, ndraw=40, logz=-166968.43, remainder_fraction=45.1564%, Lmin=-166958.97, Lmax=-166958.41
15:37:04 [ultranest] [DEBUG] iteration=3882, ncalls=5569, regioncalls=208680, ndraw=40, logz=-166968.42, remainder_fraction=44.9761%, Lmin=-166958.97, Lmax=-166958.41
15:37:04 [ultranest] [DEBUG] iteration=3899, ncalls=5593, regioncalls=209680, ndraw=40, logz=-166968.40, remainder_fraction=43.5765%, Lmin=-166958.95, Lmax=-166958.41
15:37:04 [ultranest] [DEBUG] iteration=3918, ncalls=5618, regioncalls=210760, ndraw=40, logz=-166968.37, remainder_fraction=41.9899%, Lmin=-166958.92, Lmax=-166958.41
15:37:04 [ultranest] [DEBUG] iteration=3920, ncalls=5621, regioncalls=210880, ndraw=40, logz=-166968.37, remainder_fraction=41.8305%, Lmin=-166958.91, Lmax=-166958.41
15:37:04 [ultranest] [DEBUG] iteration=3936, ncalls=5646, regioncalls=211880, ndraw=40, logz=-166968.35, remainder_fraction=40.5128%, Lmin=-166958.89, Lmax=-166958.41
15:37:04 [ultranest] [DEBUG] iteration=3953, ncalls=5674, regioncalls=213000, ndraw=40, logz=-166968.32, remainder_fraction=39.2063%, Lmin=-166958.87, Lmax=-166958.41
15:37:04 [ultranest] [DEBUG] iteration=3960, ncalls=5683, regioncalls=213360, ndraw=40, logz=-166968.31, remainder_fraction=38.6574%, Lmin=-166958.86, Lmax=-166958.41
15:37:04 [ultranest] [DEBUG] iteration=3970, ncalls=5698, regioncalls=214000, ndraw=40, logz=-166968.30, remainder_fraction=37.8676%, Lmin=-166958.85, Lmax=-166958.41
15:37:04 [ultranest] [DEBUG] iteration=3989, ncalls=5722, regioncalls=215000, ndraw=40, logz=-166968.28, remainder_fraction=36.4519%, Lmin=-166958.83, Lmax=-166958.41
15:37:05 [ultranest] [DEBUG] iteration=4000, ncalls=5737, regioncalls=215600, ndraw=40, logz=-166968.27, remainder_fraction=35.6550%, Lmin=-166958.81, Lmax=-166958.41
15:37:05 [ultranest] [DEBUG] iteration=4016, ncalls=5764, regioncalls=216680, ndraw=40, logz=-166968.25, remainder_fraction=34.5018%, Lmin=-166958.79, Lmax=-166958.41
15:37:05 [ultranest] [DEBUG] iteration=4034, ncalls=5787, regioncalls=217600, ndraw=40, logz=-166968.23, remainder_fraction=33.2117%, Lmin=-166958.78, Lmax=-166958.41
15:37:05 [ultranest] [DEBUG] iteration=4040, ncalls=5794, regioncalls=217880, ndraw=40, logz=-166968.22, remainder_fraction=32.8042%, Lmin=-166958.78, Lmax=-166958.41
15:37:05 [ultranest] [DEBUG] iteration=4058, ncalls=5817, regioncalls=218920, ndraw=40, logz=-166968.20, remainder_fraction=31.5832%, Lmin=-166958.76, Lmax=-166958.41
15:37:05 [ultranest] [DEBUG] iteration=4077, ncalls=5840, regioncalls=219880, ndraw=40, logz=-166968.19, remainder_fraction=30.2982%, Lmin=-166958.74, Lmax=-166958.41
15:37:05 [ultranest] [DEBUG] iteration=4080, ncalls=5846, regioncalls=220120, ndraw=40, logz=-166968.18, remainder_fraction=30.0822%, Lmin=-166958.74, Lmax=-166958.41
15:37:05 [ultranest] [DEBUG] iteration=4098, ncalls=5870, regioncalls=221080, ndraw=40, logz=-166968.17, remainder_fraction=28.9412%, Lmin=-166958.72, Lmax=-166958.41
15:37:05 [ultranest] [DEBUG] iteration=4116, ncalls=5895, regioncalls=222080, ndraw=40, logz=-166968.15, remainder_fraction=27.8140%, Lmin=-166958.70, Lmax=-166958.41
15:37:05 [ultranest] [DEBUG] iteration=4120, ncalls=5900, regioncalls=222280, ndraw=40, logz=-166968.15, remainder_fraction=27.5680%, Lmin=-166958.70, Lmax=-166958.41
15:37:05 [ultranest] [DEBUG] iteration=4140, ncalls=5924, regioncalls=223240, ndraw=40, logz=-166968.13, remainder_fraction=26.3603%, Lmin=-166958.68, Lmax=-166958.41
15:37:05 [ultranest] [DEBUG] iteration=4146, ncalls=5931, regioncalls=223560, ndraw=40, logz=-166968.13, remainder_fraction=26.0055%, Lmin=-166958.68, Lmax=-166958.41
15:37:05 [ultranest] [DEBUG] iteration=4160, ncalls=5949, regioncalls=224280, ndraw=40, logz=-166968.12, remainder_fraction=25.2237%, Lmin=-166958.67, Lmax=-166958.41
15:37:06 [ultranest] [DEBUG] iteration=4180, ncalls=5972, regioncalls=225200, ndraw=40, logz=-166968.10, remainder_fraction=24.1277%, Lmin=-166958.66, Lmax=-166958.41
15:37:06 [ultranest] [DEBUG] iteration=4200, ncalls=5994, regioncalls=226080, ndraw=40, logz=-166968.09, remainder_fraction=23.0451%, Lmin=-166958.65, Lmax=-166958.41
15:37:06 [ultranest] [DEBUG] iteration=4219, ncalls=6019, regioncalls=227080, ndraw=40, logz=-166968.07, remainder_fraction=22.0790%, Lmin=-166958.63, Lmax=-166958.41
15:37:06 [ultranest] [DEBUG] iteration=4234, ncalls=6034, regioncalls=227760, ndraw=40, logz=-166968.06, remainder_fraction=21.3339%, Lmin=-166958.62, Lmax=-166958.41
15:37:06 [ultranest] [DEBUG] iteration=4240, ncalls=6041, regioncalls=228040, ndraw=40, logz=-166968.06, remainder_fraction=21.0377%, Lmin=-166958.62, Lmax=-166958.41
15:37:06 [ultranest] [DEBUG] iteration=4260, ncalls=6065, regioncalls=229000, ndraw=40, logz=-166968.05, remainder_fraction=20.1021%, Lmin=-166958.61, Lmax=-166958.41
15:37:06 [ultranest] [DEBUG] iteration=4280, ncalls=6087, regioncalls=229880, ndraw=40, logz=-166968.04, remainder_fraction=19.1849%, Lmin=-166958.60, Lmax=-166958.41
15:37:06 [ultranest] [DEBUG] iteration=4299, ncalls=6111, regioncalls=230840, ndraw=40, logz=-166968.03, remainder_fraction=18.3477%, Lmin=-166958.59, Lmax=-166958.41
15:37:06 [ultranest] [DEBUG] iteration=4315, ncalls=6135, regioncalls=231800, ndraw=40, logz=-166968.02, remainder_fraction=17.6727%, Lmin=-166958.58, Lmax=-166958.41
15:37:06 [ultranest] [DEBUG] iteration=4320, ncalls=6145, regioncalls=232200, ndraw=40, logz=-166968.02, remainder_fraction=17.4666%, Lmin=-166958.58, Lmax=-166958.41
15:37:06 [ultranest] [DEBUG] iteration=4322, ncalls=6147, regioncalls=232400, ndraw=40, logz=-166968.02, remainder_fraction=17.3813%, Lmin=-166958.58, Lmax=-166958.41
15:37:06 [ultranest] [DEBUG] iteration=4342, ncalls=6171, regioncalls=233360, ndraw=40, logz=-166968.01, remainder_fraction=16.5841%, Lmin=-166958.57, Lmax=-166958.41
15:37:07 [ultranest] [DEBUG] iteration=4360, ncalls=6193, regioncalls=234240, ndraw=40, logz=-166968.00, remainder_fraction=15.8851%, Lmin=-166958.56, Lmax=-166958.41
15:37:07 [ultranest] [DEBUG] iteration=4378, ncalls=6217, regioncalls=235200, ndraw=40, logz=-166967.99, remainder_fraction=15.2087%, Lmin=-166958.55, Lmax=-166958.41
15:37:07 [ultranest] [DEBUG] iteration=4397, ncalls=6242, regioncalls=236200, ndraw=40, logz=-166967.98, remainder_fraction=14.5237%, Lmin=-166958.55, Lmax=-166958.41
15:37:07 [ultranest] [DEBUG] iteration=4400, ncalls=6247, regioncalls=236400, ndraw=40, logz=-166967.98, remainder_fraction=14.4227%, Lmin=-166958.55, Lmax=-166958.41
15:37:07 [ultranest] [DEBUG] iteration=4410, ncalls=6266, regioncalls=237240, ndraw=40, logz=-166967.98, remainder_fraction=14.0855%, Lmin=-166958.54, Lmax=-166958.41
15:37:07 [ultranest] [DEBUG] iteration=4431, ncalls=6290, regioncalls=238200, ndraw=40, logz=-166967.97, remainder_fraction=13.4041%, Lmin=-166958.54, Lmax=-166958.41
15:37:07 [ultranest] [DEBUG] iteration=4440, ncalls=6304, regioncalls=238760, ndraw=40, logz=-166967.97, remainder_fraction=13.1208%, Lmin=-166958.54, Lmax=-166958.41
15:37:07 [ultranest] [DEBUG] iteration=4456, ncalls=6331, regioncalls=239840, ndraw=40, logz=-166967.96, remainder_fraction=12.6256%, Lmin=-166958.53, Lmax=-166958.41
15:37:07 [ultranest] [DEBUG] iteration=4476, ncalls=6356, regioncalls=240840, ndraw=40, logz=-166967.95, remainder_fraction=12.0303%, Lmin=-166958.53, Lmax=-166958.41
15:37:07 [ultranest] [DEBUG] iteration=4480, ncalls=6364, regioncalls=241160, ndraw=40, logz=-166967.95, remainder_fraction=11.9170%, Lmin=-166958.53, Lmax=-166958.41
15:37:07 [ultranest] [DEBUG] iteration=4498, ncalls=6385, regioncalls=242040, ndraw=40, logz=-166967.95, remainder_fraction=11.4088%, Lmin=-166958.52, Lmax=-166958.41
15:37:07 [ultranest] [DEBUG] iteration=4518, ncalls=6408, regioncalls=242960, ndraw=40, logz=-166967.94, remainder_fraction=10.8701%, Lmin=-166958.51, Lmax=-166958.41
15:37:07 [ultranest] [DEBUG] iteration=4520, ncalls=6412, regioncalls=243120, ndraw=40, logz=-166967.94, remainder_fraction=10.8175%, Lmin=-166958.51, Lmax=-166958.41
15:37:08 [ultranest] [DEBUG] iteration=4543, ncalls=6436, regioncalls=244080, ndraw=40, logz=-166967.93, remainder_fraction=10.2275%, Lmin=-166958.51, Lmax=-166958.41
15:37:08 [ultranest] [DEBUG] iteration=4560, ncalls=6458, regioncalls=244960, ndraw=40, logz=-166967.93, remainder_fraction=9.8057%, Lmin=-166958.50, Lmax=-166958.41
15:37:08 [ultranest] [DEBUG] iteration=4574, ncalls=6484, regioncalls=246000, ndraw=40, logz=-166967.92, remainder_fraction=9.4751%, Lmin=-166958.50, Lmax=-166958.41
15:37:08 [ultranest] [DEBUG] iteration=4586, ncalls=6502, regioncalls=246760, ndraw=40, logz=-166967.92, remainder_fraction=9.1984%, Lmin=-166958.50, Lmax=-166958.41
15:37:08 [ultranest] [DEBUG] iteration=4600, ncalls=6519, regioncalls=247440, ndraw=40, logz=-166967.92, remainder_fraction=8.8862%, Lmin=-166958.49, Lmax=-166958.41
15:37:08 [ultranest] [DEBUG] iteration=4620, ncalls=6542, regioncalls=248360, ndraw=40, logz=-166967.91, remainder_fraction=8.4589%, Lmin=-166958.49, Lmax=-166958.41
15:37:08 [ultranest] [DEBUG] iteration=4634, ncalls=6566, regioncalls=249360, ndraw=40, logz=-166967.91, remainder_fraction=8.1729%, Lmin=-166958.49, Lmax=-166958.41
15:37:08 [ultranest] [DEBUG] iteration=4640, ncalls=6576, regioncalls=249760, ndraw=40, logz=-166967.91, remainder_fraction=8.0522%, Lmin=-166958.49, Lmax=-166958.41
15:37:08 [ultranest] [DEBUG] iteration=4659, ncalls=6599, regioncalls=250680, ndraw=40, logz=-166967.90, remainder_fraction=7.6826%, Lmin=-166958.48, Lmax=-166958.41
15:37:08 [ultranest] [DEBUG] iteration=4677, ncalls=6621, regioncalls=251560, ndraw=40, logz=-166967.90, remainder_fraction=7.3488%, Lmin=-166958.48, Lmax=-166958.41
15:37:08 [ultranest] [DEBUG] iteration=4680, ncalls=6631, regioncalls=251960, ndraw=40, logz=-166967.90, remainder_fraction=7.2941%, Lmin=-166958.48, Lmax=-166958.41
15:37:09 [ultranest] [DEBUG] iteration=4696, ncalls=6654, regioncalls=252920, ndraw=40, logz=-166967.90, remainder_fraction=7.0109%, Lmin=-166958.48, Lmax=-166958.41
15:37:09 [ultranest] [DEBUG] iteration=4715, ncalls=6677, regioncalls=253840, ndraw=40, logz=-166967.89, remainder_fraction=6.6883%, Lmin=-166958.47, Lmax=-166958.41
15:37:09 [ultranest] [DEBUG] iteration=4720, ncalls=6687, regioncalls=254240, ndraw=40, logz=-166967.89, remainder_fraction=6.6046%, Lmin=-166958.47, Lmax=-166958.41
15:37:09 [ultranest] [DEBUG] iteration=4734, ncalls=6712, regioncalls=255240, ndraw=40, logz=-166967.89, remainder_fraction=6.3784%, Lmin=-166958.47, Lmax=-166958.41
15:37:09 [ultranest] [DEBUG] iteration=4750, ncalls=6736, regioncalls=256200, ndraw=40, logz=-166967.89, remainder_fraction=6.1274%, Lmin=-166958.47, Lmax=-166958.41
15:37:09 [ultranest] [DEBUG] iteration=4760, ncalls=6753, regioncalls=256880, ndraw=40, logz=-166967.89, remainder_fraction=5.9765%, Lmin=-166958.47, Lmax=-166958.41
15:37:09 [ultranest] [DEBUG] iteration=4762, ncalls=6759, regioncalls=257200, ndraw=40, logz=-166967.89, remainder_fraction=5.9468%, Lmin=-166958.47, Lmax=-166958.41
15:37:09 [ultranest] [DEBUG] iteration=4783, ncalls=6782, regioncalls=258120, ndraw=40, logz=-166967.88, remainder_fraction=5.6422%, Lmin=-166958.46, Lmax=-166958.41
15:37:09 [ultranest] [DEBUG] iteration=4800, ncalls=6803, regioncalls=258960, ndraw=40, logz=-166967.88, remainder_fraction=5.4068%, Lmin=-166958.46, Lmax=-166958.41
15:37:09 [ultranest] [DEBUG] iteration=4819, ncalls=6827, regioncalls=259920, ndraw=40, logz=-166967.88, remainder_fraction=5.1567%, Lmin=-166958.46, Lmax=-166958.41
15:37:09 [ultranest] [DEBUG] iteration=4835, ncalls=6852, regioncalls=260920, ndraw=40, logz=-166967.88, remainder_fraction=4.9544%, Lmin=-166958.46, Lmax=-166958.41
15:37:09 [ultranest] [DEBUG] iteration=4840, ncalls=6857, regioncalls=261120, ndraw=40, logz=-166967.88, remainder_fraction=4.8920%, Lmin=-166958.46, Lmax=-166958.41
15:37:09 [ultranest] [DEBUG] iteration=4850, ncalls=6867, regioncalls=261560, ndraw=40, logz=-166967.87, remainder_fraction=4.7712%, Lmin=-166958.45, Lmax=-166958.41
15:37:10 [ultranest] [DEBUG] iteration=4868, ncalls=6890, regioncalls=262480, ndraw=40, logz=-166967.87, remainder_fraction=4.5610%, Lmin=-166958.45, Lmax=-166958.41
15:37:10 [ultranest] [DEBUG] iteration=4880, ncalls=6907, regioncalls=263200, ndraw=40, logz=-166967.87, remainder_fraction=4.4254%, Lmin=-166958.45, Lmax=-166958.41
15:37:10 [ultranest] [DEBUG] iteration=4898, ncalls=6929, regioncalls=264080, ndraw=40, logz=-166967.87, remainder_fraction=4.2293%, Lmin=-166958.45, Lmax=-166958.41
15:37:10 [ultranest] [DEBUG] iteration=4916, ncalls=6953, regioncalls=265040, ndraw=40, logz=-166967.87, remainder_fraction=4.0421%, Lmin=-166958.45, Lmax=-166958.41
15:37:10 [ultranest] [DEBUG] iteration=4920, ncalls=6958, regioncalls=265240, ndraw=40, logz=-166967.87, remainder_fraction=4.0016%, Lmin=-166958.45, Lmax=-166958.41
15:37:10 [ultranest] [DEBUG] iteration=4938, ncalls=6980, regioncalls=266120, ndraw=40, logz=-166967.86, remainder_fraction=3.8243%, Lmin=-166958.44, Lmax=-166958.41
15:37:10 [ultranest] [DEBUG] iteration=4958, ncalls=7003, regioncalls=267040, ndraw=40, logz=-166967.86, remainder_fraction=3.6364%, Lmin=-166958.44, Lmax=-166958.41
15:37:10 [ultranest] [DEBUG] iteration=4960, ncalls=7006, regioncalls=267160, ndraw=40, logz=-166967.86, remainder_fraction=3.6180%, Lmin=-166958.44, Lmax=-166958.41
15:37:10 [ultranest] [DEBUG] iteration=4977, ncalls=7030, regioncalls=268120, ndraw=40, logz=-166967.86, remainder_fraction=3.4661%, Lmin=-166958.44, Lmax=-166958.41
15:37:10 [ultranest] [DEBUG] iteration=4997, ncalls=7054, regioncalls=269080, ndraw=40, logz=-166967.86, remainder_fraction=3.2960%, Lmin=-166958.44, Lmax=-166958.41
15:37:10 [ultranest] [DEBUG] iteration=5000, ncalls=7058, regioncalls=269240, ndraw=40, logz=-166967.86, remainder_fraction=3.2711%, Lmin=-166958.44, Lmax=-166958.41
15:37:10 [ultranest] [DEBUG] iteration=5017, ncalls=7082, regioncalls=270200, ndraw=40, logz=-166967.86, remainder_fraction=3.1337%, Lmin=-166958.44, Lmax=-166958.41
15:37:10 [ultranest] [DEBUG] iteration=5026, ncalls=7095, regioncalls=270760, ndraw=40, logz=-166967.86, remainder_fraction=3.0634%, Lmin=-166958.44, Lmax=-166958.41
15:37:11 [ultranest] [DEBUG] iteration=5040, ncalls=7112, regioncalls=271440, ndraw=40, logz=-166967.86, remainder_fraction=2.9571%, Lmin=-166958.44, Lmax=-166958.41
15:37:11 [ultranest] [DEBUG] iteration=5062, ncalls=7135, regioncalls=272360, ndraw=40, logz=-166967.85, remainder_fraction=2.7971%, Lmin=-166958.44, Lmax=-166958.41
15:37:11 [ultranest] [DEBUG] iteration=5080, ncalls=7155, regioncalls=273160, ndraw=40, logz=-166967.85, remainder_fraction=2.6729%, Lmin=-166958.43, Lmax=-166958.41
15:37:11 [ultranest] [DEBUG] iteration=5099, ncalls=7179, regioncalls=274120, ndraw=40, logz=-166967.85, remainder_fraction=2.5470%, Lmin=-166958.43, Lmax=-166958.41
15:37:11 [ultranest] [DEBUG] iteration=5114, ncalls=7200, regioncalls=275040, ndraw=40, logz=-166967.85, remainder_fraction=2.4522%, Lmin=-166958.43, Lmax=-166958.41
15:37:11 [ultranest] [DEBUG] iteration=5120, ncalls=7210, regioncalls=275440, ndraw=40, logz=-166967.85, remainder_fraction=2.4151%, Lmin=-166958.43, Lmax=-166958.41
15:37:11 [ultranest] [DEBUG] iteration=5139, ncalls=7234, regioncalls=276400, ndraw=40, logz=-166967.85, remainder_fraction=2.3015%, Lmin=-166958.43, Lmax=-166958.41
15:37:11 [ultranest] [DEBUG] iteration=5157, ncalls=7258, regioncalls=277360, ndraw=40, logz=-166967.85, remainder_fraction=2.1988%, Lmin=-166958.43, Lmax=-166958.41
15:37:11 [ultranest] [DEBUG] iteration=5160, ncalls=7262, regioncalls=277520, ndraw=40, logz=-166967.85, remainder_fraction=2.1821%, Lmin=-166958.43, Lmax=-166958.41
15:37:11 [ultranest] [DEBUG] iteration=5179, ncalls=7286, regioncalls=278480, ndraw=40, logz=-166967.85, remainder_fraction=2.0792%, Lmin=-166958.43, Lmax=-166958.41
15:37:11 [ultranest] [DEBUG] iteration=5197, ncalls=7310, regioncalls=279440, ndraw=40, logz=-166967.85, remainder_fraction=1.9863%, Lmin=-166958.43, Lmax=-166958.41
15:37:11 [ultranest] [DEBUG] iteration=5200, ncalls=7313, regioncalls=279560, ndraw=40, logz=-166967.85, remainder_fraction=1.9711%, Lmin=-166958.43, Lmax=-166958.41
15:37:11 [ultranest] [DEBUG] iteration=5202, ncalls=7315, regioncalls=279680, ndraw=40, logz=-166967.84, remainder_fraction=1.9611%, Lmin=-166958.43, Lmax=-166958.41
15:37:12 [ultranest] [DEBUG] iteration=5221, ncalls=7339, regioncalls=280640, ndraw=40, logz=-166967.84, remainder_fraction=1.8687%, Lmin=-166958.43, Lmax=-166958.41
15:37:12 [ultranest] [DEBUG] iteration=5240, ncalls=7363, regioncalls=281600, ndraw=40, logz=-166967.84, remainder_fraction=1.7805%, Lmin=-166958.43, Lmax=-166958.41
15:37:12 [ultranest] [DEBUG] iteration=5260, ncalls=7387, regioncalls=282560, ndraw=40, logz=-166967.84, remainder_fraction=1.6921%, Lmin=-166958.42, Lmax=-166958.41
15:37:12 [ultranest] [DEBUG] iteration=5276, ncalls=7411, regioncalls=283520, ndraw=40, logz=-166967.84, remainder_fraction=1.6245%, Lmin=-166958.42, Lmax=-166958.41
15:37:12 [ultranest] [DEBUG] iteration=5280, ncalls=7418, regioncalls=283800, ndraw=40, logz=-166967.84, remainder_fraction=1.6081%, Lmin=-166958.42, Lmax=-166958.41
15:37:12 [ultranest] [DEBUG] iteration=5290, ncalls=7434, regioncalls=284480, ndraw=40, logz=-166967.84, remainder_fraction=1.5676%, Lmin=-166958.42, Lmax=-166958.41
15:37:12 [ultranest] [DEBUG] iteration=5311, ncalls=7457, regioncalls=285400, ndraw=40, logz=-166967.84, remainder_fraction=1.4859%, Lmin=-166958.42, Lmax=-166958.41
15:37:12 [ultranest] [DEBUG] iteration=5320, ncalls=7470, regioncalls=285920, ndraw=40, logz=-166967.84, remainder_fraction=1.4522%, Lmin=-166958.42, Lmax=-166958.41
15:37:12 [ultranest] [DEBUG] iteration=5337, ncalls=7494, regioncalls=286880, ndraw=40, logz=-166967.84, remainder_fraction=1.3907%, Lmin=-166958.42, Lmax=-166958.41
15:37:12 [ultranest] [DEBUG] iteration=5355, ncalls=7518, regioncalls=287840, ndraw=40, logz=-166967.84, remainder_fraction=1.3282%, Lmin=-166958.42, Lmax=-166958.41
15:37:12 [ultranest] [DEBUG] iteration=5360, ncalls=7524, regioncalls=288080, ndraw=40, logz=-166967.84, remainder_fraction=1.3114%, Lmin=-166958.42, Lmax=-166958.41
15:37:12 [ultranest] [DEBUG] iteration=5376, ncalls=7548, regioncalls=289040, ndraw=40, logz=-166967.84, remainder_fraction=1.2590%, Lmin=-166958.42, Lmax=-166958.41
15:37:12 [ultranest] [DEBUG] iteration=5378, ncalls=7550, regioncalls=289160, ndraw=40, logz=-166967.84, remainder_fraction=1.2526%, Lmin=-166958.42, Lmax=-166958.41
15:37:13 [ultranest] [DEBUG] iteration=5398, ncalls=7574, regioncalls=290120, ndraw=40, logz=-166967.84, remainder_fraction=1.1903%, Lmin=-166958.42, Lmax=-166958.41
15:37:13 [ultranest] [DEBUG] iteration=5400, ncalls=7576, regioncalls=290200, ndraw=40, logz=-166967.84, remainder_fraction=1.1842%, Lmin=-166958.42, Lmax=-166958.41
15:37:13 [ultranest] [DEBUG] iteration=5418, ncalls=7600, regioncalls=291160, ndraw=40, logz=-166967.84, remainder_fraction=1.1311%, Lmin=-166958.42, Lmax=-166958.41
15:37:13 [ultranest] [DEBUG] iteration=5437, ncalls=7624, regioncalls=292120, ndraw=40, logz=-166967.84, remainder_fraction=1.0775%, Lmin=-166958.42, Lmax=-166958.41
15:37:13 [ultranest] [DEBUG] iteration=5440, ncalls=7628, regioncalls=292280, ndraw=40, logz=-166967.84, remainder_fraction=1.0693%, Lmin=-166958.42, Lmax=-166958.41
15:37:13 [ultranest] [DEBUG] iteration=5460, ncalls=7652, regioncalls=293240, ndraw=40, logz=-166967.84, remainder_fraction=1.0161%, Lmin=-166958.42, Lmax=-166958.41
15:37:13 [ultranest] [DEBUG] iteration=5466, ncalls=7660, regioncalls=293600, ndraw=40, logz=-166967.84, remainder_fraction=1.0006%, Lmin=-166958.42, Lmax=-166958.41
15:37:13 [ultranest] [INFO] Explored until L=-2e+05  
15:37:13 [ultranest] [INFO] Likelihood function evaluations: 7660
15:37:14 [ultranest] [INFO] Writing samples and results to disk ...
15:37:14 [ultranest] [INFO] Writing samples and results to disk ... done
15:37:14 [ultranest] [DEBUG] did a run_iter pass!
15:37:14 [ultranest] [INFO]   logZ = -1.67e+05 +- 0.1246
15:37:14 [ultranest] [INFO] Effective samples strategy satisfied (ESS = 1535.9, need >400)
15:37:14 [ultranest] [INFO] Posterior uncertainty strategy is satisfied (KL: 0.47+-0.06 nat, need <0.50 nat)
15:37:14 [ultranest] [INFO] Evidency uncertainty strategy is satisfied (dlogz=0.13, need <0.5)
15:37:14 [ultranest] [INFO]   logZ error budget: single: 0.15 bs:0.12 tail:0.01 total:0.13 required:<0.50
15:37:14 [ultranest] [INFO] done iterating.
15:37:14 [ultranest] [DEBUG] Making corner plot ...
15:37:15 [ultranest] [DEBUG] Making corner plot ... done
15:37:15 [ultranest] [DEBUG] Making run plot ... 
15:37:15 [ultranest] [DEBUG] Making run plot ... done
15:37:15 [ultranest] [DEBUG] Making trace plot ... 
15:37:16 [ultranest] [DEBUG] Making trace plot ... done
