12:04:31 [ultranest] [DEBUG] ReactiveNestedSampler: dims=2+0, resume=False, log_dir=./m-values/N24/S16/M24/T029/P02/NF2/sample_rho, backend=hdf5, vectorized=False, nbootstraps=30, ndraw=128..65536
12:04:31 [ultranest] [INFO] Sampling 400 live points from prior ...
12:04:32 [ultranest] [DEBUG] run_iter dlogz=0.5, dKL=0.5, frac_remain=0.01, Lepsilon=0.0010, min_ess=400
12:04:32 [ultranest] [DEBUG] max_iters=-1, max_ncalls=-1, max_num_improvement_loops=-1, min_num_live_points=400, cluster_num_live_points=40
12:04:32 [ultranest] [DEBUG] minimal_widths_sequence: [(-inf, 400.0), (inf, 400.0)]
12:04:32 [ultranest] [DEBUG] Plateau detected at L=-1.381551e+07, not replacing live point.
12:04:32 [ultranest] [DEBUG] Plateau detected at L=-1.381551e+07, not replacing live point.
12:04:32 [ultranest] [DEBUG] Plateau detected at L=-1.381551e+07, not replacing live point.
12:04:32 [ultranest] [DEBUG] Plateau detected at L=-1.381551e+07, not replacing live point.
12:04:32 [ultranest] [DEBUG] Plateau detected at L=-1.381551e+07, not replacing live point.
12:04:32 [ultranest] [DEBUG] Plateau detected at L=-1.381551e+07, not replacing live point.
12:04:32 [ultranest] [DEBUG] Plateau detected at L=-1.381551e+07, not replacing live point.
12:04:32 [ultranest] [DEBUG] Plateau detected at L=-1.381551e+07, not replacing live point.
12:04:32 [ultranest] [DEBUG] Plateau detected at L=-1.381551e+07, not replacing live point.
12:04:32 [ultranest] [DEBUG] Plateau detected at L=-1.381551e+07, not replacing live point.
12:04:32 [ultranest] [DEBUG] Plateau detected at L=-1.381551e+07, not replacing live point.
12:04:32 [ultranest] [DEBUG] Plateau detected at L=-1.381551e+07, not replacing live point.
12:04:32 [ultranest] [DEBUG] Plateau detected at L=-1.381551e+07, not replacing live point.
12:04:32 [ultranest] [DEBUG] Plateau detected at L=-1.381551e+07, not replacing live point.
12:04:32 [ultranest] [DEBUG] Plateau detected at L=-1.381551e+07, not replacing live point.
12:04:32 [ultranest] [DEBUG] Plateau detected at L=-1.381551e+07, not replacing live point.
12:04:32 [ultranest] [DEBUG] Plateau detected at L=-1.381551e+07, not replacing live point.
12:04:32 [ultranest] [DEBUG] Plateau detected at L=-1.381551e+07, not replacing live point.
12:04:32 [ultranest] [DEBUG] Plateau detected at L=-1.381551e+07, not replacing live point.
12:04:32 [ultranest] [DEBUG] Plateau detected at L=-1.381551e+07, not replacing live point.
12:04:32 [ultranest] [DEBUG] Plateau detected at L=-1.381551e+07, not replacing live point.
12:04:32 [ultranest] [DEBUG] Plateau detected at L=-1.381551e+07, not replacing live point.
12:04:32 [ultranest] [DEBUG] iteration=22, ncalls=401, regioncalls=40, ndraw=40, logz=-13815513.46, remainder_fraction=100.0000%, Lmin=-13815510.56, Lmax=-107728.64
12:04:32 [ultranest] [DEBUG] iteration=40, ncalls=420, regioncalls=800, ndraw=40, logz=-125466.71, remainder_fraction=100.0000%, Lmin=-125004.99, Lmax=-107728.64
12:04:32 [ultranest] [DEBUG] iteration=75, ncalls=457, regioncalls=2280, ndraw=40, logz=-121496.89, remainder_fraction=100.0000%, Lmin=-121437.74, Lmax=-107728.64
12:04:32 [ultranest] [DEBUG] iteration=80, ncalls=463, regioncalls=2520, ndraw=40, logz=-121310.17, remainder_fraction=100.0000%, Lmin=-121301.05, Lmax=-107728.64
12:04:32 [ultranest] [DEBUG] iteration=107, ncalls=495, regioncalls=3800, ndraw=40, logz=-119848.53, remainder_fraction=100.0000%, Lmin=-119682.66, Lmax=-107728.64
12:04:32 [ultranest] [DEBUG] iteration=120, ncalls=510, regioncalls=4400, ndraw=40, logz=-118960.40, remainder_fraction=100.0000%, Lmin=-118693.12, Lmax=-107728.64
12:04:32 [ultranest] [DEBUG] iteration=151, ncalls=549, regioncalls=5960, ndraw=40, logz=-117330.42, remainder_fraction=100.0000%, Lmin=-117290.53, Lmax=-107728.64
12:04:33 [ultranest] [DEBUG] iteration=160, ncalls=561, regioncalls=6440, ndraw=40, logz=-116946.99, remainder_fraction=100.0000%, Lmin=-116908.52, Lmax=-107728.64
12:04:33 [ultranest] [DEBUG] iteration=192, ncalls=600, regioncalls=8000, ndraw=40, logz=-115958.50, remainder_fraction=100.0000%, Lmin=-115923.04, Lmax=-107728.64
12:04:33 [ultranest] [DEBUG] iteration=200, ncalls=608, regioncalls=8320, ndraw=40, logz=-115662.79, remainder_fraction=100.0000%, Lmin=-115643.68, Lmax=-107728.64
12:04:33 [ultranest] [DEBUG] iteration=235, ncalls=646, regioncalls=9840, ndraw=40, logz=-114811.29, remainder_fraction=100.0000%, Lmin=-114793.42, Lmax=-107728.64
12:04:33 [ultranest] [DEBUG] iteration=240, ncalls=653, regioncalls=10120, ndraw=40, logz=-114712.98, remainder_fraction=100.0000%, Lmin=-114699.56, Lmax=-107728.64
12:04:33 [ultranest] [DEBUG] iteration=271, ncalls=692, regioncalls=11680, ndraw=40, logz=-114023.70, remainder_fraction=100.0000%, Lmin=-113997.60, Lmax=-107728.64
12:04:33 [ultranest] [DEBUG] iteration=277, ncalls=700, regioncalls=12000, ndraw=40, logz=-113943.75, remainder_fraction=100.0000%, Lmin=-113936.93, Lmax=-107728.64
12:04:33 [ultranest] [DEBUG] iteration=280, ncalls=703, regioncalls=12120, ndraw=40, logz=-113916.92, remainder_fraction=100.0000%, Lmin=-113895.55, Lmax=-107728.64
12:04:33 [ultranest] [DEBUG] iteration=311, ncalls=742, regioncalls=13680, ndraw=40, logz=-113215.89, remainder_fraction=100.0000%, Lmin=-113178.97, Lmax=-107728.64
12:04:33 [ultranest] [DEBUG] iteration=320, ncalls=756, regioncalls=14240, ndraw=40, logz=-113022.68, remainder_fraction=100.0000%, Lmin=-113006.16, Lmax=-107728.64
12:04:33 [ultranest] [DEBUG] iteration=350, ncalls=797, regioncalls=15880, ndraw=40, logz=-112609.12, remainder_fraction=100.0000%, Lmin=-112601.71, Lmax=-107728.64
12:04:33 [ultranest] [DEBUG] iteration=360, ncalls=807, regioncalls=16280, ndraw=40, logz=-112451.74, remainder_fraction=100.0000%, Lmin=-112435.64, Lmax=-107728.64
12:04:33 [ultranest] [DEBUG] iteration=362, ncalls=809, regioncalls=16360, ndraw=40, logz=-112424.16, remainder_fraction=100.0000%, Lmin=-112412.76, Lmax=-107728.64
12:04:33 [ultranest] [DEBUG] iteration=389, ncalls=849, regioncalls=17960, ndraw=40, logz=-111955.15, remainder_fraction=100.0000%, Lmin=-111943.55, Lmax=-107728.64
12:04:33 [ultranest] [DEBUG] iteration=400, ncalls=868, regioncalls=18720, ndraw=40, logz=-111839.10, remainder_fraction=100.0000%, Lmin=-111828.45, Lmax=-107728.64
12:04:33 [ultranest] [DEBUG] iteration=427, ncalls=908, regioncalls=20320, ndraw=40, logz=-111502.54, remainder_fraction=100.0000%, Lmin=-111486.27, Lmax=-107728.64
12:04:33 [ultranest] [DEBUG] iteration=440, ncalls=924, regioncalls=20960, ndraw=40, logz=-111321.15, remainder_fraction=100.0000%, Lmin=-111299.45, Lmax=-107728.64
12:04:34 [ultranest] [DEBUG] iteration=447, ncalls=935, regioncalls=21400, ndraw=40, logz=-111255.23, remainder_fraction=100.0000%, Lmin=-111239.93, Lmax=-107728.64
12:04:34 [ultranest] [DEBUG] iteration=477, ncalls=976, regioncalls=23040, ndraw=40, logz=-110944.85, remainder_fraction=100.0000%, Lmin=-110932.42, Lmax=-107728.64
12:04:34 [ultranest] [DEBUG] iteration=480, ncalls=982, regioncalls=23280, ndraw=40, logz=-110913.83, remainder_fraction=100.0000%, Lmin=-110901.97, Lmax=-107728.64
12:04:34 [ultranest] [DEBUG] iteration=509, ncalls=1021, regioncalls=24840, ndraw=40, logz=-110574.18, remainder_fraction=100.0000%, Lmin=-110557.47, Lmax=-107728.64
12:04:34 [ultranest] [DEBUG] iteration=520, ncalls=1035, regioncalls=25400, ndraw=40, logz=-110457.36, remainder_fraction=100.0000%, Lmin=-110448.96, Lmax=-107728.64
12:04:34 [ultranest] [DEBUG] iteration=532, ncalls=1053, regioncalls=26120, ndraw=40, logz=-110375.02, remainder_fraction=100.0000%, Lmin=-110353.08, Lmax=-107728.64
12:04:34 [ultranest] [DEBUG] iteration=560, ncalls=1091, regioncalls=27640, ndraw=40, logz=-110133.13, remainder_fraction=100.0000%, Lmin=-110121.08, Lmax=-107728.64
12:04:34 [ultranest] [DEBUG] iteration=590, ncalls=1130, regioncalls=29200, ndraw=40, logz=-109898.15, remainder_fraction=100.0000%, Lmin=-109885.32, Lmax=-107728.64
12:04:34 [ultranest] [DEBUG] iteration=600, ncalls=1144, regioncalls=29760, ndraw=40, logz=-109850.93, remainder_fraction=100.0000%, Lmin=-109824.50, Lmax=-107728.64
12:04:34 [ultranest] [DEBUG] iteration=617, ncalls=1166, regioncalls=30640, ndraw=40, logz=-109725.67, remainder_fraction=100.0000%, Lmin=-109716.57, Lmax=-107728.64
12:04:34 [ultranest] [DEBUG] iteration=640, ncalls=1192, regioncalls=31680, ndraw=40, logz=-109600.72, remainder_fraction=100.0000%, Lmin=-109590.02, Lmax=-107728.64
12:04:34 [ultranest] [DEBUG] iteration=670, ncalls=1232, regioncalls=33280, ndraw=40, logz=-109399.98, remainder_fraction=100.0000%, Lmin=-109389.93, Lmax=-107728.64
12:04:34 [ultranest] [DEBUG] iteration=680, ncalls=1245, regioncalls=33800, ndraw=40, logz=-109364.41, remainder_fraction=100.0000%, Lmin=-109348.64, Lmax=-107728.64
12:04:34 [ultranest] [DEBUG] iteration=702, ncalls=1273, regioncalls=34920, ndraw=40, logz=-109227.62, remainder_fraction=100.0000%, Lmin=-109211.52, Lmax=-107728.58
12:04:34 [ultranest] [DEBUG] iteration=720, ncalls=1294, regioncalls=35760, ndraw=40, logz=-109167.75, remainder_fraction=100.0000%, Lmin=-109149.73, Lmax=-107727.07
12:04:35 [ultranest] [DEBUG] iteration=752, ncalls=1333, regioncalls=37320, ndraw=40, logz=-109010.43, remainder_fraction=100.0000%, Lmin=-108997.32, Lmax=-107727.07
12:04:35 [ultranest] [DEBUG] iteration=760, ncalls=1342, regioncalls=37680, ndraw=40, logz=-108974.19, remainder_fraction=100.0000%, Lmin=-108966.20, Lmax=-107727.07
12:04:35 [ultranest] [DEBUG] iteration=787, ncalls=1375, regioncalls=39000, ndraw=40, logz=-108875.26, remainder_fraction=100.0000%, Lmin=-108864.92, Lmax=-107727.07
12:04:35 [ultranest] [DEBUG] iteration=800, ncalls=1392, regioncalls=39680, ndraw=40, logz=-108851.95, remainder_fraction=100.0000%, Lmin=-108844.13, Lmax=-107727.07
12:04:35 [ultranest] [DEBUG] iteration=832, ncalls=1431, regioncalls=41240, ndraw=40, logz=-108762.71, remainder_fraction=100.0000%, Lmin=-108741.69, Lmax=-107727.07
12:04:35 [ultranest] [DEBUG] iteration=840, ncalls=1440, regioncalls=41600, ndraw=40, logz=-108736.14, remainder_fraction=100.0000%, Lmin=-108726.98, Lmax=-107727.07
12:04:35 [ultranest] [DEBUG] iteration=872, ncalls=1479, regioncalls=43160, ndraw=40, logz=-108635.57, remainder_fraction=100.0000%, Lmin=-108625.21, Lmax=-107727.07
12:04:35 [ultranest] [DEBUG] iteration=880, ncalls=1487, regioncalls=43480, ndraw=40, logz=-108606.71, remainder_fraction=100.0000%, Lmin=-108594.79, Lmax=-107727.07
12:04:35 [ultranest] [DEBUG] iteration=912, ncalls=1527, regioncalls=45080, ndraw=40, logz=-108528.88, remainder_fraction=100.0000%, Lmin=-108520.05, Lmax=-107727.07
12:04:35 [ultranest] [DEBUG] iteration=920, ncalls=1541, regioncalls=45640, ndraw=40, logz=-108517.76, remainder_fraction=100.0000%, Lmin=-108509.71, Lmax=-107727.07
12:04:35 [ultranest] [DEBUG] iteration=950, ncalls=1580, regioncalls=47200, ndraw=40, logz=-108472.11, remainder_fraction=100.0000%, Lmin=-108463.63, Lmax=-107727.07
12:04:35 [ultranest] [DEBUG] iteration=957, ncalls=1587, regioncalls=47480, ndraw=40, logz=-108458.84, remainder_fraction=100.0000%, Lmin=-108448.37, Lmax=-107727.07
12:04:35 [ultranest] [DEBUG] iteration=960, ncalls=1590, regioncalls=47600, ndraw=40, logz=-108451.54, remainder_fraction=100.0000%, Lmin=-108442.72, Lmax=-107727.07
12:04:35 [ultranest] [DEBUG] iteration=993, ncalls=1628, regioncalls=49160, ndraw=40, logz=-108390.29, remainder_fraction=100.0000%, Lmin=-108381.79, Lmax=-107727.07
12:04:35 [ultranest] [DEBUG] iteration=1000, ncalls=1637, regioncalls=49520, ndraw=40, logz=-108382.41, remainder_fraction=100.0000%, Lmin=-108373.40, Lmax=-107727.07
12:04:35 [ultranest] [DEBUG] iteration=1031, ncalls=1676, regioncalls=51080, ndraw=40, logz=-108332.62, remainder_fraction=100.0000%, Lmin=-108323.94, Lmax=-107727.07
12:04:36 [ultranest] [DEBUG] iteration=1040, ncalls=1688, regioncalls=51560, ndraw=40, logz=-108321.99, remainder_fraction=100.0000%, Lmin=-108314.12, Lmax=-107727.07
12:04:36 [ultranest] [DEBUG] clustering found some stray points [need_accept=False] (array([1, 2]), array([377,   1]))
12:04:36 [ultranest] [DEBUG] iteration=1069, ncalls=1724, regioncalls=53000, ndraw=40, logz=-108264.45, remainder_fraction=100.0000%, Lmin=-108251.02, Lmax=-107727.07
12:04:36 [ultranest] [DEBUG] iteration=1080, ncalls=1740, regioncalls=53640, ndraw=40, logz=-108253.36, remainder_fraction=100.0000%, Lmin=-108243.95, Lmax=-107727.07
12:04:36 [ultranest] [DEBUG] iteration=1105, ncalls=1778, regioncalls=55160, ndraw=40, logz=-108220.98, remainder_fraction=100.0000%, Lmin=-108209.47, Lmax=-107727.07
12:04:36 [ultranest] [DEBUG] iteration=1120, ncalls=1794, regioncalls=55800, ndraw=40, logz=-108197.34, remainder_fraction=100.0000%, Lmin=-108188.63, Lmax=-107727.07
12:04:36 [ultranest] [DEBUG] iteration=1127, ncalls=1802, regioncalls=56120, ndraw=40, logz=-108186.32, remainder_fraction=100.0000%, Lmin=-108177.55, Lmax=-107727.07
12:04:36 [ultranest] [DEBUG] iteration=1160, ncalls=1840, regioncalls=57680, ndraw=40, logz=-108149.06, remainder_fraction=100.0000%, Lmin=-108140.07, Lmax=-107727.07
12:04:36 [ultranest] [DEBUG] iteration=1190, ncalls=1880, regioncalls=59320, ndraw=40, logz=-108112.43, remainder_fraction=100.0000%, Lmin=-108103.14, Lmax=-107727.07
12:04:36 [ultranest] [DEBUG] iteration=1200, ncalls=1893, regioncalls=59840, ndraw=40, logz=-108104.24, remainder_fraction=100.0000%, Lmin=-108094.51, Lmax=-107727.07
12:04:36 [ultranest] [DEBUG] iteration=1212, ncalls=1911, regioncalls=60560, ndraw=40, logz=-108086.18, remainder_fraction=100.0000%, Lmin=-108077.37, Lmax=-107727.07
12:04:36 [ultranest] [DEBUG] iteration=1239, ncalls=1950, regioncalls=62160, ndraw=40, logz=-108062.89, remainder_fraction=100.0000%, Lmin=-108054.82, Lmax=-107724.38
12:04:36 [ultranest] [DEBUG] iteration=1240, ncalls=1952, regioncalls=62240, ndraw=40, logz=-108062.62, remainder_fraction=100.0000%, Lmin=-108054.32, Lmax=-107724.38
12:04:36 [ultranest] [DEBUG] iteration=1270, ncalls=1991, regioncalls=63840, ndraw=40, logz=-108047.63, remainder_fraction=100.0000%, Lmin=-108038.17, Lmax=-107724.38
12:04:36 [ultranest] [DEBUG] iteration=1280, ncalls=2003, regioncalls=64320, ndraw=40, logz=-108041.63, remainder_fraction=100.0000%, Lmin=-108033.27, Lmax=-107724.38
12:04:36 [ultranest] [DEBUG] iteration=1297, ncalls=2022, regioncalls=65080, ndraw=40, logz=-108029.45, remainder_fraction=100.0000%, Lmin=-108021.06, Lmax=-107724.20
12:04:36 [ultranest] [DEBUG] iteration=1320, ncalls=2048, regioncalls=66160, ndraw=40, logz=-108008.80, remainder_fraction=100.0000%, Lmin=-108000.49, Lmax=-107724.20
12:04:37 [ultranest] [DEBUG] iteration=1349, ncalls=2089, regioncalls=67800, ndraw=40, logz=-107988.58, remainder_fraction=100.0000%, Lmin=-107978.52, Lmax=-107724.20
12:04:37 [ultranest] [DEBUG] iteration=1360, ncalls=2101, regioncalls=68280, ndraw=40, logz=-107980.93, remainder_fraction=100.0000%, Lmin=-107971.82, Lmax=-107724.20
12:04:37 [ultranest] [DEBUG] iteration=1386, ncalls=2138, regioncalls=69760, ndraw=40, logz=-107964.89, remainder_fraction=100.0000%, Lmin=-107956.04, Lmax=-107724.20
12:04:37 [ultranest] [DEBUG] iteration=1400, ncalls=2159, regioncalls=70600, ndraw=40, logz=-107955.60, remainder_fraction=100.0000%, Lmin=-107947.06, Lmax=-107724.20
12:04:37 [ultranest] [DEBUG] iteration=1429, ncalls=2198, regioncalls=72160, ndraw=40, logz=-107936.27, remainder_fraction=100.0000%, Lmin=-107926.38, Lmax=-107724.20
12:04:37 [ultranest] [DEBUG] iteration=1440, ncalls=2216, regioncalls=72880, ndraw=40, logz=-107931.68, remainder_fraction=100.0000%, Lmin=-107922.60, Lmax=-107724.20
12:04:37 [ultranest] [DEBUG] iteration=1467, ncalls=2251, regioncalls=74280, ndraw=40, logz=-107918.58, remainder_fraction=100.0000%, Lmin=-107908.89, Lmax=-107724.20
12:04:37 [ultranest] [DEBUG] iteration=1480, ncalls=2268, regioncalls=75000, ndraw=40, logz=-107909.82, remainder_fraction=100.0000%, Lmin=-107900.12, Lmax=-107724.20
12:04:37 [ultranest] [DEBUG] iteration=1512, ncalls=2304, regioncalls=76440, ndraw=40, logz=-107896.90, remainder_fraction=100.0000%, Lmin=-107887.92, Lmax=-107724.20
12:04:37 [ultranest] [DEBUG] iteration=1520, ncalls=2313, regioncalls=76800, ndraw=40, logz=-107894.29, remainder_fraction=100.0000%, Lmin=-107884.76, Lmax=-107724.20
12:04:37 [ultranest] [DEBUG] iteration=1550, ncalls=2353, regioncalls=78400, ndraw=40, logz=-107880.79, remainder_fraction=100.0000%, Lmin=-107870.82, Lmax=-107723.04
12:04:37 [ultranest] [DEBUG] iteration=1552, ncalls=2356, regioncalls=78520, ndraw=40, logz=-107879.71, remainder_fraction=100.0000%, Lmin=-107869.96, Lmax=-107723.04
12:04:37 [ultranest] [DEBUG] iteration=1560, ncalls=2365, regioncalls=78920, ndraw=40, logz=-107876.19, remainder_fraction=100.0000%, Lmin=-107867.23, Lmax=-107723.04
12:04:37 [ultranest] [DEBUG] iteration=1592, ncalls=2404, regioncalls=80480, ndraw=40, logz=-107865.82, remainder_fraction=100.0000%, Lmin=-107856.73, Lmax=-107723.04
12:04:37 [ultranest] [DEBUG] iteration=1600, ncalls=2414, regioncalls=80880, ndraw=40, logz=-107863.86, remainder_fraction=100.0000%, Lmin=-107855.09, Lmax=-107723.04
12:04:38 [ultranest] [DEBUG] iteration=1630, ncalls=2453, regioncalls=82440, ndraw=40, logz=-107856.00, remainder_fraction=100.0000%, Lmin=-107846.56, Lmax=-107723.04
12:04:38 [ultranest] [DEBUG] iteration=1637, ncalls=2462, regioncalls=82840, ndraw=40, logz=-107853.39, remainder_fraction=100.0000%, Lmin=-107843.81, Lmax=-107723.04
12:04:38 [ultranest] [DEBUG] iteration=1640, ncalls=2469, regioncalls=83160, ndraw=40, logz=-107851.90, remainder_fraction=100.0000%, Lmin=-107842.65, Lmax=-107723.04
12:04:38 [ultranest] [DEBUG] iteration=1671, ncalls=2507, regioncalls=84680, ndraw=40, logz=-107841.92, remainder_fraction=100.0000%, Lmin=-107832.16, Lmax=-107723.04
12:04:38 [ultranest] [DEBUG] iteration=1680, ncalls=2517, regioncalls=85080, ndraw=40, logz=-107838.13, remainder_fraction=100.0000%, Lmin=-107829.13, Lmax=-107723.04
12:04:38 [ultranest] [DEBUG] iteration=1709, ncalls=2556, regioncalls=86640, ndraw=40, logz=-107830.02, remainder_fraction=100.0000%, Lmin=-107820.81, Lmax=-107723.04
12:04:38 [ultranest] [DEBUG] iteration=1720, ncalls=2572, regioncalls=87280, ndraw=40, logz=-107827.98, remainder_fraction=100.0000%, Lmin=-107818.69, Lmax=-107723.04
12:04:38 [ultranest] [DEBUG] iteration=1722, ncalls=2575, regioncalls=87400, ndraw=40, logz=-107827.49, remainder_fraction=100.0000%, Lmin=-107817.68, Lmax=-107723.04
12:04:38 [ultranest] [DEBUG] iteration=1750, ncalls=2613, regioncalls=89000, ndraw=40, logz=-107821.43, remainder_fraction=100.0000%, Lmin=-107812.51, Lmax=-107723.04
12:04:38 [ultranest] [DEBUG] iteration=1760, ncalls=2625, regioncalls=89480, ndraw=40, logz=-107819.63, remainder_fraction=100.0000%, Lmin=-107810.85, Lmax=-107723.04
12:04:38 [ultranest] [DEBUG] iteration=1785, ncalls=2664, regioncalls=91080, ndraw=40, logz=-107814.44, remainder_fraction=100.0000%, Lmin=-107805.40, Lmax=-107723.04
12:04:38 [ultranest] [DEBUG] iteration=1800, ncalls=2684, regioncalls=91880, ndraw=40, logz=-107810.97, remainder_fraction=100.0000%, Lmin=-107801.22, Lmax=-107723.04
12:04:38 [ultranest] [DEBUG] iteration=1827, ncalls=2720, regioncalls=93320, ndraw=40, logz=-107805.21, remainder_fraction=100.0000%, Lmin=-107795.85, Lmax=-107723.04
12:04:38 [ultranest] [DEBUG] iteration=1840, ncalls=2735, regioncalls=93920, ndraw=40, logz=-107801.86, remainder_fraction=100.0000%, Lmin=-107792.35, Lmax=-107723.04
12:04:38 [ultranest] [DEBUG] iteration=1868, ncalls=2774, regioncalls=95480, ndraw=40, logz=-107797.47, remainder_fraction=100.0000%, Lmin=-107788.53, Lmax=-107723.04
12:04:39 [ultranest] [DEBUG] iteration=1880, ncalls=2791, regioncalls=96160, ndraw=40, logz=-107796.07, remainder_fraction=100.0000%, Lmin=-107787.19, Lmax=-107722.73
12:04:39 [ultranest] [DEBUG] iteration=1904, ncalls=2830, regioncalls=97720, ndraw=40, logz=-107793.41, remainder_fraction=100.0000%, Lmin=-107784.83, Lmax=-107722.73
12:04:39 [ultranest] [DEBUG] iteration=1920, ncalls=2850, regioncalls=98520, ndraw=40, logz=-107791.51, remainder_fraction=100.0000%, Lmin=-107782.53, Lmax=-107722.73
12:04:39 [ultranest] [DEBUG] iteration=1948, ncalls=2890, regioncalls=100120, ndraw=40, logz=-107786.79, remainder_fraction=100.0000%, Lmin=-107777.04, Lmax=-107722.73
12:04:39 [ultranest] [DEBUG] iteration=1960, ncalls=2906, regioncalls=100760, ndraw=40, logz=-107784.92, remainder_fraction=100.0000%, Lmin=-107775.68, Lmax=-107722.73
12:04:39 [ultranest] [DEBUG] iteration=1977, ncalls=2932, regioncalls=101840, ndraw=40, logz=-107782.58, remainder_fraction=100.0000%, Lmin=-107773.65, Lmax=-107722.73
12:04:39 [ultranest] [DEBUG] iteration=2000, ncalls=2956, regioncalls=102800, ndraw=40, logz=-107779.44, remainder_fraction=100.0000%, Lmin=-107770.19, Lmax=-107722.73
12:04:39 [ultranest] [DEBUG] iteration=2032, ncalls=2994, regioncalls=104360, ndraw=40, logz=-107775.53, remainder_fraction=100.0000%, Lmin=-107766.44, Lmax=-107722.73
12:04:39 [ultranest] [DEBUG] iteration=2040, ncalls=3005, regioncalls=104800, ndraw=40, logz=-107774.66, remainder_fraction=100.0000%, Lmin=-107765.55, Lmax=-107722.73
12:04:39 [ultranest] [DEBUG] iteration=2068, ncalls=3041, regioncalls=106240, ndraw=40, logz=-107771.66, remainder_fraction=100.0000%, Lmin=-107762.21, Lmax=-107722.73
12:04:39 [ultranest] [DEBUG] iteration=2080, ncalls=3061, regioncalls=107040, ndraw=40, logz=-107770.41, remainder_fraction=100.0000%, Lmin=-107761.41, Lmax=-107722.73
12:04:39 [ultranest] [DEBUG] iteration=2112, ncalls=3099, regioncalls=108560, ndraw=40, logz=-107766.45, remainder_fraction=100.0000%, Lmin=-107757.21, Lmax=-107722.73
12:04:39 [ultranest] [DEBUG] iteration=2120, ncalls=3113, regioncalls=109120, ndraw=40, logz=-107765.66, remainder_fraction=100.0000%, Lmin=-107756.30, Lmax=-107722.73
12:04:39 [ultranest] [DEBUG] iteration=2147, ncalls=3153, regioncalls=110760, ndraw=40, logz=-107763.15, remainder_fraction=100.0000%, Lmin=-107753.90, Lmax=-107722.73
12:04:40 [ultranest] [DEBUG] iteration=2160, ncalls=3167, regioncalls=111320, ndraw=40, logz=-107762.00, remainder_fraction=100.0000%, Lmin=-107752.57, Lmax=-107722.73
12:04:40 [ultranest] [DEBUG] iteration=2190, ncalls=3206, regioncalls=112920, ndraw=40, logz=-107759.83, remainder_fraction=100.0000%, Lmin=-107750.59, Lmax=-107722.73
12:04:40 [ultranest] [DEBUG] iteration=2200, ncalls=3222, regioncalls=113560, ndraw=40, logz=-107759.05, remainder_fraction=100.0000%, Lmin=-107749.95, Lmax=-107722.73
12:04:40 [ultranest] [DEBUG] iteration=2228, ncalls=3262, regioncalls=115160, ndraw=40, logz=-107756.91, remainder_fraction=100.0000%, Lmin=-107747.92, Lmax=-107722.73
12:04:40 [ultranest] [DEBUG] iteration=2232, ncalls=3267, regioncalls=115440, ndraw=40, logz=-107756.69, remainder_fraction=100.0000%, Lmin=-107747.79, Lmax=-107722.73
12:04:40 [ultranest] [DEBUG] iteration=2240, ncalls=3276, regioncalls=115800, ndraw=40, logz=-107756.27, remainder_fraction=100.0000%, Lmin=-107747.22, Lmax=-107722.73
12:04:40 [ultranest] [DEBUG] iteration=2271, ncalls=3314, regioncalls=117440, ndraw=40, logz=-107754.40, remainder_fraction=100.0000%, Lmin=-107745.34, Lmax=-107722.73
12:04:40 [ultranest] [DEBUG] iteration=2280, ncalls=3324, regioncalls=117840, ndraw=40, logz=-107753.98, remainder_fraction=100.0000%, Lmin=-107745.24, Lmax=-107722.73
12:04:40 [ultranest] [DEBUG] iteration=2307, ncalls=3362, regioncalls=119360, ndraw=40, logz=-107752.73, remainder_fraction=100.0000%, Lmin=-107743.91, Lmax=-107722.73
12:04:40 [ultranest] [DEBUG] iteration=2317, ncalls=3375, regioncalls=119920, ndraw=40, logz=-107752.35, remainder_fraction=100.0000%, Lmin=-107743.46, Lmax=-107722.73
12:04:40 [ultranest] [DEBUG] iteration=2320, ncalls=3378, regioncalls=120080, ndraw=40, logz=-107752.22, remainder_fraction=100.0000%, Lmin=-107743.22, Lmax=-107722.73
12:04:40 [ultranest] [DEBUG] iteration=2351, ncalls=3416, regioncalls=121600, ndraw=40, logz=-107750.77, remainder_fraction=100.0000%, Lmin=-107741.51, Lmax=-107722.73
12:04:40 [ultranest] [DEBUG] iteration=2360, ncalls=3426, regioncalls=122000, ndraw=40, logz=-107750.28, remainder_fraction=100.0000%, Lmin=-107740.91, Lmax=-107722.73
12:04:40 [ultranest] [DEBUG] iteration=2389, ncalls=3466, regioncalls=123600, ndraw=40, logz=-107748.76, remainder_fraction=100.0000%, Lmin=-107739.62, Lmax=-107722.73
12:04:40 [ultranest] [DEBUG] iteration=2400, ncalls=3488, regioncalls=124480, ndraw=40, logz=-107748.22, remainder_fraction=100.0000%, Lmin=-107738.94, Lmax=-107722.73
12:04:40 [ultranest] [DEBUG] iteration=2402, ncalls=3491, regioncalls=124640, ndraw=40, logz=-107748.12, remainder_fraction=100.0000%, Lmin=-107738.89, Lmax=-107722.73
12:04:40 [ultranest] [DEBUG] iteration=2435, ncalls=3530, regioncalls=126200, ndraw=40, logz=-107746.71, remainder_fraction=100.0000%, Lmin=-107737.38, Lmax=-107722.73
12:04:41 [ultranest] [DEBUG] iteration=2440, ncalls=3535, regioncalls=126400, ndraw=40, logz=-107746.47, remainder_fraction=100.0000%, Lmin=-107737.14, Lmax=-107722.73
12:04:41 [ultranest] [DEBUG] iteration=2469, ncalls=3574, regioncalls=127960, ndraw=40, logz=-107745.27, remainder_fraction=99.9999%, Lmin=-107736.03, Lmax=-107722.73
12:04:41 [ultranest] [DEBUG] iteration=2480, ncalls=3588, regioncalls=128520, ndraw=40, logz=-107744.83, remainder_fraction=99.9998%, Lmin=-107735.56, Lmax=-107722.73
12:04:41 [ultranest] [DEBUG] iteration=2487, ncalls=3599, regioncalls=129000, ndraw=40, logz=-107744.56, remainder_fraction=99.9997%, Lmin=-107735.26, Lmax=-107722.73
12:04:41 [ultranest] [DEBUG] iteration=2520, ncalls=3637, regioncalls=130520, ndraw=40, logz=-107743.50, remainder_fraction=99.9991%, Lmin=-107734.45, Lmax=-107722.73
12:04:41 [ultranest] [DEBUG] iteration=2549, ncalls=3678, regioncalls=132160, ndraw=40, logz=-107742.59, remainder_fraction=99.9979%, Lmin=-107733.43, Lmax=-107722.73
12:04:41 [ultranest] [DEBUG] iteration=2560, ncalls=3696, regioncalls=132880, ndraw=40, logz=-107742.28, remainder_fraction=99.9972%, Lmin=-107733.21, Lmax=-107722.73
12:04:41 [ultranest] [DEBUG] iteration=2572, ncalls=3717, regioncalls=133760, ndraw=40, logz=-107741.95, remainder_fraction=99.9962%, Lmin=-107732.79, Lmax=-107722.73
12:04:41 [ultranest] [DEBUG] iteration=2600, ncalls=3747, regioncalls=134960, ndraw=40, logz=-107741.27, remainder_fraction=99.9922%, Lmin=-107732.27, Lmax=-107722.73
12:04:41 [ultranest] [DEBUG] iteration=2628, ncalls=3787, regioncalls=136560, ndraw=40, logz=-107740.59, remainder_fraction=99.9847%, Lmin=-107731.37, Lmax=-107722.72
12:04:41 [ultranest] [DEBUG] iteration=2640, ncalls=3800, regioncalls=137080, ndraw=40, logz=-107740.30, remainder_fraction=99.9794%, Lmin=-107731.13, Lmax=-107722.72
12:04:41 [ultranest] [DEBUG] iteration=2657, ncalls=3821, regioncalls=137960, ndraw=40, logz=-107739.91, remainder_fraction=99.9700%, Lmin=-107730.77, Lmax=-107722.72
12:04:41 [ultranest] [DEBUG] iteration=2680, ncalls=3847, regioncalls=139000, ndraw=40, logz=-107739.39, remainder_fraction=99.9498%, Lmin=-107730.10, Lmax=-107722.72
12:04:41 [ultranest] [DEBUG] iteration=2710, ncalls=3887, regioncalls=140600, ndraw=40, logz=-107738.70, remainder_fraction=99.8972%, Lmin=-107729.47, Lmax=-107722.72
12:04:41 [ultranest] [DEBUG] iteration=2720, ncalls=3899, regioncalls=141080, ndraw=40, logz=-107738.50, remainder_fraction=99.8768%, Lmin=-107729.30, Lmax=-107722.72
12:04:42 [ultranest] [DEBUG] iteration=2742, ncalls=3928, regioncalls=142280, ndraw=40, logz=-107738.10, remainder_fraction=99.8148%, Lmin=-107729.00, Lmax=-107722.72
12:04:42 [ultranest] [DEBUG] iteration=2760, ncalls=3949, regioncalls=143120, ndraw=40, logz=-107737.82, remainder_fraction=99.7508%, Lmin=-107728.78, Lmax=-107722.72
12:04:42 [ultranest] [DEBUG] iteration=2790, ncalls=3988, regioncalls=144720, ndraw=40, logz=-107737.40, remainder_fraction=99.6169%, Lmin=-107728.40, Lmax=-107722.72
12:04:42 [ultranest] [DEBUG] iteration=2800, ncalls=4001, regioncalls=145240, ndraw=40, logz=-107737.27, remainder_fraction=99.5654%, Lmin=-107728.26, Lmax=-107722.72
12:04:42 [ultranest] [DEBUG] iteration=2827, ncalls=4035, regioncalls=146640, ndraw=40, logz=-107736.90, remainder_fraction=99.3813%, Lmin=-107727.80, Lmax=-107722.72
12:04:42 [ultranest] [DEBUG] iteration=2840, ncalls=4052, regioncalls=147320, ndraw=40, logz=-107736.74, remainder_fraction=99.2658%, Lmin=-107727.73, Lmax=-107722.72
12:04:42 [ultranest] [DEBUG] iteration=2872, ncalls=4091, regioncalls=148880, ndraw=40, logz=-107736.38, remainder_fraction=98.9581%, Lmin=-107727.27, Lmax=-107722.72
12:04:42 [ultranest] [DEBUG] iteration=2880, ncalls=4104, regioncalls=149400, ndraw=40, logz=-107736.28, remainder_fraction=98.8383%, Lmin=-107727.16, Lmax=-107722.72
12:04:42 [ultranest] [DEBUG] iteration=2909, ncalls=4144, regioncalls=151000, ndraw=40, logz=-107735.96, remainder_fraction=98.3729%, Lmin=-107726.87, Lmax=-107722.72
12:04:42 [ultranest] [DEBUG] iteration=2912, ncalls=4148, regioncalls=151240, ndraw=40, logz=-107735.93, remainder_fraction=98.3253%, Lmin=-107726.82, Lmax=-107722.72
12:04:42 [ultranest] [DEBUG] iteration=2920, ncalls=4159, regioncalls=151680, ndraw=40, logz=-107735.85, remainder_fraction=98.1560%, Lmin=-107726.73, Lmax=-107722.72
12:04:42 [ultranest] [DEBUG] iteration=2952, ncalls=4197, regioncalls=153200, ndraw=40, logz=-107735.52, remainder_fraction=97.4279%, Lmin=-107726.40, Lmax=-107722.72
12:04:42 [ultranest] [DEBUG] iteration=2960, ncalls=4205, regioncalls=153520, ndraw=40, logz=-107735.44, remainder_fraction=97.2420%, Lmin=-107726.33, Lmax=-107722.72
12:04:42 [ultranest] [DEBUG] iteration=2989, ncalls=4244, regioncalls=155080, ndraw=40, logz=-107735.17, remainder_fraction=96.3711%, Lmin=-107726.05, Lmax=-107722.72
12:04:42 [ultranest] [DEBUG] iteration=2997, ncalls=4255, regioncalls=155560, ndraw=40, logz=-107735.10, remainder_fraction=96.1633%, Lmin=-107726.00, Lmax=-107722.72
12:04:42 [ultranest] [DEBUG] iteration=3000, ncalls=4259, regioncalls=155720, ndraw=40, logz=-107735.08, remainder_fraction=96.0614%, Lmin=-107725.96, Lmax=-107722.72
12:04:43 [ultranest] [DEBUG] iteration=3034, ncalls=4299, regioncalls=157320, ndraw=40, logz=-107734.80, remainder_fraction=94.8933%, Lmin=-107725.70, Lmax=-107722.72
12:04:43 [ultranest] [DEBUG] iteration=3040, ncalls=4305, regioncalls=157560, ndraw=40, logz=-107734.76, remainder_fraction=94.6632%, Lmin=-107725.67, Lmax=-107722.72
12:04:43 [ultranest] [DEBUG] iteration=3066, ncalls=4345, regioncalls=159160, ndraw=40, logz=-107734.57, remainder_fraction=93.6570%, Lmin=-107725.47, Lmax=-107722.72
12:04:43 [ultranest] [DEBUG] iteration=3080, ncalls=4362, regioncalls=159840, ndraw=40, logz=-107734.47, remainder_fraction=92.9717%, Lmin=-107725.36, Lmax=-107722.72
12:04:43 [ultranest] [DEBUG] iteration=3082, ncalls=4364, regioncalls=159960, ndraw=40, logz=-107734.46, remainder_fraction=92.8993%, Lmin=-107725.35, Lmax=-107722.72
12:04:43 [ultranest] [DEBUG] iteration=3116, ncalls=4401, regioncalls=161480, ndraw=40, logz=-107734.23, remainder_fraction=91.1132%, Lmin=-107725.13, Lmax=-107722.72
12:04:43 [ultranest] [DEBUG] iteration=3120, ncalls=4406, regioncalls=161680, ndraw=40, logz=-107734.21, remainder_fraction=90.8917%, Lmin=-107725.11, Lmax=-107722.72
12:04:43 [ultranest] [DEBUG] iteration=3152, ncalls=4445, regioncalls=163240, ndraw=40, logz=-107734.02, remainder_fraction=88.9411%, Lmin=-107724.95, Lmax=-107722.72
12:04:43 [ultranest] [DEBUG] iteration=3160, ncalls=4455, regioncalls=163640, ndraw=40, logz=-107733.98, remainder_fraction=88.4620%, Lmin=-107724.92, Lmax=-107722.72
12:04:43 [ultranest] [DEBUG] iteration=3167, ncalls=4466, regioncalls=164120, ndraw=40, logz=-107733.94, remainder_fraction=87.9782%, Lmin=-107724.88, Lmax=-107722.72
12:04:43 [ultranest] [DEBUG] iteration=3199, ncalls=4504, regioncalls=165640, ndraw=40, logz=-107733.78, remainder_fraction=85.7678%, Lmin=-107724.68, Lmax=-107722.72
12:04:43 [ultranest] [DEBUG] iteration=3200, ncalls=4505, regioncalls=165680, ndraw=40, logz=-107733.77, remainder_fraction=85.6755%, Lmin=-107724.65, Lmax=-107722.72
12:04:43 [ultranest] [DEBUG] iteration=3230, ncalls=4543, regioncalls=167200, ndraw=40, logz=-107733.62, remainder_fraction=83.5751%, Lmin=-107724.49, Lmax=-107722.72
12:04:43 [ultranest] [DEBUG] iteration=3240, ncalls=4557, regioncalls=167760, ndraw=40, logz=-107733.58, remainder_fraction=82.7736%, Lmin=-107724.45, Lmax=-107722.72
12:04:43 [ultranest] [DEBUG] iteration=3252, ncalls=4577, regioncalls=168600, ndraw=40, logz=-107733.52, remainder_fraction=81.7934%, Lmin=-107724.39, Lmax=-107722.72
12:04:43 [ultranest] [DEBUG] iteration=3280, ncalls=4610, regioncalls=169920, ndraw=40, logz=-107733.40, remainder_fraction=79.3725%, Lmin=-107724.24, Lmax=-107722.72
12:04:43 [ultranest] [DEBUG] iteration=3309, ncalls=4649, regioncalls=171480, ndraw=40, logz=-107733.28, remainder_fraction=76.5812%, Lmin=-107724.14, Lmax=-107722.72
12:04:44 [ultranest] [DEBUG] iteration=3320, ncalls=4666, regioncalls=172160, ndraw=40, logz=-107733.24, remainder_fraction=75.5561%, Lmin=-107724.11, Lmax=-107722.72
12:04:44 [ultranest] [DEBUG] iteration=3337, ncalls=4691, regioncalls=173360, ndraw=40, logz=-107733.18, remainder_fraction=73.9260%, Lmin=-107724.03, Lmax=-107722.72
12:04:44 [ultranest] [DEBUG] iteration=3360, ncalls=4718, regioncalls=174440, ndraw=40, logz=-107733.10, remainder_fraction=71.8491%, Lmin=-107723.94, Lmax=-107722.72
12:04:44 [ultranest] [DEBUG] iteration=3393, ncalls=4755, regioncalls=175920, ndraw=40, logz=-107732.99, remainder_fraction=68.3694%, Lmin=-107723.85, Lmax=-107722.72
12:04:44 [ultranest] [DEBUG] iteration=3400, ncalls=4767, regioncalls=176400, ndraw=40, logz=-107732.97, remainder_fraction=67.6922%, Lmin=-107723.83, Lmax=-107722.72
12:04:44 [ultranest] [DEBUG] iteration=3422, ncalls=4802, regioncalls=177840, ndraw=40, logz=-107732.90, remainder_fraction=65.4824%, Lmin=-107723.75, Lmax=-107722.72
12:04:44 [ultranest] [DEBUG] iteration=3440, ncalls=4826, regioncalls=178800, ndraw=40, logz=-107732.85, remainder_fraction=63.7900%, Lmin=-107723.71, Lmax=-107722.72
12:04:44 [ultranest] [DEBUG] iteration=3472, ncalls=4865, regioncalls=180360, ndraw=40, logz=-107732.76, remainder_fraction=60.5321%, Lmin=-107723.62, Lmax=-107722.72
12:04:44 [ultranest] [DEBUG] iteration=3480, ncalls=4877, regioncalls=180840, ndraw=40, logz=-107732.74, remainder_fraction=59.7296%, Lmin=-107723.61, Lmax=-107722.72
12:04:44 [ultranest] [DEBUG] iteration=3507, ncalls=4914, regioncalls=182360, ndraw=40, logz=-107732.68, remainder_fraction=57.1229%, Lmin=-107723.56, Lmax=-107722.72
12:04:44 [ultranest] [DEBUG] iteration=3520, ncalls=4928, regioncalls=182920, ndraw=40, logz=-107732.65, remainder_fraction=55.8965%, Lmin=-107723.53, Lmax=-107722.72
12:04:44 [ultranest] [DEBUG] iteration=3549, ncalls=4966, regioncalls=184440, ndraw=40, logz=-107732.59, remainder_fraction=53.0727%, Lmin=-107723.47, Lmax=-107722.72
12:04:44 [ultranest] [DEBUG] iteration=3560, ncalls=4979, regioncalls=184960, ndraw=40, logz=-107732.57, remainder_fraction=51.9694%, Lmin=-107723.45, Lmax=-107722.72
12:04:44 [ultranest] [DEBUG] iteration=3588, ncalls=5018, regioncalls=186520, ndraw=40, logz=-107732.52, remainder_fraction=49.5158%, Lmin=-107723.41, Lmax=-107722.72
12:04:45 [ultranest] [DEBUG] iteration=3600, ncalls=5032, regioncalls=187080, ndraw=40, logz=-107732.49, remainder_fraction=48.4511%, Lmin=-107723.38, Lmax=-107722.72
12:04:45 [ultranest] [DEBUG] iteration=3627, ncalls=5071, regioncalls=188640, ndraw=40, logz=-107732.45, remainder_fraction=46.0094%, Lmin=-107723.34, Lmax=-107722.72
12:04:45 [ultranest] [DEBUG] iteration=3640, ncalls=5092, regioncalls=189480, ndraw=40, logz=-107732.43, remainder_fraction=44.8933%, Lmin=-107723.32, Lmax=-107722.72
12:04:45 [ultranest] [DEBUG] iteration=3665, ncalls=5133, regioncalls=191120, ndraw=40, logz=-107732.39, remainder_fraction=42.7405%, Lmin=-107723.29, Lmax=-107722.72
12:04:45 [ultranest] [DEBUG] iteration=3677, ncalls=5150, regioncalls=191840, ndraw=40, logz=-107732.37, remainder_fraction=41.7252%, Lmin=-107723.27, Lmax=-107722.72
12:04:45 [ultranest] [DEBUG] iteration=3680, ncalls=5154, regioncalls=192000, ndraw=40, logz=-107732.37, remainder_fraction=41.4623%, Lmin=-107723.27, Lmax=-107722.72
12:04:45 [ultranest] [DEBUG] iteration=3712, ncalls=5192, regioncalls=193520, ndraw=40, logz=-107732.33, remainder_fraction=38.8128%, Lmin=-107723.22, Lmax=-107722.72
12:04:45 [ultranest] [DEBUG] iteration=3720, ncalls=5201, regioncalls=193880, ndraw=40, logz=-107732.32, remainder_fraction=38.1906%, Lmin=-107723.21, Lmax=-107722.72
12:04:45 [ultranest] [DEBUG] iteration=3742, ncalls=5241, regioncalls=195480, ndraw=40, logz=-107732.29, remainder_fraction=36.4915%, Lmin=-107723.19, Lmax=-107722.72
12:04:45 [ultranest] [DEBUG] iteration=3760, ncalls=5262, regioncalls=196320, ndraw=40, logz=-107732.27, remainder_fraction=35.1062%, Lmin=-107723.18, Lmax=-107722.72
12:04:45 [ultranest] [DEBUG] iteration=3762, ncalls=5265, regioncalls=196480, ndraw=40, logz=-107732.27, remainder_fraction=34.9576%, Lmin=-107723.17, Lmax=-107722.72
12:04:45 [ultranest] [DEBUG] iteration=3791, ncalls=5304, regioncalls=198080, ndraw=40, logz=-107732.23, remainder_fraction=32.8134%, Lmin=-107723.14, Lmax=-107722.72
12:04:45 [ultranest] [DEBUG] iteration=3800, ncalls=5319, regioncalls=198720, ndraw=40, logz=-107732.22, remainder_fraction=32.2132%, Lmin=-107723.14, Lmax=-107722.72
12:04:45 [ultranest] [DEBUG] iteration=3831, ncalls=5357, regioncalls=200240, ndraw=40, logz=-107732.19, remainder_fraction=30.1135%, Lmin=-107723.11, Lmax=-107722.72
12:04:45 [ultranest] [DEBUG] iteration=3840, ncalls=5371, regioncalls=200800, ndraw=40, logz=-107732.19, remainder_fraction=29.5408%, Lmin=-107723.10, Lmax=-107722.72
12:04:46 [ultranest] [DEBUG] iteration=3863, ncalls=5409, regioncalls=202320, ndraw=40, logz=-107732.17, remainder_fraction=28.1277%, Lmin=-107723.07, Lmax=-107722.72
12:04:46 [ultranest] [DEBUG] iteration=3880, ncalls=5436, regioncalls=203400, ndraw=40, logz=-107732.15, remainder_fraction=27.0739%, Lmin=-107723.06, Lmax=-107722.72
12:04:46 [ultranest] [DEBUG] iteration=3904, ncalls=5481, regioncalls=205200, ndraw=40, logz=-107732.13, remainder_fraction=25.6933%, Lmin=-107723.04, Lmax=-107722.72
12:04:46 [ultranest] [DEBUG] iteration=3920, ncalls=5505, regioncalls=206160, ndraw=40, logz=-107732.12, remainder_fraction=24.7858%, Lmin=-107723.02, Lmax=-107722.72
12:04:46 [ultranest] [DEBUG] iteration=3932, ncalls=5524, regioncalls=206960, ndraw=40, logz=-107732.11, remainder_fraction=24.1407%, Lmin=-107723.01, Lmax=-107722.72
12:04:46 [ultranest] [DEBUG] iteration=3960, ncalls=5556, regioncalls=208240, ndraw=40, logz=-107732.09, remainder_fraction=22.6369%, Lmin=-107722.98, Lmax=-107722.72
12:04:46 [ultranest] [DEBUG] iteration=3988, ncalls=5595, regioncalls=209800, ndraw=40, logz=-107732.07, remainder_fraction=21.2174%, Lmin=-107722.96, Lmax=-107722.72
12:04:46 [ultranest] [DEBUG] iteration=4000, ncalls=5616, regioncalls=210640, ndraw=40, logz=-107732.07, remainder_fraction=20.6221%, Lmin=-107722.95, Lmax=-107722.72
12:04:46 [ultranest] [DEBUG] iteration=4017, ncalls=5641, regioncalls=211720, ndraw=40, logz=-107732.06, remainder_fraction=19.8221%, Lmin=-107722.94, Lmax=-107722.72
12:04:46 [ultranest] [DEBUG] iteration=4040, ncalls=5668, regioncalls=212800, ndraw=40, logz=-107732.04, remainder_fraction=18.7677%, Lmin=-107722.93, Lmax=-107722.72
12:04:46 [ultranest] [DEBUG] iteration=4071, ncalls=5706, regioncalls=214320, ndraw=40, logz=-107732.03, remainder_fraction=17.4258%, Lmin=-107722.91, Lmax=-107722.72
12:04:46 [ultranest] [DEBUG] iteration=4080, ncalls=5717, regioncalls=214760, ndraw=40, logz=-107732.02, remainder_fraction=17.0646%, Lmin=-107722.91, Lmax=-107722.72
12:04:46 [ultranest] [DEBUG] iteration=4102, ncalls=5744, regioncalls=215960, ndraw=40, logz=-107732.01, remainder_fraction=16.1655%, Lmin=-107722.90, Lmax=-107722.72
12:04:46 [ultranest] [DEBUG] iteration=4120, ncalls=5766, regioncalls=216840, ndraw=40, logz=-107732.00, remainder_fraction=15.4631%, Lmin=-107722.89, Lmax=-107722.72
12:04:47 [ultranest] [DEBUG] iteration=4151, ncalls=5803, regioncalls=218360, ndraw=40, logz=-107731.99, remainder_fraction=14.3644%, Lmin=-107722.87, Lmax=-107722.72
12:04:47 [ultranest] [DEBUG] iteration=4160, ncalls=5815, regioncalls=218880, ndraw=40, logz=-107731.99, remainder_fraction=14.0527%, Lmin=-107722.87, Lmax=-107722.72
12:04:47 [ultranest] [DEBUG] iteration=4187, ncalls=5858, regioncalls=220600, ndraw=40, logz=-107731.98, remainder_fraction=13.1481%, Lmin=-107722.86, Lmax=-107722.71
12:04:47 [ultranest] [DEBUG] iteration=4200, ncalls=5879, regioncalls=221440, ndraw=40, logz=-107731.97, remainder_fraction=12.7311%, Lmin=-107722.85, Lmax=-107722.71
12:04:47 [ultranest] [DEBUG] iteration=4231, ncalls=5917, regioncalls=222960, ndraw=40, logz=-107731.96, remainder_fraction=11.7932%, Lmin=-107722.85, Lmax=-107722.71
12:04:47 [ultranest] [DEBUG] iteration=4240, ncalls=5931, regioncalls=223520, ndraw=40, logz=-107731.96, remainder_fraction=11.5353%, Lmin=-107722.84, Lmax=-107722.71
12:04:47 [ultranest] [DEBUG] iteration=4270, ncalls=5970, regioncalls=225080, ndraw=40, logz=-107731.95, remainder_fraction=10.7098%, Lmin=-107722.83, Lmax=-107722.71
12:04:47 [ultranest] [DEBUG] iteration=4272, ncalls=5974, regioncalls=225320, ndraw=40, logz=-107731.95, remainder_fraction=10.6551%, Lmin=-107722.83, Lmax=-107722.71
12:04:47 [ultranest] [DEBUG] iteration=4280, ncalls=5985, regioncalls=225760, ndraw=40, logz=-107731.95, remainder_fraction=10.4437%, Lmin=-107722.83, Lmax=-107722.71
12:04:47 [ultranest] [DEBUG] iteration=4309, ncalls=6025, regioncalls=227360, ndraw=40, logz=-107731.94, remainder_fraction=9.7132%, Lmin=-107722.82, Lmax=-107722.71
12:04:47 [ultranest] [DEBUG] iteration=4320, ncalls=6039, regioncalls=227920, ndraw=40, logz=-107731.93, remainder_fraction=9.4498%, Lmin=-107722.82, Lmax=-107722.71
12:04:47 [ultranest] [DEBUG] iteration=4351, ncalls=6077, regioncalls=229440, ndraw=40, logz=-107731.93, remainder_fraction=8.7351%, Lmin=-107722.81, Lmax=-107722.71
12:04:47 [ultranest] [DEBUG] iteration=4357, ncalls=6088, regioncalls=230000, ndraw=40, logz=-107731.93, remainder_fraction=8.6023%, Lmin=-107722.81, Lmax=-107722.71
12:04:47 [ultranest] [DEBUG] iteration=4360, ncalls=6091, regioncalls=230120, ndraw=40, logz=-107731.92, remainder_fraction=8.5389%, Lmin=-107722.81, Lmax=-107722.71
12:04:47 [ultranest] [DEBUG] iteration=4390, ncalls=6130, regioncalls=231800, ndraw=40, logz=-107731.92, remainder_fraction=7.9113%, Lmin=-107722.81, Lmax=-107722.71
12:04:47 [ultranest] [DEBUG] iteration=4400, ncalls=6141, regioncalls=232240, ndraw=40, logz=-107731.92, remainder_fraction=7.7126%, Lmin=-107722.80, Lmax=-107722.71
12:04:48 [ultranest] [DEBUG] iteration=4427, ncalls=6181, regioncalls=233840, ndraw=40, logz=-107731.91, remainder_fraction=7.2050%, Lmin=-107722.80, Lmax=-107722.71
12:04:48 [ultranest] [DEBUG] iteration=4440, ncalls=6207, regioncalls=234880, ndraw=40, logz=-107731.91, remainder_fraction=6.9695%, Lmin=-107722.79, Lmax=-107722.71
12:04:48 [ultranest] [DEBUG] iteration=4442, ncalls=6209, regioncalls=235000, ndraw=40, logz=-107731.91, remainder_fraction=6.9336%, Lmin=-107722.79, Lmax=-107722.71
12:04:48 [ultranest] [DEBUG] iteration=4472, ncalls=6247, regioncalls=236600, ndraw=40, logz=-107731.90, remainder_fraction=6.4265%, Lmin=-107722.79, Lmax=-107722.71
12:04:48 [ultranest] [DEBUG] iteration=4480, ncalls=6256, regioncalls=236960, ndraw=40, logz=-107731.90, remainder_fraction=6.2975%, Lmin=-107722.78, Lmax=-107722.71
12:04:48 [ultranest] [DEBUG] iteration=4511, ncalls=6294, regioncalls=238480, ndraw=40, logz=-107731.90, remainder_fraction=5.8178%, Lmin=-107722.78, Lmax=-107722.71
12:04:48 [ultranest] [DEBUG] iteration=4520, ncalls=6308, regioncalls=239040, ndraw=40, logz=-107731.89, remainder_fraction=5.6855%, Lmin=-107722.78, Lmax=-107722.71
12:04:48 [ultranest] [DEBUG] iteration=4550, ncalls=6344, regioncalls=240480, ndraw=40, logz=-107731.89, remainder_fraction=5.2652%, Lmin=-107722.78, Lmax=-107722.71
12:04:48 [ultranest] [DEBUG] iteration=4560, ncalls=6355, regioncalls=240920, ndraw=40, logz=-107731.89, remainder_fraction=5.1314%, Lmin=-107722.77, Lmax=-107722.71
12:04:48 [ultranest] [DEBUG] iteration=4585, ncalls=6395, regioncalls=242520, ndraw=40, logz=-107731.88, remainder_fraction=4.8149%, Lmin=-107722.77, Lmax=-107722.71
12:04:48 [ultranest] [DEBUG] iteration=4600, ncalls=6417, regioncalls=243400, ndraw=40, logz=-107731.88, remainder_fraction=4.6319%, Lmin=-107722.77, Lmax=-107722.71
12:04:48 [ultranest] [DEBUG] iteration=4612, ncalls=6433, regioncalls=244080, ndraw=40, logz=-107731.88, remainder_fraction=4.4903%, Lmin=-107722.76, Lmax=-107722.71
12:04:48 [ultranest] [DEBUG] iteration=4640, ncalls=6469, regioncalls=245520, ndraw=40, logz=-107731.88, remainder_fraction=4.1775%, Lmin=-107722.76, Lmax=-107722.71
12:04:48 [ultranest] [DEBUG] iteration=4673, ncalls=6506, regioncalls=247040, ndraw=40, logz=-107731.87, remainder_fraction=3.8353%, Lmin=-107722.76, Lmax=-107722.71
12:04:48 [ultranest] [DEBUG] iteration=4680, ncalls=6514, regioncalls=247360, ndraw=40, logz=-107731.87, remainder_fraction=3.7658%, Lmin=-107722.76, Lmax=-107722.71
12:04:49 [ultranest] [DEBUG] iteration=4709, ncalls=6549, regioncalls=248760, ndraw=40, logz=-107731.87, remainder_fraction=3.4915%, Lmin=-107722.75, Lmax=-107722.71
12:04:49 [ultranest] [DEBUG] iteration=4720, ncalls=6564, regioncalls=249360, ndraw=40, logz=-107731.87, remainder_fraction=3.3932%, Lmin=-107722.75, Lmax=-107722.71
12:04:49 [ultranest] [DEBUG] iteration=4747, ncalls=6605, regioncalls=251000, ndraw=40, logz=-107731.87, remainder_fraction=3.1637%, Lmin=-107722.75, Lmax=-107722.71
12:04:49 [ultranest] [DEBUG] iteration=4760, ncalls=6621, regioncalls=251640, ndraw=40, logz=-107731.87, remainder_fraction=3.0590%, Lmin=-107722.75, Lmax=-107722.71
12:04:49 [ultranest] [DEBUG] iteration=4782, ncalls=6647, regioncalls=252720, ndraw=40, logz=-107731.86, remainder_fraction=2.8890%, Lmin=-107722.75, Lmax=-107722.71
12:04:49 [ultranest] [DEBUG] iteration=4800, ncalls=6667, regioncalls=253520, ndraw=40, logz=-107731.86, remainder_fraction=2.7568%, Lmin=-107722.75, Lmax=-107722.71
12:04:49 [ultranest] [DEBUG] iteration=4834, ncalls=6704, regioncalls=255000, ndraw=40, logz=-107731.86, remainder_fraction=2.5227%, Lmin=-107722.74, Lmax=-107722.71
12:04:49 [ultranest] [DEBUG] iteration=4840, ncalls=6711, regioncalls=255280, ndraw=40, logz=-107731.86, remainder_fraction=2.4836%, Lmin=-107722.74, Lmax=-107722.71
12:04:49 [ultranest] [DEBUG] iteration=4867, ncalls=6743, regioncalls=256640, ndraw=40, logz=-107731.86, remainder_fraction=2.3147%, Lmin=-107722.74, Lmax=-107722.71
12:04:49 [ultranest] [DEBUG] iteration=4880, ncalls=6759, regioncalls=257280, ndraw=40, logz=-107731.86, remainder_fraction=2.2373%, Lmin=-107722.74, Lmax=-107722.71
12:04:49 [ultranest] [DEBUG] iteration=4913, ncalls=6796, regioncalls=258760, ndraw=40, logz=-107731.86, remainder_fraction=2.0523%, Lmin=-107722.74, Lmax=-107722.71
12:04:49 [ultranest] [DEBUG] iteration=4920, ncalls=6803, regioncalls=259040, ndraw=40, logz=-107731.86, remainder_fraction=2.0150%, Lmin=-107722.74, Lmax=-107722.71
12:04:49 [ultranest] [DEBUG] iteration=4950, ncalls=6841, regioncalls=260560, ndraw=40, logz=-107731.85, remainder_fraction=1.8629%, Lmin=-107722.74, Lmax=-107722.71
12:04:49 [ultranest] [DEBUG] iteration=4952, ncalls=6843, regioncalls=260680, ndraw=40, logz=-107731.85, remainder_fraction=1.8532%, Lmin=-107722.74, Lmax=-107722.71
12:04:49 [ultranest] [DEBUG] iteration=4960, ncalls=6852, regioncalls=261040, ndraw=40, logz=-107731.85, remainder_fraction=1.8148%, Lmin=-107722.74, Lmax=-107722.71
12:04:50 [ultranest] [DEBUG] iteration=4992, ncalls=6890, regioncalls=262560, ndraw=40, logz=-107731.85, remainder_fraction=1.6688%, Lmin=-107722.73, Lmax=-107722.71
12:04:50 [ultranest] [DEBUG] iteration=5000, ncalls=6899, regioncalls=262920, ndraw=40, logz=-107731.85, remainder_fraction=1.6342%, Lmin=-107722.73, Lmax=-107722.71
12:04:50 [ultranest] [DEBUG] iteration=5030, ncalls=6937, regioncalls=264440, ndraw=40, logz=-107731.85, remainder_fraction=1.5108%, Lmin=-107722.73, Lmax=-107722.71
12:04:50 [ultranest] [DEBUG] iteration=5037, ncalls=6947, regioncalls=264920, ndraw=40, logz=-107731.85, remainder_fraction=1.4833%, Lmin=-107722.73, Lmax=-107722.71
12:04:50 [ultranest] [DEBUG] iteration=5040, ncalls=6951, regioncalls=265080, ndraw=40, logz=-107731.85, remainder_fraction=1.4717%, Lmin=-107722.73, Lmax=-107722.71
12:04:50 [ultranest] [DEBUG] iteration=5072, ncalls=6990, regioncalls=266640, ndraw=40, logz=-107731.85, remainder_fraction=1.3531%, Lmin=-107722.73, Lmax=-107722.71
12:04:50 [ultranest] [DEBUG] iteration=5080, ncalls=7001, regioncalls=267080, ndraw=40, logz=-107731.85, remainder_fraction=1.3250%, Lmin=-107722.73, Lmax=-107722.71
12:04:50 [ultranest] [DEBUG] iteration=5112, ncalls=7039, regioncalls=268600, ndraw=40, logz=-107731.85, remainder_fraction=1.2182%, Lmin=-107722.73, Lmax=-107722.71
12:04:50 [ultranest] [DEBUG] iteration=5120, ncalls=7050, regioncalls=269040, ndraw=40, logz=-107731.85, remainder_fraction=1.1929%, Lmin=-107722.73, Lmax=-107722.71
12:04:50 [ultranest] [DEBUG] iteration=5122, ncalls=7052, regioncalls=269160, ndraw=40, logz=-107731.85, remainder_fraction=1.1866%, Lmin=-107722.73, Lmax=-107722.71
12:04:50 [ultranest] [DEBUG] iteration=5154, ncalls=7089, regioncalls=270640, ndraw=40, logz=-107731.85, remainder_fraction=1.0909%, Lmin=-107722.73, Lmax=-107722.71
12:04:50 [ultranest] [DEBUG] iteration=5160, ncalls=7097, regioncalls=270960, ndraw=40, logz=-107731.85, remainder_fraction=1.0738%, Lmin=-107722.73, Lmax=-107722.71
12:04:50 [ultranest] [INFO] Explored until L=-1e+05  
12:04:50 [ultranest] [INFO] Likelihood function evaluations: 7134
12:04:51 [ultranest] [INFO] Writing samples and results to disk ...
12:04:52 [ultranest] [INFO] Writing samples and results to disk ... done
12:04:52 [ultranest] [DEBUG] did a run_iter pass!
12:04:52 [ultranest] [INFO]   logZ = -1.077e+05 +- 0.1125
12:04:52 [ultranest] [INFO] Effective samples strategy satisfied (ESS = 1504.3, need >400)
12:04:52 [ultranest] [INFO] Posterior uncertainty strategy is satisfied (KL: 0.46+-0.07 nat, need <0.50 nat)
12:04:52 [ultranest] [INFO] Evidency uncertainty strategy is satisfied (dlogz=0.11, need <0.5)
12:04:52 [ultranest] [INFO]   logZ error budget: single: 0.15 bs:0.11 tail:0.01 total:0.11 required:<0.50
12:04:52 [ultranest] [INFO] done iterating.
12:04:52 [ultranest] [DEBUG] Making corner plot ...
12:04:52 [ultranest] [DEBUG] Making corner plot ... done
12:04:52 [ultranest] [DEBUG] Making run plot ... 
12:04:52 [ultranest] [DEBUG] Making run plot ... done
12:04:52 [ultranest] [DEBUG] Making trace plot ... 
12:04:53 [ultranest] [DEBUG] Making trace plot ... done
