12:39:09 [ultranest] [DEBUG] ReactiveNestedSampler: dims=2+0, resume=False, log_dir=./m-values/N32/S24/M32/T029/P02/NF2/sample_rho, backend=hdf5, vectorized=False, nbootstraps=30, ndraw=128..65536
12:39:09 [ultranest] [INFO] Sampling 400 live points from prior ...
12:39:10 [ultranest] [DEBUG] run_iter dlogz=0.5, dKL=0.5, frac_remain=0.01, Lepsilon=0.0010, min_ess=400
12:39:10 [ultranest] [DEBUG] max_iters=-1, max_ncalls=-1, max_num_improvement_loops=-1, min_num_live_points=400, cluster_num_live_points=40
12:39:10 [ultranest] [DEBUG] minimal_widths_sequence: [(-inf, 400.0), (inf, 400.0)]
12:39:10 [ultranest] [DEBUG] Plateau detected at L=-1.812595e+07, not replacing live point.
12:39:10 [ultranest] [DEBUG] Plateau detected at L=-1.812595e+07, not replacing live point.
12:39:10 [ultranest] [DEBUG] Plateau detected at L=-1.812595e+07, not replacing live point.
12:39:10 [ultranest] [DEBUG] Plateau detected at L=-1.812595e+07, not replacing live point.
12:39:10 [ultranest] [DEBUG] Plateau detected at L=-1.812595e+07, not replacing live point.
12:39:10 [ultranest] [DEBUG] Plateau detected at L=-1.812595e+07, not replacing live point.
12:39:10 [ultranest] [DEBUG] Plateau detected at L=-1.812595e+07, not replacing live point.
12:39:10 [ultranest] [DEBUG] Plateau detected at L=-1.812595e+07, not replacing live point.
12:39:10 [ultranest] [DEBUG] Plateau detected at L=-1.812595e+07, not replacing live point.
12:39:10 [ultranest] [DEBUG] Plateau detected at L=-1.812595e+07, not replacing live point.
12:39:10 [ultranest] [DEBUG] Plateau detected at L=-1.812595e+07, not replacing live point.
12:39:10 [ultranest] [DEBUG] Plateau detected at L=-1.812595e+07, not replacing live point.
12:39:10 [ultranest] [DEBUG] Plateau detected at L=-1.812595e+07, not replacing live point.
12:39:10 [ultranest] [DEBUG] Plateau detected at L=-1.812595e+07, not replacing live point.
12:39:10 [ultranest] [DEBUG] iteration=14, ncalls=401, regioncalls=40, ndraw=40, logz=-18125953.20, remainder_fraction=100.0000%, Lmin=-18125949.85, Lmax=-141352.85
12:39:10 [ultranest] [DEBUG] iteration=40, ncalls=428, regioncalls=1120, ndraw=40, logz=-165295.89, remainder_fraction=100.0000%, Lmin=-164822.47, Lmax=-141352.85
12:39:11 [ultranest] [DEBUG] iteration=65, ncalls=456, regioncalls=2240, ndraw=40, logz=-161408.61, remainder_fraction=100.0000%, Lmin=-161207.05, Lmax=-141352.85
12:39:11 [ultranest] [DEBUG] iteration=80, ncalls=472, regioncalls=2880, ndraw=40, logz=-159568.10, remainder_fraction=100.0000%, Lmin=-159552.91, Lmax=-141352.85
12:39:11 [ultranest] [DEBUG] iteration=101, ncalls=495, regioncalls=3800, ndraw=40, logz=-157236.03, remainder_fraction=100.0000%, Lmin=-157157.22, Lmax=-141352.85
12:39:11 [ultranest] [DEBUG] iteration=120, ncalls=517, regioncalls=4680, ndraw=40, logz=-155942.57, remainder_fraction=100.0000%, Lmin=-155741.09, Lmax=-141352.85
12:39:11 [ultranest] [DEBUG] iteration=145, ncalls=545, regioncalls=5800, ndraw=40, logz=-153580.75, remainder_fraction=100.0000%, Lmin=-153558.82, Lmax=-141352.85
12:39:11 [ultranest] [DEBUG] iteration=160, ncalls=562, regioncalls=6480, ndraw=40, logz=-152609.43, remainder_fraction=100.0000%, Lmin=-152559.74, Lmax=-141352.85
12:39:11 [ultranest] [DEBUG] iteration=184, ncalls=590, regioncalls=7600, ndraw=40, logz=-151468.08, remainder_fraction=100.0000%, Lmin=-151457.78, Lmax=-141352.85
12:39:11 [ultranest] [DEBUG] iteration=188, ncalls=595, regioncalls=7800, ndraw=40, logz=-151397.76, remainder_fraction=100.0000%, Lmin=-151370.59, Lmax=-141352.85
12:39:11 [ultranest] [DEBUG] iteration=200, ncalls=608, regioncalls=8320, ndraw=40, logz=-151023.67, remainder_fraction=100.0000%, Lmin=-151012.52, Lmax=-141352.85
12:39:11 [ultranest] [DEBUG] iteration=225, ncalls=636, regioncalls=9440, ndraw=40, logz=-150346.41, remainder_fraction=100.0000%, Lmin=-150326.67, Lmax=-141352.85
12:39:11 [ultranest] [DEBUG] iteration=240, ncalls=653, regioncalls=10120, ndraw=40, logz=-150028.89, remainder_fraction=100.0000%, Lmin=-149972.09, Lmax=-141333.68
12:39:11 [ultranest] [DEBUG] iteration=262, ncalls=682, regioncalls=11280, ndraw=40, logz=-149326.40, remainder_fraction=100.0000%, Lmin=-149316.26, Lmax=-141327.24
12:39:11 [ultranest] [DEBUG] iteration=275, ncalls=700, regioncalls=12000, ndraw=40, logz=-149006.18, remainder_fraction=100.0000%, Lmin=-148987.88, Lmax=-141327.24
12:39:11 [ultranest] [DEBUG] iteration=280, ncalls=707, regioncalls=12280, ndraw=40, logz=-148864.95, remainder_fraction=100.0000%, Lmin=-148825.41, Lmax=-141327.24
12:39:12 [ultranest] [DEBUG] iteration=302, ncalls=736, regioncalls=13440, ndraw=40, logz=-148223.22, remainder_fraction=100.0000%, Lmin=-148214.45, Lmax=-141327.24
12:39:12 [ultranest] [DEBUG] iteration=320, ncalls=763, regioncalls=14520, ndraw=40, logz=-148037.78, remainder_fraction=100.0000%, Lmin=-148023.70, Lmax=-141327.24
12:39:12 [ultranest] [DEBUG] iteration=343, ncalls=793, regioncalls=15720, ndraw=40, logz=-147663.04, remainder_fraction=100.0000%, Lmin=-147585.20, Lmax=-141327.24
12:39:12 [ultranest] [DEBUG] iteration=360, ncalls=818, regioncalls=16720, ndraw=40, logz=-147204.58, remainder_fraction=100.0000%, Lmin=-147188.83, Lmax=-141327.24
12:39:12 [ultranest] [DEBUG] iteration=380, ncalls=845, regioncalls=17800, ndraw=40, logz=-146974.75, remainder_fraction=100.0000%, Lmin=-146955.42, Lmax=-141327.24
12:39:12 [ultranest] [DEBUG] iteration=400, ncalls=873, regioncalls=18920, ndraw=40, logz=-146629.20, remainder_fraction=100.0000%, Lmin=-146617.79, Lmax=-141327.24
12:39:12 [ultranest] [DEBUG] iteration=423, ncalls=902, regioncalls=20080, ndraw=40, logz=-146236.16, remainder_fraction=100.0000%, Lmin=-146205.50, Lmax=-141327.24
12:39:12 [ultranest] [DEBUG] iteration=440, ncalls=924, regioncalls=20960, ndraw=40, logz=-145914.53, remainder_fraction=100.0000%, Lmin=-145898.59, Lmax=-141327.24
12:39:12 [ultranest] [DEBUG] iteration=449, ncalls=935, regioncalls=21400, ndraw=40, logz=-145765.61, remainder_fraction=100.0000%, Lmin=-145746.60, Lmax=-141327.24
12:39:12 [ultranest] [DEBUG] iteration=472, ncalls=964, regioncalls=22560, ndraw=40, logz=-145450.93, remainder_fraction=100.0000%, Lmin=-145436.49, Lmax=-141327.24
12:39:12 [ultranest] [DEBUG] iteration=480, ncalls=976, regioncalls=23040, ndraw=40, logz=-145296.83, remainder_fraction=100.0000%, Lmin=-145259.47, Lmax=-141327.24
12:39:12 [ultranest] [DEBUG] iteration=497, ncalls=1007, regioncalls=24280, ndraw=40, logz=-145050.39, remainder_fraction=100.0000%, Lmin=-145035.81, Lmax=-141327.24
12:39:13 [ultranest] [DEBUG] iteration=516, ncalls=1039, regioncalls=25560, ndraw=40, logz=-144882.46, remainder_fraction=100.0000%, Lmin=-144874.40, Lmax=-141327.24
12:39:13 [ultranest] [DEBUG] iteration=520, ncalls=1045, regioncalls=25800, ndraw=40, logz=-144853.17, remainder_fraction=100.0000%, Lmin=-144839.11, Lmax=-141327.24
12:39:13 [ultranest] [DEBUG] iteration=536, ncalls=1064, regioncalls=26560, ndraw=40, logz=-144730.49, remainder_fraction=100.0000%, Lmin=-144697.30, Lmax=-141327.24
12:39:13 [ultranest] [DEBUG] iteration=558, ncalls=1093, regioncalls=27720, ndraw=40, logz=-144477.38, remainder_fraction=100.0000%, Lmin=-144468.89, Lmax=-141327.24
12:39:13 [ultranest] [DEBUG] iteration=560, ncalls=1095, regioncalls=27800, ndraw=40, logz=-144475.05, remainder_fraction=100.0000%, Lmin=-144446.10, Lmax=-141327.24
12:39:13 [ultranest] [DEBUG] iteration=583, ncalls=1124, regioncalls=28960, ndraw=40, logz=-144350.84, remainder_fraction=100.0000%, Lmin=-144326.12, Lmax=-141327.24
12:39:13 [ultranest] [DEBUG] iteration=600, ncalls=1142, regioncalls=29680, ndraw=40, logz=-144214.33, remainder_fraction=100.0000%, Lmin=-144198.42, Lmax=-141327.24
12:39:13 [ultranest] [DEBUG] iteration=622, ncalls=1171, regioncalls=30840, ndraw=40, logz=-143975.94, remainder_fraction=100.0000%, Lmin=-143967.05, Lmax=-141327.24
12:39:13 [ultranest] [DEBUG] iteration=623, ncalls=1172, regioncalls=30880, ndraw=40, logz=-143974.38, remainder_fraction=100.0000%, Lmin=-143966.38, Lmax=-141327.24
12:39:13 [ultranest] [DEBUG] iteration=640, ncalls=1190, regioncalls=31600, ndraw=40, logz=-143837.99, remainder_fraction=100.0000%, Lmin=-143825.53, Lmax=-141327.24
12:39:13 [ultranest] [DEBUG] iteration=662, ncalls=1221, regioncalls=32840, ndraw=40, logz=-143644.02, remainder_fraction=100.0000%, Lmin=-143633.33, Lmax=-141327.24
12:39:13 [ultranest] [DEBUG] iteration=680, ncalls=1243, regioncalls=33720, ndraw=40, logz=-143519.86, remainder_fraction=100.0000%, Lmin=-143510.20, Lmax=-141327.24
12:39:13 [ultranest] [DEBUG] iteration=704, ncalls=1273, regioncalls=34920, ndraw=40, logz=-143362.77, remainder_fraction=100.0000%, Lmin=-143352.22, Lmax=-141327.24
12:39:14 [ultranest] [DEBUG] iteration=720, ncalls=1293, regioncalls=35720, ndraw=40, logz=-143263.85, remainder_fraction=100.0000%, Lmin=-143253.02, Lmax=-141327.24
12:39:14 [ultranest] [DEBUG] iteration=741, ncalls=1322, regioncalls=36880, ndraw=40, logz=-143147.39, remainder_fraction=100.0000%, Lmin=-143139.32, Lmax=-141327.24
12:39:14 [ultranest] [DEBUG] iteration=760, ncalls=1346, regioncalls=37840, ndraw=40, logz=-143084.68, remainder_fraction=100.0000%, Lmin=-143076.03, Lmax=-141327.24
12:39:14 [ultranest] [DEBUG] iteration=781, ncalls=1375, regioncalls=39000, ndraw=40, logz=-142970.08, remainder_fraction=100.0000%, Lmin=-142959.76, Lmax=-141327.24
12:39:14 [ultranest] [DEBUG] iteration=797, ncalls=1398, regioncalls=39920, ndraw=40, logz=-142889.98, remainder_fraction=100.0000%, Lmin=-142880.96, Lmax=-141327.24
12:39:14 [ultranest] [DEBUG] iteration=800, ncalls=1401, regioncalls=40040, ndraw=40, logz=-142882.95, remainder_fraction=100.0000%, Lmin=-142874.39, Lmax=-141327.24
12:39:14 [ultranest] [DEBUG] iteration=825, ncalls=1430, regioncalls=41200, ndraw=40, logz=-142820.83, remainder_fraction=100.0000%, Lmin=-142811.77, Lmax=-141327.24
12:39:14 [ultranest] [DEBUG] iteration=840, ncalls=1446, regioncalls=41840, ndraw=40, logz=-142780.79, remainder_fraction=100.0000%, Lmin=-142770.60, Lmax=-141327.24
12:39:14 [ultranest] [DEBUG] iteration=864, ncalls=1474, regioncalls=42960, ndraw=40, logz=-142677.67, remainder_fraction=100.0000%, Lmin=-142662.46, Lmax=-141327.24
12:39:14 [ultranest] [DEBUG] iteration=880, ncalls=1493, regioncalls=43720, ndraw=40, logz=-142607.81, remainder_fraction=100.0000%, Lmin=-142595.42, Lmax=-141327.24
12:39:14 [ultranest] [DEBUG] iteration=884, ncalls=1497, regioncalls=43880, ndraw=40, logz=-142588.81, remainder_fraction=100.0000%, Lmin=-142580.26, Lmax=-141327.24
12:39:14 [ultranest] [DEBUG] iteration=908, ncalls=1526, regioncalls=45040, ndraw=40, logz=-142494.44, remainder_fraction=100.0000%, Lmin=-142482.21, Lmax=-141327.24
12:39:14 [ultranest] [DEBUG] iteration=920, ncalls=1538, regioncalls=45520, ndraw=40, logz=-142444.48, remainder_fraction=100.0000%, Lmin=-142433.14, Lmax=-141327.24
12:39:14 [ultranest] [DEBUG] iteration=944, ncalls=1567, regioncalls=46680, ndraw=40, logz=-142370.00, remainder_fraction=100.0000%, Lmin=-142360.36, Lmax=-141327.24
12:39:15 [ultranest] [DEBUG] iteration=960, ncalls=1589, regioncalls=47560, ndraw=40, logz=-142336.77, remainder_fraction=100.0000%, Lmin=-142327.85, Lmax=-141327.08
12:39:15 [ultranest] [DEBUG] iteration=971, ncalls=1603, regioncalls=48120, ndraw=40, logz=-142316.88, remainder_fraction=100.0000%, Lmin=-142305.34, Lmax=-141323.84
12:39:15 [ultranest] [DEBUG] iteration=994, ncalls=1632, regioncalls=49280, ndraw=40, logz=-142261.71, remainder_fraction=100.0000%, Lmin=-142248.58, Lmax=-141323.84
12:39:15 [ultranest] [DEBUG] iteration=1000, ncalls=1640, regioncalls=49600, ndraw=40, logz=-142238.69, remainder_fraction=100.0000%, Lmin=-142227.81, Lmax=-141323.84
12:39:15 [ultranest] [DEBUG] iteration=1024, ncalls=1670, regioncalls=50840, ndraw=40, logz=-142187.88, remainder_fraction=100.0000%, Lmin=-142173.78, Lmax=-141323.84
12:39:15 [ultranest] [DEBUG] iteration=1040, ncalls=1695, regioncalls=51840, ndraw=40, logz=-142153.30, remainder_fraction=100.0000%, Lmin=-142142.18, Lmax=-141323.84
12:39:15 [ultranest] [DEBUG] iteration=1061, ncalls=1723, regioncalls=52960, ndraw=40, logz=-142114.47, remainder_fraction=100.0000%, Lmin=-142106.95, Lmax=-141323.84
12:39:15 [ultranest] [DEBUG] iteration=1080, ncalls=1749, regioncalls=54000, ndraw=40, logz=-142077.10, remainder_fraction=100.0000%, Lmin=-142067.70, Lmax=-141323.84
12:39:15 [ultranest] [DEBUG] iteration=1098, ncalls=1780, regioncalls=55240, ndraw=40, logz=-142049.56, remainder_fraction=100.0000%, Lmin=-142038.83, Lmax=-141323.84
12:39:15 [ultranest] [DEBUG] iteration=1120, ncalls=1809, regioncalls=56400, ndraw=40, logz=-142003.86, remainder_fraction=100.0000%, Lmin=-141995.39, Lmax=-141323.84
12:39:15 [ultranest] [DEBUG] iteration=1142, ncalls=1840, regioncalls=57640, ndraw=40, logz=-141971.58, remainder_fraction=100.0000%, Lmin=-141959.99, Lmax=-141323.84
12:39:15 [ultranest] [DEBUG] iteration=1145, ncalls=1843, regioncalls=57760, ndraw=40, logz=-141962.48, remainder_fraction=100.0000%, Lmin=-141952.18, Lmax=-141323.84
12:39:16 [ultranest] [DEBUG] iteration=1160, ncalls=1859, regioncalls=58440, ndraw=40, logz=-141936.32, remainder_fraction=100.0000%, Lmin=-141927.09, Lmax=-141323.84
12:39:16 [ultranest] [DEBUG] iteration=1184, ncalls=1888, regioncalls=59600, ndraw=40, logz=-141889.19, remainder_fraction=100.0000%, Lmin=-141879.57, Lmax=-141323.84
12:39:16 [ultranest] [DEBUG] iteration=1200, ncalls=1913, regioncalls=60600, ndraw=40, logz=-141870.21, remainder_fraction=100.0000%, Lmin=-141860.81, Lmax=-141323.84
12:39:16 [ultranest] [DEBUG] iteration=1219, ncalls=1943, regioncalls=61800, ndraw=40, logz=-141840.68, remainder_fraction=100.0000%, Lmin=-141828.03, Lmax=-141323.84
12:39:16 [ultranest] [DEBUG] iteration=1232, ncalls=1958, regioncalls=62400, ndraw=40, logz=-141823.07, remainder_fraction=100.0000%, Lmin=-141812.66, Lmax=-141323.84
12:39:16 [ultranest] [DEBUG] iteration=1240, ncalls=1967, regioncalls=62760, ndraw=40, logz=-141813.13, remainder_fraction=100.0000%, Lmin=-141804.08, Lmax=-141323.84
12:39:16 [ultranest] [DEBUG] iteration=1262, ncalls=1996, regioncalls=63960, ndraw=40, logz=-141784.58, remainder_fraction=100.0000%, Lmin=-141773.58, Lmax=-141323.84
12:39:16 [ultranest] [DEBUG] iteration=1280, ncalls=2021, regioncalls=64960, ndraw=40, logz=-141766.28, remainder_fraction=100.0000%, Lmin=-141757.32, Lmax=-141323.84
12:39:16 [ultranest] [DEBUG] iteration=1302, ncalls=2050, regioncalls=66120, ndraw=40, logz=-141737.01, remainder_fraction=100.0000%, Lmin=-141727.55, Lmax=-141323.84
12:39:16 [ultranest] [DEBUG] iteration=1320, ncalls=2072, regioncalls=67000, ndraw=40, logz=-141707.88, remainder_fraction=100.0000%, Lmin=-141698.17, Lmax=-141323.84
12:39:16 [ultranest] [DEBUG] iteration=1341, ncalls=2101, regioncalls=68160, ndraw=40, logz=-141692.76, remainder_fraction=100.0000%, Lmin=-141683.05, Lmax=-141323.84
12:39:17 [ultranest] [DEBUG] iteration=1360, ncalls=2130, regioncalls=69320, ndraw=40, logz=-141676.29, remainder_fraction=100.0000%, Lmin=-141666.80, Lmax=-141323.84
12:39:17 [ultranest] [DEBUG] iteration=1376, ncalls=2160, regioncalls=70520, ndraw=40, logz=-141662.69, remainder_fraction=100.0000%, Lmin=-141654.00, Lmax=-141323.84
12:39:17 [ultranest] [DEBUG] iteration=1397, ncalls=2190, regioncalls=71720, ndraw=40, logz=-141645.32, remainder_fraction=100.0000%, Lmin=-141634.32, Lmax=-141323.84
12:39:17 [ultranest] [DEBUG] iteration=1400, ncalls=2198, regioncalls=72040, ndraw=40, logz=-141640.78, remainder_fraction=100.0000%, Lmin=-141631.75, Lmax=-141323.84
12:39:17 [ultranest] [DEBUG] iteration=1406, ncalls=2209, regioncalls=72480, ndraw=40, logz=-141635.80, remainder_fraction=100.0000%, Lmin=-141622.37, Lmax=-141323.84
12:39:17 [ultranest] [DEBUG] iteration=1431, ncalls=2237, regioncalls=73640, ndraw=40, logz=-141611.65, remainder_fraction=100.0000%, Lmin=-141602.06, Lmax=-141323.84
12:39:17 [ultranest] [DEBUG] iteration=1440, ncalls=2248, regioncalls=74080, ndraw=40, logz=-141606.90, remainder_fraction=100.0000%, Lmin=-141597.27, Lmax=-141323.84
12:39:17 [ultranest] [DEBUG] iteration=1464, ncalls=2277, regioncalls=75240, ndraw=40, logz=-141587.67, remainder_fraction=100.0000%, Lmin=-141578.34, Lmax=-141323.84
12:39:17 [ultranest] [DEBUG] iteration=1480, ncalls=2299, regioncalls=76120, ndraw=40, logz=-141577.85, remainder_fraction=100.0000%, Lmin=-141568.14, Lmax=-141323.84
12:39:17 [ultranest] [DEBUG] iteration=1493, ncalls=2313, regioncalls=76680, ndraw=40, logz=-141568.97, remainder_fraction=100.0000%, Lmin=-141560.15, Lmax=-141323.84
12:39:17 [ultranest] [DEBUG] iteration=1513, ncalls=2342, regioncalls=77880, ndraw=40, logz=-141559.47, remainder_fraction=100.0000%, Lmin=-141549.71, Lmax=-141323.84
12:39:17 [ultranest] [DEBUG] iteration=1520, ncalls=2350, regioncalls=78200, ndraw=40, logz=-141556.76, remainder_fraction=100.0000%, Lmin=-141548.09, Lmax=-141323.84
12:39:17 [ultranest] [DEBUG] iteration=1543, ncalls=2380, regioncalls=79400, ndraw=40, logz=-141546.75, remainder_fraction=100.0000%, Lmin=-141537.76, Lmax=-141323.84
12:39:17 [ultranest] [DEBUG] iteration=1560, ncalls=2404, regioncalls=80360, ndraw=40, logz=-141540.29, remainder_fraction=100.0000%, Lmin=-141530.71, Lmax=-141323.70
12:39:18 [ultranest] [DEBUG] iteration=1580, ncalls=2431, regioncalls=81440, ndraw=40, logz=-141533.97, remainder_fraction=100.0000%, Lmin=-141524.94, Lmax=-141323.70
12:39:18 [ultranest] [DEBUG] iteration=1600, ncalls=2460, regioncalls=82600, ndraw=40, logz=-141526.70, remainder_fraction=100.0000%, Lmin=-141517.24, Lmax=-141323.70
12:39:18 [ultranest] [DEBUG] iteration=1621, ncalls=2489, regioncalls=83760, ndraw=40, logz=-141516.86, remainder_fraction=100.0000%, Lmin=-141507.13, Lmax=-141323.70
12:39:18 [ultranest] [DEBUG] iteration=1639, ncalls=2520, regioncalls=85000, ndraw=40, logz=-141508.21, remainder_fraction=100.0000%, Lmin=-141498.94, Lmax=-141323.70
12:39:18 [ultranest] [DEBUG] iteration=1640, ncalls=2521, regioncalls=85040, ndraw=40, logz=-141507.88, remainder_fraction=100.0000%, Lmin=-141498.50, Lmax=-141323.70
12:39:18 [ultranest] [DEBUG] iteration=1659, ncalls=2552, regioncalls=86280, ndraw=40, logz=-141498.51, remainder_fraction=100.0000%, Lmin=-141488.40, Lmax=-141323.70
12:39:18 [ultranest] [DEBUG] iteration=1667, ncalls=2567, regioncalls=86920, ndraw=40, logz=-141495.21, remainder_fraction=100.0000%, Lmin=-141485.41, Lmax=-141323.70
12:39:18 [ultranest] [DEBUG] iteration=1680, ncalls=2585, regioncalls=87880, ndraw=40, logz=-141489.21, remainder_fraction=100.0000%, Lmin=-141479.51, Lmax=-141323.70
12:39:18 [ultranest] [DEBUG] iteration=1702, ncalls=2614, regioncalls=89040, ndraw=40, logz=-141481.49, remainder_fraction=100.0000%, Lmin=-141472.75, Lmax=-141323.70
12:39:18 [ultranest] [DEBUG] iteration=1719, ncalls=2636, regioncalls=89920, ndraw=40, logz=-141474.91, remainder_fraction=100.0000%, Lmin=-141466.06, Lmax=-141323.70
12:39:18 [ultranest] [DEBUG] iteration=1720, ncalls=2637, regioncalls=89960, ndraw=40, logz=-141474.72, remainder_fraction=100.0000%, Lmin=-141466.05, Lmax=-141323.70
12:39:18 [ultranest] [DEBUG] iteration=1739, ncalls=2667, regioncalls=91160, ndraw=40, logz=-141467.18, remainder_fraction=100.0000%, Lmin=-141457.71, Lmax=-141323.70
12:39:19 [ultranest] [DEBUG] iteration=1754, ncalls=2687, regioncalls=92000, ndraw=40, logz=-141460.41, remainder_fraction=100.0000%, Lmin=-141451.25, Lmax=-141323.70
12:39:19 [ultranest] [DEBUG] iteration=1760, ncalls=2695, regioncalls=92320, ndraw=40, logz=-141458.72, remainder_fraction=100.0000%, Lmin=-141449.12, Lmax=-141323.70
12:39:19 [ultranest] [DEBUG] iteration=1782, ncalls=2724, regioncalls=93520, ndraw=40, logz=-141453.50, remainder_fraction=100.0000%, Lmin=-141444.16, Lmax=-141323.70
12:39:19 [ultranest] [DEBUG] iteration=1800, ncalls=2748, regioncalls=94480, ndraw=40, logz=-141450.58, remainder_fraction=100.0000%, Lmin=-141441.39, Lmax=-141323.70
12:39:19 [ultranest] [DEBUG] iteration=1822, ncalls=2777, regioncalls=95640, ndraw=40, logz=-141445.24, remainder_fraction=100.0000%, Lmin=-141435.79, Lmax=-141323.70
12:39:19 [ultranest] [DEBUG] iteration=1840, ncalls=2803, regioncalls=96680, ndraw=40, logz=-141439.65, remainder_fraction=100.0000%, Lmin=-141429.97, Lmax=-141323.70
12:39:19 [ultranest] [DEBUG] iteration=1841, ncalls=2804, regioncalls=96760, ndraw=40, logz=-141439.35, remainder_fraction=100.0000%, Lmin=-141429.91, Lmax=-141323.70
12:39:19 [ultranest] [DEBUG] iteration=1867, ncalls=2834, regioncalls=98040, ndraw=40, logz=-141433.48, remainder_fraction=100.0000%, Lmin=-141424.06, Lmax=-141323.70
12:39:19 [ultranest] [DEBUG] iteration=1880, ncalls=2848, regioncalls=98600, ndraw=40, logz=-141430.74, remainder_fraction=100.0000%, Lmin=-141421.10, Lmax=-141323.70
12:39:19 [ultranest] [DEBUG] iteration=1904, ncalls=2879, regioncalls=99840, ndraw=40, logz=-141423.27, remainder_fraction=100.0000%, Lmin=-141413.21, Lmax=-141323.70
12:39:19 [ultranest] [DEBUG] iteration=1920, ncalls=2900, regioncalls=100680, ndraw=40, logz=-141419.33, remainder_fraction=100.0000%, Lmin=-141409.34, Lmax=-141323.70
12:39:19 [ultranest] [DEBUG] iteration=1928, ncalls=2913, regioncalls=101320, ndraw=40, logz=-141417.47, remainder_fraction=100.0000%, Lmin=-141407.92, Lmax=-141323.70
12:39:19 [ultranest] [DEBUG] iteration=1950, ncalls=2943, regioncalls=102520, ndraw=40, logz=-141412.40, remainder_fraction=100.0000%, Lmin=-141403.26, Lmax=-141323.70
12:39:19 [ultranest] [DEBUG] iteration=1960, ncalls=2958, regioncalls=103120, ndraw=40, logz=-141410.39, remainder_fraction=100.0000%, Lmin=-141400.84, Lmax=-141323.70
12:39:20 [ultranest] [DEBUG] iteration=1985, ncalls=2987, regioncalls=104280, ndraw=40, logz=-141406.05, remainder_fraction=100.0000%, Lmin=-141396.58, Lmax=-141323.70
12:39:20 [ultranest] [DEBUG] iteration=2000, ncalls=3013, regioncalls=105320, ndraw=40, logz=-141403.21, remainder_fraction=100.0000%, Lmin=-141393.25, Lmax=-141323.70
12:39:20 [ultranest] [DEBUG] iteration=2020, ncalls=3040, regioncalls=106480, ndraw=40, logz=-141397.98, remainder_fraction=100.0000%, Lmin=-141388.30, Lmax=-141323.30
12:39:20 [ultranest] [DEBUG] iteration=2040, ncalls=3069, regioncalls=107640, ndraw=40, logz=-141394.02, remainder_fraction=100.0000%, Lmin=-141384.65, Lmax=-141323.30
12:39:20 [ultranest] [DEBUG] iteration=2061, ncalls=3098, regioncalls=108800, ndraw=40, logz=-141391.31, remainder_fraction=100.0000%, Lmin=-141382.34, Lmax=-141323.30
12:39:20 [ultranest] [DEBUG] iteration=2080, ncalls=3121, regioncalls=109720, ndraw=40, logz=-141389.48, remainder_fraction=100.0000%, Lmin=-141380.15, Lmax=-141323.30
12:39:20 [ultranest] [DEBUG] iteration=2100, ncalls=3150, regioncalls=110880, ndraw=40, logz=-141386.68, remainder_fraction=100.0000%, Lmin=-141377.28, Lmax=-141323.30
12:39:20 [ultranest] [DEBUG] iteration=2102, ncalls=3156, regioncalls=111160, ndraw=40, logz=-141386.44, remainder_fraction=100.0000%, Lmin=-141377.21, Lmax=-141323.30
12:39:20 [ultranest] [DEBUG] iteration=2120, ncalls=3178, regioncalls=112080, ndraw=40, logz=-141384.35, remainder_fraction=100.0000%, Lmin=-141374.82, Lmax=-141323.30
12:39:20 [ultranest] [DEBUG] iteration=2138, ncalls=3208, regioncalls=113280, ndraw=40, logz=-141382.13, remainder_fraction=100.0000%, Lmin=-141372.79, Lmax=-141323.30
12:39:20 [ultranest] [DEBUG] iteration=2158, ncalls=3237, regioncalls=114440, ndraw=40, logz=-141379.75, remainder_fraction=100.0000%, Lmin=-141370.51, Lmax=-141323.30
12:39:20 [ultranest] [DEBUG] iteration=2160, ncalls=3241, regioncalls=114600, ndraw=40, logz=-141379.56, remainder_fraction=100.0000%, Lmin=-141370.33, Lmax=-141323.30
12:39:21 [ultranest] [DEBUG] iteration=2179, ncalls=3271, regioncalls=115800, ndraw=40, logz=-141377.38, remainder_fraction=100.0000%, Lmin=-141367.86, Lmax=-141323.30
12:39:21 [ultranest] [DEBUG] iteration=2200, ncalls=3297, regioncalls=116840, ndraw=40, logz=-141374.92, remainder_fraction=100.0000%, Lmin=-141365.42, Lmax=-141323.30
12:39:21 [ultranest] [DEBUG] iteration=2219, ncalls=3328, regioncalls=118080, ndraw=40, logz=-141373.02, remainder_fraction=100.0000%, Lmin=-141363.83, Lmax=-141323.30
12:39:21 [ultranest] [DEBUG] iteration=2236, ncalls=3358, regioncalls=119280, ndraw=40, logz=-141371.46, remainder_fraction=100.0000%, Lmin=-141362.08, Lmax=-141323.30
12:39:21 [ultranest] [DEBUG] iteration=2240, ncalls=3364, regioncalls=119520, ndraw=40, logz=-141371.10, remainder_fraction=100.0000%, Lmin=-141361.76, Lmax=-141323.30
12:39:21 [ultranest] [DEBUG] iteration=2267, ncalls=3393, regioncalls=120680, ndraw=40, logz=-141369.12, remainder_fraction=100.0000%, Lmin=-141360.01, Lmax=-141323.30
12:39:21 [ultranest] [DEBUG] iteration=2276, ncalls=3409, regioncalls=121400, ndraw=40, logz=-141368.61, remainder_fraction=100.0000%, Lmin=-141359.42, Lmax=-141323.30
12:39:21 [ultranest] [DEBUG] iteration=2280, ncalls=3415, regioncalls=121640, ndraw=40, logz=-141368.33, remainder_fraction=100.0000%, Lmin=-141359.00, Lmax=-141323.30
12:39:21 [ultranest] [DEBUG] iteration=2304, ncalls=3444, regioncalls=122800, ndraw=40, logz=-141365.86, remainder_fraction=100.0000%, Lmin=-141356.27, Lmax=-141323.30
12:39:21 [ultranest] [DEBUG] iteration=2320, ncalls=3468, regioncalls=123760, ndraw=40, logz=-141364.36, remainder_fraction=100.0000%, Lmin=-141354.84, Lmax=-141323.30
12:39:21 [ultranest] [DEBUG] iteration=2337, ncalls=3498, regioncalls=124960, ndraw=40, logz=-141362.91, remainder_fraction=100.0000%, Lmin=-141353.48, Lmax=-141323.30
12:39:21 [ultranest] [DEBUG] iteration=2358, ncalls=3527, regioncalls=126120, ndraw=40, logz=-141361.42, remainder_fraction=100.0000%, Lmin=-141352.04, Lmax=-141323.30
12:39:22 [ultranest] [DEBUG] iteration=2360, ncalls=3529, regioncalls=126200, ndraw=40, logz=-141361.29, remainder_fraction=100.0000%, Lmin=-141351.99, Lmax=-141323.30
12:39:22 [ultranest] [DEBUG] iteration=2363, ncalls=3534, regioncalls=126440, ndraw=40, logz=-141361.11, remainder_fraction=100.0000%, Lmin=-141351.73, Lmax=-141323.30
12:39:22 [ultranest] [DEBUG] iteration=2388, ncalls=3562, regioncalls=127560, ndraw=40, logz=-141359.03, remainder_fraction=100.0000%, Lmin=-141349.42, Lmax=-141323.18
12:39:22 [ultranest] [DEBUG] iteration=2400, ncalls=3574, regioncalls=128040, ndraw=40, logz=-141358.08, remainder_fraction=100.0000%, Lmin=-141348.36, Lmax=-141323.18
12:39:22 [ultranest] [DEBUG] iteration=2420, ncalls=3603, regioncalls=129200, ndraw=40, logz=-141356.56, remainder_fraction=100.0000%, Lmin=-141347.11, Lmax=-141323.18
12:39:22 [ultranest] [DEBUG] iteration=2440, ncalls=3630, regioncalls=130280, ndraw=40, logz=-141355.13, remainder_fraction=100.0000%, Lmin=-141345.50, Lmax=-141323.18
12:39:22 [ultranest] [DEBUG] iteration=2450, ncalls=3647, regioncalls=131040, ndraw=40, logz=-141354.43, remainder_fraction=100.0000%, Lmin=-141344.83, Lmax=-141323.18
12:39:22 [ultranest] [DEBUG] iteration=2473, ncalls=3676, regioncalls=132200, ndraw=40, logz=-141353.21, remainder_fraction=100.0000%, Lmin=-141343.83, Lmax=-141323.18
12:39:22 [ultranest] [DEBUG] iteration=2480, ncalls=3685, regioncalls=132600, ndraw=40, logz=-141352.87, remainder_fraction=100.0000%, Lmin=-141343.56, Lmax=-141323.18
12:39:22 [ultranest] [DEBUG] iteration=2501, ncalls=3714, regioncalls=133760, ndraw=40, logz=-141351.91, remainder_fraction=100.0000%, Lmin=-141342.48, Lmax=-141323.18
12:39:22 [ultranest] [DEBUG] iteration=2520, ncalls=3737, regioncalls=134680, ndraw=40, logz=-141351.00, remainder_fraction=100.0000%, Lmin=-141341.66, Lmax=-141323.18
12:39:22 [ultranest] [DEBUG] iteration=2537, ncalls=3761, regioncalls=135720, ndraw=40, logz=-141350.14, remainder_fraction=100.0000%, Lmin=-141340.47, Lmax=-141323.18
12:39:22 [ultranest] [DEBUG] iteration=2560, ncalls=3787, regioncalls=136760, ndraw=40, logz=-141348.93, remainder_fraction=100.0000%, Lmin=-141339.39, Lmax=-141323.18
12:39:23 [ultranest] [DEBUG] iteration=2582, ncalls=3816, regioncalls=137920, ndraw=40, logz=-141348.01, remainder_fraction=100.0000%, Lmin=-141338.47, Lmax=-141323.18
12:39:23 [ultranest] [DEBUG] iteration=2600, ncalls=3837, regioncalls=138760, ndraw=40, logz=-141347.26, remainder_fraction=99.9999%, Lmin=-141337.76, Lmax=-141323.18
12:39:23 [ultranest] [DEBUG] iteration=2620, ncalls=3869, regioncalls=140040, ndraw=40, logz=-141346.52, remainder_fraction=99.9999%, Lmin=-141337.15, Lmax=-141323.18
12:39:23 [ultranest] [DEBUG] iteration=2624, ncalls=3876, regioncalls=140360, ndraw=40, logz=-141346.39, remainder_fraction=99.9999%, Lmin=-141337.11, Lmax=-141323.18
12:39:23 [ultranest] [DEBUG] iteration=2640, ncalls=3900, regioncalls=141320, ndraw=40, logz=-141345.90, remainder_fraction=99.9998%, Lmin=-141336.59, Lmax=-141323.18
12:39:23 [ultranest] [DEBUG] iteration=2663, ncalls=3929, regioncalls=142480, ndraw=40, logz=-141345.25, remainder_fraction=99.9996%, Lmin=-141336.00, Lmax=-141323.18
12:39:23 [ultranest] [DEBUG] iteration=2680, ncalls=3949, regioncalls=143280, ndraw=40, logz=-141344.80, remainder_fraction=99.9994%, Lmin=-141335.52, Lmax=-141323.18
12:39:23 [ultranest] [DEBUG] iteration=2699, ncalls=3977, regioncalls=144400, ndraw=40, logz=-141344.16, remainder_fraction=99.9988%, Lmin=-141334.61, Lmax=-141323.18
12:39:23 [ultranest] [DEBUG] iteration=2711, ncalls=3997, regioncalls=145240, ndraw=40, logz=-141343.78, remainder_fraction=99.9983%, Lmin=-141334.27, Lmax=-141323.18
12:39:23 [ultranest] [DEBUG] iteration=2720, ncalls=4012, regioncalls=145840, ndraw=40, logz=-141343.50, remainder_fraction=99.9978%, Lmin=-141333.96, Lmax=-141323.15
12:39:23 [ultranest] [DEBUG] iteration=2743, ncalls=4041, regioncalls=147000, ndraw=40, logz=-141342.86, remainder_fraction=99.9958%, Lmin=-141333.38, Lmax=-141323.15
12:39:23 [ultranest] [DEBUG] iteration=2760, ncalls=4061, regioncalls=147800, ndraw=40, logz=-141342.41, remainder_fraction=99.9935%, Lmin=-141333.01, Lmax=-141323.15
12:39:24 [ultranest] [DEBUG] iteration=2780, ncalls=4091, regioncalls=149000, ndraw=40, logz=-141341.89, remainder_fraction=99.9893%, Lmin=-141332.40, Lmax=-141323.15
12:39:24 [ultranest] [DEBUG] iteration=2800, ncalls=4118, regioncalls=150080, ndraw=40, logz=-141341.41, remainder_fraction=99.9824%, Lmin=-141331.98, Lmax=-141323.15
12:39:24 [ultranest] [DEBUG] iteration=2821, ncalls=4147, regioncalls=151240, ndraw=40, logz=-141340.93, remainder_fraction=99.9709%, Lmin=-141331.48, Lmax=-141323.15
12:39:24 [ultranest] [DEBUG] iteration=2840, ncalls=4176, regioncalls=152400, ndraw=40, logz=-141340.52, remainder_fraction=99.9555%, Lmin=-141331.06, Lmax=-141323.15
12:39:24 [ultranest] [DEBUG] iteration=2858, ncalls=4208, regioncalls=153680, ndraw=40, logz=-141340.15, remainder_fraction=99.9342%, Lmin=-141330.75, Lmax=-141323.15
12:39:24 [ultranest] [DEBUG] iteration=2879, ncalls=4236, regioncalls=154800, ndraw=40, logz=-141339.78, remainder_fraction=99.9048%, Lmin=-141330.49, Lmax=-141323.15
12:39:24 [ultranest] [DEBUG] iteration=2880, ncalls=4237, regioncalls=154840, ndraw=40, logz=-141339.77, remainder_fraction=99.9030%, Lmin=-141330.47, Lmax=-141323.15
12:39:24 [ultranest] [DEBUG] iteration=2885, ncalls=4247, regioncalls=155240, ndraw=40, logz=-141339.69, remainder_fraction=99.8953%, Lmin=-141330.33, Lmax=-141323.15
12:39:24 [ultranest] [DEBUG] iteration=2908, ncalls=4276, regioncalls=156440, ndraw=40, logz=-141339.31, remainder_fraction=99.8491%, Lmin=-141329.88, Lmax=-141323.15
12:39:24 [ultranest] [DEBUG] iteration=2920, ncalls=4293, regioncalls=157120, ndraw=40, logz=-141339.11, remainder_fraction=99.8159%, Lmin=-141329.66, Lmax=-141323.15
12:39:24 [ultranest] [DEBUG] iteration=2943, ncalls=4322, regioncalls=158280, ndraw=40, logz=-141338.74, remainder_fraction=99.7379%, Lmin=-141329.34, Lmax=-141323.15
12:39:24 [ultranest] [DEBUG] iteration=2960, ncalls=4347, regioncalls=159280, ndraw=40, logz=-141338.49, remainder_fraction=99.6598%, Lmin=-141329.10, Lmax=-141323.15
12:39:24 [ultranest] [DEBUG] iteration=2972, ncalls=4362, regioncalls=159960, ndraw=40, logz=-141338.32, remainder_fraction=99.6004%, Lmin=-141328.92, Lmax=-141323.15
12:39:25 [ultranest] [DEBUG] iteration=2994, ncalls=4394, regioncalls=161240, ndraw=40, logz=-141338.02, remainder_fraction=99.4955%, Lmin=-141328.66, Lmax=-141323.15
12:39:25 [ultranest] [DEBUG] iteration=3000, ncalls=4403, regioncalls=161600, ndraw=40, logz=-141337.95, remainder_fraction=99.4610%, Lmin=-141328.60, Lmax=-141323.15
12:39:25 [ultranest] [DEBUG] iteration=3021, ncalls=4432, regioncalls=162760, ndraw=40, logz=-141337.68, remainder_fraction=99.2967%, Lmin=-141328.27, Lmax=-141323.15
12:39:25 [ultranest] [DEBUG] iteration=3039, ncalls=4462, regioncalls=163960, ndraw=40, logz=-141337.45, remainder_fraction=99.1524%, Lmin=-141328.05, Lmax=-141323.15
12:39:25 [ultranest] [DEBUG] iteration=3040, ncalls=4465, regioncalls=164080, ndraw=40, logz=-141337.44, remainder_fraction=99.1402%, Lmin=-141328.04, Lmax=-141323.15
12:39:25 [ultranest] [DEBUG] iteration=3059, ncalls=4488, regioncalls=165040, ndraw=40, logz=-141337.22, remainder_fraction=98.9341%, Lmin=-141327.81, Lmax=-141323.15
12:39:25 [ultranest] [DEBUG] iteration=3080, ncalls=4514, regioncalls=166080, ndraw=40, logz=-141336.99, remainder_fraction=98.6615%, Lmin=-141327.66, Lmax=-141323.15
12:39:25 [ultranest] [DEBUG] iteration=3101, ncalls=4542, regioncalls=167240, ndraw=40, logz=-141336.79, remainder_fraction=98.3483%, Lmin=-141327.43, Lmax=-141323.15
12:39:25 [ultranest] [DEBUG] iteration=3120, ncalls=4569, regioncalls=168320, ndraw=40, logz=-141336.60, remainder_fraction=98.0570%, Lmin=-141327.23, Lmax=-141323.15
12:39:25 [ultranest] [DEBUG] iteration=3142, ncalls=4597, regioncalls=169480, ndraw=40, logz=-141336.40, remainder_fraction=97.5855%, Lmin=-141327.01, Lmax=-141323.15
12:39:25 [ultranest] [DEBUG] iteration=3160, ncalls=4620, regioncalls=170480, ndraw=40, logz=-141336.24, remainder_fraction=97.1632%, Lmin=-141326.85, Lmax=-141323.15
12:39:26 [ultranest] [DEBUG] iteration=3182, ncalls=4649, regioncalls=171720, ndraw=40, logz=-141336.06, remainder_fraction=96.6565%, Lmin=-141326.62, Lmax=-141323.15
12:39:26 [ultranest] [DEBUG] iteration=3200, ncalls=4670, regioncalls=172560, ndraw=40, logz=-141335.90, remainder_fraction=96.0553%, Lmin=-141326.43, Lmax=-141323.15
12:39:26 [ultranest] [DEBUG] iteration=3220, ncalls=4699, regioncalls=173720, ndraw=40, logz=-141335.74, remainder_fraction=95.3908%, Lmin=-141326.30, Lmax=-141323.15
12:39:26 [ultranest] [DEBUG] iteration=3233, ncalls=4718, regioncalls=174560, ndraw=40, logz=-141335.64, remainder_fraction=94.8868%, Lmin=-141326.18, Lmax=-141323.15
12:39:26 [ultranest] [DEBUG] iteration=3240, ncalls=4729, regioncalls=175000, ndraw=40, logz=-141335.59, remainder_fraction=94.6475%, Lmin=-141326.14, Lmax=-141323.15
12:39:26 [ultranest] [DEBUG] iteration=3261, ncalls=4758, regioncalls=176160, ndraw=40, logz=-141335.44, remainder_fraction=93.8521%, Lmin=-141325.98, Lmax=-141323.15
12:39:26 [ultranest] [DEBUG] iteration=3280, ncalls=4788, regioncalls=177360, ndraw=40, logz=-141335.31, remainder_fraction=92.9641%, Lmin=-141325.81, Lmax=-141323.15
12:39:26 [ultranest] [DEBUG] iteration=3304, ncalls=4816, regioncalls=178480, ndraw=40, logz=-141335.14, remainder_fraction=91.6946%, Lmin=-141325.66, Lmax=-141323.15
12:39:26 [ultranest] [DEBUG] iteration=3320, ncalls=4837, regioncalls=179360, ndraw=40, logz=-141335.04, remainder_fraction=90.7298%, Lmin=-141325.59, Lmax=-141323.15
12:39:26 [ultranest] [DEBUG] iteration=3344, ncalls=4866, regioncalls=180520, ndraw=40, logz=-141334.90, remainder_fraction=89.3429%, Lmin=-141325.44, Lmax=-141323.15
12:39:26 [ultranest] [DEBUG] iteration=3360, ncalls=4885, regioncalls=181280, ndraw=40, logz=-141334.81, remainder_fraction=88.2609%, Lmin=-141325.36, Lmax=-141323.15
12:39:26 [ultranest] [DEBUG] iteration=3380, ncalls=4914, regioncalls=182440, ndraw=40, logz=-141334.70, remainder_fraction=86.8080%, Lmin=-141325.26, Lmax=-141323.15
12:39:27 [ultranest] [DEBUG] iteration=3400, ncalls=4940, regioncalls=183480, ndraw=40, logz=-141334.61, remainder_fraction=85.6182%, Lmin=-141325.18, Lmax=-141323.15
12:39:27 [ultranest] [DEBUG] iteration=3421, ncalls=4967, regioncalls=184560, ndraw=40, logz=-141334.51, remainder_fraction=84.1988%, Lmin=-141325.10, Lmax=-141323.15
12:39:27 [ultranest] [DEBUG] iteration=3440, ncalls=4989, regioncalls=185440, ndraw=40, logz=-141334.42, remainder_fraction=82.6968%, Lmin=-141324.98, Lmax=-141323.15
12:39:27 [ultranest] [DEBUG] iteration=3461, ncalls=5018, regioncalls=186600, ndraw=40, logz=-141334.33, remainder_fraction=81.1311%, Lmin=-141324.89, Lmax=-141323.14
12:39:27 [ultranest] [DEBUG] iteration=3480, ncalls=5045, regioncalls=187680, ndraw=40, logz=-141334.26, remainder_fraction=79.4852%, Lmin=-141324.79, Lmax=-141323.14
12:39:27 [ultranest] [DEBUG] iteration=3499, ncalls=5073, regioncalls=188800, ndraw=40, logz=-141334.18, remainder_fraction=77.9711%, Lmin=-141324.71, Lmax=-141323.14
12:39:27 [ultranest] [DEBUG] iteration=3520, ncalls=5100, regioncalls=189880, ndraw=40, logz=-141334.10, remainder_fraction=76.2012%, Lmin=-141324.64, Lmax=-141323.14
12:39:27 [ultranest] [DEBUG] iteration=3541, ncalls=5128, regioncalls=191000, ndraw=40, logz=-141334.03, remainder_fraction=74.3795%, Lmin=-141324.58, Lmax=-141323.14
12:39:27 [ultranest] [DEBUG] iteration=3560, ncalls=5154, regioncalls=192040, ndraw=40, logz=-141333.96, remainder_fraction=72.6853%, Lmin=-141324.51, Lmax=-141323.14
12:39:27 [ultranest] [DEBUG] iteration=3581, ncalls=5181, regioncalls=193200, ndraw=40, logz=-141333.90, remainder_fraction=70.8133%, Lmin=-141324.41, Lmax=-141323.14
12:39:28 [ultranest] [DEBUG] iteration=3600, ncalls=5202, regioncalls=194040, ndraw=40, logz=-141333.84, remainder_fraction=69.0799%, Lmin=-141324.34, Lmax=-141323.14
12:39:28 [ultranest] [DEBUG] iteration=3624, ncalls=5229, regioncalls=195120, ndraw=40, logz=-141333.77, remainder_fraction=66.9047%, Lmin=-141324.28, Lmax=-141323.14
12:39:28 [ultranest] [DEBUG] iteration=3640, ncalls=5256, regioncalls=196200, ndraw=40, logz=-141333.72, remainder_fraction=65.4199%, Lmin=-141324.25, Lmax=-141323.14
12:39:28 [ultranest] [DEBUG] iteration=3660, ncalls=5285, regioncalls=197360, ndraw=40, logz=-141333.67, remainder_fraction=63.5169%, Lmin=-141324.17, Lmax=-141323.14
12:39:28 [ultranest] [DEBUG] iteration=3668, ncalls=5293, regioncalls=197760, ndraw=40, logz=-141333.65, remainder_fraction=62.8026%, Lmin=-141324.17, Lmax=-141323.14
12:39:28 [ultranest] [DEBUG] iteration=3680, ncalls=5307, regioncalls=198320, ndraw=40, logz=-141333.62, remainder_fraction=61.6954%, Lmin=-141324.14, Lmax=-141323.14
12:39:28 [ultranest] [DEBUG] iteration=3702, ncalls=5335, regioncalls=199440, ndraw=40, logz=-141333.57, remainder_fraction=59.5110%, Lmin=-141324.10, Lmax=-141323.14
12:39:28 [ultranest] [DEBUG] iteration=3720, ncalls=5357, regioncalls=200320, ndraw=40, logz=-141333.53, remainder_fraction=57.8362%, Lmin=-141324.05, Lmax=-141323.14
12:39:28 [ultranest] [DEBUG] iteration=3742, ncalls=5386, regioncalls=201480, ndraw=40, logz=-141333.48, remainder_fraction=55.7791%, Lmin=-141323.99, Lmax=-141323.14
12:39:28 [ultranest] [DEBUG] iteration=3755, ncalls=5401, regioncalls=202160, ndraw=40, logz=-141333.45, remainder_fraction=54.5111%, Lmin=-141323.97, Lmax=-141323.14
12:39:28 [ultranest] [DEBUG] iteration=3760, ncalls=5411, regioncalls=202560, ndraw=40, logz=-141333.44, remainder_fraction=54.0601%, Lmin=-141323.96, Lmax=-141323.14
12:39:28 [ultranest] [DEBUG] iteration=3783, ncalls=5438, regioncalls=203680, ndraw=40, logz=-141333.40, remainder_fraction=51.8956%, Lmin=-141323.90, Lmax=-141323.14
12:39:28 [ultranest] [DEBUG] iteration=3800, ncalls=5465, regioncalls=204760, ndraw=40, logz=-141333.36, remainder_fraction=50.3056%, Lmin=-141323.87, Lmax=-141323.14
12:39:29 [ultranest] [DEBUG] iteration=3822, ncalls=5494, regioncalls=205920, ndraw=40, logz=-141333.33, remainder_fraction=48.2567%, Lmin=-141323.84, Lmax=-141323.14
12:39:29 [ultranest] [DEBUG] iteration=3840, ncalls=5519, regioncalls=206920, ndraw=40, logz=-141333.30, remainder_fraction=46.7647%, Lmin=-141323.81, Lmax=-141323.14
12:39:29 [ultranest] [DEBUG] iteration=3863, ncalls=5546, regioncalls=208000, ndraw=40, logz=-141333.26, remainder_fraction=44.7482%, Lmin=-141323.78, Lmax=-141323.14
12:39:29 [ultranest] [DEBUG] iteration=3880, ncalls=5568, regioncalls=208880, ndraw=40, logz=-141333.23, remainder_fraction=43.3023%, Lmin=-141323.76, Lmax=-141323.14
12:39:29 [ultranest] [DEBUG] iteration=3899, ncalls=5597, regioncalls=210040, ndraw=40, logz=-141333.21, remainder_fraction=41.7996%, Lmin=-141323.74, Lmax=-141323.14
12:39:29 [ultranest] [DEBUG] iteration=3920, ncalls=5625, regioncalls=211160, ndraw=40, logz=-141333.18, remainder_fraction=40.1318%, Lmin=-141323.71, Lmax=-141323.14
12:39:29 [ultranest] [DEBUG] iteration=3929, ncalls=5641, regioncalls=211840, ndraw=40, logz=-141333.17, remainder_fraction=39.4148%, Lmin=-141323.70, Lmax=-141323.14
12:39:29 [ultranest] [DEBUG] iteration=3955, ncalls=5668, regioncalls=212920, ndraw=40, logz=-141333.14, remainder_fraction=37.5155%, Lmin=-141323.66, Lmax=-141323.14
12:39:29 [ultranest] [DEBUG] iteration=3960, ncalls=5673, regioncalls=213120, ndraw=40, logz=-141333.13, remainder_fraction=37.1485%, Lmin=-141323.66, Lmax=-141323.14
12:39:29 [ultranest] [DEBUG] iteration=3984, ncalls=5701, regioncalls=214240, ndraw=40, logz=-141333.10, remainder_fraction=35.4829%, Lmin=-141323.63, Lmax=-141323.14
12:39:29 [ultranest] [DEBUG] iteration=4000, ncalls=5721, regioncalls=215040, ndraw=40, logz=-141333.08, remainder_fraction=34.3435%, Lmin=-141323.61, Lmax=-141323.14
12:39:30 [ultranest] [DEBUG] iteration=4024, ncalls=5747, regioncalls=216080, ndraw=40, logz=-141333.06, remainder_fraction=32.7168%, Lmin=-141323.58, Lmax=-141323.14
12:39:30 [ultranest] [DEBUG] iteration=4040, ncalls=5768, regioncalls=216920, ndraw=40, logz=-141333.04, remainder_fraction=31.6035%, Lmin=-141323.56, Lmax=-141323.14
12:39:30 [ultranest] [DEBUG] iteration=4062, ncalls=5796, regioncalls=218040, ndraw=40, logz=-141333.02, remainder_fraction=30.2014%, Lmin=-141323.53, Lmax=-141323.14
12:39:30 [ultranest] [DEBUG] iteration=4080, ncalls=5819, regioncalls=218960, ndraw=40, logz=-141333.01, remainder_fraction=29.1066%, Lmin=-141323.52, Lmax=-141323.14
12:39:30 [ultranest] [DEBUG] iteration=4102, ncalls=5850, regioncalls=220200, ndraw=40, logz=-141332.99, remainder_fraction=27.8140%, Lmin=-141323.49, Lmax=-141323.14
12:39:30 [ultranest] [DEBUG] iteration=4120, ncalls=5872, regioncalls=221080, ndraw=40, logz=-141332.97, remainder_fraction=26.7127%, Lmin=-141323.48, Lmax=-141323.14
12:39:30 [ultranest] [DEBUG] iteration=4139, ncalls=5901, regioncalls=222240, ndraw=40, logz=-141332.96, remainder_fraction=25.6197%, Lmin=-141323.46, Lmax=-141323.14
12:39:30 [ultranest] [DEBUG] iteration=4157, ncalls=5931, regioncalls=223440, ndraw=40, logz=-141332.94, remainder_fraction=24.6671%, Lmin=-141323.44, Lmax=-141323.14
12:39:30 [ultranest] [DEBUG] iteration=4160, ncalls=5935, regioncalls=223600, ndraw=40, logz=-141332.94, remainder_fraction=24.5086%, Lmin=-141323.44, Lmax=-141323.14
12:39:30 [ultranest] [DEBUG] iteration=4183, ncalls=5965, regioncalls=224800, ndraw=40, logz=-141332.93, remainder_fraction=23.2973%, Lmin=-141323.41, Lmax=-141323.14
12:39:30 [ultranest] [DEBUG] iteration=4190, ncalls=5974, regioncalls=225200, ndraw=40, logz=-141332.92, remainder_fraction=22.9167%, Lmin=-141323.41, Lmax=-141323.14
12:39:30 [ultranest] [DEBUG] iteration=4200, ncalls=5984, regioncalls=225600, ndraw=40, logz=-141332.91, remainder_fraction=22.4049%, Lmin=-141323.41, Lmax=-141323.14
12:39:30 [ultranest] [DEBUG] iteration=4219, ncalls=6014, regioncalls=226800, ndraw=40, logz=-141332.90, remainder_fraction=21.4720%, Lmin=-141323.39, Lmax=-141323.14
12:39:31 [ultranest] [DEBUG] iteration=4240, ncalls=6043, regioncalls=227960, ndraw=40, logz=-141332.89, remainder_fraction=20.4652%, Lmin=-141323.38, Lmax=-141323.14
12:39:31 [ultranest] [DEBUG] iteration=4262, ncalls=6072, regioncalls=229120, ndraw=40, logz=-141332.88, remainder_fraction=19.4456%, Lmin=-141323.37, Lmax=-141323.14
12:39:31 [ultranest] [DEBUG] iteration=4280, ncalls=6098, regioncalls=230160, ndraw=40, logz=-141332.87, remainder_fraction=18.6517%, Lmin=-141323.36, Lmax=-141323.14
12:39:31 [ultranest] [DEBUG] iteration=4301, ncalls=6129, regioncalls=231400, ndraw=40, logz=-141332.86, remainder_fraction=17.7618%, Lmin=-141323.35, Lmax=-141323.14
12:39:31 [ultranest] [DEBUG] iteration=4320, ncalls=6156, regioncalls=232480, ndraw=40, logz=-141332.85, remainder_fraction=16.9966%, Lmin=-141323.34, Lmax=-141323.14
12:39:31 [ultranest] [DEBUG] iteration=4341, ncalls=6185, regioncalls=233640, ndraw=40, logz=-141332.84, remainder_fraction=16.1833%, Lmin=-141323.33, Lmax=-141323.14
12:39:31 [ultranest] [DEBUG] iteration=4360, ncalls=6214, regioncalls=234800, ndraw=40, logz=-141332.83, remainder_fraction=15.4725%, Lmin=-141323.32, Lmax=-141323.14
12:39:31 [ultranest] [DEBUG] iteration=4364, ncalls=6219, regioncalls=235040, ndraw=40, logz=-141332.83, remainder_fraction=15.3241%, Lmin=-141323.32, Lmax=-141323.14
12:39:31 [ultranest] [DEBUG] iteration=4387, ncalls=6247, regioncalls=236160, ndraw=40, logz=-141332.82, remainder_fraction=14.5194%, Lmin=-141323.32, Lmax=-141323.14
12:39:31 [ultranest] [DEBUG] iteration=4400, ncalls=6261, regioncalls=236720, ndraw=40, logz=-141332.81, remainder_fraction=14.0865%, Lmin=-141323.31, Lmax=-141323.14
12:39:31 [ultranest] [DEBUG] iteration=4422, ncalls=6289, regioncalls=237840, ndraw=40, logz=-141332.80, remainder_fraction=13.3704%, Lmin=-141323.30, Lmax=-141323.14
12:39:32 [ultranest] [DEBUG] iteration=4440, ncalls=6310, regioncalls=238680, ndraw=40, logz=-141332.80, remainder_fraction=12.8094%, Lmin=-141323.29, Lmax=-141323.14
12:39:32 [ultranest] [DEBUG] iteration=4451, ncalls=6325, regioncalls=239320, ndraw=40, logz=-141332.79, remainder_fraction=12.4722%, Lmin=-141323.29, Lmax=-141323.14
12:39:32 [ultranest] [DEBUG] iteration=4473, ncalls=6354, regioncalls=240480, ndraw=40, logz=-141332.79, remainder_fraction=11.8305%, Lmin=-141323.28, Lmax=-141323.14
12:39:32 [ultranest] [DEBUG] iteration=4480, ncalls=6364, regioncalls=240880, ndraw=40, logz=-141332.78, remainder_fraction=11.6276%, Lmin=-141323.28, Lmax=-141323.14
12:39:32 [ultranest] [DEBUG] iteration=4502, ncalls=6392, regioncalls=242000, ndraw=40, logz=-141332.78, remainder_fraction=11.0275%, Lmin=-141323.27, Lmax=-141323.14
12:39:32 [ultranest] [DEBUG] iteration=4520, ncalls=6417, regioncalls=243000, ndraw=40, logz=-141332.77, remainder_fraction=10.5507%, Lmin=-141323.26, Lmax=-141323.14
12:39:32 [ultranest] [DEBUG] iteration=4538, ncalls=6440, regioncalls=243960, ndraw=40, logz=-141332.77, remainder_fraction=10.0963%, Lmin=-141323.26, Lmax=-141323.14
12:39:32 [ultranest] [DEBUG] iteration=4560, ncalls=6469, regioncalls=245120, ndraw=40, logz=-141332.76, remainder_fraction=9.5685%, Lmin=-141323.25, Lmax=-141323.14
12:39:32 [ultranest] [DEBUG] iteration=4582, ncalls=6499, regioncalls=246320, ndraw=40, logz=-141332.76, remainder_fraction=9.0662%, Lmin=-141323.25, Lmax=-141323.14
12:39:32 [ultranest] [DEBUG] iteration=4600, ncalls=6522, regioncalls=247240, ndraw=40, logz=-141332.75, remainder_fraction=8.6752%, Lmin=-141323.24, Lmax=-141323.14
12:39:32 [ultranest] [DEBUG] iteration=4623, ncalls=6550, regioncalls=248360, ndraw=40, logz=-141332.75, remainder_fraction=8.2023%, Lmin=-141323.23, Lmax=-141323.14
12:39:33 [ultranest] [DEBUG] iteration=4640, ncalls=6573, regioncalls=249280, ndraw=40, logz=-141332.74, remainder_fraction=7.8657%, Lmin=-141323.23, Lmax=-141323.14
12:39:33 [ultranest] [DEBUG] iteration=4660, ncalls=6602, regioncalls=250440, ndraw=40, logz=-141332.74, remainder_fraction=7.4860%, Lmin=-141323.22, Lmax=-141323.14
12:39:33 [ultranest] [DEBUG] iteration=4680, ncalls=6632, regioncalls=251640, ndraw=40, logz=-141332.73, remainder_fraction=7.1236%, Lmin=-141323.22, Lmax=-141323.14
12:39:33 [ultranest] [DEBUG] iteration=4698, ncalls=6661, regioncalls=252800, ndraw=40, logz=-141332.73, remainder_fraction=6.8096%, Lmin=-141323.21, Lmax=-141323.14
12:39:33 [ultranest] [DEBUG] iteration=4712, ncalls=6681, regioncalls=253680, ndraw=40, logz=-141332.73, remainder_fraction=6.5754%, Lmin=-141323.21, Lmax=-141323.14
12:39:33 [ultranest] [DEBUG] iteration=4720, ncalls=6691, regioncalls=254080, ndraw=40, logz=-141332.73, remainder_fraction=6.4442%, Lmin=-141323.21, Lmax=-141323.14
12:39:33 [ultranest] [DEBUG] iteration=4744, ncalls=6719, regioncalls=255200, ndraw=40, logz=-141332.72, remainder_fraction=6.0672%, Lmin=-141323.21, Lmax=-141323.14
12:39:33 [ultranest] [DEBUG] iteration=4760, ncalls=6738, regioncalls=255960, ndraw=40, logz=-141332.72, remainder_fraction=5.8292%, Lmin=-141323.20, Lmax=-141323.14
12:39:33 [ultranest] [DEBUG] iteration=4779, ncalls=6767, regioncalls=257120, ndraw=40, logz=-141332.72, remainder_fraction=5.5576%, Lmin=-141323.20, Lmax=-141323.14
12:39:33 [ultranest] [DEBUG] iteration=4799, ncalls=6790, regioncalls=258080, ndraw=40, logz=-141332.72, remainder_fraction=5.2857%, Lmin=-141323.20, Lmax=-141323.14
12:39:33 [ultranest] [DEBUG] iteration=4800, ncalls=6791, regioncalls=258120, ndraw=40, logz=-141332.72, remainder_fraction=5.2723%, Lmin=-141323.20, Lmax=-141323.14
12:39:33 [ultranest] [DEBUG] iteration=4824, ncalls=6819, regioncalls=259240, ndraw=40, logz=-141332.71, remainder_fraction=4.9635%, Lmin=-141323.19, Lmax=-141323.14
12:39:33 [ultranest] [DEBUG] iteration=4840, ncalls=6838, regioncalls=260000, ndraw=40, logz=-141332.71, remainder_fraction=4.7664%, Lmin=-141323.19, Lmax=-141323.14
12:39:34 [ultranest] [DEBUG] iteration=4862, ncalls=6866, regioncalls=261120, ndraw=40, logz=-141332.71, remainder_fraction=4.5087%, Lmin=-141323.19, Lmax=-141323.14
12:39:34 [ultranest] [DEBUG] iteration=4880, ncalls=6892, regioncalls=262160, ndraw=40, logz=-141332.70, remainder_fraction=4.3086%, Lmin=-141323.19, Lmax=-141323.14
12:39:34 [ultranest] [DEBUG] iteration=4886, ncalls=6901, regioncalls=262560, ndraw=40, logz=-141332.70, remainder_fraction=4.2434%, Lmin=-141323.19, Lmax=-141323.14
12:39:34 [ultranest] [DEBUG] iteration=4909, ncalls=6929, regioncalls=263680, ndraw=40, logz=-141332.70, remainder_fraction=4.0029%, Lmin=-141323.18, Lmax=-141323.14
12:39:34 [ultranest] [DEBUG] iteration=4920, ncalls=6942, regioncalls=264200, ndraw=40, logz=-141332.70, remainder_fraction=3.8930%, Lmin=-141323.18, Lmax=-141323.14
12:39:34 [ultranest] [DEBUG] iteration=4944, ncalls=6969, regioncalls=265280, ndraw=40, logz=-141332.70, remainder_fraction=3.6629%, Lmin=-141323.18, Lmax=-141323.14
12:39:34 [ultranest] [DEBUG] iteration=4960, ncalls=6995, regioncalls=266320, ndraw=40, logz=-141332.70, remainder_fraction=3.5169%, Lmin=-141323.18, Lmax=-141323.14
12:39:34 [ultranest] [DEBUG] iteration=4973, ncalls=7015, regioncalls=267160, ndraw=40, logz=-141332.70, remainder_fraction=3.4022%, Lmin=-141323.18, Lmax=-141323.14
12:39:34 [ultranest] [DEBUG] iteration=4998, ncalls=7043, regioncalls=268280, ndraw=40, logz=-141332.69, remainder_fraction=3.1921%, Lmin=-141323.17, Lmax=-141323.14
12:39:34 [ultranest] [DEBUG] iteration=5000, ncalls=7045, regioncalls=268360, ndraw=40, logz=-141332.69, remainder_fraction=3.1757%, Lmin=-141323.17, Lmax=-141323.14
12:39:34 [ultranest] [DEBUG] iteration=5024, ncalls=7074, regioncalls=269520, ndraw=40, logz=-141332.69, remainder_fraction=2.9872%, Lmin=-141323.17, Lmax=-141323.14
12:39:34 [ultranest] [DEBUG] iteration=5040, ncalls=7101, regioncalls=270600, ndraw=40, logz=-141332.69, remainder_fraction=2.8675%, Lmin=-141323.17, Lmax=-141323.14
12:39:35 [ultranest] [DEBUG] iteration=5059, ncalls=7130, regioncalls=271760, ndraw=40, logz=-141332.69, remainder_fraction=2.7317%, Lmin=-141323.17, Lmax=-141323.14
12:39:35 [ultranest] [DEBUG] iteration=5060, ncalls=7131, regioncalls=271840, ndraw=40, logz=-141332.69, remainder_fraction=2.7248%, Lmin=-141323.17, Lmax=-141323.14
12:39:35 [ultranest] [DEBUG] iteration=5080, ncalls=7156, regioncalls=272840, ndraw=40, logz=-141332.69, remainder_fraction=2.5893%, Lmin=-141323.17, Lmax=-141323.14
12:39:35 [ultranest] [DEBUG] iteration=5101, ncalls=7185, regioncalls=274000, ndraw=40, logz=-141332.69, remainder_fraction=2.4539%, Lmin=-141323.17, Lmax=-141323.14
12:39:35 [ultranest] [DEBUG] iteration=5120, ncalls=7212, regioncalls=275080, ndraw=40, logz=-141332.68, remainder_fraction=2.3376%, Lmin=-141323.17, Lmax=-141323.14
12:39:35 [ultranest] [DEBUG] iteration=5139, ncalls=7241, regioncalls=276240, ndraw=40, logz=-141332.68, remainder_fraction=2.2265%, Lmin=-141323.16, Lmax=-141323.14
12:39:35 [ultranest] [DEBUG] iteration=5147, ncalls=7251, regioncalls=276680, ndraw=40, logz=-141332.68, remainder_fraction=2.1814%, Lmin=-141323.16, Lmax=-141323.14
12:39:35 [ultranest] [DEBUG] iteration=5160, ncalls=7265, regioncalls=277240, ndraw=40, logz=-141332.68, remainder_fraction=2.1099%, Lmin=-141323.16, Lmax=-141323.14
12:39:35 [ultranest] [DEBUG] iteration=5180, ncalls=7295, regioncalls=278440, ndraw=40, logz=-141332.68, remainder_fraction=2.0046%, Lmin=-141323.16, Lmax=-141323.14
12:39:35 [ultranest] [DEBUG] iteration=5200, ncalls=7323, regioncalls=279560, ndraw=40, logz=-141332.68, remainder_fraction=1.9043%, Lmin=-141323.16, Lmax=-141323.14
12:39:35 [ultranest] [DEBUG] iteration=5220, ncalls=7352, regioncalls=280720, ndraw=40, logz=-141332.68, remainder_fraction=1.8092%, Lmin=-141323.16, Lmax=-141323.14
12:39:35 [ultranest] [DEBUG] iteration=5234, ncalls=7375, regioncalls=281680, ndraw=40, logz=-141332.68, remainder_fraction=1.7452%, Lmin=-141323.16, Lmax=-141323.14
12:39:35 [ultranest] [DEBUG] iteration=5240, ncalls=7383, regioncalls=282000, ndraw=40, logz=-141332.68, remainder_fraction=1.7186%, Lmin=-141323.16, Lmax=-141323.14
12:39:36 [ultranest] [DEBUG] iteration=5261, ncalls=7411, regioncalls=283120, ndraw=40, logz=-141332.68, remainder_fraction=1.6285%, Lmin=-141323.16, Lmax=-141323.14
12:39:36 [ultranest] [DEBUG] iteration=5280, ncalls=7438, regioncalls=284200, ndraw=40, logz=-141332.68, remainder_fraction=1.5510%, Lmin=-141323.16, Lmax=-141323.14
12:39:36 [ultranest] [DEBUG] iteration=5305, ncalls=7466, regioncalls=285320, ndraw=40, logz=-141332.68, remainder_fraction=1.4545%, Lmin=-141323.16, Lmax=-141323.14
12:39:36 [ultranest] [DEBUG] iteration=5320, ncalls=7485, regioncalls=286080, ndraw=40, logz=-141332.68, remainder_fraction=1.3995%, Lmin=-141323.16, Lmax=-141323.14
12:39:36 [ultranest] [DEBUG] iteration=5341, ncalls=7511, regioncalls=287120, ndraw=40, logz=-141332.67, remainder_fraction=1.3259%, Lmin=-141323.15, Lmax=-141323.14
12:39:36 [ultranest] [DEBUG] iteration=5360, ncalls=7538, regioncalls=288200, ndraw=40, logz=-141332.67, remainder_fraction=1.2628%, Lmin=-141323.15, Lmax=-141323.14
12:39:36 [ultranest] [DEBUG] iteration=5380, ncalls=7567, regioncalls=289360, ndraw=40, logz=-141332.67, remainder_fraction=1.1994%, Lmin=-141323.15, Lmax=-141323.14
12:39:36 [ultranest] [DEBUG] iteration=5400, ncalls=7592, regioncalls=290360, ndraw=40, logz=-141332.67, remainder_fraction=1.1392%, Lmin=-141323.15, Lmax=-141323.14
12:39:36 [ultranest] [DEBUG] iteration=5408, ncalls=7603, regioncalls=290920, ndraw=40, logz=-141332.67, remainder_fraction=1.1159%, Lmin=-141323.15, Lmax=-141323.14
12:39:36 [ultranest] [DEBUG] iteration=5428, ncalls=7631, regioncalls=292040, ndraw=40, logz=-141332.67, remainder_fraction=1.0599%, Lmin=-141323.15, Lmax=-141323.14
12:39:36 [ultranest] [DEBUG] iteration=5440, ncalls=7647, regioncalls=292680, ndraw=40, logz=-141332.67, remainder_fraction=1.0276%, Lmin=-141323.15, Lmax=-141323.14
12:39:36 [ultranest] [INFO] Explored until L=-1e+05  
12:39:36 [ultranest] [INFO] Likelihood function evaluations: 7658
12:39:38 [ultranest] [INFO] Writing samples and results to disk ...
12:39:38 [ultranest] [INFO] Writing samples and results to disk ... done
12:39:38 [ultranest] [DEBUG] did a run_iter pass!
12:39:38 [ultranest] [INFO]   logZ = -1.413e+05 +- 0.1072
12:39:38 [ultranest] [INFO] Effective samples strategy satisfied (ESS = 1569.1, need >400)
12:39:38 [ultranest] [INFO] Posterior uncertainty strategy is satisfied (KL: 0.46+-0.07 nat, need <0.50 nat)
12:39:38 [ultranest] [INFO] Evidency uncertainty strategy is satisfied (dlogz=0.11, need <0.5)
12:39:38 [ultranest] [INFO]   logZ error budget: single: 0.15 bs:0.11 tail:0.01 total:0.11 required:<0.50
12:39:38 [ultranest] [INFO] done iterating.
12:39:38 [ultranest] [DEBUG] Making corner plot ...
12:39:38 [ultranest] [DEBUG] Making corner plot ... done
12:39:38 [ultranest] [DEBUG] Making run plot ... 
12:39:39 [ultranest] [DEBUG] Making run plot ... done
12:39:39 [ultranest] [DEBUG] Making trace plot ... 
12:39:40 [ultranest] [DEBUG] Making trace plot ... done
