12:38:31 [ultranest] [DEBUG] ReactiveNestedSampler: dims=2+0, resume=False, log_dir=./m-values/N32/S16/M32/T029/P02/NF2/sample_rho, backend=hdf5, vectorized=False, nbootstraps=30, ndraw=128..65536
12:38:31 [ultranest] [INFO] Sampling 400 live points from prior ...
12:38:33 [ultranest] [DEBUG] run_iter dlogz=0.5, dKL=0.5, frac_remain=0.01, Lepsilon=0.0010, min_ess=400
12:38:33 [ultranest] [DEBUG] max_iters=-1, max_ncalls=-1, max_num_improvement_loops=-1, min_num_live_points=400, cluster_num_live_points=40
12:38:33 [ultranest] [DEBUG] minimal_widths_sequence: [(-inf, 400.0), (inf, 400.0)]
12:38:33 [ultranest] [DEBUG] Plateau detected at L=-2.210482e+07, not replacing live point.
12:38:33 [ultranest] [DEBUG] Plateau detected at L=-2.210482e+07, not replacing live point.
12:38:33 [ultranest] [DEBUG] Plateau detected at L=-2.210482e+07, not replacing live point.
12:38:33 [ultranest] [DEBUG] Plateau detected at L=-2.210482e+07, not replacing live point.
12:38:33 [ultranest] [DEBUG] Plateau detected at L=-2.210482e+07, not replacing live point.
12:38:33 [ultranest] [DEBUG] Plateau detected at L=-2.210482e+07, not replacing live point.
12:38:33 [ultranest] [DEBUG] Plateau detected at L=-2.210482e+07, not replacing live point.
12:38:33 [ultranest] [DEBUG] Plateau detected at L=-2.210482e+07, not replacing live point.
12:38:33 [ultranest] [DEBUG] Plateau detected at L=-2.210482e+07, not replacing live point.
12:38:33 [ultranest] [DEBUG] Plateau detected at L=-2.210482e+07, not replacing live point.
12:38:33 [ultranest] [DEBUG] Plateau detected at L=-2.210482e+07, not replacing live point.
12:38:33 [ultranest] [DEBUG] Plateau detected at L=-2.210482e+07, not replacing live point.
12:38:33 [ultranest] [DEBUG] Plateau detected at L=-2.210482e+07, not replacing live point.
12:38:33 [ultranest] [DEBUG] iteration=13, ncalls=401, regioncalls=40, ndraw=40, logz=-22104820.32, remainder_fraction=100.0000%, Lmin=-22104816.89, Lmax=-172413.80
12:38:33 [ultranest] [DEBUG] iteration=37, ncalls=425, regioncalls=1000, ndraw=40, logz=-199585.67, remainder_fraction=100.0000%, Lmin=-199409.37, Lmax=-172413.80
12:38:33 [ultranest] [DEBUG] iteration=40, ncalls=430, regioncalls=1200, ndraw=40, logz=-199201.68, remainder_fraction=100.0000%, Lmin=-199185.64, Lmax=-172413.80
12:38:33 [ultranest] [DEBUG] iteration=61, ncalls=454, regioncalls=2160, ndraw=40, logz=-194841.77, remainder_fraction=100.0000%, Lmin=-194805.35, Lmax=-172413.80
12:38:33 [ultranest] [DEBUG] iteration=80, ncalls=477, regioncalls=3080, ndraw=40, logz=-192493.06, remainder_fraction=100.0000%, Lmin=-192415.46, Lmax=-172413.80
12:38:33 [ultranest] [DEBUG] iteration=100, ncalls=500, regioncalls=4000, ndraw=40, logz=-190371.98, remainder_fraction=100.0000%, Lmin=-190316.53, Lmax=-172413.80
12:38:33 [ultranest] [DEBUG] iteration=120, ncalls=523, regioncalls=4920, ndraw=40, logz=-188837.90, remainder_fraction=100.0000%, Lmin=-188802.20, Lmax=-172413.80
12:38:33 [ultranest] [DEBUG] iteration=140, ncalls=547, regioncalls=5880, ndraw=40, logz=-187335.11, remainder_fraction=100.0000%, Lmin=-187324.43, Lmax=-172388.43
12:38:33 [ultranest] [DEBUG] iteration=160, ncalls=571, regioncalls=6840, ndraw=40, logz=-185909.58, remainder_fraction=100.0000%, Lmin=-185892.68, Lmax=-172388.43
12:38:33 [ultranest] [DEBUG] iteration=180, ncalls=596, regioncalls=7840, ndraw=40, logz=-185210.09, remainder_fraction=100.0000%, Lmin=-185160.07, Lmax=-172388.43
12:38:33 [ultranest] [DEBUG] iteration=200, ncalls=618, regioncalls=8720, ndraw=40, logz=-184461.43, remainder_fraction=100.0000%, Lmin=-184451.11, Lmax=-172388.43
12:38:34 [ultranest] [DEBUG] iteration=220, ncalls=643, regioncalls=9720, ndraw=40, logz=-183542.26, remainder_fraction=100.0000%, Lmin=-183527.95, Lmax=-172388.43
12:38:34 [ultranest] [DEBUG] iteration=240, ncalls=665, regioncalls=10600, ndraw=40, logz=-182994.21, remainder_fraction=100.0000%, Lmin=-182981.58, Lmax=-172388.43
12:38:34 [ultranest] [DEBUG] iteration=257, ncalls=690, regioncalls=11600, ndraw=40, logz=-182299.06, remainder_fraction=100.0000%, Lmin=-182270.94, Lmax=-172388.43
12:38:34 [ultranest] [DEBUG] iteration=274, ncalls=713, regioncalls=12520, ndraw=40, logz=-181913.37, remainder_fraction=100.0000%, Lmin=-181857.52, Lmax=-172388.43
12:38:34 [ultranest] [DEBUG] iteration=280, ncalls=722, regioncalls=12880, ndraw=40, logz=-181784.36, remainder_fraction=100.0000%, Lmin=-181767.57, Lmax=-172388.43
12:38:34 [ultranest] [DEBUG] iteration=302, ncalls=746, regioncalls=13840, ndraw=40, logz=-181179.59, remainder_fraction=100.0000%, Lmin=-181158.73, Lmax=-172388.43
12:38:34 [ultranest] [DEBUG] iteration=317, ncalls=772, regioncalls=14880, ndraw=40, logz=-180811.13, remainder_fraction=100.0000%, Lmin=-180801.58, Lmax=-172388.43
12:38:34 [ultranest] [DEBUG] iteration=320, ncalls=776, regioncalls=15040, ndraw=40, logz=-180683.08, remainder_fraction=100.0000%, Lmin=-180669.60, Lmax=-172388.43
12:38:34 [ultranest] [DEBUG] iteration=339, ncalls=803, regioncalls=16120, ndraw=40, logz=-180342.99, remainder_fraction=100.0000%, Lmin=-180289.33, Lmax=-172388.43
12:38:34 [ultranest] [DEBUG] iteration=359, ncalls=832, regioncalls=17280, ndraw=40, logz=-180002.93, remainder_fraction=100.0000%, Lmin=-179936.09, Lmax=-172388.43
12:38:34 [ultranest] [DEBUG] iteration=360, ncalls=833, regioncalls=17320, ndraw=40, logz=-179942.98, remainder_fraction=100.0000%, Lmin=-179934.42, Lmax=-172388.43
12:38:34 [ultranest] [DEBUG] iteration=361, ncalls=834, regioncalls=17360, ndraw=40, logz=-179941.13, remainder_fraction=100.0000%, Lmin=-179853.47, Lmax=-172388.43
12:38:34 [ultranest] [DEBUG] iteration=381, ncalls=859, regioncalls=18360, ndraw=40, logz=-179438.31, remainder_fraction=100.0000%, Lmin=-179389.54, Lmax=-172388.43
12:38:35 [ultranest] [DEBUG] iteration=400, ncalls=884, regioncalls=19360, ndraw=40, logz=-179029.90, remainder_fraction=100.0000%, Lmin=-178930.99, Lmax=-172388.43
12:38:35 [ultranest] [DEBUG] iteration=422, ncalls=909, regioncalls=20360, ndraw=40, logz=-178522.43, remainder_fraction=100.0000%, Lmin=-178505.86, Lmax=-172388.43
12:38:35 [ultranest] [DEBUG] iteration=440, ncalls=932, regioncalls=21280, ndraw=40, logz=-178354.76, remainder_fraction=100.0000%, Lmin=-178326.97, Lmax=-172388.43
12:38:35 [ultranest] [DEBUG] iteration=448, ncalls=941, regioncalls=21640, ndraw=40, logz=-178234.60, remainder_fraction=100.0000%, Lmin=-178212.86, Lmax=-172388.43
12:38:35 [ultranest] [DEBUG] iteration=466, ncalls=966, regioncalls=22640, ndraw=40, logz=-178011.34, remainder_fraction=100.0000%, Lmin=-177975.35, Lmax=-172388.43
12:38:35 [ultranest] [DEBUG] iteration=480, ncalls=981, regioncalls=23240, ndraw=40, logz=-177702.59, remainder_fraction=100.0000%, Lmin=-177686.35, Lmax=-172388.43
12:38:35 [ultranest] [DEBUG] iteration=500, ncalls=1006, regioncalls=24240, ndraw=40, logz=-177423.63, remainder_fraction=100.0000%, Lmin=-177414.05, Lmax=-172388.43
12:38:35 [ultranest] [DEBUG] iteration=516, ncalls=1033, regioncalls=25320, ndraw=40, logz=-177137.29, remainder_fraction=100.0000%, Lmin=-177114.52, Lmax=-172388.43
12:38:35 [ultranest] [DEBUG] iteration=520, ncalls=1037, regioncalls=25480, ndraw=40, logz=-177097.82, remainder_fraction=100.0000%, Lmin=-177078.72, Lmax=-172388.43
12:38:35 [ultranest] [DEBUG] iteration=535, ncalls=1056, regioncalls=26240, ndraw=40, logz=-176905.29, remainder_fraction=100.0000%, Lmin=-176882.08, Lmax=-172388.43
12:38:35 [ultranest] [DEBUG] iteration=555, ncalls=1080, regioncalls=27200, ndraw=40, logz=-176587.46, remainder_fraction=100.0000%, Lmin=-176572.56, Lmax=-172388.43
12:38:35 [ultranest] [DEBUG] iteration=560, ncalls=1087, regioncalls=27480, ndraw=40, logz=-176502.44, remainder_fraction=100.0000%, Lmin=-176470.86, Lmax=-172388.43
12:38:36 [ultranest] [DEBUG] iteration=580, ncalls=1112, regioncalls=28480, ndraw=40, logz=-176297.08, remainder_fraction=100.0000%, Lmin=-176259.62, Lmax=-172388.43
12:38:36 [ultranest] [DEBUG] iteration=598, ncalls=1135, regioncalls=29400, ndraw=40, logz=-176021.37, remainder_fraction=100.0000%, Lmin=-176009.53, Lmax=-172388.43
12:38:36 [ultranest] [DEBUG] iteration=600, ncalls=1139, regioncalls=29560, ndraw=40, logz=-175985.79, remainder_fraction=100.0000%, Lmin=-175951.59, Lmax=-172388.43
12:38:36 [ultranest] [DEBUG] iteration=618, ncalls=1164, regioncalls=30560, ndraw=40, logz=-175794.70, remainder_fraction=100.0000%, Lmin=-175785.60, Lmax=-172388.43
12:38:36 [ultranest] [DEBUG] iteration=622, ncalls=1170, regioncalls=30800, ndraw=40, logz=-175774.15, remainder_fraction=100.0000%, Lmin=-175739.48, Lmax=-172388.43
12:38:36 [ultranest] [DEBUG] iteration=640, ncalls=1194, regioncalls=31760, ndraw=40, logz=-175605.18, remainder_fraction=100.0000%, Lmin=-175582.95, Lmax=-172388.43
12:38:36 [ultranest] [DEBUG] iteration=660, ncalls=1218, regioncalls=32720, ndraw=40, logz=-175426.52, remainder_fraction=100.0000%, Lmin=-175417.46, Lmax=-172380.74
12:38:36 [ultranest] [DEBUG] iteration=680, ncalls=1243, regioncalls=33720, ndraw=40, logz=-175246.33, remainder_fraction=100.0000%, Lmin=-175236.13, Lmax=-172380.74
12:38:36 [ultranest] [DEBUG] iteration=699, ncalls=1268, regioncalls=34720, ndraw=40, logz=-175099.51, remainder_fraction=100.0000%, Lmin=-175090.13, Lmax=-172380.74
12:38:36 [ultranest] [DEBUG] iteration=709, ncalls=1281, regioncalls=35240, ndraw=40, logz=-174989.76, remainder_fraction=100.0000%, Lmin=-174975.71, Lmax=-172380.74
12:38:36 [ultranest] [DEBUG] iteration=720, ncalls=1295, regioncalls=35800, ndraw=40, logz=-174893.50, remainder_fraction=100.0000%, Lmin=-174880.37, Lmax=-172380.74
12:38:36 [ultranest] [DEBUG] iteration=740, ncalls=1319, regioncalls=36760, ndraw=40, logz=-174653.37, remainder_fraction=100.0000%, Lmin=-174637.32, Lmax=-172380.74
12:38:37 [ultranest] [DEBUG] iteration=758, ncalls=1344, regioncalls=37760, ndraw=40, logz=-174523.24, remainder_fraction=100.0000%, Lmin=-174473.40, Lmax=-172380.74
12:38:37 [ultranest] [DEBUG] iteration=760, ncalls=1346, regioncalls=37840, ndraw=40, logz=-174472.13, remainder_fraction=100.0000%, Lmin=-174461.63, Lmax=-172380.74
12:38:37 [ultranest] [DEBUG] iteration=776, ncalls=1371, regioncalls=38840, ndraw=40, logz=-174376.74, remainder_fraction=100.0000%, Lmin=-174365.39, Lmax=-172380.74
12:38:37 [ultranest] [DEBUG] iteration=795, ncalls=1396, regioncalls=39840, ndraw=40, logz=-174245.39, remainder_fraction=100.0000%, Lmin=-174236.64, Lmax=-172380.74
12:38:37 [ultranest] [DEBUG] iteration=796, ncalls=1397, regioncalls=39880, ndraw=40, logz=-174244.26, remainder_fraction=100.0000%, Lmin=-174217.34, Lmax=-172380.74
12:38:37 [ultranest] [DEBUG] iteration=800, ncalls=1401, regioncalls=40040, ndraw=40, logz=-174214.23, remainder_fraction=100.0000%, Lmin=-174202.77, Lmax=-172380.74
12:38:37 [ultranest] [DEBUG] iteration=820, ncalls=1427, regioncalls=41080, ndraw=40, logz=-174105.10, remainder_fraction=100.0000%, Lmin=-174096.39, Lmax=-172380.74
12:38:37 [ultranest] [DEBUG] iteration=837, ncalls=1452, regioncalls=42080, ndraw=40, logz=-174016.22, remainder_fraction=100.0000%, Lmin=-174005.14, Lmax=-172380.74
12:38:37 [ultranest] [DEBUG] iteration=840, ncalls=1456, regioncalls=42240, ndraw=40, logz=-174009.37, remainder_fraction=100.0000%, Lmin=-173996.80, Lmax=-172380.74
12:38:37 [ultranest] [DEBUG] iteration=856, ncalls=1482, regioncalls=43280, ndraw=40, logz=-173931.17, remainder_fraction=100.0000%, Lmin=-173921.76, Lmax=-172380.74
12:38:37 [ultranest] [DEBUG] iteration=874, ncalls=1507, regioncalls=44280, ndraw=40, logz=-173874.02, remainder_fraction=100.0000%, Lmin=-173860.99, Lmax=-172380.74
12:38:37 [ultranest] [DEBUG] iteration=880, ncalls=1516, regioncalls=44640, ndraw=40, logz=-173846.46, remainder_fraction=100.0000%, Lmin=-173836.77, Lmax=-172380.74
12:38:37 [ultranest] [DEBUG] iteration=883, ncalls=1519, regioncalls=44760, ndraw=40, logz=-173842.84, remainder_fraction=100.0000%, Lmin=-173832.75, Lmax=-172380.74
12:38:37 [ultranest] [DEBUG] iteration=902, ncalls=1545, regioncalls=45800, ndraw=40, logz=-173781.31, remainder_fraction=100.0000%, Lmin=-173769.53, Lmax=-172380.74
12:38:37 [ultranest] [DEBUG] iteration=920, ncalls=1567, regioncalls=46680, ndraw=40, logz=-173722.60, remainder_fraction=100.0000%, Lmin=-173710.34, Lmax=-172380.74
12:38:38 [ultranest] [DEBUG] iteration=941, ncalls=1591, regioncalls=47640, ndraw=40, logz=-173674.41, remainder_fraction=100.0000%, Lmin=-173662.03, Lmax=-172380.74
12:38:38 [ultranest] [DEBUG] iteration=960, ncalls=1617, regioncalls=48680, ndraw=40, logz=-173603.82, remainder_fraction=100.0000%, Lmin=-173595.24, Lmax=-172380.74
12:38:38 [ultranest] [DEBUG] iteration=980, ncalls=1639, regioncalls=49560, ndraw=40, logz=-173541.00, remainder_fraction=100.0000%, Lmin=-173530.28, Lmax=-172380.74
12:38:38 [ultranest] [DEBUG] iteration=1000, ncalls=1664, regioncalls=50560, ndraw=40, logz=-173483.54, remainder_fraction=100.0000%, Lmin=-173469.82, Lmax=-172380.74
12:38:38 [ultranest] [DEBUG] iteration=1016, ncalls=1690, regioncalls=51600, ndraw=40, logz=-173435.78, remainder_fraction=100.0000%, Lmin=-173423.41, Lmax=-172380.74
12:38:38 [ultranest] [DEBUG] iteration=1031, ncalls=1715, regioncalls=52680, ndraw=40, logz=-173406.21, remainder_fraction=100.0000%, Lmin=-173396.73, Lmax=-172380.74
12:38:38 [ultranest] [DEBUG] iteration=1040, ncalls=1730, regioncalls=53280, ndraw=40, logz=-173384.66, remainder_fraction=100.0000%, Lmin=-173375.76, Lmax=-172380.74
12:38:38 [ultranest] [DEBUG] iteration=1057, ncalls=1750, regioncalls=54120, ndraw=40, logz=-173345.12, remainder_fraction=100.0000%, Lmin=-173335.81, Lmax=-172380.74
12:38:38 [ultranest] [DEBUG] iteration=1077, ncalls=1774, regioncalls=55080, ndraw=40, logz=-173284.06, remainder_fraction=100.0000%, Lmin=-173272.96, Lmax=-172376.99
12:38:38 [ultranest] [DEBUG] iteration=1080, ncalls=1778, regioncalls=55240, ndraw=40, logz=-173278.02, remainder_fraction=100.0000%, Lmin=-173267.31, Lmax=-172376.99
12:38:38 [ultranest] [DEBUG] iteration=1103, ncalls=1802, regioncalls=56200, ndraw=40, logz=-173223.45, remainder_fraction=100.0000%, Lmin=-173214.35, Lmax=-172376.99
12:38:39 [ultranest] [DEBUG] iteration=1120, ncalls=1826, regioncalls=57160, ndraw=40, logz=-173192.03, remainder_fraction=100.0000%, Lmin=-173182.46, Lmax=-172376.99
12:38:39 [ultranest] [DEBUG] iteration=1139, ncalls=1851, regioncalls=58160, ndraw=40, logz=-173150.05, remainder_fraction=100.0000%, Lmin=-173139.64, Lmax=-172376.99
12:38:39 [ultranest] [DEBUG] iteration=1144, ncalls=1857, regioncalls=58400, ndraw=40, logz=-173139.43, remainder_fraction=100.0000%, Lmin=-173129.88, Lmax=-172376.99
12:38:39 [ultranest] [DEBUG] iteration=1160, ncalls=1878, regioncalls=59280, ndraw=40, logz=-173112.97, remainder_fraction=100.0000%, Lmin=-173104.32, Lmax=-172376.99
12:38:39 [ultranest] [DEBUG] iteration=1180, ncalls=1902, regioncalls=60320, ndraw=40, logz=-173055.74, remainder_fraction=100.0000%, Lmin=-173047.24, Lmax=-172376.99
12:38:39 [ultranest] [DEBUG] iteration=1194, ncalls=1927, regioncalls=61400, ndraw=40, logz=-173029.31, remainder_fraction=100.0000%, Lmin=-173014.62, Lmax=-172376.99
12:38:39 [ultranest] [DEBUG] iteration=1200, ncalls=1934, regioncalls=61720, ndraw=40, logz=-173010.07, remainder_fraction=100.0000%, Lmin=-173000.39, Lmax=-172376.99
12:38:39 [ultranest] [DEBUG] iteration=1220, ncalls=1958, regioncalls=62680, ndraw=40, logz=-172994.60, remainder_fraction=100.0000%, Lmin=-172985.73, Lmax=-172376.99
12:38:39 [ultranest] [DEBUG] iteration=1237, ncalls=1982, regioncalls=63640, ndraw=40, logz=-172966.61, remainder_fraction=100.0000%, Lmin=-172955.37, Lmax=-172376.99
12:38:39 [ultranest] [DEBUG] iteration=1240, ncalls=1987, regioncalls=63840, ndraw=40, logz=-172956.68, remainder_fraction=100.0000%, Lmin=-172946.48, Lmax=-172376.99
12:38:39 [ultranest] [DEBUG] iteration=1257, ncalls=2012, regioncalls=64840, ndraw=40, logz=-172938.94, remainder_fraction=100.0000%, Lmin=-172929.05, Lmax=-172376.99
12:38:39 [ultranest] [DEBUG] iteration=1273, ncalls=2037, regioncalls=65840, ndraw=40, logz=-172911.64, remainder_fraction=100.0000%, Lmin=-172900.55, Lmax=-172376.99
12:38:39 [ultranest] [DEBUG] iteration=1280, ncalls=2048, regioncalls=66280, ndraw=40, logz=-172901.21, remainder_fraction=100.0000%, Lmin=-172888.23, Lmax=-172376.99
12:38:40 [ultranest] [DEBUG] iteration=1300, ncalls=2072, regioncalls=67240, ndraw=40, logz=-172873.52, remainder_fraction=100.0000%, Lmin=-172863.13, Lmax=-172376.99
12:38:40 [ultranest] [DEBUG] iteration=1316, ncalls=2097, regioncalls=68240, ndraw=40, logz=-172854.85, remainder_fraction=100.0000%, Lmin=-172845.29, Lmax=-172376.99
12:38:40 [ultranest] [DEBUG] iteration=1318, ncalls=2104, regioncalls=68560, ndraw=40, logz=-172853.49, remainder_fraction=100.0000%, Lmin=-172844.26, Lmax=-172376.99
12:38:40 [ultranest] [DEBUG] iteration=1320, ncalls=2106, regioncalls=68640, ndraw=40, logz=-172852.46, remainder_fraction=100.0000%, Lmin=-172842.89, Lmax=-172376.99
12:38:40 [ultranest] [DEBUG] iteration=1337, ncalls=2130, regioncalls=69600, ndraw=40, logz=-172830.74, remainder_fraction=100.0000%, Lmin=-172820.97, Lmax=-172376.99
12:38:40 [ultranest] [DEBUG] iteration=1352, ncalls=2155, regioncalls=70640, ndraw=40, logz=-172815.31, remainder_fraction=100.0000%, Lmin=-172806.98, Lmax=-172376.99
12:38:40 [ultranest] [DEBUG] iteration=1360, ncalls=2164, regioncalls=71000, ndraw=40, logz=-172810.23, remainder_fraction=100.0000%, Lmin=-172800.04, Lmax=-172376.99
12:38:40 [ultranest] [DEBUG] iteration=1376, ncalls=2188, regioncalls=72040, ndraw=40, logz=-172794.16, remainder_fraction=100.0000%, Lmin=-172785.38, Lmax=-172376.99
12:38:40 [ultranest] [DEBUG] iteration=1394, ncalls=2212, regioncalls=73000, ndraw=40, logz=-172781.40, remainder_fraction=100.0000%, Lmin=-172772.51, Lmax=-172376.07
12:38:40 [ultranest] [DEBUG] iteration=1400, ncalls=2218, regioncalls=73240, ndraw=40, logz=-172777.11, remainder_fraction=100.0000%, Lmin=-172767.97, Lmax=-172376.07
12:38:40 [ultranest] [DEBUG] iteration=1405, ncalls=2225, regioncalls=73520, ndraw=40, logz=-172772.29, remainder_fraction=100.0000%, Lmin=-172763.21, Lmax=-172376.07
12:38:40 [ultranest] [DEBUG] iteration=1427, ncalls=2249, regioncalls=74520, ndraw=40, logz=-172744.89, remainder_fraction=100.0000%, Lmin=-172733.86, Lmax=-172376.07
12:38:40 [ultranest] [DEBUG] iteration=1440, ncalls=2270, regioncalls=75360, ndraw=40, logz=-172730.46, remainder_fraction=100.0000%, Lmin=-172719.01, Lmax=-172376.07
12:38:41 [ultranest] [DEBUG] iteration=1459, ncalls=2294, regioncalls=76320, ndraw=40, logz=-172718.54, remainder_fraction=100.0000%, Lmin=-172708.38, Lmax=-172376.07
12:38:41 [ultranest] [DEBUG] iteration=1476, ncalls=2319, regioncalls=77320, ndraw=40, logz=-172702.55, remainder_fraction=100.0000%, Lmin=-172692.85, Lmax=-172376.07
12:38:41 [ultranest] [DEBUG] iteration=1480, ncalls=2325, regioncalls=77560, ndraw=40, logz=-172699.98, remainder_fraction=100.0000%, Lmin=-172687.04, Lmax=-172376.07
12:38:41 [ultranest] [DEBUG] iteration=1492, ncalls=2338, regioncalls=78080, ndraw=40, logz=-172685.40, remainder_fraction=100.0000%, Lmin=-172675.48, Lmax=-172376.07
12:38:41 [ultranest] [DEBUG] iteration=1512, ncalls=2363, regioncalls=79120, ndraw=40, logz=-172670.93, remainder_fraction=100.0000%, Lmin=-172660.88, Lmax=-172376.07
12:38:41 [ultranest] [DEBUG] iteration=1520, ncalls=2374, regioncalls=79560, ndraw=40, logz=-172663.61, remainder_fraction=100.0000%, Lmin=-172654.07, Lmax=-172376.07
12:38:41 [ultranest] [DEBUG] iteration=1539, ncalls=2399, regioncalls=80560, ndraw=40, logz=-172654.14, remainder_fraction=100.0000%, Lmin=-172645.07, Lmax=-172376.07
12:38:41 [ultranest] [DEBUG] iteration=1560, ncalls=2423, regioncalls=81520, ndraw=40, logz=-172638.49, remainder_fraction=100.0000%, Lmin=-172628.97, Lmax=-172376.07
12:38:41 [ultranest] [DEBUG] iteration=1576, ncalls=2448, regioncalls=82520, ndraw=40, logz=-172630.34, remainder_fraction=100.0000%, Lmin=-172619.60, Lmax=-172376.07
12:38:41 [ultranest] [DEBUG] iteration=1579, ncalls=2451, regioncalls=82640, ndraw=40, logz=-172627.66, remainder_fraction=100.0000%, Lmin=-172614.89, Lmax=-172376.07
12:38:41 [ultranest] [DEBUG] iteration=1599, ncalls=2475, regioncalls=83640, ndraw=40, logz=-172610.65, remainder_fraction=100.0000%, Lmin=-172600.77, Lmax=-172376.07
12:38:41 [ultranest] [DEBUG] iteration=1600, ncalls=2476, regioncalls=83680, ndraw=40, logz=-172610.05, remainder_fraction=100.0000%, Lmin=-172600.18, Lmax=-172376.07
12:38:41 [ultranest] [DEBUG] iteration=1617, ncalls=2500, regioncalls=84680, ndraw=40, logz=-172600.55, remainder_fraction=100.0000%, Lmin=-172590.21, Lmax=-172376.07
12:38:42 [ultranest] [DEBUG] iteration=1635, ncalls=2524, regioncalls=85640, ndraw=40, logz=-172588.26, remainder_fraction=100.0000%, Lmin=-172578.30, Lmax=-172376.07
12:38:42 [ultranest] [DEBUG] iteration=1640, ncalls=2533, regioncalls=86000, ndraw=40, logz=-172585.51, remainder_fraction=100.0000%, Lmin=-172576.06, Lmax=-172376.07
12:38:42 [ultranest] [DEBUG] iteration=1655, ncalls=2559, regioncalls=87040, ndraw=40, logz=-172579.14, remainder_fraction=100.0000%, Lmin=-172569.55, Lmax=-172376.07
12:38:42 [ultranest] [DEBUG] iteration=1666, ncalls=2574, regioncalls=87640, ndraw=40, logz=-172574.54, remainder_fraction=100.0000%, Lmin=-172565.07, Lmax=-172376.07
12:38:42 [ultranest] [DEBUG] iteration=1680, ncalls=2592, regioncalls=88360, ndraw=40, logz=-172567.06, remainder_fraction=100.0000%, Lmin=-172557.06, Lmax=-172376.07
12:38:42 [ultranest] [DEBUG] iteration=1700, ncalls=2617, regioncalls=89360, ndraw=40, logz=-172559.96, remainder_fraction=100.0000%, Lmin=-172550.24, Lmax=-172376.07
12:38:42 [ultranest] [DEBUG] iteration=1716, ncalls=2642, regioncalls=90360, ndraw=40, logz=-172555.36, remainder_fraction=100.0000%, Lmin=-172545.95, Lmax=-172376.07
12:38:42 [ultranest] [DEBUG] iteration=1720, ncalls=2648, regioncalls=90600, ndraw=40, logz=-172554.26, remainder_fraction=100.0000%, Lmin=-172544.95, Lmax=-172376.07
12:38:42 [ultranest] [DEBUG] iteration=1738, ncalls=2672, regioncalls=91560, ndraw=40, logz=-172549.64, remainder_fraction=100.0000%, Lmin=-172540.98, Lmax=-172376.07
12:38:42 [ultranest] [DEBUG] iteration=1753, ncalls=2691, regioncalls=92320, ndraw=40, logz=-172541.36, remainder_fraction=100.0000%, Lmin=-172530.84, Lmax=-172376.07
12:38:42 [ultranest] [DEBUG] iteration=1760, ncalls=2701, regioncalls=92760, ndraw=40, logz=-172538.33, remainder_fraction=100.0000%, Lmin=-172529.11, Lmax=-172376.07
12:38:42 [ultranest] [DEBUG] iteration=1780, ncalls=2726, regioncalls=93760, ndraw=40, logz=-172527.56, remainder_fraction=100.0000%, Lmin=-172517.35, Lmax=-172376.07
12:38:42 [ultranest] [DEBUG] iteration=1799, ncalls=2751, regioncalls=94760, ndraw=40, logz=-172522.07, remainder_fraction=100.0000%, Lmin=-172512.27, Lmax=-172376.07
12:38:43 [ultranest] [DEBUG] iteration=1800, ncalls=2753, regioncalls=94840, ndraw=40, logz=-172521.70, remainder_fraction=100.0000%, Lmin=-172512.10, Lmax=-172376.07
12:38:43 [ultranest] [DEBUG] iteration=1816, ncalls=2778, regioncalls=95840, ndraw=40, logz=-172516.83, remainder_fraction=100.0000%, Lmin=-172507.74, Lmax=-172376.07
12:38:43 [ultranest] [DEBUG] iteration=1830, ncalls=2803, regioncalls=96840, ndraw=40, logz=-172513.15, remainder_fraction=100.0000%, Lmin=-172504.24, Lmax=-172376.07
12:38:43 [ultranest] [DEBUG] iteration=1840, ncalls=2820, regioncalls=97600, ndraw=40, logz=-172511.13, remainder_fraction=100.0000%, Lmin=-172501.55, Lmax=-172376.07
12:38:43 [ultranest] [DEBUG] iteration=1860, ncalls=2844, regioncalls=98600, ndraw=40, logz=-172504.95, remainder_fraction=100.0000%, Lmin=-172494.63, Lmax=-172376.07
12:38:43 [ultranest] [DEBUG] iteration=1875, ncalls=2869, regioncalls=99640, ndraw=40, logz=-172496.65, remainder_fraction=100.0000%, Lmin=-172486.79, Lmax=-172376.07
12:38:43 [ultranest] [DEBUG] iteration=1880, ncalls=2874, regioncalls=99840, ndraw=40, logz=-172495.32, remainder_fraction=100.0000%, Lmin=-172486.00, Lmax=-172376.07
12:38:43 [ultranest] [DEBUG] iteration=1899, ncalls=2899, regioncalls=100840, ndraw=40, logz=-172491.12, remainder_fraction=100.0000%, Lmin=-172481.37, Lmax=-172376.07
12:38:43 [ultranest] [DEBUG] iteration=1913, ncalls=2924, regioncalls=101840, ndraw=40, logz=-172487.67, remainder_fraction=100.0000%, Lmin=-172478.81, Lmax=-172376.07
12:38:43 [ultranest] [DEBUG] iteration=1920, ncalls=2933, regioncalls=102200, ndraw=40, logz=-172486.65, remainder_fraction=100.0000%, Lmin=-172477.15, Lmax=-172376.07
12:38:43 [ultranest] [DEBUG] iteration=1927, ncalls=2945, regioncalls=102720, ndraw=40, logz=-172485.45, remainder_fraction=100.0000%, Lmin=-172476.15, Lmax=-172376.07
12:38:43 [ultranest] [DEBUG] iteration=1950, ncalls=2969, regioncalls=103680, ndraw=40, logz=-172479.57, remainder_fraction=100.0000%, Lmin=-172469.86, Lmax=-172376.07
12:38:43 [ultranest] [DEBUG] iteration=1960, ncalls=2981, regioncalls=104160, ndraw=40, logz=-172477.62, remainder_fraction=100.0000%, Lmin=-172468.20, Lmax=-172376.07
12:38:44 [ultranest] [DEBUG] iteration=1979, ncalls=3005, regioncalls=105120, ndraw=40, logz=-172471.77, remainder_fraction=100.0000%, Lmin=-172461.93, Lmax=-172376.07
12:38:44 [ultranest] [DEBUG] iteration=2000, ncalls=3029, regioncalls=106080, ndraw=40, logz=-172466.64, remainder_fraction=100.0000%, Lmin=-172456.80, Lmax=-172376.00
12:38:44 [ultranest] [DEBUG] iteration=2014, ncalls=3047, regioncalls=106920, ndraw=40, logz=-172464.23, remainder_fraction=100.0000%, Lmin=-172454.43, Lmax=-172376.00
12:38:44 [ultranest] [DEBUG] iteration=2034, ncalls=3071, regioncalls=107920, ndraw=40, logz=-172458.85, remainder_fraction=100.0000%, Lmin=-172448.96, Lmax=-172376.00
12:38:44 [ultranest] [DEBUG] iteration=2040, ncalls=3079, regioncalls=108280, ndraw=40, logz=-172457.61, remainder_fraction=100.0000%, Lmin=-172448.13, Lmax=-172376.00
12:38:44 [ultranest] [DEBUG] iteration=2055, ncalls=3104, regioncalls=109280, ndraw=40, logz=-172455.52, remainder_fraction=100.0000%, Lmin=-172446.36, Lmax=-172376.00
12:38:44 [ultranest] [DEBUG] iteration=2072, ncalls=3129, regioncalls=110280, ndraw=40, logz=-172451.57, remainder_fraction=100.0000%, Lmin=-172441.84, Lmax=-172376.00
12:38:44 [ultranest] [DEBUG] iteration=2080, ncalls=3139, regioncalls=110680, ndraw=40, logz=-172450.34, remainder_fraction=100.0000%, Lmin=-172441.00, Lmax=-172376.00
12:38:44 [ultranest] [DEBUG] iteration=2099, ncalls=3164, regioncalls=111680, ndraw=40, logz=-172447.48, remainder_fraction=100.0000%, Lmin=-172436.77, Lmax=-172376.00
12:38:44 [ultranest] [DEBUG] iteration=2101, ncalls=3166, regioncalls=111800, ndraw=40, logz=-172446.74, remainder_fraction=100.0000%, Lmin=-172436.61, Lmax=-172376.00
12:38:44 [ultranest] [DEBUG] iteration=2120, ncalls=3186, regioncalls=112600, ndraw=40, logz=-172443.60, remainder_fraction=100.0000%, Lmin=-172434.18, Lmax=-172376.00
12:38:44 [ultranest] [DEBUG] iteration=2136, ncalls=3211, regioncalls=113600, ndraw=40, logz=-172441.26, remainder_fraction=100.0000%, Lmin=-172431.62, Lmax=-172376.00
12:38:45 [ultranest] [DEBUG] iteration=2157, ncalls=3235, regioncalls=114560, ndraw=40, logz=-172437.82, remainder_fraction=100.0000%, Lmin=-172428.24, Lmax=-172376.00
12:38:45 [ultranest] [DEBUG] iteration=2160, ncalls=3238, regioncalls=114680, ndraw=40, logz=-172437.33, remainder_fraction=100.0000%, Lmin=-172427.47, Lmax=-172376.00
12:38:45 [ultranest] [DEBUG] iteration=2176, ncalls=3264, regioncalls=115720, ndraw=40, logz=-172434.85, remainder_fraction=100.0000%, Lmin=-172425.04, Lmax=-172376.00
12:38:45 [ultranest] [DEBUG] iteration=2188, ncalls=3284, regioncalls=116560, ndraw=40, logz=-172433.23, remainder_fraction=100.0000%, Lmin=-172423.57, Lmax=-172376.00
12:38:45 [ultranest] [DEBUG] iteration=2200, ncalls=3298, regioncalls=117120, ndraw=40, logz=-172431.96, remainder_fraction=100.0000%, Lmin=-172422.54, Lmax=-172376.00
12:38:45 [ultranest] [DEBUG] iteration=2219, ncalls=3323, regioncalls=118120, ndraw=40, logz=-172430.03, remainder_fraction=100.0000%, Lmin=-172420.38, Lmax=-172376.00
12:38:45 [ultranest] [DEBUG] iteration=2240, ncalls=3347, regioncalls=119080, ndraw=40, logz=-172427.44, remainder_fraction=100.0000%, Lmin=-172417.85, Lmax=-172376.00
12:38:45 [ultranest] [DEBUG] iteration=2260, ncalls=3371, regioncalls=120040, ndraw=40, logz=-172425.17, remainder_fraction=100.0000%, Lmin=-172415.34, Lmax=-172376.00
12:38:45 [ultranest] [DEBUG] iteration=2275, ncalls=3389, regioncalls=120800, ndraw=40, logz=-172423.44, remainder_fraction=100.0000%, Lmin=-172413.86, Lmax=-172376.00
12:38:45 [ultranest] [DEBUG] iteration=2280, ncalls=3394, regioncalls=121000, ndraw=40, logz=-172422.98, remainder_fraction=100.0000%, Lmin=-172413.38, Lmax=-172376.00
12:38:45 [ultranest] [DEBUG] iteration=2300, ncalls=3418, regioncalls=121960, ndraw=40, logz=-172420.94, remainder_fraction=100.0000%, Lmin=-172411.15, Lmax=-172376.00
12:38:45 [ultranest] [DEBUG] iteration=2319, ncalls=3442, regioncalls=122920, ndraw=40, logz=-172419.38, remainder_fraction=100.0000%, Lmin=-172410.12, Lmax=-172376.00
12:38:45 [ultranest] [DEBUG] iteration=2320, ncalls=3443, regioncalls=122960, ndraw=40, logz=-172419.31, remainder_fraction=100.0000%, Lmin=-172410.12, Lmax=-172376.00
12:38:46 [ultranest] [DEBUG] iteration=2337, ncalls=3469, regioncalls=124000, ndraw=40, logz=-172417.93, remainder_fraction=100.0000%, Lmin=-172408.37, Lmax=-172376.00
12:38:46 [ultranest] [DEBUG] iteration=2352, ncalls=3495, regioncalls=125040, ndraw=40, logz=-172416.72, remainder_fraction=100.0000%, Lmin=-172407.09, Lmax=-172376.00
12:38:46 [ultranest] [DEBUG] iteration=2360, ncalls=3505, regioncalls=125440, ndraw=40, logz=-172416.08, remainder_fraction=100.0000%, Lmin=-172406.56, Lmax=-172376.00
12:38:46 [ultranest] [DEBUG] iteration=2378, ncalls=3527, regioncalls=126320, ndraw=40, logz=-172414.84, remainder_fraction=100.0000%, Lmin=-172405.48, Lmax=-172376.00
12:38:46 [ultranest] [DEBUG] iteration=2396, ncalls=3553, regioncalls=127360, ndraw=40, logz=-172413.59, remainder_fraction=100.0000%, Lmin=-172404.03, Lmax=-172376.00
12:38:46 [ultranest] [DEBUG] iteration=2400, ncalls=3557, regioncalls=127520, ndraw=40, logz=-172413.30, remainder_fraction=100.0000%, Lmin=-172403.79, Lmax=-172376.00
12:38:46 [ultranest] [DEBUG] iteration=2416, ncalls=3582, regioncalls=128520, ndraw=40, logz=-172412.20, remainder_fraction=100.0000%, Lmin=-172402.54, Lmax=-172376.00
12:38:46 [ultranest] [DEBUG] iteration=2438, ncalls=3607, regioncalls=129520, ndraw=40, logz=-172410.61, remainder_fraction=100.0000%, Lmin=-172401.15, Lmax=-172376.00
12:38:46 [ultranest] [DEBUG] iteration=2440, ncalls=3612, regioncalls=129720, ndraw=40, logz=-172410.49, remainder_fraction=100.0000%, Lmin=-172400.98, Lmax=-172376.00
12:38:46 [ultranest] [DEBUG] iteration=2449, ncalls=3627, regioncalls=130360, ndraw=40, logz=-172409.98, remainder_fraction=100.0000%, Lmin=-172400.68, Lmax=-172376.00
12:38:46 [ultranest] [DEBUG] iteration=2468, ncalls=3651, regioncalls=131320, ndraw=40, logz=-172409.02, remainder_fraction=100.0000%, Lmin=-172399.24, Lmax=-172376.00
12:38:46 [ultranest] [DEBUG] iteration=2480, ncalls=3664, regioncalls=131840, ndraw=40, logz=-172408.18, remainder_fraction=100.0000%, Lmin=-172398.65, Lmax=-172376.00
12:38:46 [ultranest] [DEBUG] iteration=2498, ncalls=3691, regioncalls=132920, ndraw=40, logz=-172407.00, remainder_fraction=100.0000%, Lmin=-172397.36, Lmax=-172376.00
12:38:47 [ultranest] [DEBUG] iteration=2516, ncalls=3716, regioncalls=133920, ndraw=40, logz=-172406.03, remainder_fraction=100.0000%, Lmin=-172396.47, Lmax=-172376.00
12:38:47 [ultranest] [DEBUG] iteration=2520, ncalls=3724, regioncalls=134240, ndraw=40, logz=-172405.81, remainder_fraction=100.0000%, Lmin=-172396.23, Lmax=-172376.00
12:38:47 [ultranest] [DEBUG] iteration=2536, ncalls=3749, regioncalls=135240, ndraw=40, logz=-172405.02, remainder_fraction=100.0000%, Lmin=-172395.43, Lmax=-172376.00
12:38:47 [ultranest] [DEBUG] iteration=2555, ncalls=3774, regioncalls=136240, ndraw=40, logz=-172404.09, remainder_fraction=100.0000%, Lmin=-172394.56, Lmax=-172376.00
12:38:47 [ultranest] [DEBUG] iteration=2560, ncalls=3779, regioncalls=136440, ndraw=40, logz=-172403.87, remainder_fraction=100.0000%, Lmin=-172394.48, Lmax=-172376.00
12:38:47 [ultranest] [DEBUG] iteration=2579, ncalls=3803, regioncalls=137400, ndraw=40, logz=-172402.98, remainder_fraction=100.0000%, Lmin=-172393.51, Lmax=-172376.00
12:38:47 [ultranest] [DEBUG] iteration=2597, ncalls=3827, regioncalls=138360, ndraw=40, logz=-172402.16, remainder_fraction=100.0000%, Lmin=-172392.50, Lmax=-172376.00
12:38:47 [ultranest] [DEBUG] iteration=2600, ncalls=3830, regioncalls=138480, ndraw=40, logz=-172402.03, remainder_fraction=100.0000%, Lmin=-172392.48, Lmax=-172376.00
12:38:47 [ultranest] [DEBUG] iteration=2617, ncalls=3856, regioncalls=139520, ndraw=40, logz=-172401.33, remainder_fraction=100.0000%, Lmin=-172391.86, Lmax=-172375.92
12:38:47 [ultranest] [DEBUG] iteration=2623, ncalls=3865, regioncalls=139960, ndraw=40, logz=-172401.10, remainder_fraction=100.0000%, Lmin=-172391.60, Lmax=-172375.92
12:38:47 [ultranest] [DEBUG] iteration=2640, ncalls=3888, regioncalls=140880, ndraw=40, logz=-172400.53, remainder_fraction=100.0000%, Lmin=-172391.25, Lmax=-172375.92
12:38:47 [ultranest] [DEBUG] iteration=2659, ncalls=3912, regioncalls=141840, ndraw=40, logz=-172399.97, remainder_fraction=100.0000%, Lmin=-172390.65, Lmax=-172375.87
12:38:48 [ultranest] [DEBUG] iteration=2679, ncalls=3936, regioncalls=142800, ndraw=40, logz=-172399.34, remainder_fraction=99.9999%, Lmin=-172389.67, Lmax=-172375.87
12:38:48 [ultranest] [DEBUG] iteration=2680, ncalls=3938, regioncalls=142880, ndraw=40, logz=-172399.30, remainder_fraction=99.9999%, Lmin=-172389.66, Lmax=-172375.87
12:38:48 [ultranest] [DEBUG] iteration=2701, ncalls=3962, regioncalls=143840, ndraw=40, logz=-172398.57, remainder_fraction=99.9998%, Lmin=-172389.05, Lmax=-172375.87
12:38:48 [ultranest] [DEBUG] iteration=2710, ncalls=3973, regioncalls=144320, ndraw=40, logz=-172398.29, remainder_fraction=99.9997%, Lmin=-172388.79, Lmax=-172375.87
12:38:48 [ultranest] [DEBUG] iteration=2720, ncalls=3985, regioncalls=144800, ndraw=40, logz=-172397.98, remainder_fraction=99.9996%, Lmin=-172388.49, Lmax=-172375.87
12:38:48 [ultranest] [DEBUG] iteration=2739, ncalls=4010, regioncalls=145800, ndraw=40, logz=-172397.43, remainder_fraction=99.9993%, Lmin=-172387.96, Lmax=-172375.87
12:38:48 [ultranest] [DEBUG] iteration=2757, ncalls=4035, regioncalls=146800, ndraw=40, logz=-172396.90, remainder_fraction=99.9989%, Lmin=-172387.29, Lmax=-172375.87
12:38:48 [ultranest] [DEBUG] iteration=2760, ncalls=4038, regioncalls=146920, ndraw=40, logz=-172396.81, remainder_fraction=99.9988%, Lmin=-172387.15, Lmax=-172375.87
12:38:48 [ultranest] [DEBUG] iteration=2779, ncalls=4062, regioncalls=147880, ndraw=40, logz=-172396.21, remainder_fraction=99.9978%, Lmin=-172386.54, Lmax=-172375.87
12:38:48 [ultranest] [DEBUG] iteration=2797, ncalls=4086, regioncalls=148880, ndraw=40, logz=-172395.68, remainder_fraction=99.9962%, Lmin=-172386.15, Lmax=-172375.87
12:38:48 [ultranest] [DEBUG] iteration=2800, ncalls=4089, regioncalls=149000, ndraw=40, logz=-172395.61, remainder_fraction=99.9959%, Lmin=-172386.08, Lmax=-172375.87
12:38:48 [ultranest] [DEBUG] iteration=2822, ncalls=4113, regioncalls=149960, ndraw=40, logz=-172395.07, remainder_fraction=99.9930%, Lmin=-172385.58, Lmax=-172375.87
12:38:48 [ultranest] [DEBUG] iteration=2840, ncalls=4136, regioncalls=150880, ndraw=40, logz=-172394.65, remainder_fraction=99.9896%, Lmin=-172385.05, Lmax=-172375.87
12:38:48 [ultranest] [DEBUG] iteration=2859, ncalls=4160, regioncalls=151840, ndraw=40, logz=-172394.20, remainder_fraction=99.9834%, Lmin=-172384.65, Lmax=-172375.87
12:38:49 [ultranest] [DEBUG] iteration=2878, ncalls=4186, regioncalls=152880, ndraw=40, logz=-172393.80, remainder_fraction=99.9745%, Lmin=-172384.26, Lmax=-172375.87
12:38:49 [ultranest] [DEBUG] iteration=2880, ncalls=4188, regioncalls=152960, ndraw=40, logz=-172393.76, remainder_fraction=99.9738%, Lmin=-172384.22, Lmax=-172375.87
12:38:49 [ultranest] [DEBUG] iteration=2901, ncalls=4210, regioncalls=153840, ndraw=40, logz=-172393.32, remainder_fraction=99.9602%, Lmin=-172383.81, Lmax=-172375.87
12:38:49 [ultranest] [DEBUG] iteration=2917, ncalls=4235, regioncalls=154840, ndraw=40, logz=-172393.00, remainder_fraction=99.9451%, Lmin=-172383.41, Lmax=-172375.87
12:38:49 [ultranest] [DEBUG] iteration=2920, ncalls=4244, regioncalls=155200, ndraw=40, logz=-172392.94, remainder_fraction=99.9422%, Lmin=-172383.33, Lmax=-172375.87
12:38:49 [ultranest] [DEBUG] iteration=2938, ncalls=4269, regioncalls=156200, ndraw=40, logz=-172392.60, remainder_fraction=99.9195%, Lmin=-172383.02, Lmax=-172375.87
12:38:49 [ultranest] [DEBUG] iteration=2953, ncalls=4295, regioncalls=157240, ndraw=40, logz=-172392.32, remainder_fraction=99.8926%, Lmin=-172382.74, Lmax=-172375.87
12:38:49 [ultranest] [DEBUG] iteration=2960, ncalls=4303, regioncalls=157560, ndraw=40, logz=-172392.20, remainder_fraction=99.8807%, Lmin=-172382.67, Lmax=-172375.87
12:38:49 [ultranest] [DEBUG] iteration=2971, ncalls=4319, regioncalls=158240, ndraw=40, logz=-172392.02, remainder_fraction=99.8542%, Lmin=-172382.50, Lmax=-172375.87
12:38:49 [ultranest] [DEBUG] iteration=2991, ncalls=4343, regioncalls=159200, ndraw=40, logz=-172391.71, remainder_fraction=99.8023%, Lmin=-172382.16, Lmax=-172375.87
12:38:49 [ultranest] [DEBUG] iteration=3000, ncalls=4353, regioncalls=159600, ndraw=40, logz=-172391.56, remainder_fraction=99.7708%, Lmin=-172381.95, Lmax=-172375.87
12:38:49 [ultranest] [DEBUG] iteration=3019, ncalls=4377, regioncalls=160560, ndraw=40, logz=-172391.26, remainder_fraction=99.6902%, Lmin=-172381.67, Lmax=-172375.87
12:38:49 [ultranest] [DEBUG] iteration=3036, ncalls=4402, regioncalls=161560, ndraw=40, logz=-172391.01, remainder_fraction=99.5982%, Lmin=-172381.47, Lmax=-172375.86
12:38:50 [ultranest] [DEBUG] iteration=3040, ncalls=4406, regioncalls=161720, ndraw=40, logz=-172390.96, remainder_fraction=99.5755%, Lmin=-172381.46, Lmax=-172375.86
12:38:50 [ultranest] [DEBUG] iteration=3058, ncalls=4429, regioncalls=162680, ndraw=40, logz=-172390.72, remainder_fraction=99.4716%, Lmin=-172381.20, Lmax=-172375.86
12:38:50 [ultranest] [DEBUG] iteration=3078, ncalls=4453, regioncalls=163640, ndraw=40, logz=-172390.47, remainder_fraction=99.3055%, Lmin=-172380.91, Lmax=-172375.86
12:38:50 [ultranest] [DEBUG] iteration=3080, ncalls=4455, regioncalls=163720, ndraw=40, logz=-172390.44, remainder_fraction=99.2882%, Lmin=-172380.88, Lmax=-172375.86
12:38:50 [ultranest] [DEBUG] iteration=3098, ncalls=4480, regioncalls=164720, ndraw=40, logz=-172390.22, remainder_fraction=99.1121%, Lmin=-172380.71, Lmax=-172375.86
12:38:50 [ultranest] [DEBUG] iteration=3117, ncalls=4504, regioncalls=165680, ndraw=40, logz=-172390.00, remainder_fraction=98.9155%, Lmin=-172380.43, Lmax=-172375.86
12:38:50 [ultranest] [DEBUG] iteration=3120, ncalls=4508, regioncalls=165840, ndraw=40, logz=-172389.97, remainder_fraction=98.8790%, Lmin=-172380.40, Lmax=-172375.86
12:38:50 [ultranest] [DEBUG] iteration=3135, ncalls=4533, regioncalls=166840, ndraw=40, logz=-172389.80, remainder_fraction=98.6452%, Lmin=-172380.25, Lmax=-172375.86
12:38:50 [ultranest] [DEBUG] iteration=3145, ncalls=4545, regioncalls=167360, ndraw=40, logz=-172389.69, remainder_fraction=98.4963%, Lmin=-172380.16, Lmax=-172375.86
12:38:50 [ultranest] [DEBUG] iteration=3160, ncalls=4566, regioncalls=168200, ndraw=40, logz=-172389.53, remainder_fraction=98.2089%, Lmin=-172379.97, Lmax=-172375.86
12:38:50 [ultranest] [DEBUG] iteration=3180, ncalls=4590, regioncalls=169160, ndraw=40, logz=-172389.33, remainder_fraction=97.8118%, Lmin=-172379.81, Lmax=-172375.86
12:38:50 [ultranest] [DEBUG] iteration=3200, ncalls=4614, regioncalls=170120, ndraw=40, logz=-172389.14, remainder_fraction=97.3504%, Lmin=-172379.59, Lmax=-172375.86
12:38:50 [ultranest] [DEBUG] iteration=3222, ncalls=4638, regioncalls=171080, ndraw=40, logz=-172388.94, remainder_fraction=96.8339%, Lmin=-172379.31, Lmax=-172375.86
12:38:51 [ultranest] [DEBUG] iteration=3232, ncalls=4651, regioncalls=171640, ndraw=40, logz=-172388.85, remainder_fraction=96.5122%, Lmin=-172379.26, Lmax=-172375.86
12:38:51 [ultranest] [DEBUG] iteration=3240, ncalls=4660, regioncalls=172000, ndraw=40, logz=-172388.78, remainder_fraction=96.2975%, Lmin=-172379.19, Lmax=-172375.86
12:38:51 [ultranest] [DEBUG] iteration=3260, ncalls=4683, regioncalls=172920, ndraw=40, logz=-172388.61, remainder_fraction=95.6680%, Lmin=-172378.98, Lmax=-172375.86
12:38:51 [ultranest] [DEBUG] iteration=3279, ncalls=4707, regioncalls=173880, ndraw=40, logz=-172388.45, remainder_fraction=94.8971%, Lmin=-172378.85, Lmax=-172375.86
12:38:51 [ultranest] [DEBUG] iteration=3280, ncalls=4708, regioncalls=173920, ndraw=40, logz=-172388.45, remainder_fraction=94.8553%, Lmin=-172378.84, Lmax=-172375.86
12:38:51 [ultranest] [DEBUG] iteration=3298, ncalls=4734, regioncalls=174960, ndraw=40, logz=-172388.31, remainder_fraction=94.0247%, Lmin=-172378.73, Lmax=-172375.86
12:38:51 [ultranest] [DEBUG] iteration=3319, ncalls=4757, regioncalls=175880, ndraw=40, logz=-172388.16, remainder_fraction=93.0198%, Lmin=-172378.60, Lmax=-172375.86
12:38:51 [ultranest] [DEBUG] iteration=3320, ncalls=4758, regioncalls=175920, ndraw=40, logz=-172388.15, remainder_fraction=92.9681%, Lmin=-172378.59, Lmax=-172375.86
12:38:51 [ultranest] [DEBUG] iteration=3341, ncalls=4782, regioncalls=176880, ndraw=40, logz=-172388.01, remainder_fraction=91.8832%, Lmin=-172378.45, Lmax=-172375.86
12:38:51 [ultranest] [DEBUG] iteration=3359, ncalls=4807, regioncalls=177880, ndraw=40, logz=-172387.90, remainder_fraction=90.9384%, Lmin=-172378.34, Lmax=-172375.86
12:38:51 [ultranest] [DEBUG] iteration=3360, ncalls=4808, regioncalls=177920, ndraw=40, logz=-172387.89, remainder_fraction=90.8663%, Lmin=-172378.33, Lmax=-172375.86
12:38:51 [ultranest] [DEBUG] iteration=3381, ncalls=4832, regioncalls=178880, ndraw=40, logz=-172387.76, remainder_fraction=89.7091%, Lmin=-172378.21, Lmax=-172375.86
12:38:51 [ultranest] [DEBUG] iteration=3400, ncalls=4853, regioncalls=179720, ndraw=40, logz=-172387.66, remainder_fraction=88.4774%, Lmin=-172378.09, Lmax=-172375.86
12:38:51 [ultranest] [DEBUG] iteration=3406, ncalls=4866, regioncalls=180280, ndraw=40, logz=-172387.62, remainder_fraction=88.0938%, Lmin=-172378.08, Lmax=-172375.86
12:38:52 [ultranest] [DEBUG] iteration=3424, ncalls=4890, regioncalls=181280, ndraw=40, logz=-172387.53, remainder_fraction=86.8839%, Lmin=-172378.00, Lmax=-172375.86
12:38:52 [ultranest] [DEBUG] iteration=3440, ncalls=4908, regioncalls=182000, ndraw=40, logz=-172387.45, remainder_fraction=85.9334%, Lmin=-172377.90, Lmax=-172375.85
12:38:52 [ultranest] [DEBUG] iteration=3459, ncalls=4932, regioncalls=182960, ndraw=40, logz=-172387.35, remainder_fraction=84.7663%, Lmin=-172377.81, Lmax=-172375.85
12:38:52 [ultranest] [DEBUG] iteration=3476, ncalls=4957, regioncalls=183960, ndraw=40, logz=-172387.28, remainder_fraction=83.4511%, Lmin=-172377.75, Lmax=-172375.85
12:38:52 [ultranest] [DEBUG] iteration=3480, ncalls=4961, regioncalls=184120, ndraw=40, logz=-172387.26, remainder_fraction=83.1895%, Lmin=-172377.71, Lmax=-172375.85
12:38:52 [ultranest] [DEBUG] iteration=3497, ncalls=4984, regioncalls=185040, ndraw=40, logz=-172387.18, remainder_fraction=81.8344%, Lmin=-172377.59, Lmax=-172375.85
12:38:52 [ultranest] [DEBUG] iteration=3513, ncalls=5009, regioncalls=186040, ndraw=40, logz=-172387.11, remainder_fraction=80.6022%, Lmin=-172377.54, Lmax=-172375.85
12:38:52 [ultranest] [DEBUG] iteration=3520, ncalls=5017, regioncalls=186360, ndraw=40, logz=-172387.09, remainder_fraction=80.0508%, Lmin=-172377.51, Lmax=-172375.85
12:38:52 [ultranest] [DEBUG] iteration=3534, ncalls=5045, regioncalls=187480, ndraw=40, logz=-172387.03, remainder_fraction=78.9308%, Lmin=-172377.46, Lmax=-172375.85
12:38:52 [ultranest] [DEBUG] iteration=3550, ncalls=5070, regioncalls=188480, ndraw=40, logz=-172386.97, remainder_fraction=77.5999%, Lmin=-172377.40, Lmax=-172375.85
12:38:52 [ultranest] [DEBUG] iteration=3560, ncalls=5085, regioncalls=189080, ndraw=40, logz=-172386.93, remainder_fraction=76.5964%, Lmin=-172377.37, Lmax=-172375.85
12:38:52 [ultranest] [DEBUG] iteration=3579, ncalls=5109, regioncalls=190040, ndraw=40, logz=-172386.86, remainder_fraction=74.8942%, Lmin=-172377.28, Lmax=-172375.85
12:38:53 [ultranest] [DEBUG] iteration=3580, ncalls=5110, regioncalls=190120, ndraw=40, logz=-172386.86, remainder_fraction=74.7836%, Lmin=-172377.28, Lmax=-172375.85
12:38:53 [ultranest] [DEBUG] iteration=3600, ncalls=5131, regioncalls=190960, ndraw=40, logz=-172386.79, remainder_fraction=73.0111%, Lmin=-172377.21, Lmax=-172375.85
12:38:53 [ultranest] [DEBUG] iteration=3621, ncalls=5156, regioncalls=191960, ndraw=40, logz=-172386.72, remainder_fraction=70.9680%, Lmin=-172377.13, Lmax=-172375.85
12:38:53 [ultranest] [DEBUG] iteration=3638, ncalls=5182, regioncalls=193000, ndraw=40, logz=-172386.66, remainder_fraction=69.4235%, Lmin=-172377.09, Lmax=-172375.85
12:38:53 [ultranest] [DEBUG] iteration=3640, ncalls=5185, regioncalls=193120, ndraw=40, logz=-172386.66, remainder_fraction=69.2214%, Lmin=-172377.08, Lmax=-172375.85
12:38:53 [ultranest] [DEBUG] iteration=3660, ncalls=5209, regioncalls=194080, ndraw=40, logz=-172386.60, remainder_fraction=67.4730%, Lmin=-172377.05, Lmax=-172375.85
12:38:53 [ultranest] [DEBUG] iteration=3667, ncalls=5218, regioncalls=194520, ndraw=40, logz=-172386.58, remainder_fraction=66.7803%, Lmin=-172377.03, Lmax=-172375.85
12:38:53 [ultranest] [DEBUG] iteration=3680, ncalls=5233, regioncalls=195120, ndraw=40, logz=-172386.54, remainder_fraction=65.5468%, Lmin=-172376.99, Lmax=-172375.85
12:38:53 [ultranest] [DEBUG] iteration=3701, ncalls=5257, regioncalls=196080, ndraw=40, logz=-172386.49, remainder_fraction=63.5846%, Lmin=-172376.91, Lmax=-172375.85
12:38:53 [ultranest] [DEBUG] iteration=3720, ncalls=5277, regioncalls=196880, ndraw=40, logz=-172386.44, remainder_fraction=61.7256%, Lmin=-172376.87, Lmax=-172375.85
12:38:53 [ultranest] [DEBUG] iteration=3735, ncalls=5302, regioncalls=197880, ndraw=40, logz=-172386.40, remainder_fraction=60.4163%, Lmin=-172376.83, Lmax=-172375.85
12:38:53 [ultranest] [DEBUG] iteration=3752, ncalls=5326, regioncalls=198840, ndraw=40, logz=-172386.36, remainder_fraction=58.7428%, Lmin=-172376.79, Lmax=-172375.85
12:38:53 [ultranest] [DEBUG] iteration=3754, ncalls=5328, regioncalls=198960, ndraw=40, logz=-172386.36, remainder_fraction=58.5616%, Lmin=-172376.79, Lmax=-172375.85
12:38:53 [ultranest] [DEBUG] iteration=3760, ncalls=5336, regioncalls=199280, ndraw=40, logz=-172386.34, remainder_fraction=57.9957%, Lmin=-172376.78, Lmax=-172375.85
12:38:54 [ultranest] [DEBUG] iteration=3781, ncalls=5360, regioncalls=200240, ndraw=40, logz=-172386.30, remainder_fraction=56.1186%, Lmin=-172376.74, Lmax=-172375.85
12:38:54 [ultranest] [DEBUG] iteration=3800, ncalls=5380, regioncalls=201040, ndraw=40, logz=-172386.26, remainder_fraction=54.3119%, Lmin=-172376.70, Lmax=-172375.85
12:38:54 [ultranest] [DEBUG] iteration=3817, ncalls=5404, regioncalls=202000, ndraw=40, logz=-172386.23, remainder_fraction=52.8186%, Lmin=-172376.67, Lmax=-172375.85
12:38:54 [ultranest] [DEBUG] iteration=3838, ncalls=5428, regioncalls=202960, ndraw=40, logz=-172386.19, remainder_fraction=51.0949%, Lmin=-172376.63, Lmax=-172375.85
12:38:54 [ultranest] [DEBUG] iteration=3840, ncalls=5430, regioncalls=203040, ndraw=40, logz=-172386.19, remainder_fraction=50.9583%, Lmin=-172376.63, Lmax=-172375.85
12:38:54 [ultranest] [DEBUG] iteration=3857, ncalls=5452, regioncalls=203920, ndraw=40, logz=-172386.16, remainder_fraction=49.5258%, Lmin=-172376.59, Lmax=-172375.85
12:38:54 [ultranest] [DEBUG] iteration=3876, ncalls=5476, regioncalls=204880, ndraw=40, logz=-172386.12, remainder_fraction=47.9849%, Lmin=-172376.55, Lmax=-172375.85
12:38:54 [ultranest] [DEBUG] iteration=3880, ncalls=5482, regioncalls=205120, ndraw=40, logz=-172386.12, remainder_fraction=47.6007%, Lmin=-172376.54, Lmax=-172375.85
12:38:54 [ultranest] [DEBUG] iteration=3899, ncalls=5506, regioncalls=206080, ndraw=40, logz=-172386.09, remainder_fraction=45.9579%, Lmin=-172376.51, Lmax=-172375.85
12:38:54 [ultranest] [DEBUG] iteration=3915, ncalls=5531, regioncalls=207080, ndraw=40, logz=-172386.06, remainder_fraction=44.6025%, Lmin=-172376.49, Lmax=-172375.85
12:38:54 [ultranest] [DEBUG] iteration=3920, ncalls=5539, regioncalls=207400, ndraw=40, logz=-172386.05, remainder_fraction=44.2561%, Lmin=-172376.48, Lmax=-172375.85
12:38:54 [ultranest] [DEBUG] iteration=3928, ncalls=5553, regioncalls=208000, ndraw=40, logz=-172386.04, remainder_fraction=43.6393%, Lmin=-172376.46, Lmax=-172375.85
12:38:55 [ultranest] [DEBUG] iteration=3946, ncalls=5577, regioncalls=208960, ndraw=40, logz=-172386.02, remainder_fraction=42.1928%, Lmin=-172376.43, Lmax=-172375.85
12:38:55 [ultranest] [DEBUG] iteration=3960, ncalls=5597, regioncalls=209760, ndraw=40, logz=-172386.00, remainder_fraction=41.0618%, Lmin=-172376.41, Lmax=-172375.85
12:38:55 [ultranest] [DEBUG] iteration=3981, ncalls=5621, regioncalls=210720, ndraw=40, logz=-172385.97, remainder_fraction=39.4534%, Lmin=-172376.39, Lmax=-172375.85
12:38:55 [ultranest] [DEBUG] iteration=3997, ncalls=5648, regioncalls=211800, ndraw=40, logz=-172385.95, remainder_fraction=38.2717%, Lmin=-172376.36, Lmax=-172375.85
12:38:55 [ultranest] [DEBUG] iteration=4000, ncalls=5651, regioncalls=211920, ndraw=40, logz=-172385.95, remainder_fraction=38.0265%, Lmin=-172376.36, Lmax=-172375.85
12:38:55 [ultranest] [DEBUG] iteration=4016, ncalls=5674, regioncalls=212840, ndraw=40, logz=-172385.93, remainder_fraction=36.7943%, Lmin=-172376.34, Lmax=-172375.85
12:38:55 [ultranest] [DEBUG] iteration=4031, ncalls=5699, regioncalls=213840, ndraw=40, logz=-172385.91, remainder_fraction=35.7178%, Lmin=-172376.31, Lmax=-172375.85
12:38:55 [ultranest] [DEBUG] iteration=4040, ncalls=5710, regioncalls=214280, ndraw=40, logz=-172385.90, remainder_fraction=35.0707%, Lmin=-172376.31, Lmax=-172375.85
12:38:55 [ultranest] [DEBUG] iteration=4058, ncalls=5733, regioncalls=215200, ndraw=40, logz=-172385.88, remainder_fraction=33.8022%, Lmin=-172376.28, Lmax=-172375.85
12:38:55 [ultranest] [DEBUG] iteration=4074, ncalls=5757, regioncalls=216160, ndraw=40, logz=-172385.86, remainder_fraction=32.6991%, Lmin=-172376.26, Lmax=-172375.85
12:38:55 [ultranest] [DEBUG] iteration=4080, ncalls=5772, regioncalls=216760, ndraw=40, logz=-172385.86, remainder_fraction=32.3124%, Lmin=-172376.26, Lmax=-172375.85
12:38:55 [ultranest] [DEBUG] iteration=4099, ncalls=5796, regioncalls=217720, ndraw=40, logz=-172385.84, remainder_fraction=31.0873%, Lmin=-172376.25, Lmax=-172375.85
12:38:55 [ultranest] [DEBUG] iteration=4102, ncalls=5803, regioncalls=218040, ndraw=40, logz=-172385.84, remainder_fraction=30.8918%, Lmin=-172376.24, Lmax=-172375.85
12:38:56 [ultranest] [DEBUG] iteration=4120, ncalls=5824, regioncalls=218880, ndraw=40, logz=-172385.82, remainder_fraction=29.7353%, Lmin=-172376.23, Lmax=-172375.85
12:38:56 [ultranest] [DEBUG] iteration=4137, ncalls=5848, regioncalls=219840, ndraw=40, logz=-172385.80, remainder_fraction=28.6887%, Lmin=-172376.20, Lmax=-172375.85
12:38:56 [ultranest] [DEBUG] iteration=4154, ncalls=5872, regioncalls=220800, ndraw=40, logz=-172385.79, remainder_fraction=27.6868%, Lmin=-172376.19, Lmax=-172375.85
12:38:56 [ultranest] [DEBUG] iteration=4160, ncalls=5880, regioncalls=221120, ndraw=40, logz=-172385.78, remainder_fraction=27.3489%, Lmin=-172376.19, Lmax=-172375.85
12:38:56 [ultranest] [DEBUG] iteration=4177, ncalls=5904, regioncalls=222080, ndraw=40, logz=-172385.77, remainder_fraction=26.3323%, Lmin=-172376.17, Lmax=-172375.85
12:38:56 [ultranest] [DEBUG] iteration=4189, ncalls=5925, regioncalls=223000, ndraw=40, logz=-172385.76, remainder_fraction=25.6284%, Lmin=-172376.16, Lmax=-172375.85
12:38:56 [ultranest] [DEBUG] iteration=4200, ncalls=5940, regioncalls=223600, ndraw=40, logz=-172385.75, remainder_fraction=25.0252%, Lmin=-172376.15, Lmax=-172375.85
12:38:56 [ultranest] [DEBUG] iteration=4219, ncalls=5964, regioncalls=224560, ndraw=40, logz=-172385.74, remainder_fraction=24.0017%, Lmin=-172376.13, Lmax=-172375.85
12:38:56 [ultranest] [DEBUG] iteration=4238, ncalls=5988, regioncalls=225520, ndraw=40, logz=-172385.73, remainder_fraction=23.0036%, Lmin=-172376.12, Lmax=-172375.85
12:38:56 [ultranest] [DEBUG] iteration=4240, ncalls=5992, regioncalls=225680, ndraw=40, logz=-172385.73, remainder_fraction=22.9106%, Lmin=-172376.12, Lmax=-172375.85
12:38:56 [ultranest] [DEBUG] iteration=4259, ncalls=6016, regioncalls=226640, ndraw=40, logz=-172385.71, remainder_fraction=21.9595%, Lmin=-172376.11, Lmax=-172375.85
12:38:56 [ultranest] [DEBUG] iteration=4276, ncalls=6035, regioncalls=227480, ndraw=40, logz=-172385.70, remainder_fraction=21.1118%, Lmin=-172376.10, Lmax=-172375.85
12:38:56 [ultranest] [DEBUG] iteration=4280, ncalls=6039, regioncalls=227640, ndraw=40, logz=-172385.70, remainder_fraction=20.9244%, Lmin=-172376.09, Lmax=-172375.85
12:38:57 [ultranest] [DEBUG] iteration=4300, ncalls=6063, regioncalls=228600, ndraw=40, logz=-172385.69, remainder_fraction=19.9796%, Lmin=-172376.09, Lmax=-172375.85
12:38:57 [ultranest] [DEBUG] iteration=4320, ncalls=6086, regioncalls=229520, ndraw=40, logz=-172385.68, remainder_fraction=19.0997%, Lmin=-172376.08, Lmax=-172375.85
12:38:57 [ultranest] [DEBUG] iteration=4338, ncalls=6110, regioncalls=230480, ndraw=40, logz=-172385.67, remainder_fraction=18.3322%, Lmin=-172376.07, Lmax=-172375.85
12:38:57 [ultranest] [DEBUG] iteration=4358, ncalls=6134, regioncalls=231440, ndraw=40, logz=-172385.66, remainder_fraction=17.4991%, Lmin=-172376.06, Lmax=-172375.85
12:38:57 [ultranest] [DEBUG] iteration=4360, ncalls=6137, regioncalls=231560, ndraw=40, logz=-172385.66, remainder_fraction=17.4225%, Lmin=-172376.05, Lmax=-172375.85
12:38:57 [ultranest] [DEBUG] iteration=4363, ncalls=6140, regioncalls=231720, ndraw=40, logz=-172385.65, remainder_fraction=17.3048%, Lmin=-172376.05, Lmax=-172375.85
12:38:57 [ultranest] [DEBUG] iteration=4383, ncalls=6164, regioncalls=232680, ndraw=40, logz=-172385.65, remainder_fraction=16.5239%, Lmin=-172376.04, Lmax=-172375.85
12:38:57 [ultranest] [DEBUG] iteration=4400, ncalls=6187, regioncalls=233600, ndraw=40, logz=-172385.64, remainder_fraction=15.8692%, Lmin=-172376.03, Lmax=-172375.85
12:38:57 [ultranest] [DEBUG] iteration=4419, ncalls=6211, regioncalls=234560, ndraw=40, logz=-172385.63, remainder_fraction=15.1616%, Lmin=-172376.02, Lmax=-172375.85
12:38:57 [ultranest] [DEBUG] iteration=4439, ncalls=6235, regioncalls=235520, ndraw=40, logz=-172385.62, remainder_fraction=14.4510%, Lmin=-172376.01, Lmax=-172375.85
12:38:57 [ultranest] [DEBUG] iteration=4440, ncalls=6236, regioncalls=235560, ndraw=40, logz=-172385.62, remainder_fraction=14.4171%, Lmin=-172376.01, Lmax=-172375.85
12:38:57 [ultranest] [DEBUG] iteration=4450, ncalls=6253, regioncalls=236280, ndraw=40, logz=-172385.62, remainder_fraction=14.0775%, Lmin=-172376.01, Lmax=-172375.85
12:38:58 [ultranest] [DEBUG] iteration=4468, ncalls=6278, regioncalls=237280, ndraw=40, logz=-172385.61, remainder_fraction=13.4919%, Lmin=-172376.00, Lmax=-172375.85
12:38:58 [ultranest] [DEBUG] iteration=4480, ncalls=6291, regioncalls=237800, ndraw=40, logz=-172385.61, remainder_fraction=13.1110%, Lmin=-172376.00, Lmax=-172375.85
12:38:58 [ultranest] [DEBUG] iteration=4498, ncalls=6315, regioncalls=238760, ndraw=40, logz=-172385.60, remainder_fraction=12.5540%, Lmin=-172375.99, Lmax=-172375.85
12:38:58 [ultranest] [DEBUG] iteration=4518, ncalls=6339, regioncalls=239720, ndraw=40, logz=-172385.59, remainder_fraction=11.9637%, Lmin=-172375.98, Lmax=-172375.85
12:38:58 [ultranest] [DEBUG] iteration=4520, ncalls=6341, regioncalls=239800, ndraw=40, logz=-172385.59, remainder_fraction=11.9042%, Lmin=-172375.98, Lmax=-172375.85
12:38:58 [ultranest] [DEBUG] iteration=4537, ncalls=6363, regioncalls=240880, ndraw=40, logz=-172385.59, remainder_fraction=11.4253%, Lmin=-172375.98, Lmax=-172375.85
12:38:58 [ultranest] [DEBUG] iteration=4552, ncalls=6388, regioncalls=241880, ndraw=40, logz=-172385.58, remainder_fraction=11.0181%, Lmin=-172375.97, Lmax=-172375.85
12:38:58 [ultranest] [DEBUG] iteration=4560, ncalls=6397, regioncalls=242240, ndraw=40, logz=-172385.58, remainder_fraction=10.8067%, Lmin=-172375.97, Lmax=-172375.85
12:38:58 [ultranest] [DEBUG] iteration=4579, ncalls=6421, regioncalls=243200, ndraw=40, logz=-172385.57, remainder_fraction=10.3193%, Lmin=-172375.96, Lmax=-172375.85
12:38:58 [ultranest] [DEBUG] iteration=4594, ncalls=6445, regioncalls=244160, ndraw=40, logz=-172385.57, remainder_fraction=9.9471%, Lmin=-172375.96, Lmax=-172375.85
12:38:58 [ultranest] [DEBUG] iteration=4600, ncalls=6452, regioncalls=244440, ndraw=40, logz=-172385.57, remainder_fraction=9.8038%, Lmin=-172375.96, Lmax=-172375.85
12:38:58 [ultranest] [DEBUG] iteration=4616, ncalls=6478, regioncalls=245480, ndraw=40, logz=-172385.56, remainder_fraction=9.4304%, Lmin=-172375.95, Lmax=-172375.85
12:38:58 [ultranest] [DEBUG] iteration=4624, ncalls=6487, regioncalls=245880, ndraw=40, logz=-172385.56, remainder_fraction=9.2496%, Lmin=-172375.95, Lmax=-172375.85
12:38:59 [ultranest] [DEBUG] iteration=4640, ncalls=6504, regioncalls=246560, ndraw=40, logz=-172385.56, remainder_fraction=8.8937%, Lmin=-172375.95, Lmax=-172375.85
12:38:59 [ultranest] [DEBUG] iteration=4662, ncalls=6527, regioncalls=247480, ndraw=40, logz=-172385.55, remainder_fraction=8.4279%, Lmin=-172375.94, Lmax=-172375.85
12:38:59 [ultranest] [DEBUG] iteration=4680, ncalls=6546, regioncalls=248240, ndraw=40, logz=-172385.55, remainder_fraction=8.0658%, Lmin=-172375.94, Lmax=-172375.85
12:38:59 [ultranest] [DEBUG] iteration=4697, ncalls=6571, regioncalls=249240, ndraw=40, logz=-172385.55, remainder_fraction=7.7287%, Lmin=-172375.93, Lmax=-172375.85
12:38:59 [ultranest] [DEBUG] iteration=4711, ncalls=6590, regioncalls=250040, ndraw=40, logz=-172385.54, remainder_fraction=7.4671%, Lmin=-172375.93, Lmax=-172375.85
12:38:59 [ultranest] [DEBUG] iteration=4720, ncalls=6605, regioncalls=250640, ndraw=40, logz=-172385.54, remainder_fraction=7.3015%, Lmin=-172375.93, Lmax=-172375.85
12:38:59 [ultranest] [DEBUG] iteration=4740, ncalls=6629, regioncalls=251600, ndraw=40, logz=-172385.54, remainder_fraction=6.9470%, Lmin=-172375.92, Lmax=-172375.85
12:38:59 [ultranest] [DEBUG] iteration=4758, ncalls=6653, regioncalls=252560, ndraw=40, logz=-172385.53, remainder_fraction=6.6394%, Lmin=-172375.92, Lmax=-172375.85
12:38:59 [ultranest] [DEBUG] iteration=4760, ncalls=6655, regioncalls=252640, ndraw=40, logz=-172385.53, remainder_fraction=6.6060%, Lmin=-172375.92, Lmax=-172375.85
12:38:59 [ultranest] [DEBUG] iteration=4779, ncalls=6679, regioncalls=253600, ndraw=40, logz=-172385.53, remainder_fraction=6.3005%, Lmin=-172375.91, Lmax=-172375.85
12:38:59 [ultranest] [DEBUG] iteration=4798, ncalls=6702, regioncalls=254520, ndraw=40, logz=-172385.53, remainder_fraction=6.0085%, Lmin=-172375.91, Lmax=-172375.85
12:38:59 [ultranest] [DEBUG] iteration=4800, ncalls=6705, regioncalls=254640, ndraw=40, logz=-172385.53, remainder_fraction=5.9779%, Lmin=-172375.91, Lmax=-172375.85
12:38:59 [ultranest] [DEBUG] iteration=4817, ncalls=6730, regioncalls=255640, ndraw=40, logz=-172385.52, remainder_fraction=5.7284%, Lmin=-172375.91, Lmax=-172375.85
12:39:00 [ultranest] [DEBUG] iteration=4837, ncalls=6754, regioncalls=256600, ndraw=40, logz=-172385.52, remainder_fraction=5.4503%, Lmin=-172375.91, Lmax=-172375.85
12:39:00 [ultranest] [DEBUG] iteration=4840, ncalls=6757, regioncalls=256720, ndraw=40, logz=-172385.52, remainder_fraction=5.4090%, Lmin=-172375.91, Lmax=-172375.85
12:39:00 [ultranest] [DEBUG] iteration=4855, ncalls=6782, regioncalls=257720, ndraw=40, logz=-172385.52, remainder_fraction=5.2089%, Lmin=-172375.90, Lmax=-172375.85
12:39:00 [ultranest] [DEBUG] iteration=4873, ncalls=6806, regioncalls=258680, ndraw=40, logz=-172385.52, remainder_fraction=4.9791%, Lmin=-172375.90, Lmax=-172375.85
12:39:00 [ultranest] [DEBUG] iteration=4880, ncalls=6814, regioncalls=259000, ndraw=40, logz=-172385.52, remainder_fraction=4.8921%, Lmin=-172375.90, Lmax=-172375.85
12:39:00 [ultranest] [DEBUG] iteration=4885, ncalls=6821, regioncalls=259360, ndraw=40, logz=-172385.51, remainder_fraction=4.8312%, Lmin=-172375.90, Lmax=-172375.85
12:39:00 [ultranest] [DEBUG] iteration=4905, ncalls=6845, regioncalls=260320, ndraw=40, logz=-172385.51, remainder_fraction=4.5937%, Lmin=-172375.90, Lmax=-172375.85
12:39:00 [ultranest] [DEBUG] iteration=4920, ncalls=6864, regioncalls=261080, ndraw=40, logz=-172385.51, remainder_fraction=4.4228%, Lmin=-172375.90, Lmax=-172375.85
12:39:00 [ultranest] [DEBUG] iteration=4939, ncalls=6888, regioncalls=262040, ndraw=40, logz=-172385.51, remainder_fraction=4.2155%, Lmin=-172375.89, Lmax=-172375.85
12:39:00 [ultranest] [DEBUG] iteration=4958, ncalls=6913, regioncalls=263040, ndraw=40, logz=-172385.51, remainder_fraction=4.0181%, Lmin=-172375.89, Lmax=-172375.85
12:39:00 [ultranest] [DEBUG] iteration=4960, ncalls=6916, regioncalls=263160, ndraw=40, logz=-172385.51, remainder_fraction=3.9981%, Lmin=-172375.89, Lmax=-172375.85
12:39:00 [ultranest] [DEBUG] iteration=4972, ncalls=6935, regioncalls=263960, ndraw=40, logz=-172385.50, remainder_fraction=3.8790%, Lmin=-172375.89, Lmax=-172375.85
12:39:00 [ultranest] [DEBUG] iteration=4992, ncalls=6959, regioncalls=264920, ndraw=40, logz=-172385.50, remainder_fraction=3.6870%, Lmin=-172375.89, Lmax=-172375.85
12:39:01 [ultranest] [DEBUG] iteration=5000, ncalls=6968, regioncalls=265280, ndraw=40, logz=-172385.50, remainder_fraction=3.6127%, Lmin=-172375.89, Lmax=-172375.85
12:39:01 [ultranest] [DEBUG] iteration=5019, ncalls=6992, regioncalls=266240, ndraw=40, logz=-172385.50, remainder_fraction=3.4421%, Lmin=-172375.88, Lmax=-172375.85
12:39:01 [ultranest] [DEBUG] iteration=5035, ncalls=7017, regioncalls=267240, ndraw=40, logz=-172385.50, remainder_fraction=3.3053%, Lmin=-172375.88, Lmax=-172375.85
12:39:01 [ultranest] [DEBUG] iteration=5040, ncalls=7027, regioncalls=267640, ndraw=40, logz=-172385.50, remainder_fraction=3.2638%, Lmin=-172375.88, Lmax=-172375.85
12:39:01 [ultranest] [DEBUG] iteration=5059, ncalls=7051, regioncalls=268640, ndraw=40, logz=-172385.50, remainder_fraction=3.1101%, Lmin=-172375.88, Lmax=-172375.85
12:39:01 [ultranest] [DEBUG] iteration=5080, ncalls=7076, regioncalls=269640, ndraw=40, logz=-172385.49, remainder_fraction=2.9484%, Lmin=-172375.88, Lmax=-172375.85
12:39:01 [ultranest] [DEBUG] iteration=5101, ncalls=7101, regioncalls=270640, ndraw=40, logz=-172385.49, remainder_fraction=2.7952%, Lmin=-172375.88, Lmax=-172375.85
12:39:01 [ultranest] [DEBUG] iteration=5120, ncalls=7124, regioncalls=271560, ndraw=40, logz=-172385.49, remainder_fraction=2.6628%, Lmin=-172375.88, Lmax=-172375.85
12:39:01 [ultranest] [DEBUG] iteration=5139, ncalls=7148, regioncalls=272520, ndraw=40, logz=-172385.49, remainder_fraction=2.5368%, Lmin=-172375.87, Lmax=-172375.85
12:39:01 [ultranest] [DEBUG] iteration=5155, ncalls=7171, regioncalls=273440, ndraw=40, logz=-172385.49, remainder_fraction=2.4352%, Lmin=-172375.87, Lmax=-172375.85
12:39:01 [ultranest] [DEBUG] iteration=5160, ncalls=7180, regioncalls=273800, ndraw=40, logz=-172385.49, remainder_fraction=2.4044%, Lmin=-172375.87, Lmax=-172375.85
12:39:02 [ultranest] [DEBUG] iteration=5179, ncalls=7204, regioncalls=274760, ndraw=40, logz=-172385.49, remainder_fraction=2.2905%, Lmin=-172375.87, Lmax=-172375.85
12:39:02 [ultranest] [DEBUG] iteration=5192, ncalls=7230, regioncalls=275800, ndraw=40, logz=-172385.49, remainder_fraction=2.2158%, Lmin=-172375.87, Lmax=-172375.85
12:39:02 [ultranest] [DEBUG] iteration=5200, ncalls=7241, regioncalls=276240, ndraw=40, logz=-172385.49, remainder_fraction=2.1709%, Lmin=-172375.87, Lmax=-172375.85
12:39:02 [ultranest] [DEBUG] iteration=5215, ncalls=7267, regioncalls=277280, ndraw=40, logz=-172385.49, remainder_fraction=2.0893%, Lmin=-172375.87, Lmax=-172375.85
12:39:02 [ultranest] [DEBUG] iteration=5229, ncalls=7292, regioncalls=278280, ndraw=40, logz=-172385.49, remainder_fraction=2.0160%, Lmin=-172375.87, Lmax=-172375.85
12:39:02 [ultranest] [DEBUG] iteration=5233, ncalls=7297, regioncalls=278520, ndraw=40, logz=-172385.49, remainder_fraction=1.9954%, Lmin=-172375.87, Lmax=-172375.85
12:39:02 [ultranest] [DEBUG] iteration=5240, ncalls=7305, regioncalls=278840, ndraw=40, logz=-172385.48, remainder_fraction=1.9600%, Lmin=-172375.87, Lmax=-172375.85
12:39:02 [ultranest] [DEBUG] iteration=5262, ncalls=7329, regioncalls=279800, ndraw=40, logz=-172385.48, remainder_fraction=1.8530%, Lmin=-172375.87, Lmax=-172375.85
12:39:02 [ultranest] [DEBUG] iteration=5278, ncalls=7354, regioncalls=280800, ndraw=40, logz=-172385.48, remainder_fraction=1.7787%, Lmin=-172375.87, Lmax=-172375.85
12:39:02 [ultranest] [DEBUG] iteration=5280, ncalls=7356, regioncalls=280880, ndraw=40, logz=-172385.48, remainder_fraction=1.7695%, Lmin=-172375.87, Lmax=-172375.85
12:39:02 [ultranest] [DEBUG] iteration=5293, ncalls=7384, regioncalls=282000, ndraw=40, logz=-172385.48, remainder_fraction=1.7115%, Lmin=-172375.87, Lmax=-172375.85
12:39:02 [ultranest] [DEBUG] iteration=5311, ncalls=7410, regioncalls=283040, ndraw=40, logz=-172385.48, remainder_fraction=1.6345%, Lmin=-172375.86, Lmax=-172375.85
12:39:02 [ultranest] [DEBUG] iteration=5320, ncalls=7425, regioncalls=283680, ndraw=40, logz=-172385.48, remainder_fraction=1.5971%, Lmin=-172375.86, Lmax=-172375.85
12:39:03 [ultranest] [DEBUG] iteration=5339, ncalls=7449, regioncalls=284720, ndraw=40, logz=-172385.48, remainder_fraction=1.5212%, Lmin=-172375.86, Lmax=-172375.85
12:39:03 [ultranest] [DEBUG] iteration=5359, ncalls=7474, regioncalls=285720, ndraw=40, logz=-172385.48, remainder_fraction=1.4451%, Lmin=-172375.86, Lmax=-172375.85
12:39:03 [ultranest] [DEBUG] iteration=5360, ncalls=7476, regioncalls=285800, ndraw=40, logz=-172385.48, remainder_fraction=1.4414%, Lmin=-172375.86, Lmax=-172375.85
12:39:03 [ultranest] [DEBUG] iteration=5379, ncalls=7500, regioncalls=286760, ndraw=40, logz=-172385.48, remainder_fraction=1.3729%, Lmin=-172375.86, Lmax=-172375.85
12:39:03 [ultranest] [DEBUG] iteration=5399, ncalls=7525, regioncalls=287760, ndraw=40, logz=-172385.48, remainder_fraction=1.3042%, Lmin=-172375.86, Lmax=-172375.85
12:39:03 [ultranest] [DEBUG] iteration=5400, ncalls=7526, regioncalls=287800, ndraw=40, logz=-172385.48, remainder_fraction=1.3008%, Lmin=-172375.86, Lmax=-172375.85
12:39:03 [ultranest] [DEBUG] iteration=5415, ncalls=7549, regioncalls=288720, ndraw=40, logz=-172385.48, remainder_fraction=1.2517%, Lmin=-172375.86, Lmax=-172375.85
12:39:03 [ultranest] [DEBUG] iteration=5431, ncalls=7574, regioncalls=289720, ndraw=40, logz=-172385.48, remainder_fraction=1.2014%, Lmin=-172375.86, Lmax=-172375.85
12:39:03 [ultranest] [DEBUG] iteration=5440, ncalls=7595, regioncalls=290560, ndraw=40, logz=-172385.48, remainder_fraction=1.1740%, Lmin=-172375.86, Lmax=-172375.85
12:39:03 [ultranest] [DEBUG] iteration=5457, ncalls=7618, regioncalls=291480, ndraw=40, logz=-172385.48, remainder_fraction=1.1239%, Lmin=-172375.86, Lmax=-172375.85
12:39:03 [ultranest] [DEBUG] iteration=5475, ncalls=7642, regioncalls=292440, ndraw=40, logz=-172385.48, remainder_fraction=1.0730%, Lmin=-172375.86, Lmax=-172375.85
12:39:03 [ultranest] [DEBUG] iteration=5480, ncalls=7650, regioncalls=292760, ndraw=40, logz=-172385.48, remainder_fraction=1.0593%, Lmin=-172375.86, Lmax=-172375.85
12:39:03 [ultranest] [DEBUG] iteration=5494, ncalls=7668, regioncalls=293520, ndraw=40, logz=-172385.48, remainder_fraction=1.0219%, Lmin=-172375.86, Lmax=-172375.85
12:39:04 [ultranest] [INFO] Explored until L=-2e+05  
12:39:04 [ultranest] [INFO] Likelihood function evaluations: 7677
12:39:05 [ultranest] [INFO] Writing samples and results to disk ...
12:39:05 [ultranest] [INFO] Writing samples and results to disk ... done
12:39:05 [ultranest] [DEBUG] did a run_iter pass!
12:39:05 [ultranest] [INFO]   logZ = -1.724e+05 +- 0.1229
12:39:05 [ultranest] [INFO] Effective samples strategy satisfied (ESS = 1574.2, need >400)
12:39:05 [ultranest] [INFO] Posterior uncertainty strategy is satisfied (KL: 0.47+-0.08 nat, need <0.50 nat)
12:39:05 [ultranest] [INFO] Evidency uncertainty strategy is satisfied (dlogz=0.12, need <0.5)
12:39:05 [ultranest] [INFO]   logZ error budget: single: 0.15 bs:0.12 tail:0.01 total:0.12 required:<0.50
12:39:05 [ultranest] [INFO] done iterating.
12:39:05 [ultranest] [DEBUG] Making corner plot ...
12:39:05 [ultranest] [DEBUG] Making corner plot ... done
12:39:05 [ultranest] [DEBUG] Making run plot ... 
12:39:06 [ultranest] [DEBUG] Making run plot ... done
12:39:06 [ultranest] [DEBUG] Making trace plot ... 
12:39:07 [ultranest] [DEBUG] Making trace plot ... done
