13:06:46 [ultranest] [DEBUG] ReactiveNestedSampler: dims=2+0, resume=False, log_dir=./m-values/N64/S24/M64/T029/P025/NF2/sample_rho, backend=hdf5, vectorized=False, nbootstraps=30, ndraw=128..65536
13:06:46 [ultranest] [INFO] Sampling 400 live points from prior ...
13:06:47 [ultranest] [DEBUG] run_iter dlogz=0.5, dKL=0.5, frac_remain=0.01, Lepsilon=0.0010, min_ess=400
13:06:47 [ultranest] [DEBUG] max_iters=-1, max_ncalls=-1, max_num_improvement_loops=-1, min_num_live_points=400, cluster_num_live_points=40
13:06:47 [ultranest] [DEBUG] minimal_widths_sequence: [(-inf, 400.0), (inf, 400.0)]
13:06:47 [ultranest] [DEBUG] Plateau detected at L=-2.578895e+07, not replacing live point.
13:06:47 [ultranest] [DEBUG] Plateau detected at L=-2.578895e+07, not replacing live point.
13:06:47 [ultranest] [DEBUG] Plateau detected at L=-2.578895e+07, not replacing live point.
13:06:47 [ultranest] [DEBUG] Plateau detected at L=-2.578895e+07, not replacing live point.
13:06:47 [ultranest] [DEBUG] Plateau detected at L=-2.578895e+07, not replacing live point.
13:06:47 [ultranest] [DEBUG] Plateau detected at L=-2.578895e+07, not replacing live point.
13:06:47 [ultranest] [DEBUG] Plateau detected at L=-2.578895e+07, not replacing live point.
13:06:47 [ultranest] [DEBUG] Plateau detected at L=-2.578895e+07, not replacing live point.
13:06:47 [ultranest] [DEBUG] Plateau detected at L=-2.578895e+07, not replacing live point.
13:06:47 [ultranest] [DEBUG] Plateau detected at L=-2.578895e+07, not replacing live point.
13:06:47 [ultranest] [DEBUG] Plateau detected at L=-2.578895e+07, not replacing live point.
13:06:47 [ultranest] [DEBUG] Plateau detected at L=-2.578895e+07, not replacing live point.
13:06:47 [ultranest] [DEBUG] Plateau detected at L=-2.578895e+07, not replacing live point.
13:06:47 [ultranest] [DEBUG] Plateau detected at L=-2.578895e+07, not replacing live point.
13:06:47 [ultranest] [DEBUG] Plateau detected at L=-2.578895e+07, not replacing live point.
13:06:47 [ultranest] [DEBUG] Plateau detected at L=-2.578895e+07, not replacing live point.
13:06:47 [ultranest] [DEBUG] Plateau detected at L=-2.578895e+07, not replacing live point.
13:06:47 [ultranest] [DEBUG] Plateau detected at L=-2.578895e+07, not replacing live point.
13:06:47 [ultranest] [DEBUG] Plateau detected at L=-2.578895e+07, not replacing live point.
13:06:47 [ultranest] [DEBUG] Plateau detected at L=-2.578895e+07, not replacing live point.
13:06:47 [ultranest] [DEBUG] Plateau detected at L=-2.578895e+07, not replacing live point.
13:06:47 [ultranest] [DEBUG] Plateau detected at L=-2.578895e+07, not replacing live point.
13:06:47 [ultranest] [DEBUG] iteration=22, ncalls=401, regioncalls=40, ndraw=40, logz=-25788955.94, remainder_fraction=100.0000%, Lmin=-25788953.04, Lmax=-198119.36
13:06:47 [ultranest] [DEBUG] iteration=40, ncalls=419, regioncalls=760, ndraw=40, logz=-245054.26, remainder_fraction=100.0000%, Lmin=-244637.29, Lmax=-198119.36
13:06:47 [ultranest] [DEBUG] iteration=61, ncalls=440, regioncalls=1600, ndraw=40, logz=-236064.02, remainder_fraction=100.0000%, Lmin=-235645.20, Lmax=-198119.36
13:06:48 [ultranest] [DEBUG] iteration=80, ncalls=462, regioncalls=2480, ndraw=40, logz=-232982.58, remainder_fraction=100.0000%, Lmin=-232884.01, Lmax=-198119.36
13:06:48 [ultranest] [DEBUG] iteration=100, ncalls=484, regioncalls=3360, ndraw=40, logz=-228643.08, remainder_fraction=100.0000%, Lmin=-228573.08, Lmax=-198119.36
13:06:48 [ultranest] [DEBUG] iteration=107, ncalls=492, regioncalls=3680, ndraw=40, logz=-227560.18, remainder_fraction=100.0000%, Lmin=-227501.40, Lmax=-198118.75
13:06:48 [ultranest] [DEBUG] iteration=120, ncalls=508, regioncalls=4320, ndraw=40, logz=-226418.75, remainder_fraction=100.0000%, Lmin=-226373.12, Lmax=-198118.75
13:06:48 [ultranest] [DEBUG] iteration=141, ncalls=529, regioncalls=5160, ndraw=40, logz=-223273.24, remainder_fraction=100.0000%, Lmin=-223195.82, Lmax=-198118.75
13:06:48 [ultranest] [DEBUG] iteration=158, ncalls=551, regioncalls=6040, ndraw=40, logz=-220971.94, remainder_fraction=100.0000%, Lmin=-220956.51, Lmax=-198118.75
13:06:48 [ultranest] [DEBUG] iteration=160, ncalls=553, regioncalls=6120, ndraw=40, logz=-220856.99, remainder_fraction=100.0000%, Lmin=-220666.77, Lmax=-198118.75
13:06:48 [ultranest] [DEBUG] iteration=180, ncalls=574, regioncalls=6960, ndraw=40, logz=-218219.22, remainder_fraction=100.0000%, Lmin=-217812.46, Lmax=-198118.75
13:06:48 [ultranest] [DEBUG] iteration=192, ncalls=589, regioncalls=7560, ndraw=40, logz=-217041.78, remainder_fraction=100.0000%, Lmin=-216999.52, Lmax=-198118.75
13:06:48 [ultranest] [DEBUG] iteration=200, ncalls=599, regioncalls=7960, ndraw=40, logz=-216607.60, remainder_fraction=100.0000%, Lmin=-216580.68, Lmax=-198118.75
13:06:48 [ultranest] [DEBUG] iteration=220, ncalls=621, regioncalls=8840, ndraw=40, logz=-215656.54, remainder_fraction=100.0000%, Lmin=-215587.14, Lmax=-198118.75
13:06:48 [ultranest] [DEBUG] iteration=239, ncalls=643, regioncalls=9720, ndraw=40, logz=-214432.02, remainder_fraction=100.0000%, Lmin=-214422.31, Lmax=-198118.75
13:06:48 [ultranest] [DEBUG] iteration=240, ncalls=644, regioncalls=9760, ndraw=40, logz=-214428.83, remainder_fraction=100.0000%, Lmin=-214374.47, Lmax=-198118.75
13:06:49 [ultranest] [DEBUG] iteration=259, ncalls=665, regioncalls=10600, ndraw=40, logz=-213570.58, remainder_fraction=100.0000%, Lmin=-213495.20, Lmax=-198118.75
13:06:49 [ultranest] [DEBUG] iteration=277, ncalls=684, regioncalls=11360, ndraw=40, logz=-212571.72, remainder_fraction=100.0000%, Lmin=-212551.86, Lmax=-198118.75
13:06:49 [ultranest] [DEBUG] iteration=280, ncalls=687, regioncalls=11480, ndraw=40, logz=-212502.58, remainder_fraction=100.0000%, Lmin=-212288.54, Lmax=-198118.75
13:06:49 [ultranest] [DEBUG] iteration=296, ncalls=709, regioncalls=12360, ndraw=40, logz=-211467.32, remainder_fraction=100.0000%, Lmin=-211430.43, Lmax=-198118.75
13:06:49 [ultranest] [DEBUG] iteration=314, ncalls=732, regioncalls=13280, ndraw=40, logz=-210475.04, remainder_fraction=100.0000%, Lmin=-210444.40, Lmax=-198118.75
13:06:49 [ultranest] [DEBUG] iteration=320, ncalls=739, regioncalls=13560, ndraw=40, logz=-210336.47, remainder_fraction=100.0000%, Lmin=-210313.75, Lmax=-198118.75
13:06:49 [ultranest] [DEBUG] iteration=335, ncalls=761, regioncalls=14440, ndraw=40, logz=-209785.82, remainder_fraction=100.0000%, Lmin=-209718.64, Lmax=-198118.75
13:06:49 [ultranest] [DEBUG] iteration=350, ncalls=783, regioncalls=15320, ndraw=40, logz=-209162.42, remainder_fraction=100.0000%, Lmin=-209106.46, Lmax=-198118.75
13:06:49 [ultranest] [DEBUG] iteration=360, ncalls=795, regioncalls=15800, ndraw=40, logz=-208921.02, remainder_fraction=100.0000%, Lmin=-208884.34, Lmax=-198118.75
13:06:49 [ultranest] [DEBUG] iteration=377, ncalls=815, regioncalls=16600, ndraw=40, logz=-208484.27, remainder_fraction=100.0000%, Lmin=-208458.67, Lmax=-198078.72
13:06:49 [ultranest] [DEBUG] iteration=392, ncalls=837, regioncalls=17480, ndraw=40, logz=-207693.19, remainder_fraction=100.0000%, Lmin=-207648.24, Lmax=-198078.72
13:06:49 [ultranest] [DEBUG] iteration=400, ncalls=848, regioncalls=17920, ndraw=40, logz=-207317.87, remainder_fraction=100.0000%, Lmin=-207283.95, Lmax=-198078.72
13:06:50 [ultranest] [DEBUG] iteration=418, ncalls=870, regioncalls=18800, ndraw=40, logz=-206755.43, remainder_fraction=100.0000%, Lmin=-206644.38, Lmax=-198078.72
13:06:50 [ultranest] [DEBUG] iteration=433, ncalls=892, regioncalls=19680, ndraw=40, logz=-206218.44, remainder_fraction=100.0000%, Lmin=-206170.42, Lmax=-198078.72
13:06:50 [ultranest] [DEBUG] iteration=440, ncalls=904, regioncalls=20160, ndraw=40, logz=-205966.40, remainder_fraction=100.0000%, Lmin=-205949.67, Lmax=-198078.72
13:06:50 [ultranest] [DEBUG] iteration=447, ncalls=913, regioncalls=20520, ndraw=40, logz=-205908.00, remainder_fraction=100.0000%, Lmin=-205801.27, Lmax=-198078.72
13:06:50 [ultranest] [DEBUG] iteration=465, ncalls=935, regioncalls=21400, ndraw=40, logz=-205532.63, remainder_fraction=100.0000%, Lmin=-205525.36, Lmax=-198078.72
13:06:50 [ultranest] [DEBUG] iteration=480, ncalls=953, regioncalls=22120, ndraw=40, logz=-205232.98, remainder_fraction=100.0000%, Lmin=-205200.33, Lmax=-198078.72
13:06:50 [ultranest] [DEBUG] iteration=499, ncalls=974, regioncalls=22960, ndraw=40, logz=-204778.68, remainder_fraction=100.0000%, Lmin=-204771.03, Lmax=-198078.72
13:06:50 [ultranest] [DEBUG] iteration=514, ncalls=996, regioncalls=23840, ndraw=40, logz=-204349.02, remainder_fraction=100.0000%, Lmin=-204334.80, Lmax=-198078.72
13:06:50 [ultranest] [DEBUG] iteration=520, ncalls=1004, regioncalls=24160, ndraw=40, logz=-204263.20, remainder_fraction=100.0000%, Lmin=-204233.29, Lmax=-198078.72
13:06:50 [ultranest] [DEBUG] iteration=536, ncalls=1024, regioncalls=24960, ndraw=40, logz=-203875.89, remainder_fraction=100.0000%, Lmin=-203851.24, Lmax=-198078.72
13:06:50 [ultranest] [DEBUG] iteration=556, ncalls=1045, regioncalls=25800, ndraw=40, logz=-203529.15, remainder_fraction=100.0000%, Lmin=-203520.77, Lmax=-198078.72
13:06:50 [ultranest] [DEBUG] iteration=560, ncalls=1051, regioncalls=26040, ndraw=40, logz=-203515.17, remainder_fraction=100.0000%, Lmin=-203460.56, Lmax=-198078.72
13:06:51 [ultranest] [DEBUG] iteration=573, ncalls=1074, regioncalls=26960, ndraw=40, logz=-203340.79, remainder_fraction=100.0000%, Lmin=-203308.18, Lmax=-198078.72
13:06:51 [ultranest] [DEBUG] iteration=591, ncalls=1096, regioncalls=27840, ndraw=40, logz=-203123.65, remainder_fraction=100.0000%, Lmin=-203102.16, Lmax=-198078.72
13:06:51 [ultranest] [DEBUG] iteration=600, ncalls=1109, regioncalls=28360, ndraw=40, logz=-202953.93, remainder_fraction=100.0000%, Lmin=-202937.69, Lmax=-198078.72
13:06:51 [ultranest] [DEBUG] iteration=617, ncalls=1128, regioncalls=29120, ndraw=40, logz=-202658.50, remainder_fraction=100.0000%, Lmin=-202621.98, Lmax=-198078.72
13:06:51 [ultranest] [DEBUG] iteration=635, ncalls=1150, regioncalls=30000, ndraw=40, logz=-202333.52, remainder_fraction=100.0000%, Lmin=-202290.52, Lmax=-198078.72
13:06:51 [ultranest] [DEBUG] iteration=640, ncalls=1158, regioncalls=30320, ndraw=40, logz=-202265.89, remainder_fraction=100.0000%, Lmin=-202250.98, Lmax=-198078.72
13:06:51 [ultranest] [DEBUG] iteration=659, ncalls=1180, regioncalls=31200, ndraw=40, logz=-202075.87, remainder_fraction=100.0000%, Lmin=-202055.74, Lmax=-198078.72
13:06:51 [ultranest] [DEBUG] iteration=677, ncalls=1202, regioncalls=32080, ndraw=40, logz=-201936.31, remainder_fraction=100.0000%, Lmin=-201924.79, Lmax=-198078.72
13:06:51 [ultranest] [DEBUG] iteration=680, ncalls=1206, regioncalls=32240, ndraw=40, logz=-201918.62, remainder_fraction=100.0000%, Lmin=-201904.72, Lmax=-198078.72
13:06:51 [ultranest] [DEBUG] iteration=696, ncalls=1228, regioncalls=33120, ndraw=40, logz=-201760.20, remainder_fraction=100.0000%, Lmin=-201722.82, Lmax=-198078.72
13:06:51 [ultranest] [DEBUG] iteration=702, ncalls=1235, regioncalls=33400, ndraw=40, logz=-201688.50, remainder_fraction=100.0000%, Lmin=-201670.92, Lmax=-198078.72
13:06:51 [ultranest] [DEBUG] iteration=717, ncalls=1260, regioncalls=34400, ndraw=40, logz=-201462.87, remainder_fraction=100.0000%, Lmin=-201451.50, Lmax=-198078.72
13:06:51 [ultranest] [DEBUG] iteration=720, ncalls=1264, regioncalls=34560, ndraw=40, logz=-201431.75, remainder_fraction=100.0000%, Lmin=-201416.22, Lmax=-198078.72
13:06:52 [ultranest] [DEBUG] iteration=737, ncalls=1286, regioncalls=35440, ndraw=40, logz=-201277.06, remainder_fraction=100.0000%, Lmin=-201257.77, Lmax=-198078.72
13:06:52 [ultranest] [DEBUG] iteration=754, ncalls=1308, regioncalls=36320, ndraw=40, logz=-201143.03, remainder_fraction=100.0000%, Lmin=-201129.24, Lmax=-198078.72
13:06:52 [ultranest] [DEBUG] iteration=760, ncalls=1320, regioncalls=36800, ndraw=40, logz=-201087.99, remainder_fraction=100.0000%, Lmin=-201078.66, Lmax=-198078.72
13:06:52 [ultranest] [DEBUG] iteration=776, ncalls=1342, regioncalls=37680, ndraw=40, logz=-200948.64, remainder_fraction=100.0000%, Lmin=-200938.38, Lmax=-198078.72
13:06:52 [ultranest] [DEBUG] iteration=787, ncalls=1356, regioncalls=38240, ndraw=40, logz=-200832.15, remainder_fraction=100.0000%, Lmin=-200807.62, Lmax=-198076.09
13:06:52 [ultranest] [DEBUG] iteration=800, ncalls=1370, regioncalls=38800, ndraw=40, logz=-200723.93, remainder_fraction=100.0000%, Lmin=-200692.51, Lmax=-198076.09
13:06:52 [ultranest] [DEBUG] iteration=817, ncalls=1393, regioncalls=39720, ndraw=40, logz=-200595.93, remainder_fraction=100.0000%, Lmin=-200580.02, Lmax=-198076.09
13:06:52 [ultranest] [DEBUG] iteration=836, ncalls=1414, regioncalls=40560, ndraw=40, logz=-200420.16, remainder_fraction=100.0000%, Lmin=-200409.89, Lmax=-198076.09
13:06:52 [ultranest] [DEBUG] iteration=840, ncalls=1419, regioncalls=40760, ndraw=40, logz=-200403.26, remainder_fraction=100.0000%, Lmin=-200394.40, Lmax=-198076.09
13:06:52 [ultranest] [DEBUG] iteration=855, ncalls=1441, regioncalls=41640, ndraw=40, logz=-200309.61, remainder_fraction=100.0000%, Lmin=-200300.56, Lmax=-198076.09
13:06:52 [ultranest] [DEBUG] iteration=872, ncalls=1463, regioncalls=42520, ndraw=40, logz=-200217.17, remainder_fraction=100.0000%, Lmin=-200207.05, Lmax=-198076.09
13:06:52 [ultranest] [DEBUG] iteration=880, ncalls=1473, regioncalls=42920, ndraw=40, logz=-200176.00, remainder_fraction=100.0000%, Lmin=-200159.67, Lmax=-198076.09
13:06:53 [ultranest] [DEBUG] iteration=899, ncalls=1494, regioncalls=43760, ndraw=40, logz=-200065.92, remainder_fraction=100.0000%, Lmin=-200057.14, Lmax=-198076.09
13:06:53 [ultranest] [DEBUG] iteration=918, ncalls=1516, regioncalls=44640, ndraw=40, logz=-199946.67, remainder_fraction=100.0000%, Lmin=-199938.44, Lmax=-198076.09
13:06:53 [ultranest] [DEBUG] iteration=920, ncalls=1520, regioncalls=44800, ndraw=40, logz=-199940.75, remainder_fraction=100.0000%, Lmin=-199931.93, Lmax=-198076.09
13:06:53 [ultranest] [DEBUG] iteration=936, ncalls=1542, regioncalls=45680, ndraw=40, logz=-199833.25, remainder_fraction=100.0000%, Lmin=-199824.82, Lmax=-198076.09
13:06:53 [ultranest] [DEBUG] iteration=952, ncalls=1565, regioncalls=46640, ndraw=40, logz=-199767.44, remainder_fraction=100.0000%, Lmin=-199755.81, Lmax=-198076.09
13:06:53 [ultranest] [DEBUG] iteration=957, ncalls=1570, regioncalls=46840, ndraw=40, logz=-199747.44, remainder_fraction=100.0000%, Lmin=-199728.45, Lmax=-198076.09
13:06:53 [ultranest] [DEBUG] iteration=960, ncalls=1574, regioncalls=47000, ndraw=40, logz=-199726.17, remainder_fraction=100.0000%, Lmin=-199717.34, Lmax=-198076.09
13:06:53 [ultranest] [DEBUG] iteration=975, ncalls=1596, regioncalls=47880, ndraw=40, logz=-199654.47, remainder_fraction=100.0000%, Lmin=-199644.89, Lmax=-198076.09
13:06:53 [ultranest] [DEBUG] iteration=991, ncalls=1618, regioncalls=48760, ndraw=40, logz=-199582.19, remainder_fraction=100.0000%, Lmin=-199559.36, Lmax=-198076.09
13:06:53 [ultranest] [DEBUG] iteration=1000, ncalls=1628, regioncalls=49160, ndraw=40, logz=-199534.54, remainder_fraction=100.0000%, Lmin=-199523.58, Lmax=-198076.09
13:06:53 [ultranest] [DEBUG] iteration=1017, ncalls=1650, regioncalls=50040, ndraw=40, logz=-199465.80, remainder_fraction=100.0000%, Lmin=-199456.72, Lmax=-198076.09
13:06:53 [ultranest] [DEBUG] iteration=1036, ncalls=1672, regioncalls=50960, ndraw=40, logz=-199398.58, remainder_fraction=100.0000%, Lmin=-199383.22, Lmax=-198076.09
13:06:53 [ultranest] [DEBUG] iteration=1040, ncalls=1678, regioncalls=51200, ndraw=40, logz=-199386.30, remainder_fraction=100.0000%, Lmin=-199366.97, Lmax=-198076.09
13:06:53 [ultranest] [DEBUG] iteration=1042, ncalls=1680, regioncalls=51280, ndraw=40, logz=-199369.92, remainder_fraction=100.0000%, Lmin=-199349.54, Lmax=-198076.09
13:06:54 [ultranest] [DEBUG] iteration=1061, ncalls=1702, regioncalls=52160, ndraw=40, logz=-199293.73, remainder_fraction=100.0000%, Lmin=-199284.72, Lmax=-198076.09
13:06:54 [ultranest] [DEBUG] iteration=1078, ncalls=1724, regioncalls=53080, ndraw=40, logz=-199239.12, remainder_fraction=100.0000%, Lmin=-199230.34, Lmax=-198076.09
13:06:54 [ultranest] [DEBUG] iteration=1080, ncalls=1727, regioncalls=53200, ndraw=40, logz=-199235.79, remainder_fraction=100.0000%, Lmin=-199225.30, Lmax=-198076.09
13:06:54 [ultranest] [DEBUG] iteration=1098, ncalls=1749, regioncalls=54120, ndraw=40, logz=-199146.06, remainder_fraction=100.0000%, Lmin=-199136.81, Lmax=-198076.09
13:06:54 [ultranest] [DEBUG] iteration=1114, ncalls=1771, regioncalls=55000, ndraw=40, logz=-199089.44, remainder_fraction=100.0000%, Lmin=-199078.92, Lmax=-198076.09
13:06:54 [ultranest] [DEBUG] iteration=1120, ncalls=1777, regioncalls=55240, ndraw=40, logz=-199070.14, remainder_fraction=100.0000%, Lmin=-199060.36, Lmax=-198076.09
13:06:54 [ultranest] [DEBUG] iteration=1127, ncalls=1786, regioncalls=55600, ndraw=40, logz=-199037.83, remainder_fraction=100.0000%, Lmin=-199026.93, Lmax=-198076.09
13:06:54 [ultranest] [DEBUG] iteration=1146, ncalls=1808, regioncalls=56560, ndraw=40, logz=-198978.68, remainder_fraction=100.0000%, Lmin=-198965.19, Lmax=-198076.09
13:06:54 [ultranest] [DEBUG] iteration=1160, ncalls=1823, regioncalls=57160, ndraw=40, logz=-198943.79, remainder_fraction=100.0000%, Lmin=-198934.12, Lmax=-198076.09
13:06:54 [ultranest] [DEBUG] iteration=1177, ncalls=1846, regioncalls=58120, ndraw=40, logz=-198907.76, remainder_fraction=100.0000%, Lmin=-198898.64, Lmax=-198076.09
13:06:54 [ultranest] [DEBUG] iteration=1195, ncalls=1867, regioncalls=58960, ndraw=40, logz=-198883.97, remainder_fraction=100.0000%, Lmin=-198873.94, Lmax=-198076.09
13:06:54 [ultranest] [DEBUG] iteration=1200, ncalls=1874, regioncalls=59240, ndraw=40, logz=-198874.74, remainder_fraction=100.0000%, Lmin=-198865.63, Lmax=-198076.09
13:06:54 [ultranest] [DEBUG] iteration=1212, ncalls=1889, regioncalls=59840, ndraw=40, logz=-198838.88, remainder_fraction=100.0000%, Lmin=-198828.96, Lmax=-198076.09
13:06:55 [ultranest] [DEBUG] iteration=1230, ncalls=1912, regioncalls=60800, ndraw=40, logz=-198801.75, remainder_fraction=100.0000%, Lmin=-198789.72, Lmax=-198076.09
13:06:55 [ultranest] [DEBUG] iteration=1240, ncalls=1922, regioncalls=61200, ndraw=40, logz=-198784.10, remainder_fraction=100.0000%, Lmin=-198770.67, Lmax=-198076.09
13:06:55 [ultranest] [DEBUG] iteration=1258, ncalls=1943, regioncalls=62040, ndraw=40, logz=-198742.57, remainder_fraction=100.0000%, Lmin=-198729.69, Lmax=-198076.09
13:06:55 [ultranest] [DEBUG] iteration=1271, ncalls=1966, regioncalls=62960, ndraw=40, logz=-198715.30, remainder_fraction=100.0000%, Lmin=-198703.59, Lmax=-198076.09
13:06:55 [ultranest] [DEBUG] iteration=1280, ncalls=1979, regioncalls=63480, ndraw=40, logz=-198699.30, remainder_fraction=100.0000%, Lmin=-198685.33, Lmax=-198076.09
13:06:55 [ultranest] [DEBUG] iteration=1297, ncalls=2001, regioncalls=64360, ndraw=40, logz=-198655.51, remainder_fraction=100.0000%, Lmin=-198644.60, Lmax=-198076.09
13:06:55 [ultranest] [DEBUG] iteration=1315, ncalls=2023, regioncalls=65240, ndraw=40, logz=-198631.82, remainder_fraction=100.0000%, Lmin=-198622.87, Lmax=-198076.09
13:06:55 [ultranest] [DEBUG] iteration=1320, ncalls=2030, regioncalls=65520, ndraw=40, logz=-198624.88, remainder_fraction=100.0000%, Lmin=-198615.23, Lmax=-198076.09
13:06:55 [ultranest] [DEBUG] iteration=1337, ncalls=2053, regioncalls=66440, ndraw=40, logz=-198599.34, remainder_fraction=100.0000%, Lmin=-198589.62, Lmax=-198076.09
13:06:55 [ultranest] [DEBUG] iteration=1352, ncalls=2075, regioncalls=67320, ndraw=40, logz=-198577.47, remainder_fraction=100.0000%, Lmin=-198562.45, Lmax=-198076.09
13:06:55 [ultranest] [DEBUG] iteration=1360, ncalls=2084, regioncalls=67680, ndraw=40, logz=-198563.66, remainder_fraction=100.0000%, Lmin=-198553.94, Lmax=-198076.09
13:06:55 [ultranest] [DEBUG] iteration=1377, ncalls=2106, regioncalls=68560, ndraw=40, logz=-198538.19, remainder_fraction=100.0000%, Lmin=-198528.46, Lmax=-198076.09
13:06:55 [ultranest] [DEBUG] iteration=1382, ncalls=2116, regioncalls=68960, ndraw=40, logz=-198535.10, remainder_fraction=100.0000%, Lmin=-198522.14, Lmax=-198076.09
13:06:56 [ultranest] [DEBUG] iteration=1400, ncalls=2138, regioncalls=69880, ndraw=40, logz=-198507.52, remainder_fraction=100.0000%, Lmin=-198498.57, Lmax=-198076.09
13:06:56 [ultranest] [DEBUG] iteration=1419, ncalls=2161, regioncalls=70800, ndraw=40, logz=-198485.38, remainder_fraction=100.0000%, Lmin=-198474.66, Lmax=-198076.09
13:06:56 [ultranest] [DEBUG] iteration=1436, ncalls=2183, regioncalls=71680, ndraw=40, logz=-198464.63, remainder_fraction=100.0000%, Lmin=-198454.41, Lmax=-198075.62
13:06:56 [ultranest] [DEBUG] iteration=1440, ncalls=2190, regioncalls=71960, ndraw=40, logz=-198457.40, remainder_fraction=100.0000%, Lmin=-198444.92, Lmax=-198075.62
13:06:56 [ultranest] [DEBUG] iteration=1456, ncalls=2214, regioncalls=72920, ndraw=40, logz=-198442.58, remainder_fraction=100.0000%, Lmin=-198433.44, Lmax=-198075.62
13:06:56 [ultranest] [DEBUG] iteration=1467, ncalls=2229, regioncalls=73520, ndraw=40, logz=-198435.49, remainder_fraction=100.0000%, Lmin=-198425.74, Lmax=-198075.62
13:06:56 [ultranest] [DEBUG] iteration=1480, ncalls=2242, regioncalls=74160, ndraw=40, logz=-198422.08, remainder_fraction=100.0000%, Lmin=-198413.05, Lmax=-198075.62
13:06:56 [ultranest] [DEBUG] iteration=1497, ncalls=2264, regioncalls=75040, ndraw=40, logz=-198412.97, remainder_fraction=100.0000%, Lmin=-198402.51, Lmax=-198075.62
13:06:56 [ultranest] [DEBUG] iteration=1514, ncalls=2286, regioncalls=76000, ndraw=40, logz=-198398.51, remainder_fraction=100.0000%, Lmin=-198388.95, Lmax=-198075.62
13:06:56 [ultranest] [DEBUG] iteration=1520, ncalls=2293, regioncalls=76280, ndraw=40, logz=-198395.46, remainder_fraction=100.0000%, Lmin=-198385.97, Lmax=-198075.62
13:06:56 [ultranest] [DEBUG] iteration=1537, ncalls=2316, regioncalls=77200, ndraw=40, logz=-198382.03, remainder_fraction=100.0000%, Lmin=-198371.68, Lmax=-198075.62
13:06:57 [ultranest] [DEBUG] iteration=1552, ncalls=2333, regioncalls=77920, ndraw=40, logz=-198369.61, remainder_fraction=100.0000%, Lmin=-198360.54, Lmax=-198075.62
13:06:57 [ultranest] [DEBUG] iteration=1560, ncalls=2341, regioncalls=78280, ndraw=40, logz=-198362.38, remainder_fraction=100.0000%, Lmin=-198352.60, Lmax=-198075.62
13:06:57 [ultranest] [DEBUG] iteration=1578, ncalls=2364, regioncalls=79200, ndraw=40, logz=-198347.75, remainder_fraction=100.0000%, Lmin=-198338.15, Lmax=-198075.62
13:06:57 [ultranest] [DEBUG] iteration=1595, ncalls=2386, regioncalls=80080, ndraw=40, logz=-198336.64, remainder_fraction=100.0000%, Lmin=-198327.58, Lmax=-198075.62
13:06:57 [ultranest] [DEBUG] iteration=1600, ncalls=2393, regioncalls=80360, ndraw=40, logz=-198335.02, remainder_fraction=100.0000%, Lmin=-198326.06, Lmax=-198075.62
13:06:57 [ultranest] [DEBUG] iteration=1616, ncalls=2416, regioncalls=81280, ndraw=40, logz=-198326.88, remainder_fraction=100.0000%, Lmin=-198317.14, Lmax=-198075.62
13:06:57 [ultranest] [DEBUG] iteration=1633, ncalls=2438, regioncalls=82160, ndraw=40, logz=-198314.05, remainder_fraction=100.0000%, Lmin=-198304.15, Lmax=-198075.62
13:06:57 [ultranest] [DEBUG] iteration=1637, ncalls=2443, regioncalls=82400, ndraw=40, logz=-198311.69, remainder_fraction=100.0000%, Lmin=-198302.06, Lmax=-198075.62
13:06:57 [ultranest] [DEBUG] iteration=1640, ncalls=2447, regioncalls=82560, ndraw=40, logz=-198309.37, remainder_fraction=100.0000%, Lmin=-198298.63, Lmax=-198075.62
13:06:57 [ultranest] [DEBUG] iteration=1659, ncalls=2468, regioncalls=83400, ndraw=40, logz=-198297.16, remainder_fraction=100.0000%, Lmin=-198288.16, Lmax=-198075.62
13:06:57 [ultranest] [DEBUG] iteration=1678, ncalls=2489, regioncalls=84240, ndraw=40, logz=-198290.74, remainder_fraction=100.0000%, Lmin=-198281.56, Lmax=-198075.62
13:06:57 [ultranest] [DEBUG] iteration=1680, ncalls=2491, regioncalls=84320, ndraw=40, logz=-198290.08, remainder_fraction=100.0000%, Lmin=-198280.58, Lmax=-198075.62
13:06:57 [ultranest] [DEBUG] iteration=1698, ncalls=2512, regioncalls=85160, ndraw=40, logz=-198282.06, remainder_fraction=100.0000%, Lmin=-198271.58, Lmax=-198075.62
13:06:58 [ultranest] [DEBUG] iteration=1717, ncalls=2532, regioncalls=85960, ndraw=40, logz=-198271.78, remainder_fraction=100.0000%, Lmin=-198261.93, Lmax=-198075.62
13:06:58 [ultranest] [DEBUG] iteration=1720, ncalls=2536, regioncalls=86120, ndraw=40, logz=-198270.67, remainder_fraction=100.0000%, Lmin=-198261.18, Lmax=-198075.62
13:06:58 [ultranest] [DEBUG] iteration=1737, ncalls=2556, regioncalls=86920, ndraw=40, logz=-198264.99, remainder_fraction=100.0000%, Lmin=-198255.63, Lmax=-198075.62
13:06:58 [ultranest] [DEBUG] iteration=1753, ncalls=2580, regioncalls=87880, ndraw=40, logz=-198259.91, remainder_fraction=100.0000%, Lmin=-198249.97, Lmax=-198075.62
13:06:58 [ultranest] [DEBUG] iteration=1760, ncalls=2587, regioncalls=88160, ndraw=40, logz=-198256.19, remainder_fraction=100.0000%, Lmin=-198246.37, Lmax=-198075.62
13:06:58 [ultranest] [DEBUG] iteration=1775, ncalls=2609, regioncalls=89040, ndraw=40, logz=-198248.05, remainder_fraction=100.0000%, Lmin=-198237.98, Lmax=-198075.62
13:06:58 [ultranest] [DEBUG] iteration=1789, ncalls=2631, regioncalls=89920, ndraw=40, logz=-198239.81, remainder_fraction=100.0000%, Lmin=-198230.10, Lmax=-198075.62
13:06:58 [ultranest] [DEBUG] iteration=1800, ncalls=2651, regioncalls=90720, ndraw=40, logz=-198234.92, remainder_fraction=100.0000%, Lmin=-198225.11, Lmax=-198075.62
13:06:58 [ultranest] [DEBUG] iteration=1817, ncalls=2671, regioncalls=91520, ndraw=40, logz=-198229.97, remainder_fraction=100.0000%, Lmin=-198220.20, Lmax=-198075.62
13:06:58 [ultranest] [DEBUG] iteration=1836, ncalls=2692, regioncalls=92360, ndraw=40, logz=-198220.52, remainder_fraction=100.0000%, Lmin=-198210.82, Lmax=-198075.62
13:06:58 [ultranest] [DEBUG] iteration=1840, ncalls=2697, regioncalls=92560, ndraw=40, logz=-198218.60, remainder_fraction=100.0000%, Lmin=-198208.60, Lmax=-198075.62
13:06:58 [ultranest] [DEBUG] iteration=1858, ncalls=2720, regioncalls=93480, ndraw=40, logz=-198214.71, remainder_fraction=100.0000%, Lmin=-198205.37, Lmax=-198075.62
13:06:59 [ultranest] [DEBUG] iteration=1874, ncalls=2742, regioncalls=94360, ndraw=40, logz=-198210.11, remainder_fraction=100.0000%, Lmin=-198200.51, Lmax=-198075.62
13:06:59 [ultranest] [DEBUG] iteration=1880, ncalls=2748, regioncalls=94600, ndraw=40, logz=-198208.46, remainder_fraction=100.0000%, Lmin=-198197.93, Lmax=-198075.62
13:06:59 [ultranest] [DEBUG] iteration=1892, ncalls=2765, regioncalls=95320, ndraw=40, logz=-198204.18, remainder_fraction=100.0000%, Lmin=-198193.75, Lmax=-198075.62
13:06:59 [ultranest] [DEBUG] iteration=1909, ncalls=2787, regioncalls=96200, ndraw=40, logz=-198197.77, remainder_fraction=100.0000%, Lmin=-198187.38, Lmax=-198075.62
13:06:59 [ultranest] [DEBUG] iteration=1920, ncalls=2800, regioncalls=96760, ndraw=40, logz=-198193.13, remainder_fraction=100.0000%, Lmin=-198183.56, Lmax=-198075.62
13:06:59 [ultranest] [DEBUG] iteration=1936, ncalls=2822, regioncalls=97640, ndraw=40, logz=-198187.67, remainder_fraction=100.0000%, Lmin=-198177.72, Lmax=-198075.62
13:06:59 [ultranest] [DEBUG] iteration=1954, ncalls=2844, regioncalls=98520, ndraw=40, logz=-198182.52, remainder_fraction=100.0000%, Lmin=-198172.59, Lmax=-198075.62
13:06:59 [ultranest] [DEBUG] iteration=1960, ncalls=2853, regioncalls=98880, ndraw=40, logz=-198181.17, remainder_fraction=100.0000%, Lmin=-198171.66, Lmax=-198075.62
13:06:59 [ultranest] [DEBUG] iteration=1975, ncalls=2876, regioncalls=99800, ndraw=40, logz=-198177.36, remainder_fraction=100.0000%, Lmin=-198167.58, Lmax=-198075.49
13:06:59 [ultranest] [DEBUG] iteration=1977, ncalls=2879, regioncalls=99960, ndraw=40, logz=-198176.92, remainder_fraction=100.0000%, Lmin=-198167.00, Lmax=-198075.49
13:06:59 [ultranest] [DEBUG] iteration=1995, ncalls=2901, regioncalls=100840, ndraw=40, logz=-198173.04, remainder_fraction=100.0000%, Lmin=-198164.03, Lmax=-198075.49
13:06:59 [ultranest] [DEBUG] iteration=2000, ncalls=2910, regioncalls=101200, ndraw=40, logz=-198172.20, remainder_fraction=100.0000%, Lmin=-198162.58, Lmax=-198075.49
13:06:59 [ultranest] [DEBUG] iteration=2017, ncalls=2935, regioncalls=102200, ndraw=40, logz=-198168.77, remainder_fraction=100.0000%, Lmin=-198158.81, Lmax=-198075.49
13:07:00 [ultranest] [DEBUG] iteration=2034, ncalls=2957, regioncalls=103080, ndraw=40, logz=-198163.79, remainder_fraction=100.0000%, Lmin=-198153.93, Lmax=-198075.49
13:07:00 [ultranest] [DEBUG] iteration=2040, ncalls=2966, regioncalls=103440, ndraw=40, logz=-198162.61, remainder_fraction=100.0000%, Lmin=-198152.79, Lmax=-198075.49
13:07:00 [ultranest] [DEBUG] iteration=2055, ncalls=2989, regioncalls=104360, ndraw=40, logz=-198158.49, remainder_fraction=100.0000%, Lmin=-198148.51, Lmax=-198075.49
13:07:00 [ultranest] [DEBUG] iteration=2062, ncalls=2998, regioncalls=104800, ndraw=40, logz=-198156.78, remainder_fraction=100.0000%, Lmin=-198146.74, Lmax=-198075.49
13:07:00 [ultranest] [DEBUG] iteration=2080, ncalls=3018, regioncalls=105600, ndraw=40, logz=-198153.15, remainder_fraction=100.0000%, Lmin=-198143.20, Lmax=-198075.49
13:07:00 [ultranest] [DEBUG] iteration=2098, ncalls=3039, regioncalls=106440, ndraw=40, logz=-198149.12, remainder_fraction=100.0000%, Lmin=-198139.10, Lmax=-198075.49
13:07:00 [ultranest] [DEBUG] iteration=2116, ncalls=3060, regioncalls=107280, ndraw=40, logz=-198146.88, remainder_fraction=100.0000%, Lmin=-198137.59, Lmax=-198075.49
13:07:00 [ultranest] [DEBUG] iteration=2120, ncalls=3064, regioncalls=107440, ndraw=40, logz=-198146.41, remainder_fraction=100.0000%, Lmin=-198136.77, Lmax=-198075.49
13:07:00 [ultranest] [DEBUG] iteration=2136, ncalls=3086, regioncalls=108320, ndraw=40, logz=-198143.99, remainder_fraction=100.0000%, Lmin=-198134.31, Lmax=-198075.49
13:07:00 [ultranest] [DEBUG] iteration=2147, ncalls=3100, regioncalls=108960, ndraw=40, logz=-198142.38, remainder_fraction=100.0000%, Lmin=-198132.74, Lmax=-198075.49
13:07:00 [ultranest] [DEBUG] iteration=2160, ncalls=3115, regioncalls=109560, ndraw=40, logz=-198140.38, remainder_fraction=100.0000%, Lmin=-198130.35, Lmax=-198075.49
13:07:00 [ultranest] [DEBUG] iteration=2178, ncalls=3137, regioncalls=110480, ndraw=40, logz=-198137.49, remainder_fraction=100.0000%, Lmin=-198127.32, Lmax=-198075.49
13:07:01 [ultranest] [DEBUG] iteration=2194, ncalls=3158, regioncalls=111320, ndraw=40, logz=-198135.05, remainder_fraction=100.0000%, Lmin=-198125.57, Lmax=-198075.46
13:07:01 [ultranest] [DEBUG] iteration=2200, ncalls=3164, regioncalls=111560, ndraw=40, logz=-198134.46, remainder_fraction=100.0000%, Lmin=-198124.81, Lmax=-198075.46
13:07:01 [ultranest] [DEBUG] iteration=2217, ncalls=3187, regioncalls=112520, ndraw=40, logz=-198132.63, remainder_fraction=100.0000%, Lmin=-198123.01, Lmax=-198075.46
13:07:01 [ultranest] [DEBUG] iteration=2232, ncalls=3204, regioncalls=113240, ndraw=40, logz=-198130.95, remainder_fraction=100.0000%, Lmin=-198121.27, Lmax=-198075.46
13:07:01 [ultranest] [DEBUG] iteration=2240, ncalls=3213, regioncalls=113600, ndraw=40, logz=-198130.02, remainder_fraction=100.0000%, Lmin=-198120.35, Lmax=-198075.46
13:07:01 [ultranest] [DEBUG] iteration=2255, ncalls=3235, regioncalls=114480, ndraw=40, logz=-198128.41, remainder_fraction=100.0000%, Lmin=-198118.71, Lmax=-198075.46
13:07:01 [ultranest] [DEBUG] iteration=2269, ncalls=3257, regioncalls=115360, ndraw=40, logz=-198126.99, remainder_fraction=100.0000%, Lmin=-198117.37, Lmax=-198075.46
13:07:01 [ultranest] [DEBUG] iteration=2280, ncalls=3274, regioncalls=116040, ndraw=40, logz=-198125.86, remainder_fraction=100.0000%, Lmin=-198116.17, Lmax=-198075.46
13:07:01 [ultranest] [DEBUG] iteration=2298, ncalls=3296, regioncalls=116920, ndraw=40, logz=-198124.14, remainder_fraction=100.0000%, Lmin=-198114.53, Lmax=-198075.46
13:07:01 [ultranest] [DEBUG] iteration=2313, ncalls=3318, regioncalls=117800, ndraw=40, logz=-198123.01, remainder_fraction=100.0000%, Lmin=-198113.72, Lmax=-198075.46
13:07:01 [ultranest] [DEBUG] iteration=2317, ncalls=3323, regioncalls=118040, ndraw=40, logz=-198122.64, remainder_fraction=100.0000%, Lmin=-198112.90, Lmax=-198075.46
13:07:01 [ultranest] [DEBUG] iteration=2320, ncalls=3328, regioncalls=118240, ndraw=40, logz=-198122.36, remainder_fraction=100.0000%, Lmin=-198112.60, Lmax=-198075.46
13:07:01 [ultranest] [DEBUG] iteration=2336, ncalls=3351, regioncalls=119160, ndraw=40, logz=-198121.03, remainder_fraction=100.0000%, Lmin=-198110.96, Lmax=-198075.46
13:07:02 [ultranest] [DEBUG] iteration=2351, ncalls=3373, regioncalls=120040, ndraw=40, logz=-198119.59, remainder_fraction=100.0000%, Lmin=-198109.97, Lmax=-198075.46
13:07:02 [ultranest] [DEBUG] iteration=2360, ncalls=3382, regioncalls=120400, ndraw=40, logz=-198118.84, remainder_fraction=100.0000%, Lmin=-198108.93, Lmax=-198075.46
13:07:02 [ultranest] [DEBUG] iteration=2376, ncalls=3404, regioncalls=121280, ndraw=40, logz=-198117.36, remainder_fraction=100.0000%, Lmin=-198107.51, Lmax=-198075.46
13:07:02 [ultranest] [DEBUG] iteration=2393, ncalls=3426, regioncalls=122160, ndraw=40, logz=-198115.89, remainder_fraction=100.0000%, Lmin=-198105.91, Lmax=-198075.46
13:07:02 [ultranest] [DEBUG] iteration=2400, ncalls=3435, regioncalls=122520, ndraw=40, logz=-198115.26, remainder_fraction=100.0000%, Lmin=-198105.44, Lmax=-198075.46
13:07:02 [ultranest] [DEBUG] iteration=2402, ncalls=3437, regioncalls=122640, ndraw=40, logz=-198115.11, remainder_fraction=100.0000%, Lmin=-198105.33, Lmax=-198075.46
13:07:02 [ultranest] [DEBUG] iteration=2422, ncalls=3458, regioncalls=123480, ndraw=40, logz=-198113.71, remainder_fraction=100.0000%, Lmin=-198103.67, Lmax=-198075.46
13:07:02 [ultranest] [DEBUG] iteration=2440, ncalls=3479, regioncalls=124320, ndraw=40, logz=-198111.98, remainder_fraction=100.0000%, Lmin=-198102.06, Lmax=-198075.46
13:07:02 [ultranest] [DEBUG] iteration=2454, ncalls=3501, regioncalls=125200, ndraw=40, logz=-198110.98, remainder_fraction=100.0000%, Lmin=-198101.17, Lmax=-198075.46
13:07:02 [ultranest] [DEBUG] iteration=2470, ncalls=3523, regioncalls=126080, ndraw=40, logz=-198109.73, remainder_fraction=100.0000%, Lmin=-198099.73, Lmax=-198075.46
13:07:02 [ultranest] [DEBUG] iteration=2480, ncalls=3538, regioncalls=126680, ndraw=40, logz=-198109.02, remainder_fraction=100.0000%, Lmin=-198098.92, Lmax=-198075.46
13:07:02 [ultranest] [DEBUG] iteration=2487, ncalls=3545, regioncalls=127000, ndraw=40, logz=-198108.49, remainder_fraction=100.0000%, Lmin=-198098.72, Lmax=-198075.46
13:07:02 [ultranest] [DEBUG] iteration=2507, ncalls=3566, regioncalls=127840, ndraw=40, logz=-198107.10, remainder_fraction=100.0000%, Lmin=-198097.35, Lmax=-198075.46
13:07:03 [ultranest] [DEBUG] iteration=2520, ncalls=3582, regioncalls=128480, ndraw=40, logz=-198106.33, remainder_fraction=100.0000%, Lmin=-198096.58, Lmax=-198075.46
13:07:03 [ultranest] [DEBUG] iteration=2537, ncalls=3605, regioncalls=129400, ndraw=40, logz=-198105.31, remainder_fraction=100.0000%, Lmin=-198095.51, Lmax=-198075.46
13:07:03 [ultranest] [DEBUG] iteration=2552, ncalls=3627, regioncalls=130280, ndraw=40, logz=-198104.61, remainder_fraction=100.0000%, Lmin=-198095.17, Lmax=-198075.46
13:07:03 [ultranest] [DEBUG] iteration=2560, ncalls=3636, regioncalls=130640, ndraw=40, logz=-198104.30, remainder_fraction=100.0000%, Lmin=-198094.74, Lmax=-198075.46
13:07:03 [ultranest] [DEBUG] iteration=2572, ncalls=3653, regioncalls=131360, ndraw=40, logz=-198103.85, remainder_fraction=100.0000%, Lmin=-198094.45, Lmax=-198075.46
13:07:03 [ultranest] [DEBUG] iteration=2590, ncalls=3674, regioncalls=132240, ndraw=40, logz=-198103.19, remainder_fraction=100.0000%, Lmin=-198093.76, Lmax=-198075.46
13:07:03 [ultranest] [DEBUG] iteration=2600, ncalls=3686, regioncalls=132800, ndraw=40, logz=-198102.82, remainder_fraction=100.0000%, Lmin=-198093.27, Lmax=-198075.46
13:07:03 [ultranest] [DEBUG] iteration=2618, ncalls=3708, regioncalls=133680, ndraw=40, logz=-198102.10, remainder_fraction=100.0000%, Lmin=-198092.57, Lmax=-198075.46
13:07:03 [ultranest] [DEBUG] iteration=2636, ncalls=3730, regioncalls=134560, ndraw=40, logz=-198101.42, remainder_fraction=100.0000%, Lmin=-198091.77, Lmax=-198075.43
13:07:03 [ultranest] [DEBUG] iteration=2640, ncalls=3735, regioncalls=134760, ndraw=40, logz=-198101.27, remainder_fraction=100.0000%, Lmin=-198091.66, Lmax=-198075.43
13:07:03 [ultranest] [DEBUG] iteration=2655, ncalls=3757, regioncalls=135640, ndraw=40, logz=-198100.67, remainder_fraction=100.0000%, Lmin=-198090.90, Lmax=-198075.43
13:07:03 [ultranest] [DEBUG] iteration=2670, ncalls=3777, regioncalls=136440, ndraw=40, logz=-198100.05, remainder_fraction=100.0000%, Lmin=-198090.18, Lmax=-198075.43
13:07:04 [ultranest] [DEBUG] iteration=2680, ncalls=3794, regioncalls=137120, ndraw=40, logz=-198099.64, remainder_fraction=100.0000%, Lmin=-198089.86, Lmax=-198075.43
13:07:04 [ultranest] [DEBUG] iteration=2696, ncalls=3818, regioncalls=138080, ndraw=40, logz=-198099.09, remainder_fraction=99.9999%, Lmin=-198089.40, Lmax=-198075.43
13:07:04 [ultranest] [DEBUG] iteration=2711, ncalls=3842, regioncalls=139040, ndraw=40, logz=-198098.63, remainder_fraction=99.9999%, Lmin=-198088.98, Lmax=-198075.43
13:07:04 [ultranest] [DEBUG] iteration=2720, ncalls=3856, regioncalls=139600, ndraw=40, logz=-198098.33, remainder_fraction=99.9998%, Lmin=-198088.52, Lmax=-198075.43
13:07:04 [ultranest] [DEBUG] iteration=2737, ncalls=3878, regioncalls=140480, ndraw=40, logz=-198097.80, remainder_fraction=99.9997%, Lmin=-198088.23, Lmax=-198075.43
13:07:04 [ultranest] [DEBUG] iteration=2742, ncalls=3884, regioncalls=140760, ndraw=40, logz=-198097.67, remainder_fraction=99.9997%, Lmin=-198088.01, Lmax=-198075.43
13:07:04 [ultranest] [DEBUG] iteration=2760, ncalls=3905, regioncalls=141600, ndraw=40, logz=-198097.13, remainder_fraction=99.9994%, Lmin=-198087.41, Lmax=-198075.43
13:07:04 [ultranest] [DEBUG] iteration=2776, ncalls=3927, regioncalls=142480, ndraw=40, logz=-198096.60, remainder_fraction=99.9990%, Lmin=-198086.79, Lmax=-198075.43
13:07:04 [ultranest] [DEBUG] iteration=2791, ncalls=3950, regioncalls=143400, ndraw=40, logz=-198096.10, remainder_fraction=99.9984%, Lmin=-198086.17, Lmax=-198075.43
13:07:04 [ultranest] [DEBUG] iteration=2800, ncalls=3962, regioncalls=143880, ndraw=40, logz=-198095.81, remainder_fraction=99.9978%, Lmin=-198085.98, Lmax=-198075.43
13:07:04 [ultranest] [DEBUG] iteration=2816, ncalls=3985, regioncalls=144800, ndraw=40, logz=-198095.37, remainder_fraction=99.9966%, Lmin=-198085.67, Lmax=-198075.43
13:07:05 [ultranest] [DEBUG] iteration=2827, ncalls=4007, regioncalls=145720, ndraw=40, logz=-198095.10, remainder_fraction=99.9954%, Lmin=-198085.40, Lmax=-198075.43
13:07:05 [ultranest] [DEBUG] iteration=2840, ncalls=4024, regioncalls=146400, ndraw=40, logz=-198094.78, remainder_fraction=99.9939%, Lmin=-198085.00, Lmax=-198075.43
13:07:05 [ultranest] [DEBUG] iteration=2857, ncalls=4046, regioncalls=147280, ndraw=40, logz=-198094.37, remainder_fraction=99.9911%, Lmin=-198084.67, Lmax=-198075.43
13:07:05 [ultranest] [DEBUG] iteration=2873, ncalls=4068, regioncalls=148160, ndraw=40, logz=-198094.03, remainder_fraction=99.9873%, Lmin=-198084.16, Lmax=-198075.43
13:07:05 [ultranest] [DEBUG] iteration=2880, ncalls=4077, regioncalls=148520, ndraw=40, logz=-198093.85, remainder_fraction=99.9848%, Lmin=-198084.01, Lmax=-198075.43
13:07:05 [ultranest] [DEBUG] iteration=2898, ncalls=4099, regioncalls=149400, ndraw=40, logz=-198093.43, remainder_fraction=99.9765%, Lmin=-198083.57, Lmax=-198075.43
13:07:05 [ultranest] [DEBUG] iteration=2912, ncalls=4119, regioncalls=150200, ndraw=40, logz=-198093.13, remainder_fraction=99.9675%, Lmin=-198083.30, Lmax=-198075.43
13:07:05 [ultranest] [DEBUG] iteration=2920, ncalls=4133, regioncalls=150760, ndraw=40, logz=-198092.94, remainder_fraction=99.9614%, Lmin=-198082.97, Lmax=-198075.43
13:07:05 [ultranest] [DEBUG] iteration=2933, ncalls=4159, regioncalls=151800, ndraw=40, logz=-198092.65, remainder_fraction=99.9478%, Lmin=-198082.80, Lmax=-198075.43
13:07:05 [ultranest] [DEBUG] iteration=2946, ncalls=4183, regioncalls=152760, ndraw=40, logz=-198092.39, remainder_fraction=99.9316%, Lmin=-198082.59, Lmax=-198075.43
13:07:05 [ultranest] [DEBUG] iteration=2958, ncalls=4207, regioncalls=153720, ndraw=40, logz=-198092.16, remainder_fraction=99.9155%, Lmin=-198082.41, Lmax=-198075.43
13:07:05 [ultranest] [DEBUG] iteration=2960, ncalls=4209, regioncalls=153800, ndraw=40, logz=-198092.12, remainder_fraction=99.9131%, Lmin=-198082.38, Lmax=-198075.43
13:07:06 [ultranest] [DEBUG] iteration=2980, ncalls=4230, regioncalls=154640, ndraw=40, logz=-198091.77, remainder_fraction=99.8732%, Lmin=-198082.02, Lmax=-198075.43
13:07:06 [ultranest] [DEBUG] iteration=2994, ncalls=4255, regioncalls=155640, ndraw=40, logz=-198091.54, remainder_fraction=99.8393%, Lmin=-198081.76, Lmax=-198075.43
13:07:06 [ultranest] [DEBUG] iteration=2997, ncalls=4260, regioncalls=155880, ndraw=40, logz=-198091.49, remainder_fraction=99.8302%, Lmin=-198081.72, Lmax=-198075.43
13:07:06 [ultranest] [DEBUG] iteration=3000, ncalls=4263, regioncalls=156000, ndraw=40, logz=-198091.44, remainder_fraction=99.8214%, Lmin=-198081.67, Lmax=-198075.43
13:07:06 [ultranest] [DEBUG] iteration=3017, ncalls=4284, regioncalls=156880, ndraw=40, logz=-198091.14, remainder_fraction=99.7610%, Lmin=-198081.30, Lmax=-198075.43
13:07:06 [ultranest] [DEBUG] iteration=3036, ncalls=4305, regioncalls=157720, ndraw=40, logz=-198090.83, remainder_fraction=99.6675%, Lmin=-198080.97, Lmax=-198075.43
13:07:06 [ultranest] [DEBUG] iteration=3040, ncalls=4310, regioncalls=157920, ndraw=40, logz=-198090.77, remainder_fraction=99.6464%, Lmin=-198080.86, Lmax=-198075.43
13:07:06 [ultranest] [DEBUG] iteration=3055, ncalls=4333, regioncalls=158840, ndraw=40, logz=-198090.53, remainder_fraction=99.5513%, Lmin=-198080.64, Lmax=-198075.43
13:07:06 [ultranest] [DEBUG] iteration=3070, ncalls=4358, regioncalls=159840, ndraw=40, logz=-198090.30, remainder_fraction=99.4367%, Lmin=-198080.51, Lmax=-198075.43
13:07:06 [ultranest] [DEBUG] iteration=3080, ncalls=4370, regioncalls=160320, ndraw=40, logz=-198090.16, remainder_fraction=99.3492%, Lmin=-198080.32, Lmax=-198075.43
13:07:06 [ultranest] [DEBUG] iteration=3082, ncalls=4373, regioncalls=160480, ndraw=40, logz=-198090.13, remainder_fraction=99.3274%, Lmin=-198080.29, Lmax=-198075.43
13:07:06 [ultranest] [DEBUG] iteration=3102, ncalls=4394, regioncalls=161320, ndraw=40, logz=-198089.86, remainder_fraction=99.1124%, Lmin=-198080.05, Lmax=-198075.43
13:07:06 [ultranest] [DEBUG] iteration=3120, ncalls=4417, regioncalls=162240, ndraw=40, logz=-198089.63, remainder_fraction=98.9102%, Lmin=-198079.77, Lmax=-198075.43
13:07:07 [ultranest] [DEBUG] iteration=3138, ncalls=4438, regioncalls=163080, ndraw=40, logz=-198089.40, remainder_fraction=98.6305%, Lmin=-198079.53, Lmax=-198075.43
13:07:07 [ultranest] [DEBUG] iteration=3150, ncalls=4461, regioncalls=164000, ndraw=40, logz=-198089.25, remainder_fraction=98.3887%, Lmin=-198079.42, Lmax=-198075.43
13:07:07 [ultranest] [DEBUG] iteration=3160, ncalls=4477, regioncalls=164640, ndraw=40, logz=-198089.14, remainder_fraction=98.1927%, Lmin=-198079.34, Lmax=-198075.43
13:07:07 [ultranest] [DEBUG] iteration=3167, ncalls=4491, regioncalls=165280, ndraw=40, logz=-198089.06, remainder_fraction=98.0324%, Lmin=-198079.22, Lmax=-198075.43
13:07:07 [ultranest] [DEBUG] iteration=3185, ncalls=4512, regioncalls=166120, ndraw=40, logz=-198088.86, remainder_fraction=97.5979%, Lmin=-198079.05, Lmax=-198075.43
13:07:07 [ultranest] [DEBUG] iteration=3200, ncalls=4531, regioncalls=166880, ndraw=40, logz=-198088.70, remainder_fraction=97.1770%, Lmin=-198078.86, Lmax=-198075.43
13:07:07 [ultranest] [DEBUG] iteration=3215, ncalls=4553, regioncalls=167760, ndraw=40, logz=-198088.55, remainder_fraction=96.7025%, Lmin=-198078.73, Lmax=-198075.43
13:07:07 [ultranest] [DEBUG] iteration=3232, ncalls=4574, regioncalls=168680, ndraw=40, logz=-198088.39, remainder_fraction=96.1837%, Lmin=-198078.60, Lmax=-198075.43
13:07:07 [ultranest] [DEBUG] iteration=3240, ncalls=4585, regioncalls=169120, ndraw=40, logz=-198088.32, remainder_fraction=95.8783%, Lmin=-198078.56, Lmax=-198075.43
13:07:07 [ultranest] [DEBUG] iteration=3252, ncalls=4602, regioncalls=169840, ndraw=40, logz=-198088.22, remainder_fraction=95.3821%, Lmin=-198078.47, Lmax=-198075.43
13:07:07 [ultranest] [DEBUG] iteration=3269, ncalls=4623, regioncalls=170680, ndraw=40, logz=-198088.08, remainder_fraction=94.7888%, Lmin=-198078.35, Lmax=-198075.43
13:07:08 [ultranest] [DEBUG] iteration=3280, ncalls=4635, regioncalls=171160, ndraw=40, logz=-198088.00, remainder_fraction=94.2892%, Lmin=-198078.29, Lmax=-198075.43
13:07:08 [ultranest] [DEBUG] iteration=3295, ncalls=4657, regioncalls=172040, ndraw=40, logz=-198087.89, remainder_fraction=93.6731%, Lmin=-198078.16, Lmax=-198075.43
13:07:08 [ultranest] [DEBUG] iteration=3309, ncalls=4679, regioncalls=172960, ndraw=40, logz=-198087.79, remainder_fraction=93.0179%, Lmin=-198078.03, Lmax=-198075.43
13:07:08 [ultranest] [DEBUG] iteration=3320, ncalls=4694, regioncalls=173560, ndraw=40, logz=-198087.71, remainder_fraction=92.4040%, Lmin=-198077.98, Lmax=-198075.43
13:07:08 [ultranest] [DEBUG] iteration=3337, ncalls=4716, regioncalls=174480, ndraw=40, logz=-198087.60, remainder_fraction=91.5647%, Lmin=-198077.87, Lmax=-198075.43
13:07:08 [ultranest] [DEBUG] iteration=3357, ncalls=4737, regioncalls=175320, ndraw=40, logz=-198087.47, remainder_fraction=90.4606%, Lmin=-198077.69, Lmax=-198075.43
13:07:08 [ultranest] [DEBUG] iteration=3360, ncalls=4741, regioncalls=175480, ndraw=40, logz=-198087.45, remainder_fraction=90.2855%, Lmin=-198077.67, Lmax=-198075.43
13:07:08 [ultranest] [DEBUG] iteration=3376, ncalls=4762, regioncalls=176320, ndraw=40, logz=-198087.35, remainder_fraction=89.2006%, Lmin=-198077.59, Lmax=-198075.43
13:07:08 [ultranest] [DEBUG] iteration=3393, ncalls=4783, regioncalls=177200, ndraw=40, logz=-198087.25, remainder_fraction=88.1463%, Lmin=-198077.50, Lmax=-198075.42
13:07:08 [ultranest] [DEBUG] iteration=3400, ncalls=4792, regioncalls=177560, ndraw=40, logz=-198087.21, remainder_fraction=87.6095%, Lmin=-198077.45, Lmax=-198075.42
13:07:08 [ultranest] [DEBUG] iteration=3418, ncalls=4815, regioncalls=178480, ndraw=40, logz=-198087.11, remainder_fraction=86.1975%, Lmin=-198077.36, Lmax=-198075.42
13:07:08 [ultranest] [DEBUG] iteration=3435, ncalls=4835, regioncalls=179280, ndraw=40, logz=-198087.02, remainder_fraction=84.9196%, Lmin=-198077.26, Lmax=-198075.42
13:07:09 [ultranest] [DEBUG] iteration=3440, ncalls=4840, regioncalls=179480, ndraw=40, logz=-198086.99, remainder_fraction=84.5500%, Lmin=-198077.24, Lmax=-198075.42
13:07:09 [ultranest] [DEBUG] iteration=3454, ncalls=4862, regioncalls=180360, ndraw=40, logz=-198086.92, remainder_fraction=83.3843%, Lmin=-198077.15, Lmax=-198075.42
13:07:09 [ultranest] [DEBUG] iteration=3470, ncalls=4884, regioncalls=181240, ndraw=40, logz=-198086.85, remainder_fraction=82.0449%, Lmin=-198077.10, Lmax=-198075.42
13:07:09 [ultranest] [DEBUG] iteration=3480, ncalls=4898, regioncalls=181800, ndraw=40, logz=-198086.80, remainder_fraction=81.1958%, Lmin=-198077.03, Lmax=-198075.42
13:07:09 [ultranest] [DEBUG] iteration=3497, ncalls=4920, regioncalls=182680, ndraw=40, logz=-198086.72, remainder_fraction=79.7275%, Lmin=-198076.96, Lmax=-198075.42
13:07:09 [ultranest] [DEBUG] iteration=3507, ncalls=4934, regioncalls=183280, ndraw=40, logz=-198086.68, remainder_fraction=78.7997%, Lmin=-198076.90, Lmax=-198075.42
13:07:09 [ultranest] [DEBUG] iteration=3520, ncalls=4954, regioncalls=184080, ndraw=40, logz=-198086.62, remainder_fraction=77.5829%, Lmin=-198076.85, Lmax=-198075.42
13:07:09 [ultranest] [DEBUG] iteration=3537, ncalls=4976, regioncalls=184960, ndraw=40, logz=-198086.55, remainder_fraction=76.0280%, Lmin=-198076.79, Lmax=-198075.42
13:07:09 [ultranest] [DEBUG] iteration=3554, ncalls=4998, regioncalls=185840, ndraw=40, logz=-198086.49, remainder_fraction=74.3839%, Lmin=-198076.74, Lmax=-198075.42
13:07:09 [ultranest] [DEBUG] iteration=3560, ncalls=5012, regioncalls=186400, ndraw=40, logz=-198086.47, remainder_fraction=73.8068%, Lmin=-198076.71, Lmax=-198075.42
13:07:09 [ultranest] [DEBUG] iteration=3575, ncalls=5034, regioncalls=187280, ndraw=40, logz=-198086.41, remainder_fraction=72.4634%, Lmin=-198076.66, Lmax=-198075.42
13:07:10 [ultranest] [DEBUG] iteration=3588, ncalls=5057, regioncalls=188200, ndraw=40, logz=-198086.37, remainder_fraction=71.0872%, Lmin=-198076.62, Lmax=-198075.42
13:07:10 [ultranest] [DEBUG] iteration=3592, ncalls=5063, regioncalls=188480, ndraw=40, logz=-198086.35, remainder_fraction=70.7671%, Lmin=-198076.60, Lmax=-198075.42
13:07:10 [ultranest] [DEBUG] iteration=3600, ncalls=5074, regioncalls=188920, ndraw=40, logz=-198086.33, remainder_fraction=70.0144%, Lmin=-198076.59, Lmax=-198075.42
13:07:10 [ultranest] [DEBUG] iteration=3620, ncalls=5095, regioncalls=189760, ndraw=40, logz=-198086.26, remainder_fraction=68.0841%, Lmin=-198076.54, Lmax=-198075.42
13:07:10 [ultranest] [DEBUG] iteration=3638, ncalls=5117, regioncalls=190640, ndraw=40, logz=-198086.21, remainder_fraction=66.2759%, Lmin=-198076.49, Lmax=-198075.42
13:07:10 [ultranest] [DEBUG] iteration=3640, ncalls=5119, regioncalls=190720, ndraw=40, logz=-198086.20, remainder_fraction=66.0715%, Lmin=-198076.48, Lmax=-198075.42
13:07:10 [ultranest] [DEBUG] iteration=3656, ncalls=5141, regioncalls=191600, ndraw=40, logz=-198086.16, remainder_fraction=64.6055%, Lmin=-198076.43, Lmax=-198075.42
13:07:10 [ultranest] [DEBUG] iteration=3672, ncalls=5163, regioncalls=192480, ndraw=40, logz=-198086.11, remainder_fraction=63.1055%, Lmin=-198076.39, Lmax=-198075.42
13:07:10 [ultranest] [DEBUG] iteration=3677, ncalls=5168, regioncalls=192720, ndraw=40, logz=-198086.10, remainder_fraction=62.6334%, Lmin=-198076.36, Lmax=-198075.42
13:07:10 [ultranest] [DEBUG] iteration=3680, ncalls=5173, regioncalls=192920, ndraw=40, logz=-198086.09, remainder_fraction=62.2934%, Lmin=-198076.36, Lmax=-198075.42
13:07:10 [ultranest] [DEBUG] iteration=3698, ncalls=5194, regioncalls=193760, ndraw=40, logz=-198086.05, remainder_fraction=60.5095%, Lmin=-198076.31, Lmax=-198075.42
13:07:10 [ultranest] [DEBUG] iteration=3713, ncalls=5216, regioncalls=194640, ndraw=40, logz=-198086.01, remainder_fraction=58.9674%, Lmin=-198076.29, Lmax=-198075.42
13:07:10 [ultranest] [DEBUG] iteration=3720, ncalls=5223, regioncalls=194920, ndraw=40, logz=-198085.99, remainder_fraction=58.2661%, Lmin=-198076.26, Lmax=-198075.42
13:07:10 [ultranest] [DEBUG] iteration=3736, ncalls=5245, regioncalls=195800, ndraw=40, logz=-198085.95, remainder_fraction=56.6746%, Lmin=-198076.23, Lmax=-198075.42
13:07:11 [ultranest] [DEBUG] iteration=3755, ncalls=5267, regioncalls=196680, ndraw=40, logz=-198085.91, remainder_fraction=54.8947%, Lmin=-198076.18, Lmax=-198075.42
13:07:11 [ultranest] [DEBUG] iteration=3760, ncalls=5278, regioncalls=197120, ndraw=40, logz=-198085.90, remainder_fraction=54.4424%, Lmin=-198076.17, Lmax=-198075.42
13:07:11 [ultranest] [DEBUG] iteration=3773, ncalls=5299, regioncalls=197960, ndraw=40, logz=-198085.87, remainder_fraction=53.2640%, Lmin=-198076.15, Lmax=-198075.42
13:07:11 [ultranest] [DEBUG] iteration=3787, ncalls=5322, regioncalls=198880, ndraw=40, logz=-198085.85, remainder_fraction=51.9497%, Lmin=-198076.12, Lmax=-198075.42
13:07:11 [ultranest] [DEBUG] iteration=3800, ncalls=5337, regioncalls=199480, ndraw=40, logz=-198085.82, remainder_fraction=50.7857%, Lmin=-198076.09, Lmax=-198075.42
13:07:11 [ultranest] [DEBUG] iteration=3818, ncalls=5358, regioncalls=200320, ndraw=40, logz=-198085.79, remainder_fraction=49.1504%, Lmin=-198076.07, Lmax=-198075.42
13:07:11 [ultranest] [DEBUG] iteration=3834, ncalls=5380, regioncalls=201200, ndraw=40, logz=-198085.76, remainder_fraction=47.6758%, Lmin=-198076.05, Lmax=-198075.42
13:07:11 [ultranest] [DEBUG] iteration=3840, ncalls=5389, regioncalls=201560, ndraw=40, logz=-198085.75, remainder_fraction=47.1236%, Lmin=-198076.04, Lmax=-198075.42
13:07:11 [ultranest] [DEBUG] iteration=3858, ncalls=5409, regioncalls=202360, ndraw=40, logz=-198085.72, remainder_fraction=45.5053%, Lmin=-198076.00, Lmax=-198075.42
13:07:11 [ultranest] [DEBUG] iteration=3872, ncalls=5432, regioncalls=203280, ndraw=40, logz=-198085.70, remainder_fraction=44.2494%, Lmin=-198075.98, Lmax=-198075.42
13:07:11 [ultranest] [DEBUG] iteration=3880, ncalls=5446, regioncalls=203840, ndraw=40, logz=-198085.68, remainder_fraction=43.5442%, Lmin=-198075.96, Lmax=-198075.42
13:07:12 [ultranest] [DEBUG] iteration=3890, ncalls=5470, regioncalls=204800, ndraw=40, logz=-198085.67, remainder_fraction=42.6840%, Lmin=-198075.95, Lmax=-198075.42
13:07:12 [ultranest] [DEBUG] iteration=3903, ncalls=5493, regioncalls=205720, ndraw=40, logz=-198085.65, remainder_fraction=41.6654%, Lmin=-198075.93, Lmax=-198075.42
13:07:12 [ultranest] [DEBUG] iteration=3916, ncalls=5515, regioncalls=206600, ndraw=40, logz=-198085.63, remainder_fraction=40.5170%, Lmin=-198075.91, Lmax=-198075.42
13:07:12 [ultranest] [DEBUG] iteration=3920, ncalls=5520, regioncalls=206800, ndraw=40, logz=-198085.63, remainder_fraction=40.2254%, Lmin=-198075.91, Lmax=-198075.42
13:07:12 [ultranest] [DEBUG] iteration=3932, ncalls=5541, regioncalls=207680, ndraw=40, logz=-198085.61, remainder_fraction=39.2932%, Lmin=-198075.90, Lmax=-198075.42
13:07:12 [ultranest] [DEBUG] iteration=3951, ncalls=5562, regioncalls=208520, ndraw=40, logz=-198085.59, remainder_fraction=37.7997%, Lmin=-198075.87, Lmax=-198075.42
13:07:12 [ultranest] [DEBUG] iteration=3960, ncalls=5572, regioncalls=208920, ndraw=40, logz=-198085.57, remainder_fraction=37.0876%, Lmin=-198075.85, Lmax=-198075.42
13:07:12 [ultranest] [DEBUG] iteration=3974, ncalls=5595, regioncalls=209840, ndraw=40, logz=-198085.56, remainder_fraction=35.9982%, Lmin=-198075.84, Lmax=-198075.42
13:07:12 [ultranest] [DEBUG] iteration=3990, ncalls=5617, regioncalls=210720, ndraw=40, logz=-198085.54, remainder_fraction=34.7929%, Lmin=-198075.82, Lmax=-198075.42
13:07:12 [ultranest] [DEBUG] iteration=4000, ncalls=5631, regioncalls=211280, ndraw=40, logz=-198085.53, remainder_fraction=34.0436%, Lmin=-198075.81, Lmax=-198075.42
13:07:12 [ultranest] [DEBUG] iteration=4015, ncalls=5653, regioncalls=212160, ndraw=40, logz=-198085.51, remainder_fraction=32.9393%, Lmin=-198075.79, Lmax=-198075.42
13:07:12 [ultranest] [DEBUG] iteration=4030, ncalls=5675, regioncalls=213040, ndraw=40, logz=-198085.49, remainder_fraction=31.8448%, Lmin=-198075.77, Lmax=-198075.42
13:07:13 [ultranest] [DEBUG] iteration=4040, ncalls=5690, regioncalls=213640, ndraw=40, logz=-198085.48, remainder_fraction=31.1777%, Lmin=-198075.76, Lmax=-198075.42
13:07:13 [ultranest] [DEBUG] iteration=4055, ncalls=5712, regioncalls=214520, ndraw=40, logz=-198085.47, remainder_fraction=30.1227%, Lmin=-198075.75, Lmax=-198075.42
13:07:13 [ultranest] [DEBUG] iteration=4070, ncalls=5738, regioncalls=215560, ndraw=40, logz=-198085.46, remainder_fraction=29.1415%, Lmin=-198075.74, Lmax=-198075.42
13:07:13 [ultranest] [DEBUG] iteration=4080, ncalls=5758, regioncalls=216360, ndraw=40, logz=-198085.45, remainder_fraction=28.5134%, Lmin=-198075.73, Lmax=-198075.42
13:07:13 [ultranest] [DEBUG] iteration=4090, ncalls=5781, regioncalls=217280, ndraw=40, logz=-198085.44, remainder_fraction=27.8950%, Lmin=-198075.72, Lmax=-198075.42
13:07:13 [ultranest] [DEBUG] iteration=4102, ncalls=5798, regioncalls=218000, ndraw=40, logz=-198085.43, remainder_fraction=27.1517%, Lmin=-198075.71, Lmax=-198075.42
13:07:13 [ultranest] [DEBUG] iteration=4118, ncalls=5819, regioncalls=218960, ndraw=40, logz=-198085.41, remainder_fraction=26.1721%, Lmin=-198075.70, Lmax=-198075.42
13:07:13 [ultranest] [DEBUG] iteration=4120, ncalls=5823, regioncalls=219120, ndraw=40, logz=-198085.41, remainder_fraction=26.0558%, Lmin=-198075.70, Lmax=-198075.42
13:07:13 [ultranest] [DEBUG] iteration=4133, ncalls=5845, regioncalls=220000, ndraw=40, logz=-198085.40, remainder_fraction=25.2729%, Lmin=-198075.69, Lmax=-198075.42
13:07:13 [ultranest] [DEBUG] iteration=4150, ncalls=5868, regioncalls=220920, ndraw=40, logz=-198085.39, remainder_fraction=24.3015%, Lmin=-198075.68, Lmax=-198075.42
13:07:13 [ultranest] [DEBUG] iteration=4160, ncalls=5880, regioncalls=221400, ndraw=40, logz=-198085.38, remainder_fraction=23.7267%, Lmin=-198075.67, Lmax=-198075.42
13:07:14 [ultranest] [DEBUG] iteration=4176, ncalls=5901, regioncalls=222240, ndraw=40, logz=-198085.37, remainder_fraction=22.8444%, Lmin=-198075.66, Lmax=-198075.42
13:07:14 [ultranest] [DEBUG] iteration=4188, ncalls=5923, regioncalls=223120, ndraw=40, logz=-198085.36, remainder_fraction=22.2165%, Lmin=-198075.66, Lmax=-198075.42
13:07:14 [ultranest] [DEBUG] iteration=4200, ncalls=5946, regioncalls=224040, ndraw=40, logz=-198085.35, remainder_fraction=21.5935%, Lmin=-198075.65, Lmax=-198075.42
13:07:14 [ultranest] [DEBUG] iteration=4214, ncalls=5968, regioncalls=224920, ndraw=40, logz=-198085.35, remainder_fraction=20.8965%, Lmin=-198075.64, Lmax=-198075.42
13:07:14 [ultranest] [DEBUG] iteration=4228, ncalls=5990, regioncalls=225800, ndraw=40, logz=-198085.34, remainder_fraction=20.2255%, Lmin=-198075.63, Lmax=-198075.42
13:07:14 [ultranest] [DEBUG] iteration=4240, ncalls=6008, regioncalls=226520, ndraw=40, logz=-198085.33, remainder_fraction=19.6555%, Lmin=-198075.62, Lmax=-198075.42
13:07:14 [ultranest] [DEBUG] iteration=4257, ncalls=6031, regioncalls=227440, ndraw=40, logz=-198085.32, remainder_fraction=18.8825%, Lmin=-198075.62, Lmax=-198075.42
13:07:14 [ultranest] [DEBUG] iteration=4272, ncalls=6050, regioncalls=228240, ndraw=40, logz=-198085.31, remainder_fraction=18.2147%, Lmin=-198075.61, Lmax=-198075.42
13:07:14 [ultranest] [DEBUG] iteration=4280, ncalls=6059, regioncalls=228600, ndraw=40, logz=-198085.31, remainder_fraction=17.8717%, Lmin=-198075.60, Lmax=-198075.42
13:07:14 [ultranest] [DEBUG] iteration=4296, ncalls=6081, regioncalls=229480, ndraw=40, logz=-198085.30, remainder_fraction=17.2004%, Lmin=-198075.59, Lmax=-198075.42
13:07:15 [ultranest] [DEBUG] iteration=4314, ncalls=6102, regioncalls=230320, ndraw=40, logz=-198085.29, remainder_fraction=16.4742%, Lmin=-198075.59, Lmax=-198075.42
13:07:15 [ultranest] [DEBUG] iteration=4320, ncalls=6113, regioncalls=230760, ndraw=40, logz=-198085.29, remainder_fraction=16.2347%, Lmin=-198075.58, Lmax=-198075.42
13:07:15 [ultranest] [DEBUG] iteration=4335, ncalls=6136, regioncalls=231680, ndraw=40, logz=-198085.28, remainder_fraction=15.6491%, Lmin=-198075.58, Lmax=-198075.42
13:07:15 [ultranest] [DEBUG] iteration=4346, ncalls=6160, regioncalls=232640, ndraw=40, logz=-198085.28, remainder_fraction=15.2356%, Lmin=-198075.57, Lmax=-198075.42
13:07:15 [ultranest] [DEBUG] iteration=4357, ncalls=6176, regioncalls=233320, ndraw=40, logz=-198085.27, remainder_fraction=14.8237%, Lmin=-198075.57, Lmax=-198075.42
13:07:15 [ultranest] [DEBUG] iteration=4360, ncalls=6179, regioncalls=233440, ndraw=40, logz=-198085.27, remainder_fraction=14.7176%, Lmin=-198075.57, Lmax=-198075.42
13:07:15 [ultranest] [DEBUG] iteration=4377, ncalls=6200, regioncalls=234280, ndraw=40, logz=-198085.26, remainder_fraction=14.1065%, Lmin=-198075.56, Lmax=-198075.42
13:07:15 [ultranest] [DEBUG] iteration=4397, ncalls=6221, regioncalls=235120, ndraw=40, logz=-198085.25, remainder_fraction=13.4313%, Lmin=-198075.55, Lmax=-198075.42
13:07:15 [ultranest] [DEBUG] iteration=4400, ncalls=6224, regioncalls=235240, ndraw=40, logz=-198085.25, remainder_fraction=13.3302%, Lmin=-198075.55, Lmax=-198075.42
13:07:15 [ultranest] [DEBUG] iteration=4418, ncalls=6245, regioncalls=236080, ndraw=40, logz=-198085.25, remainder_fraction=12.7482%, Lmin=-198075.54, Lmax=-198075.42
13:07:15 [ultranest] [DEBUG] iteration=4435, ncalls=6267, regioncalls=236960, ndraw=40, logz=-198085.24, remainder_fraction=12.2202%, Lmin=-198075.54, Lmax=-198075.42
13:07:15 [ultranest] [DEBUG] iteration=4440, ncalls=6274, regioncalls=237240, ndraw=40, logz=-198085.24, remainder_fraction=12.0663%, Lmin=-198075.54, Lmax=-198075.42
13:07:15 [ultranest] [DEBUG] iteration=4442, ncalls=6276, regioncalls=237360, ndraw=40, logz=-198085.24, remainder_fraction=12.0086%, Lmin=-198075.54, Lmax=-198075.42
13:07:15 [ultranest] [DEBUG] iteration=4461, ncalls=6298, regioncalls=238240, ndraw=40, logz=-198085.23, remainder_fraction=11.4495%, Lmin=-198075.53, Lmax=-198075.42
13:07:16 [ultranest] [DEBUG] iteration=4477, ncalls=6320, regioncalls=239120, ndraw=40, logz=-198085.23, remainder_fraction=11.0023%, Lmin=-198075.53, Lmax=-198075.42
13:07:16 [ultranest] [DEBUG] iteration=4480, ncalls=6324, regioncalls=239280, ndraw=40, logz=-198085.23, remainder_fraction=10.9190%, Lmin=-198075.53, Lmax=-198075.42
13:07:16 [ultranest] [DEBUG] iteration=4498, ncalls=6347, regioncalls=240200, ndraw=40, logz=-198085.22, remainder_fraction=10.4416%, Lmin=-198075.52, Lmax=-198075.42
13:07:16 [ultranest] [DEBUG] iteration=4513, ncalls=6369, regioncalls=241080, ndraw=40, logz=-198085.22, remainder_fraction=10.0563%, Lmin=-198075.52, Lmax=-198075.42
13:07:16 [ultranest] [DEBUG] iteration=4520, ncalls=6379, regioncalls=241480, ndraw=40, logz=-198085.21, remainder_fraction=9.8801%, Lmin=-198075.52, Lmax=-198075.42
13:07:16 [ultranest] [DEBUG] iteration=4533, ncalls=6400, regioncalls=242320, ndraw=40, logz=-198085.21, remainder_fraction=9.5607%, Lmin=-198075.51, Lmax=-198075.42
13:07:16 [ultranest] [DEBUG] iteration=4548, ncalls=6422, regioncalls=243200, ndraw=40, logz=-198085.21, remainder_fraction=9.2041%, Lmin=-198075.51, Lmax=-198075.42
13:07:16 [ultranest] [DEBUG] iteration=4560, ncalls=6436, regioncalls=243760, ndraw=40, logz=-198085.20, remainder_fraction=8.9309%, Lmin=-198075.51, Lmax=-198075.42
13:07:16 [ultranest] [DEBUG] iteration=4577, ncalls=6457, regioncalls=244600, ndraw=40, logz=-198085.20, remainder_fraction=8.5552%, Lmin=-198075.50, Lmax=-198075.42
13:07:16 [ultranest] [DEBUG] iteration=4595, ncalls=6479, regioncalls=245480, ndraw=40, logz=-198085.20, remainder_fraction=8.1729%, Lmin=-198075.50, Lmax=-198075.42
13:07:16 [ultranest] [DEBUG] iteration=4600, ncalls=6484, regioncalls=245680, ndraw=40, logz=-198085.19, remainder_fraction=8.0698%, Lmin=-198075.50, Lmax=-198075.42
13:07:16 [ultranest] [DEBUG] iteration=4612, ncalls=6500, regioncalls=246360, ndraw=40, logz=-198085.19, remainder_fraction=7.8276%, Lmin=-198075.50, Lmax=-198075.42
13:07:17 [ultranest] [DEBUG] iteration=4627, ncalls=6521, regioncalls=247200, ndraw=40, logz=-198085.19, remainder_fraction=7.5326%, Lmin=-198075.49, Lmax=-198075.42
13:07:17 [ultranest] [DEBUG] iteration=4640, ncalls=6537, regioncalls=247840, ndraw=40, logz=-198085.19, remainder_fraction=7.2887%, Lmin=-198075.49, Lmax=-198075.42
13:07:17 [ultranest] [DEBUG] iteration=4656, ncalls=6558, regioncalls=248720, ndraw=40, logz=-198085.18, remainder_fraction=6.9969%, Lmin=-198075.49, Lmax=-198075.42
13:07:17 [ultranest] [DEBUG] iteration=4671, ncalls=6580, regioncalls=249600, ndraw=40, logz=-198085.18, remainder_fraction=6.7348%, Lmin=-198075.48, Lmax=-198075.42
13:07:17 [ultranest] [DEBUG] iteration=4680, ncalls=6592, regioncalls=250080, ndraw=40, logz=-198085.18, remainder_fraction=6.5809%, Lmin=-198075.48, Lmax=-198075.42
13:07:17 [ultranest] [DEBUG] iteration=4697, ncalls=6613, regioncalls=250920, ndraw=40, logz=-198085.18, remainder_fraction=6.3012%, Lmin=-198075.48, Lmax=-198075.42
13:07:17 [ultranest] [DEBUG] iteration=4715, ncalls=6634, regioncalls=251760, ndraw=40, logz=-198085.17, remainder_fraction=6.0154%, Lmin=-198075.48, Lmax=-198075.42
13:07:17 [ultranest] [DEBUG] iteration=4720, ncalls=6640, regioncalls=252000, ndraw=40, logz=-198085.17, remainder_fraction=5.9382%, Lmin=-198075.48, Lmax=-198075.42
13:07:17 [ultranest] [DEBUG] iteration=4737, ncalls=6662, regioncalls=252880, ndraw=40, logz=-198085.17, remainder_fraction=5.6846%, Lmin=-198075.47, Lmax=-198075.42
13:07:17 [ultranest] [DEBUG] iteration=4752, ncalls=6684, regioncalls=253760, ndraw=40, logz=-198085.17, remainder_fraction=5.4688%, Lmin=-198075.47, Lmax=-198075.42
13:07:17 [ultranest] [DEBUG] iteration=4760, ncalls=6697, regioncalls=254280, ndraw=40, logz=-198085.17, remainder_fraction=5.3583%, Lmin=-198075.47, Lmax=-198075.42
13:07:17 [ultranest] [DEBUG] iteration=4774, ncalls=6719, regioncalls=255160, ndraw=40, logz=-198085.16, remainder_fraction=5.1681%, Lmin=-198075.47, Lmax=-198075.42
13:07:18 [ultranest] [DEBUG] iteration=4782, ncalls=6731, regioncalls=255680, ndraw=40, logz=-198085.16, remainder_fraction=5.0619%, Lmin=-198075.47, Lmax=-198075.42
13:07:18 [ultranest] [DEBUG] iteration=4799, ncalls=6752, regioncalls=256600, ndraw=40, logz=-198085.16, remainder_fraction=4.8456%, Lmin=-198075.47, Lmax=-198075.42
13:07:18 [ultranest] [DEBUG] iteration=4800, ncalls=6753, regioncalls=256640, ndraw=40, logz=-198085.16, remainder_fraction=4.8333%, Lmin=-198075.47, Lmax=-198075.42
13:07:18 [ultranest] [DEBUG] iteration=4818, ncalls=6776, regioncalls=257560, ndraw=40, logz=-198085.16, remainder_fraction=4.6139%, Lmin=-198075.46, Lmax=-198075.42
13:07:18 [ultranest] [DEBUG] iteration=4836, ncalls=6797, regioncalls=258400, ndraw=40, logz=-198085.16, remainder_fraction=4.4043%, Lmin=-198075.46, Lmax=-198075.42
13:07:18 [ultranest] [DEBUG] iteration=4840, ncalls=6802, regioncalls=258600, ndraw=40, logz=-198085.15, remainder_fraction=4.3585%, Lmin=-198075.46, Lmax=-198075.42
13:07:18 [ultranest] [DEBUG] iteration=4855, ncalls=6824, regioncalls=259480, ndraw=40, logz=-198085.15, remainder_fraction=4.1918%, Lmin=-198075.46, Lmax=-198075.42
13:07:18 [ultranest] [DEBUG] iteration=4867, ncalls=6845, regioncalls=260360, ndraw=40, logz=-198085.15, remainder_fraction=4.0627%, Lmin=-198075.46, Lmax=-198075.42
13:07:18 [ultranest] [DEBUG] iteration=4880, ncalls=6862, regioncalls=261080, ndraw=40, logz=-198085.15, remainder_fraction=3.9280%, Lmin=-198075.46, Lmax=-198075.42
13:07:18 [ultranest] [DEBUG] iteration=4897, ncalls=6884, regioncalls=261960, ndraw=40, logz=-198085.15, remainder_fraction=3.7592%, Lmin=-198075.46, Lmax=-198075.42
13:07:18 [ultranest] [DEBUG] iteration=4914, ncalls=6906, regioncalls=262840, ndraw=40, logz=-198085.15, remainder_fraction=3.5969%, Lmin=-198075.45, Lmax=-198075.42
13:07:18 [ultranest] [DEBUG] iteration=4920, ncalls=6913, regioncalls=263120, ndraw=40, logz=-198085.15, remainder_fraction=3.5413%, Lmin=-198075.45, Lmax=-198075.42
13:07:19 [ultranest] [DEBUG] iteration=4938, ncalls=6935, regioncalls=264000, ndraw=40, logz=-198085.14, remainder_fraction=3.3793%, Lmin=-198075.45, Lmax=-198075.42
13:07:19 [ultranest] [DEBUG] iteration=4952, ncalls=6956, regioncalls=264880, ndraw=40, logz=-198085.14, remainder_fraction=3.2583%, Lmin=-198075.45, Lmax=-198075.42
13:07:19 [ultranest] [DEBUG] iteration=4960, ncalls=6967, regioncalls=265320, ndraw=40, logz=-198085.14, remainder_fraction=3.1912%, Lmin=-198075.45, Lmax=-198075.42
13:07:19 [ultranest] [DEBUG] iteration=4976, ncalls=6989, regioncalls=266240, ndraw=40, logz=-198085.14, remainder_fraction=3.0611%, Lmin=-198075.45, Lmax=-198075.42
13:07:19 [ultranest] [DEBUG] iteration=4992, ncalls=7011, regioncalls=267120, ndraw=40, logz=-198085.14, remainder_fraction=2.9358%, Lmin=-198075.45, Lmax=-198075.42
13:07:19 [ultranest] [DEBUG] iteration=5000, ncalls=7027, regioncalls=267760, ndraw=40, logz=-198085.14, remainder_fraction=2.8752%, Lmin=-198075.45, Lmax=-198075.42
13:07:19 [ultranest] [DEBUG] iteration=5013, ncalls=7049, regioncalls=268640, ndraw=40, logz=-198085.14, remainder_fraction=2.7788%, Lmin=-198075.45, Lmax=-198075.42
13:07:19 [ultranest] [DEBUG] iteration=5028, ncalls=7071, regioncalls=269520, ndraw=40, logz=-198085.14, remainder_fraction=2.6720%, Lmin=-198075.44, Lmax=-198075.42
13:07:19 [ultranest] [DEBUG] iteration=5037, ncalls=7083, regioncalls=270040, ndraw=40, logz=-198085.14, remainder_fraction=2.6098%, Lmin=-198075.44, Lmax=-198075.42
13:07:19 [ultranest] [DEBUG] iteration=5040, ncalls=7086, regioncalls=270160, ndraw=40, logz=-198085.14, remainder_fraction=2.5894%, Lmin=-198075.44, Lmax=-198075.42
13:07:19 [ultranest] [DEBUG] iteration=5057, ncalls=7107, regioncalls=271000, ndraw=40, logz=-198085.14, remainder_fraction=2.4765%, Lmin=-198075.44, Lmax=-198075.42
13:07:19 [ultranest] [DEBUG] iteration=5074, ncalls=7128, regioncalls=271920, ndraw=40, logz=-198085.13, remainder_fraction=2.3688%, Lmin=-198075.44, Lmax=-198075.42
13:07:19 [ultranest] [DEBUG] iteration=5080, ncalls=7135, regioncalls=272200, ndraw=40, logz=-198085.13, remainder_fraction=2.3319%, Lmin=-198075.44, Lmax=-198075.42
13:07:20 [ultranest] [DEBUG] iteration=5095, ncalls=7157, regioncalls=273080, ndraw=40, logz=-198085.13, remainder_fraction=2.2420%, Lmin=-198075.44, Lmax=-198075.42
13:07:20 [ultranest] [DEBUG] iteration=5112, ncalls=7178, regioncalls=273920, ndraw=40, logz=-198085.13, remainder_fraction=2.1446%, Lmin=-198075.44, Lmax=-198075.42
13:07:20 [ultranest] [DEBUG] iteration=5120, ncalls=7187, regioncalls=274280, ndraw=40, logz=-198085.13, remainder_fraction=2.1001%, Lmin=-198075.44, Lmax=-198075.42
13:07:20 [ultranest] [DEBUG] iteration=5136, ncalls=7208, regioncalls=275120, ndraw=40, logz=-198085.13, remainder_fraction=2.0138%, Lmin=-198075.44, Lmax=-198075.42
13:07:20 [ultranest] [DEBUG] iteration=5152, ncalls=7231, regioncalls=276040, ndraw=40, logz=-198085.13, remainder_fraction=1.9312%, Lmin=-198075.44, Lmax=-198075.42
13:07:20 [ultranest] [DEBUG] iteration=5160, ncalls=7240, regioncalls=276400, ndraw=40, logz=-198085.13, remainder_fraction=1.8911%, Lmin=-198075.44, Lmax=-198075.42
13:07:20 [ultranest] [DEBUG] iteration=5174, ncalls=7263, regioncalls=277320, ndraw=40, logz=-198085.13, remainder_fraction=1.8229%, Lmin=-198075.44, Lmax=-198075.42
13:07:20 [ultranest] [DEBUG] iteration=5192, ncalls=7284, regioncalls=278160, ndraw=40, logz=-198085.13, remainder_fraction=1.7388%, Lmin=-198075.44, Lmax=-198075.42
13:07:20 [ultranest] [DEBUG] iteration=5200, ncalls=7296, regioncalls=278640, ndraw=40, logz=-198085.13, remainder_fraction=1.7028%, Lmin=-198075.44, Lmax=-198075.42
13:07:20 [ultranest] [DEBUG] iteration=5213, ncalls=7317, regioncalls=279480, ndraw=40, logz=-198085.13, remainder_fraction=1.6457%, Lmin=-198075.44, Lmax=-198075.42
13:07:20 [ultranest] [DEBUG] iteration=5228, ncalls=7339, regioncalls=280360, ndraw=40, logz=-198085.13, remainder_fraction=1.5821%, Lmin=-198075.43, Lmax=-198075.42
13:07:21 [ultranest] [DEBUG] iteration=5240, ncalls=7359, regioncalls=281160, ndraw=40, logz=-198085.13, remainder_fraction=1.5331%, Lmin=-198075.43, Lmax=-198075.42
13:07:21 [ultranest] [DEBUG] iteration=5252, ncalls=7384, regioncalls=282160, ndraw=40, logz=-198085.12, remainder_fraction=1.4855%, Lmin=-198075.43, Lmax=-198075.42
13:07:21 [ultranest] [DEBUG] iteration=5269, ncalls=7408, regioncalls=283120, ndraw=40, logz=-198085.12, remainder_fraction=1.4206%, Lmin=-198075.43, Lmax=-198075.42
13:07:21 [ultranest] [DEBUG] iteration=5280, ncalls=7423, regioncalls=283720, ndraw=40, logz=-198085.12, remainder_fraction=1.3801%, Lmin=-198075.43, Lmax=-198075.42
13:07:21 [ultranest] [DEBUG] iteration=5292, ncalls=7441, regioncalls=284480, ndraw=40, logz=-198085.12, remainder_fraction=1.3371%, Lmin=-198075.43, Lmax=-198075.42
13:07:21 [ultranest] [DEBUG] iteration=5310, ncalls=7462, regioncalls=285320, ndraw=40, logz=-198085.12, remainder_fraction=1.2753%, Lmin=-198075.43, Lmax=-198075.42
13:07:21 [ultranest] [DEBUG] iteration=5320, ncalls=7474, regioncalls=285800, ndraw=40, logz=-198085.12, remainder_fraction=1.2421%, Lmin=-198075.43, Lmax=-198075.42
13:07:21 [ultranest] [DEBUG] iteration=5335, ncalls=7496, regioncalls=286680, ndraw=40, logz=-198085.12, remainder_fraction=1.1940%, Lmin=-198075.43, Lmax=-198075.42
13:07:21 [ultranest] [DEBUG] iteration=5352, ncalls=7518, regioncalls=287560, ndraw=40, logz=-198085.12, remainder_fraction=1.1418%, Lmin=-198075.43, Lmax=-198075.42
13:07:21 [ultranest] [DEBUG] iteration=5360, ncalls=7532, regioncalls=288120, ndraw=40, logz=-198085.12, remainder_fraction=1.1180%, Lmin=-198075.43, Lmax=-198075.42
13:07:21 [ultranest] [DEBUG] iteration=5376, ncalls=7554, regioncalls=289000, ndraw=40, logz=-198085.12, remainder_fraction=1.0719%, Lmin=-198075.43, Lmax=-198075.42
13:07:21 [ultranest] [DEBUG] iteration=5377, ncalls=7556, regioncalls=289120, ndraw=40, logz=-198085.12, remainder_fraction=1.0691%, Lmin=-198075.43, Lmax=-198075.42
13:07:22 [ultranest] [DEBUG] iteration=5395, ncalls=7576, regioncalls=289920, ndraw=40, logz=-198085.12, remainder_fraction=1.0196%, Lmin=-198075.43, Lmax=-198075.42
13:07:22 [ultranest] [DEBUG] iteration=5400, ncalls=7584, regioncalls=290240, ndraw=40, logz=-198085.12, remainder_fraction=1.0063%, Lmin=-198075.43, Lmax=-198075.42
13:07:22 [ultranest] [INFO] Explored until L=-2e+05  
13:07:22 [ultranest] [INFO] Likelihood function evaluations: 7586
13:07:23 [ultranest] [INFO] Writing samples and results to disk ...
13:07:23 [ultranest] [INFO] Writing samples and results to disk ... done
13:07:23 [ultranest] [DEBUG] did a run_iter pass!
13:07:23 [ultranest] [INFO]   logZ = -1.981e+05 +- 0.1208
13:07:23 [ultranest] [INFO] Effective samples strategy satisfied (ESS = 1487.5, need >400)
13:07:23 [ultranest] [INFO] Posterior uncertainty strategy is satisfied (KL: 0.45+-0.09 nat, need <0.50 nat)
13:07:23 [ultranest] [INFO] Evidency uncertainty strategy is satisfied (dlogz=0.12, need <0.5)
13:07:23 [ultranest] [INFO]   logZ error budget: single: 0.15 bs:0.12 tail:0.01 total:0.12 required:<0.50
13:07:23 [ultranest] [INFO] done iterating.
13:07:23 [ultranest] [DEBUG] Making corner plot ...
13:07:23 [ultranest] [DEBUG] Making corner plot ... done
13:07:23 [ultranest] [DEBUG] Making run plot ... 
13:07:24 [ultranest] [DEBUG] Making run plot ... done
13:07:24 [ultranest] [DEBUG] Making trace plot ... 
13:07:25 [ultranest] [DEBUG] Making trace plot ... done
