11:32:17 [ultranest] [DEBUG] ReactiveNestedSampler: dims=3+0, resume=False, log_dir=./m-values/N24/S24/M24/T029/P025/NF3/sample_rho, backend=hdf5, vectorized=False, nbootstraps=30, ndraw=128..65536
11:32:17 [ultranest] [INFO] Sampling 400 live points from prior ...
11:32:18 [ultranest] [DEBUG] run_iter dlogz=0.5, dKL=0.5, frac_remain=0.01, Lepsilon=0.0010, min_ess=400
11:32:18 [ultranest] [DEBUG] max_iters=-1, max_ncalls=-1, max_num_improvement_loops=-1, min_num_live_points=400, cluster_num_live_points=40
11:32:18 [ultranest] [DEBUG] minimal_widths_sequence: [(-inf, 400.0), (inf, 400.0)]
11:32:18 [ultranest] [DEBUG] Plateau detected at L=-1.381551e+07, not replacing live point.
11:32:18 [ultranest] [DEBUG] Plateau detected at L=-1.381551e+07, not replacing live point.
11:32:18 [ultranest] [DEBUG] Plateau detected at L=-1.381551e+07, not replacing live point.
11:32:18 [ultranest] [DEBUG] Plateau detected at L=-1.381551e+07, not replacing live point.
11:32:18 [ultranest] [DEBUG] Plateau detected at L=-1.381551e+07, not replacing live point.
11:32:18 [ultranest] [DEBUG] Plateau detected at L=-1.381551e+07, not replacing live point.
11:32:18 [ultranest] [DEBUG] Plateau detected at L=-1.381551e+07, not replacing live point.
11:32:18 [ultranest] [DEBUG] Plateau detected at L=-1.381551e+07, not replacing live point.
11:32:18 [ultranest] [DEBUG] Plateau detected at L=-1.381551e+07, not replacing live point.
11:32:18 [ultranest] [DEBUG] Plateau detected at L=-1.381551e+07, not replacing live point.
11:32:18 [ultranest] [DEBUG] Plateau detected at L=-1.381551e+07, not replacing live point.
11:32:18 [ultranest] [DEBUG] Plateau detected at L=-1.381551e+07, not replacing live point.
11:32:18 [ultranest] [DEBUG] Plateau detected at L=-1.381551e+07, not replacing live point.
11:32:18 [ultranest] [DEBUG] Plateau detected at L=-1.381551e+07, not replacing live point.
11:32:18 [ultranest] [DEBUG] Plateau detected at L=-1.381551e+07, not replacing live point.
11:32:18 [ultranest] [DEBUG] Plateau detected at L=-1.381551e+07, not replacing live point.
11:32:18 [ultranest] [DEBUG] Plateau detected at L=-1.381551e+07, not replacing live point.
11:32:18 [ultranest] [DEBUG] Plateau detected at L=-1.381551e+07, not replacing live point.
11:32:18 [ultranest] [DEBUG] Plateau detected at L=-1.381551e+07, not replacing live point.
11:32:18 [ultranest] [DEBUG] Plateau detected at L=-1.381551e+07, not replacing live point.
11:32:18 [ultranest] [DEBUG] Plateau detected at L=-1.381551e+07, not replacing live point.
11:32:18 [ultranest] [DEBUG] Plateau detected at L=-1.381551e+07, not replacing live point.
11:32:18 [ultranest] [DEBUG] Plateau detected at L=-1.381551e+07, not replacing live point.
11:32:18 [ultranest] [DEBUG] Plateau detected at L=-1.381551e+07, not replacing live point.
11:32:18 [ultranest] [DEBUG] Plateau detected at L=-1.381551e+07, not replacing live point.
11:32:18 [ultranest] [DEBUG] Plateau detected at L=-1.381551e+07, not replacing live point.
11:32:18 [ultranest] [DEBUG] Plateau detected at L=-1.381551e+07, not replacing live point.
11:32:18 [ultranest] [DEBUG] Plateau detected at L=-1.381551e+07, not replacing live point.
11:32:18 [ultranest] [DEBUG] Plateau detected at L=-1.381551e+07, not replacing live point.
11:32:18 [ultranest] [DEBUG] Plateau detected at L=-1.381551e+07, not replacing live point.
11:32:18 [ultranest] [DEBUG] Plateau detected at L=-1.381551e+07, not replacing live point.
11:32:18 [ultranest] [DEBUG] Plateau detected at L=-1.381551e+07, not replacing live point.
11:32:18 [ultranest] [DEBUG] Plateau detected at L=-1.381551e+07, not replacing live point.
11:32:18 [ultranest] [DEBUG] Plateau detected at L=-1.381551e+07, not replacing live point.
11:32:18 [ultranest] [DEBUG] Plateau detected at L=-1.381551e+07, not replacing live point.
11:32:18 [ultranest] [DEBUG] Plateau detected at L=-1.381551e+07, not replacing live point.
11:32:18 [ultranest] [DEBUG] Plateau detected at L=-1.381551e+07, not replacing live point.
11:32:18 [ultranest] [DEBUG] Plateau detected at L=-1.381551e+07, not replacing live point.
11:32:18 [ultranest] [DEBUG] Plateau detected at L=-1.381551e+07, not replacing live point.
11:32:18 [ultranest] [DEBUG] Plateau detected at L=-1.381551e+07, not replacing live point.
11:32:18 [ultranest] [DEBUG] Plateau detected at L=-1.381551e+07, not replacing live point.
11:32:18 [ultranest] [DEBUG] Plateau detected at L=-1.381551e+07, not replacing live point.
11:32:18 [ultranest] [DEBUG] Plateau detected at L=-1.381551e+07, not replacing live point.
11:32:18 [ultranest] [DEBUG] Plateau detected at L=-1.381551e+07, not replacing live point.
11:32:18 [ultranest] [DEBUG] iteration=44, ncalls=401, regioncalls=40, ndraw=40, logz=-13815512.77, remainder_fraction=100.0000%, Lmin=-13815510.56, Lmax=-106462.31
11:32:18 [ultranest] [DEBUG] iteration=64, ncalls=425, regioncalls=1000, ndraw=40, logz=-132636.01, remainder_fraction=100.0000%, Lmin=-132387.59, Lmax=-106462.31
11:32:18 [ultranest] [DEBUG] iteration=80, ncalls=443, regioncalls=1720, ndraw=40, logz=-128662.88, remainder_fraction=100.0000%, Lmin=-128137.81, Lmax=-106462.31
11:32:19 [ultranest] [DEBUG] iteration=96, ncalls=470, regioncalls=2800, ndraw=40, logz=-126130.13, remainder_fraction=100.0000%, Lmin=-126058.65, Lmax=-106462.31
11:32:19 [ultranest] [DEBUG] iteration=117, ncalls=494, regioncalls=3760, ndraw=40, logz=-123902.93, remainder_fraction=100.0000%, Lmin=-123827.74, Lmax=-106462.31
11:32:19 [ultranest] [DEBUG] iteration=120, ncalls=497, regioncalls=3880, ndraw=40, logz=-123547.83, remainder_fraction=100.0000%, Lmin=-123528.37, Lmax=-106462.31
11:32:19 [ultranest] [DEBUG] iteration=124, ncalls=501, regioncalls=4040, ndraw=40, logz=-123467.05, remainder_fraction=100.0000%, Lmin=-123446.76, Lmax=-106462.31
11:32:19 [ultranest] [DEBUG] iteration=142, ncalls=527, regioncalls=5080, ndraw=40, logz=-122033.78, remainder_fraction=100.0000%, Lmin=-121992.98, Lmax=-106462.31
11:32:19 [ultranest] [DEBUG] iteration=160, ncalls=551, regioncalls=6040, ndraw=40, logz=-121041.00, remainder_fraction=100.0000%, Lmin=-121034.58, Lmax=-106272.25
11:32:19 [ultranest] [DEBUG] iteration=177, ncalls=576, regioncalls=7040, ndraw=40, logz=-120272.59, remainder_fraction=100.0000%, Lmin=-120262.90, Lmax=-106272.25
11:32:19 [ultranest] [DEBUG] iteration=191, ncalls=602, regioncalls=8080, ndraw=40, logz=-119589.52, remainder_fraction=100.0000%, Lmin=-119524.76, Lmax=-106145.66
11:32:19 [ultranest] [DEBUG] iteration=200, ncalls=620, regioncalls=8800, ndraw=40, logz=-119074.93, remainder_fraction=100.0000%, Lmin=-119054.49, Lmax=-106145.66
11:32:19 [ultranest] [DEBUG] iteration=204, ncalls=625, regioncalls=9000, ndraw=40, logz=-118989.82, remainder_fraction=100.0000%, Lmin=-118924.71, Lmax=-106145.66
11:32:19 [ultranest] [DEBUG] iteration=220, ncalls=650, regioncalls=10000, ndraw=40, logz=-118138.36, remainder_fraction=100.0000%, Lmin=-118074.50, Lmax=-106145.66
11:32:19 [ultranest] [DEBUG] iteration=236, ncalls=675, regioncalls=11000, ndraw=40, logz=-117605.73, remainder_fraction=100.0000%, Lmin=-117492.20, Lmax=-106145.66
11:32:19 [ultranest] [DEBUG] iteration=240, ncalls=679, regioncalls=11160, ndraw=40, logz=-117444.44, remainder_fraction=100.0000%, Lmin=-117408.97, Lmax=-106145.66
11:32:20 [ultranest] [DEBUG] iteration=257, ncalls=704, regioncalls=12160, ndraw=40, logz=-117070.59, remainder_fraction=100.0000%, Lmin=-117053.59, Lmax=-106145.66
11:32:20 [ultranest] [DEBUG] iteration=273, ncalls=729, regioncalls=13160, ndraw=40, logz=-116650.49, remainder_fraction=100.0000%, Lmin=-116595.39, Lmax=-106145.66
11:32:20 [ultranest] [DEBUG] iteration=280, ncalls=745, regioncalls=13800, ndraw=40, logz=-116354.76, remainder_fraction=100.0000%, Lmin=-116328.39, Lmax=-106145.66
11:32:20 [ultranest] [DEBUG] iteration=295, ncalls=769, regioncalls=14760, ndraw=40, logz=-115896.74, remainder_fraction=100.0000%, Lmin=-115853.62, Lmax=-106145.66
11:32:20 [ultranest] [DEBUG] iteration=310, ncalls=794, regioncalls=15760, ndraw=40, logz=-115595.31, remainder_fraction=100.0000%, Lmin=-115581.50, Lmax=-106145.66
11:32:20 [ultranest] [DEBUG] iteration=320, ncalls=811, regioncalls=16440, ndraw=40, logz=-115362.42, remainder_fraction=100.0000%, Lmin=-115351.40, Lmax=-106145.66
11:32:20 [ultranest] [DEBUG] iteration=338, ncalls=836, regioncalls=17440, ndraw=40, logz=-114766.52, remainder_fraction=100.0000%, Lmin=-114731.44, Lmax=-106145.66
11:32:20 [ultranest] [DEBUG] iteration=353, ncalls=861, regioncalls=18440, ndraw=40, logz=-114371.05, remainder_fraction=100.0000%, Lmin=-114344.67, Lmax=-106145.66
11:32:20 [ultranest] [DEBUG] iteration=360, ncalls=873, regioncalls=18920, ndraw=40, logz=-114192.00, remainder_fraction=100.0000%, Lmin=-114154.43, Lmax=-106145.66
11:32:20 [ultranest] [DEBUG] iteration=364, ncalls=879, regioncalls=19160, ndraw=40, logz=-114125.31, remainder_fraction=100.0000%, Lmin=-114100.61, Lmax=-106145.66
11:32:20 [ultranest] [DEBUG] iteration=374, ncalls=907, regioncalls=20280, ndraw=40, logz=-113801.35, remainder_fraction=100.0000%, Lmin=-113739.14, Lmax=-106145.66
11:32:20 [ultranest] [DEBUG] iteration=392, ncalls=933, regioncalls=21320, ndraw=40, logz=-113436.97, remainder_fraction=100.0000%, Lmin=-113340.78, Lmax=-106145.66
11:32:21 [ultranest] [DEBUG] iteration=400, ncalls=942, regioncalls=21680, ndraw=40, logz=-113221.40, remainder_fraction=100.0000%, Lmin=-113172.43, Lmax=-106145.66
11:32:21 [ultranest] [DEBUG] iteration=418, ncalls=967, regioncalls=22680, ndraw=40, logz=-112894.32, remainder_fraction=100.0000%, Lmin=-112887.12, Lmax=-106145.66
11:32:21 [ultranest] [DEBUG] iteration=433, ncalls=992, regioncalls=23680, ndraw=40, logz=-112668.42, remainder_fraction=100.0000%, Lmin=-112647.40, Lmax=-106145.66
11:32:21 [ultranest] [DEBUG] iteration=440, ncalls=1006, regioncalls=24240, ndraw=40, logz=-112562.80, remainder_fraction=100.0000%, Lmin=-112536.72, Lmax=-106145.66
11:32:21 [ultranest] [DEBUG] iteration=457, ncalls=1029, regioncalls=25160, ndraw=40, logz=-112300.11, remainder_fraction=100.0000%, Lmin=-112255.12, Lmax=-106145.66
11:32:21 [ultranest] [DEBUG] iteration=473, ncalls=1056, regioncalls=26240, ndraw=40, logz=-112014.73, remainder_fraction=100.0000%, Lmin=-111987.41, Lmax=-106145.66
11:32:21 [ultranest] [DEBUG] iteration=480, ncalls=1070, regioncalls=26800, ndraw=40, logz=-111946.18, remainder_fraction=100.0000%, Lmin=-111936.60, Lmax=-106145.66
11:32:21 [ultranest] [DEBUG] iteration=499, ncalls=1094, regioncalls=27760, ndraw=40, logz=-111733.07, remainder_fraction=100.0000%, Lmin=-111723.02, Lmax=-106129.53
11:32:21 [ultranest] [DEBUG] iteration=515, ncalls=1119, regioncalls=28760, ndraw=40, logz=-111553.15, remainder_fraction=100.0000%, Lmin=-111509.21, Lmax=-106129.53
11:32:21 [ultranest] [DEBUG] iteration=520, ncalls=1129, regioncalls=29160, ndraw=40, logz=-111437.81, remainder_fraction=100.0000%, Lmin=-111415.44, Lmax=-106129.53
11:32:21 [ultranest] [DEBUG] iteration=524, ncalls=1136, regioncalls=29440, ndraw=40, logz=-111371.10, remainder_fraction=100.0000%, Lmin=-111356.45, Lmax=-106129.53
11:32:21 [ultranest] [DEBUG] iteration=542, ncalls=1161, regioncalls=30440, ndraw=40, logz=-111186.06, remainder_fraction=100.0000%, Lmin=-111177.89, Lmax=-106129.53
11:32:22 [ultranest] [DEBUG] iteration=556, ncalls=1186, regioncalls=31440, ndraw=40, logz=-111028.32, remainder_fraction=100.0000%, Lmin=-111020.57, Lmax=-106129.53
11:32:22 [ultranest] [DEBUG] iteration=560, ncalls=1193, regioncalls=31720, ndraw=40, logz=-111008.75, remainder_fraction=100.0000%, Lmin=-110983.73, Lmax=-106129.53
11:32:22 [ultranest] [DEBUG] iteration=571, ncalls=1219, regioncalls=32760, ndraw=40, logz=-110922.44, remainder_fraction=100.0000%, Lmin=-110911.21, Lmax=-106129.53
11:32:22 [ultranest] [DEBUG] iteration=582, ncalls=1246, regioncalls=33840, ndraw=40, logz=-110828.22, remainder_fraction=100.0000%, Lmin=-110817.21, Lmax=-106129.53
11:32:22 [ultranest] [DEBUG] iteration=598, ncalls=1271, regioncalls=34840, ndraw=40, logz=-110706.94, remainder_fraction=100.0000%, Lmin=-110676.45, Lmax=-106129.53
11:32:22 [ultranest] [DEBUG] iteration=600, ncalls=1282, regioncalls=35280, ndraw=40, logz=-110673.46, remainder_fraction=100.0000%, Lmin=-110664.43, Lmax=-106129.53
11:32:22 [ultranest] [DEBUG] iteration=617, ncalls=1305, regioncalls=36200, ndraw=40, logz=-110503.28, remainder_fraction=100.0000%, Lmin=-110485.84, Lmax=-106129.53
11:32:22 [ultranest] [DEBUG] iteration=629, ncalls=1332, regioncalls=37280, ndraw=40, logz=-110384.64, remainder_fraction=100.0000%, Lmin=-110373.40, Lmax=-106129.53
11:32:22 [ultranest] [DEBUG] iteration=639, ncalls=1358, regioncalls=38320, ndraw=40, logz=-110263.19, remainder_fraction=100.0000%, Lmin=-110230.56, Lmax=-106129.53
11:32:22 [ultranest] [DEBUG] iteration=640, ncalls=1361, regioncalls=38440, ndraw=40, logz=-110238.23, remainder_fraction=100.0000%, Lmin=-110225.02, Lmax=-106129.53
11:32:22 [ultranest] [DEBUG] iteration=653, ncalls=1387, regioncalls=39480, ndraw=40, logz=-110141.75, remainder_fraction=100.0000%, Lmin=-110118.97, Lmax=-106129.53
11:32:22 [ultranest] [DEBUG] iteration=661, ncalls=1416, regioncalls=40640, ndraw=40, logz=-110069.61, remainder_fraction=100.0000%, Lmin=-110060.09, Lmax=-106129.53
11:32:23 [ultranest] [DEBUG] iteration=673, ncalls=1444, regioncalls=41760, ndraw=40, logz=-109953.58, remainder_fraction=100.0000%, Lmin=-109941.31, Lmax=-106129.53
11:32:23 [ultranest] [DEBUG] iteration=679, ncalls=1474, regioncalls=42960, ndraw=40, logz=-109902.68, remainder_fraction=100.0000%, Lmin=-109890.02, Lmax=-106129.53
11:32:23 [ultranest] [DEBUG] iteration=680, ncalls=1476, regioncalls=43040, ndraw=40, logz=-109897.79, remainder_fraction=100.0000%, Lmin=-109883.09, Lmax=-106129.53
11:32:23 [ultranest] [DEBUG] iteration=684, ncalls=1484, regioncalls=43360, ndraw=40, logz=-109853.79, remainder_fraction=100.0000%, Lmin=-109844.98, Lmax=-106129.53
11:32:23 [ultranest] [DEBUG] iteration=698, ncalls=1510, regioncalls=44400, ndraw=40, logz=-109722.30, remainder_fraction=100.0000%, Lmin=-109714.24, Lmax=-106129.53
11:32:23 [ultranest] [DEBUG] iteration=713, ncalls=1536, regioncalls=45440, ndraw=40, logz=-109536.00, remainder_fraction=100.0000%, Lmin=-109519.76, Lmax=-106129.53
11:32:23 [ultranest] [DEBUG] iteration=720, ncalls=1545, regioncalls=45800, ndraw=40, logz=-109479.40, remainder_fraction=100.0000%, Lmin=-109452.38, Lmax=-106129.53
11:32:23 [ultranest] [DEBUG] iteration=732, ncalls=1573, regioncalls=46920, ndraw=40, logz=-109365.41, remainder_fraction=100.0000%, Lmin=-109347.33, Lmax=-106129.53
11:32:23 [ultranest] [DEBUG] iteration=746, ncalls=1600, regioncalls=48000, ndraw=40, logz=-109277.00, remainder_fraction=100.0000%, Lmin=-109268.72, Lmax=-106129.53
11:32:23 [ultranest] [DEBUG] iteration=758, ncalls=1629, regioncalls=49160, ndraw=40, logz=-109189.90, remainder_fraction=100.0000%, Lmin=-109172.73, Lmax=-106129.53
11:32:23 [ultranest] [DEBUG] iteration=760, ncalls=1632, regioncalls=49280, ndraw=40, logz=-109175.42, remainder_fraction=100.0000%, Lmin=-109166.50, Lmax=-106129.53
11:32:23 [ultranest] [DEBUG] iteration=764, ncalls=1648, regioncalls=49920, ndraw=40, logz=-109159.22, remainder_fraction=100.0000%, Lmin=-109150.99, Lmax=-106129.53
11:32:23 [ultranest] [DEBUG] iteration=780, ncalls=1673, regioncalls=50920, ndraw=40, logz=-109075.07, remainder_fraction=100.0000%, Lmin=-109058.04, Lmax=-106129.53
11:32:24 [ultranest] [DEBUG] iteration=795, ncalls=1703, regioncalls=52120, ndraw=40, logz=-108940.22, remainder_fraction=100.0000%, Lmin=-108927.90, Lmax=-106129.53
11:32:24 [ultranest] [DEBUG] iteration=800, ncalls=1710, regioncalls=52400, ndraw=40, logz=-108919.26, remainder_fraction=100.0000%, Lmin=-108904.26, Lmax=-106129.53
11:32:24 [ultranest] [DEBUG] iteration=816, ncalls=1736, regioncalls=53440, ndraw=40, logz=-108831.59, remainder_fraction=100.0000%, Lmin=-108808.43, Lmax=-106129.53
11:32:24 [ultranest] [DEBUG] iteration=827, ncalls=1764, regioncalls=54560, ndraw=40, logz=-108756.87, remainder_fraction=100.0000%, Lmin=-108738.85, Lmax=-106129.53
11:32:24 [ultranest] [DEBUG] iteration=840, ncalls=1787, regioncalls=55480, ndraw=40, logz=-108676.32, remainder_fraction=100.0000%, Lmin=-108667.43, Lmax=-106021.62
11:32:24 [ultranest] [DEBUG] iteration=844, ncalls=1792, regioncalls=55680, ndraw=40, logz=-108661.73, remainder_fraction=100.0000%, Lmin=-108645.18, Lmax=-106021.62
11:32:24 [ultranest] [DEBUG] iteration=860, ncalls=1821, regioncalls=56840, ndraw=40, logz=-108576.04, remainder_fraction=100.0000%, Lmin=-108557.84, Lmax=-106021.62
11:32:24 [ultranest] [DEBUG] iteration=875, ncalls=1847, regioncalls=57880, ndraw=40, logz=-108485.45, remainder_fraction=100.0000%, Lmin=-108473.52, Lmax=-106021.62
11:32:24 [ultranest] [DEBUG] iteration=880, ncalls=1857, regioncalls=58280, ndraw=40, logz=-108440.77, remainder_fraction=100.0000%, Lmin=-108431.51, Lmax=-106021.62
11:32:24 [ultranest] [DEBUG] iteration=894, ncalls=1883, regioncalls=59320, ndraw=40, logz=-108373.31, remainder_fraction=100.0000%, Lmin=-108363.60, Lmax=-106021.62
11:32:24 [ultranest] [DEBUG] iteration=909, ncalls=1908, regioncalls=60320, ndraw=40, logz=-108305.79, remainder_fraction=100.0000%, Lmin=-108292.46, Lmax=-106021.62
11:32:24 [ultranest] [DEBUG] iteration=920, ncalls=1925, regioncalls=61000, ndraw=40, logz=-108238.68, remainder_fraction=100.0000%, Lmin=-108229.79, Lmax=-106021.62
11:32:25 [ultranest] [DEBUG] iteration=924, ncalls=1934, regioncalls=61360, ndraw=40, logz=-108224.03, remainder_fraction=100.0000%, Lmin=-108209.32, Lmax=-106021.62
11:32:25 [ultranest] [DEBUG] iteration=940, ncalls=1959, regioncalls=62400, ndraw=40, logz=-108161.74, remainder_fraction=100.0000%, Lmin=-108149.51, Lmax=-106021.62
11:32:25 [ultranest] [DEBUG] iteration=957, ncalls=1983, regioncalls=63400, ndraw=40, logz=-108007.35, remainder_fraction=100.0000%, Lmin=-107996.18, Lmax=-106021.62
11:32:25 [ultranest] [DEBUG] iteration=960, ncalls=1988, regioncalls=63640, ndraw=40, logz=-107994.91, remainder_fraction=100.0000%, Lmin=-107978.31, Lmax=-106021.62
11:32:25 [ultranest] [DEBUG] iteration=977, ncalls=2012, regioncalls=64600, ndraw=40, logz=-107936.50, remainder_fraction=100.0000%, Lmin=-107927.25, Lmax=-106021.62
11:32:25 [ultranest] [DEBUG] iteration=993, ncalls=2038, regioncalls=65680, ndraw=40, logz=-107868.79, remainder_fraction=100.0000%, Lmin=-107858.80, Lmax=-106021.62
11:32:25 [ultranest] [DEBUG] iteration=1000, ncalls=2054, regioncalls=66320, ndraw=40, logz=-107851.72, remainder_fraction=100.0000%, Lmin=-107837.78, Lmax=-106021.62
11:32:25 [ultranest] [DEBUG] iteration=1013, ncalls=2078, regioncalls=67280, ndraw=40, logz=-107802.39, remainder_fraction=100.0000%, Lmin=-107793.89, Lmax=-106021.62
11:32:25 [ultranest] [DEBUG] iteration=1030, ncalls=2103, regioncalls=68280, ndraw=40, logz=-107745.31, remainder_fraction=100.0000%, Lmin=-107732.72, Lmax=-106021.62
11:32:25 [ultranest] [DEBUG] iteration=1040, ncalls=2119, regioncalls=68920, ndraw=40, logz=-107709.06, remainder_fraction=100.0000%, Lmin=-107699.39, Lmax=-106021.62
11:32:25 [ultranest] [DEBUG] iteration=1052, ncalls=2148, regioncalls=70080, ndraw=40, logz=-107663.31, remainder_fraction=100.0000%, Lmin=-107654.06, Lmax=-106021.62
11:32:25 [ultranest] [DEBUG] iteration=1065, ncalls=2177, regioncalls=71240, ndraw=40, logz=-107609.92, remainder_fraction=100.0000%, Lmin=-107594.60, Lmax=-106021.62
11:32:26 [ultranest] [DEBUG] iteration=1080, ncalls=2200, regioncalls=72160, ndraw=40, logz=-107528.96, remainder_fraction=100.0000%, Lmin=-107517.55, Lmax=-106021.62
11:32:26 [ultranest] [DEBUG] iteration=1093, ncalls=2226, regioncalls=73240, ndraw=40, logz=-107493.06, remainder_fraction=100.0000%, Lmin=-107481.43, Lmax=-106021.62
11:32:26 [ultranest] [DEBUG] iteration=1103, ncalls=2253, regioncalls=74320, ndraw=40, logz=-107466.12, remainder_fraction=100.0000%, Lmin=-107455.25, Lmax=-106021.62
11:32:26 [ultranest] [DEBUG] iteration=1118, ncalls=2279, regioncalls=75400, ndraw=40, logz=-107443.65, remainder_fraction=100.0000%, Lmin=-107433.35, Lmax=-106021.62
11:32:26 [ultranest] [DEBUG] iteration=1120, ncalls=2282, regioncalls=75520, ndraw=40, logz=-107440.91, remainder_fraction=100.0000%, Lmin=-107427.46, Lmax=-106021.62
11:32:26 [ultranest] [DEBUG] iteration=1134, ncalls=2307, regioncalls=76520, ndraw=40, logz=-107407.33, remainder_fraction=100.0000%, Lmin=-107398.77, Lmax=-106021.62
11:32:26 [ultranest] [DEBUG] iteration=1145, ncalls=2335, regioncalls=77640, ndraw=40, logz=-107375.82, remainder_fraction=100.0000%, Lmin=-107363.97, Lmax=-106021.62
11:32:26 [ultranest] [DEBUG] iteration=1157, ncalls=2361, regioncalls=78680, ndraw=40, logz=-107345.24, remainder_fraction=100.0000%, Lmin=-107336.21, Lmax=-106021.62
11:32:26 [ultranest] [DEBUG] iteration=1160, ncalls=2366, regioncalls=78880, ndraw=40, logz=-107337.80, remainder_fraction=100.0000%, Lmin=-107328.43, Lmax=-106021.62
11:32:26 [ultranest] [DEBUG] iteration=1164, ncalls=2375, regioncalls=79280, ndraw=40, logz=-107314.76, remainder_fraction=100.0000%, Lmin=-107304.81, Lmax=-106021.62
11:32:26 [ultranest] [DEBUG] iteration=1177, ncalls=2401, regioncalls=80320, ndraw=40, logz=-107268.26, remainder_fraction=100.0000%, Lmin=-107255.63, Lmax=-106021.62
11:32:26 [ultranest] [DEBUG] iteration=1194, ncalls=2428, regioncalls=81400, ndraw=40, logz=-107223.28, remainder_fraction=100.0000%, Lmin=-107211.64, Lmax=-106021.62
11:32:27 [ultranest] [DEBUG] iteration=1200, ncalls=2437, regioncalls=81760, ndraw=40, logz=-107200.37, remainder_fraction=100.0000%, Lmin=-107188.75, Lmax=-106021.62
11:32:27 [ultranest] [DEBUG] iteration=1214, ncalls=2462, regioncalls=82760, ndraw=40, logz=-107169.97, remainder_fraction=100.0000%, Lmin=-107156.05, Lmax=-106021.62
11:32:27 [ultranest] [DEBUG] iteration=1229, ncalls=2488, regioncalls=83800, ndraw=40, logz=-107135.79, remainder_fraction=100.0000%, Lmin=-107124.83, Lmax=-106021.62
11:32:27 [ultranest] [DEBUG] iteration=1240, ncalls=2508, regioncalls=84600, ndraw=40, logz=-107122.70, remainder_fraction=100.0000%, Lmin=-107111.32, Lmax=-106021.62
11:32:27 [ultranest] [DEBUG] iteration=1244, ncalls=2514, regioncalls=84880, ndraw=40, logz=-107108.03, remainder_fraction=100.0000%, Lmin=-107096.79, Lmax=-106021.62
11:32:27 [ultranest] [DEBUG] iteration=1261, ncalls=2541, regioncalls=85960, ndraw=40, logz=-107072.34, remainder_fraction=100.0000%, Lmin=-107061.34, Lmax=-106021.62
11:32:27 [ultranest] [DEBUG] iteration=1279, ncalls=2567, regioncalls=87000, ndraw=40, logz=-107040.48, remainder_fraction=100.0000%, Lmin=-107030.50, Lmax=-106021.62
11:32:27 [ultranest] [DEBUG] iteration=1280, ncalls=2569, regioncalls=87080, ndraw=40, logz=-107039.49, remainder_fraction=100.0000%, Lmin=-107030.23, Lmax=-106021.62
11:32:27 [ultranest] [DEBUG] iteration=1297, ncalls=2594, regioncalls=88080, ndraw=40, logz=-107000.41, remainder_fraction=100.0000%, Lmin=-106990.85, Lmax=-106010.85
11:32:27 [ultranest] [DEBUG] iteration=1310, ncalls=2620, regioncalls=89120, ndraw=40, logz=-106964.16, remainder_fraction=100.0000%, Lmin=-106954.20, Lmax=-106010.85
11:32:27 [ultranest] [DEBUG] iteration=1320, ncalls=2641, regioncalls=89960, ndraw=40, logz=-106941.35, remainder_fraction=100.0000%, Lmin=-106931.37, Lmax=-106010.85
11:32:27 [ultranest] [DEBUG] iteration=1324, ncalls=2648, regioncalls=90280, ndraw=40, logz=-106937.59, remainder_fraction=100.0000%, Lmin=-106928.35, Lmax=-106010.85
11:32:28 [ultranest] [DEBUG] iteration=1337, ncalls=2674, regioncalls=91360, ndraw=40, logz=-106920.19, remainder_fraction=100.0000%, Lmin=-106908.70, Lmax=-106010.85
11:32:28 [ultranest] [DEBUG] iteration=1351, ncalls=2699, regioncalls=92360, ndraw=40, logz=-106897.06, remainder_fraction=100.0000%, Lmin=-106885.36, Lmax=-106010.85
11:32:28 [ultranest] [DEBUG] iteration=1360, ncalls=2712, regioncalls=92880, ndraw=40, logz=-106884.64, remainder_fraction=100.0000%, Lmin=-106872.60, Lmax=-106010.85
11:32:28 [ultranest] [DEBUG] iteration=1373, ncalls=2738, regioncalls=93920, ndraw=40, logz=-106861.17, remainder_fraction=100.0000%, Lmin=-106851.66, Lmax=-106010.85
11:32:28 [ultranest] [DEBUG] iteration=1386, ncalls=2764, regioncalls=94960, ndraw=40, logz=-106841.14, remainder_fraction=100.0000%, Lmin=-106831.26, Lmax=-106010.85
11:32:28 [ultranest] [DEBUG] iteration=1397, ncalls=2790, regioncalls=96000, ndraw=40, logz=-106830.16, remainder_fraction=100.0000%, Lmin=-106819.14, Lmax=-106010.85
11:32:28 [ultranest] [DEBUG] iteration=1400, ncalls=2796, regioncalls=96240, ndraw=40, logz=-106826.66, remainder_fraction=100.0000%, Lmin=-106817.18, Lmax=-106010.85
11:32:28 [ultranest] [DEBUG] iteration=1404, ncalls=2806, regioncalls=96680, ndraw=40, logz=-106821.59, remainder_fraction=100.0000%, Lmin=-106811.11, Lmax=-106010.85
11:32:28 [ultranest] [DEBUG] iteration=1417, ncalls=2831, regioncalls=97680, ndraw=40, logz=-106806.14, remainder_fraction=100.0000%, Lmin=-106796.11, Lmax=-106010.85
11:32:28 [ultranest] [DEBUG] iteration=1432, ncalls=2863, regioncalls=98960, ndraw=40, logz=-106786.42, remainder_fraction=100.0000%, Lmin=-106776.50, Lmax=-106010.85
11:32:28 [ultranest] [DEBUG] iteration=1440, ncalls=2871, regioncalls=99280, ndraw=40, logz=-106779.98, remainder_fraction=100.0000%, Lmin=-106770.05, Lmax=-106010.85
11:32:28 [ultranest] [DEBUG] iteration=1451, ncalls=2897, regioncalls=100320, ndraw=40, logz=-106764.88, remainder_fraction=100.0000%, Lmin=-106751.64, Lmax=-106010.85
11:32:29 [ultranest] [DEBUG] iteration=1466, ncalls=2922, regioncalls=101320, ndraw=40, logz=-106743.26, remainder_fraction=100.0000%, Lmin=-106732.10, Lmax=-106010.85
11:32:29 [ultranest] [DEBUG] iteration=1480, ncalls=2940, regioncalls=102040, ndraw=40, logz=-106713.42, remainder_fraction=100.0000%, Lmin=-106702.96, Lmax=-106010.85
11:32:29 [ultranest] [DEBUG] iteration=1484, ncalls=2948, regioncalls=102360, ndraw=40, logz=-106705.69, remainder_fraction=100.0000%, Lmin=-106689.15, Lmax=-106010.85
11:32:29 [ultranest] [DEBUG] iteration=1499, ncalls=2974, regioncalls=103440, ndraw=40, logz=-106673.36, remainder_fraction=100.0000%, Lmin=-106662.68, Lmax=-106010.85
11:32:29 [ultranest] [DEBUG] iteration=1516, ncalls=3000, regioncalls=104480, ndraw=40, logz=-106654.33, remainder_fraction=100.0000%, Lmin=-106641.96, Lmax=-106010.85
11:32:29 [ultranest] [DEBUG] iteration=1520, ncalls=3009, regioncalls=104840, ndraw=40, logz=-106647.87, remainder_fraction=100.0000%, Lmin=-106638.08, Lmax=-106010.85
11:32:29 [ultranest] [DEBUG] iteration=1534, ncalls=3034, regioncalls=105840, ndraw=40, logz=-106627.29, remainder_fraction=100.0000%, Lmin=-106617.87, Lmax=-106010.85
11:32:29 [ultranest] [DEBUG] iteration=1548, ncalls=3060, regioncalls=106880, ndraw=40, logz=-106613.34, remainder_fraction=100.0000%, Lmin=-106602.06, Lmax=-106010.85
11:32:29 [ultranest] [DEBUG] iteration=1560, ncalls=3081, regioncalls=107720, ndraw=40, logz=-106600.85, remainder_fraction=100.0000%, Lmin=-106590.46, Lmax=-106010.85
11:32:29 [ultranest] [DEBUG] iteration=1573, ncalls=3104, regioncalls=108640, ndraw=40, logz=-106592.15, remainder_fraction=100.0000%, Lmin=-106582.49, Lmax=-106010.85
11:32:29 [ultranest] [DEBUG] iteration=1586, ncalls=3131, regioncalls=109720, ndraw=40, logz=-106575.31, remainder_fraction=100.0000%, Lmin=-106564.32, Lmax=-106010.85
11:32:29 [ultranest] [DEBUG] iteration=1600, ncalls=3151, regioncalls=110520, ndraw=40, logz=-106564.05, remainder_fraction=100.0000%, Lmin=-106553.80, Lmax=-106010.85
11:32:30 [ultranest] [DEBUG] iteration=1616, ncalls=3178, regioncalls=111600, ndraw=40, logz=-106550.16, remainder_fraction=100.0000%, Lmin=-106539.48, Lmax=-106010.85
11:32:30 [ultranest] [DEBUG] iteration=1627, ncalls=3204, regioncalls=112640, ndraw=40, logz=-106538.82, remainder_fraction=100.0000%, Lmin=-106529.10, Lmax=-106010.85
11:32:30 [ultranest] [DEBUG] iteration=1640, ncalls=3229, regioncalls=113640, ndraw=40, logz=-106527.25, remainder_fraction=100.0000%, Lmin=-106516.12, Lmax=-106010.85
11:32:30 [ultranest] [DEBUG] iteration=1644, ncalls=3236, regioncalls=113920, ndraw=40, logz=-106523.28, remainder_fraction=100.0000%, Lmin=-106513.42, Lmax=-106010.85
11:32:30 [ultranest] [DEBUG] iteration=1662, ncalls=3260, regioncalls=114960, ndraw=40, logz=-106500.20, remainder_fraction=100.0000%, Lmin=-106487.97, Lmax=-106010.85
11:32:30 [ultranest] [DEBUG] iteration=1676, ncalls=3287, regioncalls=116040, ndraw=40, logz=-106489.09, remainder_fraction=100.0000%, Lmin=-106478.81, Lmax=-106010.85
11:32:30 [ultranest] [DEBUG] iteration=1680, ncalls=3292, regioncalls=116240, ndraw=40, logz=-106486.19, remainder_fraction=100.0000%, Lmin=-106475.81, Lmax=-106010.85
11:32:30 [ultranest] [DEBUG] iteration=1692, ncalls=3318, regioncalls=117280, ndraw=40, logz=-106472.85, remainder_fraction=100.0000%, Lmin=-106462.31, Lmax=-106010.85
11:32:30 [ultranest] [DEBUG] iteration=1706, ncalls=3343, regioncalls=118280, ndraw=40, logz=-106462.12, remainder_fraction=100.0000%, Lmin=-106452.22, Lmax=-106010.85
11:32:30 [ultranest] [DEBUG] iteration=1718, ncalls=3364, regioncalls=119120, ndraw=40, logz=-106456.97, remainder_fraction=100.0000%, Lmin=-106447.14, Lmax=-106010.85
11:32:30 [ultranest] [DEBUG] iteration=1720, ncalls=3367, regioncalls=119240, ndraw=40, logz=-106455.51, remainder_fraction=100.0000%, Lmin=-106445.01, Lmax=-106010.85
11:32:30 [ultranest] [DEBUG] iteration=1724, ncalls=3373, regioncalls=119560, ndraw=40, logz=-106452.43, remainder_fraction=100.0000%, Lmin=-106441.99, Lmax=-106010.85
11:32:30 [ultranest] [DEBUG] iteration=1740, ncalls=3398, regioncalls=120560, ndraw=40, logz=-106435.34, remainder_fraction=100.0000%, Lmin=-106423.95, Lmax=-106010.85
11:32:31 [ultranest] [DEBUG] iteration=1756, ncalls=3423, regioncalls=121560, ndraw=40, logz=-106418.87, remainder_fraction=100.0000%, Lmin=-106407.92, Lmax=-106009.62
11:32:31 [ultranest] [DEBUG] iteration=1760, ncalls=3428, regioncalls=121760, ndraw=40, logz=-106414.12, remainder_fraction=100.0000%, Lmin=-106403.38, Lmax=-106009.62
11:32:31 [ultranest] [DEBUG] iteration=1774, ncalls=3456, regioncalls=122880, ndraw=40, logz=-106401.67, remainder_fraction=100.0000%, Lmin=-106390.61, Lmax=-106009.62
11:32:31 [ultranest] [DEBUG] iteration=1781, ncalls=3484, regioncalls=124000, ndraw=40, logz=-106396.71, remainder_fraction=100.0000%, Lmin=-106386.30, Lmax=-106009.62
11:32:31 [ultranest] [DEBUG] iteration=1795, ncalls=3510, regioncalls=125040, ndraw=40, logz=-106387.07, remainder_fraction=100.0000%, Lmin=-106376.56, Lmax=-106009.62
11:32:31 [ultranest] [DEBUG] iteration=1800, ncalls=3523, regioncalls=125560, ndraw=40, logz=-106383.96, remainder_fraction=100.0000%, Lmin=-106373.40, Lmax=-106009.62
11:32:31 [ultranest] [DEBUG] iteration=1804, ncalls=3527, regioncalls=125760, ndraw=40, logz=-106381.16, remainder_fraction=100.0000%, Lmin=-106370.88, Lmax=-106009.62
11:32:31 [ultranest] [DEBUG] iteration=1824, ncalls=3552, regioncalls=126800, ndraw=40, logz=-106370.01, remainder_fraction=100.0000%, Lmin=-106358.98, Lmax=-106009.62
11:32:31 [ultranest] [DEBUG] iteration=1838, ncalls=3577, regioncalls=127800, ndraw=40, logz=-106359.25, remainder_fraction=100.0000%, Lmin=-106348.01, Lmax=-106009.62
11:32:31 [ultranest] [DEBUG] iteration=1840, ncalls=3581, regioncalls=127960, ndraw=40, logz=-106357.66, remainder_fraction=100.0000%, Lmin=-106346.76, Lmax=-106009.62
11:32:31 [ultranest] [DEBUG] iteration=1854, ncalls=3606, regioncalls=128960, ndraw=40, logz=-106349.47, remainder_fraction=100.0000%, Lmin=-106338.69, Lmax=-106009.62
11:32:31 [ultranest] [DEBUG] iteration=1872, ncalls=3631, regioncalls=129960, ndraw=40, logz=-106337.39, remainder_fraction=100.0000%, Lmin=-106325.54, Lmax=-106009.62
11:32:31 [ultranest] [DEBUG] iteration=1880, ncalls=3645, regioncalls=130520, ndraw=40, logz=-106331.77, remainder_fraction=100.0000%, Lmin=-106320.31, Lmax=-106009.62
11:32:32 [ultranest] [DEBUG] iteration=1884, ncalls=3652, regioncalls=130880, ndraw=40, logz=-106328.35, remainder_fraction=100.0000%, Lmin=-106317.94, Lmax=-106009.62
11:32:32 [ultranest] [DEBUG] iteration=1898, ncalls=3677, regioncalls=131880, ndraw=40, logz=-106319.03, remainder_fraction=100.0000%, Lmin=-106309.14, Lmax=-106009.62
11:32:32 [ultranest] [DEBUG] iteration=1916, ncalls=3703, regioncalls=132920, ndraw=40, logz=-106309.05, remainder_fraction=100.0000%, Lmin=-106297.47, Lmax=-106009.62
11:32:32 [ultranest] [DEBUG] iteration=1920, ncalls=3709, regioncalls=133160, ndraw=40, logz=-106305.48, remainder_fraction=100.0000%, Lmin=-106293.58, Lmax=-106009.62
11:32:32 [ultranest] [DEBUG] iteration=1934, ncalls=3734, regioncalls=134160, ndraw=40, logz=-106297.12, remainder_fraction=100.0000%, Lmin=-106286.35, Lmax=-106009.62
11:32:32 [ultranest] [DEBUG] iteration=1945, ncalls=3761, regioncalls=135240, ndraw=40, logz=-106289.00, remainder_fraction=100.0000%, Lmin=-106278.03, Lmax=-106009.62
11:32:32 [ultranest] [DEBUG] iteration=1956, ncalls=3787, regioncalls=136280, ndraw=40, logz=-106282.67, remainder_fraction=100.0000%, Lmin=-106272.04, Lmax=-106009.62
11:32:32 [ultranest] [DEBUG] iteration=1960, ncalls=3791, regioncalls=136440, ndraw=40, logz=-106281.29, remainder_fraction=100.0000%, Lmin=-106271.37, Lmax=-106009.62
11:32:32 [ultranest] [DEBUG] iteration=1964, ncalls=3802, regioncalls=136920, ndraw=40, logz=-106280.46, remainder_fraction=100.0000%, Lmin=-106270.56, Lmax=-106009.62
11:32:32 [ultranest] [DEBUG] iteration=1985, ncalls=3830, regioncalls=138040, ndraw=40, logz=-106274.72, remainder_fraction=100.0000%, Lmin=-106263.89, Lmax=-106009.62
11:32:32 [ultranest] [DEBUG] iteration=2000, ncalls=3853, regioncalls=138960, ndraw=40, logz=-106270.07, remainder_fraction=100.0000%, Lmin=-106259.73, Lmax=-106009.62
11:32:32 [ultranest] [DEBUG] iteration=2017, ncalls=3878, regioncalls=139960, ndraw=40, logz=-106263.30, remainder_fraction=100.0000%, Lmin=-106252.36, Lmax=-106009.62
11:32:33 [ultranest] [DEBUG] iteration=2034, ncalls=3903, regioncalls=140960, ndraw=40, logz=-106253.41, remainder_fraction=100.0000%, Lmin=-106242.82, Lmax=-106009.62
11:32:33 [ultranest] [DEBUG] iteration=2040, ncalls=3910, regioncalls=141240, ndraw=40, logz=-106250.10, remainder_fraction=100.0000%, Lmin=-106239.26, Lmax=-106009.62
11:32:33 [ultranest] [DEBUG] iteration=2044, ncalls=3916, regioncalls=141520, ndraw=40, logz=-106248.85, remainder_fraction=100.0000%, Lmin=-106238.61, Lmax=-106009.62
11:32:33 [ultranest] [DEBUG] iteration=2065, ncalls=3940, regioncalls=142480, ndraw=40, logz=-106236.57, remainder_fraction=100.0000%, Lmin=-106225.09, Lmax=-106009.62
11:32:33 [ultranest] [DEBUG] iteration=2080, ncalls=3960, regioncalls=143280, ndraw=40, logz=-106232.19, remainder_fraction=100.0000%, Lmin=-106220.56, Lmax=-106009.62
11:32:33 [ultranest] [DEBUG] iteration=2095, ncalls=3985, regioncalls=144280, ndraw=40, logz=-106226.55, remainder_fraction=100.0000%, Lmin=-106215.69, Lmax=-106009.62
11:32:33 [ultranest] [DEBUG] iteration=2111, ncalls=4010, regioncalls=145280, ndraw=40, logz=-106221.59, remainder_fraction=100.0000%, Lmin=-106210.92, Lmax=-106005.58
11:32:33 [ultranest] [DEBUG] iteration=2120, ncalls=4024, regioncalls=145840, ndraw=40, logz=-106217.71, remainder_fraction=100.0000%, Lmin=-106206.41, Lmax=-106005.58
11:32:33 [ultranest] [DEBUG] iteration=2135, ncalls=4047, regioncalls=146760, ndraw=40, logz=-106210.35, remainder_fraction=100.0000%, Lmin=-106199.52, Lmax=-106005.58
11:32:33 [ultranest] [DEBUG] iteration=2150, ncalls=4073, regioncalls=147800, ndraw=40, logz=-106204.04, remainder_fraction=100.0000%, Lmin=-106192.97, Lmax=-106005.58
11:32:33 [ultranest] [DEBUG] iteration=2160, ncalls=4093, regioncalls=148600, ndraw=40, logz=-106201.43, remainder_fraction=100.0000%, Lmin=-106190.91, Lmax=-106005.58
11:32:33 [ultranest] [DEBUG] iteration=2174, ncalls=4121, regioncalls=149720, ndraw=40, logz=-106197.02, remainder_fraction=100.0000%, Lmin=-106185.46, Lmax=-106005.58
11:32:34 [ultranest] [DEBUG] iteration=2187, ncalls=4147, regioncalls=150760, ndraw=40, logz=-106193.13, remainder_fraction=100.0000%, Lmin=-106182.60, Lmax=-106005.58
11:32:34 [ultranest] [DEBUG] iteration=2200, ncalls=4167, regioncalls=151560, ndraw=40, logz=-106187.84, remainder_fraction=100.0000%, Lmin=-106176.53, Lmax=-106005.58
11:32:34 [ultranest] [DEBUG] iteration=2204, ncalls=4175, regioncalls=151880, ndraw=40, logz=-106186.38, remainder_fraction=100.0000%, Lmin=-106173.42, Lmax=-106005.58
11:32:34 [ultranest] [DEBUG] iteration=2222, ncalls=4200, regioncalls=153040, ndraw=40, logz=-106179.81, remainder_fraction=100.0000%, Lmin=-106169.29, Lmax=-106005.58
11:32:34 [ultranest] [DEBUG] iteration=2238, ncalls=4225, regioncalls=154040, ndraw=40, logz=-106175.37, remainder_fraction=100.0000%, Lmin=-106164.45, Lmax=-106005.58
11:32:34 [ultranest] [DEBUG] iteration=2240, ncalls=4230, regioncalls=154240, ndraw=40, logz=-106174.90, remainder_fraction=100.0000%, Lmin=-106164.12, Lmax=-106005.58
11:32:34 [ultranest] [DEBUG] iteration=2255, ncalls=4256, regioncalls=155280, ndraw=40, logz=-106171.04, remainder_fraction=100.0000%, Lmin=-106160.14, Lmax=-106005.58
11:32:34 [ultranest] [DEBUG] iteration=2272, ncalls=4283, regioncalls=156360, ndraw=40, logz=-106168.21, remainder_fraction=100.0000%, Lmin=-106156.90, Lmax=-106005.58
11:32:34 [ultranest] [DEBUG] iteration=2280, ncalls=4299, regioncalls=157000, ndraw=40, logz=-106165.03, remainder_fraction=100.0000%, Lmin=-106153.44, Lmax=-106004.45
11:32:34 [ultranest] [DEBUG] iteration=2284, ncalls=4309, regioncalls=157440, ndraw=40, logz=-106163.87, remainder_fraction=100.0000%, Lmin=-106153.22, Lmax=-106004.45
11:32:34 [ultranest] [DEBUG] iteration=2301, ncalls=4334, regioncalls=158440, ndraw=40, logz=-106159.26, remainder_fraction=100.0000%, Lmin=-106147.84, Lmax=-106004.45
11:32:34 [ultranest] [DEBUG] iteration=2315, ncalls=4358, regioncalls=159400, ndraw=40, logz=-106155.24, remainder_fraction=100.0000%, Lmin=-106144.23, Lmax=-106004.45
11:32:34 [ultranest] [DEBUG] iteration=2320, ncalls=4367, regioncalls=159760, ndraw=40, logz=-106153.97, remainder_fraction=100.0000%, Lmin=-106142.98, Lmax=-106004.45
11:32:35 [ultranest] [DEBUG] iteration=2333, ncalls=4393, regioncalls=160800, ndraw=40, logz=-106150.95, remainder_fraction=100.0000%, Lmin=-106139.46, Lmax=-106004.45
11:32:35 [ultranest] [DEBUG] iteration=2349, ncalls=4418, regioncalls=161800, ndraw=40, logz=-106144.75, remainder_fraction=100.0000%, Lmin=-106133.54, Lmax=-106004.45
11:32:35 [ultranest] [DEBUG] iteration=2360, ncalls=4443, regioncalls=162800, ndraw=40, logz=-106142.52, remainder_fraction=100.0000%, Lmin=-106131.80, Lmax=-106004.45
11:32:35 [ultranest] [DEBUG] iteration=2364, ncalls=4449, regioncalls=163080, ndraw=40, logz=-106141.85, remainder_fraction=100.0000%, Lmin=-106130.96, Lmax=-106004.45
11:32:35 [ultranest] [DEBUG] iteration=2383, ncalls=4473, regioncalls=164040, ndraw=40, logz=-106137.79, remainder_fraction=100.0000%, Lmin=-106126.85, Lmax=-106004.45
11:32:35 [ultranest] [DEBUG] iteration=2398, ncalls=4499, regioncalls=165080, ndraw=40, logz=-106133.47, remainder_fraction=100.0000%, Lmin=-106122.07, Lmax=-106004.45
11:32:35 [ultranest] [DEBUG] iteration=2400, ncalls=4503, regioncalls=165240, ndraw=40, logz=-106132.87, remainder_fraction=100.0000%, Lmin=-106121.32, Lmax=-106004.45
11:32:35 [ultranest] [DEBUG] iteration=2418, ncalls=4530, regioncalls=166320, ndraw=40, logz=-106127.76, remainder_fraction=100.0000%, Lmin=-106116.17, Lmax=-106004.45
11:32:35 [ultranest] [DEBUG] iteration=2433, ncalls=4557, regioncalls=167400, ndraw=40, logz=-106124.46, remainder_fraction=100.0000%, Lmin=-106113.23, Lmax=-106004.45
11:32:35 [ultranest] [DEBUG] iteration=2440, ncalls=4572, regioncalls=168000, ndraw=40, logz=-106121.80, remainder_fraction=100.0000%, Lmin=-106110.28, Lmax=-106004.45
11:32:35 [ultranest] [DEBUG] iteration=2444, ncalls=4579, regioncalls=168320, ndraw=40, logz=-106120.81, remainder_fraction=100.0000%, Lmin=-106109.42, Lmax=-106004.45
11:32:35 [ultranest] [DEBUG] iteration=2459, ncalls=4604, regioncalls=169400, ndraw=40, logz=-106118.58, remainder_fraction=100.0000%, Lmin=-106108.02, Lmax=-106004.45
11:32:36 [ultranest] [DEBUG] iteration=2475, ncalls=4629, regioncalls=170400, ndraw=40, logz=-106115.46, remainder_fraction=100.0000%, Lmin=-106103.32, Lmax=-106004.45
11:32:36 [ultranest] [DEBUG] iteration=2480, ncalls=4639, regioncalls=170800, ndraw=40, logz=-106113.89, remainder_fraction=100.0000%, Lmin=-106102.27, Lmax=-106004.45
11:32:36 [ultranest] [DEBUG] iteration=2494, ncalls=4664, regioncalls=171800, ndraw=40, logz=-106110.90, remainder_fraction=100.0000%, Lmin=-106099.68, Lmax=-106004.45
11:32:36 [ultranest] [DEBUG] iteration=2506, ncalls=4690, regioncalls=172840, ndraw=40, logz=-106108.94, remainder_fraction=100.0000%, Lmin=-106097.93, Lmax=-106004.45
11:32:36 [ultranest] [DEBUG] iteration=2520, ncalls=4712, regioncalls=173720, ndraw=40, logz=-106106.78, remainder_fraction=100.0000%, Lmin=-106095.31, Lmax=-106004.45
11:32:36 [ultranest] [DEBUG] iteration=2524, ncalls=4717, regioncalls=173960, ndraw=40, logz=-106105.86, remainder_fraction=100.0000%, Lmin=-106094.29, Lmax=-106004.45
11:32:36 [ultranest] [DEBUG] iteration=2541, ncalls=4742, regioncalls=174960, ndraw=40, logz=-106102.22, remainder_fraction=100.0000%, Lmin=-106090.73, Lmax=-106004.45
11:32:36 [ultranest] [DEBUG] iteration=2558, ncalls=4767, regioncalls=175960, ndraw=40, logz=-106099.08, remainder_fraction=100.0000%, Lmin=-106087.84, Lmax=-106004.45
11:32:36 [ultranest] [DEBUG] iteration=2560, ncalls=4772, regioncalls=176160, ndraw=40, logz=-106098.79, remainder_fraction=100.0000%, Lmin=-106087.78, Lmax=-106004.45
11:32:36 [ultranest] [DEBUG] iteration=2575, ncalls=4797, regioncalls=177160, ndraw=40, logz=-106096.92, remainder_fraction=100.0000%, Lmin=-106085.34, Lmax=-106004.45
11:32:36 [ultranest] [DEBUG] iteration=2592, ncalls=4822, regioncalls=178160, ndraw=40, logz=-106093.92, remainder_fraction=100.0000%, Lmin=-106082.72, Lmax=-106004.45
11:32:36 [ultranest] [DEBUG] iteration=2600, ncalls=4838, regioncalls=178800, ndraw=40, logz=-106092.08, remainder_fraction=100.0000%, Lmin=-106080.40, Lmax=-106004.45
11:32:37 [ultranest] [DEBUG] iteration=2618, ncalls=4860, regioncalls=179680, ndraw=40, logz=-106089.24, remainder_fraction=100.0000%, Lmin=-106077.87, Lmax=-106004.45
11:32:37 [ultranest] [DEBUG] iteration=2631, ncalls=4886, regioncalls=180720, ndraw=40, logz=-106086.91, remainder_fraction=100.0000%, Lmin=-106075.49, Lmax=-106004.45
11:32:37 [ultranest] [DEBUG] iteration=2640, ncalls=4906, regioncalls=181520, ndraw=40, logz=-106085.58, remainder_fraction=100.0000%, Lmin=-106073.88, Lmax=-106004.45
11:32:37 [ultranest] [DEBUG] iteration=2653, ncalls=4933, regioncalls=182600, ndraw=40, logz=-106083.65, remainder_fraction=100.0000%, Lmin=-106072.04, Lmax=-106004.45
11:32:37 [ultranest] [DEBUG] iteration=2666, ncalls=4959, regioncalls=183640, ndraw=40, logz=-106081.95, remainder_fraction=100.0000%, Lmin=-106070.76, Lmax=-106004.45
11:32:37 [ultranest] [DEBUG] iteration=2676, ncalls=4987, regioncalls=184760, ndraw=40, logz=-106080.82, remainder_fraction=100.0000%, Lmin=-106069.65, Lmax=-106004.45
11:32:37 [ultranest] [DEBUG] iteration=2680, ncalls=4993, regioncalls=185000, ndraw=40, logz=-106080.43, remainder_fraction=100.0000%, Lmin=-106069.12, Lmax=-106004.45
11:32:37 [ultranest] [DEBUG] iteration=2684, ncalls=4999, regioncalls=185400, ndraw=40, logz=-106079.88, remainder_fraction=100.0000%, Lmin=-106068.34, Lmax=-106004.45
11:32:37 [ultranest] [DEBUG] iteration=2704, ncalls=5023, regioncalls=186360, ndraw=40, logz=-106077.59, remainder_fraction=100.0000%, Lmin=-106066.44, Lmax=-106004.45
11:32:37 [ultranest] [DEBUG] iteration=2720, ncalls=5043, regioncalls=187160, ndraw=40, logz=-106075.94, remainder_fraction=100.0000%, Lmin=-106064.24, Lmax=-106004.45
11:32:37 [ultranest] [DEBUG] iteration=2738, ncalls=5068, regioncalls=188160, ndraw=40, logz=-106073.91, remainder_fraction=100.0000%, Lmin=-106062.34, Lmax=-106004.45
11:32:37 [ultranest] [DEBUG] iteration=2756, ncalls=5095, regioncalls=189240, ndraw=40, logz=-106071.96, remainder_fraction=100.0000%, Lmin=-106060.34, Lmax=-106004.45
11:32:38 [ultranest] [DEBUG] iteration=2760, ncalls=5103, regioncalls=189560, ndraw=40, logz=-106071.50, remainder_fraction=100.0000%, Lmin=-106060.00, Lmax=-106004.45
11:32:38 [ultranest] [DEBUG] iteration=2764, ncalls=5108, regioncalls=189800, ndraw=40, logz=-106071.09, remainder_fraction=100.0000%, Lmin=-106059.84, Lmax=-106004.45
11:32:38 [ultranest] [DEBUG] iteration=2784, ncalls=5132, regioncalls=190760, ndraw=40, logz=-106068.81, remainder_fraction=100.0000%, Lmin=-106057.43, Lmax=-106004.45
11:32:38 [ultranest] [DEBUG] iteration=2800, ncalls=5153, regioncalls=191600, ndraw=40, logz=-106067.00, remainder_fraction=100.0000%, Lmin=-106055.53, Lmax=-106004.45
11:32:38 [ultranest] [DEBUG] iteration=2818, ncalls=5178, regioncalls=192600, ndraw=40, logz=-106065.39, remainder_fraction=100.0000%, Lmin=-106054.17, Lmax=-106004.45
11:32:38 [ultranest] [DEBUG] iteration=2835, ncalls=5204, regioncalls=193640, ndraw=40, logz=-106064.07, remainder_fraction=100.0000%, Lmin=-106052.82, Lmax=-106004.45
11:32:38 [ultranest] [DEBUG] iteration=2840, ncalls=5215, regioncalls=194080, ndraw=40, logz=-106063.72, remainder_fraction=100.0000%, Lmin=-106052.22, Lmax=-106004.45
11:32:38 [ultranest] [DEBUG] iteration=2844, ncalls=5221, regioncalls=194320, ndraw=40, logz=-106063.32, remainder_fraction=100.0000%, Lmin=-106051.73, Lmax=-106004.45
11:32:38 [ultranest] [DEBUG] iteration=2863, ncalls=5245, regioncalls=195400, ndraw=40, logz=-106061.44, remainder_fraction=100.0000%, Lmin=-106049.85, Lmax=-106004.45
11:32:38 [ultranest] [DEBUG] iteration=2880, ncalls=5266, regioncalls=196240, ndraw=40, logz=-106059.68, remainder_fraction=100.0000%, Lmin=-106048.14, Lmax=-106004.45
11:32:38 [ultranest] [DEBUG] iteration=2897, ncalls=5291, regioncalls=197240, ndraw=40, logz=-106058.33, remainder_fraction=100.0000%, Lmin=-106046.84, Lmax=-106004.45
11:32:38 [ultranest] [DEBUG] iteration=2911, ncalls=5317, regioncalls=198280, ndraw=40, logz=-106057.18, remainder_fraction=100.0000%, Lmin=-106045.70, Lmax=-106004.45
11:32:38 [ultranest] [DEBUG] iteration=2920, ncalls=5330, regioncalls=198800, ndraw=40, logz=-106056.49, remainder_fraction=100.0000%, Lmin=-106045.10, Lmax=-106004.45
11:32:39 [ultranest] [DEBUG] iteration=2935, ncalls=5353, regioncalls=199720, ndraw=40, logz=-106055.42, remainder_fraction=100.0000%, Lmin=-106043.99, Lmax=-106004.45
11:32:39 [ultranest] [DEBUG] iteration=2951, ncalls=5378, regioncalls=200720, ndraw=40, logz=-106054.18, remainder_fraction=100.0000%, Lmin=-106042.43, Lmax=-106004.45
11:32:39 [ultranest] [DEBUG] iteration=2960, ncalls=5402, regioncalls=201680, ndraw=40, logz=-106053.41, remainder_fraction=100.0000%, Lmin=-106041.65, Lmax=-106004.45
11:32:39 [ultranest] [DEBUG] iteration=2970, ncalls=5428, regioncalls=202720, ndraw=40, logz=-106052.63, remainder_fraction=100.0000%, Lmin=-106041.02, Lmax=-106004.33
11:32:39 [ultranest] [DEBUG] iteration=2983, ncalls=5456, regioncalls=203840, ndraw=40, logz=-106051.56, remainder_fraction=100.0000%, Lmin=-106039.80, Lmax=-106004.33
11:32:39 [ultranest] [DEBUG] iteration=2997, ncalls=5482, regioncalls=204880, ndraw=40, logz=-106050.56, remainder_fraction=100.0000%, Lmin=-106039.01, Lmax=-106004.33
11:32:39 [ultranest] [DEBUG] iteration=3000, ncalls=5495, regioncalls=205400, ndraw=40, logz=-106050.37, remainder_fraction=100.0000%, Lmin=-106038.84, Lmax=-106004.33
11:32:39 [ultranest] [DEBUG] iteration=3004, ncalls=5502, regioncalls=205720, ndraw=40, logz=-106050.13, remainder_fraction=100.0000%, Lmin=-106038.64, Lmax=-106004.33
11:32:39 [ultranest] [DEBUG] iteration=3019, ncalls=5527, regioncalls=206920, ndraw=40, logz=-106049.27, remainder_fraction=100.0000%, Lmin=-106037.82, Lmax=-106004.33
11:32:39 [ultranest] [DEBUG] iteration=3038, ncalls=5551, regioncalls=207880, ndraw=40, logz=-106048.37, remainder_fraction=100.0000%, Lmin=-106036.92, Lmax=-106004.33
11:32:39 [ultranest] [DEBUG] iteration=3040, ncalls=5554, regioncalls=208000, ndraw=40, logz=-106048.26, remainder_fraction=100.0000%, Lmin=-106036.72, Lmax=-106004.33
11:32:39 [ultranest] [DEBUG] iteration=3055, ncalls=5580, regioncalls=209040, ndraw=40, logz=-106047.16, remainder_fraction=100.0000%, Lmin=-106035.13, Lmax=-106004.33
11:32:40 [ultranest] [DEBUG] iteration=3069, ncalls=5606, regioncalls=210080, ndraw=40, logz=-106046.18, remainder_fraction=100.0000%, Lmin=-106034.27, Lmax=-106004.33
11:32:40 [ultranest] [DEBUG] iteration=3080, ncalls=5629, regioncalls=211000, ndraw=40, logz=-106045.42, remainder_fraction=100.0000%, Lmin=-106033.43, Lmax=-106004.33
11:32:40 [ultranest] [DEBUG] iteration=3084, ncalls=5635, regioncalls=211320, ndraw=40, logz=-106045.13, remainder_fraction=100.0000%, Lmin=-106033.24, Lmax=-106004.33
11:32:40 [ultranest] [DEBUG] iteration=3101, ncalls=5661, regioncalls=212360, ndraw=40, logz=-106044.02, remainder_fraction=100.0000%, Lmin=-106032.17, Lmax=-106004.33
11:32:40 [ultranest] [DEBUG] iteration=3117, ncalls=5688, regioncalls=213440, ndraw=40, logz=-106043.10, remainder_fraction=100.0000%, Lmin=-106031.42, Lmax=-106004.33
11:32:40 [ultranest] [DEBUG] iteration=3120, ncalls=5692, regioncalls=213600, ndraw=40, logz=-106042.95, remainder_fraction=100.0000%, Lmin=-106031.38, Lmax=-106004.33
11:32:40 [ultranest] [DEBUG] iteration=3137, ncalls=5718, regioncalls=214640, ndraw=40, logz=-106042.15, remainder_fraction=100.0000%, Lmin=-106030.57, Lmax=-106004.33
11:32:40 [ultranest] [DEBUG] iteration=3152, ncalls=5743, regioncalls=215640, ndraw=40, logz=-106041.48, remainder_fraction=100.0000%, Lmin=-106029.79, Lmax=-106004.33
11:32:40 [ultranest] [DEBUG] iteration=3160, ncalls=5755, regioncalls=216120, ndraw=40, logz=-106041.10, remainder_fraction=100.0000%, Lmin=-106029.34, Lmax=-106004.33
11:32:40 [ultranest] [DEBUG] iteration=3164, ncalls=5762, regioncalls=216440, ndraw=40, logz=-106040.91, remainder_fraction=100.0000%, Lmin=-106029.29, Lmax=-106004.33
11:32:40 [ultranest] [DEBUG] iteration=3177, ncalls=5787, regioncalls=217480, ndraw=40, logz=-106040.32, remainder_fraction=100.0000%, Lmin=-106028.48, Lmax=-106004.33
11:32:40 [ultranest] [DEBUG] iteration=3192, ncalls=5814, regioncalls=218560, ndraw=40, logz=-106039.56, remainder_fraction=100.0000%, Lmin=-106027.71, Lmax=-106004.33
11:32:40 [ultranest] [DEBUG] iteration=3200, ncalls=5827, regioncalls=219080, ndraw=40, logz=-106039.18, remainder_fraction=100.0000%, Lmin=-106027.51, Lmax=-106004.33
11:32:41 [ultranest] [DEBUG] iteration=3214, ncalls=5853, regioncalls=220120, ndraw=40, logz=-106038.67, remainder_fraction=100.0000%, Lmin=-106027.12, Lmax=-106004.33
11:32:41 [ultranest] [DEBUG] iteration=3229, ncalls=5880, regioncalls=221200, ndraw=40, logz=-106038.09, remainder_fraction=100.0000%, Lmin=-106026.17, Lmax=-106004.33
11:32:41 [ultranest] [DEBUG] iteration=3240, ncalls=5909, regioncalls=222360, ndraw=40, logz=-106037.60, remainder_fraction=100.0000%, Lmin=-106025.79, Lmax=-106004.33
11:32:41 [ultranest] [DEBUG] iteration=3244, ncalls=5914, regioncalls=222600, ndraw=40, logz=-106037.44, remainder_fraction=100.0000%, Lmin=-106025.64, Lmax=-106004.33
11:32:41 [ultranest] [DEBUG] iteration=3262, ncalls=5939, regioncalls=223600, ndraw=40, logz=-106036.76, remainder_fraction=100.0000%, Lmin=-106025.06, Lmax=-106004.33
11:32:41 [ultranest] [DEBUG] iteration=3280, ncalls=5964, regioncalls=224600, ndraw=40, logz=-106036.15, remainder_fraction=100.0000%, Lmin=-106024.13, Lmax=-106004.33
11:32:41 [ultranest] [DEBUG] iteration=3298, ncalls=5989, regioncalls=225600, ndraw=40, logz=-106035.38, remainder_fraction=100.0000%, Lmin=-106023.54, Lmax=-106004.33
11:32:41 [ultranest] [DEBUG] iteration=3316, ncalls=6015, regioncalls=226640, ndraw=40, logz=-106034.76, remainder_fraction=100.0000%, Lmin=-106023.06, Lmax=-106004.33
11:32:41 [ultranest] [DEBUG] iteration=3320, ncalls=6026, regioncalls=227080, ndraw=40, logz=-106034.64, remainder_fraction=100.0000%, Lmin=-106022.89, Lmax=-106004.33
11:32:41 [ultranest] [DEBUG] iteration=3333, ncalls=6051, regioncalls=228080, ndraw=40, logz=-106034.20, remainder_fraction=100.0000%, Lmin=-106022.20, Lmax=-106004.33
11:32:42 [ultranest] [DEBUG] iteration=3350, ncalls=6076, regioncalls=229080, ndraw=40, logz=-106033.61, remainder_fraction=100.0000%, Lmin=-106021.80, Lmax=-106004.33
11:32:42 [ultranest] [DEBUG] iteration=3360, ncalls=6094, regioncalls=229800, ndraw=40, logz=-106033.29, remainder_fraction=100.0000%, Lmin=-106021.46, Lmax=-106004.33
11:32:42 [ultranest] [DEBUG] iteration=3376, ncalls=6119, regioncalls=230800, ndraw=40, logz=-106032.81, remainder_fraction=100.0000%, Lmin=-106021.02, Lmax=-106004.33
11:32:42 [ultranest] [DEBUG] iteration=3392, ncalls=6146, regioncalls=231880, ndraw=40, logz=-106032.36, remainder_fraction=100.0000%, Lmin=-106020.62, Lmax=-106004.33
11:32:42 [ultranest] [DEBUG] iteration=3400, ncalls=6159, regioncalls=232400, ndraw=40, logz=-106032.17, remainder_fraction=100.0000%, Lmin=-106020.45, Lmax=-106004.33
11:32:42 [ultranest] [DEBUG] iteration=3411, ncalls=6183, regioncalls=233360, ndraw=40, logz=-106031.87, remainder_fraction=99.9999%, Lmin=-106019.96, Lmax=-106004.33
11:32:42 [ultranest] [DEBUG] iteration=3421, ncalls=6211, regioncalls=234480, ndraw=40, logz=-106031.59, remainder_fraction=99.9999%, Lmin=-106019.67, Lmax=-106004.33
11:32:42 [ultranest] [DEBUG] iteration=3432, ncalls=6237, regioncalls=235520, ndraw=40, logz=-106031.28, remainder_fraction=99.9999%, Lmin=-106019.29, Lmax=-106004.33
11:32:42 [ultranest] [DEBUG] iteration=3440, ncalls=6258, regioncalls=236360, ndraw=40, logz=-106031.05, remainder_fraction=99.9999%, Lmin=-106019.08, Lmax=-106004.33
11:32:42 [ultranest] [DEBUG] iteration=3452, ncalls=6285, regioncalls=237440, ndraw=40, logz=-106030.72, remainder_fraction=99.9998%, Lmin=-106018.78, Lmax=-106004.33
11:32:42 [ultranest] [DEBUG] iteration=3464, ncalls=6311, regioncalls=238480, ndraw=40, logz=-106030.40, remainder_fraction=99.9997%, Lmin=-106018.49, Lmax=-106004.33
11:32:43 [ultranest] [DEBUG] iteration=3475, ncalls=6337, regioncalls=239520, ndraw=40, logz=-106030.15, remainder_fraction=99.9996%, Lmin=-106018.24, Lmax=-106004.33
11:32:43 [ultranest] [DEBUG] iteration=3480, ncalls=6350, regioncalls=240040, ndraw=40, logz=-106030.03, remainder_fraction=99.9996%, Lmin=-106018.12, Lmax=-106004.33
11:32:43 [ultranest] [DEBUG] iteration=3484, ncalls=6356, regioncalls=240440, ndraw=40, logz=-106029.93, remainder_fraction=99.9996%, Lmin=-106017.98, Lmax=-106004.33
11:32:43 [ultranest] [DEBUG] iteration=3502, ncalls=6381, regioncalls=241520, ndraw=40, logz=-106029.49, remainder_fraction=99.9993%, Lmin=-106017.53, Lmax=-106004.33
11:32:43 [ultranest] [DEBUG] iteration=3519, ncalls=6406, regioncalls=242520, ndraw=40, logz=-106029.07, remainder_fraction=99.9990%, Lmin=-106016.98, Lmax=-106004.33
11:32:43 [ultranest] [DEBUG] iteration=3520, ncalls=6408, regioncalls=242600, ndraw=40, logz=-106029.05, remainder_fraction=99.9989%, Lmin=-106016.98, Lmax=-106004.33
11:32:43 [ultranest] [DEBUG] iteration=3537, ncalls=6435, regioncalls=243680, ndraw=40, logz=-106028.64, remainder_fraction=99.9984%, Lmin=-106016.51, Lmax=-106004.33
11:32:43 [ultranest] [DEBUG] iteration=3551, ncalls=6464, regioncalls=244840, ndraw=40, logz=-106028.32, remainder_fraction=99.9978%, Lmin=-106016.29, Lmax=-106004.33
11:32:43 [ultranest] [DEBUG] iteration=3560, ncalls=6483, regioncalls=245600, ndraw=40, logz=-106028.13, remainder_fraction=99.9973%, Lmin=-106016.16, Lmax=-106004.33
11:32:43 [ultranest] [DEBUG] iteration=3564, ncalls=6488, regioncalls=245840, ndraw=40, logz=-106028.05, remainder_fraction=99.9971%, Lmin=-106016.01, Lmax=-106004.33
11:32:43 [ultranest] [DEBUG] iteration=3580, ncalls=6512, regioncalls=246800, ndraw=40, logz=-106027.73, remainder_fraction=99.9960%, Lmin=-106015.73, Lmax=-106004.33
11:32:43 [ultranest] [DEBUG] iteration=3596, ncalls=6536, regioncalls=247760, ndraw=40, logz=-106027.41, remainder_fraction=99.9942%, Lmin=-106015.39, Lmax=-106004.33
11:32:43 [ultranest] [DEBUG] iteration=3600, ncalls=6540, regioncalls=247920, ndraw=40, logz=-106027.33, remainder_fraction=99.9938%, Lmin=-106015.36, Lmax=-106004.33
11:32:43 [ultranest] [DEBUG] iteration=3615, ncalls=6566, regioncalls=249040, ndraw=40, logz=-106027.06, remainder_fraction=99.9916%, Lmin=-106015.00, Lmax=-106004.33
11:32:44 [ultranest] [DEBUG] iteration=3630, ncalls=6592, regioncalls=250080, ndraw=40, logz=-106026.79, remainder_fraction=99.9884%, Lmin=-106014.73, Lmax=-106004.33
11:32:44 [ultranest] [DEBUG] iteration=3639, ncalls=6619, regioncalls=251160, ndraw=40, logz=-106026.63, remainder_fraction=99.9863%, Lmin=-106014.58, Lmax=-106004.33
11:32:44 [ultranest] [DEBUG] iteration=3640, ncalls=6620, regioncalls=251200, ndraw=40, logz=-106026.61, remainder_fraction=99.9861%, Lmin=-106014.57, Lmax=-106004.33
11:32:44 [ultranest] [DEBUG] iteration=3654, ncalls=6644, regioncalls=252160, ndraw=40, logz=-106026.38, remainder_fraction=99.9822%, Lmin=-106014.38, Lmax=-106004.33
11:32:44 [ultranest] [DEBUG] iteration=3670, ncalls=6671, regioncalls=253240, ndraw=40, logz=-106026.13, remainder_fraction=99.9769%, Lmin=-106014.10, Lmax=-106004.33
11:32:44 [ultranest] [DEBUG] iteration=3680, ncalls=6688, regioncalls=253920, ndraw=40, logz=-106025.97, remainder_fraction=99.9744%, Lmin=-106013.89, Lmax=-106004.29
11:32:44 [ultranest] [DEBUG] iteration=3695, ncalls=6714, regioncalls=254960, ndraw=40, logz=-106025.74, remainder_fraction=99.9681%, Lmin=-106013.70, Lmax=-106004.29
11:32:44 [ultranest] [DEBUG] iteration=3706, ncalls=6740, regioncalls=256000, ndraw=40, logz=-106025.59, remainder_fraction=99.9620%, Lmin=-106013.61, Lmax=-106004.29
11:32:44 [ultranest] [DEBUG] iteration=3720, ncalls=6765, regioncalls=257000, ndraw=40, logz=-106025.39, remainder_fraction=99.9533%, Lmin=-106013.36, Lmax=-106004.29
11:32:44 [ultranest] [DEBUG] iteration=3724, ncalls=6777, regioncalls=257520, ndraw=40, logz=-106025.33, remainder_fraction=99.9507%, Lmin=-106013.25, Lmax=-106004.29
11:32:44 [ultranest] [DEBUG] iteration=3741, ncalls=6802, regioncalls=258520, ndraw=40, logz=-106025.09, remainder_fraction=99.9399%, Lmin=-106012.95, Lmax=-106004.29
11:32:45 [ultranest] [DEBUG] iteration=3760, ncalls=6827, regioncalls=259520, ndraw=40, logz=-106024.82, remainder_fraction=99.9231%, Lmin=-106012.63, Lmax=-106004.29
11:32:45 [ultranest] [DEBUG] iteration=3775, ncalls=6853, regioncalls=260560, ndraw=40, logz=-106024.61, remainder_fraction=99.9042%, Lmin=-106012.29, Lmax=-106004.29
11:32:45 [ultranest] [DEBUG] iteration=3790, ncalls=6878, regioncalls=261560, ndraw=40, logz=-106024.38, remainder_fraction=99.8798%, Lmin=-106012.13, Lmax=-106004.29
11:32:45 [ultranest] [DEBUG] iteration=3800, ncalls=6892, regioncalls=262120, ndraw=40, logz=-106024.24, remainder_fraction=99.8581%, Lmin=-106011.98, Lmax=-106004.29
11:32:45 [ultranest] [DEBUG] iteration=3804, ncalls=6897, regioncalls=262440, ndraw=40, logz=-106024.19, remainder_fraction=99.8486%, Lmin=-106011.91, Lmax=-106004.29
11:32:45 [ultranest] [DEBUG] iteration=3817, ncalls=6924, regioncalls=263560, ndraw=40, logz=-106024.01, remainder_fraction=99.8168%, Lmin=-106011.72, Lmax=-106004.29
11:32:45 [ultranest] [DEBUG] iteration=3834, ncalls=6952, regioncalls=264680, ndraw=40, logz=-106023.78, remainder_fraction=99.7709%, Lmin=-106011.45, Lmax=-106004.29
11:32:45 [ultranest] [DEBUG] iteration=3840, ncalls=6965, regioncalls=265200, ndraw=40, logz=-106023.70, remainder_fraction=99.7484%, Lmin=-106011.36, Lmax=-106004.29
11:32:45 [ultranest] [DEBUG] iteration=3855, ncalls=6990, regioncalls=266200, ndraw=40, logz=-106023.51, remainder_fraction=99.6974%, Lmin=-106011.12, Lmax=-106004.29
11:32:45 [ultranest] [DEBUG] iteration=3873, ncalls=7016, regioncalls=267240, ndraw=40, logz=-106023.27, remainder_fraction=99.6264%, Lmin=-106010.88, Lmax=-106004.29
11:32:45 [ultranest] [DEBUG] iteration=3880, ncalls=7026, regioncalls=267640, ndraw=40, logz=-106023.18, remainder_fraction=99.5862%, Lmin=-106010.84, Lmax=-106004.29
11:32:45 [ultranest] [DEBUG] iteration=3884, ncalls=7033, regioncalls=267960, ndraw=40, logz=-106023.14, remainder_fraction=99.5623%, Lmin=-106010.77, Lmax=-106004.29
11:32:46 [ultranest] [DEBUG] iteration=3897, ncalls=7060, regioncalls=269120, ndraw=40, logz=-106022.98, remainder_fraction=99.4781%, Lmin=-106010.62, Lmax=-106004.29
11:32:46 [ultranest] [DEBUG] iteration=3910, ncalls=7087, regioncalls=270200, ndraw=40, logz=-106022.84, remainder_fraction=99.3940%, Lmin=-106010.46, Lmax=-106004.29
11:32:46 [ultranest] [DEBUG] iteration=3920, ncalls=7100, regioncalls=270720, ndraw=40, logz=-106022.72, remainder_fraction=99.3320%, Lmin=-106010.34, Lmax=-106004.29
11:32:46 [ultranest] [DEBUG] iteration=3938, ncalls=7125, regioncalls=271720, ndraw=40, logz=-106022.53, remainder_fraction=99.1905%, Lmin=-106010.11, Lmax=-106004.29
11:32:46 [ultranest] [DEBUG] iteration=3953, ncalls=7151, regioncalls=272760, ndraw=40, logz=-106022.37, remainder_fraction=99.0514%, Lmin=-106009.94, Lmax=-106004.29
11:32:46 [ultranest] [DEBUG] iteration=3960, ncalls=7161, regioncalls=273160, ndraw=40, logz=-106022.30, remainder_fraction=98.9746%, Lmin=-106009.88, Lmax=-106004.29
11:32:46 [ultranest] [DEBUG] iteration=3964, ncalls=7170, regioncalls=273600, ndraw=40, logz=-106022.26, remainder_fraction=98.9244%, Lmin=-106009.83, Lmax=-106004.29
11:32:46 [ultranest] [DEBUG] iteration=3981, ncalls=7195, regioncalls=274600, ndraw=40, logz=-106022.10, remainder_fraction=98.7339%, Lmin=-106009.76, Lmax=-106004.29
11:32:46 [ultranest] [DEBUG] iteration=4000, ncalls=7219, regioncalls=275640, ndraw=40, logz=-106021.93, remainder_fraction=98.5253%, Lmin=-106009.50, Lmax=-106004.29
11:32:46 [ultranest] [DEBUG] iteration=4018, ncalls=7245, regioncalls=276680, ndraw=40, logz=-106021.76, remainder_fraction=98.2423%, Lmin=-106009.29, Lmax=-106004.29
11:32:46 [ultranest] [DEBUG] iteration=4032, ncalls=7271, regioncalls=277720, ndraw=40, logz=-106021.64, remainder_fraction=97.9630%, Lmin=-106009.17, Lmax=-106004.29
11:32:46 [ultranest] [DEBUG] iteration=4040, ncalls=7283, regioncalls=278200, ndraw=40, logz=-106021.57, remainder_fraction=97.7955%, Lmin=-106009.10, Lmax=-106004.29
11:32:47 [ultranest] [DEBUG] iteration=4052, ncalls=7308, regioncalls=279200, ndraw=40, logz=-106021.46, remainder_fraction=97.5486%, Lmin=-106009.00, Lmax=-106004.29
11:32:47 [ultranest] [DEBUG] iteration=4067, ncalls=7336, regioncalls=280320, ndraw=40, logz=-106021.34, remainder_fraction=97.2353%, Lmin=-106008.79, Lmax=-106004.29
11:32:47 [ultranest] [DEBUG] iteration=4080, ncalls=7363, regioncalls=281400, ndraw=40, logz=-106021.23, remainder_fraction=97.0157%, Lmin=-106008.71, Lmax=-106004.29
11:32:47 [ultranest] [DEBUG] iteration=4095, ncalls=7389, regioncalls=282440, ndraw=40, logz=-106021.11, remainder_fraction=96.7093%, Lmin=-106008.59, Lmax=-106004.28
11:32:47 [ultranest] [DEBUG] iteration=4111, ncalls=7418, regioncalls=283600, ndraw=40, logz=-106020.99, remainder_fraction=96.3021%, Lmin=-106008.48, Lmax=-106004.28
11:32:47 [ultranest] [DEBUG] iteration=4120, ncalls=7444, regioncalls=284640, ndraw=40, logz=-106020.92, remainder_fraction=96.0127%, Lmin=-106008.40, Lmax=-106004.28
11:32:47 [ultranest] [DEBUG] iteration=4124, ncalls=7452, regioncalls=285000, ndraw=40, logz=-106020.90, remainder_fraction=95.9010%, Lmin=-106008.37, Lmax=-106004.28
11:32:47 [ultranest] [DEBUG] iteration=4141, ncalls=7480, regioncalls=286120, ndraw=40, logz=-106020.77, remainder_fraction=95.3075%, Lmin=-106008.23, Lmax=-106004.28
11:32:47 [ultranest] [DEBUG] iteration=4157, ncalls=7506, regioncalls=287160, ndraw=40, logz=-106020.66, remainder_fraction=94.8949%, Lmin=-106008.12, Lmax=-106004.28
11:32:47 [ultranest] [DEBUG] iteration=4160, ncalls=7511, regioncalls=287360, ndraw=40, logz=-106020.64, remainder_fraction=94.7838%, Lmin=-106008.09, Lmax=-106004.28
11:32:47 [ultranest] [DEBUG] iteration=4177, ncalls=7537, regioncalls=288400, ndraw=40, logz=-106020.53, remainder_fraction=94.2583%, Lmin=-106007.97, Lmax=-106004.28
11:32:48 [ultranest] [DEBUG] iteration=4190, ncalls=7567, regioncalls=289600, ndraw=40, logz=-106020.45, remainder_fraction=93.6986%, Lmin=-106007.86, Lmax=-106004.28
11:32:48 [ultranest] [DEBUG] iteration=4200, ncalls=7581, regioncalls=290160, ndraw=40, logz=-106020.39, remainder_fraction=93.2520%, Lmin=-106007.80, Lmax=-106004.28
11:32:48 [ultranest] [DEBUG] iteration=4204, ncalls=7585, regioncalls=290400, ndraw=40, logz=-106020.36, remainder_fraction=93.0727%, Lmin=-106007.78, Lmax=-106004.28
11:32:48 [ultranest] [DEBUG] iteration=4217, ncalls=7612, regioncalls=291480, ndraw=40, logz=-106020.28, remainder_fraction=92.6444%, Lmin=-106007.71, Lmax=-106004.28
11:32:48 [ultranest] [DEBUG] iteration=4236, ncalls=7640, regioncalls=292600, ndraw=40, logz=-106020.18, remainder_fraction=91.8353%, Lmin=-106007.61, Lmax=-106004.28
11:32:48 [ultranest] [DEBUG] iteration=4240, ncalls=7650, regioncalls=293000, ndraw=40, logz=-106020.15, remainder_fraction=91.6479%, Lmin=-106007.60, Lmax=-106004.28
11:32:48 [ultranest] [DEBUG] iteration=4256, ncalls=7676, regioncalls=294040, ndraw=40, logz=-106020.07, remainder_fraction=90.7721%, Lmin=-106007.51, Lmax=-106004.28
11:32:48 [ultranest] [DEBUG] iteration=4272, ncalls=7705, regioncalls=295200, ndraw=40, logz=-106019.99, remainder_fraction=89.8358%, Lmin=-106007.43, Lmax=-106004.28
11:32:48 [ultranest] [DEBUG] iteration=4280, ncalls=7714, regioncalls=295560, ndraw=40, logz=-106019.95, remainder_fraction=89.3643%, Lmin=-106007.40, Lmax=-106004.28
11:32:48 [ultranest] [DEBUG] iteration=4284, ncalls=7720, regioncalls=295840, ndraw=40, logz=-106019.93, remainder_fraction=89.1156%, Lmin=-106007.35, Lmax=-106004.28
11:32:48 [ultranest] [DEBUG] iteration=4302, ncalls=7746, regioncalls=296880, ndraw=40, logz=-106019.84, remainder_fraction=87.9899%, Lmin=-106007.26, Lmax=-106004.28
11:32:48 [ultranest] [DEBUG] iteration=4315, ncalls=7774, regioncalls=298000, ndraw=40, logz=-106019.78, remainder_fraction=87.3620%, Lmin=-106007.14, Lmax=-106004.28
11:32:48 [ultranest] [DEBUG] iteration=4320, ncalls=7783, regioncalls=298360, ndraw=40, logz=-106019.76, remainder_fraction=87.0433%, Lmin=-106007.12, Lmax=-106004.28
11:32:48 [ultranest] [DEBUG] iteration=4335, ncalls=7811, regioncalls=299480, ndraw=40, logz=-106019.69, remainder_fraction=86.0640%, Lmin=-106007.04, Lmax=-106004.28
11:32:49 [ultranest] [DEBUG] iteration=4351, ncalls=7837, regioncalls=300520, ndraw=40, logz=-106019.62, remainder_fraction=85.1894%, Lmin=-106006.96, Lmax=-106004.28
11:32:49 [ultranest] [DEBUG] iteration=4360, ncalls=7859, regioncalls=301400, ndraw=40, logz=-106019.58, remainder_fraction=84.5943%, Lmin=-106006.91, Lmax=-106004.28
11:32:49 [ultranest] [DEBUG] iteration=4371, ncalls=7885, regioncalls=302440, ndraw=40, logz=-106019.53, remainder_fraction=83.8997%, Lmin=-106006.87, Lmax=-106004.28
11:32:49 [ultranest] [DEBUG] iteration=4385, ncalls=7911, regioncalls=303480, ndraw=40, logz=-106019.48, remainder_fraction=82.9240%, Lmin=-106006.82, Lmax=-106004.28
11:32:49 [ultranest] [DEBUG] iteration=4400, ncalls=7936, regioncalls=304480, ndraw=40, logz=-106019.42, remainder_fraction=81.8011%, Lmin=-106006.76, Lmax=-106004.28
11:32:49 [ultranest] [DEBUG] iteration=4412, ncalls=7963, regioncalls=305560, ndraw=40, logz=-106019.37, remainder_fraction=81.0837%, Lmin=-106006.71, Lmax=-106004.28
11:32:49 [ultranest] [DEBUG] iteration=4424, ncalls=7990, regioncalls=306640, ndraw=40, logz=-106019.33, remainder_fraction=80.3573%, Lmin=-106006.64, Lmax=-106004.28
11:32:49 [ultranest] [DEBUG] iteration=4436, ncalls=8017, regioncalls=307720, ndraw=40, logz=-106019.29, remainder_fraction=79.5651%, Lmin=-106006.60, Lmax=-106004.28
11:32:49 [ultranest] [DEBUG] iteration=4440, ncalls=8027, regioncalls=308120, ndraw=40, logz=-106019.27, remainder_fraction=79.3011%, Lmin=-106006.58, Lmax=-106004.28
11:32:49 [ultranest] [DEBUG] iteration=4444, ncalls=8035, regioncalls=308560, ndraw=40, logz=-106019.26, remainder_fraction=78.9225%, Lmin=-106006.56, Lmax=-106004.28
11:32:49 [ultranest] [DEBUG] iteration=4460, ncalls=8059, regioncalls=309520, ndraw=40, logz=-106019.20, remainder_fraction=77.5829%, Lmin=-106006.49, Lmax=-106004.28
11:32:50 [ultranest] [DEBUG] iteration=4479, ncalls=8085, regioncalls=310560, ndraw=40, logz=-106019.14, remainder_fraction=76.2608%, Lmin=-106006.41, Lmax=-106004.28
11:32:50 [ultranest] [DEBUG] iteration=4480, ncalls=8087, regioncalls=310640, ndraw=40, logz=-106019.14, remainder_fraction=76.1510%, Lmin=-106006.41, Lmax=-106004.28
11:32:50 [ultranest] [DEBUG] iteration=4498, ncalls=8113, regioncalls=311680, ndraw=40, logz=-106019.08, remainder_fraction=74.6554%, Lmin=-106006.34, Lmax=-106004.28
11:32:50 [ultranest] [DEBUG] iteration=4515, ncalls=8139, regioncalls=312720, ndraw=40, logz=-106019.03, remainder_fraction=73.4256%, Lmin=-106006.28, Lmax=-106004.28
11:32:50 [ultranest] [DEBUG] iteration=4520, ncalls=8151, regioncalls=313200, ndraw=40, logz=-106019.01, remainder_fraction=72.9344%, Lmin=-106006.26, Lmax=-106004.28
11:32:50 [ultranest] [DEBUG] iteration=4524, ncalls=8161, regioncalls=313680, ndraw=40, logz=-106019.00, remainder_fraction=72.5542%, Lmin=-106006.25, Lmax=-106004.28
11:32:50 [ultranest] [DEBUG] iteration=4542, ncalls=8186, regioncalls=314680, ndraw=40, logz=-106018.95, remainder_fraction=70.9958%, Lmin=-106006.18, Lmax=-106004.28
11:32:50 [ultranest] [DEBUG] iteration=4558, ncalls=8212, regioncalls=315720, ndraw=40, logz=-106018.90, remainder_fraction=69.7526%, Lmin=-106006.14, Lmax=-106004.28
11:32:50 [ultranest] [DEBUG] iteration=4560, ncalls=8215, regioncalls=315840, ndraw=40, logz=-106018.90, remainder_fraction=69.6569%, Lmin=-106006.14, Lmax=-106004.28
11:32:50 [ultranest] [DEBUG] iteration=4575, ncalls=8242, regioncalls=316920, ndraw=40, logz=-106018.86, remainder_fraction=68.2860%, Lmin=-106006.09, Lmax=-106004.28
11:32:50 [ultranest] [DEBUG] iteration=4590, ncalls=8269, regioncalls=318000, ndraw=40, logz=-106018.82, remainder_fraction=67.0226%, Lmin=-106006.05, Lmax=-106004.28
11:32:50 [ultranest] [DEBUG] iteration=4600, ncalls=8289, regioncalls=318800, ndraw=40, logz=-106018.80, remainder_fraction=66.1796%, Lmin=-106006.02, Lmax=-106004.28
11:32:50 [ultranest] [DEBUG] iteration=4604, ncalls=8296, regioncalls=319120, ndraw=40, logz=-106018.79, remainder_fraction=65.8024%, Lmin=-106006.01, Lmax=-106004.28
11:32:51 [ultranest] [DEBUG] iteration=4626, ncalls=8321, regioncalls=320120, ndraw=40, logz=-106018.73, remainder_fraction=64.2415%, Lmin=-106005.93, Lmax=-106004.28
11:32:51 [ultranest] [DEBUG] iteration=4640, ncalls=8342, regioncalls=320960, ndraw=40, logz=-106018.70, remainder_fraction=63.1171%, Lmin=-106005.88, Lmax=-106004.28
11:32:51 [ultranest] [DEBUG] iteration=4658, ncalls=8367, regioncalls=321960, ndraw=40, logz=-106018.66, remainder_fraction=61.7263%, Lmin=-106005.82, Lmax=-106004.28
11:32:51 [ultranest] [DEBUG] iteration=4673, ncalls=8393, regioncalls=323000, ndraw=40, logz=-106018.63, remainder_fraction=60.6243%, Lmin=-106005.79, Lmax=-106004.28
11:32:51 [ultranest] [DEBUG] iteration=4680, ncalls=8407, regioncalls=323560, ndraw=40, logz=-106018.61, remainder_fraction=60.0666%, Lmin=-106005.77, Lmax=-106004.28
11:32:51 [ultranest] [DEBUG] iteration=4684, ncalls=8412, regioncalls=323840, ndraw=40, logz=-106018.60, remainder_fraction=59.6880%, Lmin=-106005.75, Lmax=-106004.28
11:32:51 [ultranest] [DEBUG] iteration=4702, ncalls=8440, regioncalls=324960, ndraw=40, logz=-106018.57, remainder_fraction=58.0434%, Lmin=-106005.69, Lmax=-106004.26
11:32:51 [ultranest] [DEBUG] iteration=4720, ncalls=8466, regioncalls=326000, ndraw=40, logz=-106018.53, remainder_fraction=56.6995%, Lmin=-106005.67, Lmax=-106004.26
11:32:51 [ultranest] [DEBUG] iteration=4735, ncalls=8492, regioncalls=327040, ndraw=40, logz=-106018.50, remainder_fraction=55.6116%, Lmin=-106005.64, Lmax=-106004.26
11:32:51 [ultranest] [DEBUG] iteration=4748, ncalls=8519, regioncalls=328120, ndraw=40, logz=-106018.48, remainder_fraction=54.5773%, Lmin=-106005.61, Lmax=-106004.26
11:32:51 [ultranest] [DEBUG] iteration=4760, ncalls=8544, regioncalls=329120, ndraw=40, logz=-106018.46, remainder_fraction=53.5616%, Lmin=-106005.58, Lmax=-106004.26
11:32:52 [ultranest] [DEBUG] iteration=4778, ncalls=8569, regioncalls=330120, ndraw=40, logz=-106018.43, remainder_fraction=52.1886%, Lmin=-106005.52, Lmax=-106004.26
11:32:52 [ultranest] [DEBUG] iteration=4791, ncalls=8596, regioncalls=331200, ndraw=40, logz=-106018.41, remainder_fraction=51.2820%, Lmin=-106005.49, Lmax=-106004.26
11:32:52 [ultranest] [DEBUG] iteration=4800, ncalls=8607, regioncalls=331640, ndraw=40, logz=-106018.39, remainder_fraction=50.6841%, Lmin=-106005.45, Lmax=-106004.26
11:32:52 [ultranest] [DEBUG] iteration=4814, ncalls=8633, regioncalls=332680, ndraw=40, logz=-106018.37, remainder_fraction=49.5417%, Lmin=-106005.43, Lmax=-106004.26
11:32:52 [ultranest] [DEBUG] iteration=4827, ncalls=8660, regioncalls=333760, ndraw=40, logz=-106018.35, remainder_fraction=48.5266%, Lmin=-106005.40, Lmax=-106004.26
11:32:52 [ultranest] [DEBUG] iteration=4837, ncalls=8687, regioncalls=334840, ndraw=40, logz=-106018.34, remainder_fraction=47.8152%, Lmin=-106005.37, Lmax=-106004.26
11:32:52 [ultranest] [DEBUG] iteration=4840, ncalls=8693, regioncalls=335080, ndraw=40, logz=-106018.33, remainder_fraction=47.6037%, Lmin=-106005.36, Lmax=-106004.26
11:32:52 [ultranest] [DEBUG] iteration=4844, ncalls=8702, regioncalls=335480, ndraw=40, logz=-106018.32, remainder_fraction=47.2602%, Lmin=-106005.36, Lmax=-106004.26
11:32:52 [ultranest] [DEBUG] iteration=4862, ncalls=8727, regioncalls=336480, ndraw=40, logz=-106018.30, remainder_fraction=45.8112%, Lmin=-106005.31, Lmax=-106004.26
11:32:52 [ultranest] [DEBUG] iteration=4880, ncalls=8752, regioncalls=337480, ndraw=40, logz=-106018.27, remainder_fraction=44.4146%, Lmin=-106005.27, Lmax=-106004.26
11:32:52 [ultranest] [DEBUG] iteration=4892, ncalls=8779, regioncalls=338560, ndraw=40, logz=-106018.26, remainder_fraction=43.4103%, Lmin=-106005.22, Lmax=-106004.26
11:32:52 [ultranest] [DEBUG] iteration=4909, ncalls=8808, regioncalls=339720, ndraw=40, logz=-106018.23, remainder_fraction=42.1154%, Lmin=-106005.19, Lmax=-106004.26
11:32:53 [ultranest] [DEBUG] iteration=4920, ncalls=8836, regioncalls=340840, ndraw=40, logz=-106018.22, remainder_fraction=41.2811%, Lmin=-106005.18, Lmax=-106004.26
11:32:53 [ultranest] [DEBUG] iteration=4924, ncalls=8840, regioncalls=341040, ndraw=40, logz=-106018.21, remainder_fraction=40.9840%, Lmin=-106005.17, Lmax=-106004.26
11:32:53 [ultranest] [DEBUG] iteration=4945, ncalls=8864, regioncalls=342000, ndraw=40, logz=-106018.19, remainder_fraction=39.3849%, Lmin=-106005.12, Lmax=-106004.26
11:32:53 [ultranest] [DEBUG] iteration=4960, ncalls=8890, regioncalls=343040, ndraw=40, logz=-106018.17, remainder_fraction=38.2821%, Lmin=-106005.09, Lmax=-106004.26
11:32:53 [ultranest] [DEBUG] iteration=4974, ncalls=8916, regioncalls=344080, ndraw=40, logz=-106018.15, remainder_fraction=37.3307%, Lmin=-106005.08, Lmax=-106004.26
11:32:53 [ultranest] [DEBUG] iteration=4993, ncalls=8941, regioncalls=345080, ndraw=40, logz=-106018.13, remainder_fraction=35.9427%, Lmin=-106005.04, Lmax=-106004.26
11:32:53 [ultranest] [DEBUG] iteration=5000, ncalls=8956, regioncalls=345680, ndraw=40, logz=-106018.12, remainder_fraction=35.3889%, Lmin=-106005.04, Lmax=-106004.26
11:32:53 [ultranest] [DEBUG] iteration=5004, ncalls=8962, regioncalls=345960, ndraw=40, logz=-106018.12, remainder_fraction=35.1315%, Lmin=-106005.03, Lmax=-106004.26
11:32:53 [ultranest] [DEBUG] iteration=5021, ncalls=8987, regioncalls=346960, ndraw=40, logz=-106018.10, remainder_fraction=34.0366%, Lmin=-106005.01, Lmax=-106004.26
11:32:53 [ultranest] [DEBUG] iteration=5040, ncalls=9012, regioncalls=347960, ndraw=40, logz=-106018.08, remainder_fraction=32.7396%, Lmin=-106004.98, Lmax=-106004.26
11:32:53 [ultranest] [DEBUG] iteration=5058, ncalls=9037, regioncalls=348960, ndraw=40, logz=-106018.06, remainder_fraction=31.5256%, Lmin=-106004.96, Lmax=-106004.26
11:32:53 [ultranest] [DEBUG] iteration=5074, ncalls=9063, regioncalls=350000, ndraw=40, logz=-106018.05, remainder_fraction=30.4397%, Lmin=-106004.94, Lmax=-106004.26
11:32:54 [ultranest] [DEBUG] iteration=5080, ncalls=9071, regioncalls=350320, ndraw=40, logz=-106018.04, remainder_fraction=30.1010%, Lmin=-106004.93, Lmax=-106004.26
11:32:54 [ultranest] [DEBUG] iteration=5084, ncalls=9075, regioncalls=350520, ndraw=40, logz=-106018.04, remainder_fraction=29.8448%, Lmin=-106004.92, Lmax=-106004.26
11:32:54 [ultranest] [DEBUG] iteration=5101, ncalls=9100, regioncalls=351640, ndraw=40, logz=-106018.03, remainder_fraction=28.7718%, Lmin=-106004.90, Lmax=-106004.26
11:32:54 [ultranest] [DEBUG] iteration=5117, ncalls=9128, regioncalls=352760, ndraw=40, logz=-106018.01, remainder_fraction=27.7160%, Lmin=-106004.88, Lmax=-106004.26
11:32:54 [ultranest] [DEBUG] iteration=5120, ncalls=9131, regioncalls=352880, ndraw=40, logz=-106018.01, remainder_fraction=27.5244%, Lmin=-106004.88, Lmax=-106004.26
11:32:54 [ultranest] [DEBUG] iteration=5133, ncalls=9159, regioncalls=354000, ndraw=40, logz=-106018.00, remainder_fraction=26.7473%, Lmin=-106004.86, Lmax=-106004.26
11:32:54 [ultranest] [DEBUG] iteration=5148, ncalls=9185, regioncalls=355040, ndraw=40, logz=-106017.99, remainder_fraction=25.9020%, Lmin=-106004.84, Lmax=-106004.26
11:32:54 [ultranest] [DEBUG] iteration=5160, ncalls=9200, regioncalls=355640, ndraw=40, logz=-106017.98, remainder_fraction=25.2519%, Lmin=-106004.82, Lmax=-106004.26
11:32:54 [ultranest] [DEBUG] iteration=5164, ncalls=9205, regioncalls=355920, ndraw=40, logz=-106017.98, remainder_fraction=25.0087%, Lmin=-106004.82, Lmax=-106004.26
11:32:54 [ultranest] [DEBUG] iteration=5178, ncalls=9231, regioncalls=357040, ndraw=40, logz=-106017.97, remainder_fraction=24.2091%, Lmin=-106004.81, Lmax=-106004.26
11:32:54 [ultranest] [DEBUG] iteration=5196, ncalls=9257, regioncalls=358080, ndraw=40, logz=-106017.95, remainder_fraction=23.2703%, Lmin=-106004.79, Lmax=-106004.26
11:32:54 [ultranest] [DEBUG] iteration=5200, ncalls=9262, regioncalls=358280, ndraw=40, logz=-106017.95, remainder_fraction=23.0428%, Lmin=-106004.78, Lmax=-106004.26
11:32:54 [ultranest] [DEBUG] iteration=5215, ncalls=9288, regioncalls=359320, ndraw=40, logz=-106017.94, remainder_fraction=22.2544%, Lmin=-106004.76, Lmax=-106004.26
11:32:54 [ultranest] [DEBUG] iteration=5228, ncalls=9313, regioncalls=360320, ndraw=40, logz=-106017.93, remainder_fraction=21.5789%, Lmin=-106004.75, Lmax=-106004.26
11:32:55 [ultranest] [DEBUG] iteration=5240, ncalls=9330, regioncalls=361000, ndraw=40, logz=-106017.93, remainder_fraction=20.9967%, Lmin=-106004.75, Lmax=-106004.26
11:32:55 [ultranest] [DEBUG] iteration=5244, ncalls=9335, regioncalls=361240, ndraw=40, logz=-106017.92, remainder_fraction=20.8113%, Lmin=-106004.74, Lmax=-106004.26
11:32:55 [ultranest] [DEBUG] iteration=5260, ncalls=9360, regioncalls=362240, ndraw=40, logz=-106017.91, remainder_fraction=20.0320%, Lmin=-106004.73, Lmax=-106004.26
11:32:55 [ultranest] [DEBUG] iteration=5277, ncalls=9385, regioncalls=363240, ndraw=40, logz=-106017.90, remainder_fraction=19.2192%, Lmin=-106004.72, Lmax=-106004.26
11:32:55 [ultranest] [DEBUG] iteration=5280, ncalls=9389, regioncalls=363400, ndraw=40, logz=-106017.90, remainder_fraction=19.0835%, Lmin=-106004.71, Lmax=-106004.26
11:32:55 [ultranest] [DEBUG] iteration=5293, ncalls=9415, regioncalls=364440, ndraw=40, logz=-106017.90, remainder_fraction=18.5180%, Lmin=-106004.70, Lmax=-106004.26
11:32:55 [ultranest] [DEBUG] iteration=5306, ncalls=9441, regioncalls=365480, ndraw=40, logz=-106017.89, remainder_fraction=17.9414%, Lmin=-106004.69, Lmax=-106004.26
11:32:55 [ultranest] [DEBUG] iteration=5320, ncalls=9463, regioncalls=366360, ndraw=40, logz=-106017.88, remainder_fraction=17.3419%, Lmin=-106004.68, Lmax=-106004.26
11:32:55 [ultranest] [DEBUG] iteration=5324, ncalls=9468, regioncalls=366600, ndraw=40, logz=-106017.88, remainder_fraction=17.1737%, Lmin=-106004.68, Lmax=-106004.26
11:32:55 [ultranest] [DEBUG] iteration=5340, ncalls=9494, regioncalls=367680, ndraw=40, logz=-106017.87, remainder_fraction=16.5458%, Lmin=-106004.67, Lmax=-106004.26
11:32:55 [ultranest] [DEBUG] iteration=5357, ncalls=9521, regioncalls=368760, ndraw=40, logz=-106017.86, remainder_fraction=15.8913%, Lmin=-106004.66, Lmax=-106004.26
11:32:55 [ultranest] [DEBUG] iteration=5360, ncalls=9530, regioncalls=369120, ndraw=40, logz=-106017.86, remainder_fraction=15.7714%, Lmin=-106004.65, Lmax=-106004.26
11:32:55 [ultranest] [DEBUG] iteration=5373, ncalls=9561, regioncalls=370360, ndraw=40, logz=-106017.86, remainder_fraction=15.3016%, Lmin=-106004.64, Lmax=-106004.26
11:32:56 [ultranest] [DEBUG] iteration=5391, ncalls=9586, regioncalls=371360, ndraw=40, logz=-106017.85, remainder_fraction=14.6794%, Lmin=-106004.63, Lmax=-106004.26
11:32:56 [ultranest] [DEBUG] iteration=5400, ncalls=9601, regioncalls=371960, ndraw=40, logz=-106017.85, remainder_fraction=14.3713%, Lmin=-106004.62, Lmax=-106004.26
11:32:56 [ultranest] [DEBUG] iteration=5404, ncalls=9611, regioncalls=372400, ndraw=40, logz=-106017.84, remainder_fraction=14.2263%, Lmin=-106004.61, Lmax=-106004.26
11:32:56 [ultranest] [DEBUG] iteration=5423, ncalls=9636, regioncalls=373400, ndraw=40, logz=-106017.84, remainder_fraction=13.5717%, Lmin=-106004.60, Lmax=-106004.26
11:32:56 [ultranest] [DEBUG] iteration=5440, ncalls=9655, regioncalls=374160, ndraw=40, logz=-106017.83, remainder_fraction=13.0067%, Lmin=-106004.59, Lmax=-106004.26
11:32:56 [ultranest] [DEBUG] iteration=5455, ncalls=9681, regioncalls=375200, ndraw=40, logz=-106017.82, remainder_fraction=12.5295%, Lmin=-106004.58, Lmax=-106004.26
11:32:56 [ultranest] [DEBUG] iteration=5474, ncalls=9706, regioncalls=376200, ndraw=40, logz=-106017.82, remainder_fraction=11.9632%, Lmin=-106004.57, Lmax=-106004.26
11:32:56 [ultranest] [DEBUG] iteration=5480, ncalls=9715, regioncalls=376560, ndraw=40, logz=-106017.82, remainder_fraction=11.7875%, Lmin=-106004.57, Lmax=-106004.26
11:32:56 [ultranest] [DEBUG] iteration=5484, ncalls=9722, regioncalls=376920, ndraw=40, logz=-106017.81, remainder_fraction=11.6757%, Lmin=-106004.56, Lmax=-106004.26
11:32:56 [ultranest] [DEBUG] iteration=5499, ncalls=9747, regioncalls=378000, ndraw=40, logz=-106017.81, remainder_fraction=11.2479%, Lmin=-106004.55, Lmax=-106004.26
11:32:56 [ultranest] [DEBUG] iteration=5520, ncalls=9770, regioncalls=378920, ndraw=40, logz=-106017.80, remainder_fraction=10.6753%, Lmin=-106004.55, Lmax=-106004.26
11:32:56 [ultranest] [DEBUG] iteration=5538, ncalls=9795, regioncalls=379920, ndraw=40, logz=-106017.80, remainder_fraction=10.2271%, Lmin=-106004.54, Lmax=-106004.26
11:32:57 [ultranest] [DEBUG] iteration=5552, ncalls=9821, regioncalls=380960, ndraw=40, logz=-106017.79, remainder_fraction=9.8625%, Lmin=-106004.53, Lmax=-106004.26
11:32:57 [ultranest] [DEBUG] iteration=5560, ncalls=9836, regioncalls=381560, ndraw=40, logz=-106017.79, remainder_fraction=9.6579%, Lmin=-106004.53, Lmax=-106004.26
11:32:57 [ultranest] [DEBUG] iteration=5564, ncalls=9843, regioncalls=381880, ndraw=40, logz=-106017.79, remainder_fraction=9.5606%, Lmin=-106004.52, Lmax=-106004.26
11:32:57 [ultranest] [DEBUG] iteration=5582, ncalls=9868, regioncalls=382880, ndraw=40, logz=-106017.79, remainder_fraction=9.1282%, Lmin=-106004.51, Lmax=-106004.26
11:32:57 [ultranest] [DEBUG] iteration=5600, ncalls=9887, regioncalls=383640, ndraw=40, logz=-106017.78, remainder_fraction=8.7210%, Lmin=-106004.50, Lmax=-106004.26
11:32:57 [ultranest] [DEBUG] iteration=5615, ncalls=9915, regioncalls=384760, ndraw=40, logz=-106017.78, remainder_fraction=8.4022%, Lmin=-106004.50, Lmax=-106004.26
11:32:57 [ultranest] [DEBUG] iteration=5628, ncalls=9941, regioncalls=385800, ndraw=40, logz=-106017.78, remainder_fraction=8.1340%, Lmin=-106004.49, Lmax=-106004.26
11:32:57 [ultranest] [DEBUG] iteration=5640, ncalls=9958, regioncalls=386480, ndraw=40, logz=-106017.77, remainder_fraction=7.8872%, Lmin=-106004.49, Lmax=-106004.26
11:32:57 [ultranest] [DEBUG] iteration=5644, ncalls=9963, regioncalls=386720, ndraw=40, logz=-106017.77, remainder_fraction=7.8076%, Lmin=-106004.49, Lmax=-106004.26
11:32:57 [ultranest] [DEBUG] iteration=5663, ncalls=9987, regioncalls=387760, ndraw=40, logz=-106017.77, remainder_fraction=7.4297%, Lmin=-106004.48, Lmax=-106004.26
11:32:57 [ultranest] [DEBUG] iteration=5680, ncalls=10011, regioncalls=388720, ndraw=40, logz=-106017.76, remainder_fraction=7.1110%, Lmin=-106004.47, Lmax=-106004.26
11:32:57 [ultranest] [DEBUG] iteration=5698, ncalls=10037, regioncalls=389760, ndraw=40, logz=-106017.76, remainder_fraction=6.7892%, Lmin=-106004.46, Lmax=-106004.26
11:32:58 [ultranest] [DEBUG] iteration=5716, ncalls=10066, regioncalls=390920, ndraw=40, logz=-106017.76, remainder_fraction=6.4801%, Lmin=-106004.46, Lmax=-106004.26
11:32:58 [ultranest] [DEBUG] iteration=5720, ncalls=10071, regioncalls=391120, ndraw=40, logz=-106017.76, remainder_fraction=6.4164%, Lmin=-106004.45, Lmax=-106004.26
11:32:58 [ultranest] [DEBUG] iteration=5724, ncalls=10078, regioncalls=391440, ndraw=40, logz=-106017.76, remainder_fraction=6.3525%, Lmin=-106004.45, Lmax=-106004.26
11:32:58 [ultranest] [DEBUG] iteration=5739, ncalls=10103, regioncalls=392440, ndraw=40, logz=-106017.75, remainder_fraction=6.1065%, Lmin=-106004.45, Lmax=-106004.26
11:32:58 [ultranest] [DEBUG] iteration=5755, ncalls=10129, regioncalls=393520, ndraw=40, logz=-106017.75, remainder_fraction=5.8569%, Lmin=-106004.44, Lmax=-106004.26
11:32:58 [ultranest] [DEBUG] iteration=5760, ncalls=10139, regioncalls=393920, ndraw=40, logz=-106017.75, remainder_fraction=5.7791%, Lmin=-106004.44, Lmax=-106004.26
11:32:58 [ultranest] [DEBUG] iteration=5773, ncalls=10166, regioncalls=395000, ndraw=40, logz=-106017.75, remainder_fraction=5.5856%, Lmin=-106004.44, Lmax=-106004.26
11:32:58 [ultranest] [DEBUG] iteration=5788, ncalls=10192, regioncalls=396040, ndraw=40, logz=-106017.75, remainder_fraction=5.3696%, Lmin=-106004.43, Lmax=-106004.26
11:32:58 [ultranest] [DEBUG] iteration=5800, ncalls=10215, regioncalls=396960, ndraw=40, logz=-106017.74, remainder_fraction=5.1998%, Lmin=-106004.43, Lmax=-106004.26
11:32:58 [ultranest] [DEBUG] iteration=5804, ncalls=10225, regioncalls=397400, ndraw=40, logz=-106017.74, remainder_fraction=5.1459%, Lmin=-106004.43, Lmax=-106004.26
11:32:58 [ultranest] [DEBUG] iteration=5821, ncalls=10250, regioncalls=398400, ndraw=40, logz=-106017.74, remainder_fraction=4.9220%, Lmin=-106004.42, Lmax=-106004.26
11:32:58 [ultranest] [DEBUG] iteration=5840, ncalls=10274, regioncalls=399360, ndraw=40, logz=-106017.74, remainder_fraction=4.6802%, Lmin=-106004.42, Lmax=-106004.26
11:32:58 [ultranest] [DEBUG] iteration=5860, ncalls=10299, regioncalls=400360, ndraw=40, logz=-106017.74, remainder_fraction=4.4425%, Lmin=-106004.41, Lmax=-106004.26
11:32:59 [ultranest] [DEBUG] iteration=5879, ncalls=10324, regioncalls=401360, ndraw=40, logz=-106017.73, remainder_fraction=4.2263%, Lmin=-106004.41, Lmax=-106004.26
11:32:59 [ultranest] [DEBUG] iteration=5880, ncalls=10325, regioncalls=401400, ndraw=40, logz=-106017.73, remainder_fraction=4.2152%, Lmin=-106004.41, Lmax=-106004.26
11:32:59 [ultranest] [DEBUG] iteration=5884, ncalls=10329, regioncalls=401680, ndraw=40, logz=-106017.73, remainder_fraction=4.1708%, Lmin=-106004.41, Lmax=-106004.26
11:32:59 [ultranest] [DEBUG] iteration=5902, ncalls=10354, regioncalls=402680, ndraw=40, logz=-106017.73, remainder_fraction=3.9769%, Lmin=-106004.40, Lmax=-106004.26
11:32:59 [ultranest] [DEBUG] iteration=5917, ncalls=10380, regioncalls=403800, ndraw=40, logz=-106017.73, remainder_fraction=3.8219%, Lmin=-106004.40, Lmax=-106004.26
11:32:59 [ultranest] [DEBUG] iteration=5920, ncalls=10389, regioncalls=404160, ndraw=40, logz=-106017.73, remainder_fraction=3.7920%, Lmin=-106004.39, Lmax=-106004.26
11:32:59 [ultranest] [DEBUG] iteration=5937, ncalls=10419, regioncalls=405360, ndraw=40, logz=-106017.73, remainder_fraction=3.6238%, Lmin=-106004.39, Lmax=-106004.26
11:32:59 [ultranest] [DEBUG] iteration=5952, ncalls=10449, regioncalls=406560, ndraw=40, logz=-106017.73, remainder_fraction=3.4812%, Lmin=-106004.39, Lmax=-106004.26
11:32:59 [ultranest] [DEBUG] iteration=5960, ncalls=10461, regioncalls=407040, ndraw=40, logz=-106017.73, remainder_fraction=3.4074%, Lmin=-106004.38, Lmax=-106004.26
11:32:59 [ultranest] [DEBUG] iteration=5964, ncalls=10468, regioncalls=407360, ndraw=40, logz=-106017.72, remainder_fraction=3.3724%, Lmin=-106004.38, Lmax=-106004.26
11:32:59 [ultranest] [DEBUG] iteration=5981, ncalls=10494, regioncalls=408400, ndraw=40, logz=-106017.72, remainder_fraction=3.2233%, Lmin=-106004.38, Lmax=-106004.26
11:32:59 [ultranest] [DEBUG] iteration=5999, ncalls=10519, regioncalls=409400, ndraw=40, logz=-106017.72, remainder_fraction=3.0721%, Lmin=-106004.38, Lmax=-106004.26
11:32:59 [ultranest] [DEBUG] iteration=6000, ncalls=10521, regioncalls=409480, ndraw=40, logz=-106017.72, remainder_fraction=3.0636%, Lmin=-106004.38, Lmax=-106004.26
11:32:59 [ultranest] [DEBUG] iteration=6017, ncalls=10545, regioncalls=410440, ndraw=40, logz=-106017.72, remainder_fraction=2.9282%, Lmin=-106004.37, Lmax=-106004.26
11:33:00 [ultranest] [DEBUG] iteration=6029, ncalls=10574, regioncalls=411600, ndraw=40, logz=-106017.72, remainder_fraction=2.8354%, Lmin=-106004.37, Lmax=-106004.26
11:33:00 [ultranest] [DEBUG] iteration=6040, ncalls=10592, regioncalls=412320, ndraw=40, logz=-106017.72, remainder_fraction=2.7544%, Lmin=-106004.37, Lmax=-106004.26
11:33:00 [ultranest] [DEBUG] iteration=6044, ncalls=10597, regioncalls=412560, ndraw=40, logz=-106017.72, remainder_fraction=2.7249%, Lmin=-106004.37, Lmax=-106004.26
11:33:00 [ultranest] [DEBUG] iteration=6062, ncalls=10622, regioncalls=413560, ndraw=40, logz=-106017.72, remainder_fraction=2.5963%, Lmin=-106004.36, Lmax=-106004.26
11:33:00 [ultranest] [DEBUG] iteration=6075, ncalls=10648, regioncalls=414600, ndraw=40, logz=-106017.72, remainder_fraction=2.5082%, Lmin=-106004.36, Lmax=-106004.26
11:33:00 [ultranest] [DEBUG] iteration=6080, ncalls=10659, regioncalls=415040, ndraw=40, logz=-106017.72, remainder_fraction=2.4744%, Lmin=-106004.36, Lmax=-106004.26
11:33:00 [ultranest] [DEBUG] iteration=6097, ncalls=10684, regioncalls=416040, ndraw=40, logz=-106017.71, remainder_fraction=2.3634%, Lmin=-106004.36, Lmax=-106004.26
11:33:00 [ultranest] [DEBUG] iteration=6115, ncalls=10709, regioncalls=417040, ndraw=40, logz=-106017.71, remainder_fraction=2.2514%, Lmin=-106004.35, Lmax=-106004.26
11:33:00 [ultranest] [DEBUG] iteration=6120, ncalls=10716, regioncalls=417320, ndraw=40, logz=-106017.71, remainder_fraction=2.2214%, Lmin=-106004.35, Lmax=-106004.26
11:33:00 [ultranest] [DEBUG] iteration=6135, ncalls=10741, regioncalls=418320, ndraw=40, logz=-106017.71, remainder_fraction=2.1330%, Lmin=-106004.35, Lmax=-106004.26
11:33:00 [ultranest] [DEBUG] iteration=6150, ncalls=10768, regioncalls=419400, ndraw=40, logz=-106017.71, remainder_fraction=2.0478%, Lmin=-106004.35, Lmax=-106004.26
11:33:00 [ultranest] [DEBUG] iteration=6160, ncalls=10786, regioncalls=420120, ndraw=40, logz=-106017.71, remainder_fraction=1.9928%, Lmin=-106004.35, Lmax=-106004.26
11:33:01 [ultranest] [DEBUG] iteration=6171, ncalls=10818, regioncalls=421400, ndraw=40, logz=-106017.71, remainder_fraction=1.9348%, Lmin=-106004.34, Lmax=-106004.26
11:33:01 [ultranest] [DEBUG] iteration=6186, ncalls=10849, regioncalls=422640, ndraw=40, logz=-106017.71, remainder_fraction=1.8574%, Lmin=-106004.34, Lmax=-106004.26
11:33:01 [ultranest] [DEBUG] iteration=6200, ncalls=10872, regioncalls=423560, ndraw=40, logz=-106017.71, remainder_fraction=1.7877%, Lmin=-106004.34, Lmax=-106004.26
11:33:01 [ultranest] [DEBUG] iteration=6204, ncalls=10881, regioncalls=424000, ndraw=40, logz=-106017.71, remainder_fraction=1.7684%, Lmin=-106004.34, Lmax=-106004.26
11:33:01 [ultranest] [DEBUG] iteration=6224, ncalls=10906, regioncalls=425000, ndraw=40, logz=-106017.71, remainder_fraction=1.6746%, Lmin=-106004.33, Lmax=-106004.26
11:33:01 [ultranest] [DEBUG] iteration=6240, ncalls=10928, regioncalls=425880, ndraw=40, logz=-106017.71, remainder_fraction=1.6032%, Lmin=-106004.33, Lmax=-106004.26
11:33:01 [ultranest] [DEBUG] iteration=6254, ncalls=10954, regioncalls=426920, ndraw=40, logz=-106017.71, remainder_fraction=1.5433%, Lmin=-106004.33, Lmax=-106004.26
11:33:01 [ultranest] [DEBUG] iteration=6267, ncalls=10982, regioncalls=428040, ndraw=40, logz=-106017.71, remainder_fraction=1.4894%, Lmin=-106004.33, Lmax=-106004.26
11:33:01 [ultranest] [DEBUG] iteration=6280, ncalls=11003, regioncalls=428880, ndraw=40, logz=-106017.71, remainder_fraction=1.4376%, Lmin=-106004.33, Lmax=-106004.26
11:33:01 [ultranest] [DEBUG] iteration=6292, ncalls=11031, regioncalls=430000, ndraw=40, logz=-106017.70, remainder_fraction=1.3914%, Lmin=-106004.33, Lmax=-106004.26
11:33:02 [ultranest] [DEBUG] iteration=6310, ncalls=11061, regioncalls=431200, ndraw=40, logz=-106017.70, remainder_fraction=1.3250%, Lmin=-106004.32, Lmax=-106004.26
11:33:02 [ultranest] [DEBUG] iteration=6320, ncalls=11081, regioncalls=432000, ndraw=40, logz=-106017.70, remainder_fraction=1.2894%, Lmin=-106004.32, Lmax=-106004.26
11:33:02 [ultranest] [DEBUG] iteration=6334, ncalls=11107, regioncalls=433040, ndraw=40, logz=-106017.70, remainder_fraction=1.2411%, Lmin=-106004.32, Lmax=-106004.26
11:33:02 [ultranest] [DEBUG] iteration=6346, ncalls=11140, regioncalls=434360, ndraw=40, logz=-106017.70, remainder_fraction=1.2011%, Lmin=-106004.32, Lmax=-106004.26
11:33:02 [ultranest] [DEBUG] iteration=6358, ncalls=11167, regioncalls=435440, ndraw=40, logz=-106017.70, remainder_fraction=1.1622%, Lmin=-106004.32, Lmax=-106004.26
11:33:02 [ultranest] [DEBUG] iteration=6360, ncalls=11170, regioncalls=435560, ndraw=40, logz=-106017.70, remainder_fraction=1.1559%, Lmin=-106004.32, Lmax=-106004.26
11:33:02 [ultranest] [DEBUG] iteration=6364, ncalls=11183, regioncalls=436160, ndraw=40, logz=-106017.70, remainder_fraction=1.1432%, Lmin=-106004.32, Lmax=-106004.26
11:33:02 [ultranest] [DEBUG] iteration=6379, ncalls=11209, regioncalls=437200, ndraw=40, logz=-106017.70, remainder_fraction=1.0972%, Lmin=-106004.32, Lmax=-106004.26
11:33:02 [ultranest] [DEBUG] iteration=6396, ncalls=11234, regioncalls=438200, ndraw=40, logz=-106017.70, remainder_fraction=1.0472%, Lmin=-106004.31, Lmax=-106004.26
11:33:02 [ultranest] [DEBUG] iteration=6400, ncalls=11244, regioncalls=438600, ndraw=40, logz=-106017.70, remainder_fraction=1.0357%, Lmin=-106004.31, Lmax=-106004.26
11:33:02 [ultranest] [INFO] Explored until L=-1e+05  
11:33:02 [ultranest] [INFO] Likelihood function evaluations: 11260
11:33:04 [ultranest] [INFO] Writing samples and results to disk ...
11:33:04 [ultranest] [INFO] Writing samples and results to disk ... done
11:33:04 [ultranest] [DEBUG] did a run_iter pass!
11:33:04 [ultranest] [INFO]   logZ = -1.06e+05 +- 0.1227
11:33:04 [ultranest] [INFO] Effective samples strategy satisfied (ESS = 1701.3, need >400)
11:33:04 [ultranest] [INFO] Posterior uncertainty strategy is satisfied (KL: 0.46+-0.07 nat, need <0.50 nat)
11:33:04 [ultranest] [INFO] Evidency uncertainty strategy is satisfied (dlogz=0.12, need <0.5)
11:33:04 [ultranest] [INFO]   logZ error budget: single: 0.18 bs:0.12 tail:0.01 total:0.12 required:<0.50
11:33:04 [ultranest] [INFO] done iterating.
11:33:04 [ultranest] [DEBUG] Making corner plot ...
11:33:05 [ultranest] [DEBUG] Making corner plot ... done
11:33:05 [ultranest] [DEBUG] Making run plot ... 
11:33:05 [ultranest] [DEBUG] Making run plot ... done
11:33:05 [ultranest] [DEBUG] Making trace plot ... 
11:33:07 [ultranest] [DEBUG] Making trace plot ... done
