15:36:16 [ultranest] [DEBUG] ReactiveNestedSampler: dims=2+0, resume=False, log_dir=./m-values/N24/S24/M24/T030/P025/NF2/sample_rho, backend=hdf5, vectorized=False, nbootstraps=30, ndraw=128..65536
15:36:16 [ultranest] [INFO] Sampling 400 live points from prior ...
15:36:17 [ultranest] [DEBUG] run_iter dlogz=0.5, dKL=0.5, frac_remain=0.01, Lepsilon=0.0010, min_ess=400
15:36:17 [ultranest] [DEBUG] max_iters=-1, max_ncalls=-1, max_num_improvement_loops=-1, min_num_live_points=400, cluster_num_live_points=40
15:36:17 [ultranest] [DEBUG] minimal_widths_sequence: [(-inf, 400.0), (inf, 400.0)]
15:36:17 [ultranest] [DEBUG] Plateau detected at L=-1.381551e+07, not replacing live point.
15:36:17 [ultranest] [DEBUG] Plateau detected at L=-1.381551e+07, not replacing live point.
15:36:17 [ultranest] [DEBUG] Plateau detected at L=-1.381551e+07, not replacing live point.
15:36:17 [ultranest] [DEBUG] Plateau detected at L=-1.381551e+07, not replacing live point.
15:36:17 [ultranest] [DEBUG] Plateau detected at L=-1.381551e+07, not replacing live point.
15:36:17 [ultranest] [DEBUG] Plateau detected at L=-1.381551e+07, not replacing live point.
15:36:17 [ultranest] [DEBUG] Plateau detected at L=-1.381551e+07, not replacing live point.
15:36:17 [ultranest] [DEBUG] Plateau detected at L=-1.381551e+07, not replacing live point.
15:36:17 [ultranest] [DEBUG] Plateau detected at L=-1.381551e+07, not replacing live point.
15:36:17 [ultranest] [DEBUG] Plateau detected at L=-1.381551e+07, not replacing live point.
15:36:17 [ultranest] [DEBUG] Plateau detected at L=-1.381551e+07, not replacing live point.
15:36:17 [ultranest] [DEBUG] Plateau detected at L=-1.381551e+07, not replacing live point.
15:36:17 [ultranest] [DEBUG] Plateau detected at L=-1.381551e+07, not replacing live point.
15:36:17 [ultranest] [DEBUG] Plateau detected at L=-1.381551e+07, not replacing live point.
15:36:17 [ultranest] [DEBUG] Plateau detected at L=-1.381551e+07, not replacing live point.
15:36:17 [ultranest] [DEBUG] Plateau detected at L=-1.381551e+07, not replacing live point.
15:36:17 [ultranest] [DEBUG] Plateau detected at L=-1.381551e+07, not replacing live point.
15:36:17 [ultranest] [DEBUG] Plateau detected at L=-1.381551e+07, not replacing live point.
15:36:17 [ultranest] [DEBUG] iteration=18, ncalls=401, regioncalls=40, ndraw=40, logz=-13815513.66, remainder_fraction=100.0000%, Lmin=-13815510.56, Lmax=-105910.75
15:36:17 [ultranest] [DEBUG] iteration=40, ncalls=424, regioncalls=960, ndraw=40, logz=-127920.40, remainder_fraction=100.0000%, Lmin=-127726.77, Lmax=-105910.75
15:36:17 [ultranest] [DEBUG] iteration=74, ncalls=462, regioncalls=2480, ndraw=40, logz=-123533.63, remainder_fraction=100.0000%, Lmin=-123524.51, Lmax=-105906.04
15:36:17 [ultranest] [DEBUG] iteration=80, ncalls=469, regioncalls=2760, ndraw=40, logz=-122984.94, remainder_fraction=100.0000%, Lmin=-122972.79, Lmax=-105906.04
15:36:17 [ultranest] [DEBUG] iteration=104, ncalls=501, regioncalls=4040, ndraw=40, logz=-120896.89, remainder_fraction=100.0000%, Lmin=-120713.56, Lmax=-105906.04
15:36:17 [ultranest] [DEBUG] iteration=120, ncalls=520, regioncalls=4800, ndraw=40, logz=-120021.77, remainder_fraction=100.0000%, Lmin=-119960.30, Lmax=-105906.04
15:36:17 [ultranest] [DEBUG] iteration=155, ncalls=558, regioncalls=6320, ndraw=40, logz=-118444.87, remainder_fraction=100.0000%, Lmin=-118416.37, Lmax=-105906.04
15:36:17 [ultranest] [DEBUG] iteration=160, ncalls=563, regioncalls=6520, ndraw=40, logz=-118316.36, remainder_fraction=100.0000%, Lmin=-118304.38, Lmax=-105906.04
15:36:18 [ultranest] [DEBUG] iteration=190, ncalls=597, regioncalls=7880, ndraw=40, logz=-116786.95, remainder_fraction=100.0000%, Lmin=-116679.40, Lmax=-105906.04
15:36:18 [ultranest] [DEBUG] iteration=200, ncalls=610, regioncalls=8400, ndraw=40, logz=-116368.15, remainder_fraction=100.0000%, Lmin=-116337.43, Lmax=-105906.04
15:36:18 [ultranest] [DEBUG] iteration=233, ncalls=648, regioncalls=9920, ndraw=40, logz=-115524.07, remainder_fraction=100.0000%, Lmin=-115503.17, Lmax=-105906.04
15:36:18 [ultranest] [DEBUG] iteration=240, ncalls=656, regioncalls=10240, ndraw=40, logz=-115362.25, remainder_fraction=100.0000%, Lmin=-115354.03, Lmax=-105906.04
15:36:18 [ultranest] [DEBUG] iteration=275, ncalls=694, regioncalls=11760, ndraw=40, logz=-114287.52, remainder_fraction=100.0000%, Lmin=-114279.53, Lmax=-105906.04
15:36:18 [ultranest] [DEBUG] iteration=280, ncalls=699, regioncalls=11960, ndraw=40, logz=-114212.73, remainder_fraction=100.0000%, Lmin=-114189.04, Lmax=-105906.04
15:36:18 [ultranest] [DEBUG] iteration=313, ncalls=737, regioncalls=13480, ndraw=40, logz=-113288.45, remainder_fraction=100.0000%, Lmin=-113280.82, Lmax=-105906.04
15:36:18 [ultranest] [DEBUG] iteration=320, ncalls=748, regioncalls=13920, ndraw=40, logz=-113089.52, remainder_fraction=100.0000%, Lmin=-113075.99, Lmax=-105906.04
15:36:18 [ultranest] [DEBUG] iteration=352, ncalls=786, regioncalls=15440, ndraw=40, logz=-112208.38, remainder_fraction=100.0000%, Lmin=-112176.57, Lmax=-105898.60
15:36:18 [ultranest] [DEBUG] iteration=360, ncalls=799, regioncalls=15960, ndraw=40, logz=-112120.74, remainder_fraction=100.0000%, Lmin=-112108.86, Lmax=-105898.60
15:36:18 [ultranest] [DEBUG] iteration=362, ncalls=801, regioncalls=16040, ndraw=40, logz=-112105.51, remainder_fraction=100.0000%, Lmin=-112080.13, Lmax=-105898.60
15:36:18 [ultranest] [DEBUG] iteration=396, ncalls=839, regioncalls=17560, ndraw=40, logz=-111435.38, remainder_fraction=100.0000%, Lmin=-111388.95, Lmax=-105898.60
15:36:18 [ultranest] [DEBUG] iteration=400, ncalls=844, regioncalls=17760, ndraw=40, logz=-111273.17, remainder_fraction=100.0000%, Lmin=-111246.11, Lmax=-105898.60
15:36:18 [ultranest] [DEBUG] iteration=435, ncalls=883, regioncalls=19320, ndraw=40, logz=-110639.19, remainder_fraction=100.0000%, Lmin=-110612.25, Lmax=-105898.60
15:36:18 [ultranest] [DEBUG] iteration=440, ncalls=888, regioncalls=19520, ndraw=40, logz=-110551.33, remainder_fraction=100.0000%, Lmin=-110467.40, Lmax=-105898.60
15:36:18 [ultranest] [DEBUG] iteration=448, ncalls=897, regioncalls=19880, ndraw=40, logz=-110372.36, remainder_fraction=100.0000%, Lmin=-110365.47, Lmax=-105898.60
15:36:19 [ultranest] [DEBUG] iteration=479, ncalls=936, regioncalls=21440, ndraw=40, logz=-109932.95, remainder_fraction=100.0000%, Lmin=-109919.69, Lmax=-105898.60
15:36:19 [ultranest] [DEBUG] iteration=480, ncalls=937, regioncalls=21480, ndraw=40, logz=-109926.89, remainder_fraction=100.0000%, Lmin=-109893.08, Lmax=-105898.60
15:36:19 [ultranest] [DEBUG] iteration=510, ncalls=977, regioncalls=23080, ndraw=40, logz=-109504.75, remainder_fraction=100.0000%, Lmin=-109496.20, Lmax=-105898.60
15:36:19 [ultranest] [DEBUG] iteration=520, ncalls=988, regioncalls=23520, ndraw=40, logz=-109413.51, remainder_fraction=100.0000%, Lmin=-109402.39, Lmax=-105898.60
15:36:19 [ultranest] [DEBUG] iteration=534, ncalls=1006, regioncalls=24240, ndraw=40, logz=-109276.04, remainder_fraction=100.0000%, Lmin=-109267.24, Lmax=-105898.60
15:36:19 [ultranest] [DEBUG] iteration=560, ncalls=1039, regioncalls=25560, ndraw=40, logz=-109007.60, remainder_fraction=100.0000%, Lmin=-108998.38, Lmax=-105898.60
15:36:19 [ultranest] [DEBUG] iteration=591, ncalls=1078, regioncalls=27120, ndraw=40, logz=-108751.40, remainder_fraction=100.0000%, Lmin=-108739.91, Lmax=-105898.60
15:36:19 [ultranest] [DEBUG] iteration=600, ncalls=1090, regioncalls=27600, ndraw=40, logz=-108718.40, remainder_fraction=100.0000%, Lmin=-108701.19, Lmax=-105898.60
15:36:19 [ultranest] [DEBUG] iteration=620, ncalls=1117, regioncalls=28680, ndraw=40, logz=-108518.86, remainder_fraction=100.0000%, Lmin=-108510.14, Lmax=-105898.60
15:36:19 [ultranest] [DEBUG] iteration=640, ncalls=1142, regioncalls=29680, ndraw=40, logz=-108376.10, remainder_fraction=100.0000%, Lmin=-108356.95, Lmax=-105898.60
15:36:19 [ultranest] [DEBUG] iteration=670, ncalls=1183, regioncalls=31320, ndraw=40, logz=-108114.79, remainder_fraction=100.0000%, Lmin=-108096.83, Lmax=-105898.60
15:36:19 [ultranest] [DEBUG] iteration=680, ncalls=1196, regioncalls=31840, ndraw=40, logz=-108052.55, remainder_fraction=100.0000%, Lmin=-108043.98, Lmax=-105898.60
15:36:19 [ultranest] [DEBUG] iteration=706, ncalls=1228, regioncalls=33120, ndraw=40, logz=-107925.27, remainder_fraction=100.0000%, Lmin=-107895.99, Lmax=-105898.60
15:36:19 [ultranest] [DEBUG] iteration=720, ncalls=1244, regioncalls=33760, ndraw=40, logz=-107853.47, remainder_fraction=100.0000%, Lmin=-107840.68, Lmax=-105898.60
15:36:19 [ultranest] [DEBUG] iteration=750, ncalls=1284, regioncalls=35360, ndraw=40, logz=-107678.13, remainder_fraction=100.0000%, Lmin=-107659.48, Lmax=-105898.60
15:36:19 [ultranest] [DEBUG] iteration=760, ncalls=1302, regioncalls=36080, ndraw=40, logz=-107638.71, remainder_fraction=100.0000%, Lmin=-107627.63, Lmax=-105898.60
15:36:20 [ultranest] [DEBUG] iteration=792, ncalls=1342, regioncalls=37680, ndraw=40, logz=-107452.55, remainder_fraction=100.0000%, Lmin=-107444.62, Lmax=-105898.60
15:36:20 [ultranest] [DEBUG] iteration=800, ncalls=1350, regioncalls=38000, ndraw=40, logz=-107433.32, remainder_fraction=100.0000%, Lmin=-107424.72, Lmax=-105898.60
15:36:20 [ultranest] [DEBUG] iteration=832, ncalls=1390, regioncalls=39600, ndraw=40, logz=-107260.96, remainder_fraction=100.0000%, Lmin=-107243.91, Lmax=-105898.60
15:36:20 [ultranest] [DEBUG] iteration=840, ncalls=1400, regioncalls=40000, ndraw=40, logz=-107228.02, remainder_fraction=100.0000%, Lmin=-107216.12, Lmax=-105898.60
15:36:20 [ultranest] [DEBUG] iteration=868, ncalls=1441, regioncalls=41640, ndraw=40, logz=-107117.38, remainder_fraction=100.0000%, Lmin=-107105.46, Lmax=-105893.63
15:36:20 [ultranest] [DEBUG] iteration=878, ncalls=1454, regioncalls=42160, ndraw=40, logz=-107071.62, remainder_fraction=100.0000%, Lmin=-107058.93, Lmax=-105893.63
15:36:20 [ultranest] [DEBUG] iteration=880, ncalls=1456, regioncalls=42240, ndraw=40, logz=-107066.36, remainder_fraction=100.0000%, Lmin=-107054.36, Lmax=-105893.63
15:36:20 [ultranest] [DEBUG] iteration=914, ncalls=1495, regioncalls=43800, ndraw=40, logz=-106928.42, remainder_fraction=100.0000%, Lmin=-106918.92, Lmax=-105893.50
15:36:20 [ultranest] [DEBUG] iteration=920, ncalls=1502, regioncalls=44080, ndraw=40, logz=-106910.51, remainder_fraction=100.0000%, Lmin=-106900.86, Lmax=-105893.50
15:36:20 [ultranest] [DEBUG] iteration=949, ncalls=1542, regioncalls=45720, ndraw=40, logz=-106817.76, remainder_fraction=100.0000%, Lmin=-106805.71, Lmax=-105893.50
15:36:20 [ultranest] [DEBUG] iteration=960, ncalls=1554, regioncalls=46200, ndraw=40, logz=-106792.25, remainder_fraction=100.0000%, Lmin=-106783.21, Lmax=-105893.50
15:36:20 [ultranest] [DEBUG] iteration=991, ncalls=1591, regioncalls=47720, ndraw=40, logz=-106722.45, remainder_fraction=100.0000%, Lmin=-106712.82, Lmax=-105893.50
15:36:20 [ultranest] [DEBUG] iteration=1000, ncalls=1600, regioncalls=48080, ndraw=40, logz=-106694.87, remainder_fraction=100.0000%, Lmin=-106682.77, Lmax=-105892.96
15:36:20 [ultranest] [DEBUG] iteration=1028, ncalls=1641, regioncalls=49720, ndraw=40, logz=-106623.95, remainder_fraction=100.0000%, Lmin=-106611.90, Lmax=-105892.96
15:36:20 [ultranest] [DEBUG] iteration=1040, ncalls=1658, regioncalls=50400, ndraw=40, logz=-106593.60, remainder_fraction=100.0000%, Lmin=-106576.40, Lmax=-105892.96
15:36:20 [ultranest] [DEBUG] iteration=1050, ncalls=1670, regioncalls=50880, ndraw=40, logz=-106572.92, remainder_fraction=100.0000%, Lmin=-106559.59, Lmax=-105892.96
15:36:21 [ultranest] [DEBUG] iteration=1080, ncalls=1707, regioncalls=52400, ndraw=40, logz=-106494.84, remainder_fraction=100.0000%, Lmin=-106482.95, Lmax=-105892.96
15:36:21 [ultranest] [DEBUG] iteration=1113, ncalls=1746, regioncalls=53960, ndraw=40, logz=-106435.82, remainder_fraction=100.0000%, Lmin=-106427.21, Lmax=-105892.96
15:36:21 [ultranest] [DEBUG] iteration=1120, ncalls=1759, regioncalls=54480, ndraw=40, logz=-106427.77, remainder_fraction=100.0000%, Lmin=-106418.80, Lmax=-105892.96
15:36:21 [ultranest] [DEBUG] iteration=1136, ncalls=1782, regioncalls=55400, ndraw=40, logz=-106391.63, remainder_fraction=100.0000%, Lmin=-106381.78, Lmax=-105892.96
15:36:21 [ultranest] [DEBUG] iteration=1160, ncalls=1817, regioncalls=56880, ndraw=40, logz=-106353.75, remainder_fraction=100.0000%, Lmin=-106344.91, Lmax=-105892.96
15:36:21 [ultranest] [DEBUG] iteration=1192, ncalls=1856, regioncalls=58440, ndraw=40, logz=-106309.53, remainder_fraction=100.0000%, Lmin=-106298.70, Lmax=-105891.73
15:36:21 [ultranest] [DEBUG] iteration=1200, ncalls=1864, regioncalls=58760, ndraw=40, logz=-106298.84, remainder_fraction=100.0000%, Lmin=-106289.50, Lmax=-105891.73
15:36:21 [ultranest] [DEBUG] iteration=1229, ncalls=1901, regioncalls=60240, ndraw=40, logz=-106264.08, remainder_fraction=100.0000%, Lmin=-106254.06, Lmax=-105891.73
15:36:21 [ultranest] [DEBUG] iteration=1240, ncalls=1918, regioncalls=60920, ndraw=40, logz=-106251.27, remainder_fraction=100.0000%, Lmin=-106242.21, Lmax=-105891.73
15:36:21 [ultranest] [DEBUG] iteration=1268, ncalls=1959, regioncalls=62560, ndraw=40, logz=-106215.82, remainder_fraction=100.0000%, Lmin=-106206.90, Lmax=-105891.73
15:36:21 [ultranest] [DEBUG] iteration=1280, ncalls=1981, regioncalls=63440, ndraw=40, logz=-106205.90, remainder_fraction=100.0000%, Lmin=-106196.12, Lmax=-105891.73
15:36:21 [ultranest] [DEBUG] iteration=1308, ncalls=2018, regioncalls=64960, ndraw=40, logz=-106184.32, remainder_fraction=100.0000%, Lmin=-106174.37, Lmax=-105891.73
15:36:21 [ultranest] [DEBUG] iteration=1320, ncalls=2034, regioncalls=65640, ndraw=40, logz=-106173.40, remainder_fraction=100.0000%, Lmin=-106164.18, Lmax=-105891.73
15:36:22 [ultranest] [DEBUG] iteration=1351, ncalls=2073, regioncalls=67240, ndraw=40, logz=-106146.32, remainder_fraction=100.0000%, Lmin=-106137.66, Lmax=-105891.73
15:36:22 [ultranest] [DEBUG] iteration=1360, ncalls=2082, regioncalls=67600, ndraw=40, logz=-106137.96, remainder_fraction=100.0000%, Lmin=-106128.71, Lmax=-105891.73
15:36:22 [ultranest] [DEBUG] iteration=1389, ncalls=2123, regioncalls=69240, ndraw=40, logz=-106125.07, remainder_fraction=100.0000%, Lmin=-106116.38, Lmax=-105891.73
15:36:22 [ultranest] [DEBUG] iteration=1394, ncalls=2131, regioncalls=69600, ndraw=40, logz=-106123.03, remainder_fraction=100.0000%, Lmin=-106113.64, Lmax=-105891.73
15:36:22 [ultranest] [DEBUG] iteration=1400, ncalls=2142, regioncalls=70040, ndraw=40, logz=-106117.01, remainder_fraction=100.0000%, Lmin=-106107.93, Lmax=-105891.73
15:36:22 [ultranest] [DEBUG] iteration=1428, ncalls=2182, regioncalls=71760, ndraw=40, logz=-106099.10, remainder_fraction=100.0000%, Lmin=-106088.93, Lmax=-105891.73
15:36:22 [ultranest] [DEBUG] iteration=1440, ncalls=2199, regioncalls=72440, ndraw=40, logz=-106094.12, remainder_fraction=100.0000%, Lmin=-106085.82, Lmax=-105891.73
15:36:22 [ultranest] [DEBUG] iteration=1472, ncalls=2239, regioncalls=74040, ndraw=40, logz=-106078.41, remainder_fraction=100.0000%, Lmin=-106069.12, Lmax=-105891.73
15:36:22 [ultranest] [DEBUG] iteration=1480, ncalls=2252, regioncalls=74560, ndraw=40, logz=-106075.23, remainder_fraction=100.0000%, Lmin=-106065.77, Lmax=-105891.73
15:36:22 [ultranest] [DEBUG] iteration=1514, ncalls=2290, regioncalls=76120, ndraw=40, logz=-106061.51, remainder_fraction=100.0000%, Lmin=-106052.79, Lmax=-105891.73
15:36:22 [ultranest] [DEBUG] iteration=1520, ncalls=2297, regioncalls=76400, ndraw=40, logz=-106059.44, remainder_fraction=100.0000%, Lmin=-106050.56, Lmax=-105891.73
15:36:22 [ultranest] [DEBUG] iteration=1551, ncalls=2336, regioncalls=77960, ndraw=40, logz=-106048.77, remainder_fraction=100.0000%, Lmin=-106040.26, Lmax=-105891.73
15:36:22 [ultranest] [DEBUG] iteration=1560, ncalls=2348, regioncalls=78440, ndraw=40, logz=-106044.74, remainder_fraction=100.0000%, Lmin=-106035.32, Lmax=-105891.73
15:36:22 [ultranest] [DEBUG] iteration=1566, ncalls=2355, regioncalls=78720, ndraw=40, logz=-106042.36, remainder_fraction=100.0000%, Lmin=-106032.83, Lmax=-105891.73
15:36:22 [ultranest] [DEBUG] iteration=1598, ncalls=2395, regioncalls=80360, ndraw=40, logz=-106027.78, remainder_fraction=100.0000%, Lmin=-106018.89, Lmax=-105891.73
15:36:22 [ultranest] [DEBUG] iteration=1600, ncalls=2397, regioncalls=80440, ndraw=40, logz=-106027.32, remainder_fraction=100.0000%, Lmin=-106018.46, Lmax=-105891.73
15:36:22 [ultranest] [DEBUG] iteration=1632, ncalls=2439, regioncalls=82120, ndraw=40, logz=-106017.67, remainder_fraction=100.0000%, Lmin=-106008.90, Lmax=-105891.73
15:36:22 [ultranest] [DEBUG] iteration=1640, ncalls=2450, regioncalls=82560, ndraw=40, logz=-106015.39, remainder_fraction=100.0000%, Lmin=-106005.48, Lmax=-105891.73
15:36:23 [ultranest] [DEBUG] iteration=1665, ncalls=2488, regioncalls=84080, ndraw=40, logz=-106008.06, remainder_fraction=100.0000%, Lmin=-105999.25, Lmax=-105891.73
15:36:23 [ultranest] [DEBUG] iteration=1680, ncalls=2510, regioncalls=84960, ndraw=40, logz=-106004.55, remainder_fraction=100.0000%, Lmin=-105994.93, Lmax=-105891.73
15:36:23 [ultranest] [DEBUG] iteration=1701, ncalls=2537, regioncalls=86040, ndraw=40, logz=-105998.24, remainder_fraction=100.0000%, Lmin=-105989.18, Lmax=-105891.73
15:36:23 [ultranest] [DEBUG] iteration=1720, ncalls=2564, regioncalls=87120, ndraw=40, logz=-105994.46, remainder_fraction=100.0000%, Lmin=-105985.49, Lmax=-105891.73
15:36:23 [ultranest] [DEBUG] iteration=1738, ncalls=2587, regioncalls=88160, ndraw=40, logz=-105990.72, remainder_fraction=100.0000%, Lmin=-105981.62, Lmax=-105891.73
15:36:23 [ultranest] [DEBUG] iteration=1760, ncalls=2612, regioncalls=89200, ndraw=40, logz=-105984.69, remainder_fraction=100.0000%, Lmin=-105975.75, Lmax=-105891.73
15:36:23 [ultranest] [DEBUG] iteration=1793, ncalls=2651, regioncalls=90760, ndraw=40, logz=-105977.28, remainder_fraction=100.0000%, Lmin=-105967.57, Lmax=-105891.73
15:36:23 [ultranest] [DEBUG] iteration=1800, ncalls=2660, regioncalls=91120, ndraw=40, logz=-105975.37, remainder_fraction=100.0000%, Lmin=-105966.18, Lmax=-105891.73
15:36:23 [ultranest] [DEBUG] iteration=1824, ncalls=2695, regioncalls=92520, ndraw=40, logz=-105968.42, remainder_fraction=100.0000%, Lmin=-105958.92, Lmax=-105891.73
15:36:23 [ultranest] [DEBUG] iteration=1840, ncalls=2713, regioncalls=93320, ndraw=40, logz=-105964.87, remainder_fraction=100.0000%, Lmin=-105955.68, Lmax=-105891.73
15:36:23 [ultranest] [DEBUG] iteration=1870, ncalls=2752, regioncalls=94920, ndraw=40, logz=-105960.64, remainder_fraction=100.0000%, Lmin=-105952.32, Lmax=-105891.73
15:36:23 [ultranest] [DEBUG] iteration=1880, ncalls=2762, regioncalls=95320, ndraw=40, logz=-105959.78, remainder_fraction=100.0000%, Lmin=-105951.26, Lmax=-105891.73
15:36:23 [ultranest] [DEBUG] iteration=1910, ncalls=2802, regioncalls=96960, ndraw=40, logz=-105955.16, remainder_fraction=100.0000%, Lmin=-105946.12, Lmax=-105891.73
15:36:23 [ultranest] [DEBUG] iteration=1920, ncalls=2814, regioncalls=97480, ndraw=40, logz=-105953.64, remainder_fraction=100.0000%, Lmin=-105944.46, Lmax=-105891.73
15:36:24 [ultranest] [DEBUG] iteration=1952, ncalls=2853, regioncalls=99040, ndraw=40, logz=-105949.15, remainder_fraction=100.0000%, Lmin=-105939.82, Lmax=-105891.73
15:36:24 [ultranest] [DEBUG] iteration=1960, ncalls=2864, regioncalls=99480, ndraw=40, logz=-105948.10, remainder_fraction=100.0000%, Lmin=-105939.33, Lmax=-105891.73
15:36:24 [ultranest] [DEBUG] iteration=1991, ncalls=2904, regioncalls=101080, ndraw=40, logz=-105945.08, remainder_fraction=100.0000%, Lmin=-105936.19, Lmax=-105891.73
15:36:24 [ultranest] [DEBUG] iteration=1996, ncalls=2909, regioncalls=101320, ndraw=40, logz=-105944.62, remainder_fraction=100.0000%, Lmin=-105935.75, Lmax=-105891.73
15:36:24 [ultranest] [DEBUG] iteration=2000, ncalls=2914, regioncalls=101520, ndraw=40, logz=-105944.22, remainder_fraction=100.0000%, Lmin=-105935.37, Lmax=-105891.73
15:36:24 [ultranest] [DEBUG] iteration=2031, ncalls=2953, regioncalls=103080, ndraw=40, logz=-105941.43, remainder_fraction=100.0000%, Lmin=-105932.40, Lmax=-105891.73
15:36:24 [ultranest] [DEBUG] iteration=2040, ncalls=2962, regioncalls=103440, ndraw=40, logz=-105940.55, remainder_fraction=100.0000%, Lmin=-105931.62, Lmax=-105891.73
15:36:24 [ultranest] [DEBUG] iteration=2071, ncalls=3001, regioncalls=105000, ndraw=40, logz=-105937.47, remainder_fraction=100.0000%, Lmin=-105928.41, Lmax=-105891.64
15:36:24 [ultranest] [DEBUG] iteration=2080, ncalls=3015, regioncalls=105560, ndraw=40, logz=-105936.70, remainder_fraction=100.0000%, Lmin=-105927.67, Lmax=-105891.64
15:36:24 [ultranest] [DEBUG] iteration=2082, ncalls=3017, regioncalls=105640, ndraw=40, logz=-105936.52, remainder_fraction=100.0000%, Lmin=-105927.40, Lmax=-105891.64
15:36:24 [ultranest] [DEBUG] iteration=2112, ncalls=3056, regioncalls=107320, ndraw=40, logz=-105933.65, remainder_fraction=100.0000%, Lmin=-105924.56, Lmax=-105891.64
15:36:24 [ultranest] [DEBUG] iteration=2120, ncalls=3068, regioncalls=107800, ndraw=40, logz=-105932.94, remainder_fraction=100.0000%, Lmin=-105923.67, Lmax=-105891.64
15:36:24 [ultranest] [DEBUG] iteration=2155, ncalls=3106, regioncalls=109320, ndraw=40, logz=-105930.18, remainder_fraction=100.0000%, Lmin=-105921.14, Lmax=-105891.64
15:36:24 [ultranest] [DEBUG] iteration=2160, ncalls=3114, regioncalls=109640, ndraw=40, logz=-105929.81, remainder_fraction=100.0000%, Lmin=-105920.84, Lmax=-105891.64
15:36:24 [ultranest] [DEBUG] iteration=2168, ncalls=3125, regioncalls=110120, ndraw=40, logz=-105929.23, remainder_fraction=100.0000%, Lmin=-105920.23, Lmax=-105891.64
15:36:24 [ultranest] [DEBUG] iteration=2200, ncalls=3163, regioncalls=111680, ndraw=40, logz=-105927.18, remainder_fraction=100.0000%, Lmin=-105918.06, Lmax=-105891.64
15:36:25 [ultranest] [DEBUG] iteration=2234, ncalls=3201, regioncalls=113200, ndraw=40, logz=-105924.68, remainder_fraction=100.0000%, Lmin=-105915.22, Lmax=-105891.64
15:36:25 [ultranest] [DEBUG] iteration=2240, ncalls=3208, regioncalls=113480, ndraw=40, logz=-105924.17, remainder_fraction=100.0000%, Lmin=-105914.92, Lmax=-105891.64
15:36:25 [ultranest] [DEBUG] iteration=2254, ncalls=3226, regioncalls=114280, ndraw=40, logz=-105923.03, remainder_fraction=100.0000%, Lmin=-105913.81, Lmax=-105891.64
15:36:25 [ultranest] [DEBUG] iteration=2280, ncalls=3257, regioncalls=115520, ndraw=40, logz=-105921.66, remainder_fraction=100.0000%, Lmin=-105912.87, Lmax=-105891.64
15:36:25 [ultranest] [DEBUG] iteration=2308, ncalls=3294, regioncalls=117000, ndraw=40, logz=-105920.22, remainder_fraction=100.0000%, Lmin=-105911.42, Lmax=-105891.64
15:36:25 [ultranest] [DEBUG] iteration=2320, ncalls=3308, regioncalls=117560, ndraw=40, logz=-105919.62, remainder_fraction=100.0000%, Lmin=-105910.48, Lmax=-105891.64
15:36:25 [ultranest] [DEBUG] iteration=2340, ncalls=3335, regioncalls=118760, ndraw=40, logz=-105918.64, remainder_fraction=100.0000%, Lmin=-105909.66, Lmax=-105891.64
15:36:25 [ultranest] [DEBUG] iteration=2360, ncalls=3358, regioncalls=119680, ndraw=40, logz=-105917.73, remainder_fraction=100.0000%, Lmin=-105908.61, Lmax=-105891.64
15:36:25 [ultranest] [DEBUG] iteration=2386, ncalls=3399, regioncalls=121320, ndraw=40, logz=-105916.60, remainder_fraction=100.0000%, Lmin=-105907.71, Lmax=-105891.64
15:36:25 [ultranest] [DEBUG] iteration=2400, ncalls=3418, regioncalls=122080, ndraw=40, logz=-105916.12, remainder_fraction=100.0000%, Lmin=-105907.26, Lmax=-105891.64
15:36:25 [ultranest] [DEBUG] iteration=2426, ncalls=3455, regioncalls=123560, ndraw=40, logz=-105915.33, remainder_fraction=100.0000%, Lmin=-105906.45, Lmax=-105891.64
15:36:25 [ultranest] [DEBUG] iteration=2440, ncalls=3472, regioncalls=124240, ndraw=40, logz=-105914.83, remainder_fraction=99.9999%, Lmin=-105905.90, Lmax=-105891.64
15:36:25 [ultranest] [DEBUG] iteration=2473, ncalls=3510, regioncalls=125760, ndraw=40, logz=-105913.70, remainder_fraction=99.9998%, Lmin=-105904.66, Lmax=-105891.64
15:36:25 [ultranest] [DEBUG] iteration=2480, ncalls=3520, regioncalls=126160, ndraw=40, logz=-105913.45, remainder_fraction=99.9998%, Lmin=-105904.35, Lmax=-105891.64
15:36:25 [ultranest] [DEBUG] iteration=2511, ncalls=3559, regioncalls=127720, ndraw=40, logz=-105912.25, remainder_fraction=99.9992%, Lmin=-105902.89, Lmax=-105891.64
15:36:26 [ultranest] [DEBUG] iteration=2520, ncalls=3570, regioncalls=128160, ndraw=40, logz=-105911.91, remainder_fraction=99.9989%, Lmin=-105902.72, Lmax=-105891.64
15:36:26 [ultranest] [DEBUG] iteration=2547, ncalls=3613, regioncalls=129880, ndraw=40, logz=-105911.10, remainder_fraction=99.9976%, Lmin=-105902.05, Lmax=-105891.64
15:36:26 [ultranest] [DEBUG] iteration=2560, ncalls=3629, regioncalls=130520, ndraw=40, logz=-105910.73, remainder_fraction=99.9965%, Lmin=-105901.59, Lmax=-105891.64
15:36:26 [ultranest] [DEBUG] iteration=2585, ncalls=3671, regioncalls=132200, ndraw=40, logz=-105910.08, remainder_fraction=99.9932%, Lmin=-105901.07, Lmax=-105891.63
15:36:26 [ultranest] [DEBUG] iteration=2598, ncalls=3688, regioncalls=132960, ndraw=40, logz=-105909.77, remainder_fraction=99.9907%, Lmin=-105900.80, Lmax=-105891.63
15:36:26 [ultranest] [DEBUG] iteration=2600, ncalls=3690, regioncalls=133040, ndraw=40, logz=-105909.73, remainder_fraction=99.9902%, Lmin=-105900.74, Lmax=-105891.63
15:36:26 [ultranest] [DEBUG] iteration=2630, ncalls=3728, regioncalls=134640, ndraw=40, logz=-105909.07, remainder_fraction=99.9807%, Lmin=-105900.07, Lmax=-105891.63
15:36:26 [ultranest] [DEBUG] iteration=2640, ncalls=3742, regioncalls=135240, ndraw=40, logz=-105908.86, remainder_fraction=99.9759%, Lmin=-105899.85, Lmax=-105891.63
15:36:26 [ultranest] [DEBUG] iteration=2669, ncalls=3783, regioncalls=136880, ndraw=40, logz=-105908.29, remainder_fraction=99.9593%, Lmin=-105899.29, Lmax=-105891.63
15:36:26 [ultranest] [DEBUG] iteration=2680, ncalls=3796, regioncalls=137400, ndraw=40, logz=-105908.08, remainder_fraction=99.9493%, Lmin=-105899.10, Lmax=-105891.63
15:36:26 [ultranest] [DEBUG] iteration=2684, ncalls=3802, regioncalls=137680, ndraw=40, logz=-105908.01, remainder_fraction=99.9457%, Lmin=-105899.01, Lmax=-105891.63
15:36:26 [ultranest] [DEBUG] iteration=2713, ncalls=3842, regioncalls=139280, ndraw=40, logz=-105907.48, remainder_fraction=99.9090%, Lmin=-105898.49, Lmax=-105891.63
15:36:26 [ultranest] [DEBUG] iteration=2720, ncalls=3852, regioncalls=139680, ndraw=40, logz=-105907.36, remainder_fraction=99.8963%, Lmin=-105898.40, Lmax=-105891.63
15:36:26 [ultranest] [DEBUG] iteration=2751, ncalls=3892, regioncalls=141280, ndraw=40, logz=-105906.88, remainder_fraction=99.8245%, Lmin=-105897.89, Lmax=-105891.63
15:36:26 [ultranest] [DEBUG] iteration=2760, ncalls=3903, regioncalls=141720, ndraw=40, logz=-105906.73, remainder_fraction=99.7941%, Lmin=-105897.56, Lmax=-105891.63
15:36:26 [ultranest] [DEBUG] iteration=2770, ncalls=3913, regioncalls=142160, ndraw=40, logz=-105906.55, remainder_fraction=99.7494%, Lmin=-105897.39, Lmax=-105891.63
15:36:26 [ultranest] [DEBUG] iteration=2800, ncalls=3949, regioncalls=143600, ndraw=40, logz=-105906.04, remainder_fraction=99.5837%, Lmin=-105896.86, Lmax=-105891.63
15:36:27 [ultranest] [DEBUG] iteration=2832, ncalls=3988, regioncalls=145160, ndraw=40, logz=-105905.55, remainder_fraction=99.3000%, Lmin=-105896.47, Lmax=-105891.63
15:36:27 [ultranest] [DEBUG] iteration=2840, ncalls=3997, regioncalls=145520, ndraw=40, logz=-105905.45, remainder_fraction=99.2127%, Lmin=-105896.39, Lmax=-105891.63
15:36:27 [ultranest] [DEBUG] iteration=2870, ncalls=4033, regioncalls=146960, ndraw=40, logz=-105905.06, remainder_fraction=98.8128%, Lmin=-105895.94, Lmax=-105891.63
15:36:27 [ultranest] [DEBUG] iteration=2880, ncalls=4049, regioncalls=147600, ndraw=40, logz=-105904.94, remainder_fraction=98.6839%, Lmin=-105895.88, Lmax=-105891.63
15:36:27 [ultranest] [DEBUG] iteration=2911, ncalls=4089, regioncalls=149200, ndraw=40, logz=-105904.59, remainder_fraction=98.0868%, Lmin=-105895.53, Lmax=-105891.63
15:36:27 [ultranest] [DEBUG] iteration=2920, ncalls=4102, regioncalls=149720, ndraw=40, logz=-105904.49, remainder_fraction=97.8881%, Lmin=-105895.44, Lmax=-105891.63
15:36:27 [ultranest] [DEBUG] iteration=2942, ncalls=4136, regioncalls=151120, ndraw=40, logz=-105904.26, remainder_fraction=97.3552%, Lmin=-105895.25, Lmax=-105891.63
15:36:27 [ultranest] [DEBUG] iteration=2960, ncalls=4158, regioncalls=152000, ndraw=40, logz=-105904.09, remainder_fraction=96.9324%, Lmin=-105895.06, Lmax=-105891.63
15:36:27 [ultranest] [DEBUG] iteration=2993, ncalls=4198, regioncalls=153600, ndraw=40, logz=-105903.80, remainder_fraction=95.8315%, Lmin=-105894.80, Lmax=-105891.63
15:36:27 [ultranest] [DEBUG] iteration=3000, ncalls=4207, regioncalls=153960, ndraw=40, logz=-105903.74, remainder_fraction=95.5660%, Lmin=-105894.75, Lmax=-105891.63
15:36:27 [ultranest] [DEBUG] iteration=3029, ncalls=4245, regioncalls=155480, ndraw=40, logz=-105903.52, remainder_fraction=94.4544%, Lmin=-105894.53, Lmax=-105891.63
15:36:27 [ultranest] [DEBUG] iteration=3040, ncalls=4257, regioncalls=155960, ndraw=40, logz=-105903.43, remainder_fraction=93.9775%, Lmin=-105894.44, Lmax=-105891.63
15:36:27 [ultranest] [DEBUG] iteration=3072, ncalls=4297, regioncalls=157560, ndraw=40, logz=-105903.21, remainder_fraction=92.4903%, Lmin=-105894.22, Lmax=-105891.63
15:36:27 [ultranest] [DEBUG] iteration=3080, ncalls=4307, regioncalls=157960, ndraw=40, logz=-105903.16, remainder_fraction=92.1048%, Lmin=-105894.15, Lmax=-105891.63
15:36:28 [ultranest] [DEBUG] iteration=3111, ncalls=4347, regioncalls=159560, ndraw=40, logz=-105902.95, remainder_fraction=90.1943%, Lmin=-105893.92, Lmax=-105891.63
15:36:28 [ultranest] [DEBUG] iteration=3114, ncalls=4350, regioncalls=159720, ndraw=40, logz=-105902.93, remainder_fraction=89.9699%, Lmin=-105893.90, Lmax=-105891.63
15:36:28 [ultranest] [DEBUG] iteration=3120, ncalls=4358, regioncalls=160120, ndraw=40, logz=-105902.90, remainder_fraction=89.6242%, Lmin=-105893.88, Lmax=-105891.63
15:36:28 [ultranest] [DEBUG] iteration=3154, ncalls=4396, regioncalls=161640, ndraw=40, logz=-105902.70, remainder_fraction=87.3207%, Lmin=-105893.69, Lmax=-105891.63
15:36:28 [ultranest] [DEBUG] iteration=3160, ncalls=4404, regioncalls=161960, ndraw=40, logz=-105902.66, remainder_fraction=86.8464%, Lmin=-105893.65, Lmax=-105891.63
15:36:28 [ultranest] [DEBUG] iteration=3189, ncalls=4444, regioncalls=163560, ndraw=40, logz=-105902.51, remainder_fraction=84.6428%, Lmin=-105893.50, Lmax=-105891.63
15:36:28 [ultranest] [DEBUG] iteration=3200, ncalls=4458, regioncalls=164160, ndraw=40, logz=-105902.46, remainder_fraction=83.8376%, Lmin=-105893.45, Lmax=-105891.63
15:36:28 [ultranest] [DEBUG] iteration=3233, ncalls=4497, regioncalls=165760, ndraw=40, logz=-105902.31, remainder_fraction=81.2568%, Lmin=-105893.32, Lmax=-105891.63
15:36:28 [ultranest] [DEBUG] iteration=3240, ncalls=4504, regioncalls=166040, ndraw=40, logz=-105902.27, remainder_fraction=80.6615%, Lmin=-105893.28, Lmax=-105891.63
15:36:28 [ultranest] [DEBUG] iteration=3269, ncalls=4544, regioncalls=167640, ndraw=40, logz=-105902.15, remainder_fraction=78.3962%, Lmin=-105893.16, Lmax=-105891.63
15:36:28 [ultranest] [DEBUG] iteration=3280, ncalls=4560, regioncalls=168280, ndraw=40, logz=-105902.11, remainder_fraction=77.4176%, Lmin=-105893.11, Lmax=-105891.63
15:36:28 [ultranest] [DEBUG] iteration=3286, ncalls=4568, regioncalls=168680, ndraw=40, logz=-105902.08, remainder_fraction=76.8964%, Lmin=-105893.08, Lmax=-105891.63
15:36:28 [ultranest] [DEBUG] iteration=3313, ncalls=4608, regioncalls=170280, ndraw=40, logz=-105901.98, remainder_fraction=74.4263%, Lmin=-105893.00, Lmax=-105891.63
15:36:28 [ultranest] [DEBUG] iteration=3320, ncalls=4622, regioncalls=170840, ndraw=40, logz=-105901.96, remainder_fraction=73.7630%, Lmin=-105892.98, Lmax=-105891.63
15:36:28 [ultranest] [DEBUG] iteration=3350, ncalls=4661, regioncalls=172400, ndraw=40, logz=-105901.86, remainder_fraction=71.1260%, Lmin=-105892.90, Lmax=-105891.63
15:36:28 [ultranest] [DEBUG] iteration=3360, ncalls=4676, regioncalls=173000, ndraw=40, logz=-105901.83, remainder_fraction=70.2897%, Lmin=-105892.86, Lmax=-105891.63
15:36:28 [ultranest] [DEBUG] iteration=3372, ncalls=4698, regioncalls=174000, ndraw=40, logz=-105901.79, remainder_fraction=69.3368%, Lmin=-105892.80, Lmax=-105891.63
15:36:29 [ultranest] [DEBUG] iteration=3400, ncalls=4730, regioncalls=175320, ndraw=40, logz=-105901.71, remainder_fraction=66.7546%, Lmin=-105892.72, Lmax=-105891.63
15:36:29 [ultranest] [DEBUG] iteration=3430, ncalls=4769, regioncalls=176880, ndraw=40, logz=-105901.62, remainder_fraction=63.7598%, Lmin=-105892.63, Lmax=-105891.63
15:36:29 [ultranest] [DEBUG] iteration=3440, ncalls=4782, regioncalls=177400, ndraw=40, logz=-105901.60, remainder_fraction=62.8114%, Lmin=-105892.61, Lmax=-105891.63
15:36:29 [ultranest] [DEBUG] iteration=3458, ncalls=4808, regioncalls=178520, ndraw=40, logz=-105901.55, remainder_fraction=61.1549%, Lmin=-105892.54, Lmax=-105891.63
15:36:29 [ultranest] [DEBUG] iteration=3480, ncalls=4833, regioncalls=179520, ndraw=40, logz=-105901.50, remainder_fraction=59.1008%, Lmin=-105892.51, Lmax=-105891.63
15:36:29 [ultranest] [DEBUG] iteration=3514, ncalls=4875, regioncalls=181200, ndraw=40, logz=-105901.42, remainder_fraction=55.9265%, Lmin=-105892.42, Lmax=-105891.63
15:36:29 [ultranest] [DEBUG] iteration=3520, ncalls=4886, regioncalls=181640, ndraw=40, logz=-105901.41, remainder_fraction=55.3752%, Lmin=-105892.41, Lmax=-105891.63
15:36:29 [ultranest] [DEBUG] iteration=3544, ncalls=4916, regioncalls=182960, ndraw=40, logz=-105901.36, remainder_fraction=53.1796%, Lmin=-105892.37, Lmax=-105891.63
15:36:29 [ultranest] [DEBUG] iteration=3560, ncalls=4933, regioncalls=183680, ndraw=40, logz=-105901.33, remainder_fraction=51.6851%, Lmin=-105892.33, Lmax=-105891.63
15:36:29 [ultranest] [DEBUG] iteration=3592, ncalls=4971, regioncalls=185200, ndraw=40, logz=-105901.27, remainder_fraction=48.7028%, Lmin=-105892.26, Lmax=-105891.63
15:36:29 [ultranest] [DEBUG] iteration=3600, ncalls=4983, regioncalls=185680, ndraw=40, logz=-105901.26, remainder_fraction=47.9868%, Lmin=-105892.24, Lmax=-105891.63
15:36:29 [ultranest] [DEBUG] iteration=3629, ncalls=5022, regioncalls=187240, ndraw=40, logz=-105901.21, remainder_fraction=45.3917%, Lmin=-105892.20, Lmax=-105891.63
15:36:29 [ultranest] [DEBUG] iteration=3630, ncalls=5024, regioncalls=187400, ndraw=40, logz=-105901.21, remainder_fraction=45.3156%, Lmin=-105892.20, Lmax=-105891.63
15:36:29 [ultranest] [DEBUG] iteration=3640, ncalls=5040, regioncalls=188040, ndraw=40, logz=-105901.19, remainder_fraction=44.4488%, Lmin=-105892.19, Lmax=-105891.63
15:36:29 [ultranest] [DEBUG] iteration=3670, ncalls=5079, regioncalls=189600, ndraw=40, logz=-105901.15, remainder_fraction=41.8096%, Lmin=-105892.15, Lmax=-105891.63
15:36:30 [ultranest] [DEBUG] iteration=3680, ncalls=5093, regioncalls=190160, ndraw=40, logz=-105901.13, remainder_fraction=40.9899%, Lmin=-105892.13, Lmax=-105891.63
15:36:30 [ultranest] [DEBUG] iteration=3709, ncalls=5133, regioncalls=191760, ndraw=40, logz=-105901.09, remainder_fraction=38.7814%, Lmin=-105892.09, Lmax=-105891.63
15:36:30 [ultranest] [DEBUG] iteration=3716, ncalls=5143, regioncalls=192200, ndraw=40, logz=-105901.09, remainder_fraction=38.2551%, Lmin=-105892.08, Lmax=-105891.63
15:36:30 [ultranest] [DEBUG] iteration=3720, ncalls=5147, regioncalls=192360, ndraw=40, logz=-105901.08, remainder_fraction=37.9095%, Lmin=-105892.08, Lmax=-105891.63
15:36:30 [ultranest] [DEBUG] iteration=3754, ncalls=5185, regioncalls=193880, ndraw=40, logz=-105901.04, remainder_fraction=35.2871%, Lmin=-105892.04, Lmax=-105891.63
15:36:30 [ultranest] [DEBUG] iteration=3760, ncalls=5193, regioncalls=194200, ndraw=40, logz=-105901.03, remainder_fraction=34.8314%, Lmin=-105892.03, Lmax=-105891.63
15:36:30 [ultranest] [DEBUG] iteration=3791, ncalls=5235, regioncalls=195880, ndraw=40, logz=-105901.00, remainder_fraction=32.6042%, Lmin=-105891.99, Lmax=-105891.63
15:36:30 [ultranest] [DEBUG] iteration=3800, ncalls=5250, regioncalls=196480, ndraw=40, logz=-105900.99, remainder_fraction=31.9731%, Lmin=-105891.98, Lmax=-105891.63
15:36:30 [ultranest] [DEBUG] iteration=3802, ncalls=5252, regioncalls=196600, ndraw=40, logz=-105900.99, remainder_fraction=31.8254%, Lmin=-105891.98, Lmax=-105891.63
15:36:30 [ultranest] [DEBUG] iteration=3833, ncalls=5291, regioncalls=198160, ndraw=40, logz=-105900.96, remainder_fraction=29.7192%, Lmin=-105891.95, Lmax=-105891.63
15:36:30 [ultranest] [DEBUG] iteration=3840, ncalls=5299, regioncalls=198480, ndraw=40, logz=-105900.95, remainder_fraction=29.2767%, Lmin=-105891.94, Lmax=-105891.63
15:36:30 [ultranest] [DEBUG] iteration=3868, ncalls=5339, regioncalls=200080, ndraw=40, logz=-105900.93, remainder_fraction=27.4861%, Lmin=-105891.92, Lmax=-105891.63
15:36:30 [ultranest] [DEBUG] iteration=3880, ncalls=5351, regioncalls=200560, ndraw=40, logz=-105900.92, remainder_fraction=26.7460%, Lmin=-105891.91, Lmax=-105891.63
15:36:30 [ultranest] [DEBUG] iteration=3888, ncalls=5360, regioncalls=201000, ndraw=40, logz=-105900.91, remainder_fraction=26.2561%, Lmin=-105891.91, Lmax=-105891.63
15:36:30 [ultranest] [DEBUG] iteration=3920, ncalls=5399, regioncalls=202560, ndraw=40, logz=-105900.89, remainder_fraction=24.4037%, Lmin=-105891.89, Lmax=-105891.63
15:36:30 [ultranest] [DEBUG] iteration=3951, ncalls=5438, regioncalls=204120, ndraw=40, logz=-105900.86, remainder_fraction=22.7293%, Lmin=-105891.87, Lmax=-105891.63
15:36:30 [ultranest] [DEBUG] iteration=3960, ncalls=5452, regioncalls=204680, ndraw=40, logz=-105900.86, remainder_fraction=22.2674%, Lmin=-105891.87, Lmax=-105891.63
15:36:31 [ultranest] [DEBUG] iteration=3974, ncalls=5469, regioncalls=205440, ndraw=40, logz=-105900.85, remainder_fraction=21.5732%, Lmin=-105891.86, Lmax=-105891.63
15:36:31 [ultranest] [DEBUG] iteration=4000, ncalls=5503, regioncalls=206800, ndraw=40, logz=-105900.83, remainder_fraction=20.2906%, Lmin=-105891.84, Lmax=-105891.63
15:36:31 [ultranest] [DEBUG] iteration=4030, ncalls=5544, regioncalls=208440, ndraw=40, logz=-105900.81, remainder_fraction=18.9078%, Lmin=-105891.82, Lmax=-105891.63
15:36:31 [ultranest] [DEBUG] iteration=4040, ncalls=5563, regioncalls=209200, ndraw=40, logz=-105900.81, remainder_fraction=18.4654%, Lmin=-105891.82, Lmax=-105891.63
15:36:31 [ultranest] [DEBUG] iteration=4060, ncalls=5597, regioncalls=210680, ndraw=40, logz=-105900.80, remainder_fraction=17.6075%, Lmin=-105891.81, Lmax=-105891.63
15:36:31 [ultranest] [DEBUG] iteration=4080, ncalls=5618, regioncalls=211520, ndraw=40, logz=-105900.79, remainder_fraction=16.7796%, Lmin=-105891.80, Lmax=-105891.63
15:36:31 [ultranest] [DEBUG] iteration=4108, ncalls=5658, regioncalls=213120, ndraw=40, logz=-105900.78, remainder_fraction=15.6806%, Lmin=-105891.79, Lmax=-105891.63
15:36:31 [ultranest] [DEBUG] iteration=4120, ncalls=5671, regioncalls=213640, ndraw=40, logz=-105900.77, remainder_fraction=15.2249%, Lmin=-105891.78, Lmax=-105891.63
15:36:31 [ultranest] [DEBUG] iteration=4146, ncalls=5703, regioncalls=214960, ndraw=40, logz=-105900.76, remainder_fraction=14.2943%, Lmin=-105891.77, Lmax=-105891.63
15:36:31 [ultranest] [DEBUG] iteration=4160, ncalls=5717, regioncalls=215520, ndraw=40, logz=-105900.75, remainder_fraction=13.8176%, Lmin=-105891.77, Lmax=-105891.63
15:36:31 [ultranest] [DEBUG] iteration=4193, ncalls=5756, regioncalls=217080, ndraw=40, logz=-105900.74, remainder_fraction=12.7411%, Lmin=-105891.76, Lmax=-105891.63
15:36:31 [ultranest] [DEBUG] iteration=4200, ncalls=5764, regioncalls=217400, ndraw=40, logz=-105900.74, remainder_fraction=12.5248%, Lmin=-105891.76, Lmax=-105891.63
15:36:31 [ultranest] [DEBUG] iteration=4229, ncalls=5803, regioncalls=218960, ndraw=40, logz=-105900.73, remainder_fraction=11.6664%, Lmin=-105891.74, Lmax=-105891.63
15:36:31 [ultranest] [DEBUG] iteration=4232, ncalls=5807, regioncalls=219160, ndraw=40, logz=-105900.73, remainder_fraction=11.5834%, Lmin=-105891.74, Lmax=-105891.63
15:36:31 [ultranest] [DEBUG] iteration=4240, ncalls=5815, regioncalls=219480, ndraw=40, logz=-105900.73, remainder_fraction=11.3583%, Lmin=-105891.74, Lmax=-105891.63
15:36:32 [ultranest] [DEBUG] iteration=4272, ncalls=5854, regioncalls=221040, ndraw=40, logz=-105900.72, remainder_fraction=10.4955%, Lmin=-105891.73, Lmax=-105891.63
15:36:32 [ultranest] [DEBUG] iteration=4280, ncalls=5867, regioncalls=221560, ndraw=40, logz=-105900.71, remainder_fraction=10.2921%, Lmin=-105891.73, Lmax=-105891.63
15:36:32 [ultranest] [DEBUG] iteration=4311, ncalls=5906, regioncalls=223120, ndraw=40, logz=-105900.71, remainder_fraction=9.5259%, Lmin=-105891.72, Lmax=-105891.63
15:36:32 [ultranest] [DEBUG] iteration=4318, ncalls=5920, regioncalls=223760, ndraw=40, logz=-105900.70, remainder_fraction=9.3593%, Lmin=-105891.72, Lmax=-105891.63
15:36:32 [ultranest] [DEBUG] iteration=4320, ncalls=5923, regioncalls=223880, ndraw=40, logz=-105900.70, remainder_fraction=9.3114%, Lmin=-105891.72, Lmax=-105891.63
15:36:32 [ultranest] [DEBUG] iteration=4350, ncalls=5962, regioncalls=225440, ndraw=40, logz=-105900.70, remainder_fraction=8.6333%, Lmin=-105891.71, Lmax=-105891.63
15:36:32 [ultranest] [DEBUG] iteration=4360, ncalls=5975, regioncalls=225960, ndraw=40, logz=-105900.69, remainder_fraction=8.4190%, Lmin=-105891.71, Lmax=-105891.63
15:36:32 [ultranest] [DEBUG] iteration=4387, ncalls=6016, regioncalls=227600, ndraw=40, logz=-105900.69, remainder_fraction=7.8653%, Lmin=-105891.70, Lmax=-105891.63
15:36:32 [ultranest] [DEBUG] iteration=4400, ncalls=6037, regioncalls=228440, ndraw=40, logz=-105900.68, remainder_fraction=7.6089%, Lmin=-105891.70, Lmax=-105891.63
15:36:32 [ultranest] [DEBUG] iteration=4404, ncalls=6043, regioncalls=228760, ndraw=40, logz=-105900.68, remainder_fraction=7.5325%, Lmin=-105891.70, Lmax=-105891.63
15:36:32 [ultranest] [DEBUG] iteration=4434, ncalls=6080, regioncalls=230360, ndraw=40, logz=-105900.68, remainder_fraction=6.9822%, Lmin=-105891.69, Lmax=-105891.63
15:36:32 [ultranest] [DEBUG] iteration=4440, ncalls=6090, regioncalls=230760, ndraw=40, logz=-105900.68, remainder_fraction=6.8777%, Lmin=-105891.69, Lmax=-105891.63
15:36:32 [ultranest] [DEBUG] iteration=4472, ncalls=6129, regioncalls=232320, ndraw=40, logz=-105900.67, remainder_fraction=6.3430%, Lmin=-105891.69, Lmax=-105891.63
15:36:32 [ultranest] [DEBUG] iteration=4480, ncalls=6145, regioncalls=232960, ndraw=40, logz=-105900.67, remainder_fraction=6.2154%, Lmin=-105891.69, Lmax=-105891.63
15:36:32 [ultranest] [DEBUG] iteration=4490, ncalls=6159, regioncalls=233560, ndraw=40, logz=-105900.67, remainder_fraction=6.0599%, Lmin=-105891.69, Lmax=-105891.63
15:36:32 [ultranest] [DEBUG] iteration=4520, ncalls=6195, regioncalls=235000, ndraw=40, logz=-105900.66, remainder_fraction=5.6154%, Lmin=-105891.68, Lmax=-105891.63
15:36:33 [ultranest] [DEBUG] iteration=4550, ncalls=6234, regioncalls=236560, ndraw=40, logz=-105900.66, remainder_fraction=5.2030%, Lmin=-105891.68, Lmax=-105891.63
15:36:33 [ultranest] [DEBUG] iteration=4560, ncalls=6247, regioncalls=237080, ndraw=40, logz=-105900.66, remainder_fraction=5.0712%, Lmin=-105891.68, Lmax=-105891.63
15:36:33 [ultranest] [DEBUG] iteration=4576, ncalls=6267, regioncalls=237920, ndraw=40, logz=-105900.66, remainder_fraction=4.8678%, Lmin=-105891.67, Lmax=-105891.63
15:36:33 [ultranest] [DEBUG] iteration=4600, ncalls=6296, regioncalls=239080, ndraw=40, logz=-105900.65, remainder_fraction=4.5784%, Lmin=-105891.67, Lmax=-105891.63
15:36:33 [ultranest] [DEBUG] iteration=4633, ncalls=6334, regioncalls=240600, ndraw=40, logz=-105900.65, remainder_fraction=4.2074%, Lmin=-105891.67, Lmax=-105891.63
15:36:33 [ultranest] [DEBUG] iteration=4640, ncalls=6343, regioncalls=240960, ndraw=40, logz=-105900.65, remainder_fraction=4.1329%, Lmin=-105891.67, Lmax=-105891.63
15:36:33 [ultranest] [DEBUG] iteration=4662, ncalls=6372, regioncalls=242160, ndraw=40, logz=-105900.65, remainder_fraction=3.9065%, Lmin=-105891.66, Lmax=-105891.63
15:36:33 [ultranest] [DEBUG] iteration=4680, ncalls=6393, regioncalls=243000, ndraw=40, logz=-105900.64, remainder_fraction=3.7297%, Lmin=-105891.66, Lmax=-105891.63
15:36:33 [ultranest] [DEBUG] iteration=4711, ncalls=6432, regioncalls=244560, ndraw=40, logz=-105900.64, remainder_fraction=3.4439%, Lmin=-105891.66, Lmax=-105891.63
15:36:33 [ultranest] [DEBUG] iteration=4720, ncalls=6442, regioncalls=244960, ndraw=40, logz=-105900.64, remainder_fraction=3.3648%, Lmin=-105891.66, Lmax=-105891.63
15:36:33 [ultranest] [DEBUG] iteration=4747, ncalls=6482, regioncalls=246560, ndraw=40, logz=-105900.64, remainder_fraction=3.1385%, Lmin=-105891.66, Lmax=-105891.63
15:36:33 [ultranest] [DEBUG] iteration=4748, ncalls=6484, regioncalls=246720, ndraw=40, logz=-105900.64, remainder_fraction=3.1303%, Lmin=-105891.66, Lmax=-105891.63
15:36:33 [ultranest] [DEBUG] iteration=4760, ncalls=6497, regioncalls=247240, ndraw=40, logz=-105900.64, remainder_fraction=3.0351%, Lmin=-105891.65, Lmax=-105891.63
15:36:33 [ultranest] [DEBUG] iteration=4792, ncalls=6535, regioncalls=248760, ndraw=40, logz=-105900.63, remainder_fraction=2.7947%, Lmin=-105891.65, Lmax=-105891.63
15:36:33 [ultranest] [DEBUG] iteration=4800, ncalls=6544, regioncalls=249120, ndraw=40, logz=-105900.63, remainder_fraction=2.7373%, Lmin=-105891.65, Lmax=-105891.63
15:36:33 [ultranest] [DEBUG] iteration=4832, ncalls=6584, regioncalls=250720, ndraw=40, logz=-105900.63, remainder_fraction=2.5199%, Lmin=-105891.65, Lmax=-105891.63
15:36:34 [ultranest] [DEBUG] iteration=4834, ncalls=6587, regioncalls=250880, ndraw=40, logz=-105900.63, remainder_fraction=2.5069%, Lmin=-105891.65, Lmax=-105891.63
15:36:34 [ultranest] [DEBUG] iteration=4840, ncalls=6593, regioncalls=251120, ndraw=40, logz=-105900.63, remainder_fraction=2.4683%, Lmin=-105891.65, Lmax=-105891.63
15:36:34 [ultranest] [DEBUG] iteration=4871, ncalls=6631, regioncalls=252640, ndraw=40, logz=-105900.63, remainder_fraction=2.2781%, Lmin=-105891.65, Lmax=-105891.63
15:36:34 [ultranest] [DEBUG] iteration=4880, ncalls=6644, regioncalls=253160, ndraw=40, logz=-105900.63, remainder_fraction=2.2256%, Lmin=-105891.65, Lmax=-105891.63
15:36:34 [ultranest] [DEBUG] iteration=4906, ncalls=6684, regioncalls=254760, ndraw=40, logz=-105900.63, remainder_fraction=2.0806%, Lmin=-105891.65, Lmax=-105891.63
15:36:34 [ultranest] [DEBUG] iteration=4920, ncalls=6701, regioncalls=255480, ndraw=40, logz=-105900.63, remainder_fraction=2.0066%, Lmin=-105891.64, Lmax=-105891.63
15:36:34 [ultranest] [DEBUG] iteration=4951, ncalls=6740, regioncalls=257040, ndraw=40, logz=-105900.62, remainder_fraction=1.8516%, Lmin=-105891.64, Lmax=-105891.63
15:36:34 [ultranest] [DEBUG] iteration=4960, ncalls=6753, regioncalls=257560, ndraw=40, logz=-105900.62, remainder_fraction=1.8089%, Lmin=-105891.64, Lmax=-105891.63
15:36:34 [ultranest] [DEBUG] iteration=4992, ncalls=6791, regioncalls=259080, ndraw=40, logz=-105900.62, remainder_fraction=1.6650%, Lmin=-105891.64, Lmax=-105891.63
15:36:34 [ultranest] [DEBUG] iteration=5000, ncalls=6801, regioncalls=259480, ndraw=40, logz=-105900.62, remainder_fraction=1.6307%, Lmin=-105891.64, Lmax=-105891.63
15:36:34 [ultranest] [DEBUG] iteration=5027, ncalls=6837, regioncalls=260920, ndraw=40, logz=-105900.62, remainder_fraction=1.5201%, Lmin=-105891.64, Lmax=-105891.63
15:36:34 [ultranest] [DEBUG] iteration=5040, ncalls=6854, regioncalls=261600, ndraw=40, logz=-105900.62, remainder_fraction=1.4696%, Lmin=-105891.64, Lmax=-105891.63
15:36:34 [ultranest] [DEBUG] iteration=5068, ncalls=6894, regioncalls=263200, ndraw=40, logz=-105900.62, remainder_fraction=1.3663%, Lmin=-105891.64, Lmax=-105891.63
15:36:34 [ultranest] [DEBUG] iteration=5080, ncalls=6914, regioncalls=264000, ndraw=40, logz=-105900.62, remainder_fraction=1.3242%, Lmin=-105891.64, Lmax=-105891.63
15:36:34 [ultranest] [DEBUG] iteration=5092, ncalls=6926, regioncalls=264520, ndraw=40, logz=-105900.62, remainder_fraction=1.2835%, Lmin=-105891.64, Lmax=-105891.63
15:36:34 [ultranest] [DEBUG] iteration=5120, ncalls=6960, regioncalls=265880, ndraw=40, logz=-105900.62, remainder_fraction=1.1932%, Lmin=-105891.64, Lmax=-105891.63
15:36:35 [ultranest] [DEBUG] iteration=5152, ncalls=6999, regioncalls=267440, ndraw=40, logz=-105900.62, remainder_fraction=1.0979%, Lmin=-105891.64, Lmax=-105891.63
15:36:35 [ultranest] [DEBUG] iteration=5160, ncalls=7008, regioncalls=267800, ndraw=40, logz=-105900.62, remainder_fraction=1.0752%, Lmin=-105891.64, Lmax=-105891.63
15:36:35 [ultranest] [DEBUG] iteration=5178, ncalls=7035, regioncalls=268920, ndraw=40, logz=-105900.62, remainder_fraction=1.0260%, Lmin=-105891.64, Lmax=-105891.63
15:36:35 [ultranest] [INFO] Explored until L=-1e+05  
15:36:35 [ultranest] [INFO] Likelihood function evaluations: 7047
15:36:36 [ultranest] [INFO] Writing samples and results to disk ...
15:36:36 [ultranest] [INFO] Writing samples and results to disk ... done
15:36:36 [ultranest] [DEBUG] did a run_iter pass!
15:36:36 [ultranest] [INFO]   logZ = -1.059e+05 +- 0.09819
15:36:36 [ultranest] [INFO] Effective samples strategy satisfied (ESS = 1523.5, need >400)
15:36:36 [ultranest] [INFO] Posterior uncertainty strategy is satisfied (KL: 0.46+-0.08 nat, need <0.50 nat)
15:36:36 [ultranest] [INFO] Evidency uncertainty strategy is satisfied (dlogz=0.10, need <0.5)
15:36:36 [ultranest] [INFO]   logZ error budget: single: 0.14 bs:0.10 tail:0.01 total:0.10 required:<0.50
15:36:36 [ultranest] [INFO] done iterating.
15:36:36 [ultranest] [DEBUG] Making corner plot ...
15:36:36 [ultranest] [DEBUG] Making corner plot ... done
15:36:36 [ultranest] [DEBUG] Making run plot ... 
15:36:37 [ultranest] [DEBUG] Making run plot ... done
15:36:37 [ultranest] [DEBUG] Making trace plot ... 
15:36:38 [ultranest] [DEBUG] Making trace plot ... done
