15:16:48 [ultranest] [DEBUG] ReactiveNestedSampler: dims=3+0, resume=False, log_dir=./m-values/N24/S24/M24/T031/P02/NF3/sample_rho, backend=hdf5, vectorized=False, nbootstraps=30, ndraw=128..65536
15:16:48 [ultranest] [INFO] Sampling 400 live points from prior ...
15:16:50 [ultranest] [DEBUG] run_iter dlogz=0.5, dKL=0.5, frac_remain=0.01, Lepsilon=0.0010, min_ess=400
15:16:50 [ultranest] [DEBUG] max_iters=-1, max_ncalls=-1, max_num_improvement_loops=-1, min_num_live_points=400, cluster_num_live_points=40
15:16:50 [ultranest] [DEBUG] minimal_widths_sequence: [(-inf, 400.0), (inf, 400.0)]
15:16:50 [ultranest] [DEBUG] Plateau detected at L=-1.356683e+07, not replacing live point.
15:16:50 [ultranest] [DEBUG] Plateau detected at L=-1.356683e+07, not replacing live point.
15:16:50 [ultranest] [DEBUG] Plateau detected at L=-1.356683e+07, not replacing live point.
15:16:50 [ultranest] [DEBUG] Plateau detected at L=-1.356683e+07, not replacing live point.
15:16:50 [ultranest] [DEBUG] Plateau detected at L=-1.356683e+07, not replacing live point.
15:16:50 [ultranest] [DEBUG] Plateau detected at L=-1.356683e+07, not replacing live point.
15:16:50 [ultranest] [DEBUG] Plateau detected at L=-1.356683e+07, not replacing live point.
15:16:50 [ultranest] [DEBUG] Plateau detected at L=-1.356683e+07, not replacing live point.
15:16:50 [ultranest] [DEBUG] Plateau detected at L=-1.356683e+07, not replacing live point.
15:16:50 [ultranest] [DEBUG] Plateau detected at L=-1.356683e+07, not replacing live point.
15:16:50 [ultranest] [DEBUG] Plateau detected at L=-1.356683e+07, not replacing live point.
15:16:50 [ultranest] [DEBUG] Plateau detected at L=-1.356683e+07, not replacing live point.
15:16:50 [ultranest] [DEBUG] Plateau detected at L=-1.356683e+07, not replacing live point.
15:16:50 [ultranest] [DEBUG] Plateau detected at L=-1.356683e+07, not replacing live point.
15:16:50 [ultranest] [DEBUG] Plateau detected at L=-1.356683e+07, not replacing live point.
15:16:50 [ultranest] [DEBUG] Plateau detected at L=-1.356683e+07, not replacing live point.
15:16:50 [ultranest] [DEBUG] Plateau detected at L=-1.356683e+07, not replacing live point.
15:16:50 [ultranest] [DEBUG] Plateau detected at L=-1.356683e+07, not replacing live point.
15:16:50 [ultranest] [DEBUG] Plateau detected at L=-1.356683e+07, not replacing live point.
15:16:50 [ultranest] [DEBUG] Plateau detected at L=-1.356683e+07, not replacing live point.
15:16:50 [ultranest] [DEBUG] Plateau detected at L=-1.356683e+07, not replacing live point.
15:16:50 [ultranest] [DEBUG] Plateau detected at L=-1.356683e+07, not replacing live point.
15:16:50 [ultranest] [DEBUG] Plateau detected at L=-1.356683e+07, not replacing live point.
15:16:50 [ultranest] [DEBUG] Plateau detected at L=-1.356683e+07, not replacing live point.
15:16:50 [ultranest] [DEBUG] Plateau detected at L=-1.356683e+07, not replacing live point.
15:16:50 [ultranest] [DEBUG] Plateau detected at L=-1.356683e+07, not replacing live point.
15:16:50 [ultranest] [DEBUG] Plateau detected at L=-1.356683e+07, not replacing live point.
15:16:50 [ultranest] [DEBUG] Plateau detected at L=-1.356683e+07, not replacing live point.
15:16:50 [ultranest] [DEBUG] Plateau detected at L=-1.356683e+07, not replacing live point.
15:16:50 [ultranest] [DEBUG] Plateau detected at L=-1.356683e+07, not replacing live point.
15:16:50 [ultranest] [DEBUG] Plateau detected at L=-1.356683e+07, not replacing live point.
15:16:50 [ultranest] [DEBUG] Plateau detected at L=-1.356683e+07, not replacing live point.
15:16:50 [ultranest] [DEBUG] Plateau detected at L=-1.356683e+07, not replacing live point.
15:16:50 [ultranest] [DEBUG] Plateau detected at L=-1.356683e+07, not replacing live point.
15:16:50 [ultranest] [DEBUG] Plateau detected at L=-1.356683e+07, not replacing live point.
15:16:50 [ultranest] [DEBUG] Plateau detected at L=-1.356683e+07, not replacing live point.
15:16:50 [ultranest] [DEBUG] Plateau detected at L=-1.356683e+07, not replacing live point.
15:16:50 [ultranest] [DEBUG] Plateau detected at L=-1.356683e+07, not replacing live point.
15:16:50 [ultranest] [DEBUG] Plateau detected at L=-1.356683e+07, not replacing live point.
15:16:50 [ultranest] [DEBUG] Plateau detected at L=-1.356683e+07, not replacing live point.
15:16:50 [ultranest] [DEBUG] Plateau detected at L=-1.356683e+07, not replacing live point.
15:16:50 [ultranest] [DEBUG] Plateau detected at L=-1.356683e+07, not replacing live point.
15:16:50 [ultranest] [DEBUG] Plateau detected at L=-1.356683e+07, not replacing live point.
15:16:50 [ultranest] [DEBUG] Plateau detected at L=-1.356683e+07, not replacing live point.
15:16:50 [ultranest] [DEBUG] Plateau detected at L=-1.356683e+07, not replacing live point.
15:16:50 [ultranest] [DEBUG] Plateau detected at L=-1.356683e+07, not replacing live point.
15:16:50 [ultranest] [DEBUG] Plateau detected at L=-1.356683e+07, not replacing live point.
15:16:50 [ultranest] [DEBUG] Plateau detected at L=-1.356683e+07, not replacing live point.
15:16:50 [ultranest] [DEBUG] Plateau detected at L=-1.356683e+07, not replacing live point.
15:16:50 [ultranest] [DEBUG] Plateau detected at L=-1.356683e+07, not replacing live point.
15:16:50 [ultranest] [DEBUG] Plateau detected at L=-1.356683e+07, not replacing live point.
15:16:50 [ultranest] [DEBUG] Plateau detected at L=-1.356683e+07, not replacing live point.
15:16:50 [ultranest] [DEBUG] Plateau detected at L=-1.356683e+07, not replacing live point.
15:16:50 [ultranest] [DEBUG] Plateau detected at L=-1.356683e+07, not replacing live point.
15:16:50 [ultranest] [DEBUG] Plateau detected at L=-1.356683e+07, not replacing live point.
15:16:50 [ultranest] [DEBUG] Plateau detected at L=-1.356683e+07, not replacing live point.
15:16:50 [ultranest] [DEBUG] Plateau detected at L=-1.356683e+07, not replacing live point.
15:16:50 [ultranest] [DEBUG] Plateau detected at L=-1.356683e+07, not replacing live point.
15:16:50 [ultranest] [DEBUG] Plateau detected at L=-1.356683e+07, not replacing live point.
15:16:50 [ultranest] [DEBUG] Plateau detected at L=-1.356683e+07, not replacing live point.
15:16:50 [ultranest] [DEBUG] Plateau detected at L=-1.356683e+07, not replacing live point.
15:16:50 [ultranest] [DEBUG] Plateau detected at L=-1.356683e+07, not replacing live point.
15:16:50 [ultranest] [DEBUG] Plateau detected at L=-1.356683e+07, not replacing live point.
15:16:50 [ultranest] [DEBUG] Plateau detected at L=-1.356683e+07, not replacing live point.
15:16:50 [ultranest] [DEBUG] Plateau detected at L=-1.356683e+07, not replacing live point.
15:16:50 [ultranest] [DEBUG] iteration=65, ncalls=401, regioncalls=40, ndraw=40, logz=-13566833.18, remainder_fraction=100.0000%, Lmin=-13566831.37, Lmax=-105932.40
15:16:50 [ultranest] [DEBUG] iteration=80, ncalls=418, regioncalls=720, ndraw=40, logz=-128338.08, remainder_fraction=100.0000%, Lmin=-127637.35, Lmax=-105932.40
15:16:50 [ultranest] [DEBUG] iteration=101, ncalls=442, regioncalls=1680, ndraw=40, logz=-124845.42, remainder_fraction=100.0000%, Lmin=-124445.49, Lmax=-105932.40
15:16:50 [ultranest] [DEBUG] iteration=117, ncalls=467, regioncalls=2680, ndraw=40, logz=-122374.29, remainder_fraction=100.0000%, Lmin=-122266.14, Lmax=-105932.40
15:16:50 [ultranest] [DEBUG] iteration=120, ncalls=472, regioncalls=2880, ndraw=40, logz=-122191.76, remainder_fraction=100.0000%, Lmin=-122056.39, Lmax=-105932.40
15:16:50 [ultranest] [DEBUG] iteration=138, ncalls=497, regioncalls=3880, ndraw=40, logz=-120547.01, remainder_fraction=100.0000%, Lmin=-120512.67, Lmax=-105932.40
15:16:50 [ultranest] [DEBUG] iteration=140, ncalls=501, regioncalls=4040, ndraw=40, logz=-120446.22, remainder_fraction=100.0000%, Lmin=-120267.81, Lmax=-105932.40
15:16:50 [ultranest] [DEBUG] iteration=160, ncalls=525, regioncalls=5000, ndraw=40, logz=-118763.15, remainder_fraction=100.0000%, Lmin=-118735.84, Lmax=-105932.40
15:16:50 [ultranest] [DEBUG] iteration=178, ncalls=551, regioncalls=6040, ndraw=40, logz=-117832.89, remainder_fraction=100.0000%, Lmin=-117767.31, Lmax=-105873.58
15:16:50 [ultranest] [DEBUG] iteration=197, ncalls=575, regioncalls=7000, ndraw=40, logz=-117020.86, remainder_fraction=100.0000%, Lmin=-117003.38, Lmax=-105873.58
15:16:51 [ultranest] [DEBUG] iteration=200, ncalls=579, regioncalls=7160, ndraw=40, logz=-116896.16, remainder_fraction=100.0000%, Lmin=-116821.46, Lmax=-105873.58
15:16:51 [ultranest] [DEBUG] iteration=214, ncalls=605, regioncalls=8200, ndraw=40, logz=-116062.86, remainder_fraction=100.0000%, Lmin=-115956.85, Lmax=-105873.58
15:16:51 [ultranest] [DEBUG] iteration=232, ncalls=628, regioncalls=9120, ndraw=40, logz=-115319.52, remainder_fraction=100.0000%, Lmin=-115276.62, Lmax=-105831.45
15:16:51 [ultranest] [DEBUG] iteration=240, ncalls=646, regioncalls=9840, ndraw=40, logz=-115088.53, remainder_fraction=100.0000%, Lmin=-115049.16, Lmax=-105831.45
15:16:51 [ultranest] [DEBUG] iteration=254, ncalls=673, regioncalls=10920, ndraw=40, logz=-114684.89, remainder_fraction=100.0000%, Lmin=-114662.69, Lmax=-105831.45
15:16:51 [ultranest] [DEBUG] iteration=270, ncalls=697, regioncalls=11880, ndraw=40, logz=-114267.81, remainder_fraction=100.0000%, Lmin=-114217.98, Lmax=-105831.45
15:16:51 [ultranest] [DEBUG] iteration=280, ncalls=720, regioncalls=12800, ndraw=40, logz=-114142.40, remainder_fraction=100.0000%, Lmin=-114129.70, Lmax=-105831.45
15:16:51 [ultranest] [DEBUG] iteration=290, ncalls=734, regioncalls=13360, ndraw=40, logz=-113873.73, remainder_fraction=100.0000%, Lmin=-113866.05, Lmax=-105831.45
15:16:51 [ultranest] [DEBUG] iteration=303, ncalls=760, regioncalls=14400, ndraw=40, logz=-113653.16, remainder_fraction=100.0000%, Lmin=-113641.61, Lmax=-105831.45
15:16:51 [ultranest] [DEBUG] iteration=317, ncalls=785, regioncalls=15400, ndraw=40, logz=-113450.84, remainder_fraction=100.0000%, Lmin=-113439.49, Lmax=-105831.45
15:16:51 [ultranest] [DEBUG] iteration=320, ncalls=790, regioncalls=15600, ndraw=40, logz=-113405.51, remainder_fraction=100.0000%, Lmin=-113375.64, Lmax=-105831.45
15:16:51 [ultranest] [DEBUG] iteration=336, ncalls=819, regioncalls=16760, ndraw=40, logz=-113068.95, remainder_fraction=100.0000%, Lmin=-113055.11, Lmax=-105831.45
15:16:52 [ultranest] [DEBUG] iteration=350, ncalls=844, regioncalls=17760, ndraw=40, logz=-112856.55, remainder_fraction=100.0000%, Lmin=-112848.50, Lmax=-105831.45
15:16:52 [ultranest] [DEBUG] iteration=360, ncalls=861, regioncalls=18440, ndraw=40, logz=-112681.53, remainder_fraction=100.0000%, Lmin=-112668.27, Lmax=-105831.45
15:16:52 [ultranest] [DEBUG] iteration=365, ncalls=869, regioncalls=18760, ndraw=40, logz=-112611.93, remainder_fraction=100.0000%, Lmin=-112586.37, Lmax=-105831.45
15:16:52 [ultranest] [DEBUG] iteration=381, ncalls=894, regioncalls=19760, ndraw=40, logz=-112323.36, remainder_fraction=100.0000%, Lmin=-112310.75, Lmax=-105759.56
15:16:52 [ultranest] [DEBUG] iteration=397, ncalls=919, regioncalls=20760, ndraw=40, logz=-112153.13, remainder_fraction=100.0000%, Lmin=-112142.17, Lmax=-105759.56
15:16:52 [ultranest] [DEBUG] iteration=400, ncalls=923, regioncalls=20920, ndraw=40, logz=-112122.99, remainder_fraction=100.0000%, Lmin=-112077.53, Lmax=-105759.56
15:16:52 [ultranest] [DEBUG] iteration=417, ncalls=949, regioncalls=21960, ndraw=40, logz=-111786.49, remainder_fraction=100.0000%, Lmin=-111746.84, Lmax=-105759.56
15:16:52 [ultranest] [DEBUG] iteration=434, ncalls=974, regioncalls=22960, ndraw=40, logz=-111495.23, remainder_fraction=100.0000%, Lmin=-111476.42, Lmax=-105759.56
15:16:52 [ultranest] [DEBUG] iteration=440, ncalls=987, regioncalls=23480, ndraw=40, logz=-111413.54, remainder_fraction=100.0000%, Lmin=-111348.45, Lmax=-105759.56
15:16:52 [ultranest] [DEBUG] iteration=455, ncalls=1012, regioncalls=24480, ndraw=40, logz=-111126.53, remainder_fraction=100.0000%, Lmin=-111116.83, Lmax=-105759.56
15:16:52 [ultranest] [DEBUG] iteration=471, ncalls=1037, regioncalls=25480, ndraw=40, logz=-110917.35, remainder_fraction=100.0000%, Lmin=-110901.09, Lmax=-105759.56
15:16:52 [ultranest] [DEBUG] iteration=480, ncalls=1046, regioncalls=25840, ndraw=40, logz=-110842.18, remainder_fraction=100.0000%, Lmin=-110821.16, Lmax=-105759.56
15:16:53 [ultranest] [DEBUG] iteration=494, ncalls=1072, regioncalls=26880, ndraw=40, logz=-110656.15, remainder_fraction=100.0000%, Lmin=-110626.59, Lmax=-105759.56
15:16:53 [ultranest] [DEBUG] iteration=512, ncalls=1097, regioncalls=27880, ndraw=40, logz=-110313.11, remainder_fraction=100.0000%, Lmin=-110295.36, Lmax=-105759.56
15:16:53 [ultranest] [DEBUG] iteration=515, ncalls=1103, regioncalls=28120, ndraw=40, logz=-110289.42, remainder_fraction=100.0000%, Lmin=-110275.31, Lmax=-105759.56
15:16:53 [ultranest] [DEBUG] iteration=520, ncalls=1112, regioncalls=28480, ndraw=40, logz=-110221.79, remainder_fraction=100.0000%, Lmin=-110210.91, Lmax=-105759.56
15:16:53 [ultranest] [DEBUG] iteration=530, ncalls=1138, regioncalls=29520, ndraw=40, logz=-110165.45, remainder_fraction=100.0000%, Lmin=-110144.67, Lmax=-105759.56
15:16:53 [ultranest] [DEBUG] iteration=543, ncalls=1164, regioncalls=30560, ndraw=40, logz=-110012.46, remainder_fraction=100.0000%, Lmin=-109988.60, Lmax=-105759.56
15:16:53 [ultranest] [DEBUG] iteration=560, ncalls=1190, regioncalls=31600, ndraw=40, logz=-109826.47, remainder_fraction=100.0000%, Lmin=-109813.84, Lmax=-105759.56
15:16:53 [ultranest] [DEBUG] iteration=571, ncalls=1217, regioncalls=32680, ndraw=40, logz=-109744.36, remainder_fraction=100.0000%, Lmin=-109722.64, Lmax=-105759.56
15:16:53 [ultranest] [DEBUG] iteration=588, ncalls=1243, regioncalls=33720, ndraw=40, logz=-109592.11, remainder_fraction=100.0000%, Lmin=-109576.76, Lmax=-105759.56
15:16:53 [ultranest] [DEBUG] iteration=590, ncalls=1246, regioncalls=33840, ndraw=40, logz=-109571.85, remainder_fraction=100.0000%, Lmin=-109562.42, Lmax=-105759.56
15:16:53 [ultranest] [DEBUG] iteration=600, ncalls=1257, regioncalls=34280, ndraw=40, logz=-109476.47, remainder_fraction=100.0000%, Lmin=-109465.48, Lmax=-105759.56
15:16:53 [ultranest] [DEBUG] iteration=613, ncalls=1284, regioncalls=35360, ndraw=40, logz=-109419.49, remainder_fraction=100.0000%, Lmin=-109405.87, Lmax=-105759.56
15:16:54 [ultranest] [DEBUG] iteration=629, ncalls=1315, regioncalls=36600, ndraw=40, logz=-109320.01, remainder_fraction=100.0000%, Lmin=-109311.00, Lmax=-105759.56
15:16:54 [ultranest] [DEBUG] iteration=640, ncalls=1329, regioncalls=37160, ndraw=40, logz=-109211.98, remainder_fraction=100.0000%, Lmin=-109197.07, Lmax=-105759.56
15:16:54 [ultranest] [DEBUG] iteration=655, ncalls=1354, regioncalls=38160, ndraw=40, logz=-109071.21, remainder_fraction=100.0000%, Lmin=-109050.99, Lmax=-105759.56
15:16:54 [ultranest] [DEBUG] iteration=670, ncalls=1378, regioncalls=39120, ndraw=40, logz=-108941.85, remainder_fraction=100.0000%, Lmin=-108930.87, Lmax=-105759.56
15:16:54 [ultranest] [DEBUG] iteration=680, ncalls=1389, regioncalls=39560, ndraw=40, logz=-108879.93, remainder_fraction=100.0000%, Lmin=-108862.56, Lmax=-105759.56
15:16:54 [ultranest] [DEBUG] iteration=692, ncalls=1419, regioncalls=40760, ndraw=40, logz=-108781.97, remainder_fraction=100.0000%, Lmin=-108771.39, Lmax=-105759.56
15:16:54 [ultranest] [DEBUG] iteration=705, ncalls=1445, regioncalls=41800, ndraw=40, logz=-108678.53, remainder_fraction=100.0000%, Lmin=-108665.59, Lmax=-105759.56
15:16:54 [ultranest] [DEBUG] iteration=715, ncalls=1473, regioncalls=42920, ndraw=40, logz=-108617.02, remainder_fraction=100.0000%, Lmin=-108601.57, Lmax=-105759.56
15:16:54 [ultranest] [DEBUG] iteration=720, ncalls=1483, regioncalls=43320, ndraw=40, logz=-108561.79, remainder_fraction=100.0000%, Lmin=-108541.23, Lmax=-105759.56
15:16:54 [ultranest] [DEBUG] iteration=733, ncalls=1509, regioncalls=44360, ndraw=40, logz=-108500.14, remainder_fraction=100.0000%, Lmin=-108477.03, Lmax=-105759.56
15:16:54 [ultranest] [DEBUG] iteration=740, ncalls=1518, regioncalls=44720, ndraw=40, logz=-108442.67, remainder_fraction=100.0000%, Lmin=-108429.24, Lmax=-105759.56
15:16:54 [ultranest] [DEBUG] iteration=759, ncalls=1542, regioncalls=45680, ndraw=40, logz=-108313.59, remainder_fraction=100.0000%, Lmin=-108295.29, Lmax=-105759.56
15:16:54 [ultranest] [DEBUG] iteration=760, ncalls=1543, regioncalls=45720, ndraw=40, logz=-108303.36, remainder_fraction=100.0000%, Lmin=-108265.81, Lmax=-105759.56
15:16:55 [ultranest] [DEBUG] iteration=774, ncalls=1571, regioncalls=46840, ndraw=40, logz=-108167.29, remainder_fraction=100.0000%, Lmin=-108154.16, Lmax=-105759.56
15:16:55 [ultranest] [DEBUG] iteration=786, ncalls=1600, regioncalls=48000, ndraw=40, logz=-108117.03, remainder_fraction=100.0000%, Lmin=-108105.11, Lmax=-105759.56
15:16:55 [ultranest] [DEBUG] iteration=800, ncalls=1619, regioncalls=48760, ndraw=40, logz=-108056.81, remainder_fraction=100.0000%, Lmin=-108046.41, Lmax=-105720.20
15:16:55 [ultranest] [DEBUG] iteration=813, ncalls=1645, regioncalls=49800, ndraw=40, logz=-107981.37, remainder_fraction=100.0000%, Lmin=-107971.51, Lmax=-105720.20
15:16:55 [ultranest] [DEBUG] iteration=815, ncalls=1648, regioncalls=49920, ndraw=40, logz=-107975.26, remainder_fraction=100.0000%, Lmin=-107957.64, Lmax=-105720.20
15:16:55 [ultranest] [DEBUG] iteration=828, ncalls=1674, regioncalls=50960, ndraw=40, logz=-107918.51, remainder_fraction=100.0000%, Lmin=-107909.90, Lmax=-105720.20
15:16:55 [ultranest] [DEBUG] iteration=840, ncalls=1692, regioncalls=51680, ndraw=40, logz=-107867.42, remainder_fraction=100.0000%, Lmin=-107851.31, Lmax=-105720.20
15:16:55 [ultranest] [DEBUG] iteration=859, ncalls=1717, regioncalls=52680, ndraw=40, logz=-107777.10, remainder_fraction=100.0000%, Lmin=-107764.91, Lmax=-105718.16
15:16:55 [ultranest] [DEBUG] iteration=874, ncalls=1745, regioncalls=53800, ndraw=40, logz=-107698.04, remainder_fraction=100.0000%, Lmin=-107678.64, Lmax=-105718.16
15:16:55 [ultranest] [DEBUG] iteration=880, ncalls=1760, regioncalls=54400, ndraw=40, logz=-107660.51, remainder_fraction=100.0000%, Lmin=-107647.09, Lmax=-105718.16
15:16:55 [ultranest] [DEBUG] iteration=894, ncalls=1784, regioncalls=55360, ndraw=40, logz=-107605.30, remainder_fraction=100.0000%, Lmin=-107587.71, Lmax=-105718.16
15:16:56 [ultranest] [DEBUG] iteration=908, ncalls=1811, regioncalls=56440, ndraw=40, logz=-107533.91, remainder_fraction=100.0000%, Lmin=-107523.82, Lmax=-105718.16
15:16:56 [ultranest] [DEBUG] iteration=919, ncalls=1838, regioncalls=57520, ndraw=40, logz=-107482.34, remainder_fraction=100.0000%, Lmin=-107470.48, Lmax=-105718.16
15:16:56 [ultranest] [DEBUG] iteration=920, ncalls=1840, regioncalls=57600, ndraw=40, logz=-107478.99, remainder_fraction=100.0000%, Lmin=-107469.49, Lmax=-105718.16
15:16:56 [ultranest] [DEBUG] iteration=931, ncalls=1867, regioncalls=58680, ndraw=40, logz=-107434.18, remainder_fraction=100.0000%, Lmin=-107425.18, Lmax=-105717.69
15:16:56 [ultranest] [DEBUG] iteration=942, ncalls=1895, regioncalls=59800, ndraw=40, logz=-107375.34, remainder_fraction=100.0000%, Lmin=-107366.75, Lmax=-105717.69
15:16:56 [ultranest] [DEBUG] iteration=953, ncalls=1922, regioncalls=60880, ndraw=40, logz=-107349.69, remainder_fraction=100.0000%, Lmin=-107341.26, Lmax=-105717.69
15:16:56 [ultranest] [DEBUG] iteration=960, ncalls=1931, regioncalls=61240, ndraw=40, logz=-107326.49, remainder_fraction=100.0000%, Lmin=-107316.71, Lmax=-105717.69
15:16:56 [ultranest] [DEBUG] iteration=965, ncalls=1948, regioncalls=61960, ndraw=40, logz=-107317.84, remainder_fraction=100.0000%, Lmin=-107305.66, Lmax=-105717.69
15:16:56 [ultranest] [DEBUG] iteration=982, ncalls=1974, regioncalls=63000, ndraw=40, logz=-107263.07, remainder_fraction=100.0000%, Lmin=-107253.81, Lmax=-105717.69
15:16:56 [ultranest] [DEBUG] iteration=995, ncalls=1999, regioncalls=64040, ndraw=40, logz=-107225.48, remainder_fraction=100.0000%, Lmin=-107211.62, Lmax=-105717.69
15:16:56 [ultranest] [DEBUG] iteration=1000, ncalls=2008, regioncalls=64400, ndraw=40, logz=-107209.68, remainder_fraction=100.0000%, Lmin=-107198.98, Lmax=-105717.69
15:16:56 [ultranest] [DEBUG] iteration=1015, ncalls=2033, regioncalls=65400, ndraw=40, logz=-107157.24, remainder_fraction=100.0000%, Lmin=-107146.46, Lmax=-105717.69
15:16:57 [ultranest] [DEBUG] iteration=1030, ncalls=2058, regioncalls=66400, ndraw=40, logz=-107121.19, remainder_fraction=100.0000%, Lmin=-107109.14, Lmax=-105717.69
15:16:57 [ultranest] [DEBUG] iteration=1040, ncalls=2083, regioncalls=67400, ndraw=40, logz=-107100.10, remainder_fraction=100.0000%, Lmin=-107088.23, Lmax=-105717.69
15:16:57 [ultranest] [DEBUG] iteration=1052, ncalls=2109, regioncalls=68440, ndraw=40, logz=-107059.38, remainder_fraction=100.0000%, Lmin=-107038.67, Lmax=-105717.69
15:16:57 [ultranest] [DEBUG] iteration=1066, ncalls=2136, regioncalls=69520, ndraw=40, logz=-106993.03, remainder_fraction=100.0000%, Lmin=-106979.25, Lmax=-105717.69
15:16:57 [ultranest] [DEBUG] iteration=1076, ncalls=2162, regioncalls=70560, ndraw=40, logz=-106968.63, remainder_fraction=100.0000%, Lmin=-106957.46, Lmax=-105717.69
15:16:57 [ultranest] [DEBUG] iteration=1080, ncalls=2168, regioncalls=70800, ndraw=40, logz=-106948.75, remainder_fraction=100.0000%, Lmin=-106935.62, Lmax=-105717.69
15:16:57 [ultranest] [DEBUG] iteration=1091, ncalls=2195, regioncalls=71880, ndraw=40, logz=-106925.89, remainder_fraction=100.0000%, Lmin=-106916.43, Lmax=-105717.69
15:16:57 [ultranest] [DEBUG] iteration=1101, ncalls=2223, regioncalls=73000, ndraw=40, logz=-106915.32, remainder_fraction=100.0000%, Lmin=-106902.18, Lmax=-105717.69
15:16:57 [ultranest] [DEBUG] iteration=1115, ncalls=2243, regioncalls=73800, ndraw=40, logz=-106881.08, remainder_fraction=100.0000%, Lmin=-106871.54, Lmax=-105717.69
15:16:57 [ultranest] [DEBUG] iteration=1120, ncalls=2258, regioncalls=74440, ndraw=40, logz=-106877.43, remainder_fraction=100.0000%, Lmin=-106867.00, Lmax=-105717.69
15:16:57 [ultranest] [DEBUG] iteration=1137, ncalls=2284, regioncalls=75480, ndraw=40, logz=-106839.25, remainder_fraction=100.0000%, Lmin=-106828.92, Lmax=-105708.12
15:16:58 [ultranest] [DEBUG] iteration=1152, ncalls=2317, regioncalls=76800, ndraw=40, logz=-106808.67, remainder_fraction=100.0000%, Lmin=-106799.36, Lmax=-105708.12
15:16:58 [ultranest] [DEBUG] iteration=1160, ncalls=2334, regioncalls=77480, ndraw=40, logz=-106792.63, remainder_fraction=100.0000%, Lmin=-106779.40, Lmax=-105708.12
15:16:58 [ultranest] [DEBUG] iteration=1174, ncalls=2360, regioncalls=78520, ndraw=40, logz=-106761.21, remainder_fraction=100.0000%, Lmin=-106749.79, Lmax=-105708.12
15:16:58 [ultranest] [DEBUG] iteration=1190, ncalls=2385, regioncalls=79560, ndraw=40, logz=-106722.78, remainder_fraction=100.0000%, Lmin=-106710.62, Lmax=-105708.12
15:16:58 [ultranest] [DEBUG] iteration=1200, ncalls=2406, regioncalls=80440, ndraw=40, logz=-106694.42, remainder_fraction=100.0000%, Lmin=-106682.16, Lmax=-105708.12
15:16:58 [ultranest] [DEBUG] iteration=1220, ncalls=2434, regioncalls=81560, ndraw=40, logz=-106657.86, remainder_fraction=100.0000%, Lmin=-106647.57, Lmax=-105708.12
15:16:58 [ultranest] [DEBUG] iteration=1236, ncalls=2459, regioncalls=82560, ndraw=40, logz=-106623.70, remainder_fraction=100.0000%, Lmin=-106614.67, Lmax=-105708.12
15:16:58 [ultranest] [DEBUG] iteration=1240, ncalls=2467, regioncalls=82880, ndraw=40, logz=-106616.57, remainder_fraction=100.0000%, Lmin=-106606.81, Lmax=-105708.12
15:16:58 [ultranest] [DEBUG] iteration=1254, ncalls=2492, regioncalls=83880, ndraw=40, logz=-106600.92, remainder_fraction=100.0000%, Lmin=-106590.65, Lmax=-105708.12
15:16:58 [ultranest] [DEBUG] iteration=1265, ncalls=2510, regioncalls=84600, ndraw=40, logz=-106578.82, remainder_fraction=100.0000%, Lmin=-106567.67, Lmax=-105708.12
15:16:58 [ultranest] [DEBUG] iteration=1280, ncalls=2529, regioncalls=85400, ndraw=40, logz=-106560.96, remainder_fraction=100.0000%, Lmin=-106551.09, Lmax=-105708.12
15:16:59 [ultranest] [DEBUG] iteration=1298, ncalls=2554, regioncalls=86400, ndraw=40, logz=-106527.55, remainder_fraction=100.0000%, Lmin=-106517.85, Lmax=-105708.12
15:16:59 [ultranest] [DEBUG] iteration=1316, ncalls=2579, regioncalls=87400, ndraw=40, logz=-106495.60, remainder_fraction=100.0000%, Lmin=-106485.57, Lmax=-105708.12
15:16:59 [ultranest] [DEBUG] iteration=1320, ncalls=2584, regioncalls=87600, ndraw=40, logz=-106488.78, remainder_fraction=100.0000%, Lmin=-106476.36, Lmax=-105708.12
15:16:59 [ultranest] [DEBUG] iteration=1335, ncalls=2609, regioncalls=88600, ndraw=40, logz=-106457.37, remainder_fraction=100.0000%, Lmin=-106446.72, Lmax=-105708.12
15:16:59 [ultranest] [DEBUG] iteration=1348, ncalls=2633, regioncalls=89560, ndraw=40, logz=-106429.94, remainder_fraction=100.0000%, Lmin=-106419.26, Lmax=-105708.12
15:16:59 [ultranest] [DEBUG] iteration=1360, ncalls=2651, regioncalls=90280, ndraw=40, logz=-106416.50, remainder_fraction=100.0000%, Lmin=-106407.09, Lmax=-105708.12
15:16:59 [ultranest] [DEBUG] iteration=1375, ncalls=2681, regioncalls=91480, ndraw=40, logz=-106388.92, remainder_fraction=100.0000%, Lmin=-106378.43, Lmax=-105708.12
15:16:59 [ultranest] [DEBUG] iteration=1388, ncalls=2708, regioncalls=92560, ndraw=40, logz=-106377.16, remainder_fraction=100.0000%, Lmin=-106367.49, Lmax=-105708.12
15:16:59 [ultranest] [DEBUG] iteration=1400, ncalls=2728, regioncalls=93360, ndraw=40, logz=-106362.22, remainder_fraction=100.0000%, Lmin=-106352.39, Lmax=-105708.12
15:16:59 [ultranest] [DEBUG] iteration=1409, ncalls=2754, regioncalls=94400, ndraw=40, logz=-106341.58, remainder_fraction=100.0000%, Lmin=-106330.59, Lmax=-105708.12
15:16:59 [ultranest] [DEBUG] iteration=1415, ncalls=2762, regioncalls=94720, ndraw=40, logz=-106334.26, remainder_fraction=100.0000%, Lmin=-106322.43, Lmax=-105708.12
15:16:59 [ultranest] [DEBUG] iteration=1431, ncalls=2787, regioncalls=95760, ndraw=40, logz=-106313.43, remainder_fraction=100.0000%, Lmin=-106304.33, Lmax=-105708.12
15:17:00 [ultranest] [DEBUG] iteration=1440, ncalls=2797, regioncalls=96160, ndraw=40, logz=-106302.59, remainder_fraction=100.0000%, Lmin=-106292.70, Lmax=-105708.12
15:17:00 [ultranest] [DEBUG] iteration=1457, ncalls=2822, regioncalls=97160, ndraw=40, logz=-106283.27, remainder_fraction=100.0000%, Lmin=-106272.34, Lmax=-105708.12
15:17:00 [ultranest] [DEBUG] iteration=1470, ncalls=2848, regioncalls=98200, ndraw=40, logz=-106272.54, remainder_fraction=100.0000%, Lmin=-106262.05, Lmax=-105708.12
15:17:00 [ultranest] [DEBUG] iteration=1480, ncalls=2866, regioncalls=98920, ndraw=40, logz=-106264.99, remainder_fraction=100.0000%, Lmin=-106254.97, Lmax=-105708.12
15:17:00 [ultranest] [DEBUG] iteration=1495, ncalls=2889, regioncalls=99840, ndraw=40, logz=-106249.48, remainder_fraction=100.0000%, Lmin=-106239.32, Lmax=-105708.12
15:17:00 [ultranest] [DEBUG] iteration=1514, ncalls=2917, regioncalls=100960, ndraw=40, logz=-106236.58, remainder_fraction=100.0000%, Lmin=-106226.58, Lmax=-105708.12
15:17:00 [ultranest] [DEBUG] iteration=1520, ncalls=2928, regioncalls=101400, ndraw=40, logz=-106230.76, remainder_fraction=100.0000%, Lmin=-106220.28, Lmax=-105708.12
15:17:00 [ultranest] [DEBUG] iteration=1534, ncalls=2955, regioncalls=102480, ndraw=40, logz=-106218.53, remainder_fraction=100.0000%, Lmin=-106205.89, Lmax=-105708.12
15:17:00 [ultranest] [DEBUG] iteration=1549, ncalls=2982, regioncalls=103560, ndraw=40, logz=-106205.52, remainder_fraction=100.0000%, Lmin=-106195.64, Lmax=-105708.12
15:17:00 [ultranest] [DEBUG] iteration=1560, ncalls=3002, regioncalls=104360, ndraw=40, logz=-106192.10, remainder_fraction=100.0000%, Lmin=-106180.39, Lmax=-105699.82
15:17:00 [ultranest] [DEBUG] iteration=1565, ncalls=3011, regioncalls=104760, ndraw=40, logz=-106187.42, remainder_fraction=100.0000%, Lmin=-106177.62, Lmax=-105699.82
15:17:00 [ultranest] [DEBUG] iteration=1579, ncalls=3036, regioncalls=105840, ndraw=40, logz=-106174.53, remainder_fraction=100.0000%, Lmin=-106163.58, Lmax=-105699.82
15:17:01 [ultranest] [DEBUG] iteration=1598, ncalls=3061, regioncalls=106840, ndraw=40, logz=-106160.18, remainder_fraction=100.0000%, Lmin=-106149.57, Lmax=-105699.82
15:17:01 [ultranest] [DEBUG] iteration=1600, ncalls=3063, regioncalls=106920, ndraw=40, logz=-106158.80, remainder_fraction=100.0000%, Lmin=-106148.93, Lmax=-105699.82
15:17:01 [ultranest] [DEBUG] iteration=1614, ncalls=3089, regioncalls=107960, ndraw=40, logz=-106148.71, remainder_fraction=100.0000%, Lmin=-106137.70, Lmax=-105699.82
15:17:01 [ultranest] [DEBUG] iteration=1632, ncalls=3114, regioncalls=108960, ndraw=40, logz=-106129.89, remainder_fraction=100.0000%, Lmin=-106117.32, Lmax=-105699.82
15:17:01 [ultranest] [DEBUG] iteration=1640, ncalls=3124, regioncalls=109360, ndraw=40, logz=-106123.69, remainder_fraction=100.0000%, Lmin=-106112.74, Lmax=-105699.82
15:17:01 [ultranest] [DEBUG] iteration=1657, ncalls=3149, regioncalls=110440, ndraw=40, logz=-106106.69, remainder_fraction=100.0000%, Lmin=-106095.88, Lmax=-105699.82
15:17:01 [ultranest] [DEBUG] iteration=1674, ncalls=3175, regioncalls=111480, ndraw=40, logz=-106089.26, remainder_fraction=100.0000%, Lmin=-106078.59, Lmax=-105699.82
15:17:01 [ultranest] [DEBUG] iteration=1680, ncalls=3184, regioncalls=111840, ndraw=40, logz=-106085.74, remainder_fraction=100.0000%, Lmin=-106075.16, Lmax=-105699.82
15:17:01 [ultranest] [DEBUG] iteration=1691, ncalls=3211, regioncalls=112920, ndraw=40, logz=-106076.35, remainder_fraction=100.0000%, Lmin=-106065.27, Lmax=-105699.82
15:17:01 [ultranest] [DEBUG] iteration=1704, ncalls=3237, regioncalls=113960, ndraw=40, logz=-106065.15, remainder_fraction=100.0000%, Lmin=-106054.26, Lmax=-105699.82
15:17:01 [ultranest] [DEBUG] iteration=1715, ncalls=3252, regioncalls=114600, ndraw=40, logz=-106058.81, remainder_fraction=100.0000%, Lmin=-106048.89, Lmax=-105699.82
15:17:01 [ultranest] [DEBUG] iteration=1720, ncalls=3259, regioncalls=114880, ndraw=40, logz=-106056.38, remainder_fraction=100.0000%, Lmin=-106046.07, Lmax=-105699.82
15:17:02 [ultranest] [DEBUG] iteration=1735, ncalls=3287, regioncalls=116000, ndraw=40, logz=-106046.56, remainder_fraction=100.0000%, Lmin=-106036.17, Lmax=-105699.82
15:17:02 [ultranest] [DEBUG] iteration=1750, ncalls=3312, regioncalls=117000, ndraw=40, logz=-106036.68, remainder_fraction=100.0000%, Lmin=-106025.16, Lmax=-105699.82
15:17:02 [ultranest] [DEBUG] iteration=1760, ncalls=3324, regioncalls=117480, ndraw=40, logz=-106029.33, remainder_fraction=100.0000%, Lmin=-106017.52, Lmax=-105699.82
15:17:02 [ultranest] [DEBUG] iteration=1776, ncalls=3350, regioncalls=118520, ndraw=40, logz=-106019.08, remainder_fraction=100.0000%, Lmin=-106008.65, Lmax=-105699.82
15:17:02 [ultranest] [DEBUG] iteration=1794, ncalls=3374, regioncalls=119480, ndraw=40, logz=-106009.42, remainder_fraction=100.0000%, Lmin=-105999.17, Lmax=-105699.82
15:17:02 [ultranest] [DEBUG] iteration=1800, ncalls=3381, regioncalls=119760, ndraw=40, logz=-106007.68, remainder_fraction=100.0000%, Lmin=-105997.11, Lmax=-105699.82
15:17:02 [ultranest] [DEBUG] iteration=1816, ncalls=3408, regioncalls=120840, ndraw=40, logz=-105999.73, remainder_fraction=100.0000%, Lmin=-105988.96, Lmax=-105699.82
15:17:02 [ultranest] [DEBUG] iteration=1827, ncalls=3436, regioncalls=121960, ndraw=40, logz=-105993.55, remainder_fraction=100.0000%, Lmin=-105982.36, Lmax=-105699.82
15:17:02 [ultranest] [DEBUG] iteration=1840, ncalls=3457, regioncalls=122800, ndraw=40, logz=-105985.42, remainder_fraction=100.0000%, Lmin=-105975.31, Lmax=-105699.82
15:17:02 [ultranest] [DEBUG] iteration=1852, ncalls=3483, regioncalls=123840, ndraw=40, logz=-105978.65, remainder_fraction=100.0000%, Lmin=-105967.35, Lmax=-105699.82
15:17:02 [ultranest] [DEBUG] iteration=1865, ncalls=3510, regioncalls=124960, ndraw=40, logz=-105971.71, remainder_fraction=100.0000%, Lmin=-105960.89, Lmax=-105699.82
15:17:03 [ultranest] [DEBUG] iteration=1880, ncalls=3528, regioncalls=125760, ndraw=40, logz=-105964.34, remainder_fraction=100.0000%, Lmin=-105953.98, Lmax=-105699.82
15:17:03 [ultranest] [DEBUG] iteration=1894, ncalls=3553, regioncalls=126800, ndraw=40, logz=-105955.86, remainder_fraction=100.0000%, Lmin=-105945.48, Lmax=-105699.82
15:17:03 [ultranest] [DEBUG] iteration=1912, ncalls=3578, regioncalls=127800, ndraw=40, logz=-105945.09, remainder_fraction=100.0000%, Lmin=-105934.20, Lmax=-105699.82
15:17:03 [ultranest] [DEBUG] iteration=1920, ncalls=3592, regioncalls=128360, ndraw=40, logz=-105938.80, remainder_fraction=100.0000%, Lmin=-105927.64, Lmax=-105699.82
15:17:03 [ultranest] [DEBUG] iteration=1934, ncalls=3617, regioncalls=129360, ndraw=40, logz=-105933.96, remainder_fraction=100.0000%, Lmin=-105923.02, Lmax=-105699.82
15:17:03 [ultranest] [DEBUG] iteration=1940, ncalls=3627, regioncalls=129800, ndraw=40, logz=-105929.78, remainder_fraction=100.0000%, Lmin=-105918.83, Lmax=-105699.82
15:17:03 [ultranest] [DEBUG] iteration=1956, ncalls=3652, regioncalls=130800, ndraw=40, logz=-105922.82, remainder_fraction=100.0000%, Lmin=-105911.86, Lmax=-105699.82
15:17:03 [ultranest] [DEBUG] iteration=1960, ncalls=3656, regioncalls=130960, ndraw=40, logz=-105921.55, remainder_fraction=100.0000%, Lmin=-105910.81, Lmax=-105699.82
15:17:03 [ultranest] [DEBUG] iteration=1977, ncalls=3682, regioncalls=132000, ndraw=40, logz=-105912.43, remainder_fraction=100.0000%, Lmin=-105901.42, Lmax=-105699.82
15:17:03 [ultranest] [DEBUG] iteration=1991, ncalls=3707, regioncalls=133000, ndraw=40, logz=-105907.67, remainder_fraction=100.0000%, Lmin=-105896.68, Lmax=-105699.82
15:17:03 [ultranest] [DEBUG] iteration=2000, ncalls=3727, regioncalls=133800, ndraw=40, logz=-105902.97, remainder_fraction=100.0000%, Lmin=-105891.88, Lmax=-105699.82
15:17:03 [ultranest] [DEBUG] iteration=2014, ncalls=3752, regioncalls=134800, ndraw=40, logz=-105898.95, remainder_fraction=100.0000%, Lmin=-105888.75, Lmax=-105699.82
15:17:03 [ultranest] [DEBUG] iteration=2015, ncalls=3753, regioncalls=134880, ndraw=40, logz=-105898.77, remainder_fraction=100.0000%, Lmin=-105887.89, Lmax=-105699.82
15:17:04 [ultranest] [DEBUG] iteration=2031, ncalls=3781, regioncalls=136080, ndraw=40, logz=-105892.01, remainder_fraction=100.0000%, Lmin=-105881.33, Lmax=-105699.82
15:17:04 [ultranest] [DEBUG] iteration=2040, ncalls=3796, regioncalls=136680, ndraw=40, logz=-105888.37, remainder_fraction=100.0000%, Lmin=-105877.38, Lmax=-105699.82
15:17:04 [ultranest] [DEBUG] iteration=2057, ncalls=3820, regioncalls=137680, ndraw=40, logz=-105882.35, remainder_fraction=100.0000%, Lmin=-105871.66, Lmax=-105699.82
15:17:04 [ultranest] [DEBUG] iteration=2072, ncalls=3845, regioncalls=138680, ndraw=40, logz=-105876.56, remainder_fraction=100.0000%, Lmin=-105865.54, Lmax=-105699.82
15:17:04 [ultranest] [DEBUG] iteration=2080, ncalls=3859, regioncalls=139240, ndraw=40, logz=-105872.79, remainder_fraction=100.0000%, Lmin=-105861.78, Lmax=-105699.82
15:17:04 [ultranest] [DEBUG] iteration=2090, ncalls=3875, regioncalls=139920, ndraw=40, logz=-105870.60, remainder_fraction=100.0000%, Lmin=-105859.89, Lmax=-105699.82
15:17:04 [ultranest] [DEBUG] iteration=2110, ncalls=3900, regioncalls=140960, ndraw=40, logz=-105864.42, remainder_fraction=100.0000%, Lmin=-105853.03, Lmax=-105699.82
15:17:04 [ultranest] [DEBUG] iteration=2120, ncalls=3914, regioncalls=141520, ndraw=40, logz=-105861.34, remainder_fraction=100.0000%, Lmin=-105850.24, Lmax=-105699.82
15:17:04 [ultranest] [DEBUG] iteration=2140, ncalls=3938, regioncalls=142480, ndraw=40, logz=-105856.60, remainder_fraction=100.0000%, Lmin=-105846.30, Lmax=-105699.82
15:17:04 [ultranest] [DEBUG] iteration=2155, ncalls=3963, regioncalls=143480, ndraw=40, logz=-105853.35, remainder_fraction=100.0000%, Lmin=-105842.35, Lmax=-105699.82
15:17:04 [ultranest] [DEBUG] iteration=2160, ncalls=3971, regioncalls=143800, ndraw=40, logz=-105852.20, remainder_fraction=100.0000%, Lmin=-105841.48, Lmax=-105699.82
15:17:04 [ultranest] [DEBUG] iteration=2173, ncalls=3996, regioncalls=144800, ndraw=40, logz=-105848.20, remainder_fraction=100.0000%, Lmin=-105837.52, Lmax=-105699.82
15:17:05 [ultranest] [DEBUG] iteration=2192, ncalls=4022, regioncalls=145840, ndraw=40, logz=-105844.63, remainder_fraction=100.0000%, Lmin=-105833.66, Lmax=-105699.82
15:17:05 [ultranest] [DEBUG] iteration=2200, ncalls=4035, regioncalls=146360, ndraw=40, logz=-105842.10, remainder_fraction=100.0000%, Lmin=-105831.03, Lmax=-105699.82
15:17:05 [ultranest] [DEBUG] iteration=2212, ncalls=4061, regioncalls=147400, ndraw=40, logz=-105839.15, remainder_fraction=100.0000%, Lmin=-105828.41, Lmax=-105699.82
15:17:05 [ultranest] [DEBUG] iteration=2226, ncalls=4087, regioncalls=148440, ndraw=40, logz=-105836.29, remainder_fraction=100.0000%, Lmin=-105825.42, Lmax=-105699.82
15:17:05 [ultranest] [DEBUG] iteration=2239, ncalls=4113, regioncalls=149480, ndraw=40, logz=-105832.78, remainder_fraction=100.0000%, Lmin=-105820.93, Lmax=-105699.82
15:17:05 [ultranest] [DEBUG] iteration=2240, ncalls=4114, regioncalls=149560, ndraw=40, logz=-105832.36, remainder_fraction=100.0000%, Lmin=-105820.77, Lmax=-105699.82
15:17:05 [ultranest] [DEBUG] iteration=2259, ncalls=4138, regioncalls=150520, ndraw=40, logz=-105827.33, remainder_fraction=100.0000%, Lmin=-105815.99, Lmax=-105699.82
15:17:05 [ultranest] [DEBUG] iteration=2276, ncalls=4163, regioncalls=151520, ndraw=40, logz=-105822.66, remainder_fraction=100.0000%, Lmin=-105811.25, Lmax=-105699.82
15:17:05 [ultranest] [DEBUG] iteration=2280, ncalls=4170, regioncalls=151800, ndraw=40, logz=-105821.81, remainder_fraction=100.0000%, Lmin=-105810.97, Lmax=-105699.82
15:17:05 [ultranest] [DEBUG] iteration=2295, ncalls=4195, regioncalls=152800, ndraw=40, logz=-105818.95, remainder_fraction=100.0000%, Lmin=-105807.89, Lmax=-105699.82
15:17:05 [ultranest] [DEBUG] iteration=2310, ncalls=4220, regioncalls=153800, ndraw=40, logz=-105815.64, remainder_fraction=100.0000%, Lmin=-105804.45, Lmax=-105699.82
15:17:05 [ultranest] [DEBUG] iteration=2315, ncalls=4231, regioncalls=154280, ndraw=40, logz=-105814.75, remainder_fraction=100.0000%, Lmin=-105803.71, Lmax=-105699.82
15:17:05 [ultranest] [DEBUG] iteration=2320, ncalls=4237, regioncalls=154520, ndraw=40, logz=-105814.00, remainder_fraction=100.0000%, Lmin=-105803.28, Lmax=-105699.82
15:17:06 [ultranest] [DEBUG] iteration=2338, ncalls=4264, regioncalls=155600, ndraw=40, logz=-105810.97, remainder_fraction=100.0000%, Lmin=-105799.96, Lmax=-105699.82
15:17:06 [ultranest] [DEBUG] iteration=2356, ncalls=4289, regioncalls=156600, ndraw=40, logz=-105807.66, remainder_fraction=100.0000%, Lmin=-105796.84, Lmax=-105699.22
15:17:06 [ultranest] [DEBUG] iteration=2360, ncalls=4294, regioncalls=156800, ndraw=40, logz=-105807.18, remainder_fraction=100.0000%, Lmin=-105796.54, Lmax=-105699.22
15:17:06 [ultranest] [DEBUG] iteration=2375, ncalls=4319, regioncalls=157800, ndraw=40, logz=-105804.94, remainder_fraction=100.0000%, Lmin=-105793.84, Lmax=-105699.22
15:17:06 [ultranest] [DEBUG] iteration=2390, ncalls=4341, regioncalls=158720, ndraw=40, logz=-105802.60, remainder_fraction=100.0000%, Lmin=-105791.66, Lmax=-105699.22
15:17:06 [ultranest] [DEBUG] iteration=2400, ncalls=4356, regioncalls=159360, ndraw=40, logz=-105800.34, remainder_fraction=100.0000%, Lmin=-105789.04, Lmax=-105699.22
15:17:06 [ultranest] [DEBUG] iteration=2412, ncalls=4382, regioncalls=160400, ndraw=40, logz=-105798.17, remainder_fraction=100.0000%, Lmin=-105786.80, Lmax=-105699.22
15:17:06 [ultranest] [DEBUG] iteration=2426, ncalls=4408, regioncalls=161440, ndraw=40, logz=-105795.62, remainder_fraction=100.0000%, Lmin=-105784.07, Lmax=-105699.22
15:17:06 [ultranest] [DEBUG] iteration=2440, ncalls=4432, regioncalls=162400, ndraw=40, logz=-105792.42, remainder_fraction=100.0000%, Lmin=-105781.09, Lmax=-105699.22
15:17:06 [ultranest] [DEBUG] iteration=2455, ncalls=4458, regioncalls=163440, ndraw=40, logz=-105790.26, remainder_fraction=100.0000%, Lmin=-105779.17, Lmax=-105699.22
15:17:06 [ultranest] [DEBUG] iteration=2471, ncalls=4481, regioncalls=164360, ndraw=40, logz=-105788.12, remainder_fraction=100.0000%, Lmin=-105776.89, Lmax=-105699.22
15:17:07 [ultranest] [DEBUG] iteration=2480, ncalls=4499, regioncalls=165080, ndraw=40, logz=-105786.29, remainder_fraction=100.0000%, Lmin=-105774.59, Lmax=-105699.22
15:17:07 [ultranest] [DEBUG] iteration=2495, ncalls=4524, regioncalls=166080, ndraw=40, logz=-105784.22, remainder_fraction=100.0000%, Lmin=-105772.90, Lmax=-105699.22
15:17:07 [ultranest] [DEBUG] iteration=2508, ncalls=4550, regioncalls=167120, ndraw=40, logz=-105782.43, remainder_fraction=100.0000%, Lmin=-105771.09, Lmax=-105699.22
15:17:07 [ultranest] [DEBUG] iteration=2520, ncalls=4568, regioncalls=167840, ndraw=40, logz=-105780.44, remainder_fraction=100.0000%, Lmin=-105768.59, Lmax=-105699.22
15:17:07 [ultranest] [DEBUG] iteration=2532, ncalls=4596, regioncalls=168960, ndraw=40, logz=-105778.62, remainder_fraction=100.0000%, Lmin=-105767.33, Lmax=-105699.22
15:17:07 [ultranest] [DEBUG] iteration=2540, ncalls=4615, regioncalls=169800, ndraw=40, logz=-105777.65, remainder_fraction=100.0000%, Lmin=-105766.46, Lmax=-105699.22
15:17:07 [ultranest] [DEBUG] iteration=2554, ncalls=4641, regioncalls=170840, ndraw=40, logz=-105775.88, remainder_fraction=100.0000%, Lmin=-105764.21, Lmax=-105699.22
15:17:07 [ultranest] [DEBUG] iteration=2560, ncalls=4653, regioncalls=171320, ndraw=40, logz=-105774.97, remainder_fraction=100.0000%, Lmin=-105762.87, Lmax=-105699.22
15:17:07 [ultranest] [DEBUG] iteration=2575, ncalls=4679, regioncalls=172360, ndraw=40, logz=-105772.36, remainder_fraction=100.0000%, Lmin=-105760.88, Lmax=-105699.22
15:17:07 [ultranest] [DEBUG] iteration=2590, ncalls=4705, regioncalls=173400, ndraw=40, logz=-105770.78, remainder_fraction=100.0000%, Lmin=-105759.44, Lmax=-105699.22
15:17:07 [ultranest] [DEBUG] iteration=2600, ncalls=4723, regioncalls=174120, ndraw=40, logz=-105769.68, remainder_fraction=100.0000%, Lmin=-105758.13, Lmax=-105699.22
15:17:08 [ultranest] [DEBUG] iteration=2610, ncalls=4752, regioncalls=175280, ndraw=40, logz=-105768.40, remainder_fraction=100.0000%, Lmin=-105757.15, Lmax=-105698.82
15:17:08 [ultranest] [DEBUG] iteration=2615, ncalls=4763, regioncalls=175800, ndraw=40, logz=-105767.87, remainder_fraction=100.0000%, Lmin=-105756.39, Lmax=-105698.82
15:17:08 [ultranest] [DEBUG] iteration=2633, ncalls=4792, regioncalls=176960, ndraw=40, logz=-105765.91, remainder_fraction=100.0000%, Lmin=-105754.38, Lmax=-105698.82
15:17:08 [ultranest] [DEBUG] iteration=2640, ncalls=4808, regioncalls=177600, ndraw=40, logz=-105765.21, remainder_fraction=100.0000%, Lmin=-105753.80, Lmax=-105698.82
15:17:08 [ultranest] [DEBUG] iteration=2657, ncalls=4834, regioncalls=178640, ndraw=40, logz=-105763.63, remainder_fraction=100.0000%, Lmin=-105751.88, Lmax=-105698.82
15:17:08 [ultranest] [DEBUG] iteration=2668, ncalls=4860, regioncalls=179680, ndraw=40, logz=-105762.02, remainder_fraction=100.0000%, Lmin=-105750.15, Lmax=-105698.82
15:17:08 [ultranest] [DEBUG] iteration=2680, ncalls=4879, regioncalls=180440, ndraw=40, logz=-105760.82, remainder_fraction=100.0000%, Lmin=-105749.28, Lmax=-105698.82
15:17:08 [ultranest] [DEBUG] iteration=2690, ncalls=4899, regioncalls=181280, ndraw=40, logz=-105759.89, remainder_fraction=100.0000%, Lmin=-105748.32, Lmax=-105698.82
15:17:08 [ultranest] [DEBUG] iteration=2708, ncalls=4925, regioncalls=182320, ndraw=40, logz=-105757.69, remainder_fraction=100.0000%, Lmin=-105746.08, Lmax=-105698.82
15:17:08 [ultranest] [DEBUG] iteration=2720, ncalls=4943, regioncalls=183040, ndraw=40, logz=-105756.30, remainder_fraction=100.0000%, Lmin=-105744.49, Lmax=-105698.82
15:17:08 [ultranest] [DEBUG] iteration=2735, ncalls=4968, regioncalls=184040, ndraw=40, logz=-105754.93, remainder_fraction=100.0000%, Lmin=-105743.41, Lmax=-105698.82
15:17:09 [ultranest] [DEBUG] iteration=2749, ncalls=4997, regioncalls=185200, ndraw=40, logz=-105753.84, remainder_fraction=100.0000%, Lmin=-105742.46, Lmax=-105698.82
15:17:09 [ultranest] [DEBUG] iteration=2760, ncalls=5013, regioncalls=185840, ndraw=40, logz=-105753.01, remainder_fraction=100.0000%, Lmin=-105741.45, Lmax=-105698.82
15:17:09 [ultranest] [DEBUG] iteration=2765, ncalls=5020, regioncalls=186160, ndraw=40, logz=-105752.62, remainder_fraction=100.0000%, Lmin=-105741.12, Lmax=-105698.82
15:17:09 [ultranest] [DEBUG] iteration=2783, ncalls=5045, regioncalls=187160, ndraw=40, logz=-105751.10, remainder_fraction=100.0000%, Lmin=-105739.46, Lmax=-105698.82
15:17:09 [ultranest] [DEBUG] iteration=2799, ncalls=5070, regioncalls=188160, ndraw=40, logz=-105749.70, remainder_fraction=100.0000%, Lmin=-105738.22, Lmax=-105698.82
15:17:09 [ultranest] [DEBUG] iteration=2800, ncalls=5072, regioncalls=188240, ndraw=40, logz=-105749.63, remainder_fraction=100.0000%, Lmin=-105738.06, Lmax=-105698.82
15:17:09 [ultranest] [DEBUG] iteration=2816, ncalls=5101, regioncalls=189400, ndraw=40, logz=-105748.41, remainder_fraction=100.0000%, Lmin=-105736.80, Lmax=-105698.82
15:17:09 [ultranest] [DEBUG] iteration=2832, ncalls=5126, regioncalls=190400, ndraw=40, logz=-105747.18, remainder_fraction=100.0000%, Lmin=-105735.13, Lmax=-105698.82
15:17:09 [ultranest] [DEBUG] iteration=2840, ncalls=5135, regioncalls=190800, ndraw=40, logz=-105746.47, remainder_fraction=100.0000%, Lmin=-105734.58, Lmax=-105698.82
15:17:09 [ultranest] [DEBUG] iteration=2857, ncalls=5160, regioncalls=191800, ndraw=40, logz=-105745.18, remainder_fraction=100.0000%, Lmin=-105733.62, Lmax=-105698.82
15:17:09 [ultranest] [DEBUG] iteration=2875, ncalls=5186, regioncalls=192840, ndraw=40, logz=-105743.92, remainder_fraction=100.0000%, Lmin=-105732.33, Lmax=-105698.82
15:17:09 [ultranest] [DEBUG] iteration=2880, ncalls=5193, regioncalls=193120, ndraw=40, logz=-105743.61, remainder_fraction=100.0000%, Lmin=-105732.07, Lmax=-105698.82
15:17:09 [ultranest] [DEBUG] iteration=2895, ncalls=5218, regioncalls=194120, ndraw=40, logz=-105742.57, remainder_fraction=100.0000%, Lmin=-105730.75, Lmax=-105698.82
15:17:10 [ultranest] [DEBUG] iteration=2911, ncalls=5244, regioncalls=195160, ndraw=40, logz=-105741.63, remainder_fraction=100.0000%, Lmin=-105730.02, Lmax=-105698.82
15:17:10 [ultranest] [DEBUG] iteration=2920, ncalls=5261, regioncalls=195840, ndraw=40, logz=-105741.10, remainder_fraction=100.0000%, Lmin=-105729.42, Lmax=-105698.82
15:17:10 [ultranest] [DEBUG] iteration=2936, ncalls=5286, regioncalls=196840, ndraw=40, logz=-105740.13, remainder_fraction=100.0000%, Lmin=-105728.32, Lmax=-105698.82
15:17:10 [ultranest] [DEBUG] iteration=2952, ncalls=5312, regioncalls=197880, ndraw=40, logz=-105739.30, remainder_fraction=100.0000%, Lmin=-105727.85, Lmax=-105698.82
15:17:10 [ultranest] [DEBUG] iteration=2960, ncalls=5325, regioncalls=198400, ndraw=40, logz=-105738.98, remainder_fraction=100.0000%, Lmin=-105727.53, Lmax=-105698.82
15:17:10 [ultranest] [DEBUG] iteration=2970, ncalls=5351, regioncalls=199440, ndraw=40, logz=-105738.56, remainder_fraction=100.0000%, Lmin=-105727.03, Lmax=-105698.82
15:17:10 [ultranest] [DEBUG] iteration=2981, ncalls=5377, regioncalls=200480, ndraw=40, logz=-105738.09, remainder_fraction=100.0000%, Lmin=-105726.54, Lmax=-105698.82
15:17:10 [ultranest] [DEBUG] iteration=2990, ncalls=5394, regioncalls=201200, ndraw=40, logz=-105737.71, remainder_fraction=100.0000%, Lmin=-105726.09, Lmax=-105698.82
15:17:10 [ultranest] [DEBUG] iteration=3000, ncalls=5410, regioncalls=201840, ndraw=40, logz=-105737.23, remainder_fraction=100.0000%, Lmin=-105725.54, Lmax=-105698.82
15:17:10 [ultranest] [DEBUG] iteration=3018, ncalls=5436, regioncalls=202880, ndraw=40, logz=-105736.46, remainder_fraction=100.0000%, Lmin=-105724.70, Lmax=-105698.82
15:17:10 [ultranest] [DEBUG] iteration=3035, ncalls=5461, regioncalls=203880, ndraw=40, logz=-105735.67, remainder_fraction=100.0000%, Lmin=-105723.96, Lmax=-105698.82
15:17:11 [ultranest] [DEBUG] iteration=3040, ncalls=5467, regioncalls=204120, ndraw=40, logz=-105735.47, remainder_fraction=100.0000%, Lmin=-105723.68, Lmax=-105698.82
15:17:11 [ultranest] [DEBUG] iteration=3052, ncalls=5493, regioncalls=205160, ndraw=40, logz=-105734.93, remainder_fraction=100.0000%, Lmin=-105723.17, Lmax=-105698.82
15:17:11 [ultranest] [DEBUG] iteration=3065, ncalls=5520, regioncalls=206280, ndraw=40, logz=-105734.33, remainder_fraction=100.0000%, Lmin=-105722.43, Lmax=-105698.82
15:17:11 [ultranest] [DEBUG] iteration=3080, ncalls=5543, regioncalls=207240, ndraw=40, logz=-105733.64, remainder_fraction=100.0000%, Lmin=-105721.77, Lmax=-105698.82
15:17:11 [ultranest] [DEBUG] iteration=3094, ncalls=5570, regioncalls=208320, ndraw=40, logz=-105733.04, remainder_fraction=100.0000%, Lmin=-105721.14, Lmax=-105698.82
15:17:11 [ultranest] [DEBUG] iteration=3105, ncalls=5596, regioncalls=209360, ndraw=40, logz=-105732.60, remainder_fraction=100.0000%, Lmin=-105720.80, Lmax=-105698.82
15:17:11 [ultranest] [DEBUG] iteration=3120, ncalls=5621, regioncalls=210360, ndraw=40, logz=-105732.01, remainder_fraction=100.0000%, Lmin=-105720.18, Lmax=-105698.82
15:17:11 [ultranest] [DEBUG] iteration=3136, ncalls=5646, regioncalls=211360, ndraw=40, logz=-105731.43, remainder_fraction=100.0000%, Lmin=-105719.63, Lmax=-105698.82
15:17:11 [ultranest] [DEBUG] iteration=3140, ncalls=5658, regioncalls=211880, ndraw=40, logz=-105731.29, remainder_fraction=100.0000%, Lmin=-105719.45, Lmax=-105698.82
15:17:11 [ultranest] [DEBUG] iteration=3157, ncalls=5684, regioncalls=212920, ndraw=40, logz=-105730.70, remainder_fraction=100.0000%, Lmin=-105718.78, Lmax=-105698.82
15:17:11 [ultranest] [DEBUG] iteration=3160, ncalls=5688, regioncalls=213080, ndraw=40, logz=-105730.59, remainder_fraction=100.0000%, Lmin=-105718.70, Lmax=-105698.82
15:17:12 [ultranest] [DEBUG] iteration=3180, ncalls=5712, regioncalls=214040, ndraw=40, logz=-105729.92, remainder_fraction=100.0000%, Lmin=-105718.11, Lmax=-105698.82
15:17:12 [ultranest] [DEBUG] iteration=3196, ncalls=5737, regioncalls=215040, ndraw=40, logz=-105729.38, remainder_fraction=100.0000%, Lmin=-105717.32, Lmax=-105698.74
15:17:12 [ultranest] [DEBUG] iteration=3200, ncalls=5743, regioncalls=215280, ndraw=40, logz=-105729.22, remainder_fraction=100.0000%, Lmin=-105717.10, Lmax=-105698.74
15:17:12 [ultranest] [DEBUG] iteration=3213, ncalls=5769, regioncalls=216320, ndraw=40, logz=-105728.78, remainder_fraction=100.0000%, Lmin=-105716.86, Lmax=-105698.74
15:17:12 [ultranest] [DEBUG] iteration=3215, ncalls=5771, regioncalls=216480, ndraw=40, logz=-105728.72, remainder_fraction=100.0000%, Lmin=-105716.82, Lmax=-105698.74
15:17:12 [ultranest] [DEBUG] iteration=3236, ncalls=5795, regioncalls=217560, ndraw=40, logz=-105728.09, remainder_fraction=100.0000%, Lmin=-105716.19, Lmax=-105698.74
15:17:12 [ultranest] [DEBUG] iteration=3240, ncalls=5801, regioncalls=217800, ndraw=40, logz=-105727.98, remainder_fraction=100.0000%, Lmin=-105715.86, Lmax=-105698.74
15:17:12 [ultranest] [DEBUG] iteration=3259, ncalls=5827, regioncalls=218840, ndraw=40, logz=-105727.30, remainder_fraction=100.0000%, Lmin=-105714.99, Lmax=-105698.74
15:17:12 [ultranest] [DEBUG] iteration=3277, ncalls=5854, regioncalls=219920, ndraw=40, logz=-105726.67, remainder_fraction=100.0000%, Lmin=-105714.46, Lmax=-105698.74
15:17:12 [ultranest] [DEBUG] iteration=3280, ncalls=5857, regioncalls=220040, ndraw=40, logz=-105726.57, remainder_fraction=100.0000%, Lmin=-105714.38, Lmax=-105698.74
15:17:12 [ultranest] [DEBUG] iteration=3290, ncalls=5875, regioncalls=220800, ndraw=40, logz=-105726.25, remainder_fraction=99.9999%, Lmin=-105714.08, Lmax=-105698.74
15:17:12 [ultranest] [DEBUG] iteration=3307, ncalls=5901, regioncalls=221840, ndraw=40, logz=-105725.74, remainder_fraction=99.9999%, Lmin=-105713.65, Lmax=-105698.74
15:17:12 [ultranest] [DEBUG] iteration=3320, ncalls=5923, regioncalls=222720, ndraw=40, logz=-105725.40, remainder_fraction=99.9999%, Lmin=-105713.34, Lmax=-105698.74
15:17:12 [ultranest] [DEBUG] iteration=3335, ncalls=5949, regioncalls=223760, ndraw=40, logz=-105725.02, remainder_fraction=99.9998%, Lmin=-105712.95, Lmax=-105698.74
15:17:13 [ultranest] [DEBUG] iteration=3352, ncalls=5976, regioncalls=224840, ndraw=40, logz=-105724.59, remainder_fraction=99.9997%, Lmin=-105712.51, Lmax=-105698.74
15:17:13 [ultranest] [DEBUG] iteration=3360, ncalls=5992, regioncalls=225480, ndraw=40, logz=-105724.40, remainder_fraction=99.9996%, Lmin=-105712.33, Lmax=-105698.74
15:17:13 [ultranest] [DEBUG] iteration=3365, ncalls=6000, regioncalls=225840, ndraw=40, logz=-105724.28, remainder_fraction=99.9996%, Lmin=-105712.11, Lmax=-105698.74
15:17:13 [ultranest] [DEBUG] iteration=3378, ncalls=6028, regioncalls=226960, ndraw=40, logz=-105723.96, remainder_fraction=99.9994%, Lmin=-105711.83, Lmax=-105698.74
15:17:13 [ultranest] [DEBUG] iteration=3398, ncalls=6054, regioncalls=228000, ndraw=40, logz=-105723.48, remainder_fraction=99.9991%, Lmin=-105711.19, Lmax=-105698.72
15:17:13 [ultranest] [DEBUG] iteration=3400, ncalls=6057, regioncalls=228120, ndraw=40, logz=-105723.43, remainder_fraction=99.9991%, Lmin=-105711.14, Lmax=-105698.70
15:17:13 [ultranest] [DEBUG] iteration=3418, ncalls=6083, regioncalls=229160, ndraw=40, logz=-105723.01, remainder_fraction=99.9986%, Lmin=-105710.80, Lmax=-105698.70
15:17:13 [ultranest] [DEBUG] iteration=3434, ncalls=6109, regioncalls=230200, ndraw=40, logz=-105722.67, remainder_fraction=99.9981%, Lmin=-105710.54, Lmax=-105698.70
15:17:13 [ultranest] [DEBUG] iteration=3440, ncalls=6117, regioncalls=230520, ndraw=40, logz=-105722.56, remainder_fraction=99.9978%, Lmin=-105710.44, Lmax=-105698.40
15:17:13 [ultranest] [DEBUG] iteration=3455, ncalls=6143, regioncalls=231560, ndraw=40, logz=-105722.27, remainder_fraction=99.9972%, Lmin=-105710.08, Lmax=-105698.40
15:17:13 [ultranest] [DEBUG] iteration=3474, ncalls=6169, regioncalls=232600, ndraw=40, logz=-105721.89, remainder_fraction=99.9960%, Lmin=-105709.71, Lmax=-105698.40
15:17:13 [ultranest] [DEBUG] iteration=3480, ncalls=6176, regioncalls=232880, ndraw=40, logz=-105721.78, remainder_fraction=99.9955%, Lmin=-105709.56, Lmax=-105698.40
15:17:13 [ultranest] [DEBUG] iteration=3499, ncalls=6202, regioncalls=233920, ndraw=40, logz=-105721.43, remainder_fraction=99.9941%, Lmin=-105709.21, Lmax=-105698.40
15:17:14 [ultranest] [DEBUG] iteration=3515, ncalls=6222, regioncalls=234760, ndraw=40, logz=-105721.15, remainder_fraction=99.9922%, Lmin=-105708.88, Lmax=-105698.40
15:17:14 [ultranest] [DEBUG] iteration=3520, ncalls=6231, regioncalls=235120, ndraw=40, logz=-105721.06, remainder_fraction=99.9914%, Lmin=-105708.81, Lmax=-105698.40
15:17:14 [ultranest] [DEBUG] iteration=3541, ncalls=6262, regioncalls=236360, ndraw=40, logz=-105720.67, remainder_fraction=99.9875%, Lmin=-105708.27, Lmax=-105698.40
15:17:14 [ultranest] [DEBUG] iteration=3556, ncalls=6289, regioncalls=237440, ndraw=40, logz=-105720.38, remainder_fraction=99.9830%, Lmin=-105707.88, Lmax=-105698.40
15:17:14 [ultranest] [DEBUG] iteration=3560, ncalls=6299, regioncalls=237840, ndraw=40, logz=-105720.30, remainder_fraction=99.9814%, Lmin=-105707.81, Lmax=-105698.40
15:17:14 [ultranest] [DEBUG] iteration=3577, ncalls=6326, regioncalls=238920, ndraw=40, logz=-105719.99, remainder_fraction=99.9747%, Lmin=-105707.51, Lmax=-105698.40
15:17:14 [ultranest] [DEBUG] iteration=3592, ncalls=6353, regioncalls=240000, ndraw=40, logz=-105719.70, remainder_fraction=99.9653%, Lmin=-105707.10, Lmax=-105698.40
15:17:14 [ultranest] [DEBUG] iteration=3600, ncalls=6364, regioncalls=240440, ndraw=40, logz=-105719.55, remainder_fraction=99.9608%, Lmin=-105706.96, Lmax=-105698.39
15:17:14 [ultranest] [DEBUG] iteration=3613, ncalls=6391, regioncalls=241520, ndraw=40, logz=-105719.28, remainder_fraction=99.9489%, Lmin=-105706.63, Lmax=-105698.39
15:17:14 [ultranest] [DEBUG] iteration=3626, ncalls=6418, regioncalls=242600, ndraw=40, logz=-105719.03, remainder_fraction=99.9341%, Lmin=-105706.35, Lmax=-105698.39
15:17:14 [ultranest] [DEBUG] iteration=3639, ncalls=6445, regioncalls=243680, ndraw=40, logz=-105718.79, remainder_fraction=99.9180%, Lmin=-105706.12, Lmax=-105698.39
15:17:14 [ultranest] [DEBUG] iteration=3640, ncalls=6446, regioncalls=243720, ndraw=40, logz=-105718.77, remainder_fraction=99.9166%, Lmin=-105706.11, Lmax=-105698.39
15:17:15 [ultranest] [DEBUG] iteration=3652, ncalls=6476, regioncalls=244920, ndraw=40, logz=-105718.56, remainder_fraction=99.8942%, Lmin=-105705.86, Lmax=-105698.39
15:17:15 [ultranest] [DEBUG] iteration=3665, ncalls=6502, regioncalls=246000, ndraw=40, logz=-105718.34, remainder_fraction=99.8689%, Lmin=-105705.69, Lmax=-105698.39
15:17:15 [ultranest] [DEBUG] iteration=3680, ncalls=6522, regioncalls=246880, ndraw=40, logz=-105718.08, remainder_fraction=99.8278%, Lmin=-105705.41, Lmax=-105698.39
15:17:15 [ultranest] [DEBUG] iteration=3697, ncalls=6548, regioncalls=248000, ndraw=40, logz=-105717.81, remainder_fraction=99.7758%, Lmin=-105705.15, Lmax=-105698.39
15:17:15 [ultranest] [DEBUG] iteration=3711, ncalls=6575, regioncalls=249080, ndraw=40, logz=-105717.60, remainder_fraction=99.7277%, Lmin=-105704.91, Lmax=-105698.39
15:17:15 [ultranest] [DEBUG] iteration=3720, ncalls=6590, regioncalls=249680, ndraw=40, logz=-105717.46, remainder_fraction=99.6819%, Lmin=-105704.79, Lmax=-105698.39
15:17:15 [ultranest] [DEBUG] iteration=3735, ncalls=6616, regioncalls=250720, ndraw=40, logz=-105717.25, remainder_fraction=99.5952%, Lmin=-105704.52, Lmax=-105698.39
15:17:15 [ultranest] [DEBUG] iteration=3740, ncalls=6627, regioncalls=251200, ndraw=40, logz=-105717.18, remainder_fraction=99.5601%, Lmin=-105704.50, Lmax=-105698.39
15:17:15 [ultranest] [DEBUG] iteration=3755, ncalls=6653, regioncalls=252240, ndraw=40, logz=-105716.98, remainder_fraction=99.4575%, Lmin=-105704.32, Lmax=-105698.39
15:17:15 [ultranest] [DEBUG] iteration=3760, ncalls=6659, regioncalls=252480, ndraw=40, logz=-105716.92, remainder_fraction=99.4273%, Lmin=-105704.27, Lmax=-105698.39
15:17:15 [ultranest] [DEBUG] iteration=3771, ncalls=6686, regioncalls=253640, ndraw=40, logz=-105716.79, remainder_fraction=99.3389%, Lmin=-105704.22, Lmax=-105698.39
15:17:15 [ultranest] [DEBUG] iteration=3788, ncalls=6713, regioncalls=254720, ndraw=40, logz=-105716.60, remainder_fraction=99.1912%, Lmin=-105704.03, Lmax=-105698.32
15:17:16 [ultranest] [DEBUG] iteration=3800, ncalls=6737, regioncalls=255680, ndraw=40, logz=-105716.47, remainder_fraction=99.0973%, Lmin=-105703.84, Lmax=-105698.32
15:17:16 [ultranest] [DEBUG] iteration=3815, ncalls=6763, regioncalls=256720, ndraw=40, logz=-105716.31, remainder_fraction=98.9178%, Lmin=-105703.73, Lmax=-105698.32
15:17:16 [ultranest] [DEBUG] iteration=3827, ncalls=6791, regioncalls=257840, ndraw=40, logz=-105716.20, remainder_fraction=98.7651%, Lmin=-105703.63, Lmax=-105698.32
15:17:16 [ultranest] [DEBUG] iteration=3840, ncalls=6812, regioncalls=258680, ndraw=40, logz=-105716.08, remainder_fraction=98.6093%, Lmin=-105703.51, Lmax=-105698.32
15:17:16 [ultranest] [DEBUG] iteration=3854, ncalls=6837, regioncalls=259680, ndraw=40, logz=-105715.95, remainder_fraction=98.4028%, Lmin=-105703.32, Lmax=-105698.32
15:17:16 [ultranest] [DEBUG] iteration=3868, ncalls=6865, regioncalls=260800, ndraw=40, logz=-105715.82, remainder_fraction=98.2038%, Lmin=-105703.18, Lmax=-105698.32
15:17:16 [ultranest] [DEBUG] iteration=3880, ncalls=6889, regioncalls=261760, ndraw=40, logz=-105715.72, remainder_fraction=97.9800%, Lmin=-105703.13, Lmax=-105698.32
15:17:16 [ultranest] [DEBUG] iteration=3889, ncalls=6918, regioncalls=262920, ndraw=40, logz=-105715.64, remainder_fraction=97.8133%, Lmin=-105703.04, Lmax=-105698.32
15:17:16 [ultranest] [DEBUG] iteration=3901, ncalls=6945, regioncalls=264000, ndraw=40, logz=-105715.55, remainder_fraction=97.6170%, Lmin=-105702.92, Lmax=-105698.32
15:17:16 [ultranest] [DEBUG] iteration=3916, ncalls=6972, regioncalls=265080, ndraw=40, logz=-105715.43, remainder_fraction=97.3274%, Lmin=-105702.73, Lmax=-105698.32
15:17:17 [ultranest] [DEBUG] iteration=3920, ncalls=6976, regioncalls=265240, ndraw=40, logz=-105715.39, remainder_fraction=97.2228%, Lmin=-105702.71, Lmax=-105698.32
15:17:17 [ultranest] [DEBUG] iteration=3931, ncalls=7004, regioncalls=266360, ndraw=40, logz=-105715.30, remainder_fraction=96.9251%, Lmin=-105702.55, Lmax=-105698.32
15:17:17 [ultranest] [DEBUG] iteration=3940, ncalls=7032, regioncalls=267480, ndraw=40, logz=-105715.23, remainder_fraction=96.6952%, Lmin=-105702.49, Lmax=-105698.32
15:17:17 [ultranest] [DEBUG] iteration=3949, ncalls=7063, regioncalls=268720, ndraw=40, logz=-105715.16, remainder_fraction=96.3824%, Lmin=-105702.42, Lmax=-105698.32
15:17:17 [ultranest] [DEBUG] iteration=3959, ncalls=7090, regioncalls=269800, ndraw=40, logz=-105715.08, remainder_fraction=96.0840%, Lmin=-105702.36, Lmax=-105698.32
15:17:17 [ultranest] [DEBUG] iteration=3960, ncalls=7091, regioncalls=269840, ndraw=40, logz=-105715.07, remainder_fraction=96.0485%, Lmin=-105702.35, Lmax=-105698.32
15:17:17 [ultranest] [DEBUG] iteration=3965, ncalls=7104, regioncalls=270400, ndraw=40, logz=-105715.04, remainder_fraction=95.8748%, Lmin=-105702.33, Lmax=-105698.32
15:17:17 [ultranest] [DEBUG] iteration=3985, ncalls=7129, regioncalls=271400, ndraw=40, logz=-105714.90, remainder_fraction=95.1935%, Lmin=-105702.20, Lmax=-105698.32
15:17:17 [ultranest] [DEBUG] iteration=4000, ncalls=7155, regioncalls=272480, ndraw=40, logz=-105714.80, remainder_fraction=94.6797%, Lmin=-105702.08, Lmax=-105698.32
15:17:17 [ultranest] [DEBUG] iteration=4015, ncalls=7182, regioncalls=273560, ndraw=40, logz=-105714.70, remainder_fraction=94.2004%, Lmin=-105702.01, Lmax=-105698.32
15:17:17 [ultranest] [DEBUG] iteration=4027, ncalls=7209, regioncalls=274640, ndraw=40, logz=-105714.63, remainder_fraction=93.8257%, Lmin=-105701.89, Lmax=-105698.32
15:17:17 [ultranest] [DEBUG] iteration=4040, ncalls=7229, regioncalls=275520, ndraw=40, logz=-105714.55, remainder_fraction=93.2777%, Lmin=-105701.78, Lmax=-105698.32
15:17:18 [ultranest] [DEBUG] iteration=4058, ncalls=7255, regioncalls=276560, ndraw=40, logz=-105714.44, remainder_fraction=92.3374%, Lmin=-105701.65, Lmax=-105698.32
15:17:18 [ultranest] [DEBUG] iteration=4073, ncalls=7282, regioncalls=277640, ndraw=40, logz=-105714.35, remainder_fraction=91.6670%, Lmin=-105701.56, Lmax=-105698.32
15:17:18 [ultranest] [DEBUG] iteration=4080, ncalls=7292, regioncalls=278040, ndraw=40, logz=-105714.31, remainder_fraction=91.3801%, Lmin=-105701.48, Lmax=-105698.32
15:17:18 [ultranest] [DEBUG] iteration=4093, ncalls=7319, regioncalls=279120, ndraw=40, logz=-105714.24, remainder_fraction=90.7657%, Lmin=-105701.39, Lmax=-105698.32
15:17:18 [ultranest] [DEBUG] iteration=4113, ncalls=7344, regioncalls=280120, ndraw=40, logz=-105714.13, remainder_fraction=89.5923%, Lmin=-105701.27, Lmax=-105698.32
15:17:18 [ultranest] [DEBUG] iteration=4115, ncalls=7347, regioncalls=280320, ndraw=40, logz=-105714.12, remainder_fraction=89.4402%, Lmin=-105701.27, Lmax=-105698.32
15:17:18 [ultranest] [DEBUG] iteration=4120, ncalls=7357, regioncalls=280720, ndraw=40, logz=-105714.09, remainder_fraction=89.2306%, Lmin=-105701.24, Lmax=-105698.28
15:17:18 [ultranest] [DEBUG] iteration=4136, ncalls=7383, regioncalls=281800, ndraw=40, logz=-105714.01, remainder_fraction=88.5064%, Lmin=-105701.16, Lmax=-105698.28
15:17:18 [ultranest] [DEBUG] iteration=4154, ncalls=7409, regioncalls=282840, ndraw=40, logz=-105713.92, remainder_fraction=87.7751%, Lmin=-105701.06, Lmax=-105698.28
15:17:18 [ultranest] [DEBUG] iteration=4160, ncalls=7417, regioncalls=283160, ndraw=40, logz=-105713.89, remainder_fraction=87.5168%, Lmin=-105701.02, Lmax=-105698.28
15:17:18 [ultranest] [DEBUG] iteration=4174, ncalls=7444, regioncalls=284240, ndraw=40, logz=-105713.82, remainder_fraction=86.6328%, Lmin=-105700.92, Lmax=-105698.28
15:17:18 [ultranest] [DEBUG] iteration=4190, ncalls=7470, regioncalls=285360, ndraw=40, logz=-105713.75, remainder_fraction=85.5369%, Lmin=-105700.87, Lmax=-105698.28
15:17:19 [ultranest] [DEBUG] iteration=4200, ncalls=7486, regioncalls=286040, ndraw=40, logz=-105713.71, remainder_fraction=84.8703%, Lmin=-105700.81, Lmax=-105698.28
15:17:19 [ultranest] [DEBUG] iteration=4217, ncalls=7512, regioncalls=287080, ndraw=40, logz=-105713.63, remainder_fraction=83.7421%, Lmin=-105700.71, Lmax=-105698.28
15:17:19 [ultranest] [DEBUG] iteration=4234, ncalls=7537, regioncalls=288080, ndraw=40, logz=-105713.56, remainder_fraction=82.5352%, Lmin=-105700.65, Lmax=-105698.28
15:17:19 [ultranest] [DEBUG] iteration=4240, ncalls=7545, regioncalls=288400, ndraw=40, logz=-105713.54, remainder_fraction=82.1210%, Lmin=-105700.62, Lmax=-105698.28
15:17:19 [ultranest] [DEBUG] iteration=4256, ncalls=7573, regioncalls=289520, ndraw=40, logz=-105713.48, remainder_fraction=80.8812%, Lmin=-105700.48, Lmax=-105698.28
15:17:19 [ultranest] [DEBUG] iteration=4265, ncalls=7590, regioncalls=290280, ndraw=40, logz=-105713.44, remainder_fraction=80.2375%, Lmin=-105700.45, Lmax=-105698.28
15:17:19 [ultranest] [DEBUG] iteration=4280, ncalls=7611, regioncalls=291160, ndraw=40, logz=-105713.38, remainder_fraction=78.8923%, Lmin=-105700.37, Lmax=-105698.28
15:17:19 [ultranest] [DEBUG] iteration=4295, ncalls=7637, regioncalls=292200, ndraw=40, logz=-105713.33, remainder_fraction=77.4954%, Lmin=-105700.32, Lmax=-105698.28
15:17:19 [ultranest] [DEBUG] iteration=4311, ncalls=7664, regioncalls=293280, ndraw=40, logz=-105713.27, remainder_fraction=76.3746%, Lmin=-105700.24, Lmax=-105698.28
15:17:19 [ultranest] [DEBUG] iteration=4320, ncalls=7676, regioncalls=293760, ndraw=40, logz=-105713.24, remainder_fraction=75.5844%, Lmin=-105700.17, Lmax=-105698.28
15:17:19 [ultranest] [DEBUG] iteration=4332, ncalls=7706, regioncalls=294960, ndraw=40, logz=-105713.20, remainder_fraction=74.3905%, Lmin=-105700.13, Lmax=-105698.28
15:17:19 [ultranest] [DEBUG] iteration=4340, ncalls=7723, regioncalls=295720, ndraw=40, logz=-105713.17, remainder_fraction=73.7027%, Lmin=-105700.10, Lmax=-105698.28
15:17:20 [ultranest] [DEBUG] iteration=4355, ncalls=7750, regioncalls=296800, ndraw=40, logz=-105713.12, remainder_fraction=72.2215%, Lmin=-105700.06, Lmax=-105698.28
15:17:20 [ultranest] [DEBUG] iteration=4360, ncalls=7759, regioncalls=297160, ndraw=40, logz=-105713.10, remainder_fraction=71.8609%, Lmin=-105700.04, Lmax=-105698.28
15:17:20 [ultranest] [DEBUG] iteration=4375, ncalls=7784, regioncalls=298160, ndraw=40, logz=-105713.06, remainder_fraction=70.4685%, Lmin=-105699.97, Lmax=-105698.28
15:17:20 [ultranest] [DEBUG] iteration=4390, ncalls=7811, regioncalls=299240, ndraw=40, logz=-105713.01, remainder_fraction=69.2780%, Lmin=-105699.92, Lmax=-105698.28
15:17:20 [ultranest] [DEBUG] iteration=4400, ncalls=7835, regioncalls=300200, ndraw=40, logz=-105712.98, remainder_fraction=68.3872%, Lmin=-105699.87, Lmax=-105698.28
15:17:20 [ultranest] [DEBUG] iteration=4415, ncalls=7855, regioncalls=301040, ndraw=40, logz=-105712.94, remainder_fraction=66.8528%, Lmin=-105699.82, Lmax=-105698.28
15:17:20 [ultranest] [DEBUG] iteration=4431, ncalls=7879, regioncalls=302000, ndraw=40, logz=-105712.89, remainder_fraction=65.1388%, Lmin=-105699.77, Lmax=-105698.28
15:17:20 [ultranest] [DEBUG] iteration=4440, ncalls=7892, regioncalls=302520, ndraw=40, logz=-105712.87, remainder_fraction=64.2183%, Lmin=-105699.76, Lmax=-105698.28
15:17:20 [ultranest] [DEBUG] iteration=4452, ncalls=7918, regioncalls=303560, ndraw=40, logz=-105712.84, remainder_fraction=63.0602%, Lmin=-105699.72, Lmax=-105698.28
15:17:20 [ultranest] [DEBUG] iteration=4468, ncalls=7942, regioncalls=304520, ndraw=40, logz=-105712.80, remainder_fraction=61.5334%, Lmin=-105699.69, Lmax=-105698.28
15:17:20 [ultranest] [DEBUG] iteration=4480, ncalls=7959, regioncalls=305200, ndraw=40, logz=-105712.77, remainder_fraction=60.2143%, Lmin=-105699.65, Lmax=-105698.28
15:17:21 [ultranest] [DEBUG] iteration=4490, ncalls=7970, regioncalls=305680, ndraw=40, logz=-105712.75, remainder_fraction=59.3495%, Lmin=-105699.62, Lmax=-105698.28
15:17:21 [ultranest] [DEBUG] iteration=4508, ncalls=7996, regioncalls=306720, ndraw=40, logz=-105712.71, remainder_fraction=57.5377%, Lmin=-105699.57, Lmax=-105698.28
15:17:21 [ultranest] [DEBUG] iteration=4520, ncalls=8017, regioncalls=307560, ndraw=40, logz=-105712.68, remainder_fraction=56.4303%, Lmin=-105699.55, Lmax=-105698.28
15:17:21 [ultranest] [DEBUG] iteration=4537, ncalls=8042, regioncalls=308560, ndraw=40, logz=-105712.64, remainder_fraction=54.9247%, Lmin=-105699.49, Lmax=-105698.28
15:17:21 [ultranest] [DEBUG] iteration=4550, ncalls=8066, regioncalls=309520, ndraw=40, logz=-105712.62, remainder_fraction=53.8487%, Lmin=-105699.46, Lmax=-105698.28
15:17:21 [ultranest] [DEBUG] iteration=4560, ncalls=8087, regioncalls=310360, ndraw=40, logz=-105712.60, remainder_fraction=52.8981%, Lmin=-105699.45, Lmax=-105698.28
15:17:21 [ultranest] [DEBUG] iteration=4565, ncalls=8094, regioncalls=310680, ndraw=40, logz=-105712.59, remainder_fraction=52.5668%, Lmin=-105699.44, Lmax=-105698.28
15:17:21 [ultranest] [DEBUG] iteration=4587, ncalls=8117, regioncalls=311640, ndraw=40, logz=-105712.55, remainder_fraction=50.5140%, Lmin=-105699.38, Lmax=-105698.28
15:17:21 [ultranest] [DEBUG] iteration=4600, ncalls=8133, regioncalls=312400, ndraw=40, logz=-105712.53, remainder_fraction=49.3229%, Lmin=-105699.34, Lmax=-105698.28
15:17:21 [ultranest] [DEBUG] iteration=4615, ncalls=8158, regioncalls=313400, ndraw=40, logz=-105712.50, remainder_fraction=47.9383%, Lmin=-105699.30, Lmax=-105698.28
15:17:21 [ultranest] [DEBUG] iteration=4628, ncalls=8183, regioncalls=314400, ndraw=40, logz=-105712.48, remainder_fraction=46.7350%, Lmin=-105699.26, Lmax=-105698.28
15:17:22 [ultranest] [DEBUG] iteration=4640, ncalls=8202, regioncalls=315160, ndraw=40, logz=-105712.46, remainder_fraction=45.5861%, Lmin=-105699.25, Lmax=-105698.28
15:17:22 [ultranest] [DEBUG] iteration=4650, ncalls=8229, regioncalls=316240, ndraw=40, logz=-105712.44, remainder_fraction=44.7037%, Lmin=-105699.22, Lmax=-105698.28
15:17:22 [ultranest] [DEBUG] iteration=4663, ncalls=8256, regioncalls=317320, ndraw=40, logz=-105712.42, remainder_fraction=43.4560%, Lmin=-105699.21, Lmax=-105698.27
15:17:22 [ultranest] [DEBUG] iteration=4673, ncalls=8282, regioncalls=318360, ndraw=40, logz=-105712.41, remainder_fraction=42.7439%, Lmin=-105699.19, Lmax=-105698.27
15:17:22 [ultranest] [DEBUG] iteration=4680, ncalls=8297, regioncalls=318960, ndraw=40, logz=-105712.40, remainder_fraction=42.1151%, Lmin=-105699.18, Lmax=-105698.27
15:17:22 [ultranest] [DEBUG] iteration=4688, ncalls=8323, regioncalls=320000, ndraw=40, logz=-105712.39, remainder_fraction=41.4399%, Lmin=-105699.18, Lmax=-105698.27
15:17:22 [ultranest] [DEBUG] iteration=4702, ncalls=8352, regioncalls=321160, ndraw=40, logz=-105712.37, remainder_fraction=40.2037%, Lmin=-105699.15, Lmax=-105698.27
15:17:22 [ultranest] [DEBUG] iteration=4715, ncalls=8377, regioncalls=322280, ndraw=40, logz=-105712.35, remainder_fraction=39.1146%, Lmin=-105699.12, Lmax=-105698.27
15:17:22 [ultranest] [DEBUG] iteration=4720, ncalls=8383, regioncalls=322520, ndraw=40, logz=-105712.34, remainder_fraction=38.6905%, Lmin=-105699.10, Lmax=-105698.27
15:17:22 [ultranest] [DEBUG] iteration=4733, ncalls=8409, regioncalls=323560, ndraw=40, logz=-105712.33, remainder_fraction=37.6893%, Lmin=-105699.08, Lmax=-105698.27
15:17:22 [ultranest] [DEBUG] iteration=4749, ncalls=8435, regioncalls=324600, ndraw=40, logz=-105712.31, remainder_fraction=36.4123%, Lmin=-105699.06, Lmax=-105698.27
15:17:23 [ultranest] [DEBUG] iteration=4760, ncalls=8450, regioncalls=325200, ndraw=40, logz=-105712.29, remainder_fraction=35.5734%, Lmin=-105699.04, Lmax=-105698.27
15:17:23 [ultranest] [DEBUG] iteration=4778, ncalls=8475, regioncalls=326200, ndraw=40, logz=-105712.27, remainder_fraction=34.2366%, Lmin=-105699.01, Lmax=-105698.27
15:17:23 [ultranest] [DEBUG] iteration=4790, ncalls=8491, regioncalls=326880, ndraw=40, logz=-105712.26, remainder_fraction=33.3501%, Lmin=-105698.99, Lmax=-105698.27
15:17:23 [ultranest] [DEBUG] iteration=4800, ncalls=8503, regioncalls=327360, ndraw=40, logz=-105712.25, remainder_fraction=32.6035%, Lmin=-105698.97, Lmax=-105698.27
15:17:23 [ultranest] [DEBUG] iteration=4816, ncalls=8528, regioncalls=328360, ndraw=40, logz=-105712.23, remainder_fraction=31.5126%, Lmin=-105698.95, Lmax=-105698.27
15:17:23 [ultranest] [DEBUG] iteration=4832, ncalls=8552, regioncalls=329320, ndraw=40, logz=-105712.22, remainder_fraction=30.4399%, Lmin=-105698.94, Lmax=-105698.27
15:17:23 [ultranest] [DEBUG] iteration=4840, ncalls=8561, regioncalls=329680, ndraw=40, logz=-105712.21, remainder_fraction=29.9171%, Lmin=-105698.92, Lmax=-105698.27
15:17:23 [ultranest] [DEBUG] iteration=4852, ncalls=8587, regioncalls=330720, ndraw=40, logz=-105712.20, remainder_fraction=29.1457%, Lmin=-105698.90, Lmax=-105698.27
15:17:23 [ultranest] [DEBUG] iteration=4865, ncalls=8607, regioncalls=331560, ndraw=40, logz=-105712.19, remainder_fraction=28.2397%, Lmin=-105698.88, Lmax=-105698.27
15:17:23 [ultranest] [DEBUG] iteration=4880, ncalls=8626, regioncalls=332320, ndraw=40, logz=-105712.17, remainder_fraction=27.3432%, Lmin=-105698.86, Lmax=-105698.27
15:17:23 [ultranest] [DEBUG] iteration=4896, ncalls=8651, regioncalls=333320, ndraw=40, logz=-105712.16, remainder_fraction=26.3033%, Lmin=-105698.84, Lmax=-105698.27
15:17:23 [ultranest] [DEBUG] iteration=4912, ncalls=8676, regioncalls=334320, ndraw=40, logz=-105712.15, remainder_fraction=25.3432%, Lmin=-105698.82, Lmax=-105698.27
15:17:24 [ultranest] [DEBUG] iteration=4920, ncalls=8694, regioncalls=335040, ndraw=40, logz=-105712.14, remainder_fraction=24.8776%, Lmin=-105698.81, Lmax=-105698.27
15:17:24 [ultranest] [DEBUG] iteration=4935, ncalls=8721, regioncalls=336120, ndraw=40, logz=-105712.13, remainder_fraction=23.9715%, Lmin=-105698.80, Lmax=-105698.27
15:17:24 [ultranest] [DEBUG] iteration=4940, ncalls=8730, regioncalls=336560, ndraw=40, logz=-105712.13, remainder_fraction=23.6996%, Lmin=-105698.79, Lmax=-105698.27
15:17:24 [ultranest] [DEBUG] iteration=4954, ncalls=8756, regioncalls=337600, ndraw=40, logz=-105712.12, remainder_fraction=22.9192%, Lmin=-105698.78, Lmax=-105698.27
15:17:24 [ultranest] [DEBUG] iteration=4960, ncalls=8764, regioncalls=337920, ndraw=40, logz=-105712.11, remainder_fraction=22.5784%, Lmin=-105698.77, Lmax=-105698.27
15:17:24 [ultranest] [DEBUG] iteration=4975, ncalls=8791, regioncalls=339000, ndraw=40, logz=-105712.10, remainder_fraction=21.7866%, Lmin=-105698.76, Lmax=-105698.27
15:17:24 [ultranest] [DEBUG] iteration=4993, ncalls=8815, regioncalls=339960, ndraw=40, logz=-105712.09, remainder_fraction=20.8440%, Lmin=-105698.74, Lmax=-105698.27
15:17:24 [ultranest] [DEBUG] iteration=5000, ncalls=8826, regioncalls=340400, ndraw=40, logz=-105712.08, remainder_fraction=20.4953%, Lmin=-105698.73, Lmax=-105698.27
15:17:24 [ultranest] [DEBUG] iteration=5011, ncalls=8854, regioncalls=341520, ndraw=40, logz=-105712.08, remainder_fraction=19.9668%, Lmin=-105698.73, Lmax=-105698.27
15:17:24 [ultranest] [DEBUG] iteration=5015, ncalls=8863, regioncalls=342000, ndraw=40, logz=-105712.08, remainder_fraction=19.7800%, Lmin=-105698.72, Lmax=-105698.27
15:17:24 [ultranest] [DEBUG] iteration=5034, ncalls=8888, regioncalls=343000, ndraw=40, logz=-105712.06, remainder_fraction=18.8584%, Lmin=-105698.71, Lmax=-105698.27
15:17:24 [ultranest] [DEBUG] iteration=5040, ncalls=8898, regioncalls=343400, ndraw=40, logz=-105712.06, remainder_fraction=18.5788%, Lmin=-105698.70, Lmax=-105698.27
15:17:25 [ultranest] [DEBUG] iteration=5056, ncalls=8923, regioncalls=344400, ndraw=40, logz=-105712.05, remainder_fraction=17.8566%, Lmin=-105698.69, Lmax=-105698.27
15:17:25 [ultranest] [DEBUG] iteration=5073, ncalls=8948, regioncalls=345400, ndraw=40, logz=-105712.04, remainder_fraction=17.1190%, Lmin=-105698.68, Lmax=-105698.27
15:17:25 [ultranest] [DEBUG] iteration=5080, ncalls=8958, regioncalls=345800, ndraw=40, logz=-105712.04, remainder_fraction=16.8160%, Lmin=-105698.67, Lmax=-105698.27
15:17:25 [ultranest] [DEBUG] iteration=5090, ncalls=8970, regioncalls=346320, ndraw=40, logz=-105712.03, remainder_fraction=16.4115%, Lmin=-105698.66, Lmax=-105698.26
15:17:25 [ultranest] [DEBUG] iteration=5105, ncalls=8995, regioncalls=347320, ndraw=40, logz=-105712.03, remainder_fraction=15.8065%, Lmin=-105698.65, Lmax=-105698.26
15:17:25 [ultranest] [DEBUG] iteration=5116, ncalls=9022, regioncalls=348400, ndraw=40, logz=-105712.02, remainder_fraction=15.3798%, Lmin=-105698.64, Lmax=-105698.26
15:17:25 [ultranest] [DEBUG] iteration=5120, ncalls=9028, regioncalls=348640, ndraw=40, logz=-105712.02, remainder_fraction=15.2178%, Lmin=-105698.64, Lmax=-105698.26
15:17:25 [ultranest] [DEBUG] iteration=5133, ncalls=9053, regioncalls=349640, ndraw=40, logz=-105712.01, remainder_fraction=14.7085%, Lmin=-105698.62, Lmax=-105698.26
15:17:25 [ultranest] [DEBUG] iteration=5146, ncalls=9079, regioncalls=350680, ndraw=40, logz=-105712.01, remainder_fraction=14.2137%, Lmin=-105698.62, Lmax=-105698.26
15:17:25 [ultranest] [DEBUG] iteration=5160, ncalls=9104, regioncalls=351680, ndraw=40, logz=-105712.00, remainder_fraction=13.7166%, Lmin=-105698.61, Lmax=-105698.26
15:17:25 [ultranest] [DEBUG] iteration=5173, ncalls=9129, regioncalls=352680, ndraw=40, logz=-105712.00, remainder_fraction=13.2403%, Lmin=-105698.60, Lmax=-105698.26
15:17:25 [ultranest] [DEBUG] iteration=5188, ncalls=9154, regioncalls=353680, ndraw=40, logz=-105711.99, remainder_fraction=12.7318%, Lmin=-105698.59, Lmax=-105698.26
15:17:26 [ultranest] [DEBUG] iteration=5200, ncalls=9175, regioncalls=354520, ndraw=40, logz=-105711.99, remainder_fraction=12.3496%, Lmin=-105698.58, Lmax=-105698.26
15:17:26 [ultranest] [DEBUG] iteration=5213, ncalls=9204, regioncalls=355680, ndraw=40, logz=-105711.98, remainder_fraction=11.9585%, Lmin=-105698.57, Lmax=-105698.24
15:17:26 [ultranest] [DEBUG] iteration=5227, ncalls=9229, regioncalls=356680, ndraw=40, logz=-105711.98, remainder_fraction=11.5241%, Lmin=-105698.57, Lmax=-105698.24
15:17:26 [ultranest] [DEBUG] iteration=5235, ncalls=9256, regioncalls=357760, ndraw=40, logz=-105711.98, remainder_fraction=11.2951%, Lmin=-105698.56, Lmax=-105698.24
15:17:26 [ultranest] [DEBUG] iteration=5240, ncalls=9263, regioncalls=358080, ndraw=40, logz=-105711.97, remainder_fraction=11.1455%, Lmin=-105698.56, Lmax=-105698.24
15:17:26 [ultranest] [DEBUG] iteration=5257, ncalls=9285, regioncalls=358960, ndraw=40, logz=-105711.97, remainder_fraction=10.6416%, Lmin=-105698.55, Lmax=-105698.24
15:17:26 [ultranest] [DEBUG] iteration=5271, ncalls=9313, regioncalls=360080, ndraw=40, logz=-105711.96, remainder_fraction=10.2626%, Lmin=-105698.54, Lmax=-105698.24
15:17:26 [ultranest] [DEBUG] iteration=5280, ncalls=9330, regioncalls=360760, ndraw=40, logz=-105711.96, remainder_fraction=10.0232%, Lmin=-105698.53, Lmax=-105698.24
15:17:26 [ultranest] [DEBUG] iteration=5297, ncalls=9355, regioncalls=361760, ndraw=40, logz=-105711.96, remainder_fraction=9.5938%, Lmin=-105698.52, Lmax=-105698.24
15:17:26 [ultranest] [DEBUG] iteration=5314, ncalls=9380, regioncalls=362760, ndraw=40, logz=-105711.95, remainder_fraction=9.1652%, Lmin=-105698.51, Lmax=-105698.24
15:17:26 [ultranest] [DEBUG] iteration=5315, ncalls=9381, regioncalls=362840, ndraw=40, logz=-105711.95, remainder_fraction=9.1388%, Lmin=-105698.51, Lmax=-105698.24
15:17:26 [ultranest] [DEBUG] iteration=5320, ncalls=9388, regioncalls=363120, ndraw=40, logz=-105711.95, remainder_fraction=9.0181%, Lmin=-105698.51, Lmax=-105698.24
15:17:27 [ultranest] [DEBUG] iteration=5338, ncalls=9415, regioncalls=364240, ndraw=40, logz=-105711.95, remainder_fraction=8.5957%, Lmin=-105698.50, Lmax=-105698.24
15:17:27 [ultranest] [DEBUG] iteration=5354, ncalls=9440, regioncalls=365280, ndraw=40, logz=-105711.94, remainder_fraction=8.2383%, Lmin=-105698.49, Lmax=-105698.24
15:17:27 [ultranest] [DEBUG] iteration=5360, ncalls=9452, regioncalls=365760, ndraw=40, logz=-105711.94, remainder_fraction=8.1085%, Lmin=-105698.49, Lmax=-105698.24
15:17:27 [ultranest] [DEBUG] iteration=5369, ncalls=9478, regioncalls=366800, ndraw=40, logz=-105711.94, remainder_fraction=7.9068%, Lmin=-105698.48, Lmax=-105698.24
15:17:27 [ultranest] [DEBUG] iteration=5384, ncalls=9504, regioncalls=367840, ndraw=40, logz=-105711.93, remainder_fraction=7.5830%, Lmin=-105698.47, Lmax=-105698.24
15:17:27 [ultranest] [DEBUG] iteration=5390, ncalls=9515, regioncalls=368360, ndraw=40, logz=-105711.93, remainder_fraction=7.4575%, Lmin=-105698.47, Lmax=-105698.24
15:17:27 [ultranest] [DEBUG] iteration=5400, ncalls=9528, regioncalls=368880, ndraw=40, logz=-105711.93, remainder_fraction=7.2588%, Lmin=-105698.47, Lmax=-105698.24
15:17:27 [ultranest] [DEBUG] iteration=5417, ncalls=9553, regioncalls=369880, ndraw=40, logz=-105711.93, remainder_fraction=6.9203%, Lmin=-105698.46, Lmax=-105698.24
15:17:27 [ultranest] [DEBUG] iteration=5432, ncalls=9578, regioncalls=370880, ndraw=40, logz=-105711.92, remainder_fraction=6.6491%, Lmin=-105698.45, Lmax=-105698.24
15:17:27 [ultranest] [DEBUG] iteration=5440, ncalls=9590, regioncalls=371360, ndraw=40, logz=-105711.92, remainder_fraction=6.5017%, Lmin=-105698.45, Lmax=-105698.24
15:17:27 [ultranest] [DEBUG] iteration=5455, ncalls=9616, regioncalls=372400, ndraw=40, logz=-105711.92, remainder_fraction=6.2426%, Lmin=-105698.44, Lmax=-105698.24
15:17:27 [ultranest] [DEBUG] iteration=5472, ncalls=9640, regioncalls=373360, ndraw=40, logz=-105711.92, remainder_fraction=5.9567%, Lmin=-105698.44, Lmax=-105698.24
15:17:28 [ultranest] [DEBUG] iteration=5480, ncalls=9650, regioncalls=373760, ndraw=40, logz=-105711.92, remainder_fraction=5.8255%, Lmin=-105698.43, Lmax=-105698.24
15:17:28 [ultranest] [DEBUG] iteration=5491, ncalls=9676, regioncalls=374800, ndraw=40, logz=-105711.91, remainder_fraction=5.6512%, Lmin=-105698.43, Lmax=-105698.24
15:17:28 [ultranest] [DEBUG] iteration=5503, ncalls=9703, regioncalls=375880, ndraw=40, logz=-105711.91, remainder_fraction=5.4673%, Lmin=-105698.43, Lmax=-105698.24
15:17:28 [ultranest] [DEBUG] iteration=5516, ncalls=9728, regioncalls=376880, ndraw=40, logz=-105711.91, remainder_fraction=5.2798%, Lmin=-105698.42, Lmax=-105698.24
15:17:28 [ultranest] [DEBUG] iteration=5520, ncalls=9733, regioncalls=377080, ndraw=40, logz=-105711.91, remainder_fraction=5.2214%, Lmin=-105698.42, Lmax=-105698.24
15:17:28 [ultranest] [DEBUG] iteration=5534, ncalls=9759, regioncalls=378120, ndraw=40, logz=-105711.91, remainder_fraction=5.0279%, Lmin=-105698.41, Lmax=-105698.24
15:17:28 [ultranest] [DEBUG] iteration=5540, ncalls=9771, regioncalls=378680, ndraw=40, logz=-105711.91, remainder_fraction=4.9440%, Lmin=-105698.41, Lmax=-105698.24
15:17:28 [ultranest] [DEBUG] iteration=5558, ncalls=9795, regioncalls=379760, ndraw=40, logz=-105711.90, remainder_fraction=4.7007%, Lmin=-105698.41, Lmax=-105698.24
15:17:28 [ultranest] [DEBUG] iteration=5560, ncalls=9797, regioncalls=379840, ndraw=40, logz=-105711.90, remainder_fraction=4.6748%, Lmin=-105698.41, Lmax=-105698.24
15:17:28 [ultranest] [DEBUG] iteration=5578, ncalls=9822, regioncalls=380840, ndraw=40, logz=-105711.90, remainder_fraction=4.4468%, Lmin=-105698.40, Lmax=-105698.24
15:17:28 [ultranest] [DEBUG] iteration=5595, ncalls=9847, regioncalls=381840, ndraw=40, logz=-105711.90, remainder_fraction=4.2397%, Lmin=-105698.39, Lmax=-105698.24
15:17:28 [ultranest] [DEBUG] iteration=5600, ncalls=9859, regioncalls=382320, ndraw=40, logz=-105711.90, remainder_fraction=4.1807%, Lmin=-105698.39, Lmax=-105698.24
15:17:28 [ultranest] [DEBUG] iteration=5614, ncalls=9885, regioncalls=383360, ndraw=40, logz=-105711.90, remainder_fraction=4.0210%, Lmin=-105698.39, Lmax=-105698.24
15:17:29 [ultranest] [DEBUG] iteration=5627, ncalls=9909, regioncalls=384320, ndraw=40, logz=-105711.90, remainder_fraction=3.8797%, Lmin=-105698.38, Lmax=-105698.24
15:17:29 [ultranest] [DEBUG] iteration=5640, ncalls=9928, regioncalls=385080, ndraw=40, logz=-105711.89, remainder_fraction=3.7420%, Lmin=-105698.38, Lmax=-105698.24
15:17:29 [ultranest] [DEBUG] iteration=5656, ncalls=9953, regioncalls=386080, ndraw=40, logz=-105711.89, remainder_fraction=3.5774%, Lmin=-105698.38, Lmax=-105698.24
15:17:29 [ultranest] [DEBUG] iteration=5672, ncalls=9978, regioncalls=387080, ndraw=40, logz=-105711.89, remainder_fraction=3.4209%, Lmin=-105698.37, Lmax=-105698.24
15:17:29 [ultranest] [DEBUG] iteration=5680, ncalls=10002, regioncalls=388040, ndraw=40, logz=-105711.89, remainder_fraction=3.3441%, Lmin=-105698.37, Lmax=-105698.24
15:17:29 [ultranest] [DEBUG] iteration=5690, ncalls=10022, regioncalls=388920, ndraw=40, logz=-105711.89, remainder_fraction=3.2494%, Lmin=-105698.36, Lmax=-105698.24
15:17:29 [ultranest] [DEBUG] iteration=5708, ncalls=10046, regioncalls=389880, ndraw=40, logz=-105711.89, remainder_fraction=3.0885%, Lmin=-105698.36, Lmax=-105698.24
15:17:29 [ultranest] [DEBUG] iteration=5720, ncalls=10063, regioncalls=390560, ndraw=40, logz=-105711.89, remainder_fraction=2.9866%, Lmin=-105698.36, Lmax=-105698.24
15:17:29 [ultranest] [DEBUG] iteration=5736, ncalls=10089, regioncalls=391600, ndraw=40, logz=-105711.88, remainder_fraction=2.8539%, Lmin=-105698.35, Lmax=-105698.24
15:17:29 [ultranest] [DEBUG] iteration=5752, ncalls=10113, regioncalls=392560, ndraw=40, logz=-105711.88, remainder_fraction=2.7257%, Lmin=-105698.35, Lmax=-105698.24
15:17:30 [ultranest] [DEBUG] iteration=5760, ncalls=10131, regioncalls=393280, ndraw=40, logz=-105711.88, remainder_fraction=2.6642%, Lmin=-105698.35, Lmax=-105698.24
15:17:30 [ultranest] [DEBUG] iteration=5765, ncalls=10141, regioncalls=393720, ndraw=40, logz=-105711.88, remainder_fraction=2.6263%, Lmin=-105698.35, Lmax=-105698.24
15:17:30 [ultranest] [DEBUG] iteration=5785, ncalls=10166, regioncalls=394720, ndraw=40, logz=-105711.88, remainder_fraction=2.4783%, Lmin=-105698.34, Lmax=-105698.24
15:17:30 [ultranest] [DEBUG] iteration=5800, ncalls=10184, regioncalls=395440, ndraw=40, logz=-105711.88, remainder_fraction=2.3741%, Lmin=-105698.34, Lmax=-105698.24
15:17:30 [ultranest] [DEBUG] iteration=5818, ncalls=10208, regioncalls=396400, ndraw=40, logz=-105711.88, remainder_fraction=2.2550%, Lmin=-105698.34, Lmax=-105698.24
15:17:30 [ultranest] [DEBUG] iteration=5835, ncalls=10233, regioncalls=397400, ndraw=40, logz=-105711.88, remainder_fraction=2.1482%, Lmin=-105698.33, Lmax=-105698.24
15:17:30 [ultranest] [DEBUG] iteration=5840, ncalls=10245, regioncalls=397920, ndraw=40, logz=-105711.88, remainder_fraction=2.1174%, Lmin=-105698.33, Lmax=-105698.24
15:17:30 [ultranest] [DEBUG] iteration=5860, ncalls=10269, regioncalls=398960, ndraw=40, logz=-105711.88, remainder_fraction=1.9989%, Lmin=-105698.33, Lmax=-105698.24
15:17:30 [ultranest] [DEBUG] iteration=5880, ncalls=10295, regioncalls=400000, ndraw=40, logz=-105711.87, remainder_fraction=1.8869%, Lmin=-105698.33, Lmax=-105698.24
15:17:30 [ultranest] [DEBUG] iteration=5892, ncalls=10321, regioncalls=401040, ndraw=40, logz=-105711.87, remainder_fraction=1.8227%, Lmin=-105698.32, Lmax=-105698.24
15:17:30 [ultranest] [DEBUG] iteration=5907, ncalls=10347, regioncalls=402080, ndraw=40, logz=-105711.87, remainder_fraction=1.7453%, Lmin=-105698.32, Lmax=-105698.24
15:17:30 [ultranest] [DEBUG] iteration=5915, ncalls=10362, regioncalls=402720, ndraw=40, logz=-105711.87, remainder_fraction=1.7052%, Lmin=-105698.32, Lmax=-105698.24
15:17:31 [ultranest] [DEBUG] iteration=5920, ncalls=10368, regioncalls=402960, ndraw=40, logz=-105711.87, remainder_fraction=1.6805%, Lmin=-105698.32, Lmax=-105698.24
15:17:31 [ultranest] [DEBUG] iteration=5939, ncalls=10392, regioncalls=403920, ndraw=40, logz=-105711.87, remainder_fraction=1.5914%, Lmin=-105698.32, Lmax=-105698.24
15:17:31 [ultranest] [DEBUG] iteration=5955, ncalls=10417, regioncalls=404920, ndraw=40, logz=-105711.87, remainder_fraction=1.5192%, Lmin=-105698.32, Lmax=-105698.24
15:17:31 [ultranest] [DEBUG] iteration=5960, ncalls=10424, regioncalls=405200, ndraw=40, logz=-105711.87, remainder_fraction=1.4974%, Lmin=-105698.31, Lmax=-105698.24
15:17:31 [ultranest] [DEBUG] iteration=5976, ncalls=10449, regioncalls=406200, ndraw=40, logz=-105711.87, remainder_fraction=1.4295%, Lmin=-105698.31, Lmax=-105698.24
15:17:31 [ultranest] [DEBUG] iteration=5990, ncalls=10471, regioncalls=407120, ndraw=40, logz=-105711.87, remainder_fraction=1.3727%, Lmin=-105698.31, Lmax=-105698.24
15:17:31 [ultranest] [DEBUG] iteration=6000, ncalls=10484, regioncalls=407640, ndraw=40, logz=-105711.87, remainder_fraction=1.3334%, Lmin=-105698.31, Lmax=-105698.24
15:17:31 [ultranest] [DEBUG] iteration=6019, ncalls=10508, regioncalls=408600, ndraw=40, logz=-105711.87, remainder_fraction=1.2616%, Lmin=-105698.30, Lmax=-105698.24
15:17:31 [ultranest] [DEBUG] iteration=6037, ncalls=10532, regioncalls=409560, ndraw=40, logz=-105711.87, remainder_fraction=1.1973%, Lmin=-105698.30, Lmax=-105698.24
15:17:31 [ultranest] [DEBUG] iteration=6040, ncalls=10540, regioncalls=409880, ndraw=40, logz=-105711.87, remainder_fraction=1.1869%, Lmin=-105698.30, Lmax=-105698.24
15:17:31 [ultranest] [DEBUG] iteration=6055, ncalls=10565, regioncalls=410880, ndraw=40, logz=-105711.87, remainder_fraction=1.1359%, Lmin=-105698.30, Lmax=-105698.24
15:17:31 [ultranest] [DEBUG] iteration=6065, ncalls=10578, regioncalls=411440, ndraw=40, logz=-105711.87, remainder_fraction=1.1036%, Lmin=-105698.30, Lmax=-105698.24
15:17:31 [ultranest] [DEBUG] iteration=6080, ncalls=10597, regioncalls=412280, ndraw=40, logz=-105711.87, remainder_fraction=1.0562%, Lmin=-105698.30, Lmax=-105698.24
15:17:32 [ultranest] [DEBUG] iteration=6098, ncalls=10621, regioncalls=413280, ndraw=40, logz=-105711.87, remainder_fraction=1.0020%, Lmin=-105698.29, Lmax=-105698.24
15:17:32 [ultranest] [INFO] Explored until L=-1e+05  
15:17:32 [ultranest] [INFO] Likelihood function evaluations: 10621
15:17:33 [ultranest] [INFO] Writing samples and results to disk ...
15:17:33 [ultranest] [INFO] Writing samples and results to disk ... done
15:17:33 [ultranest] [DEBUG] did a run_iter pass!
15:17:33 [ultranest] [INFO]   logZ = -1.057e+05 +- 0.1486
15:17:33 [ultranest] [INFO] Effective samples strategy satisfied (ESS = 1550.5, need >400)
15:17:33 [ultranest] [INFO] Posterior uncertainty strategy is satisfied (KL: 0.45+-0.06 nat, need <0.50 nat)
15:17:33 [ultranest] [INFO] Evidency uncertainty strategy is satisfied (dlogz=0.15, need <0.5)
15:17:33 [ultranest] [INFO]   logZ error budget: single: 0.19 bs:0.15 tail:0.01 total:0.15 required:<0.50
15:17:33 [ultranest] [INFO] done iterating.
15:17:33 [ultranest] [DEBUG] Making corner plot ...
15:17:34 [ultranest] [DEBUG] Making corner plot ... done
15:17:34 [ultranest] [DEBUG] Making run plot ... 
15:17:34 [ultranest] [DEBUG] Making run plot ... done
15:17:34 [ultranest] [DEBUG] Making trace plot ... 
15:17:36 [ultranest] [DEBUG] Making trace plot ... done
