13:07:27 [ultranest] [DEBUG] ReactiveNestedSampler: dims=2+0, resume=False, log_dir=./m-values/N64/S32/M64/T029/P025/NF2/sample_rho, backend=hdf5, vectorized=False, nbootstraps=30, ndraw=128..65536
13:07:27 [ultranest] [INFO] Sampling 400 live points from prior ...
13:07:29 [ultranest] [DEBUG] run_iter dlogz=0.5, dKL=0.5, frac_remain=0.01, Lepsilon=0.0010, min_ess=400
13:07:29 [ultranest] [DEBUG] max_iters=-1, max_ncalls=-1, max_num_improvement_loops=-1, min_num_live_points=400, cluster_num_live_points=40
13:07:29 [ultranest] [DEBUG] minimal_widths_sequence: [(-inf, 400.0), (inf, 400.0)]
13:07:29 [ultranest] [DEBUG] Plateau detected at L=-2.578895e+07, not replacing live point.
13:07:29 [ultranest] [DEBUG] Plateau detected at L=-2.578895e+07, not replacing live point.
13:07:29 [ultranest] [DEBUG] Plateau detected at L=-2.578895e+07, not replacing live point.
13:07:29 [ultranest] [DEBUG] Plateau detected at L=-2.578895e+07, not replacing live point.
13:07:29 [ultranest] [DEBUG] Plateau detected at L=-2.578895e+07, not replacing live point.
13:07:29 [ultranest] [DEBUG] Plateau detected at L=-2.578895e+07, not replacing live point.
13:07:29 [ultranest] [DEBUG] Plateau detected at L=-2.578895e+07, not replacing live point.
13:07:29 [ultranest] [DEBUG] Plateau detected at L=-2.578895e+07, not replacing live point.
13:07:29 [ultranest] [DEBUG] Plateau detected at L=-2.578895e+07, not replacing live point.
13:07:29 [ultranest] [DEBUG] Plateau detected at L=-2.578895e+07, not replacing live point.
13:07:29 [ultranest] [DEBUG] Plateau detected at L=-2.578895e+07, not replacing live point.
13:07:29 [ultranest] [DEBUG] Plateau detected at L=-2.578895e+07, not replacing live point.
13:07:29 [ultranest] [DEBUG] Plateau detected at L=-2.578895e+07, not replacing live point.
13:07:29 [ultranest] [DEBUG] Plateau detected at L=-2.578895e+07, not replacing live point.
13:07:29 [ultranest] [DEBUG] Plateau detected at L=-2.578895e+07, not replacing live point.
13:07:29 [ultranest] [DEBUG] Plateau detected at L=-2.578895e+07, not replacing live point.
13:07:29 [ultranest] [DEBUG] Plateau detected at L=-2.578895e+07, not replacing live point.
13:07:29 [ultranest] [DEBUG] Plateau detected at L=-2.578895e+07, not replacing live point.
13:07:29 [ultranest] [DEBUG] iteration=18, ncalls=401, regioncalls=40, ndraw=40, logz=-25788956.14, remainder_fraction=100.0000%, Lmin=-25788953.04, Lmax=-198080.24
13:07:29 [ultranest] [DEBUG] iteration=38, ncalls=422, regioncalls=880, ndraw=40, logz=-245191.97, remainder_fraction=100.0000%, Lmin=-245091.70, Lmax=-198080.24
13:07:29 [ultranest] [DEBUG] iteration=40, ncalls=424, regioncalls=960, ndraw=40, logz=-244895.27, remainder_fraction=100.0000%, Lmin=-244178.45, Lmax=-198080.24
13:07:29 [ultranest] [DEBUG] iteration=61, ncalls=445, regioncalls=1800, ndraw=40, logz=-231688.37, remainder_fraction=100.0000%, Lmin=-231610.92, Lmax=-198080.24
13:07:29 [ultranest] [DEBUG] iteration=79, ncalls=467, regioncalls=2680, ndraw=40, logz=-228889.06, remainder_fraction=100.0000%, Lmin=-228850.98, Lmax=-198080.24
13:07:29 [ultranest] [DEBUG] iteration=80, ncalls=468, regioncalls=2720, ndraw=40, logz=-228857.13, remainder_fraction=100.0000%, Lmin=-228539.33, Lmax=-198080.24
13:07:29 [ultranest] [DEBUG] iteration=101, ncalls=489, regioncalls=3560, ndraw=40, logz=-225747.17, remainder_fraction=100.0000%, Lmin=-225542.18, Lmax=-198080.24
13:07:29 [ultranest] [DEBUG] iteration=119, ncalls=509, regioncalls=4360, ndraw=40, logz=-223183.03, remainder_fraction=100.0000%, Lmin=-223171.39, Lmax=-198080.24
13:07:29 [ultranest] [DEBUG] iteration=120, ncalls=510, regioncalls=4400, ndraw=40, logz=-223177.64, remainder_fraction=100.0000%, Lmin=-222978.83, Lmax=-198080.24
13:07:29 [ultranest] [DEBUG] iteration=139, ncalls=532, regioncalls=5280, ndraw=40, logz=-221041.55, remainder_fraction=100.0000%, Lmin=-220912.23, Lmax=-198080.24
13:07:30 [ultranest] [DEBUG] iteration=154, ncalls=554, regioncalls=6160, ndraw=40, logz=-219653.36, remainder_fraction=100.0000%, Lmin=-219409.24, Lmax=-198080.24
13:07:30 [ultranest] [DEBUG] iteration=160, ncalls=561, regioncalls=6440, ndraw=40, logz=-218819.82, remainder_fraction=100.0000%, Lmin=-218804.20, Lmax=-198080.24
13:07:30 [ultranest] [DEBUG] iteration=180, ncalls=582, regioncalls=7280, ndraw=40, logz=-216663.58, remainder_fraction=100.0000%, Lmin=-216627.95, Lmax=-198080.24
13:07:30 [ultranest] [DEBUG] iteration=190, ncalls=593, regioncalls=7720, ndraw=40, logz=-216190.38, remainder_fraction=100.0000%, Lmin=-216151.18, Lmax=-198080.24
13:07:30 [ultranest] [DEBUG] iteration=200, ncalls=604, regioncalls=8160, ndraw=40, logz=-215583.90, remainder_fraction=100.0000%, Lmin=-215532.16, Lmax=-198080.24
13:07:30 [ultranest] [DEBUG] iteration=218, ncalls=626, regioncalls=9040, ndraw=40, logz=-214588.84, remainder_fraction=100.0000%, Lmin=-214567.99, Lmax=-198080.24
13:07:30 [ultranest] [DEBUG] iteration=236, ncalls=648, regioncalls=9920, ndraw=40, logz=-213531.86, remainder_fraction=100.0000%, Lmin=-213466.32, Lmax=-198080.24
13:07:30 [ultranest] [DEBUG] iteration=240, ncalls=652, regioncalls=10080, ndraw=40, logz=-213313.21, remainder_fraction=100.0000%, Lmin=-213284.44, Lmax=-198080.24
13:07:30 [ultranest] [DEBUG] iteration=255, ncalls=676, regioncalls=11040, ndraw=40, logz=-212937.39, remainder_fraction=100.0000%, Lmin=-212912.78, Lmax=-198080.24
13:07:30 [ultranest] [DEBUG] iteration=274, ncalls=699, regioncalls=11960, ndraw=40, logz=-212037.00, remainder_fraction=100.0000%, Lmin=-212009.33, Lmax=-198080.24
13:07:30 [ultranest] [DEBUG] iteration=276, ncalls=701, regioncalls=12040, ndraw=40, logz=-211903.20, remainder_fraction=100.0000%, Lmin=-211846.06, Lmax=-198080.24
13:07:30 [ultranest] [DEBUG] iteration=280, ncalls=706, regioncalls=12240, ndraw=40, logz=-211817.01, remainder_fraction=100.0000%, Lmin=-211786.26, Lmax=-198080.24
13:07:30 [ultranest] [DEBUG] iteration=298, ncalls=729, regioncalls=13160, ndraw=40, logz=-210831.46, remainder_fraction=100.0000%, Lmin=-210753.15, Lmax=-198080.24
13:07:30 [ultranest] [DEBUG] iteration=317, ncalls=753, regioncalls=14120, ndraw=40, logz=-210064.38, remainder_fraction=100.0000%, Lmin=-210034.52, Lmax=-198080.24
13:07:30 [ultranest] [DEBUG] iteration=320, ncalls=757, regioncalls=14280, ndraw=40, logz=-209958.94, remainder_fraction=100.0000%, Lmin=-209909.91, Lmax=-198080.24
13:07:31 [ultranest] [DEBUG] iteration=336, ncalls=780, regioncalls=15200, ndraw=40, logz=-209156.78, remainder_fraction=100.0000%, Lmin=-209052.19, Lmax=-198080.24
13:07:31 [ultranest] [DEBUG] iteration=356, ncalls=803, regioncalls=16120, ndraw=40, logz=-208499.68, remainder_fraction=100.0000%, Lmin=-208483.83, Lmax=-198056.84
13:07:31 [ultranest] [DEBUG] iteration=360, ncalls=814, regioncalls=16560, ndraw=40, logz=-208375.25, remainder_fraction=100.0000%, Lmin=-208365.68, Lmax=-198056.84
13:07:31 [ultranest] [DEBUG] iteration=362, ncalls=816, regioncalls=16640, ndraw=40, logz=-208348.28, remainder_fraction=100.0000%, Lmin=-208327.99, Lmax=-198056.84
13:07:31 [ultranest] [DEBUG] iteration=379, ncalls=839, regioncalls=17560, ndraw=40, logz=-207764.42, remainder_fraction=100.0000%, Lmin=-207723.70, Lmax=-198056.84
13:07:31 [ultranest] [DEBUG] iteration=397, ncalls=863, regioncalls=18520, ndraw=40, logz=-207208.70, remainder_fraction=100.0000%, Lmin=-207146.03, Lmax=-198056.84
13:07:31 [ultranest] [DEBUG] iteration=400, ncalls=868, regioncalls=18720, ndraw=40, logz=-207112.24, remainder_fraction=100.0000%, Lmin=-207055.25, Lmax=-198056.84
13:07:31 [ultranest] [DEBUG] iteration=420, ncalls=892, regioncalls=19680, ndraw=40, logz=-206668.13, remainder_fraction=100.0000%, Lmin=-206599.95, Lmax=-198056.84
13:07:31 [ultranest] [DEBUG] iteration=436, ncalls=916, regioncalls=20640, ndraw=40, logz=-206146.83, remainder_fraction=100.0000%, Lmin=-206133.46, Lmax=-198056.84
13:07:31 [ultranest] [DEBUG] iteration=440, ncalls=925, regioncalls=21000, ndraw=40, logz=-206077.76, remainder_fraction=100.0000%, Lmin=-206033.68, Lmax=-198056.84
13:07:31 [ultranest] [DEBUG] iteration=448, ncalls=935, regioncalls=21400, ndraw=40, logz=-205885.06, remainder_fraction=100.0000%, Lmin=-205818.38, Lmax=-198056.84
13:07:31 [ultranest] [DEBUG] iteration=468, ncalls=957, regioncalls=22280, ndraw=40, logz=-205244.86, remainder_fraction=100.0000%, Lmin=-205216.66, Lmax=-198056.84
13:07:31 [ultranest] [DEBUG] iteration=480, ncalls=971, regioncalls=22840, ndraw=40, logz=-205026.54, remainder_fraction=100.0000%, Lmin=-204995.96, Lmax=-198056.84
13:07:32 [ultranest] [DEBUG] iteration=498, ncalls=994, regioncalls=23760, ndraw=40, logz=-204694.18, remainder_fraction=100.0000%, Lmin=-204676.75, Lmax=-198056.84
13:07:32 [ultranest] [DEBUG] iteration=512, ncalls=1018, regioncalls=24720, ndraw=40, logz=-204477.24, remainder_fraction=100.0000%, Lmin=-204464.53, Lmax=-198056.84
13:07:32 [ultranest] [DEBUG] iteration=520, ncalls=1034, regioncalls=25360, ndraw=40, logz=-204357.08, remainder_fraction=100.0000%, Lmin=-204337.35, Lmax=-198056.84
13:07:32 [ultranest] [DEBUG] iteration=534, ncalls=1054, regioncalls=26160, ndraw=40, logz=-204073.56, remainder_fraction=100.0000%, Lmin=-204059.12, Lmax=-198056.84
13:07:32 [ultranest] [DEBUG] iteration=553, ncalls=1077, regioncalls=27080, ndraw=40, logz=-203826.19, remainder_fraction=100.0000%, Lmin=-203813.12, Lmax=-198032.90
13:07:32 [ultranest] [DEBUG] iteration=560, ncalls=1092, regioncalls=27680, ndraw=40, logz=-203714.04, remainder_fraction=100.0000%, Lmin=-203705.05, Lmax=-198032.90
13:07:32 [ultranest] [DEBUG] iteration=576, ncalls=1115, regioncalls=28600, ndraw=40, logz=-203549.44, remainder_fraction=100.0000%, Lmin=-203530.99, Lmax=-198032.90
13:07:32 [ultranest] [DEBUG] iteration=592, ncalls=1138, regioncalls=29520, ndraw=40, logz=-203378.38, remainder_fraction=100.0000%, Lmin=-203363.91, Lmax=-198032.90
13:07:32 [ultranest] [DEBUG] iteration=600, ncalls=1151, regioncalls=30040, ndraw=40, logz=-203278.08, remainder_fraction=100.0000%, Lmin=-203246.57, Lmax=-198032.90
13:07:32 [ultranest] [DEBUG] iteration=615, ncalls=1175, regioncalls=31000, ndraw=40, logz=-203022.52, remainder_fraction=100.0000%, Lmin=-202998.79, Lmax=-198032.90
13:07:32 [ultranest] [DEBUG] iteration=620, ncalls=1180, regioncalls=31200, ndraw=40, logz=-202956.70, remainder_fraction=100.0000%, Lmin=-202943.42, Lmax=-198032.90
13:07:32 [ultranest] [DEBUG] iteration=636, ncalls=1203, regioncalls=32120, ndraw=40, logz=-202773.58, remainder_fraction=100.0000%, Lmin=-202745.22, Lmax=-198032.90
13:07:32 [ultranest] [DEBUG] iteration=640, ncalls=1208, regioncalls=32320, ndraw=40, logz=-202722.03, remainder_fraction=100.0000%, Lmin=-202703.63, Lmax=-198032.90
13:07:33 [ultranest] [DEBUG] iteration=659, ncalls=1232, regioncalls=33280, ndraw=40, logz=-202349.41, remainder_fraction=100.0000%, Lmin=-202329.25, Lmax=-198032.90
13:07:33 [ultranest] [DEBUG] iteration=675, ncalls=1256, regioncalls=34240, ndraw=40, logz=-202131.87, remainder_fraction=100.0000%, Lmin=-202117.33, Lmax=-198032.90
13:07:33 [ultranest] [DEBUG] iteration=680, ncalls=1262, regioncalls=34480, ndraw=40, logz=-202076.65, remainder_fraction=100.0000%, Lmin=-202067.62, Lmax=-198032.90
13:07:33 [ultranest] [DEBUG] iteration=696, ncalls=1285, regioncalls=35400, ndraw=40, logz=-201837.32, remainder_fraction=100.0000%, Lmin=-201818.67, Lmax=-198032.90
13:07:33 [ultranest] [DEBUG] iteration=715, ncalls=1306, regioncalls=36240, ndraw=40, logz=-201656.11, remainder_fraction=100.0000%, Lmin=-201645.99, Lmax=-198032.90
13:07:33 [ultranest] [DEBUG] iteration=720, ncalls=1313, regioncalls=36520, ndraw=40, logz=-201606.48, remainder_fraction=100.0000%, Lmin=-201591.64, Lmax=-198032.90
13:07:33 [ultranest] [DEBUG] iteration=735, ncalls=1337, regioncalls=37480, ndraw=40, logz=-201384.98, remainder_fraction=100.0000%, Lmin=-201376.20, Lmax=-198032.90
13:07:33 [ultranest] [DEBUG] iteration=750, ncalls=1363, regioncalls=38520, ndraw=40, logz=-201240.43, remainder_fraction=100.0000%, Lmin=-201220.48, Lmax=-198032.90
13:07:33 [ultranest] [DEBUG] iteration=760, ncalls=1374, regioncalls=38960, ndraw=40, logz=-201109.49, remainder_fraction=100.0000%, Lmin=-201076.77, Lmax=-198032.90
13:07:33 [ultranest] [DEBUG] iteration=778, ncalls=1399, regioncalls=39960, ndraw=40, logz=-200886.32, remainder_fraction=100.0000%, Lmin=-200865.47, Lmax=-198032.90
13:07:33 [ultranest] [DEBUG] iteration=792, ncalls=1422, regioncalls=40880, ndraw=40, logz=-200790.58, remainder_fraction=100.0000%, Lmin=-200767.45, Lmax=-198032.90
13:07:33 [ultranest] [DEBUG] iteration=800, ncalls=1431, regioncalls=41240, ndraw=40, logz=-200728.15, remainder_fraction=100.0000%, Lmin=-200706.40, Lmax=-198032.90
13:07:34 [ultranest] [DEBUG] iteration=818, ncalls=1454, regioncalls=42160, ndraw=40, logz=-200570.08, remainder_fraction=100.0000%, Lmin=-200561.00, Lmax=-198032.90
13:07:34 [ultranest] [DEBUG] iteration=834, ncalls=1477, regioncalls=43080, ndraw=40, logz=-200497.22, remainder_fraction=100.0000%, Lmin=-200479.11, Lmax=-198032.90
13:07:34 [ultranest] [DEBUG] iteration=840, ncalls=1486, regioncalls=43440, ndraw=40, logz=-200467.51, remainder_fraction=100.0000%, Lmin=-200450.42, Lmax=-198032.90
13:07:34 [ultranest] [DEBUG] iteration=856, ncalls=1510, regioncalls=44400, ndraw=40, logz=-200286.91, remainder_fraction=100.0000%, Lmin=-200277.99, Lmax=-198032.90
13:07:34 [ultranest] [DEBUG] iteration=873, ncalls=1534, regioncalls=45400, ndraw=40, logz=-200176.16, remainder_fraction=100.0000%, Lmin=-200151.13, Lmax=-198032.90
13:07:34 [ultranest] [DEBUG] iteration=880, ncalls=1542, regioncalls=45720, ndraw=40, logz=-200102.15, remainder_fraction=100.0000%, Lmin=-200088.22, Lmax=-198032.90
13:07:34 [ultranest] [DEBUG] iteration=899, ncalls=1565, regioncalls=46640, ndraw=40, logz=-200025.00, remainder_fraction=100.0000%, Lmin=-200015.35, Lmax=-198032.90
13:07:34 [ultranest] [DEBUG] iteration=918, ncalls=1588, regioncalls=47560, ndraw=40, logz=-199938.53, remainder_fraction=100.0000%, Lmin=-199914.00, Lmax=-198032.90
13:07:34 [ultranest] [DEBUG] iteration=920, ncalls=1590, regioncalls=47640, ndraw=40, logz=-199918.18, remainder_fraction=100.0000%, Lmin=-199906.64, Lmax=-198032.90
13:07:34 [ultranest] [DEBUG] iteration=936, ncalls=1614, regioncalls=48600, ndraw=40, logz=-199794.33, remainder_fraction=100.0000%, Lmin=-199784.98, Lmax=-198032.90
13:07:34 [ultranest] [DEBUG] iteration=954, ncalls=1637, regioncalls=49520, ndraw=40, logz=-199692.47, remainder_fraction=100.0000%, Lmin=-199677.25, Lmax=-198032.90
13:07:34 [ultranest] [DEBUG] iteration=960, ncalls=1649, regioncalls=50000, ndraw=40, logz=-199674.82, remainder_fraction=100.0000%, Lmin=-199665.81, Lmax=-198027.31
13:07:34 [ultranest] [DEBUG] iteration=964, ncalls=1655, regioncalls=50240, ndraw=40, logz=-199661.33, remainder_fraction=100.0000%, Lmin=-199649.76, Lmax=-198027.31
13:07:35 [ultranest] [DEBUG] iteration=984, ncalls=1678, regioncalls=51160, ndraw=40, logz=-199516.28, remainder_fraction=100.0000%, Lmin=-199505.16, Lmax=-198027.31
13:07:35 [ultranest] [DEBUG] iteration=1000, ncalls=1698, regioncalls=51960, ndraw=40, logz=-199413.63, remainder_fraction=100.0000%, Lmin=-199398.66, Lmax=-198027.31
13:07:35 [ultranest] [DEBUG] iteration=1020, ncalls=1720, regioncalls=52880, ndraw=40, logz=-199327.10, remainder_fraction=100.0000%, Lmin=-199318.48, Lmax=-198027.31
13:07:35 [ultranest] [DEBUG] iteration=1036, ncalls=1743, regioncalls=53800, ndraw=40, logz=-199276.40, remainder_fraction=100.0000%, Lmin=-199262.45, Lmax=-198027.31
13:07:35 [ultranest] [DEBUG] iteration=1040, ncalls=1747, regioncalls=53960, ndraw=40, logz=-199260.52, remainder_fraction=100.0000%, Lmin=-199248.32, Lmax=-198027.31
13:07:35 [ultranest] [DEBUG] iteration=1056, ncalls=1767, regioncalls=54760, ndraw=40, logz=-199195.97, remainder_fraction=100.0000%, Lmin=-199186.78, Lmax=-198027.31
13:07:35 [ultranest] [DEBUG] iteration=1076, ncalls=1789, regioncalls=55640, ndraw=40, logz=-199124.34, remainder_fraction=100.0000%, Lmin=-199109.76, Lmax=-198027.31
13:07:35 [ultranest] [DEBUG] iteration=1080, ncalls=1794, regioncalls=55840, ndraw=40, logz=-199100.29, remainder_fraction=100.0000%, Lmin=-199081.02, Lmax=-198027.31
13:07:35 [ultranest] [DEBUG] iteration=1096, ncalls=1817, regioncalls=56760, ndraw=40, logz=-199064.96, remainder_fraction=100.0000%, Lmin=-199050.08, Lmax=-198027.31
13:07:35 [ultranest] [DEBUG] iteration=1112, ncalls=1839, regioncalls=57640, ndraw=40, logz=-199031.33, remainder_fraction=100.0000%, Lmin=-199021.19, Lmax=-198026.83
13:07:35 [ultranest] [DEBUG] iteration=1120, ncalls=1848, regioncalls=58000, ndraw=40, logz=-198994.92, remainder_fraction=100.0000%, Lmin=-198985.89, Lmax=-198026.83
13:07:35 [ultranest] [DEBUG] iteration=1136, ncalls=1869, regioncalls=58840, ndraw=40, logz=-198969.74, remainder_fraction=100.0000%, Lmin=-198960.17, Lmax=-198026.83
13:07:36 [ultranest] [DEBUG] iteration=1152, ncalls=1891, regioncalls=59760, ndraw=40, logz=-198929.11, remainder_fraction=100.0000%, Lmin=-198917.82, Lmax=-198026.83
13:07:36 [ultranest] [DEBUG] iteration=1160, ncalls=1899, regioncalls=60080, ndraw=40, logz=-198901.96, remainder_fraction=100.0000%, Lmin=-198892.91, Lmax=-198026.83
13:07:36 [ultranest] [DEBUG] iteration=1176, ncalls=1921, regioncalls=60960, ndraw=40, logz=-198864.85, remainder_fraction=100.0000%, Lmin=-198856.13, Lmax=-198026.83
13:07:36 [ultranest] [DEBUG] iteration=1190, ncalls=1943, regioncalls=61840, ndraw=40, logz=-198827.07, remainder_fraction=100.0000%, Lmin=-198815.47, Lmax=-198026.83
13:07:36 [ultranest] [DEBUG] iteration=1200, ncalls=1954, regioncalls=62280, ndraw=40, logz=-198809.44, remainder_fraction=100.0000%, Lmin=-198798.69, Lmax=-198026.83
13:07:36 [ultranest] [DEBUG] iteration=1218, ncalls=1976, regioncalls=63160, ndraw=40, logz=-198775.18, remainder_fraction=100.0000%, Lmin=-198762.64, Lmax=-198026.83
13:07:36 [ultranest] [DEBUG] iteration=1222, ncalls=1981, regioncalls=63360, ndraw=40, logz=-198767.79, remainder_fraction=100.0000%, Lmin=-198758.66, Lmax=-198026.83
13:07:36 [ultranest] [DEBUG] iteration=1240, ncalls=2001, regioncalls=64200, ndraw=40, logz=-198717.60, remainder_fraction=100.0000%, Lmin=-198705.18, Lmax=-198026.83
13:07:36 [ultranest] [DEBUG] iteration=1260, ncalls=2022, regioncalls=65040, ndraw=40, logz=-198676.79, remainder_fraction=100.0000%, Lmin=-198668.10, Lmax=-198026.83
13:07:36 [ultranest] [DEBUG] iteration=1278, ncalls=2044, regioncalls=65920, ndraw=40, logz=-198651.59, remainder_fraction=100.0000%, Lmin=-198641.25, Lmax=-198026.83
13:07:36 [ultranest] [DEBUG] iteration=1280, ncalls=2047, regioncalls=66040, ndraw=40, logz=-198648.97, remainder_fraction=100.0000%, Lmin=-198638.98, Lmax=-198026.83
13:07:36 [ultranest] [DEBUG] iteration=1297, ncalls=2069, regioncalls=66920, ndraw=40, logz=-198633.58, remainder_fraction=100.0000%, Lmin=-198623.19, Lmax=-198026.83
13:07:36 [ultranest] [DEBUG] iteration=1308, ncalls=2081, regioncalls=67400, ndraw=40, logz=-198623.68, remainder_fraction=100.0000%, Lmin=-198613.58, Lmax=-198026.83
13:07:37 [ultranest] [DEBUG] iteration=1320, ncalls=2094, regioncalls=67960, ndraw=40, logz=-198607.01, remainder_fraction=100.0000%, Lmin=-198595.83, Lmax=-198026.83
13:07:37 [ultranest] [DEBUG] iteration=1338, ncalls=2116, regioncalls=68840, ndraw=40, logz=-198572.08, remainder_fraction=100.0000%, Lmin=-198561.62, Lmax=-198026.83
13:07:37 [ultranest] [DEBUG] iteration=1352, ncalls=2138, regioncalls=69720, ndraw=40, logz=-198562.92, remainder_fraction=100.0000%, Lmin=-198553.14, Lmax=-198026.83
13:07:37 [ultranest] [DEBUG] iteration=1360, ncalls=2151, regioncalls=70240, ndraw=40, logz=-198556.76, remainder_fraction=100.0000%, Lmin=-198546.46, Lmax=-198026.83
13:07:37 [ultranest] [DEBUG] iteration=1377, ncalls=2173, regioncalls=71160, ndraw=40, logz=-198537.07, remainder_fraction=100.0000%, Lmin=-198524.25, Lmax=-198026.83
13:07:37 [ultranest] [DEBUG] iteration=1393, ncalls=2195, regioncalls=72080, ndraw=40, logz=-198512.14, remainder_fraction=100.0000%, Lmin=-198499.88, Lmax=-198026.83
13:07:37 [ultranest] [DEBUG] iteration=1400, ncalls=2206, regioncalls=72520, ndraw=40, logz=-198504.44, remainder_fraction=100.0000%, Lmin=-198495.25, Lmax=-198026.83
13:07:37 [ultranest] [DEBUG] iteration=1417, ncalls=2230, regioncalls=73480, ndraw=40, logz=-198482.92, remainder_fraction=100.0000%, Lmin=-198473.12, Lmax=-198026.83
13:07:37 [ultranest] [DEBUG] iteration=1433, ncalls=2252, regioncalls=74360, ndraw=40, logz=-198461.14, remainder_fraction=100.0000%, Lmin=-198451.11, Lmax=-198026.83
13:07:37 [ultranest] [DEBUG] iteration=1440, ncalls=2265, regioncalls=74880, ndraw=40, logz=-198454.24, remainder_fraction=100.0000%, Lmin=-198443.70, Lmax=-198026.83
13:07:37 [ultranest] [DEBUG] iteration=1454, ncalls=2289, regioncalls=75840, ndraw=40, logz=-198437.84, remainder_fraction=100.0000%, Lmin=-198425.76, Lmax=-198026.83
13:07:38 [ultranest] [DEBUG] iteration=1473, ncalls=2311, regioncalls=76720, ndraw=40, logz=-198417.55, remainder_fraction=100.0000%, Lmin=-198407.75, Lmax=-198026.83
13:07:38 [ultranest] [DEBUG] iteration=1480, ncalls=2323, regioncalls=77200, ndraw=40, logz=-198414.17, remainder_fraction=100.0000%, Lmin=-198405.30, Lmax=-198025.74
13:07:38 [ultranest] [DEBUG] iteration=1498, ncalls=2345, regioncalls=78160, ndraw=40, logz=-198396.75, remainder_fraction=100.0000%, Lmin=-198384.72, Lmax=-198025.74
13:07:38 [ultranest] [DEBUG] iteration=1514, ncalls=2367, regioncalls=79040, ndraw=40, logz=-198379.61, remainder_fraction=100.0000%, Lmin=-198370.35, Lmax=-198025.74
13:07:38 [ultranest] [DEBUG] iteration=1520, ncalls=2376, regioncalls=79400, ndraw=40, logz=-198374.46, remainder_fraction=100.0000%, Lmin=-198362.37, Lmax=-198025.74
13:07:38 [ultranest] [DEBUG] iteration=1534, ncalls=2399, regioncalls=80320, ndraw=40, logz=-198355.44, remainder_fraction=100.0000%, Lmin=-198344.59, Lmax=-198025.74
13:07:38 [ultranest] [DEBUG] iteration=1549, ncalls=2421, regioncalls=81200, ndraw=40, logz=-198344.64, remainder_fraction=100.0000%, Lmin=-198334.41, Lmax=-198025.74
13:07:38 [ultranest] [DEBUG] iteration=1560, ncalls=2433, regioncalls=81680, ndraw=40, logz=-198337.40, remainder_fraction=100.0000%, Lmin=-198328.24, Lmax=-198025.74
13:07:38 [ultranest] [DEBUG] iteration=1566, ncalls=2442, regioncalls=82040, ndraw=40, logz=-198331.73, remainder_fraction=100.0000%, Lmin=-198321.66, Lmax=-198025.74
13:07:38 [ultranest] [DEBUG] iteration=1583, ncalls=2465, regioncalls=83000, ndraw=40, logz=-198317.15, remainder_fraction=100.0000%, Lmin=-198305.95, Lmax=-198025.74
13:07:38 [ultranest] [DEBUG] iteration=1600, ncalls=2486, regioncalls=83840, ndraw=40, logz=-198304.25, remainder_fraction=100.0000%, Lmin=-198293.85, Lmax=-198025.74
13:07:38 [ultranest] [DEBUG] iteration=1616, ncalls=2510, regioncalls=84800, ndraw=40, logz=-198296.01, remainder_fraction=100.0000%, Lmin=-198286.77, Lmax=-198025.74
13:07:39 [ultranest] [DEBUG] iteration=1635, ncalls=2532, regioncalls=85680, ndraw=40, logz=-198284.22, remainder_fraction=100.0000%, Lmin=-198273.53, Lmax=-198025.74
13:07:39 [ultranest] [DEBUG] iteration=1640, ncalls=2540, regioncalls=86000, ndraw=40, logz=-198281.10, remainder_fraction=100.0000%, Lmin=-198271.57, Lmax=-198025.74
13:07:39 [ultranest] [DEBUG] iteration=1652, ncalls=2556, regioncalls=86640, ndraw=40, logz=-198270.30, remainder_fraction=100.0000%, Lmin=-198259.79, Lmax=-198025.74
13:07:39 [ultranest] [DEBUG] iteration=1670, ncalls=2577, regioncalls=87520, ndraw=40, logz=-198252.05, remainder_fraction=100.0000%, Lmin=-198242.08, Lmax=-198025.74
13:07:39 [ultranest] [DEBUG] iteration=1680, ncalls=2591, regioncalls=88080, ndraw=40, logz=-198247.10, remainder_fraction=100.0000%, Lmin=-198237.10, Lmax=-198025.74
13:07:39 [ultranest] [DEBUG] iteration=1692, ncalls=2606, regioncalls=88720, ndraw=40, logz=-198238.83, remainder_fraction=100.0000%, Lmin=-198229.09, Lmax=-198025.74
13:07:39 [ultranest] [DEBUG] iteration=1709, ncalls=2628, regioncalls=89600, ndraw=40, logz=-198228.98, remainder_fraction=100.0000%, Lmin=-198218.85, Lmax=-198025.74
13:07:39 [ultranest] [DEBUG] iteration=1720, ncalls=2643, regioncalls=90200, ndraw=40, logz=-198222.77, remainder_fraction=100.0000%, Lmin=-198213.32, Lmax=-198025.74
13:07:39 [ultranest] [DEBUG] iteration=1735, ncalls=2665, regioncalls=91080, ndraw=40, logz=-198215.55, remainder_fraction=100.0000%, Lmin=-198205.89, Lmax=-198025.74
13:07:39 [ultranest] [DEBUG] iteration=1751, ncalls=2687, regioncalls=91960, ndraw=40, logz=-198208.84, remainder_fraction=100.0000%, Lmin=-198198.88, Lmax=-198025.74
13:07:39 [ultranest] [DEBUG] iteration=1760, ncalls=2698, regioncalls=92400, ndraw=40, logz=-198203.92, remainder_fraction=100.0000%, Lmin=-198194.61, Lmax=-198025.74
13:07:40 [ultranest] [DEBUG] iteration=1776, ncalls=2720, regioncalls=93280, ndraw=40, logz=-198196.63, remainder_fraction=100.0000%, Lmin=-198186.49, Lmax=-198025.74
13:07:40 [ultranest] [DEBUG] iteration=1791, ncalls=2743, regioncalls=94200, ndraw=40, logz=-198190.70, remainder_fraction=100.0000%, Lmin=-198181.04, Lmax=-198025.74
13:07:40 [ultranest] [DEBUG] iteration=1800, ncalls=2758, regioncalls=94800, ndraw=40, logz=-198187.81, remainder_fraction=100.0000%, Lmin=-198177.38, Lmax=-198025.57
13:07:40 [ultranest] [DEBUG] iteration=1819, ncalls=2783, regioncalls=95800, ndraw=40, logz=-198179.59, remainder_fraction=100.0000%, Lmin=-198169.75, Lmax=-198025.57
13:07:40 [ultranest] [DEBUG] iteration=1824, ncalls=2791, regioncalls=96160, ndraw=40, logz=-198177.82, remainder_fraction=100.0000%, Lmin=-198167.88, Lmax=-198025.57
13:07:40 [ultranest] [DEBUG] iteration=1840, ncalls=2812, regioncalls=97000, ndraw=40, logz=-198170.08, remainder_fraction=100.0000%, Lmin=-198159.58, Lmax=-198025.57
13:07:40 [ultranest] [DEBUG] iteration=1859, ncalls=2834, regioncalls=97880, ndraw=40, logz=-198164.77, remainder_fraction=100.0000%, Lmin=-198155.40, Lmax=-198025.57
13:07:40 [ultranest] [DEBUG] iteration=1876, ncalls=2856, regioncalls=98760, ndraw=40, logz=-198160.46, remainder_fraction=100.0000%, Lmin=-198150.41, Lmax=-198025.57
13:07:40 [ultranest] [DEBUG] iteration=1880, ncalls=2862, regioncalls=99000, ndraw=40, logz=-198158.85, remainder_fraction=100.0000%, Lmin=-198148.31, Lmax=-198025.57
13:07:40 [ultranest] [DEBUG] iteration=1893, ncalls=2885, regioncalls=99920, ndraw=40, logz=-198153.70, remainder_fraction=100.0000%, Lmin=-198143.43, Lmax=-198025.57
13:07:40 [ultranest] [DEBUG] iteration=1910, ncalls=2907, regioncalls=100840, ndraw=40, logz=-198145.27, remainder_fraction=100.0000%, Lmin=-198134.60, Lmax=-198025.57
13:07:40 [ultranest] [DEBUG] iteration=1920, ncalls=2918, regioncalls=101280, ndraw=40, logz=-198141.57, remainder_fraction=100.0000%, Lmin=-198131.68, Lmax=-198025.57
13:07:41 [ultranest] [DEBUG] iteration=1938, ncalls=2940, regioncalls=102160, ndraw=40, logz=-198136.98, remainder_fraction=100.0000%, Lmin=-198127.48, Lmax=-198025.57
13:07:41 [ultranest] [DEBUG] iteration=1957, ncalls=2962, regioncalls=103040, ndraw=40, logz=-198132.83, remainder_fraction=100.0000%, Lmin=-198123.22, Lmax=-198025.57
13:07:41 [ultranest] [DEBUG] iteration=1960, ncalls=2965, regioncalls=103160, ndraw=40, logz=-198132.21, remainder_fraction=100.0000%, Lmin=-198122.56, Lmax=-198025.57
13:07:41 [ultranest] [DEBUG] iteration=1973, ncalls=2988, regioncalls=104080, ndraw=40, logz=-198129.69, remainder_fraction=100.0000%, Lmin=-198119.44, Lmax=-198025.57
13:07:41 [ultranest] [DEBUG] iteration=1992, ncalls=3010, regioncalls=104960, ndraw=40, logz=-198124.96, remainder_fraction=100.0000%, Lmin=-198114.12, Lmax=-198025.57
13:07:41 [ultranest] [DEBUG] iteration=1996, ncalls=3017, regioncalls=105280, ndraw=40, logz=-198123.39, remainder_fraction=100.0000%, Lmin=-198113.10, Lmax=-198025.57
13:07:41 [ultranest] [DEBUG] iteration=2000, ncalls=3022, regioncalls=105480, ndraw=40, logz=-198121.84, remainder_fraction=100.0000%, Lmin=-198111.94, Lmax=-198025.57
13:07:41 [ultranest] [DEBUG] iteration=2018, ncalls=3044, regioncalls=106400, ndraw=40, logz=-198118.50, remainder_fraction=100.0000%, Lmin=-198108.26, Lmax=-198025.57
13:07:41 [ultranest] [DEBUG] iteration=2037, ncalls=3065, regioncalls=107240, ndraw=40, logz=-198113.64, remainder_fraction=100.0000%, Lmin=-198104.02, Lmax=-198025.57
13:07:41 [ultranest] [DEBUG] iteration=2040, ncalls=3072, regioncalls=107520, ndraw=40, logz=-198113.01, remainder_fraction=100.0000%, Lmin=-198102.17, Lmax=-198025.57
13:07:41 [ultranest] [DEBUG] iteration=2055, ncalls=3094, regioncalls=108400, ndraw=40, logz=-198109.23, remainder_fraction=100.0000%, Lmin=-198099.55, Lmax=-198025.57
13:07:41 [ultranest] [DEBUG] iteration=2070, ncalls=3116, regioncalls=109280, ndraw=40, logz=-198106.48, remainder_fraction=100.0000%, Lmin=-198097.21, Lmax=-198025.57
13:07:41 [ultranest] [DEBUG] iteration=2080, ncalls=3129, regioncalls=109800, ndraw=40, logz=-198105.25, remainder_fraction=100.0000%, Lmin=-198095.75, Lmax=-198025.57
13:07:41 [ultranest] [DEBUG] iteration=2082, ncalls=3132, regioncalls=109960, ndraw=40, logz=-198104.97, remainder_fraction=100.0000%, Lmin=-198095.57, Lmax=-198025.57
13:07:42 [ultranest] [DEBUG] iteration=2097, ncalls=3152, regioncalls=110840, ndraw=40, logz=-198103.10, remainder_fraction=100.0000%, Lmin=-198093.93, Lmax=-198025.57
13:07:42 [ultranest] [DEBUG] iteration=2118, ncalls=3173, regioncalls=111680, ndraw=40, logz=-198099.86, remainder_fraction=100.0000%, Lmin=-198090.09, Lmax=-198025.57
13:07:42 [ultranest] [DEBUG] iteration=2120, ncalls=3175, regioncalls=111760, ndraw=40, logz=-198099.55, remainder_fraction=100.0000%, Lmin=-198090.02, Lmax=-198025.57
13:07:42 [ultranest] [DEBUG] iteration=2137, ncalls=3197, regioncalls=112640, ndraw=40, logz=-198097.07, remainder_fraction=100.0000%, Lmin=-198087.28, Lmax=-198025.57
13:07:42 [ultranest] [DEBUG] iteration=2157, ncalls=3219, regioncalls=113520, ndraw=40, logz=-198094.16, remainder_fraction=100.0000%, Lmin=-198084.67, Lmax=-198025.57
13:07:42 [ultranest] [DEBUG] iteration=2160, ncalls=3223, regioncalls=113680, ndraw=40, logz=-198093.84, remainder_fraction=100.0000%, Lmin=-198084.52, Lmax=-198025.57
13:07:42 [ultranest] [DEBUG] iteration=2168, ncalls=3232, regioncalls=114120, ndraw=40, logz=-198092.98, remainder_fraction=100.0000%, Lmin=-198083.51, Lmax=-198025.57
13:07:42 [ultranest] [DEBUG] iteration=2188, ncalls=3255, regioncalls=115040, ndraw=40, logz=-198090.50, remainder_fraction=100.0000%, Lmin=-198080.87, Lmax=-198025.57
13:07:42 [ultranest] [DEBUG] iteration=2200, ncalls=3268, regioncalls=115560, ndraw=40, logz=-198089.03, remainder_fraction=100.0000%, Lmin=-198079.49, Lmax=-198025.57
13:07:42 [ultranest] [DEBUG] iteration=2219, ncalls=3290, regioncalls=116440, ndraw=40, logz=-198087.06, remainder_fraction=100.0000%, Lmin=-198077.80, Lmax=-198025.57
13:07:42 [ultranest] [DEBUG] iteration=2236, ncalls=3312, regioncalls=117320, ndraw=40, logz=-198085.45, remainder_fraction=100.0000%, Lmin=-198075.80, Lmax=-198025.57
13:07:42 [ultranest] [DEBUG] iteration=2240, ncalls=3317, regioncalls=117520, ndraw=40, logz=-198085.02, remainder_fraction=100.0000%, Lmin=-198075.18, Lmax=-198025.57
13:07:42 [ultranest] [DEBUG] iteration=2254, ncalls=3335, regioncalls=118280, ndraw=40, logz=-198083.08, remainder_fraction=100.0000%, Lmin=-198073.33, Lmax=-198025.57
13:07:43 [ultranest] [DEBUG] iteration=2272, ncalls=3357, regioncalls=119160, ndraw=40, logz=-198080.50, remainder_fraction=100.0000%, Lmin=-198070.58, Lmax=-198025.57
13:07:43 [ultranest] [DEBUG] iteration=2280, ncalls=3371, regioncalls=119720, ndraw=40, logz=-198079.68, remainder_fraction=100.0000%, Lmin=-198069.92, Lmax=-198025.57
13:07:43 [ultranest] [DEBUG] iteration=2298, ncalls=3392, regioncalls=120560, ndraw=40, logz=-198077.73, remainder_fraction=100.0000%, Lmin=-198068.16, Lmax=-198025.57
13:07:43 [ultranest] [DEBUG] iteration=2314, ncalls=3417, regioncalls=121600, ndraw=40, logz=-198075.75, remainder_fraction=100.0000%, Lmin=-198065.81, Lmax=-198025.57
13:07:43 [ultranest] [DEBUG] iteration=2320, ncalls=3424, regioncalls=121880, ndraw=40, logz=-198075.08, remainder_fraction=100.0000%, Lmin=-198065.24, Lmax=-198025.57
13:07:43 [ultranest] [DEBUG] iteration=2335, ncalls=3446, regioncalls=122800, ndraw=40, logz=-198073.41, remainder_fraction=100.0000%, Lmin=-198063.69, Lmax=-198025.57
13:07:43 [ultranest] [DEBUG] iteration=2354, ncalls=3467, regioncalls=123640, ndraw=40, logz=-198071.52, remainder_fraction=100.0000%, Lmin=-198061.59, Lmax=-198025.57
13:07:43 [ultranest] [DEBUG] iteration=2360, ncalls=3479, regioncalls=124120, ndraw=40, logz=-198070.88, remainder_fraction=100.0000%, Lmin=-198061.09, Lmax=-198025.57
13:07:43 [ultranest] [DEBUG] iteration=2378, ncalls=3502, regioncalls=125040, ndraw=40, logz=-198068.89, remainder_fraction=100.0000%, Lmin=-198058.92, Lmax=-198025.57
13:07:43 [ultranest] [DEBUG] iteration=2393, ncalls=3525, regioncalls=125960, ndraw=40, logz=-198067.67, remainder_fraction=100.0000%, Lmin=-198058.20, Lmax=-198025.57
13:07:43 [ultranest] [DEBUG] iteration=2400, ncalls=3538, regioncalls=126480, ndraw=40, logz=-198067.23, remainder_fraction=100.0000%, Lmin=-198057.82, Lmax=-198025.57
13:07:43 [ultranest] [DEBUG] iteration=2415, ncalls=3560, regioncalls=127360, ndraw=40, logz=-198066.28, remainder_fraction=100.0000%, Lmin=-198056.88, Lmax=-198025.57
13:07:44 [ultranest] [DEBUG] iteration=2426, ncalls=3573, regioncalls=127920, ndraw=40, logz=-198065.55, remainder_fraction=100.0000%, Lmin=-198055.74, Lmax=-198025.57
13:07:44 [ultranest] [DEBUG] iteration=2440, ncalls=3591, regioncalls=128760, ndraw=40, logz=-198064.69, remainder_fraction=100.0000%, Lmin=-198055.10, Lmax=-198025.57
13:07:44 [ultranest] [DEBUG] iteration=2455, ncalls=3614, regioncalls=129680, ndraw=40, logz=-198063.79, remainder_fraction=100.0000%, Lmin=-198054.34, Lmax=-198025.57
13:07:44 [ultranest] [DEBUG] iteration=2473, ncalls=3636, regioncalls=130560, ndraw=40, logz=-198062.72, remainder_fraction=100.0000%, Lmin=-198053.21, Lmax=-198025.57
13:07:44 [ultranest] [DEBUG] iteration=2480, ncalls=3644, regioncalls=130880, ndraw=40, logz=-198062.27, remainder_fraction=100.0000%, Lmin=-198052.20, Lmax=-198025.57
13:07:44 [ultranest] [DEBUG] iteration=2498, ncalls=3666, regioncalls=131760, ndraw=40, logz=-198060.97, remainder_fraction=100.0000%, Lmin=-198051.22, Lmax=-198025.57
13:07:44 [ultranest] [DEBUG] iteration=2512, ncalls=3685, regioncalls=132560, ndraw=40, logz=-198059.90, remainder_fraction=100.0000%, Lmin=-198050.11, Lmax=-198025.57
13:07:44 [ultranest] [DEBUG] iteration=2520, ncalls=3693, regioncalls=132880, ndraw=40, logz=-198059.43, remainder_fraction=100.0000%, Lmin=-198049.78, Lmax=-198025.57
13:07:44 [ultranest] [DEBUG] iteration=2539, ncalls=3715, regioncalls=133760, ndraw=40, logz=-198058.43, remainder_fraction=100.0000%, Lmin=-198048.75, Lmax=-198025.57
13:07:44 [ultranest] [DEBUG] iteration=2557, ncalls=3738, regioncalls=134680, ndraw=40, logz=-198057.54, remainder_fraction=100.0000%, Lmin=-198047.91, Lmax=-198025.57
13:07:44 [ultranest] [DEBUG] iteration=2560, ncalls=3741, regioncalls=134800, ndraw=40, logz=-198057.40, remainder_fraction=100.0000%, Lmin=-198047.82, Lmax=-198025.57
13:07:44 [ultranest] [DEBUG] iteration=2577, ncalls=3763, regioncalls=135680, ndraw=40, logz=-198056.65, remainder_fraction=100.0000%, Lmin=-198046.92, Lmax=-198025.57
13:07:45 [ultranest] [DEBUG] iteration=2596, ncalls=3785, regioncalls=136560, ndraw=40, logz=-198055.78, remainder_fraction=100.0000%, Lmin=-198046.22, Lmax=-198025.57
13:07:45 [ultranest] [DEBUG] iteration=2598, ncalls=3787, regioncalls=136680, ndraw=40, logz=-198055.70, remainder_fraction=100.0000%, Lmin=-198046.22, Lmax=-198025.57
13:07:45 [ultranest] [DEBUG] iteration=2600, ncalls=3791, regioncalls=136920, ndraw=40, logz=-198055.62, remainder_fraction=100.0000%, Lmin=-198046.05, Lmax=-198025.57
13:07:45 [ultranest] [DEBUG] iteration=2618, ncalls=3813, regioncalls=137800, ndraw=40, logz=-198054.96, remainder_fraction=100.0000%, Lmin=-198045.45, Lmax=-198025.57
13:07:45 [ultranest] [DEBUG] iteration=2633, ncalls=3836, regioncalls=138760, ndraw=40, logz=-198054.38, remainder_fraction=100.0000%, Lmin=-198044.77, Lmax=-198025.57
13:07:45 [ultranest] [DEBUG] iteration=2640, ncalls=3846, regioncalls=139160, ndraw=40, logz=-198054.09, remainder_fraction=100.0000%, Lmin=-198044.36, Lmax=-198025.57
13:07:45 [ultranest] [DEBUG] iteration=2657, ncalls=3869, regioncalls=140080, ndraw=40, logz=-198053.38, remainder_fraction=100.0000%, Lmin=-198043.70, Lmax=-198025.57
13:07:45 [ultranest] [DEBUG] iteration=2673, ncalls=3892, regioncalls=141000, ndraw=40, logz=-198052.81, remainder_fraction=100.0000%, Lmin=-198043.18, Lmax=-198025.57
13:07:45 [ultranest] [DEBUG] iteration=2680, ncalls=3903, regioncalls=141440, ndraw=40, logz=-198052.55, remainder_fraction=100.0000%, Lmin=-198042.92, Lmax=-198025.57
13:07:45 [ultranest] [DEBUG] iteration=2684, ncalls=3908, regioncalls=141680, ndraw=40, logz=-198052.41, remainder_fraction=100.0000%, Lmin=-198042.80, Lmax=-198025.57
13:07:45 [ultranest] [DEBUG] iteration=2702, ncalls=3929, regioncalls=142520, ndraw=40, logz=-198051.76, remainder_fraction=100.0000%, Lmin=-198042.01, Lmax=-198025.57
13:07:45 [ultranest] [DEBUG] iteration=2718, ncalls=3951, regioncalls=143400, ndraw=40, logz=-198051.15, remainder_fraction=100.0000%, Lmin=-198041.30, Lmax=-198025.57
13:07:45 [ultranest] [DEBUG] iteration=2720, ncalls=3953, regioncalls=143520, ndraw=40, logz=-198051.07, remainder_fraction=100.0000%, Lmin=-198041.27, Lmax=-198025.57
13:07:45 [ultranest] [DEBUG] iteration=2736, ncalls=3975, regioncalls=144400, ndraw=40, logz=-198050.36, remainder_fraction=100.0000%, Lmin=-198040.42, Lmax=-198025.57
13:07:46 [ultranest] [DEBUG] iteration=2753, ncalls=3997, regioncalls=145280, ndraw=40, logz=-198049.74, remainder_fraction=99.9999%, Lmin=-198040.03, Lmax=-198025.57
13:07:46 [ultranest] [DEBUG] iteration=2760, ncalls=4010, regioncalls=145800, ndraw=40, logz=-198049.48, remainder_fraction=99.9999%, Lmin=-198039.46, Lmax=-198025.57
13:07:46 [ultranest] [DEBUG] iteration=2772, ncalls=4031, regioncalls=146640, ndraw=40, logz=-198049.01, remainder_fraction=99.9999%, Lmin=-198039.14, Lmax=-198025.57
13:07:46 [ultranest] [DEBUG] iteration=2789, ncalls=4053, regioncalls=147520, ndraw=40, logz=-198048.37, remainder_fraction=99.9998%, Lmin=-198038.34, Lmax=-198025.57
13:07:46 [ultranest] [DEBUG] iteration=2800, ncalls=4069, regioncalls=148160, ndraw=40, logz=-198047.94, remainder_fraction=99.9997%, Lmin=-198037.93, Lmax=-198025.53
13:07:46 [ultranest] [DEBUG] iteration=2816, ncalls=4091, regioncalls=149040, ndraw=40, logz=-198047.39, remainder_fraction=99.9995%, Lmin=-198037.57, Lmax=-198025.53
13:07:46 [ultranest] [DEBUG] iteration=2831, ncalls=4114, regioncalls=149960, ndraw=40, logz=-198046.94, remainder_fraction=99.9991%, Lmin=-198037.11, Lmax=-198025.53
13:07:46 [ultranest] [DEBUG] iteration=2840, ncalls=4127, regioncalls=150480, ndraw=40, logz=-198046.68, remainder_fraction=99.9989%, Lmin=-198036.77, Lmax=-198025.53
13:07:46 [ultranest] [DEBUG] iteration=2855, ncalls=4149, regioncalls=151360, ndraw=40, logz=-198046.24, remainder_fraction=99.9983%, Lmin=-198036.40, Lmax=-198025.53
13:07:46 [ultranest] [DEBUG] iteration=2856, ncalls=4150, regioncalls=151480, ndraw=40, logz=-198046.21, remainder_fraction=99.9982%, Lmin=-198036.39, Lmax=-198025.53
13:07:46 [ultranest] [DEBUG] iteration=2873, ncalls=4172, regioncalls=152360, ndraw=40, logz=-198045.79, remainder_fraction=99.9972%, Lmin=-198036.05, Lmax=-198025.53
13:07:46 [ultranest] [DEBUG] iteration=2880, ncalls=4184, regioncalls=152840, ndraw=40, logz=-198045.62, remainder_fraction=99.9967%, Lmin=-198035.91, Lmax=-198025.53
13:07:47 [ultranest] [DEBUG] iteration=2896, ncalls=4206, regioncalls=153760, ndraw=40, logz=-198045.26, remainder_fraction=99.9954%, Lmin=-198035.49, Lmax=-198025.53
13:07:47 [ultranest] [DEBUG] iteration=2911, ncalls=4229, regioncalls=154680, ndraw=40, logz=-198044.91, remainder_fraction=99.9935%, Lmin=-198035.14, Lmax=-198025.53
13:07:47 [ultranest] [DEBUG] iteration=2920, ncalls=4238, regioncalls=155040, ndraw=40, logz=-198044.72, remainder_fraction=99.9924%, Lmin=-198034.99, Lmax=-198025.53
13:07:47 [ultranest] [DEBUG] iteration=2936, ncalls=4260, regioncalls=155920, ndraw=40, logz=-198044.40, remainder_fraction=99.9894%, Lmin=-198034.66, Lmax=-198025.53
13:07:47 [ultranest] [DEBUG] iteration=2942, ncalls=4267, regioncalls=156240, ndraw=40, logz=-198044.27, remainder_fraction=99.9880%, Lmin=-198034.44, Lmax=-198025.53
13:07:47 [ultranest] [DEBUG] iteration=2960, ncalls=4289, regioncalls=157160, ndraw=40, logz=-198043.91, remainder_fraction=99.9827%, Lmin=-198034.17, Lmax=-198025.53
13:07:47 [ultranest] [DEBUG] iteration=2980, ncalls=4312, regioncalls=158080, ndraw=40, logz=-198043.52, remainder_fraction=99.9737%, Lmin=-198033.64, Lmax=-198025.53
13:07:47 [ultranest] [DEBUG] iteration=2997, ncalls=4334, regioncalls=158960, ndraw=40, logz=-198043.19, remainder_fraction=99.9629%, Lmin=-198033.35, Lmax=-198025.53
13:07:47 [ultranest] [DEBUG] iteration=3000, ncalls=4338, regioncalls=159120, ndraw=40, logz=-198043.13, remainder_fraction=99.9605%, Lmin=-198033.27, Lmax=-198025.53
13:07:47 [ultranest] [DEBUG] iteration=3017, ncalls=4360, regioncalls=160000, ndraw=40, logz=-198042.80, remainder_fraction=99.9457%, Lmin=-198032.92, Lmax=-198025.53
13:07:47 [ultranest] [DEBUG] iteration=3035, ncalls=4381, regioncalls=160840, ndraw=40, logz=-198042.46, remainder_fraction=99.9238%, Lmin=-198032.54, Lmax=-198025.53
13:07:47 [ultranest] [DEBUG] iteration=3040, ncalls=4390, regioncalls=161200, ndraw=40, logz=-198042.37, remainder_fraction=99.9164%, Lmin=-198032.50, Lmax=-198025.53
13:07:47 [ultranest] [DEBUG] iteration=3055, ncalls=4412, regioncalls=162080, ndraw=40, logz=-198042.11, remainder_fraction=99.8914%, Lmin=-198032.23, Lmax=-198025.53
13:07:48 [ultranest] [DEBUG] iteration=3071, ncalls=4436, regioncalls=163040, ndraw=40, logz=-198041.85, remainder_fraction=99.8597%, Lmin=-198031.95, Lmax=-198025.53
13:07:48 [ultranest] [DEBUG] iteration=3080, ncalls=4445, regioncalls=163400, ndraw=40, logz=-198041.70, remainder_fraction=99.8355%, Lmin=-198031.78, Lmax=-198025.53
13:07:48 [ultranest] [DEBUG] iteration=3094, ncalls=4468, regioncalls=164320, ndraw=40, logz=-198041.47, remainder_fraction=99.7894%, Lmin=-198031.56, Lmax=-198025.53
13:07:48 [ultranest] [DEBUG] iteration=3109, ncalls=4490, regioncalls=165200, ndraw=40, logz=-198041.24, remainder_fraction=99.7316%, Lmin=-198031.38, Lmax=-198025.53
13:07:48 [ultranest] [DEBUG] iteration=3114, ncalls=4495, regioncalls=165440, ndraw=40, logz=-198041.17, remainder_fraction=99.7096%, Lmin=-198031.33, Lmax=-198025.53
13:07:48 [ultranest] [DEBUG] iteration=3120, ncalls=4505, regioncalls=165840, ndraw=40, logz=-198041.08, remainder_fraction=99.6836%, Lmin=-198031.20, Lmax=-198025.53
13:07:48 [ultranest] [DEBUG] iteration=3138, ncalls=4527, regioncalls=166720, ndraw=40, logz=-198040.83, remainder_fraction=99.5916%, Lmin=-198030.88, Lmax=-198025.53
13:07:48 [ultranest] [DEBUG] iteration=3156, ncalls=4549, regioncalls=167600, ndraw=40, logz=-198040.58, remainder_fraction=99.4844%, Lmin=-198030.74, Lmax=-198025.53
13:07:48 [ultranest] [DEBUG] iteration=3160, ncalls=4553, regioncalls=167760, ndraw=40, logz=-198040.53, remainder_fraction=99.4571%, Lmin=-198030.72, Lmax=-198025.53
13:07:48 [ultranest] [DEBUG] iteration=3178, ncalls=4575, regioncalls=168640, ndraw=40, logz=-198040.32, remainder_fraction=99.3382%, Lmin=-198030.52, Lmax=-198025.53
13:07:48 [ultranest] [DEBUG] iteration=3194, ncalls=4598, regioncalls=169560, ndraw=40, logz=-198040.12, remainder_fraction=99.2076%, Lmin=-198030.18, Lmax=-198025.53
13:07:48 [ultranest] [DEBUG] iteration=3200, ncalls=4607, regioncalls=169960, ndraw=40, logz=-198040.04, remainder_fraction=99.1525%, Lmin=-198030.16, Lmax=-198025.53
13:07:49 [ultranest] [DEBUG] iteration=3220, ncalls=4629, regioncalls=170840, ndraw=40, logz=-198039.81, remainder_fraction=98.9188%, Lmin=-198029.90, Lmax=-198025.53
13:07:49 [ultranest] [DEBUG] iteration=3239, ncalls=4651, regioncalls=171720, ndraw=40, logz=-198039.60, remainder_fraction=98.6458%, Lmin=-198029.68, Lmax=-198025.53
13:07:49 [ultranest] [DEBUG] iteration=3240, ncalls=4653, regioncalls=171800, ndraw=40, logz=-198039.59, remainder_fraction=98.6356%, Lmin=-198029.65, Lmax=-198025.53
13:07:49 [ultranest] [DEBUG] iteration=3256, ncalls=4679, regioncalls=172840, ndraw=40, logz=-198039.42, remainder_fraction=98.3919%, Lmin=-198029.48, Lmax=-198025.53
13:07:49 [ultranest] [DEBUG] iteration=3268, ncalls=4703, regioncalls=173800, ndraw=40, logz=-198039.29, remainder_fraction=98.1601%, Lmin=-198029.33, Lmax=-198025.53
13:07:49 [ultranest] [DEBUG] iteration=3280, ncalls=4722, regioncalls=174560, ndraw=40, logz=-198039.16, remainder_fraction=97.8945%, Lmin=-198029.19, Lmax=-198025.53
13:07:49 [ultranest] [DEBUG] iteration=3286, ncalls=4733, regioncalls=175120, ndraw=40, logz=-198039.10, remainder_fraction=97.7551%, Lmin=-198029.11, Lmax=-198025.53
13:07:49 [ultranest] [DEBUG] iteration=3306, ncalls=4755, regioncalls=176000, ndraw=40, logz=-198038.90, remainder_fraction=97.2579%, Lmin=-198028.96, Lmax=-198025.53
13:07:49 [ultranest] [DEBUG] iteration=3320, ncalls=4772, regioncalls=176680, ndraw=40, logz=-198038.77, remainder_fraction=96.9120%, Lmin=-198028.83, Lmax=-198025.53
13:07:49 [ultranest] [DEBUG] iteration=3337, ncalls=4795, regioncalls=177600, ndraw=40, logz=-198038.62, remainder_fraction=96.3869%, Lmin=-198028.70, Lmax=-198025.53
13:07:49 [ultranest] [DEBUG] iteration=3352, ncalls=4817, regioncalls=178480, ndraw=40, logz=-198038.50, remainder_fraction=95.9257%, Lmin=-198028.55, Lmax=-198025.53
13:07:49 [ultranest] [DEBUG] iteration=3360, ncalls=4828, regioncalls=178920, ndraw=40, logz=-198038.43, remainder_fraction=95.6452%, Lmin=-198028.49, Lmax=-198025.53
13:07:50 [ultranest] [DEBUG] iteration=3377, ncalls=4848, regioncalls=179720, ndraw=40, logz=-198038.29, remainder_fraction=94.9196%, Lmin=-198028.36, Lmax=-198025.53
13:07:50 [ultranest] [DEBUG] iteration=3392, ncalls=4872, regioncalls=180680, ndraw=40, logz=-198038.18, remainder_fraction=94.2637%, Lmin=-198028.23, Lmax=-198025.53
13:07:50 [ultranest] [DEBUG] iteration=3400, ncalls=4883, regioncalls=181120, ndraw=40, logz=-198038.12, remainder_fraction=93.9178%, Lmin=-198028.19, Lmax=-198025.53
13:07:50 [ultranest] [DEBUG] iteration=3416, ncalls=4905, regioncalls=182000, ndraw=40, logz=-198038.01, remainder_fraction=93.1349%, Lmin=-198028.08, Lmax=-198025.53
13:07:50 [ultranest] [DEBUG] iteration=3428, ncalls=4928, regioncalls=182920, ndraw=40, logz=-198037.93, remainder_fraction=92.5862%, Lmin=-198028.00, Lmax=-198025.53
13:07:50 [ultranest] [DEBUG] iteration=3440, ncalls=4950, regioncalls=183800, ndraw=40, logz=-198037.85, remainder_fraction=91.9267%, Lmin=-198027.93, Lmax=-198025.53
13:07:50 [ultranest] [DEBUG] iteration=3454, ncalls=4973, regioncalls=184720, ndraw=40, logz=-198037.76, remainder_fraction=91.0735%, Lmin=-198027.87, Lmax=-198025.53
13:07:50 [ultranest] [DEBUG] iteration=3458, ncalls=4978, regioncalls=184960, ndraw=40, logz=-198037.73, remainder_fraction=90.8331%, Lmin=-198027.84, Lmax=-198025.53
13:07:50 [ultranest] [DEBUG] iteration=3473, ncalls=5000, regioncalls=185960, ndraw=40, logz=-198037.65, remainder_fraction=89.9595%, Lmin=-198027.77, Lmax=-198025.53
13:07:50 [ultranest] [DEBUG] iteration=3480, ncalls=5010, regioncalls=186360, ndraw=40, logz=-198037.61, remainder_fraction=89.5768%, Lmin=-198027.70, Lmax=-198025.53
13:07:50 [ultranest] [DEBUG] iteration=3497, ncalls=5032, regioncalls=187240, ndraw=40, logz=-198037.51, remainder_fraction=88.5201%, Lmin=-198027.60, Lmax=-198025.53
13:07:50 [ultranest] [DEBUG] iteration=3515, ncalls=5054, regioncalls=188120, ndraw=40, logz=-198037.41, remainder_fraction=87.2809%, Lmin=-198027.44, Lmax=-198025.53
13:07:51 [ultranest] [DEBUG] iteration=3520, ncalls=5061, regioncalls=188400, ndraw=40, logz=-198037.38, remainder_fraction=86.8822%, Lmin=-198027.42, Lmax=-198025.53
13:07:51 [ultranest] [DEBUG] iteration=3535, ncalls=5085, regioncalls=189360, ndraw=40, logz=-198037.30, remainder_fraction=85.7037%, Lmin=-198027.32, Lmax=-198025.53
13:07:51 [ultranest] [DEBUG] iteration=3544, ncalls=5098, regioncalls=189920, ndraw=40, logz=-198037.25, remainder_fraction=85.1046%, Lmin=-198027.29, Lmax=-198025.53
13:07:51 [ultranest] [DEBUG] iteration=3560, ncalls=5119, regioncalls=190760, ndraw=40, logz=-198037.17, remainder_fraction=83.7507%, Lmin=-198027.17, Lmax=-198025.53
13:07:51 [ultranest] [DEBUG] iteration=3579, ncalls=5142, regioncalls=191680, ndraw=40, logz=-198037.07, remainder_fraction=82.2230%, Lmin=-198027.09, Lmax=-198025.53
13:07:51 [ultranest] [DEBUG] iteration=3596, ncalls=5164, regioncalls=192560, ndraw=40, logz=-198036.99, remainder_fraction=80.6730%, Lmin=-198027.00, Lmax=-198025.53
13:07:51 [ultranest] [DEBUG] iteration=3600, ncalls=5168, regioncalls=192720, ndraw=40, logz=-198036.97, remainder_fraction=80.2635%, Lmin=-198026.99, Lmax=-198025.53
13:07:51 [ultranest] [DEBUG] iteration=3617, ncalls=5190, regioncalls=193600, ndraw=40, logz=-198036.90, remainder_fraction=78.6565%, Lmin=-198026.94, Lmax=-198025.53
13:07:51 [ultranest] [DEBUG] iteration=3632, ncalls=5211, regioncalls=194440, ndraw=40, logz=-198036.84, remainder_fraction=77.2948%, Lmin=-198026.87, Lmax=-198025.53
13:07:51 [ultranest] [DEBUG] iteration=3640, ncalls=5223, regioncalls=194920, ndraw=40, logz=-198036.80, remainder_fraction=76.5389%, Lmin=-198026.86, Lmax=-198025.53
13:07:51 [ultranest] [DEBUG] iteration=3658, ncalls=5245, regioncalls=195800, ndraw=40, logz=-198036.73, remainder_fraction=74.8411%, Lmin=-198026.80, Lmax=-198025.53
13:07:51 [ultranest] [DEBUG] iteration=3676, ncalls=5267, regioncalls=196680, ndraw=40, logz=-198036.67, remainder_fraction=72.9550%, Lmin=-198026.72, Lmax=-198025.53
13:07:52 [ultranest] [DEBUG] iteration=3680, ncalls=5271, regioncalls=196840, ndraw=40, logz=-198036.65, remainder_fraction=72.5857%, Lmin=-198026.71, Lmax=-198025.53
13:07:52 [ultranest] [DEBUG] iteration=3695, ncalls=5292, regioncalls=197680, ndraw=40, logz=-198036.60, remainder_fraction=71.1760%, Lmin=-198026.68, Lmax=-198025.53
13:07:52 [ultranest] [DEBUG] iteration=3709, ncalls=5315, regioncalls=198600, ndraw=40, logz=-198036.55, remainder_fraction=69.8535%, Lmin=-198026.63, Lmax=-198025.53
13:07:52 [ultranest] [DEBUG] iteration=3716, ncalls=5325, regioncalls=199040, ndraw=40, logz=-198036.53, remainder_fraction=69.1758%, Lmin=-198026.60, Lmax=-198025.53
13:07:52 [ultranest] [DEBUG] iteration=3720, ncalls=5333, regioncalls=199360, ndraw=40, logz=-198036.52, remainder_fraction=68.7384%, Lmin=-198026.60, Lmax=-198025.53
13:07:52 [ultranest] [DEBUG] iteration=3738, ncalls=5354, regioncalls=200360, ndraw=40, logz=-198036.46, remainder_fraction=66.9562%, Lmin=-198026.55, Lmax=-198025.53
13:07:52 [ultranest] [DEBUG] iteration=3753, ncalls=5376, regioncalls=201280, ndraw=40, logz=-198036.42, remainder_fraction=65.4089%, Lmin=-198026.51, Lmax=-198025.53
13:07:52 [ultranest] [DEBUG] iteration=3760, ncalls=5388, regioncalls=201800, ndraw=40, logz=-198036.40, remainder_fraction=64.7071%, Lmin=-198026.49, Lmax=-198025.53
13:07:52 [ultranest] [DEBUG] iteration=3779, ncalls=5409, regioncalls=202640, ndraw=40, logz=-198036.35, remainder_fraction=62.7658%, Lmin=-198026.43, Lmax=-198025.53
13:07:52 [ultranest] [DEBUG] iteration=3796, ncalls=5431, regioncalls=203520, ndraw=40, logz=-198036.30, remainder_fraction=61.0197%, Lmin=-198026.39, Lmax=-198025.53
13:07:52 [ultranest] [DEBUG] iteration=3800, ncalls=5437, regioncalls=203760, ndraw=40, logz=-198036.29, remainder_fraction=60.5714%, Lmin=-198026.39, Lmax=-198025.53
13:07:52 [ultranest] [DEBUG] iteration=3802, ncalls=5439, regioncalls=203880, ndraw=40, logz=-198036.29, remainder_fraction=60.3901%, Lmin=-198026.39, Lmax=-198025.53
13:07:52 [ultranest] [DEBUG] iteration=3820, ncalls=5461, regioncalls=204760, ndraw=40, logz=-198036.25, remainder_fraction=58.6689%, Lmin=-198026.35, Lmax=-198025.53
13:07:53 [ultranest] [DEBUG] iteration=3839, ncalls=5482, regioncalls=205600, ndraw=40, logz=-198036.20, remainder_fraction=56.7474%, Lmin=-198026.30, Lmax=-198025.53
13:07:53 [ultranest] [DEBUG] iteration=3840, ncalls=5484, regioncalls=205680, ndraw=40, logz=-198036.20, remainder_fraction=56.6314%, Lmin=-198026.30, Lmax=-198025.53
13:07:53 [ultranest] [DEBUG] iteration=3860, ncalls=5506, regioncalls=206560, ndraw=40, logz=-198036.16, remainder_fraction=54.7660%, Lmin=-198026.25, Lmax=-198025.53
13:07:53 [ultranest] [DEBUG] iteration=3876, ncalls=5528, regioncalls=207440, ndraw=40, logz=-198036.12, remainder_fraction=53.1760%, Lmin=-198026.21, Lmax=-198025.53
13:07:53 [ultranest] [DEBUG] iteration=3880, ncalls=5533, regioncalls=207640, ndraw=40, logz=-198036.11, remainder_fraction=52.7906%, Lmin=-198026.20, Lmax=-198025.53
13:07:53 [ultranest] [DEBUG] iteration=3888, ncalls=5544, regioncalls=208120, ndraw=40, logz=-198036.10, remainder_fraction=51.9992%, Lmin=-198026.19, Lmax=-198025.53
13:07:53 [ultranest] [DEBUG] iteration=3904, ncalls=5566, regioncalls=209000, ndraw=40, logz=-198036.07, remainder_fraction=50.4647%, Lmin=-198026.17, Lmax=-198025.53
13:07:53 [ultranest] [DEBUG] iteration=3920, ncalls=5586, regioncalls=209800, ndraw=40, logz=-198036.04, remainder_fraction=48.9444%, Lmin=-198026.15, Lmax=-198025.53
13:07:53 [ultranest] [DEBUG] iteration=3936, ncalls=5608, regioncalls=210680, ndraw=40, logz=-198036.01, remainder_fraction=47.4834%, Lmin=-198026.11, Lmax=-198025.53
13:07:53 [ultranest] [DEBUG] iteration=3952, ncalls=5630, regioncalls=211560, ndraw=40, logz=-198035.98, remainder_fraction=45.9988%, Lmin=-198026.09, Lmax=-198025.53
13:07:53 [ultranest] [DEBUG] iteration=3960, ncalls=5646, regioncalls=212200, ndraw=40, logz=-198035.97, remainder_fraction=45.2756%, Lmin=-198026.08, Lmax=-198025.53
13:07:53 [ultranest] [DEBUG] iteration=3974, ncalls=5666, regioncalls=213040, ndraw=40, logz=-198035.95, remainder_fraction=44.0582%, Lmin=-198026.06, Lmax=-198025.53
13:07:53 [ultranest] [DEBUG] iteration=3994, ncalls=5687, regioncalls=213880, ndraw=40, logz=-198035.92, remainder_fraction=42.3350%, Lmin=-198026.03, Lmax=-198025.53
13:07:54 [ultranest] [DEBUG] iteration=4000, ncalls=5694, regioncalls=214160, ndraw=40, logz=-198035.91, remainder_fraction=41.8299%, Lmin=-198026.02, Lmax=-198025.53
13:07:54 [ultranest] [DEBUG] iteration=4017, ncalls=5716, regioncalls=215040, ndraw=40, logz=-198035.88, remainder_fraction=40.4342%, Lmin=-198026.00, Lmax=-198025.53
13:07:54 [ultranest] [DEBUG] iteration=4034, ncalls=5738, regioncalls=215920, ndraw=40, logz=-198035.86, remainder_fraction=39.0070%, Lmin=-198025.97, Lmax=-198025.53
13:07:54 [ultranest] [DEBUG] iteration=4040, ncalls=5748, regioncalls=216320, ndraw=40, logz=-198035.85, remainder_fraction=38.5141%, Lmin=-198025.97, Lmax=-198025.53
13:07:54 [ultranest] [DEBUG] iteration=4058, ncalls=5770, regioncalls=217200, ndraw=40, logz=-198035.83, remainder_fraction=37.0555%, Lmin=-198025.94, Lmax=-198025.53
13:07:54 [ultranest] [DEBUG] iteration=4060, ncalls=5772, regioncalls=217320, ndraw=40, logz=-198035.83, remainder_fraction=36.8912%, Lmin=-198025.94, Lmax=-198025.53
13:07:54 [ultranest] [DEBUG] iteration=4080, ncalls=5793, regioncalls=218160, ndraw=40, logz=-198035.80, remainder_fraction=35.3293%, Lmin=-198025.92, Lmax=-198025.53
13:07:54 [ultranest] [DEBUG] iteration=4097, ncalls=5815, regioncalls=219040, ndraw=40, logz=-198035.78, remainder_fraction=34.0771%, Lmin=-198025.90, Lmax=-198025.53
13:07:54 [ultranest] [DEBUG] iteration=4116, ncalls=5837, regioncalls=219920, ndraw=40, logz=-198035.76, remainder_fraction=32.6309%, Lmin=-198025.89, Lmax=-198025.53
13:07:54 [ultranest] [DEBUG] iteration=4120, ncalls=5841, regioncalls=220080, ndraw=40, logz=-198035.76, remainder_fraction=32.3392%, Lmin=-198025.88, Lmax=-198025.53
13:07:54 [ultranest] [DEBUG] iteration=4136, ncalls=5863, regioncalls=220960, ndraw=40, logz=-198035.74, remainder_fraction=31.1895%, Lmin=-198025.86, Lmax=-198025.53
13:07:54 [ultranest] [DEBUG] iteration=4146, ncalls=5873, regioncalls=221400, ndraw=40, logz=-198035.73, remainder_fraction=30.4845%, Lmin=-198025.85, Lmax=-198025.53
13:07:54 [ultranest] [DEBUG] iteration=4160, ncalls=5888, regioncalls=222000, ndraw=40, logz=-198035.72, remainder_fraction=29.5349%, Lmin=-198025.84, Lmax=-198025.53
13:07:55 [ultranest] [DEBUG] iteration=4179, ncalls=5909, regioncalls=222840, ndraw=40, logz=-198035.70, remainder_fraction=28.3036%, Lmin=-198025.83, Lmax=-198025.53
13:07:55 [ultranest] [DEBUG] iteration=4197, ncalls=5933, regioncalls=223800, ndraw=40, logz=-198035.68, remainder_fraction=27.1817%, Lmin=-198025.82, Lmax=-198025.53
13:07:55 [ultranest] [DEBUG] iteration=4200, ncalls=5936, regioncalls=223920, ndraw=40, logz=-198035.68, remainder_fraction=27.0101%, Lmin=-198025.81, Lmax=-198025.53
13:07:55 [ultranest] [DEBUG] iteration=4215, ncalls=5960, regioncalls=224880, ndraw=40, logz=-198035.67, remainder_fraction=26.1078%, Lmin=-198025.81, Lmax=-198025.53
13:07:55 [ultranest] [DEBUG] iteration=4231, ncalls=5983, regioncalls=225800, ndraw=40, logz=-198035.66, remainder_fraction=25.1638%, Lmin=-198025.80, Lmax=-198025.53
13:07:55 [ultranest] [DEBUG] iteration=4232, ncalls=5984, regioncalls=225920, ndraw=40, logz=-198035.65, remainder_fraction=25.1022%, Lmin=-198025.79, Lmax=-198025.53
13:07:55 [ultranest] [DEBUG] iteration=4240, ncalls=5998, regioncalls=226480, ndraw=40, logz=-198035.65, remainder_fraction=24.6376%, Lmin=-198025.79, Lmax=-198025.53
13:07:55 [ultranest] [DEBUG] iteration=4259, ncalls=6021, regioncalls=227400, ndraw=40, logz=-198035.63, remainder_fraction=23.5753%, Lmin=-198025.78, Lmax=-198025.53
13:07:55 [ultranest] [DEBUG] iteration=4278, ncalls=6043, regioncalls=228280, ndraw=40, logz=-198035.62, remainder_fraction=22.5656%, Lmin=-198025.77, Lmax=-198025.53
13:07:55 [ultranest] [DEBUG] iteration=4280, ncalls=6046, regioncalls=228400, ndraw=40, logz=-198035.62, remainder_fraction=22.4587%, Lmin=-198025.77, Lmax=-198025.53
13:07:55 [ultranest] [DEBUG] iteration=4299, ncalls=6068, regioncalls=229280, ndraw=40, logz=-198035.61, remainder_fraction=21.4830%, Lmin=-198025.76, Lmax=-198025.53
13:07:55 [ultranest] [DEBUG] iteration=4316, ncalls=6091, regioncalls=230200, ndraw=40, logz=-198035.60, remainder_fraction=20.6401%, Lmin=-198025.75, Lmax=-198025.53
13:07:55 [ultranest] [DEBUG] iteration=4318, ncalls=6093, regioncalls=230320, ndraw=40, logz=-198035.60, remainder_fraction=20.5403%, Lmin=-198025.75, Lmax=-198025.53
13:07:55 [ultranest] [DEBUG] iteration=4320, ncalls=6096, regioncalls=230440, ndraw=40, logz=-198035.59, remainder_fraction=20.4440%, Lmin=-198025.74, Lmax=-198025.53
13:07:56 [ultranest] [DEBUG] iteration=4335, ncalls=6118, regioncalls=231320, ndraw=40, logz=-198035.59, remainder_fraction=19.7364%, Lmin=-198025.74, Lmax=-198025.53
13:07:56 [ultranest] [DEBUG] iteration=4349, ncalls=6142, regioncalls=232280, ndraw=40, logz=-198035.58, remainder_fraction=19.1088%, Lmin=-198025.73, Lmax=-198025.53
13:07:56 [ultranest] [DEBUG] iteration=4360, ncalls=6158, regioncalls=232920, ndraw=40, logz=-198035.57, remainder_fraction=18.6249%, Lmin=-198025.73, Lmax=-198025.53
13:07:56 [ultranest] [DEBUG] iteration=4379, ncalls=6183, regioncalls=233920, ndraw=40, logz=-198035.56, remainder_fraction=17.8108%, Lmin=-198025.72, Lmax=-198025.53
13:07:56 [ultranest] [DEBUG] iteration=4396, ncalls=6205, regioncalls=234800, ndraw=40, logz=-198035.55, remainder_fraction=17.0874%, Lmin=-198025.71, Lmax=-198025.53
13:07:56 [ultranest] [DEBUG] iteration=4400, ncalls=6211, regioncalls=235040, ndraw=40, logz=-198035.55, remainder_fraction=16.9298%, Lmin=-198025.71, Lmax=-198025.53
13:07:56 [ultranest] [DEBUG] iteration=4404, ncalls=6217, regioncalls=235320, ndraw=40, logz=-198035.55, remainder_fraction=16.7728%, Lmin=-198025.71, Lmax=-198025.53
13:07:56 [ultranest] [DEBUG] iteration=4421, ncalls=6239, regioncalls=236200, ndraw=40, logz=-198035.54, remainder_fraction=16.1025%, Lmin=-198025.70, Lmax=-198025.53
13:07:56 [ultranest] [DEBUG] iteration=4440, ncalls=6262, regioncalls=237120, ndraw=40, logz=-198035.53, remainder_fraction=15.3817%, Lmin=-198025.70, Lmax=-198025.53
13:07:56 [ultranest] [DEBUG] iteration=4454, ncalls=6287, regioncalls=238120, ndraw=40, logz=-198035.53, remainder_fraction=14.8688%, Lmin=-198025.69, Lmax=-198025.53
13:07:56 [ultranest] [DEBUG] iteration=4472, ncalls=6309, regioncalls=239000, ndraw=40, logz=-198035.52, remainder_fraction=14.2285%, Lmin=-198025.69, Lmax=-198025.53
13:07:56 [ultranest] [DEBUG] iteration=4480, ncalls=6322, regioncalls=239520, ndraw=40, logz=-198035.52, remainder_fraction=13.9530%, Lmin=-198025.68, Lmax=-198025.53
13:07:57 [ultranest] [DEBUG] iteration=4490, ncalls=6334, regioncalls=240040, ndraw=40, logz=-198035.51, remainder_fraction=13.6260%, Lmin=-198025.68, Lmax=-198025.53
13:07:57 [ultranest] [DEBUG] iteration=4509, ncalls=6355, regioncalls=240880, ndraw=40, logz=-198035.50, remainder_fraction=13.0114%, Lmin=-198025.67, Lmax=-198025.53
13:07:57 [ultranest] [DEBUG] iteration=4520, ncalls=6369, regioncalls=241440, ndraw=40, logz=-198035.50, remainder_fraction=12.6653%, Lmin=-198025.67, Lmax=-198025.53
13:07:57 [ultranest] [DEBUG] iteration=4537, ncalls=6391, regioncalls=242320, ndraw=40, logz=-198035.49, remainder_fraction=12.1496%, Lmin=-198025.66, Lmax=-198025.53
13:07:57 [ultranest] [DEBUG] iteration=4554, ncalls=6413, regioncalls=243200, ndraw=40, logz=-198035.49, remainder_fraction=11.6496%, Lmin=-198025.66, Lmax=-198025.53
13:07:57 [ultranest] [DEBUG] iteration=4560, ncalls=6421, regioncalls=243520, ndraw=40, logz=-198035.49, remainder_fraction=11.4798%, Lmin=-198025.66, Lmax=-198025.53
13:07:57 [ultranest] [DEBUG] iteration=4576, ncalls=6444, regioncalls=244520, ndraw=40, logz=-198035.48, remainder_fraction=11.0348%, Lmin=-198025.65, Lmax=-198025.53
13:07:57 [ultranest] [DEBUG] iteration=4594, ncalls=6467, regioncalls=245440, ndraw=40, logz=-198035.48, remainder_fraction=10.5532%, Lmin=-198025.65, Lmax=-198025.53
13:07:57 [ultranest] [DEBUG] iteration=4600, ncalls=6473, regioncalls=245680, ndraw=40, logz=-198035.47, remainder_fraction=10.3963%, Lmin=-198025.64, Lmax=-198025.53
13:07:57 [ultranest] [DEBUG] iteration=4618, ncalls=6496, regioncalls=246600, ndraw=40, logz=-198035.47, remainder_fraction=9.9428%, Lmin=-198025.64, Lmax=-198025.53
13:07:57 [ultranest] [DEBUG] iteration=4634, ncalls=6518, regioncalls=247480, ndraw=40, logz=-198035.47, remainder_fraction=9.5585%, Lmin=-198025.63, Lmax=-198025.53
13:07:57 [ultranest] [DEBUG] iteration=4640, ncalls=6527, regioncalls=247840, ndraw=40, logz=-198035.46, remainder_fraction=9.4166%, Lmin=-198025.63, Lmax=-198025.53
13:07:58 [ultranest] [DEBUG] iteration=4659, ncalls=6549, regioncalls=248720, ndraw=40, logz=-198035.46, remainder_fraction=8.9812%, Lmin=-198025.63, Lmax=-198025.53
13:07:58 [ultranest] [DEBUG] iteration=4662, ncalls=6553, regioncalls=248960, ndraw=40, logz=-198035.46, remainder_fraction=8.9159%, Lmin=-198025.63, Lmax=-198025.53
13:07:58 [ultranest] [DEBUG] iteration=4680, ncalls=6574, regioncalls=249840, ndraw=40, logz=-198035.45, remainder_fraction=8.5203%, Lmin=-198025.62, Lmax=-198025.53
13:07:58 [ultranest] [DEBUG] iteration=4699, ncalls=6595, regioncalls=250680, ndraw=40, logz=-198035.45, remainder_fraction=8.1257%, Lmin=-198025.62, Lmax=-198025.53
13:07:58 [ultranest] [DEBUG] iteration=4715, ncalls=6617, regioncalls=251600, ndraw=40, logz=-198035.45, remainder_fraction=7.8073%, Lmin=-198025.62, Lmax=-198025.53
13:07:58 [ultranest] [DEBUG] iteration=4720, ncalls=6622, regioncalls=251800, ndraw=40, logz=-198035.45, remainder_fraction=7.7113%, Lmin=-198025.61, Lmax=-198025.53
13:07:58 [ultranest] [DEBUG] iteration=4738, ncalls=6644, regioncalls=252680, ndraw=40, logz=-198035.44, remainder_fraction=7.3694%, Lmin=-198025.61, Lmax=-198025.53
13:07:58 [ultranest] [DEBUG] iteration=4755, ncalls=6664, regioncalls=253480, ndraw=40, logz=-198035.44, remainder_fraction=7.0601%, Lmin=-198025.61, Lmax=-198025.53
13:07:58 [ultranest] [DEBUG] iteration=4760, ncalls=6671, regioncalls=253760, ndraw=40, logz=-198035.44, remainder_fraction=6.9709%, Lmin=-198025.61, Lmax=-198025.53
13:07:58 [ultranest] [DEBUG] iteration=4776, ncalls=6694, regioncalls=254680, ndraw=40, logz=-198035.43, remainder_fraction=6.6952%, Lmin=-198025.60, Lmax=-198025.53
13:07:58 [ultranest] [DEBUG] iteration=4794, ncalls=6716, regioncalls=255560, ndraw=40, logz=-198035.43, remainder_fraction=6.3985%, Lmin=-198025.60, Lmax=-198025.53
13:07:58 [ultranest] [DEBUG] iteration=4800, ncalls=6725, regioncalls=255920, ndraw=40, logz=-198035.43, remainder_fraction=6.3015%, Lmin=-198025.60, Lmax=-198025.53
13:07:59 [ultranest] [DEBUG] iteration=4815, ncalls=6747, regioncalls=256800, ndraw=40, logz=-198035.43, remainder_fraction=6.0675%, Lmin=-198025.60, Lmax=-198025.53
13:07:59 [ultranest] [DEBUG] iteration=4831, ncalls=6772, regioncalls=257800, ndraw=40, logz=-198035.43, remainder_fraction=5.8261%, Lmin=-198025.59, Lmax=-198025.53
13:07:59 [ultranest] [DEBUG] iteration=4834, ncalls=6776, regioncalls=258000, ndraw=40, logz=-198035.42, remainder_fraction=5.7817%, Lmin=-198025.59, Lmax=-198025.53
13:07:59 [ultranest] [DEBUG] iteration=4840, ncalls=6785, regioncalls=258360, ndraw=40, logz=-198035.42, remainder_fraction=5.6948%, Lmin=-198025.59, Lmax=-198025.53
13:07:59 [ultranest] [DEBUG] iteration=4858, ncalls=6807, regioncalls=259240, ndraw=40, logz=-198035.42, remainder_fraction=5.4418%, Lmin=-198025.59, Lmax=-198025.53
13:07:59 [ultranest] [DEBUG] iteration=4876, ncalls=6829, regioncalls=260120, ndraw=40, logz=-198035.42, remainder_fraction=5.1979%, Lmin=-198025.59, Lmax=-198025.53
13:07:59 [ultranest] [DEBUG] iteration=4880, ncalls=6833, regioncalls=260280, ndraw=40, logz=-198035.42, remainder_fraction=5.1465%, Lmin=-198025.59, Lmax=-198025.53
13:07:59 [ultranest] [DEBUG] iteration=4897, ncalls=6855, regioncalls=261160, ndraw=40, logz=-198035.42, remainder_fraction=4.9289%, Lmin=-198025.58, Lmax=-198025.53
13:07:59 [ultranest] [DEBUG] iteration=4914, ncalls=6877, regioncalls=262040, ndraw=40, logz=-198035.41, remainder_fraction=4.7193%, Lmin=-198025.58, Lmax=-198025.53
13:07:59 [ultranest] [DEBUG] iteration=4920, ncalls=6883, regioncalls=262360, ndraw=40, logz=-198035.41, remainder_fraction=4.6476%, Lmin=-198025.58, Lmax=-198025.53
13:07:59 [ultranest] [DEBUG] iteration=4938, ncalls=6904, regioncalls=263200, ndraw=40, logz=-198035.41, remainder_fraction=4.4393%, Lmin=-198025.58, Lmax=-198025.53
13:07:59 [ultranest] [DEBUG] iteration=4957, ncalls=6926, regioncalls=264080, ndraw=40, logz=-198035.41, remainder_fraction=4.2276%, Lmin=-198025.58, Lmax=-198025.53
13:07:59 [ultranest] [DEBUG] iteration=4960, ncalls=6929, regioncalls=264200, ndraw=40, logz=-198035.41, remainder_fraction=4.1958%, Lmin=-198025.58, Lmax=-198025.53
13:07:59 [ultranest] [DEBUG] iteration=4978, ncalls=6951, regioncalls=265080, ndraw=40, logz=-198035.41, remainder_fraction=4.0059%, Lmin=-198025.57, Lmax=-198025.53
13:08:00 [ultranest] [DEBUG] iteration=4994, ncalls=6973, regioncalls=265960, ndraw=40, logz=-198035.40, remainder_fraction=3.8451%, Lmin=-198025.57, Lmax=-198025.53
13:08:00 [ultranest] [DEBUG] iteration=5000, ncalls=6979, regioncalls=266200, ndraw=40, logz=-198035.40, remainder_fraction=3.7860%, Lmin=-198025.57, Lmax=-198025.53
13:08:00 [ultranest] [DEBUG] iteration=5006, ncalls=6986, regioncalls=266560, ndraw=40, logz=-198035.40, remainder_fraction=3.7283%, Lmin=-198025.57, Lmax=-198025.53
13:08:00 [ultranest] [DEBUG] iteration=5023, ncalls=7008, regioncalls=267440, ndraw=40, logz=-198035.40, remainder_fraction=3.5697%, Lmin=-198025.57, Lmax=-198025.53
13:08:00 [ultranest] [DEBUG] iteration=5040, ncalls=7026, regioncalls=268160, ndraw=40, logz=-198035.40, remainder_fraction=3.4166%, Lmin=-198025.57, Lmax=-198025.53
13:08:00 [ultranest] [DEBUG] iteration=5058, ncalls=7048, regioncalls=269040, ndraw=40, logz=-198035.40, remainder_fraction=3.2624%, Lmin=-198025.57, Lmax=-198025.53
13:08:00 [ultranest] [DEBUG] iteration=5075, ncalls=7070, regioncalls=269920, ndraw=40, logz=-198035.40, remainder_fraction=3.1224%, Lmin=-198025.56, Lmax=-198025.53
13:08:00 [ultranest] [DEBUG] iteration=5080, ncalls=7076, regioncalls=270160, ndraw=40, logz=-198035.40, remainder_fraction=3.0824%, Lmin=-198025.56, Lmax=-198025.53
13:08:00 [ultranest] [DEBUG] iteration=5095, ncalls=7096, regioncalls=270960, ndraw=40, logz=-198035.40, remainder_fraction=2.9658%, Lmin=-198025.56, Lmax=-198025.53
13:08:00 [ultranest] [DEBUG] iteration=5113, ncalls=7118, regioncalls=271840, ndraw=40, logz=-198035.39, remainder_fraction=2.8320%, Lmin=-198025.56, Lmax=-198025.53
13:08:00 [ultranest] [DEBUG] iteration=5120, ncalls=7125, regioncalls=272120, ndraw=40, logz=-198035.39, remainder_fraction=2.7812%, Lmin=-198025.56, Lmax=-198025.53
13:08:00 [ultranest] [DEBUG] iteration=5137, ncalls=7147, regioncalls=273000, ndraw=40, logz=-198035.39, remainder_fraction=2.6617%, Lmin=-198025.56, Lmax=-198025.53
13:08:01 [ultranest] [DEBUG] iteration=5151, ncalls=7171, regioncalls=273960, ndraw=40, logz=-198035.39, remainder_fraction=2.5669%, Lmin=-198025.56, Lmax=-198025.53
13:08:01 [ultranest] [DEBUG] iteration=5160, ncalls=7187, regioncalls=274600, ndraw=40, logz=-198035.39, remainder_fraction=2.5080%, Lmin=-198025.56, Lmax=-198025.53
13:08:01 [ultranest] [DEBUG] iteration=5178, ncalls=7209, regioncalls=275520, ndraw=40, logz=-198035.39, remainder_fraction=2.3940%, Lmin=-198025.56, Lmax=-198025.53
13:08:01 [ultranest] [DEBUG] iteration=5197, ncalls=7230, regioncalls=276400, ndraw=40, logz=-198035.39, remainder_fraction=2.2794%, Lmin=-198025.56, Lmax=-198025.53
13:08:01 [ultranest] [DEBUG] iteration=5200, ncalls=7233, regioncalls=276520, ndraw=40, logz=-198035.39, remainder_fraction=2.2619%, Lmin=-198025.56, Lmax=-198025.53
13:08:01 [ultranest] [DEBUG] iteration=5219, ncalls=7255, regioncalls=277400, ndraw=40, logz=-198035.39, remainder_fraction=2.1534%, Lmin=-198025.55, Lmax=-198025.53
13:08:01 [ultranest] [DEBUG] iteration=5234, ncalls=7277, regioncalls=278280, ndraw=40, logz=-198035.39, remainder_fraction=2.0713%, Lmin=-198025.55, Lmax=-198025.53
13:08:01 [ultranest] [DEBUG] iteration=5240, ncalls=7284, regioncalls=278560, ndraw=40, logz=-198035.39, remainder_fraction=2.0393%, Lmin=-198025.55, Lmax=-198025.53
13:08:01 [ultranest] [DEBUG] iteration=5256, ncalls=7306, regioncalls=279440, ndraw=40, logz=-198035.38, remainder_fraction=1.9563%, Lmin=-198025.55, Lmax=-198025.53
13:08:01 [ultranest] [DEBUG] iteration=5264, ncalls=7321, regioncalls=280080, ndraw=40, logz=-198035.38, remainder_fraction=1.9161%, Lmin=-198025.55, Lmax=-198025.53
13:08:01 [ultranest] [DEBUG] iteration=5280, ncalls=7342, regioncalls=281000, ndraw=40, logz=-198035.38, remainder_fraction=1.8384%, Lmin=-198025.55, Lmax=-198025.53
13:08:01 [ultranest] [DEBUG] iteration=5299, ncalls=7363, regioncalls=281840, ndraw=40, logz=-198035.38, remainder_fraction=1.7499%, Lmin=-198025.55, Lmax=-198025.53
13:08:02 [ultranest] [DEBUG] iteration=5314, ncalls=7385, regioncalls=282760, ndraw=40, logz=-198035.38, remainder_fraction=1.6833%, Lmin=-198025.55, Lmax=-198025.53
13:08:02 [ultranest] [DEBUG] iteration=5320, ncalls=7393, regioncalls=283080, ndraw=40, logz=-198035.38, remainder_fraction=1.6573%, Lmin=-198025.55, Lmax=-198025.53
13:08:02 [ultranest] [DEBUG] iteration=5335, ncalls=7415, regioncalls=283960, ndraw=40, logz=-198035.38, remainder_fraction=1.5939%, Lmin=-198025.55, Lmax=-198025.53
13:08:02 [ultranest] [DEBUG] iteration=5352, ncalls=7435, regioncalls=284760, ndraw=40, logz=-198035.38, remainder_fraction=1.5252%, Lmin=-198025.55, Lmax=-198025.53
13:08:02 [ultranest] [DEBUG] iteration=5360, ncalls=7444, regioncalls=285120, ndraw=40, logz=-198035.38, remainder_fraction=1.4939%, Lmin=-198025.55, Lmax=-198025.53
13:08:02 [ultranest] [DEBUG] iteration=5376, ncalls=7466, regioncalls=286000, ndraw=40, logz=-198035.38, remainder_fraction=1.4331%, Lmin=-198025.55, Lmax=-198025.53
13:08:02 [ultranest] [DEBUG] iteration=5391, ncalls=7489, regioncalls=286920, ndraw=40, logz=-198035.38, remainder_fraction=1.3782%, Lmin=-198025.55, Lmax=-198025.53
13:08:02 [ultranest] [DEBUG] iteration=5400, ncalls=7500, regioncalls=287360, ndraw=40, logz=-198035.38, remainder_fraction=1.3463%, Lmin=-198025.55, Lmax=-198025.53
13:08:02 [ultranest] [DEBUG] iteration=5414, ncalls=7523, regioncalls=288280, ndraw=40, logz=-198035.38, remainder_fraction=1.2982%, Lmin=-198025.55, Lmax=-198025.53
13:08:02 [ultranest] [DEBUG] iteration=5430, ncalls=7546, regioncalls=289200, ndraw=40, logz=-198035.38, remainder_fraction=1.2452%, Lmin=-198025.54, Lmax=-198025.53
13:08:02 [ultranest] [DEBUG] iteration=5436, ncalls=7554, regioncalls=289560, ndraw=40, logz=-198035.38, remainder_fraction=1.2258%, Lmin=-198025.54, Lmax=-198025.53
13:08:02 [ultranest] [DEBUG] iteration=5440, ncalls=7559, regioncalls=289760, ndraw=40, logz=-198035.38, remainder_fraction=1.2131%, Lmin=-198025.54, Lmax=-198025.53
13:08:02 [ultranest] [DEBUG] iteration=5457, ncalls=7581, regioncalls=290640, ndraw=40, logz=-198035.38, remainder_fraction=1.1606%, Lmin=-198025.54, Lmax=-198025.53
13:08:03 [ultranest] [DEBUG] iteration=5472, ncalls=7603, regioncalls=291520, ndraw=40, logz=-198035.38, remainder_fraction=1.1162%, Lmin=-198025.54, Lmax=-198025.53
13:08:03 [ultranest] [DEBUG] iteration=5480, ncalls=7614, regioncalls=291960, ndraw=40, logz=-198035.38, remainder_fraction=1.0931%, Lmin=-198025.54, Lmax=-198025.53
13:08:03 [ultranest] [DEBUG] iteration=5493, ncalls=7637, regioncalls=292880, ndraw=40, logz=-198035.38, remainder_fraction=1.0567%, Lmin=-198025.54, Lmax=-198025.53
13:08:03 [ultranest] [DEBUG] iteration=5508, ncalls=7660, regioncalls=293800, ndraw=40, logz=-198035.38, remainder_fraction=1.0163%, Lmin=-198025.54, Lmax=-198025.53
13:08:03 [ultranest] [INFO] Explored until L=-2e+05  
13:08:03 [ultranest] [INFO] Likelihood function evaluations: 7671
13:08:04 [ultranest] [INFO] Writing samples and results to disk ...
13:08:04 [ultranest] [INFO] Writing samples and results to disk ... done
13:08:04 [ultranest] [DEBUG] did a run_iter pass!
13:08:04 [ultranest] [INFO]   logZ = -1.98e+05 +- 0.1152
13:08:04 [ultranest] [INFO] Effective samples strategy satisfied (ESS = 1477.2, need >400)
13:08:04 [ultranest] [INFO] Posterior uncertainty strategy is satisfied (KL: 0.46+-0.08 nat, need <0.50 nat)
13:08:04 [ultranest] [INFO] Evidency uncertainty strategy is satisfied (dlogz=0.12, need <0.5)
13:08:04 [ultranest] [INFO]   logZ error budget: single: 0.15 bs:0.12 tail:0.01 total:0.12 required:<0.50
13:08:04 [ultranest] [INFO] done iterating.
13:08:04 [ultranest] [DEBUG] Making corner plot ...
13:08:05 [ultranest] [DEBUG] Making corner plot ... done
13:08:05 [ultranest] [DEBUG] Making run plot ... 
13:08:05 [ultranest] [DEBUG] Making run plot ... done
13:08:05 [ultranest] [DEBUG] Making trace plot ... 
13:08:06 [ultranest] [DEBUG] Making trace plot ... done
