15:31:05 [ultranest] [DEBUG] ReactiveNestedSampler: dims=3+0, resume=False, log_dir=./m-values/N16/S24/M16/T031/P025/NF3/sample_rho, backend=hdf5, vectorized=False, nbootstraps=30, ndraw=128..65536
15:31:05 [ultranest] [INFO] Sampling 400 live points from prior ...
15:31:06 [ultranest] [DEBUG] run_iter dlogz=0.5, dKL=0.5, frac_remain=0.01, Lepsilon=0.0010, min_ess=400
15:31:06 [ultranest] [DEBUG] max_iters=-1, max_ncalls=-1, max_num_improvement_loops=-1, min_num_live_points=400, cluster_num_live_points=40
15:31:06 [ultranest] [DEBUG] minimal_widths_sequence: [(-inf, 400.0), (inf, 400.0)]
15:31:06 [ultranest] [DEBUG] Plateau detected at L=-9.210340e+06, not replacing live point.
15:31:06 [ultranest] [DEBUG] Plateau detected at L=-9.210340e+06, not replacing live point.
15:31:06 [ultranest] [DEBUG] Plateau detected at L=-9.210340e+06, not replacing live point.
15:31:06 [ultranest] [DEBUG] Plateau detected at L=-9.210340e+06, not replacing live point.
15:31:06 [ultranest] [DEBUG] Plateau detected at L=-9.210340e+06, not replacing live point.
15:31:06 [ultranest] [DEBUG] Plateau detected at L=-9.210340e+06, not replacing live point.
15:31:06 [ultranest] [DEBUG] Plateau detected at L=-9.210340e+06, not replacing live point.
15:31:06 [ultranest] [DEBUG] Plateau detected at L=-9.210340e+06, not replacing live point.
15:31:06 [ultranest] [DEBUG] Plateau detected at L=-9.210340e+06, not replacing live point.
15:31:06 [ultranest] [DEBUG] Plateau detected at L=-9.210340e+06, not replacing live point.
15:31:06 [ultranest] [DEBUG] Plateau detected at L=-9.210340e+06, not replacing live point.
15:31:06 [ultranest] [DEBUG] Plateau detected at L=-9.210340e+06, not replacing live point.
15:31:06 [ultranest] [DEBUG] Plateau detected at L=-9.210340e+06, not replacing live point.
15:31:06 [ultranest] [DEBUG] Plateau detected at L=-9.210340e+06, not replacing live point.
15:31:06 [ultranest] [DEBUG] Plateau detected at L=-9.210340e+06, not replacing live point.
15:31:06 [ultranest] [DEBUG] Plateau detected at L=-9.210340e+06, not replacing live point.
15:31:06 [ultranest] [DEBUG] Plateau detected at L=-9.210340e+06, not replacing live point.
15:31:06 [ultranest] [DEBUG] Plateau detected at L=-9.210340e+06, not replacing live point.
15:31:06 [ultranest] [DEBUG] Plateau detected at L=-9.210340e+06, not replacing live point.
15:31:06 [ultranest] [DEBUG] Plateau detected at L=-9.210340e+06, not replacing live point.
15:31:06 [ultranest] [DEBUG] Plateau detected at L=-9.210340e+06, not replacing live point.
15:31:06 [ultranest] [DEBUG] Plateau detected at L=-9.210340e+06, not replacing live point.
15:31:06 [ultranest] [DEBUG] Plateau detected at L=-9.210340e+06, not replacing live point.
15:31:06 [ultranest] [DEBUG] Plateau detected at L=-9.210340e+06, not replacing live point.
15:31:06 [ultranest] [DEBUG] Plateau detected at L=-9.210340e+06, not replacing live point.
15:31:06 [ultranest] [DEBUG] Plateau detected at L=-9.210340e+06, not replacing live point.
15:31:06 [ultranest] [DEBUG] Plateau detected at L=-9.210340e+06, not replacing live point.
15:31:06 [ultranest] [DEBUG] Plateau detected at L=-9.210340e+06, not replacing live point.
15:31:06 [ultranest] [DEBUG] Plateau detected at L=-9.210340e+06, not replacing live point.
15:31:06 [ultranest] [DEBUG] Plateau detected at L=-9.210340e+06, not replacing live point.
15:31:06 [ultranest] [DEBUG] Plateau detected at L=-9.210340e+06, not replacing live point.
15:31:06 [ultranest] [DEBUG] Plateau detected at L=-9.210340e+06, not replacing live point.
15:31:06 [ultranest] [DEBUG] Plateau detected at L=-9.210340e+06, not replacing live point.
15:31:06 [ultranest] [DEBUG] Plateau detected at L=-9.210340e+06, not replacing live point.
15:31:06 [ultranest] [DEBUG] Plateau detected at L=-9.210340e+06, not replacing live point.
15:31:06 [ultranest] [DEBUG] Plateau detected at L=-9.210340e+06, not replacing live point.
15:31:06 [ultranest] [DEBUG] Plateau detected at L=-9.210340e+06, not replacing live point.
15:31:06 [ultranest] [DEBUG] Plateau detected at L=-9.210340e+06, not replacing live point.
15:31:06 [ultranest] [DEBUG] Plateau detected at L=-9.210340e+06, not replacing live point.
15:31:06 [ultranest] [DEBUG] Plateau detected at L=-9.210340e+06, not replacing live point.
15:31:06 [ultranest] [DEBUG] Plateau detected at L=-9.210340e+06, not replacing live point.
15:31:06 [ultranest] [DEBUG] Plateau detected at L=-9.210340e+06, not replacing live point.
15:31:06 [ultranest] [DEBUG] Plateau detected at L=-9.210340e+06, not replacing live point.
15:31:06 [ultranest] [DEBUG] Plateau detected at L=-9.210340e+06, not replacing live point.
15:31:06 [ultranest] [DEBUG] Plateau detected at L=-9.210340e+06, not replacing live point.
15:31:06 [ultranest] [DEBUG] Plateau detected at L=-9.210340e+06, not replacing live point.
15:31:06 [ultranest] [DEBUG] Plateau detected at L=-9.210340e+06, not replacing live point.
15:31:06 [ultranest] [DEBUG] Plateau detected at L=-9.210340e+06, not replacing live point.
15:31:06 [ultranest] [DEBUG] Plateau detected at L=-9.210340e+06, not replacing live point.
15:31:06 [ultranest] [DEBUG] iteration=49, ncalls=402, regioncalls=80, ndraw=40, logz=-9210342.47, remainder_fraction=100.0000%, Lmin=-9210340.37, Lmax=-70659.55
15:31:06 [ultranest] [DEBUG] iteration=80, ncalls=436, regioncalls=1440, ndraw=40, logz=-86453.73, remainder_fraction=100.0000%, Lmin=-86402.92, Lmax=-70659.55
15:31:07 [ultranest] [DEBUG] iteration=110, ncalls=474, regioncalls=2960, ndraw=40, logz=-84332.70, remainder_fraction=100.0000%, Lmin=-84193.42, Lmax=-70659.55
15:31:07 [ultranest] [DEBUG] iteration=120, ncalls=489, regioncalls=3560, ndraw=40, logz=-83787.57, remainder_fraction=100.0000%, Lmin=-83759.80, Lmax=-70659.55
15:31:07 [ultranest] [DEBUG] iteration=128, ncalls=499, regioncalls=3960, ndraw=40, logz=-83290.12, remainder_fraction=100.0000%, Lmin=-83276.33, Lmax=-70659.55
15:31:07 [ultranest] [DEBUG] iteration=155, ncalls=539, regioncalls=5560, ndraw=40, logz=-81501.89, remainder_fraction=100.0000%, Lmin=-81344.69, Lmax=-70659.55
15:31:07 [ultranest] [DEBUG] iteration=160, ncalls=545, regioncalls=5800, ndraw=40, logz=-81269.12, remainder_fraction=100.0000%, Lmin=-81217.97, Lmax=-70653.57
15:31:07 [ultranest] [DEBUG] iteration=189, ncalls=583, regioncalls=7320, ndraw=40, logz=-80129.84, remainder_fraction=100.0000%, Lmin=-80122.57, Lmax=-70653.57
15:31:07 [ultranest] [DEBUG] iteration=200, ncalls=597, regioncalls=7880, ndraw=40, logz=-79732.85, remainder_fraction=100.0000%, Lmin=-79671.85, Lmax=-70653.57
15:31:07 [ultranest] [DEBUG] iteration=207, ncalls=606, regioncalls=8240, ndraw=40, logz=-79485.82, remainder_fraction=100.0000%, Lmin=-79411.51, Lmax=-70653.57
15:31:07 [ultranest] [DEBUG] iteration=237, ncalls=644, regioncalls=9760, ndraw=40, logz=-78592.76, remainder_fraction=100.0000%, Lmin=-78582.59, Lmax=-70607.48
15:31:07 [ultranest] [DEBUG] iteration=240, ncalls=648, regioncalls=9920, ndraw=40, logz=-78536.49, remainder_fraction=100.0000%, Lmin=-78436.44, Lmax=-70607.48
15:31:07 [ultranest] [DEBUG] iteration=271, ncalls=687, regioncalls=11480, ndraw=40, logz=-77663.30, remainder_fraction=100.0000%, Lmin=-77626.53, Lmax=-70603.35
15:31:07 [ultranest] [DEBUG] iteration=280, ncalls=701, regioncalls=12040, ndraw=40, logz=-77402.93, remainder_fraction=100.0000%, Lmin=-77395.51, Lmax=-70603.35
15:31:07 [ultranest] [DEBUG] iteration=286, ncalls=711, regioncalls=12440, ndraw=40, logz=-77297.33, remainder_fraction=100.0000%, Lmin=-77250.44, Lmax=-70603.35
15:31:07 [ultranest] [DEBUG] iteration=310, ncalls=756, regioncalls=14240, ndraw=40, logz=-76864.93, remainder_fraction=100.0000%, Lmin=-76838.76, Lmax=-70603.35
15:31:07 [ultranest] [DEBUG] iteration=320, ncalls=768, regioncalls=14720, ndraw=40, logz=-76727.07, remainder_fraction=100.0000%, Lmin=-76675.97, Lmax=-70603.35
15:31:07 [ultranest] [DEBUG] iteration=344, ncalls=809, regioncalls=16360, ndraw=40, logz=-76339.36, remainder_fraction=100.0000%, Lmin=-76321.95, Lmax=-70603.35
15:31:08 [ultranest] [DEBUG] iteration=360, ncalls=831, regioncalls=17240, ndraw=40, logz=-76131.68, remainder_fraction=100.0000%, Lmin=-76100.62, Lmax=-70603.35
15:31:08 [ultranest] [DEBUG] iteration=381, ncalls=868, regioncalls=18720, ndraw=40, logz=-75929.63, remainder_fraction=100.0000%, Lmin=-75876.99, Lmax=-70603.35
15:31:08 [ultranest] [DEBUG] iteration=400, ncalls=901, regioncalls=20040, ndraw=40, logz=-75688.84, remainder_fraction=100.0000%, Lmin=-75681.26, Lmax=-70603.35
15:31:08 [ultranest] [DEBUG] iteration=423, ncalls=940, regioncalls=21600, ndraw=40, logz=-75423.80, remainder_fraction=100.0000%, Lmin=-75409.02, Lmax=-70603.35
15:31:08 [ultranest] [DEBUG] iteration=440, ncalls=976, regioncalls=23040, ndraw=40, logz=-75268.42, remainder_fraction=100.0000%, Lmin=-75257.81, Lmax=-70603.35
15:31:08 [ultranest] [DEBUG] iteration=444, ncalls=982, regioncalls=23280, ndraw=40, logz=-75217.34, remainder_fraction=100.0000%, Lmin=-75208.34, Lmax=-70603.35
15:31:08 [ultranest] [DEBUG] iteration=468, ncalls=1021, regioncalls=24840, ndraw=40, logz=-74975.49, remainder_fraction=100.0000%, Lmin=-74955.33, Lmax=-70603.35
15:31:08 [ultranest] [DEBUG] iteration=480, ncalls=1049, regioncalls=25960, ndraw=40, logz=-74835.47, remainder_fraction=100.0000%, Lmin=-74817.84, Lmax=-70603.35
15:31:08 [ultranest] [DEBUG] iteration=502, ncalls=1089, regioncalls=27560, ndraw=40, logz=-74652.22, remainder_fraction=100.0000%, Lmin=-74643.00, Lmax=-70603.35
15:31:08 [ultranest] [DEBUG] iteration=520, ncalls=1120, regioncalls=28800, ndraw=40, logz=-74506.98, remainder_fraction=100.0000%, Lmin=-74491.03, Lmax=-70603.35
15:31:08 [ultranest] [DEBUG] iteration=523, ncalls=1126, regioncalls=29040, ndraw=40, logz=-74473.92, remainder_fraction=100.0000%, Lmin=-74466.22, Lmax=-70603.35
15:31:08 [ultranest] [DEBUG] iteration=548, ncalls=1165, regioncalls=30600, ndraw=40, logz=-74308.98, remainder_fraction=100.0000%, Lmin=-74284.16, Lmax=-70603.35
15:31:08 [ultranest] [DEBUG] iteration=560, ncalls=1183, regioncalls=31320, ndraw=40, logz=-74181.92, remainder_fraction=100.0000%, Lmin=-74174.25, Lmax=-70603.35
15:31:09 [ultranest] [DEBUG] iteration=583, ncalls=1224, regioncalls=32960, ndraw=40, logz=-73988.69, remainder_fraction=100.0000%, Lmin=-73949.73, Lmax=-70603.35
15:31:09 [ultranest] [DEBUG] iteration=600, ncalls=1254, regioncalls=34160, ndraw=40, logz=-73828.90, remainder_fraction=100.0000%, Lmin=-73817.73, Lmax=-70603.35
15:31:09 [ultranest] [DEBUG] iteration=624, ncalls=1290, regioncalls=35600, ndraw=40, logz=-73672.67, remainder_fraction=100.0000%, Lmin=-73655.65, Lmax=-70603.35
15:31:09 [ultranest] [DEBUG] iteration=640, ncalls=1316, regioncalls=36640, ndraw=40, logz=-73559.53, remainder_fraction=100.0000%, Lmin=-73548.61, Lmax=-70603.35
15:31:09 [ultranest] [DEBUG] iteration=659, ncalls=1360, regioncalls=38400, ndraw=40, logz=-73412.08, remainder_fraction=100.0000%, Lmin=-73399.34, Lmax=-70603.35
15:31:09 [ultranest] [DEBUG] iteration=680, ncalls=1392, regioncalls=39680, ndraw=40, logz=-73293.04, remainder_fraction=100.0000%, Lmin=-73284.18, Lmax=-70603.35
15:31:09 [ultranest] [DEBUG] iteration=681, ncalls=1394, regioncalls=39760, ndraw=40, logz=-73291.68, remainder_fraction=100.0000%, Lmin=-73279.73, Lmax=-70603.35
15:31:09 [ultranest] [DEBUG] iteration=702, ncalls=1439, regioncalls=41560, ndraw=40, logz=-73116.85, remainder_fraction=100.0000%, Lmin=-73106.04, Lmax=-70603.35
15:31:09 [ultranest] [DEBUG] iteration=720, ncalls=1484, regioncalls=43360, ndraw=40, logz=-72973.79, remainder_fraction=100.0000%, Lmin=-72957.60, Lmax=-70603.35
15:31:09 [ultranest] [DEBUG] iteration=742, ncalls=1525, regioncalls=45000, ndraw=40, logz=-72849.43, remainder_fraction=100.0000%, Lmin=-72839.95, Lmax=-70544.47
15:31:09 [ultranest] [DEBUG] iteration=760, ncalls=1557, regioncalls=46280, ndraw=40, logz=-72737.84, remainder_fraction=100.0000%, Lmin=-72726.23, Lmax=-70544.47
15:31:10 [ultranest] [DEBUG] iteration=785, ncalls=1596, regioncalls=47840, ndraw=40, logz=-72609.78, remainder_fraction=100.0000%, Lmin=-72594.75, Lmax=-70544.47
15:31:10 [ultranest] [DEBUG] iteration=800, ncalls=1627, regioncalls=49080, ndraw=40, logz=-72509.14, remainder_fraction=100.0000%, Lmin=-72498.82, Lmax=-70544.47
15:31:10 [ultranest] [DEBUG] iteration=816, ncalls=1671, regioncalls=50840, ndraw=40, logz=-72455.05, remainder_fraction=100.0000%, Lmin=-72445.62, Lmax=-70544.47
15:31:10 [ultranest] [DEBUG] iteration=832, ncalls=1721, regioncalls=52840, ndraw=40, logz=-72394.68, remainder_fraction=100.0000%, Lmin=-72385.99, Lmax=-70544.47
15:31:10 [ultranest] [DEBUG] iteration=839, ncalls=1732, regioncalls=53280, ndraw=40, logz=-72383.72, remainder_fraction=100.0000%, Lmin=-72374.80, Lmax=-70544.47
15:31:10 [ultranest] [DEBUG] iteration=840, ncalls=1737, regioncalls=53480, ndraw=40, logz=-72382.63, remainder_fraction=100.0000%, Lmin=-72369.59, Lmax=-70544.47
15:31:10 [ultranest] [DEBUG] iteration=858, ncalls=1779, regioncalls=55160, ndraw=40, logz=-72300.22, remainder_fraction=100.0000%, Lmin=-72289.35, Lmax=-70544.47
15:31:10 [ultranest] [DEBUG] iteration=877, ncalls=1822, regioncalls=56880, ndraw=40, logz=-72226.28, remainder_fraction=100.0000%, Lmin=-72214.17, Lmax=-70544.47
15:31:10 [ultranest] [DEBUG] iteration=880, ncalls=1826, regioncalls=57040, ndraw=40, logz=-72219.17, remainder_fraction=100.0000%, Lmin=-72205.85, Lmax=-70544.47
15:31:10 [ultranest] [DEBUG] iteration=901, ncalls=1869, regioncalls=58760, ndraw=40, logz=-72148.22, remainder_fraction=100.0000%, Lmin=-72127.57, Lmax=-70544.47
15:31:10 [ultranest] [DEBUG] iteration=918, ncalls=1906, regioncalls=60240, ndraw=40, logz=-72083.67, remainder_fraction=100.0000%, Lmin=-72073.61, Lmax=-70544.47
15:31:10 [ultranest] [DEBUG] iteration=920, ncalls=1910, regioncalls=60400, ndraw=40, logz=-72081.22, remainder_fraction=100.0000%, Lmin=-72068.63, Lmax=-70544.47
15:31:10 [ultranest] [DEBUG] iteration=941, ncalls=1953, regioncalls=62120, ndraw=40, logz=-72007.83, remainder_fraction=100.0000%, Lmin=-71989.83, Lmax=-70544.47
15:31:10 [ultranest] [DEBUG] iteration=960, ncalls=1989, regioncalls=63560, ndraw=40, logz=-71951.37, remainder_fraction=100.0000%, Lmin=-71939.95, Lmax=-70544.47
15:31:11 [ultranest] [DEBUG] iteration=979, ncalls=2033, regioncalls=65320, ndraw=40, logz=-71896.19, remainder_fraction=100.0000%, Lmin=-71886.63, Lmax=-70544.47
15:31:11 [ultranest] [DEBUG] iteration=997, ncalls=2062, regioncalls=66520, ndraw=40, logz=-71857.98, remainder_fraction=100.0000%, Lmin=-71844.33, Lmax=-70544.47
15:31:11 [ultranest] [DEBUG] iteration=1000, ncalls=2071, regioncalls=66880, ndraw=40, logz=-71847.61, remainder_fraction=100.0000%, Lmin=-71837.50, Lmax=-70544.47
15:31:11 [ultranest] [DEBUG] iteration=1021, ncalls=2114, regioncalls=68600, ndraw=40, logz=-71793.38, remainder_fraction=100.0000%, Lmin=-71781.59, Lmax=-70544.47
15:31:11 [ultranest] [DEBUG] iteration=1040, ncalls=2143, regioncalls=69760, ndraw=40, logz=-71739.53, remainder_fraction=100.0000%, Lmin=-71731.29, Lmax=-70544.47
15:31:11 [ultranest] [DEBUG] iteration=1065, ncalls=2182, regioncalls=71320, ndraw=40, logz=-71693.67, remainder_fraction=100.0000%, Lmin=-71684.80, Lmax=-70544.47
15:31:11 [ultranest] [DEBUG] iteration=1076, ncalls=2202, regioncalls=72120, ndraw=40, logz=-71652.39, remainder_fraction=100.0000%, Lmin=-71640.55, Lmax=-70544.47
15:31:11 [ultranest] [DEBUG] iteration=1080, ncalls=2209, regioncalls=72400, ndraw=40, logz=-71644.21, remainder_fraction=100.0000%, Lmin=-71634.15, Lmax=-70544.47
15:31:11 [ultranest] [DEBUG] iteration=1102, ncalls=2250, regioncalls=74080, ndraw=40, logz=-71596.49, remainder_fraction=100.0000%, Lmin=-71587.35, Lmax=-70535.00
15:31:11 [ultranest] [DEBUG] iteration=1120, ncalls=2289, regioncalls=75760, ndraw=40, logz=-71564.61, remainder_fraction=100.0000%, Lmin=-71554.94, Lmax=-70533.76
15:31:11 [ultranest] [DEBUG] iteration=1144, ncalls=2329, regioncalls=77360, ndraw=40, logz=-71510.50, remainder_fraction=100.0000%, Lmin=-71501.23, Lmax=-70533.76
15:31:11 [ultranest] [DEBUG] iteration=1155, ncalls=2349, regioncalls=78160, ndraw=40, logz=-71483.89, remainder_fraction=100.0000%, Lmin=-71474.66, Lmax=-70533.76
15:31:11 [ultranest] [DEBUG] iteration=1160, ncalls=2358, regioncalls=78560, ndraw=40, logz=-71475.72, remainder_fraction=100.0000%, Lmin=-71461.23, Lmax=-70533.76
15:31:12 [ultranest] [DEBUG] iteration=1182, ncalls=2399, regioncalls=80200, ndraw=40, logz=-71422.85, remainder_fraction=100.0000%, Lmin=-71411.72, Lmax=-70533.76
15:31:12 [ultranest] [DEBUG] iteration=1199, ncalls=2444, regioncalls=82000, ndraw=40, logz=-71397.85, remainder_fraction=100.0000%, Lmin=-71387.18, Lmax=-70533.76
15:31:12 [ultranest] [DEBUG] iteration=1200, ncalls=2445, regioncalls=82040, ndraw=40, logz=-71396.23, remainder_fraction=100.0000%, Lmin=-71385.62, Lmax=-70533.76
15:31:12 [ultranest] [DEBUG] iteration=1225, ncalls=2485, regioncalls=83640, ndraw=40, logz=-71355.16, remainder_fraction=100.0000%, Lmin=-71345.75, Lmax=-70533.76
15:31:12 [ultranest] [DEBUG] iteration=1234, ncalls=2500, regioncalls=84240, ndraw=40, logz=-71341.67, remainder_fraction=100.0000%, Lmin=-71332.79, Lmax=-70533.76
15:31:12 [ultranest] [DEBUG] iteration=1240, ncalls=2510, regioncalls=84640, ndraw=40, logz=-71329.31, remainder_fraction=100.0000%, Lmin=-71318.78, Lmax=-70533.76
15:31:12 [ultranest] [DEBUG] iteration=1266, ncalls=2552, regioncalls=86360, ndraw=40, logz=-71296.84, remainder_fraction=100.0000%, Lmin=-71287.20, Lmax=-70533.76
15:31:12 [ultranest] [DEBUG] iteration=1280, ncalls=2580, regioncalls=87480, ndraw=40, logz=-71266.33, remainder_fraction=100.0000%, Lmin=-71256.25, Lmax=-70533.76
15:31:12 [ultranest] [DEBUG] iteration=1301, ncalls=2623, regioncalls=89200, ndraw=40, logz=-71229.99, remainder_fraction=100.0000%, Lmin=-71221.26, Lmax=-70533.76
15:31:12 [ultranest] [DEBUG] iteration=1320, ncalls=2649, regioncalls=90240, ndraw=40, logz=-71197.24, remainder_fraction=100.0000%, Lmin=-71186.56, Lmax=-70533.76
15:31:12 [ultranest] [DEBUG] iteration=1342, ncalls=2691, regioncalls=91920, ndraw=40, logz=-71171.87, remainder_fraction=100.0000%, Lmin=-71160.90, Lmax=-70533.76
15:31:12 [ultranest] [DEBUG] iteration=1360, ncalls=2719, regioncalls=93040, ndraw=40, logz=-71153.62, remainder_fraction=100.0000%, Lmin=-71142.71, Lmax=-70533.76
15:31:12 [ultranest] [DEBUG] iteration=1385, ncalls=2761, regioncalls=94720, ndraw=40, logz=-71107.82, remainder_fraction=100.0000%, Lmin=-71097.85, Lmax=-70533.76
15:31:12 [ultranest] [DEBUG] iteration=1392, ncalls=2773, regioncalls=95240, ndraw=40, logz=-71100.52, remainder_fraction=100.0000%, Lmin=-71087.58, Lmax=-70533.76
15:31:13 [ultranest] [DEBUG] iteration=1400, ncalls=2784, regioncalls=95680, ndraw=40, logz=-71088.85, remainder_fraction=100.0000%, Lmin=-71078.14, Lmax=-70533.76
15:31:13 [ultranest] [DEBUG] iteration=1425, ncalls=2823, regioncalls=97240, ndraw=40, logz=-71059.39, remainder_fraction=100.0000%, Lmin=-71049.97, Lmax=-70533.76
15:31:13 [ultranest] [DEBUG] iteration=1440, ncalls=2842, regioncalls=98000, ndraw=40, logz=-71047.94, remainder_fraction=100.0000%, Lmin=-71038.91, Lmax=-70533.76
15:31:13 [ultranest] [DEBUG] iteration=1458, ncalls=2880, regioncalls=99520, ndraw=40, logz=-71029.28, remainder_fraction=100.0000%, Lmin=-71019.88, Lmax=-70533.76
15:31:13 [ultranest] [DEBUG] iteration=1477, ncalls=2920, regioncalls=101120, ndraw=40, logz=-71008.40, remainder_fraction=100.0000%, Lmin=-70998.18, Lmax=-70533.40
15:31:13 [ultranest] [DEBUG] iteration=1480, ncalls=2928, regioncalls=101440, ndraw=40, logz=-71006.63, remainder_fraction=100.0000%, Lmin=-70996.13, Lmax=-70533.40
15:31:13 [ultranest] [DEBUG] iteration=1500, ncalls=2972, regioncalls=103200, ndraw=40, logz=-70987.92, remainder_fraction=100.0000%, Lmin=-70977.63, Lmax=-70533.40
15:31:13 [ultranest] [DEBUG] iteration=1520, ncalls=3005, regioncalls=104520, ndraw=40, logz=-70967.47, remainder_fraction=100.0000%, Lmin=-70957.12, Lmax=-70532.97
15:31:13 [ultranest] [DEBUG] iteration=1537, ncalls=3048, regioncalls=106240, ndraw=40, logz=-70948.54, remainder_fraction=100.0000%, Lmin=-70938.08, Lmax=-70532.97
15:31:13 [ultranest] [DEBUG] iteration=1550, ncalls=3071, regioncalls=107200, ndraw=40, logz=-70937.76, remainder_fraction=100.0000%, Lmin=-70926.98, Lmax=-70532.97
15:31:13 [ultranest] [DEBUG] iteration=1560, ncalls=3086, regioncalls=107840, ndraw=40, logz=-70930.10, remainder_fraction=100.0000%, Lmin=-70920.22, Lmax=-70523.60
15:31:13 [ultranest] [DEBUG] iteration=1579, ncalls=3127, regioncalls=109480, ndraw=40, logz=-70913.83, remainder_fraction=100.0000%, Lmin=-70903.83, Lmax=-70523.60
15:31:13 [ultranest] [DEBUG] iteration=1600, ncalls=3168, regioncalls=111120, ndraw=40, logz=-70897.15, remainder_fraction=100.0000%, Lmin=-70887.03, Lmax=-70523.60
15:31:14 [ultranest] [DEBUG] iteration=1623, ncalls=3210, regioncalls=112800, ndraw=40, logz=-70877.32, remainder_fraction=100.0000%, Lmin=-70867.96, Lmax=-70523.60
15:31:14 [ultranest] [DEBUG] iteration=1629, ncalls=3225, regioncalls=113480, ndraw=40, logz=-70874.32, remainder_fraction=100.0000%, Lmin=-70862.98, Lmax=-70523.60
15:31:14 [ultranest] [DEBUG] iteration=1640, ncalls=3244, regioncalls=114240, ndraw=40, logz=-70868.72, remainder_fraction=100.0000%, Lmin=-70858.47, Lmax=-70523.60
15:31:14 [ultranest] [DEBUG] iteration=1665, ncalls=3283, regioncalls=115800, ndraw=40, logz=-70854.08, remainder_fraction=100.0000%, Lmin=-70842.78, Lmax=-70523.60
15:31:14 [ultranest] [DEBUG] iteration=1680, ncalls=3305, regioncalls=116680, ndraw=40, logz=-70842.01, remainder_fraction=100.0000%, Lmin=-70830.95, Lmax=-70523.60
15:31:14 [ultranest] [DEBUG] iteration=1702, ncalls=3345, regioncalls=118280, ndraw=40, logz=-70830.42, remainder_fraction=100.0000%, Lmin=-70819.99, Lmax=-70523.60
15:31:14 [ultranest] [DEBUG] iteration=1720, ncalls=3380, regioncalls=119680, ndraw=40, logz=-70820.10, remainder_fraction=100.0000%, Lmin=-70809.79, Lmax=-70523.60
15:31:14 [ultranest] [DEBUG] iteration=1737, ncalls=3423, regioncalls=121400, ndraw=40, logz=-70806.70, remainder_fraction=100.0000%, Lmin=-70795.76, Lmax=-70523.60
15:31:14 [ultranest] [DEBUG] iteration=1754, ncalls=3450, regioncalls=122480, ndraw=40, logz=-70800.03, remainder_fraction=100.0000%, Lmin=-70790.55, Lmax=-70523.60
15:31:14 [ultranest] [DEBUG] iteration=1760, ncalls=3460, regioncalls=122880, ndraw=40, logz=-70797.86, remainder_fraction=100.0000%, Lmin=-70787.54, Lmax=-70523.60
15:31:14 [ultranest] [DEBUG] iteration=1781, ncalls=3504, regioncalls=124640, ndraw=40, logz=-70783.95, remainder_fraction=100.0000%, Lmin=-70772.48, Lmax=-70523.60
15:31:14 [ultranest] [DEBUG] iteration=1787, ncalls=3513, regioncalls=125080, ndraw=40, logz=-70780.12, remainder_fraction=100.0000%, Lmin=-70768.87, Lmax=-70523.60
15:31:14 [ultranest] [DEBUG] iteration=1800, ncalls=3531, regioncalls=125800, ndraw=40, logz=-70773.04, remainder_fraction=100.0000%, Lmin=-70763.32, Lmax=-70523.60
15:31:15 [ultranest] [DEBUG] iteration=1826, ncalls=3570, regioncalls=127360, ndraw=40, logz=-70760.82, remainder_fraction=100.0000%, Lmin=-70750.57, Lmax=-70523.60
15:31:15 [ultranest] [DEBUG] iteration=1840, ncalls=3588, regioncalls=128080, ndraw=40, logz=-70752.64, remainder_fraction=100.0000%, Lmin=-70742.84, Lmax=-70523.60
15:31:15 [ultranest] [DEBUG] iteration=1866, ncalls=3624, regioncalls=129560, ndraw=40, logz=-70740.93, remainder_fraction=100.0000%, Lmin=-70730.20, Lmax=-70523.60
15:31:15 [ultranest] [DEBUG] iteration=1880, ncalls=3646, regioncalls=130440, ndraw=40, logz=-70735.28, remainder_fraction=100.0000%, Lmin=-70725.22, Lmax=-70523.60
15:31:15 [ultranest] [DEBUG] iteration=1903, ncalls=3687, regioncalls=132080, ndraw=40, logz=-70725.15, remainder_fraction=100.0000%, Lmin=-70714.47, Lmax=-70523.60
15:31:15 [ultranest] [DEBUG] iteration=1920, ncalls=3712, regioncalls=133080, ndraw=40, logz=-70718.37, remainder_fraction=100.0000%, Lmin=-70706.98, Lmax=-70523.60
15:31:15 [ultranest] [DEBUG] iteration=1936, ncalls=3755, regioncalls=134800, ndraw=40, logz=-70712.39, remainder_fraction=100.0000%, Lmin=-70702.28, Lmax=-70523.60
15:31:15 [ultranest] [DEBUG] iteration=1945, ncalls=3771, regioncalls=135440, ndraw=40, logz=-70709.17, remainder_fraction=100.0000%, Lmin=-70698.99, Lmax=-70523.60
15:31:15 [ultranest] [DEBUG] iteration=1960, ncalls=3791, regioncalls=136280, ndraw=40, logz=-70704.20, remainder_fraction=100.0000%, Lmin=-70693.79, Lmax=-70523.60
15:31:15 [ultranest] [DEBUG] iteration=1984, ncalls=3830, regioncalls=137960, ndraw=40, logz=-70696.12, remainder_fraction=100.0000%, Lmin=-70684.54, Lmax=-70523.60
15:31:15 [ultranest] [DEBUG] iteration=2000, ncalls=3855, regioncalls=139040, ndraw=40, logz=-70691.03, remainder_fraction=100.0000%, Lmin=-70681.50, Lmax=-70523.60
15:31:15 [ultranest] [DEBUG] iteration=2024, ncalls=3890, regioncalls=140480, ndraw=40, logz=-70685.24, remainder_fraction=100.0000%, Lmin=-70675.18, Lmax=-70523.60
15:31:15 [ultranest] [DEBUG] iteration=2040, ncalls=3912, regioncalls=141440, ndraw=40, logz=-70680.82, remainder_fraction=100.0000%, Lmin=-70670.86, Lmax=-70523.60
15:31:16 [ultranest] [DEBUG] iteration=2062, ncalls=3955, regioncalls=143160, ndraw=40, logz=-70675.63, remainder_fraction=100.0000%, Lmin=-70665.25, Lmax=-70523.60
15:31:16 [ultranest] [DEBUG] iteration=2080, ncalls=3979, regioncalls=144120, ndraw=40, logz=-70669.11, remainder_fraction=100.0000%, Lmin=-70658.77, Lmax=-70523.60
15:31:16 [ultranest] [DEBUG] iteration=2101, ncalls=4023, regioncalls=145880, ndraw=40, logz=-70664.10, remainder_fraction=100.0000%, Lmin=-70653.57, Lmax=-70523.60
15:31:16 [ultranest] [DEBUG] iteration=2103, ncalls=4025, regioncalls=146040, ndraw=40, logz=-70663.62, remainder_fraction=100.0000%, Lmin=-70653.00, Lmax=-70523.60
15:31:16 [ultranest] [DEBUG] iteration=2120, ncalls=4053, regioncalls=147200, ndraw=40, logz=-70659.79, remainder_fraction=100.0000%, Lmin=-70649.52, Lmax=-70523.60
15:31:16 [ultranest] [DEBUG] iteration=2145, ncalls=4092, regioncalls=148760, ndraw=40, logz=-70654.59, remainder_fraction=100.0000%, Lmin=-70644.38, Lmax=-70523.60
15:31:16 [ultranest] [DEBUG] iteration=2160, ncalls=4111, regioncalls=149520, ndraw=40, logz=-70651.27, remainder_fraction=100.0000%, Lmin=-70640.65, Lmax=-70523.60
15:31:16 [ultranest] [DEBUG] iteration=2182, ncalls=4148, regioncalls=151040, ndraw=40, logz=-70646.84, remainder_fraction=100.0000%, Lmin=-70635.81, Lmax=-70523.60
15:31:16 [ultranest] [DEBUG] iteration=2200, ncalls=4172, regioncalls=152080, ndraw=40, logz=-70642.04, remainder_fraction=100.0000%, Lmin=-70631.75, Lmax=-70523.60
15:31:16 [ultranest] [DEBUG] iteration=2229, ncalls=4211, regioncalls=153640, ndraw=40, logz=-70636.77, remainder_fraction=100.0000%, Lmin=-70626.20, Lmax=-70523.60
15:31:16 [ultranest] [DEBUG] iteration=2240, ncalls=4231, regioncalls=154440, ndraw=40, logz=-70634.73, remainder_fraction=100.0000%, Lmin=-70623.87, Lmax=-70523.60
15:31:16 [ultranest] [DEBUG] iteration=2261, ncalls=4259, regioncalls=155600, ndraw=40, logz=-70629.20, remainder_fraction=100.0000%, Lmin=-70618.15, Lmax=-70523.60
15:31:16 [ultranest] [DEBUG] iteration=2280, ncalls=4289, regioncalls=156840, ndraw=40, logz=-70624.98, remainder_fraction=100.0000%, Lmin=-70614.42, Lmax=-70523.60
15:31:17 [ultranest] [DEBUG] iteration=2301, ncalls=4332, regioncalls=158560, ndraw=40, logz=-70621.46, remainder_fraction=100.0000%, Lmin=-70610.67, Lmax=-70523.60
15:31:17 [ultranest] [DEBUG] iteration=2320, ncalls=4367, regioncalls=159960, ndraw=40, logz=-70617.95, remainder_fraction=100.0000%, Lmin=-70606.47, Lmax=-70523.60
15:31:17 [ultranest] [DEBUG] iteration=2340, ncalls=4407, regioncalls=161600, ndraw=40, logz=-70613.95, remainder_fraction=100.0000%, Lmin=-70603.35, Lmax=-70523.60
15:31:17 [ultranest] [DEBUG] iteration=2360, ncalls=4434, regioncalls=162680, ndraw=40, logz=-70610.40, remainder_fraction=100.0000%, Lmin=-70599.81, Lmax=-70523.60
15:31:17 [ultranest] [DEBUG] iteration=2387, ncalls=4474, regioncalls=164280, ndraw=40, logz=-70607.33, remainder_fraction=100.0000%, Lmin=-70596.66, Lmax=-70523.60
15:31:17 [ultranest] [DEBUG] iteration=2400, ncalls=4495, regioncalls=165120, ndraw=40, logz=-70605.70, remainder_fraction=100.0000%, Lmin=-70594.79, Lmax=-70523.60
15:31:17 [ultranest] [DEBUG] iteration=2419, ncalls=4523, regioncalls=166280, ndraw=40, logz=-70602.90, remainder_fraction=100.0000%, Lmin=-70592.07, Lmax=-70523.60
15:31:17 [ultranest] [DEBUG] iteration=2440, ncalls=4553, regioncalls=167480, ndraw=40, logz=-70600.21, remainder_fraction=100.0000%, Lmin=-70589.62, Lmax=-70523.60
15:31:17 [ultranest] [DEBUG] iteration=2466, ncalls=4592, regioncalls=169040, ndraw=40, logz=-70597.35, remainder_fraction=100.0000%, Lmin=-70586.58, Lmax=-70523.60
15:31:17 [ultranest] [DEBUG] iteration=2480, ncalls=4616, regioncalls=170000, ndraw=40, logz=-70595.32, remainder_fraction=100.0000%, Lmin=-70584.37, Lmax=-70523.60
15:31:17 [ultranest] [DEBUG] iteration=2502, ncalls=4654, regioncalls=171520, ndraw=40, logz=-70592.40, remainder_fraction=100.0000%, Lmin=-70581.73, Lmax=-70523.60
15:31:18 [ultranest] [DEBUG] iteration=2520, ncalls=4690, regioncalls=172960, ndraw=40, logz=-70590.20, remainder_fraction=100.0000%, Lmin=-70579.28, Lmax=-70523.60
15:31:18 [ultranest] [DEBUG] iteration=2542, ncalls=4733, regioncalls=174680, ndraw=40, logz=-70587.85, remainder_fraction=100.0000%, Lmin=-70577.01, Lmax=-70523.60
15:31:18 [ultranest] [DEBUG] iteration=2559, ncalls=4775, regioncalls=176360, ndraw=40, logz=-70586.00, remainder_fraction=100.0000%, Lmin=-70574.78, Lmax=-70523.42
15:31:18 [ultranest] [DEBUG] iteration=2560, ncalls=4776, regioncalls=176400, ndraw=40, logz=-70585.86, remainder_fraction=100.0000%, Lmin=-70574.63, Lmax=-70523.42
15:31:18 [ultranest] [DEBUG] iteration=2576, ncalls=4819, regioncalls=178120, ndraw=40, logz=-70584.03, remainder_fraction=100.0000%, Lmin=-70573.10, Lmax=-70523.42
15:31:18 [ultranest] [DEBUG] iteration=2577, ncalls=4820, regioncalls=178240, ndraw=40, logz=-70583.93, remainder_fraction=100.0000%, Lmin=-70573.08, Lmax=-70523.42
15:31:18 [ultranest] [DEBUG] iteration=2600, ncalls=4854, regioncalls=179600, ndraw=40, logz=-70581.45, remainder_fraction=100.0000%, Lmin=-70570.65, Lmax=-70523.34
15:31:18 [ultranest] [DEBUG] iteration=2623, ncalls=4894, regioncalls=181200, ndraw=40, logz=-70579.27, remainder_fraction=100.0000%, Lmin=-70568.32, Lmax=-70523.34
15:31:18 [ultranest] [DEBUG] iteration=2640, ncalls=4921, regioncalls=182280, ndraw=40, logz=-70577.52, remainder_fraction=100.0000%, Lmin=-70566.14, Lmax=-70523.34
15:31:18 [ultranest] [DEBUG] iteration=2656, ncalls=4946, regioncalls=183320, ndraw=40, logz=-70575.94, remainder_fraction=100.0000%, Lmin=-70564.63, Lmax=-70523.34
15:31:18 [ultranest] [DEBUG] iteration=2680, ncalls=4981, regioncalls=184720, ndraw=40, logz=-70573.54, remainder_fraction=100.0000%, Lmin=-70562.61, Lmax=-70523.34
15:31:18 [ultranest] [DEBUG] iteration=2708, ncalls=5019, regioncalls=186240, ndraw=40, logz=-70571.82, remainder_fraction=100.0000%, Lmin=-70560.99, Lmax=-70523.34
15:31:18 [ultranest] [DEBUG] iteration=2720, ncalls=5039, regioncalls=187040, ndraw=40, logz=-70570.89, remainder_fraction=100.0000%, Lmin=-70559.68, Lmax=-70523.34
15:31:18 [ultranest] [DEBUG] iteration=2735, ncalls=5067, regioncalls=188200, ndraw=40, logz=-70569.65, remainder_fraction=100.0000%, Lmin=-70558.61, Lmax=-70523.34
15:31:19 [ultranest] [DEBUG] iteration=2758, ncalls=5107, regioncalls=189800, ndraw=40, logz=-70568.02, remainder_fraction=100.0000%, Lmin=-70557.10, Lmax=-70523.34
15:31:19 [ultranest] [DEBUG] iteration=2760, ncalls=5111, regioncalls=189960, ndraw=40, logz=-70567.89, remainder_fraction=100.0000%, Lmin=-70556.64, Lmax=-70523.34
15:31:19 [ultranest] [DEBUG] iteration=2787, ncalls=5149, regioncalls=191480, ndraw=40, logz=-70566.06, remainder_fraction=100.0000%, Lmin=-70555.01, Lmax=-70523.34
15:31:19 [ultranest] [DEBUG] iteration=2800, ncalls=5168, regioncalls=192240, ndraw=40, logz=-70565.22, remainder_fraction=100.0000%, Lmin=-70554.22, Lmax=-70523.34
15:31:19 [ultranest] [DEBUG] iteration=2821, ncalls=5205, regioncalls=193720, ndraw=40, logz=-70564.05, remainder_fraction=100.0000%, Lmin=-70553.07, Lmax=-70523.34
15:31:19 [ultranest] [DEBUG] iteration=2840, ncalls=5244, regioncalls=195280, ndraw=40, logz=-70562.88, remainder_fraction=100.0000%, Lmin=-70551.67, Lmax=-70523.34
15:31:19 [ultranest] [DEBUG] iteration=2856, ncalls=5287, regioncalls=197000, ndraw=40, logz=-70561.86, remainder_fraction=100.0000%, Lmin=-70550.78, Lmax=-70523.34
15:31:19 [ultranest] [DEBUG] iteration=2872, ncalls=5330, regioncalls=198720, ndraw=40, logz=-70560.97, remainder_fraction=100.0000%, Lmin=-70549.58, Lmax=-70523.34
15:31:19 [ultranest] [DEBUG] iteration=2880, ncalls=5342, regioncalls=199200, ndraw=40, logz=-70560.46, remainder_fraction=100.0000%, Lmin=-70549.24, Lmax=-70523.34
15:31:19 [ultranest] [DEBUG] iteration=2893, ncalls=5363, regioncalls=200080, ndraw=40, logz=-70559.75, remainder_fraction=100.0000%, Lmin=-70548.47, Lmax=-70523.34
15:31:19 [ultranest] [DEBUG] iteration=2917, ncalls=5402, regioncalls=201640, ndraw=40, logz=-70558.45, remainder_fraction=100.0000%, Lmin=-70547.14, Lmax=-70523.34
15:31:19 [ultranest] [DEBUG] iteration=2920, ncalls=5406, regioncalls=201800, ndraw=40, logz=-70558.29, remainder_fraction=100.0000%, Lmin=-70547.03, Lmax=-70523.34
15:31:19 [ultranest] [DEBUG] iteration=2947, ncalls=5444, regioncalls=203320, ndraw=40, logz=-70556.93, remainder_fraction=100.0000%, Lmin=-70545.65, Lmax=-70523.34
15:31:20 [ultranest] [DEBUG] iteration=2960, ncalls=5472, regioncalls=204440, ndraw=40, logz=-70556.29, remainder_fraction=100.0000%, Lmin=-70545.13, Lmax=-70523.34
15:31:20 [ultranest] [DEBUG] iteration=2972, ncalls=5493, regioncalls=205320, ndraw=40, logz=-70555.83, remainder_fraction=100.0000%, Lmin=-70544.90, Lmax=-70522.68
15:31:20 [ultranest] [DEBUG] iteration=2994, ncalls=5533, regioncalls=206920, ndraw=40, logz=-70554.92, remainder_fraction=100.0000%, Lmin=-70543.49, Lmax=-70522.68
15:31:20 [ultranest] [DEBUG] iteration=3000, ncalls=5540, regioncalls=207200, ndraw=40, logz=-70554.63, remainder_fraction=100.0000%, Lmin=-70543.28, Lmax=-70522.68
15:31:20 [ultranest] [DEBUG] iteration=3021, ncalls=5580, regioncalls=208800, ndraw=40, logz=-70553.73, remainder_fraction=100.0000%, Lmin=-70542.52, Lmax=-70522.68
15:31:20 [ultranest] [DEBUG] iteration=3040, ncalls=5618, regioncalls=210320, ndraw=40, logz=-70552.99, remainder_fraction=100.0000%, Lmin=-70541.74, Lmax=-70522.68
15:31:20 [ultranest] [DEBUG] iteration=3051, ncalls=5637, regioncalls=211120, ndraw=40, logz=-70552.54, remainder_fraction=100.0000%, Lmin=-70541.27, Lmax=-70522.68
15:31:20 [ultranest] [DEBUG] iteration=3073, ncalls=5678, regioncalls=212760, ndraw=40, logz=-70551.82, remainder_fraction=100.0000%, Lmin=-70540.72, Lmax=-70522.68
15:31:20 [ultranest] [DEBUG] iteration=3080, ncalls=5687, regioncalls=213120, ndraw=40, logz=-70551.61, remainder_fraction=100.0000%, Lmin=-70540.43, Lmax=-70522.68
15:31:20 [ultranest] [DEBUG] iteration=3102, ncalls=5728, regioncalls=214760, ndraw=40, logz=-70550.96, remainder_fraction=100.0000%, Lmin=-70539.84, Lmax=-70522.68
15:31:20 [ultranest] [DEBUG] iteration=3120, ncalls=5755, regioncalls=215840, ndraw=40, logz=-70550.47, remainder_fraction=100.0000%, Lmin=-70539.42, Lmax=-70522.68
15:31:20 [ultranest] [DEBUG] iteration=3130, ncalls=5781, regioncalls=217000, ndraw=40, logz=-70550.23, remainder_fraction=100.0000%, Lmin=-70539.20, Lmax=-70522.68
15:31:20 [ultranest] [DEBUG] iteration=3160, ncalls=5818, regioncalls=218480, ndraw=40, logz=-70549.56, remainder_fraction=99.9999%, Lmin=-70538.54, Lmax=-70522.68
15:31:21 [ultranest] [DEBUG] iteration=3185, ncalls=5856, regioncalls=220080, ndraw=40, logz=-70548.99, remainder_fraction=99.9999%, Lmin=-70537.70, Lmax=-70522.68
15:31:21 [ultranest] [DEBUG] iteration=3200, ncalls=5879, regioncalls=221000, ndraw=40, logz=-70548.62, remainder_fraction=99.9998%, Lmin=-70537.40, Lmax=-70522.68
15:31:21 [ultranest] [DEBUG] iteration=3209, ncalls=5896, regioncalls=221720, ndraw=40, logz=-70548.41, remainder_fraction=99.9998%, Lmin=-70537.11, Lmax=-70522.68
15:31:21 [ultranest] [DEBUG] iteration=3232, ncalls=5936, regioncalls=223320, ndraw=40, logz=-70547.82, remainder_fraction=99.9996%, Lmin=-70536.42, Lmax=-70522.68
15:31:21 [ultranest] [DEBUG] iteration=3240, ncalls=5948, regioncalls=223800, ndraw=40, logz=-70547.62, remainder_fraction=99.9996%, Lmin=-70536.24, Lmax=-70522.68
15:31:21 [ultranest] [DEBUG] iteration=3265, ncalls=5988, regioncalls=225400, ndraw=40, logz=-70547.02, remainder_fraction=99.9992%, Lmin=-70535.60, Lmax=-70522.68
15:31:21 [ultranest] [DEBUG] iteration=3280, ncalls=6007, regioncalls=226160, ndraw=40, logz=-70546.70, remainder_fraction=99.9989%, Lmin=-70535.38, Lmax=-70522.68
15:31:21 [ultranest] [DEBUG] iteration=3288, ncalls=6020, regioncalls=226720, ndraw=40, logz=-70546.54, remainder_fraction=99.9987%, Lmin=-70535.28, Lmax=-70522.68
15:31:21 [ultranest] [DEBUG] iteration=3312, ncalls=6059, regioncalls=228280, ndraw=40, logz=-70546.05, remainder_fraction=99.9978%, Lmin=-70534.59, Lmax=-70522.68
15:31:21 [ultranest] [DEBUG] iteration=3320, ncalls=6069, regioncalls=228680, ndraw=40, logz=-70545.89, remainder_fraction=99.9975%, Lmin=-70534.47, Lmax=-70522.68
15:31:21 [ultranest] [DEBUG] iteration=3347, ncalls=6108, regioncalls=230240, ndraw=40, logz=-70545.30, remainder_fraction=99.9955%, Lmin=-70533.68, Lmax=-70522.68
15:31:21 [ultranest] [DEBUG] iteration=3360, ncalls=6132, regioncalls=231200, ndraw=40, logz=-70545.03, remainder_fraction=99.9943%, Lmin=-70533.50, Lmax=-70522.68
15:31:21 [ultranest] [DEBUG] iteration=3367, ncalls=6146, regioncalls=231800, ndraw=40, logz=-70544.89, remainder_fraction=99.9933%, Lmin=-70533.37, Lmax=-70522.68
15:31:21 [ultranest] [DEBUG] iteration=3395, ncalls=6184, regioncalls=233320, ndraw=40, logz=-70544.35, remainder_fraction=99.9883%, Lmin=-70532.72, Lmax=-70522.68
15:31:21 [ultranest] [DEBUG] iteration=3400, ncalls=6194, regioncalls=233720, ndraw=40, logz=-70544.25, remainder_fraction=99.9869%, Lmin=-70532.53, Lmax=-70522.68
15:31:22 [ultranest] [DEBUG] iteration=3428, ncalls=6235, regioncalls=235360, ndraw=40, logz=-70543.69, remainder_fraction=99.9768%, Lmin=-70531.97, Lmax=-70522.68
15:31:22 [ultranest] [DEBUG] iteration=3440, ncalls=6278, regioncalls=237080, ndraw=40, logz=-70543.45, remainder_fraction=99.9701%, Lmin=-70531.77, Lmax=-70522.68
15:31:22 [ultranest] [DEBUG] iteration=3446, ncalls=6295, regioncalls=237840, ndraw=40, logz=-70543.34, remainder_fraction=99.9660%, Lmin=-70531.65, Lmax=-70522.68
15:31:22 [ultranest] [DEBUG] iteration=3472, ncalls=6334, regioncalls=239400, ndraw=40, logz=-70542.84, remainder_fraction=99.9429%, Lmin=-70531.13, Lmax=-70522.68
15:31:22 [ultranest] [DEBUG] iteration=3480, ncalls=6344, regioncalls=239800, ndraw=40, logz=-70542.70, remainder_fraction=99.9332%, Lmin=-70531.02, Lmax=-70522.68
15:31:22 [ultranest] [DEBUG] iteration=3508, ncalls=6383, regioncalls=241360, ndraw=40, logz=-70542.26, remainder_fraction=99.8938%, Lmin=-70530.66, Lmax=-70522.68
15:31:22 [ultranest] [DEBUG] iteration=3520, ncalls=6400, regioncalls=242040, ndraw=40, logz=-70542.09, remainder_fraction=99.8706%, Lmin=-70530.44, Lmax=-70522.68
15:31:22 [ultranest] [DEBUG] iteration=3525, ncalls=6407, regioncalls=242360, ndraw=40, logz=-70542.02, remainder_fraction=99.8617%, Lmin=-70530.40, Lmax=-70522.68
15:31:22 [ultranest] [DEBUG] iteration=3550, ncalls=6446, regioncalls=243960, ndraw=40, logz=-70541.70, remainder_fraction=99.8027%, Lmin=-70530.11, Lmax=-70522.68
15:31:22 [ultranest] [DEBUG] iteration=3560, ncalls=6459, regioncalls=244480, ndraw=40, logz=-70541.58, remainder_fraction=99.7740%, Lmin=-70529.98, Lmax=-70522.68
15:31:22 [ultranest] [DEBUG] iteration=3587, ncalls=6497, regioncalls=246000, ndraw=40, logz=-70541.25, remainder_fraction=99.6927%, Lmin=-70529.63, Lmax=-70522.68
15:31:22 [ultranest] [DEBUG] iteration=3600, ncalls=6520, regioncalls=246920, ndraw=40, logz=-70541.10, remainder_fraction=99.6379%, Lmin=-70529.48, Lmax=-70522.68
15:31:22 [ultranest] [DEBUG] iteration=3604, ncalls=6526, regioncalls=247200, ndraw=40, logz=-70541.06, remainder_fraction=99.6225%, Lmin=-70529.44, Lmax=-70522.68
15:31:22 [ultranest] [DEBUG] iteration=3634, ncalls=6563, regioncalls=248680, ndraw=40, logz=-70540.74, remainder_fraction=99.4853%, Lmin=-70529.10, Lmax=-70522.68
15:31:22 [ultranest] [DEBUG] iteration=3640, ncalls=6571, regioncalls=249000, ndraw=40, logz=-70540.68, remainder_fraction=99.4647%, Lmin=-70529.03, Lmax=-70522.68
15:31:23 [ultranest] [DEBUG] iteration=3667, ncalls=6610, regioncalls=250560, ndraw=40, logz=-70540.40, remainder_fraction=99.2730%, Lmin=-70528.59, Lmax=-70522.68
15:31:23 [ultranest] [DEBUG] iteration=3680, ncalls=6629, regioncalls=251320, ndraw=40, logz=-70540.26, remainder_fraction=99.1647%, Lmin=-70528.46, Lmax=-70522.68
15:31:23 [ultranest] [DEBUG] iteration=3683, ncalls=6632, regioncalls=251480, ndraw=40, logz=-70540.23, remainder_fraction=99.1328%, Lmin=-70528.44, Lmax=-70522.68
15:31:23 [ultranest] [DEBUG] iteration=3709, ncalls=6667, regioncalls=252880, ndraw=40, logz=-70539.97, remainder_fraction=98.8604%, Lmin=-70528.19, Lmax=-70522.68
15:31:23 [ultranest] [DEBUG] iteration=3720, ncalls=6684, regioncalls=253560, ndraw=40, logz=-70539.86, remainder_fraction=98.7772%, Lmin=-70528.10, Lmax=-70522.68
15:31:23 [ultranest] [DEBUG] iteration=3744, ncalls=6724, regioncalls=255160, ndraw=40, logz=-70539.65, remainder_fraction=98.4717%, Lmin=-70527.85, Lmax=-70522.68
15:31:23 [ultranest] [DEBUG] iteration=3760, ncalls=6751, regioncalls=256240, ndraw=40, logz=-70539.50, remainder_fraction=98.1798%, Lmin=-70527.60, Lmax=-70522.68
15:31:23 [ultranest] [DEBUG] iteration=3762, ncalls=6753, regioncalls=256360, ndraw=40, logz=-70539.48, remainder_fraction=98.1475%, Lmin=-70527.59, Lmax=-70522.68
15:31:23 [ultranest] [DEBUG] iteration=3786, ncalls=6794, regioncalls=258000, ndraw=40, logz=-70539.27, remainder_fraction=97.6679%, Lmin=-70527.41, Lmax=-70522.68
15:31:23 [ultranest] [DEBUG] iteration=3800, ncalls=6821, regioncalls=259080, ndraw=40, logz=-70539.15, remainder_fraction=97.4194%, Lmin=-70527.33, Lmax=-70522.68
15:31:23 [ultranest] [DEBUG] iteration=3823, ncalls=6861, regioncalls=260680, ndraw=40, logz=-70538.98, remainder_fraction=96.8204%, Lmin=-70527.12, Lmax=-70522.68
15:31:23 [ultranest] [DEBUG] iteration=3840, ncalls=6890, regioncalls=261840, ndraw=40, logz=-70538.85, remainder_fraction=96.3714%, Lmin=-70527.00, Lmax=-70522.68
15:31:23 [ultranest] [DEBUG] iteration=3841, ncalls=6891, regioncalls=261920, ndraw=40, logz=-70538.84, remainder_fraction=96.3437%, Lmin=-70526.99, Lmax=-70522.68
15:31:23 [ultranest] [DEBUG] iteration=3866, ncalls=6931, regioncalls=263520, ndraw=40, logz=-70538.67, remainder_fraction=95.7058%, Lmin=-70526.78, Lmax=-70522.68
15:31:23 [ultranest] [DEBUG] iteration=3880, ncalls=6954, regioncalls=264440, ndraw=40, logz=-70538.58, remainder_fraction=95.1717%, Lmin=-70526.68, Lmax=-70522.68
15:31:24 [ultranest] [DEBUG] iteration=3906, ncalls=6993, regioncalls=266000, ndraw=40, logz=-70538.41, remainder_fraction=94.3481%, Lmin=-70526.53, Lmax=-70522.68
15:31:24 [ultranest] [DEBUG] iteration=3920, ncalls=7016, regioncalls=266960, ndraw=40, logz=-70538.33, remainder_fraction=93.8603%, Lmin=-70526.44, Lmax=-70522.68
15:31:24 [ultranest] [DEBUG] iteration=3946, ncalls=7053, regioncalls=268520, ndraw=40, logz=-70538.18, remainder_fraction=92.8791%, Lmin=-70526.24, Lmax=-70522.68
15:31:24 [ultranest] [DEBUG] iteration=3960, ncalls=7070, regioncalls=269200, ndraw=40, logz=-70538.10, remainder_fraction=92.3317%, Lmin=-70526.11, Lmax=-70522.68
15:31:24 [ultranest] [DEBUG] iteration=3983, ncalls=7110, regioncalls=270840, ndraw=40, logz=-70537.97, remainder_fraction=91.3941%, Lmin=-70525.98, Lmax=-70522.68
15:31:24 [ultranest] [DEBUG] iteration=3999, ncalls=7134, regioncalls=271840, ndraw=40, logz=-70537.88, remainder_fraction=90.7227%, Lmin=-70525.88, Lmax=-70522.68
15:31:24 [ultranest] [DEBUG] iteration=4000, ncalls=7135, regioncalls=271880, ndraw=40, logz=-70537.88, remainder_fraction=90.6699%, Lmin=-70525.87, Lmax=-70522.68
15:31:24 [ultranest] [DEBUG] iteration=4028, ncalls=7174, regioncalls=273440, ndraw=40, logz=-70537.73, remainder_fraction=89.1330%, Lmin=-70525.69, Lmax=-70522.68
15:31:24 [ultranest] [DEBUG] iteration=4040, ncalls=7190, regioncalls=274080, ndraw=40, logz=-70537.67, remainder_fraction=88.4882%, Lmin=-70525.63, Lmax=-70522.68
15:31:24 [ultranest] [DEBUG] iteration=4060, ncalls=7231, regioncalls=275720, ndraw=40, logz=-70537.58, remainder_fraction=87.5074%, Lmin=-70525.54, Lmax=-70522.68
15:31:24 [ultranest] [DEBUG] iteration=4078, ncalls=7261, regioncalls=277000, ndraw=40, logz=-70537.50, remainder_fraction=86.6045%, Lmin=-70525.45, Lmax=-70522.68
15:31:24 [ultranest] [DEBUG] iteration=4080, ncalls=7265, regioncalls=277160, ndraw=40, logz=-70537.49, remainder_fraction=86.4577%, Lmin=-70525.45, Lmax=-70522.68
15:31:24 [ultranest] [DEBUG] iteration=4105, ncalls=7304, regioncalls=278720, ndraw=40, logz=-70537.38, remainder_fraction=84.9192%, Lmin=-70525.33, Lmax=-70522.68
15:31:24 [ultranest] [DEBUG] iteration=4120, ncalls=7328, regioncalls=279680, ndraw=40, logz=-70537.32, remainder_fraction=83.8270%, Lmin=-70525.22, Lmax=-70522.68
15:31:25 [ultranest] [DEBUG] iteration=4146, ncalls=7368, regioncalls=281280, ndraw=40, logz=-70537.21, remainder_fraction=82.0569%, Lmin=-70525.05, Lmax=-70522.68
15:31:25 [ultranest] [DEBUG] iteration=4157, ncalls=7384, regioncalls=281960, ndraw=40, logz=-70537.17, remainder_fraction=81.2318%, Lmin=-70524.99, Lmax=-70522.68
15:31:25 [ultranest] [DEBUG] iteration=4160, ncalls=7387, regioncalls=282080, ndraw=40, logz=-70537.16, remainder_fraction=80.9465%, Lmin=-70524.99, Lmax=-70522.68
15:31:25 [ultranest] [DEBUG] iteration=4189, ncalls=7425, regioncalls=283600, ndraw=40, logz=-70537.05, remainder_fraction=78.8191%, Lmin=-70524.88, Lmax=-70522.68
15:31:25 [ultranest] [DEBUG] iteration=4200, ncalls=7441, regioncalls=284240, ndraw=40, logz=-70537.01, remainder_fraction=77.8910%, Lmin=-70524.85, Lmax=-70522.67
15:31:25 [ultranest] [DEBUG] iteration=4223, ncalls=7480, regioncalls=285800, ndraw=40, logz=-70536.93, remainder_fraction=76.1193%, Lmin=-70524.72, Lmax=-70522.67
15:31:25 [ultranest] [DEBUG] iteration=4236, ncalls=7510, regioncalls=287120, ndraw=40, logz=-70536.88, remainder_fraction=74.8561%, Lmin=-70524.62, Lmax=-70522.67
15:31:25 [ultranest] [DEBUG] iteration=4240, ncalls=7517, regioncalls=287400, ndraw=40, logz=-70536.87, remainder_fraction=74.6786%, Lmin=-70524.59, Lmax=-70522.67
15:31:25 [ultranest] [DEBUG] iteration=4266, ncalls=7555, regioncalls=288920, ndraw=40, logz=-70536.78, remainder_fraction=72.7379%, Lmin=-70524.49, Lmax=-70522.67
15:31:25 [ultranest] [DEBUG] iteration=4280, ncalls=7578, regioncalls=289840, ndraw=40, logz=-70536.74, remainder_fraction=71.3116%, Lmin=-70524.44, Lmax=-70522.67
15:31:25 [ultranest] [DEBUG] iteration=4302, ncalls=7618, regioncalls=291440, ndraw=40, logz=-70536.67, remainder_fraction=69.1736%, Lmin=-70524.39, Lmax=-70522.67
15:31:25 [ultranest] [DEBUG] iteration=4320, ncalls=7642, regioncalls=292400, ndraw=40, logz=-70536.62, remainder_fraction=67.4457%, Lmin=-70524.34, Lmax=-70522.67
15:31:25 [ultranest] [DEBUG] iteration=4346, ncalls=7682, regioncalls=294000, ndraw=40, logz=-70536.55, remainder_fraction=65.0898%, Lmin=-70524.22, Lmax=-70522.67
15:31:25 [ultranest] [DEBUG] iteration=4360, ncalls=7706, regioncalls=294960, ndraw=40, logz=-70536.51, remainder_fraction=64.0475%, Lmin=-70524.18, Lmax=-70522.62
15:31:26 [ultranest] [DEBUG] iteration=4377, ncalls=7752, regioncalls=296800, ndraw=40, logz=-70536.47, remainder_fraction=62.3879%, Lmin=-70524.15, Lmax=-70522.62
15:31:26 [ultranest] [DEBUG] iteration=4394, ncalls=7788, regioncalls=298280, ndraw=40, logz=-70536.42, remainder_fraction=61.0065%, Lmin=-70524.10, Lmax=-70522.62
15:31:26 [ultranest] [DEBUG] iteration=4400, ncalls=7795, regioncalls=298600, ndraw=40, logz=-70536.41, remainder_fraction=60.3976%, Lmin=-70524.09, Lmax=-70522.62
15:31:26 [ultranest] [DEBUG] iteration=4426, ncalls=7833, regioncalls=300120, ndraw=40, logz=-70536.35, remainder_fraction=57.8914%, Lmin=-70524.03, Lmax=-70522.62
15:31:26 [ultranest] [DEBUG] iteration=4440, ncalls=7858, regioncalls=301120, ndraw=40, logz=-70536.32, remainder_fraction=56.4651%, Lmin=-70524.01, Lmax=-70522.62
15:31:26 [ultranest] [DEBUG] iteration=4463, ncalls=7897, regioncalls=302680, ndraw=40, logz=-70536.28, remainder_fraction=54.6052%, Lmin=-70523.96, Lmax=-70522.62
15:31:26 [ultranest] [DEBUG] iteration=4473, ncalls=7914, regioncalls=303400, ndraw=40, logz=-70536.26, remainder_fraction=53.6123%, Lmin=-70523.94, Lmax=-70522.62
15:31:26 [ultranest] [DEBUG] iteration=4480, ncalls=7922, regioncalls=303720, ndraw=40, logz=-70536.25, remainder_fraction=53.0475%, Lmin=-70523.92, Lmax=-70522.62
15:31:26 [ultranest] [DEBUG] iteration=4506, ncalls=7960, regioncalls=305240, ndraw=40, logz=-70536.20, remainder_fraction=51.1335%, Lmin=-70523.87, Lmax=-70522.62
15:31:26 [ultranest] [DEBUG] iteration=4520, ncalls=7983, regioncalls=306160, ndraw=40, logz=-70536.18, remainder_fraction=50.1471%, Lmin=-70523.83, Lmax=-70522.62
15:31:26 [ultranest] [DEBUG] iteration=4546, ncalls=8022, regioncalls=307720, ndraw=40, logz=-70536.13, remainder_fraction=47.8226%, Lmin=-70523.77, Lmax=-70522.62
15:31:26 [ultranest] [DEBUG] iteration=4552, ncalls=8031, regioncalls=308120, ndraw=40, logz=-70536.12, remainder_fraction=47.4045%, Lmin=-70523.76, Lmax=-70522.62
15:31:26 [ultranest] [DEBUG] iteration=4560, ncalls=8044, regioncalls=308720, ndraw=40, logz=-70536.11, remainder_fraction=46.6614%, Lmin=-70523.75, Lmax=-70522.62
15:31:26 [ultranest] [DEBUG] iteration=4588, ncalls=8082, regioncalls=310240, ndraw=40, logz=-70536.07, remainder_fraction=44.3094%, Lmin=-70523.70, Lmax=-70522.62
15:31:26 [ultranest] [DEBUG] iteration=4600, ncalls=8101, regioncalls=311000, ndraw=40, logz=-70536.05, remainder_fraction=43.2778%, Lmin=-70523.68, Lmax=-70522.62
15:31:27 [ultranest] [DEBUG] iteration=4624, ncalls=8140, regioncalls=312560, ndraw=40, logz=-70536.02, remainder_fraction=41.4138%, Lmin=-70523.65, Lmax=-70522.62
15:31:27 [ultranest] [DEBUG] iteration=4631, ncalls=8149, regioncalls=312960, ndraw=40, logz=-70536.01, remainder_fraction=40.9033%, Lmin=-70523.64, Lmax=-70522.62
15:31:27 [ultranest] [DEBUG] iteration=4640, ncalls=8163, regioncalls=313560, ndraw=40, logz=-70536.00, remainder_fraction=40.3166%, Lmin=-70523.62, Lmax=-70522.62
15:31:27 [ultranest] [DEBUG] iteration=4671, ncalls=8199, regioncalls=315000, ndraw=40, logz=-70535.96, remainder_fraction=38.0997%, Lmin=-70523.57, Lmax=-70522.62
15:31:27 [ultranest] [DEBUG] iteration=4680, ncalls=8211, regioncalls=315480, ndraw=40, logz=-70535.95, remainder_fraction=37.4890%, Lmin=-70523.54, Lmax=-70522.62
15:31:27 [ultranest] [DEBUG] iteration=4701, ncalls=8251, regioncalls=317080, ndraw=40, logz=-70535.93, remainder_fraction=35.9929%, Lmin=-70523.51, Lmax=-70522.62
15:31:27 [ultranest] [DEBUG] iteration=4710, ncalls=8266, regioncalls=317720, ndraw=40, logz=-70535.92, remainder_fraction=35.4337%, Lmin=-70523.49, Lmax=-70522.62
15:31:27 [ultranest] [DEBUG] iteration=4720, ncalls=8278, regioncalls=318240, ndraw=40, logz=-70535.91, remainder_fraction=34.7416%, Lmin=-70523.48, Lmax=-70522.62
15:31:27 [ultranest] [DEBUG] iteration=4746, ncalls=8317, regioncalls=319800, ndraw=40, logz=-70535.88, remainder_fraction=32.9331%, Lmin=-70523.44, Lmax=-70522.62
15:31:27 [ultranest] [DEBUG] iteration=4760, ncalls=8339, regioncalls=320680, ndraw=40, logz=-70535.87, remainder_fraction=32.0417%, Lmin=-70523.42, Lmax=-70522.62
15:31:27 [ultranest] [DEBUG] iteration=4783, ncalls=8379, regioncalls=322280, ndraw=40, logz=-70535.85, remainder_fraction=30.6357%, Lmin=-70523.39, Lmax=-70522.62
15:31:27 [ultranest] [DEBUG] iteration=4789, ncalls=8389, regioncalls=322720, ndraw=40, logz=-70535.84, remainder_fraction=30.2647%, Lmin=-70523.38, Lmax=-70522.62
15:31:27 [ultranest] [DEBUG] iteration=4800, ncalls=8403, regioncalls=323320, ndraw=40, logz=-70535.83, remainder_fraction=29.6056%, Lmin=-70523.37, Lmax=-70522.62
15:31:27 [ultranest] [DEBUG] iteration=4824, ncalls=8442, regioncalls=324880, ndraw=40, logz=-70535.81, remainder_fraction=28.1608%, Lmin=-70523.32, Lmax=-70522.62
15:31:27 [ultranest] [DEBUG] iteration=4840, ncalls=8461, regioncalls=325640, ndraw=40, logz=-70535.80, remainder_fraction=27.2155%, Lmin=-70523.30, Lmax=-70522.62
15:31:28 [ultranest] [DEBUG] iteration=4864, ncalls=8500, regioncalls=327200, ndraw=40, logz=-70535.78, remainder_fraction=25.8674%, Lmin=-70523.27, Lmax=-70522.62
15:31:28 [ultranest] [DEBUG] iteration=4868, ncalls=8507, regioncalls=327520, ndraw=40, logz=-70535.78, remainder_fraction=25.6801%, Lmin=-70523.26, Lmax=-70522.62
15:31:28 [ultranest] [DEBUG] iteration=4880, ncalls=8520, regioncalls=328040, ndraw=40, logz=-70535.77, remainder_fraction=24.9856%, Lmin=-70523.25, Lmax=-70522.62
15:31:28 [ultranest] [DEBUG] iteration=4904, ncalls=8556, regioncalls=329480, ndraw=40, logz=-70535.75, remainder_fraction=23.6584%, Lmin=-70523.22, Lmax=-70522.62
15:31:28 [ultranest] [DEBUG] iteration=4920, ncalls=8582, regioncalls=330520, ndraw=40, logz=-70535.74, remainder_fraction=22.8060%, Lmin=-70523.20, Lmax=-70522.62
15:31:28 [ultranest] [DEBUG] iteration=4945, ncalls=8623, regioncalls=332160, ndraw=40, logz=-70535.73, remainder_fraction=21.5313%, Lmin=-70523.17, Lmax=-70522.62
15:31:28 [ultranest] [DEBUG] iteration=4960, ncalls=8652, regioncalls=333320, ndraw=40, logz=-70535.72, remainder_fraction=20.8641%, Lmin=-70523.15, Lmax=-70522.62
15:31:28 [ultranest] [DEBUG] iteration=4982, ncalls=8693, regioncalls=334960, ndraw=40, logz=-70535.70, remainder_fraction=19.8827%, Lmin=-70523.13, Lmax=-70522.62
15:31:28 [ultranest] [DEBUG] iteration=5000, ncalls=8730, regioncalls=336440, ndraw=40, logz=-70535.69, remainder_fraction=19.1424%, Lmin=-70523.11, Lmax=-70522.62
15:31:28 [ultranest] [DEBUG] iteration=5020, ncalls=8774, regioncalls=338200, ndraw=40, logz=-70535.68, remainder_fraction=18.2566%, Lmin=-70523.09, Lmax=-70522.62
15:31:28 [ultranest] [DEBUG] iteration=5026, ncalls=8783, regioncalls=338600, ndraw=40, logz=-70535.68, remainder_fraction=17.9853%, Lmin=-70523.09, Lmax=-70522.62
15:31:28 [ultranest] [DEBUG] iteration=5040, ncalls=8800, regioncalls=339280, ndraw=40, logz=-70535.67, remainder_fraction=17.4290%, Lmin=-70523.07, Lmax=-70522.62
15:31:28 [ultranest] [DEBUG] iteration=5068, ncalls=8838, regioncalls=340800, ndraw=40, logz=-70535.66, remainder_fraction=16.2998%, Lmin=-70523.05, Lmax=-70522.62
15:31:29 [ultranest] [DEBUG] iteration=5080, ncalls=8857, regioncalls=341560, ndraw=40, logz=-70535.66, remainder_fraction=15.8475%, Lmin=-70523.04, Lmax=-70522.62
15:31:29 [ultranest] [DEBUG] iteration=5104, ncalls=8896, regioncalls=343120, ndraw=40, logz=-70535.64, remainder_fraction=14.9344%, Lmin=-70523.02, Lmax=-70522.62
15:31:29 [ultranest] [DEBUG] iteration=5105, ncalls=8897, regioncalls=343320, ndraw=40, logz=-70535.64, remainder_fraction=14.9036%, Lmin=-70523.02, Lmax=-70522.62
15:31:29 [ultranest] [DEBUG] iteration=5120, ncalls=8917, regioncalls=344120, ndraw=40, logz=-70535.64, remainder_fraction=14.3590%, Lmin=-70523.00, Lmax=-70522.62
15:31:29 [ultranest] [DEBUG] iteration=5148, ncalls=8955, regioncalls=345640, ndraw=40, logz=-70535.63, remainder_fraction=13.4088%, Lmin=-70522.99, Lmax=-70522.62
15:31:29 [ultranest] [DEBUG] iteration=5160, ncalls=8976, regioncalls=346480, ndraw=40, logz=-70535.62, remainder_fraction=13.0284%, Lmin=-70522.98, Lmax=-70522.62
15:31:29 [ultranest] [DEBUG] iteration=5180, ncalls=9019, regioncalls=348200, ndraw=40, logz=-70535.62, remainder_fraction=12.4120%, Lmin=-70522.97, Lmax=-70522.62
15:31:29 [ultranest] [DEBUG] iteration=5184, ncalls=9026, regioncalls=348520, ndraw=40, logz=-70535.61, remainder_fraction=12.2901%, Lmin=-70522.96, Lmax=-70522.62
15:31:29 [ultranest] [DEBUG] iteration=5200, ncalls=9046, regioncalls=349320, ndraw=40, logz=-70535.61, remainder_fraction=11.8151%, Lmin=-70522.95, Lmax=-70522.62
15:31:29 [ultranest] [DEBUG] iteration=5224, ncalls=9085, regioncalls=350880, ndraw=40, logz=-70535.60, remainder_fraction=11.1360%, Lmin=-70522.94, Lmax=-70522.62
15:31:29 [ultranest] [DEBUG] iteration=5240, ncalls=9114, regioncalls=352040, ndraw=40, logz=-70535.60, remainder_fraction=10.7027%, Lmin=-70522.93, Lmax=-70522.62
15:31:29 [ultranest] [DEBUG] iteration=5259, ncalls=9155, regioncalls=353680, ndraw=40, logz=-70535.59, remainder_fraction=10.2062%, Lmin=-70522.92, Lmax=-70522.62
15:31:29 [ultranest] [DEBUG] iteration=5263, ncalls=9161, regioncalls=353960, ndraw=40, logz=-70535.59, remainder_fraction=10.1074%, Lmin=-70522.91, Lmax=-70522.62
15:31:29 [ultranest] [DEBUG] iteration=5280, ncalls=9191, regioncalls=355160, ndraw=40, logz=-70535.58, remainder_fraction=9.7009%, Lmin=-70522.91, Lmax=-70522.62
15:31:29 [ultranest] [DEBUG] iteration=5303, ncalls=9230, regioncalls=356720, ndraw=40, logz=-70535.58, remainder_fraction=9.1449%, Lmin=-70522.90, Lmax=-70522.62
15:31:30 [ultranest] [DEBUG] iteration=5320, ncalls=9252, regioncalls=357600, ndraw=40, logz=-70535.57, remainder_fraction=8.7492%, Lmin=-70522.89, Lmax=-70522.62
15:31:30 [ultranest] [DEBUG] iteration=5342, ncalls=9291, regioncalls=359200, ndraw=40, logz=-70535.57, remainder_fraction=8.2895%, Lmin=-70522.88, Lmax=-70522.62
15:31:30 [ultranest] [DEBUG] iteration=5360, ncalls=9318, regioncalls=360320, ndraw=40, logz=-70535.57, remainder_fraction=7.9153%, Lmin=-70522.86, Lmax=-70522.62
15:31:30 [ultranest] [DEBUG] iteration=5386, ncalls=9356, regioncalls=361840, ndraw=40, logz=-70535.56, remainder_fraction=7.4054%, Lmin=-70522.85, Lmax=-70522.62
15:31:30 [ultranest] [DEBUG] iteration=5400, ncalls=9383, regioncalls=362920, ndraw=40, logz=-70535.56, remainder_fraction=7.1459%, Lmin=-70522.84, Lmax=-70522.62
15:31:30 [ultranest] [DEBUG] iteration=5421, ncalls=9424, regioncalls=364640, ndraw=40, logz=-70535.55, remainder_fraction=6.7644%, Lmin=-70522.84, Lmax=-70522.62
15:31:30 [ultranest] [DEBUG] iteration=5440, ncalls=9454, regioncalls=365840, ndraw=40, logz=-70535.55, remainder_fraction=6.4354%, Lmin=-70522.82, Lmax=-70522.62
15:31:30 [ultranest] [DEBUG] iteration=5460, ncalls=9495, regioncalls=367480, ndraw=40, logz=-70535.55, remainder_fraction=6.1034%, Lmin=-70522.81, Lmax=-70522.62
15:31:30 [ultranest] [DEBUG] iteration=5480, ncalls=9527, regioncalls=368760, ndraw=40, logz=-70535.54, remainder_fraction=5.7877%, Lmin=-70522.81, Lmax=-70522.62
15:31:30 [ultranest] [DEBUG] iteration=5502, ncalls=9563, regioncalls=370200, ndraw=40, logz=-70535.54, remainder_fraction=5.4620%, Lmin=-70522.80, Lmax=-70522.62
15:31:30 [ultranest] [DEBUG] iteration=5520, ncalls=9597, regioncalls=371560, ndraw=40, logz=-70535.54, remainder_fraction=5.2061%, Lmin=-70522.79, Lmax=-70522.62
15:31:31 [ultranest] [DEBUG] iteration=5540, ncalls=9638, regioncalls=373200, ndraw=40, logz=-70535.53, remainder_fraction=4.9368%, Lmin=-70522.78, Lmax=-70522.62
15:31:31 [ultranest] [DEBUG] iteration=5554, ncalls=9681, regioncalls=374920, ndraw=40, logz=-70535.53, remainder_fraction=4.7530%, Lmin=-70522.78, Lmax=-70522.62
15:31:31 [ultranest] [DEBUG] iteration=5560, ncalls=9692, regioncalls=375360, ndraw=40, logz=-70535.53, remainder_fraction=4.6758%, Lmin=-70522.78, Lmax=-70522.62
15:31:31 [ultranest] [DEBUG] iteration=5578, ncalls=9735, regioncalls=377080, ndraw=40, logz=-70535.53, remainder_fraction=4.4593%, Lmin=-70522.77, Lmax=-70522.62
15:31:31 [ultranest] [DEBUG] iteration=5579, ncalls=9736, regioncalls=377160, ndraw=40, logz=-70535.53, remainder_fraction=4.4478%, Lmin=-70522.77, Lmax=-70522.62
15:31:31 [ultranest] [DEBUG] iteration=5600, ncalls=9767, regioncalls=378480, ndraw=40, logz=-70535.53, remainder_fraction=4.2028%, Lmin=-70522.77, Lmax=-70522.62
15:31:31 [ultranest] [DEBUG] iteration=5621, ncalls=9807, regioncalls=380080, ndraw=40, logz=-70535.52, remainder_fraction=3.9727%, Lmin=-70522.76, Lmax=-70522.62
15:31:31 [ultranest] [DEBUG] iteration=5640, ncalls=9841, regioncalls=381440, ndraw=40, logz=-70535.52, remainder_fraction=3.7751%, Lmin=-70522.76, Lmax=-70522.62
15:31:31 [ultranest] [DEBUG] iteration=5658, ncalls=9874, regioncalls=382840, ndraw=40, logz=-70535.52, remainder_fraction=3.5973%, Lmin=-70522.75, Lmax=-70522.62
15:31:31 [ultranest] [DEBUG] iteration=5680, ncalls=9910, regioncalls=384280, ndraw=40, logz=-70535.52, remainder_fraction=3.3884%, Lmin=-70522.75, Lmax=-70522.62
15:31:31 [ultranest] [DEBUG] iteration=5702, ncalls=9950, regioncalls=385880, ndraw=40, logz=-70535.52, remainder_fraction=3.1921%, Lmin=-70522.74, Lmax=-70522.62
15:31:31 [ultranest] [DEBUG] iteration=5720, ncalls=9977, regioncalls=386960, ndraw=40, logz=-70535.51, remainder_fraction=3.0400%, Lmin=-70522.74, Lmax=-70522.62
15:31:32 [ultranest] [DEBUG] iteration=5737, ncalls=10007, regioncalls=388200, ndraw=40, logz=-70535.51, remainder_fraction=2.9023%, Lmin=-70522.73, Lmax=-70522.62
15:31:32 [ultranest] [DEBUG] iteration=5760, ncalls=10046, regioncalls=389760, ndraw=40, logz=-70535.51, remainder_fraction=2.7283%, Lmin=-70522.73, Lmax=-70522.62
15:31:32 [ultranest] [DEBUG] iteration=5781, ncalls=10087, regioncalls=391400, ndraw=40, logz=-70535.51, remainder_fraction=2.5785%, Lmin=-70522.72, Lmax=-70522.62
15:31:32 [ultranest] [DEBUG] iteration=5800, ncalls=10122, regioncalls=392800, ndraw=40, logz=-70535.51, remainder_fraction=2.4482%, Lmin=-70522.72, Lmax=-70522.62
15:31:32 [ultranest] [DEBUG] iteration=5816, ncalls=10150, regioncalls=393960, ndraw=40, logz=-70535.51, remainder_fraction=2.3427%, Lmin=-70522.72, Lmax=-70522.62
15:31:32 [ultranest] [DEBUG] iteration=5840, ncalls=10191, regioncalls=395600, ndraw=40, logz=-70535.50, remainder_fraction=2.1928%, Lmin=-70522.71, Lmax=-70522.62
15:31:32 [ultranest] [DEBUG] iteration=5863, ncalls=10230, regioncalls=397160, ndraw=40, logz=-70535.50, remainder_fraction=2.0593%, Lmin=-70522.71, Lmax=-70522.62
15:31:32 [ultranest] [DEBUG] iteration=5880, ncalls=10263, regioncalls=398480, ndraw=40, logz=-70535.50, remainder_fraction=1.9654%, Lmin=-70522.71, Lmax=-70522.62
15:31:32 [ultranest] [DEBUG] iteration=5902, ncalls=10299, regioncalls=399920, ndraw=40, logz=-70535.50, remainder_fraction=1.8501%, Lmin=-70522.70, Lmax=-70522.62
15:31:32 [ultranest] [DEBUG] iteration=5920, ncalls=10326, regioncalls=401000, ndraw=40, logz=-70535.50, remainder_fraction=1.7616%, Lmin=-70522.70, Lmax=-70522.62
15:31:32 [ultranest] [DEBUG] iteration=5937, ncalls=10367, regioncalls=402640, ndraw=40, logz=-70535.50, remainder_fraction=1.6820%, Lmin=-70522.70, Lmax=-70522.62
15:31:33 [ultranest] [DEBUG] iteration=5956, ncalls=10411, regioncalls=404400, ndraw=40, logz=-70535.50, remainder_fraction=1.5967%, Lmin=-70522.69, Lmax=-70522.62
15:31:33 [ultranest] [DEBUG] iteration=5960, ncalls=10417, regioncalls=404640, ndraw=40, logz=-70535.50, remainder_fraction=1.5793%, Lmin=-70522.69, Lmax=-70522.62
15:31:33 [ultranest] [DEBUG] iteration=5974, ncalls=10444, regioncalls=405760, ndraw=40, logz=-70535.50, remainder_fraction=1.5196%, Lmin=-70522.69, Lmax=-70522.62
15:31:33 [ultranest] [DEBUG] iteration=5991, ncalls=10482, regioncalls=407280, ndraw=40, logz=-70535.50, remainder_fraction=1.4490%, Lmin=-70522.69, Lmax=-70522.62
15:31:33 [ultranest] [DEBUG] iteration=6000, ncalls=10492, regioncalls=407680, ndraw=40, logz=-70535.50, remainder_fraction=1.4132%, Lmin=-70522.69, Lmax=-70522.62
15:31:33 [ultranest] [DEBUG] iteration=6025, ncalls=10531, regioncalls=409240, ndraw=40, logz=-70535.50, remainder_fraction=1.3189%, Lmin=-70522.68, Lmax=-70522.62
15:31:33 [ultranest] [DEBUG] iteration=6040, ncalls=10558, regioncalls=410320, ndraw=40, logz=-70535.50, remainder_fraction=1.2651%, Lmin=-70522.68, Lmax=-70522.62
15:31:33 [ultranest] [DEBUG] iteration=6053, ncalls=10578, regioncalls=411160, ndraw=40, logz=-70535.49, remainder_fraction=1.2203%, Lmin=-70522.68, Lmax=-70522.62
15:31:33 [ultranest] [DEBUG] iteration=6080, ncalls=10610, regioncalls=412440, ndraw=40, logz=-70535.49, remainder_fraction=1.1327%, Lmin=-70522.68, Lmax=-70522.62
15:31:33 [ultranest] [DEBUG] iteration=6104, ncalls=10648, regioncalls=413960, ndraw=40, logz=-70535.49, remainder_fraction=1.0601%, Lmin=-70522.67, Lmax=-70522.62
15:31:33 [ultranest] [DEBUG] iteration=6120, ncalls=10676, regioncalls=415080, ndraw=40, logz=-70535.49, remainder_fraction=1.0136%, Lmin=-70522.67, Lmax=-70522.62
15:31:33 [ultranest] [INFO] Explored until L=-7e+04  
15:31:33 [ultranest] [INFO] Likelihood function evaluations: 10681
15:31:35 [ultranest] [INFO] Writing samples and results to disk ...
15:31:35 [ultranest] [INFO] Writing samples and results to disk ... done
15:31:35 [ultranest] [DEBUG] did a run_iter pass!
15:31:35 [ultranest] [INFO]   logZ = -7.054e+04 +- 0.1253
15:31:35 [ultranest] [INFO] Effective samples strategy satisfied (ESS = 1646.0, need >400)
15:31:35 [ultranest] [INFO] Posterior uncertainty strategy is satisfied (KL: 0.45+-0.10 nat, need <0.50 nat)
15:31:35 [ultranest] [INFO] Evidency uncertainty strategy is satisfied (dlogz=0.13, need <0.5)
15:31:35 [ultranest] [INFO]   logZ error budget: single: 0.18 bs:0.13 tail:0.01 total:0.13 required:<0.50
15:31:35 [ultranest] [INFO] done iterating.
15:31:35 [ultranest] [DEBUG] Making corner plot ...
15:31:35 [ultranest] [DEBUG] Making corner plot ... done
15:31:35 [ultranest] [DEBUG] Making run plot ... 
15:31:36 [ultranest] [DEBUG] Making run plot ... done
15:31:36 [ultranest] [DEBUG] Making trace plot ... 
15:31:37 [ultranest] [DEBUG] Making trace plot ... done
