15:16:25 [ultranest] [DEBUG] ReactiveNestedSampler: dims=3+0, resume=False, log_dir=./m-values/N24/S24/M24/T030/P02/NF3/sample_rho, backend=hdf5, vectorized=False, nbootstraps=30, ndraw=128..65536
15:16:25 [ultranest] [INFO] Sampling 400 live points from prior ...
15:16:27 [ultranest] [DEBUG] run_iter dlogz=0.5, dKL=0.5, frac_remain=0.01, Lepsilon=0.0010, min_ess=400
15:16:27 [ultranest] [DEBUG] max_iters=-1, max_ncalls=-1, max_num_improvement_loops=-1, min_num_live_points=400, cluster_num_live_points=40
15:16:27 [ultranest] [DEBUG] minimal_widths_sequence: [(-inf, 400.0), (inf, 400.0)]
15:16:27 [ultranest] [DEBUG] Plateau detected at L=-1.381551e+07, not replacing live point.
15:16:27 [ultranest] [DEBUG] Plateau detected at L=-1.381551e+07, not replacing live point.
15:16:27 [ultranest] [DEBUG] Plateau detected at L=-1.381551e+07, not replacing live point.
15:16:27 [ultranest] [DEBUG] Plateau detected at L=-1.381551e+07, not replacing live point.
15:16:27 [ultranest] [DEBUG] Plateau detected at L=-1.381551e+07, not replacing live point.
15:16:27 [ultranest] [DEBUG] Plateau detected at L=-1.381551e+07, not replacing live point.
15:16:27 [ultranest] [DEBUG] Plateau detected at L=-1.381551e+07, not replacing live point.
15:16:27 [ultranest] [DEBUG] Plateau detected at L=-1.381551e+07, not replacing live point.
15:16:27 [ultranest] [DEBUG] Plateau detected at L=-1.381551e+07, not replacing live point.
15:16:27 [ultranest] [DEBUG] Plateau detected at L=-1.381551e+07, not replacing live point.
15:16:27 [ultranest] [DEBUG] Plateau detected at L=-1.381551e+07, not replacing live point.
15:16:27 [ultranest] [DEBUG] Plateau detected at L=-1.381551e+07, not replacing live point.
15:16:27 [ultranest] [DEBUG] Plateau detected at L=-1.381551e+07, not replacing live point.
15:16:27 [ultranest] [DEBUG] Plateau detected at L=-1.381551e+07, not replacing live point.
15:16:27 [ultranest] [DEBUG] Plateau detected at L=-1.381551e+07, not replacing live point.
15:16:27 [ultranest] [DEBUG] Plateau detected at L=-1.381551e+07, not replacing live point.
15:16:27 [ultranest] [DEBUG] Plateau detected at L=-1.381551e+07, not replacing live point.
15:16:27 [ultranest] [DEBUG] Plateau detected at L=-1.381551e+07, not replacing live point.
15:16:27 [ultranest] [DEBUG] Plateau detected at L=-1.381551e+07, not replacing live point.
15:16:27 [ultranest] [DEBUG] Plateau detected at L=-1.381551e+07, not replacing live point.
15:16:27 [ultranest] [DEBUG] Plateau detected at L=-1.381551e+07, not replacing live point.
15:16:27 [ultranest] [DEBUG] Plateau detected at L=-1.381551e+07, not replacing live point.
15:16:27 [ultranest] [DEBUG] Plateau detected at L=-1.381551e+07, not replacing live point.
15:16:27 [ultranest] [DEBUG] Plateau detected at L=-1.381551e+07, not replacing live point.
15:16:27 [ultranest] [DEBUG] Plateau detected at L=-1.381551e+07, not replacing live point.
15:16:27 [ultranest] [DEBUG] Plateau detected at L=-1.381551e+07, not replacing live point.
15:16:27 [ultranest] [DEBUG] Plateau detected at L=-1.381551e+07, not replacing live point.
15:16:27 [ultranest] [DEBUG] Plateau detected at L=-1.381551e+07, not replacing live point.
15:16:27 [ultranest] [DEBUG] Plateau detected at L=-1.381551e+07, not replacing live point.
15:16:27 [ultranest] [DEBUG] Plateau detected at L=-1.381551e+07, not replacing live point.
15:16:27 [ultranest] [DEBUG] Plateau detected at L=-1.381551e+07, not replacing live point.
15:16:27 [ultranest] [DEBUG] Plateau detected at L=-1.381551e+07, not replacing live point.
15:16:27 [ultranest] [DEBUG] Plateau detected at L=-1.381551e+07, not replacing live point.
15:16:27 [ultranest] [DEBUG] Plateau detected at L=-1.381551e+07, not replacing live point.
15:16:27 [ultranest] [DEBUG] Plateau detected at L=-1.381551e+07, not replacing live point.
15:16:27 [ultranest] [DEBUG] Plateau detected at L=-1.381551e+07, not replacing live point.
15:16:27 [ultranest] [DEBUG] Plateau detected at L=-1.381551e+07, not replacing live point.
15:16:27 [ultranest] [DEBUG] Plateau detected at L=-1.381551e+07, not replacing live point.
15:16:27 [ultranest] [DEBUG] Plateau detected at L=-1.381551e+07, not replacing live point.
15:16:27 [ultranest] [DEBUG] Plateau detected at L=-1.381551e+07, not replacing live point.
15:16:27 [ultranest] [DEBUG] Plateau detected at L=-1.381551e+07, not replacing live point.
15:16:27 [ultranest] [DEBUG] Plateau detected at L=-1.381551e+07, not replacing live point.
15:16:27 [ultranest] [DEBUG] Plateau detected at L=-1.381551e+07, not replacing live point.
15:16:27 [ultranest] [DEBUG] Plateau detected at L=-1.381551e+07, not replacing live point.
15:16:27 [ultranest] [DEBUG] Plateau detected at L=-1.381551e+07, not replacing live point.
15:16:27 [ultranest] [DEBUG] Plateau detected at L=-1.381551e+07, not replacing live point.
15:16:27 [ultranest] [DEBUG] Plateau detected at L=-1.381551e+07, not replacing live point.
15:16:27 [ultranest] [DEBUG] Plateau detected at L=-1.381551e+07, not replacing live point.
15:16:27 [ultranest] [DEBUG] Plateau detected at L=-1.381551e+07, not replacing live point.
15:16:27 [ultranest] [DEBUG] Plateau detected at L=-1.381551e+07, not replacing live point.
15:16:27 [ultranest] [DEBUG] Plateau detected at L=-1.381551e+07, not replacing live point.
15:16:27 [ultranest] [DEBUG] Plateau detected at L=-1.381551e+07, not replacing live point.
15:16:27 [ultranest] [DEBUG] Plateau detected at L=-1.381551e+07, not replacing live point.
15:16:27 [ultranest] [DEBUG] iteration=53, ncalls=401, regioncalls=40, ndraw=40, logz=-13815512.58, remainder_fraction=100.0000%, Lmin=-13815510.56, Lmax=-107798.31
15:16:27 [ultranest] [DEBUG] iteration=76, ncalls=427, regioncalls=1080, ndraw=40, logz=-128743.90, remainder_fraction=100.0000%, Lmin=-128735.95, Lmax=-107798.31
15:16:27 [ultranest] [DEBUG] iteration=80, ncalls=431, regioncalls=1240, ndraw=40, logz=-128101.88, remainder_fraction=100.0000%, Lmin=-128044.45, Lmax=-107798.31
15:16:27 [ultranest] [DEBUG] iteration=97, ncalls=456, regioncalls=2240, ndraw=40, logz=-125696.16, remainder_fraction=100.0000%, Lmin=-125605.82, Lmax=-107798.31
15:16:27 [ultranest] [DEBUG] iteration=115, ncalls=480, regioncalls=3200, ndraw=40, logz=-124115.52, remainder_fraction=100.0000%, Lmin=-124078.77, Lmax=-107798.31
15:16:27 [ultranest] [DEBUG] iteration=120, ncalls=486, regioncalls=3440, ndraw=40, logz=-123778.91, remainder_fraction=100.0000%, Lmin=-123753.40, Lmax=-107798.31
15:16:27 [ultranest] [DEBUG] iteration=131, ncalls=498, regioncalls=3920, ndraw=40, logz=-122665.88, remainder_fraction=100.0000%, Lmin=-122645.98, Lmax=-107798.31
15:16:27 [ultranest] [DEBUG] iteration=149, ncalls=523, regioncalls=4920, ndraw=40, logz=-121724.49, remainder_fraction=100.0000%, Lmin=-121713.55, Lmax=-107798.31
15:16:27 [ultranest] [DEBUG] iteration=160, ncalls=535, regioncalls=5400, ndraw=40, logz=-120881.26, remainder_fraction=100.0000%, Lmin=-120855.55, Lmax=-107798.31
15:16:28 [ultranest] [DEBUG] iteration=179, ncalls=559, regioncalls=6360, ndraw=40, logz=-119979.29, remainder_fraction=100.0000%, Lmin=-119917.44, Lmax=-107798.31
15:16:28 [ultranest] [DEBUG] iteration=194, ncalls=584, regioncalls=7360, ndraw=40, logz=-119550.34, remainder_fraction=100.0000%, Lmin=-119471.64, Lmax=-107798.31
15:16:28 [ultranest] [DEBUG] iteration=200, ncalls=593, regioncalls=7720, ndraw=40, logz=-119165.82, remainder_fraction=100.0000%, Lmin=-119140.69, Lmax=-107798.31
15:16:28 [ultranest] [DEBUG] iteration=209, ncalls=605, regioncalls=8200, ndraw=40, logz=-118756.23, remainder_fraction=100.0000%, Lmin=-118738.77, Lmax=-107798.31
15:16:28 [ultranest] [DEBUG] iteration=226, ncalls=630, regioncalls=9200, ndraw=40, logz=-118361.71, remainder_fraction=100.0000%, Lmin=-118319.74, Lmax=-107798.31
15:16:28 [ultranest] [DEBUG] iteration=240, ncalls=647, regioncalls=9880, ndraw=40, logz=-117755.38, remainder_fraction=100.0000%, Lmin=-117747.50, Lmax=-107798.31
15:16:28 [ultranest] [DEBUG] iteration=256, ncalls=672, regioncalls=10880, ndraw=40, logz=-117360.81, remainder_fraction=100.0000%, Lmin=-117350.62, Lmax=-107798.31
15:16:28 [ultranest] [DEBUG] iteration=269, ncalls=697, regioncalls=11880, ndraw=40, logz=-116989.28, remainder_fraction=100.0000%, Lmin=-116969.31, Lmax=-107798.31
15:16:28 [ultranest] [DEBUG] iteration=280, ncalls=715, regioncalls=12600, ndraw=40, logz=-116617.50, remainder_fraction=100.0000%, Lmin=-116607.92, Lmax=-107798.31
15:16:28 [ultranest] [DEBUG] iteration=287, ncalls=726, regioncalls=13040, ndraw=40, logz=-116437.43, remainder_fraction=100.0000%, Lmin=-116426.06, Lmax=-107798.31
15:16:28 [ultranest] [DEBUG] iteration=302, ncalls=751, regioncalls=14040, ndraw=40, logz=-116154.94, remainder_fraction=100.0000%, Lmin=-116069.55, Lmax=-107798.31
15:16:29 [ultranest] [DEBUG] iteration=318, ncalls=777, regioncalls=15080, ndraw=40, logz=-115777.87, remainder_fraction=100.0000%, Lmin=-115755.27, Lmax=-107798.31
15:16:29 [ultranest] [DEBUG] iteration=320, ncalls=780, regioncalls=15200, ndraw=40, logz=-115742.02, remainder_fraction=100.0000%, Lmin=-115674.86, Lmax=-107798.31
15:16:29 [ultranest] [DEBUG] iteration=334, ncalls=807, regioncalls=16280, ndraw=40, logz=-115417.12, remainder_fraction=100.0000%, Lmin=-115406.97, Lmax=-107798.31
15:16:29 [ultranest] [DEBUG] iteration=347, ncalls=834, regioncalls=17360, ndraw=40, logz=-115072.72, remainder_fraction=100.0000%, Lmin=-115048.35, Lmax=-107798.31
15:16:29 [ultranest] [DEBUG] iteration=359, ncalls=860, regioncalls=18400, ndraw=40, logz=-114855.72, remainder_fraction=100.0000%, Lmin=-114827.61, Lmax=-107798.31
15:16:29 [ultranest] [DEBUG] iteration=360, ncalls=864, regioncalls=18560, ndraw=40, logz=-114834.49, remainder_fraction=100.0000%, Lmin=-114752.23, Lmax=-107798.31
15:16:29 [ultranest] [DEBUG] iteration=373, ncalls=887, regioncalls=19480, ndraw=40, logz=-114608.84, remainder_fraction=100.0000%, Lmin=-114548.64, Lmax=-107798.31
15:16:29 [ultranest] [DEBUG] iteration=385, ncalls=913, regioncalls=20520, ndraw=40, logz=-114322.74, remainder_fraction=100.0000%, Lmin=-114307.86, Lmax=-107798.31
15:16:29 [ultranest] [DEBUG] iteration=395, ncalls=942, regioncalls=21680, ndraw=40, logz=-114209.19, remainder_fraction=100.0000%, Lmin=-114175.39, Lmax=-107798.31
15:16:29 [ultranest] [DEBUG] iteration=400, ncalls=951, regioncalls=22040, ndraw=40, logz=-114126.50, remainder_fraction=100.0000%, Lmin=-114108.71, Lmax=-107798.31
15:16:29 [ultranest] [DEBUG] iteration=413, ncalls=976, regioncalls=23040, ndraw=40, logz=-113950.49, remainder_fraction=100.0000%, Lmin=-113933.19, Lmax=-107798.31
15:16:29 [ultranest] [DEBUG] iteration=424, ncalls=1002, regioncalls=24080, ndraw=40, logz=-113837.73, remainder_fraction=100.0000%, Lmin=-113814.42, Lmax=-107798.31
15:16:30 [ultranest] [DEBUG] iteration=435, ncalls=1028, regioncalls=25120, ndraw=40, logz=-113709.74, remainder_fraction=100.0000%, Lmin=-113699.74, Lmax=-107798.31
15:16:30 [ultranest] [DEBUG] iteration=440, ncalls=1036, regioncalls=25440, ndraw=40, logz=-113649.91, remainder_fraction=100.0000%, Lmin=-113636.70, Lmax=-107798.31
15:16:30 [ultranest] [DEBUG] iteration=443, ncalls=1049, regioncalls=25960, ndraw=40, logz=-113632.26, remainder_fraction=100.0000%, Lmin=-113605.76, Lmax=-107798.31
15:16:30 [ultranest] [DEBUG] iteration=462, ncalls=1074, regioncalls=26960, ndraw=40, logz=-113391.36, remainder_fraction=100.0000%, Lmin=-113346.51, Lmax=-107798.31
15:16:30 [ultranest] [DEBUG] iteration=479, ncalls=1099, regioncalls=27960, ndraw=40, logz=-113049.65, remainder_fraction=100.0000%, Lmin=-113041.87, Lmax=-107798.31
15:16:30 [ultranest] [DEBUG] iteration=480, ncalls=1100, regioncalls=28000, ndraw=40, logz=-113048.64, remainder_fraction=100.0000%, Lmin=-113023.46, Lmax=-107798.31
15:16:30 [ultranest] [DEBUG] iteration=491, ncalls=1128, regioncalls=29120, ndraw=40, logz=-112800.15, remainder_fraction=100.0000%, Lmin=-112789.99, Lmax=-107798.31
15:16:30 [ultranest] [DEBUG] iteration=506, ncalls=1154, regioncalls=30160, ndraw=40, logz=-112646.99, remainder_fraction=100.0000%, Lmin=-112638.91, Lmax=-107798.31
15:16:30 [ultranest] [DEBUG] iteration=520, ncalls=1178, regioncalls=31120, ndraw=40, logz=-112478.72, remainder_fraction=100.0000%, Lmin=-112466.13, Lmax=-107798.31
15:16:30 [ultranest] [DEBUG] iteration=534, ncalls=1202, regioncalls=32080, ndraw=40, logz=-112342.26, remainder_fraction=100.0000%, Lmin=-112323.60, Lmax=-107732.13
15:16:30 [ultranest] [DEBUG] iteration=545, ncalls=1229, regioncalls=33160, ndraw=40, logz=-112274.44, remainder_fraction=100.0000%, Lmin=-112263.59, Lmax=-107732.13
15:16:30 [ultranest] [DEBUG] iteration=555, ncalls=1260, regioncalls=34400, ndraw=40, logz=-112141.69, remainder_fraction=100.0000%, Lmin=-112128.53, Lmax=-107732.13
15:16:30 [ultranest] [DEBUG] iteration=560, ncalls=1270, regioncalls=34800, ndraw=40, logz=-112104.40, remainder_fraction=100.0000%, Lmin=-112090.93, Lmax=-107732.13
15:16:31 [ultranest] [DEBUG] iteration=574, ncalls=1296, regioncalls=35840, ndraw=40, logz=-111943.22, remainder_fraction=100.0000%, Lmin=-111913.58, Lmax=-107732.13
15:16:31 [ultranest] [DEBUG] iteration=587, ncalls=1322, regioncalls=36880, ndraw=40, logz=-111790.47, remainder_fraction=100.0000%, Lmin=-111759.44, Lmax=-107732.13
15:16:31 [ultranest] [DEBUG] iteration=595, ncalls=1349, regioncalls=37960, ndraw=40, logz=-111705.19, remainder_fraction=100.0000%, Lmin=-111695.36, Lmax=-107732.13
15:16:31 [ultranest] [DEBUG] iteration=600, ncalls=1363, regioncalls=38520, ndraw=40, logz=-111666.55, remainder_fraction=100.0000%, Lmin=-111649.58, Lmax=-107732.13
15:16:31 [ultranest] [DEBUG] iteration=609, ncalls=1390, regioncalls=39600, ndraw=40, logz=-111557.50, remainder_fraction=100.0000%, Lmin=-111542.15, Lmax=-107732.13
15:16:31 [ultranest] [DEBUG] iteration=621, ncalls=1416, regioncalls=40640, ndraw=40, logz=-111480.65, remainder_fraction=100.0000%, Lmin=-111471.72, Lmax=-107732.13
15:16:31 [ultranest] [DEBUG] iteration=632, ncalls=1442, regioncalls=41680, ndraw=40, logz=-111395.96, remainder_fraction=100.0000%, Lmin=-111350.29, Lmax=-107732.13
15:16:31 [ultranest] [DEBUG] iteration=640, ncalls=1454, regioncalls=42160, ndraw=40, logz=-111302.60, remainder_fraction=100.0000%, Lmin=-111273.88, Lmax=-107714.44
15:16:31 [ultranest] [DEBUG] iteration=652, ncalls=1481, regioncalls=43240, ndraw=40, logz=-111191.97, remainder_fraction=100.0000%, Lmin=-111151.01, Lmax=-107714.44
15:16:31 [ultranest] [DEBUG] iteration=661, ncalls=1507, regioncalls=44280, ndraw=40, logz=-111125.61, remainder_fraction=100.0000%, Lmin=-111116.83, Lmax=-107714.44
15:16:32 [ultranest] [DEBUG] iteration=672, ncalls=1533, regioncalls=45320, ndraw=40, logz=-111048.01, remainder_fraction=100.0000%, Lmin=-111036.37, Lmax=-107714.44
15:16:32 [ultranest] [DEBUG] iteration=677, ncalls=1543, regioncalls=45720, ndraw=40, logz=-111031.85, remainder_fraction=100.0000%, Lmin=-111019.70, Lmax=-107714.44
15:16:32 [ultranest] [DEBUG] iteration=680, ncalls=1549, regioncalls=45960, ndraw=40, logz=-111024.78, remainder_fraction=100.0000%, Lmin=-111009.60, Lmax=-107714.44
15:16:32 [ultranest] [DEBUG] iteration=694, ncalls=1574, regioncalls=46960, ndraw=40, logz=-110944.00, remainder_fraction=100.0000%, Lmin=-110932.48, Lmax=-107714.44
15:16:32 [ultranest] [DEBUG] iteration=707, ncalls=1600, regioncalls=48000, ndraw=40, logz=-110845.79, remainder_fraction=100.0000%, Lmin=-110834.50, Lmax=-107714.44
15:16:32 [ultranest] [DEBUG] iteration=719, ncalls=1626, regioncalls=49040, ndraw=40, logz=-110749.15, remainder_fraction=100.0000%, Lmin=-110741.11, Lmax=-107714.44
15:16:32 [ultranest] [DEBUG] iteration=720, ncalls=1628, regioncalls=49120, ndraw=40, logz=-110748.39, remainder_fraction=100.0000%, Lmin=-110740.91, Lmax=-107714.44
15:16:32 [ultranest] [DEBUG] iteration=730, ncalls=1655, regioncalls=50200, ndraw=40, logz=-110722.67, remainder_fraction=100.0000%, Lmin=-110703.37, Lmax=-107714.44
15:16:32 [ultranest] [DEBUG] iteration=746, ncalls=1680, regioncalls=51200, ndraw=40, logz=-110607.98, remainder_fraction=100.0000%, Lmin=-110597.80, Lmax=-107714.44
15:16:32 [ultranest] [DEBUG] iteration=755, ncalls=1696, regioncalls=51840, ndraw=40, logz=-110545.50, remainder_fraction=100.0000%, Lmin=-110531.60, Lmax=-107714.44
15:16:32 [ultranest] [DEBUG] iteration=760, ncalls=1705, regioncalls=52200, ndraw=40, logz=-110510.48, remainder_fraction=100.0000%, Lmin=-110496.59, Lmax=-107714.44
15:16:32 [ultranest] [DEBUG] iteration=774, ncalls=1730, regioncalls=53200, ndraw=40, logz=-110446.48, remainder_fraction=100.0000%, Lmin=-110435.20, Lmax=-107714.44
15:16:32 [ultranest] [DEBUG] iteration=786, ncalls=1756, regioncalls=54240, ndraw=40, logz=-110366.24, remainder_fraction=100.0000%, Lmin=-110354.00, Lmax=-107714.44
15:16:33 [ultranest] [DEBUG] iteration=796, ncalls=1784, regioncalls=55360, ndraw=40, logz=-110326.17, remainder_fraction=100.0000%, Lmin=-110311.61, Lmax=-107714.44
15:16:33 [ultranest] [DEBUG] iteration=800, ncalls=1796, regioncalls=55840, ndraw=40, logz=-110309.38, remainder_fraction=100.0000%, Lmin=-110299.56, Lmax=-107714.44
15:16:33 [ultranest] [DEBUG] iteration=814, ncalls=1823, regioncalls=56920, ndraw=40, logz=-110221.65, remainder_fraction=100.0000%, Lmin=-110207.92, Lmax=-107714.44
15:16:33 [ultranest] [DEBUG] iteration=829, ncalls=1849, regioncalls=57960, ndraw=40, logz=-110155.85, remainder_fraction=100.0000%, Lmin=-110142.77, Lmax=-107714.44
15:16:33 [ultranest] [DEBUG] iteration=833, ncalls=1855, regioncalls=58200, ndraw=40, logz=-110147.33, remainder_fraction=100.0000%, Lmin=-110128.77, Lmax=-107714.44
15:16:33 [ultranest] [DEBUG] iteration=840, ncalls=1867, regioncalls=58680, ndraw=40, logz=-110088.73, remainder_fraction=100.0000%, Lmin=-110069.29, Lmax=-107714.44
15:16:33 [ultranest] [DEBUG] iteration=854, ncalls=1894, regioncalls=59760, ndraw=40, logz=-110006.85, remainder_fraction=100.0000%, Lmin=-109997.14, Lmax=-107714.44
15:16:33 [ultranest] [DEBUG] iteration=869, ncalls=1919, regioncalls=60760, ndraw=40, logz=-109939.55, remainder_fraction=100.0000%, Lmin=-109930.61, Lmax=-107714.44
15:16:33 [ultranest] [DEBUG] iteration=880, ncalls=1942, regioncalls=61760, ndraw=40, logz=-109895.67, remainder_fraction=100.0000%, Lmin=-109887.27, Lmax=-107714.44
15:16:33 [ultranest] [DEBUG] iteration=892, ncalls=1968, regioncalls=62840, ndraw=40, logz=-109867.50, remainder_fraction=100.0000%, Lmin=-109850.35, Lmax=-107714.44
15:16:33 [ultranest] [DEBUG] iteration=906, ncalls=1994, regioncalls=63880, ndraw=40, logz=-109806.38, remainder_fraction=100.0000%, Lmin=-109780.09, Lmax=-107714.44
15:16:33 [ultranest] [DEBUG] iteration=917, ncalls=2018, regioncalls=64840, ndraw=40, logz=-109744.79, remainder_fraction=100.0000%, Lmin=-109735.50, Lmax=-107714.44
15:16:34 [ultranest] [DEBUG] iteration=920, ncalls=2027, regioncalls=65200, ndraw=40, logz=-109737.51, remainder_fraction=100.0000%, Lmin=-109727.74, Lmax=-107714.44
15:16:34 [ultranest] [DEBUG] iteration=935, ncalls=2052, regioncalls=66200, ndraw=40, logz=-109669.29, remainder_fraction=100.0000%, Lmin=-109658.76, Lmax=-107714.44
15:16:34 [ultranest] [DEBUG] iteration=951, ncalls=2077, regioncalls=67240, ndraw=40, logz=-109610.10, remainder_fraction=100.0000%, Lmin=-109598.46, Lmax=-107714.44
15:16:34 [ultranest] [DEBUG] iteration=960, ncalls=2106, regioncalls=68400, ndraw=40, logz=-109579.24, remainder_fraction=100.0000%, Lmin=-109565.58, Lmax=-107714.44
15:16:34 [ultranest] [DEBUG] iteration=972, ncalls=2132, regioncalls=69440, ndraw=40, logz=-109521.25, remainder_fraction=100.0000%, Lmin=-109507.53, Lmax=-107714.44
15:16:34 [ultranest] [DEBUG] iteration=986, ncalls=2157, regioncalls=70440, ndraw=40, logz=-109428.45, remainder_fraction=100.0000%, Lmin=-109419.67, Lmax=-107714.44
15:16:34 [ultranest] [DEBUG] iteration=989, ncalls=2161, regioncalls=70640, ndraw=40, logz=-109411.29, remainder_fraction=100.0000%, Lmin=-109402.34, Lmax=-107714.44
15:16:34 [ultranest] [DEBUG] iteration=1000, ncalls=2176, regioncalls=71240, ndraw=40, logz=-109379.62, remainder_fraction=100.0000%, Lmin=-109367.70, Lmax=-107714.44
15:16:34 [ultranest] [DEBUG] iteration=1018, ncalls=2200, regioncalls=72240, ndraw=40, logz=-109313.96, remainder_fraction=100.0000%, Lmin=-109299.62, Lmax=-107714.44
15:16:34 [ultranest] [DEBUG] iteration=1032, ncalls=2225, regioncalls=73240, ndraw=40, logz=-109266.01, remainder_fraction=100.0000%, Lmin=-109254.80, Lmax=-107714.44
15:16:34 [ultranest] [DEBUG] iteration=1040, ncalls=2242, regioncalls=73920, ndraw=40, logz=-109216.18, remainder_fraction=100.0000%, Lmin=-109198.89, Lmax=-107714.44
15:16:35 [ultranest] [DEBUG] iteration=1054, ncalls=2269, regioncalls=75080, ndraw=40, logz=-109178.60, remainder_fraction=100.0000%, Lmin=-109170.31, Lmax=-107714.44
15:16:35 [ultranest] [DEBUG] iteration=1067, ncalls=2295, regioncalls=76120, ndraw=40, logz=-109121.80, remainder_fraction=100.0000%, Lmin=-109107.46, Lmax=-107714.44
15:16:35 [ultranest] [DEBUG] iteration=1080, ncalls=2315, regioncalls=76960, ndraw=40, logz=-109088.49, remainder_fraction=100.0000%, Lmin=-109077.58, Lmax=-107714.44
15:16:35 [ultranest] [DEBUG] iteration=1096, ncalls=2341, regioncalls=78000, ndraw=40, logz=-109033.63, remainder_fraction=100.0000%, Lmin=-109018.76, Lmax=-107714.44
15:16:35 [ultranest] [DEBUG] iteration=1114, ncalls=2366, regioncalls=79000, ndraw=40, logz=-108985.88, remainder_fraction=100.0000%, Lmin=-108975.05, Lmax=-107714.44
15:16:35 [ultranest] [DEBUG] iteration=1120, ncalls=2375, regioncalls=79360, ndraw=40, logz=-108971.62, remainder_fraction=100.0000%, Lmin=-108960.74, Lmax=-107714.44
15:16:35 [ultranest] [DEBUG] iteration=1133, ncalls=2401, regioncalls=80400, ndraw=40, logz=-108938.37, remainder_fraction=100.0000%, Lmin=-108928.42, Lmax=-107714.44
15:16:35 [ultranest] [DEBUG] iteration=1144, ncalls=2427, regioncalls=81440, ndraw=40, logz=-108922.23, remainder_fraction=100.0000%, Lmin=-108912.32, Lmax=-107714.44
15:16:35 [ultranest] [DEBUG] iteration=1145, ncalls=2428, regioncalls=81480, ndraw=40, logz=-108921.08, remainder_fraction=100.0000%, Lmin=-108905.63, Lmax=-107714.44
15:16:35 [ultranest] [DEBUG] iteration=1154, ncalls=2454, regioncalls=82560, ndraw=40, logz=-108895.73, remainder_fraction=100.0000%, Lmin=-108886.97, Lmax=-107714.44
15:16:35 [ultranest] [DEBUG] iteration=1160, ncalls=2461, regioncalls=82840, ndraw=40, logz=-108882.36, remainder_fraction=100.0000%, Lmin=-108870.75, Lmax=-107714.44
15:16:35 [ultranest] [DEBUG] iteration=1176, ncalls=2489, regioncalls=84000, ndraw=40, logz=-108820.85, remainder_fraction=100.0000%, Lmin=-108806.45, Lmax=-107714.44
15:16:36 [ultranest] [DEBUG] iteration=1190, ncalls=2515, regioncalls=85040, ndraw=40, logz=-108797.35, remainder_fraction=100.0000%, Lmin=-108788.69, Lmax=-107714.44
15:16:36 [ultranest] [DEBUG] iteration=1200, ncalls=2538, regioncalls=85960, ndraw=40, logz=-108777.79, remainder_fraction=100.0000%, Lmin=-108767.39, Lmax=-107714.44
15:16:36 [ultranest] [DEBUG] iteration=1214, ncalls=2565, regioncalls=87240, ndraw=40, logz=-108750.63, remainder_fraction=100.0000%, Lmin=-108741.85, Lmax=-107714.44
15:16:36 [ultranest] [DEBUG] iteration=1223, ncalls=2592, regioncalls=88320, ndraw=40, logz=-108727.24, remainder_fraction=100.0000%, Lmin=-108713.71, Lmax=-107714.44
15:16:36 [ultranest] [DEBUG] iteration=1240, ncalls=2618, regioncalls=89400, ndraw=40, logz=-108701.22, remainder_fraction=100.0000%, Lmin=-108691.20, Lmax=-107714.44
15:16:36 [ultranest] [DEBUG] iteration=1255, ncalls=2643, regioncalls=90400, ndraw=40, logz=-108678.74, remainder_fraction=100.0000%, Lmin=-108667.31, Lmax=-107714.44
15:16:36 [ultranest] [DEBUG] iteration=1271, ncalls=2669, regioncalls=91440, ndraw=40, logz=-108644.73, remainder_fraction=100.0000%, Lmin=-108635.89, Lmax=-107714.44
15:16:36 [ultranest] [DEBUG] iteration=1280, ncalls=2690, regioncalls=92280, ndraw=40, logz=-108625.77, remainder_fraction=100.0000%, Lmin=-108614.28, Lmax=-107714.44
15:16:36 [ultranest] [DEBUG] iteration=1292, ncalls=2717, regioncalls=93360, ndraw=40, logz=-108612.36, remainder_fraction=100.0000%, Lmin=-108601.61, Lmax=-107714.44
15:16:36 [ultranest] [DEBUG] iteration=1303, ncalls=2741, regioncalls=94320, ndraw=40, logz=-108593.54, remainder_fraction=100.0000%, Lmin=-108583.53, Lmax=-107714.44
15:16:37 [ultranest] [DEBUG] iteration=1316, ncalls=2767, regioncalls=95360, ndraw=40, logz=-108560.61, remainder_fraction=100.0000%, Lmin=-108550.01, Lmax=-107687.63
15:16:37 [ultranest] [DEBUG] iteration=1320, ncalls=2773, regioncalls=95600, ndraw=40, logz=-108557.12, remainder_fraction=100.0000%, Lmin=-108547.92, Lmax=-107687.63
15:16:37 [ultranest] [DEBUG] iteration=1336, ncalls=2800, regioncalls=96680, ndraw=40, logz=-108532.57, remainder_fraction=100.0000%, Lmin=-108522.83, Lmax=-107687.63
15:16:37 [ultranest] [DEBUG] iteration=1353, ncalls=2825, regioncalls=97680, ndraw=40, logz=-108496.70, remainder_fraction=100.0000%, Lmin=-108484.65, Lmax=-107687.63
15:16:37 [ultranest] [DEBUG] iteration=1360, ncalls=2845, regioncalls=98480, ndraw=40, logz=-108482.14, remainder_fraction=100.0000%, Lmin=-108468.70, Lmax=-107687.63
15:16:37 [ultranest] [DEBUG] iteration=1369, ncalls=2875, regioncalls=99680, ndraw=40, logz=-108465.69, remainder_fraction=100.0000%, Lmin=-108456.24, Lmax=-107687.63
15:16:37 [ultranest] [DEBUG] iteration=1379, ncalls=2894, regioncalls=100480, ndraw=40, logz=-108459.28, remainder_fraction=100.0000%, Lmin=-108446.84, Lmax=-107687.63
15:16:37 [ultranest] [DEBUG] iteration=1395, ncalls=2919, regioncalls=101520, ndraw=40, logz=-108435.81, remainder_fraction=100.0000%, Lmin=-108425.78, Lmax=-107687.63
15:16:37 [ultranest] [DEBUG] iteration=1400, ncalls=2929, regioncalls=101920, ndraw=40, logz=-108428.66, remainder_fraction=100.0000%, Lmin=-108417.38, Lmax=-107687.63
15:16:37 [ultranest] [DEBUG] iteration=1414, ncalls=2956, regioncalls=103000, ndraw=40, logz=-108402.93, remainder_fraction=100.0000%, Lmin=-108392.48, Lmax=-107687.63
15:16:37 [ultranest] [DEBUG] iteration=1425, ncalls=2982, regioncalls=104040, ndraw=40, logz=-108384.69, remainder_fraction=100.0000%, Lmin=-108375.39, Lmax=-107687.63
15:16:37 [ultranest] [DEBUG] iteration=1439, ncalls=3007, regioncalls=105040, ndraw=40, logz=-108376.04, remainder_fraction=100.0000%, Lmin=-108364.43, Lmax=-107687.63
15:16:37 [ultranest] [DEBUG] iteration=1440, ncalls=3009, regioncalls=105120, ndraw=40, logz=-108374.24, remainder_fraction=100.0000%, Lmin=-108363.37, Lmax=-107687.63
15:16:38 [ultranest] [DEBUG] iteration=1449, ncalls=3037, regioncalls=106240, ndraw=40, logz=-108365.46, remainder_fraction=100.0000%, Lmin=-108354.64, Lmax=-107687.63
15:16:38 [ultranest] [DEBUG] iteration=1462, ncalls=3061, regioncalls=107200, ndraw=40, logz=-108342.23, remainder_fraction=100.0000%, Lmin=-108332.62, Lmax=-107687.63
15:16:38 [ultranest] [DEBUG] iteration=1472, ncalls=3088, regioncalls=108280, ndraw=40, logz=-108329.89, remainder_fraction=100.0000%, Lmin=-108318.95, Lmax=-107687.63
15:16:38 [ultranest] [DEBUG] iteration=1480, ncalls=3102, regioncalls=108840, ndraw=40, logz=-108319.14, remainder_fraction=100.0000%, Lmin=-108308.81, Lmax=-107687.63
15:16:38 [ultranest] [DEBUG] iteration=1494, ncalls=3128, regioncalls=109880, ndraw=40, logz=-108301.74, remainder_fraction=100.0000%, Lmin=-108291.46, Lmax=-107687.63
15:16:38 [ultranest] [DEBUG] iteration=1502, ncalls=3155, regioncalls=110960, ndraw=40, logz=-108290.38, remainder_fraction=100.0000%, Lmin=-108279.99, Lmax=-107687.63
15:16:38 [ultranest] [DEBUG] iteration=1517, ncalls=3183, regioncalls=112080, ndraw=40, logz=-108273.51, remainder_fraction=100.0000%, Lmin=-108261.56, Lmax=-107687.63
15:16:38 [ultranest] [DEBUG] iteration=1520, ncalls=3187, regioncalls=112240, ndraw=40, logz=-108269.04, remainder_fraction=100.0000%, Lmin=-108257.40, Lmax=-107687.63
15:16:38 [ultranest] [DEBUG] iteration=1531, ncalls=3214, regioncalls=113320, ndraw=40, logz=-108255.53, remainder_fraction=100.0000%, Lmin=-108245.36, Lmax=-107687.63
15:16:38 [ultranest] [DEBUG] iteration=1535, ncalls=3221, regioncalls=113600, ndraw=40, logz=-108252.51, remainder_fraction=100.0000%, Lmin=-108242.33, Lmax=-107687.63
15:16:38 [ultranest] [DEBUG] iteration=1553, ncalls=3246, regioncalls=114640, ndraw=40, logz=-108234.91, remainder_fraction=100.0000%, Lmin=-108222.69, Lmax=-107687.63
15:16:39 [ultranest] [DEBUG] iteration=1560, ncalls=3263, regioncalls=115320, ndraw=40, logz=-108226.61, remainder_fraction=100.0000%, Lmin=-108216.11, Lmax=-107687.63
15:16:39 [ultranest] [DEBUG] iteration=1576, ncalls=3288, regioncalls=116320, ndraw=40, logz=-108211.43, remainder_fraction=100.0000%, Lmin=-108201.36, Lmax=-107687.63
15:16:39 [ultranest] [DEBUG] iteration=1589, ncalls=3314, regioncalls=117360, ndraw=40, logz=-108199.82, remainder_fraction=100.0000%, Lmin=-108188.68, Lmax=-107687.63
15:16:39 [ultranest] [DEBUG] iteration=1600, ncalls=3331, regioncalls=118040, ndraw=40, logz=-108189.91, remainder_fraction=100.0000%, Lmin=-108179.93, Lmax=-107687.63
15:16:39 [ultranest] [DEBUG] iteration=1613, ncalls=3352, regioncalls=119000, ndraw=40, logz=-108179.41, remainder_fraction=100.0000%, Lmin=-108169.00, Lmax=-107687.63
15:16:39 [ultranest] [DEBUG] iteration=1629, ncalls=3376, regioncalls=120120, ndraw=40, logz=-108172.88, remainder_fraction=100.0000%, Lmin=-108162.45, Lmax=-107687.63
15:16:39 [ultranest] [DEBUG] iteration=1640, ncalls=3392, regioncalls=120760, ndraw=40, logz=-108160.60, remainder_fraction=100.0000%, Lmin=-108147.24, Lmax=-107687.63
15:16:39 [ultranest] [DEBUG] iteration=1654, ncalls=3417, regioncalls=121760, ndraw=40, logz=-108142.61, remainder_fraction=100.0000%, Lmin=-108132.45, Lmax=-107687.63
15:16:39 [ultranest] [DEBUG] iteration=1672, ncalls=3442, regioncalls=122760, ndraw=40, logz=-108126.43, remainder_fraction=100.0000%, Lmin=-108115.78, Lmax=-107687.63
15:16:39 [ultranest] [DEBUG] iteration=1680, ncalls=3460, regioncalls=123480, ndraw=40, logz=-108118.35, remainder_fraction=100.0000%, Lmin=-108107.77, Lmax=-107687.63
15:16:39 [ultranest] [DEBUG] iteration=1691, ncalls=3483, regioncalls=124440, ndraw=40, logz=-108108.24, remainder_fraction=100.0000%, Lmin=-108097.82, Lmax=-107687.63
15:16:40 [ultranest] [DEBUG] iteration=1709, ncalls=3506, regioncalls=125360, ndraw=40, logz=-108095.97, remainder_fraction=100.0000%, Lmin=-108085.79, Lmax=-107687.63
15:16:40 [ultranest] [DEBUG] iteration=1720, ncalls=3524, regioncalls=126080, ndraw=40, logz=-108087.70, remainder_fraction=100.0000%, Lmin=-108076.19, Lmax=-107687.63
15:16:40 [ultranest] [DEBUG] iteration=1735, ncalls=3549, regioncalls=127080, ndraw=40, logz=-108070.77, remainder_fraction=100.0000%, Lmin=-108059.69, Lmax=-107687.63
15:16:40 [ultranest] [DEBUG] iteration=1745, ncalls=3575, regioncalls=128120, ndraw=40, logz=-108066.10, remainder_fraction=100.0000%, Lmin=-108053.03, Lmax=-107687.63
15:16:40 [ultranest] [DEBUG] iteration=1757, ncalls=3601, regioncalls=129160, ndraw=40, logz=-108054.39, remainder_fraction=100.0000%, Lmin=-108043.48, Lmax=-107687.63
15:16:40 [ultranest] [DEBUG] iteration=1760, ncalls=3605, regioncalls=129320, ndraw=40, logz=-108051.85, remainder_fraction=100.0000%, Lmin=-108039.91, Lmax=-107687.63
15:16:40 [ultranest] [DEBUG] iteration=1769, ncalls=3619, regioncalls=129920, ndraw=40, logz=-108046.67, remainder_fraction=100.0000%, Lmin=-108035.80, Lmax=-107687.63
15:16:40 [ultranest] [DEBUG] iteration=1783, ncalls=3644, regioncalls=130920, ndraw=40, logz=-108035.90, remainder_fraction=100.0000%, Lmin=-108024.83, Lmax=-107687.63
15:16:40 [ultranest] [DEBUG] iteration=1800, ncalls=3666, regioncalls=131800, ndraw=40, logz=-108023.79, remainder_fraction=100.0000%, Lmin=-108013.14, Lmax=-107687.63
15:16:40 [ultranest] [DEBUG] iteration=1815, ncalls=3692, regioncalls=132880, ndraw=40, logz=-108013.97, remainder_fraction=100.0000%, Lmin=-108003.55, Lmax=-107687.63
15:16:40 [ultranest] [DEBUG] iteration=1832, ncalls=3718, regioncalls=133920, ndraw=40, logz=-108004.09, remainder_fraction=100.0000%, Lmin=-107992.19, Lmax=-107687.63
15:16:40 [ultranest] [DEBUG] iteration=1840, ncalls=3736, regioncalls=134640, ndraw=40, logz=-107997.33, remainder_fraction=100.0000%, Lmin=-107986.36, Lmax=-107687.63
15:16:41 [ultranest] [DEBUG] iteration=1847, ncalls=3744, regioncalls=135000, ndraw=40, logz=-107993.76, remainder_fraction=100.0000%, Lmin=-107983.48, Lmax=-107687.63
15:16:41 [ultranest] [DEBUG] iteration=1861, ncalls=3770, regioncalls=136040, ndraw=40, logz=-107988.57, remainder_fraction=100.0000%, Lmin=-107978.28, Lmax=-107687.63
15:16:41 [ultranest] [DEBUG] iteration=1879, ncalls=3795, regioncalls=137040, ndraw=40, logz=-107983.18, remainder_fraction=100.0000%, Lmin=-107973.08, Lmax=-107687.63
15:16:41 [ultranest] [DEBUG] iteration=1880, ncalls=3796, regioncalls=137080, ndraw=40, logz=-107982.91, remainder_fraction=100.0000%, Lmin=-107972.67, Lmax=-107687.63
15:16:41 [ultranest] [DEBUG] iteration=1897, ncalls=3821, regioncalls=138080, ndraw=40, logz=-107974.04, remainder_fraction=100.0000%, Lmin=-107963.37, Lmax=-107687.63
15:16:41 [ultranest] [DEBUG] iteration=1914, ncalls=3846, regioncalls=139080, ndraw=40, logz=-107963.71, remainder_fraction=100.0000%, Lmin=-107953.44, Lmax=-107687.63
15:16:41 [ultranest] [DEBUG] iteration=1920, ncalls=3856, regioncalls=139480, ndraw=40, logz=-107961.89, remainder_fraction=100.0000%, Lmin=-107951.73, Lmax=-107687.63
15:16:41 [ultranest] [DEBUG] iteration=1925, ncalls=3865, regioncalls=139880, ndraw=40, logz=-107960.23, remainder_fraction=100.0000%, Lmin=-107949.37, Lmax=-107687.63
15:16:41 [ultranest] [DEBUG] iteration=1944, ncalls=3889, regioncalls=140880, ndraw=40, logz=-107951.24, remainder_fraction=100.0000%, Lmin=-107940.64, Lmax=-107687.63
15:16:41 [ultranest] [DEBUG] iteration=1960, ncalls=3911, regioncalls=141800, ndraw=40, logz=-107943.60, remainder_fraction=100.0000%, Lmin=-107933.32, Lmax=-107687.63
15:16:41 [ultranest] [DEBUG] iteration=1973, ncalls=3939, regioncalls=142920, ndraw=40, logz=-107937.59, remainder_fraction=100.0000%, Lmin=-107926.09, Lmax=-107687.63
15:16:41 [ultranest] [DEBUG] iteration=1989, ncalls=3964, regioncalls=143960, ndraw=40, logz=-107927.63, remainder_fraction=100.0000%, Lmin=-107916.74, Lmax=-107687.63
15:16:42 [ultranest] [DEBUG] iteration=2000, ncalls=3990, regioncalls=145000, ndraw=40, logz=-107922.41, remainder_fraction=100.0000%, Lmin=-107912.04, Lmax=-107687.63
15:16:42 [ultranest] [DEBUG] iteration=2003, ncalls=3993, regioncalls=145200, ndraw=40, logz=-107921.69, remainder_fraction=100.0000%, Lmin=-107911.38, Lmax=-107687.63
15:16:42 [ultranest] [DEBUG] iteration=2020, ncalls=4019, regioncalls=146240, ndraw=40, logz=-107916.41, remainder_fraction=100.0000%, Lmin=-107904.95, Lmax=-107687.63
15:16:42 [ultranest] [DEBUG] iteration=2038, ncalls=4046, regioncalls=147320, ndraw=40, logz=-107908.31, remainder_fraction=100.0000%, Lmin=-107897.49, Lmax=-107687.63
15:16:42 [ultranest] [DEBUG] iteration=2040, ncalls=4049, regioncalls=147440, ndraw=40, logz=-107907.69, remainder_fraction=100.0000%, Lmin=-107896.86, Lmax=-107687.63
15:16:42 [ultranest] [DEBUG] iteration=2057, ncalls=4074, regioncalls=148440, ndraw=40, logz=-107902.15, remainder_fraction=100.0000%, Lmin=-107891.52, Lmax=-107687.63
15:16:42 [ultranest] [DEBUG] iteration=2073, ncalls=4100, regioncalls=149480, ndraw=40, logz=-107895.06, remainder_fraction=100.0000%, Lmin=-107884.38, Lmax=-107687.63
15:16:42 [ultranest] [DEBUG] iteration=2080, ncalls=4111, regioncalls=149920, ndraw=40, logz=-107892.27, remainder_fraction=100.0000%, Lmin=-107880.73, Lmax=-107687.63
15:16:42 [ultranest] [DEBUG] iteration=2081, ncalls=4112, regioncalls=150000, ndraw=40, logz=-107891.72, remainder_fraction=100.0000%, Lmin=-107880.64, Lmax=-107687.63
15:16:42 [ultranest] [DEBUG] iteration=2103, ncalls=4137, regioncalls=151000, ndraw=40, logz=-107883.86, remainder_fraction=100.0000%, Lmin=-107872.13, Lmax=-107687.63
15:16:42 [ultranest] [DEBUG] iteration=2117, ncalls=4163, regioncalls=152040, ndraw=40, logz=-107879.68, remainder_fraction=100.0000%, Lmin=-107868.92, Lmax=-107687.63
15:16:42 [ultranest] [DEBUG] iteration=2120, ncalls=4166, regioncalls=152160, ndraw=40, logz=-107878.96, remainder_fraction=100.0000%, Lmin=-107868.40, Lmax=-107687.63
15:16:42 [ultranest] [DEBUG] iteration=2139, ncalls=4191, regioncalls=153160, ndraw=40, logz=-107869.58, remainder_fraction=100.0000%, Lmin=-107858.82, Lmax=-107687.63
15:16:42 [ultranest] [DEBUG] iteration=2152, ncalls=4217, regioncalls=154200, ndraw=40, logz=-107864.97, remainder_fraction=100.0000%, Lmin=-107853.87, Lmax=-107687.63
15:16:43 [ultranest] [DEBUG] iteration=2160, ncalls=4230, regioncalls=154720, ndraw=40, logz=-107862.62, remainder_fraction=100.0000%, Lmin=-107851.43, Lmax=-107687.63
15:16:43 [ultranest] [DEBUG] iteration=2174, ncalls=4257, regioncalls=155800, ndraw=40, logz=-107858.14, remainder_fraction=100.0000%, Lmin=-107846.39, Lmax=-107687.63
15:16:43 [ultranest] [DEBUG] iteration=2190, ncalls=4285, regioncalls=156920, ndraw=40, logz=-107853.89, remainder_fraction=100.0000%, Lmin=-107843.20, Lmax=-107687.63
15:16:43 [ultranest] [DEBUG] iteration=2200, ncalls=4298, regioncalls=157440, ndraw=40, logz=-107851.28, remainder_fraction=100.0000%, Lmin=-107839.94, Lmax=-107687.63
15:16:43 [ultranest] [DEBUG] iteration=2215, ncalls=4325, regioncalls=158520, ndraw=40, logz=-107845.74, remainder_fraction=100.0000%, Lmin=-107834.42, Lmax=-107687.63
15:16:43 [ultranest] [DEBUG] iteration=2225, ncalls=4354, regioncalls=159680, ndraw=40, logz=-107843.14, remainder_fraction=100.0000%, Lmin=-107831.95, Lmax=-107687.63
15:16:43 [ultranest] [DEBUG] iteration=2237, ncalls=4377, regioncalls=160640, ndraw=40, logz=-107839.90, remainder_fraction=100.0000%, Lmin=-107829.15, Lmax=-107687.63
15:16:43 [ultranest] [DEBUG] iteration=2240, ncalls=4380, regioncalls=160760, ndraw=40, logz=-107839.25, remainder_fraction=100.0000%, Lmin=-107827.71, Lmax=-107687.63
15:16:43 [ultranest] [DEBUG] iteration=2252, ncalls=4408, regioncalls=161880, ndraw=40, logz=-107835.27, remainder_fraction=100.0000%, Lmin=-107824.19, Lmax=-107687.63
15:16:43 [ultranest] [DEBUG] iteration=2265, ncalls=4434, regioncalls=162920, ndraw=40, logz=-107832.18, remainder_fraction=100.0000%, Lmin=-107820.55, Lmax=-107687.63
15:16:43 [ultranest] [DEBUG] iteration=2280, ncalls=4456, regioncalls=163800, ndraw=40, logz=-107827.38, remainder_fraction=100.0000%, Lmin=-107816.46, Lmax=-107687.63
15:16:44 [ultranest] [DEBUG] iteration=2295, ncalls=4483, regioncalls=164880, ndraw=40, logz=-107824.67, remainder_fraction=100.0000%, Lmin=-107813.81, Lmax=-107687.63
15:16:44 [ultranest] [DEBUG] iteration=2313, ncalls=4511, regioncalls=166000, ndraw=40, logz=-107820.46, remainder_fraction=100.0000%, Lmin=-107809.27, Lmax=-107687.63
15:16:44 [ultranest] [DEBUG] iteration=2320, ncalls=4524, regioncalls=166520, ndraw=40, logz=-107819.15, remainder_fraction=100.0000%, Lmin=-107808.16, Lmax=-107687.63
15:16:44 [ultranest] [DEBUG] iteration=2332, ncalls=4554, regioncalls=167720, ndraw=40, logz=-107816.34, remainder_fraction=100.0000%, Lmin=-107805.58, Lmax=-107687.63
15:16:44 [ultranest] [DEBUG] iteration=2349, ncalls=4580, regioncalls=168760, ndraw=40, logz=-107813.12, remainder_fraction=100.0000%, Lmin=-107802.10, Lmax=-107687.63
15:16:44 [ultranest] [DEBUG] iteration=2360, ncalls=4603, regioncalls=169680, ndraw=40, logz=-107811.39, remainder_fraction=100.0000%, Lmin=-107800.31, Lmax=-107687.63
15:16:44 [ultranest] [DEBUG] iteration=2373, ncalls=4632, regioncalls=170840, ndraw=40, logz=-107808.58, remainder_fraction=100.0000%, Lmin=-107796.89, Lmax=-107687.63
15:16:44 [ultranest] [DEBUG] iteration=2385, ncalls=4659, regioncalls=171920, ndraw=40, logz=-107805.15, remainder_fraction=100.0000%, Lmin=-107794.21, Lmax=-107687.63
15:16:44 [ultranest] [DEBUG] iteration=2393, ncalls=4676, regioncalls=172640, ndraw=40, logz=-107803.52, remainder_fraction=100.0000%, Lmin=-107791.98, Lmax=-107687.63
15:16:44 [ultranest] [DEBUG] iteration=2400, ncalls=4686, regioncalls=173080, ndraw=40, logz=-107801.06, remainder_fraction=100.0000%, Lmin=-107788.83, Lmax=-107687.63
15:16:44 [ultranest] [DEBUG] iteration=2419, ncalls=4711, regioncalls=174080, ndraw=40, logz=-107796.37, remainder_fraction=100.0000%, Lmin=-107785.04, Lmax=-107685.47
15:16:45 [ultranest] [DEBUG] iteration=2439, ncalls=4736, regioncalls=175080, ndraw=40, logz=-107792.77, remainder_fraction=100.0000%, Lmin=-107781.83, Lmax=-107685.47
15:16:45 [ultranest] [DEBUG] iteration=2440, ncalls=4737, regioncalls=175120, ndraw=40, logz=-107792.63, remainder_fraction=100.0000%, Lmin=-107781.72, Lmax=-107685.47
15:16:45 [ultranest] [DEBUG] iteration=2458, ncalls=4763, regioncalls=176160, ndraw=40, logz=-107789.51, remainder_fraction=100.0000%, Lmin=-107778.14, Lmax=-107685.23
15:16:45 [ultranest] [DEBUG] iteration=2471, ncalls=4785, regioncalls=177120, ndraw=40, logz=-107787.36, remainder_fraction=100.0000%, Lmin=-107776.23, Lmax=-107685.23
15:16:45 [ultranest] [DEBUG] iteration=2480, ncalls=4796, regioncalls=177560, ndraw=40, logz=-107786.07, remainder_fraction=100.0000%, Lmin=-107774.74, Lmax=-107685.23
15:16:45 [ultranest] [DEBUG] iteration=2499, ncalls=4821, regioncalls=178560, ndraw=40, logz=-107782.31, remainder_fraction=100.0000%, Lmin=-107771.16, Lmax=-107685.23
15:16:45 [ultranest] [DEBUG] iteration=2516, ncalls=4847, regioncalls=179600, ndraw=40, logz=-107779.12, remainder_fraction=100.0000%, Lmin=-107767.88, Lmax=-107685.23
15:16:45 [ultranest] [DEBUG] iteration=2520, ncalls=4852, regioncalls=179800, ndraw=40, logz=-107778.60, remainder_fraction=100.0000%, Lmin=-107767.59, Lmax=-107685.23
15:16:45 [ultranest] [DEBUG] iteration=2540, ncalls=4877, regioncalls=180800, ndraw=40, logz=-107776.10, remainder_fraction=100.0000%, Lmin=-107764.77, Lmax=-107685.23
15:16:45 [ultranest] [DEBUG] iteration=2549, ncalls=4890, regioncalls=181360, ndraw=40, logz=-107774.65, remainder_fraction=100.0000%, Lmin=-107763.27, Lmax=-107685.23
15:16:45 [ultranest] [DEBUG] iteration=2560, ncalls=4909, regioncalls=182120, ndraw=40, logz=-107772.91, remainder_fraction=100.0000%, Lmin=-107761.16, Lmax=-107685.23
15:16:45 [ultranest] [DEBUG] iteration=2581, ncalls=4933, regioncalls=183080, ndraw=40, logz=-107769.23, remainder_fraction=100.0000%, Lmin=-107757.50, Lmax=-107685.23
15:16:45 [ultranest] [DEBUG] iteration=2598, ncalls=4959, regioncalls=184120, ndraw=40, logz=-107765.68, remainder_fraction=100.0000%, Lmin=-107754.11, Lmax=-107685.23
15:16:45 [ultranest] [DEBUG] iteration=2600, ncalls=4962, regioncalls=184240, ndraw=40, logz=-107765.37, remainder_fraction=100.0000%, Lmin=-107753.79, Lmax=-107685.23
15:16:46 [ultranest] [DEBUG] iteration=2617, ncalls=4987, regioncalls=185240, ndraw=40, logz=-107763.31, remainder_fraction=100.0000%, Lmin=-107752.25, Lmax=-107685.23
15:16:46 [ultranest] [DEBUG] iteration=2627, ncalls=5001, regioncalls=185840, ndraw=40, logz=-107762.35, remainder_fraction=100.0000%, Lmin=-107751.32, Lmax=-107685.23
15:16:46 [ultranest] [DEBUG] iteration=2640, ncalls=5018, regioncalls=186520, ndraw=40, logz=-107759.92, remainder_fraction=100.0000%, Lmin=-107748.50, Lmax=-107685.23
15:16:46 [ultranest] [DEBUG] iteration=2658, ncalls=5043, regioncalls=187520, ndraw=40, logz=-107758.08, remainder_fraction=100.0000%, Lmin=-107746.88, Lmax=-107685.23
15:16:46 [ultranest] [DEBUG] iteration=2679, ncalls=5067, regioncalls=188480, ndraw=40, logz=-107755.29, remainder_fraction=100.0000%, Lmin=-107743.75, Lmax=-107685.23
15:16:46 [ultranest] [DEBUG] iteration=2680, ncalls=5069, regioncalls=188560, ndraw=40, logz=-107755.17, remainder_fraction=100.0000%, Lmin=-107743.62, Lmax=-107685.23
15:16:46 [ultranest] [DEBUG] iteration=2697, ncalls=5092, regioncalls=189480, ndraw=40, logz=-107753.06, remainder_fraction=100.0000%, Lmin=-107741.54, Lmax=-107685.23
15:16:46 [ultranest] [DEBUG] iteration=2712, ncalls=5115, regioncalls=190400, ndraw=40, logz=-107751.00, remainder_fraction=100.0000%, Lmin=-107739.46, Lmax=-107685.23
15:16:46 [ultranest] [DEBUG] iteration=2720, ncalls=5128, regioncalls=190920, ndraw=40, logz=-107750.10, remainder_fraction=100.0000%, Lmin=-107738.70, Lmax=-107685.23
15:16:46 [ultranest] [DEBUG] iteration=2734, ncalls=5154, regioncalls=191960, ndraw=40, logz=-107748.73, remainder_fraction=100.0000%, Lmin=-107737.42, Lmax=-107685.23
15:16:46 [ultranest] [DEBUG] iteration=2750, ncalls=5180, regioncalls=193000, ndraw=40, logz=-107747.24, remainder_fraction=100.0000%, Lmin=-107735.90, Lmax=-107685.23
15:16:46 [ultranest] [DEBUG] iteration=2760, ncalls=5197, regioncalls=193680, ndraw=40, logz=-107746.24, remainder_fraction=100.0000%, Lmin=-107734.71, Lmax=-107685.23
15:16:47 [ultranest] [DEBUG] iteration=2776, ncalls=5224, regioncalls=194760, ndraw=40, logz=-107744.99, remainder_fraction=100.0000%, Lmin=-107733.70, Lmax=-107685.23
15:16:47 [ultranest] [DEBUG] iteration=2783, ncalls=5234, regioncalls=195200, ndraw=40, logz=-107744.49, remainder_fraction=100.0000%, Lmin=-107733.14, Lmax=-107685.23
15:16:47 [ultranest] [DEBUG] iteration=2800, ncalls=5256, regioncalls=196120, ndraw=40, logz=-107743.19, remainder_fraction=100.0000%, Lmin=-107731.82, Lmax=-107685.23
15:16:47 [ultranest] [DEBUG] iteration=2816, ncalls=5282, regioncalls=197160, ndraw=40, logz=-107742.06, remainder_fraction=100.0000%, Lmin=-107730.93, Lmax=-107685.23
15:16:47 [ultranest] [DEBUG] iteration=2836, ncalls=5307, regioncalls=198160, ndraw=40, logz=-107740.73, remainder_fraction=100.0000%, Lmin=-107729.28, Lmax=-107685.23
15:16:47 [ultranest] [DEBUG] iteration=2840, ncalls=5313, regioncalls=198400, ndraw=40, logz=-107740.34, remainder_fraction=100.0000%, Lmin=-107728.66, Lmax=-107685.23
15:16:47 [ultranest] [DEBUG] iteration=2859, ncalls=5338, regioncalls=199400, ndraw=40, logz=-107738.31, remainder_fraction=100.0000%, Lmin=-107726.59, Lmax=-107685.23
15:16:47 [ultranest] [DEBUG] iteration=2875, ncalls=5362, regioncalls=200360, ndraw=40, logz=-107736.83, remainder_fraction=100.0000%, Lmin=-107724.62, Lmax=-107685.23
15:16:47 [ultranest] [DEBUG] iteration=2880, ncalls=5369, regioncalls=200640, ndraw=40, logz=-107736.00, remainder_fraction=100.0000%, Lmin=-107723.86, Lmax=-107685.23
15:16:47 [ultranest] [DEBUG] iteration=2895, ncalls=5396, regioncalls=201720, ndraw=40, logz=-107734.45, remainder_fraction=100.0000%, Lmin=-107722.64, Lmax=-107685.23
15:16:47 [ultranest] [DEBUG] iteration=2909, ncalls=5423, regioncalls=202800, ndraw=40, logz=-107733.34, remainder_fraction=100.0000%, Lmin=-107721.68, Lmax=-107685.23
15:16:47 [ultranest] [DEBUG] iteration=2920, ncalls=5445, regioncalls=203680, ndraw=40, logz=-107732.47, remainder_fraction=100.0000%, Lmin=-107720.66, Lmax=-107685.23
15:16:48 [ultranest] [DEBUG] iteration=2935, ncalls=5474, regioncalls=204840, ndraw=40, logz=-107731.33, remainder_fraction=100.0000%, Lmin=-107719.59, Lmax=-107685.23
15:16:48 [ultranest] [DEBUG] iteration=2939, ncalls=5481, regioncalls=205160, ndraw=40, logz=-107731.01, remainder_fraction=100.0000%, Lmin=-107719.11, Lmax=-107685.23
15:16:48 [ultranest] [DEBUG] iteration=2959, ncalls=5505, regioncalls=206120, ndraw=40, logz=-107729.51, remainder_fraction=100.0000%, Lmin=-107718.00, Lmax=-107685.23
15:16:48 [ultranest] [DEBUG] iteration=2960, ncalls=5507, regioncalls=206200, ndraw=40, logz=-107729.45, remainder_fraction=100.0000%, Lmin=-107717.93, Lmax=-107685.23
15:16:48 [ultranest] [DEBUG] iteration=2979, ncalls=5532, regioncalls=207200, ndraw=40, logz=-107728.39, remainder_fraction=100.0000%, Lmin=-107716.88, Lmax=-107685.23
15:16:48 [ultranest] [DEBUG] iteration=2992, ncalls=5558, regioncalls=208240, ndraw=40, logz=-107727.72, remainder_fraction=100.0000%, Lmin=-107716.31, Lmax=-107685.23
15:16:48 [ultranest] [DEBUG] iteration=3000, ncalls=5569, regioncalls=208680, ndraw=40, logz=-107727.28, remainder_fraction=100.0000%, Lmin=-107715.57, Lmax=-107685.23
15:16:48 [ultranest] [DEBUG] iteration=3014, ncalls=5597, regioncalls=209800, ndraw=40, logz=-107726.29, remainder_fraction=100.0000%, Lmin=-107714.24, Lmax=-107685.23
15:16:48 [ultranest] [DEBUG] iteration=3028, ncalls=5620, regioncalls=210720, ndraw=40, logz=-107725.37, remainder_fraction=100.0000%, Lmin=-107713.40, Lmax=-107685.23
15:16:48 [ultranest] [DEBUG] iteration=3040, ncalls=5644, regioncalls=211680, ndraw=40, logz=-107724.52, remainder_fraction=100.0000%, Lmin=-107712.43, Lmax=-107685.23
15:16:48 [ultranest] [DEBUG] iteration=3052, ncalls=5672, regioncalls=212800, ndraw=40, logz=-107723.74, remainder_fraction=100.0000%, Lmin=-107711.92, Lmax=-107685.23
15:16:48 [ultranest] [DEBUG] iteration=3068, ncalls=5697, regioncalls=213800, ndraw=40, logz=-107722.82, remainder_fraction=100.0000%, Lmin=-107711.11, Lmax=-107685.16
15:16:49 [ultranest] [DEBUG] iteration=3080, ncalls=5721, regioncalls=214760, ndraw=40, logz=-107722.23, remainder_fraction=100.0000%, Lmin=-107710.47, Lmax=-107685.16
15:16:49 [ultranest] [DEBUG] iteration=3095, ncalls=5747, regioncalls=215800, ndraw=40, logz=-107721.52, remainder_fraction=100.0000%, Lmin=-107709.83, Lmax=-107685.16
15:16:49 [ultranest] [DEBUG] iteration=3107, ncalls=5777, regioncalls=217000, ndraw=40, logz=-107721.01, remainder_fraction=100.0000%, Lmin=-107709.35, Lmax=-107685.16
15:16:49 [ultranest] [DEBUG] iteration=3117, ncalls=5802, regioncalls=218000, ndraw=40, logz=-107720.59, remainder_fraction=100.0000%, Lmin=-107709.05, Lmax=-107685.16
15:16:49 [ultranest] [DEBUG] iteration=3120, ncalls=5810, regioncalls=218320, ndraw=40, logz=-107720.48, remainder_fraction=100.0000%, Lmin=-107708.97, Lmax=-107685.16
15:16:49 [ultranest] [DEBUG] iteration=3131, ncalls=5835, regioncalls=219320, ndraw=40, logz=-107720.08, remainder_fraction=100.0000%, Lmin=-107708.59, Lmax=-107685.16
15:16:49 [ultranest] [DEBUG] iteration=3142, ncalls=5862, regioncalls=220400, ndraw=40, logz=-107719.71, remainder_fraction=100.0000%, Lmin=-107708.20, Lmax=-107685.16
15:16:49 [ultranest] [DEBUG] iteration=3152, ncalls=5887, regioncalls=221400, ndraw=40, logz=-107719.38, remainder_fraction=100.0000%, Lmin=-107707.79, Lmax=-107685.16
15:16:49 [ultranest] [DEBUG] iteration=3160, ncalls=5912, regioncalls=222400, ndraw=40, logz=-107719.10, remainder_fraction=100.0000%, Lmin=-107707.43, Lmax=-107685.16
15:16:49 [ultranest] [DEBUG] iteration=3173, ncalls=5932, regioncalls=223240, ndraw=40, logz=-107718.63, remainder_fraction=100.0000%, Lmin=-107707.03, Lmax=-107685.16
15:16:50 [ultranest] [DEBUG] iteration=3187, ncalls=5957, regioncalls=224240, ndraw=40, logz=-107718.17, remainder_fraction=100.0000%, Lmin=-107706.36, Lmax=-107685.16
15:16:50 [ultranest] [DEBUG] iteration=3200, ncalls=5978, regioncalls=225080, ndraw=40, logz=-107717.70, remainder_fraction=100.0000%, Lmin=-107705.98, Lmax=-107685.16
15:16:50 [ultranest] [DEBUG] iteration=3219, ncalls=6004, regioncalls=226120, ndraw=40, logz=-107716.98, remainder_fraction=100.0000%, Lmin=-107704.95, Lmax=-107685.16
15:16:50 [ultranest] [DEBUG] iteration=3235, ncalls=6029, regioncalls=227120, ndraw=40, logz=-107716.31, remainder_fraction=100.0000%, Lmin=-107704.35, Lmax=-107685.16
15:16:50 [ultranest] [DEBUG] iteration=3240, ncalls=6035, regioncalls=227360, ndraw=40, logz=-107716.11, remainder_fraction=100.0000%, Lmin=-107704.15, Lmax=-107685.16
15:16:50 [ultranest] [DEBUG] iteration=3251, ncalls=6049, regioncalls=228000, ndraw=40, logz=-107715.69, remainder_fraction=100.0000%, Lmin=-107703.72, Lmax=-107685.16
15:16:50 [ultranest] [DEBUG] iteration=3269, ncalls=6072, regioncalls=228920, ndraw=40, logz=-107715.05, remainder_fraction=100.0000%, Lmin=-107703.21, Lmax=-107685.11
15:16:50 [ultranest] [DEBUG] iteration=3280, ncalls=6087, regioncalls=229520, ndraw=40, logz=-107714.69, remainder_fraction=100.0000%, Lmin=-107702.74, Lmax=-107685.11
15:16:50 [ultranest] [DEBUG] iteration=3296, ncalls=6111, regioncalls=230480, ndraw=40, logz=-107714.15, remainder_fraction=100.0000%, Lmin=-107702.24, Lmax=-107685.11
15:16:50 [ultranest] [DEBUG] iteration=3311, ncalls=6139, regioncalls=231600, ndraw=40, logz=-107713.65, remainder_fraction=100.0000%, Lmin=-107701.62, Lmax=-107685.11
15:16:50 [ultranest] [DEBUG] iteration=3320, ncalls=6155, regioncalls=232240, ndraw=40, logz=-107713.34, remainder_fraction=100.0000%, Lmin=-107701.26, Lmax=-107685.07
15:16:50 [ultranest] [DEBUG] iteration=3334, ncalls=6178, regioncalls=233160, ndraw=40, logz=-107712.89, remainder_fraction=100.0000%, Lmin=-107700.93, Lmax=-107685.07
15:16:51 [ultranest] [DEBUG] iteration=3343, ncalls=6205, regioncalls=234240, ndraw=40, logz=-107712.63, remainder_fraction=100.0000%, Lmin=-107700.76, Lmax=-107685.07
15:16:51 [ultranest] [DEBUG] iteration=3358, ncalls=6231, regioncalls=235280, ndraw=40, logz=-107712.24, remainder_fraction=99.9999%, Lmin=-107700.38, Lmax=-107685.07
15:16:51 [ultranest] [DEBUG] iteration=3360, ncalls=6237, regioncalls=235520, ndraw=40, logz=-107712.19, remainder_fraction=99.9999%, Lmin=-107700.33, Lmax=-107685.07
15:16:51 [ultranest] [DEBUG] iteration=3372, ncalls=6262, regioncalls=236520, ndraw=40, logz=-107711.90, remainder_fraction=99.9999%, Lmin=-107700.00, Lmax=-107685.07
15:16:51 [ultranest] [DEBUG] iteration=3385, ncalls=6291, regioncalls=237680, ndraw=40, logz=-107711.56, remainder_fraction=99.9999%, Lmin=-107699.61, Lmax=-107685.07
15:16:51 [ultranest] [DEBUG] iteration=3398, ncalls=6315, regioncalls=238640, ndraw=40, logz=-107711.22, remainder_fraction=99.9998%, Lmin=-107699.21, Lmax=-107685.07
15:16:51 [ultranest] [DEBUG] iteration=3400, ncalls=6319, regioncalls=238800, ndraw=40, logz=-107711.17, remainder_fraction=99.9998%, Lmin=-107699.09, Lmax=-107685.07
15:16:51 [ultranest] [DEBUG] iteration=3407, ncalls=6340, regioncalls=239680, ndraw=40, logz=-107710.98, remainder_fraction=99.9998%, Lmin=-107698.95, Lmax=-107685.07
15:16:51 [ultranest] [DEBUG] iteration=3424, ncalls=6364, regioncalls=240640, ndraw=40, logz=-107710.58, remainder_fraction=99.9996%, Lmin=-107698.72, Lmax=-107685.07
15:16:51 [ultranest] [DEBUG] iteration=3440, ncalls=6386, regioncalls=241600, ndraw=40, logz=-107710.24, remainder_fraction=99.9995%, Lmin=-107698.36, Lmax=-107685.07
15:16:51 [ultranest] [DEBUG] iteration=3456, ncalls=6410, regioncalls=242680, ndraw=40, logz=-107709.90, remainder_fraction=99.9992%, Lmin=-107697.95, Lmax=-107685.07
15:16:52 [ultranest] [DEBUG] iteration=3469, ncalls=6435, regioncalls=243680, ndraw=40, logz=-107709.60, remainder_fraction=99.9989%, Lmin=-107697.52, Lmax=-107685.07
15:16:52 [ultranest] [DEBUG] iteration=3480, ncalls=6450, regioncalls=244280, ndraw=40, logz=-107709.34, remainder_fraction=99.9987%, Lmin=-107697.23, Lmax=-107685.07
15:16:52 [ultranest] [DEBUG] iteration=3485, ncalls=6457, regioncalls=244600, ndraw=40, logz=-107709.22, remainder_fraction=99.9985%, Lmin=-107697.04, Lmax=-107685.07
15:16:52 [ultranest] [DEBUG] iteration=3502, ncalls=6483, regioncalls=245640, ndraw=40, logz=-107708.82, remainder_fraction=99.9977%, Lmin=-107696.63, Lmax=-107685.07
15:16:52 [ultranest] [DEBUG] iteration=3517, ncalls=6508, regioncalls=246640, ndraw=40, logz=-107708.49, remainder_fraction=99.9968%, Lmin=-107696.30, Lmax=-107685.07
15:16:52 [ultranest] [DEBUG] iteration=3520, ncalls=6512, regioncalls=246800, ndraw=40, logz=-107708.42, remainder_fraction=99.9965%, Lmin=-107696.21, Lmax=-107685.07
15:16:52 [ultranest] [DEBUG] iteration=3537, ncalls=6537, regioncalls=247800, ndraw=40, logz=-107708.04, remainder_fraction=99.9949%, Lmin=-107695.84, Lmax=-107685.07
15:16:52 [ultranest] [DEBUG] iteration=3553, ncalls=6561, regioncalls=248760, ndraw=40, logz=-107707.72, remainder_fraction=99.9929%, Lmin=-107695.59, Lmax=-107685.07
15:16:52 [ultranest] [DEBUG] iteration=3560, ncalls=6571, regioncalls=249160, ndraw=40, logz=-107707.59, remainder_fraction=99.9918%, Lmin=-107695.41, Lmax=-107685.07
15:16:52 [ultranest] [DEBUG] iteration=3570, ncalls=6595, regioncalls=250120, ndraw=40, logz=-107707.40, remainder_fraction=99.9898%, Lmin=-107695.28, Lmax=-107685.07
15:16:52 [ultranest] [DEBUG] iteration=3579, ncalls=6626, regioncalls=251360, ndraw=40, logz=-107707.24, remainder_fraction=99.9880%, Lmin=-107695.13, Lmax=-107685.07
15:16:52 [ultranest] [DEBUG] iteration=3596, ncalls=6655, regioncalls=252520, ndraw=40, logz=-107706.95, remainder_fraction=99.9846%, Lmin=-107694.83, Lmax=-107684.90
15:16:53 [ultranest] [DEBUG] iteration=3600, ncalls=6668, regioncalls=253040, ndraw=40, logz=-107706.88, remainder_fraction=99.9835%, Lmin=-107694.76, Lmax=-107684.90
15:16:53 [ultranest] [DEBUG] iteration=3616, ncalls=6693, regioncalls=254040, ndraw=40, logz=-107706.63, remainder_fraction=99.9779%, Lmin=-107694.56, Lmax=-107684.90
15:16:53 [ultranest] [DEBUG] iteration=3628, ncalls=6718, regioncalls=255040, ndraw=40, logz=-107706.44, remainder_fraction=99.9733%, Lmin=-107694.33, Lmax=-107684.90
15:16:53 [ultranest] [DEBUG] iteration=3639, ncalls=6743, regioncalls=256040, ndraw=40, logz=-107706.27, remainder_fraction=99.9681%, Lmin=-107694.07, Lmax=-107684.90
15:16:53 [ultranest] [DEBUG] iteration=3640, ncalls=6744, regioncalls=256080, ndraw=40, logz=-107706.26, remainder_fraction=99.9675%, Lmin=-107694.05, Lmax=-107684.90
15:16:53 [ultranest] [DEBUG] iteration=3641, ncalls=6745, regioncalls=256200, ndraw=40, logz=-107706.24, remainder_fraction=99.9669%, Lmin=-107694.02, Lmax=-107684.90
15:16:53 [ultranest] [DEBUG] iteration=3658, ncalls=6769, regioncalls=257160, ndraw=40, logz=-107705.97, remainder_fraction=99.9568%, Lmin=-107693.67, Lmax=-107684.90
15:16:53 [ultranest] [DEBUG] iteration=3674, ncalls=6794, regioncalls=258160, ndraw=40, logz=-107705.71, remainder_fraction=99.9445%, Lmin=-107693.40, Lmax=-107684.90
15:16:53 [ultranest] [DEBUG] iteration=3680, ncalls=6803, regioncalls=258520, ndraw=40, logz=-107705.62, remainder_fraction=99.9392%, Lmin=-107693.30, Lmax=-107684.90
15:16:53 [ultranest] [DEBUG] iteration=3693, ncalls=6828, regioncalls=259520, ndraw=40, logz=-107705.42, remainder_fraction=99.9249%, Lmin=-107693.19, Lmax=-107684.90
15:16:53 [ultranest] [DEBUG] iteration=3705, ncalls=6853, regioncalls=260520, ndraw=40, logz=-107705.26, remainder_fraction=99.9106%, Lmin=-107693.07, Lmax=-107684.90
15:16:53 [ultranest] [DEBUG] iteration=3718, ncalls=6878, regioncalls=261520, ndraw=40, logz=-107705.08, remainder_fraction=99.8929%, Lmin=-107692.83, Lmax=-107684.90
15:16:53 [ultranest] [DEBUG] iteration=3719, ncalls=6879, regioncalls=261600, ndraw=40, logz=-107705.07, remainder_fraction=99.8911%, Lmin=-107692.82, Lmax=-107684.90
15:16:53 [ultranest] [DEBUG] iteration=3720, ncalls=6881, regioncalls=261680, ndraw=40, logz=-107705.06, remainder_fraction=99.8894%, Lmin=-107692.79, Lmax=-107684.90
15:16:54 [ultranest] [DEBUG] iteration=3733, ncalls=6909, regioncalls=262800, ndraw=40, logz=-107704.89, remainder_fraction=99.8688%, Lmin=-107692.67, Lmax=-107684.90
15:16:54 [ultranest] [DEBUG] iteration=3747, ncalls=6936, regioncalls=263880, ndraw=40, logz=-107704.71, remainder_fraction=99.8451%, Lmin=-107692.37, Lmax=-107684.90
15:16:54 [ultranest] [DEBUG] iteration=3760, ncalls=6955, regioncalls=264640, ndraw=40, logz=-107704.53, remainder_fraction=99.8189%, Lmin=-107692.17, Lmax=-107684.90
15:16:54 [ultranest] [DEBUG] iteration=3776, ncalls=6980, regioncalls=265640, ndraw=40, logz=-107704.32, remainder_fraction=99.7789%, Lmin=-107691.93, Lmax=-107684.90
15:16:54 [ultranest] [DEBUG] iteration=3789, ncalls=7006, regioncalls=266680, ndraw=40, logz=-107704.15, remainder_fraction=99.7372%, Lmin=-107691.79, Lmax=-107684.90
15:16:54 [ultranest] [DEBUG] iteration=3800, ncalls=7020, regioncalls=267240, ndraw=40, logz=-107704.02, remainder_fraction=99.6918%, Lmin=-107691.68, Lmax=-107684.90
15:16:54 [ultranest] [DEBUG] iteration=3812, ncalls=7045, regioncalls=268240, ndraw=40, logz=-107703.88, remainder_fraction=99.6362%, Lmin=-107691.53, Lmax=-107684.90
15:16:54 [ultranest] [DEBUG] iteration=3825, ncalls=7070, regioncalls=269240, ndraw=40, logz=-107703.74, remainder_fraction=99.5680%, Lmin=-107691.44, Lmax=-107684.90
15:16:54 [ultranest] [DEBUG] iteration=3840, ncalls=7097, regioncalls=270320, ndraw=40, logz=-107703.59, remainder_fraction=99.4862%, Lmin=-107691.29, Lmax=-107684.90
15:16:54 [ultranest] [DEBUG] iteration=3856, ncalls=7122, regioncalls=271320, ndraw=40, logz=-107703.43, remainder_fraction=99.3931%, Lmin=-107691.08, Lmax=-107684.90
15:16:55 [ultranest] [DEBUG] iteration=3867, ncalls=7148, regioncalls=272360, ndraw=40, logz=-107703.32, remainder_fraction=99.3350%, Lmin=-107690.97, Lmax=-107684.90
15:16:55 [ultranest] [DEBUG] iteration=3875, ncalls=7160, regioncalls=272920, ndraw=40, logz=-107703.24, remainder_fraction=99.2731%, Lmin=-107690.90, Lmax=-107684.90
15:16:55 [ultranest] [DEBUG] iteration=3880, ncalls=7168, regioncalls=273240, ndraw=40, logz=-107703.19, remainder_fraction=99.2516%, Lmin=-107690.88, Lmax=-107684.90
15:16:55 [ultranest] [DEBUG] iteration=3894, ncalls=7193, regioncalls=274240, ndraw=40, logz=-107703.06, remainder_fraction=99.1588%, Lmin=-107690.70, Lmax=-107684.90
15:16:55 [ultranest] [DEBUG] iteration=3909, ncalls=7218, regioncalls=275240, ndraw=40, logz=-107702.93, remainder_fraction=99.0111%, Lmin=-107690.57, Lmax=-107684.90
15:16:55 [ultranest] [DEBUG] iteration=3920, ncalls=7235, regioncalls=275920, ndraw=40, logz=-107702.83, remainder_fraction=98.8947%, Lmin=-107690.36, Lmax=-107684.90
15:16:55 [ultranest] [DEBUG] iteration=3936, ncalls=7261, regioncalls=276960, ndraw=40, logz=-107702.68, remainder_fraction=98.6926%, Lmin=-107690.15, Lmax=-107684.90
15:16:55 [ultranest] [DEBUG] iteration=3952, ncalls=7287, regioncalls=278000, ndraw=40, logz=-107702.54, remainder_fraction=98.4585%, Lmin=-107690.05, Lmax=-107684.90
15:16:55 [ultranest] [DEBUG] iteration=3960, ncalls=7298, regioncalls=278440, ndraw=40, logz=-107702.47, remainder_fraction=98.3289%, Lmin=-107689.97, Lmax=-107684.90
15:16:55 [ultranest] [DEBUG] iteration=3976, ncalls=7323, regioncalls=279440, ndraw=40, logz=-107702.33, remainder_fraction=98.1067%, Lmin=-107689.79, Lmax=-107684.90
15:16:55 [ultranest] [DEBUG] iteration=3989, ncalls=7348, regioncalls=280440, ndraw=40, logz=-107702.22, remainder_fraction=97.8363%, Lmin=-107689.71, Lmax=-107684.90
15:16:55 [ultranest] [DEBUG] iteration=4000, ncalls=7366, regioncalls=281160, ndraw=40, logz=-107702.14, remainder_fraction=97.6355%, Lmin=-107689.55, Lmax=-107684.90
15:16:56 [ultranest] [DEBUG] iteration=4012, ncalls=7393, regioncalls=282240, ndraw=40, logz=-107702.04, remainder_fraction=97.3683%, Lmin=-107689.47, Lmax=-107684.90
15:16:56 [ultranest] [DEBUG] iteration=4025, ncalls=7420, regioncalls=283320, ndraw=40, logz=-107701.94, remainder_fraction=97.0961%, Lmin=-107689.40, Lmax=-107684.90
15:16:56 [ultranest] [DEBUG] iteration=4031, ncalls=7432, regioncalls=283840, ndraw=40, logz=-107701.89, remainder_fraction=96.9976%, Lmin=-107689.33, Lmax=-107684.90
15:16:56 [ultranest] [DEBUG] iteration=4040, ncalls=7446, regioncalls=284480, ndraw=40, logz=-107701.83, remainder_fraction=96.8211%, Lmin=-107689.27, Lmax=-107684.90
15:16:56 [ultranest] [DEBUG] iteration=4056, ncalls=7470, regioncalls=285440, ndraw=40, logz=-107701.72, remainder_fraction=96.4221%, Lmin=-107689.15, Lmax=-107684.90
15:16:56 [ultranest] [DEBUG] iteration=4069, ncalls=7495, regioncalls=286440, ndraw=40, logz=-107701.63, remainder_fraction=96.0781%, Lmin=-107689.05, Lmax=-107684.90
15:16:56 [ultranest] [DEBUG] iteration=4080, ncalls=7513, regioncalls=287160, ndraw=40, logz=-107701.55, remainder_fraction=95.6900%, Lmin=-107688.96, Lmax=-107684.90
15:16:56 [ultranest] [DEBUG] iteration=4096, ncalls=7540, regioncalls=288240, ndraw=40, logz=-107701.45, remainder_fraction=95.1659%, Lmin=-107688.87, Lmax=-107684.90
15:16:56 [ultranest] [DEBUG] iteration=4109, ncalls=7558, regioncalls=289000, ndraw=40, logz=-107701.37, remainder_fraction=94.7911%, Lmin=-107688.81, Lmax=-107684.90
15:16:56 [ultranest] [DEBUG] iteration=4120, ncalls=7570, regioncalls=289480, ndraw=40, logz=-107701.30, remainder_fraction=94.3893%, Lmin=-107688.72, Lmax=-107684.90
15:16:56 [ultranest] [DEBUG] iteration=4135, ncalls=7595, regioncalls=290520, ndraw=40, logz=-107701.22, remainder_fraction=94.0279%, Lmin=-107688.64, Lmax=-107684.90
15:16:57 [ultranest] [DEBUG] iteration=4151, ncalls=7622, regioncalls=291600, ndraw=40, logz=-107701.13, remainder_fraction=93.4820%, Lmin=-107688.54, Lmax=-107684.90
15:16:57 [ultranest] [DEBUG] iteration=4160, ncalls=7637, regioncalls=292200, ndraw=40, logz=-107701.08, remainder_fraction=93.1082%, Lmin=-107688.48, Lmax=-107684.90
15:16:57 [ultranest] [DEBUG] iteration=4174, ncalls=7664, regioncalls=293280, ndraw=40, logz=-107701.00, remainder_fraction=92.5371%, Lmin=-107688.36, Lmax=-107684.90
15:16:57 [ultranest] [DEBUG] iteration=4187, ncalls=7680, regioncalls=293960, ndraw=40, logz=-107700.94, remainder_fraction=91.9608%, Lmin=-107688.30, Lmax=-107684.90
15:16:57 [ultranest] [DEBUG] iteration=4200, ncalls=7695, regioncalls=294560, ndraw=40, logz=-107700.87, remainder_fraction=91.3853%, Lmin=-107688.20, Lmax=-107684.90
15:16:57 [ultranest] [DEBUG] iteration=4217, ncalls=7721, regioncalls=295600, ndraw=40, logz=-107700.78, remainder_fraction=90.5674%, Lmin=-107688.07, Lmax=-107684.90
15:16:57 [ultranest] [DEBUG] iteration=4231, ncalls=7748, regioncalls=296680, ndraw=40, logz=-107700.71, remainder_fraction=89.7463%, Lmin=-107688.03, Lmax=-107684.90
15:16:57 [ultranest] [DEBUG] iteration=4240, ncalls=7758, regioncalls=297080, ndraw=40, logz=-107700.67, remainder_fraction=89.2976%, Lmin=-107687.97, Lmax=-107684.90
15:16:57 [ultranest] [DEBUG] iteration=4258, ncalls=7782, regioncalls=298040, ndraw=40, logz=-107700.59, remainder_fraction=88.4305%, Lmin=-107687.87, Lmax=-107684.90
15:16:57 [ultranest] [DEBUG] iteration=4265, ncalls=7792, regioncalls=298520, ndraw=40, logz=-107700.56, remainder_fraction=88.0111%, Lmin=-107687.84, Lmax=-107684.90
15:16:57 [ultranest] [DEBUG] iteration=4280, ncalls=7815, regioncalls=299440, ndraw=40, logz=-107700.49, remainder_fraction=87.2730%, Lmin=-107687.76, Lmax=-107684.90
15:16:57 [ultranest] [DEBUG] iteration=4297, ncalls=7839, regioncalls=300480, ndraw=40, logz=-107700.42, remainder_fraction=86.2553%, Lmin=-107687.69, Lmax=-107684.90
15:16:58 [ultranest] [DEBUG] iteration=4313, ncalls=7864, regioncalls=301480, ndraw=40, logz=-107700.36, remainder_fraction=85.3189%, Lmin=-107687.61, Lmax=-107684.90
15:16:58 [ultranest] [DEBUG] iteration=4320, ncalls=7879, regioncalls=302160, ndraw=40, logz=-107700.33, remainder_fraction=84.8562%, Lmin=-107687.57, Lmax=-107684.90
15:16:58 [ultranest] [DEBUG] iteration=4336, ncalls=7905, regioncalls=303280, ndraw=40, logz=-107700.27, remainder_fraction=83.8775%, Lmin=-107687.50, Lmax=-107684.90
15:16:58 [ultranest] [DEBUG] iteration=4343, ncalls=7914, regioncalls=303880, ndraw=40, logz=-107700.24, remainder_fraction=83.4644%, Lmin=-107687.47, Lmax=-107684.90
15:16:58 [ultranest] [DEBUG] iteration=4360, ncalls=7936, regioncalls=304840, ndraw=40, logz=-107700.17, remainder_fraction=82.6422%, Lmin=-107687.34, Lmax=-107684.90
15:16:58 [ultranest] [DEBUG] iteration=4378, ncalls=7962, regioncalls=305880, ndraw=40, logz=-107700.11, remainder_fraction=81.3991%, Lmin=-107687.24, Lmax=-107684.90
15:16:58 [ultranest] [DEBUG] iteration=4392, ncalls=7986, regioncalls=306840, ndraw=40, logz=-107700.05, remainder_fraction=80.4681%, Lmin=-107687.16, Lmax=-107684.90
15:16:58 [ultranest] [DEBUG] iteration=4400, ncalls=7997, regioncalls=307320, ndraw=40, logz=-107700.03, remainder_fraction=79.8741%, Lmin=-107687.11, Lmax=-107684.90
15:16:58 [ultranest] [DEBUG] iteration=4416, ncalls=8021, regioncalls=308280, ndraw=40, logz=-107699.97, remainder_fraction=78.7904%, Lmin=-107687.04, Lmax=-107684.90
15:16:58 [ultranest] [DEBUG] iteration=4431, ncalls=8045, regioncalls=309240, ndraw=40, logz=-107699.92, remainder_fraction=77.5671%, Lmin=-107687.00, Lmax=-107684.90
15:16:58 [ultranest] [DEBUG] iteration=4440, ncalls=8065, regioncalls=310040, ndraw=40, logz=-107699.89, remainder_fraction=76.8912%, Lmin=-107686.96, Lmax=-107684.90
15:16:59 [ultranest] [DEBUG] iteration=4452, ncalls=8091, regioncalls=311080, ndraw=40, logz=-107699.85, remainder_fraction=75.8751%, Lmin=-107686.91, Lmax=-107684.90
15:16:59 [ultranest] [DEBUG] iteration=4466, ncalls=8118, regioncalls=312160, ndraw=40, logz=-107699.80, remainder_fraction=74.8857%, Lmin=-107686.84, Lmax=-107684.89
15:16:59 [ultranest] [DEBUG] iteration=4479, ncalls=8144, regioncalls=313200, ndraw=40, logz=-107699.76, remainder_fraction=73.8826%, Lmin=-107686.80, Lmax=-107684.89
15:16:59 [ultranest] [DEBUG] iteration=4480, ncalls=8147, regioncalls=313320, ndraw=40, logz=-107699.76, remainder_fraction=73.7701%, Lmin=-107686.80, Lmax=-107684.89
15:16:59 [ultranest] [DEBUG] iteration=4492, ncalls=8172, regioncalls=314320, ndraw=40, logz=-107699.72, remainder_fraction=72.5433%, Lmin=-107686.76, Lmax=-107684.89
15:16:59 [ultranest] [DEBUG] iteration=4499, ncalls=8184, regioncalls=314840, ndraw=40, logz=-107699.70, remainder_fraction=71.9640%, Lmin=-107686.73, Lmax=-107684.89
15:16:59 [ultranest] [DEBUG] iteration=4517, ncalls=8208, regioncalls=315800, ndraw=40, logz=-107699.65, remainder_fraction=70.3827%, Lmin=-107686.66, Lmax=-107684.89
15:16:59 [ultranest] [DEBUG] iteration=4520, ncalls=8213, regioncalls=316000, ndraw=40, logz=-107699.64, remainder_fraction=70.0679%, Lmin=-107686.64, Lmax=-107684.89
15:16:59 [ultranest] [DEBUG] iteration=4533, ncalls=8238, regioncalls=317000, ndraw=40, logz=-107699.60, remainder_fraction=69.0254%, Lmin=-107686.60, Lmax=-107684.89
15:16:59 [ultranest] [DEBUG] iteration=4550, ncalls=8263, regioncalls=318000, ndraw=40, logz=-107699.56, remainder_fraction=67.3622%, Lmin=-107686.55, Lmax=-107684.89
15:16:59 [ultranest] [DEBUG] iteration=4560, ncalls=8278, regioncalls=318600, ndraw=40, logz=-107699.53, remainder_fraction=66.5422%, Lmin=-107686.50, Lmax=-107684.89
15:16:59 [ultranest] [DEBUG] iteration=4577, ncalls=8300, regioncalls=319600, ndraw=40, logz=-107699.49, remainder_fraction=65.0293%, Lmin=-107686.45, Lmax=-107684.89
15:16:59 [ultranest] [DEBUG] iteration=4593, ncalls=8324, regioncalls=320640, ndraw=40, logz=-107699.45, remainder_fraction=63.6756%, Lmin=-107686.40, Lmax=-107684.89
15:17:00 [ultranest] [DEBUG] iteration=4600, ncalls=8333, regioncalls=321040, ndraw=40, logz=-107699.43, remainder_fraction=63.0829%, Lmin=-107686.37, Lmax=-107684.89
15:17:00 [ultranest] [DEBUG] iteration=4617, ncalls=8358, regioncalls=322080, ndraw=40, logz=-107699.39, remainder_fraction=61.8155%, Lmin=-107686.32, Lmax=-107684.89
15:17:00 [ultranest] [DEBUG] iteration=4633, ncalls=8382, regioncalls=323160, ndraw=40, logz=-107699.36, remainder_fraction=60.2205%, Lmin=-107686.25, Lmax=-107684.89
15:17:00 [ultranest] [DEBUG] iteration=4640, ncalls=8392, regioncalls=323560, ndraw=40, logz=-107699.34, remainder_fraction=59.6081%, Lmin=-107686.23, Lmax=-107684.88
15:17:00 [ultranest] [DEBUG] iteration=4652, ncalls=8419, regioncalls=324640, ndraw=40, logz=-107699.31, remainder_fraction=58.4344%, Lmin=-107686.17, Lmax=-107684.88
15:17:00 [ultranest] [DEBUG] iteration=4655, ncalls=8424, regioncalls=324880, ndraw=40, logz=-107699.31, remainder_fraction=58.0819%, Lmin=-107686.16, Lmax=-107684.88
15:17:00 [ultranest] [DEBUG] iteration=4670, ncalls=8448, regioncalls=325840, ndraw=40, logz=-107699.27, remainder_fraction=56.7230%, Lmin=-107686.12, Lmax=-107684.88
15:17:00 [ultranest] [DEBUG] iteration=4680, ncalls=8461, regioncalls=326400, ndraw=40, logz=-107699.25, remainder_fraction=55.9115%, Lmin=-107686.10, Lmax=-107684.88
15:17:00 [ultranest] [DEBUG] iteration=4696, ncalls=8486, regioncalls=327400, ndraw=40, logz=-107699.22, remainder_fraction=54.4231%, Lmin=-107686.04, Lmax=-107684.88
15:17:00 [ultranest] [DEBUG] iteration=4708, ncalls=8511, regioncalls=328400, ndraw=40, logz=-107699.20, remainder_fraction=53.3006%, Lmin=-107686.02, Lmax=-107684.88
15:17:00 [ultranest] [DEBUG] iteration=4720, ncalls=8529, regioncalls=329120, ndraw=40, logz=-107699.17, remainder_fraction=52.2827%, Lmin=-107685.99, Lmax=-107684.88
15:17:00 [ultranest] [DEBUG] iteration=4733, ncalls=8553, regioncalls=330120, ndraw=40, logz=-107699.15, remainder_fraction=51.0659%, Lmin=-107685.96, Lmax=-107684.88
15:17:01 [ultranest] [DEBUG] iteration=4752, ncalls=8576, regioncalls=331040, ndraw=40, logz=-107699.11, remainder_fraction=49.4916%, Lmin=-107685.92, Lmax=-107684.88
15:17:01 [ultranest] [DEBUG] iteration=4760, ncalls=8587, regioncalls=331480, ndraw=40, logz=-107699.10, remainder_fraction=48.7503%, Lmin=-107685.91, Lmax=-107684.88
15:17:01 [ultranest] [DEBUG] iteration=4775, ncalls=8612, regioncalls=332480, ndraw=40, logz=-107699.07, remainder_fraction=47.4925%, Lmin=-107685.88, Lmax=-107684.86
15:17:01 [ultranest] [DEBUG] iteration=4794, ncalls=8636, regioncalls=333440, ndraw=40, logz=-107699.04, remainder_fraction=45.8529%, Lmin=-107685.84, Lmax=-107684.86
15:17:01 [ultranest] [DEBUG] iteration=4800, ncalls=8646, regioncalls=333840, ndraw=40, logz=-107699.03, remainder_fraction=45.3250%, Lmin=-107685.83, Lmax=-107684.86
15:17:01 [ultranest] [DEBUG] iteration=4811, ncalls=8659, regioncalls=334440, ndraw=40, logz=-107699.02, remainder_fraction=44.3974%, Lmin=-107685.80, Lmax=-107684.86
15:17:01 [ultranest] [DEBUG] iteration=4829, ncalls=8683, regioncalls=335400, ndraw=40, logz=-107698.99, remainder_fraction=42.8504%, Lmin=-107685.77, Lmax=-107684.86
15:17:01 [ultranest] [DEBUG] iteration=4840, ncalls=8700, regioncalls=336080, ndraw=40, logz=-107698.98, remainder_fraction=41.9531%, Lmin=-107685.75, Lmax=-107684.86
15:17:01 [ultranest] [DEBUG] iteration=4856, ncalls=8724, regioncalls=337040, ndraw=40, logz=-107698.95, remainder_fraction=40.6126%, Lmin=-107685.72, Lmax=-107684.86
15:17:01 [ultranest] [DEBUG] iteration=4871, ncalls=8749, regioncalls=338040, ndraw=40, logz=-107698.93, remainder_fraction=39.4352%, Lmin=-107685.69, Lmax=-107684.86
15:17:01 [ultranest] [DEBUG] iteration=4880, ncalls=8764, regioncalls=338640, ndraw=40, logz=-107698.92, remainder_fraction=38.6988%, Lmin=-107685.69, Lmax=-107684.86
15:17:01 [ultranest] [DEBUG] iteration=4892, ncalls=8788, regioncalls=339600, ndraw=40, logz=-107698.91, remainder_fraction=37.7896%, Lmin=-107685.67, Lmax=-107684.86
15:17:02 [ultranest] [DEBUG] iteration=4906, ncalls=8814, regioncalls=340640, ndraw=40, logz=-107698.89, remainder_fraction=36.6678%, Lmin=-107685.64, Lmax=-107684.86
15:17:02 [ultranest] [DEBUG] iteration=4920, ncalls=8838, regioncalls=341600, ndraw=40, logz=-107698.87, remainder_fraction=35.6088%, Lmin=-107685.61, Lmax=-107684.86
15:17:02 [ultranest] [DEBUG] iteration=4931, ncalls=8867, regioncalls=342760, ndraw=40, logz=-107698.86, remainder_fraction=34.7472%, Lmin=-107685.59, Lmax=-107684.86
15:17:02 [ultranest] [DEBUG] iteration=4946, ncalls=8893, regioncalls=343800, ndraw=40, logz=-107698.84, remainder_fraction=33.7159%, Lmin=-107685.57, Lmax=-107684.86
15:17:02 [ultranest] [DEBUG] iteration=4958, ncalls=8922, regioncalls=344960, ndraw=40, logz=-107698.83, remainder_fraction=32.8743%, Lmin=-107685.56, Lmax=-107684.86
15:17:02 [ultranest] [DEBUG] iteration=4960, ncalls=8927, regioncalls=345160, ndraw=40, logz=-107698.83, remainder_fraction=32.7277%, Lmin=-107685.56, Lmax=-107684.86
15:17:02 [ultranest] [DEBUG] iteration=4967, ncalls=8939, regioncalls=345720, ndraw=40, logz=-107698.82, remainder_fraction=32.2616%, Lmin=-107685.55, Lmax=-107684.86
15:17:02 [ultranest] [DEBUG] iteration=4980, ncalls=8964, regioncalls=346720, ndraw=40, logz=-107698.81, remainder_fraction=31.3646%, Lmin=-107685.53, Lmax=-107684.86
15:17:02 [ultranest] [DEBUG] iteration=4993, ncalls=8990, regioncalls=347760, ndraw=40, logz=-107698.80, remainder_fraction=30.4846%, Lmin=-107685.52, Lmax=-107684.86
15:17:02 [ultranest] [DEBUG] iteration=5000, ncalls=8999, regioncalls=348120, ndraw=40, logz=-107698.79, remainder_fraction=30.0383%, Lmin=-107685.51, Lmax=-107684.86
15:17:02 [ultranest] [DEBUG] iteration=5016, ncalls=9023, regioncalls=349080, ndraw=40, logz=-107698.77, remainder_fraction=28.9592%, Lmin=-107685.49, Lmax=-107684.86
15:17:03 [ultranest] [DEBUG] iteration=5029, ncalls=9048, regioncalls=350080, ndraw=40, logz=-107698.76, remainder_fraction=28.1120%, Lmin=-107685.48, Lmax=-107684.86
15:17:03 [ultranest] [DEBUG] iteration=5040, ncalls=9079, regioncalls=351320, ndraw=40, logz=-107698.75, remainder_fraction=27.4468%, Lmin=-107685.48, Lmax=-107684.86
15:17:03 [ultranest] [DEBUG] iteration=5054, ncalls=9102, regioncalls=352240, ndraw=40, logz=-107698.74, remainder_fraction=26.5598%, Lmin=-107685.47, Lmax=-107684.86
15:17:03 [ultranest] [DEBUG] iteration=5071, ncalls=9126, regioncalls=353200, ndraw=40, logz=-107698.73, remainder_fraction=25.4976%, Lmin=-107685.43, Lmax=-107684.86
15:17:03 [ultranest] [DEBUG] iteration=5080, ncalls=9142, regioncalls=353840, ndraw=40, logz=-107698.72, remainder_fraction=24.9650%, Lmin=-107685.42, Lmax=-107684.86
15:17:03 [ultranest] [DEBUG] iteration=5092, ncalls=9167, regioncalls=354840, ndraw=40, logz=-107698.71, remainder_fraction=24.3317%, Lmin=-107685.41, Lmax=-107684.86
15:17:03 [ultranest] [DEBUG] iteration=5106, ncalls=9192, regioncalls=355840, ndraw=40, logz=-107698.70, remainder_fraction=23.5378%, Lmin=-107685.40, Lmax=-107684.86
15:17:03 [ultranest] [DEBUG] iteration=5120, ncalls=9213, regioncalls=356680, ndraw=40, logz=-107698.69, remainder_fraction=22.7836%, Lmin=-107685.38, Lmax=-107684.86
15:17:03 [ultranest] [DEBUG] iteration=5133, ncalls=9239, regioncalls=357720, ndraw=40, logz=-107698.68, remainder_fraction=22.0801%, Lmin=-107685.37, Lmax=-107684.86
15:17:03 [ultranest] [DEBUG] iteration=5144, ncalls=9266, regioncalls=358800, ndraw=40, logz=-107698.68, remainder_fraction=21.5008%, Lmin=-107685.36, Lmax=-107684.86
15:17:04 [ultranest] [DEBUG] iteration=5154, ncalls=9294, regioncalls=359920, ndraw=40, logz=-107698.67, remainder_fraction=21.0031%, Lmin=-107685.35, Lmax=-107684.86
15:17:04 [ultranest] [DEBUG] iteration=5160, ncalls=9305, regioncalls=360360, ndraw=40, logz=-107698.67, remainder_fraction=20.6994%, Lmin=-107685.35, Lmax=-107684.86
15:17:04 [ultranest] [DEBUG] iteration=5169, ncalls=9331, regioncalls=361400, ndraw=40, logz=-107698.66, remainder_fraction=20.2358%, Lmin=-107685.34, Lmax=-107684.86
15:17:04 [ultranest] [DEBUG] iteration=5179, ncalls=9357, regioncalls=362440, ndraw=40, logz=-107698.66, remainder_fraction=19.7644%, Lmin=-107685.33, Lmax=-107684.85
15:17:04 [ultranest] [DEBUG] iteration=5189, ncalls=9385, regioncalls=363560, ndraw=40, logz=-107698.65, remainder_fraction=19.3274%, Lmin=-107685.32, Lmax=-107684.85
15:17:04 [ultranest] [DEBUG] iteration=5199, ncalls=9410, regioncalls=364560, ndraw=40, logz=-107698.64, remainder_fraction=18.8631%, Lmin=-107685.32, Lmax=-107684.85
15:17:04 [ultranest] [DEBUG] iteration=5200, ncalls=9411, regioncalls=364600, ndraw=40, logz=-107698.64, remainder_fraction=18.8175%, Lmin=-107685.31, Lmax=-107684.85
15:17:04 [ultranest] [DEBUG] iteration=5201, ncalls=9412, regioncalls=364680, ndraw=40, logz=-107698.64, remainder_fraction=18.7659%, Lmin=-107685.31, Lmax=-107684.85
15:17:04 [ultranest] [DEBUG] iteration=5217, ncalls=9438, regioncalls=365720, ndraw=40, logz=-107698.63, remainder_fraction=18.0446%, Lmin=-107685.30, Lmax=-107684.85
15:17:04 [ultranest] [DEBUG] iteration=5232, ncalls=9465, regioncalls=366800, ndraw=40, logz=-107698.63, remainder_fraction=17.4141%, Lmin=-107685.28, Lmax=-107684.85
15:17:04 [ultranest] [DEBUG] iteration=5240, ncalls=9478, regioncalls=367320, ndraw=40, logz=-107698.62, remainder_fraction=17.0902%, Lmin=-107685.28, Lmax=-107684.85
15:17:04 [ultranest] [DEBUG] iteration=5256, ncalls=9502, regioncalls=368280, ndraw=40, logz=-107698.61, remainder_fraction=16.4694%, Lmin=-107685.27, Lmax=-107684.85
15:17:05 [ultranest] [DEBUG] iteration=5273, ncalls=9526, regioncalls=369240, ndraw=40, logz=-107698.61, remainder_fraction=15.8326%, Lmin=-107685.25, Lmax=-107684.85
15:17:05 [ultranest] [DEBUG] iteration=5279, ncalls=9543, regioncalls=370000, ndraw=40, logz=-107698.60, remainder_fraction=15.6066%, Lmin=-107685.25, Lmax=-107684.85
15:17:05 [ultranest] [DEBUG] iteration=5280, ncalls=9544, regioncalls=370040, ndraw=40, logz=-107698.60, remainder_fraction=15.5665%, Lmin=-107685.25, Lmax=-107684.85
15:17:05 [ultranest] [DEBUG] iteration=5297, ncalls=9570, regioncalls=371080, ndraw=40, logz=-107698.60, remainder_fraction=14.9387%, Lmin=-107685.24, Lmax=-107684.85
15:17:05 [ultranest] [DEBUG] iteration=5313, ncalls=9595, regioncalls=372080, ndraw=40, logz=-107698.59, remainder_fraction=14.3538%, Lmin=-107685.23, Lmax=-107684.85
15:17:05 [ultranest] [DEBUG] iteration=5320, ncalls=9615, regioncalls=372880, ndraw=40, logz=-107698.59, remainder_fraction=14.1027%, Lmin=-107685.23, Lmax=-107684.85
15:17:05 [ultranest] [DEBUG] iteration=5335, ncalls=9640, regioncalls=373880, ndraw=40, logz=-107698.58, remainder_fraction=13.5759%, Lmin=-107685.22, Lmax=-107684.85
15:17:05 [ultranest] [DEBUG] iteration=5352, ncalls=9664, regioncalls=374840, ndraw=40, logz=-107698.57, remainder_fraction=13.0108%, Lmin=-107685.20, Lmax=-107684.85
15:17:05 [ultranest] [DEBUG] iteration=5357, ncalls=9672, regioncalls=375200, ndraw=40, logz=-107698.57, remainder_fraction=12.8528%, Lmin=-107685.20, Lmax=-107684.85
15:17:05 [ultranest] [DEBUG] iteration=5360, ncalls=9676, regioncalls=375360, ndraw=40, logz=-107698.57, remainder_fraction=12.7514%, Lmin=-107685.20, Lmax=-107684.85
15:17:05 [ultranest] [DEBUG] iteration=5375, ncalls=9701, regioncalls=376360, ndraw=40, logz=-107698.57, remainder_fraction=12.2694%, Lmin=-107685.19, Lmax=-107684.85
15:17:05 [ultranest] [DEBUG] iteration=5389, ncalls=9727, regioncalls=377400, ndraw=40, logz=-107698.56, remainder_fraction=11.8529%, Lmin=-107685.18, Lmax=-107684.85
15:17:05 [ultranest] [DEBUG] iteration=5400, ncalls=9749, regioncalls=378280, ndraw=40, logz=-107698.56, remainder_fraction=11.5433%, Lmin=-107685.16, Lmax=-107684.85
15:17:06 [ultranest] [DEBUG] iteration=5415, ncalls=9775, regioncalls=379320, ndraw=40, logz=-107698.55, remainder_fraction=11.1253%, Lmin=-107685.15, Lmax=-107684.85
15:17:06 [ultranest] [DEBUG] iteration=5424, ncalls=9801, regioncalls=380360, ndraw=40, logz=-107698.55, remainder_fraction=10.8831%, Lmin=-107685.15, Lmax=-107684.85
15:17:06 [ultranest] [DEBUG] iteration=5435, ncalls=9816, regioncalls=381000, ndraw=40, logz=-107698.55, remainder_fraction=10.5873%, Lmin=-107685.15, Lmax=-107684.85
15:17:06 [ultranest] [DEBUG] iteration=5440, ncalls=9821, regioncalls=381200, ndraw=40, logz=-107698.54, remainder_fraction=10.4463%, Lmin=-107685.14, Lmax=-107684.85
15:17:06 [ultranest] [DEBUG] iteration=5459, ncalls=9846, regioncalls=382200, ndraw=40, logz=-107698.54, remainder_fraction=9.9535%, Lmin=-107685.13, Lmax=-107684.85
15:17:06 [ultranest] [DEBUG] iteration=5475, ncalls=9871, regioncalls=383200, ndraw=40, logz=-107698.53, remainder_fraction=9.5405%, Lmin=-107685.13, Lmax=-107684.85
15:17:06 [ultranest] [DEBUG] iteration=5480, ncalls=9880, regioncalls=383560, ndraw=40, logz=-107698.53, remainder_fraction=9.4094%, Lmin=-107685.13, Lmax=-107684.85
15:17:06 [ultranest] [DEBUG] iteration=5499, ncalls=9904, regioncalls=384520, ndraw=40, logz=-107698.53, remainder_fraction=8.9619%, Lmin=-107685.12, Lmax=-107684.85
15:17:06 [ultranest] [DEBUG] iteration=5513, ncalls=9926, regioncalls=385440, ndraw=40, logz=-107698.52, remainder_fraction=8.6369%, Lmin=-107685.11, Lmax=-107684.85
15:17:06 [ultranest] [DEBUG] iteration=5520, ncalls=9934, regioncalls=385760, ndraw=40, logz=-107698.52, remainder_fraction=8.4778%, Lmin=-107685.11, Lmax=-107684.85
15:17:06 [ultranest] [DEBUG] iteration=5538, ncalls=9958, regioncalls=386720, ndraw=40, logz=-107698.52, remainder_fraction=8.0867%, Lmin=-107685.10, Lmax=-107684.85
15:17:06 [ultranest] [DEBUG] iteration=5553, ncalls=9983, regioncalls=387720, ndraw=40, logz=-107698.51, remainder_fraction=7.7657%, Lmin=-107685.09, Lmax=-107684.85
15:17:06 [ultranest] [DEBUG] iteration=5560, ncalls=9992, regioncalls=388080, ndraw=40, logz=-107698.51, remainder_fraction=7.6266%, Lmin=-107685.09, Lmax=-107684.85
15:17:07 [ultranest] [DEBUG] iteration=5575, ncalls=10018, regioncalls=389120, ndraw=40, logz=-107698.51, remainder_fraction=7.3387%, Lmin=-107685.08, Lmax=-107684.85
15:17:07 [ultranest] [DEBUG] iteration=5590, ncalls=10044, regioncalls=390160, ndraw=40, logz=-107698.51, remainder_fraction=7.0564%, Lmin=-107685.07, Lmax=-107684.85
15:17:07 [ultranest] [DEBUG] iteration=5600, ncalls=10067, regioncalls=391080, ndraw=40, logz=-107698.50, remainder_fraction=6.8718%, Lmin=-107685.07, Lmax=-107684.85
15:17:07 [ultranest] [DEBUG] iteration=5616, ncalls=10092, regioncalls=392080, ndraw=40, logz=-107698.50, remainder_fraction=6.5954%, Lmin=-107685.06, Lmax=-107684.85
15:17:07 [ultranest] [DEBUG] iteration=5628, ncalls=10119, regioncalls=393160, ndraw=40, logz=-107698.50, remainder_fraction=6.3856%, Lmin=-107685.06, Lmax=-107684.85
15:17:07 [ultranest] [DEBUG] iteration=5640, ncalls=10143, regioncalls=394120, ndraw=40, logz=-107698.50, remainder_fraction=6.1811%, Lmin=-107685.05, Lmax=-107684.85
15:17:07 [ultranest] [DEBUG] iteration=5652, ncalls=10170, regioncalls=395200, ndraw=40, logz=-107698.50, remainder_fraction=5.9854%, Lmin=-107685.05, Lmax=-107684.85
15:17:07 [ultranest] [DEBUG] iteration=5665, ncalls=10196, regioncalls=396240, ndraw=40, logz=-107698.49, remainder_fraction=5.7818%, Lmin=-107685.05, Lmax=-107684.85
15:17:07 [ultranest] [DEBUG] iteration=5678, ncalls=10222, regioncalls=397280, ndraw=40, logz=-107698.49, remainder_fraction=5.5848%, Lmin=-107685.04, Lmax=-107684.85
15:17:07 [ultranest] [DEBUG] iteration=5680, ncalls=10227, regioncalls=397480, ndraw=40, logz=-107698.49, remainder_fraction=5.5558%, Lmin=-107685.04, Lmax=-107684.85
15:17:08 [ultranest] [DEBUG] iteration=5694, ncalls=10254, regioncalls=398560, ndraw=40, logz=-107698.49, remainder_fraction=5.3515%, Lmin=-107685.04, Lmax=-107684.85
15:17:08 [ultranest] [DEBUG] iteration=5705, ncalls=10282, regioncalls=399680, ndraw=40, logz=-107698.49, remainder_fraction=5.1997%, Lmin=-107685.03, Lmax=-107684.85
15:17:08 [ultranest] [DEBUG] iteration=5717, ncalls=10308, regioncalls=400720, ndraw=40, logz=-107698.49, remainder_fraction=5.0349%, Lmin=-107685.03, Lmax=-107684.85
15:17:08 [ultranest] [DEBUG] iteration=5720, ncalls=10318, regioncalls=401120, ndraw=40, logz=-107698.48, remainder_fraction=4.9945%, Lmin=-107685.03, Lmax=-107684.85
15:17:08 [ultranest] [DEBUG] iteration=5730, ncalls=10346, regioncalls=402240, ndraw=40, logz=-107698.48, remainder_fraction=4.8599%, Lmin=-107685.03, Lmax=-107684.85
15:17:08 [ultranest] [DEBUG] iteration=5740, ncalls=10375, regioncalls=403400, ndraw=40, logz=-107698.48, remainder_fraction=4.7340%, Lmin=-107685.02, Lmax=-107684.85
15:17:08 [ultranest] [DEBUG] iteration=5747, ncalls=10393, regioncalls=404200, ndraw=40, logz=-107698.48, remainder_fraction=4.6429%, Lmin=-107685.02, Lmax=-107684.85
15:17:08 [ultranest] [DEBUG] iteration=5760, ncalls=10415, regioncalls=405080, ndraw=40, logz=-107698.48, remainder_fraction=4.4798%, Lmin=-107685.02, Lmax=-107684.85
15:17:08 [ultranest] [DEBUG] iteration=5777, ncalls=10439, regioncalls=406080, ndraw=40, logz=-107698.48, remainder_fraction=4.2821%, Lmin=-107685.01, Lmax=-107684.85
15:17:08 [ultranest] [DEBUG] iteration=5792, ncalls=10464, regioncalls=407080, ndraw=40, logz=-107698.48, remainder_fraction=4.1139%, Lmin=-107685.00, Lmax=-107684.85
15:17:08 [ultranest] [DEBUG] iteration=5800, ncalls=10481, regioncalls=407760, ndraw=40, logz=-107698.47, remainder_fraction=4.0273%, Lmin=-107685.00, Lmax=-107684.85
15:17:09 [ultranest] [DEBUG] iteration=5815, ncalls=10507, regioncalls=408800, ndraw=40, logz=-107698.47, remainder_fraction=3.8688%, Lmin=-107685.00, Lmax=-107684.85
15:17:09 [ultranest] [DEBUG] iteration=5829, ncalls=10529, regioncalls=409680, ndraw=40, logz=-107698.47, remainder_fraction=3.7256%, Lmin=-107684.99, Lmax=-107684.85
15:17:09 [ultranest] [DEBUG] iteration=5839, ncalls=10555, regioncalls=410720, ndraw=40, logz=-107698.47, remainder_fraction=3.6259%, Lmin=-107684.99, Lmax=-107684.85
15:17:09 [ultranest] [DEBUG] iteration=5840, ncalls=10559, regioncalls=410880, ndraw=40, logz=-107698.47, remainder_fraction=3.6164%, Lmin=-107684.99, Lmax=-107684.85
15:17:09 [ultranest] [DEBUG] iteration=5853, ncalls=10587, regioncalls=412000, ndraw=40, logz=-107698.47, remainder_fraction=3.4910%, Lmin=-107684.99, Lmax=-107684.85
15:17:09 [ultranest] [DEBUG] iteration=5870, ncalls=10611, regioncalls=412960, ndraw=40, logz=-107698.47, remainder_fraction=3.3340%, Lmin=-107684.98, Lmax=-107684.85
15:17:09 [ultranest] [DEBUG] iteration=5880, ncalls=10624, regioncalls=413480, ndraw=40, logz=-107698.47, remainder_fraction=3.2445%, Lmin=-107684.98, Lmax=-107684.85
15:17:09 [ultranest] [DEBUG] iteration=5891, ncalls=10650, regioncalls=414520, ndraw=40, logz=-107698.47, remainder_fraction=3.1477%, Lmin=-107684.98, Lmax=-107684.85
15:17:09 [ultranest] [DEBUG] iteration=5903, ncalls=10675, regioncalls=415640, ndraw=40, logz=-107698.46, remainder_fraction=3.0459%, Lmin=-107684.97, Lmax=-107684.85
15:17:09 [ultranest] [DEBUG] iteration=5919, ncalls=10702, regioncalls=416720, ndraw=40, logz=-107698.46, remainder_fraction=2.9156%, Lmin=-107684.97, Lmax=-107684.85
15:17:09 [ultranest] [DEBUG] iteration=5920, ncalls=10706, regioncalls=416880, ndraw=40, logz=-107698.46, remainder_fraction=2.9080%, Lmin=-107684.97, Lmax=-107684.85
15:17:10 [ultranest] [DEBUG] iteration=5936, ncalls=10730, regioncalls=417840, ndraw=40, logz=-107698.46, remainder_fraction=2.7837%, Lmin=-107684.97, Lmax=-107684.85
15:17:10 [ultranest] [DEBUG] iteration=5954, ncalls=10754, regioncalls=418800, ndraw=40, logz=-107698.46, remainder_fraction=2.6498%, Lmin=-107684.96, Lmax=-107684.85
15:17:10 [ultranest] [DEBUG] iteration=5960, ncalls=10766, regioncalls=419280, ndraw=40, logz=-107698.46, remainder_fraction=2.6063%, Lmin=-107684.96, Lmax=-107684.85
15:17:10 [ultranest] [DEBUG] iteration=5974, ncalls=10792, regioncalls=420320, ndraw=40, logz=-107698.46, remainder_fraction=2.5071%, Lmin=-107684.96, Lmax=-107684.85
15:17:10 [ultranest] [DEBUG] iteration=5981, ncalls=10801, regioncalls=420720, ndraw=40, logz=-107698.46, remainder_fraction=2.4593%, Lmin=-107684.96, Lmax=-107684.85
15:17:10 [ultranest] [DEBUG] iteration=5997, ncalls=10825, regioncalls=421800, ndraw=40, logz=-107698.46, remainder_fraction=2.3537%, Lmin=-107684.95, Lmax=-107684.85
15:17:10 [ultranest] [DEBUG] iteration=6000, ncalls=10828, regioncalls=421920, ndraw=40, logz=-107698.46, remainder_fraction=2.3346%, Lmin=-107684.95, Lmax=-107684.85
15:17:10 [ultranest] [DEBUG] iteration=6021, ncalls=10851, regioncalls=422840, ndraw=40, logz=-107698.46, remainder_fraction=2.2042%, Lmin=-107684.95, Lmax=-107684.85
15:17:10 [ultranest] [DEBUG] iteration=6035, ncalls=10875, regioncalls=423800, ndraw=40, logz=-107698.46, remainder_fraction=2.1206%, Lmin=-107684.95, Lmax=-107684.85
15:17:10 [ultranest] [DEBUG] iteration=6040, ncalls=10882, regioncalls=424080, ndraw=40, logz=-107698.45, remainder_fraction=2.0917%, Lmin=-107684.95, Lmax=-107684.85
15:17:10 [ultranest] [DEBUG] iteration=6056, ncalls=10906, regioncalls=425040, ndraw=40, logz=-107698.45, remainder_fraction=2.0015%, Lmin=-107684.94, Lmax=-107684.85
15:17:10 [ultranest] [DEBUG] iteration=6059, ncalls=10911, regioncalls=425280, ndraw=40, logz=-107698.45, remainder_fraction=1.9846%, Lmin=-107684.94, Lmax=-107684.85
15:17:10 [ultranest] [DEBUG] iteration=6076, ncalls=10936, regioncalls=426280, ndraw=40, logz=-107698.45, remainder_fraction=1.8930%, Lmin=-107684.94, Lmax=-107684.85
15:17:10 [ultranest] [DEBUG] iteration=6080, ncalls=10941, regioncalls=426480, ndraw=40, logz=-107698.45, remainder_fraction=1.8716%, Lmin=-107684.94, Lmax=-107684.85
15:17:11 [ultranest] [DEBUG] iteration=6096, ncalls=10966, regioncalls=427480, ndraw=40, logz=-107698.45, remainder_fraction=1.7908%, Lmin=-107684.94, Lmax=-107684.85
15:17:11 [ultranest] [DEBUG] iteration=6112, ncalls=10990, regioncalls=428440, ndraw=40, logz=-107698.45, remainder_fraction=1.7132%, Lmin=-107684.93, Lmax=-107684.85
15:17:11 [ultranest] [DEBUG] iteration=6120, ncalls=11004, regioncalls=429000, ndraw=40, logz=-107698.45, remainder_fraction=1.6757%, Lmin=-107684.93, Lmax=-107684.85
15:17:11 [ultranest] [DEBUG] iteration=6136, ncalls=11028, regioncalls=429960, ndraw=40, logz=-107698.45, remainder_fraction=1.6019%, Lmin=-107684.93, Lmax=-107684.85
15:17:11 [ultranest] [DEBUG] iteration=6137, ncalls=11029, regioncalls=430080, ndraw=40, logz=-107698.45, remainder_fraction=1.5973%, Lmin=-107684.93, Lmax=-107684.85
15:17:11 [ultranest] [DEBUG] iteration=6157, ncalls=11054, regioncalls=431080, ndraw=40, logz=-107698.45, remainder_fraction=1.5108%, Lmin=-107684.93, Lmax=-107684.85
15:17:11 [ultranest] [DEBUG] iteration=6160, ncalls=11061, regioncalls=431360, ndraw=40, logz=-107698.45, remainder_fraction=1.4979%, Lmin=-107684.93, Lmax=-107684.85
15:17:11 [ultranest] [DEBUG] iteration=6180, ncalls=11084, regioncalls=432280, ndraw=40, logz=-107698.45, remainder_fraction=1.4166%, Lmin=-107684.92, Lmax=-107684.85
15:17:11 [ultranest] [DEBUG] iteration=6199, ncalls=11109, regioncalls=433280, ndraw=40, logz=-107698.45, remainder_fraction=1.3435%, Lmin=-107684.92, Lmax=-107684.85
15:17:11 [ultranest] [DEBUG] iteration=6200, ncalls=11110, regioncalls=433320, ndraw=40, logz=-107698.45, remainder_fraction=1.3397%, Lmin=-107684.92, Lmax=-107684.85
15:17:11 [ultranest] [DEBUG] iteration=6215, ncalls=11135, regioncalls=434440, ndraw=40, logz=-107698.45, remainder_fraction=1.2844%, Lmin=-107684.92, Lmax=-107684.85
15:17:11 [ultranest] [DEBUG] iteration=6231, ncalls=11161, regioncalls=435480, ndraw=40, logz=-107698.45, remainder_fraction=1.2283%, Lmin=-107684.92, Lmax=-107684.85
15:17:11 [ultranest] [DEBUG] iteration=6240, ncalls=11174, regioncalls=436000, ndraw=40, logz=-107698.45, remainder_fraction=1.1977%, Lmin=-107684.92, Lmax=-107684.85
15:17:12 [ultranest] [DEBUG] iteration=6255, ncalls=11199, regioncalls=437000, ndraw=40, logz=-107698.45, remainder_fraction=1.1482%, Lmin=-107684.91, Lmax=-107684.85
15:17:12 [ultranest] [DEBUG] iteration=6267, ncalls=11224, regioncalls=438000, ndraw=40, logz=-107698.44, remainder_fraction=1.1100%, Lmin=-107684.91, Lmax=-107684.85
15:17:12 [ultranest] [DEBUG] iteration=6280, ncalls=11245, regioncalls=438840, ndraw=40, logz=-107698.44, remainder_fraction=1.0703%, Lmin=-107684.91, Lmax=-107684.85
15:17:12 [ultranest] [DEBUG] iteration=6293, ncalls=11270, regioncalls=439880, ndraw=40, logz=-107698.44, remainder_fraction=1.0319%, Lmin=-107684.91, Lmax=-107684.85
15:17:12 [ultranest] [INFO] Explored until L=-1e+05  
15:17:12 [ultranest] [INFO] Likelihood function evaluations: 11286
15:17:13 [ultranest] [INFO] Writing samples and results to disk ...
15:17:14 [ultranest] [INFO] Writing samples and results to disk ... done
15:17:14 [ultranest] [DEBUG] did a run_iter pass!
15:17:14 [ultranest] [INFO]   logZ = -1.077e+05 +- 0.1352
15:17:14 [ultranest] [INFO] Effective samples strategy satisfied (ESS = 1630.0, need >400)
15:17:14 [ultranest] [INFO] Posterior uncertainty strategy is satisfied (KL: 0.47+-0.10 nat, need <0.50 nat)
15:17:14 [ultranest] [INFO] Evidency uncertainty strategy is satisfied (dlogz=0.14, need <0.5)
15:17:14 [ultranest] [INFO]   logZ error budget: single: 0.19 bs:0.14 tail:0.01 total:0.14 required:<0.50
15:17:14 [ultranest] [INFO] done iterating.
15:17:14 [ultranest] [DEBUG] Making corner plot ...
15:17:14 [ultranest] [DEBUG] Making corner plot ... done
15:17:14 [ultranest] [DEBUG] Making run plot ... 
15:17:15 [ultranest] [DEBUG] Making run plot ... done
15:17:15 [ultranest] [DEBUG] Making trace plot ... 
15:17:16 [ultranest] [DEBUG] Making trace plot ... done
