15:14:55 [ultranest] [DEBUG] ReactiveNestedSampler: dims=2+0, resume=False, log_dir=./m-values/N16/S24/M16/T031/P02/NF2/sample_rho, backend=hdf5, vectorized=False, nbootstraps=30, ndraw=128..65536
15:14:55 [ultranest] [INFO] Sampling 400 live points from prior ...
15:14:56 [ultranest] [DEBUG] run_iter dlogz=0.5, dKL=0.5, frac_remain=0.01, Lepsilon=0.0010, min_ess=400
15:14:56 [ultranest] [DEBUG] max_iters=-1, max_ncalls=-1, max_num_improvement_loops=-1, min_num_live_points=400, cluster_num_live_points=40
15:14:56 [ultranest] [DEBUG] minimal_widths_sequence: [(-inf, 400.0), (inf, 400.0)]
15:14:56 [ultranest] [DEBUG] Plateau detected at L=-9.210340e+06, not replacing live point.
15:14:56 [ultranest] [DEBUG] Plateau detected at L=-9.210340e+06, not replacing live point.
15:14:56 [ultranest] [DEBUG] Plateau detected at L=-9.210340e+06, not replacing live point.
15:14:56 [ultranest] [DEBUG] Plateau detected at L=-9.210340e+06, not replacing live point.
15:14:56 [ultranest] [DEBUG] Plateau detected at L=-9.210340e+06, not replacing live point.
15:14:56 [ultranest] [DEBUG] Plateau detected at L=-9.210340e+06, not replacing live point.
15:14:56 [ultranest] [DEBUG] Plateau detected at L=-9.210340e+06, not replacing live point.
15:14:56 [ultranest] [DEBUG] Plateau detected at L=-9.210340e+06, not replacing live point.
15:14:56 [ultranest] [DEBUG] Plateau detected at L=-9.210340e+06, not replacing live point.
15:14:56 [ultranest] [DEBUG] Plateau detected at L=-9.210340e+06, not replacing live point.
15:14:56 [ultranest] [DEBUG] Plateau detected at L=-9.210340e+06, not replacing live point.
15:14:56 [ultranest] [DEBUG] Plateau detected at L=-9.210340e+06, not replacing live point.
15:14:56 [ultranest] [DEBUG] Plateau detected at L=-9.210340e+06, not replacing live point.
15:14:56 [ultranest] [DEBUG] Plateau detected at L=-9.210340e+06, not replacing live point.
15:14:56 [ultranest] [DEBUG] Plateau detected at L=-9.210340e+06, not replacing live point.
15:14:56 [ultranest] [DEBUG] Plateau detected at L=-9.210340e+06, not replacing live point.
15:14:56 [ultranest] [DEBUG] Plateau detected at L=-9.210340e+06, not replacing live point.
15:14:56 [ultranest] [DEBUG] Plateau detected at L=-9.210340e+06, not replacing live point.
15:14:56 [ultranest] [DEBUG] Plateau detected at L=-9.210340e+06, not replacing live point.
15:14:56 [ultranest] [DEBUG] Plateau detected at L=-9.210340e+06, not replacing live point.
15:14:56 [ultranest] [DEBUG] iteration=20, ncalls=401, regioncalls=40, ndraw=40, logz=-9210343.37, remainder_fraction=100.0000%, Lmin=-9210340.37, Lmax=-71821.30
15:14:56 [ultranest] [DEBUG] iteration=40, ncalls=422, regioncalls=880, ndraw=40, logz=-83284.67, remainder_fraction=100.0000%, Lmin=-83099.47, Lmax=-71821.30
15:14:56 [ultranest] [DEBUG] iteration=80, ncalls=467, regioncalls=2680, ndraw=40, logz=-80243.93, remainder_fraction=100.0000%, Lmin=-80231.02, Lmax=-71821.30
15:14:56 [ultranest] [DEBUG] iteration=105, ncalls=495, regioncalls=3800, ndraw=40, logz=-79109.22, remainder_fraction=100.0000%, Lmin=-79022.65, Lmax=-71793.57
15:14:56 [ultranest] [DEBUG] iteration=120, ncalls=515, regioncalls=4600, ndraw=40, logz=-78514.17, remainder_fraction=100.0000%, Lmin=-78498.55, Lmax=-71793.57
15:14:56 [ultranest] [DEBUG] iteration=158, ncalls=566, regioncalls=6640, ndraw=40, logz=-77573.91, remainder_fraction=100.0000%, Lmin=-77548.31, Lmax=-71793.57
15:14:56 [ultranest] [DEBUG] iteration=160, ncalls=568, regioncalls=6720, ndraw=40, logz=-77553.70, remainder_fraction=100.0000%, Lmin=-77536.58, Lmax=-71793.57
15:14:56 [ultranest] [DEBUG] iteration=190, ncalls=603, regioncalls=8120, ndraw=40, logz=-76820.80, remainder_fraction=100.0000%, Lmin=-76805.76, Lmax=-71793.57
15:14:56 [ultranest] [DEBUG] iteration=200, ncalls=613, regioncalls=8520, ndraw=40, logz=-76601.37, remainder_fraction=100.0000%, Lmin=-76590.03, Lmax=-71793.57
15:14:56 [ultranest] [DEBUG] iteration=235, ncalls=667, regioncalls=10680, ndraw=40, logz=-76151.98, remainder_fraction=100.0000%, Lmin=-76134.13, Lmax=-71793.57
15:14:56 [ultranest] [DEBUG] iteration=240, ncalls=674, regioncalls=10960, ndraw=40, logz=-76078.25, remainder_fraction=100.0000%, Lmin=-76051.35, Lmax=-71768.19
15:14:56 [ultranest] [DEBUG] iteration=275, ncalls=718, regioncalls=12720, ndraw=40, logz=-75698.21, remainder_fraction=100.0000%, Lmin=-75678.15, Lmax=-71768.19
15:14:56 [ultranest] [DEBUG] iteration=280, ncalls=723, regioncalls=12920, ndraw=40, logz=-75625.67, remainder_fraction=100.0000%, Lmin=-75609.64, Lmax=-71768.19
15:14:56 [ultranest] [DEBUG] iteration=320, ncalls=770, regioncalls=14800, ndraw=40, logz=-75102.40, remainder_fraction=100.0000%, Lmin=-75089.77, Lmax=-71768.19
15:14:57 [ultranest] [DEBUG] iteration=357, ncalls=821, regioncalls=16840, ndraw=40, logz=-74679.02, remainder_fraction=100.0000%, Lmin=-74667.35, Lmax=-71768.19
15:14:57 [ultranest] [DEBUG] iteration=360, ncalls=826, regioncalls=17040, ndraw=40, logz=-74666.61, remainder_fraction=100.0000%, Lmin=-74656.62, Lmax=-71768.19
15:14:57 [ultranest] [DEBUG] iteration=400, ncalls=873, regioncalls=18920, ndraw=40, logz=-74354.87, remainder_fraction=100.0000%, Lmin=-74345.91, Lmax=-71768.19
15:14:57 [ultranest] [DEBUG] iteration=437, ncalls=925, regioncalls=21000, ndraw=40, logz=-74122.72, remainder_fraction=100.0000%, Lmin=-74115.59, Lmax=-71768.19
15:14:57 [ultranest] [DEBUG] iteration=440, ncalls=928, regioncalls=21120, ndraw=40, logz=-74117.68, remainder_fraction=100.0000%, Lmin=-74098.06, Lmax=-71768.19
15:14:57 [ultranest] [DEBUG] iteration=445, ncalls=935, regioncalls=21400, ndraw=40, logz=-74071.43, remainder_fraction=100.0000%, Lmin=-74059.40, Lmax=-71768.19
15:14:57 [ultranest] [DEBUG] iteration=480, ncalls=978, regioncalls=23120, ndraw=40, logz=-73841.19, remainder_fraction=100.0000%, Lmin=-73833.73, Lmax=-71768.19
15:14:57 [ultranest] [DEBUG] iteration=519, ncalls=1030, regioncalls=25200, ndraw=40, logz=-73594.53, remainder_fraction=100.0000%, Lmin=-73579.04, Lmax=-71767.65
15:14:57 [ultranest] [DEBUG] iteration=520, ncalls=1031, regioncalls=25240, ndraw=40, logz=-73586.34, remainder_fraction=100.0000%, Lmin=-73571.67, Lmax=-71767.65
15:14:57 [ultranest] [DEBUG] iteration=530, ncalls=1048, regioncalls=25920, ndraw=40, logz=-73551.03, remainder_fraction=100.0000%, Lmin=-73537.26, Lmax=-71767.65
15:14:57 [ultranest] [DEBUG] iteration=560, ncalls=1082, regioncalls=27280, ndraw=40, logz=-73354.45, remainder_fraction=100.0000%, Lmin=-73342.69, Lmax=-71767.65
15:14:57 [ultranest] [DEBUG] iteration=600, ncalls=1133, regioncalls=29320, ndraw=40, logz=-73156.90, remainder_fraction=100.0000%, Lmin=-73147.07, Lmax=-71767.65
15:14:57 [ultranest] [DEBUG] iteration=615, ncalls=1152, regioncalls=30080, ndraw=40, logz=-73081.12, remainder_fraction=100.0000%, Lmin=-73073.42, Lmax=-71758.11
15:14:57 [ultranest] [DEBUG] iteration=640, ncalls=1180, regioncalls=31200, ndraw=40, logz=-72989.01, remainder_fraction=100.0000%, Lmin=-72980.70, Lmax=-71758.11
15:14:57 [ultranest] [DEBUG] iteration=680, ncalls=1225, regioncalls=33000, ndraw=40, logz=-72828.38, remainder_fraction=100.0000%, Lmin=-72815.15, Lmax=-71758.11
15:14:57 [ultranest] [DEBUG] iteration=700, ncalls=1247, regioncalls=33880, ndraw=40, logz=-72748.20, remainder_fraction=100.0000%, Lmin=-72736.34, Lmax=-71758.11
15:14:58 [ultranest] [DEBUG] iteration=720, ncalls=1270, regioncalls=34800, ndraw=40, logz=-72695.24, remainder_fraction=100.0000%, Lmin=-72687.11, Lmax=-71758.11
15:14:58 [ultranest] [DEBUG] iteration=758, ncalls=1322, regioncalls=36880, ndraw=40, logz=-72619.62, remainder_fraction=100.0000%, Lmin=-72610.80, Lmax=-71758.11
15:14:58 [ultranest] [DEBUG] iteration=760, ncalls=1325, regioncalls=37000, ndraw=40, logz=-72617.23, remainder_fraction=100.0000%, Lmin=-72608.81, Lmax=-71758.11
15:14:58 [ultranest] [DEBUG] iteration=785, ncalls=1358, regioncalls=38320, ndraw=40, logz=-72564.21, remainder_fraction=100.0000%, Lmin=-72555.73, Lmax=-71758.11
15:14:58 [ultranest] [DEBUG] iteration=800, ncalls=1381, regioncalls=39240, ndraw=40, logz=-72540.38, remainder_fraction=100.0000%, Lmin=-72532.49, Lmax=-71758.11
15:14:58 [ultranest] [DEBUG] iteration=840, ncalls=1428, regioncalls=41120, ndraw=40, logz=-72469.75, remainder_fraction=100.0000%, Lmin=-72460.39, Lmax=-71758.11
15:14:58 [ultranest] [DEBUG] iteration=870, ncalls=1465, regioncalls=42600, ndraw=40, logz=-72423.64, remainder_fraction=100.0000%, Lmin=-72413.75, Lmax=-71758.11
15:14:58 [ultranest] [DEBUG] iteration=880, ncalls=1478, regioncalls=43120, ndraw=40, logz=-72402.39, remainder_fraction=100.0000%, Lmin=-72394.00, Lmax=-71758.11
15:14:58 [ultranest] [DEBUG] iteration=920, ncalls=1525, regioncalls=45000, ndraw=40, logz=-72349.88, remainder_fraction=100.0000%, Lmin=-72342.12, Lmax=-71758.11
15:14:58 [ultranest] [DEBUG] iteration=955, ncalls=1573, regioncalls=46920, ndraw=40, logz=-72297.56, remainder_fraction=100.0000%, Lmin=-72286.82, Lmax=-71758.11
15:14:58 [ultranest] [DEBUG] iteration=960, ncalls=1580, regioncalls=47200, ndraw=40, logz=-72290.09, remainder_fraction=100.0000%, Lmin=-72280.91, Lmax=-71758.11
15:14:58 [ultranest] [DEBUG] iteration=1000, ncalls=1629, regioncalls=49280, ndraw=40, logz=-72242.70, remainder_fraction=100.0000%, Lmin=-72234.20, Lmax=-71758.11
15:14:58 [ultranest] [DEBUG] iteration=1037, ncalls=1681, regioncalls=51440, ndraw=40, logz=-72196.74, remainder_fraction=100.0000%, Lmin=-72188.09, Lmax=-71758.11
15:14:58 [ultranest] [DEBUG] iteration=1040, ncalls=1686, regioncalls=51640, ndraw=40, logz=-72192.04, remainder_fraction=100.0000%, Lmin=-72182.66, Lmax=-71758.11
15:14:58 [ultranest] [DEBUG] iteration=1079, ncalls=1739, regioncalls=53800, ndraw=40, logz=-72158.62, remainder_fraction=100.0000%, Lmin=-72149.82, Lmax=-71758.11
15:14:58 [ultranest] [DEBUG] iteration=1080, ncalls=1740, regioncalls=53880, ndraw=40, logz=-72157.91, remainder_fraction=100.0000%, Lmin=-72149.63, Lmax=-71758.11
15:14:59 [ultranest] [DEBUG] iteration=1117, ncalls=1793, regioncalls=56000, ndraw=40, logz=-72126.87, remainder_fraction=100.0000%, Lmin=-72117.40, Lmax=-71758.11
15:14:59 [ultranest] [DEBUG] iteration=1120, ncalls=1798, regioncalls=56200, ndraw=40, logz=-72123.09, remainder_fraction=100.0000%, Lmin=-72114.53, Lmax=-71758.11
15:14:59 [ultranest] [DEBUG] iteration=1155, ncalls=1848, regioncalls=58200, ndraw=40, logz=-72092.80, remainder_fraction=100.0000%, Lmin=-72084.27, Lmax=-71758.11
15:14:59 [ultranest] [DEBUG] iteration=1160, ncalls=1854, regioncalls=58440, ndraw=40, logz=-72087.64, remainder_fraction=100.0000%, Lmin=-72079.25, Lmax=-71758.11
15:14:59 [ultranest] [DEBUG] iteration=1195, ncalls=1906, regioncalls=60520, ndraw=40, logz=-72065.28, remainder_fraction=100.0000%, Lmin=-72056.44, Lmax=-71758.11
15:14:59 [ultranest] [DEBUG] iteration=1200, ncalls=1914, regioncalls=60840, ndraw=40, logz=-72060.78, remainder_fraction=100.0000%, Lmin=-72049.43, Lmax=-71758.11
15:14:59 [ultranest] [DEBUG] iteration=1210, ncalls=1927, regioncalls=61360, ndraw=40, logz=-72051.48, remainder_fraction=100.0000%, Lmin=-72042.82, Lmax=-71758.11
15:14:59 [ultranest] [DEBUG] iteration=1240, ncalls=1965, regioncalls=62960, ndraw=40, logz=-72037.77, remainder_fraction=100.0000%, Lmin=-72029.18, Lmax=-71758.11
15:14:59 [ultranest] [DEBUG] iteration=1276, ncalls=2017, regioncalls=65040, ndraw=40, logz=-72015.72, remainder_fraction=100.0000%, Lmin=-72006.60, Lmax=-71758.11
15:14:59 [ultranest] [DEBUG] iteration=1280, ncalls=2021, regioncalls=65200, ndraw=40, logz=-72012.34, remainder_fraction=100.0000%, Lmin=-72002.28, Lmax=-71758.11
15:14:59 [ultranest] [DEBUG] iteration=1295, ncalls=2043, regioncalls=66080, ndraw=40, logz=-72000.02, remainder_fraction=100.0000%, Lmin=-71990.52, Lmax=-71758.11
15:14:59 [ultranest] [DEBUG] iteration=1320, ncalls=2076, regioncalls=67440, ndraw=40, logz=-71984.92, remainder_fraction=100.0000%, Lmin=-71975.80, Lmax=-71758.11
15:14:59 [ultranest] [DEBUG] iteration=1358, ncalls=2127, regioncalls=69480, ndraw=40, logz=-71964.81, remainder_fraction=100.0000%, Lmin=-71954.39, Lmax=-71758.11
15:14:59 [ultranest] [DEBUG] iteration=1360, ncalls=2130, regioncalls=69600, ndraw=40, logz=-71963.01, remainder_fraction=100.0000%, Lmin=-71954.26, Lmax=-71758.11
15:14:59 [ultranest] [DEBUG] iteration=1397, ncalls=2178, regioncalls=71520, ndraw=40, logz=-71940.07, remainder_fraction=100.0000%, Lmin=-71931.44, Lmax=-71758.11
15:14:59 [ultranest] [DEBUG] iteration=1400, ncalls=2184, regioncalls=71760, ndraw=40, logz=-71939.21, remainder_fraction=100.0000%, Lmin=-71931.04, Lmax=-71758.11
15:14:59 [ultranest] [DEBUG] iteration=1439, ncalls=2234, regioncalls=73760, ndraw=40, logz=-71922.50, remainder_fraction=100.0000%, Lmin=-71913.26, Lmax=-71758.11
15:14:59 [ultranest] [DEBUG] iteration=1440, ncalls=2235, regioncalls=73800, ndraw=40, logz=-71922.02, remainder_fraction=100.0000%, Lmin=-71913.07, Lmax=-71758.11
15:15:00 [ultranest] [DEBUG] iteration=1465, ncalls=2270, regioncalls=75240, ndraw=40, logz=-71913.28, remainder_fraction=100.0000%, Lmin=-71904.52, Lmax=-71758.11
15:15:00 [ultranest] [DEBUG] iteration=1480, ncalls=2289, regioncalls=76000, ndraw=40, logz=-71904.86, remainder_fraction=100.0000%, Lmin=-71895.79, Lmax=-71758.11
15:15:00 [ultranest] [DEBUG] iteration=1520, ncalls=2339, regioncalls=78080, ndraw=40, logz=-71892.12, remainder_fraction=100.0000%, Lmin=-71883.65, Lmax=-71758.11
15:15:00 [ultranest] [DEBUG] iteration=1550, ncalls=2376, regioncalls=79600, ndraw=40, logz=-71883.19, remainder_fraction=100.0000%, Lmin=-71874.66, Lmax=-71758.11
15:15:00 [ultranest] [DEBUG] iteration=1560, ncalls=2388, regioncalls=80080, ndraw=40, logz=-71880.92, remainder_fraction=100.0000%, Lmin=-71871.97, Lmax=-71758.11
15:15:00 [ultranest] [DEBUG] iteration=1597, ncalls=2440, regioncalls=82240, ndraw=40, logz=-71868.31, remainder_fraction=100.0000%, Lmin=-71859.74, Lmax=-71758.11
15:15:00 [ultranest] [DEBUG] iteration=1600, ncalls=2444, regioncalls=82400, ndraw=40, logz=-71867.80, remainder_fraction=100.0000%, Lmin=-71859.52, Lmax=-71758.11
15:15:00 [ultranest] [DEBUG] iteration=1635, ncalls=2495, regioncalls=84480, ndraw=40, logz=-71854.68, remainder_fraction=100.0000%, Lmin=-71846.13, Lmax=-71758.11
15:15:00 [ultranest] [DEBUG] iteration=1640, ncalls=2500, regioncalls=84720, ndraw=40, logz=-71853.59, remainder_fraction=100.0000%, Lmin=-71844.84, Lmax=-71758.11
15:15:00 [ultranest] [DEBUG] iteration=1680, ncalls=2544, regioncalls=86480, ndraw=40, logz=-71846.22, remainder_fraction=100.0000%, Lmin=-71837.74, Lmax=-71758.11
15:15:00 [ultranest] [DEBUG] iteration=1707, ncalls=2580, regioncalls=87920, ndraw=40, logz=-71840.43, remainder_fraction=100.0000%, Lmin=-71831.76, Lmax=-71758.11
15:15:00 [ultranest] [DEBUG] iteration=1720, ncalls=2600, regioncalls=88720, ndraw=40, logz=-71838.34, remainder_fraction=100.0000%, Lmin=-71829.79, Lmax=-71758.11
15:15:00 [ultranest] [DEBUG] iteration=1760, ncalls=2649, regioncalls=90720, ndraw=40, logz=-71831.66, remainder_fraction=100.0000%, Lmin=-71822.92, Lmax=-71758.11
15:15:00 [ultranest] [DEBUG] iteration=1797, ncalls=2703, regioncalls=92880, ndraw=40, logz=-71825.27, remainder_fraction=100.0000%, Lmin=-71816.36, Lmax=-71758.11
15:15:00 [ultranest] [DEBUG] iteration=1800, ncalls=2707, regioncalls=93040, ndraw=40, logz=-71824.77, remainder_fraction=100.0000%, Lmin=-71815.44, Lmax=-71758.11
15:15:01 [ultranest] [DEBUG] iteration=1834, ncalls=2755, regioncalls=94960, ndraw=40, logz=-71819.72, remainder_fraction=100.0000%, Lmin=-71810.62, Lmax=-71758.11
15:15:01 [ultranest] [DEBUG] iteration=1840, ncalls=2761, regioncalls=95200, ndraw=40, logz=-71818.79, remainder_fraction=100.0000%, Lmin=-71809.94, Lmax=-71758.11
15:15:01 [ultranest] [DEBUG] iteration=1877, ncalls=2813, regioncalls=97280, ndraw=40, logz=-71813.58, remainder_fraction=100.0000%, Lmin=-71804.61, Lmax=-71758.11
15:15:01 [ultranest] [DEBUG] iteration=1880, ncalls=2818, regioncalls=97480, ndraw=40, logz=-71813.19, remainder_fraction=100.0000%, Lmin=-71804.39, Lmax=-71758.11
15:15:01 [ultranest] [DEBUG] iteration=1890, ncalls=2831, regioncalls=98040, ndraw=40, logz=-71811.83, remainder_fraction=100.0000%, Lmin=-71802.72, Lmax=-71758.11
15:15:01 [ultranest] [DEBUG] iteration=1920, ncalls=2869, regioncalls=99560, ndraw=40, logz=-71808.00, remainder_fraction=100.0000%, Lmin=-71799.05, Lmax=-71758.11
15:15:01 [ultranest] [DEBUG] iteration=1960, ncalls=2916, regioncalls=101440, ndraw=40, logz=-71804.32, remainder_fraction=100.0000%, Lmin=-71795.68, Lmax=-71758.11
15:15:01 [ultranest] [DEBUG] iteration=1996, ncalls=2962, regioncalls=103280, ndraw=40, logz=-71801.22, remainder_fraction=100.0000%, Lmin=-71792.54, Lmax=-71758.11
15:15:01 [ultranest] [DEBUG] iteration=2000, ncalls=2967, regioncalls=103480, ndraw=40, logz=-71800.89, remainder_fraction=100.0000%, Lmin=-71791.93, Lmax=-71758.11
15:15:01 [ultranest] [DEBUG] iteration=2038, ncalls=3018, regioncalls=105520, ndraw=40, logz=-71797.44, remainder_fraction=100.0000%, Lmin=-71788.66, Lmax=-71758.11
15:15:01 [ultranest] [DEBUG] iteration=2040, ncalls=3020, regioncalls=105600, ndraw=40, logz=-71797.29, remainder_fraction=100.0000%, Lmin=-71788.45, Lmax=-71758.11
15:15:01 [ultranest] [DEBUG] iteration=2060, ncalls=3055, regioncalls=107080, ndraw=40, logz=-71795.78, remainder_fraction=100.0000%, Lmin=-71787.05, Lmax=-71758.11
15:15:01 [ultranest] [DEBUG] iteration=2080, ncalls=3078, regioncalls=108080, ndraw=40, logz=-71793.97, remainder_fraction=100.0000%, Lmin=-71785.03, Lmax=-71758.11
15:15:01 [ultranest] [DEBUG] iteration=2120, ncalls=3123, regioncalls=109880, ndraw=40, logz=-71791.16, remainder_fraction=100.0000%, Lmin=-71782.18, Lmax=-71758.11
15:15:01 [ultranest] [DEBUG] iteration=2145, ncalls=3158, regioncalls=111280, ndraw=40, logz=-71789.55, remainder_fraction=100.0000%, Lmin=-71780.80, Lmax=-71758.03
15:15:01 [ultranest] [DEBUG] iteration=2160, ncalls=3177, regioncalls=112120, ndraw=40, logz=-71788.74, remainder_fraction=100.0000%, Lmin=-71780.15, Lmax=-71758.03
15:15:02 [ultranest] [DEBUG] iteration=2200, ncalls=3226, regioncalls=114080, ndraw=40, logz=-71786.84, remainder_fraction=100.0000%, Lmin=-71778.24, Lmax=-71758.03
15:15:02 [ultranest] [DEBUG] iteration=2230, ncalls=3261, regioncalls=115520, ndraw=40, logz=-71785.56, remainder_fraction=100.0000%, Lmin=-71776.83, Lmax=-71758.03
15:15:02 [ultranest] [DEBUG] iteration=2240, ncalls=3271, regioncalls=115920, ndraw=40, logz=-71785.09, remainder_fraction=100.0000%, Lmin=-71776.19, Lmax=-71758.03
15:15:02 [ultranest] [DEBUG] iteration=2280, ncalls=3321, regioncalls=117920, ndraw=40, logz=-71783.19, remainder_fraction=100.0000%, Lmin=-71774.30, Lmax=-71758.03
15:15:02 [ultranest] [DEBUG] iteration=2315, ncalls=3370, regioncalls=119880, ndraw=40, logz=-71781.44, remainder_fraction=100.0000%, Lmin=-71772.53, Lmax=-71758.03
15:15:02 [ultranest] [DEBUG] iteration=2320, ncalls=3380, regioncalls=120280, ndraw=40, logz=-71781.23, remainder_fraction=99.9999%, Lmin=-71772.38, Lmax=-71758.03
15:15:02 [ultranest] [DEBUG] iteration=2360, ncalls=3427, regioncalls=122160, ndraw=40, logz=-71779.78, remainder_fraction=99.9998%, Lmin=-71770.72, Lmax=-71758.03
15:15:02 [ultranest] [DEBUG] iteration=2400, ncalls=3478, regioncalls=124240, ndraw=40, logz=-71778.27, remainder_fraction=99.9990%, Lmin=-71769.41, Lmax=-71758.03
15:15:02 [ultranest] [DEBUG] iteration=2440, ncalls=3524, regioncalls=126080, ndraw=40, logz=-71777.14, remainder_fraction=99.9971%, Lmin=-71768.34, Lmax=-71758.03
15:15:02 [ultranest] [DEBUG] iteration=2478, ncalls=3574, regioncalls=128080, ndraw=40, logz=-71776.18, remainder_fraction=99.9922%, Lmin=-71767.45, Lmax=-71758.03
15:15:02 [ultranest] [DEBUG] iteration=2480, ncalls=3578, regioncalls=128240, ndraw=40, logz=-71776.13, remainder_fraction=99.9918%, Lmin=-71767.39, Lmax=-71758.03
15:15:02 [ultranest] [DEBUG] iteration=2485, ncalls=3586, regioncalls=128600, ndraw=40, logz=-71776.01, remainder_fraction=99.9906%, Lmin=-71767.21, Lmax=-71758.03
15:15:02 [ultranest] [DEBUG] iteration=2520, ncalls=3629, regioncalls=130520, ndraw=40, logz=-71775.18, remainder_fraction=99.9787%, Lmin=-71766.50, Lmax=-71758.03
15:15:03 [ultranest] [DEBUG] iteration=2560, ncalls=3678, regioncalls=132480, ndraw=40, logz=-71774.40, remainder_fraction=99.9538%, Lmin=-71765.77, Lmax=-71758.03
15:15:03 [ultranest] [DEBUG] iteration=2570, ncalls=3693, regioncalls=133120, ndraw=40, logz=-71774.22, remainder_fraction=99.9437%, Lmin=-71765.44, Lmax=-71758.03
15:15:03 [ultranest] [DEBUG] iteration=2600, ncalls=3728, regioncalls=134560, ndraw=40, logz=-71773.69, remainder_fraction=99.9068%, Lmin=-71764.96, Lmax=-71758.03
15:15:03 [ultranest] [DEBUG] iteration=2640, ncalls=3776, regioncalls=136480, ndraw=40, logz=-71773.00, remainder_fraction=99.8081%, Lmin=-71764.26, Lmax=-71758.03
15:15:03 [ultranest] [DEBUG] iteration=2655, ncalls=3797, regioncalls=137360, ndraw=40, logz=-71772.77, remainder_fraction=99.7611%, Lmin=-71763.99, Lmax=-71758.03
15:15:03 [ultranest] [DEBUG] iteration=2680, ncalls=3832, regioncalls=138760, ndraw=40, logz=-71772.39, remainder_fraction=99.6498%, Lmin=-71763.61, Lmax=-71758.03
15:15:03 [ultranest] [DEBUG] iteration=2716, ncalls=3882, regioncalls=140800, ndraw=40, logz=-71771.90, remainder_fraction=99.4446%, Lmin=-71763.18, Lmax=-71758.03
15:15:03 [ultranest] [DEBUG] iteration=2720, ncalls=3888, regioncalls=141040, ndraw=40, logz=-71771.85, remainder_fraction=99.4139%, Lmin=-71763.15, Lmax=-71758.03
15:15:03 [ultranest] [DEBUG] iteration=2740, ncalls=3913, regioncalls=142080, ndraw=40, logz=-71771.60, remainder_fraction=99.2612%, Lmin=-71762.84, Lmax=-71758.03
15:15:03 [ultranest] [DEBUG] iteration=2760, ncalls=3939, regioncalls=143120, ndraw=40, logz=-71771.35, remainder_fraction=99.0374%, Lmin=-71762.49, Lmax=-71758.03
15:15:03 [ultranest] [DEBUG] iteration=2800, ncalls=3988, regioncalls=145080, ndraw=40, logz=-71770.88, remainder_fraction=98.4178%, Lmin=-71762.10, Lmax=-71758.03
15:15:03 [ultranest] [DEBUG] iteration=2833, ncalls=4037, regioncalls=147040, ndraw=40, logz=-71770.54, remainder_fraction=97.7684%, Lmin=-71761.70, Lmax=-71758.03
15:15:03 [ultranest] [DEBUG] iteration=2840, ncalls=4050, regioncalls=147560, ndraw=40, logz=-71770.47, remainder_fraction=97.6074%, Lmin=-71761.64, Lmax=-71758.03
15:15:03 [ultranest] [DEBUG] iteration=2876, ncalls=4103, regioncalls=149680, ndraw=40, logz=-71770.14, remainder_fraction=96.6591%, Lmin=-71761.35, Lmax=-71758.03
15:15:03 [ultranest] [DEBUG] iteration=2880, ncalls=4107, regioncalls=149840, ndraw=40, logz=-71770.10, remainder_fraction=96.5335%, Lmin=-71761.32, Lmax=-71758.03
15:15:04 [ultranest] [DEBUG] iteration=2910, ncalls=4153, regioncalls=151720, ndraw=40, logz=-71769.84, remainder_fraction=95.4824%, Lmin=-71761.03, Lmax=-71758.03
15:15:04 [ultranest] [DEBUG] iteration=2920, ncalls=4165, regioncalls=152200, ndraw=40, logz=-71769.76, remainder_fraction=95.1604%, Lmin=-71760.94, Lmax=-71758.03
15:15:04 [ultranest] [DEBUG] iteration=2960, ncalls=4210, regioncalls=154000, ndraw=40, logz=-71769.45, remainder_fraction=93.3687%, Lmin=-71760.61, Lmax=-71758.03
15:15:04 [ultranest] [DEBUG] iteration=2997, ncalls=4256, regioncalls=155840, ndraw=40, logz=-71769.18, remainder_fraction=91.1401%, Lmin=-71760.31, Lmax=-71758.03
15:15:04 [ultranest] [DEBUG] iteration=3000, ncalls=4261, regioncalls=156040, ndraw=40, logz=-71769.15, remainder_fraction=90.9343%, Lmin=-71760.29, Lmax=-71758.03
15:15:04 [ultranest] [DEBUG] iteration=3036, ncalls=4312, regioncalls=158080, ndraw=40, logz=-71768.91, remainder_fraction=88.6447%, Lmin=-71760.03, Lmax=-71758.03
15:15:04 [ultranest] [DEBUG] iteration=3040, ncalls=4317, regioncalls=158280, ndraw=40, logz=-71768.89, remainder_fraction=88.3136%, Lmin=-71760.02, Lmax=-71758.03
15:15:04 [ultranest] [DEBUG] iteration=3079, ncalls=4368, regioncalls=160320, ndraw=40, logz=-71768.67, remainder_fraction=85.1087%, Lmin=-71759.86, Lmax=-71758.03
15:15:04 [ultranest] [DEBUG] iteration=3080, ncalls=4370, regioncalls=160480, ndraw=40, logz=-71768.66, remainder_fraction=85.0295%, Lmin=-71759.85, Lmax=-71758.03
15:15:04 [ultranest] [DEBUG] iteration=3118, ncalls=4420, regioncalls=162480, ndraw=40, logz=-71768.47, remainder_fraction=81.9575%, Lmin=-71759.70, Lmax=-71758.03
15:15:04 [ultranest] [DEBUG] iteration=3120, ncalls=4423, regioncalls=162600, ndraw=40, logz=-71768.46, remainder_fraction=81.8375%, Lmin=-71759.70, Lmax=-71758.03
15:15:04 [ultranest] [DEBUG] iteration=3153, ncalls=4478, regioncalls=164800, ndraw=40, logz=-71768.32, remainder_fraction=79.1547%, Lmin=-71759.55, Lmax=-71758.03
15:15:04 [ultranest] [DEBUG] iteration=3160, ncalls=4487, regioncalls=165160, ndraw=40, logz=-71768.29, remainder_fraction=78.5921%, Lmin=-71759.52, Lmax=-71758.03
15:15:04 [ultranest] [DEBUG] iteration=3165, ncalls=4494, regioncalls=165480, ndraw=40, logz=-71768.27, remainder_fraction=78.1558%, Lmin=-71759.49, Lmax=-71758.03
15:15:04 [ultranest] [DEBUG] iteration=3200, ncalls=4544, regioncalls=167600, ndraw=40, logz=-71768.13, remainder_fraction=74.8292%, Lmin=-71759.32, Lmax=-71758.03
15:15:04 [ultranest] [DEBUG] iteration=3236, ncalls=4595, regioncalls=169640, ndraw=40, logz=-71768.00, remainder_fraction=71.0814%, Lmin=-71759.16, Lmax=-71758.03
15:15:04 [ultranest] [DEBUG] iteration=3240, ncalls=4600, regioncalls=169840, ndraw=40, logz=-71767.98, remainder_fraction=70.6578%, Lmin=-71759.15, Lmax=-71758.03
15:15:04 [ultranest] [DEBUG] iteration=3250, ncalls=4618, regioncalls=170600, ndraw=40, logz=-71767.95, remainder_fraction=69.5902%, Lmin=-71759.12, Lmax=-71758.03
15:15:05 [ultranest] [DEBUG] iteration=3280, ncalls=4654, regioncalls=172040, ndraw=40, logz=-71767.85, remainder_fraction=66.5324%, Lmin=-71759.06, Lmax=-71758.03
15:15:05 [ultranest] [DEBUG] iteration=3319, ncalls=4703, regioncalls=174000, ndraw=40, logz=-71767.74, remainder_fraction=62.5566%, Lmin=-71758.97, Lmax=-71758.03
15:15:05 [ultranest] [DEBUG] iteration=3320, ncalls=4704, regioncalls=174040, ndraw=40, logz=-71767.73, remainder_fraction=62.4833%, Lmin=-71758.97, Lmax=-71758.03
15:15:05 [ultranest] [DEBUG] iteration=3335, ncalls=4721, regioncalls=174800, ndraw=40, logz=-71767.69, remainder_fraction=61.0191%, Lmin=-71758.94, Lmax=-71758.03
15:15:05 [ultranest] [DEBUG] iteration=3360, ncalls=4759, regioncalls=176360, ndraw=40, logz=-71767.63, remainder_fraction=58.6967%, Lmin=-71758.89, Lmax=-71758.03
15:15:05 [ultranest] [DEBUG] iteration=3400, ncalls=4804, regioncalls=178160, ndraw=40, logz=-71767.54, remainder_fraction=54.9971%, Lmin=-71758.81, Lmax=-71758.03
15:15:05 [ultranest] [DEBUG] iteration=3420, ncalls=4834, regioncalls=179400, ndraw=40, logz=-71767.50, remainder_fraction=53.1794%, Lmin=-71758.76, Lmax=-71758.03
15:15:05 [ultranest] [DEBUG] iteration=3440, ncalls=4861, regioncalls=180480, ndraw=40, logz=-71767.46, remainder_fraction=51.2462%, Lmin=-71758.73, Lmax=-71758.03
15:15:05 [ultranest] [DEBUG] iteration=3475, ncalls=4912, regioncalls=182520, ndraw=40, logz=-71767.40, remainder_fraction=48.0680%, Lmin=-71758.66, Lmax=-71758.03
15:15:05 [ultranest] [DEBUG] iteration=3480, ncalls=4918, regioncalls=182760, ndraw=40, logz=-71767.39, remainder_fraction=47.6290%, Lmin=-71758.65, Lmax=-71758.03
15:15:05 [ultranest] [DEBUG] iteration=3514, ncalls=4968, regioncalls=184760, ndraw=40, logz=-71767.33, remainder_fraction=44.5803%, Lmin=-71758.61, Lmax=-71758.03
15:15:05 [ultranest] [DEBUG] iteration=3520, ncalls=4977, regioncalls=185120, ndraw=40, logz=-71767.32, remainder_fraction=44.0940%, Lmin=-71758.60, Lmax=-71758.03
15:15:05 [ultranest] [DEBUG] iteration=3558, ncalls=5027, regioncalls=187120, ndraw=40, logz=-71767.27, remainder_fraction=40.9412%, Lmin=-71758.55, Lmax=-71758.03
15:15:05 [ultranest] [DEBUG] iteration=3560, ncalls=5030, regioncalls=187240, ndraw=40, logz=-71767.27, remainder_fraction=40.7807%, Lmin=-71758.55, Lmax=-71758.03
15:15:05 [ultranest] [DEBUG] iteration=3592, ncalls=5078, regioncalls=189160, ndraw=40, logz=-71767.22, remainder_fraction=38.1791%, Lmin=-71758.50, Lmax=-71758.03
15:15:05 [ultranest] [DEBUG] iteration=3600, ncalls=5088, regioncalls=189560, ndraw=40, logz=-71767.21, remainder_fraction=37.5186%, Lmin=-71758.49, Lmax=-71758.03
15:15:06 [ultranest] [DEBUG] iteration=3636, ncalls=5138, regioncalls=191560, ndraw=40, logz=-71767.17, remainder_fraction=34.8806%, Lmin=-71758.45, Lmax=-71758.03
15:15:06 [ultranest] [DEBUG] iteration=3640, ncalls=5144, regioncalls=191800, ndraw=40, logz=-71767.17, remainder_fraction=34.5810%, Lmin=-71758.44, Lmax=-71758.03
15:15:06 [ultranest] [DEBUG] iteration=3675, ncalls=5189, regioncalls=193640, ndraw=40, logz=-71767.13, remainder_fraction=32.0576%, Lmin=-71758.41, Lmax=-71758.03
15:15:06 [ultranest] [DEBUG] iteration=3680, ncalls=5195, regioncalls=193880, ndraw=40, logz=-71767.12, remainder_fraction=31.7132%, Lmin=-71758.41, Lmax=-71758.03
15:15:06 [ultranest] [DEBUG] iteration=3719, ncalls=5245, regioncalls=195880, ndraw=40, logz=-71767.09, remainder_fraction=29.0912%, Lmin=-71758.36, Lmax=-71758.03
15:15:06 [ultranest] [DEBUG] iteration=3720, ncalls=5246, regioncalls=195920, ndraw=40, logz=-71767.09, remainder_fraction=29.0220%, Lmin=-71758.36, Lmax=-71758.03
15:15:06 [ultranest] [DEBUG] iteration=3752, ncalls=5296, regioncalls=197920, ndraw=40, logz=-71767.06, remainder_fraction=27.0356%, Lmin=-71758.34, Lmax=-71758.03
15:15:06 [ultranest] [DEBUG] iteration=3760, ncalls=5310, regioncalls=198520, ndraw=40, logz=-71767.05, remainder_fraction=26.5595%, Lmin=-71758.33, Lmax=-71758.03
15:15:06 [ultranest] [DEBUG] iteration=3798, ncalls=5359, regioncalls=200520, ndraw=40, logz=-71767.02, remainder_fraction=24.3794%, Lmin=-71758.30, Lmax=-71758.03
15:15:06 [ultranest] [DEBUG] iteration=3800, ncalls=5362, regioncalls=200640, ndraw=40, logz=-71767.02, remainder_fraction=24.2598%, Lmin=-71758.30, Lmax=-71758.03
15:15:06 [ultranest] [DEBUG] iteration=3833, ncalls=5415, regioncalls=202760, ndraw=40, logz=-71767.00, remainder_fraction=22.5177%, Lmin=-71758.28, Lmax=-71758.03
15:15:06 [ultranest] [DEBUG] iteration=3840, ncalls=5426, regioncalls=203200, ndraw=40, logz=-71766.99, remainder_fraction=22.1736%, Lmin=-71758.27, Lmax=-71758.03
15:15:06 [ultranest] [DEBUG] iteration=3845, ncalls=5432, regioncalls=203480, ndraw=40, logz=-71766.99, remainder_fraction=21.9175%, Lmin=-71758.26, Lmax=-71758.03
15:15:06 [ultranest] [DEBUG] iteration=3880, ncalls=5474, regioncalls=205160, ndraw=40, logz=-71766.97, remainder_fraction=20.1724%, Lmin=-71758.24, Lmax=-71758.03
15:15:06 [ultranest] [DEBUG] iteration=3919, ncalls=5524, regioncalls=207160, ndraw=40, logz=-71766.95, remainder_fraction=18.3737%, Lmin=-71758.22, Lmax=-71758.03
15:15:06 [ultranest] [DEBUG] iteration=3920, ncalls=5525, regioncalls=207200, ndraw=40, logz=-71766.94, remainder_fraction=18.3329%, Lmin=-71758.22, Lmax=-71758.03
15:15:06 [ultranest] [DEBUG] iteration=3952, ncalls=5572, regioncalls=209080, ndraw=40, logz=-71766.93, remainder_fraction=16.9709%, Lmin=-71758.21, Lmax=-71758.03
15:15:06 [ultranest] [DEBUG] iteration=3960, ncalls=5583, regioncalls=209520, ndraw=40, logz=-71766.92, remainder_fraction=16.6478%, Lmin=-71758.20, Lmax=-71758.03
15:15:07 [ultranest] [DEBUG] iteration=3999, ncalls=5632, regioncalls=211480, ndraw=40, logz=-71766.91, remainder_fraction=15.1457%, Lmin=-71758.19, Lmax=-71758.03
15:15:07 [ultranest] [DEBUG] iteration=4000, ncalls=5635, regioncalls=211600, ndraw=40, logz=-71766.91, remainder_fraction=15.1067%, Lmin=-71758.19, Lmax=-71758.03
15:15:07 [ultranest] [DEBUG] iteration=4037, ncalls=5681, regioncalls=213440, ndraw=40, logz=-71766.89, remainder_fraction=13.8213%, Lmin=-71758.18, Lmax=-71758.03
15:15:07 [ultranest] [DEBUG] iteration=4040, ncalls=5684, regioncalls=213560, ndraw=40, logz=-71766.89, remainder_fraction=13.7223%, Lmin=-71758.17, Lmax=-71758.03
15:15:07 [ultranest] [DEBUG] iteration=4075, ncalls=5736, regioncalls=215640, ndraw=40, logz=-71766.88, remainder_fraction=12.5832%, Lmin=-71758.16, Lmax=-71758.03
15:15:07 [ultranest] [DEBUG] iteration=4080, ncalls=5745, regioncalls=216000, ndraw=40, logz=-71766.88, remainder_fraction=12.4309%, Lmin=-71758.16, Lmax=-71758.03
15:15:07 [ultranest] [DEBUG] iteration=4100, ncalls=5771, regioncalls=217120, ndraw=40, logz=-71766.87, remainder_fraction=11.8371%, Lmin=-71758.15, Lmax=-71758.03
15:15:07 [ultranest] [DEBUG] iteration=4120, ncalls=5796, regioncalls=218200, ndraw=40, logz=-71766.86, remainder_fraction=11.2696%, Lmin=-71758.15, Lmax=-71758.03
15:15:07 [ultranest] [DEBUG] iteration=4157, ncalls=5846, regioncalls=220240, ndraw=40, logz=-71766.85, remainder_fraction=10.2723%, Lmin=-71758.14, Lmax=-71758.03
15:15:07 [ultranest] [DEBUG] iteration=4160, ncalls=5849, regioncalls=220360, ndraw=40, logz=-71766.85, remainder_fraction=10.1972%, Lmin=-71758.14, Lmax=-71758.03
15:15:07 [ultranest] [DEBUG] iteration=4185, ncalls=5887, regioncalls=221920, ndraw=40, logz=-71766.84, remainder_fraction=9.5830%, Lmin=-71758.13, Lmax=-71758.03
15:15:07 [ultranest] [DEBUG] iteration=4200, ncalls=5907, regioncalls=222720, ndraw=40, logz=-71766.84, remainder_fraction=9.2303%, Lmin=-71758.12, Lmax=-71758.03
15:15:07 [ultranest] [DEBUG] iteration=4240, ncalls=5953, regioncalls=224560, ndraw=40, logz=-71766.83, remainder_fraction=8.3521%, Lmin=-71758.12, Lmax=-71758.03
15:15:07 [ultranest] [DEBUG] iteration=4270, ncalls=5994, regioncalls=226240, ndraw=40, logz=-71766.82, remainder_fraction=7.7424%, Lmin=-71758.11, Lmax=-71758.03
15:15:07 [ultranest] [DEBUG] iteration=4280, ncalls=6004, regioncalls=226640, ndraw=40, logz=-71766.82, remainder_fraction=7.5501%, Lmin=-71758.11, Lmax=-71758.03
15:15:07 [ultranest] [DEBUG] iteration=4317, ncalls=6054, regioncalls=228640, ndraw=40, logz=-71766.81, remainder_fraction=6.8758%, Lmin=-71758.10, Lmax=-71758.03
15:15:07 [ultranest] [DEBUG] iteration=4320, ncalls=6059, regioncalls=228840, ndraw=40, logz=-71766.81, remainder_fraction=6.8240%, Lmin=-71758.10, Lmax=-71758.03
15:15:08 [ultranest] [DEBUG] iteration=4355, ncalls=6105, regioncalls=230800, ndraw=40, logz=-71766.81, remainder_fraction=6.2419%, Lmin=-71758.09, Lmax=-71758.03
15:15:08 [ultranest] [DEBUG] iteration=4360, ncalls=6111, regioncalls=231040, ndraw=40, logz=-71766.81, remainder_fraction=6.1622%, Lmin=-71758.09, Lmax=-71758.03
15:15:08 [ultranest] [DEBUG] iteration=4400, ncalls=6156, regioncalls=232920, ndraw=40, logz=-71766.80, remainder_fraction=5.5629%, Lmin=-71758.08, Lmax=-71758.03
15:15:08 [ultranest] [DEBUG] iteration=4437, ncalls=6209, regioncalls=235040, ndraw=40, logz=-71766.79, remainder_fraction=5.0603%, Lmin=-71758.08, Lmax=-71758.03
15:15:08 [ultranest] [DEBUG] iteration=4440, ncalls=6212, regioncalls=235160, ndraw=40, logz=-71766.79, remainder_fraction=5.0217%, Lmin=-71758.08, Lmax=-71758.03
15:15:08 [ultranest] [DEBUG] iteration=4480, ncalls=6261, regioncalls=237120, ndraw=40, logz=-71766.79, remainder_fraction=4.5324%, Lmin=-71758.07, Lmax=-71758.03
15:15:08 [ultranest] [DEBUG] iteration=4516, ncalls=6312, regioncalls=239160, ndraw=40, logz=-71766.78, remainder_fraction=4.1321%, Lmin=-71758.07, Lmax=-71758.03
15:15:08 [ultranest] [DEBUG] iteration=4520, ncalls=6316, regioncalls=239320, ndraw=40, logz=-71766.78, remainder_fraction=4.0897%, Lmin=-71758.07, Lmax=-71758.03
15:15:08 [ultranest] [DEBUG] iteration=4525, ncalls=6323, regioncalls=239760, ndraw=40, logz=-71766.78, remainder_fraction=4.0375%, Lmin=-71758.07, Lmax=-71758.03
15:15:08 [ultranest] [DEBUG] iteration=4560, ncalls=6363, regioncalls=241360, ndraw=40, logz=-71766.78, remainder_fraction=3.6889%, Lmin=-71758.06, Lmax=-71758.03
15:15:08 [ultranest] [DEBUG] iteration=4600, ncalls=6410, regioncalls=243240, ndraw=40, logz=-71766.78, remainder_fraction=3.3249%, Lmin=-71758.06, Lmax=-71758.03
15:15:08 [ultranest] [DEBUG] iteration=4610, ncalls=6426, regioncalls=243920, ndraw=40, logz=-71766.78, remainder_fraction=3.2397%, Lmin=-71758.06, Lmax=-71758.03
15:15:08 [ultranest] [DEBUG] iteration=4640, ncalls=6462, regioncalls=245360, ndraw=40, logz=-71766.77, remainder_fraction=2.9979%, Lmin=-71758.06, Lmax=-71758.03
15:15:08 [ultranest] [DEBUG] iteration=4679, ncalls=6511, regioncalls=247320, ndraw=40, logz=-71766.77, remainder_fraction=2.7096%, Lmin=-71758.05, Lmax=-71758.03
15:15:08 [ultranest] [DEBUG] iteration=4680, ncalls=6512, regioncalls=247360, ndraw=40, logz=-71766.77, remainder_fraction=2.7025%, Lmin=-71758.05, Lmax=-71758.03
15:15:08 [ultranest] [DEBUG] iteration=4695, ncalls=6534, regioncalls=248280, ndraw=40, logz=-71766.77, remainder_fraction=2.5992%, Lmin=-71758.05, Lmax=-71758.03
15:15:09 [ultranest] [DEBUG] iteration=4720, ncalls=6561, regioncalls=249360, ndraw=40, logz=-71766.77, remainder_fraction=2.4355%, Lmin=-71758.05, Lmax=-71758.03
15:15:09 [ultranest] [DEBUG] iteration=4760, ncalls=6608, regioncalls=251240, ndraw=40, logz=-71766.76, remainder_fraction=2.1951%, Lmin=-71758.05, Lmax=-71758.03
15:15:09 [ultranest] [DEBUG] iteration=4780, ncalls=6633, regioncalls=252280, ndraw=40, logz=-71766.76, remainder_fraction=2.0838%, Lmin=-71758.05, Lmax=-71758.03
15:15:09 [ultranest] [DEBUG] iteration=4800, ncalls=6655, regioncalls=253160, ndraw=40, logz=-71766.76, remainder_fraction=1.9781%, Lmin=-71758.05, Lmax=-71758.03
15:15:09 [ultranest] [DEBUG] iteration=4840, ncalls=6704, regioncalls=255120, ndraw=40, logz=-71766.76, remainder_fraction=1.7824%, Lmin=-71758.04, Lmax=-71758.03
15:15:09 [ultranest] [DEBUG] iteration=4865, ncalls=6741, regioncalls=256640, ndraw=40, logz=-71766.76, remainder_fraction=1.6697%, Lmin=-71758.04, Lmax=-71758.03
15:15:09 [ultranest] [DEBUG] iteration=4880, ncalls=6758, regioncalls=257320, ndraw=40, logz=-71766.76, remainder_fraction=1.6056%, Lmin=-71758.04, Lmax=-71758.03
15:15:09 [ultranest] [DEBUG] iteration=4917, ncalls=6806, regioncalls=259240, ndraw=40, logz=-71766.76, remainder_fraction=1.4577%, Lmin=-71758.04, Lmax=-71758.03
15:15:09 [ultranest] [DEBUG] iteration=4920, ncalls=6810, regioncalls=259440, ndraw=40, logz=-71766.76, remainder_fraction=1.4463%, Lmin=-71758.04, Lmax=-71758.03
15:15:09 [ultranest] [DEBUG] iteration=4950, ncalls=6854, regioncalls=261280, ndraw=40, logz=-71766.76, remainder_fraction=1.3372%, Lmin=-71758.04, Lmax=-71758.03
15:15:09 [ultranest] [DEBUG] iteration=4960, ncalls=6864, regioncalls=261680, ndraw=40, logz=-71766.76, remainder_fraction=1.3027%, Lmin=-71758.04, Lmax=-71758.03
15:15:09 [ultranest] [DEBUG] iteration=4999, ncalls=6916, regioncalls=263760, ndraw=40, logz=-71766.75, remainder_fraction=1.1763%, Lmin=-71758.04, Lmax=-71758.03
15:15:09 [ultranest] [DEBUG] iteration=5000, ncalls=6917, regioncalls=263800, ndraw=40, logz=-71766.75, remainder_fraction=1.1733%, Lmin=-71758.04, Lmax=-71758.03
15:15:09 [ultranest] [DEBUG] iteration=5035, ncalls=6969, regioncalls=265880, ndraw=40, logz=-71766.75, remainder_fraction=1.0706%, Lmin=-71758.04, Lmax=-71758.03
15:15:09 [ultranest] [DEBUG] iteration=5040, ncalls=6975, regioncalls=266120, ndraw=40, logz=-71766.75, remainder_fraction=1.0566%, Lmin=-71758.04, Lmax=-71758.03
15:15:10 [ultranest] [INFO] Explored until L=-7e+04  
15:15:10 [ultranest] [INFO] Likelihood function evaluations: 7003
15:15:11 [ultranest] [INFO] Writing samples and results to disk ...
15:15:11 [ultranest] [INFO] Writing samples and results to disk ... done
15:15:11 [ultranest] [DEBUG] did a run_iter pass!
15:15:11 [ultranest] [INFO]   logZ = -7.177e+04 +- 0.118
15:15:11 [ultranest] [INFO] Effective samples strategy satisfied (ESS = 1479.5, need >400)
15:15:11 [ultranest] [INFO] Posterior uncertainty strategy is satisfied (KL: 0.46+-0.07 nat, need <0.50 nat)
15:15:11 [ultranest] [INFO] Evidency uncertainty strategy is satisfied (dlogz=0.12, need <0.5)
15:15:11 [ultranest] [INFO]   logZ error budget: single: 0.14 bs:0.12 tail:0.01 total:0.12 required:<0.50
15:15:11 [ultranest] [INFO] done iterating.
15:15:11 [ultranest] [DEBUG] Making corner plot ...
15:15:11 [ultranest] [DEBUG] Making corner plot ... done
15:15:11 [ultranest] [DEBUG] Making run plot ... 
15:15:12 [ultranest] [DEBUG] Making run plot ... done
15:15:12 [ultranest] [DEBUG] Making trace plot ... 
15:15:13 [ultranest] [DEBUG] Making trace plot ... done
