13:06:39 [ultranest] [DEBUG] ReactiveNestedSampler: dims=2+0, resume=False, log_dir=./m-values/N64/S24/M64/T029/P02/NF2/sample_rho, backend=hdf5, vectorized=False, nbootstraps=30, ndraw=128..65536
13:06:39 [ultranest] [INFO] Sampling 400 live points from prior ...
13:06:41 [ultranest] [DEBUG] run_iter dlogz=0.5, dKL=0.5, frac_remain=0.01, Lepsilon=0.0010, min_ess=400
13:06:41 [ultranest] [DEBUG] max_iters=-1, max_ncalls=-1, max_num_improvement_loops=-1, min_num_live_points=400, cluster_num_live_points=40
13:06:41 [ultranest] [DEBUG] minimal_widths_sequence: [(-inf, 400.0), (inf, 400.0)]
13:06:42 [ultranest] [DEBUG] Plateau detected at L=-3.617822e+07, not replacing live point.
13:06:42 [ultranest] [DEBUG] Plateau detected at L=-3.617822e+07, not replacing live point.
13:06:42 [ultranest] [DEBUG] Plateau detected at L=-3.617822e+07, not replacing live point.
13:06:42 [ultranest] [DEBUG] Plateau detected at L=-3.617822e+07, not replacing live point.
13:06:42 [ultranest] [DEBUG] Plateau detected at L=-3.617822e+07, not replacing live point.
13:06:42 [ultranest] [DEBUG] Plateau detected at L=-3.617822e+07, not replacing live point.
13:06:42 [ultranest] [DEBUG] Plateau detected at L=-3.617822e+07, not replacing live point.
13:06:42 [ultranest] [DEBUG] Plateau detected at L=-3.617822e+07, not replacing live point.
13:06:42 [ultranest] [DEBUG] Plateau detected at L=-3.617822e+07, not replacing live point.
13:06:42 [ultranest] [DEBUG] Plateau detected at L=-3.617822e+07, not replacing live point.
13:06:42 [ultranest] [DEBUG] Plateau detected at L=-3.617822e+07, not replacing live point.
13:06:42 [ultranest] [DEBUG] Plateau detected at L=-3.617822e+07, not replacing live point.
13:06:42 [ultranest] [DEBUG] Plateau detected at L=-3.617822e+07, not replacing live point.
13:06:42 [ultranest] [DEBUG] Plateau detected at L=-3.617822e+07, not replacing live point.
13:06:42 [ultranest] [DEBUG] Plateau detected at L=-3.617822e+07, not replacing live point.
13:06:42 [ultranest] [DEBUG] iteration=15, ncalls=401, regioncalls=40, ndraw=40, logz=-36178220.26, remainder_fraction=100.0000%, Lmin=-36178216.98, Lmax=-282219.66
13:06:42 [ultranest] [DEBUG] iteration=29, ncalls=417, regioncalls=680, ndraw=40, logz=-333447.45, remainder_fraction=100.0000%, Lmin=-332766.04, Lmax=-282219.66
13:06:42 [ultranest] [DEBUG] iteration=40, ncalls=429, regioncalls=1160, ndraw=40, logz=-328361.14, remainder_fraction=100.0000%, Lmin=-327945.83, Lmax=-282219.66
13:06:42 [ultranest] [DEBUG] iteration=54, ncalls=445, regioncalls=1800, ndraw=40, logz=-323930.28, remainder_fraction=100.0000%, Lmin=-323479.49, Lmax=-282219.66
13:06:42 [ultranest] [DEBUG] iteration=69, ncalls=461, regioncalls=2440, ndraw=40, logz=-319881.36, remainder_fraction=100.0000%, Lmin=-319851.28, Lmax=-282219.66
13:06:42 [ultranest] [DEBUG] iteration=80, ncalls=474, regioncalls=2960, ndraw=40, logz=-318192.87, remainder_fraction=100.0000%, Lmin=-317907.93, Lmax=-282219.66
13:06:42 [ultranest] [DEBUG] iteration=94, ncalls=490, regioncalls=3600, ndraw=40, logz=-314496.58, remainder_fraction=100.0000%, Lmin=-313734.16, Lmax=-282219.66
13:06:42 [ultranest] [DEBUG] iteration=101, ncalls=499, regioncalls=3960, ndraw=40, logz=-312659.65, remainder_fraction=100.0000%, Lmin=-312645.24, Lmax=-282219.66
13:06:42 [ultranest] [DEBUG] iteration=112, ncalls=515, regioncalls=4600, ndraw=40, logz=-311304.97, remainder_fraction=100.0000%, Lmin=-311077.54, Lmax=-282219.66
13:06:42 [ultranest] [DEBUG] iteration=120, ncalls=525, regioncalls=5000, ndraw=40, logz=-310192.18, remainder_fraction=100.0000%, Lmin=-309905.47, Lmax=-282219.66
13:06:42 [ultranest] [DEBUG] iteration=134, ncalls=541, regioncalls=5640, ndraw=40, logz=-308718.60, remainder_fraction=100.0000%, Lmin=-308625.05, Lmax=-282219.66
13:06:43 [ultranest] [DEBUG] iteration=149, ncalls=557, regioncalls=6280, ndraw=40, logz=-307700.89, remainder_fraction=100.0000%, Lmin=-307313.25, Lmax=-282219.66
13:06:43 [ultranest] [DEBUG] iteration=160, ncalls=570, regioncalls=6800, ndraw=40, logz=-305988.04, remainder_fraction=100.0000%, Lmin=-305766.71, Lmax=-282219.66
13:06:43 [ultranest] [DEBUG] iteration=171, ncalls=586, regioncalls=7440, ndraw=40, logz=-304900.40, remainder_fraction=100.0000%, Lmin=-304769.52, Lmax=-282219.66
13:06:43 [ultranest] [DEBUG] iteration=184, ncalls=602, regioncalls=8080, ndraw=40, logz=-303450.14, remainder_fraction=100.0000%, Lmin=-303429.69, Lmax=-282219.66
13:06:43 [ultranest] [DEBUG] iteration=187, ncalls=605, regioncalls=8200, ndraw=40, logz=-303310.27, remainder_fraction=100.0000%, Lmin=-303279.16, Lmax=-282219.66
13:06:43 [ultranest] [DEBUG] iteration=199, ncalls=621, regioncalls=8840, ndraw=40, logz=-302582.93, remainder_fraction=100.0000%, Lmin=-302528.34, Lmax=-282219.66
13:06:43 [ultranest] [DEBUG] iteration=200, ncalls=622, regioncalls=8880, ndraw=40, logz=-302534.81, remainder_fraction=100.0000%, Lmin=-302465.86, Lmax=-282219.66
13:06:43 [ultranest] [DEBUG] iteration=214, ncalls=638, regioncalls=9520, ndraw=40, logz=-301753.17, remainder_fraction=100.0000%, Lmin=-301733.17, Lmax=-282219.66
13:06:43 [ultranest] [DEBUG] iteration=227, ncalls=654, regioncalls=10160, ndraw=40, logz=-300821.43, remainder_fraction=100.0000%, Lmin=-300662.55, Lmax=-282219.66
13:06:43 [ultranest] [DEBUG] iteration=238, ncalls=670, regioncalls=10800, ndraw=40, logz=-300127.12, remainder_fraction=100.0000%, Lmin=-300062.79, Lmax=-282219.66
13:06:43 [ultranest] [DEBUG] iteration=240, ncalls=672, regioncalls=10880, ndraw=40, logz=-299968.18, remainder_fraction=100.0000%, Lmin=-299911.69, Lmax=-282219.66
13:06:43 [ultranest] [DEBUG] iteration=253, ncalls=688, regioncalls=11520, ndraw=40, logz=-299118.01, remainder_fraction=100.0000%, Lmin=-299035.34, Lmax=-282219.66
13:06:43 [ultranest] [DEBUG] iteration=263, ncalls=704, regioncalls=12160, ndraw=40, logz=-298609.78, remainder_fraction=100.0000%, Lmin=-298555.68, Lmax=-282219.66
13:06:44 [ultranest] [DEBUG] iteration=273, ncalls=718, regioncalls=12720, ndraw=40, logz=-297972.78, remainder_fraction=100.0000%, Lmin=-297920.39, Lmax=-282219.66
13:06:44 [ultranest] [DEBUG] iteration=280, ncalls=725, regioncalls=13000, ndraw=40, logz=-297593.46, remainder_fraction=100.0000%, Lmin=-297359.45, Lmax=-282219.66
13:06:44 [ultranest] [DEBUG] iteration=294, ncalls=742, regioncalls=13680, ndraw=40, logz=-296343.49, remainder_fraction=100.0000%, Lmin=-296322.34, Lmax=-282219.66
13:06:44 [ultranest] [DEBUG] iteration=305, ncalls=759, regioncalls=14360, ndraw=40, logz=-296007.24, remainder_fraction=100.0000%, Lmin=-295957.40, Lmax=-282219.66
13:06:44 [ultranest] [DEBUG] iteration=319, ncalls=775, regioncalls=15000, ndraw=40, logz=-295113.95, remainder_fraction=100.0000%, Lmin=-295075.38, Lmax=-282219.66
13:06:44 [ultranest] [DEBUG] iteration=320, ncalls=777, regioncalls=15080, ndraw=40, logz=-295082.16, remainder_fraction=100.0000%, Lmin=-295038.02, Lmax=-282219.66
13:06:44 [ultranest] [DEBUG] iteration=332, ncalls=793, regioncalls=15720, ndraw=40, logz=-294494.67, remainder_fraction=100.0000%, Lmin=-294410.67, Lmax=-282219.66
13:06:44 [ultranest] [DEBUG] iteration=345, ncalls=809, regioncalls=16360, ndraw=40, logz=-293981.03, remainder_fraction=100.0000%, Lmin=-293962.45, Lmax=-282219.66
13:06:44 [ultranest] [DEBUG] iteration=358, ncalls=825, regioncalls=17000, ndraw=40, logz=-293440.47, remainder_fraction=100.0000%, Lmin=-293398.68, Lmax=-282219.66
13:06:44 [ultranest] [DEBUG] iteration=359, ncalls=826, regioncalls=17040, ndraw=40, logz=-293405.56, remainder_fraction=100.0000%, Lmin=-293240.62, Lmax=-282219.66
13:06:44 [ultranest] [DEBUG] iteration=360, ncalls=827, regioncalls=17080, ndraw=40, logz=-293247.51, remainder_fraction=100.0000%, Lmin=-293199.57, Lmax=-282219.66
13:06:44 [ultranest] [DEBUG] iteration=372, ncalls=843, regioncalls=17720, ndraw=40, logz=-292715.04, remainder_fraction=100.0000%, Lmin=-292679.85, Lmax=-282219.66
13:06:44 [ultranest] [DEBUG] iteration=387, ncalls=859, regioncalls=18360, ndraw=40, logz=-292190.17, remainder_fraction=100.0000%, Lmin=-292111.19, Lmax=-282219.66
13:06:45 [ultranest] [DEBUG] iteration=399, ncalls=875, regioncalls=19000, ndraw=40, logz=-291678.82, remainder_fraction=100.0000%, Lmin=-291626.24, Lmax=-282219.66
13:06:45 [ultranest] [DEBUG] iteration=400, ncalls=876, regioncalls=19040, ndraw=40, logz=-291633.23, remainder_fraction=100.0000%, Lmin=-291536.80, Lmax=-282219.66
13:06:45 [ultranest] [DEBUG] iteration=413, ncalls=892, regioncalls=19680, ndraw=40, logz=-291287.28, remainder_fraction=100.0000%, Lmin=-291254.02, Lmax=-282219.66
13:06:45 [ultranest] [DEBUG] iteration=428, ncalls=908, regioncalls=20320, ndraw=40, logz=-290946.55, remainder_fraction=100.0000%, Lmin=-290922.30, Lmax=-282219.66
13:06:45 [ultranest] [DEBUG] iteration=440, ncalls=921, regioncalls=20840, ndraw=40, logz=-290701.89, remainder_fraction=100.0000%, Lmin=-290630.10, Lmax=-282219.66
13:06:45 [ultranest] [DEBUG] iteration=445, ncalls=927, regioncalls=21080, ndraw=40, logz=-290553.06, remainder_fraction=100.0000%, Lmin=-290499.71, Lmax=-282219.66
13:06:45 [ultranest] [DEBUG] iteration=458, ncalls=943, regioncalls=21720, ndraw=40, logz=-290034.88, remainder_fraction=100.0000%, Lmin=-290013.39, Lmax=-282219.66
13:06:45 [ultranest] [DEBUG] iteration=472, ncalls=959, regioncalls=22360, ndraw=40, logz=-289726.33, remainder_fraction=100.0000%, Lmin=-289694.24, Lmax=-282219.66
13:06:45 [ultranest] [DEBUG] iteration=480, ncalls=969, regioncalls=22760, ndraw=40, logz=-289604.47, remainder_fraction=100.0000%, Lmin=-289578.93, Lmax=-282219.66
13:06:45 [ultranest] [DEBUG] iteration=494, ncalls=985, regioncalls=23400, ndraw=40, logz=-289341.53, remainder_fraction=100.0000%, Lmin=-289279.19, Lmax=-282219.66
13:06:45 [ultranest] [DEBUG] iteration=508, ncalls=1001, regioncalls=24040, ndraw=40, logz=-288890.81, remainder_fraction=100.0000%, Lmin=-288878.51, Lmax=-282219.66
13:06:46 [ultranest] [DEBUG] iteration=520, ncalls=1017, regioncalls=24680, ndraw=40, logz=-288588.27, remainder_fraction=100.0000%, Lmin=-288570.31, Lmax=-282219.66
13:06:46 [ultranest] [DEBUG] iteration=531, ncalls=1032, regioncalls=25280, ndraw=40, logz=-288458.46, remainder_fraction=100.0000%, Lmin=-288435.41, Lmax=-282219.66
13:06:46 [ultranest] [DEBUG] iteration=543, ncalls=1048, regioncalls=25920, ndraw=40, logz=-288209.22, remainder_fraction=100.0000%, Lmin=-288133.90, Lmax=-282219.66
13:06:46 [ultranest] [DEBUG] iteration=555, ncalls=1065, regioncalls=26600, ndraw=40, logz=-287922.29, remainder_fraction=100.0000%, Lmin=-287910.58, Lmax=-282219.66
13:06:46 [ultranest] [DEBUG] iteration=560, ncalls=1072, regioncalls=26880, ndraw=40, logz=-287864.78, remainder_fraction=100.0000%, Lmin=-287846.69, Lmax=-282219.66
13:06:46 [ultranest] [DEBUG] iteration=574, ncalls=1088, regioncalls=27520, ndraw=40, logz=-287519.17, remainder_fraction=100.0000%, Lmin=-287461.99, Lmax=-282219.66
13:06:46 [ultranest] [DEBUG] iteration=588, ncalls=1103, regioncalls=28120, ndraw=40, logz=-287331.81, remainder_fraction=100.0000%, Lmin=-287318.30, Lmax=-282200.51
13:06:46 [ultranest] [DEBUG] iteration=598, ncalls=1119, regioncalls=28760, ndraw=40, logz=-287173.85, remainder_fraction=100.0000%, Lmin=-287146.68, Lmax=-282194.32
13:06:46 [ultranest] [DEBUG] iteration=600, ncalls=1122, regioncalls=28880, ndraw=40, logz=-287130.42, remainder_fraction=100.0000%, Lmin=-287120.41, Lmax=-282194.32
13:06:46 [ultranest] [DEBUG] iteration=609, ncalls=1138, regioncalls=29520, ndraw=40, logz=-286970.00, remainder_fraction=100.0000%, Lmin=-286955.12, Lmax=-282194.32
13:06:46 [ultranest] [DEBUG] iteration=617, ncalls=1150, regioncalls=30000, ndraw=40, logz=-286883.36, remainder_fraction=100.0000%, Lmin=-286855.16, Lmax=-282194.32
13:06:47 [ultranest] [DEBUG] iteration=628, ncalls=1165, regioncalls=30600, ndraw=40, logz=-286710.57, remainder_fraction=100.0000%, Lmin=-286695.46, Lmax=-282194.32
13:06:47 [ultranest] [DEBUG] iteration=640, ncalls=1179, regioncalls=31160, ndraw=40, logz=-286603.70, remainder_fraction=100.0000%, Lmin=-286582.77, Lmax=-282194.32
13:06:47 [ultranest] [DEBUG] iteration=650, ncalls=1195, regioncalls=31800, ndraw=40, logz=-286513.93, remainder_fraction=100.0000%, Lmin=-286478.69, Lmax=-282194.32
13:06:47 [ultranest] [DEBUG] iteration=662, ncalls=1211, regioncalls=32440, ndraw=40, logz=-286359.59, remainder_fraction=100.0000%, Lmin=-286343.53, Lmax=-282194.32
13:06:47 [ultranest] [DEBUG] iteration=675, ncalls=1227, regioncalls=33080, ndraw=40, logz=-286196.91, remainder_fraction=100.0000%, Lmin=-286180.59, Lmax=-282194.32
13:06:47 [ultranest] [DEBUG] iteration=680, ncalls=1234, regioncalls=33360, ndraw=40, logz=-286121.34, remainder_fraction=100.0000%, Lmin=-286101.21, Lmax=-282194.32
13:06:47 [ultranest] [DEBUG] iteration=692, ncalls=1249, regioncalls=33960, ndraw=40, logz=-285965.45, remainder_fraction=100.0000%, Lmin=-285954.84, Lmax=-282194.32
13:06:47 [ultranest] [DEBUG] iteration=705, ncalls=1263, regioncalls=34520, ndraw=40, logz=-285855.31, remainder_fraction=100.0000%, Lmin=-285841.34, Lmax=-282194.32
13:06:47 [ultranest] [DEBUG] iteration=716, ncalls=1279, regioncalls=35160, ndraw=40, logz=-285777.25, remainder_fraction=100.0000%, Lmin=-285765.26, Lmax=-282194.32
13:06:47 [ultranest] [DEBUG] iteration=720, ncalls=1284, regioncalls=35360, ndraw=40, logz=-285714.20, remainder_fraction=100.0000%, Lmin=-285699.34, Lmax=-282194.32
13:06:47 [ultranest] [DEBUG] iteration=730, ncalls=1300, regioncalls=36000, ndraw=40, logz=-285640.65, remainder_fraction=100.0000%, Lmin=-285627.25, Lmax=-282194.32
13:06:48 [ultranest] [DEBUG] iteration=741, ncalls=1316, regioncalls=36640, ndraw=40, logz=-285532.81, remainder_fraction=100.0000%, Lmin=-285501.47, Lmax=-282194.32
13:06:48 [ultranest] [DEBUG] iteration=753, ncalls=1332, regioncalls=37280, ndraw=40, logz=-285386.53, remainder_fraction=100.0000%, Lmin=-285378.36, Lmax=-282194.32
13:06:48 [ultranest] [DEBUG] iteration=760, ncalls=1340, regioncalls=37600, ndraw=40, logz=-285317.29, remainder_fraction=100.0000%, Lmin=-285306.38, Lmax=-282194.32
13:06:48 [ultranest] [DEBUG] iteration=772, ncalls=1356, regioncalls=38240, ndraw=40, logz=-285221.15, remainder_fraction=100.0000%, Lmin=-285207.63, Lmax=-282194.32
13:06:48 [ultranest] [DEBUG] iteration=785, ncalls=1373, regioncalls=38920, ndraw=40, logz=-285140.92, remainder_fraction=100.0000%, Lmin=-285125.86, Lmax=-282194.32
13:06:48 [ultranest] [DEBUG] iteration=789, ncalls=1379, regioncalls=39160, ndraw=40, logz=-285111.93, remainder_fraction=100.0000%, Lmin=-285080.87, Lmax=-282184.18
13:06:48 [ultranest] [DEBUG] iteration=800, ncalls=1391, regioncalls=39640, ndraw=40, logz=-285024.95, remainder_fraction=100.0000%, Lmin=-285001.78, Lmax=-282184.18
13:06:48 [ultranest] [DEBUG] iteration=812, ncalls=1408, regioncalls=40320, ndraw=40, logz=-284862.49, remainder_fraction=100.0000%, Lmin=-284834.60, Lmax=-282184.18
13:06:48 [ultranest] [DEBUG] iteration=826, ncalls=1424, regioncalls=40960, ndraw=40, logz=-284712.61, remainder_fraction=100.0000%, Lmin=-284700.13, Lmax=-282184.18
13:06:48 [ultranest] [DEBUG] iteration=837, ncalls=1439, regioncalls=41560, ndraw=40, logz=-284650.86, remainder_fraction=100.0000%, Lmin=-284636.35, Lmax=-282184.18
13:06:48 [ultranest] [DEBUG] iteration=840, ncalls=1443, regioncalls=41720, ndraw=40, logz=-284616.86, remainder_fraction=100.0000%, Lmin=-284596.13, Lmax=-282184.18
13:06:48 [ultranest] [DEBUG] iteration=850, ncalls=1459, regioncalls=42360, ndraw=40, logz=-284541.27, remainder_fraction=100.0000%, Lmin=-284522.05, Lmax=-282184.18
13:06:49 [ultranest] [DEBUG] iteration=861, ncalls=1475, regioncalls=43000, ndraw=40, logz=-284454.79, remainder_fraction=100.0000%, Lmin=-284441.99, Lmax=-282184.18
13:06:49 [ultranest] [DEBUG] iteration=873, ncalls=1491, regioncalls=43640, ndraw=40, logz=-284388.57, remainder_fraction=100.0000%, Lmin=-284376.78, Lmax=-282184.18
13:06:49 [ultranest] [DEBUG] iteration=875, ncalls=1494, regioncalls=43760, ndraw=40, logz=-284383.10, remainder_fraction=100.0000%, Lmin=-284367.18, Lmax=-282184.18
13:06:49 [ultranest] [DEBUG] iteration=880, ncalls=1500, regioncalls=44000, ndraw=40, logz=-284362.83, remainder_fraction=100.0000%, Lmin=-284346.83, Lmax=-282184.18
13:06:49 [ultranest] [DEBUG] iteration=892, ncalls=1517, regioncalls=44680, ndraw=40, logz=-284285.13, remainder_fraction=100.0000%, Lmin=-284275.54, Lmax=-282184.18
13:06:49 [ultranest] [DEBUG] iteration=904, ncalls=1533, regioncalls=45320, ndraw=40, logz=-284194.85, remainder_fraction=100.0000%, Lmin=-284184.87, Lmax=-282184.18
13:06:49 [ultranest] [DEBUG] iteration=916, ncalls=1550, regioncalls=46000, ndraw=40, logz=-284148.10, remainder_fraction=100.0000%, Lmin=-284139.49, Lmax=-282184.18
13:06:49 [ultranest] [DEBUG] iteration=920, ncalls=1556, regioncalls=46240, ndraw=40, logz=-284132.50, remainder_fraction=100.0000%, Lmin=-284118.21, Lmax=-282184.18
13:06:49 [ultranest] [DEBUG] iteration=930, ncalls=1572, regioncalls=46880, ndraw=40, logz=-284088.41, remainder_fraction=100.0000%, Lmin=-284067.13, Lmax=-282184.18
13:06:49 [ultranest] [DEBUG] iteration=943, ncalls=1587, regioncalls=47480, ndraw=40, logz=-284023.10, remainder_fraction=100.0000%, Lmin=-284007.27, Lmax=-282184.18
13:06:49 [ultranest] [DEBUG] iteration=956, ncalls=1602, regioncalls=48080, ndraw=40, logz=-283976.47, remainder_fraction=100.0000%, Lmin=-283957.61, Lmax=-282184.18
13:06:49 [ultranest] [DEBUG] iteration=960, ncalls=1606, regioncalls=48240, ndraw=40, logz=-283949.02, remainder_fraction=100.0000%, Lmin=-283935.45, Lmax=-282184.18
13:06:49 [ultranest] [DEBUG] iteration=961, ncalls=1607, regioncalls=48280, ndraw=40, logz=-283943.89, remainder_fraction=100.0000%, Lmin=-283935.42, Lmax=-282184.18
13:06:50 [ultranest] [DEBUG] iteration=974, ncalls=1622, regioncalls=48920, ndraw=40, logz=-283857.63, remainder_fraction=100.0000%, Lmin=-283847.93, Lmax=-282184.18
13:06:50 [ultranest] [DEBUG] iteration=988, ncalls=1638, regioncalls=49560, ndraw=40, logz=-283814.37, remainder_fraction=100.0000%, Lmin=-283798.18, Lmax=-282184.18
13:06:50 [ultranest] [DEBUG] iteration=1000, ncalls=1654, regioncalls=50200, ndraw=40, logz=-283747.99, remainder_fraction=100.0000%, Lmin=-283730.92, Lmax=-282184.18
13:06:50 [ultranest] [DEBUG] iteration=1012, ncalls=1670, regioncalls=50840, ndraw=40, logz=-283696.03, remainder_fraction=100.0000%, Lmin=-283685.27, Lmax=-282184.18
13:06:50 [ultranest] [DEBUG] iteration=1024, ncalls=1686, regioncalls=51480, ndraw=40, logz=-283649.52, remainder_fraction=100.0000%, Lmin=-283639.64, Lmax=-282184.18
13:06:50 [ultranest] [DEBUG] iteration=1034, ncalls=1702, regioncalls=52120, ndraw=40, logz=-283620.58, remainder_fraction=100.0000%, Lmin=-283606.01, Lmax=-282184.18
13:06:50 [ultranest] [DEBUG] iteration=1040, ncalls=1711, regioncalls=52480, ndraw=40, logz=-283568.16, remainder_fraction=100.0000%, Lmin=-283556.66, Lmax=-282184.18
13:06:50 [ultranest] [DEBUG] iteration=1051, ncalls=1726, regioncalls=53080, ndraw=40, logz=-283527.95, remainder_fraction=100.0000%, Lmin=-283518.13, Lmax=-282184.18
13:06:50 [ultranest] [DEBUG] iteration=1064, ncalls=1741, regioncalls=53680, ndraw=40, logz=-283490.74, remainder_fraction=100.0000%, Lmin=-283480.06, Lmax=-282184.18
13:06:50 [ultranest] [DEBUG] iteration=1075, ncalls=1757, regioncalls=54320, ndraw=40, logz=-283457.38, remainder_fraction=100.0000%, Lmin=-283446.37, Lmax=-282184.18
13:06:50 [ultranest] [DEBUG] iteration=1080, ncalls=1763, regioncalls=54560, ndraw=40, logz=-283448.89, remainder_fraction=100.0000%, Lmin=-283432.20, Lmax=-282184.18
13:06:51 [ultranest] [DEBUG] iteration=1091, ncalls=1782, regioncalls=55320, ndraw=40, logz=-283396.26, remainder_fraction=100.0000%, Lmin=-283384.46, Lmax=-282180.59
13:06:51 [ultranest] [DEBUG] iteration=1101, ncalls=1799, regioncalls=56000, ndraw=40, logz=-283362.26, remainder_fraction=100.0000%, Lmin=-283346.77, Lmax=-282180.59
13:06:51 [ultranest] [DEBUG] iteration=1111, ncalls=1817, regioncalls=56720, ndraw=40, logz=-283320.85, remainder_fraction=100.0000%, Lmin=-283310.74, Lmax=-282180.59
13:06:51 [ultranest] [DEBUG] iteration=1120, ncalls=1828, regioncalls=57160, ndraw=40, logz=-283290.63, remainder_fraction=100.0000%, Lmin=-283280.96, Lmax=-282180.59
13:06:51 [ultranest] [DEBUG] iteration=1130, ncalls=1845, regioncalls=57840, ndraw=40, logz=-283274.78, remainder_fraction=100.0000%, Lmin=-283264.58, Lmax=-282180.59
13:06:51 [ultranest] [DEBUG] iteration=1133, ncalls=1850, regioncalls=58040, ndraw=40, logz=-283268.93, remainder_fraction=100.0000%, Lmin=-283255.72, Lmax=-282180.59
13:06:51 [ultranest] [DEBUG] iteration=1147, ncalls=1865, regioncalls=58680, ndraw=40, logz=-283225.16, remainder_fraction=100.0000%, Lmin=-283213.88, Lmax=-282180.59
13:06:51 [ultranest] [DEBUG] iteration=1159, ncalls=1881, regioncalls=59320, ndraw=40, logz=-283199.17, remainder_fraction=100.0000%, Lmin=-283187.21, Lmax=-282180.59
13:06:51 [ultranest] [DEBUG] iteration=1160, ncalls=1882, regioncalls=59360, ndraw=40, logz=-283196.12, remainder_fraction=100.0000%, Lmin=-283185.32, Lmax=-282180.59
13:06:51 [ultranest] [DEBUG] iteration=1173, ncalls=1898, regioncalls=60000, ndraw=40, logz=-283158.36, remainder_fraction=100.0000%, Lmin=-283148.41, Lmax=-282180.59
13:06:51 [ultranest] [DEBUG] iteration=1184, ncalls=1914, regioncalls=60640, ndraw=40, logz=-283144.04, remainder_fraction=100.0000%, Lmin=-283135.07, Lmax=-282180.59
13:06:52 [ultranest] [DEBUG] iteration=1198, ncalls=1930, regioncalls=61280, ndraw=40, logz=-283109.24, remainder_fraction=100.0000%, Lmin=-283100.23, Lmax=-282180.59
13:06:52 [ultranest] [DEBUG] iteration=1200, ncalls=1934, regioncalls=61440, ndraw=40, logz=-283108.11, remainder_fraction=100.0000%, Lmin=-283097.70, Lmax=-282180.59
13:06:52 [ultranest] [DEBUG] iteration=1213, ncalls=1950, regioncalls=62080, ndraw=40, logz=-283077.51, remainder_fraction=100.0000%, Lmin=-283063.47, Lmax=-282180.59
13:06:52 [ultranest] [DEBUG] iteration=1219, ncalls=1960, regioncalls=62480, ndraw=40, logz=-283056.27, remainder_fraction=100.0000%, Lmin=-283047.00, Lmax=-282180.59
13:06:52 [ultranest] [DEBUG] iteration=1228, ncalls=1976, regioncalls=63160, ndraw=40, logz=-283042.54, remainder_fraction=100.0000%, Lmin=-283031.33, Lmax=-282180.59
13:06:52 [ultranest] [DEBUG] iteration=1240, ncalls=1992, regioncalls=63920, ndraw=40, logz=-283015.99, remainder_fraction=100.0000%, Lmin=-283006.25, Lmax=-282180.59
13:06:52 [ultranest] [DEBUG] iteration=1253, ncalls=2007, regioncalls=64520, ndraw=40, logz=-282995.74, remainder_fraction=100.0000%, Lmin=-282985.87, Lmax=-282179.10
13:06:52 [ultranest] [DEBUG] iteration=1264, ncalls=2023, regioncalls=65160, ndraw=40, logz=-282974.98, remainder_fraction=100.0000%, Lmin=-282965.04, Lmax=-282177.10
13:06:52 [ultranest] [DEBUG] iteration=1274, ncalls=2039, regioncalls=65800, ndraw=40, logz=-282955.22, remainder_fraction=100.0000%, Lmin=-282941.30, Lmax=-282177.10
13:06:52 [ultranest] [DEBUG] iteration=1280, ncalls=2047, regioncalls=66120, ndraw=40, logz=-282942.26, remainder_fraction=100.0000%, Lmin=-282924.35, Lmax=-282177.10
13:06:52 [ultranest] [DEBUG] iteration=1292, ncalls=2063, regioncalls=66760, ndraw=40, logz=-282909.83, remainder_fraction=100.0000%, Lmin=-282899.04, Lmax=-282177.10
13:06:53 [ultranest] [DEBUG] iteration=1301, ncalls=2079, regioncalls=67400, ndraw=40, logz=-282892.45, remainder_fraction=100.0000%, Lmin=-282883.00, Lmax=-282177.10
13:06:53 [ultranest] [DEBUG] iteration=1305, ncalls=2085, regioncalls=67640, ndraw=40, logz=-282882.85, remainder_fraction=100.0000%, Lmin=-282872.83, Lmax=-282177.10
13:06:53 [ultranest] [DEBUG] iteration=1315, ncalls=2101, regioncalls=68360, ndraw=40, logz=-282868.85, remainder_fraction=100.0000%, Lmin=-282859.12, Lmax=-282177.10
13:06:53 [ultranest] [DEBUG] iteration=1320, ncalls=2106, regioncalls=68560, ndraw=40, logz=-282858.12, remainder_fraction=100.0000%, Lmin=-282848.73, Lmax=-282177.10
13:06:53 [ultranest] [DEBUG] iteration=1332, ncalls=2122, regioncalls=69200, ndraw=40, logz=-282835.63, remainder_fraction=100.0000%, Lmin=-282825.42, Lmax=-282177.10
13:06:53 [ultranest] [DEBUG] iteration=1344, ncalls=2139, regioncalls=69880, ndraw=40, logz=-282818.80, remainder_fraction=100.0000%, Lmin=-282807.89, Lmax=-282177.10
13:06:53 [ultranest] [DEBUG] iteration=1355, ncalls=2155, regioncalls=70520, ndraw=40, logz=-282798.22, remainder_fraction=100.0000%, Lmin=-282788.86, Lmax=-282177.10
13:06:53 [ultranest] [DEBUG] iteration=1360, ncalls=2160, regioncalls=70720, ndraw=40, logz=-282792.86, remainder_fraction=100.0000%, Lmin=-282783.19, Lmax=-282177.10
13:06:53 [ultranest] [DEBUG] iteration=1369, ncalls=2178, regioncalls=71440, ndraw=40, logz=-282775.59, remainder_fraction=100.0000%, Lmin=-282765.64, Lmax=-282177.10
13:06:53 [ultranest] [DEBUG] iteration=1380, ncalls=2195, regioncalls=72120, ndraw=40, logz=-282762.60, remainder_fraction=100.0000%, Lmin=-282752.51, Lmax=-282177.10
13:06:53 [ultranest] [DEBUG] iteration=1391, ncalls=2209, regioncalls=72680, ndraw=40, logz=-282751.95, remainder_fraction=100.0000%, Lmin=-282742.55, Lmax=-282177.10
13:06:54 [ultranest] [DEBUG] iteration=1400, ncalls=2222, regioncalls=73200, ndraw=40, logz=-282744.77, remainder_fraction=100.0000%, Lmin=-282733.69, Lmax=-282177.10
13:06:54 [ultranest] [DEBUG] iteration=1410, ncalls=2240, regioncalls=73920, ndraw=40, logz=-282734.10, remainder_fraction=100.0000%, Lmin=-282724.63, Lmax=-282177.10
13:06:54 [ultranest] [DEBUG] iteration=1421, ncalls=2257, regioncalls=74600, ndraw=40, logz=-282716.30, remainder_fraction=100.0000%, Lmin=-282704.25, Lmax=-282177.10
13:06:54 [ultranest] [DEBUG] iteration=1433, ncalls=2273, regioncalls=75240, ndraw=40, logz=-282695.59, remainder_fraction=100.0000%, Lmin=-282685.35, Lmax=-282177.10
13:06:54 [ultranest] [DEBUG] iteration=1440, ncalls=2280, regioncalls=75520, ndraw=40, logz=-282692.32, remainder_fraction=100.0000%, Lmin=-282681.88, Lmax=-282177.10
13:06:54 [ultranest] [DEBUG] iteration=1453, ncalls=2295, regioncalls=76120, ndraw=40, logz=-282679.23, remainder_fraction=100.0000%, Lmin=-282669.96, Lmax=-282176.75
13:06:54 [ultranest] [DEBUG] iteration=1461, ncalls=2311, regioncalls=76760, ndraw=40, logz=-282665.30, remainder_fraction=100.0000%, Lmin=-282655.88, Lmax=-282176.75
13:06:54 [ultranest] [DEBUG] iteration=1472, ncalls=2327, regioncalls=77400, ndraw=40, logz=-282655.51, remainder_fraction=100.0000%, Lmin=-282643.26, Lmax=-282176.75
13:06:54 [ultranest] [DEBUG] iteration=1477, ncalls=2334, regioncalls=77680, ndraw=40, logz=-282647.99, remainder_fraction=100.0000%, Lmin=-282638.63, Lmax=-282176.75
13:06:54 [ultranest] [DEBUG] iteration=1480, ncalls=2337, regioncalls=77840, ndraw=40, logz=-282646.11, remainder_fraction=100.0000%, Lmin=-282636.60, Lmax=-282176.75
13:06:54 [ultranest] [DEBUG] iteration=1493, ncalls=2352, regioncalls=78440, ndraw=40, logz=-282638.29, remainder_fraction=100.0000%, Lmin=-282624.31, Lmax=-282176.75
13:06:55 [ultranest] [DEBUG] iteration=1506, ncalls=2367, regioncalls=79040, ndraw=40, logz=-282620.59, remainder_fraction=100.0000%, Lmin=-282610.64, Lmax=-282176.75
13:06:55 [ultranest] [DEBUG] iteration=1518, ncalls=2384, regioncalls=79720, ndraw=40, logz=-282608.01, remainder_fraction=100.0000%, Lmin=-282598.42, Lmax=-282176.75
13:06:55 [ultranest] [DEBUG] iteration=1520, ncalls=2389, regioncalls=79920, ndraw=40, logz=-282606.81, remainder_fraction=100.0000%, Lmin=-282597.61, Lmax=-282176.75
13:06:55 [ultranest] [DEBUG] iteration=1531, ncalls=2405, regioncalls=80560, ndraw=40, logz=-282598.65, remainder_fraction=100.0000%, Lmin=-282586.68, Lmax=-282176.75
13:06:55 [ultranest] [DEBUG] iteration=1544, ncalls=2420, regioncalls=81160, ndraw=40, logz=-282585.74, remainder_fraction=100.0000%, Lmin=-282573.27, Lmax=-282176.75
13:06:55 [ultranest] [DEBUG] iteration=1557, ncalls=2436, regioncalls=81800, ndraw=40, logz=-282572.96, remainder_fraction=100.0000%, Lmin=-282563.95, Lmax=-282176.75
13:06:55 [ultranest] [DEBUG] iteration=1560, ncalls=2442, regioncalls=82040, ndraw=40, logz=-282571.46, remainder_fraction=100.0000%, Lmin=-282562.19, Lmax=-282176.75
13:06:55 [ultranest] [DEBUG] iteration=1563, ncalls=2445, regioncalls=82200, ndraw=40, logz=-282568.40, remainder_fraction=100.0000%, Lmin=-282558.00, Lmax=-282176.75
13:06:55 [ultranest] [DEBUG] iteration=1576, ncalls=2461, regioncalls=82840, ndraw=40, logz=-282559.04, remainder_fraction=100.0000%, Lmin=-282549.32, Lmax=-282176.75
13:06:55 [ultranest] [DEBUG] iteration=1590, ncalls=2476, regioncalls=83440, ndraw=40, logz=-282539.66, remainder_fraction=100.0000%, Lmin=-282529.01, Lmax=-282176.75
13:06:55 [ultranest] [DEBUG] iteration=1600, ncalls=2486, regioncalls=83840, ndraw=40, logz=-282529.34, remainder_fraction=100.0000%, Lmin=-282519.20, Lmax=-282176.75
13:06:55 [ultranest] [DEBUG] iteration=1610, ncalls=2502, regioncalls=84480, ndraw=40, logz=-282516.73, remainder_fraction=100.0000%, Lmin=-282502.36, Lmax=-282176.75
13:06:56 [ultranest] [DEBUG] iteration=1623, ncalls=2520, regioncalls=85200, ndraw=40, logz=-282500.24, remainder_fraction=100.0000%, Lmin=-282489.92, Lmax=-282176.75
13:06:56 [ultranest] [DEBUG] iteration=1635, ncalls=2535, regioncalls=85800, ndraw=40, logz=-282492.01, remainder_fraction=100.0000%, Lmin=-282481.03, Lmax=-282176.75
13:06:56 [ultranest] [DEBUG] iteration=1640, ncalls=2541, regioncalls=86040, ndraw=40, logz=-282486.60, remainder_fraction=100.0000%, Lmin=-282476.94, Lmax=-282176.75
13:06:56 [ultranest] [DEBUG] iteration=1649, ncalls=2554, regioncalls=86600, ndraw=40, logz=-282480.58, remainder_fraction=100.0000%, Lmin=-282471.02, Lmax=-282176.75
13:06:56 [ultranest] [DEBUG] iteration=1661, ncalls=2570, regioncalls=87240, ndraw=40, logz=-282471.06, remainder_fraction=100.0000%, Lmin=-282461.23, Lmax=-282176.75
13:06:56 [ultranest] [DEBUG] iteration=1674, ncalls=2585, regioncalls=87840, ndraw=40, logz=-282463.43, remainder_fraction=100.0000%, Lmin=-282453.56, Lmax=-282176.75
13:06:56 [ultranest] [DEBUG] iteration=1680, ncalls=2593, regioncalls=88160, ndraw=40, logz=-282460.50, remainder_fraction=100.0000%, Lmin=-282449.71, Lmax=-282176.75
13:06:56 [ultranest] [DEBUG] iteration=1689, ncalls=2609, regioncalls=88800, ndraw=40, logz=-282452.69, remainder_fraction=100.0000%, Lmin=-282442.56, Lmax=-282176.75
13:06:56 [ultranest] [DEBUG] iteration=1699, ncalls=2625, regioncalls=89440, ndraw=40, logz=-282442.83, remainder_fraction=100.0000%, Lmin=-282433.35, Lmax=-282176.75
13:06:56 [ultranest] [DEBUG] iteration=1712, ncalls=2641, regioncalls=90080, ndraw=40, logz=-282432.32, remainder_fraction=100.0000%, Lmin=-282421.62, Lmax=-282176.75
13:06:56 [ultranest] [DEBUG] iteration=1720, ncalls=2650, regioncalls=90440, ndraw=40, logz=-282428.63, remainder_fraction=100.0000%, Lmin=-282419.17, Lmax=-282176.75
13:06:57 [ultranest] [DEBUG] iteration=1733, ncalls=2665, regioncalls=91040, ndraw=40, logz=-282423.44, remainder_fraction=100.0000%, Lmin=-282413.82, Lmax=-282176.75
13:06:57 [ultranest] [DEBUG] iteration=1744, ncalls=2679, regioncalls=91600, ndraw=40, logz=-282416.57, remainder_fraction=100.0000%, Lmin=-282407.03, Lmax=-282176.75
13:06:57 [ultranest] [DEBUG] iteration=1758, ncalls=2694, regioncalls=92200, ndraw=40, logz=-282406.91, remainder_fraction=100.0000%, Lmin=-282396.77, Lmax=-282176.75
13:06:57 [ultranest] [DEBUG] iteration=1760, ncalls=2696, regioncalls=92280, ndraw=40, logz=-282405.99, remainder_fraction=100.0000%, Lmin=-282396.48, Lmax=-282176.75
13:06:57 [ultranest] [DEBUG] iteration=1773, ncalls=2712, regioncalls=92920, ndraw=40, logz=-282400.14, remainder_fraction=100.0000%, Lmin=-282390.28, Lmax=-282176.75
13:06:57 [ultranest] [DEBUG] iteration=1785, ncalls=2727, regioncalls=93520, ndraw=40, logz=-282395.03, remainder_fraction=100.0000%, Lmin=-282385.47, Lmax=-282176.75
13:06:57 [ultranest] [DEBUG] iteration=1798, ncalls=2742, regioncalls=94120, ndraw=40, logz=-282388.50, remainder_fraction=100.0000%, Lmin=-282378.64, Lmax=-282176.75
13:06:57 [ultranest] [DEBUG] iteration=1800, ncalls=2744, regioncalls=94200, ndraw=40, logz=-282387.82, remainder_fraction=100.0000%, Lmin=-282377.84, Lmax=-282176.75
13:06:57 [ultranest] [DEBUG] iteration=1812, ncalls=2760, regioncalls=94840, ndraw=40, logz=-282383.77, remainder_fraction=100.0000%, Lmin=-282372.38, Lmax=-282176.75
13:06:57 [ultranest] [DEBUG] iteration=1822, ncalls=2775, regioncalls=95440, ndraw=40, logz=-282377.12, remainder_fraction=100.0000%, Lmin=-282366.83, Lmax=-282176.75
13:06:57 [ultranest] [DEBUG] iteration=1833, ncalls=2792, regioncalls=96120, ndraw=40, logz=-282372.04, remainder_fraction=100.0000%, Lmin=-282362.56, Lmax=-282176.75
13:06:57 [ultranest] [DEBUG] iteration=1840, ncalls=2801, regioncalls=96480, ndraw=40, logz=-282369.59, remainder_fraction=100.0000%, Lmin=-282359.84, Lmax=-282176.75
13:06:58 [ultranest] [DEBUG] iteration=1847, ncalls=2818, regioncalls=97160, ndraw=40, logz=-282367.69, remainder_fraction=100.0000%, Lmin=-282358.19, Lmax=-282176.75
13:06:58 [ultranest] [DEBUG] iteration=1859, ncalls=2834, regioncalls=97800, ndraw=40, logz=-282360.14, remainder_fraction=100.0000%, Lmin=-282349.30, Lmax=-282176.75
13:06:58 [ultranest] [DEBUG] iteration=1871, ncalls=2849, regioncalls=98400, ndraw=40, logz=-282353.02, remainder_fraction=100.0000%, Lmin=-282342.71, Lmax=-282176.75
13:06:58 [ultranest] [DEBUG] iteration=1880, ncalls=2860, regioncalls=98840, ndraw=40, logz=-282348.18, remainder_fraction=100.0000%, Lmin=-282337.15, Lmax=-282176.75
13:06:58 [ultranest] [DEBUG] iteration=1893, ncalls=2875, regioncalls=99440, ndraw=40, logz=-282343.25, remainder_fraction=100.0000%, Lmin=-282333.55, Lmax=-282176.75
13:06:58 [ultranest] [DEBUG] iteration=1902, ncalls=2891, regioncalls=100080, ndraw=40, logz=-282339.05, remainder_fraction=100.0000%, Lmin=-282328.45, Lmax=-282176.75
13:06:58 [ultranest] [DEBUG] iteration=1907, ncalls=2897, regioncalls=100360, ndraw=40, logz=-282335.64, remainder_fraction=100.0000%, Lmin=-282325.91, Lmax=-282176.75
13:06:58 [ultranest] [DEBUG] iteration=1920, ncalls=2914, regioncalls=101080, ndraw=40, logz=-282332.18, remainder_fraction=100.0000%, Lmin=-282322.36, Lmax=-282176.75
13:06:58 [ultranest] [DEBUG] iteration=1932, ncalls=2929, regioncalls=101680, ndraw=40, logz=-282329.05, remainder_fraction=100.0000%, Lmin=-282319.53, Lmax=-282176.75
13:06:58 [ultranest] [DEBUG] iteration=1945, ncalls=2944, regioncalls=102280, ndraw=40, logz=-282324.39, remainder_fraction=100.0000%, Lmin=-282314.43, Lmax=-282176.75
13:06:59 [ultranest] [DEBUG] iteration=1957, ncalls=2960, regioncalls=102920, ndraw=40, logz=-282319.93, remainder_fraction=100.0000%, Lmin=-282309.77, Lmax=-282176.75
13:06:59 [ultranest] [DEBUG] iteration=1960, ncalls=2963, regioncalls=103040, ndraw=40, logz=-282319.07, remainder_fraction=100.0000%, Lmin=-282308.82, Lmax=-282176.75
13:06:59 [ultranest] [DEBUG] iteration=1973, ncalls=2978, regioncalls=103640, ndraw=40, logz=-282314.77, remainder_fraction=100.0000%, Lmin=-282303.98, Lmax=-282176.75
13:06:59 [ultranest] [DEBUG] iteration=1983, ncalls=2994, regioncalls=104280, ndraw=40, logz=-282310.57, remainder_fraction=100.0000%, Lmin=-282300.37, Lmax=-282176.75
13:06:59 [ultranest] [DEBUG] iteration=1993, ncalls=3006, regioncalls=104800, ndraw=40, logz=-282308.02, remainder_fraction=100.0000%, Lmin=-282298.28, Lmax=-282176.75
13:06:59 [ultranest] [DEBUG] iteration=2000, ncalls=3014, regioncalls=105200, ndraw=40, logz=-282306.60, remainder_fraction=100.0000%, Lmin=-282297.03, Lmax=-282176.75
13:06:59 [ultranest] [DEBUG] iteration=2011, ncalls=3029, regioncalls=105800, ndraw=40, logz=-282302.62, remainder_fraction=100.0000%, Lmin=-282291.46, Lmax=-282176.75
13:06:59 [ultranest] [DEBUG] iteration=2022, ncalls=3045, regioncalls=106480, ndraw=40, logz=-282298.62, remainder_fraction=100.0000%, Lmin=-282288.67, Lmax=-282176.75
13:06:59 [ultranest] [DEBUG] iteration=2034, ncalls=3061, regioncalls=107120, ndraw=40, logz=-282294.47, remainder_fraction=100.0000%, Lmin=-282284.67, Lmax=-282176.75
13:06:59 [ultranest] [DEBUG] iteration=2040, ncalls=3068, regioncalls=107400, ndraw=40, logz=-282292.99, remainder_fraction=100.0000%, Lmin=-282281.81, Lmax=-282176.75
13:06:59 [ultranest] [DEBUG] iteration=2054, ncalls=3083, regioncalls=108000, ndraw=40, logz=-282288.09, remainder_fraction=100.0000%, Lmin=-282278.55, Lmax=-282176.75
13:06:59 [ultranest] [DEBUG] iteration=2066, ncalls=3098, regioncalls=108600, ndraw=40, logz=-282285.60, remainder_fraction=100.0000%, Lmin=-282275.86, Lmax=-282176.75
13:07:00 [ultranest] [DEBUG] iteration=2079, ncalls=3114, regioncalls=109280, ndraw=40, logz=-282282.69, remainder_fraction=100.0000%, Lmin=-282272.85, Lmax=-282176.75
13:07:00 [ultranest] [DEBUG] iteration=2080, ncalls=3115, regioncalls=109320, ndraw=40, logz=-282282.49, remainder_fraction=100.0000%, Lmin=-282272.84, Lmax=-282176.75
13:07:00 [ultranest] [DEBUG] iteration=2095, ncalls=3130, regioncalls=109920, ndraw=40, logz=-282279.61, remainder_fraction=100.0000%, Lmin=-282269.66, Lmax=-282176.75
13:07:00 [ultranest] [DEBUG] iteration=2106, ncalls=3146, regioncalls=110560, ndraw=40, logz=-282276.71, remainder_fraction=100.0000%, Lmin=-282266.88, Lmax=-282176.75
13:07:00 [ultranest] [DEBUG] iteration=2116, ncalls=3162, regioncalls=111200, ndraw=40, logz=-282274.78, remainder_fraction=100.0000%, Lmin=-282264.78, Lmax=-282176.75
13:07:00 [ultranest] [DEBUG] iteration=2120, ncalls=3168, regioncalls=111440, ndraw=40, logz=-282273.27, remainder_fraction=100.0000%, Lmin=-282262.62, Lmax=-282176.75
13:07:00 [ultranest] [DEBUG] iteration=2133, ncalls=3184, regioncalls=112080, ndraw=40, logz=-282269.86, remainder_fraction=100.0000%, Lmin=-282259.98, Lmax=-282176.75
13:07:00 [ultranest] [DEBUG] iteration=2143, ncalls=3200, regioncalls=112720, ndraw=40, logz=-282267.63, remainder_fraction=100.0000%, Lmin=-282257.82, Lmax=-282176.75
13:07:00 [ultranest] [DEBUG] iteration=2153, ncalls=3216, regioncalls=113360, ndraw=40, logz=-282265.95, remainder_fraction=100.0000%, Lmin=-282256.44, Lmax=-282176.75
13:07:00 [ultranest] [DEBUG] iteration=2160, ncalls=3225, regioncalls=113720, ndraw=40, logz=-282264.58, remainder_fraction=100.0000%, Lmin=-282253.49, Lmax=-282176.75
13:07:00 [ultranest] [DEBUG] iteration=2165, ncalls=3230, regioncalls=113960, ndraw=40, logz=-282262.91, remainder_fraction=100.0000%, Lmin=-282252.69, Lmax=-282176.75
13:07:00 [ultranest] [DEBUG] iteration=2177, ncalls=3246, regioncalls=114600, ndraw=40, logz=-282259.81, remainder_fraction=100.0000%, Lmin=-282249.64, Lmax=-282176.75
13:07:01 [ultranest] [DEBUG] iteration=2190, ncalls=3261, regioncalls=115200, ndraw=40, logz=-282257.15, remainder_fraction=100.0000%, Lmin=-282246.74, Lmax=-282176.75
13:07:01 [ultranest] [DEBUG] iteration=2200, ncalls=3273, regioncalls=115680, ndraw=40, logz=-282254.98, remainder_fraction=100.0000%, Lmin=-282245.37, Lmax=-282176.75
13:07:01 [ultranest] [DEBUG] iteration=2213, ncalls=3288, regioncalls=116280, ndraw=40, logz=-282252.69, remainder_fraction=100.0000%, Lmin=-282241.45, Lmax=-282176.75
13:07:01 [ultranest] [DEBUG] iteration=2224, ncalls=3304, regioncalls=116920, ndraw=40, logz=-282249.94, remainder_fraction=100.0000%, Lmin=-282240.17, Lmax=-282176.75
13:07:01 [ultranest] [DEBUG] iteration=2236, ncalls=3320, regioncalls=117560, ndraw=40, logz=-282248.03, remainder_fraction=100.0000%, Lmin=-282237.73, Lmax=-282176.75
13:07:01 [ultranest] [DEBUG] iteration=2240, ncalls=3324, regioncalls=117720, ndraw=40, logz=-282247.29, remainder_fraction=100.0000%, Lmin=-282236.61, Lmax=-282176.75
13:07:01 [ultranest] [DEBUG] iteration=2249, ncalls=3340, regioncalls=118360, ndraw=40, logz=-282245.36, remainder_fraction=100.0000%, Lmin=-282235.05, Lmax=-282176.75
13:07:01 [ultranest] [DEBUG] iteration=2251, ncalls=3342, regioncalls=118480, ndraw=40, logz=-282244.97, remainder_fraction=100.0000%, Lmin=-282234.94, Lmax=-282176.75
13:07:01 [ultranest] [DEBUG] iteration=2265, ncalls=3357, regioncalls=119080, ndraw=40, logz=-282243.09, remainder_fraction=100.0000%, Lmin=-282232.93, Lmax=-282176.75
13:07:01 [ultranest] [DEBUG] iteration=2277, ncalls=3375, regioncalls=119800, ndraw=40, logz=-282240.63, remainder_fraction=100.0000%, Lmin=-282230.23, Lmax=-282176.75
13:07:01 [ultranest] [DEBUG] iteration=2280, ncalls=3381, regioncalls=120040, ndraw=40, logz=-282240.06, remainder_fraction=100.0000%, Lmin=-282230.04, Lmax=-282176.75
13:07:01 [ultranest] [DEBUG] iteration=2293, ncalls=3397, regioncalls=120680, ndraw=40, logz=-282237.39, remainder_fraction=100.0000%, Lmin=-282227.20, Lmax=-282176.75
13:07:02 [ultranest] [DEBUG] iteration=2305, ncalls=3412, regioncalls=121280, ndraw=40, logz=-282235.34, remainder_fraction=100.0000%, Lmin=-282224.50, Lmax=-282176.75
13:07:02 [ultranest] [DEBUG] iteration=2317, ncalls=3429, regioncalls=121960, ndraw=40, logz=-282233.15, remainder_fraction=100.0000%, Lmin=-282223.21, Lmax=-282176.75
13:07:02 [ultranest] [DEBUG] iteration=2320, ncalls=3432, regioncalls=122080, ndraw=40, logz=-282232.75, remainder_fraction=100.0000%, Lmin=-282222.88, Lmax=-282176.75
13:07:02 [ultranest] [DEBUG] iteration=2332, ncalls=3447, regioncalls=122680, ndraw=40, logz=-282231.06, remainder_fraction=100.0000%, Lmin=-282220.78, Lmax=-282176.75
13:07:02 [ultranest] [DEBUG] iteration=2337, ncalls=3453, regioncalls=122960, ndraw=40, logz=-282230.22, remainder_fraction=100.0000%, Lmin=-282220.15, Lmax=-282176.75
13:07:02 [ultranest] [DEBUG] iteration=2350, ncalls=3468, regioncalls=123560, ndraw=40, logz=-282228.90, remainder_fraction=100.0000%, Lmin=-282219.18, Lmax=-282176.75
13:07:02 [ultranest] [DEBUG] iteration=2360, ncalls=3482, regioncalls=124120, ndraw=40, logz=-282227.74, remainder_fraction=100.0000%, Lmin=-282217.70, Lmax=-282176.75
13:07:02 [ultranest] [DEBUG] iteration=2372, ncalls=3497, regioncalls=124720, ndraw=40, logz=-282226.32, remainder_fraction=100.0000%, Lmin=-282216.47, Lmax=-282176.75
13:07:02 [ultranest] [DEBUG] iteration=2383, ncalls=3513, regioncalls=125360, ndraw=40, logz=-282225.20, remainder_fraction=100.0000%, Lmin=-282215.42, Lmax=-282176.75
13:07:02 [ultranest] [DEBUG] iteration=2396, ncalls=3528, regioncalls=125960, ndraw=40, logz=-282223.91, remainder_fraction=100.0000%, Lmin=-282213.70, Lmax=-282176.75
13:07:02 [ultranest] [DEBUG] iteration=2400, ncalls=3534, regioncalls=126200, ndraw=40, logz=-282223.30, remainder_fraction=100.0000%, Lmin=-282212.79, Lmax=-282176.75
13:07:02 [ultranest] [DEBUG] iteration=2408, ncalls=3550, regioncalls=126840, ndraw=40, logz=-282222.11, remainder_fraction=100.0000%, Lmin=-282211.92, Lmax=-282176.75
13:07:03 [ultranest] [DEBUG] iteration=2420, ncalls=3565, regioncalls=127440, ndraw=40, logz=-282220.81, remainder_fraction=100.0000%, Lmin=-282211.00, Lmax=-282176.75
13:07:03 [ultranest] [DEBUG] iteration=2423, ncalls=3568, regioncalls=127600, ndraw=40, logz=-282220.55, remainder_fraction=100.0000%, Lmin=-282210.79, Lmax=-282176.75
13:07:03 [ultranest] [DEBUG] iteration=2438, ncalls=3583, regioncalls=128200, ndraw=40, logz=-282219.11, remainder_fraction=100.0000%, Lmin=-282209.11, Lmax=-282176.75
13:07:03 [ultranest] [DEBUG] iteration=2440, ncalls=3585, regioncalls=128280, ndraw=40, logz=-282218.92, remainder_fraction=100.0000%, Lmin=-282208.94, Lmax=-282176.75
13:07:03 [ultranest] [DEBUG] iteration=2448, ncalls=3601, regioncalls=128920, ndraw=40, logz=-282218.17, remainder_fraction=100.0000%, Lmin=-282208.17, Lmax=-282176.75
13:07:03 [ultranest] [DEBUG] iteration=2459, ncalls=3617, regioncalls=129560, ndraw=40, logz=-282217.14, remainder_fraction=100.0000%, Lmin=-282207.23, Lmax=-282176.75
13:07:03 [ultranest] [DEBUG] iteration=2470, ncalls=3633, regioncalls=130200, ndraw=40, logz=-282216.23, remainder_fraction=100.0000%, Lmin=-282206.28, Lmax=-282176.61
13:07:03 [ultranest] [DEBUG] iteration=2480, ncalls=3644, regioncalls=130640, ndraw=40, logz=-282215.38, remainder_fraction=100.0000%, Lmin=-282205.58, Lmax=-282176.61
13:07:03 [ultranest] [DEBUG] iteration=2493, ncalls=3659, regioncalls=131240, ndraw=40, logz=-282214.50, remainder_fraction=100.0000%, Lmin=-282204.86, Lmax=-282176.61
13:07:03 [ultranest] [DEBUG] iteration=2507, ncalls=3676, regioncalls=131920, ndraw=40, logz=-282213.64, remainder_fraction=100.0000%, Lmin=-282204.02, Lmax=-282176.61
13:07:03 [ultranest] [DEBUG] iteration=2518, ncalls=3690, regioncalls=132480, ndraw=40, logz=-282212.99, remainder_fraction=100.0000%, Lmin=-282203.21, Lmax=-282176.61
13:07:03 [ultranest] [DEBUG] iteration=2520, ncalls=3692, regioncalls=132560, ndraw=40, logz=-282212.86, remainder_fraction=100.0000%, Lmin=-282203.07, Lmax=-282176.61
13:07:04 [ultranest] [DEBUG] iteration=2531, ncalls=3708, regioncalls=133200, ndraw=40, logz=-282212.18, remainder_fraction=100.0000%, Lmin=-282202.44, Lmax=-282176.61
13:07:04 [ultranest] [DEBUG] iteration=2540, ncalls=3724, regioncalls=133840, ndraw=40, logz=-282211.58, remainder_fraction=100.0000%, Lmin=-282201.43, Lmax=-282176.61
13:07:04 [ultranest] [DEBUG] iteration=2553, ncalls=3739, regioncalls=134440, ndraw=40, logz=-282210.46, remainder_fraction=100.0000%, Lmin=-282200.51, Lmax=-282176.49
13:07:04 [ultranest] [DEBUG] iteration=2560, ncalls=3749, regioncalls=134840, ndraw=40, logz=-282209.97, remainder_fraction=100.0000%, Lmin=-282200.04, Lmax=-282176.49
13:07:04 [ultranest] [DEBUG] iteration=2572, ncalls=3765, regioncalls=135480, ndraw=40, logz=-282209.16, remainder_fraction=100.0000%, Lmin=-282199.21, Lmax=-282176.49
13:07:04 [ultranest] [DEBUG] iteration=2583, ncalls=3781, regioncalls=136120, ndraw=40, logz=-282208.53, remainder_fraction=100.0000%, Lmin=-282198.84, Lmax=-282176.49
13:07:04 [ultranest] [DEBUG] iteration=2594, ncalls=3797, regioncalls=136760, ndraw=40, logz=-282207.96, remainder_fraction=100.0000%, Lmin=-282198.25, Lmax=-282176.49
13:07:04 [ultranest] [DEBUG] iteration=2595, ncalls=3799, regioncalls=136880, ndraw=40, logz=-282207.91, remainder_fraction=100.0000%, Lmin=-282198.21, Lmax=-282176.49
13:07:04 [ultranest] [DEBUG] iteration=2600, ncalls=3804, regioncalls=137080, ndraw=40, logz=-282207.67, remainder_fraction=100.0000%, Lmin=-282198.07, Lmax=-282176.49
13:07:04 [ultranest] [DEBUG] iteration=2611, ncalls=3820, regioncalls=137720, ndraw=40, logz=-282207.13, remainder_fraction=100.0000%, Lmin=-282197.01, Lmax=-282176.49
13:07:04 [ultranest] [DEBUG] iteration=2623, ncalls=3837, regioncalls=138400, ndraw=40, logz=-282206.35, remainder_fraction=100.0000%, Lmin=-282196.39, Lmax=-282176.49
13:07:05 [ultranest] [DEBUG] iteration=2634, ncalls=3854, regioncalls=139080, ndraw=40, logz=-282205.72, remainder_fraction=100.0000%, Lmin=-282195.50, Lmax=-282176.49
13:07:05 [ultranest] [DEBUG] iteration=2640, ncalls=3861, regioncalls=139360, ndraw=40, logz=-282205.28, remainder_fraction=100.0000%, Lmin=-282195.10, Lmax=-282176.49
13:07:05 [ultranest] [DEBUG] iteration=2652, ncalls=3876, regioncalls=139960, ndraw=40, logz=-282204.55, remainder_fraction=100.0000%, Lmin=-282194.61, Lmax=-282176.49
13:07:05 [ultranest] [DEBUG] iteration=2666, ncalls=3891, regioncalls=140560, ndraw=40, logz=-282203.82, remainder_fraction=100.0000%, Lmin=-282193.93, Lmax=-282176.49
13:07:05 [ultranest] [DEBUG] iteration=2680, ncalls=3908, regioncalls=141240, ndraw=40, logz=-282203.16, remainder_fraction=100.0000%, Lmin=-282193.34, Lmax=-282176.48
13:07:05 [ultranest] [DEBUG] iteration=2691, ncalls=3923, regioncalls=141840, ndraw=40, logz=-282202.69, remainder_fraction=100.0000%, Lmin=-282192.90, Lmax=-282176.48
13:07:05 [ultranest] [DEBUG] iteration=2700, ncalls=3939, regioncalls=142480, ndraw=40, logz=-282202.31, remainder_fraction=100.0000%, Lmin=-282192.49, Lmax=-282176.48
13:07:05 [ultranest] [DEBUG] iteration=2712, ncalls=3955, regioncalls=143120, ndraw=40, logz=-282201.81, remainder_fraction=100.0000%, Lmin=-282191.97, Lmax=-282176.48
13:07:05 [ultranest] [DEBUG] iteration=2720, ncalls=3967, regioncalls=143600, ndraw=40, logz=-282201.50, remainder_fraction=100.0000%, Lmin=-282191.80, Lmax=-282176.48
13:07:05 [ultranest] [DEBUG] iteration=2733, ncalls=3982, regioncalls=144200, ndraw=40, logz=-282201.02, remainder_fraction=100.0000%, Lmin=-282191.20, Lmax=-282176.48
13:07:05 [ultranest] [DEBUG] iteration=2742, ncalls=3998, regioncalls=144840, ndraw=40, logz=-282200.69, remainder_fraction=99.9999%, Lmin=-282190.96, Lmax=-282176.48
13:07:06 [ultranest] [DEBUG] iteration=2754, ncalls=4015, regioncalls=145520, ndraw=40, logz=-282200.29, remainder_fraction=99.9999%, Lmin=-282190.56, Lmax=-282176.48
13:07:06 [ultranest] [DEBUG] iteration=2760, ncalls=4025, regioncalls=145920, ndraw=40, logz=-282200.09, remainder_fraction=99.9999%, Lmin=-282190.37, Lmax=-282176.46
13:07:06 [ultranest] [DEBUG] iteration=2767, ncalls=4032, regioncalls=146240, ndraw=40, logz=-282199.86, remainder_fraction=99.9999%, Lmin=-282190.14, Lmax=-282176.46
13:07:06 [ultranest] [DEBUG] iteration=2782, ncalls=4047, regioncalls=146840, ndraw=40, logz=-282199.34, remainder_fraction=99.9998%, Lmin=-282189.53, Lmax=-282176.45
13:07:06 [ultranest] [DEBUG] iteration=2793, ncalls=4063, regioncalls=147480, ndraw=40, logz=-282198.93, remainder_fraction=99.9997%, Lmin=-282189.04, Lmax=-282176.45
13:07:06 [ultranest] [DEBUG] iteration=2800, ncalls=4070, regioncalls=147760, ndraw=40, logz=-282198.66, remainder_fraction=99.9996%, Lmin=-282188.60, Lmax=-282176.45
13:07:06 [ultranest] [DEBUG] iteration=2813, ncalls=4086, regioncalls=148400, ndraw=40, logz=-282198.15, remainder_fraction=99.9993%, Lmin=-282188.19, Lmax=-282176.45
13:07:06 [ultranest] [DEBUG] iteration=2825, ncalls=4102, regioncalls=149040, ndraw=40, logz=-282197.77, remainder_fraction=99.9990%, Lmin=-282188.04, Lmax=-282176.45
13:07:06 [ultranest] [DEBUG] iteration=2836, ncalls=4120, regioncalls=149760, ndraw=40, logz=-282197.46, remainder_fraction=99.9986%, Lmin=-282187.71, Lmax=-282176.45
13:07:06 [ultranest] [DEBUG] iteration=2840, ncalls=4125, regioncalls=149960, ndraw=40, logz=-282197.35, remainder_fraction=99.9985%, Lmin=-282187.65, Lmax=-282176.45
13:07:06 [ultranest] [DEBUG] iteration=2851, ncalls=4141, regioncalls=150600, ndraw=40, logz=-282197.04, remainder_fraction=99.9979%, Lmin=-282187.19, Lmax=-282176.45
13:07:06 [ultranest] [DEBUG] iteration=2853, ncalls=4143, regioncalls=150720, ndraw=40, logz=-282196.98, remainder_fraction=99.9978%, Lmin=-282187.08, Lmax=-282176.45
13:07:07 [ultranest] [DEBUG] iteration=2867, ncalls=4158, regioncalls=151320, ndraw=40, logz=-282196.52, remainder_fraction=99.9965%, Lmin=-282186.39, Lmax=-282176.45
13:07:07 [ultranest] [DEBUG] iteration=2880, ncalls=4174, regioncalls=151960, ndraw=40, logz=-282196.07, remainder_fraction=99.9946%, Lmin=-282186.07, Lmax=-282176.45
13:07:07 [ultranest] [DEBUG] iteration=2891, ncalls=4190, regioncalls=152600, ndraw=40, logz=-282195.75, remainder_fraction=99.9925%, Lmin=-282185.84, Lmax=-282176.45
13:07:07 [ultranest] [DEBUG] iteration=2904, ncalls=4206, regioncalls=153240, ndraw=40, logz=-282195.41, remainder_fraction=99.9892%, Lmin=-282185.61, Lmax=-282176.45
13:07:07 [ultranest] [DEBUG] iteration=2918, ncalls=4221, regioncalls=153840, ndraw=40, logz=-282195.08, remainder_fraction=99.9854%, Lmin=-282185.32, Lmax=-282176.45
13:07:07 [ultranest] [DEBUG] iteration=2920, ncalls=4223, regioncalls=153920, ndraw=40, logz=-282195.04, remainder_fraction=99.9847%, Lmin=-282185.29, Lmax=-282176.45
13:07:07 [ultranest] [DEBUG] iteration=2929, ncalls=4239, regioncalls=154560, ndraw=40, logz=-282194.84, remainder_fraction=99.9812%, Lmin=-282185.09, Lmax=-282176.45
13:07:07 [ultranest] [DEBUG] iteration=2939, ncalls=4255, regioncalls=155240, ndraw=40, logz=-282194.63, remainder_fraction=99.9767%, Lmin=-282184.89, Lmax=-282176.45
13:07:07 [ultranest] [DEBUG] iteration=2953, ncalls=4270, regioncalls=155840, ndraw=40, logz=-282194.34, remainder_fraction=99.9696%, Lmin=-282184.63, Lmax=-282176.45
13:07:07 [ultranest] [DEBUG] iteration=2960, ncalls=4279, regioncalls=156200, ndraw=40, logz=-282194.20, remainder_fraction=99.9645%, Lmin=-282184.40, Lmax=-282176.45
13:07:07 [ultranest] [DEBUG] iteration=2974, ncalls=4294, regioncalls=156800, ndraw=40, logz=-282193.91, remainder_fraction=99.9517%, Lmin=-282184.12, Lmax=-282176.45
13:07:08 [ultranest] [DEBUG] iteration=2986, ncalls=4309, regioncalls=157400, ndraw=40, logz=-282193.66, remainder_fraction=99.9399%, Lmin=-282183.88, Lmax=-282176.45
13:07:08 [ultranest] [DEBUG] iteration=2999, ncalls=4324, regioncalls=158000, ndraw=40, logz=-282193.41, remainder_fraction=99.9253%, Lmin=-282183.63, Lmax=-282176.45
13:07:08 [ultranest] [DEBUG] iteration=3000, ncalls=4325, regioncalls=158040, ndraw=40, logz=-282193.39, remainder_fraction=99.9241%, Lmin=-282183.62, Lmax=-282176.45
13:07:08 [ultranest] [DEBUG] iteration=3013, ncalls=4342, regioncalls=158720, ndraw=40, logz=-282193.16, remainder_fraction=99.9062%, Lmin=-282183.41, Lmax=-282176.45
13:07:08 [ultranest] [DEBUG] iteration=3025, ncalls=4356, regioncalls=159280, ndraw=40, logz=-282192.95, remainder_fraction=99.8860%, Lmin=-282183.18, Lmax=-282176.45
13:07:08 [ultranest] [DEBUG] iteration=3035, ncalls=4372, regioncalls=159920, ndraw=40, logz=-282192.77, remainder_fraction=99.8665%, Lmin=-282182.96, Lmax=-282176.45
13:07:08 [ultranest] [DEBUG] iteration=3040, ncalls=4378, regioncalls=160160, ndraw=40, logz=-282192.69, remainder_fraction=99.8544%, Lmin=-282182.89, Lmax=-282176.45
13:07:08 [ultranest] [DEBUG] iteration=3052, ncalls=4394, regioncalls=160800, ndraw=40, logz=-282192.49, remainder_fraction=99.8215%, Lmin=-282182.71, Lmax=-282176.45
13:07:08 [ultranest] [DEBUG] iteration=3066, ncalls=4409, regioncalls=161400, ndraw=40, logz=-282192.27, remainder_fraction=99.7758%, Lmin=-282182.51, Lmax=-282176.45
13:07:08 [ultranest] [DEBUG] iteration=3080, ncalls=4428, regioncalls=162160, ndraw=40, logz=-282192.06, remainder_fraction=99.7189%, Lmin=-282182.29, Lmax=-282176.45
13:07:08 [ultranest] [DEBUG] iteration=3093, ncalls=4443, regioncalls=162760, ndraw=40, logz=-282191.86, remainder_fraction=99.6594%, Lmin=-282182.10, Lmax=-282176.45
13:07:09 [ultranest] [DEBUG] iteration=3105, ncalls=4459, regioncalls=163400, ndraw=40, logz=-282191.68, remainder_fraction=99.5948%, Lmin=-282181.86, Lmax=-282176.45
13:07:09 [ultranest] [DEBUG] iteration=3111, ncalls=4465, regioncalls=163680, ndraw=40, logz=-282191.60, remainder_fraction=99.5548%, Lmin=-282181.80, Lmax=-282176.45
13:07:09 [ultranest] [DEBUG] iteration=3120, ncalls=4476, regioncalls=164120, ndraw=40, logz=-282191.47, remainder_fraction=99.4953%, Lmin=-282181.68, Lmax=-282176.45
13:07:09 [ultranest] [DEBUG] iteration=3133, ncalls=4491, regioncalls=164760, ndraw=40, logz=-282191.29, remainder_fraction=99.3983%, Lmin=-282181.53, Lmax=-282176.45
13:07:09 [ultranest] [DEBUG] iteration=3144, ncalls=4507, regioncalls=165400, ndraw=40, logz=-282191.16, remainder_fraction=99.3017%, Lmin=-282181.47, Lmax=-282176.45
13:07:09 [ultranest] [DEBUG] iteration=3156, ncalls=4523, regioncalls=166040, ndraw=40, logz=-282191.01, remainder_fraction=99.2011%, Lmin=-282181.19, Lmax=-282176.45
13:07:09 [ultranest] [DEBUG] iteration=3160, ncalls=4529, regioncalls=166280, ndraw=40, logz=-282190.96, remainder_fraction=99.1654%, Lmin=-282181.15, Lmax=-282176.45
13:07:09 [ultranest] [DEBUG] iteration=3172, ncalls=4544, regioncalls=166880, ndraw=40, logz=-282190.81, remainder_fraction=99.0191%, Lmin=-282181.05, Lmax=-282176.45
13:07:09 [ultranest] [DEBUG] iteration=3183, ncalls=4559, regioncalls=167480, ndraw=40, logz=-282190.69, remainder_fraction=98.8807%, Lmin=-282180.97, Lmax=-282176.45
13:07:09 [ultranest] [DEBUG] iteration=3193, ncalls=4576, regioncalls=168200, ndraw=40, logz=-282190.58, remainder_fraction=98.7366%, Lmin=-282180.81, Lmax=-282176.45
13:07:09 [ultranest] [DEBUG] iteration=3200, ncalls=4585, regioncalls=168640, ndraw=40, logz=-282190.50, remainder_fraction=98.6422%, Lmin=-282180.70, Lmax=-282176.45
13:07:10 [ultranest] [DEBUG] iteration=3211, ncalls=4601, regioncalls=169280, ndraw=40, logz=-282190.37, remainder_fraction=98.4604%, Lmin=-282180.57, Lmax=-282176.45
13:07:10 [ultranest] [DEBUG] iteration=3221, ncalls=4618, regioncalls=169960, ndraw=40, logz=-282190.26, remainder_fraction=98.2661%, Lmin=-282180.46, Lmax=-282176.45
13:07:10 [ultranest] [DEBUG] iteration=3236, ncalls=4633, regioncalls=170560, ndraw=40, logz=-282190.11, remainder_fraction=97.9685%, Lmin=-282180.35, Lmax=-282176.45
13:07:10 [ultranest] [DEBUG] iteration=3240, ncalls=4637, regioncalls=170720, ndraw=40, logz=-282190.07, remainder_fraction=97.8711%, Lmin=-282180.32, Lmax=-282176.45
13:07:10 [ultranest] [DEBUG] iteration=3248, ncalls=4653, regioncalls=171360, ndraw=40, logz=-282189.99, remainder_fraction=97.6818%, Lmin=-282180.26, Lmax=-282176.45
13:07:10 [ultranest] [DEBUG] iteration=3261, ncalls=4669, regioncalls=172000, ndraw=40, logz=-282189.87, remainder_fraction=97.3858%, Lmin=-282180.18, Lmax=-282176.45
13:07:10 [ultranest] [DEBUG] iteration=3274, ncalls=4684, regioncalls=172600, ndraw=40, logz=-282189.76, remainder_fraction=97.0577%, Lmin=-282180.07, Lmax=-282176.45
13:07:10 [ultranest] [DEBUG] iteration=3280, ncalls=4691, regioncalls=172880, ndraw=40, logz=-282189.71, remainder_fraction=96.9006%, Lmin=-282180.05, Lmax=-282176.45
13:07:10 [ultranest] [DEBUG] iteration=3283, ncalls=4694, regioncalls=173040, ndraw=40, logz=-282189.68, remainder_fraction=96.8123%, Lmin=-282180.02, Lmax=-282176.45
13:07:10 [ultranest] [DEBUG] iteration=3292, ncalls=4710, regioncalls=173680, ndraw=40, logz=-282189.61, remainder_fraction=96.5598%, Lmin=-282179.98, Lmax=-282176.45
13:07:10 [ultranest] [DEBUG] iteration=3306, ncalls=4725, regioncalls=174280, ndraw=40, logz=-282189.51, remainder_fraction=96.1408%, Lmin=-282179.85, Lmax=-282176.45
13:07:10 [ultranest] [DEBUG] iteration=3318, ncalls=4740, regioncalls=174880, ndraw=40, logz=-282189.42, remainder_fraction=95.7582%, Lmin=-282179.74, Lmax=-282176.45
13:07:10 [ultranest] [DEBUG] iteration=3320, ncalls=4743, regioncalls=175000, ndraw=40, logz=-282189.40, remainder_fraction=95.6940%, Lmin=-282179.72, Lmax=-282176.45
13:07:11 [ultranest] [DEBUG] iteration=3331, ncalls=4759, regioncalls=175640, ndraw=40, logz=-282189.32, remainder_fraction=95.2847%, Lmin=-282179.63, Lmax=-282176.45
13:07:11 [ultranest] [DEBUG] iteration=3342, ncalls=4775, regioncalls=176280, ndraw=40, logz=-282189.24, remainder_fraction=94.9086%, Lmin=-282179.50, Lmax=-282176.45
13:07:11 [ultranest] [DEBUG] iteration=3353, ncalls=4791, regioncalls=176920, ndraw=40, logz=-282189.16, remainder_fraction=94.5133%, Lmin=-282179.40, Lmax=-282176.45
13:07:11 [ultranest] [DEBUG] iteration=3360, ncalls=4804, regioncalls=177440, ndraw=40, logz=-282189.11, remainder_fraction=94.2063%, Lmin=-282179.33, Lmax=-282176.45
13:07:11 [ultranest] [DEBUG] iteration=3369, ncalls=4817, regioncalls=178000, ndraw=40, logz=-282189.04, remainder_fraction=93.7759%, Lmin=-282179.27, Lmax=-282176.45
13:07:11 [ultranest] [DEBUG] iteration=3382, ncalls=4833, regioncalls=178640, ndraw=40, logz=-282188.95, remainder_fraction=93.1817%, Lmin=-282179.16, Lmax=-282176.45
13:07:11 [ultranest] [DEBUG] iteration=3391, ncalls=4849, regioncalls=179280, ndraw=40, logz=-282188.88, remainder_fraction=92.6887%, Lmin=-282179.10, Lmax=-282176.45
13:07:11 [ultranest] [DEBUG] iteration=3400, ncalls=4860, regioncalls=179720, ndraw=40, logz=-282188.82, remainder_fraction=92.1897%, Lmin=-282179.02, Lmax=-282176.45
13:07:11 [ultranest] [DEBUG] iteration=3409, ncalls=4876, regioncalls=180360, ndraw=40, logz=-282188.76, remainder_fraction=91.6866%, Lmin=-282178.96, Lmax=-282176.45
13:07:11 [ultranest] [DEBUG] iteration=3421, ncalls=4892, regioncalls=181000, ndraw=40, logz=-282188.68, remainder_fraction=90.9965%, Lmin=-282178.86, Lmax=-282176.45
13:07:12 [ultranest] [DEBUG] iteration=3432, ncalls=4907, regioncalls=181600, ndraw=40, logz=-282188.61, remainder_fraction=90.2865%, Lmin=-282178.80, Lmax=-282176.45
13:07:12 [ultranest] [DEBUG] iteration=3440, ncalls=4919, regioncalls=182080, ndraw=40, logz=-282188.56, remainder_fraction=89.7596%, Lmin=-282178.73, Lmax=-282176.45
13:07:12 [ultranest] [DEBUG] iteration=3450, ncalls=4935, regioncalls=182720, ndraw=40, logz=-282188.50, remainder_fraction=89.1201%, Lmin=-282178.68, Lmax=-282176.45
13:07:12 [ultranest] [DEBUG] iteration=3455, ncalls=4942, regioncalls=183080, ndraw=40, logz=-282188.47, remainder_fraction=88.8175%, Lmin=-282178.65, Lmax=-282176.45
13:07:12 [ultranest] [DEBUG] iteration=3465, ncalls=4958, regioncalls=183720, ndraw=40, logz=-282188.41, remainder_fraction=88.0476%, Lmin=-282178.61, Lmax=-282176.45
13:07:12 [ultranest] [DEBUG] iteration=3476, ncalls=4973, regioncalls=184320, ndraw=40, logz=-282188.35, remainder_fraction=87.3028%, Lmin=-282178.57, Lmax=-282176.45
13:07:12 [ultranest] [DEBUG] iteration=3480, ncalls=4979, regioncalls=184560, ndraw=40, logz=-282188.32, remainder_fraction=87.0890%, Lmin=-282178.56, Lmax=-282176.45
13:07:12 [ultranest] [DEBUG] iteration=3490, ncalls=4994, regioncalls=185160, ndraw=40, logz=-282188.27, remainder_fraction=86.4313%, Lmin=-282178.52, Lmax=-282176.45
13:07:12 [ultranest] [DEBUG] iteration=3501, ncalls=5010, regioncalls=185840, ndraw=40, logz=-282188.22, remainder_fraction=85.5857%, Lmin=-282178.44, Lmax=-282176.45
13:07:12 [ultranest] [DEBUG] iteration=3512, ncalls=5026, regioncalls=186480, ndraw=40, logz=-282188.16, remainder_fraction=84.7720%, Lmin=-282178.38, Lmax=-282176.45
13:07:12 [ultranest] [DEBUG] iteration=3520, ncalls=5034, regioncalls=186800, ndraw=40, logz=-282188.12, remainder_fraction=84.1121%, Lmin=-282178.33, Lmax=-282176.45
13:07:13 [ultranest] [DEBUG] iteration=3531, ncalls=5050, regioncalls=187440, ndraw=40, logz=-282188.07, remainder_fraction=83.1653%, Lmin=-282178.28, Lmax=-282176.45
13:07:13 [ultranest] [DEBUG] iteration=3541, ncalls=5063, regioncalls=188000, ndraw=40, logz=-282188.02, remainder_fraction=82.3877%, Lmin=-282178.26, Lmax=-282176.45
13:07:13 [ultranest] [DEBUG] iteration=3555, ncalls=5078, regioncalls=188640, ndraw=40, logz=-282187.96, remainder_fraction=81.2931%, Lmin=-282178.23, Lmax=-282176.45
13:07:13 [ultranest] [DEBUG] iteration=3560, ncalls=5087, regioncalls=189000, ndraw=40, logz=-282187.94, remainder_fraction=80.8936%, Lmin=-282178.21, Lmax=-282176.45
13:07:13 [ultranest] [DEBUG] iteration=3571, ncalls=5103, regioncalls=189640, ndraw=40, logz=-282187.89, remainder_fraction=79.9887%, Lmin=-282178.17, Lmax=-282176.45
13:07:13 [ultranest] [DEBUG] iteration=3583, ncalls=5120, regioncalls=190320, ndraw=40, logz=-282187.84, remainder_fraction=79.0726%, Lmin=-282178.12, Lmax=-282176.45
13:07:13 [ultranest] [DEBUG] iteration=3597, ncalls=5135, regioncalls=190920, ndraw=40, logz=-282187.79, remainder_fraction=77.8946%, Lmin=-282178.02, Lmax=-282176.45
13:07:13 [ultranest] [DEBUG] iteration=3600, ncalls=5138, regioncalls=191040, ndraw=40, logz=-282187.78, remainder_fraction=77.6631%, Lmin=-282178.00, Lmax=-282176.45
13:07:13 [ultranest] [DEBUG] iteration=3611, ncalls=5155, regioncalls=191720, ndraw=40, logz=-282187.73, remainder_fraction=76.7327%, Lmin=-282177.98, Lmax=-282176.45
13:07:13 [ultranest] [DEBUG] iteration=3622, ncalls=5170, regioncalls=192320, ndraw=40, logz=-282187.69, remainder_fraction=75.8383%, Lmin=-282177.94, Lmax=-282176.45
13:07:13 [ultranest] [DEBUG] iteration=3627, ncalls=5178, regioncalls=192680, ndraw=40, logz=-282187.67, remainder_fraction=75.4545%, Lmin=-282177.93, Lmax=-282176.45
13:07:14 [ultranest] [DEBUG] iteration=3640, ncalls=5193, regioncalls=193280, ndraw=40, logz=-282187.63, remainder_fraction=74.3694%, Lmin=-282177.88, Lmax=-282176.45
13:07:14 [ultranest] [DEBUG] iteration=3653, ncalls=5208, regioncalls=193880, ndraw=40, logz=-282187.58, remainder_fraction=73.3413%, Lmin=-282177.83, Lmax=-282176.45
13:07:14 [ultranest] [DEBUG] iteration=3666, ncalls=5223, regioncalls=194480, ndraw=40, logz=-282187.54, remainder_fraction=72.0801%, Lmin=-282177.80, Lmax=-282176.45
13:07:14 [ultranest] [DEBUG] iteration=3680, ncalls=5237, regioncalls=195040, ndraw=40, logz=-282187.50, remainder_fraction=70.8820%, Lmin=-282177.75, Lmax=-282176.45
13:07:14 [ultranest] [DEBUG] iteration=3691, ncalls=5253, regioncalls=195680, ndraw=40, logz=-282187.46, remainder_fraction=69.8959%, Lmin=-282177.71, Lmax=-282176.45
13:07:14 [ultranest] [DEBUG] iteration=3703, ncalls=5268, regioncalls=196280, ndraw=40, logz=-282187.43, remainder_fraction=68.8643%, Lmin=-282177.68, Lmax=-282176.45
13:07:14 [ultranest] [DEBUG] iteration=3713, ncalls=5280, regioncalls=196800, ndraw=40, logz=-282187.40, remainder_fraction=67.9871%, Lmin=-282177.66, Lmax=-282176.45
13:07:14 [ultranest] [DEBUG] iteration=3720, ncalls=5287, regioncalls=197080, ndraw=40, logz=-282187.38, remainder_fraction=67.3845%, Lmin=-282177.65, Lmax=-282176.45
13:07:14 [ultranest] [DEBUG] iteration=3734, ncalls=5302, regioncalls=197720, ndraw=40, logz=-282187.34, remainder_fraction=66.1313%, Lmin=-282177.61, Lmax=-282176.45
13:07:14 [ultranest] [DEBUG] iteration=3746, ncalls=5317, regioncalls=198320, ndraw=40, logz=-282187.31, remainder_fraction=65.0455%, Lmin=-282177.56, Lmax=-282176.45
13:07:14 [ultranest] [DEBUG] iteration=3757, ncalls=5333, regioncalls=198960, ndraw=40, logz=-282187.28, remainder_fraction=64.0390%, Lmin=-282177.53, Lmax=-282176.45
13:07:14 [ultranest] [DEBUG] iteration=3760, ncalls=5338, regioncalls=199160, ndraw=40, logz=-282187.27, remainder_fraction=63.8091%, Lmin=-282177.53, Lmax=-282176.45
13:07:15 [ultranest] [DEBUG] iteration=3770, ncalls=5356, regioncalls=199880, ndraw=40, logz=-282187.25, remainder_fraction=62.8720%, Lmin=-282177.49, Lmax=-282176.45
13:07:15 [ultranest] [DEBUG] iteration=3784, ncalls=5371, regioncalls=200480, ndraw=40, logz=-282187.21, remainder_fraction=61.6433%, Lmin=-282177.47, Lmax=-282176.45
13:07:15 [ultranest] [DEBUG] iteration=3797, ncalls=5389, regioncalls=201200, ndraw=40, logz=-282187.18, remainder_fraction=60.5320%, Lmin=-282177.43, Lmax=-282176.45
13:07:15 [ultranest] [DEBUG] iteration=3799, ncalls=5391, regioncalls=201320, ndraw=40, logz=-282187.18, remainder_fraction=60.3471%, Lmin=-282177.43, Lmax=-282176.45
13:07:15 [ultranest] [DEBUG] iteration=3800, ncalls=5393, regioncalls=201400, ndraw=40, logz=-282187.17, remainder_fraction=60.2502%, Lmin=-282177.42, Lmax=-282176.45
13:07:15 [ultranest] [DEBUG] iteration=3814, ncalls=5408, regioncalls=202000, ndraw=40, logz=-282187.14, remainder_fraction=58.9525%, Lmin=-282177.39, Lmax=-282176.45
13:07:15 [ultranest] [DEBUG] iteration=3828, ncalls=5423, regioncalls=202600, ndraw=40, logz=-282187.11, remainder_fraction=57.6519%, Lmin=-282177.34, Lmax=-282176.45
13:07:15 [ultranest] [DEBUG] iteration=3839, ncalls=5438, regioncalls=203200, ndraw=40, logz=-282187.09, remainder_fraction=56.6164%, Lmin=-282177.30, Lmax=-282176.45
13:07:15 [ultranest] [DEBUG] iteration=3840, ncalls=5439, regioncalls=203240, ndraw=40, logz=-282187.09, remainder_fraction=56.5053%, Lmin=-282177.30, Lmax=-282176.45
13:07:15 [ultranest] [DEBUG] iteration=3853, ncalls=5454, regioncalls=203840, ndraw=40, logz=-282187.06, remainder_fraction=55.2733%, Lmin=-282177.28, Lmax=-282176.45
13:07:15 [ultranest] [DEBUG] iteration=3865, ncalls=5469, regioncalls=204440, ndraw=40, logz=-282187.03, remainder_fraction=54.1947%, Lmin=-282177.24, Lmax=-282176.45
13:07:15 [ultranest] [DEBUG] iteration=3877, ncalls=5484, regioncalls=205040, ndraw=40, logz=-282187.01, remainder_fraction=53.1362%, Lmin=-282177.21, Lmax=-282176.45
13:07:16 [ultranest] [DEBUG] iteration=3880, ncalls=5490, regioncalls=205280, ndraw=40, logz=-282187.00, remainder_fraction=52.8187%, Lmin=-282177.21, Lmax=-282176.45
13:07:16 [ultranest] [DEBUG] iteration=3885, ncalls=5497, regioncalls=205600, ndraw=40, logz=-282186.99, remainder_fraction=52.3647%, Lmin=-282177.19, Lmax=-282176.45
13:07:16 [ultranest] [DEBUG] iteration=3899, ncalls=5513, regioncalls=206240, ndraw=40, logz=-282186.97, remainder_fraction=50.9772%, Lmin=-282177.17, Lmax=-282176.45
13:07:16 [ultranest] [DEBUG] iteration=3913, ncalls=5528, regioncalls=206840, ndraw=40, logz=-282186.94, remainder_fraction=49.6723%, Lmin=-282177.14, Lmax=-282176.45
13:07:16 [ultranest] [DEBUG] iteration=3920, ncalls=5537, regioncalls=207200, ndraw=40, logz=-282186.93, remainder_fraction=49.0768%, Lmin=-282177.14, Lmax=-282176.45
13:07:16 [ultranest] [DEBUG] iteration=3932, ncalls=5552, regioncalls=207800, ndraw=40, logz=-282186.91, remainder_fraction=48.0021%, Lmin=-282177.12, Lmax=-282176.45
13:07:16 [ultranest] [DEBUG] iteration=3944, ncalls=5568, regioncalls=208440, ndraw=40, logz=-282186.89, remainder_fraction=46.8641%, Lmin=-282177.10, Lmax=-282176.45
13:07:16 [ultranest] [DEBUG] iteration=3956, ncalls=5583, regioncalls=209040, ndraw=40, logz=-282186.87, remainder_fraction=45.7759%, Lmin=-282177.08, Lmax=-282176.45
13:07:16 [ultranest] [DEBUG] iteration=3960, ncalls=5588, regioncalls=209240, ndraw=40, logz=-282186.86, remainder_fraction=45.4009%, Lmin=-282177.08, Lmax=-282176.45
13:07:16 [ultranest] [DEBUG] iteration=3971, ncalls=5604, regioncalls=209920, ndraw=40, logz=-282186.85, remainder_fraction=44.4605%, Lmin=-282177.05, Lmax=-282176.45
13:07:16 [ultranest] [DEBUG] iteration=3986, ncalls=5619, regioncalls=210520, ndraw=40, logz=-282186.82, remainder_fraction=43.2222%, Lmin=-282177.03, Lmax=-282176.45
13:07:17 [ultranest] [DEBUG] iteration=3997, ncalls=5635, regioncalls=211160, ndraw=40, logz=-282186.81, remainder_fraction=42.3599%, Lmin=-282177.02, Lmax=-282176.45
13:07:17 [ultranest] [DEBUG] iteration=4000, ncalls=5639, regioncalls=211320, ndraw=40, logz=-282186.80, remainder_fraction=42.1141%, Lmin=-282177.01, Lmax=-282176.45
13:07:17 [ultranest] [DEBUG] iteration=4013, ncalls=5654, regioncalls=211920, ndraw=40, logz=-282186.78, remainder_fraction=41.0824%, Lmin=-282177.00, Lmax=-282176.45
13:07:17 [ultranest] [DEBUG] iteration=4027, ncalls=5669, regioncalls=212520, ndraw=40, logz=-282186.77, remainder_fraction=39.9546%, Lmin=-282176.97, Lmax=-282176.45
13:07:17 [ultranest] [DEBUG] iteration=4036, ncalls=5686, regioncalls=213200, ndraw=40, logz=-282186.75, remainder_fraction=39.2400%, Lmin=-282176.96, Lmax=-282176.45
13:07:17 [ultranest] [DEBUG] iteration=4040, ncalls=5692, regioncalls=213440, ndraw=40, logz=-282186.75, remainder_fraction=38.9101%, Lmin=-282176.96, Lmax=-282176.45
13:07:17 [ultranest] [DEBUG] iteration=4052, ncalls=5707, regioncalls=214040, ndraw=40, logz=-282186.73, remainder_fraction=37.9298%, Lmin=-282176.94, Lmax=-282176.45
13:07:17 [ultranest] [DEBUG] iteration=4057, ncalls=5712, regioncalls=214280, ndraw=40, logz=-282186.73, remainder_fraction=37.5744%, Lmin=-282176.94, Lmax=-282176.45
13:07:17 [ultranest] [DEBUG] iteration=4071, ncalls=5727, regioncalls=214880, ndraw=40, logz=-282186.71, remainder_fraction=36.5039%, Lmin=-282176.93, Lmax=-282176.45
13:07:17 [ultranest] [DEBUG] iteration=4080, ncalls=5738, regioncalls=215320, ndraw=40, logz=-282186.70, remainder_fraction=35.7767%, Lmin=-282176.92, Lmax=-282176.45
13:07:17 [ultranest] [DEBUG] iteration=4092, ncalls=5753, regioncalls=215920, ndraw=40, logz=-282186.69, remainder_fraction=34.8935%, Lmin=-282176.90, Lmax=-282176.45
13:07:17 [ultranest] [DEBUG] iteration=4104, ncalls=5768, regioncalls=216520, ndraw=40, logz=-282186.67, remainder_fraction=34.0338%, Lmin=-282176.90, Lmax=-282176.45
13:07:18 [ultranest] [DEBUG] iteration=4116, ncalls=5783, regioncalls=217120, ndraw=40, logz=-282186.66, remainder_fraction=33.2019%, Lmin=-282176.88, Lmax=-282176.45
13:07:18 [ultranest] [DEBUG] iteration=4120, ncalls=5787, regioncalls=217280, ndraw=40, logz=-282186.66, remainder_fraction=32.9199%, Lmin=-282176.88, Lmax=-282176.45
13:07:18 [ultranest] [DEBUG] iteration=4132, ncalls=5803, regioncalls=217920, ndraw=40, logz=-282186.64, remainder_fraction=32.1387%, Lmin=-282176.87, Lmax=-282176.45
13:07:18 [ultranest] [DEBUG] iteration=4143, ncalls=5815, regioncalls=218440, ndraw=40, logz=-282186.63, remainder_fraction=31.4357%, Lmin=-282176.86, Lmax=-282176.45
13:07:18 [ultranest] [DEBUG] iteration=4155, ncalls=5832, regioncalls=219120, ndraw=40, logz=-282186.62, remainder_fraction=30.6324%, Lmin=-282176.85, Lmax=-282176.45
13:07:18 [ultranest] [DEBUG] iteration=4160, ncalls=5838, regioncalls=219360, ndraw=40, logz=-282186.62, remainder_fraction=30.2909%, Lmin=-282176.84, Lmax=-282176.45
13:07:18 [ultranest] [DEBUG] iteration=4173, ncalls=5853, regioncalls=219960, ndraw=40, logz=-282186.61, remainder_fraction=29.4429%, Lmin=-282176.83, Lmax=-282176.45
13:07:18 [ultranest] [DEBUG] iteration=4185, ncalls=5869, regioncalls=220600, ndraw=40, logz=-282186.59, remainder_fraction=28.6849%, Lmin=-282176.82, Lmax=-282176.45
13:07:18 [ultranest] [DEBUG] iteration=4197, ncalls=5885, regioncalls=221240, ndraw=40, logz=-282186.58, remainder_fraction=27.9755%, Lmin=-282176.81, Lmax=-282176.45
13:07:18 [ultranest] [DEBUG] iteration=4200, ncalls=5893, regioncalls=221560, ndraw=40, logz=-282186.58, remainder_fraction=27.7777%, Lmin=-282176.81, Lmax=-282176.45
13:07:18 [ultranest] [DEBUG] iteration=4209, ncalls=5909, regioncalls=222200, ndraw=40, logz=-282186.57, remainder_fraction=27.2757%, Lmin=-282176.80, Lmax=-282176.45
13:07:18 [ultranest] [DEBUG] iteration=4221, ncalls=5925, regioncalls=222840, ndraw=40, logz=-282186.57, remainder_fraction=26.5946%, Lmin=-282176.79, Lmax=-282176.45
13:07:19 [ultranest] [DEBUG] iteration=4229, ncalls=5933, regioncalls=223200, ndraw=40, logz=-282186.56, remainder_fraction=26.1169%, Lmin=-282176.78, Lmax=-282176.45
13:07:19 [ultranest] [DEBUG] iteration=4240, ncalls=5946, regioncalls=223720, ndraw=40, logz=-282186.55, remainder_fraction=25.4916%, Lmin=-282176.77, Lmax=-282176.45
13:07:19 [ultranest] [DEBUG] iteration=4253, ncalls=5961, regioncalls=224320, ndraw=40, logz=-282186.54, remainder_fraction=24.7853%, Lmin=-282176.77, Lmax=-282176.45
13:07:19 [ultranest] [DEBUG] iteration=4266, ncalls=5976, regioncalls=224920, ndraw=40, logz=-282186.53, remainder_fraction=24.1044%, Lmin=-282176.76, Lmax=-282176.45
13:07:19 [ultranest] [DEBUG] iteration=4278, ncalls=5991, regioncalls=225520, ndraw=40, logz=-282186.52, remainder_fraction=23.4779%, Lmin=-282176.75, Lmax=-282176.45
13:07:19 [ultranest] [DEBUG] iteration=4280, ncalls=5994, regioncalls=225640, ndraw=40, logz=-282186.52, remainder_fraction=23.3699%, Lmin=-282176.75, Lmax=-282176.45
13:07:19 [ultranest] [DEBUG] iteration=4292, ncalls=6010, regioncalls=226280, ndraw=40, logz=-282186.51, remainder_fraction=22.7518%, Lmin=-282176.74, Lmax=-282176.45
13:07:19 [ultranest] [DEBUG] iteration=4305, ncalls=6026, regioncalls=226920, ndraw=40, logz=-282186.51, remainder_fraction=22.1045%, Lmin=-282176.73, Lmax=-282176.45
13:07:19 [ultranest] [DEBUG] iteration=4315, ncalls=6040, regioncalls=227520, ndraw=40, logz=-282186.50, remainder_fraction=21.6117%, Lmin=-282176.72, Lmax=-282176.45
13:07:19 [ultranest] [DEBUG] iteration=4320, ncalls=6046, regioncalls=227760, ndraw=40, logz=-282186.50, remainder_fraction=21.3591%, Lmin=-282176.71, Lmax=-282176.45
13:07:19 [ultranest] [DEBUG] iteration=4332, ncalls=6061, regioncalls=228360, ndraw=40, logz=-282186.49, remainder_fraction=20.7809%, Lmin=-282176.71, Lmax=-282176.45
13:07:20 [ultranest] [DEBUG] iteration=4347, ncalls=6076, regioncalls=228960, ndraw=40, logz=-282186.48, remainder_fraction=20.0743%, Lmin=-282176.70, Lmax=-282176.45
13:07:20 [ultranest] [DEBUG] iteration=4359, ncalls=6091, regioncalls=229560, ndraw=40, logz=-282186.47, remainder_fraction=19.5036%, Lmin=-282176.70, Lmax=-282176.45
13:07:20 [ultranest] [DEBUG] iteration=4360, ncalls=6092, regioncalls=229600, ndraw=40, logz=-282186.47, remainder_fraction=19.4593%, Lmin=-282176.70, Lmax=-282176.45
13:07:20 [ultranest] [DEBUG] iteration=4374, ncalls=6107, regioncalls=230200, ndraw=40, logz=-282186.46, remainder_fraction=18.8540%, Lmin=-282176.68, Lmax=-282176.45
13:07:20 [ultranest] [DEBUG] iteration=4386, ncalls=6122, regioncalls=230800, ndraw=40, logz=-282186.46, remainder_fraction=18.3390%, Lmin=-282176.68, Lmax=-282176.45
13:07:20 [ultranest] [DEBUG] iteration=4398, ncalls=6137, regioncalls=231400, ndraw=40, logz=-282186.45, remainder_fraction=17.8326%, Lmin=-282176.67, Lmax=-282176.45
13:07:20 [ultranest] [DEBUG] iteration=4400, ncalls=6139, regioncalls=231480, ndraw=40, logz=-282186.45, remainder_fraction=17.7518%, Lmin=-282176.67, Lmax=-282176.45
13:07:20 [ultranest] [DEBUG] iteration=4411, ncalls=6153, regioncalls=232040, ndraw=40, logz=-282186.45, remainder_fraction=17.3139%, Lmin=-282176.67, Lmax=-282176.45
13:07:20 [ultranest] [DEBUG] iteration=4419, ncalls=6169, regioncalls=232680, ndraw=40, logz=-282186.44, remainder_fraction=16.9948%, Lmin=-282176.66, Lmax=-282176.45
13:07:20 [ultranest] [DEBUG] iteration=4430, ncalls=6186, regioncalls=233360, ndraw=40, logz=-282186.44, remainder_fraction=16.5613%, Lmin=-282176.66, Lmax=-282176.45
13:07:20 [ultranest] [DEBUG] iteration=4440, ncalls=6202, regioncalls=234000, ndraw=40, logz=-282186.43, remainder_fraction=16.1695%, Lmin=-282176.65, Lmax=-282176.45
13:07:20 [ultranest] [DEBUG] iteration=4447, ncalls=6219, regioncalls=234680, ndraw=40, logz=-282186.43, remainder_fraction=15.9013%, Lmin=-282176.65, Lmax=-282176.45
13:07:21 [ultranest] [DEBUG] iteration=4458, ncalls=6234, regioncalls=235280, ndraw=40, logz=-282186.42, remainder_fraction=15.4988%, Lmin=-282176.65, Lmax=-282176.45
13:07:21 [ultranest] [DEBUG] iteration=4472, ncalls=6249, regioncalls=235880, ndraw=40, logz=-282186.42, remainder_fraction=14.9944%, Lmin=-282176.64, Lmax=-282176.45
13:07:21 [ultranest] [DEBUG] iteration=4480, ncalls=6259, regioncalls=236280, ndraw=40, logz=-282186.42, remainder_fraction=14.7272%, Lmin=-282176.63, Lmax=-282176.45
13:07:21 [ultranest] [DEBUG] iteration=4487, ncalls=6271, regioncalls=236800, ndraw=40, logz=-282186.41, remainder_fraction=14.4873%, Lmin=-282176.63, Lmax=-282176.45
13:07:21 [ultranest] [DEBUG] iteration=4501, ncalls=6288, regioncalls=237480, ndraw=40, logz=-282186.41, remainder_fraction=14.0115%, Lmin=-282176.62, Lmax=-282176.45
13:07:21 [ultranest] [DEBUG] iteration=4514, ncalls=6303, regioncalls=238080, ndraw=40, logz=-282186.40, remainder_fraction=13.5816%, Lmin=-282176.62, Lmax=-282176.45
13:07:21 [ultranest] [DEBUG] iteration=4520, ncalls=6309, regioncalls=238320, ndraw=40, logz=-282186.40, remainder_fraction=13.3888%, Lmin=-282176.61, Lmax=-282176.45
13:07:21 [ultranest] [DEBUG] iteration=4531, ncalls=6325, regioncalls=238960, ndraw=40, logz=-282186.40, remainder_fraction=13.0421%, Lmin=-282176.61, Lmax=-282176.45
13:07:21 [ultranest] [DEBUG] iteration=4544, ncalls=6340, regioncalls=239560, ndraw=40, logz=-282186.39, remainder_fraction=12.6356%, Lmin=-282176.60, Lmax=-282176.45
13:07:21 [ultranest] [DEBUG] iteration=4557, ncalls=6356, regioncalls=240200, ndraw=40, logz=-282186.39, remainder_fraction=12.2485%, Lmin=-282176.60, Lmax=-282176.45
13:07:21 [ultranest] [DEBUG] iteration=4560, ncalls=6361, regioncalls=240400, ndraw=40, logz=-282186.39, remainder_fraction=12.1644%, Lmin=-282176.59, Lmax=-282176.45
13:07:22 [ultranest] [DEBUG] iteration=4570, ncalls=6375, regioncalls=240960, ndraw=40, logz=-282186.38, remainder_fraction=11.8709%, Lmin=-282176.59, Lmax=-282176.45
13:07:22 [ultranest] [DEBUG] iteration=4573, ncalls=6380, regioncalls=241200, ndraw=40, logz=-282186.38, remainder_fraction=11.7848%, Lmin=-282176.59, Lmax=-282176.45
13:07:22 [ultranest] [DEBUG] iteration=4586, ncalls=6395, regioncalls=241800, ndraw=40, logz=-282186.38, remainder_fraction=11.4225%, Lmin=-282176.58, Lmax=-282176.45
13:07:22 [ultranest] [DEBUG] iteration=4597, ncalls=6411, regioncalls=242440, ndraw=40, logz=-282186.37, remainder_fraction=11.1203%, Lmin=-282176.58, Lmax=-282176.45
13:07:22 [ultranest] [DEBUG] iteration=4600, ncalls=6414, regioncalls=242560, ndraw=40, logz=-282186.37, remainder_fraction=11.0382%, Lmin=-282176.58, Lmax=-282176.45
13:07:22 [ultranest] [DEBUG] iteration=4613, ncalls=6430, regioncalls=243200, ndraw=40, logz=-282186.37, remainder_fraction=10.6994%, Lmin=-282176.58, Lmax=-282176.45
13:07:22 [ultranest] [DEBUG] iteration=4625, ncalls=6446, regioncalls=243840, ndraw=40, logz=-282186.37, remainder_fraction=10.3875%, Lmin=-282176.57, Lmax=-282176.45
13:07:22 [ultranest] [DEBUG] iteration=4637, ncalls=6462, regioncalls=244480, ndraw=40, logz=-282186.36, remainder_fraction=10.0851%, Lmin=-282176.57, Lmax=-282176.45
13:07:22 [ultranest] [DEBUG] iteration=4640, ncalls=6469, regioncalls=244760, ndraw=40, logz=-282186.36, remainder_fraction=10.0108%, Lmin=-282176.57, Lmax=-282176.45
13:07:22 [ultranest] [DEBUG] iteration=4648, ncalls=6487, regioncalls=245480, ndraw=40, logz=-282186.36, remainder_fraction=9.8214%, Lmin=-282176.56, Lmax=-282176.45
13:07:22 [ultranest] [DEBUG] iteration=4658, ncalls=6503, regioncalls=246120, ndraw=40, logz=-282186.36, remainder_fraction=9.5833%, Lmin=-282176.56, Lmax=-282176.45
13:07:22 [ultranest] [DEBUG] iteration=4659, ncalls=6504, regioncalls=246200, ndraw=40, logz=-282186.36, remainder_fraction=9.5610%, Lmin=-282176.56, Lmax=-282176.45
13:07:22 [ultranest] [DEBUG] iteration=4672, ncalls=6520, regioncalls=246840, ndraw=40, logz=-282186.35, remainder_fraction=9.2602%, Lmin=-282176.56, Lmax=-282176.45
13:07:23 [ultranest] [DEBUG] iteration=4680, ncalls=6528, regioncalls=247160, ndraw=40, logz=-282186.35, remainder_fraction=9.0805%, Lmin=-282176.55, Lmax=-282176.45
13:07:23 [ultranest] [DEBUG] iteration=4692, ncalls=6544, regioncalls=247800, ndraw=40, logz=-282186.35, remainder_fraction=8.8180%, Lmin=-282176.55, Lmax=-282176.45
13:07:23 [ultranest] [DEBUG] iteration=4706, ncalls=6560, regioncalls=248440, ndraw=40, logz=-282186.35, remainder_fraction=8.5176%, Lmin=-282176.55, Lmax=-282176.45
13:07:23 [ultranest] [DEBUG] iteration=4716, ncalls=6576, regioncalls=249080, ndraw=40, logz=-282186.34, remainder_fraction=8.3108%, Lmin=-282176.54, Lmax=-282176.45
13:07:23 [ultranest] [DEBUG] iteration=4720, ncalls=6581, regioncalls=249280, ndraw=40, logz=-282186.34, remainder_fraction=8.2291%, Lmin=-282176.54, Lmax=-282176.45
13:07:23 [ultranest] [DEBUG] iteration=4733, ncalls=6601, regioncalls=250080, ndraw=40, logz=-282186.34, remainder_fraction=7.9693%, Lmin=-282176.54, Lmax=-282176.45
13:07:23 [ultranest] [DEBUG] iteration=4742, ncalls=6617, regioncalls=250720, ndraw=40, logz=-282186.34, remainder_fraction=7.7936%, Lmin=-282176.54, Lmax=-282176.45
13:07:23 [ultranest] [DEBUG] iteration=4745, ncalls=6621, regioncalls=250920, ndraw=40, logz=-282186.34, remainder_fraction=7.7355%, Lmin=-282176.54, Lmax=-282176.45
13:07:23 [ultranest] [DEBUG] iteration=4759, ncalls=6637, regioncalls=251560, ndraw=40, logz=-282186.33, remainder_fraction=7.4702%, Lmin=-282176.53, Lmax=-282176.45
13:07:23 [ultranest] [DEBUG] iteration=4760, ncalls=6638, regioncalls=251600, ndraw=40, logz=-282186.33, remainder_fraction=7.4511%, Lmin=-282176.53, Lmax=-282176.45
13:07:23 [ultranest] [DEBUG] iteration=4775, ncalls=6653, regioncalls=252200, ndraw=40, logz=-282186.33, remainder_fraction=7.1805%, Lmin=-282176.53, Lmax=-282176.45
13:07:23 [ultranest] [DEBUG] iteration=4787, ncalls=6672, regioncalls=252960, ndraw=40, logz=-282186.33, remainder_fraction=6.9688%, Lmin=-282176.53, Lmax=-282176.45
13:07:24 [ultranest] [DEBUG] iteration=4800, ncalls=6688, regioncalls=253600, ndraw=40, logz=-282186.33, remainder_fraction=6.7456%, Lmin=-282176.53, Lmax=-282176.45
13:07:24 [ultranest] [DEBUG] iteration=4812, ncalls=6704, regioncalls=254240, ndraw=40, logz=-282186.32, remainder_fraction=6.5454%, Lmin=-282176.52, Lmax=-282176.45
13:07:24 [ultranest] [DEBUG] iteration=4825, ncalls=6720, regioncalls=254880, ndraw=40, logz=-282186.32, remainder_fraction=6.3360%, Lmin=-282176.52, Lmax=-282176.45
13:07:24 [ultranest] [DEBUG] iteration=4837, ncalls=6735, regioncalls=255480, ndraw=40, logz=-282186.32, remainder_fraction=6.1485%, Lmin=-282176.52, Lmax=-282176.45
13:07:24 [ultranest] [DEBUG] iteration=4840, ncalls=6740, regioncalls=255680, ndraw=40, logz=-282186.32, remainder_fraction=6.1021%, Lmin=-282176.52, Lmax=-282176.45
13:07:24 [ultranest] [DEBUG] iteration=4851, ncalls=6756, regioncalls=256320, ndraw=40, logz=-282186.32, remainder_fraction=5.9367%, Lmin=-282176.52, Lmax=-282176.45
13:07:24 [ultranest] [DEBUG] iteration=4865, ncalls=6772, regioncalls=256960, ndraw=40, logz=-282186.32, remainder_fraction=5.7316%, Lmin=-282176.51, Lmax=-282176.45
13:07:24 [ultranest] [DEBUG] iteration=4879, ncalls=6789, regioncalls=257640, ndraw=40, logz=-282186.31, remainder_fraction=5.5332%, Lmin=-282176.51, Lmax=-282176.45
13:07:24 [ultranest] [DEBUG] iteration=4880, ncalls=6792, regioncalls=257760, ndraw=40, logz=-282186.31, remainder_fraction=5.5193%, Lmin=-282176.51, Lmax=-282176.45
13:07:24 [ultranest] [DEBUG] iteration=4892, ncalls=6809, regioncalls=258440, ndraw=40, logz=-282186.31, remainder_fraction=5.3548%, Lmin=-282176.51, Lmax=-282176.45
13:07:24 [ultranest] [DEBUG] iteration=4903, ncalls=6825, regioncalls=259080, ndraw=40, logz=-282186.31, remainder_fraction=5.2089%, Lmin=-282176.51, Lmax=-282176.45
13:07:25 [ultranest] [DEBUG] iteration=4915, ncalls=6841, regioncalls=259720, ndraw=40, logz=-282186.31, remainder_fraction=5.0532%, Lmin=-282176.51, Lmax=-282176.45
13:07:25 [ultranest] [DEBUG] iteration=4917, ncalls=6845, regioncalls=259960, ndraw=40, logz=-282186.31, remainder_fraction=5.0281%, Lmin=-282176.50, Lmax=-282176.45
13:07:25 [ultranest] [DEBUG] iteration=4920, ncalls=6853, regioncalls=260320, ndraw=40, logz=-282186.31, remainder_fraction=4.9905%, Lmin=-282176.50, Lmax=-282176.45
13:07:25 [ultranest] [DEBUG] iteration=4933, ncalls=6869, regioncalls=261040, ndraw=40, logz=-282186.31, remainder_fraction=4.8292%, Lmin=-282176.50, Lmax=-282176.45
13:07:25 [ultranest] [DEBUG] iteration=4946, ncalls=6885, regioncalls=261680, ndraw=40, logz=-282186.30, remainder_fraction=4.6728%, Lmin=-282176.50, Lmax=-282176.45
13:07:25 [ultranest] [DEBUG] iteration=4960, ncalls=6899, regioncalls=262240, ndraw=40, logz=-282186.30, remainder_fraction=4.5092%, Lmin=-282176.50, Lmax=-282176.45
13:07:25 [ultranest] [DEBUG] iteration=4969, ncalls=6916, regioncalls=262920, ndraw=40, logz=-282186.30, remainder_fraction=4.4070%, Lmin=-282176.50, Lmax=-282176.45
13:07:25 [ultranest] [DEBUG] iteration=4980, ncalls=6932, regioncalls=263560, ndraw=40, logz=-282186.30, remainder_fraction=4.2854%, Lmin=-282176.49, Lmax=-282176.45
13:07:25 [ultranest] [DEBUG] iteration=4990, ncalls=6949, regioncalls=264240, ndraw=40, logz=-282186.30, remainder_fraction=4.1780%, Lmin=-282176.49, Lmax=-282176.45
13:07:25 [ultranest] [DEBUG] iteration=5000, ncalls=6961, regioncalls=264720, ndraw=40, logz=-282186.30, remainder_fraction=4.0728%, Lmin=-282176.49, Lmax=-282176.45
13:07:25 [ultranest] [DEBUG] iteration=5003, ncalls=6965, regioncalls=264920, ndraw=40, logz=-282186.30, remainder_fraction=4.0418%, Lmin=-282176.49, Lmax=-282176.45
13:07:25 [ultranest] [DEBUG] iteration=5015, ncalls=6980, regioncalls=265560, ndraw=40, logz=-282186.30, remainder_fraction=3.9205%, Lmin=-282176.49, Lmax=-282176.45
13:07:26 [ultranest] [DEBUG] iteration=5027, ncalls=6998, regioncalls=266280, ndraw=40, logz=-282186.29, remainder_fraction=3.8025%, Lmin=-282176.49, Lmax=-282176.45
13:07:26 [ultranest] [DEBUG] iteration=5040, ncalls=7012, regioncalls=266840, ndraw=40, logz=-282186.29, remainder_fraction=3.6789%, Lmin=-282176.49, Lmax=-282176.45
13:07:26 [ultranest] [DEBUG] iteration=5053, ncalls=7028, regioncalls=267480, ndraw=40, logz=-282186.29, remainder_fraction=3.5595%, Lmin=-282176.49, Lmax=-282176.45
13:07:26 [ultranest] [DEBUG] iteration=5069, ncalls=7044, regioncalls=268120, ndraw=40, logz=-282186.29, remainder_fraction=3.4173%, Lmin=-282176.49, Lmax=-282176.45
13:07:26 [ultranest] [DEBUG] iteration=5080, ncalls=7056, regioncalls=268600, ndraw=40, logz=-282186.29, remainder_fraction=3.3233%, Lmin=-282176.48, Lmax=-282176.45
13:07:26 [ultranest] [DEBUG] iteration=5089, ncalls=7073, regioncalls=269280, ndraw=40, logz=-282186.29, remainder_fraction=3.2475%, Lmin=-282176.48, Lmax=-282176.45
13:07:26 [ultranest] [DEBUG] iteration=5102, ncalls=7090, regioncalls=269960, ndraw=40, logz=-282186.29, remainder_fraction=3.1416%, Lmin=-282176.48, Lmax=-282176.45
13:07:26 [ultranest] [DEBUG] iteration=5114, ncalls=7106, regioncalls=270600, ndraw=40, logz=-282186.29, remainder_fraction=3.0472%, Lmin=-282176.48, Lmax=-282176.45
13:07:26 [ultranest] [DEBUG] iteration=5120, ncalls=7114, regioncalls=270920, ndraw=40, logz=-282186.29, remainder_fraction=3.0008%, Lmin=-282176.48, Lmax=-282176.45
13:07:26 [ultranest] [DEBUG] iteration=5131, ncalls=7130, regioncalls=271560, ndraw=40, logz=-282186.29, remainder_fraction=2.9176%, Lmin=-282176.48, Lmax=-282176.45
13:07:27 [ultranest] [DEBUG] iteration=5138, ncalls=7145, regioncalls=272160, ndraw=40, logz=-282186.29, remainder_fraction=2.8659%, Lmin=-282176.48, Lmax=-282176.45
13:07:27 [ultranest] [DEBUG] iteration=5151, ncalls=7160, regioncalls=272760, ndraw=40, logz=-282186.28, remainder_fraction=2.7718%, Lmin=-282176.48, Lmax=-282176.45
13:07:27 [ultranest] [DEBUG] iteration=5160, ncalls=7170, regioncalls=273160, ndraw=40, logz=-282186.28, remainder_fraction=2.7086%, Lmin=-282176.48, Lmax=-282176.45
13:07:27 [ultranest] [DEBUG] iteration=5174, ncalls=7188, regioncalls=273880, ndraw=40, logz=-282186.28, remainder_fraction=2.6134%, Lmin=-282176.48, Lmax=-282176.45
13:07:27 [ultranest] [DEBUG] iteration=5175, ncalls=7189, regioncalls=273960, ndraw=40, logz=-282186.28, remainder_fraction=2.6067%, Lmin=-282176.48, Lmax=-282176.45
13:07:27 [ultranest] [DEBUG] iteration=5188, ncalls=7205, regioncalls=274680, ndraw=40, logz=-282186.28, remainder_fraction=2.5213%, Lmin=-282176.48, Lmax=-282176.45
13:07:27 [ultranest] [DEBUG] iteration=5199, ncalls=7222, regioncalls=275360, ndraw=40, logz=-282186.28, remainder_fraction=2.4513%, Lmin=-282176.47, Lmax=-282176.45
13:07:27 [ultranest] [DEBUG] iteration=5200, ncalls=7223, regioncalls=275400, ndraw=40, logz=-282186.28, remainder_fraction=2.4449%, Lmin=-282176.47, Lmax=-282176.45
13:07:27 [ultranest] [DEBUG] iteration=5213, ncalls=7240, regioncalls=276080, ndraw=40, logz=-282186.28, remainder_fraction=2.3646%, Lmin=-282176.47, Lmax=-282176.45
13:07:27 [ultranest] [DEBUG] iteration=5225, ncalls=7255, regioncalls=276680, ndraw=40, logz=-282186.28, remainder_fraction=2.2930%, Lmin=-282176.47, Lmax=-282176.45
13:07:27 [ultranest] [DEBUG] iteration=5237, ncalls=7270, regioncalls=277280, ndraw=40, logz=-282186.28, remainder_fraction=2.2232%, Lmin=-282176.47, Lmax=-282176.45
13:07:27 [ultranest] [DEBUG] iteration=5240, ncalls=7274, regioncalls=277440, ndraw=40, logz=-282186.28, remainder_fraction=2.2061%, Lmin=-282176.47, Lmax=-282176.45
13:07:27 [ultranest] [DEBUG] iteration=5254, ncalls=7289, regioncalls=278040, ndraw=40, logz=-282186.28, remainder_fraction=2.1281%, Lmin=-282176.47, Lmax=-282176.45
13:07:28 [ultranest] [DEBUG] iteration=5261, ncalls=7297, regioncalls=278400, ndraw=40, logz=-282186.28, remainder_fraction=2.0903%, Lmin=-282176.47, Lmax=-282176.45
13:07:28 [ultranest] [DEBUG] iteration=5273, ncalls=7312, regioncalls=279040, ndraw=40, logz=-282186.28, remainder_fraction=2.0270%, Lmin=-282176.47, Lmax=-282176.45
13:07:28 [ultranest] [DEBUG] iteration=5280, ncalls=7319, regioncalls=279320, ndraw=40, logz=-282186.28, remainder_fraction=1.9909%, Lmin=-282176.47, Lmax=-282176.45
13:07:28 [ultranest] [DEBUG] iteration=5293, ncalls=7334, regioncalls=279920, ndraw=40, logz=-282186.28, remainder_fraction=1.9254%, Lmin=-282176.47, Lmax=-282176.45
13:07:28 [ultranest] [DEBUG] iteration=5305, ncalls=7349, regioncalls=280520, ndraw=40, logz=-282186.27, remainder_fraction=1.8670%, Lmin=-282176.47, Lmax=-282176.45
13:07:28 [ultranest] [DEBUG] iteration=5318, ncalls=7364, regioncalls=281120, ndraw=40, logz=-282186.27, remainder_fraction=1.8055%, Lmin=-282176.47, Lmax=-282176.45
13:07:28 [ultranest] [DEBUG] iteration=5320, ncalls=7367, regioncalls=281240, ndraw=40, logz=-282186.27, remainder_fraction=1.7963%, Lmin=-282176.47, Lmax=-282176.45
13:07:28 [ultranest] [DEBUG] iteration=5332, ncalls=7382, regioncalls=281840, ndraw=40, logz=-282186.27, remainder_fraction=1.7417%, Lmin=-282176.47, Lmax=-282176.45
13:07:28 [ultranest] [DEBUG] iteration=5344, ncalls=7397, regioncalls=282440, ndraw=40, logz=-282186.27, remainder_fraction=1.6887%, Lmin=-282176.47, Lmax=-282176.45
13:07:28 [ultranest] [DEBUG] iteration=5347, ncalls=7400, regioncalls=282640, ndraw=40, logz=-282186.27, remainder_fraction=1.6758%, Lmin=-282176.47, Lmax=-282176.45
13:07:28 [ultranest] [DEBUG] iteration=5359, ncalls=7417, regioncalls=283320, ndraw=40, logz=-282186.27, remainder_fraction=1.6247%, Lmin=-282176.47, Lmax=-282176.45
13:07:28 [ultranest] [DEBUG] iteration=5360, ncalls=7418, regioncalls=283360, ndraw=40, logz=-282186.27, remainder_fraction=1.6205%, Lmin=-282176.47, Lmax=-282176.45
13:07:28 [ultranest] [DEBUG] iteration=5374, ncalls=7433, regioncalls=283960, ndraw=40, logz=-282186.27, remainder_fraction=1.5631%, Lmin=-282176.47, Lmax=-282176.45
13:07:29 [ultranest] [DEBUG] iteration=5387, ncalls=7448, regioncalls=284560, ndraw=40, logz=-282186.27, remainder_fraction=1.5116%, Lmin=-282176.46, Lmax=-282176.45
13:07:29 [ultranest] [DEBUG] iteration=5400, ncalls=7462, regioncalls=285120, ndraw=40, logz=-282186.27, remainder_fraction=1.4616%, Lmin=-282176.46, Lmax=-282176.45
13:07:29 [ultranest] [DEBUG] iteration=5410, ncalls=7479, regioncalls=285800, ndraw=40, logz=-282186.27, remainder_fraction=1.4244%, Lmin=-282176.46, Lmax=-282176.45
13:07:29 [ultranest] [DEBUG] iteration=5421, ncalls=7495, regioncalls=286440, ndraw=40, logz=-282186.27, remainder_fraction=1.3847%, Lmin=-282176.46, Lmax=-282176.45
13:07:29 [ultranest] [DEBUG] iteration=5432, ncalls=7511, regioncalls=287080, ndraw=40, logz=-282186.27, remainder_fraction=1.3460%, Lmin=-282176.46, Lmax=-282176.45
13:07:29 [ultranest] [DEBUG] iteration=5433, ncalls=7514, regioncalls=287280, ndraw=40, logz=-282186.27, remainder_fraction=1.3425%, Lmin=-282176.46, Lmax=-282176.45
13:07:29 [ultranest] [DEBUG] iteration=5440, ncalls=7523, regioncalls=287640, ndraw=40, logz=-282186.27, remainder_fraction=1.3186%, Lmin=-282176.46, Lmax=-282176.45
13:07:29 [ultranest] [DEBUG] iteration=5453, ncalls=7538, regioncalls=288240, ndraw=40, logz=-282186.27, remainder_fraction=1.2750%, Lmin=-282176.46, Lmax=-282176.45
13:07:29 [ultranest] [DEBUG] iteration=5465, ncalls=7553, regioncalls=288840, ndraw=40, logz=-282186.27, remainder_fraction=1.2362%, Lmin=-282176.46, Lmax=-282176.45
13:07:29 [ultranest] [DEBUG] iteration=5478, ncalls=7568, regioncalls=289440, ndraw=40, logz=-282186.27, remainder_fraction=1.1955%, Lmin=-282176.46, Lmax=-282176.45
13:07:29 [ultranest] [DEBUG] iteration=5480, ncalls=7571, regioncalls=289560, ndraw=40, logz=-282186.27, remainder_fraction=1.1894%, Lmin=-282176.46, Lmax=-282176.45
13:07:30 [ultranest] [DEBUG] iteration=5492, ncalls=7586, regioncalls=290160, ndraw=40, logz=-282186.27, remainder_fraction=1.1532%, Lmin=-282176.46, Lmax=-282176.45
13:07:30 [ultranest] [DEBUG] iteration=5505, ncalls=7601, regioncalls=290760, ndraw=40, logz=-282186.27, remainder_fraction=1.1150%, Lmin=-282176.46, Lmax=-282176.45
13:07:30 [ultranest] [DEBUG] iteration=5516, ncalls=7617, regioncalls=291400, ndraw=40, logz=-282186.27, remainder_fraction=1.0838%, Lmin=-282176.46, Lmax=-282176.45
13:07:30 [ultranest] [DEBUG] iteration=5519, ncalls=7621, regioncalls=291600, ndraw=40, logz=-282186.27, remainder_fraction=1.0754%, Lmin=-282176.46, Lmax=-282176.45
13:07:30 [ultranest] [DEBUG] iteration=5520, ncalls=7623, regioncalls=291680, ndraw=40, logz=-282186.27, remainder_fraction=1.0726%, Lmin=-282176.46, Lmax=-282176.45
13:07:30 [ultranest] [DEBUG] iteration=5531, ncalls=7639, regioncalls=292320, ndraw=40, logz=-282186.27, remainder_fraction=1.0426%, Lmin=-282176.46, Lmax=-282176.45
13:07:30 [ultranest] [DEBUG] iteration=5546, ncalls=7654, regioncalls=292920, ndraw=40, logz=-282186.27, remainder_fraction=1.0030%, Lmin=-282176.46, Lmax=-282176.45
13:07:30 [ultranest] [INFO] Explored until L=-3e+05  
13:07:30 [ultranest] [INFO] Likelihood function evaluations: 7655
13:07:31 [ultranest] [INFO] Writing samples and results to disk ...
13:07:31 [ultranest] [INFO] Writing samples and results to disk ... done
13:07:31 [ultranest] [DEBUG] did a run_iter pass!
13:07:31 [ultranest] [INFO]   logZ = -2.822e+05 +- 0.111
13:07:31 [ultranest] [INFO] Effective samples strategy satisfied (ESS = 1557.5, need >400)
13:07:31 [ultranest] [INFO] Posterior uncertainty strategy is satisfied (KL: 0.46+-0.05 nat, need <0.50 nat)
13:07:31 [ultranest] [INFO] Evidency uncertainty strategy is satisfied (dlogz=0.11, need <0.5)
13:07:31 [ultranest] [INFO]   logZ error budget: single: 0.15 bs:0.11 tail:0.01 total:0.11 required:<0.50
13:07:31 [ultranest] [INFO] done iterating.
13:07:31 [ultranest] [DEBUG] Making corner plot ...
13:07:32 [ultranest] [DEBUG] Making corner plot ... done
13:07:32 [ultranest] [DEBUG] Making run plot ... 
13:07:32 [ultranest] [DEBUG] Making run plot ... done
13:07:32 [ultranest] [DEBUG] Making trace plot ... 
13:07:33 [ultranest] [DEBUG] Making trace plot ... done
