13:41:54 [ultranest] [DEBUG] ReactiveNestedSampler: dims=2+0, resume=False, log_dir=./m-values/N24/S32/M24/T029/P025/NF2/sample_rho, backend=hdf5, vectorized=False, nbootstraps=30, ndraw=128..65536
13:41:54 [ultranest] [INFO] Sampling 400 live points from prior ...
13:41:56 [ultranest] [DEBUG] run_iter dlogz=0.5, dKL=0.5, frac_remain=0.01, Lepsilon=0.0010, min_ess=400
13:41:56 [ultranest] [DEBUG] max_iters=-1, max_ncalls=-1, max_num_improvement_loops=-1, min_num_live_points=400, cluster_num_live_points=40
13:41:56 [ultranest] [DEBUG] minimal_widths_sequence: [(-inf, 400.0), (inf, 400.0)]
13:41:56 [ultranest] [DEBUG] Plateau detected at L=-2.763102e+07, not replacing live point.
13:41:56 [ultranest] [DEBUG] Plateau detected at L=-2.763102e+07, not replacing live point.
13:41:56 [ultranest] [DEBUG] Plateau detected at L=-2.763102e+07, not replacing live point.
13:41:56 [ultranest] [DEBUG] Plateau detected at L=-2.763102e+07, not replacing live point.
13:41:56 [ultranest] [DEBUG] Plateau detected at L=-2.763102e+07, not replacing live point.
13:41:56 [ultranest] [DEBUG] Plateau detected at L=-2.763102e+07, not replacing live point.
13:41:56 [ultranest] [DEBUG] Plateau detected at L=-2.763102e+07, not replacing live point.
13:41:56 [ultranest] [DEBUG] Plateau detected at L=-2.763102e+07, not replacing live point.
13:41:56 [ultranest] [DEBUG] Plateau detected at L=-2.763102e+07, not replacing live point.
13:41:56 [ultranest] [DEBUG] Plateau detected at L=-2.763102e+07, not replacing live point.
13:41:56 [ultranest] [DEBUG] Plateau detected at L=-2.763102e+07, not replacing live point.
13:41:56 [ultranest] [DEBUG] Plateau detected at L=-2.763102e+07, not replacing live point.
13:41:56 [ultranest] [DEBUG] Plateau detected at L=-2.763102e+07, not replacing live point.
13:41:56 [ultranest] [DEBUG] Plateau detected at L=-2.763102e+07, not replacing live point.
13:41:56 [ultranest] [DEBUG] Plateau detected at L=-2.763102e+07, not replacing live point.
13:41:56 [ultranest] [DEBUG] Plateau detected at L=-2.763102e+07, not replacing live point.
13:41:56 [ultranest] [DEBUG] Plateau detected at L=-2.763102e+07, not replacing live point.
13:41:56 [ultranest] [DEBUG] Plateau detected at L=-2.763102e+07, not replacing live point.
13:41:56 [ultranest] [DEBUG] Plateau detected at L=-2.763102e+07, not replacing live point.
13:41:56 [ultranest] [DEBUG] Plateau detected at L=-2.763102e+07, not replacing live point.
13:41:56 [ultranest] [DEBUG] Plateau detected at L=-2.763102e+07, not replacing live point.
13:41:56 [ultranest] [DEBUG] Plateau detected at L=-2.763102e+07, not replacing live point.
13:41:56 [ultranest] [DEBUG] iteration=22, ncalls=401, regioncalls=40, ndraw=40, logz=-27631024.02, remainder_fraction=100.0000%, Lmin=-27631021.12, Lmax=-212068.40
13:41:56 [ultranest] [DEBUG] iteration=40, ncalls=419, regioncalls=760, ndraw=40, logz=-254540.12, remainder_fraction=100.0000%, Lmin=-252772.97, Lmax=-212068.40
13:41:56 [ultranest] [DEBUG] iteration=57, ncalls=439, regioncalls=1560, ndraw=40, logz=-249678.13, remainder_fraction=100.0000%, Lmin=-249607.81, Lmax=-212068.40
13:41:56 [ultranest] [DEBUG] iteration=75, ncalls=458, regioncalls=2320, ndraw=40, logz=-247340.56, remainder_fraction=100.0000%, Lmin=-247322.46, Lmax=-212068.40
13:41:56 [ultranest] [DEBUG] iteration=80, ncalls=466, regioncalls=2640, ndraw=40, logz=-247165.61, remainder_fraction=100.0000%, Lmin=-247107.66, Lmax=-212054.11
13:41:57 [ultranest] [DEBUG] iteration=98, ncalls=485, regioncalls=3400, ndraw=40, logz=-244375.31, remainder_fraction=100.0000%, Lmin=-244358.87, Lmax=-211994.40
13:41:57 [ultranest] [DEBUG] iteration=107, ncalls=495, regioncalls=3800, ndraw=40, logz=-242821.14, remainder_fraction=100.0000%, Lmin=-242542.19, Lmax=-211994.40
13:41:57 [ultranest] [DEBUG] iteration=120, ncalls=508, regioncalls=4320, ndraw=40, logz=-241085.56, remainder_fraction=100.0000%, Lmin=-241061.39, Lmax=-211994.40
13:41:57 [ultranest] [DEBUG] iteration=138, ncalls=528, regioncalls=5120, ndraw=40, logz=-237939.16, remainder_fraction=100.0000%, Lmin=-237821.81, Lmax=-211994.40
13:41:57 [ultranest] [DEBUG] iteration=154, ncalls=549, regioncalls=5960, ndraw=40, logz=-236652.55, remainder_fraction=100.0000%, Lmin=-236627.82, Lmax=-211994.40
13:41:57 [ultranest] [DEBUG] iteration=160, ncalls=558, regioncalls=6320, ndraw=40, logz=-236020.20, remainder_fraction=100.0000%, Lmin=-235864.79, Lmax=-211994.40
13:41:57 [ultranest] [DEBUG] iteration=178, ncalls=577, regioncalls=7080, ndraw=40, logz=-233867.89, remainder_fraction=100.0000%, Lmin=-233838.33, Lmax=-211994.40
13:41:57 [ultranest] [DEBUG] iteration=192, ncalls=596, regioncalls=7840, ndraw=40, logz=-232844.28, remainder_fraction=100.0000%, Lmin=-232710.54, Lmax=-211994.40
13:41:57 [ultranest] [DEBUG] iteration=200, ncalls=604, regioncalls=8160, ndraw=40, logz=-232377.64, remainder_fraction=100.0000%, Lmin=-232363.26, Lmax=-211994.40
13:41:57 [ultranest] [DEBUG] iteration=218, ncalls=624, regioncalls=8960, ndraw=40, logz=-231361.06, remainder_fraction=100.0000%, Lmin=-231350.69, Lmax=-211994.40
13:41:57 [ultranest] [DEBUG] iteration=236, ncalls=643, regioncalls=9720, ndraw=40, logz=-230336.04, remainder_fraction=100.0000%, Lmin=-230161.52, Lmax=-211951.09
13:41:57 [ultranest] [DEBUG] iteration=240, ncalls=647, regioncalls=9880, ndraw=40, logz=-229985.94, remainder_fraction=100.0000%, Lmin=-229956.18, Lmax=-211951.09
13:41:58 [ultranest] [DEBUG] iteration=257, ncalls=667, regioncalls=10680, ndraw=40, logz=-229415.65, remainder_fraction=100.0000%, Lmin=-229392.17, Lmax=-211951.09
13:41:58 [ultranest] [DEBUG] iteration=275, ncalls=688, regioncalls=11520, ndraw=40, logz=-228053.35, remainder_fraction=100.0000%, Lmin=-227998.81, Lmax=-211951.09
13:41:58 [ultranest] [DEBUG] iteration=280, ncalls=693, regioncalls=11720, ndraw=40, logz=-227595.59, remainder_fraction=100.0000%, Lmin=-227470.68, Lmax=-211951.09
13:41:58 [ultranest] [DEBUG] iteration=298, ncalls=713, regioncalls=12520, ndraw=40, logz=-226115.25, remainder_fraction=100.0000%, Lmin=-225973.20, Lmax=-211951.09
13:41:58 [ultranest] [DEBUG] iteration=316, ncalls=732, regioncalls=13280, ndraw=40, logz=-225276.67, remainder_fraction=100.0000%, Lmin=-225232.69, Lmax=-211951.09
13:41:58 [ultranest] [DEBUG] iteration=320, ncalls=737, regioncalls=13480, ndraw=40, logz=-224812.67, remainder_fraction=100.0000%, Lmin=-224625.89, Lmax=-211951.09
13:41:58 [ultranest] [DEBUG] iteration=337, ncalls=757, regioncalls=14280, ndraw=40, logz=-223986.50, remainder_fraction=100.0000%, Lmin=-223945.68, Lmax=-211951.09
13:41:58 [ultranest] [DEBUG] iteration=351, ncalls=777, regioncalls=15080, ndraw=40, logz=-223383.22, remainder_fraction=100.0000%, Lmin=-223333.79, Lmax=-211951.09
13:41:58 [ultranest] [DEBUG] iteration=360, ncalls=789, regioncalls=15560, ndraw=40, logz=-223120.04, remainder_fraction=100.0000%, Lmin=-223095.73, Lmax=-211951.09
13:41:58 [ultranest] [DEBUG] iteration=362, ncalls=793, regioncalls=15720, ndraw=40, logz=-223070.16, remainder_fraction=100.0000%, Lmin=-223053.24, Lmax=-211951.09
13:41:58 [ultranest] [DEBUG] iteration=377, ncalls=813, regioncalls=16520, ndraw=40, logz=-222645.04, remainder_fraction=100.0000%, Lmin=-222615.90, Lmax=-211951.09
13:41:58 [ultranest] [DEBUG] iteration=393, ncalls=833, regioncalls=17320, ndraw=40, logz=-222077.05, remainder_fraction=100.0000%, Lmin=-222067.14, Lmax=-211951.09
13:41:58 [ultranest] [DEBUG] iteration=400, ncalls=840, regioncalls=17600, ndraw=40, logz=-221913.61, remainder_fraction=100.0000%, Lmin=-221872.74, Lmax=-211937.79
13:41:59 [ultranest] [DEBUG] iteration=417, ncalls=860, regioncalls=18400, ndraw=40, logz=-221337.11, remainder_fraction=100.0000%, Lmin=-221307.75, Lmax=-211937.79
13:41:59 [ultranest] [DEBUG] iteration=434, ncalls=881, regioncalls=19240, ndraw=40, logz=-220914.10, remainder_fraction=100.0000%, Lmin=-220893.35, Lmax=-211937.79
13:41:59 [ultranest] [DEBUG] iteration=440, ncalls=889, regioncalls=19560, ndraw=40, logz=-220770.60, remainder_fraction=100.0000%, Lmin=-220760.03, Lmax=-211937.79
13:41:59 [ultranest] [DEBUG] iteration=447, ncalls=898, regioncalls=19920, ndraw=40, logz=-220642.24, remainder_fraction=100.0000%, Lmin=-220561.83, Lmax=-211937.43
13:41:59 [ultranest] [DEBUG] iteration=464, ncalls=918, regioncalls=20720, ndraw=40, logz=-220014.61, remainder_fraction=100.0000%, Lmin=-220005.77, Lmax=-211937.43
13:41:59 [ultranest] [DEBUG] iteration=480, ncalls=937, regioncalls=21480, ndraw=40, logz=-219783.85, remainder_fraction=100.0000%, Lmin=-219693.34, Lmax=-211937.43
13:41:59 [ultranest] [DEBUG] iteration=496, ncalls=957, regioncalls=22280, ndraw=40, logz=-219319.09, remainder_fraction=100.0000%, Lmin=-219281.92, Lmax=-211937.43
13:41:59 [ultranest] [DEBUG] iteration=513, ncalls=977, regioncalls=23080, ndraw=40, logz=-219007.00, remainder_fraction=100.0000%, Lmin=-218986.19, Lmax=-211937.43
13:41:59 [ultranest] [DEBUG] iteration=520, ncalls=987, regioncalls=23480, ndraw=40, logz=-218837.78, remainder_fraction=100.0000%, Lmin=-218776.67, Lmax=-211937.43
13:41:59 [ultranest] [DEBUG] iteration=534, ncalls=1006, regioncalls=24240, ndraw=40, logz=-218579.98, remainder_fraction=100.0000%, Lmin=-218525.80, Lmax=-211937.43
13:41:59 [ultranest] [DEBUG] iteration=548, ncalls=1026, regioncalls=25040, ndraw=40, logz=-218315.92, remainder_fraction=100.0000%, Lmin=-218267.84, Lmax=-211937.43
13:42:00 [ultranest] [DEBUG] iteration=560, ncalls=1041, regioncalls=25640, ndraw=40, logz=-217989.25, remainder_fraction=100.0000%, Lmin=-217968.04, Lmax=-211937.43
13:42:00 [ultranest] [DEBUG] iteration=574, ncalls=1061, regioncalls=26440, ndraw=40, logz=-217717.45, remainder_fraction=100.0000%, Lmin=-217699.85, Lmax=-211937.43
13:42:00 [ultranest] [DEBUG] iteration=589, ncalls=1081, regioncalls=27240, ndraw=40, logz=-217547.00, remainder_fraction=100.0000%, Lmin=-217517.64, Lmax=-211937.43
13:42:00 [ultranest] [DEBUG] iteration=600, ncalls=1094, regioncalls=27760, ndraw=40, logz=-217273.24, remainder_fraction=100.0000%, Lmin=-217257.06, Lmax=-211937.43
13:42:00 [ultranest] [DEBUG] iteration=614, ncalls=1114, regioncalls=28560, ndraw=40, logz=-217072.79, remainder_fraction=100.0000%, Lmin=-217059.53, Lmax=-211937.43
13:42:00 [ultranest] [DEBUG] iteration=617, ncalls=1118, regioncalls=28720, ndraw=40, logz=-217026.14, remainder_fraction=100.0000%, Lmin=-217015.91, Lmax=-211937.43
13:42:00 [ultranest] [DEBUG] iteration=633, ncalls=1138, regioncalls=29520, ndraw=40, logz=-216873.47, remainder_fraction=100.0000%, Lmin=-216853.18, Lmax=-211937.43
13:42:00 [ultranest] [DEBUG] iteration=640, ncalls=1147, regioncalls=29880, ndraw=40, logz=-216818.83, remainder_fraction=100.0000%, Lmin=-216796.99, Lmax=-211937.43
13:42:00 [ultranest] [DEBUG] iteration=656, ncalls=1167, regioncalls=30680, ndraw=40, logz=-216582.34, remainder_fraction=100.0000%, Lmin=-216543.79, Lmax=-211937.43
13:42:00 [ultranest] [DEBUG] iteration=671, ncalls=1187, regioncalls=31480, ndraw=40, logz=-216349.21, remainder_fraction=100.0000%, Lmin=-216324.78, Lmax=-211937.43
13:42:00 [ultranest] [DEBUG] iteration=680, ncalls=1200, regioncalls=32000, ndraw=40, logz=-216183.71, remainder_fraction=100.0000%, Lmin=-216165.07, Lmax=-211937.43
13:42:00 [ultranest] [DEBUG] iteration=694, ncalls=1220, regioncalls=32800, ndraw=40, logz=-216002.12, remainder_fraction=100.0000%, Lmin=-215982.17, Lmax=-211937.43
13:42:01 [ultranest] [DEBUG] iteration=702, ncalls=1229, regioncalls=33200, ndraw=40, logz=-215922.81, remainder_fraction=100.0000%, Lmin=-215908.87, Lmax=-211937.43
13:42:01 [ultranest] [DEBUG] iteration=716, ncalls=1249, regioncalls=34000, ndraw=40, logz=-215738.27, remainder_fraction=100.0000%, Lmin=-215720.40, Lmax=-211937.43
13:42:01 [ultranest] [DEBUG] iteration=720, ncalls=1256, regioncalls=34280, ndraw=40, logz=-215699.91, remainder_fraction=100.0000%, Lmin=-215621.93, Lmax=-211937.43
13:42:01 [ultranest] [DEBUG] iteration=736, ncalls=1275, regioncalls=35040, ndraw=40, logz=-215488.55, remainder_fraction=100.0000%, Lmin=-215476.58, Lmax=-211937.43
13:42:01 [ultranest] [DEBUG] iteration=753, ncalls=1294, regioncalls=35800, ndraw=40, logz=-215318.33, remainder_fraction=100.0000%, Lmin=-215289.41, Lmax=-211937.43
13:42:01 [ultranest] [DEBUG] iteration=760, ncalls=1303, regioncalls=36160, ndraw=40, logz=-215247.42, remainder_fraction=100.0000%, Lmin=-215229.58, Lmax=-211937.43
13:42:01 [ultranest] [DEBUG] iteration=775, ncalls=1324, regioncalls=37000, ndraw=40, logz=-215043.68, remainder_fraction=100.0000%, Lmin=-215030.70, Lmax=-211937.43
13:42:01 [ultranest] [DEBUG] iteration=787, ncalls=1338, regioncalls=37560, ndraw=40, logz=-214952.15, remainder_fraction=100.0000%, Lmin=-214938.43, Lmax=-211937.43
13:42:01 [ultranest] [DEBUG] iteration=800, ncalls=1354, regioncalls=38200, ndraw=40, logz=-214806.78, remainder_fraction=100.0000%, Lmin=-214795.99, Lmax=-211937.43
13:42:01 [ultranest] [DEBUG] iteration=814, ncalls=1375, regioncalls=39040, ndraw=40, logz=-214679.72, remainder_fraction=100.0000%, Lmin=-214661.80, Lmax=-211937.43
13:42:01 [ultranest] [DEBUG] iteration=832, ncalls=1394, regioncalls=39800, ndraw=40, logz=-214568.51, remainder_fraction=100.0000%, Lmin=-214551.70, Lmax=-211937.43
13:42:01 [ultranest] [DEBUG] iteration=840, ncalls=1403, regioncalls=40160, ndraw=40, logz=-214499.48, remainder_fraction=100.0000%, Lmin=-214477.99, Lmax=-211937.43
13:42:02 [ultranest] [DEBUG] iteration=854, ncalls=1423, regioncalls=40960, ndraw=40, logz=-214352.87, remainder_fraction=100.0000%, Lmin=-214341.73, Lmax=-211937.43
13:42:02 [ultranest] [DEBUG] iteration=870, ncalls=1444, regioncalls=41800, ndraw=40, logz=-214267.22, remainder_fraction=100.0000%, Lmin=-214258.82, Lmax=-211937.43
13:42:02 [ultranest] [DEBUG] iteration=872, ncalls=1446, regioncalls=41880, ndraw=40, logz=-214259.05, remainder_fraction=100.0000%, Lmin=-214244.67, Lmax=-211937.43
13:42:02 [ultranest] [DEBUG] iteration=880, ncalls=1457, regioncalls=42320, ndraw=40, logz=-214219.78, remainder_fraction=100.0000%, Lmin=-214188.71, Lmax=-211937.43
13:42:02 [ultranest] [DEBUG] iteration=895, ncalls=1477, regioncalls=43120, ndraw=40, logz=-214073.47, remainder_fraction=100.0000%, Lmin=-214060.98, Lmax=-211937.43
13:42:02 [ultranest] [DEBUG] iteration=908, ncalls=1497, regioncalls=43920, ndraw=40, logz=-213964.30, remainder_fraction=100.0000%, Lmin=-213955.71, Lmax=-211937.43
13:42:02 [ultranest] [DEBUG] iteration=920, ncalls=1518, regioncalls=44760, ndraw=40, logz=-213899.49, remainder_fraction=100.0000%, Lmin=-213884.61, Lmax=-211937.43
13:42:02 [ultranest] [DEBUG] iteration=937, ncalls=1538, regioncalls=45560, ndraw=40, logz=-213797.84, remainder_fraction=100.0000%, Lmin=-213780.54, Lmax=-211937.43
13:42:02 [ultranest] [DEBUG] iteration=952, ncalls=1558, regioncalls=46360, ndraw=40, logz=-213695.18, remainder_fraction=100.0000%, Lmin=-213680.76, Lmax=-211937.43
13:42:02 [ultranest] [DEBUG] iteration=957, ncalls=1566, regioncalls=46680, ndraw=40, logz=-213672.95, remainder_fraction=100.0000%, Lmin=-213662.37, Lmax=-211937.43
13:42:02 [ultranest] [DEBUG] iteration=960, ncalls=1570, regioncalls=46840, ndraw=40, logz=-213668.86, remainder_fraction=100.0000%, Lmin=-213650.69, Lmax=-211937.43
13:42:02 [ultranest] [DEBUG] iteration=976, ncalls=1590, regioncalls=47640, ndraw=40, logz=-213587.65, remainder_fraction=100.0000%, Lmin=-213571.71, Lmax=-211937.43
13:42:03 [ultranest] [DEBUG] iteration=993, ncalls=1610, regioncalls=48440, ndraw=40, logz=-213511.77, remainder_fraction=100.0000%, Lmin=-213499.94, Lmax=-211937.43
13:42:03 [ultranest] [DEBUG] iteration=1000, ncalls=1617, regioncalls=48720, ndraw=40, logz=-213468.78, remainder_fraction=100.0000%, Lmin=-213457.77, Lmax=-211937.43
13:42:03 [ultranest] [DEBUG] iteration=1016, ncalls=1638, regioncalls=49560, ndraw=40, logz=-213373.63, remainder_fraction=100.0000%, Lmin=-213360.04, Lmax=-211937.43
13:42:03 [ultranest] [DEBUG] iteration=1031, ncalls=1660, regioncalls=50440, ndraw=40, logz=-213305.15, remainder_fraction=100.0000%, Lmin=-213295.01, Lmax=-211937.43
13:42:03 [ultranest] [DEBUG] iteration=1040, ncalls=1673, regioncalls=50960, ndraw=40, logz=-213277.32, remainder_fraction=100.0000%, Lmin=-213262.37, Lmax=-211937.43
13:42:03 [ultranest] [DEBUG] iteration=1042, ncalls=1675, regioncalls=51040, ndraw=40, logz=-213265.88, remainder_fraction=100.0000%, Lmin=-213252.33, Lmax=-211937.43
13:42:03 [ultranest] [DEBUG] iteration=1059, ncalls=1695, regioncalls=51880, ndraw=40, logz=-213179.77, remainder_fraction=100.0000%, Lmin=-213169.65, Lmax=-211937.43
13:42:03 [ultranest] [DEBUG] iteration=1077, ncalls=1716, regioncalls=52720, ndraw=40, logz=-213107.30, remainder_fraction=100.0000%, Lmin=-213097.37, Lmax=-211937.43
13:42:03 [ultranest] [DEBUG] iteration=1080, ncalls=1720, regioncalls=52880, ndraw=40, logz=-213096.97, remainder_fraction=100.0000%, Lmin=-213085.03, Lmax=-211937.43
13:42:03 [ultranest] [DEBUG] iteration=1096, ncalls=1740, regioncalls=53680, ndraw=40, logz=-213047.76, remainder_fraction=100.0000%, Lmin=-213035.29, Lmax=-211937.43
13:42:03 [ultranest] [DEBUG] iteration=1110, ncalls=1760, regioncalls=54480, ndraw=40, logz=-212996.76, remainder_fraction=100.0000%, Lmin=-212988.42, Lmax=-211937.43
13:42:03 [ultranest] [DEBUG] iteration=1120, ncalls=1772, regioncalls=54960, ndraw=40, logz=-212967.85, remainder_fraction=100.0000%, Lmin=-212958.91, Lmax=-211937.43
13:42:03 [ultranest] [DEBUG] iteration=1127, ncalls=1780, regioncalls=55360, ndraw=40, logz=-212956.43, remainder_fraction=100.0000%, Lmin=-212945.99, Lmax=-211937.43
13:42:03 [ultranest] [DEBUG] iteration=1144, ncalls=1800, regioncalls=56160, ndraw=40, logz=-212916.70, remainder_fraction=100.0000%, Lmin=-212907.67, Lmax=-211937.22
13:42:04 [ultranest] [DEBUG] iteration=1160, ncalls=1818, regioncalls=56880, ndraw=40, logz=-212888.73, remainder_fraction=100.0000%, Lmin=-212874.75, Lmax=-211937.22
13:42:04 [ultranest] [DEBUG] iteration=1175, ncalls=1838, regioncalls=57680, ndraw=40, logz=-212846.35, remainder_fraction=100.0000%, Lmin=-212836.68, Lmax=-211937.22
13:42:04 [ultranest] [DEBUG] iteration=1191, ncalls=1858, regioncalls=58480, ndraw=40, logz=-212784.62, remainder_fraction=100.0000%, Lmin=-212774.66, Lmax=-211937.22
13:42:04 [ultranest] [DEBUG] iteration=1200, ncalls=1871, regioncalls=59000, ndraw=40, logz=-212768.07, remainder_fraction=100.0000%, Lmin=-212755.31, Lmax=-211937.22
13:42:04 [ultranest] [DEBUG] iteration=1214, ncalls=1891, regioncalls=59800, ndraw=40, logz=-212741.10, remainder_fraction=100.0000%, Lmin=-212728.80, Lmax=-211937.22
13:42:04 [ultranest] [DEBUG] iteration=1227, ncalls=1913, regioncalls=60680, ndraw=40, logz=-212694.58, remainder_fraction=100.0000%, Lmin=-212684.79, Lmax=-211937.22
13:42:04 [ultranest] [DEBUG] iteration=1240, ncalls=1930, regioncalls=61360, ndraw=40, logz=-212673.76, remainder_fraction=100.0000%, Lmin=-212664.48, Lmax=-211937.22
13:42:04 [ultranest] [DEBUG] iteration=1253, ncalls=1950, regioncalls=62160, ndraw=40, logz=-212648.27, remainder_fraction=100.0000%, Lmin=-212637.96, Lmax=-211937.22
13:42:04 [ultranest] [DEBUG] iteration=1266, ncalls=1972, regioncalls=63040, ndraw=40, logz=-212613.96, remainder_fraction=100.0000%, Lmin=-212603.11, Lmax=-211937.22
13:42:04 [ultranest] [DEBUG] iteration=1280, ncalls=1990, regioncalls=63760, ndraw=40, logz=-212572.75, remainder_fraction=100.0000%, Lmin=-212563.46, Lmax=-211937.22
13:42:05 [ultranest] [DEBUG] iteration=1294, ncalls=2010, regioncalls=64560, ndraw=40, logz=-212554.13, remainder_fraction=100.0000%, Lmin=-212542.22, Lmax=-211937.22
13:42:05 [ultranest] [DEBUG] iteration=1297, ncalls=2017, regioncalls=64840, ndraw=40, logz=-212549.36, remainder_fraction=100.0000%, Lmin=-212537.33, Lmax=-211937.22
13:42:05 [ultranest] [DEBUG] iteration=1310, ncalls=2038, regioncalls=65720, ndraw=40, logz=-212528.28, remainder_fraction=100.0000%, Lmin=-212517.99, Lmax=-211937.22
13:42:05 [ultranest] [DEBUG] iteration=1320, ncalls=2052, regioncalls=66280, ndraw=40, logz=-212518.32, remainder_fraction=100.0000%, Lmin=-212507.24, Lmax=-211937.22
13:42:05 [ultranest] [DEBUG] iteration=1337, ncalls=2071, regioncalls=67040, ndraw=40, logz=-212493.17, remainder_fraction=100.0000%, Lmin=-212481.75, Lmax=-211937.22
13:42:05 [ultranest] [DEBUG] iteration=1354, ncalls=2091, regioncalls=67840, ndraw=40, logz=-212467.85, remainder_fraction=100.0000%, Lmin=-212456.62, Lmax=-211937.22
13:42:05 [ultranest] [DEBUG] iteration=1360, ncalls=2101, regioncalls=68240, ndraw=40, logz=-212460.71, remainder_fraction=100.0000%, Lmin=-212451.80, Lmax=-211936.76
13:42:05 [ultranest] [DEBUG] iteration=1378, ncalls=2121, regioncalls=69040, ndraw=40, logz=-212436.75, remainder_fraction=100.0000%, Lmin=-212424.71, Lmax=-211936.53
13:42:05 [ultranest] [DEBUG] iteration=1393, ncalls=2138, regioncalls=69720, ndraw=40, logz=-212412.25, remainder_fraction=100.0000%, Lmin=-212398.90, Lmax=-211936.53
13:42:05 [ultranest] [DEBUG] iteration=1400, ncalls=2149, regioncalls=70160, ndraw=40, logz=-212403.14, remainder_fraction=100.0000%, Lmin=-212393.45, Lmax=-211936.53
13:42:05 [ultranest] [DEBUG] iteration=1417, ncalls=2170, regioncalls=71000, ndraw=40, logz=-212381.60, remainder_fraction=100.0000%, Lmin=-212369.85, Lmax=-211936.53
13:42:06 [ultranest] [DEBUG] iteration=1432, ncalls=2190, regioncalls=71800, ndraw=40, logz=-212363.54, remainder_fraction=100.0000%, Lmin=-212353.63, Lmax=-211935.78
13:42:06 [ultranest] [DEBUG] iteration=1440, ncalls=2201, regioncalls=72240, ndraw=40, logz=-212351.53, remainder_fraction=100.0000%, Lmin=-212341.51, Lmax=-211935.78
13:42:06 [ultranest] [DEBUG] iteration=1454, ncalls=2222, regioncalls=73080, ndraw=40, logz=-212336.11, remainder_fraction=100.0000%, Lmin=-212326.15, Lmax=-211935.78
13:42:06 [ultranest] [DEBUG] iteration=1467, ncalls=2237, regioncalls=73720, ndraw=40, logz=-212318.86, remainder_fraction=100.0000%, Lmin=-212309.33, Lmax=-211935.78
13:42:06 [ultranest] [DEBUG] iteration=1480, ncalls=2250, regioncalls=74280, ndraw=40, logz=-212305.91, remainder_fraction=100.0000%, Lmin=-212293.54, Lmax=-211935.78
13:42:06 [ultranest] [DEBUG] iteration=1497, ncalls=2270, regioncalls=75080, ndraw=40, logz=-212282.67, remainder_fraction=100.0000%, Lmin=-212273.66, Lmax=-211935.78
13:42:06 [ultranest] [DEBUG] iteration=1512, ncalls=2290, regioncalls=75880, ndraw=40, logz=-212267.46, remainder_fraction=100.0000%, Lmin=-212257.95, Lmax=-211935.78
13:42:06 [ultranest] [DEBUG] iteration=1520, ncalls=2307, regioncalls=76560, ndraw=40, logz=-212261.27, remainder_fraction=100.0000%, Lmin=-212250.97, Lmax=-211935.78
13:42:06 [ultranest] [DEBUG] iteration=1537, ncalls=2327, regioncalls=77360, ndraw=40, logz=-212248.04, remainder_fraction=100.0000%, Lmin=-212237.35, Lmax=-211935.78
13:42:06 [ultranest] [DEBUG] iteration=1550, ncalls=2348, regioncalls=78200, ndraw=40, logz=-212235.24, remainder_fraction=100.0000%, Lmin=-212226.60, Lmax=-211935.78
13:42:06 [ultranest] [DEBUG] iteration=1552, ncalls=2350, regioncalls=78320, ndraw=40, logz=-212234.74, remainder_fraction=100.0000%, Lmin=-212225.89, Lmax=-211935.78
13:42:06 [ultranest] [DEBUG] iteration=1560, ncalls=2359, regioncalls=78720, ndraw=40, logz=-212230.04, remainder_fraction=100.0000%, Lmin=-212217.91, Lmax=-211935.78
13:42:07 [ultranest] [DEBUG] iteration=1574, ncalls=2379, regioncalls=79520, ndraw=40, logz=-212215.51, remainder_fraction=100.0000%, Lmin=-212205.16, Lmax=-211935.78
13:42:07 [ultranest] [DEBUG] iteration=1588, ncalls=2399, regioncalls=80320, ndraw=40, logz=-212204.56, remainder_fraction=100.0000%, Lmin=-212194.62, Lmax=-211935.78
13:42:07 [ultranest] [DEBUG] iteration=1600, ncalls=2417, regioncalls=81040, ndraw=40, logz=-212196.64, remainder_fraction=100.0000%, Lmin=-212185.60, Lmax=-211935.78
13:42:07 [ultranest] [DEBUG] iteration=1618, ncalls=2437, regioncalls=81840, ndraw=40, logz=-212180.41, remainder_fraction=100.0000%, Lmin=-212170.85, Lmax=-211935.78
13:42:07 [ultranest] [DEBUG] iteration=1635, ncalls=2458, regioncalls=82680, ndraw=40, logz=-212169.39, remainder_fraction=100.0000%, Lmin=-212159.63, Lmax=-211935.78
13:42:07 [ultranest] [DEBUG] iteration=1637, ncalls=2461, regioncalls=82840, ndraw=40, logz=-212168.60, remainder_fraction=100.0000%, Lmin=-212159.09, Lmax=-211935.78
13:42:07 [ultranest] [DEBUG] iteration=1640, ncalls=2466, regioncalls=83040, ndraw=40, logz=-212167.33, remainder_fraction=100.0000%, Lmin=-212155.82, Lmax=-211935.78
13:42:07 [ultranest] [DEBUG] iteration=1657, ncalls=2485, regioncalls=83800, ndraw=40, logz=-212153.63, remainder_fraction=100.0000%, Lmin=-212143.74, Lmax=-211935.78
13:42:07 [ultranest] [DEBUG] iteration=1673, ncalls=2506, regioncalls=84640, ndraw=40, logz=-212146.41, remainder_fraction=100.0000%, Lmin=-212136.09, Lmax=-211935.27
13:42:07 [ultranest] [DEBUG] iteration=1680, ncalls=2516, regioncalls=85120, ndraw=40, logz=-212142.28, remainder_fraction=100.0000%, Lmin=-212132.20, Lmax=-211935.27
13:42:07 [ultranest] [DEBUG] iteration=1696, ncalls=2536, regioncalls=85960, ndraw=40, logz=-212135.33, remainder_fraction=100.0000%, Lmin=-212125.60, Lmax=-211935.27
13:42:07 [ultranest] [DEBUG] iteration=1708, ncalls=2556, regioncalls=86760, ndraw=40, logz=-212130.23, remainder_fraction=100.0000%, Lmin=-212119.90, Lmax=-211935.27
13:42:08 [ultranest] [DEBUG] iteration=1720, ncalls=2568, regioncalls=87240, ndraw=40, logz=-212123.78, remainder_fraction=100.0000%, Lmin=-212113.83, Lmax=-211935.27
13:42:08 [ultranest] [DEBUG] iteration=1722, ncalls=2570, regioncalls=87400, ndraw=40, logz=-212123.00, remainder_fraction=100.0000%, Lmin=-212113.48, Lmax=-211935.27
13:42:08 [ultranest] [DEBUG] iteration=1741, ncalls=2589, regioncalls=88160, ndraw=40, logz=-212114.84, remainder_fraction=100.0000%, Lmin=-212104.74, Lmax=-211935.27
13:42:08 [ultranest] [DEBUG] iteration=1759, ncalls=2608, regioncalls=88920, ndraw=40, logz=-212105.56, remainder_fraction=100.0000%, Lmin=-212095.88, Lmax=-211935.27
13:42:08 [ultranest] [DEBUG] iteration=1760, ncalls=2609, regioncalls=88960, ndraw=40, logz=-212105.22, remainder_fraction=100.0000%, Lmin=-212095.83, Lmax=-211935.27
13:42:08 [ultranest] [DEBUG] iteration=1777, ncalls=2629, regioncalls=89760, ndraw=40, logz=-212098.97, remainder_fraction=100.0000%, Lmin=-212089.11, Lmax=-211935.27
13:42:08 [ultranest] [DEBUG] iteration=1795, ncalls=2649, regioncalls=90560, ndraw=40, logz=-212091.79, remainder_fraction=100.0000%, Lmin=-212081.68, Lmax=-211935.27
13:42:08 [ultranest] [DEBUG] iteration=1800, ncalls=2655, regioncalls=90800, ndraw=40, logz=-212089.53, remainder_fraction=100.0000%, Lmin=-212079.17, Lmax=-211935.27
13:42:08 [ultranest] [DEBUG] iteration=1807, ncalls=2664, regioncalls=91200, ndraw=40, logz=-212085.82, remainder_fraction=100.0000%, Lmin=-212075.74, Lmax=-211935.27
13:42:08 [ultranest] [DEBUG] iteration=1822, ncalls=2685, regioncalls=92040, ndraw=40, logz=-212080.32, remainder_fraction=100.0000%, Lmin=-212070.91, Lmax=-211935.27
13:42:08 [ultranest] [DEBUG] iteration=1837, ncalls=2705, regioncalls=92840, ndraw=40, logz=-212075.38, remainder_fraction=100.0000%, Lmin=-212065.28, Lmax=-211935.27
13:42:08 [ultranest] [DEBUG] iteration=1840, ncalls=2708, regioncalls=92960, ndraw=40, logz=-212074.45, remainder_fraction=100.0000%, Lmin=-212065.07, Lmax=-211935.27
13:42:08 [ultranest] [DEBUG] iteration=1855, ncalls=2729, regioncalls=93800, ndraw=40, logz=-212070.25, remainder_fraction=100.0000%, Lmin=-212061.04, Lmax=-211935.27
13:42:09 [ultranest] [DEBUG] iteration=1867, ncalls=2749, regioncalls=94600, ndraw=40, logz=-212067.56, remainder_fraction=100.0000%, Lmin=-212057.52, Lmax=-211935.27
13:42:09 [ultranest] [DEBUG] iteration=1880, ncalls=2766, regioncalls=95280, ndraw=40, logz=-212063.22, remainder_fraction=100.0000%, Lmin=-212053.84, Lmax=-211935.27
13:42:09 [ultranest] [DEBUG] iteration=1892, ncalls=2787, regioncalls=96200, ndraw=40, logz=-212059.61, remainder_fraction=100.0000%, Lmin=-212050.04, Lmax=-211935.27
13:42:09 [ultranest] [DEBUG] iteration=1908, ncalls=2806, regioncalls=97040, ndraw=40, logz=-212055.88, remainder_fraction=100.0000%, Lmin=-212046.13, Lmax=-211935.11
13:42:09 [ultranest] [DEBUG] iteration=1920, ncalls=2821, regioncalls=97640, ndraw=40, logz=-212052.75, remainder_fraction=100.0000%, Lmin=-212042.88, Lmax=-211935.11
13:42:09 [ultranest] [DEBUG] iteration=1935, ncalls=2842, regioncalls=98480, ndraw=40, logz=-212049.43, remainder_fraction=100.0000%, Lmin=-212040.06, Lmax=-211935.11
13:42:09 [ultranest] [DEBUG] iteration=1952, ncalls=2862, regioncalls=99280, ndraw=40, logz=-212045.71, remainder_fraction=100.0000%, Lmin=-212036.15, Lmax=-211935.11
13:42:09 [ultranest] [DEBUG] iteration=1960, ncalls=2874, regioncalls=99760, ndraw=40, logz=-212044.18, remainder_fraction=100.0000%, Lmin=-212034.67, Lmax=-211935.11
13:42:09 [ultranest] [DEBUG] iteration=1975, ncalls=2894, regioncalls=100560, ndraw=40, logz=-212041.56, remainder_fraction=100.0000%, Lmin=-212031.83, Lmax=-211935.11
13:42:09 [ultranest] [DEBUG] iteration=1990, ncalls=2913, regioncalls=101360, ndraw=40, logz=-212039.17, remainder_fraction=100.0000%, Lmin=-212029.21, Lmax=-211935.11
13:42:09 [ultranest] [DEBUG] iteration=2000, ncalls=2926, regioncalls=101880, ndraw=40, logz=-212037.43, remainder_fraction=100.0000%, Lmin=-212027.68, Lmax=-211935.11
13:42:10 [ultranest] [DEBUG] iteration=2014, ncalls=2946, regioncalls=102680, ndraw=40, logz=-212034.59, remainder_fraction=100.0000%, Lmin=-212024.88, Lmax=-211935.11
13:42:10 [ultranest] [DEBUG] iteration=2030, ncalls=2966, regioncalls=103480, ndraw=40, logz=-212031.50, remainder_fraction=100.0000%, Lmin=-212021.65, Lmax=-211935.11
13:42:10 [ultranest] [DEBUG] iteration=2040, ncalls=2977, regioncalls=103920, ndraw=40, logz=-212029.62, remainder_fraction=100.0000%, Lmin=-212019.31, Lmax=-211935.11
13:42:10 [ultranest] [DEBUG] iteration=2057, ncalls=2997, regioncalls=104720, ndraw=40, logz=-212026.17, remainder_fraction=100.0000%, Lmin=-212016.30, Lmax=-211935.11
13:42:10 [ultranest] [DEBUG] iteration=2062, ncalls=3003, regioncalls=105000, ndraw=40, logz=-212025.30, remainder_fraction=100.0000%, Lmin=-212015.74, Lmax=-211935.11
13:42:10 [ultranest] [DEBUG] iteration=2078, ncalls=3023, regioncalls=105800, ndraw=40, logz=-212022.81, remainder_fraction=100.0000%, Lmin=-212013.23, Lmax=-211935.11
13:42:10 [ultranest] [DEBUG] iteration=2080, ncalls=3026, regioncalls=105920, ndraw=40, logz=-212022.53, remainder_fraction=100.0000%, Lmin=-212012.95, Lmax=-211935.11
13:42:10 [ultranest] [DEBUG] iteration=2096, ncalls=3045, regioncalls=106760, ndraw=40, logz=-212017.80, remainder_fraction=100.0000%, Lmin=-212007.95, Lmax=-211935.11
13:42:10 [ultranest] [DEBUG] iteration=2110, ncalls=3065, regioncalls=107640, ndraw=40, logz=-212014.90, remainder_fraction=100.0000%, Lmin=-212004.48, Lmax=-211935.11
13:42:10 [ultranest] [DEBUG] iteration=2120, ncalls=3081, regioncalls=108280, ndraw=40, logz=-212012.88, remainder_fraction=100.0000%, Lmin=-212003.40, Lmax=-211935.11
13:42:10 [ultranest] [DEBUG] iteration=2133, ncalls=3101, regioncalls=109080, ndraw=40, logz=-212010.90, remainder_fraction=100.0000%, Lmin=-212001.09, Lmax=-211935.11
13:42:10 [ultranest] [DEBUG] iteration=2147, ncalls=3117, regioncalls=109760, ndraw=40, logz=-212008.47, remainder_fraction=100.0000%, Lmin=-211998.68, Lmax=-211935.11
13:42:11 [ultranest] [DEBUG] iteration=2160, ncalls=3132, regioncalls=110360, ndraw=40, logz=-212006.09, remainder_fraction=100.0000%, Lmin=-211996.18, Lmax=-211935.11
13:42:11 [ultranest] [DEBUG] iteration=2178, ncalls=3152, regioncalls=111160, ndraw=40, logz=-212003.49, remainder_fraction=100.0000%, Lmin=-211993.53, Lmax=-211935.11
13:42:11 [ultranest] [DEBUG] iteration=2196, ncalls=3173, regioncalls=112000, ndraw=40, logz=-212001.18, remainder_fraction=100.0000%, Lmin=-211991.44, Lmax=-211935.11
13:42:11 [ultranest] [DEBUG] iteration=2200, ncalls=3180, regioncalls=112280, ndraw=40, logz=-212000.61, remainder_fraction=100.0000%, Lmin=-211990.24, Lmax=-211935.11
13:42:11 [ultranest] [DEBUG] iteration=2215, ncalls=3200, regioncalls=113080, ndraw=40, logz=-211997.20, remainder_fraction=100.0000%, Lmin=-211986.97, Lmax=-211935.11
13:42:11 [ultranest] [DEBUG] iteration=2229, ncalls=3221, regioncalls=113920, ndraw=40, logz=-211994.99, remainder_fraction=100.0000%, Lmin=-211985.13, Lmax=-211935.11
13:42:11 [ultranest] [DEBUG] iteration=2232, ncalls=3224, regioncalls=114120, ndraw=40, logz=-211994.55, remainder_fraction=100.0000%, Lmin=-211984.54, Lmax=-211935.11
13:42:11 [ultranest] [DEBUG] iteration=2240, ncalls=3234, regioncalls=114560, ndraw=40, logz=-211993.47, remainder_fraction=100.0000%, Lmin=-211983.65, Lmax=-211935.05
13:42:11 [ultranest] [DEBUG] iteration=2257, ncalls=3255, regioncalls=115400, ndraw=40, logz=-211991.36, remainder_fraction=100.0000%, Lmin=-211981.56, Lmax=-211935.05
13:42:11 [ultranest] [DEBUG] iteration=2272, ncalls=3276, regioncalls=116240, ndraw=40, logz=-211989.74, remainder_fraction=100.0000%, Lmin=-211980.18, Lmax=-211935.05
13:42:11 [ultranest] [DEBUG] iteration=2280, ncalls=3288, regioncalls=116720, ndraw=40, logz=-211989.05, remainder_fraction=100.0000%, Lmin=-211979.64, Lmax=-211935.05
13:42:11 [ultranest] [DEBUG] iteration=2290, ncalls=3310, regioncalls=117600, ndraw=40, logz=-211988.14, remainder_fraction=100.0000%, Lmin=-211978.36, Lmax=-211935.05
13:42:12 [ultranest] [DEBUG] iteration=2305, ncalls=3330, regioncalls=118400, ndraw=40, logz=-211986.75, remainder_fraction=100.0000%, Lmin=-211977.15, Lmax=-211935.05
13:42:12 [ultranest] [DEBUG] iteration=2317, ncalls=3346, regioncalls=119080, ndraw=40, logz=-211985.67, remainder_fraction=100.0000%, Lmin=-211975.93, Lmax=-211935.05
13:42:12 [ultranest] [DEBUG] iteration=2320, ncalls=3349, regioncalls=119200, ndraw=40, logz=-211985.38, remainder_fraction=100.0000%, Lmin=-211975.42, Lmax=-211935.05
13:42:12 [ultranest] [DEBUG] iteration=2336, ncalls=3369, regioncalls=120000, ndraw=40, logz=-211983.57, remainder_fraction=100.0000%, Lmin=-211973.85, Lmax=-211935.05
13:42:12 [ultranest] [DEBUG] iteration=2354, ncalls=3388, regioncalls=120760, ndraw=40, logz=-211981.91, remainder_fraction=100.0000%, Lmin=-211972.03, Lmax=-211935.05
13:42:12 [ultranest] [DEBUG] iteration=2360, ncalls=3398, regioncalls=121160, ndraw=40, logz=-211981.30, remainder_fraction=100.0000%, Lmin=-211971.36, Lmax=-211935.05
13:42:12 [ultranest] [DEBUG] iteration=2376, ncalls=3418, regioncalls=121960, ndraw=40, logz=-211979.99, remainder_fraction=100.0000%, Lmin=-211970.50, Lmax=-211935.05
13:42:12 [ultranest] [DEBUG] iteration=2391, ncalls=3438, regioncalls=122760, ndraw=40, logz=-211978.66, remainder_fraction=100.0000%, Lmin=-211968.83, Lmax=-211935.05
13:42:12 [ultranest] [DEBUG] iteration=2400, ncalls=3448, regioncalls=123160, ndraw=40, logz=-211977.93, remainder_fraction=100.0000%, Lmin=-211968.04, Lmax=-211935.05
13:42:12 [ultranest] [DEBUG] iteration=2402, ncalls=3452, regioncalls=123360, ndraw=40, logz=-211977.75, remainder_fraction=100.0000%, Lmin=-211967.86, Lmax=-211935.05
13:42:12 [ultranest] [DEBUG] iteration=2420, ncalls=3472, regioncalls=124160, ndraw=40, logz=-211976.30, remainder_fraction=100.0000%, Lmin=-211966.63, Lmax=-211935.05
13:42:12 [ultranest] [DEBUG] iteration=2438, ncalls=3492, regioncalls=124960, ndraw=40, logz=-211974.88, remainder_fraction=100.0000%, Lmin=-211965.02, Lmax=-211935.05
13:42:12 [ultranest] [DEBUG] iteration=2440, ncalls=3494, regioncalls=125040, ndraw=40, logz=-211974.71, remainder_fraction=100.0000%, Lmin=-211964.67, Lmax=-211935.05
13:42:13 [ultranest] [DEBUG] iteration=2455, ncalls=3514, regioncalls=125840, ndraw=40, logz=-211973.55, remainder_fraction=100.0000%, Lmin=-211963.79, Lmax=-211935.05
13:42:13 [ultranest] [DEBUG] iteration=2471, ncalls=3534, regioncalls=126640, ndraw=40, logz=-211972.38, remainder_fraction=100.0000%, Lmin=-211962.42, Lmax=-211935.05
13:42:13 [ultranest] [DEBUG] iteration=2480, ncalls=3545, regioncalls=127080, ndraw=40, logz=-211971.75, remainder_fraction=100.0000%, Lmin=-211961.78, Lmax=-211935.05
13:42:13 [ultranest] [DEBUG] iteration=2491, ncalls=3564, regioncalls=127840, ndraw=40, logz=-211970.92, remainder_fraction=100.0000%, Lmin=-211960.96, Lmax=-211935.05
13:42:13 [ultranest] [DEBUG] iteration=2504, ncalls=3584, regioncalls=128640, ndraw=40, logz=-211969.93, remainder_fraction=100.0000%, Lmin=-211959.93, Lmax=-211935.05
13:42:13 [ultranest] [DEBUG] iteration=2520, ncalls=3602, regioncalls=129360, ndraw=40, logz=-211968.96, remainder_fraction=100.0000%, Lmin=-211959.19, Lmax=-211935.05
13:42:13 [ultranest] [DEBUG] iteration=2532, ncalls=3623, regioncalls=130200, ndraw=40, logz=-211968.26, remainder_fraction=100.0000%, Lmin=-211958.54, Lmax=-211935.05
13:42:13 [ultranest] [DEBUG] iteration=2546, ncalls=3643, regioncalls=131000, ndraw=40, logz=-211967.29, remainder_fraction=100.0000%, Lmin=-211957.32, Lmax=-211935.05
13:42:13 [ultranest] [DEBUG] iteration=2559, ncalls=3663, regioncalls=131800, ndraw=40, logz=-211966.48, remainder_fraction=100.0000%, Lmin=-211956.36, Lmax=-211935.05
13:42:13 [ultranest] [DEBUG] iteration=2560, ncalls=3664, regioncalls=131840, ndraw=40, logz=-211966.41, remainder_fraction=100.0000%, Lmin=-211956.29, Lmax=-211935.05
13:42:13 [ultranest] [DEBUG] iteration=2572, ncalls=3680, regioncalls=132520, ndraw=40, logz=-211965.60, remainder_fraction=100.0000%, Lmin=-211955.38, Lmax=-211935.05
13:42:13 [ultranest] [DEBUG] iteration=2590, ncalls=3700, regioncalls=133320, ndraw=40, logz=-211964.42, remainder_fraction=100.0000%, Lmin=-211954.66, Lmax=-211935.05
13:42:14 [ultranest] [DEBUG] iteration=2600, ncalls=3710, regioncalls=133720, ndraw=40, logz=-211963.90, remainder_fraction=100.0000%, Lmin=-211953.97, Lmax=-211935.05
13:42:14 [ultranest] [DEBUG] iteration=2617, ncalls=3730, regioncalls=134520, ndraw=40, logz=-211962.65, remainder_fraction=100.0000%, Lmin=-211952.18, Lmax=-211935.05
13:42:14 [ultranest] [DEBUG] iteration=2635, ncalls=3750, regioncalls=135320, ndraw=40, logz=-211961.48, remainder_fraction=100.0000%, Lmin=-211951.51, Lmax=-211935.05
13:42:14 [ultranest] [DEBUG] iteration=2640, ncalls=3758, regioncalls=135640, ndraw=40, logz=-211961.21, remainder_fraction=100.0000%, Lmin=-211951.17, Lmax=-211935.05
13:42:14 [ultranest] [DEBUG] iteration=2652, ncalls=3778, regioncalls=136440, ndraw=40, logz=-211960.58, remainder_fraction=100.0000%, Lmin=-211950.61, Lmax=-211935.05
13:42:14 [ultranest] [DEBUG] iteration=2657, ncalls=3783, regioncalls=136680, ndraw=40, logz=-211960.35, remainder_fraction=100.0000%, Lmin=-211950.44, Lmax=-211935.05
13:42:14 [ultranest] [DEBUG] iteration=2673, ncalls=3803, regioncalls=137560, ndraw=40, logz=-211959.64, remainder_fraction=100.0000%, Lmin=-211949.81, Lmax=-211935.05
13:42:14 [ultranest] [DEBUG] iteration=2680, ncalls=3810, regioncalls=137840, ndraw=40, logz=-211959.31, remainder_fraction=100.0000%, Lmin=-211949.27, Lmax=-211935.05
13:42:14 [ultranest] [DEBUG] iteration=2696, ncalls=3830, regioncalls=138640, ndraw=40, logz=-211958.62, remainder_fraction=99.9999%, Lmin=-211948.76, Lmax=-211935.05
13:42:14 [ultranest] [DEBUG] iteration=2712, ncalls=3850, regioncalls=139440, ndraw=40, logz=-211958.08, remainder_fraction=99.9998%, Lmin=-211948.32, Lmax=-211935.05
13:42:14 [ultranest] [DEBUG] iteration=2720, ncalls=3862, regioncalls=139920, ndraw=40, logz=-211957.79, remainder_fraction=99.9998%, Lmin=-211947.96, Lmax=-211935.05
13:42:14 [ultranest] [DEBUG] iteration=2735, ncalls=3882, regioncalls=140720, ndraw=40, logz=-211957.29, remainder_fraction=99.9997%, Lmin=-211947.57, Lmax=-211935.05
13:42:14 [ultranest] [DEBUG] iteration=2742, ncalls=3890, regioncalls=141120, ndraw=40, logz=-211957.08, remainder_fraction=99.9996%, Lmin=-211947.36, Lmax=-211935.05
13:42:15 [ultranest] [DEBUG] iteration=2758, ncalls=3910, regioncalls=141920, ndraw=40, logz=-211956.60, remainder_fraction=99.9993%, Lmin=-211946.89, Lmax=-211935.05
13:42:15 [ultranest] [DEBUG] iteration=2760, ncalls=3913, regioncalls=142040, ndraw=40, logz=-211956.54, remainder_fraction=99.9993%, Lmin=-211946.75, Lmax=-211935.05
13:42:15 [ultranest] [DEBUG] iteration=2777, ncalls=3933, regioncalls=142840, ndraw=40, logz=-211956.02, remainder_fraction=99.9988%, Lmin=-211946.23, Lmax=-211935.04
13:42:15 [ultranest] [DEBUG] iteration=2795, ncalls=3953, regioncalls=143640, ndraw=40, logz=-211955.49, remainder_fraction=99.9980%, Lmin=-211945.72, Lmax=-211935.04
13:42:15 [ultranest] [DEBUG] iteration=2800, ncalls=3960, regioncalls=143920, ndraw=40, logz=-211955.34, remainder_fraction=99.9976%, Lmin=-211945.45, Lmax=-211935.04
13:42:15 [ultranest] [DEBUG] iteration=2813, ncalls=3980, regioncalls=144720, ndraw=40, logz=-211954.97, remainder_fraction=99.9966%, Lmin=-211945.15, Lmax=-211935.03
13:42:15 [ultranest] [DEBUG] iteration=2826, ncalls=4000, regioncalls=145520, ndraw=40, logz=-211954.61, remainder_fraction=99.9951%, Lmin=-211944.84, Lmax=-211935.03
13:42:15 [ultranest] [DEBUG] iteration=2840, ncalls=4019, regioncalls=146280, ndraw=40, logz=-211954.24, remainder_fraction=99.9930%, Lmin=-211944.38, Lmax=-211935.03
13:42:15 [ultranest] [DEBUG] iteration=2851, ncalls=4038, regioncalls=147040, ndraw=40, logz=-211953.95, remainder_fraction=99.9904%, Lmin=-211944.17, Lmax=-211935.03
13:42:15 [ultranest] [DEBUG] iteration=2865, ncalls=4058, regioncalls=147840, ndraw=40, logz=-211953.60, remainder_fraction=99.9861%, Lmin=-211943.81, Lmax=-211935.03
13:42:15 [ultranest] [DEBUG] iteration=2880, ncalls=4081, regioncalls=148760, ndraw=40, logz=-211953.25, remainder_fraction=99.9799%, Lmin=-211943.44, Lmax=-211935.03
13:42:16 [ultranest] [DEBUG] iteration=2894, ncalls=4102, regioncalls=149600, ndraw=40, logz=-211952.90, remainder_fraction=99.9715%, Lmin=-211942.97, Lmax=-211935.03
13:42:16 [ultranest] [DEBUG] iteration=2907, ncalls=4122, regioncalls=150400, ndraw=40, logz=-211952.59, remainder_fraction=99.9610%, Lmin=-211942.76, Lmax=-211935.03
13:42:16 [ultranest] [DEBUG] iteration=2912, ncalls=4130, regioncalls=150760, ndraw=40, logz=-211952.48, remainder_fraction=99.9560%, Lmin=-211942.64, Lmax=-211935.03
13:42:16 [ultranest] [DEBUG] iteration=2920, ncalls=4141, regioncalls=151200, ndraw=40, logz=-211952.30, remainder_fraction=99.9473%, Lmin=-211942.50, Lmax=-211935.03
13:42:16 [ultranest] [DEBUG] iteration=2936, ncalls=4161, regioncalls=152000, ndraw=40, logz=-211951.99, remainder_fraction=99.9261%, Lmin=-211942.23, Lmax=-211935.03
13:42:16 [ultranest] [DEBUG] iteration=2952, ncalls=4182, regioncalls=152840, ndraw=40, logz=-211951.69, remainder_fraction=99.8983%, Lmin=-211941.99, Lmax=-211935.03
13:42:16 [ultranest] [DEBUG] iteration=2960, ncalls=4192, regioncalls=153240, ndraw=40, logz=-211951.55, remainder_fraction=99.8836%, Lmin=-211941.88, Lmax=-211935.03
13:42:16 [ultranest] [DEBUG] iteration=2970, ncalls=4213, regioncalls=154080, ndraw=40, logz=-211951.38, remainder_fraction=99.8598%, Lmin=-211941.60, Lmax=-211935.03
13:42:16 [ultranest] [DEBUG] iteration=2986, ncalls=4234, regioncalls=154920, ndraw=40, logz=-211951.11, remainder_fraction=99.8147%, Lmin=-211941.35, Lmax=-211935.03
13:42:16 [ultranest] [DEBUG] iteration=2997, ncalls=4247, regioncalls=155480, ndraw=40, logz=-211950.92, remainder_fraction=99.7840%, Lmin=-211941.13, Lmax=-211935.03
13:42:16 [ultranest] [DEBUG] iteration=3000, ncalls=4251, regioncalls=155640, ndraw=40, logz=-211950.87, remainder_fraction=99.7737%, Lmin=-211941.10, Lmax=-211935.03
13:42:16 [ultranest] [DEBUG] iteration=3016, ncalls=4271, regioncalls=156440, ndraw=40, logz=-211950.63, remainder_fraction=99.7127%, Lmin=-211940.98, Lmax=-211935.03
13:42:17 [ultranest] [DEBUG] iteration=3032, ncalls=4291, regioncalls=157240, ndraw=40, logz=-211950.40, remainder_fraction=99.6357%, Lmin=-211940.72, Lmax=-211935.03
13:42:17 [ultranest] [DEBUG] iteration=3040, ncalls=4304, regioncalls=157760, ndraw=40, logz=-211950.29, remainder_fraction=99.5989%, Lmin=-211940.61, Lmax=-211935.03
13:42:17 [ultranest] [DEBUG] iteration=3055, ncalls=4324, regioncalls=158560, ndraw=40, logz=-211950.10, remainder_fraction=99.5115%, Lmin=-211940.48, Lmax=-211935.02
13:42:17 [ultranest] [DEBUG] iteration=3072, ncalls=4344, regioncalls=159360, ndraw=40, logz=-211949.89, remainder_fraction=99.4255%, Lmin=-211940.27, Lmax=-211935.02
13:42:17 [ultranest] [DEBUG] iteration=3080, ncalls=4357, regioncalls=159880, ndraw=40, logz=-211949.79, remainder_fraction=99.3689%, Lmin=-211940.14, Lmax=-211935.02
13:42:17 [ultranest] [DEBUG] iteration=3094, ncalls=4376, regioncalls=160640, ndraw=40, logz=-211949.63, remainder_fraction=99.2384%, Lmin=-211939.97, Lmax=-211935.02
13:42:17 [ultranest] [DEBUG] iteration=3111, ncalls=4397, regioncalls=161480, ndraw=40, logz=-211949.43, remainder_fraction=99.0722%, Lmin=-211939.68, Lmax=-211935.02
13:42:17 [ultranest] [DEBUG] iteration=3120, ncalls=4410, regioncalls=162000, ndraw=40, logz=-211949.32, remainder_fraction=98.9747%, Lmin=-211939.54, Lmax=-211935.02
13:42:17 [ultranest] [DEBUG] iteration=3135, ncalls=4430, regioncalls=162800, ndraw=40, logz=-211949.15, remainder_fraction=98.7899%, Lmin=-211939.45, Lmax=-211935.02
13:42:17 [ultranest] [DEBUG] iteration=3148, ncalls=4453, regioncalls=163720, ndraw=40, logz=-211949.02, remainder_fraction=98.6108%, Lmin=-211939.34, Lmax=-211935.02
13:42:17 [ultranest] [DEBUG] iteration=3160, ncalls=4467, regioncalls=164280, ndraw=40, logz=-211948.90, remainder_fraction=98.4212%, Lmin=-211939.21, Lmax=-211935.02
13:42:17 [ultranest] [DEBUG] iteration=3167, ncalls=4476, regioncalls=164680, ndraw=40, logz=-211948.83, remainder_fraction=98.3175%, Lmin=-211939.17, Lmax=-211935.02
13:42:18 [ultranest] [DEBUG] iteration=3185, ncalls=4495, regioncalls=165440, ndraw=40, logz=-211948.65, remainder_fraction=97.9773%, Lmin=-211938.96, Lmax=-211935.02
13:42:18 [ultranest] [DEBUG] iteration=3200, ncalls=4514, regioncalls=166200, ndraw=40, logz=-211948.52, remainder_fraction=97.6717%, Lmin=-211938.89, Lmax=-211935.02
13:42:18 [ultranest] [DEBUG] iteration=3218, ncalls=4534, regioncalls=167000, ndraw=40, logz=-211948.38, remainder_fraction=97.2878%, Lmin=-211938.77, Lmax=-211935.02
13:42:18 [ultranest] [DEBUG] iteration=3234, ncalls=4554, regioncalls=167800, ndraw=40, logz=-211948.25, remainder_fraction=96.9233%, Lmin=-211938.58, Lmax=-211935.02
13:42:18 [ultranest] [DEBUG] iteration=3240, ncalls=4561, regioncalls=168080, ndraw=40, logz=-211948.20, remainder_fraction=96.7436%, Lmin=-211938.50, Lmax=-211935.02
13:42:18 [ultranest] [DEBUG] iteration=3252, ncalls=4574, regioncalls=168640, ndraw=40, logz=-211948.10, remainder_fraction=96.4125%, Lmin=-211938.41, Lmax=-211935.02
13:42:18 [ultranest] [DEBUG] iteration=3267, ncalls=4595, regioncalls=169480, ndraw=40, logz=-211947.99, remainder_fraction=95.9575%, Lmin=-211938.32, Lmax=-211935.02
13:42:18 [ultranest] [DEBUG] iteration=3280, ncalls=4609, regioncalls=170080, ndraw=40, logz=-211947.90, remainder_fraction=95.6001%, Lmin=-211938.21, Lmax=-211935.02
13:42:18 [ultranest] [DEBUG] iteration=3294, ncalls=4629, regioncalls=170880, ndraw=40, logz=-211947.79, remainder_fraction=95.1071%, Lmin=-211938.06, Lmax=-211935.02
13:42:18 [ultranest] [DEBUG] iteration=3309, ncalls=4649, regioncalls=171680, ndraw=40, logz=-211947.68, remainder_fraction=94.5272%, Lmin=-211937.93, Lmax=-211935.02
13:42:18 [ultranest] [DEBUG] iteration=3320, ncalls=4662, regioncalls=172200, ndraw=40, logz=-211947.61, remainder_fraction=94.0664%, Lmin=-211937.83, Lmax=-211935.02
13:42:19 [ultranest] [DEBUG] iteration=3337, ncalls=4681, regioncalls=172960, ndraw=40, logz=-211947.49, remainder_fraction=93.3070%, Lmin=-211937.71, Lmax=-211935.02
13:42:19 [ultranest] [DEBUG] iteration=3354, ncalls=4701, regioncalls=173760, ndraw=40, logz=-211947.38, remainder_fraction=92.4693%, Lmin=-211937.59, Lmax=-211935.02
13:42:19 [ultranest] [DEBUG] iteration=3360, ncalls=4707, regioncalls=174000, ndraw=40, logz=-211947.34, remainder_fraction=92.1419%, Lmin=-211937.52, Lmax=-211935.02
13:42:19 [ultranest] [DEBUG] iteration=3375, ncalls=4728, regioncalls=174840, ndraw=40, logz=-211947.24, remainder_fraction=91.3238%, Lmin=-211937.44, Lmax=-211935.02
13:42:19 [ultranest] [DEBUG] iteration=3390, ncalls=4748, regioncalls=175640, ndraw=40, logz=-211947.15, remainder_fraction=90.4622%, Lmin=-211937.33, Lmax=-211935.02
13:42:19 [ultranest] [DEBUG] iteration=3400, ncalls=4763, regioncalls=176240, ndraw=40, logz=-211947.09, remainder_fraction=89.9076%, Lmin=-211937.27, Lmax=-211935.02
13:42:19 [ultranest] [DEBUG] iteration=3415, ncalls=4783, regioncalls=177040, ndraw=40, logz=-211947.00, remainder_fraction=89.0543%, Lmin=-211937.17, Lmax=-211935.02
13:42:19 [ultranest] [DEBUG] iteration=3430, ncalls=4801, regioncalls=177760, ndraw=40, logz=-211946.91, remainder_fraction=88.0743%, Lmin=-211937.10, Lmax=-211935.02
13:42:19 [ultranest] [DEBUG] iteration=3440, ncalls=4813, regioncalls=178240, ndraw=40, logz=-211946.86, remainder_fraction=87.4851%, Lmin=-211937.02, Lmax=-211935.02
13:42:19 [ultranest] [DEBUG] iteration=3455, ncalls=4833, regioncalls=179040, ndraw=40, logz=-211946.77, remainder_fraction=86.4426%, Lmin=-211936.91, Lmax=-211935.02
13:42:19 [ultranest] [DEBUG] iteration=3472, ncalls=4853, regioncalls=179840, ndraw=40, logz=-211946.68, remainder_fraction=85.0604%, Lmin=-211936.82, Lmax=-211935.02
13:42:20 [ultranest] [DEBUG] iteration=3480, ncalls=4868, regioncalls=180440, ndraw=40, logz=-211946.64, remainder_fraction=84.5122%, Lmin=-211936.74, Lmax=-211935.02
13:42:20 [ultranest] [DEBUG] iteration=3494, ncalls=4889, regioncalls=181280, ndraw=40, logz=-211946.57, remainder_fraction=83.4198%, Lmin=-211936.70, Lmax=-211935.02
13:42:20 [ultranest] [DEBUG] iteration=3507, ncalls=4908, regioncalls=182040, ndraw=40, logz=-211946.51, remainder_fraction=82.3020%, Lmin=-211936.65, Lmax=-211935.02
13:42:20 [ultranest] [DEBUG] iteration=3519, ncalls=4929, regioncalls=182880, ndraw=40, logz=-211946.45, remainder_fraction=81.3179%, Lmin=-211936.58, Lmax=-211935.02
13:42:20 [ultranest] [DEBUG] iteration=3520, ncalls=4932, regioncalls=183000, ndraw=40, logz=-211946.45, remainder_fraction=81.2090%, Lmin=-211936.58, Lmax=-211935.02
13:42:20 [ultranest] [DEBUG] iteration=3532, ncalls=4952, regioncalls=183800, ndraw=40, logz=-211946.39, remainder_fraction=80.1074%, Lmin=-211936.52, Lmax=-211935.02
13:42:20 [ultranest] [DEBUG] iteration=3544, ncalls=4973, regioncalls=184640, ndraw=40, logz=-211946.34, remainder_fraction=78.9980%, Lmin=-211936.48, Lmax=-211935.02
13:42:20 [ultranest] [DEBUG] iteration=3559, ncalls=4994, regioncalls=185480, ndraw=40, logz=-211946.28, remainder_fraction=77.6380%, Lmin=-211936.42, Lmax=-211935.02
13:42:20 [ultranest] [DEBUG] iteration=3560, ncalls=4995, regioncalls=185520, ndraw=40, logz=-211946.27, remainder_fraction=77.5441%, Lmin=-211936.42, Lmax=-211935.02
13:42:20 [ultranest] [DEBUG] iteration=3570, ncalls=5018, regioncalls=186440, ndraw=40, logz=-211946.23, remainder_fraction=76.5758%, Lmin=-211936.37, Lmax=-211935.02
13:42:20 [ultranest] [DEBUG] iteration=3585, ncalls=5038, regioncalls=187240, ndraw=40, logz=-211946.17, remainder_fraction=75.2813%, Lmin=-211936.30, Lmax=-211935.02
13:42:20 [ultranest] [DEBUG] iteration=3592, ncalls=5045, regioncalls=187600, ndraw=40, logz=-211946.15, remainder_fraction=74.6880%, Lmin=-211936.29, Lmax=-211935.02
13:42:21 [ultranest] [DEBUG] iteration=3600, ncalls=5057, regioncalls=188120, ndraw=40, logz=-211946.12, remainder_fraction=73.8448%, Lmin=-211936.25, Lmax=-211935.02
13:42:21 [ultranest] [DEBUG] iteration=3615, ncalls=5077, regioncalls=188920, ndraw=40, logz=-211946.06, remainder_fraction=72.3856%, Lmin=-211936.20, Lmax=-211935.02
13:42:21 [ultranest] [DEBUG] iteration=3630, ncalls=5105, regioncalls=190040, ndraw=40, logz=-211946.01, remainder_fraction=70.9458%, Lmin=-211936.13, Lmax=-211935.02
13:42:21 [ultranest] [DEBUG] iteration=3640, ncalls=5115, regioncalls=190440, ndraw=40, logz=-211945.97, remainder_fraction=69.9654%, Lmin=-211936.10, Lmax=-211935.01
13:42:21 [ultranest] [DEBUG] iteration=3657, ncalls=5134, regioncalls=191200, ndraw=40, logz=-211945.92, remainder_fraction=68.2608%, Lmin=-211936.04, Lmax=-211935.01
13:42:21 [ultranest] [DEBUG] iteration=3673, ncalls=5154, regioncalls=192000, ndraw=40, logz=-211945.87, remainder_fraction=66.5952%, Lmin=-211935.99, Lmax=-211935.01
13:42:21 [ultranest] [DEBUG] iteration=3677, ncalls=5160, regioncalls=192440, ndraw=40, logz=-211945.86, remainder_fraction=66.1539%, Lmin=-211935.99, Lmax=-211935.01
13:42:21 [ultranest] [DEBUG] iteration=3680, ncalls=5164, regioncalls=192640, ndraw=40, logz=-211945.85, remainder_fraction=65.8454%, Lmin=-211935.98, Lmax=-211935.01
13:42:21 [ultranest] [DEBUG] iteration=3696, ncalls=5183, regioncalls=193520, ndraw=40, logz=-211945.80, remainder_fraction=64.1795%, Lmin=-211935.94, Lmax=-211935.01
13:42:21 [ultranest] [DEBUG] iteration=3712, ncalls=5202, regioncalls=194280, ndraw=40, logz=-211945.75, remainder_fraction=62.5923%, Lmin=-211935.91, Lmax=-211935.01
13:42:21 [ultranest] [DEBUG] iteration=3720, ncalls=5212, regioncalls=194680, ndraw=40, logz=-211945.73, remainder_fraction=61.8359%, Lmin=-211935.89, Lmax=-211935.01
13:42:21 [ultranest] [DEBUG] iteration=3734, ncalls=5232, regioncalls=195480, ndraw=40, logz=-211945.70, remainder_fraction=60.4146%, Lmin=-211935.85, Lmax=-211935.01
13:42:22 [ultranest] [DEBUG] iteration=3749, ncalls=5252, regioncalls=196280, ndraw=40, logz=-211945.66, remainder_fraction=58.8924%, Lmin=-211935.81, Lmax=-211935.01
13:42:22 [ultranest] [DEBUG] iteration=3760, ncalls=5266, regioncalls=196840, ndraw=40, logz=-211945.63, remainder_fraction=57.7725%, Lmin=-211935.80, Lmax=-211935.01
13:42:22 [ultranest] [DEBUG] iteration=3762, ncalls=5268, regioncalls=196960, ndraw=40, logz=-211945.63, remainder_fraction=57.5771%, Lmin=-211935.79, Lmax=-211935.01
13:42:22 [ultranest] [DEBUG] iteration=3777, ncalls=5288, regioncalls=197760, ndraw=40, logz=-211945.59, remainder_fraction=56.1337%, Lmin=-211935.77, Lmax=-211935.01
13:42:22 [ultranest] [DEBUG] iteration=3792, ncalls=5308, regioncalls=198560, ndraw=40, logz=-211945.56, remainder_fraction=54.7463%, Lmin=-211935.73, Lmax=-211935.01
13:42:22 [ultranest] [DEBUG] iteration=3800, ncalls=5317, regioncalls=198920, ndraw=40, logz=-211945.54, remainder_fraction=53.9855%, Lmin=-211935.71, Lmax=-211935.01
13:42:22 [ultranest] [DEBUG] iteration=3816, ncalls=5337, regioncalls=199720, ndraw=40, logz=-211945.51, remainder_fraction=52.3346%, Lmin=-211935.67, Lmax=-211935.01
13:42:22 [ultranest] [DEBUG] iteration=3831, ncalls=5358, regioncalls=200560, ndraw=40, logz=-211945.48, remainder_fraction=50.9245%, Lmin=-211935.65, Lmax=-211935.01
13:42:22 [ultranest] [DEBUG] iteration=3840, ncalls=5372, regioncalls=201120, ndraw=40, logz=-211945.46, remainder_fraction=50.0667%, Lmin=-211935.63, Lmax=-211935.01
13:42:22 [ultranest] [DEBUG] iteration=3847, ncalls=5381, regioncalls=201520, ndraw=40, logz=-211945.45, remainder_fraction=49.3616%, Lmin=-211935.62, Lmax=-211935.01
13:42:22 [ultranest] [DEBUG] iteration=3863, ncalls=5401, regioncalls=202320, ndraw=40, logz=-211945.42, remainder_fraction=47.8503%, Lmin=-211935.60, Lmax=-211935.01
13:42:22 [ultranest] [DEBUG] iteration=3880, ncalls=5419, regioncalls=203040, ndraw=40, logz=-211945.39, remainder_fraction=46.3420%, Lmin=-211935.58, Lmax=-211935.01
13:42:23 [ultranest] [DEBUG] iteration=3894, ncalls=5441, regioncalls=203920, ndraw=40, logz=-211945.37, remainder_fraction=45.1366%, Lmin=-211935.55, Lmax=-211935.01
13:42:23 [ultranest] [DEBUG] iteration=3911, ncalls=5461, regioncalls=204720, ndraw=40, logz=-211945.34, remainder_fraction=43.6144%, Lmin=-211935.53, Lmax=-211935.01
13:42:23 [ultranest] [DEBUG] iteration=3920, ncalls=5472, regioncalls=205160, ndraw=40, logz=-211945.33, remainder_fraction=42.7852%, Lmin=-211935.52, Lmax=-211935.01
13:42:23 [ultranest] [DEBUG] iteration=3932, ncalls=5490, regioncalls=205920, ndraw=40, logz=-211945.31, remainder_fraction=41.7092%, Lmin=-211935.50, Lmax=-211935.01
13:42:23 [ultranest] [DEBUG] iteration=3948, ncalls=5511, regioncalls=206760, ndraw=40, logz=-211945.29, remainder_fraction=40.4120%, Lmin=-211935.48, Lmax=-211935.01
13:42:23 [ultranest] [DEBUG] iteration=3960, ncalls=5527, regioncalls=207400, ndraw=40, logz=-211945.27, remainder_fraction=39.4206%, Lmin=-211935.46, Lmax=-211935.01
13:42:23 [ultranest] [DEBUG] iteration=3976, ncalls=5547, regioncalls=208200, ndraw=40, logz=-211945.25, remainder_fraction=38.0654%, Lmin=-211935.43, Lmax=-211935.01
13:42:23 [ultranest] [DEBUG] iteration=3991, ncalls=5568, regioncalls=209040, ndraw=40, logz=-211945.23, remainder_fraction=36.8741%, Lmin=-211935.42, Lmax=-211935.01
13:42:23 [ultranest] [DEBUG] iteration=4000, ncalls=5578, regioncalls=209440, ndraw=40, logz=-211945.22, remainder_fraction=36.1693%, Lmin=-211935.41, Lmax=-211935.01
13:42:23 [ultranest] [DEBUG] iteration=4014, ncalls=5599, regioncalls=210280, ndraw=40, logz=-211945.20, remainder_fraction=35.0958%, Lmin=-211935.39, Lmax=-211935.01
13:42:23 [ultranest] [DEBUG] iteration=4017, ncalls=5602, regioncalls=210440, ndraw=40, logz=-211945.20, remainder_fraction=34.8730%, Lmin=-211935.39, Lmax=-211935.01
13:42:23 [ultranest] [DEBUG] iteration=4033, ncalls=5622, regioncalls=211240, ndraw=40, logz=-211945.18, remainder_fraction=33.6580%, Lmin=-211935.37, Lmax=-211935.01
13:42:23 [ultranest] [DEBUG] iteration=4040, ncalls=5630, regioncalls=211560, ndraw=40, logz=-211945.17, remainder_fraction=33.1493%, Lmin=-211935.36, Lmax=-211935.01
13:42:24 [ultranest] [DEBUG] iteration=4058, ncalls=5651, regioncalls=212400, ndraw=40, logz=-211945.15, remainder_fraction=31.8221%, Lmin=-211935.35, Lmax=-211935.01
13:42:24 [ultranest] [DEBUG] iteration=4074, ncalls=5671, regioncalls=213200, ndraw=40, logz=-211945.14, remainder_fraction=30.6957%, Lmin=-211935.33, Lmax=-211935.01
13:42:24 [ultranest] [DEBUG] iteration=4080, ncalls=5680, regioncalls=213560, ndraw=40, logz=-211945.13, remainder_fraction=30.2754%, Lmin=-211935.33, Lmax=-211935.01
13:42:24 [ultranest] [DEBUG] iteration=4096, ncalls=5700, regioncalls=214360, ndraw=40, logz=-211945.11, remainder_fraction=29.2355%, Lmin=-211935.32, Lmax=-211935.01
13:42:24 [ultranest] [DEBUG] iteration=4102, ncalls=5708, regioncalls=214800, ndraw=40, logz=-211945.11, remainder_fraction=28.8257%, Lmin=-211935.31, Lmax=-211935.01
13:42:24 [ultranest] [DEBUG] iteration=4118, ncalls=5729, regioncalls=215640, ndraw=40, logz=-211945.09, remainder_fraction=27.7610%, Lmin=-211935.30, Lmax=-211935.01
13:42:24 [ultranest] [DEBUG] iteration=4120, ncalls=5732, regioncalls=215760, ndraw=40, logz=-211945.09, remainder_fraction=27.6467%, Lmin=-211935.30, Lmax=-211935.01
13:42:24 [ultranest] [DEBUG] iteration=4136, ncalls=5752, regioncalls=216560, ndraw=40, logz=-211945.08, remainder_fraction=26.6747%, Lmin=-211935.29, Lmax=-211935.01
13:42:24 [ultranest] [DEBUG] iteration=4152, ncalls=5773, regioncalls=217400, ndraw=40, logz=-211945.07, remainder_fraction=25.7555%, Lmin=-211935.27, Lmax=-211935.01
13:42:24 [ultranest] [DEBUG] iteration=4160, ncalls=5783, regioncalls=217800, ndraw=40, logz=-211945.06, remainder_fraction=25.2742%, Lmin=-211935.27, Lmax=-211935.01
13:42:24 [ultranest] [DEBUG] iteration=4175, ncalls=5804, regioncalls=218640, ndraw=40, logz=-211945.05, remainder_fraction=24.4076%, Lmin=-211935.26, Lmax=-211935.01
13:42:24 [ultranest] [DEBUG] iteration=4187, ncalls=5818, regioncalls=219320, ndraw=40, logz=-211945.04, remainder_fraction=23.7283%, Lmin=-211935.25, Lmax=-211935.01
13:42:25 [ultranest] [DEBUG] iteration=4200, ncalls=5834, regioncalls=219960, ndraw=40, logz=-211945.03, remainder_fraction=23.0109%, Lmin=-211935.25, Lmax=-211935.01
13:42:25 [ultranest] [DEBUG] iteration=4217, ncalls=5854, regioncalls=220760, ndraw=40, logz=-211945.02, remainder_fraction=22.1065%, Lmin=-211935.24, Lmax=-211935.01
13:42:25 [ultranest] [DEBUG] iteration=4233, ncalls=5875, regioncalls=221600, ndraw=40, logz=-211945.01, remainder_fraction=21.2887%, Lmin=-211935.23, Lmax=-211935.01
13:42:25 [ultranest] [DEBUG] iteration=4240, ncalls=5888, regioncalls=222120, ndraw=40, logz=-211945.00, remainder_fraction=20.9292%, Lmin=-211935.23, Lmax=-211935.01
13:42:25 [ultranest] [DEBUG] iteration=4257, ncalls=5908, regioncalls=222920, ndraw=40, logz=-211944.99, remainder_fraction=20.1215%, Lmin=-211935.22, Lmax=-211935.01
13:42:25 [ultranest] [DEBUG] iteration=4272, ncalls=5928, regioncalls=223760, ndraw=40, logz=-211944.98, remainder_fraction=19.4010%, Lmin=-211935.21, Lmax=-211935.01
13:42:25 [ultranest] [DEBUG] iteration=4280, ncalls=5937, regioncalls=224120, ndraw=40, logz=-211944.98, remainder_fraction=19.0414%, Lmin=-211935.21, Lmax=-211935.01
13:42:25 [ultranest] [DEBUG] iteration=4296, ncalls=5957, regioncalls=224920, ndraw=40, logz=-211944.97, remainder_fraction=18.3167%, Lmin=-211935.20, Lmax=-211935.01
13:42:25 [ultranest] [DEBUG] iteration=4309, ncalls=5976, regioncalls=225680, ndraw=40, logz=-211944.96, remainder_fraction=17.7554%, Lmin=-211935.19, Lmax=-211935.01
13:42:25 [ultranest] [DEBUG] iteration=4320, ncalls=5991, regioncalls=226280, ndraw=40, logz=-211944.96, remainder_fraction=17.2870%, Lmin=-211935.19, Lmax=-211935.01
13:42:25 [ultranest] [DEBUG] iteration=4334, ncalls=6012, regioncalls=227120, ndraw=40, logz=-211944.95, remainder_fraction=16.6984%, Lmin=-211935.18, Lmax=-211935.01
13:42:26 [ultranest] [DEBUG] iteration=4347, ncalls=6032, regioncalls=227920, ndraw=40, logz=-211944.94, remainder_fraction=16.1873%, Lmin=-211935.18, Lmax=-211935.01
13:42:26 [ultranest] [DEBUG] iteration=4357, ncalls=6045, regioncalls=228480, ndraw=40, logz=-211944.94, remainder_fraction=15.8079%, Lmin=-211935.17, Lmax=-211935.01
13:42:26 [ultranest] [DEBUG] iteration=4360, ncalls=6049, regioncalls=228640, ndraw=40, logz=-211944.94, remainder_fraction=15.6989%, Lmin=-211935.17, Lmax=-211935.01
13:42:26 [ultranest] [DEBUG] iteration=4377, ncalls=6069, regioncalls=229440, ndraw=40, logz=-211944.93, remainder_fraction=15.0648%, Lmin=-211935.16, Lmax=-211935.01
13:42:26 [ultranest] [DEBUG] iteration=4392, ncalls=6090, regioncalls=230280, ndraw=40, logz=-211944.93, remainder_fraction=14.5244%, Lmin=-211935.16, Lmax=-211935.01
13:42:26 [ultranest] [DEBUG] iteration=4400, ncalls=6101, regioncalls=230720, ndraw=40, logz=-211944.92, remainder_fraction=14.2460%, Lmin=-211935.15, Lmax=-211935.01
13:42:26 [ultranest] [DEBUG] iteration=4413, ncalls=6122, regioncalls=231560, ndraw=40, logz=-211944.92, remainder_fraction=13.7931%, Lmin=-211935.15, Lmax=-211935.01
13:42:26 [ultranest] [DEBUG] iteration=4426, ncalls=6143, regioncalls=232400, ndraw=40, logz=-211944.91, remainder_fraction=13.3567%, Lmin=-211935.14, Lmax=-211935.01
13:42:26 [ultranest] [DEBUG] iteration=4440, ncalls=6164, regioncalls=233240, ndraw=40, logz=-211944.91, remainder_fraction=12.9057%, Lmin=-211935.14, Lmax=-211935.01
13:42:26 [ultranest] [DEBUG] iteration=4442, ncalls=6166, regioncalls=233360, ndraw=40, logz=-211944.91, remainder_fraction=12.8456%, Lmin=-211935.14, Lmax=-211935.01
13:42:26 [ultranest] [DEBUG] iteration=4458, ncalls=6186, regioncalls=234160, ndraw=40, logz=-211944.90, remainder_fraction=12.3419%, Lmin=-211935.13, Lmax=-211935.01
13:42:26 [ultranest] [DEBUG] iteration=4474, ncalls=6207, regioncalls=235000, ndraw=40, logz=-211944.89, remainder_fraction=11.8534%, Lmin=-211935.13, Lmax=-211935.01
13:42:26 [ultranest] [DEBUG] iteration=4480, ncalls=6216, regioncalls=235360, ndraw=40, logz=-211944.89, remainder_fraction=11.6790%, Lmin=-211935.13, Lmax=-211935.01
13:42:27 [ultranest] [DEBUG] iteration=4497, ncalls=6237, regioncalls=236200, ndraw=40, logz=-211944.89, remainder_fraction=11.1969%, Lmin=-211935.12, Lmax=-211935.01
13:42:27 [ultranest] [DEBUG] iteration=4513, ncalls=6258, regioncalls=237040, ndraw=40, logz=-211944.88, remainder_fraction=10.7584%, Lmin=-211935.12, Lmax=-211935.01
13:42:27 [ultranest] [DEBUG] iteration=4520, ncalls=6266, regioncalls=237360, ndraw=40, logz=-211944.88, remainder_fraction=10.5711%, Lmin=-211935.12, Lmax=-211935.01
13:42:27 [ultranest] [DEBUG] iteration=4535, ncalls=6285, regioncalls=238120, ndraw=40, logz=-211944.88, remainder_fraction=10.1784%, Lmin=-211935.11, Lmax=-211935.01
13:42:27 [ultranest] [DEBUG] iteration=4549, ncalls=6306, regioncalls=238960, ndraw=40, logz=-211944.87, remainder_fraction=9.8241%, Lmin=-211935.11, Lmax=-211935.01
13:42:27 [ultranest] [DEBUG] iteration=4560, ncalls=6320, regioncalls=239520, ndraw=40, logz=-211944.87, remainder_fraction=9.5580%, Lmin=-211935.11, Lmax=-211935.01
13:42:27 [ultranest] [DEBUG] iteration=4572, ncalls=6340, regioncalls=240320, ndraw=40, logz=-211944.87, remainder_fraction=9.2680%, Lmin=-211935.10, Lmax=-211935.01
13:42:27 [ultranest] [DEBUG] iteration=4585, ncalls=6363, regioncalls=241240, ndraw=40, logz=-211944.86, remainder_fraction=8.9734%, Lmin=-211935.10, Lmax=-211935.01
13:42:27 [ultranest] [DEBUG] iteration=4600, ncalls=6383, regioncalls=242040, ndraw=40, logz=-211944.86, remainder_fraction=8.6401%, Lmin=-211935.09, Lmax=-211935.01
13:42:27 [ultranest] [DEBUG] iteration=4612, ncalls=6398, regioncalls=242680, ndraw=40, logz=-211944.86, remainder_fraction=8.3833%, Lmin=-211935.09, Lmax=-211935.01
13:42:27 [ultranest] [DEBUG] iteration=4628, ncalls=6416, regioncalls=243400, ndraw=40, logz=-211944.85, remainder_fraction=8.0468%, Lmin=-211935.09, Lmax=-211935.01
13:42:28 [ultranest] [DEBUG] iteration=4640, ncalls=6434, regioncalls=244160, ndraw=40, logz=-211944.85, remainder_fraction=7.8050%, Lmin=-211935.09, Lmax=-211935.01
13:42:28 [ultranest] [DEBUG] iteration=4658, ncalls=6453, regioncalls=244920, ndraw=40, logz=-211944.85, remainder_fraction=7.4554%, Lmin=-211935.08, Lmax=-211935.01
13:42:28 [ultranest] [DEBUG] iteration=4674, ncalls=6473, regioncalls=245720, ndraw=40, logz=-211944.84, remainder_fraction=7.1605%, Lmin=-211935.08, Lmax=-211935.01
13:42:28 [ultranest] [DEBUG] iteration=4680, ncalls=6482, regioncalls=246080, ndraw=40, logz=-211944.84, remainder_fraction=7.0543%, Lmin=-211935.08, Lmax=-211935.01
13:42:28 [ultranest] [DEBUG] iteration=4697, ncalls=6500, regioncalls=246800, ndraw=40, logz=-211944.84, remainder_fraction=6.7579%, Lmin=-211935.08, Lmax=-211935.01
13:42:28 [ultranest] [DEBUG] iteration=4711, ncalls=6520, regioncalls=247600, ndraw=40, logz=-211944.84, remainder_fraction=6.5197%, Lmin=-211935.07, Lmax=-211935.01
13:42:28 [ultranest] [DEBUG] iteration=4720, ncalls=6531, regioncalls=248040, ndraw=40, logz=-211944.83, remainder_fraction=6.3723%, Lmin=-211935.07, Lmax=-211935.01
13:42:28 [ultranest] [DEBUG] iteration=4734, ncalls=6554, regioncalls=248960, ndraw=40, logz=-211944.83, remainder_fraction=6.1476%, Lmin=-211935.07, Lmax=-211935.01
13:42:28 [ultranest] [DEBUG] iteration=4746, ncalls=6574, regioncalls=249760, ndraw=40, logz=-211944.83, remainder_fraction=5.9610%, Lmin=-211935.07, Lmax=-211935.01
13:42:28 [ultranest] [DEBUG] iteration=4758, ncalls=6594, regioncalls=250560, ndraw=40, logz=-211944.83, remainder_fraction=5.7790%, Lmin=-211935.07, Lmax=-211935.01
13:42:28 [ultranest] [DEBUG] iteration=4760, ncalls=6599, regioncalls=250760, ndraw=40, logz=-211944.83, remainder_fraction=5.7495%, Lmin=-211935.07, Lmax=-211935.01
13:42:29 [ultranest] [DEBUG] iteration=4775, ncalls=6620, regioncalls=251600, ndraw=40, logz=-211944.83, remainder_fraction=5.5317%, Lmin=-211935.06, Lmax=-211935.01
13:42:29 [ultranest] [DEBUG] iteration=4782, ncalls=6628, regioncalls=252000, ndraw=40, logz=-211944.82, remainder_fraction=5.4333%, Lmin=-211935.06, Lmax=-211935.01
13:42:29 [ultranest] [DEBUG] iteration=4798, ncalls=6647, regioncalls=252760, ndraw=40, logz=-211944.82, remainder_fraction=5.2157%, Lmin=-211935.06, Lmax=-211935.01
13:42:29 [ultranest] [DEBUG] iteration=4800, ncalls=6649, regioncalls=252840, ndraw=40, logz=-211944.82, remainder_fraction=5.1888%, Lmin=-211935.06, Lmax=-211935.01
13:42:29 [ultranest] [DEBUG] iteration=4816, ncalls=6669, regioncalls=253640, ndraw=40, logz=-211944.82, remainder_fraction=4.9788%, Lmin=-211935.06, Lmax=-211935.01
13:42:29 [ultranest] [DEBUG] iteration=4829, ncalls=6689, regioncalls=254440, ndraw=40, logz=-211944.82, remainder_fraction=4.8144%, Lmin=-211935.05, Lmax=-211935.01
13:42:29 [ultranest] [DEBUG] iteration=4840, ncalls=6703, regioncalls=255000, ndraw=40, logz=-211944.82, remainder_fraction=4.6778%, Lmin=-211935.05, Lmax=-211935.01
13:42:29 [ultranest] [DEBUG] iteration=4855, ncalls=6723, regioncalls=255800, ndraw=40, logz=-211944.81, remainder_fraction=4.4995%, Lmin=-211935.05, Lmax=-211935.01
13:42:29 [ultranest] [DEBUG] iteration=4867, ncalls=6743, regioncalls=256640, ndraw=40, logz=-211944.81, remainder_fraction=4.3622%, Lmin=-211935.05, Lmax=-211935.01
13:42:29 [ultranest] [DEBUG] iteration=4880, ncalls=6757, regioncalls=257200, ndraw=40, logz=-211944.81, remainder_fraction=4.2175%, Lmin=-211935.05, Lmax=-211935.01
13:42:29 [ultranest] [DEBUG] iteration=4896, ncalls=6778, regioncalls=258040, ndraw=40, logz=-211944.81, remainder_fraction=4.0463%, Lmin=-211935.05, Lmax=-211935.01
13:42:30 [ultranest] [DEBUG] iteration=4910, ncalls=6798, regioncalls=258840, ndraw=40, logz=-211944.81, remainder_fraction=3.9021%, Lmin=-211935.04, Lmax=-211935.01
13:42:30 [ultranest] [DEBUG] iteration=4920, ncalls=6814, regioncalls=259480, ndraw=40, logz=-211944.81, remainder_fraction=3.8023%, Lmin=-211935.04, Lmax=-211935.01
13:42:30 [ultranest] [DEBUG] iteration=4933, ncalls=6836, regioncalls=260360, ndraw=40, logz=-211944.81, remainder_fraction=3.6758%, Lmin=-211935.04, Lmax=-211935.01
13:42:30 [ultranest] [DEBUG] iteration=4950, ncalls=6856, regioncalls=261160, ndraw=40, logz=-211944.80, remainder_fraction=3.5172%, Lmin=-211935.04, Lmax=-211935.01
13:42:30 [ultranest] [DEBUG] iteration=4952, ncalls=6860, regioncalls=261400, ndraw=40, logz=-211944.80, remainder_fraction=3.4988%, Lmin=-211935.04, Lmax=-211935.01
13:42:30 [ultranest] [DEBUG] iteration=4960, ncalls=6870, regioncalls=261800, ndraw=40, logz=-211944.80, remainder_fraction=3.4270%, Lmin=-211935.04, Lmax=-211935.01
13:42:30 [ultranest] [DEBUG] iteration=4975, ncalls=6890, regioncalls=262640, ndraw=40, logz=-211944.80, remainder_fraction=3.2966%, Lmin=-211935.04, Lmax=-211935.01
13:42:30 [ultranest] [DEBUG] iteration=4993, ncalls=6909, regioncalls=263400, ndraw=40, logz=-211944.80, remainder_fraction=3.1458%, Lmin=-211935.04, Lmax=-211935.01
13:42:30 [ultranest] [DEBUG] iteration=5000, ncalls=6922, regioncalls=263920, ndraw=40, logz=-211944.80, remainder_fraction=3.0891%, Lmin=-211935.04, Lmax=-211935.01
13:42:30 [ultranest] [DEBUG] iteration=5015, ncalls=6942, regioncalls=264720, ndraw=40, logz=-211944.80, remainder_fraction=2.9706%, Lmin=-211935.03, Lmax=-211935.01
13:42:30 [ultranest] [DEBUG] iteration=5032, ncalls=6962, regioncalls=265520, ndraw=40, logz=-211944.80, remainder_fraction=2.8423%, Lmin=-211935.03, Lmax=-211935.01
13:42:30 [ultranest] [DEBUG] iteration=5040, ncalls=6970, regioncalls=265840, ndraw=40, logz=-211944.80, remainder_fraction=2.7834%, Lmin=-211935.03, Lmax=-211935.01
13:42:31 [ultranest] [DEBUG] iteration=5058, ncalls=6989, regioncalls=266600, ndraw=40, logz=-211944.80, remainder_fraction=2.6557%, Lmin=-211935.03, Lmax=-211935.01
13:42:31 [ultranest] [DEBUG] iteration=5077, ncalls=7009, regioncalls=267400, ndraw=40, logz=-211944.79, remainder_fraction=2.5268%, Lmin=-211935.03, Lmax=-211935.01
13:42:31 [ultranest] [DEBUG] iteration=5080, ncalls=7016, regioncalls=267680, ndraw=40, logz=-211944.79, remainder_fraction=2.5070%, Lmin=-211935.03, Lmax=-211935.01
13:42:31 [ultranest] [DEBUG] iteration=5094, ncalls=7036, regioncalls=268480, ndraw=40, logz=-211944.79, remainder_fraction=2.4171%, Lmin=-211935.03, Lmax=-211935.01
13:42:31 [ultranest] [DEBUG] iteration=5108, ncalls=7056, regioncalls=269280, ndraw=40, logz=-211944.79, remainder_fraction=2.3305%, Lmin=-211935.03, Lmax=-211935.01
13:42:31 [ultranest] [DEBUG] iteration=5120, ncalls=7074, regioncalls=270000, ndraw=40, logz=-211944.79, remainder_fraction=2.2584%, Lmin=-211935.03, Lmax=-211935.01
13:42:31 [ultranest] [DEBUG] iteration=5122, ncalls=7076, regioncalls=270120, ndraw=40, logz=-211944.79, remainder_fraction=2.2466%, Lmin=-211935.03, Lmax=-211935.01
13:42:31 [ultranest] [DEBUG] iteration=5139, ncalls=7095, regioncalls=270880, ndraw=40, logz=-211944.79, remainder_fraction=2.1490%, Lmin=-211935.03, Lmax=-211935.01
13:42:31 [ultranest] [DEBUG] iteration=5156, ncalls=7115, regioncalls=271680, ndraw=40, logz=-211944.79, remainder_fraction=2.0553%, Lmin=-211935.03, Lmax=-211935.01
13:42:31 [ultranest] [DEBUG] iteration=5160, ncalls=7119, regioncalls=271840, ndraw=40, logz=-211944.79, remainder_fraction=2.0338%, Lmin=-211935.03, Lmax=-211935.01
13:42:31 [ultranest] [DEBUG] iteration=5173, ncalls=7139, regioncalls=272640, ndraw=40, logz=-211944.79, remainder_fraction=1.9656%, Lmin=-211935.02, Lmax=-211935.01
13:42:31 [ultranest] [DEBUG] iteration=5190, ncalls=7158, regioncalls=273400, ndraw=40, logz=-211944.79, remainder_fraction=1.8798%, Lmin=-211935.02, Lmax=-211935.01
13:42:31 [ultranest] [DEBUG] iteration=5200, ncalls=7172, regioncalls=273960, ndraw=40, logz=-211944.79, remainder_fraction=1.8310%, Lmin=-211935.02, Lmax=-211935.01
13:42:32 [ultranest] [DEBUG] iteration=5207, ncalls=7181, regioncalls=274360, ndraw=40, logz=-211944.79, remainder_fraction=1.7977%, Lmin=-211935.02, Lmax=-211935.01
13:42:32 [ultranest] [DEBUG] iteration=5224, ncalls=7200, regioncalls=275120, ndraw=40, logz=-211944.79, remainder_fraction=1.7193%, Lmin=-211935.02, Lmax=-211935.01
13:42:32 [ultranest] [DEBUG] iteration=5240, ncalls=7218, regioncalls=275840, ndraw=40, logz=-211944.78, remainder_fraction=1.6486%, Lmin=-211935.02, Lmax=-211935.01
13:42:32 [ultranest] [DEBUG] iteration=5256, ncalls=7238, regioncalls=276640, ndraw=40, logz=-211944.78, remainder_fraction=1.5809%, Lmin=-211935.02, Lmax=-211935.01
13:42:32 [ultranest] [DEBUG] iteration=5273, ncalls=7257, regioncalls=277400, ndraw=40, logz=-211944.78, remainder_fraction=1.5119%, Lmin=-211935.02, Lmax=-211935.01
13:42:32 [ultranest] [DEBUG] iteration=5280, ncalls=7269, regioncalls=277880, ndraw=40, logz=-211944.78, remainder_fraction=1.4843%, Lmin=-211935.02, Lmax=-211935.01
13:42:32 [ultranest] [DEBUG] iteration=5294, ncalls=7287, regioncalls=278600, ndraw=40, logz=-211944.78, remainder_fraction=1.4308%, Lmin=-211935.02, Lmax=-211935.01
13:42:32 [ultranest] [DEBUG] iteration=5312, ncalls=7306, regioncalls=279360, ndraw=40, logz=-211944.78, remainder_fraction=1.3647%, Lmin=-211935.02, Lmax=-211935.01
13:42:32 [ultranest] [DEBUG] iteration=5320, ncalls=7314, regioncalls=279680, ndraw=40, logz=-211944.78, remainder_fraction=1.3363%, Lmin=-211935.02, Lmax=-211935.01
13:42:32 [ultranest] [DEBUG] iteration=5332, ncalls=7335, regioncalls=280520, ndraw=40, logz=-211944.78, remainder_fraction=1.2948%, Lmin=-211935.02, Lmax=-211935.01
13:42:32 [ultranest] [DEBUG] iteration=5346, ncalls=7357, regioncalls=281400, ndraw=40, logz=-211944.78, remainder_fraction=1.2481%, Lmin=-211935.02, Lmax=-211935.01
13:42:33 [ultranest] [DEBUG] iteration=5359, ncalls=7377, regioncalls=282200, ndraw=40, logz=-211944.78, remainder_fraction=1.2062%, Lmin=-211935.02, Lmax=-211935.01
13:42:33 [ultranest] [DEBUG] iteration=5360, ncalls=7379, regioncalls=282280, ndraw=40, logz=-211944.78, remainder_fraction=1.2030%, Lmin=-211935.02, Lmax=-211935.01
13:42:33 [ultranest] [DEBUG] iteration=5371, ncalls=7399, regioncalls=283080, ndraw=40, logz=-211944.78, remainder_fraction=1.1687%, Lmin=-211935.02, Lmax=-211935.01
13:42:33 [ultranest] [DEBUG] iteration=5377, ncalls=7411, regioncalls=283640, ndraw=40, logz=-211944.78, remainder_fraction=1.1504%, Lmin=-211935.02, Lmax=-211935.01
13:42:33 [ultranest] [DEBUG] iteration=5392, ncalls=7432, regioncalls=284480, ndraw=40, logz=-211944.78, remainder_fraction=1.1058%, Lmin=-211935.02, Lmax=-211935.01
13:42:33 [ultranest] [DEBUG] iteration=5400, ncalls=7442, regioncalls=284880, ndraw=40, logz=-211944.78, remainder_fraction=1.0828%, Lmin=-211935.02, Lmax=-211935.01
13:42:33 [ultranest] [DEBUG] iteration=5418, ncalls=7464, regioncalls=285760, ndraw=40, logz=-211944.78, remainder_fraction=1.0326%, Lmin=-211935.01, Lmax=-211935.01
13:42:33 [ultranest] [INFO] Explored until L=-2e+05  
13:42:33 [ultranest] [INFO] Likelihood function evaluations: 7477
13:42:34 [ultranest] [INFO] Writing samples and results to disk ...
13:42:34 [ultranest] [INFO] Writing samples and results to disk ... done
13:42:34 [ultranest] [DEBUG] did a run_iter pass!
13:42:34 [ultranest] [INFO]   logZ = -2.119e+05 +- 0.1379
13:42:34 [ultranest] [INFO] Effective samples strategy satisfied (ESS = 1473.0, need >400)
13:42:34 [ultranest] [INFO] Posterior uncertainty strategy is satisfied (KL: 0.47+-0.06 nat, need <0.50 nat)
13:42:35 [ultranest] [INFO] Evidency uncertainty strategy is satisfied (dlogz=0.14, need <0.5)
13:42:35 [ultranest] [INFO]   logZ error budget: single: 0.15 bs:0.14 tail:0.01 total:0.14 required:<0.50
13:42:35 [ultranest] [INFO] done iterating.
13:42:35 [ultranest] [DEBUG] Making corner plot ...
13:42:35 [ultranest] [DEBUG] Making corner plot ... done
13:42:35 [ultranest] [DEBUG] Making run plot ... 
13:42:35 [ultranest] [DEBUG] Making run plot ... done
13:42:35 [ultranest] [DEBUG] Making trace plot ... 
13:42:36 [ultranest] [DEBUG] Making trace plot ... done
