10:39:21 [ultranest] [DEBUG] ReactiveNestedSampler: dims=3+0, resume=False, log_dir=./m-values/N24/S24/M24/T029/P02/NF3/sample_rho, backend=hdf5, vectorized=False, nbootstraps=30, ndraw=128..65536
10:39:21 [ultranest] [INFO] Sampling 400 live points from prior ...
10:39:22 [ultranest] [DEBUG] run_iter dlogz=0.5, dKL=0.5, frac_remain=0.01, Lepsilon=0.0010, min_ess=400
10:39:22 [ultranest] [DEBUG] max_iters=-1, max_ncalls=-1, max_num_improvement_loops=-1, min_num_live_points=400, cluster_num_live_points=40
10:39:22 [ultranest] [DEBUG] minimal_widths_sequence: [(-inf, 400.0), (inf, 400.0)]
10:39:22 [ultranest] [DEBUG] Plateau detected at L=-1.355578e+07, not replacing live point.
10:39:22 [ultranest] [DEBUG] Plateau detected at L=-1.355578e+07, not replacing live point.
10:39:22 [ultranest] [DEBUG] Plateau detected at L=-1.355578e+07, not replacing live point.
10:39:22 [ultranest] [DEBUG] Plateau detected at L=-1.355578e+07, not replacing live point.
10:39:22 [ultranest] [DEBUG] Plateau detected at L=-1.355578e+07, not replacing live point.
10:39:22 [ultranest] [DEBUG] Plateau detected at L=-1.355578e+07, not replacing live point.
10:39:22 [ultranest] [DEBUG] Plateau detected at L=-1.355578e+07, not replacing live point.
10:39:22 [ultranest] [DEBUG] Plateau detected at L=-1.355578e+07, not replacing live point.
10:39:22 [ultranest] [DEBUG] Plateau detected at L=-1.355578e+07, not replacing live point.
10:39:22 [ultranest] [DEBUG] Plateau detected at L=-1.355578e+07, not replacing live point.
10:39:22 [ultranest] [DEBUG] Plateau detected at L=-1.355578e+07, not replacing live point.
10:39:22 [ultranest] [DEBUG] Plateau detected at L=-1.355578e+07, not replacing live point.
10:39:22 [ultranest] [DEBUG] Plateau detected at L=-1.355578e+07, not replacing live point.
10:39:22 [ultranest] [DEBUG] Plateau detected at L=-1.355578e+07, not replacing live point.
10:39:22 [ultranest] [DEBUG] Plateau detected at L=-1.355578e+07, not replacing live point.
10:39:22 [ultranest] [DEBUG] Plateau detected at L=-1.355578e+07, not replacing live point.
10:39:22 [ultranest] [DEBUG] Plateau detected at L=-1.355578e+07, not replacing live point.
10:39:22 [ultranest] [DEBUG] Plateau detected at L=-1.355578e+07, not replacing live point.
10:39:22 [ultranest] [DEBUG] Plateau detected at L=-1.355578e+07, not replacing live point.
10:39:22 [ultranest] [DEBUG] Plateau detected at L=-1.355578e+07, not replacing live point.
10:39:22 [ultranest] [DEBUG] Plateau detected at L=-1.355578e+07, not replacing live point.
10:39:22 [ultranest] [DEBUG] Plateau detected at L=-1.355578e+07, not replacing live point.
10:39:22 [ultranest] [DEBUG] Plateau detected at L=-1.355578e+07, not replacing live point.
10:39:22 [ultranest] [DEBUG] Plateau detected at L=-1.355578e+07, not replacing live point.
10:39:22 [ultranest] [DEBUG] Plateau detected at L=-1.355578e+07, not replacing live point.
10:39:22 [ultranest] [DEBUG] Plateau detected at L=-1.355578e+07, not replacing live point.
10:39:22 [ultranest] [DEBUG] Plateau detected at L=-1.355578e+07, not replacing live point.
10:39:22 [ultranest] [DEBUG] Plateau detected at L=-1.355578e+07, not replacing live point.
10:39:22 [ultranest] [DEBUG] Plateau detected at L=-1.355578e+07, not replacing live point.
10:39:22 [ultranest] [DEBUG] Plateau detected at L=-1.355578e+07, not replacing live point.
10:39:22 [ultranest] [DEBUG] Plateau detected at L=-1.355578e+07, not replacing live point.
10:39:22 [ultranest] [DEBUG] Plateau detected at L=-1.355578e+07, not replacing live point.
10:39:22 [ultranest] [DEBUG] Plateau detected at L=-1.355578e+07, not replacing live point.
10:39:22 [ultranest] [DEBUG] Plateau detected at L=-1.355578e+07, not replacing live point.
10:39:22 [ultranest] [DEBUG] Plateau detected at L=-1.355578e+07, not replacing live point.
10:39:22 [ultranest] [DEBUG] Plateau detected at L=-1.355578e+07, not replacing live point.
10:39:22 [ultranest] [DEBUG] Plateau detected at L=-1.355578e+07, not replacing live point.
10:39:22 [ultranest] [DEBUG] Plateau detected at L=-1.355578e+07, not replacing live point.
10:39:22 [ultranest] [DEBUG] Plateau detected at L=-1.355578e+07, not replacing live point.
10:39:22 [ultranest] [DEBUG] Plateau detected at L=-1.355578e+07, not replacing live point.
10:39:22 [ultranest] [DEBUG] Plateau detected at L=-1.355578e+07, not replacing live point.
10:39:22 [ultranest] [DEBUG] Plateau detected at L=-1.355578e+07, not replacing live point.
10:39:22 [ultranest] [DEBUG] Plateau detected at L=-1.355578e+07, not replacing live point.
10:39:22 [ultranest] [DEBUG] Plateau detected at L=-1.355578e+07, not replacing live point.
10:39:22 [ultranest] [DEBUG] Plateau detected at L=-1.355578e+07, not replacing live point.
10:39:22 [ultranest] [DEBUG] Plateau detected at L=-1.355578e+07, not replacing live point.
10:39:22 [ultranest] [DEBUG] Plateau detected at L=-1.355578e+07, not replacing live point.
10:39:22 [ultranest] [DEBUG] Plateau detected at L=-1.355578e+07, not replacing live point.
10:39:22 [ultranest] [DEBUG] Plateau detected at L=-1.355578e+07, not replacing live point.
10:39:22 [ultranest] [DEBUG] Plateau detected at L=-1.355578e+07, not replacing live point.
10:39:22 [ultranest] [DEBUG] Plateau detected at L=-1.355578e+07, not replacing live point.
10:39:22 [ultranest] [DEBUG] Plateau detected at L=-1.355578e+07, not replacing live point.
10:39:22 [ultranest] [DEBUG] Plateau detected at L=-1.355578e+07, not replacing live point.
10:39:22 [ultranest] [DEBUG] Plateau detected at L=-1.355578e+07, not replacing live point.
10:39:22 [ultranest] [DEBUG] Plateau detected at L=-1.355578e+07, not replacing live point.
10:39:22 [ultranest] [DEBUG] Plateau detected at L=-1.355578e+07, not replacing live point.
10:39:22 [ultranest] [DEBUG] Plateau detected at L=-1.355578e+07, not replacing live point.
10:39:22 [ultranest] [DEBUG] Plateau detected at L=-1.355578e+07, not replacing live point.
10:39:22 [ultranest] [DEBUG] Plateau detected at L=-1.355578e+07, not replacing live point.
10:39:22 [ultranest] [DEBUG] Plateau detected at L=-1.355578e+07, not replacing live point.
10:39:22 [ultranest] [DEBUG] Plateau detected at L=-1.355578e+07, not replacing live point.
10:39:22 [ultranest] [DEBUG] Plateau detected at L=-1.355578e+07, not replacing live point.
10:39:23 [ultranest] [DEBUG] iteration=62, ncalls=402, regioncalls=80, ndraw=40, logz=-13555780.82, remainder_fraction=100.0000%, Lmin=-13555778.96, Lmax=-105866.15
10:39:23 [ultranest] [DEBUG] iteration=80, ncalls=424, regioncalls=960, ndraw=40, logz=-128497.13, remainder_fraction=100.0000%, Lmin=-128489.67, Lmax=-105866.15
10:39:23 [ultranest] [DEBUG] iteration=97, ncalls=449, regioncalls=1960, ndraw=40, logz=-125347.13, remainder_fraction=100.0000%, Lmin=-125169.89, Lmax=-105866.15
10:39:23 [ultranest] [DEBUG] iteration=116, ncalls=474, regioncalls=2960, ndraw=40, logz=-123198.86, remainder_fraction=100.0000%, Lmin=-123122.33, Lmax=-105866.15
10:39:23 [ultranest] [DEBUG] iteration=120, ncalls=478, regioncalls=3120, ndraw=40, logz=-122519.96, remainder_fraction=100.0000%, Lmin=-122359.16, Lmax=-105866.15
10:39:23 [ultranest] [DEBUG] iteration=138, ncalls=500, regioncalls=4000, ndraw=40, logz=-121470.20, remainder_fraction=100.0000%, Lmin=-121341.58, Lmax=-105866.15
10:39:23 [ultranest] [DEBUG] iteration=155, ncalls=525, regioncalls=5000, ndraw=40, logz=-120375.31, remainder_fraction=100.0000%, Lmin=-120009.13, Lmax=-105866.15
10:39:23 [ultranest] [DEBUG] iteration=160, ncalls=531, regioncalls=5240, ndraw=40, logz=-119867.27, remainder_fraction=100.0000%, Lmin=-119784.57, Lmax=-105866.15
10:39:23 [ultranest] [DEBUG] iteration=179, ncalls=556, regioncalls=6240, ndraw=40, logz=-118579.56, remainder_fraction=100.0000%, Lmin=-118520.62, Lmax=-105866.15
10:39:23 [ultranest] [DEBUG] iteration=193, ncalls=582, regioncalls=7280, ndraw=40, logz=-117930.33, remainder_fraction=100.0000%, Lmin=-117905.83, Lmax=-105866.15
10:39:23 [ultranest] [DEBUG] iteration=200, ncalls=592, regioncalls=7680, ndraw=40, logz=-117583.93, remainder_fraction=100.0000%, Lmin=-117353.32, Lmax=-105866.15
10:39:23 [ultranest] [DEBUG] iteration=215, ncalls=617, regioncalls=8680, ndraw=40, logz=-116677.24, remainder_fraction=100.0000%, Lmin=-116546.89, Lmax=-105866.15
10:39:24 [ultranest] [DEBUG] iteration=236, ncalls=643, regioncalls=9720, ndraw=40, logz=-115631.31, remainder_fraction=100.0000%, Lmin=-115565.56, Lmax=-105742.03
10:39:24 [ultranest] [DEBUG] iteration=240, ncalls=656, regioncalls=10240, ndraw=40, logz=-115411.23, remainder_fraction=100.0000%, Lmin=-115367.72, Lmax=-105742.03
10:39:24 [ultranest] [DEBUG] iteration=254, ncalls=683, regioncalls=11320, ndraw=40, logz=-114899.41, remainder_fraction=100.0000%, Lmin=-114850.46, Lmax=-105742.03
10:39:24 [ultranest] [DEBUG] iteration=269, ncalls=708, regioncalls=12320, ndraw=40, logz=-114393.75, remainder_fraction=100.0000%, Lmin=-114360.70, Lmax=-105742.03
10:39:24 [ultranest] [DEBUG] iteration=280, ncalls=726, regioncalls=13040, ndraw=40, logz=-114156.22, remainder_fraction=100.0000%, Lmin=-114139.19, Lmax=-105742.03
10:39:24 [ultranest] [DEBUG] iteration=290, ncalls=744, regioncalls=13760, ndraw=40, logz=-113913.29, remainder_fraction=100.0000%, Lmin=-113906.36, Lmax=-105742.03
10:39:24 [ultranest] [DEBUG] iteration=303, ncalls=771, regioncalls=14840, ndraw=40, logz=-113499.34, remainder_fraction=100.0000%, Lmin=-113491.85, Lmax=-105742.03
10:39:24 [ultranest] [DEBUG] iteration=320, ncalls=791, regioncalls=15640, ndraw=40, logz=-113192.14, remainder_fraction=100.0000%, Lmin=-113181.03, Lmax=-105742.03
10:39:24 [ultranest] [DEBUG] iteration=337, ncalls=816, regioncalls=16640, ndraw=40, logz=-112928.76, remainder_fraction=100.0000%, Lmin=-112889.55, Lmax=-105742.03
10:39:24 [ultranest] [DEBUG] iteration=351, ncalls=844, regioncalls=17760, ndraw=40, logz=-112654.64, remainder_fraction=100.0000%, Lmin=-112638.91, Lmax=-105742.03
10:39:24 [ultranest] [DEBUG] iteration=360, ncalls=865, regioncalls=18600, ndraw=40, logz=-112564.00, remainder_fraction=100.0000%, Lmin=-112522.66, Lmax=-105742.03
10:39:25 [ultranest] [DEBUG] iteration=375, ncalls=889, regioncalls=19560, ndraw=40, logz=-112268.58, remainder_fraction=100.0000%, Lmin=-112240.54, Lmax=-105742.03
10:39:25 [ultranest] [DEBUG] iteration=388, ncalls=917, regioncalls=20680, ndraw=40, logz=-111996.67, remainder_fraction=100.0000%, Lmin=-111984.09, Lmax=-105742.03
10:39:25 [ultranest] [DEBUG] iteration=400, ncalls=936, regioncalls=21440, ndraw=40, logz=-111828.38, remainder_fraction=100.0000%, Lmin=-111798.67, Lmax=-105742.03
10:39:25 [ultranest] [DEBUG] iteration=413, ncalls=962, regioncalls=22480, ndraw=40, logz=-111634.58, remainder_fraction=100.0000%, Lmin=-111587.74, Lmax=-105742.03
10:39:25 [ultranest] [DEBUG] iteration=428, ncalls=989, regioncalls=23560, ndraw=40, logz=-111405.55, remainder_fraction=100.0000%, Lmin=-111380.83, Lmax=-105742.03
10:39:25 [ultranest] [DEBUG] iteration=440, ncalls=1014, regioncalls=24560, ndraw=40, logz=-111208.13, remainder_fraction=100.0000%, Lmin=-111164.71, Lmax=-105742.03
10:39:25 [ultranest] [DEBUG] iteration=442, ncalls=1016, regioncalls=24640, ndraw=40, logz=-111153.54, remainder_fraction=100.0000%, Lmin=-111136.64, Lmax=-105742.03
10:39:25 [ultranest] [DEBUG] iteration=453, ncalls=1043, regioncalls=25720, ndraw=40, logz=-111070.09, remainder_fraction=100.0000%, Lmin=-111047.99, Lmax=-105742.03
10:39:25 [ultranest] [DEBUG] iteration=466, ncalls=1073, regioncalls=26920, ndraw=40, logz=-110953.04, remainder_fraction=100.0000%, Lmin=-110933.37, Lmax=-105742.03
10:39:25 [ultranest] [DEBUG] iteration=480, ncalls=1095, regioncalls=27800, ndraw=40, logz=-110812.93, remainder_fraction=100.0000%, Lmin=-110795.13, Lmax=-105742.03
10:39:25 [ultranest] [DEBUG] iteration=499, ncalls=1120, regioncalls=28800, ndraw=40, logz=-110626.36, remainder_fraction=100.0000%, Lmin=-110572.01, Lmax=-105742.03
10:39:26 [ultranest] [DEBUG] iteration=516, ncalls=1145, regioncalls=29800, ndraw=40, logz=-110386.00, remainder_fraction=100.0000%, Lmin=-110372.77, Lmax=-105742.03
10:39:26 [ultranest] [DEBUG] iteration=518, ncalls=1147, regioncalls=29880, ndraw=40, logz=-110364.66, remainder_fraction=100.0000%, Lmin=-110354.60, Lmax=-105742.03
10:39:26 [ultranest] [DEBUG] iteration=520, ncalls=1149, regioncalls=29960, ndraw=40, logz=-110331.39, remainder_fraction=100.0000%, Lmin=-110308.55, Lmax=-105742.03
10:39:26 [ultranest] [DEBUG] iteration=535, ncalls=1176, regioncalls=31040, ndraw=40, logz=-110083.29, remainder_fraction=100.0000%, Lmin=-110067.79, Lmax=-105742.03
10:39:26 [ultranest] [DEBUG] iteration=549, ncalls=1205, regioncalls=32200, ndraw=40, logz=-109929.64, remainder_fraction=100.0000%, Lmin=-109913.61, Lmax=-105742.03
10:39:26 [ultranest] [DEBUG] iteration=560, ncalls=1220, regioncalls=32800, ndraw=40, logz=-109840.00, remainder_fraction=100.0000%, Lmin=-109823.24, Lmax=-105742.03
10:39:26 [ultranest] [DEBUG] iteration=573, ncalls=1247, regioncalls=33880, ndraw=40, logz=-109710.48, remainder_fraction=100.0000%, Lmin=-109698.66, Lmax=-105742.03
10:39:26 [ultranest] [DEBUG] iteration=590, ncalls=1272, regioncalls=34880, ndraw=40, logz=-109544.74, remainder_fraction=100.0000%, Lmin=-109528.01, Lmax=-105742.03
10:39:26 [ultranest] [DEBUG] iteration=600, ncalls=1290, regioncalls=35600, ndraw=40, logz=-109464.11, remainder_fraction=100.0000%, Lmin=-109455.86, Lmax=-105742.03
10:39:26 [ultranest] [DEBUG] iteration=614, ncalls=1315, regioncalls=36600, ndraw=40, logz=-109349.93, remainder_fraction=100.0000%, Lmin=-109326.85, Lmax=-105742.03
10:39:26 [ultranest] [DEBUG] iteration=624, ncalls=1342, regioncalls=37680, ndraw=40, logz=-109289.19, remainder_fraction=100.0000%, Lmin=-109281.12, Lmax=-105742.03
10:39:26 [ultranest] [DEBUG] iteration=633, ncalls=1369, regioncalls=38760, ndraw=40, logz=-109196.77, remainder_fraction=100.0000%, Lmin=-109176.67, Lmax=-105742.03
10:39:27 [ultranest] [DEBUG] iteration=640, ncalls=1383, regioncalls=39320, ndraw=40, logz=-109124.13, remainder_fraction=100.0000%, Lmin=-109110.09, Lmax=-105742.03
10:39:27 [ultranest] [DEBUG] iteration=657, ncalls=1409, regioncalls=40360, ndraw=40, logz=-108990.40, remainder_fraction=100.0000%, Lmin=-108970.11, Lmax=-105742.03
10:39:27 [ultranest] [DEBUG] iteration=668, ncalls=1437, regioncalls=41480, ndraw=40, logz=-108862.14, remainder_fraction=100.0000%, Lmin=-108839.29, Lmax=-105742.03
10:39:27 [ultranest] [DEBUG] iteration=678, ncalls=1463, regioncalls=42520, ndraw=40, logz=-108767.84, remainder_fraction=100.0000%, Lmin=-108748.04, Lmax=-105742.03
10:39:27 [ultranest] [DEBUG] iteration=680, ncalls=1470, regioncalls=42800, ndraw=40, logz=-108754.60, remainder_fraction=100.0000%, Lmin=-108730.07, Lmax=-105742.03
10:39:27 [ultranest] [DEBUG] iteration=696, ncalls=1496, regioncalls=43840, ndraw=40, logz=-108661.28, remainder_fraction=100.0000%, Lmin=-108650.64, Lmax=-105733.59
10:39:27 [ultranest] [DEBUG] iteration=705, ncalls=1523, regioncalls=44920, ndraw=40, logz=-108629.56, remainder_fraction=100.0000%, Lmin=-108613.92, Lmax=-105733.59
10:39:27 [ultranest] [DEBUG] iteration=717, ncalls=1550, regioncalls=46000, ndraw=40, logz=-108575.36, remainder_fraction=100.0000%, Lmin=-108567.34, Lmax=-105733.59
10:39:27 [ultranest] [DEBUG] iteration=720, ncalls=1556, regioncalls=46240, ndraw=40, logz=-108548.11, remainder_fraction=100.0000%, Lmin=-108538.08, Lmax=-105733.59
10:39:27 [ultranest] [DEBUG] iteration=731, ncalls=1584, regioncalls=47360, ndraw=40, logz=-108479.09, remainder_fraction=100.0000%, Lmin=-108466.38, Lmax=-105733.59
10:39:27 [ultranest] [DEBUG] iteration=743, ncalls=1610, regioncalls=48400, ndraw=40, logz=-108385.12, remainder_fraction=100.0000%, Lmin=-108366.24, Lmax=-105733.59
10:39:27 [ultranest] [DEBUG] iteration=746, ncalls=1615, regioncalls=48600, ndraw=40, logz=-108357.99, remainder_fraction=100.0000%, Lmin=-108347.88, Lmax=-105733.59
10:39:28 [ultranest] [DEBUG] iteration=760, ncalls=1638, regioncalls=49520, ndraw=40, logz=-108259.25, remainder_fraction=100.0000%, Lmin=-108250.54, Lmax=-105733.59
10:39:28 [ultranest] [DEBUG] iteration=776, ncalls=1663, regioncalls=50520, ndraw=40, logz=-108186.55, remainder_fraction=100.0000%, Lmin=-108175.94, Lmax=-105733.59
10:39:28 [ultranest] [DEBUG] iteration=792, ncalls=1689, regioncalls=51560, ndraw=40, logz=-108126.54, remainder_fraction=100.0000%, Lmin=-108109.92, Lmax=-105725.75
10:39:28 [ultranest] [DEBUG] iteration=800, ncalls=1702, regioncalls=52080, ndraw=40, logz=-108077.21, remainder_fraction=100.0000%, Lmin=-108058.69, Lmax=-105678.55
10:39:28 [ultranest] [DEBUG] iteration=813, ncalls=1728, regioncalls=53120, ndraw=40, logz=-108010.93, remainder_fraction=100.0000%, Lmin=-107991.30, Lmax=-105678.55
10:39:28 [ultranest] [DEBUG] iteration=822, ncalls=1748, regioncalls=53920, ndraw=40, logz=-107959.54, remainder_fraction=100.0000%, Lmin=-107939.76, Lmax=-105678.55
10:39:28 [ultranest] [DEBUG] iteration=835, ncalls=1774, regioncalls=54960, ndraw=40, logz=-107889.90, remainder_fraction=100.0000%, Lmin=-107879.85, Lmax=-105678.55
10:39:28 [ultranest] [DEBUG] iteration=840, ncalls=1783, regioncalls=55320, ndraw=40, logz=-107857.45, remainder_fraction=100.0000%, Lmin=-107844.73, Lmax=-105678.55
10:39:28 [ultranest] [DEBUG] iteration=855, ncalls=1810, regioncalls=56400, ndraw=40, logz=-107780.05, remainder_fraction=100.0000%, Lmin=-107765.84, Lmax=-105678.55
10:39:28 [ultranest] [DEBUG] iteration=868, ncalls=1837, regioncalls=57480, ndraw=40, logz=-107727.56, remainder_fraction=100.0000%, Lmin=-107719.13, Lmax=-105678.55
10:39:28 [ultranest] [DEBUG] iteration=880, ncalls=1856, regioncalls=58240, ndraw=40, logz=-107671.41, remainder_fraction=100.0000%, Lmin=-107662.76, Lmax=-105678.55
10:39:29 [ultranest] [DEBUG] iteration=895, ncalls=1888, regioncalls=59520, ndraw=40, logz=-107604.70, remainder_fraction=100.0000%, Lmin=-107595.40, Lmax=-105678.55
10:39:29 [ultranest] [DEBUG] iteration=898, ncalls=1891, regioncalls=59640, ndraw=40, logz=-107599.58, remainder_fraction=100.0000%, Lmin=-107590.69, Lmax=-105678.55
10:39:29 [ultranest] [DEBUG] iteration=910, ncalls=1918, regioncalls=60720, ndraw=40, logz=-107547.54, remainder_fraction=100.0000%, Lmin=-107538.84, Lmax=-105678.55
10:39:29 [ultranest] [DEBUG] iteration=920, ncalls=1937, regioncalls=61480, ndraw=40, logz=-107519.53, remainder_fraction=100.0000%, Lmin=-107507.85, Lmax=-105678.55
10:39:29 [ultranest] [DEBUG] iteration=933, ncalls=1963, regioncalls=62520, ndraw=40, logz=-107486.81, remainder_fraction=100.0000%, Lmin=-107469.99, Lmax=-105678.55
10:39:29 [ultranest] [DEBUG] iteration=949, ncalls=1990, regioncalls=63600, ndraw=40, logz=-107432.67, remainder_fraction=100.0000%, Lmin=-107424.22, Lmax=-105678.55
10:39:29 [ultranest] [DEBUG] iteration=960, ncalls=2012, regioncalls=64520, ndraw=40, logz=-107404.37, remainder_fraction=100.0000%, Lmin=-107395.17, Lmax=-105678.55
10:39:29 [ultranest] [DEBUG] iteration=974, ncalls=2037, regioncalls=65520, ndraw=40, logz=-107350.19, remainder_fraction=100.0000%, Lmin=-107337.98, Lmax=-105678.55
10:39:29 [ultranest] [DEBUG] iteration=988, ncalls=2064, regioncalls=66600, ndraw=40, logz=-107295.53, remainder_fraction=100.0000%, Lmin=-107283.28, Lmax=-105678.55
10:39:29 [ultranest] [DEBUG] iteration=1000, ncalls=2091, regioncalls=67680, ndraw=40, logz=-107250.31, remainder_fraction=100.0000%, Lmin=-107239.55, Lmax=-105678.55
10:39:29 [ultranest] [DEBUG] iteration=1015, ncalls=2118, regioncalls=68800, ndraw=40, logz=-107220.81, remainder_fraction=100.0000%, Lmin=-107207.29, Lmax=-105678.55
10:39:30 [ultranest] [DEBUG] iteration=1030, ncalls=2144, regioncalls=69840, ndraw=40, logz=-107166.89, remainder_fraction=100.0000%, Lmin=-107156.80, Lmax=-105678.55
10:39:30 [ultranest] [DEBUG] iteration=1040, ncalls=2158, regioncalls=70400, ndraw=40, logz=-107139.13, remainder_fraction=100.0000%, Lmin=-107128.02, Lmax=-105678.55
10:39:30 [ultranest] [DEBUG] iteration=1051, ncalls=2183, regioncalls=71400, ndraw=40, logz=-107095.09, remainder_fraction=100.0000%, Lmin=-107084.00, Lmax=-105678.55
10:39:30 [ultranest] [DEBUG] iteration=1065, ncalls=2208, regioncalls=72400, ndraw=40, logz=-107049.37, remainder_fraction=100.0000%, Lmin=-107036.97, Lmax=-105678.55
10:39:30 [ultranest] [DEBUG] iteration=1077, ncalls=2234, regioncalls=73440, ndraw=40, logz=-106996.19, remainder_fraction=100.0000%, Lmin=-106985.14, Lmax=-105678.55
10:39:30 [ultranest] [DEBUG] iteration=1080, ncalls=2249, regioncalls=74040, ndraw=40, logz=-106987.50, remainder_fraction=100.0000%, Lmin=-106975.02, Lmax=-105678.55
10:39:30 [ultranest] [DEBUG] iteration=1093, ncalls=2275, regioncalls=75080, ndraw=40, logz=-106957.31, remainder_fraction=100.0000%, Lmin=-106946.75, Lmax=-105678.55
10:39:30 [ultranest] [DEBUG] iteration=1106, ncalls=2303, regioncalls=76200, ndraw=40, logz=-106927.03, remainder_fraction=100.0000%, Lmin=-106904.68, Lmax=-105678.55
10:39:30 [ultranest] [DEBUG] iteration=1118, ncalls=2330, regioncalls=77280, ndraw=40, logz=-106889.99, remainder_fraction=100.0000%, Lmin=-106878.50, Lmax=-105678.55
10:39:30 [ultranest] [DEBUG] iteration=1120, ncalls=2337, regioncalls=77560, ndraw=40, logz=-106876.24, remainder_fraction=100.0000%, Lmin=-106864.95, Lmax=-105678.55
10:39:30 [ultranest] [DEBUG] iteration=1126, ncalls=2348, regioncalls=78000, ndraw=40, logz=-106863.41, remainder_fraction=100.0000%, Lmin=-106852.45, Lmax=-105678.55
10:39:30 [ultranest] [DEBUG] iteration=1140, ncalls=2375, regioncalls=79160, ndraw=40, logz=-106830.79, remainder_fraction=100.0000%, Lmin=-106815.09, Lmax=-105678.55
10:39:31 [ultranest] [DEBUG] iteration=1155, ncalls=2401, regioncalls=80240, ndraw=40, logz=-106801.06, remainder_fraction=100.0000%, Lmin=-106784.92, Lmax=-105678.55
10:39:31 [ultranest] [DEBUG] iteration=1160, ncalls=2412, regioncalls=80680, ndraw=40, logz=-106774.52, remainder_fraction=100.0000%, Lmin=-106750.48, Lmax=-105678.55
10:39:31 [ultranest] [DEBUG] iteration=1170, ncalls=2439, regioncalls=81800, ndraw=40, logz=-106740.34, remainder_fraction=100.0000%, Lmin=-106729.49, Lmax=-105678.55
10:39:31 [ultranest] [DEBUG] iteration=1186, ncalls=2464, regioncalls=82920, ndraw=40, logz=-106705.27, remainder_fraction=100.0000%, Lmin=-106694.81, Lmax=-105678.55
10:39:31 [ultranest] [DEBUG] iteration=1197, ncalls=2491, regioncalls=84000, ndraw=40, logz=-106681.96, remainder_fraction=100.0000%, Lmin=-106671.76, Lmax=-105678.55
10:39:31 [ultranest] [DEBUG] iteration=1200, ncalls=2504, regioncalls=84520, ndraw=40, logz=-106679.72, remainder_fraction=100.0000%, Lmin=-106667.47, Lmax=-105678.55
10:39:31 [ultranest] [DEBUG] iteration=1202, ncalls=2506, regioncalls=84600, ndraw=40, logz=-106676.08, remainder_fraction=100.0000%, Lmin=-106666.16, Lmax=-105678.55
10:39:31 [ultranest] [DEBUG] iteration=1222, ncalls=2532, regioncalls=85720, ndraw=40, logz=-106644.34, remainder_fraction=100.0000%, Lmin=-106634.14, Lmax=-105678.55
10:39:31 [ultranest] [DEBUG] iteration=1240, ncalls=2556, regioncalls=86680, ndraw=40, logz=-106620.68, remainder_fraction=100.0000%, Lmin=-106609.91, Lmax=-105678.55
10:39:31 [ultranest] [DEBUG] iteration=1257, ncalls=2580, regioncalls=87640, ndraw=40, logz=-106594.46, remainder_fraction=100.0000%, Lmin=-106581.67, Lmax=-105678.55
10:39:31 [ultranest] [DEBUG] iteration=1272, ncalls=2605, regioncalls=88640, ndraw=40, logz=-106568.65, remainder_fraction=100.0000%, Lmin=-106556.60, Lmax=-105678.55
10:39:31 [ultranest] [DEBUG] iteration=1278, ncalls=2614, regioncalls=89000, ndraw=40, logz=-106558.42, remainder_fraction=100.0000%, Lmin=-106549.27, Lmax=-105678.55
10:39:31 [ultranest] [DEBUG] iteration=1280, ncalls=2616, regioncalls=89120, ndraw=40, logz=-106557.47, remainder_fraction=100.0000%, Lmin=-106548.79, Lmax=-105678.55
10:39:32 [ultranest] [DEBUG] iteration=1294, ncalls=2641, regioncalls=90120, ndraw=40, logz=-106530.59, remainder_fraction=100.0000%, Lmin=-106520.84, Lmax=-105678.55
10:39:32 [ultranest] [DEBUG] iteration=1308, ncalls=2667, regioncalls=91160, ndraw=40, logz=-106516.08, remainder_fraction=100.0000%, Lmin=-106505.98, Lmax=-105678.55
10:39:32 [ultranest] [DEBUG] iteration=1320, ncalls=2693, regioncalls=92200, ndraw=40, logz=-106493.32, remainder_fraction=100.0000%, Lmin=-106483.42, Lmax=-105678.55
10:39:32 [ultranest] [DEBUG] iteration=1335, ncalls=2719, regioncalls=93240, ndraw=40, logz=-106474.34, remainder_fraction=100.0000%, Lmin=-106464.84, Lmax=-105678.55
10:39:32 [ultranest] [DEBUG] iteration=1353, ncalls=2745, regioncalls=94280, ndraw=40, logz=-106446.09, remainder_fraction=100.0000%, Lmin=-106433.26, Lmax=-105678.55
10:39:32 [ultranest] [DEBUG] iteration=1360, ncalls=2756, regioncalls=94720, ndraw=40, logz=-106436.32, remainder_fraction=100.0000%, Lmin=-106425.08, Lmax=-105678.55
10:39:32 [ultranest] [DEBUG] iteration=1374, ncalls=2782, regioncalls=95760, ndraw=40, logz=-106413.16, remainder_fraction=100.0000%, Lmin=-106403.91, Lmax=-105678.55
10:39:32 [ultranest] [DEBUG] iteration=1387, ncalls=2808, regioncalls=96800, ndraw=40, logz=-106399.12, remainder_fraction=100.0000%, Lmin=-106388.11, Lmax=-105678.55
10:39:32 [ultranest] [DEBUG] iteration=1399, ncalls=2836, regioncalls=97920, ndraw=40, logz=-106377.79, remainder_fraction=100.0000%, Lmin=-106363.68, Lmax=-105678.55
10:39:32 [ultranest] [DEBUG] iteration=1400, ncalls=2837, regioncalls=97960, ndraw=40, logz=-106373.62, remainder_fraction=100.0000%, Lmin=-106362.53, Lmax=-105678.55
10:39:32 [ultranest] [DEBUG] iteration=1414, ncalls=2863, regioncalls=99000, ndraw=40, logz=-106351.88, remainder_fraction=100.0000%, Lmin=-106340.50, Lmax=-105678.52
10:39:33 [ultranest] [DEBUG] iteration=1422, ncalls=2890, regioncalls=100080, ndraw=40, logz=-106339.67, remainder_fraction=100.0000%, Lmin=-106329.15, Lmax=-105678.52
10:39:33 [ultranest] [DEBUG] iteration=1430, ncalls=2905, regioncalls=100680, ndraw=40, logz=-106329.03, remainder_fraction=100.0000%, Lmin=-106317.88, Lmax=-105678.52
10:39:33 [ultranest] [DEBUG] iteration=1440, ncalls=2916, regioncalls=101160, ndraw=40, logz=-106313.26, remainder_fraction=100.0000%, Lmin=-106301.54, Lmax=-105678.52
10:39:33 [ultranest] [DEBUG] iteration=1460, ncalls=2941, regioncalls=102200, ndraw=40, logz=-106285.97, remainder_fraction=100.0000%, Lmin=-106276.06, Lmax=-105678.52
10:39:33 [ultranest] [DEBUG] iteration=1475, ncalls=2967, regioncalls=103240, ndraw=40, logz=-106272.63, remainder_fraction=100.0000%, Lmin=-106262.13, Lmax=-105678.52
10:39:33 [ultranest] [DEBUG] iteration=1480, ncalls=2974, regioncalls=103520, ndraw=40, logz=-106268.39, remainder_fraction=100.0000%, Lmin=-106258.33, Lmax=-105678.52
10:39:33 [ultranest] [DEBUG] iteration=1495, ncalls=3001, regioncalls=104600, ndraw=40, logz=-106248.24, remainder_fraction=100.0000%, Lmin=-106237.45, Lmax=-105678.52
10:39:33 [ultranest] [DEBUG] iteration=1506, ncalls=3026, regioncalls=105640, ndraw=40, logz=-106235.35, remainder_fraction=100.0000%, Lmin=-106225.77, Lmax=-105678.52
10:39:33 [ultranest] [DEBUG] iteration=1520, ncalls=3045, regioncalls=106400, ndraw=40, logz=-106217.95, remainder_fraction=100.0000%, Lmin=-106207.15, Lmax=-105678.52
10:39:33 [ultranest] [DEBUG] iteration=1534, ncalls=3071, regioncalls=107440, ndraw=40, logz=-106205.48, remainder_fraction=100.0000%, Lmin=-106195.60, Lmax=-105678.52
10:39:33 [ultranest] [DEBUG] iteration=1549, ncalls=3096, regioncalls=108440, ndraw=40, logz=-106194.08, remainder_fraction=100.0000%, Lmin=-106182.17, Lmax=-105678.52
10:39:33 [ultranest] [DEBUG] iteration=1560, ncalls=3109, regioncalls=108960, ndraw=40, logz=-106184.83, remainder_fraction=100.0000%, Lmin=-106172.02, Lmax=-105678.52
10:39:34 [ultranest] [DEBUG] iteration=1572, ncalls=3135, regioncalls=110000, ndraw=40, logz=-106169.14, remainder_fraction=100.0000%, Lmin=-106158.12, Lmax=-105678.52
10:39:34 [ultranest] [DEBUG] iteration=1585, ncalls=3162, regioncalls=111080, ndraw=40, logz=-106153.77, remainder_fraction=100.0000%, Lmin=-106143.39, Lmax=-105678.52
10:39:34 [ultranest] [DEBUG] iteration=1600, ncalls=3184, regioncalls=111960, ndraw=40, logz=-106138.96, remainder_fraction=100.0000%, Lmin=-106128.63, Lmax=-105678.52
10:39:34 [ultranest] [DEBUG] iteration=1609, ncalls=3212, regioncalls=113080, ndraw=40, logz=-106131.21, remainder_fraction=100.0000%, Lmin=-106118.07, Lmax=-105678.52
10:39:34 [ultranest] [DEBUG] iteration=1625, ncalls=3240, regioncalls=114200, ndraw=40, logz=-106118.26, remainder_fraction=100.0000%, Lmin=-106107.29, Lmax=-105678.52
10:39:34 [ultranest] [DEBUG] iteration=1635, ncalls=3266, regioncalls=115240, ndraw=40, logz=-106108.91, remainder_fraction=100.0000%, Lmin=-106098.94, Lmax=-105678.52
10:39:34 [ultranest] [DEBUG] iteration=1640, ncalls=3278, regioncalls=115720, ndraw=40, logz=-106104.99, remainder_fraction=100.0000%, Lmin=-106093.63, Lmax=-105678.52
10:39:34 [ultranest] [DEBUG] iteration=1651, ncalls=3308, regioncalls=116920, ndraw=40, logz=-106091.16, remainder_fraction=100.0000%, Lmin=-106080.78, Lmax=-105678.52
10:39:34 [ultranest] [DEBUG] iteration=1658, ncalls=3328, regioncalls=117720, ndraw=40, logz=-106083.99, remainder_fraction=100.0000%, Lmin=-106072.30, Lmax=-105678.52
10:39:34 [ultranest] [DEBUG] iteration=1677, ncalls=3353, regioncalls=118760, ndraw=40, logz=-106065.68, remainder_fraction=100.0000%, Lmin=-106054.85, Lmax=-105678.52
10:39:34 [ultranest] [DEBUG] iteration=1680, ncalls=3358, regioncalls=118960, ndraw=40, logz=-106062.09, remainder_fraction=100.0000%, Lmin=-106051.51, Lmax=-105678.52
10:39:35 [ultranest] [DEBUG] iteration=1693, ncalls=3386, regioncalls=120080, ndraw=40, logz=-106052.25, remainder_fraction=100.0000%, Lmin=-106042.27, Lmax=-105678.52
10:39:35 [ultranest] [DEBUG] iteration=1712, ncalls=3411, regioncalls=121080, ndraw=40, logz=-106040.51, remainder_fraction=100.0000%, Lmin=-106030.31, Lmax=-105678.52
10:39:35 [ultranest] [DEBUG] iteration=1720, ncalls=3422, regioncalls=121520, ndraw=40, logz=-106036.11, remainder_fraction=100.0000%, Lmin=-106024.85, Lmax=-105678.52
10:39:35 [ultranest] [DEBUG] iteration=1734, ncalls=3446, regioncalls=122520, ndraw=40, logz=-106026.65, remainder_fraction=100.0000%, Lmin=-106016.46, Lmax=-105678.52
10:39:35 [ultranest] [DEBUG] iteration=1748, ncalls=3463, regioncalls=123240, ndraw=40, logz=-106018.11, remainder_fraction=100.0000%, Lmin=-106007.67, Lmax=-105678.52
10:39:35 [ultranest] [DEBUG] iteration=1760, ncalls=3481, regioncalls=123960, ndraw=40, logz=-106010.85, remainder_fraction=100.0000%, Lmin=-105999.82, Lmax=-105678.52
10:39:35 [ultranest] [DEBUG] iteration=1776, ncalls=3507, regioncalls=125000, ndraw=40, logz=-106000.02, remainder_fraction=100.0000%, Lmin=-105989.79, Lmax=-105678.52
10:39:35 [ultranest] [DEBUG] iteration=1791, ncalls=3533, regioncalls=126040, ndraw=40, logz=-105992.79, remainder_fraction=100.0000%, Lmin=-105981.66, Lmax=-105678.52
10:39:35 [ultranest] [DEBUG] iteration=1800, ncalls=3546, regioncalls=126560, ndraw=40, logz=-105986.65, remainder_fraction=100.0000%, Lmin=-105975.65, Lmax=-105678.52
10:39:35 [ultranest] [DEBUG] iteration=1810, ncalls=3561, regioncalls=127240, ndraw=40, logz=-105981.00, remainder_fraction=100.0000%, Lmin=-105969.67, Lmax=-105678.52
10:39:35 [ultranest] [DEBUG] iteration=1827, ncalls=3586, regioncalls=128240, ndraw=40, logz=-105971.15, remainder_fraction=100.0000%, Lmin=-105960.73, Lmax=-105678.52
10:39:36 [ultranest] [DEBUG] iteration=1840, ncalls=3610, regioncalls=129200, ndraw=40, logz=-105964.70, remainder_fraction=100.0000%, Lmin=-105954.19, Lmax=-105678.52
10:39:36 [ultranest] [DEBUG] iteration=1855, ncalls=3636, regioncalls=130240, ndraw=40, logz=-105959.30, remainder_fraction=100.0000%, Lmin=-105948.17, Lmax=-105678.52
10:39:36 [ultranest] [DEBUG] iteration=1870, ncalls=3663, regioncalls=131320, ndraw=40, logz=-105952.55, remainder_fraction=100.0000%, Lmin=-105941.60, Lmax=-105678.52
10:39:36 [ultranest] [DEBUG] iteration=1880, ncalls=3677, regioncalls=131880, ndraw=40, logz=-105946.06, remainder_fraction=100.0000%, Lmin=-105934.03, Lmax=-105678.52
10:39:36 [ultranest] [DEBUG] iteration=1886, ncalls=3685, regioncalls=132240, ndraw=40, logz=-105940.78, remainder_fraction=100.0000%, Lmin=-105930.21, Lmax=-105678.52
10:39:36 [ultranest] [DEBUG] iteration=1905, ncalls=3710, regioncalls=133240, ndraw=40, logz=-105931.06, remainder_fraction=100.0000%, Lmin=-105918.05, Lmax=-105678.52
10:39:36 [ultranest] [DEBUG] iteration=1920, ncalls=3730, regioncalls=134040, ndraw=40, logz=-105922.40, remainder_fraction=100.0000%, Lmin=-105911.10, Lmax=-105678.52
10:39:36 [ultranest] [DEBUG] iteration=1931, ncalls=3757, regioncalls=135120, ndraw=40, logz=-105918.12, remainder_fraction=100.0000%, Lmin=-105907.40, Lmax=-105678.52
10:39:36 [ultranest] [DEBUG] iteration=1951, ncalls=3781, regioncalls=136080, ndraw=40, logz=-105910.37, remainder_fraction=100.0000%, Lmin=-105898.66, Lmax=-105678.52
10:39:36 [ultranest] [DEBUG] iteration=1960, ncalls=3796, regioncalls=136680, ndraw=40, logz=-105907.51, remainder_fraction=100.0000%, Lmin=-105897.31, Lmax=-105678.52
10:39:36 [ultranest] [DEBUG] iteration=1962, ncalls=3798, regioncalls=136800, ndraw=40, logz=-105907.10, remainder_fraction=100.0000%, Lmin=-105896.94, Lmax=-105678.52
10:39:36 [ultranest] [DEBUG] iteration=1984, ncalls=3822, regioncalls=137760, ndraw=40, logz=-105901.26, remainder_fraction=100.0000%, Lmin=-105889.37, Lmax=-105678.52
10:39:36 [ultranest] [DEBUG] iteration=2000, ncalls=3842, regioncalls=138560, ndraw=40, logz=-105894.01, remainder_fraction=100.0000%, Lmin=-105883.27, Lmax=-105678.52
10:39:37 [ultranest] [DEBUG] iteration=2017, ncalls=3867, regioncalls=139560, ndraw=40, logz=-105887.59, remainder_fraction=100.0000%, Lmin=-105876.97, Lmax=-105678.52
10:39:37 [ultranest] [DEBUG] iteration=2030, ncalls=3893, regioncalls=140600, ndraw=40, logz=-105881.69, remainder_fraction=100.0000%, Lmin=-105870.38, Lmax=-105678.52
10:39:37 [ultranest] [DEBUG] iteration=2038, ncalls=3909, regioncalls=141360, ndraw=40, logz=-105878.09, remainder_fraction=100.0000%, Lmin=-105867.65, Lmax=-105678.52
10:39:37 [ultranest] [DEBUG] iteration=2040, ncalls=3911, regioncalls=141440, ndraw=40, logz=-105877.67, remainder_fraction=100.0000%, Lmin=-105867.19, Lmax=-105678.52
10:39:37 [ultranest] [DEBUG] iteration=2059, ncalls=3937, regioncalls=142480, ndraw=40, logz=-105873.16, remainder_fraction=100.0000%, Lmin=-105861.90, Lmax=-105678.52
10:39:37 [ultranest] [DEBUG] iteration=2078, ncalls=3963, regioncalls=143520, ndraw=40, logz=-105868.08, remainder_fraction=100.0000%, Lmin=-105857.24, Lmax=-105678.52
10:39:37 [ultranest] [DEBUG] iteration=2080, ncalls=3969, regioncalls=143760, ndraw=40, logz=-105867.54, remainder_fraction=100.0000%, Lmin=-105857.00, Lmax=-105678.52
10:39:37 [ultranest] [DEBUG] iteration=2098, ncalls=3994, regioncalls=144760, ndraw=40, logz=-105861.50, remainder_fraction=100.0000%, Lmin=-105850.27, Lmax=-105678.52
10:39:37 [ultranest] [DEBUG] iteration=2113, ncalls=4020, regioncalls=145800, ndraw=40, logz=-105855.43, remainder_fraction=100.0000%, Lmin=-105844.75, Lmax=-105678.52
10:39:37 [ultranest] [DEBUG] iteration=2114, ncalls=4021, regioncalls=145880, ndraw=40, logz=-105855.21, remainder_fraction=100.0000%, Lmin=-105844.43, Lmax=-105678.52
10:39:37 [ultranest] [DEBUG] iteration=2120, ncalls=4030, regioncalls=146240, ndraw=40, logz=-105853.76, remainder_fraction=100.0000%, Lmin=-105843.14, Lmax=-105678.52
10:39:37 [ultranest] [DEBUG] iteration=2140, ncalls=4055, regioncalls=147240, ndraw=40, logz=-105847.18, remainder_fraction=100.0000%, Lmin=-105836.14, Lmax=-105678.52
10:39:37 [ultranest] [DEBUG] iteration=2155, ncalls=4082, regioncalls=148320, ndraw=40, logz=-105842.97, remainder_fraction=100.0000%, Lmin=-105831.71, Lmax=-105678.52
10:39:38 [ultranest] [DEBUG] iteration=2160, ncalls=4088, regioncalls=148560, ndraw=40, logz=-105840.80, remainder_fraction=100.0000%, Lmin=-105828.98, Lmax=-105678.52
10:39:38 [ultranest] [DEBUG] iteration=2175, ncalls=4114, regioncalls=149600, ndraw=40, logz=-105835.88, remainder_fraction=100.0000%, Lmin=-105825.19, Lmax=-105678.52
10:39:38 [ultranest] [DEBUG] iteration=2190, ncalls=4134, regioncalls=150440, ndraw=40, logz=-105831.90, remainder_fraction=100.0000%, Lmin=-105819.88, Lmax=-105678.52
10:39:38 [ultranest] [DEBUG] iteration=2200, ncalls=4149, regioncalls=151040, ndraw=40, logz=-105828.72, remainder_fraction=100.0000%, Lmin=-105817.79, Lmax=-105678.52
10:39:38 [ultranest] [DEBUG] iteration=2216, ncalls=4174, regioncalls=152120, ndraw=40, logz=-105824.08, remainder_fraction=100.0000%, Lmin=-105813.53, Lmax=-105678.52
10:39:38 [ultranest] [DEBUG] iteration=2237, ncalls=4198, regioncalls=153080, ndraw=40, logz=-105818.99, remainder_fraction=100.0000%, Lmin=-105807.82, Lmax=-105678.52
10:39:38 [ultranest] [DEBUG] iteration=2240, ncalls=4205, regioncalls=153360, ndraw=40, logz=-105818.21, remainder_fraction=100.0000%, Lmin=-105806.98, Lmax=-105678.52
10:39:38 [ultranest] [DEBUG] iteration=2256, ncalls=4230, regioncalls=154360, ndraw=40, logz=-105815.00, remainder_fraction=100.0000%, Lmin=-105804.16, Lmax=-105678.52
10:39:38 [ultranest] [DEBUG] iteration=2274, ncalls=4253, regioncalls=155280, ndraw=40, logz=-105812.00, remainder_fraction=100.0000%, Lmin=-105801.22, Lmax=-105678.52
10:39:38 [ultranest] [DEBUG] iteration=2280, ncalls=4260, regioncalls=155560, ndraw=40, logz=-105810.35, remainder_fraction=100.0000%, Lmin=-105799.33, Lmax=-105678.52
10:39:38 [ultranest] [DEBUG] iteration=2296, ncalls=4286, regioncalls=156600, ndraw=40, logz=-105806.99, remainder_fraction=100.0000%, Lmin=-105795.34, Lmax=-105678.52
10:39:38 [ultranest] [DEBUG] iteration=2311, ncalls=4312, regioncalls=157640, ndraw=40, logz=-105802.42, remainder_fraction=100.0000%, Lmin=-105790.86, Lmax=-105678.52
10:39:38 [ultranest] [DEBUG] iteration=2320, ncalls=4329, regioncalls=158320, ndraw=40, logz=-105800.47, remainder_fraction=100.0000%, Lmin=-105789.23, Lmax=-105678.52
10:39:39 [ultranest] [DEBUG] iteration=2329, ncalls=4356, regioncalls=159400, ndraw=40, logz=-105799.11, remainder_fraction=100.0000%, Lmin=-105788.54, Lmax=-105678.52
10:39:39 [ultranest] [DEBUG] iteration=2346, ncalls=4379, regioncalls=160320, ndraw=40, logz=-105796.21, remainder_fraction=100.0000%, Lmin=-105785.44, Lmax=-105678.52
10:39:39 [ultranest] [DEBUG] iteration=2360, ncalls=4402, regioncalls=161240, ndraw=40, logz=-105794.36, remainder_fraction=100.0000%, Lmin=-105783.38, Lmax=-105678.52
10:39:39 [ultranest] [DEBUG] iteration=2376, ncalls=4427, regioncalls=162240, ndraw=40, logz=-105791.36, remainder_fraction=100.0000%, Lmin=-105780.03, Lmax=-105678.52
10:39:39 [ultranest] [DEBUG] iteration=2389, ncalls=4453, regioncalls=163280, ndraw=40, logz=-105788.57, remainder_fraction=100.0000%, Lmin=-105777.45, Lmax=-105678.52
10:39:39 [ultranest] [DEBUG] iteration=2400, ncalls=4475, regioncalls=164160, ndraw=40, logz=-105787.06, remainder_fraction=100.0000%, Lmin=-105776.32, Lmax=-105678.52
10:39:39 [ultranest] [DEBUG] iteration=2413, ncalls=4501, regioncalls=165200, ndraw=40, logz=-105785.51, remainder_fraction=100.0000%, Lmin=-105774.35, Lmax=-105678.52
10:39:39 [ultranest] [DEBUG] iteration=2418, ncalls=4509, regioncalls=165560, ndraw=40, logz=-105784.68, remainder_fraction=100.0000%, Lmin=-105773.49, Lmax=-105678.52
10:39:39 [ultranest] [DEBUG] iteration=2434, ncalls=4534, regioncalls=166560, ndraw=40, logz=-105781.87, remainder_fraction=100.0000%, Lmin=-105770.07, Lmax=-105678.52
10:39:39 [ultranest] [DEBUG] iteration=2440, ncalls=4542, regioncalls=166880, ndraw=40, logz=-105780.55, remainder_fraction=100.0000%, Lmin=-105769.32, Lmax=-105678.52
10:39:39 [ultranest] [DEBUG] iteration=2455, ncalls=4568, regioncalls=167920, ndraw=40, logz=-105777.24, remainder_fraction=100.0000%, Lmin=-105765.60, Lmax=-105678.24
10:39:40 [ultranest] [DEBUG] iteration=2472, ncalls=4593, regioncalls=168920, ndraw=40, logz=-105773.80, remainder_fraction=100.0000%, Lmin=-105762.35, Lmax=-105678.24
10:39:40 [ultranest] [DEBUG] iteration=2480, ncalls=4603, regioncalls=169320, ndraw=40, logz=-105772.53, remainder_fraction=100.0000%, Lmin=-105761.36, Lmax=-105678.24
10:39:40 [ultranest] [DEBUG] iteration=2494, ncalls=4626, regioncalls=170280, ndraw=40, logz=-105770.30, remainder_fraction=100.0000%, Lmin=-105759.04, Lmax=-105678.24
10:39:40 [ultranest] [DEBUG] iteration=2508, ncalls=4651, regioncalls=171360, ndraw=40, logz=-105768.00, remainder_fraction=100.0000%, Lmin=-105756.64, Lmax=-105678.24
10:39:40 [ultranest] [DEBUG] iteration=2520, ncalls=4668, regioncalls=172040, ndraw=40, logz=-105766.44, remainder_fraction=100.0000%, Lmin=-105755.35, Lmax=-105678.24
10:39:40 [ultranest] [DEBUG] iteration=2537, ncalls=4693, regioncalls=173040, ndraw=40, logz=-105763.62, remainder_fraction=100.0000%, Lmin=-105751.60, Lmax=-105678.24
10:39:40 [ultranest] [DEBUG] iteration=2552, ncalls=4719, regioncalls=174080, ndraw=40, logz=-105760.23, remainder_fraction=100.0000%, Lmin=-105748.28, Lmax=-105678.24
10:39:40 [ultranest] [DEBUG] iteration=2560, ncalls=4732, regioncalls=174600, ndraw=40, logz=-105758.68, remainder_fraction=100.0000%, Lmin=-105747.18, Lmax=-105678.24
10:39:40 [ultranest] [DEBUG] iteration=2570, ncalls=4746, regioncalls=175240, ndraw=40, logz=-105757.42, remainder_fraction=100.0000%, Lmin=-105746.20, Lmax=-105678.24
10:39:40 [ultranest] [DEBUG] iteration=2586, ncalls=4772, regioncalls=176280, ndraw=40, logz=-105755.06, remainder_fraction=100.0000%, Lmin=-105743.07, Lmax=-105678.24
10:39:40 [ultranest] [DEBUG] iteration=2600, ncalls=4791, regioncalls=177040, ndraw=40, logz=-105753.13, remainder_fraction=100.0000%, Lmin=-105741.85, Lmax=-105678.24
10:39:41 [ultranest] [DEBUG] iteration=2615, ncalls=4816, regioncalls=178040, ndraw=40, logz=-105751.49, remainder_fraction=100.0000%, Lmin=-105740.08, Lmax=-105678.24
10:39:41 [ultranest] [DEBUG] iteration=2629, ncalls=4841, regioncalls=179040, ndraw=40, logz=-105749.80, remainder_fraction=100.0000%, Lmin=-105737.82, Lmax=-105678.24
10:39:41 [ultranest] [DEBUG] iteration=2640, ncalls=4859, regioncalls=179760, ndraw=40, logz=-105747.97, remainder_fraction=100.0000%, Lmin=-105736.36, Lmax=-105678.24
10:39:41 [ultranest] [DEBUG] iteration=2646, ncalls=4869, regioncalls=180200, ndraw=40, logz=-105747.29, remainder_fraction=100.0000%, Lmin=-105735.87, Lmax=-105678.24
10:39:41 [ultranest] [DEBUG] iteration=2663, ncalls=4894, regioncalls=181240, ndraw=40, logz=-105745.57, remainder_fraction=100.0000%, Lmin=-105734.18, Lmax=-105678.24
10:39:41 [ultranest] [DEBUG] iteration=2678, ncalls=4921, regioncalls=182440, ndraw=40, logz=-105744.03, remainder_fraction=100.0000%, Lmin=-105732.62, Lmax=-105678.24
10:39:41 [ultranest] [DEBUG] iteration=2680, ncalls=4924, regioncalls=182560, ndraw=40, logz=-105743.85, remainder_fraction=100.0000%, Lmin=-105732.32, Lmax=-105678.24
10:39:41 [ultranest] [DEBUG] iteration=2700, ncalls=4948, regioncalls=183520, ndraw=40, logz=-105741.60, remainder_fraction=100.0000%, Lmin=-105729.95, Lmax=-105678.24
10:39:41 [ultranest] [DEBUG] iteration=2712, ncalls=4974, regioncalls=184560, ndraw=40, logz=-105740.37, remainder_fraction=100.0000%, Lmin=-105728.82, Lmax=-105678.24
10:39:41 [ultranest] [DEBUG] iteration=2720, ncalls=4987, regioncalls=185080, ndraw=40, logz=-105739.55, remainder_fraction=100.0000%, Lmin=-105727.99, Lmax=-105678.24
10:39:41 [ultranest] [DEBUG] iteration=2722, ncalls=4989, regioncalls=185200, ndraw=40, logz=-105739.36, remainder_fraction=100.0000%, Lmin=-105727.86, Lmax=-105678.24
10:39:41 [ultranest] [DEBUG] iteration=2737, ncalls=5012, regioncalls=186120, ndraw=40, logz=-105738.10, remainder_fraction=100.0000%, Lmin=-105726.38, Lmax=-105678.24
10:39:41 [ultranest] [DEBUG] iteration=2752, ncalls=5037, regioncalls=187120, ndraw=40, logz=-105736.42, remainder_fraction=100.0000%, Lmin=-105724.56, Lmax=-105678.24
10:39:41 [ultranest] [DEBUG] iteration=2760, ncalls=5052, regioncalls=187720, ndraw=40, logz=-105735.60, remainder_fraction=100.0000%, Lmin=-105723.68, Lmax=-105678.24
10:39:42 [ultranest] [DEBUG] iteration=2775, ncalls=5080, regioncalls=188840, ndraw=40, logz=-105734.19, remainder_fraction=100.0000%, Lmin=-105722.65, Lmax=-105678.24
10:39:42 [ultranest] [DEBUG] iteration=2791, ncalls=5105, regioncalls=189840, ndraw=40, logz=-105733.11, remainder_fraction=100.0000%, Lmin=-105721.91, Lmax=-105678.07
10:39:42 [ultranest] [DEBUG] iteration=2800, ncalls=5119, regioncalls=190400, ndraw=40, logz=-105732.63, remainder_fraction=100.0000%, Lmin=-105721.43, Lmax=-105677.03
10:39:42 [ultranest] [DEBUG] iteration=2812, ncalls=5145, regioncalls=191440, ndraw=40, logz=-105731.95, remainder_fraction=100.0000%, Lmin=-105720.64, Lmax=-105677.03
10:39:42 [ultranest] [DEBUG] iteration=2827, ncalls=5171, regioncalls=192480, ndraw=40, logz=-105730.93, remainder_fraction=100.0000%, Lmin=-105719.18, Lmax=-105677.03
10:39:42 [ultranest] [DEBUG] iteration=2836, ncalls=5198, regioncalls=193560, ndraw=40, logz=-105730.15, remainder_fraction=100.0000%, Lmin=-105718.33, Lmax=-105677.03
10:39:42 [ultranest] [DEBUG] iteration=2840, ncalls=5204, regioncalls=193800, ndraw=40, logz=-105729.81, remainder_fraction=100.0000%, Lmin=-105718.18, Lmax=-105677.03
10:39:42 [ultranest] [DEBUG] iteration=2857, ncalls=5229, regioncalls=194800, ndraw=40, logz=-105728.23, remainder_fraction=100.0000%, Lmin=-105716.37, Lmax=-105676.89
10:39:42 [ultranest] [DEBUG] iteration=2867, ncalls=5255, regioncalls=195840, ndraw=40, logz=-105727.31, remainder_fraction=100.0000%, Lmin=-105715.52, Lmax=-105676.89
10:39:42 [ultranest] [DEBUG] iteration=2878, ncalls=5279, regioncalls=196800, ndraw=40, logz=-105726.40, remainder_fraction=100.0000%, Lmin=-105714.43, Lmax=-105676.89
10:39:42 [ultranest] [DEBUG] iteration=2880, ncalls=5283, regioncalls=196960, ndraw=40, logz=-105726.22, remainder_fraction=100.0000%, Lmin=-105714.39, Lmax=-105676.89
10:39:43 [ultranest] [DEBUG] iteration=2892, ncalls=5309, regioncalls=198000, ndraw=40, logz=-105725.37, remainder_fraction=100.0000%, Lmin=-105713.77, Lmax=-105676.89
10:39:43 [ultranest] [DEBUG] iteration=2909, ncalls=5337, regioncalls=199120, ndraw=40, logz=-105724.20, remainder_fraction=100.0000%, Lmin=-105712.25, Lmax=-105676.89
10:39:43 [ultranest] [DEBUG] iteration=2920, ncalls=5361, regioncalls=200080, ndraw=40, logz=-105723.17, remainder_fraction=100.0000%, Lmin=-105710.94, Lmax=-105676.89
10:39:43 [ultranest] [DEBUG] iteration=2934, ncalls=5390, regioncalls=201240, ndraw=40, logz=-105721.96, remainder_fraction=100.0000%, Lmin=-105710.04, Lmax=-105676.89
10:39:43 [ultranest] [DEBUG] iteration=2948, ncalls=5416, regioncalls=202280, ndraw=40, logz=-105720.75, remainder_fraction=100.0000%, Lmin=-105708.62, Lmax=-105676.89
10:39:43 [ultranest] [DEBUG] iteration=2950, ncalls=5418, regioncalls=202400, ndraw=40, logz=-105720.57, remainder_fraction=100.0000%, Lmin=-105708.36, Lmax=-105676.89
10:39:43 [ultranest] [DEBUG] iteration=2960, ncalls=5429, regioncalls=202840, ndraw=40, logz=-105719.64, remainder_fraction=100.0000%, Lmin=-105707.57, Lmax=-105676.89
10:39:43 [ultranest] [DEBUG] iteration=2980, ncalls=5453, regioncalls=203800, ndraw=40, logz=-105718.33, remainder_fraction=100.0000%, Lmin=-105706.39, Lmax=-105676.89
10:39:43 [ultranest] [DEBUG] iteration=2995, ncalls=5478, regioncalls=204800, ndraw=40, logz=-105717.35, remainder_fraction=100.0000%, Lmin=-105705.45, Lmax=-105676.89
10:39:43 [ultranest] [DEBUG] iteration=3000, ncalls=5487, regioncalls=205160, ndraw=40, logz=-105717.04, remainder_fraction=100.0000%, Lmin=-105705.22, Lmax=-105676.89
10:39:43 [ultranest] [DEBUG] iteration=3017, ncalls=5512, regioncalls=206160, ndraw=40, logz=-105716.04, remainder_fraction=100.0000%, Lmin=-105704.14, Lmax=-105676.89
10:39:43 [ultranest] [DEBUG] iteration=3026, ncalls=5526, regioncalls=206760, ndraw=40, logz=-105715.59, remainder_fraction=100.0000%, Lmin=-105703.87, Lmax=-105676.89
10:39:44 [ultranest] [DEBUG] iteration=3040, ncalls=5545, regioncalls=207520, ndraw=40, logz=-105714.97, remainder_fraction=100.0000%, Lmin=-105703.29, Lmax=-105676.89
10:39:44 [ultranest] [DEBUG] iteration=3057, ncalls=5570, regioncalls=208520, ndraw=40, logz=-105714.30, remainder_fraction=100.0000%, Lmin=-105702.66, Lmax=-105676.89
10:39:44 [ultranest] [DEBUG] iteration=3072, ncalls=5596, regioncalls=209560, ndraw=40, logz=-105713.68, remainder_fraction=100.0000%, Lmin=-105701.88, Lmax=-105676.89
10:39:44 [ultranest] [DEBUG] iteration=3080, ncalls=5608, regioncalls=210040, ndraw=40, logz=-105713.36, remainder_fraction=100.0000%, Lmin=-105701.76, Lmax=-105676.89
10:39:44 [ultranest] [DEBUG] iteration=3096, ncalls=5634, regioncalls=211080, ndraw=40, logz=-105712.71, remainder_fraction=100.0000%, Lmin=-105700.81, Lmax=-105676.89
10:39:44 [ultranest] [DEBUG] iteration=3102, ncalls=5642, regioncalls=211440, ndraw=40, logz=-105712.41, remainder_fraction=100.0000%, Lmin=-105700.40, Lmax=-105676.89
10:39:44 [ultranest] [DEBUG] iteration=3120, ncalls=5668, regioncalls=212480, ndraw=40, logz=-105711.64, remainder_fraction=100.0000%, Lmin=-105699.91, Lmax=-105676.89
10:39:44 [ultranest] [DEBUG] iteration=3138, ncalls=5692, regioncalls=213440, ndraw=40, logz=-105711.05, remainder_fraction=100.0000%, Lmin=-105699.36, Lmax=-105676.89
10:39:44 [ultranest] [DEBUG] iteration=3157, ncalls=5717, regioncalls=214440, ndraw=40, logz=-105710.34, remainder_fraction=100.0000%, Lmin=-105698.38, Lmax=-105676.39
10:39:44 [ultranest] [DEBUG] iteration=3160, ncalls=5723, regioncalls=214680, ndraw=40, logz=-105710.22, remainder_fraction=100.0000%, Lmin=-105698.15, Lmax=-105676.39
10:39:44 [ultranest] [DEBUG] iteration=3178, ncalls=5746, regioncalls=215600, ndraw=40, logz=-105709.47, remainder_fraction=100.0000%, Lmin=-105697.57, Lmax=-105676.31
10:39:44 [ultranest] [DEBUG] iteration=3193, ncalls=5772, regioncalls=216640, ndraw=40, logz=-105708.95, remainder_fraction=100.0000%, Lmin=-105696.98, Lmax=-105676.31
10:39:44 [ultranest] [DEBUG] iteration=3200, ncalls=5783, regioncalls=217080, ndraw=40, logz=-105708.66, remainder_fraction=100.0000%, Lmin=-105696.50, Lmax=-105676.31
10:39:45 [ultranest] [DEBUG] iteration=3214, ncalls=5809, regioncalls=218120, ndraw=40, logz=-105708.11, remainder_fraction=100.0000%, Lmin=-105696.12, Lmax=-105676.31
10:39:45 [ultranest] [DEBUG] iteration=3229, ncalls=5834, regioncalls=219120, ndraw=40, logz=-105707.53, remainder_fraction=100.0000%, Lmin=-105695.32, Lmax=-105676.31
10:39:45 [ultranest] [DEBUG] iteration=3240, ncalls=5861, regioncalls=220200, ndraw=40, logz=-105707.11, remainder_fraction=100.0000%, Lmin=-105695.08, Lmax=-105676.31
10:39:45 [ultranest] [DEBUG] iteration=3248, ncalls=5888, regioncalls=221280, ndraw=40, logz=-105706.84, remainder_fraction=100.0000%, Lmin=-105694.78, Lmax=-105676.31
10:39:45 [ultranest] [DEBUG] iteration=3254, ncalls=5897, regioncalls=221680, ndraw=40, logz=-105706.64, remainder_fraction=100.0000%, Lmin=-105694.57, Lmax=-105676.31
10:39:45 [ultranest] [DEBUG] iteration=3270, ncalls=5923, regioncalls=222720, ndraw=40, logz=-105706.07, remainder_fraction=100.0000%, Lmin=-105693.86, Lmax=-105676.31
10:39:45 [ultranest] [DEBUG] iteration=3280, ncalls=5938, regioncalls=223320, ndraw=40, logz=-105705.71, remainder_fraction=100.0000%, Lmin=-105693.57, Lmax=-105676.31
10:39:45 [ultranest] [DEBUG] iteration=3294, ncalls=5964, regioncalls=224360, ndraw=40, logz=-105705.20, remainder_fraction=100.0000%, Lmin=-105692.88, Lmax=-105676.31
10:39:45 [ultranest] [DEBUG] iteration=3313, ncalls=5988, regioncalls=225320, ndraw=40, logz=-105704.47, remainder_fraction=100.0000%, Lmin=-105692.18, Lmax=-105676.31
10:39:45 [ultranest] [DEBUG] iteration=3320, ncalls=6000, regioncalls=225800, ndraw=40, logz=-105704.24, remainder_fraction=100.0000%, Lmin=-105692.08, Lmax=-105676.31
10:39:45 [ultranest] [DEBUG] iteration=3330, ncalls=6014, regioncalls=226400, ndraw=40, logz=-105703.94, remainder_fraction=99.9999%, Lmin=-105691.87, Lmax=-105676.31
10:39:46 [ultranest] [DEBUG] iteration=3349, ncalls=6038, regioncalls=227360, ndraw=40, logz=-105703.39, remainder_fraction=99.9999%, Lmin=-105691.27, Lmax=-105676.31
10:39:46 [ultranest] [DEBUG] iteration=3360, ncalls=6051, regioncalls=227880, ndraw=40, logz=-105703.07, remainder_fraction=99.9999%, Lmin=-105690.87, Lmax=-105676.31
10:39:46 [ultranest] [DEBUG] iteration=3374, ncalls=6076, regioncalls=228880, ndraw=40, logz=-105702.70, remainder_fraction=99.9998%, Lmin=-105690.59, Lmax=-105676.31
10:39:46 [ultranest] [DEBUG] iteration=3390, ncalls=6103, regioncalls=229960, ndraw=40, logz=-105702.29, remainder_fraction=99.9997%, Lmin=-105690.13, Lmax=-105676.31
10:39:46 [ultranest] [DEBUG] iteration=3400, ncalls=6119, regioncalls=230600, ndraw=40, logz=-105702.05, remainder_fraction=99.9996%, Lmin=-105689.90, Lmax=-105676.31
10:39:46 [ultranest] [DEBUG] iteration=3406, ncalls=6128, regioncalls=231000, ndraw=40, logz=-105701.90, remainder_fraction=99.9995%, Lmin=-105689.70, Lmax=-105676.31
10:39:46 [ultranest] [DEBUG] iteration=3424, ncalls=6154, regioncalls=232040, ndraw=40, logz=-105701.45, remainder_fraction=99.9993%, Lmin=-105689.16, Lmax=-105676.31
10:39:46 [ultranest] [DEBUG] iteration=3438, ncalls=6180, regioncalls=233080, ndraw=40, logz=-105701.10, remainder_fraction=99.9989%, Lmin=-105688.87, Lmax=-105676.31
10:39:46 [ultranest] [DEBUG] iteration=3440, ncalls=6182, regioncalls=233160, ndraw=40, logz=-105701.05, remainder_fraction=99.9989%, Lmin=-105688.86, Lmax=-105676.31
10:39:46 [ultranest] [DEBUG] iteration=3454, ncalls=6207, regioncalls=234160, ndraw=40, logz=-105700.73, remainder_fraction=99.9984%, Lmin=-105688.48, Lmax=-105676.31
10:39:46 [ultranest] [DEBUG] iteration=3468, ncalls=6231, regioncalls=235120, ndraw=40, logz=-105700.40, remainder_fraction=99.9978%, Lmin=-105688.13, Lmax=-105676.31
10:39:46 [ultranest] [DEBUG] iteration=3480, ncalls=6255, regioncalls=236080, ndraw=40, logz=-105700.15, remainder_fraction=99.9972%, Lmin=-105687.96, Lmax=-105676.31
10:39:46 [ultranest] [DEBUG] iteration=3482, ncalls=6260, regioncalls=236320, ndraw=40, logz=-105700.11, remainder_fraction=99.9971%, Lmin=-105687.94, Lmax=-105676.31
10:39:47 [ultranest] [DEBUG] iteration=3498, ncalls=6285, regioncalls=237320, ndraw=40, logz=-105699.78, remainder_fraction=99.9961%, Lmin=-105687.48, Lmax=-105676.31
10:39:47 [ultranest] [DEBUG] iteration=3511, ncalls=6312, regioncalls=238400, ndraw=40, logz=-105699.50, remainder_fraction=99.9947%, Lmin=-105687.13, Lmax=-105676.31
10:39:47 [ultranest] [DEBUG] iteration=3520, ncalls=6323, regioncalls=238840, ndraw=40, logz=-105699.31, remainder_fraction=99.9935%, Lmin=-105686.89, Lmax=-105676.31
10:39:47 [ultranest] [DEBUG] iteration=3538, ncalls=6348, regioncalls=239840, ndraw=40, logz=-105698.92, remainder_fraction=99.9901%, Lmin=-105686.48, Lmax=-105676.31
10:39:47 [ultranest] [DEBUG] iteration=3555, ncalls=6373, regioncalls=240840, ndraw=40, logz=-105698.56, remainder_fraction=99.9859%, Lmin=-105686.09, Lmax=-105676.31
10:39:47 [ultranest] [DEBUG] iteration=3558, ncalls=6377, regioncalls=241040, ndraw=40, logz=-105698.49, remainder_fraction=99.9849%, Lmin=-105686.04, Lmax=-105676.31
10:39:47 [ultranest] [DEBUG] iteration=3560, ncalls=6380, regioncalls=241160, ndraw=40, logz=-105698.45, remainder_fraction=99.9842%, Lmin=-105686.03, Lmax=-105676.31
10:39:47 [ultranest] [DEBUG] iteration=3578, ncalls=6407, regioncalls=242240, ndraw=40, logz=-105698.12, remainder_fraction=99.9779%, Lmin=-105685.67, Lmax=-105676.31
10:39:47 [ultranest] [DEBUG] iteration=3593, ncalls=6432, regioncalls=243240, ndraw=40, logz=-105697.84, remainder_fraction=99.9704%, Lmin=-105685.40, Lmax=-105676.31
10:39:47 [ultranest] [DEBUG] iteration=3600, ncalls=6439, regioncalls=243520, ndraw=40, logz=-105697.71, remainder_fraction=99.9659%, Lmin=-105685.26, Lmax=-105676.31
10:39:47 [ultranest] [DEBUG] iteration=3615, ncalls=6464, regioncalls=244520, ndraw=40, logz=-105697.46, remainder_fraction=99.9579%, Lmin=-105685.11, Lmax=-105676.31
10:39:47 [ultranest] [DEBUG] iteration=3627, ncalls=6490, regioncalls=245560, ndraw=40, logz=-105697.27, remainder_fraction=99.9501%, Lmin=-105684.83, Lmax=-105676.31
10:39:47 [ultranest] [DEBUG] iteration=3634, ncalls=6502, regioncalls=246120, ndraw=40, logz=-105697.16, remainder_fraction=99.9441%, Lmin=-105684.75, Lmax=-105676.31
10:39:48 [ultranest] [DEBUG] iteration=3640, ncalls=6511, regioncalls=246480, ndraw=40, logz=-105697.07, remainder_fraction=99.9384%, Lmin=-105684.63, Lmax=-105676.31
10:39:48 [ultranest] [DEBUG] iteration=3659, ncalls=6535, regioncalls=247440, ndraw=40, logz=-105696.77, remainder_fraction=99.9169%, Lmin=-105684.31, Lmax=-105676.31
10:39:48 [ultranest] [DEBUG] iteration=3677, ncalls=6559, regioncalls=248400, ndraw=40, logz=-105696.49, remainder_fraction=99.8862%, Lmin=-105683.98, Lmax=-105676.31
10:39:48 [ultranest] [DEBUG] iteration=3680, ncalls=6562, regioncalls=248520, ndraw=40, logz=-105696.45, remainder_fraction=99.8799%, Lmin=-105683.96, Lmax=-105676.31
10:39:48 [ultranest] [DEBUG] iteration=3694, ncalls=6588, regioncalls=249560, ndraw=40, logz=-105696.24, remainder_fraction=99.8495%, Lmin=-105683.69, Lmax=-105676.31
10:39:48 [ultranest] [DEBUG] iteration=3710, ncalls=6612, regioncalls=250520, ndraw=40, logz=-105695.98, remainder_fraction=99.8102%, Lmin=-105683.38, Lmax=-105676.31
10:39:48 [ultranest] [DEBUG] iteration=3720, ncalls=6630, regioncalls=251240, ndraw=40, logz=-105695.83, remainder_fraction=99.7825%, Lmin=-105683.22, Lmax=-105676.31
10:39:48 [ultranest] [DEBUG] iteration=3734, ncalls=6655, regioncalls=252240, ndraw=40, logz=-105695.63, remainder_fraction=99.7269%, Lmin=-105682.98, Lmax=-105676.31
10:39:48 [ultranest] [DEBUG] iteration=3747, ncalls=6682, regioncalls=253320, ndraw=40, logz=-105695.44, remainder_fraction=99.6721%, Lmin=-105682.86, Lmax=-105676.31
10:39:48 [ultranest] [DEBUG] iteration=3758, ncalls=6709, regioncalls=254400, ndraw=40, logz=-105695.30, remainder_fraction=99.6356%, Lmin=-105682.72, Lmax=-105676.31
10:39:48 [ultranest] [DEBUG] iteration=3760, ncalls=6712, regioncalls=254520, ndraw=40, logz=-105695.27, remainder_fraction=99.6239%, Lmin=-105682.65, Lmax=-105676.31
10:39:48 [ultranest] [DEBUG] iteration=3771, ncalls=6738, regioncalls=255560, ndraw=40, logz=-105695.13, remainder_fraction=99.5529%, Lmin=-105682.51, Lmax=-105676.31
10:39:49 [ultranest] [DEBUG] iteration=3786, ncalls=6763, regioncalls=256600, ndraw=40, logz=-105694.94, remainder_fraction=99.4480%, Lmin=-105682.31, Lmax=-105676.31
10:39:49 [ultranest] [DEBUG] iteration=3800, ncalls=6789, regioncalls=257640, ndraw=40, logz=-105694.77, remainder_fraction=99.3362%, Lmin=-105682.19, Lmax=-105676.31
10:39:49 [ultranest] [DEBUG] iteration=3816, ncalls=6814, regioncalls=258640, ndraw=40, logz=-105694.60, remainder_fraction=99.2344%, Lmin=-105682.03, Lmax=-105676.23
10:39:49 [ultranest] [DEBUG] iteration=3826, ncalls=6842, regioncalls=259760, ndraw=40, logz=-105694.49, remainder_fraction=99.1390%, Lmin=-105681.87, Lmax=-105676.23
10:39:49 [ultranest] [DEBUG] iteration=3839, ncalls=6868, regioncalls=260800, ndraw=40, logz=-105694.35, remainder_fraction=99.0123%, Lmin=-105681.71, Lmax=-105676.23
10:39:49 [ultranest] [DEBUG] iteration=3840, ncalls=6869, regioncalls=260840, ndraw=40, logz=-105694.34, remainder_fraction=98.9990%, Lmin=-105681.71, Lmax=-105676.23
10:39:49 [ultranest] [DEBUG] iteration=3853, ncalls=6897, regioncalls=261960, ndraw=40, logz=-105694.20, remainder_fraction=98.8445%, Lmin=-105681.49, Lmax=-105676.23
10:39:49 [ultranest] [DEBUG] iteration=3864, ncalls=6921, regioncalls=262920, ndraw=40, logz=-105694.08, remainder_fraction=98.6758%, Lmin=-105681.38, Lmax=-105676.23
10:39:49 [ultranest] [DEBUG] iteration=3876, ncalls=6949, regioncalls=264040, ndraw=40, logz=-105693.95, remainder_fraction=98.4677%, Lmin=-105681.26, Lmax=-105676.23
10:39:49 [ultranest] [DEBUG] iteration=3880, ncalls=6957, regioncalls=264360, ndraw=40, logz=-105693.91, remainder_fraction=98.4123%, Lmin=-105681.23, Lmax=-105676.23
10:39:49 [ultranest] [DEBUG] iteration=3893, ncalls=6984, regioncalls=265440, ndraw=40, logz=-105693.79, remainder_fraction=98.1646%, Lmin=-105681.09, Lmax=-105676.23
10:39:50 [ultranest] [DEBUG] iteration=3907, ncalls=7010, regioncalls=266480, ndraw=40, logz=-105693.65, remainder_fraction=97.8784%, Lmin=-105680.98, Lmax=-105676.23
10:39:50 [ultranest] [DEBUG] iteration=3920, ncalls=7035, regioncalls=267480, ndraw=40, logz=-105693.54, remainder_fraction=97.6047%, Lmin=-105680.87, Lmax=-105676.23
10:39:50 [ultranest] [DEBUG] iteration=3932, ncalls=7063, regioncalls=268600, ndraw=40, logz=-105693.44, remainder_fraction=97.3710%, Lmin=-105680.78, Lmax=-105676.22
10:39:50 [ultranest] [DEBUG] iteration=3938, ncalls=7076, regioncalls=269200, ndraw=40, logz=-105693.39, remainder_fraction=97.3007%, Lmin=-105680.74, Lmax=-105676.22
10:39:50 [ultranest] [DEBUG] iteration=3948, ncalls=7102, regioncalls=270240, ndraw=40, logz=-105693.31, remainder_fraction=97.0565%, Lmin=-105680.66, Lmax=-105676.22
10:39:50 [ultranest] [DEBUG] iteration=3960, ncalls=7124, regioncalls=271120, ndraw=40, logz=-105693.22, remainder_fraction=96.7906%, Lmin=-105680.56, Lmax=-105676.15
10:39:50 [ultranest] [DEBUG] iteration=3977, ncalls=7149, regioncalls=272120, ndraw=40, logz=-105693.09, remainder_fraction=96.4422%, Lmin=-105680.44, Lmax=-105676.15
10:39:50 [ultranest] [DEBUG] iteration=3990, ncalls=7176, regioncalls=273200, ndraw=40, logz=-105693.00, remainder_fraction=96.1204%, Lmin=-105680.36, Lmax=-105676.15
10:39:50 [ultranest] [DEBUG] iteration=4000, ncalls=7197, regioncalls=274040, ndraw=40, logz=-105692.93, remainder_fraction=95.7955%, Lmin=-105680.22, Lmax=-105676.15
10:39:50 [ultranest] [DEBUG] iteration=4011, ncalls=7223, regioncalls=275080, ndraw=40, logz=-105692.85, remainder_fraction=95.5402%, Lmin=-105680.13, Lmax=-105676.15
10:39:50 [ultranest] [DEBUG] iteration=4014, ncalls=7226, regioncalls=275280, ndraw=40, logz=-105692.83, remainder_fraction=95.4616%, Lmin=-105680.12, Lmax=-105676.15
10:39:50 [ultranest] [DEBUG] iteration=4032, ncalls=7251, regioncalls=276360, ndraw=40, logz=-105692.71, remainder_fraction=94.8221%, Lmin=-105679.96, Lmax=-105676.15
10:39:51 [ultranest] [DEBUG] iteration=4040, ncalls=7270, regioncalls=277120, ndraw=40, logz=-105692.65, remainder_fraction=94.6454%, Lmin=-105679.92, Lmax=-105676.15
10:39:51 [ultranest] [DEBUG] iteration=4055, ncalls=7295, regioncalls=278120, ndraw=40, logz=-105692.56, remainder_fraction=94.2142%, Lmin=-105679.80, Lmax=-105676.15
10:39:51 [ultranest] [DEBUG] iteration=4073, ncalls=7322, regioncalls=279200, ndraw=40, logz=-105692.44, remainder_fraction=93.4424%, Lmin=-105679.69, Lmax=-105676.15
10:39:51 [ultranest] [DEBUG] iteration=4080, ncalls=7332, regioncalls=279600, ndraw=40, logz=-105692.40, remainder_fraction=93.1809%, Lmin=-105679.64, Lmax=-105676.15
10:39:51 [ultranest] [DEBUG] iteration=4090, ncalls=7353, regioncalls=280520, ndraw=40, logz=-105692.34, remainder_fraction=92.7118%, Lmin=-105679.57, Lmax=-105676.15
10:39:51 [ultranest] [DEBUG] iteration=4110, ncalls=7377, regioncalls=281480, ndraw=40, logz=-105692.23, remainder_fraction=91.6876%, Lmin=-105679.42, Lmax=-105676.15
10:39:51 [ultranest] [DEBUG] iteration=4120, ncalls=7397, regioncalls=282280, ndraw=40, logz=-105692.17, remainder_fraction=91.3348%, Lmin=-105679.29, Lmax=-105676.15
10:39:51 [ultranest] [DEBUG] iteration=4133, ncalls=7423, regioncalls=283320, ndraw=40, logz=-105692.09, remainder_fraction=90.6279%, Lmin=-105679.21, Lmax=-105676.15
10:39:51 [ultranest] [DEBUG] iteration=4148, ncalls=7447, regioncalls=284280, ndraw=40, logz=-105692.01, remainder_fraction=89.8519%, Lmin=-105679.11, Lmax=-105676.15
10:39:51 [ultranest] [DEBUG] iteration=4160, ncalls=7461, regioncalls=284840, ndraw=40, logz=-105691.94, remainder_fraction=89.0565%, Lmin=-105679.04, Lmax=-105676.15
10:39:51 [ultranest] [DEBUG] iteration=4166, ncalls=7472, regioncalls=285320, ndraw=40, logz=-105691.91, remainder_fraction=88.6582%, Lmin=-105679.01, Lmax=-105676.15
10:39:52 [ultranest] [DEBUG] iteration=4183, ncalls=7498, regioncalls=286360, ndraw=40, logz=-105691.82, remainder_fraction=87.7851%, Lmin=-105678.92, Lmax=-105676.15
10:39:52 [ultranest] [DEBUG] iteration=4199, ncalls=7523, regioncalls=287360, ndraw=40, logz=-105691.74, remainder_fraction=86.7721%, Lmin=-105678.82, Lmax=-105676.15
10:39:52 [ultranest] [DEBUG] iteration=4200, ncalls=7525, regioncalls=287440, ndraw=40, logz=-105691.74, remainder_fraction=86.7044%, Lmin=-105678.82, Lmax=-105676.15
10:39:52 [ultranest] [DEBUG] iteration=4213, ncalls=7552, regioncalls=288520, ndraw=40, logz=-105691.67, remainder_fraction=85.8389%, Lmin=-105678.74, Lmax=-105676.15
10:39:52 [ultranest] [DEBUG] iteration=4229, ncalls=7577, regioncalls=289520, ndraw=40, logz=-105691.60, remainder_fraction=84.7337%, Lmin=-105678.65, Lmax=-105676.15
10:39:52 [ultranest] [DEBUG] iteration=4240, ncalls=7592, regioncalls=290120, ndraw=40, logz=-105691.55, remainder_fraction=83.9488%, Lmin=-105678.60, Lmax=-105676.15
10:39:52 [ultranest] [DEBUG] iteration=4242, ncalls=7596, regioncalls=290320, ndraw=40, logz=-105691.54, remainder_fraction=83.8079%, Lmin=-105678.60, Lmax=-105676.15
10:39:52 [ultranest] [DEBUG] iteration=4259, ncalls=7620, regioncalls=291400, ndraw=40, logz=-105691.46, remainder_fraction=82.5332%, Lmin=-105678.53, Lmax=-105676.15
10:39:52 [ultranest] [DEBUG] iteration=4274, ncalls=7646, regioncalls=292440, ndraw=40, logz=-105691.40, remainder_fraction=81.3656%, Lmin=-105678.46, Lmax=-105676.15
10:39:52 [ultranest] [DEBUG] iteration=4280, ncalls=7665, regioncalls=293200, ndraw=40, logz=-105691.38, remainder_fraction=80.9080%, Lmin=-105678.44, Lmax=-105676.15
10:39:52 [ultranest] [DEBUG] iteration=4294, ncalls=7690, regioncalls=294200, ndraw=40, logz=-105691.33, remainder_fraction=79.9662%, Lmin=-105678.36, Lmax=-105676.15
10:39:52 [ultranest] [DEBUG] iteration=4308, ncalls=7716, regioncalls=295240, ndraw=40, logz=-105691.27, remainder_fraction=78.9853%, Lmin=-105678.30, Lmax=-105676.15
10:39:52 [ultranest] [DEBUG] iteration=4318, ncalls=7732, regioncalls=295920, ndraw=40, logz=-105691.23, remainder_fraction=78.1846%, Lmin=-105678.27, Lmax=-105676.15
10:39:52 [ultranest] [DEBUG] iteration=4320, ncalls=7734, regioncalls=296000, ndraw=40, logz=-105691.23, remainder_fraction=77.9886%, Lmin=-105678.26, Lmax=-105676.15
10:39:53 [ultranest] [DEBUG] iteration=4337, ncalls=7759, regioncalls=297000, ndraw=40, logz=-105691.17, remainder_fraction=76.6718%, Lmin=-105678.19, Lmax=-105676.15
10:39:53 [ultranest] [DEBUG] iteration=4355, ncalls=7783, regioncalls=297960, ndraw=40, logz=-105691.11, remainder_fraction=75.3290%, Lmin=-105678.11, Lmax=-105676.15
10:39:53 [ultranest] [DEBUG] iteration=4360, ncalls=7791, regioncalls=298280, ndraw=40, logz=-105691.09, remainder_fraction=74.9948%, Lmin=-105678.09, Lmax=-105676.15
10:39:53 [ultranest] [DEBUG] iteration=4373, ncalls=7818, regioncalls=299360, ndraw=40, logz=-105691.05, remainder_fraction=73.8141%, Lmin=-105678.04, Lmax=-105676.15
10:39:53 [ultranest] [DEBUG] iteration=4390, ncalls=7843, regioncalls=300360, ndraw=40, logz=-105690.99, remainder_fraction=72.3087%, Lmin=-105677.97, Lmax=-105676.15
10:39:53 [ultranest] [DEBUG] iteration=4394, ncalls=7852, regioncalls=300760, ndraw=40, logz=-105690.98, remainder_fraction=71.9128%, Lmin=-105677.96, Lmax=-105676.15
10:39:53 [ultranest] [DEBUG] iteration=4400, ncalls=7859, regioncalls=301040, ndraw=40, logz=-105690.96, remainder_fraction=71.4275%, Lmin=-105677.94, Lmax=-105676.15
10:39:53 [ultranest] [DEBUG] iteration=4418, ncalls=7883, regioncalls=302000, ndraw=40, logz=-105690.91, remainder_fraction=69.7830%, Lmin=-105677.87, Lmax=-105676.15
10:39:53 [ultranest] [DEBUG] iteration=4432, ncalls=7913, regioncalls=303200, ndraw=40, logz=-105690.87, remainder_fraction=68.5342%, Lmin=-105677.80, Lmax=-105676.15
10:39:53 [ultranest] [DEBUG] iteration=4440, ncalls=7925, regioncalls=303680, ndraw=40, logz=-105690.85, remainder_fraction=67.8756%, Lmin=-105677.77, Lmax=-105676.15
10:39:53 [ultranest] [DEBUG] iteration=4456, ncalls=7950, regioncalls=304680, ndraw=40, logz=-105690.80, remainder_fraction=66.4284%, Lmin=-105677.70, Lmax=-105676.15
10:39:53 [ultranest] [DEBUG] iteration=4470, ncalls=7975, regioncalls=305720, ndraw=40, logz=-105690.76, remainder_fraction=65.0285%, Lmin=-105677.64, Lmax=-105676.15
10:39:54 [ultranest] [DEBUG] iteration=4480, ncalls=7990, regioncalls=306320, ndraw=40, logz=-105690.74, remainder_fraction=64.0095%, Lmin=-105677.61, Lmax=-105676.15
10:39:54 [ultranest] [DEBUG] iteration=4491, ncalls=8016, regioncalls=307360, ndraw=40, logz=-105690.71, remainder_fraction=62.8790%, Lmin=-105677.60, Lmax=-105676.15
10:39:54 [ultranest] [DEBUG] iteration=4508, ncalls=8040, regioncalls=308320, ndraw=40, logz=-105690.67, remainder_fraction=61.0195%, Lmin=-105677.55, Lmax=-105676.15
10:39:54 [ultranest] [DEBUG] iteration=4520, ncalls=8057, regioncalls=309000, ndraw=40, logz=-105690.64, remainder_fraction=59.9580%, Lmin=-105677.50, Lmax=-105676.15
10:39:54 [ultranest] [DEBUG] iteration=4532, ncalls=8083, regioncalls=310040, ndraw=40, logz=-105690.61, remainder_fraction=58.9501%, Lmin=-105677.46, Lmax=-105676.15
10:39:54 [ultranest] [DEBUG] iteration=4545, ncalls=8110, regioncalls=311120, ndraw=40, logz=-105690.58, remainder_fraction=57.6102%, Lmin=-105677.42, Lmax=-105676.15
10:39:54 [ultranest] [DEBUG] iteration=4546, ncalls=8111, regioncalls=311200, ndraw=40, logz=-105690.58, remainder_fraction=57.4827%, Lmin=-105677.41, Lmax=-105676.15
10:39:54 [ultranest] [DEBUG] iteration=4560, ncalls=8127, regioncalls=311840, ndraw=40, logz=-105690.55, remainder_fraction=56.1230%, Lmin=-105677.39, Lmax=-105676.13
10:39:54 [ultranest] [DEBUG] iteration=4578, ncalls=8154, regioncalls=312920, ndraw=40, logz=-105690.51, remainder_fraction=54.2814%, Lmin=-105677.35, Lmax=-105676.13
10:39:54 [ultranest] [DEBUG] iteration=4592, ncalls=8179, regioncalls=313920, ndraw=40, logz=-105690.48, remainder_fraction=53.0005%, Lmin=-105677.31, Lmax=-105676.13
10:39:54 [ultranest] [DEBUG] iteration=4600, ncalls=8199, regioncalls=314720, ndraw=40, logz=-105690.47, remainder_fraction=52.2423%, Lmin=-105677.30, Lmax=-105676.13
10:39:55 [ultranest] [DEBUG] iteration=4611, ncalls=8226, regioncalls=315800, ndraw=40, logz=-105690.45, remainder_fraction=51.4158%, Lmin=-105677.28, Lmax=-105676.13
10:39:55 [ultranest] [DEBUG] iteration=4622, ncalls=8244, regioncalls=316560, ndraw=40, logz=-105690.42, remainder_fraction=50.3703%, Lmin=-105677.25, Lmax=-105676.13
10:39:55 [ultranest] [DEBUG] iteration=4640, ncalls=8266, regioncalls=317440, ndraw=40, logz=-105690.39, remainder_fraction=48.6435%, Lmin=-105677.20, Lmax=-105676.13
10:39:55 [ultranest] [DEBUG] iteration=4660, ncalls=8290, regioncalls=318400, ndraw=40, logz=-105690.36, remainder_fraction=46.7854%, Lmin=-105677.16, Lmax=-105676.13
10:39:55 [ultranest] [DEBUG] iteration=4676, ncalls=8315, regioncalls=319400, ndraw=40, logz=-105690.33, remainder_fraction=45.5560%, Lmin=-105677.14, Lmax=-105676.13
10:39:55 [ultranest] [DEBUG] iteration=4680, ncalls=8322, regioncalls=319680, ndraw=40, logz=-105690.33, remainder_fraction=45.1526%, Lmin=-105677.14, Lmax=-105676.13
10:39:55 [ultranest] [DEBUG] iteration=4693, ncalls=8347, regioncalls=320680, ndraw=40, logz=-105690.31, remainder_fraction=44.0809%, Lmin=-105677.10, Lmax=-105676.13
10:39:55 [ultranest] [DEBUG] iteration=4698, ncalls=8353, regioncalls=321000, ndraw=40, logz=-105690.30, remainder_fraction=43.7027%, Lmin=-105677.09, Lmax=-105676.13
10:39:55 [ultranest] [DEBUG] iteration=4715, ncalls=8377, regioncalls=322000, ndraw=40, logz=-105690.27, remainder_fraction=42.3649%, Lmin=-105677.05, Lmax=-105676.13
10:39:55 [ultranest] [DEBUG] iteration=4720, ncalls=8385, regioncalls=322320, ndraw=40, logz=-105690.27, remainder_fraction=41.9725%, Lmin=-105677.05, Lmax=-105676.13
10:39:55 [ultranest] [DEBUG] iteration=4735, ncalls=8409, regioncalls=323280, ndraw=40, logz=-105690.25, remainder_fraction=40.7617%, Lmin=-105677.03, Lmax=-105676.13
10:39:55 [ultranest] [DEBUG] iteration=4750, ncalls=8434, regioncalls=324280, ndraw=40, logz=-105690.23, remainder_fraction=39.5668%, Lmin=-105676.99, Lmax=-105676.13
10:39:55 [ultranest] [DEBUG] iteration=4760, ncalls=8452, regioncalls=325000, ndraw=40, logz=-105690.21, remainder_fraction=38.7763%, Lmin=-105676.98, Lmax=-105676.13
10:39:56 [ultranest] [DEBUG] iteration=4778, ncalls=8474, regioncalls=325960, ndraw=40, logz=-105690.19, remainder_fraction=37.4280%, Lmin=-105676.96, Lmax=-105676.13
10:39:56 [ultranest] [DEBUG] iteration=4789, ncalls=8502, regioncalls=327080, ndraw=40, logz=-105690.18, remainder_fraction=36.5662%, Lmin=-105676.93, Lmax=-105676.13
10:39:56 [ultranest] [DEBUG] iteration=4800, ncalls=8518, regioncalls=327720, ndraw=40, logz=-105690.16, remainder_fraction=35.6745%, Lmin=-105676.92, Lmax=-105676.13
10:39:56 [ultranest] [DEBUG] iteration=4815, ncalls=8543, regioncalls=328720, ndraw=40, logz=-105690.15, remainder_fraction=34.5031%, Lmin=-105676.90, Lmax=-105676.13
10:39:56 [ultranest] [DEBUG] iteration=4833, ncalls=8568, regioncalls=329720, ndraw=40, logz=-105690.13, remainder_fraction=33.1918%, Lmin=-105676.87, Lmax=-105676.13
10:39:56 [ultranest] [DEBUG] iteration=4840, ncalls=8585, regioncalls=330400, ndraw=40, logz=-105690.12, remainder_fraction=32.6800%, Lmin=-105676.86, Lmax=-105676.13
10:39:56 [ultranest] [DEBUG] iteration=4850, ncalls=8611, regioncalls=331440, ndraw=40, logz=-105690.11, remainder_fraction=32.0507%, Lmin=-105676.84, Lmax=-105676.13
10:39:56 [ultranest] [DEBUG] iteration=4864, ncalls=8641, regioncalls=332640, ndraw=40, logz=-105690.10, remainder_fraction=31.1047%, Lmin=-105676.83, Lmax=-105676.12
10:39:56 [ultranest] [DEBUG] iteration=4876, ncalls=8667, regioncalls=333680, ndraw=40, logz=-105690.08, remainder_fraction=30.2944%, Lmin=-105676.81, Lmax=-105676.12
10:39:56 [ultranest] [DEBUG] iteration=4880, ncalls=8674, regioncalls=333960, ndraw=40, logz=-105690.08, remainder_fraction=30.0081%, Lmin=-105676.80, Lmax=-105676.12
10:39:56 [ultranest] [DEBUG] iteration=4886, ncalls=8701, regioncalls=335040, ndraw=40, logz=-105690.07, remainder_fraction=29.6532%, Lmin=-105676.80, Lmax=-105676.12
10:39:57 [ultranest] [DEBUG] iteration=4896, ncalls=8729, regioncalls=336160, ndraw=40, logz=-105690.07, remainder_fraction=29.0126%, Lmin=-105676.78, Lmax=-105676.12
10:39:57 [ultranest] [DEBUG] iteration=4909, ncalls=8758, regioncalls=337320, ndraw=40, logz=-105690.05, remainder_fraction=28.2463%, Lmin=-105676.77, Lmax=-105676.12
10:39:57 [ultranest] [DEBUG] iteration=4920, ncalls=8786, regioncalls=338440, ndraw=40, logz=-105690.04, remainder_fraction=27.5682%, Lmin=-105676.75, Lmax=-105676.12
10:39:57 [ultranest] [DEBUG] iteration=4926, ncalls=8798, regioncalls=339000, ndraw=40, logz=-105690.04, remainder_fraction=27.1751%, Lmin=-105676.74, Lmax=-105676.12
10:39:57 [ultranest] [DEBUG] iteration=4941, ncalls=8823, regioncalls=340000, ndraw=40, logz=-105690.03, remainder_fraction=26.1992%, Lmin=-105676.73, Lmax=-105676.12
10:39:57 [ultranest] [DEBUG] iteration=4958, ncalls=8848, regioncalls=341000, ndraw=40, logz=-105690.01, remainder_fraction=25.2105%, Lmin=-105676.69, Lmax=-105676.12
10:39:57 [ultranest] [DEBUG] iteration=4960, ncalls=8850, regioncalls=341080, ndraw=40, logz=-105690.01, remainder_fraction=25.0821%, Lmin=-105676.69, Lmax=-105676.12
10:39:57 [ultranest] [DEBUG] iteration=4978, ncalls=8874, regioncalls=342040, ndraw=40, logz=-105690.00, remainder_fraction=24.0575%, Lmin=-105676.66, Lmax=-105676.11
10:39:57 [ultranest] [DEBUG] iteration=4991, ncalls=8901, regioncalls=343120, ndraw=40, logz=-105689.99, remainder_fraction=23.3296%, Lmin=-105676.65, Lmax=-105676.11
10:39:57 [ultranest] [DEBUG] iteration=5000, ncalls=8913, regioncalls=343600, ndraw=40, logz=-105689.98, remainder_fraction=22.8216%, Lmin=-105676.63, Lmax=-105676.11
10:39:57 [ultranest] [DEBUG] iteration=5002, ncalls=8917, regioncalls=343920, ndraw=40, logz=-105689.98, remainder_fraction=22.7383%, Lmin=-105676.63, Lmax=-105676.11
10:39:57 [ultranest] [DEBUG] iteration=5019, ncalls=8941, regioncalls=344920, ndraw=40, logz=-105689.97, remainder_fraction=21.8587%, Lmin=-105676.62, Lmax=-105676.11
10:39:58 [ultranest] [DEBUG] iteration=5036, ncalls=8966, regioncalls=345920, ndraw=40, logz=-105689.96, remainder_fraction=20.9575%, Lmin=-105676.60, Lmax=-105676.09
10:39:58 [ultranest] [DEBUG] iteration=5040, ncalls=8970, regioncalls=346080, ndraw=40, logz=-105689.96, remainder_fraction=20.7741%, Lmin=-105676.60, Lmax=-105676.09
10:39:58 [ultranest] [DEBUG] iteration=5053, ncalls=8995, regioncalls=347080, ndraw=40, logz=-105689.95, remainder_fraction=20.1244%, Lmin=-105676.59, Lmax=-105676.09
10:39:58 [ultranest] [DEBUG] iteration=5068, ncalls=9020, regioncalls=348080, ndraw=40, logz=-105689.94, remainder_fraction=19.4022%, Lmin=-105676.57, Lmax=-105676.09
10:39:58 [ultranest] [DEBUG] iteration=5078, ncalls=9034, regioncalls=348680, ndraw=40, logz=-105689.93, remainder_fraction=18.9579%, Lmin=-105676.55, Lmax=-105676.09
10:39:58 [ultranest] [DEBUG] iteration=5080, ncalls=9037, regioncalls=348800, ndraw=40, logz=-105689.93, remainder_fraction=18.8615%, Lmin=-105676.55, Lmax=-105676.09
10:39:58 [ultranest] [DEBUG] iteration=5098, ncalls=9061, regioncalls=349760, ndraw=40, logz=-105689.92, remainder_fraction=18.0433%, Lmin=-105676.54, Lmax=-105676.09
10:39:58 [ultranest] [DEBUG] iteration=5111, ncalls=9088, regioncalls=350840, ndraw=40, logz=-105689.91, remainder_fraction=17.4561%, Lmin=-105676.53, Lmax=-105676.09
10:39:58 [ultranest] [DEBUG] iteration=5120, ncalls=9103, regioncalls=351440, ndraw=40, logz=-105689.91, remainder_fraction=17.0522%, Lmin=-105676.52, Lmax=-105676.09
10:39:58 [ultranest] [DEBUG] iteration=5136, ncalls=9130, regioncalls=352520, ndraw=40, logz=-105689.90, remainder_fraction=16.3874%, Lmin=-105676.51, Lmax=-105676.09
10:39:58 [ultranest] [DEBUG] iteration=5151, ncalls=9155, regioncalls=353520, ndraw=40, logz=-105689.89, remainder_fraction=15.8310%, Lmin=-105676.50, Lmax=-105676.09
10:39:58 [ultranest] [DEBUG] iteration=5154, ncalls=9158, regioncalls=353680, ndraw=40, logz=-105689.89, remainder_fraction=15.7285%, Lmin=-105676.50, Lmax=-105676.09
10:39:58 [ultranest] [DEBUG] iteration=5160, ncalls=9167, regioncalls=354040, ndraw=40, logz=-105689.89, remainder_fraction=15.4947%, Lmin=-105676.50, Lmax=-105676.09
10:39:59 [ultranest] [DEBUG] iteration=5177, ncalls=9193, regioncalls=355080, ndraw=40, logz=-105689.88, remainder_fraction=14.8492%, Lmin=-105676.48, Lmax=-105676.09
10:39:59 [ultranest] [DEBUG] iteration=5194, ncalls=9221, regioncalls=356200, ndraw=40, logz=-105689.88, remainder_fraction=14.2423%, Lmin=-105676.47, Lmax=-105676.09
10:39:59 [ultranest] [DEBUG] iteration=5200, ncalls=9234, regioncalls=356720, ndraw=40, logz=-105689.87, remainder_fraction=14.0306%, Lmin=-105676.47, Lmax=-105676.09
10:39:59 [ultranest] [DEBUG] iteration=5216, ncalls=9259, regioncalls=357720, ndraw=40, logz=-105689.87, remainder_fraction=13.4791%, Lmin=-105676.46, Lmax=-105676.09
10:39:59 [ultranest] [DEBUG] iteration=5230, ncalls=9280, regioncalls=358600, ndraw=40, logz=-105689.86, remainder_fraction=13.0049%, Lmin=-105676.45, Lmax=-105676.09
10:39:59 [ultranest] [DEBUG] iteration=5240, ncalls=9299, regioncalls=359360, ndraw=40, logz=-105689.86, remainder_fraction=12.6949%, Lmin=-105676.44, Lmax=-105676.09
10:39:59 [ultranest] [DEBUG] iteration=5257, ncalls=9323, regioncalls=360320, ndraw=40, logz=-105689.85, remainder_fraction=12.1619%, Lmin=-105676.43, Lmax=-105676.09
10:39:59 [ultranest] [DEBUG] iteration=5273, ncalls=9348, regioncalls=361320, ndraw=40, logz=-105689.85, remainder_fraction=11.6675%, Lmin=-105676.42, Lmax=-105676.09
10:39:59 [ultranest] [DEBUG] iteration=5280, ncalls=9358, regioncalls=361720, ndraw=40, logz=-105689.84, remainder_fraction=11.4481%, Lmin=-105676.42, Lmax=-105676.09
10:39:59 [ultranest] [DEBUG] iteration=5297, ncalls=9384, regioncalls=362760, ndraw=40, logz=-105689.84, remainder_fraction=10.9547%, Lmin=-105676.41, Lmax=-105676.09
10:39:59 [ultranest] [DEBUG] iteration=5306, ncalls=9400, regioncalls=363520, ndraw=40, logz=-105689.83, remainder_fraction=10.7002%, Lmin=-105676.40, Lmax=-105676.09
10:39:59 [ultranest] [DEBUG] iteration=5320, ncalls=9424, regioncalls=364480, ndraw=40, logz=-105689.83, remainder_fraction=10.3067%, Lmin=-105676.40, Lmax=-105676.09
10:40:00 [ultranest] [DEBUG] iteration=5338, ncalls=9448, regioncalls=365520, ndraw=40, logz=-105689.82, remainder_fraction=9.8298%, Lmin=-105676.38, Lmax=-105676.09
10:40:00 [ultranest] [DEBUG] iteration=5357, ncalls=9473, regioncalls=366520, ndraw=40, logz=-105689.82, remainder_fraction=9.3612%, Lmin=-105676.37, Lmax=-105676.09
10:40:00 [ultranest] [DEBUG] iteration=5360, ncalls=9476, regioncalls=366640, ndraw=40, logz=-105689.82, remainder_fraction=9.2918%, Lmin=-105676.37, Lmax=-105676.09
10:40:00 [ultranest] [DEBUG] iteration=5374, ncalls=9502, regioncalls=367680, ndraw=40, logz=-105689.82, remainder_fraction=8.9539%, Lmin=-105676.36, Lmax=-105676.09
10:40:00 [ultranest] [DEBUG] iteration=5382, ncalls=9521, regioncalls=368480, ndraw=40, logz=-105689.81, remainder_fraction=8.7616%, Lmin=-105676.36, Lmax=-105676.09
10:40:00 [ultranest] [DEBUG] iteration=5400, ncalls=9543, regioncalls=369400, ndraw=40, logz=-105689.81, remainder_fraction=8.3498%, Lmin=-105676.35, Lmax=-105676.09
10:40:00 [ultranest] [DEBUG] iteration=5415, ncalls=9568, regioncalls=370400, ndraw=40, logz=-105689.80, remainder_fraction=8.0345%, Lmin=-105676.34, Lmax=-105676.09
10:40:00 [ultranest] [DEBUG] iteration=5433, ncalls=9592, regioncalls=371360, ndraw=40, logz=-105689.80, remainder_fraction=7.6748%, Lmin=-105676.34, Lmax=-105676.09
10:40:00 [ultranest] [DEBUG] iteration=5440, ncalls=9603, regioncalls=371800, ndraw=40, logz=-105689.80, remainder_fraction=7.5293%, Lmin=-105676.33, Lmax=-105676.09
10:40:00 [ultranest] [DEBUG] iteration=5455, ncalls=9628, regioncalls=372800, ndraw=40, logz=-105689.80, remainder_fraction=7.2268%, Lmin=-105676.32, Lmax=-105676.09
10:40:00 [ultranest] [DEBUG] iteration=5458, ncalls=9634, regioncalls=373080, ndraw=40, logz=-105689.80, remainder_fraction=7.1690%, Lmin=-105676.32, Lmax=-105676.09
10:40:00 [ultranest] [DEBUG] iteration=5477, ncalls=9658, regioncalls=374040, ndraw=40, logz=-105689.79, remainder_fraction=6.8117%, Lmin=-105676.32, Lmax=-105676.09
10:40:01 [ultranest] [DEBUG] iteration=5480, ncalls=9665, regioncalls=374320, ndraw=40, logz=-105689.79, remainder_fraction=6.7580%, Lmin=-105676.31, Lmax=-105676.09
10:40:01 [ultranest] [DEBUG] iteration=5499, ncalls=9689, regioncalls=375280, ndraw=40, logz=-105689.79, remainder_fraction=6.4170%, Lmin=-105676.31, Lmax=-105676.09
10:40:01 [ultranest] [DEBUG] iteration=5518, ncalls=9713, regioncalls=376240, ndraw=40, logz=-105689.78, remainder_fraction=6.0920%, Lmin=-105676.30, Lmax=-105676.09
10:40:01 [ultranest] [DEBUG] iteration=5520, ncalls=9717, regioncalls=376400, ndraw=40, logz=-105689.78, remainder_fraction=6.0597%, Lmin=-105676.30, Lmax=-105676.09
10:40:01 [ultranest] [DEBUG] iteration=5536, ncalls=9742, regioncalls=377400, ndraw=40, logz=-105689.78, remainder_fraction=5.7965%, Lmin=-105676.29, Lmax=-105676.09
10:40:01 [ultranest] [DEBUG] iteration=5553, ncalls=9767, regioncalls=378400, ndraw=40, logz=-105689.78, remainder_fraction=5.5347%, Lmin=-105676.29, Lmax=-105676.09
10:40:01 [ultranest] [DEBUG] iteration=5560, ncalls=9783, regioncalls=379040, ndraw=40, logz=-105689.78, remainder_fraction=5.4282%, Lmin=-105676.28, Lmax=-105676.09
10:40:01 [ultranest] [DEBUG] iteration=5576, ncalls=9808, regioncalls=380040, ndraw=40, logz=-105689.77, remainder_fraction=5.1923%, Lmin=-105676.28, Lmax=-105676.09
10:40:01 [ultranest] [DEBUG] iteration=5591, ncalls=9833, regioncalls=381040, ndraw=40, logz=-105689.77, remainder_fraction=4.9819%, Lmin=-105676.27, Lmax=-105676.09
10:40:01 [ultranest] [DEBUG] iteration=5598, ncalls=9860, regioncalls=382120, ndraw=40, logz=-105689.77, remainder_fraction=4.8874%, Lmin=-105676.27, Lmax=-105676.09
10:40:01 [ultranest] [DEBUG] iteration=5600, ncalls=9863, regioncalls=382240, ndraw=40, logz=-105689.77, remainder_fraction=4.8592%, Lmin=-105676.27, Lmax=-105676.08
10:40:01 [ultranest] [DEBUG] iteration=5610, ncalls=9879, regioncalls=382920, ndraw=40, logz=-105689.77, remainder_fraction=4.7292%, Lmin=-105676.27, Lmax=-105676.08
10:40:02 [ultranest] [DEBUG] iteration=5626, ncalls=9904, regioncalls=383920, ndraw=40, logz=-105689.77, remainder_fraction=4.5211%, Lmin=-105676.26, Lmax=-105676.08
10:40:02 [ultranest] [DEBUG] iteration=5640, ncalls=9928, regioncalls=384880, ndraw=40, logz=-105689.77, remainder_fraction=4.3508%, Lmin=-105676.26, Lmax=-105676.08
10:40:02 [ultranest] [DEBUG] iteration=5654, ncalls=9953, regioncalls=385880, ndraw=40, logz=-105689.76, remainder_fraction=4.1828%, Lmin=-105676.25, Lmax=-105676.08
10:40:02 [ultranest] [DEBUG] iteration=5671, ncalls=9977, regioncalls=386840, ndraw=40, logz=-105689.76, remainder_fraction=3.9907%, Lmin=-105676.25, Lmax=-105676.08
10:40:02 [ultranest] [DEBUG] iteration=5680, ncalls=9990, regioncalls=387360, ndraw=40, logz=-105689.76, remainder_fraction=3.8913%, Lmin=-105676.24, Lmax=-105676.08
10:40:02 [ultranest] [DEBUG] iteration=5686, ncalls=9997, regioncalls=387760, ndraw=40, logz=-105689.76, remainder_fraction=3.8284%, Lmin=-105676.24, Lmax=-105676.08
10:40:02 [ultranest] [DEBUG] iteration=5705, ncalls=10021, regioncalls=388720, ndraw=40, logz=-105689.76, remainder_fraction=3.6312%, Lmin=-105676.24, Lmax=-105676.08
10:40:02 [ultranest] [DEBUG] iteration=5720, ncalls=10045, regioncalls=389680, ndraw=40, logz=-105689.76, remainder_fraction=3.4811%, Lmin=-105676.23, Lmax=-105676.08
10:40:02 [ultranest] [DEBUG] iteration=5739, ncalls=10069, regioncalls=390640, ndraw=40, logz=-105689.76, remainder_fraction=3.3019%, Lmin=-105676.23, Lmax=-105676.08
10:40:02 [ultranest] [DEBUG] iteration=5753, ncalls=10095, regioncalls=391680, ndraw=40, logz=-105689.75, remainder_fraction=3.1768%, Lmin=-105676.22, Lmax=-105676.08
10:40:02 [ultranest] [DEBUG] iteration=5760, ncalls=10106, regioncalls=392120, ndraw=40, logz=-105689.75, remainder_fraction=3.1142%, Lmin=-105676.22, Lmax=-105676.08
10:40:02 [ultranest] [DEBUG] iteration=5762, ncalls=10109, regioncalls=392280, ndraw=40, logz=-105689.75, remainder_fraction=3.0968%, Lmin=-105676.22, Lmax=-105676.08
10:40:02 [ultranest] [DEBUG] iteration=5779, ncalls=10133, regioncalls=393280, ndraw=40, logz=-105689.75, remainder_fraction=2.9535%, Lmin=-105676.22, Lmax=-105676.08
10:40:03 [ultranest] [DEBUG] iteration=5794, ncalls=10158, regioncalls=394280, ndraw=40, logz=-105689.75, remainder_fraction=2.8311%, Lmin=-105676.21, Lmax=-105676.08
10:40:03 [ultranest] [DEBUG] iteration=5800, ncalls=10168, regioncalls=394680, ndraw=40, logz=-105689.75, remainder_fraction=2.7840%, Lmin=-105676.21, Lmax=-105676.08
10:40:03 [ultranest] [DEBUG] iteration=5818, ncalls=10193, regioncalls=395680, ndraw=40, logz=-105689.75, remainder_fraction=2.6459%, Lmin=-105676.21, Lmax=-105676.08
10:40:03 [ultranest] [DEBUG] iteration=5834, ncalls=10219, regioncalls=396720, ndraw=40, logz=-105689.75, remainder_fraction=2.5300%, Lmin=-105676.20, Lmax=-105676.08
10:40:03 [ultranest] [DEBUG] iteration=5838, ncalls=10224, regioncalls=396960, ndraw=40, logz=-105689.75, remainder_fraction=2.5015%, Lmin=-105676.20, Lmax=-105676.08
10:40:03 [ultranest] [DEBUG] iteration=5840, ncalls=10226, regioncalls=397040, ndraw=40, logz=-105689.75, remainder_fraction=2.4872%, Lmin=-105676.20, Lmax=-105676.08
10:40:03 [ultranest] [DEBUG] iteration=5856, ncalls=10250, regioncalls=398000, ndraw=40, logz=-105689.75, remainder_fraction=2.3761%, Lmin=-105676.20, Lmax=-105676.08
10:40:03 [ultranest] [DEBUG] iteration=5873, ncalls=10275, regioncalls=399000, ndraw=40, logz=-105689.74, remainder_fraction=2.2641%, Lmin=-105676.19, Lmax=-105676.08
10:40:03 [ultranest] [DEBUG] iteration=5880, ncalls=10283, regioncalls=399320, ndraw=40, logz=-105689.74, remainder_fraction=2.2188%, Lmin=-105676.19, Lmax=-105676.08
10:40:03 [ultranest] [DEBUG] iteration=5896, ncalls=10308, regioncalls=400400, ndraw=40, logz=-105689.74, remainder_fraction=2.1205%, Lmin=-105676.19, Lmax=-105676.08
10:40:03 [ultranest] [DEBUG] iteration=5910, ncalls=10334, regioncalls=401440, ndraw=40, logz=-105689.74, remainder_fraction=2.0391%, Lmin=-105676.19, Lmax=-105676.08
10:40:03 [ultranest] [DEBUG] iteration=5914, ncalls=10342, regioncalls=401800, ndraw=40, logz=-105689.74, remainder_fraction=2.0158%, Lmin=-105676.19, Lmax=-105676.08
10:40:03 [ultranest] [DEBUG] iteration=5920, ncalls=10352, regioncalls=402200, ndraw=40, logz=-105689.74, remainder_fraction=1.9815%, Lmin=-105676.19, Lmax=-105676.08
10:40:03 [ultranest] [DEBUG] iteration=5935, ncalls=10378, regioncalls=403240, ndraw=40, logz=-105689.74, remainder_fraction=1.8988%, Lmin=-105676.18, Lmax=-105676.08
10:40:04 [ultranest] [DEBUG] iteration=5948, ncalls=10403, regioncalls=404240, ndraw=40, logz=-105689.74, remainder_fraction=1.8306%, Lmin=-105676.18, Lmax=-105676.08
10:40:04 [ultranest] [DEBUG] iteration=5960, ncalls=10424, regioncalls=405080, ndraw=40, logz=-105689.74, remainder_fraction=1.7686%, Lmin=-105676.18, Lmax=-105676.08
10:40:04 [ultranest] [DEBUG] iteration=5977, ncalls=10449, regioncalls=406080, ndraw=40, logz=-105689.74, remainder_fraction=1.6842%, Lmin=-105676.17, Lmax=-105676.08
10:40:04 [ultranest] [DEBUG] iteration=5990, ncalls=10470, regioncalls=406960, ndraw=40, logz=-105689.74, remainder_fraction=1.6231%, Lmin=-105676.17, Lmax=-105676.08
10:40:04 [ultranest] [DEBUG] iteration=6000, ncalls=10490, regioncalls=407760, ndraw=40, logz=-105689.74, remainder_fraction=1.5778%, Lmin=-105676.17, Lmax=-105676.08
10:40:04 [ultranest] [DEBUG] iteration=6019, ncalls=10514, regioncalls=408720, ndraw=40, logz=-105689.74, remainder_fraction=1.4939%, Lmin=-105676.17, Lmax=-105676.08
10:40:04 [ultranest] [DEBUG] iteration=6035, ncalls=10542, regioncalls=409840, ndraw=40, logz=-105689.74, remainder_fraction=1.4268%, Lmin=-105676.16, Lmax=-105676.08
10:40:04 [ultranest] [DEBUG] iteration=6040, ncalls=10549, regioncalls=410120, ndraw=40, logz=-105689.74, remainder_fraction=1.4066%, Lmin=-105676.16, Lmax=-105676.08
10:40:04 [ultranest] [DEBUG] iteration=6055, ncalls=10578, regioncalls=411280, ndraw=40, logz=-105689.74, remainder_fraction=1.3473%, Lmin=-105676.16, Lmax=-105676.08
10:40:04 [ultranest] [DEBUG] iteration=6066, ncalls=10599, regioncalls=412160, ndraw=40, logz=-105689.73, remainder_fraction=1.3052%, Lmin=-105676.16, Lmax=-105676.08
10:40:04 [ultranest] [DEBUG] iteration=6080, ncalls=10624, regioncalls=413160, ndraw=40, logz=-105689.73, remainder_fraction=1.2536%, Lmin=-105676.16, Lmax=-105676.08
10:40:05 [ultranest] [DEBUG] iteration=6099, ncalls=10649, regioncalls=414160, ndraw=40, logz=-105689.73, remainder_fraction=1.1869%, Lmin=-105676.15, Lmax=-105676.08
10:40:05 [ultranest] [DEBUG] iteration=6117, ncalls=10675, regioncalls=415200, ndraw=40, logz=-105689.73, remainder_fraction=1.1270%, Lmin=-105676.15, Lmax=-105676.08
10:40:05 [ultranest] [DEBUG] iteration=6120, ncalls=10679, regioncalls=415360, ndraw=40, logz=-105689.73, remainder_fraction=1.1174%, Lmin=-105676.15, Lmax=-105676.08
10:40:05 [ultranest] [DEBUG] iteration=6137, ncalls=10706, regioncalls=416440, ndraw=40, logz=-105689.73, remainder_fraction=1.0641%, Lmin=-105676.15, Lmax=-105676.08
10:40:05 [ultranest] [DEBUG] iteration=6152, ncalls=10731, regioncalls=417440, ndraw=40, logz=-105689.73, remainder_fraction=1.0190%, Lmin=-105676.15, Lmax=-105676.08
10:40:05 [ultranest] [INFO] Explored until L=-1e+05  
10:40:05 [ultranest] [INFO] Likelihood function evaluations: 10742
10:40:06 [ultranest] [INFO] Writing samples and results to disk ...
10:40:07 [ultranest] [INFO] Writing samples and results to disk ... done
10:40:07 [ultranest] [DEBUG] did a run_iter pass!
10:40:07 [ultranest] [INFO]   logZ = -1.057e+05 +- 0.1701
10:40:07 [ultranest] [INFO] Effective samples strategy satisfied (ESS = 1569.2, need >400)
10:40:07 [ultranest] [INFO] Posterior uncertainty strategy is satisfied (KL: 0.44+-0.06 nat, need <0.50 nat)
10:40:07 [ultranest] [INFO] Evidency uncertainty strategy is satisfied (dlogz=0.17, need <0.5)
10:40:07 [ultranest] [INFO]   logZ error budget: single: 0.19 bs:0.17 tail:0.01 total:0.17 required:<0.50
10:40:07 [ultranest] [INFO] done iterating.
10:40:07 [ultranest] [DEBUG] Making corner plot ...
10:40:07 [ultranest] [DEBUG] Making corner plot ... done
10:40:07 [ultranest] [DEBUG] Making run plot ... 
10:40:08 [ultranest] [DEBUG] Making run plot ... done
10:40:08 [ultranest] [DEBUG] Making trace plot ... 
10:40:09 [ultranest] [DEBUG] Making trace plot ... done
