15:30:34 [ultranest] [DEBUG] ReactiveNestedSampler: dims=2+0, resume=False, log_dir=./m-values/N32/S24/M32/T031/P025/NF2/sample_rho, backend=hdf5, vectorized=False, nbootstraps=30, ndraw=128..65536
15:30:34 [ultranest] [INFO] Sampling 400 live points from prior ...
15:30:35 [ultranest] [DEBUG] run_iter dlogz=0.5, dKL=0.5, frac_remain=0.01, Lepsilon=0.0010, min_ess=400
15:30:35 [ultranest] [DEBUG] max_iters=-1, max_ncalls=-1, max_num_improvement_loops=-1, min_num_live_points=400, cluster_num_live_points=40
15:30:35 [ultranest] [DEBUG] minimal_widths_sequence: [(-inf, 400.0), (inf, 400.0)]
15:30:35 [ultranest] [DEBUG] Plateau detected at L=-1.808911e+07, not replacing live point.
15:30:35 [ultranest] [DEBUG] Plateau detected at L=-1.808911e+07, not replacing live point.
15:30:35 [ultranest] [DEBUG] Plateau detected at L=-1.808911e+07, not replacing live point.
15:30:35 [ultranest] [DEBUG] Plateau detected at L=-1.808911e+07, not replacing live point.
15:30:35 [ultranest] [DEBUG] Plateau detected at L=-1.808911e+07, not replacing live point.
15:30:35 [ultranest] [DEBUG] Plateau detected at L=-1.808911e+07, not replacing live point.
15:30:35 [ultranest] [DEBUG] Plateau detected at L=-1.808911e+07, not replacing live point.
15:30:35 [ultranest] [DEBUG] Plateau detected at L=-1.808911e+07, not replacing live point.
15:30:35 [ultranest] [DEBUG] Plateau detected at L=-1.808911e+07, not replacing live point.
15:30:35 [ultranest] [DEBUG] Plateau detected at L=-1.808911e+07, not replacing live point.
15:30:35 [ultranest] [DEBUG] Plateau detected at L=-1.808911e+07, not replacing live point.
15:30:35 [ultranest] [DEBUG] Plateau detected at L=-1.808911e+07, not replacing live point.
15:30:35 [ultranest] [DEBUG] Plateau detected at L=-1.808911e+07, not replacing live point.
15:30:35 [ultranest] [DEBUG] Plateau detected at L=-1.808911e+07, not replacing live point.
15:30:35 [ultranest] [DEBUG] Plateau detected at L=-1.808911e+07, not replacing live point.
15:30:35 [ultranest] [DEBUG] Plateau detected at L=-1.808911e+07, not replacing live point.
15:30:35 [ultranest] [DEBUG] Plateau detected at L=-1.808911e+07, not replacing live point.
15:30:35 [ultranest] [DEBUG] Plateau detected at L=-1.808911e+07, not replacing live point.
15:30:35 [ultranest] [DEBUG] Plateau detected at L=-1.808911e+07, not replacing live point.
15:30:35 [ultranest] [DEBUG] Plateau detected at L=-1.808911e+07, not replacing live point.
15:30:35 [ultranest] [DEBUG] Plateau detected at L=-1.808911e+07, not replacing live point.
15:30:35 [ultranest] [DEBUG] Plateau detected at L=-1.808911e+07, not replacing live point.
15:30:35 [ultranest] [DEBUG] Plateau detected at L=-1.808911e+07, not replacing live point.
15:30:35 [ultranest] [DEBUG] Plateau detected at L=-1.808911e+07, not replacing live point.
15:30:35 [ultranest] [DEBUG] Plateau detected at L=-1.808911e+07, not replacing live point.
15:30:35 [ultranest] [DEBUG] Plateau detected at L=-1.808911e+07, not replacing live point.
15:30:35 [ultranest] [DEBUG] Plateau detected at L=-1.808911e+07, not replacing live point.
15:30:35 [ultranest] [DEBUG] Plateau detected at L=-1.808911e+07, not replacing live point.
15:30:35 [ultranest] [DEBUG] Plateau detected at L=-1.808911e+07, not replacing live point.
15:30:35 [ultranest] [DEBUG] iteration=29, ncalls=401, regioncalls=40, ndraw=40, logz=-18089111.11, remainder_fraction=100.0000%, Lmin=-18089108.49, Lmax=-138601.30
15:30:35 [ultranest] [DEBUG] iteration=40, ncalls=412, regioncalls=480, ndraw=40, logz=-172726.70, remainder_fraction=100.0000%, Lmin=-172158.42, Lmax=-138601.30
15:30:35 [ultranest] [DEBUG] iteration=67, ncalls=439, regioncalls=1560, ndraw=40, logz=-164723.94, remainder_fraction=100.0000%, Lmin=-164711.25, Lmax=-138601.30
15:30:35 [ultranest] [DEBUG] iteration=80, ncalls=455, regioncalls=2200, ndraw=40, logz=-161926.00, remainder_fraction=100.0000%, Lmin=-161853.66, Lmax=-138601.30
15:30:35 [ultranest] [DEBUG] iteration=103, ncalls=482, regioncalls=3280, ndraw=40, logz=-159634.96, remainder_fraction=100.0000%, Lmin=-159576.88, Lmax=-138597.18
15:30:35 [ultranest] [DEBUG] iteration=112, ncalls=492, regioncalls=3680, ndraw=40, logz=-158834.76, remainder_fraction=100.0000%, Lmin=-158820.35, Lmax=-138597.18
15:30:35 [ultranest] [DEBUG] iteration=120, ncalls=504, regioncalls=4160, ndraw=40, logz=-158423.80, remainder_fraction=100.0000%, Lmin=-158148.30, Lmax=-138597.18
15:30:36 [ultranest] [DEBUG] iteration=147, ncalls=532, regioncalls=5280, ndraw=40, logz=-155844.35, remainder_fraction=100.0000%, Lmin=-155733.41, Lmax=-138597.18
15:30:36 [ultranest] [DEBUG] iteration=160, ncalls=546, regioncalls=5840, ndraw=40, logz=-154938.45, remainder_fraction=100.0000%, Lmin=-154854.23, Lmax=-138597.18
15:30:36 [ultranest] [DEBUG] iteration=186, ncalls=574, regioncalls=6960, ndraw=40, logz=-153291.26, remainder_fraction=100.0000%, Lmin=-153258.21, Lmax=-138596.08
15:30:36 [ultranest] [DEBUG] iteration=200, ncalls=591, regioncalls=7640, ndraw=40, logz=-152615.33, remainder_fraction=100.0000%, Lmin=-152585.56, Lmax=-138596.08
15:30:36 [ultranest] [DEBUG] iteration=225, ncalls=620, regioncalls=8800, ndraw=40, logz=-151551.14, remainder_fraction=100.0000%, Lmin=-151540.55, Lmax=-138596.08
15:30:36 [ultranest] [DEBUG] iteration=240, ncalls=635, regioncalls=9400, ndraw=40, logz=-151114.78, remainder_fraction=100.0000%, Lmin=-151090.51, Lmax=-138596.08
15:30:36 [ultranest] [DEBUG] iteration=265, ncalls=664, regioncalls=10560, ndraw=40, logz=-150087.50, remainder_fraction=100.0000%, Lmin=-150046.52, Lmax=-138596.08
15:30:36 [ultranest] [DEBUG] iteration=278, ncalls=680, regioncalls=11200, ndraw=40, logz=-149709.84, remainder_fraction=100.0000%, Lmin=-149682.01, Lmax=-138596.08
15:30:36 [ultranest] [DEBUG] iteration=280, ncalls=683, regioncalls=11320, ndraw=40, logz=-149674.17, remainder_fraction=100.0000%, Lmin=-149584.13, Lmax=-138596.08
15:30:36 [ultranest] [DEBUG] iteration=302, ncalls=712, regioncalls=12480, ndraw=40, logz=-148688.28, remainder_fraction=100.0000%, Lmin=-148554.32, Lmax=-138596.08
15:30:36 [ultranest] [DEBUG] iteration=320, ncalls=737, regioncalls=13480, ndraw=40, logz=-148115.64, remainder_fraction=100.0000%, Lmin=-148021.18, Lmax=-138596.08
15:30:36 [ultranest] [DEBUG] iteration=342, ncalls=766, regioncalls=14640, ndraw=40, logz=-147094.79, remainder_fraction=100.0000%, Lmin=-147086.66, Lmax=-138596.08
15:30:36 [ultranest] [DEBUG] iteration=360, ncalls=784, regioncalls=15360, ndraw=40, logz=-146640.34, remainder_fraction=100.0000%, Lmin=-146591.72, Lmax=-138596.08
15:30:37 [ultranest] [DEBUG] iteration=384, ncalls=811, regioncalls=16440, ndraw=40, logz=-146044.53, remainder_fraction=100.0000%, Lmin=-146018.40, Lmax=-138596.08
15:30:37 [ultranest] [DEBUG] iteration=400, ncalls=829, regioncalls=17160, ndraw=40, logz=-145768.52, remainder_fraction=100.0000%, Lmin=-145743.22, Lmax=-138596.08
15:30:37 [ultranest] [DEBUG] iteration=425, ncalls=858, regioncalls=18320, ndraw=40, logz=-145150.14, remainder_fraction=100.0000%, Lmin=-145096.78, Lmax=-138596.08
15:30:37 [ultranest] [DEBUG] iteration=440, ncalls=875, regioncalls=19000, ndraw=40, logz=-144738.68, remainder_fraction=100.0000%, Lmin=-144729.58, Lmax=-138596.08
15:30:37 [ultranest] [DEBUG] iteration=444, ncalls=879, regioncalls=19160, ndraw=40, logz=-144691.22, remainder_fraction=100.0000%, Lmin=-144657.13, Lmax=-138596.08
15:30:37 [ultranest] [DEBUG] iteration=467, ncalls=908, regioncalls=20320, ndraw=40, logz=-144266.12, remainder_fraction=100.0000%, Lmin=-144249.19, Lmax=-138596.08
15:30:37 [ultranest] [DEBUG] iteration=480, ncalls=924, regioncalls=20960, ndraw=40, logz=-144070.45, remainder_fraction=100.0000%, Lmin=-144054.66, Lmax=-138596.08
15:30:37 [ultranest] [DEBUG] iteration=499, ncalls=954, regioncalls=22160, ndraw=40, logz=-143745.78, remainder_fraction=100.0000%, Lmin=-143734.24, Lmax=-138596.08
15:30:37 [ultranest] [DEBUG] iteration=520, ncalls=983, regioncalls=23320, ndraw=40, logz=-143539.36, remainder_fraction=100.0000%, Lmin=-143527.04, Lmax=-138596.08
15:30:37 [ultranest] [DEBUG] iteration=527, ncalls=992, regioncalls=23680, ndraw=40, logz=-143439.59, remainder_fraction=100.0000%, Lmin=-143418.91, Lmax=-138596.08
15:30:37 [ultranest] [DEBUG] iteration=552, ncalls=1021, regioncalls=24840, ndraw=40, logz=-143105.29, remainder_fraction=100.0000%, Lmin=-143079.92, Lmax=-138596.08
15:30:37 [ultranest] [DEBUG] iteration=560, ncalls=1034, regioncalls=25360, ndraw=40, logz=-143029.81, remainder_fraction=100.0000%, Lmin=-143014.40, Lmax=-138596.08
15:30:37 [ultranest] [DEBUG] iteration=586, ncalls=1062, regioncalls=26480, ndraw=40, logz=-142675.67, remainder_fraction=100.0000%, Lmin=-142659.19, Lmax=-138596.08
15:30:38 [ultranest] [DEBUG] iteration=600, ncalls=1078, regioncalls=27120, ndraw=40, logz=-142457.11, remainder_fraction=100.0000%, Lmin=-142449.28, Lmax=-138596.08
15:30:38 [ultranest] [DEBUG] iteration=624, ncalls=1104, regioncalls=28160, ndraw=40, logz=-142270.44, remainder_fraction=100.0000%, Lmin=-142261.25, Lmax=-138596.08
15:30:38 [ultranest] [DEBUG] iteration=640, ncalls=1126, regioncalls=29040, ndraw=40, logz=-142064.74, remainder_fraction=100.0000%, Lmin=-142043.10, Lmax=-138596.08
15:30:38 [ultranest] [DEBUG] iteration=663, ncalls=1157, regioncalls=30280, ndraw=40, logz=-141836.76, remainder_fraction=100.0000%, Lmin=-141820.71, Lmax=-138596.08
15:30:38 [ultranest] [DEBUG] iteration=680, ncalls=1177, regioncalls=31080, ndraw=40, logz=-141716.72, remainder_fraction=100.0000%, Lmin=-141706.95, Lmax=-138596.08
15:30:38 [ultranest] [DEBUG] iteration=693, ncalls=1194, regioncalls=31760, ndraw=40, logz=-141588.70, remainder_fraction=100.0000%, Lmin=-141579.24, Lmax=-138596.08
15:30:38 [ultranest] [DEBUG] iteration=716, ncalls=1224, regioncalls=32960, ndraw=40, logz=-141348.92, remainder_fraction=100.0000%, Lmin=-141331.34, Lmax=-138596.08
15:30:38 [ultranest] [DEBUG] iteration=720, ncalls=1234, regioncalls=33360, ndraw=40, logz=-141276.96, remainder_fraction=100.0000%, Lmin=-141234.75, Lmax=-138593.60
15:30:38 [ultranest] [DEBUG] iteration=740, ncalls=1264, regioncalls=34560, ndraw=40, logz=-141142.12, remainder_fraction=100.0000%, Lmin=-141134.31, Lmax=-138593.60
15:30:38 [ultranest] [DEBUG] iteration=760, ncalls=1293, regioncalls=35720, ndraw=40, logz=-141020.94, remainder_fraction=100.0000%, Lmin=-141011.18, Lmax=-138593.60
15:30:38 [ultranest] [DEBUG] iteration=776, ncalls=1314, regioncalls=36560, ndraw=40, logz=-140945.45, remainder_fraction=100.0000%, Lmin=-140933.85, Lmax=-138593.60
15:30:38 [ultranest] [DEBUG] iteration=798, ncalls=1343, regioncalls=37720, ndraw=40, logz=-140777.09, remainder_fraction=100.0000%, Lmin=-140759.82, Lmax=-138593.60
15:30:38 [ultranest] [DEBUG] iteration=800, ncalls=1345, regioncalls=37800, ndraw=40, logz=-140760.24, remainder_fraction=100.0000%, Lmin=-140751.31, Lmax=-138593.60
15:30:39 [ultranest] [DEBUG] iteration=823, ncalls=1374, regioncalls=38960, ndraw=40, logz=-140651.83, remainder_fraction=100.0000%, Lmin=-140639.37, Lmax=-138593.60
15:30:39 [ultranest] [DEBUG] iteration=840, ncalls=1396, regioncalls=39840, ndraw=40, logz=-140527.10, remainder_fraction=100.0000%, Lmin=-140513.82, Lmax=-138593.60
15:30:39 [ultranest] [DEBUG] iteration=861, ncalls=1424, regioncalls=40960, ndraw=40, logz=-140383.98, remainder_fraction=100.0000%, Lmin=-140365.50, Lmax=-138593.60
15:30:39 [ultranest] [DEBUG] iteration=880, ncalls=1450, regioncalls=42000, ndraw=40, logz=-140279.17, remainder_fraction=100.0000%, Lmin=-140252.70, Lmax=-138593.60
15:30:39 [ultranest] [DEBUG] iteration=899, ncalls=1480, regioncalls=43200, ndraw=40, logz=-140159.68, remainder_fraction=100.0000%, Lmin=-140151.29, Lmax=-138593.60
15:30:39 [ultranest] [DEBUG] iteration=917, ncalls=1511, regioncalls=44440, ndraw=40, logz=-140096.15, remainder_fraction=100.0000%, Lmin=-140087.70, Lmax=-138593.60
15:30:39 [ultranest] [DEBUG] iteration=920, ncalls=1515, regioncalls=44600, ndraw=40, logz=-140086.93, remainder_fraction=100.0000%, Lmin=-140070.98, Lmax=-138593.60
15:30:39 [ultranest] [DEBUG] iteration=942, ncalls=1545, regioncalls=45800, ndraw=40, logz=-139996.81, remainder_fraction=100.0000%, Lmin=-139988.37, Lmax=-138593.60
15:30:39 [ultranest] [DEBUG] iteration=960, ncalls=1565, regioncalls=46600, ndraw=40, logz=-139920.05, remainder_fraction=100.0000%, Lmin=-139905.93, Lmax=-138593.60
15:30:39 [ultranest] [DEBUG] iteration=984, ncalls=1594, regioncalls=47760, ndraw=40, logz=-139824.49, remainder_fraction=100.0000%, Lmin=-139811.36, Lmax=-138593.60
15:30:39 [ultranest] [DEBUG] iteration=1000, ncalls=1614, regioncalls=48560, ndraw=40, logz=-139759.13, remainder_fraction=100.0000%, Lmin=-139747.85, Lmax=-138593.60
15:30:39 [ultranest] [DEBUG] iteration=1025, ncalls=1643, regioncalls=49720, ndraw=40, logz=-139657.72, remainder_fraction=100.0000%, Lmin=-139645.80, Lmax=-138593.60
15:30:40 [ultranest] [DEBUG] iteration=1040, ncalls=1661, regioncalls=50440, ndraw=40, logz=-139624.17, remainder_fraction=100.0000%, Lmin=-139613.82, Lmax=-138593.60
15:30:40 [ultranest] [DEBUG] iteration=1063, ncalls=1690, regioncalls=51600, ndraw=40, logz=-139565.14, remainder_fraction=100.0000%, Lmin=-139548.04, Lmax=-138593.60
15:30:40 [ultranest] [DEBUG] iteration=1080, ncalls=1714, regioncalls=52560, ndraw=40, logz=-139527.91, remainder_fraction=100.0000%, Lmin=-139508.14, Lmax=-138593.60
15:30:40 [ultranest] [DEBUG] iteration=1101, ncalls=1744, regioncalls=53800, ndraw=40, logz=-139461.71, remainder_fraction=100.0000%, Lmin=-139449.07, Lmax=-138586.59
15:30:40 [ultranest] [DEBUG] iteration=1108, ncalls=1754, regioncalls=54200, ndraw=40, logz=-139443.72, remainder_fraction=100.0000%, Lmin=-139419.43, Lmax=-138586.59
15:30:40 [ultranest] [DEBUG] iteration=1120, ncalls=1769, regioncalls=54800, ndraw=40, logz=-139402.86, remainder_fraction=100.0000%, Lmin=-139393.51, Lmax=-138586.59
15:30:40 [ultranest] [DEBUG] iteration=1143, ncalls=1800, regioncalls=56080, ndraw=40, logz=-139346.40, remainder_fraction=100.0000%, Lmin=-139336.53, Lmax=-138586.59
15:30:40 [ultranest] [DEBUG] iteration=1160, ncalls=1824, regioncalls=57160, ndraw=40, logz=-139324.50, remainder_fraction=100.0000%, Lmin=-139314.94, Lmax=-138586.59
15:30:40 [ultranest] [DEBUG] iteration=1181, ncalls=1853, regioncalls=58320, ndraw=40, logz=-139272.74, remainder_fraction=100.0000%, Lmin=-139262.72, Lmax=-138586.59
15:30:40 [ultranest] [DEBUG] iteration=1191, ncalls=1868, regioncalls=58920, ndraw=40, logz=-139250.19, remainder_fraction=100.0000%, Lmin=-139233.55, Lmax=-138586.59
15:30:40 [ultranest] [DEBUG] iteration=1200, ncalls=1878, regioncalls=59360, ndraw=40, logz=-139235.31, remainder_fraction=100.0000%, Lmin=-139225.91, Lmax=-138586.59
15:30:40 [ultranest] [DEBUG] iteration=1223, ncalls=1909, regioncalls=60600, ndraw=40, logz=-139188.78, remainder_fraction=100.0000%, Lmin=-139180.15, Lmax=-138586.59
15:30:41 [ultranest] [DEBUG] iteration=1240, ncalls=1928, regioncalls=61360, ndraw=40, logz=-139164.37, remainder_fraction=100.0000%, Lmin=-139152.38, Lmax=-138586.59
15:30:41 [ultranest] [DEBUG] iteration=1261, ncalls=1957, regioncalls=62520, ndraw=40, logz=-139126.10, remainder_fraction=100.0000%, Lmin=-139117.46, Lmax=-138586.59
15:30:41 [ultranest] [DEBUG] iteration=1280, ncalls=1984, regioncalls=63600, ndraw=40, logz=-139098.68, remainder_fraction=100.0000%, Lmin=-139089.96, Lmax=-138586.59
15:30:41 [ultranest] [DEBUG] iteration=1305, ncalls=2015, regioncalls=64840, ndraw=40, logz=-139064.35, remainder_fraction=100.0000%, Lmin=-139054.88, Lmax=-138586.59
15:30:41 [ultranest] [DEBUG] iteration=1320, ncalls=2039, regioncalls=65800, ndraw=40, logz=-139046.57, remainder_fraction=100.0000%, Lmin=-139037.12, Lmax=-138586.59
15:30:41 [ultranest] [DEBUG] iteration=1342, ncalls=2068, regioncalls=66960, ndraw=40, logz=-139009.65, remainder_fraction=100.0000%, Lmin=-139000.11, Lmax=-138586.59
15:30:41 [ultranest] [DEBUG] iteration=1357, ncalls=2086, regioncalls=67680, ndraw=40, logz=-138993.19, remainder_fraction=100.0000%, Lmin=-138983.67, Lmax=-138586.59
15:30:41 [ultranest] [DEBUG] iteration=1360, ncalls=2090, regioncalls=67840, ndraw=40, logz=-138989.40, remainder_fraction=100.0000%, Lmin=-138977.99, Lmax=-138586.59
15:30:41 [ultranest] [DEBUG] iteration=1378, ncalls=2120, regioncalls=69160, ndraw=40, logz=-138972.05, remainder_fraction=100.0000%, Lmin=-138961.50, Lmax=-138586.59
15:30:41 [ultranest] [DEBUG] iteration=1400, ncalls=2147, regioncalls=70240, ndraw=40, logz=-138946.10, remainder_fraction=100.0000%, Lmin=-138935.49, Lmax=-138586.59
15:30:41 [ultranest] [DEBUG] iteration=1422, ncalls=2177, regioncalls=71440, ndraw=40, logz=-138926.62, remainder_fraction=100.0000%, Lmin=-138915.79, Lmax=-138586.59
15:30:41 [ultranest] [DEBUG] iteration=1440, ncalls=2201, regioncalls=72440, ndraw=40, logz=-138911.53, remainder_fraction=100.0000%, Lmin=-138902.94, Lmax=-138586.59
15:30:42 [ultranest] [DEBUG] iteration=1463, ncalls=2230, regioncalls=73600, ndraw=40, logz=-138891.18, remainder_fraction=100.0000%, Lmin=-138881.94, Lmax=-138586.59
15:30:42 [ultranest] [DEBUG] iteration=1480, ncalls=2257, regioncalls=74680, ndraw=40, logz=-138880.11, remainder_fraction=100.0000%, Lmin=-138870.86, Lmax=-138586.59
15:30:42 [ultranest] [DEBUG] iteration=1503, ncalls=2287, regioncalls=75880, ndraw=40, logz=-138864.67, remainder_fraction=100.0000%, Lmin=-138855.03, Lmax=-138586.59
15:30:42 [ultranest] [DEBUG] iteration=1520, ncalls=2312, regioncalls=76880, ndraw=40, logz=-138847.30, remainder_fraction=100.0000%, Lmin=-138836.69, Lmax=-138586.59
15:30:42 [ultranest] [DEBUG] iteration=1523, ncalls=2316, regioncalls=77040, ndraw=40, logz=-138845.14, remainder_fraction=100.0000%, Lmin=-138835.95, Lmax=-138586.56
15:30:42 [ultranest] [DEBUG] iteration=1547, ncalls=2344, regioncalls=78320, ndraw=40, logz=-138829.79, remainder_fraction=100.0000%, Lmin=-138819.91, Lmax=-138586.56
15:30:42 [ultranest] [DEBUG] iteration=1560, ncalls=2360, regioncalls=78960, ndraw=40, logz=-138821.99, remainder_fraction=100.0000%, Lmin=-138810.99, Lmax=-138586.56
15:30:42 [ultranest] [DEBUG] iteration=1582, ncalls=2392, regioncalls=80240, ndraw=40, logz=-138810.07, remainder_fraction=100.0000%, Lmin=-138800.86, Lmax=-138586.56
15:30:42 [ultranest] [DEBUG] iteration=1600, ncalls=2416, regioncalls=81200, ndraw=40, logz=-138804.19, remainder_fraction=100.0000%, Lmin=-138795.35, Lmax=-138586.56
15:30:42 [ultranest] [DEBUG] iteration=1621, ncalls=2443, regioncalls=82280, ndraw=40, logz=-138790.05, remainder_fraction=100.0000%, Lmin=-138780.03, Lmax=-138586.56
15:30:42 [ultranest] [DEBUG] iteration=1640, ncalls=2465, regioncalls=83160, ndraw=40, logz=-138780.33, remainder_fraction=100.0000%, Lmin=-138770.25, Lmax=-138586.56
15:30:43 [ultranest] [DEBUG] iteration=1658, ncalls=2495, regioncalls=84360, ndraw=40, logz=-138772.13, remainder_fraction=100.0000%, Lmin=-138762.15, Lmax=-138586.56
15:30:43 [ultranest] [DEBUG] iteration=1677, ncalls=2525, regioncalls=85560, ndraw=40, logz=-138764.42, remainder_fraction=100.0000%, Lmin=-138754.72, Lmax=-138586.56
15:30:43 [ultranest] [DEBUG] iteration=1680, ncalls=2528, regioncalls=85680, ndraw=40, logz=-138762.38, remainder_fraction=100.0000%, Lmin=-138751.92, Lmax=-138586.56
15:30:43 [ultranest] [DEBUG] iteration=1689, ncalls=2541, regioncalls=86240, ndraw=40, logz=-138759.35, remainder_fraction=100.0000%, Lmin=-138750.21, Lmax=-138586.56
15:30:43 [ultranest] [DEBUG] iteration=1710, ncalls=2571, regioncalls=87440, ndraw=40, logz=-138751.41, remainder_fraction=100.0000%, Lmin=-138740.95, Lmax=-138586.56
15:30:43 [ultranest] [DEBUG] iteration=1720, ncalls=2585, regioncalls=88000, ndraw=40, logz=-138747.77, remainder_fraction=100.0000%, Lmin=-138738.67, Lmax=-138586.56
15:30:43 [ultranest] [DEBUG] iteration=1738, ncalls=2615, regioncalls=89200, ndraw=40, logz=-138742.58, remainder_fraction=100.0000%, Lmin=-138732.52, Lmax=-138586.56
15:30:43 [ultranest] [DEBUG] iteration=1760, ncalls=2641, regioncalls=90240, ndraw=40, logz=-138734.86, remainder_fraction=100.0000%, Lmin=-138724.62, Lmax=-138586.56
15:30:43 [ultranest] [DEBUG] iteration=1772, ncalls=2658, regioncalls=90920, ndraw=40, logz=-138731.12, remainder_fraction=100.0000%, Lmin=-138721.66, Lmax=-138586.56
15:30:43 [ultranest] [DEBUG] iteration=1794, ncalls=2689, regioncalls=92200, ndraw=40, logz=-138723.27, remainder_fraction=100.0000%, Lmin=-138713.42, Lmax=-138586.56
15:30:43 [ultranest] [DEBUG] iteration=1800, ncalls=2698, regioncalls=92560, ndraw=40, logz=-138720.95, remainder_fraction=100.0000%, Lmin=-138711.16, Lmax=-138586.56
15:30:43 [ultranest] [DEBUG] iteration=1821, ncalls=2728, regioncalls=93760, ndraw=40, logz=-138716.18, remainder_fraction=100.0000%, Lmin=-138705.86, Lmax=-138586.56
15:30:43 [ultranest] [DEBUG] iteration=1840, ncalls=2753, regioncalls=94760, ndraw=40, logz=-138709.66, remainder_fraction=100.0000%, Lmin=-138699.82, Lmax=-138586.56
15:30:44 [ultranest] [DEBUG] iteration=1855, ncalls=2772, regioncalls=95600, ndraw=40, logz=-138704.69, remainder_fraction=100.0000%, Lmin=-138695.05, Lmax=-138586.56
15:30:44 [ultranest] [DEBUG] iteration=1878, ncalls=2801, regioncalls=96760, ndraw=40, logz=-138697.97, remainder_fraction=100.0000%, Lmin=-138688.58, Lmax=-138586.56
15:30:44 [ultranest] [DEBUG] iteration=1880, ncalls=2803, regioncalls=96840, ndraw=40, logz=-138697.60, remainder_fraction=100.0000%, Lmin=-138688.28, Lmax=-138586.56
15:30:44 [ultranest] [DEBUG] iteration=1900, ncalls=2832, regioncalls=98000, ndraw=40, logz=-138693.32, remainder_fraction=100.0000%, Lmin=-138682.60, Lmax=-138586.56
15:30:44 [ultranest] [DEBUG] iteration=1920, ncalls=2859, regioncalls=99080, ndraw=40, logz=-138688.36, remainder_fraction=100.0000%, Lmin=-138678.75, Lmax=-138586.56
15:30:44 [ultranest] [DEBUG] iteration=1938, ncalls=2881, regioncalls=99960, ndraw=40, logz=-138684.09, remainder_fraction=100.0000%, Lmin=-138673.71, Lmax=-138586.56
15:30:44 [ultranest] [DEBUG] iteration=1959, ncalls=2910, regioncalls=101200, ndraw=40, logz=-138678.10, remainder_fraction=100.0000%, Lmin=-138667.57, Lmax=-138586.56
15:30:44 [ultranest] [DEBUG] iteration=1960, ncalls=2911, regioncalls=101240, ndraw=40, logz=-138677.68, remainder_fraction=100.0000%, Lmin=-138667.49, Lmax=-138586.56
15:30:44 [ultranest] [DEBUG] iteration=1983, ncalls=2941, regioncalls=102520, ndraw=40, logz=-138673.23, remainder_fraction=100.0000%, Lmin=-138663.21, Lmax=-138586.56
15:30:44 [ultranest] [DEBUG] iteration=2000, ncalls=2963, regioncalls=103520, ndraw=40, logz=-138670.12, remainder_fraction=100.0000%, Lmin=-138660.53, Lmax=-138586.56
15:30:44 [ultranest] [DEBUG] iteration=2022, ncalls=2990, regioncalls=104600, ndraw=40, logz=-138664.97, remainder_fraction=100.0000%, Lmin=-138654.69, Lmax=-138586.56
15:30:44 [ultranest] [DEBUG] iteration=2040, ncalls=3013, regioncalls=105520, ndraw=40, logz=-138661.68, remainder_fraction=100.0000%, Lmin=-138651.91, Lmax=-138586.56
15:30:44 [ultranest] [DEBUG] iteration=2060, ncalls=3042, regioncalls=106720, ndraw=40, logz=-138658.67, remainder_fraction=100.0000%, Lmin=-138649.24, Lmax=-138586.56
15:30:45 [ultranest] [DEBUG] iteration=2080, ncalls=3066, regioncalls=107720, ndraw=40, logz=-138656.36, remainder_fraction=100.0000%, Lmin=-138647.07, Lmax=-138586.56
15:30:45 [ultranest] [DEBUG] iteration=2101, ncalls=3096, regioncalls=108920, ndraw=40, logz=-138653.01, remainder_fraction=100.0000%, Lmin=-138643.06, Lmax=-138586.56
15:30:45 [ultranest] [DEBUG] iteration=2104, ncalls=3101, regioncalls=109280, ndraw=40, logz=-138652.52, remainder_fraction=100.0000%, Lmin=-138642.84, Lmax=-138586.56
15:30:45 [ultranest] [DEBUG] iteration=2120, ncalls=3121, regioncalls=110080, ndraw=40, logz=-138650.17, remainder_fraction=100.0000%, Lmin=-138640.20, Lmax=-138586.56
15:30:45 [ultranest] [DEBUG] iteration=2147, ncalls=3149, regioncalls=111200, ndraw=40, logz=-138646.04, remainder_fraction=100.0000%, Lmin=-138636.53, Lmax=-138586.56
15:30:45 [ultranest] [DEBUG] iteration=2160, ncalls=3164, regioncalls=111800, ndraw=40, logz=-138644.75, remainder_fraction=100.0000%, Lmin=-138635.00, Lmax=-138586.56
15:30:45 [ultranest] [DEBUG] iteration=2181, ncalls=3194, regioncalls=113000, ndraw=40, logz=-138642.65, remainder_fraction=100.0000%, Lmin=-138632.91, Lmax=-138586.56
15:30:45 [ultranest] [DEBUG] iteration=2187, ncalls=3203, regioncalls=113440, ndraw=40, logz=-138641.87, remainder_fraction=100.0000%, Lmin=-138632.08, Lmax=-138586.56
15:30:45 [ultranest] [DEBUG] iteration=2200, ncalls=3217, regioncalls=114000, ndraw=40, logz=-138639.70, remainder_fraction=100.0000%, Lmin=-138629.55, Lmax=-138586.56
15:30:45 [ultranest] [DEBUG] iteration=2218, ncalls=3247, regioncalls=115200, ndraw=40, logz=-138637.64, remainder_fraction=100.0000%, Lmin=-138627.94, Lmax=-138586.56
15:30:45 [ultranest] [DEBUG] iteration=2240, ncalls=3275, regioncalls=116320, ndraw=40, logz=-138635.39, remainder_fraction=100.0000%, Lmin=-138625.86, Lmax=-138586.56
15:30:45 [ultranest] [DEBUG] iteration=2260, ncalls=3304, regioncalls=117600, ndraw=40, logz=-138633.52, remainder_fraction=100.0000%, Lmin=-138623.74, Lmax=-138586.56
15:30:45 [ultranest] [DEBUG] iteration=2270, ncalls=3323, regioncalls=118400, ndraw=40, logz=-138632.59, remainder_fraction=100.0000%, Lmin=-138623.06, Lmax=-138586.56
15:30:46 [ultranest] [DEBUG] iteration=2280, ncalls=3334, regioncalls=118880, ndraw=40, logz=-138631.83, remainder_fraction=100.0000%, Lmin=-138622.13, Lmax=-138586.56
15:30:46 [ultranest] [DEBUG] iteration=2305, ncalls=3363, regioncalls=120040, ndraw=40, logz=-138630.01, remainder_fraction=100.0000%, Lmin=-138620.22, Lmax=-138586.56
15:30:46 [ultranest] [DEBUG] iteration=2320, ncalls=3380, regioncalls=120720, ndraw=40, logz=-138628.58, remainder_fraction=100.0000%, Lmin=-138618.93, Lmax=-138586.56
15:30:46 [ultranest] [DEBUG] iteration=2344, ncalls=3410, regioncalls=121920, ndraw=40, logz=-138626.73, remainder_fraction=100.0000%, Lmin=-138617.16, Lmax=-138586.52
15:30:46 [ultranest] [DEBUG] iteration=2360, ncalls=3427, regioncalls=122600, ndraw=40, logz=-138625.69, remainder_fraction=100.0000%, Lmin=-138616.16, Lmax=-138586.52
15:30:46 [ultranest] [DEBUG] iteration=2383, ncalls=3457, regioncalls=123800, ndraw=40, logz=-138623.90, remainder_fraction=100.0000%, Lmin=-138614.06, Lmax=-138586.52
15:30:46 [ultranest] [DEBUG] iteration=2400, ncalls=3484, regioncalls=124880, ndraw=40, logz=-138622.82, remainder_fraction=100.0000%, Lmin=-138613.42, Lmax=-138586.52
15:30:46 [ultranest] [DEBUG] iteration=2421, ncalls=3514, regioncalls=126080, ndraw=40, logz=-138621.46, remainder_fraction=100.0000%, Lmin=-138611.81, Lmax=-138586.42
15:30:46 [ultranest] [DEBUG] iteration=2436, ncalls=3535, regioncalls=126960, ndraw=40, logz=-138620.44, remainder_fraction=100.0000%, Lmin=-138610.34, Lmax=-138586.42
15:30:46 [ultranest] [DEBUG] iteration=2440, ncalls=3542, regioncalls=127240, ndraw=40, logz=-138620.10, remainder_fraction=100.0000%, Lmin=-138610.07, Lmax=-138586.42
15:30:46 [ultranest] [DEBUG] iteration=2464, ncalls=3571, regioncalls=128400, ndraw=40, logz=-138618.29, remainder_fraction=100.0000%, Lmin=-138608.12, Lmax=-138586.42
15:30:46 [ultranest] [DEBUG] iteration=2480, ncalls=3594, regioncalls=129320, ndraw=40, logz=-138616.98, remainder_fraction=100.0000%, Lmin=-138607.02, Lmax=-138586.42
15:30:47 [ultranest] [DEBUG] iteration=2504, ncalls=3623, regioncalls=130480, ndraw=40, logz=-138615.36, remainder_fraction=100.0000%, Lmin=-138605.42, Lmax=-138586.42
15:30:47 [ultranest] [DEBUG] iteration=2519, ncalls=3642, regioncalls=131280, ndraw=40, logz=-138614.45, remainder_fraction=100.0000%, Lmin=-138604.59, Lmax=-138586.42
15:30:47 [ultranest] [DEBUG] iteration=2520, ncalls=3643, regioncalls=131320, ndraw=40, logz=-138614.40, remainder_fraction=100.0000%, Lmin=-138604.51, Lmax=-138586.42
15:30:47 [ultranest] [DEBUG] iteration=2544, ncalls=3672, regioncalls=132480, ndraw=40, logz=-138613.23, remainder_fraction=100.0000%, Lmin=-138603.64, Lmax=-138586.42
15:30:47 [ultranest] [DEBUG] iteration=2560, ncalls=3692, regioncalls=133280, ndraw=40, logz=-138612.53, remainder_fraction=100.0000%, Lmin=-138602.81, Lmax=-138586.42
15:30:47 [ultranest] [DEBUG] iteration=2584, ncalls=3722, regioncalls=134480, ndraw=40, logz=-138611.49, remainder_fraction=100.0000%, Lmin=-138601.82, Lmax=-138586.42
15:30:47 [ultranest] [DEBUG] iteration=2600, ncalls=3740, regioncalls=135200, ndraw=40, logz=-138610.87, remainder_fraction=100.0000%, Lmin=-138601.19, Lmax=-138586.42
15:30:47 [ultranest] [DEBUG] iteration=2602, ncalls=3742, regioncalls=135320, ndraw=40, logz=-138610.79, remainder_fraction=100.0000%, Lmin=-138601.11, Lmax=-138586.42
15:30:47 [ultranest] [DEBUG] iteration=2627, ncalls=3771, regioncalls=136480, ndraw=40, logz=-138609.91, remainder_fraction=99.9999%, Lmin=-138600.31, Lmax=-138586.42
15:30:47 [ultranest] [DEBUG] iteration=2640, ncalls=3786, regioncalls=137080, ndraw=40, logz=-138609.47, remainder_fraction=99.9998%, Lmin=-138599.77, Lmax=-138586.42
15:30:47 [ultranest] [DEBUG] iteration=2663, ncalls=3817, regioncalls=138320, ndraw=40, logz=-138608.79, remainder_fraction=99.9997%, Lmin=-138599.16, Lmax=-138586.41
15:30:47 [ultranest] [DEBUG] iteration=2680, ncalls=3838, regioncalls=139160, ndraw=40, logz=-138608.20, remainder_fraction=99.9994%, Lmin=-138598.45, Lmax=-138586.41
15:30:47 [ultranest] [DEBUG] iteration=2685, ncalls=3853, regioncalls=139800, ndraw=40, logz=-138608.04, remainder_fraction=99.9993%, Lmin=-138598.32, Lmax=-138586.41
15:30:47 [ultranest] [DEBUG] iteration=2709, ncalls=3882, regioncalls=140960, ndraw=40, logz=-138607.32, remainder_fraction=99.9986%, Lmin=-138597.68, Lmax=-138586.41
15:30:48 [ultranest] [DEBUG] iteration=2720, ncalls=3897, regioncalls=141560, ndraw=40, logz=-138607.01, remainder_fraction=99.9982%, Lmin=-138597.31, Lmax=-138586.41
15:30:48 [ultranest] [DEBUG] iteration=2739, ncalls=3928, regioncalls=142800, ndraw=40, logz=-138606.48, remainder_fraction=99.9969%, Lmin=-138596.85, Lmax=-138586.41
15:30:48 [ultranest] [DEBUG] iteration=2757, ncalls=3958, regioncalls=144000, ndraw=40, logz=-138606.04, remainder_fraction=99.9950%, Lmin=-138596.46, Lmax=-138586.41
15:30:48 [ultranest] [DEBUG] iteration=2760, ncalls=3961, regioncalls=144120, ndraw=40, logz=-138605.97, remainder_fraction=99.9946%, Lmin=-138596.33, Lmax=-138586.41
15:30:48 [ultranest] [DEBUG] iteration=2768, ncalls=3971, regioncalls=144560, ndraw=40, logz=-138605.78, remainder_fraction=99.9935%, Lmin=-138596.13, Lmax=-138586.41
15:30:48 [ultranest] [DEBUG] iteration=2791, ncalls=4001, regioncalls=145760, ndraw=40, logz=-138605.29, remainder_fraction=99.9895%, Lmin=-138595.76, Lmax=-138586.41
15:30:48 [ultranest] [DEBUG] iteration=2800, ncalls=4012, regioncalls=146200, ndraw=40, logz=-138605.10, remainder_fraction=99.9873%, Lmin=-138595.45, Lmax=-138586.41
15:30:48 [ultranest] [DEBUG] iteration=2824, ncalls=4042, regioncalls=147400, ndraw=40, logz=-138604.61, remainder_fraction=99.9791%, Lmin=-138595.01, Lmax=-138586.41
15:30:48 [ultranest] [DEBUG] iteration=2840, ncalls=4064, regioncalls=148280, ndraw=40, logz=-138604.31, remainder_fraction=99.9721%, Lmin=-138594.77, Lmax=-138586.41
15:30:48 [ultranest] [DEBUG] iteration=2851, ncalls=4075, regioncalls=148760, ndraw=40, logz=-138604.12, remainder_fraction=99.9662%, Lmin=-138594.56, Lmax=-138586.41
15:30:48 [ultranest] [DEBUG] iteration=2875, ncalls=4105, regioncalls=149960, ndraw=40, logz=-138603.68, remainder_fraction=99.9488%, Lmin=-138594.05, Lmax=-138586.41
15:30:48 [ultranest] [DEBUG] iteration=2880, ncalls=4116, regioncalls=150400, ndraw=40, logz=-138603.59, remainder_fraction=99.9435%, Lmin=-138593.92, Lmax=-138586.41
15:30:48 [ultranest] [DEBUG] iteration=2905, ncalls=4145, regioncalls=151560, ndraw=40, logz=-138603.17, remainder_fraction=99.9147%, Lmin=-138593.56, Lmax=-138586.41
15:30:48 [ultranest] [DEBUG] iteration=2920, ncalls=4167, regioncalls=152440, ndraw=40, logz=-138602.93, remainder_fraction=99.8919%, Lmin=-138593.28, Lmax=-138586.40
15:30:49 [ultranest] [DEBUG] iteration=2934, ncalls=4185, regioncalls=153200, ndraw=40, logz=-138602.70, remainder_fraction=99.8673%, Lmin=-138592.99, Lmax=-138586.40
15:30:49 [ultranest] [DEBUG] iteration=2956, ncalls=4214, regioncalls=154400, ndraw=40, logz=-138602.34, remainder_fraction=99.8059%, Lmin=-138592.58, Lmax=-138586.40
15:30:49 [ultranest] [DEBUG] iteration=2960, ncalls=4222, regioncalls=154720, ndraw=40, logz=-138602.28, remainder_fraction=99.7928%, Lmin=-138592.53, Lmax=-138586.40
15:30:49 [ultranest] [DEBUG] iteration=2981, ncalls=4251, regioncalls=155880, ndraw=40, logz=-138601.95, remainder_fraction=99.7165%, Lmin=-138592.22, Lmax=-138586.40
15:30:49 [ultranest] [DEBUG] iteration=3000, ncalls=4275, regioncalls=156840, ndraw=40, logz=-138601.68, remainder_fraction=99.6218%, Lmin=-138591.98, Lmax=-138586.40
15:30:49 [ultranest] [DEBUG] iteration=3017, ncalls=4306, regioncalls=158120, ndraw=40, logz=-138601.44, remainder_fraction=99.5142%, Lmin=-138591.57, Lmax=-138586.40
15:30:49 [ultranest] [DEBUG] iteration=3040, ncalls=4330, regioncalls=159080, ndraw=40, logz=-138601.09, remainder_fraction=99.2935%, Lmin=-138591.15, Lmax=-138586.40
15:30:49 [ultranest] [DEBUG] iteration=3065, ncalls=4359, regioncalls=160240, ndraw=40, logz=-138600.72, remainder_fraction=98.9758%, Lmin=-138590.82, Lmax=-138586.40
15:30:49 [ultranest] [DEBUG] iteration=3080, ncalls=4380, regioncalls=161080, ndraw=40, logz=-138600.52, remainder_fraction=98.7303%, Lmin=-138590.67, Lmax=-138586.40
15:30:49 [ultranest] [DEBUG] iteration=3100, ncalls=4409, regioncalls=162320, ndraw=40, logz=-138600.29, remainder_fraction=98.3755%, Lmin=-138590.53, Lmax=-138586.40
15:30:49 [ultranest] [DEBUG] iteration=3120, ncalls=4436, regioncalls=163400, ndraw=40, logz=-138600.08, remainder_fraction=97.9848%, Lmin=-138590.37, Lmax=-138586.40
15:30:50 [ultranest] [DEBUG] iteration=3143, ncalls=4465, regioncalls=164560, ndraw=40, logz=-138599.86, remainder_fraction=97.4674%, Lmin=-138590.14, Lmax=-138586.40
15:30:50 [ultranest] [DEBUG] iteration=3160, ncalls=4486, regioncalls=165400, ndraw=40, logz=-138599.71, remainder_fraction=97.0601%, Lmin=-138589.93, Lmax=-138586.40
15:30:50 [ultranest] [DEBUG] iteration=3183, ncalls=4515, regioncalls=166600, ndraw=40, logz=-138599.49, remainder_fraction=96.3536%, Lmin=-138589.71, Lmax=-138586.40
15:30:50 [ultranest] [DEBUG] iteration=3200, ncalls=4534, regioncalls=167360, ndraw=40, logz=-138599.35, remainder_fraction=95.8015%, Lmin=-138589.60, Lmax=-138586.40
15:30:50 [ultranest] [DEBUG] iteration=3224, ncalls=4563, regioncalls=168520, ndraw=40, logz=-138599.15, remainder_fraction=94.9378%, Lmin=-138589.40, Lmax=-138586.40
15:30:50 [ultranest] [DEBUG] iteration=3240, ncalls=4583, regioncalls=169320, ndraw=40, logz=-138599.03, remainder_fraction=94.2237%, Lmin=-138589.29, Lmax=-138586.40
15:30:50 [ultranest] [DEBUG] iteration=3265, ncalls=4612, regioncalls=170480, ndraw=40, logz=-138598.85, remainder_fraction=92.9937%, Lmin=-138589.05, Lmax=-138586.40
15:30:50 [ultranest] [DEBUG] iteration=3266, ncalls=4613, regioncalls=170560, ndraw=40, logz=-138598.84, remainder_fraction=92.9676%, Lmin=-138589.04, Lmax=-138586.40
15:30:50 [ultranest] [DEBUG] iteration=3280, ncalls=4630, regioncalls=171240, ndraw=40, logz=-138598.74, remainder_fraction=92.2598%, Lmin=-138588.97, Lmax=-138586.40
15:30:50 [ultranest] [DEBUG] iteration=3304, ncalls=4658, regioncalls=172440, ndraw=40, logz=-138598.58, remainder_fraction=90.9088%, Lmin=-138588.76, Lmax=-138586.40
15:30:50 [ultranest] [DEBUG] iteration=3320, ncalls=4678, regioncalls=173240, ndraw=40, logz=-138598.47, remainder_fraction=89.8454%, Lmin=-138588.67, Lmax=-138586.40
15:30:50 [ultranest] [DEBUG] iteration=3344, ncalls=4707, regioncalls=174400, ndraw=40, logz=-138598.32, remainder_fraction=88.2249%, Lmin=-138588.49, Lmax=-138586.40
15:30:50 [ultranest] [DEBUG] iteration=3360, ncalls=4726, regioncalls=175160, ndraw=40, logz=-138598.23, remainder_fraction=87.0663%, Lmin=-138588.42, Lmax=-138586.40
15:30:51 [ultranest] [DEBUG] iteration=3378, ncalls=4756, regioncalls=176360, ndraw=40, logz=-138598.13, remainder_fraction=85.7081%, Lmin=-138588.31, Lmax=-138586.40
15:30:51 [ultranest] [DEBUG] iteration=3400, ncalls=4782, regioncalls=177400, ndraw=40, logz=-138598.01, remainder_fraction=84.0130%, Lmin=-138588.17, Lmax=-138586.40
15:30:51 [ultranest] [DEBUG] iteration=3421, ncalls=4811, regioncalls=178560, ndraw=40, logz=-138597.90, remainder_fraction=82.1772%, Lmin=-138588.08, Lmax=-138586.40
15:30:51 [ultranest] [DEBUG] iteration=3432, ncalls=4824, regioncalls=179280, ndraw=40, logz=-138597.85, remainder_fraction=81.2984%, Lmin=-138588.03, Lmax=-138586.39
15:30:51 [ultranest] [DEBUG] iteration=3440, ncalls=4834, regioncalls=179680, ndraw=40, logz=-138597.81, remainder_fraction=80.5107%, Lmin=-138587.99, Lmax=-138586.39
15:30:51 [ultranest] [DEBUG] iteration=3465, ncalls=4862, regioncalls=180800, ndraw=40, logz=-138597.70, remainder_fraction=78.2481%, Lmin=-138587.88, Lmax=-138586.39
15:30:51 [ultranest] [DEBUG] iteration=3480, ncalls=4882, regioncalls=181600, ndraw=40, logz=-138597.63, remainder_fraction=76.8401%, Lmin=-138587.83, Lmax=-138586.39
15:30:51 [ultranest] [DEBUG] iteration=3503, ncalls=4911, regioncalls=182760, ndraw=40, logz=-138597.54, remainder_fraction=74.7555%, Lmin=-138587.74, Lmax=-138586.39
15:30:51 [ultranest] [DEBUG] iteration=3520, ncalls=4936, regioncalls=183760, ndraw=40, logz=-138597.48, remainder_fraction=73.1802%, Lmin=-138587.71, Lmax=-138586.39
15:30:51 [ultranest] [DEBUG] iteration=3540, ncalls=4971, regioncalls=185160, ndraw=40, logz=-138597.41, remainder_fraction=71.2795%, Lmin=-138587.64, Lmax=-138586.39
15:30:51 [ultranest] [DEBUG] iteration=3558, ncalls=5001, regioncalls=186360, ndraw=40, logz=-138597.35, remainder_fraction=69.5028%, Lmin=-138587.58, Lmax=-138586.39
15:30:51 [ultranest] [DEBUG] iteration=3560, ncalls=5007, regioncalls=186600, ndraw=40, logz=-138597.34, remainder_fraction=69.2949%, Lmin=-138587.58, Lmax=-138586.39
15:30:52 [ultranest] [DEBUG] iteration=3580, ncalls=5037, regioncalls=187800, ndraw=40, logz=-138597.28, remainder_fraction=67.5292%, Lmin=-138587.51, Lmax=-138586.39
15:30:52 [ultranest] [DEBUG] iteration=3598, ncalls=5065, regioncalls=188960, ndraw=40, logz=-138597.23, remainder_fraction=65.8020%, Lmin=-138587.48, Lmax=-138586.39
15:30:52 [ultranest] [DEBUG] iteration=3600, ncalls=5067, regioncalls=189040, ndraw=40, logz=-138597.22, remainder_fraction=65.6052%, Lmin=-138587.48, Lmax=-138586.39
15:30:52 [ultranest] [DEBUG] iteration=3623, ncalls=5096, regioncalls=190200, ndraw=40, logz=-138597.16, remainder_fraction=63.2564%, Lmin=-138587.41, Lmax=-138586.39
15:30:52 [ultranest] [DEBUG] iteration=3640, ncalls=5117, regioncalls=191040, ndraw=40, logz=-138597.12, remainder_fraction=61.7242%, Lmin=-138587.37, Lmax=-138586.39
15:30:52 [ultranest] [DEBUG] iteration=3660, ncalls=5146, regioncalls=192200, ndraw=40, logz=-138597.07, remainder_fraction=59.8295%, Lmin=-138587.32, Lmax=-138586.39
15:30:52 [ultranest] [DEBUG] iteration=3680, ncalls=5172, regioncalls=193240, ndraw=40, logz=-138597.02, remainder_fraction=57.9501%, Lmin=-138587.27, Lmax=-138586.39
15:30:52 [ultranest] [DEBUG] iteration=3681, ncalls=5173, regioncalls=193320, ndraw=40, logz=-138597.02, remainder_fraction=57.8664%, Lmin=-138587.27, Lmax=-138586.39
15:30:52 [ultranest] [DEBUG] iteration=3703, ncalls=5201, regioncalls=194480, ndraw=40, logz=-138596.97, remainder_fraction=55.6980%, Lmin=-138587.22, Lmax=-138586.39
15:30:52 [ultranest] [DEBUG] iteration=3720, ncalls=5225, regioncalls=195480, ndraw=40, logz=-138596.93, remainder_fraction=54.0831%, Lmin=-138587.19, Lmax=-138586.39
15:30:52 [ultranest] [DEBUG] iteration=3743, ncalls=5253, regioncalls=196600, ndraw=40, logz=-138596.89, remainder_fraction=51.8560%, Lmin=-138587.14, Lmax=-138586.39
15:30:52 [ultranest] [DEBUG] iteration=3760, ncalls=5275, regioncalls=197480, ndraw=40, logz=-138596.86, remainder_fraction=50.2678%, Lmin=-138587.11, Lmax=-138586.39
15:30:52 [ultranest] [DEBUG] iteration=3764, ncalls=5283, regioncalls=197840, ndraw=40, logz=-138596.85, remainder_fraction=49.8688%, Lmin=-138587.10, Lmax=-138586.39
15:30:53 [ultranest] [DEBUG] iteration=3789, ncalls=5311, regioncalls=198960, ndraw=40, logz=-138596.80, remainder_fraction=47.6332%, Lmin=-138587.04, Lmax=-138586.39
15:30:53 [ultranest] [DEBUG] iteration=3800, ncalls=5328, regioncalls=199640, ndraw=40, logz=-138596.79, remainder_fraction=46.6803%, Lmin=-138587.02, Lmax=-138586.39
15:30:53 [ultranest] [DEBUG] iteration=3819, ncalls=5358, regioncalls=200840, ndraw=40, logz=-138596.75, remainder_fraction=44.9252%, Lmin=-138586.99, Lmax=-138586.39
15:30:53 [ultranest] [DEBUG] iteration=3838, ncalls=5388, regioncalls=202040, ndraw=40, logz=-138596.72, remainder_fraction=43.2123%, Lmin=-138586.96, Lmax=-138586.39
15:30:53 [ultranest] [DEBUG] iteration=3840, ncalls=5393, regioncalls=202240, ndraw=40, logz=-138596.72, remainder_fraction=43.0533%, Lmin=-138586.96, Lmax=-138586.39
15:30:53 [ultranest] [DEBUG] iteration=3847, ncalls=5404, regioncalls=202720, ndraw=40, logz=-138596.71, remainder_fraction=42.4378%, Lmin=-138586.95, Lmax=-138586.39
15:30:53 [ultranest] [DEBUG] iteration=3872, ncalls=5432, regioncalls=203840, ndraw=40, logz=-138596.68, remainder_fraction=40.2883%, Lmin=-138586.90, Lmax=-138586.39
15:30:53 [ultranest] [DEBUG] iteration=3880, ncalls=5443, regioncalls=204280, ndraw=40, logz=-138596.66, remainder_fraction=39.6734%, Lmin=-138586.89, Lmax=-138586.39
15:30:53 [ultranest] [DEBUG] iteration=3903, ncalls=5472, regioncalls=205440, ndraw=40, logz=-138596.63, remainder_fraction=37.7531%, Lmin=-138586.84, Lmax=-138586.39
15:30:53 [ultranest] [DEBUG] iteration=3920, ncalls=5495, regioncalls=206360, ndraw=40, logz=-138596.61, remainder_fraction=36.4100%, Lmin=-138586.83, Lmax=-138586.39
15:30:53 [ultranest] [DEBUG] iteration=3930, ncalls=5510, regioncalls=207000, ndraw=40, logz=-138596.60, remainder_fraction=35.5955%, Lmin=-138586.82, Lmax=-138586.39
15:30:53 [ultranest] [DEBUG] iteration=3956, ncalls=5539, regioncalls=208160, ndraw=40, logz=-138596.57, remainder_fraction=33.6315%, Lmin=-138586.79, Lmax=-138586.39
15:30:53 [ultranest] [DEBUG] iteration=3960, ncalls=5544, regioncalls=208360, ndraw=40, logz=-138596.57, remainder_fraction=33.3485%, Lmin=-138586.78, Lmax=-138586.39
15:30:54 [ultranest] [DEBUG] iteration=3979, ncalls=5575, regioncalls=209600, ndraw=40, logz=-138596.54, remainder_fraction=32.0237%, Lmin=-138586.77, Lmax=-138586.39
15:30:54 [ultranest] [DEBUG] iteration=4000, ncalls=5603, regioncalls=210720, ndraw=40, logz=-138596.52, remainder_fraction=30.5513%, Lmin=-138586.74, Lmax=-138586.39
15:30:54 [ultranest] [DEBUG] iteration=4019, ncalls=5630, regioncalls=211800, ndraw=40, logz=-138596.51, remainder_fraction=29.2651%, Lmin=-138586.73, Lmax=-138586.39
15:30:54 [ultranest] [DEBUG] iteration=4035, ncalls=5660, regioncalls=213000, ndraw=40, logz=-138596.49, remainder_fraction=28.2281%, Lmin=-138586.71, Lmax=-138586.39
15:30:54 [ultranest] [DEBUG] iteration=4040, ncalls=5668, regioncalls=213320, ndraw=40, logz=-138596.49, remainder_fraction=27.9264%, Lmin=-138586.71, Lmax=-138586.39
15:30:54 [ultranest] [DEBUG] iteration=4060, ncalls=5698, regioncalls=214520, ndraw=40, logz=-138596.47, remainder_fraction=26.6722%, Lmin=-138586.69, Lmax=-138586.39
15:30:54 [ultranest] [DEBUG] iteration=4080, ncalls=5727, regioncalls=215680, ndraw=40, logz=-138596.45, remainder_fraction=25.4524%, Lmin=-138586.68, Lmax=-138586.39
15:30:54 [ultranest] [DEBUG] iteration=4096, ncalls=5748, regioncalls=216560, ndraw=40, logz=-138596.44, remainder_fraction=24.5167%, Lmin=-138586.67, Lmax=-138586.39
15:30:54 [ultranest] [DEBUG] iteration=4119, ncalls=5776, regioncalls=217680, ndraw=40, logz=-138596.42, remainder_fraction=23.2350%, Lmin=-138586.65, Lmax=-138586.39
15:30:54 [ultranest] [DEBUG] iteration=4120, ncalls=5777, regioncalls=217720, ndraw=40, logz=-138596.42, remainder_fraction=23.1785%, Lmin=-138586.65, Lmax=-138586.39
15:30:54 [ultranest] [DEBUG] iteration=4141, ncalls=5806, regioncalls=218880, ndraw=40, logz=-138596.41, remainder_fraction=22.0673%, Lmin=-138586.64, Lmax=-138586.39
15:30:54 [ultranest] [DEBUG] iteration=4160, ncalls=5828, regioncalls=219760, ndraw=40, logz=-138596.40, remainder_fraction=21.0861%, Lmin=-138586.63, Lmax=-138586.39
15:30:55 [ultranest] [DEBUG] iteration=4179, ncalls=5850, regioncalls=220680, ndraw=40, logz=-138596.38, remainder_fraction=20.1587%, Lmin=-138586.61, Lmax=-138586.39
15:30:55 [ultranest] [DEBUG] iteration=4200, ncalls=5876, regioncalls=221720, ndraw=40, logz=-138596.37, remainder_fraction=19.1624%, Lmin=-138586.60, Lmax=-138586.39
15:30:55 [ultranest] [DEBUG] iteration=4226, ncalls=5905, regioncalls=222880, ndraw=40, logz=-138596.36, remainder_fraction=18.0000%, Lmin=-138586.59, Lmax=-138586.39
15:30:55 [ultranest] [DEBUG] iteration=4240, ncalls=5919, regioncalls=223440, ndraw=40, logz=-138596.35, remainder_fraction=17.3906%, Lmin=-138586.58, Lmax=-138586.39
15:30:55 [ultranest] [DEBUG] iteration=4262, ncalls=5948, regioncalls=224680, ndraw=40, logz=-138596.34, remainder_fraction=16.4866%, Lmin=-138586.57, Lmax=-138586.39
15:30:55 [ultranest] [DEBUG] iteration=4280, ncalls=5968, regioncalls=225480, ndraw=40, logz=-138596.33, remainder_fraction=15.7579%, Lmin=-138586.56, Lmax=-138586.39
15:30:55 [ultranest] [DEBUG] iteration=4303, ncalls=5996, regioncalls=226600, ndraw=40, logz=-138596.32, remainder_fraction=14.8818%, Lmin=-138586.55, Lmax=-138586.39
15:30:55 [ultranest] [DEBUG] iteration=4320, ncalls=6015, regioncalls=227360, ndraw=40, logz=-138596.31, remainder_fraction=14.2621%, Lmin=-138586.55, Lmax=-138586.39
15:30:55 [ultranest] [DEBUG] iteration=4341, ncalls=6044, regioncalls=228520, ndraw=40, logz=-138596.30, remainder_fraction=13.5325%, Lmin=-138586.54, Lmax=-138586.39
15:30:55 [ultranest] [DEBUG] iteration=4345, ncalls=6049, regioncalls=228760, ndraw=40, logz=-138596.30, remainder_fraction=13.3986%, Lmin=-138586.54, Lmax=-138586.39
15:30:55 [ultranest] [DEBUG] iteration=4360, ncalls=6069, regioncalls=229560, ndraw=40, logz=-138596.30, remainder_fraction=12.9103%, Lmin=-138586.53, Lmax=-138586.39
15:30:55 [ultranest] [DEBUG] iteration=4384, ncalls=6098, regioncalls=230720, ndraw=40, logz=-138596.29, remainder_fraction=12.1627%, Lmin=-138586.52, Lmax=-138586.39
15:30:55 [ultranest] [DEBUG] iteration=4400, ncalls=6118, regioncalls=231520, ndraw=40, logz=-138596.28, remainder_fraction=11.6733%, Lmin=-138586.52, Lmax=-138586.39
15:30:56 [ultranest] [DEBUG] iteration=4421, ncalls=6147, regioncalls=232680, ndraw=40, logz=-138596.28, remainder_fraction=11.0683%, Lmin=-138586.51, Lmax=-138586.39
15:30:56 [ultranest] [DEBUG] iteration=4440, ncalls=6172, regioncalls=233680, ndraw=40, logz=-138596.27, remainder_fraction=10.5551%, Lmin=-138586.51, Lmax=-138586.39
15:30:56 [ultranest] [DEBUG] iteration=4462, ncalls=6201, regioncalls=234840, ndraw=40, logz=-138596.26, remainder_fraction=9.9791%, Lmin=-138586.50, Lmax=-138586.39
15:30:56 [ultranest] [DEBUG] iteration=4480, ncalls=6230, regioncalls=236000, ndraw=40, logz=-138596.26, remainder_fraction=9.5255%, Lmin=-138586.49, Lmax=-138586.39
15:30:56 [ultranest] [DEBUG] iteration=4501, ncalls=6259, regioncalls=237160, ndraw=40, logz=-138596.25, remainder_fraction=9.0212%, Lmin=-138586.49, Lmax=-138586.39
15:30:56 [ultranest] [DEBUG] iteration=4511, ncalls=6275, regioncalls=237840, ndraw=40, logz=-138596.25, remainder_fraction=8.7942%, Lmin=-138586.48, Lmax=-138586.39
15:30:56 [ultranest] [DEBUG] iteration=4520, ncalls=6289, regioncalls=238400, ndraw=40, logz=-138596.25, remainder_fraction=8.5954%, Lmin=-138586.48, Lmax=-138586.39
15:30:56 [ultranest] [DEBUG] iteration=4543, ncalls=6318, regioncalls=239560, ndraw=40, logz=-138596.24, remainder_fraction=8.1019%, Lmin=-138586.48, Lmax=-138586.39
15:30:56 [ultranest] [DEBUG] iteration=4560, ncalls=6337, regioncalls=240320, ndraw=40, logz=-138596.24, remainder_fraction=7.7523%, Lmin=-138586.47, Lmax=-138586.39
15:30:56 [ultranest] [DEBUG] iteration=4578, ncalls=6367, regioncalls=241520, ndraw=40, logz=-138596.24, remainder_fraction=7.4006%, Lmin=-138586.47, Lmax=-138586.39
15:30:56 [ultranest] [DEBUG] iteration=4594, ncalls=6384, regioncalls=242240, ndraw=40, logz=-138596.23, remainder_fraction=7.1003%, Lmin=-138586.46, Lmax=-138586.39
15:30:56 [ultranest] [DEBUG] iteration=4600, ncalls=6392, regioncalls=242560, ndraw=40, logz=-138596.23, remainder_fraction=6.9914%, Lmin=-138586.46, Lmax=-138586.39
15:30:57 [ultranest] [DEBUG] iteration=4625, ncalls=6420, regioncalls=243680, ndraw=40, logz=-138596.23, remainder_fraction=6.5539%, Lmin=-138586.46, Lmax=-138586.39
15:30:57 [ultranest] [DEBUG] iteration=4640, ncalls=6439, regioncalls=244440, ndraw=40, logz=-138596.22, remainder_fraction=6.3028%, Lmin=-138586.46, Lmax=-138586.39
15:30:57 [ultranest] [DEBUG] iteration=4659, ncalls=6469, regioncalls=245640, ndraw=40, logz=-138596.22, remainder_fraction=5.9997%, Lmin=-138586.45, Lmax=-138586.39
15:30:57 [ultranest] [DEBUG] iteration=4677, ncalls=6489, regioncalls=246480, ndraw=40, logz=-138596.22, remainder_fraction=5.7239%, Lmin=-138586.45, Lmax=-138586.39
15:30:57 [ultranest] [DEBUG] iteration=4680, ncalls=6494, regioncalls=246680, ndraw=40, logz=-138596.22, remainder_fraction=5.6795%, Lmin=-138586.45, Lmax=-138586.39
15:30:57 [ultranest] [DEBUG] iteration=4704, ncalls=6523, regioncalls=247840, ndraw=40, logz=-138596.21, remainder_fraction=5.3372%, Lmin=-138586.44, Lmax=-138586.39
15:30:57 [ultranest] [DEBUG] iteration=4720, ncalls=6545, regioncalls=248720, ndraw=40, logz=-138596.21, remainder_fraction=5.1179%, Lmin=-138586.44, Lmax=-138586.39
15:30:57 [ultranest] [DEBUG] iteration=4743, ncalls=6574, regioncalls=249880, ndraw=40, logz=-138596.21, remainder_fraction=4.8178%, Lmin=-138586.44, Lmax=-138586.39
15:30:57 [ultranest] [DEBUG] iteration=4759, ncalls=6606, regioncalls=251160, ndraw=40, logz=-138596.21, remainder_fraction=4.6192%, Lmin=-138586.43, Lmax=-138586.39
15:30:57 [ultranest] [DEBUG] iteration=4760, ncalls=6608, regioncalls=251240, ndraw=40, logz=-138596.21, remainder_fraction=4.6069%, Lmin=-138586.43, Lmax=-138586.39
15:30:57 [ultranest] [DEBUG] iteration=4781, ncalls=6637, regioncalls=252400, ndraw=40, logz=-138596.20, remainder_fraction=4.3587%, Lmin=-138586.43, Lmax=-138586.39
15:30:57 [ultranest] [DEBUG] iteration=4799, ncalls=6669, regioncalls=253680, ndraw=40, logz=-138596.20, remainder_fraction=4.1563%, Lmin=-138586.43, Lmax=-138586.39
15:30:57 [ultranest] [DEBUG] iteration=4800, ncalls=6670, regioncalls=253720, ndraw=40, logz=-138596.20, remainder_fraction=4.1451%, Lmin=-138586.43, Lmax=-138586.39
15:30:58 [ultranest] [DEBUG] iteration=4818, ncalls=6701, regioncalls=254960, ndraw=40, logz=-138596.20, remainder_fraction=3.9524%, Lmin=-138586.43, Lmax=-138586.39
15:30:58 [ultranest] [DEBUG] iteration=4837, ncalls=6731, regioncalls=256160, ndraw=40, logz=-138596.20, remainder_fraction=3.7591%, Lmin=-138586.43, Lmax=-138586.39
15:30:58 [ultranest] [DEBUG] iteration=4840, ncalls=6734, regioncalls=256280, ndraw=40, logz=-138596.20, remainder_fraction=3.7295%, Lmin=-138586.42, Lmax=-138586.39
15:30:58 [ultranest] [DEBUG] iteration=4843, ncalls=6741, regioncalls=256640, ndraw=40, logz=-138596.20, remainder_fraction=3.6998%, Lmin=-138586.42, Lmax=-138586.39
15:30:58 [ultranest] [DEBUG] iteration=4866, ncalls=6770, regioncalls=257840, ndraw=40, logz=-138596.19, remainder_fraction=3.4808%, Lmin=-138586.42, Lmax=-138586.39
15:30:58 [ultranest] [DEBUG] iteration=4880, ncalls=6788, regioncalls=258560, ndraw=40, logz=-138596.19, remainder_fraction=3.3541%, Lmin=-138586.42, Lmax=-138586.39
15:30:58 [ultranest] [DEBUG] iteration=4900, ncalls=6818, regioncalls=259760, ndraw=40, logz=-138596.19, remainder_fraction=3.1810%, Lmin=-138586.42, Lmax=-138586.39
15:30:58 [ultranest] [DEBUG] iteration=4919, ncalls=6848, regioncalls=260960, ndraw=40, logz=-138596.19, remainder_fraction=3.0244%, Lmin=-138586.42, Lmax=-138586.39
15:30:58 [ultranest] [DEBUG] iteration=4920, ncalls=6849, regioncalls=261000, ndraw=40, logz=-138596.19, remainder_fraction=3.0163%, Lmin=-138586.42, Lmax=-138586.39
15:30:58 [ultranest] [DEBUG] iteration=4942, ncalls=6876, regioncalls=262080, ndraw=40, logz=-138596.19, remainder_fraction=2.8450%, Lmin=-138586.42, Lmax=-138586.39
15:30:58 [ultranest] [DEBUG] iteration=4960, ncalls=6905, regioncalls=263240, ndraw=40, logz=-138596.19, remainder_fraction=2.7119%, Lmin=-138586.41, Lmax=-138586.39
15:30:58 [ultranest] [DEBUG] iteration=4978, ncalls=6935, regioncalls=264440, ndraw=40, logz=-138596.19, remainder_fraction=2.5851%, Lmin=-138586.41, Lmax=-138586.39
15:30:58 [ultranest] [DEBUG] iteration=4997, ncalls=6965, regioncalls=265640, ndraw=40, logz=-138596.18, remainder_fraction=2.4578%, Lmin=-138586.41, Lmax=-138586.39
15:30:58 [ultranest] [DEBUG] iteration=5000, ncalls=6968, regioncalls=265760, ndraw=40, logz=-138596.18, remainder_fraction=2.4384%, Lmin=-138586.41, Lmax=-138586.39
15:30:59 [ultranest] [DEBUG] iteration=5009, ncalls=6979, regioncalls=266240, ndraw=40, logz=-138596.18, remainder_fraction=2.3805%, Lmin=-138586.41, Lmax=-138586.39
15:30:59 [ultranest] [DEBUG] iteration=5030, ncalls=7008, regioncalls=267400, ndraw=40, logz=-138596.18, remainder_fraction=2.2512%, Lmin=-138586.41, Lmax=-138586.39
15:30:59 [ultranest] [DEBUG] iteration=5040, ncalls=7018, regioncalls=267840, ndraw=40, logz=-138596.18, remainder_fraction=2.1921%, Lmin=-138586.41, Lmax=-138586.39
15:30:59 [ultranest] [DEBUG] iteration=5064, ncalls=7046, regioncalls=268960, ndraw=40, logz=-138596.18, remainder_fraction=2.0565%, Lmin=-138586.41, Lmax=-138586.39
15:30:59 [ultranest] [DEBUG] iteration=5080, ncalls=7067, regioncalls=269800, ndraw=40, logz=-138596.18, remainder_fraction=1.9707%, Lmin=-138586.41, Lmax=-138586.39
15:30:59 [ultranest] [DEBUG] iteration=5103, ncalls=7094, regioncalls=270880, ndraw=40, logz=-138596.18, remainder_fraction=1.8534%, Lmin=-138586.41, Lmax=-138586.39
15:30:59 [ultranest] [DEBUG] iteration=5120, ncalls=7114, regioncalls=271680, ndraw=40, logz=-138596.18, remainder_fraction=1.7711%, Lmin=-138586.40, Lmax=-138586.39
15:30:59 [ultranest] [DEBUG] iteration=5140, ncalls=7144, regioncalls=272880, ndraw=40, logz=-138596.18, remainder_fraction=1.6790%, Lmin=-138586.40, Lmax=-138586.39
15:30:59 [ultranest] [DEBUG] iteration=5160, ncalls=7173, regioncalls=274040, ndraw=40, logz=-138596.17, remainder_fraction=1.5916%, Lmin=-138586.40, Lmax=-138586.39
15:30:59 [ultranest] [DEBUG] iteration=5175, ncalls=7194, regioncalls=274960, ndraw=40, logz=-138596.17, remainder_fraction=1.5292%, Lmin=-138586.40, Lmax=-138586.39
15:30:59 [ultranest] [DEBUG] iteration=5197, ncalls=7223, regioncalls=276120, ndraw=40, logz=-138596.17, remainder_fraction=1.4419%, Lmin=-138586.40, Lmax=-138586.39
15:30:59 [ultranest] [DEBUG] iteration=5200, ncalls=7227, regioncalls=276280, ndraw=40, logz=-138596.17, remainder_fraction=1.4304%, Lmin=-138586.40, Lmax=-138586.39
15:31:00 [ultranest] [DEBUG] iteration=5222, ncalls=7255, regioncalls=277440, ndraw=40, logz=-138596.17, remainder_fraction=1.3486%, Lmin=-138586.40, Lmax=-138586.39
15:31:00 [ultranest] [DEBUG] iteration=5240, ncalls=7282, regioncalls=278520, ndraw=40, logz=-138596.17, remainder_fraction=1.2852%, Lmin=-138586.40, Lmax=-138586.39
15:31:00 [ultranest] [DEBUG] iteration=5262, ncalls=7308, regioncalls=279560, ndraw=40, logz=-138596.17, remainder_fraction=1.2117%, Lmin=-138586.40, Lmax=-138586.39
15:31:00 [ultranest] [DEBUG] iteration=5280, ncalls=7336, regioncalls=280680, ndraw=40, logz=-138596.17, remainder_fraction=1.1545%, Lmin=-138586.40, Lmax=-138586.39
15:31:00 [ultranest] [DEBUG] iteration=5302, ncalls=7368, regioncalls=281960, ndraw=40, logz=-138596.17, remainder_fraction=1.0885%, Lmin=-138586.40, Lmax=-138586.39
15:31:00 [ultranest] [DEBUG] iteration=5320, ncalls=7392, regioncalls=282920, ndraw=40, logz=-138596.17, remainder_fraction=1.0371%, Lmin=-138586.40, Lmax=-138586.39
15:31:00 [ultranest] [INFO] Explored until L=-1e+05  
15:31:00 [ultranest] [INFO] Likelihood function evaluations: 7409
15:31:01 [ultranest] [INFO] Writing samples and results to disk ...
15:31:01 [ultranest] [INFO] Writing samples and results to disk ... done
15:31:01 [ultranest] [DEBUG] did a run_iter pass!
15:31:01 [ultranest] [INFO]   logZ = -1.386e+05 +- 0.106
15:31:01 [ultranest] [INFO] Effective samples strategy satisfied (ESS = 1477.8, need >400)
15:31:01 [ultranest] [INFO] Posterior uncertainty strategy is satisfied (KL: 0.46+-0.13 nat, need <0.50 nat)
15:31:01 [ultranest] [INFO] Evidency uncertainty strategy is satisfied (dlogz=0.11, need <0.5)
15:31:01 [ultranest] [INFO]   logZ error budget: single: 0.15 bs:0.11 tail:0.01 total:0.11 required:<0.50
15:31:01 [ultranest] [INFO] done iterating.
15:31:01 [ultranest] [DEBUG] Making corner plot ...
15:31:02 [ultranest] [DEBUG] Making corner plot ... done
15:31:02 [ultranest] [DEBUG] Making run plot ... 
15:31:02 [ultranest] [DEBUG] Making run plot ... done
15:31:02 [ultranest] [DEBUG] Making trace plot ... 
15:31:03 [ultranest] [DEBUG] Making trace plot ... done
