15:15:51 [ultranest] [DEBUG] ReactiveNestedSampler: dims=3+0, resume=False, log_dir=./m-values/N16/S24/M16/T030/P02/NF3/sample_rho, backend=hdf5, vectorized=False, nbootstraps=30, ndraw=128..65536
15:15:51 [ultranest] [INFO] Sampling 400 live points from prior ...
15:15:51 [ultranest] [DEBUG] run_iter dlogz=0.5, dKL=0.5, frac_remain=0.01, Lepsilon=0.0010, min_ess=400
15:15:51 [ultranest] [DEBUG] max_iters=-1, max_ncalls=-1, max_num_improvement_loops=-1, min_num_live_points=400, cluster_num_live_points=40
15:15:51 [ultranest] [DEBUG] minimal_widths_sequence: [(-inf, 400.0), (inf, 400.0)]
15:15:51 [ultranest] [DEBUG] Plateau detected at L=-9.044554e+06, not replacing live point.
15:15:51 [ultranest] [DEBUG] Plateau detected at L=-9.044554e+06, not replacing live point.
15:15:51 [ultranest] [DEBUG] Plateau detected at L=-9.044554e+06, not replacing live point.
15:15:51 [ultranest] [DEBUG] Plateau detected at L=-9.044554e+06, not replacing live point.
15:15:51 [ultranest] [DEBUG] Plateau detected at L=-9.044554e+06, not replacing live point.
15:15:51 [ultranest] [DEBUG] Plateau detected at L=-9.044554e+06, not replacing live point.
15:15:51 [ultranest] [DEBUG] Plateau detected at L=-9.044554e+06, not replacing live point.
15:15:51 [ultranest] [DEBUG] Plateau detected at L=-9.044554e+06, not replacing live point.
15:15:51 [ultranest] [DEBUG] Plateau detected at L=-9.044554e+06, not replacing live point.
15:15:51 [ultranest] [DEBUG] Plateau detected at L=-9.044554e+06, not replacing live point.
15:15:51 [ultranest] [DEBUG] Plateau detected at L=-9.044554e+06, not replacing live point.
15:15:51 [ultranest] [DEBUG] Plateau detected at L=-9.044554e+06, not replacing live point.
15:15:51 [ultranest] [DEBUG] Plateau detected at L=-9.044554e+06, not replacing live point.
15:15:51 [ultranest] [DEBUG] Plateau detected at L=-9.044554e+06, not replacing live point.
15:15:51 [ultranest] [DEBUG] Plateau detected at L=-9.044554e+06, not replacing live point.
15:15:51 [ultranest] [DEBUG] Plateau detected at L=-9.044554e+06, not replacing live point.
15:15:51 [ultranest] [DEBUG] Plateau detected at L=-9.044554e+06, not replacing live point.
15:15:51 [ultranest] [DEBUG] Plateau detected at L=-9.044554e+06, not replacing live point.
15:15:51 [ultranest] [DEBUG] Plateau detected at L=-9.044554e+06, not replacing live point.
15:15:51 [ultranest] [DEBUG] Plateau detected at L=-9.044554e+06, not replacing live point.
15:15:51 [ultranest] [DEBUG] Plateau detected at L=-9.044554e+06, not replacing live point.
15:15:51 [ultranest] [DEBUG] Plateau detected at L=-9.044554e+06, not replacing live point.
15:15:51 [ultranest] [DEBUG] Plateau detected at L=-9.044554e+06, not replacing live point.
15:15:51 [ultranest] [DEBUG] Plateau detected at L=-9.044554e+06, not replacing live point.
15:15:51 [ultranest] [DEBUG] Plateau detected at L=-9.044554e+06, not replacing live point.
15:15:51 [ultranest] [DEBUG] Plateau detected at L=-9.044554e+06, not replacing live point.
15:15:51 [ultranest] [DEBUG] Plateau detected at L=-9.044554e+06, not replacing live point.
15:15:51 [ultranest] [DEBUG] Plateau detected at L=-9.044554e+06, not replacing live point.
15:15:51 [ultranest] [DEBUG] Plateau detected at L=-9.044554e+06, not replacing live point.
15:15:51 [ultranest] [DEBUG] Plateau detected at L=-9.044554e+06, not replacing live point.
15:15:51 [ultranest] [DEBUG] Plateau detected at L=-9.044554e+06, not replacing live point.
15:15:51 [ultranest] [DEBUG] Plateau detected at L=-9.044554e+06, not replacing live point.
15:15:51 [ultranest] [DEBUG] Plateau detected at L=-9.044554e+06, not replacing live point.
15:15:51 [ultranest] [DEBUG] Plateau detected at L=-9.044554e+06, not replacing live point.
15:15:51 [ultranest] [DEBUG] Plateau detected at L=-9.044554e+06, not replacing live point.
15:15:51 [ultranest] [DEBUG] Plateau detected at L=-9.044554e+06, not replacing live point.
15:15:51 [ultranest] [DEBUG] Plateau detected at L=-9.044554e+06, not replacing live point.
15:15:51 [ultranest] [DEBUG] Plateau detected at L=-9.044554e+06, not replacing live point.
15:15:51 [ultranest] [DEBUG] Plateau detected at L=-9.044554e+06, not replacing live point.
15:15:51 [ultranest] [DEBUG] Plateau detected at L=-9.044554e+06, not replacing live point.
15:15:51 [ultranest] [DEBUG] Plateau detected at L=-9.044554e+06, not replacing live point.
15:15:51 [ultranest] [DEBUG] Plateau detected at L=-9.044554e+06, not replacing live point.
15:15:51 [ultranest] [DEBUG] Plateau detected at L=-9.044554e+06, not replacing live point.
15:15:51 [ultranest] [DEBUG] Plateau detected at L=-9.044554e+06, not replacing live point.
15:15:51 [ultranest] [DEBUG] Plateau detected at L=-9.044554e+06, not replacing live point.
15:15:51 [ultranest] [DEBUG] Plateau detected at L=-9.044554e+06, not replacing live point.
15:15:51 [ultranest] [DEBUG] Plateau detected at L=-9.044554e+06, not replacing live point.
15:15:51 [ultranest] [DEBUG] Plateau detected at L=-9.044554e+06, not replacing live point.
15:15:51 [ultranest] [DEBUG] Plateau detected at L=-9.044554e+06, not replacing live point.
15:15:51 [ultranest] [DEBUG] Plateau detected at L=-9.044554e+06, not replacing live point.
15:15:51 [ultranest] [DEBUG] Plateau detected at L=-9.044554e+06, not replacing live point.
15:15:51 [ultranest] [DEBUG] iteration=51, ncalls=402, regioncalls=80, ndraw=40, logz=-9044556.30, remainder_fraction=100.0000%, Lmin=-9044554.25, Lmax=-70516.27
15:15:52 [ultranest] [DEBUG] iteration=80, ncalls=434, regioncalls=1360, ndraw=40, logz=-84500.62, remainder_fraction=100.0000%, Lmin=-84420.15, Lmax=-70516.27
15:15:52 [ultranest] [DEBUG] iteration=111, ncalls=473, regioncalls=2920, ndraw=40, logz=-81231.93, remainder_fraction=100.0000%, Lmin=-81150.60, Lmax=-70516.27
15:15:52 [ultranest] [DEBUG] iteration=120, ncalls=484, regioncalls=3360, ndraw=40, logz=-80900.66, remainder_fraction=100.0000%, Lmin=-80839.38, Lmax=-70516.27
15:15:52 [ultranest] [DEBUG] iteration=129, ncalls=496, regioncalls=3840, ndraw=40, logz=-80409.95, remainder_fraction=100.0000%, Lmin=-80377.33, Lmax=-70516.27
15:15:52 [ultranest] [DEBUG] iteration=154, ncalls=536, regioncalls=5440, ndraw=40, logz=-79274.43, remainder_fraction=100.0000%, Lmin=-79251.76, Lmax=-70516.27
15:15:52 [ultranest] [DEBUG] iteration=160, ncalls=545, regioncalls=5800, ndraw=40, logz=-79079.67, remainder_fraction=100.0000%, Lmin=-79072.55, Lmax=-70516.27
15:15:52 [ultranest] [DEBUG] iteration=185, ncalls=585, regioncalls=7400, ndraw=40, logz=-78260.68, remainder_fraction=100.0000%, Lmin=-78228.96, Lmax=-70516.27
15:15:52 [ultranest] [DEBUG] iteration=200, ncalls=607, regioncalls=8280, ndraw=40, logz=-77919.83, remainder_fraction=100.0000%, Lmin=-77890.22, Lmax=-70516.27
15:15:52 [ultranest] [DEBUG] iteration=207, ncalls=615, regioncalls=8600, ndraw=40, logz=-77636.36, remainder_fraction=100.0000%, Lmin=-77617.69, Lmax=-70516.27
15:15:52 [ultranest] [DEBUG] iteration=231, ncalls=657, regioncalls=10280, ndraw=40, logz=-76891.55, remainder_fraction=100.0000%, Lmin=-76881.94, Lmax=-70516.27
15:15:52 [ultranest] [DEBUG] iteration=240, ncalls=677, regioncalls=11080, ndraw=40, logz=-76669.53, remainder_fraction=100.0000%, Lmin=-76649.90, Lmax=-70516.27
15:15:52 [ultranest] [DEBUG] iteration=267, ncalls=716, regioncalls=12640, ndraw=40, logz=-76221.03, remainder_fraction=100.0000%, Lmin=-76125.56, Lmax=-70516.27
15:15:52 [ultranest] [DEBUG] iteration=280, ncalls=745, regioncalls=13800, ndraw=40, logz=-75911.85, remainder_fraction=100.0000%, Lmin=-75900.38, Lmax=-70516.27
15:15:52 [ultranest] [DEBUG] iteration=285, ncalls=754, regioncalls=14160, ndraw=40, logz=-75831.45, remainder_fraction=100.0000%, Lmin=-75809.42, Lmax=-70516.27
15:15:52 [ultranest] [DEBUG] iteration=307, ncalls=794, regioncalls=15760, ndraw=40, logz=-75585.52, remainder_fraction=100.0000%, Lmin=-75572.34, Lmax=-70516.27
15:15:53 [ultranest] [DEBUG] iteration=320, ncalls=821, regioncalls=16840, ndraw=40, logz=-75361.11, remainder_fraction=100.0000%, Lmin=-75337.87, Lmax=-70516.27
15:15:53 [ultranest] [DEBUG] iteration=343, ncalls=863, regioncalls=18520, ndraw=40, logz=-75045.04, remainder_fraction=100.0000%, Lmin=-75035.13, Lmax=-70516.27
15:15:53 [ultranest] [DEBUG] iteration=360, ncalls=890, regioncalls=19600, ndraw=40, logz=-74839.17, remainder_fraction=100.0000%, Lmin=-74812.85, Lmax=-70507.61
15:15:53 [ultranest] [DEBUG] iteration=363, ncalls=896, regioncalls=19840, ndraw=40, logz=-74805.61, remainder_fraction=100.0000%, Lmin=-74783.41, Lmax=-70507.61
15:15:53 [ultranest] [DEBUG] iteration=386, ncalls=937, regioncalls=21480, ndraw=40, logz=-74545.70, remainder_fraction=100.0000%, Lmin=-74537.49, Lmax=-70507.61
15:15:53 [ultranest] [DEBUG] iteration=400, ncalls=963, regioncalls=22520, ndraw=40, logz=-74408.55, remainder_fraction=100.0000%, Lmin=-74400.00, Lmax=-70507.61
15:15:53 [ultranest] [DEBUG] iteration=423, ncalls=1004, regioncalls=24160, ndraw=40, logz=-74235.71, remainder_fraction=100.0000%, Lmin=-74226.16, Lmax=-70507.61
15:15:53 [ultranest] [DEBUG] iteration=440, ncalls=1036, regioncalls=25440, ndraw=40, logz=-74097.83, remainder_fraction=100.0000%, Lmin=-74059.20, Lmax=-70507.61
15:15:53 [ultranest] [DEBUG] iteration=441, ncalls=1037, regioncalls=25480, ndraw=40, logz=-74066.30, remainder_fraction=100.0000%, Lmin=-74036.93, Lmax=-70507.61
15:15:53 [ultranest] [DEBUG] iteration=463, ncalls=1078, regioncalls=27120, ndraw=40, logz=-73826.14, remainder_fraction=100.0000%, Lmin=-73806.47, Lmax=-70507.61
15:15:53 [ultranest] [DEBUG] iteration=480, ncalls=1114, regioncalls=28560, ndraw=40, logz=-73698.03, remainder_fraction=100.0000%, Lmin=-73658.24, Lmax=-70507.61
15:15:53 [ultranest] [DEBUG] iteration=498, ncalls=1157, regioncalls=30280, ndraw=40, logz=-73579.75, remainder_fraction=100.0000%, Lmin=-73565.90, Lmax=-70507.61
15:15:53 [ultranest] [DEBUG] iteration=519, ncalls=1191, regioncalls=31640, ndraw=40, logz=-73372.23, remainder_fraction=100.0000%, Lmin=-73358.92, Lmax=-70507.61
15:15:53 [ultranest] [DEBUG] iteration=520, ncalls=1192, regioncalls=31680, ndraw=40, logz=-73366.25, remainder_fraction=100.0000%, Lmin=-73354.13, Lmax=-70507.61
15:15:54 [ultranest] [DEBUG] iteration=547, ncalls=1231, regioncalls=33240, ndraw=40, logz=-73145.57, remainder_fraction=100.0000%, Lmin=-73136.43, Lmax=-70507.61
15:15:54 [ultranest] [DEBUG] iteration=560, ncalls=1263, regioncalls=34520, ndraw=40, logz=-73019.24, remainder_fraction=100.0000%, Lmin=-72993.84, Lmax=-70507.61
15:15:54 [ultranest] [DEBUG] iteration=580, ncalls=1306, regioncalls=36240, ndraw=40, logz=-72869.44, remainder_fraction=100.0000%, Lmin=-72848.77, Lmax=-70507.61
15:15:54 [ultranest] [DEBUG] iteration=597, ncalls=1346, regioncalls=37840, ndraw=40, logz=-72786.89, remainder_fraction=100.0000%, Lmin=-72773.87, Lmax=-70507.61
15:15:54 [ultranest] [DEBUG] iteration=600, ncalls=1357, regioncalls=38280, ndraw=40, logz=-72775.92, remainder_fraction=100.0000%, Lmin=-72757.91, Lmax=-70507.61
15:15:54 [ultranest] [DEBUG] iteration=625, ncalls=1397, regioncalls=39880, ndraw=40, logz=-72648.78, remainder_fraction=100.0000%, Lmin=-72631.95, Lmax=-70507.61
15:15:54 [ultranest] [DEBUG] iteration=640, ncalls=1424, regioncalls=40960, ndraw=40, logz=-72594.69, remainder_fraction=100.0000%, Lmin=-72582.27, Lmax=-70507.61
15:15:54 [ultranest] [DEBUG] iteration=659, ncalls=1471, regioncalls=42840, ndraw=40, logz=-72512.68, remainder_fraction=100.0000%, Lmin=-72501.58, Lmax=-70507.61
15:15:54 [ultranest] [DEBUG] iteration=675, ncalls=1497, regioncalls=43880, ndraw=40, logz=-72445.05, remainder_fraction=100.0000%, Lmin=-72431.91, Lmax=-70507.61
15:15:54 [ultranest] [DEBUG] iteration=680, ncalls=1504, regioncalls=44160, ndraw=40, logz=-72427.45, remainder_fraction=100.0000%, Lmin=-72418.06, Lmax=-70507.61
15:15:54 [ultranest] [DEBUG] iteration=703, ncalls=1544, regioncalls=45760, ndraw=40, logz=-72331.44, remainder_fraction=100.0000%, Lmin=-72310.38, Lmax=-70499.23
15:15:54 [ultranest] [DEBUG] iteration=720, ncalls=1570, regioncalls=46800, ndraw=40, logz=-72236.96, remainder_fraction=100.0000%, Lmin=-72227.58, Lmax=-70499.23
15:15:55 [ultranest] [DEBUG] iteration=745, ncalls=1610, regioncalls=48400, ndraw=40, logz=-72148.68, remainder_fraction=100.0000%, Lmin=-72138.83, Lmax=-70499.23
15:15:55 [ultranest] [DEBUG] iteration=753, ncalls=1626, regioncalls=49040, ndraw=40, logz=-72097.47, remainder_fraction=100.0000%, Lmin=-72089.44, Lmax=-70499.23
15:15:55 [ultranest] [DEBUG] iteration=760, ncalls=1638, regioncalls=49520, ndraw=40, logz=-72091.72, remainder_fraction=100.0000%, Lmin=-72080.50, Lmax=-70499.23
15:15:55 [ultranest] [DEBUG] iteration=784, ncalls=1684, regioncalls=51360, ndraw=40, logz=-72030.01, remainder_fraction=100.0000%, Lmin=-72021.11, Lmax=-70499.23
15:15:55 [ultranest] [DEBUG] iteration=800, ncalls=1717, regioncalls=52680, ndraw=40, logz=-71988.04, remainder_fraction=100.0000%, Lmin=-71979.02, Lmax=-70499.23
15:15:55 [ultranest] [DEBUG] iteration=822, ncalls=1758, regioncalls=54320, ndraw=40, logz=-71926.16, remainder_fraction=100.0000%, Lmin=-71917.03, Lmax=-70499.23
15:15:55 [ultranest] [DEBUG] iteration=831, ncalls=1775, regioncalls=55000, ndraw=40, logz=-71899.22, remainder_fraction=100.0000%, Lmin=-71885.22, Lmax=-70499.23
15:15:55 [ultranest] [DEBUG] iteration=840, ncalls=1794, regioncalls=55760, ndraw=40, logz=-71865.64, remainder_fraction=100.0000%, Lmin=-71855.94, Lmax=-70499.23
15:15:55 [ultranest] [DEBUG] iteration=865, ncalls=1834, regioncalls=57360, ndraw=40, logz=-71813.38, remainder_fraction=100.0000%, Lmin=-71800.80, Lmax=-70499.23
15:15:55 [ultranest] [DEBUG] iteration=880, ncalls=1862, regioncalls=58480, ndraw=40, logz=-71778.03, remainder_fraction=100.0000%, Lmin=-71768.30, Lmax=-70499.23
15:15:55 [ultranest] [DEBUG] iteration=900, ncalls=1904, regioncalls=60160, ndraw=40, logz=-71725.76, remainder_fraction=100.0000%, Lmin=-71716.79, Lmax=-70499.23
15:15:55 [ultranest] [DEBUG] iteration=909, ncalls=1940, regioncalls=61600, ndraw=40, logz=-71703.09, remainder_fraction=100.0000%, Lmin=-71691.86, Lmax=-70499.23
15:15:55 [ultranest] [DEBUG] iteration=920, ncalls=1961, regioncalls=62440, ndraw=40, logz=-71687.09, remainder_fraction=100.0000%, Lmin=-71677.82, Lmax=-70499.23
15:15:56 [ultranest] [DEBUG] iteration=943, ncalls=2003, regioncalls=64120, ndraw=40, logz=-71635.20, remainder_fraction=100.0000%, Lmin=-71625.81, Lmax=-70475.25
15:15:56 [ultranest] [DEBUG] iteration=960, ncalls=2033, regioncalls=65320, ndraw=40, logz=-71600.18, remainder_fraction=100.0000%, Lmin=-71591.65, Lmax=-70475.25
15:15:56 [ultranest] [DEBUG] iteration=980, ncalls=2075, regioncalls=67000, ndraw=40, logz=-71552.06, remainder_fraction=100.0000%, Lmin=-71539.95, Lmax=-70475.25
15:15:56 [ultranest] [DEBUG] iteration=987, ncalls=2087, regioncalls=67480, ndraw=40, logz=-71537.88, remainder_fraction=100.0000%, Lmin=-71528.80, Lmax=-70475.25
15:15:56 [ultranest] [DEBUG] iteration=1000, ncalls=2117, regioncalls=68680, ndraw=40, logz=-71510.17, remainder_fraction=100.0000%, Lmin=-71499.16, Lmax=-70475.25
15:15:56 [ultranest] [DEBUG] iteration=1020, ncalls=2162, regioncalls=70480, ndraw=40, logz=-71481.23, remainder_fraction=100.0000%, Lmin=-71470.41, Lmax=-70475.25
15:15:56 [ultranest] [DEBUG] iteration=1040, ncalls=2204, regioncalls=72160, ndraw=40, logz=-71437.86, remainder_fraction=100.0000%, Lmin=-71427.98, Lmax=-70475.25
15:15:56 [ultranest] [DEBUG] iteration=1062, ncalls=2245, regioncalls=73800, ndraw=40, logz=-71408.35, remainder_fraction=100.0000%, Lmin=-71397.67, Lmax=-70475.25
15:15:56 [ultranest] [DEBUG] iteration=1065, ncalls=2254, regioncalls=74160, ndraw=40, logz=-71403.83, remainder_fraction=100.0000%, Lmin=-71394.17, Lmax=-70475.25
15:15:56 [ultranest] [DEBUG] iteration=1080, ncalls=2271, regioncalls=74840, ndraw=40, logz=-71385.24, remainder_fraction=100.0000%, Lmin=-71376.09, Lmax=-70475.25
15:15:56 [ultranest] [DEBUG] iteration=1105, ncalls=2310, regioncalls=76440, ndraw=40, logz=-71340.60, remainder_fraction=100.0000%, Lmin=-71332.57, Lmax=-70475.25
15:15:56 [ultranest] [DEBUG] iteration=1120, ncalls=2333, regioncalls=77360, ndraw=40, logz=-71315.28, remainder_fraction=100.0000%, Lmin=-71305.64, Lmax=-70475.25
15:15:56 [ultranest] [DEBUG] iteration=1143, ncalls=2372, regioncalls=78960, ndraw=40, logz=-71277.59, remainder_fraction=100.0000%, Lmin=-71267.45, Lmax=-70475.25
15:15:57 [ultranest] [DEBUG] iteration=1160, ncalls=2400, regioncalls=80120, ndraw=40, logz=-71247.78, remainder_fraction=100.0000%, Lmin=-71236.11, Lmax=-70475.25
15:15:57 [ultranest] [DEBUG] iteration=1185, ncalls=2439, regioncalls=81680, ndraw=40, logz=-71211.50, remainder_fraction=100.0000%, Lmin=-71201.61, Lmax=-70475.25
15:15:57 [ultranest] [DEBUG] iteration=1200, ncalls=2462, regioncalls=82600, ndraw=40, logz=-71195.19, remainder_fraction=100.0000%, Lmin=-71181.46, Lmax=-70475.25
15:15:57 [ultranest] [DEBUG] iteration=1221, ncalls=2501, regioncalls=84160, ndraw=40, logz=-71157.87, remainder_fraction=100.0000%, Lmin=-71148.07, Lmax=-70475.25
15:15:57 [ultranest] [DEBUG] iteration=1240, ncalls=2528, regioncalls=85280, ndraw=40, logz=-71134.88, remainder_fraction=100.0000%, Lmin=-71125.34, Lmax=-70475.25
15:15:57 [ultranest] [DEBUG] iteration=1265, ncalls=2569, regioncalls=86960, ndraw=40, logz=-71111.45, remainder_fraction=100.0000%, Lmin=-71102.23, Lmax=-70475.25
15:15:57 [ultranest] [DEBUG] iteration=1280, ncalls=2596, regioncalls=88040, ndraw=40, logz=-71096.89, remainder_fraction=100.0000%, Lmin=-71085.68, Lmax=-70475.25
15:15:57 [ultranest] [DEBUG] iteration=1299, ncalls=2626, regioncalls=89240, ndraw=40, logz=-71070.33, remainder_fraction=100.0000%, Lmin=-71060.66, Lmax=-70475.25
15:15:57 [ultranest] [DEBUG] iteration=1320, ncalls=2659, regioncalls=90600, ndraw=40, logz=-71048.25, remainder_fraction=100.0000%, Lmin=-71037.41, Lmax=-70475.25
15:15:57 [ultranest] [DEBUG] iteration=1345, ncalls=2698, regioncalls=92160, ndraw=40, logz=-71025.43, remainder_fraction=100.0000%, Lmin=-71016.42, Lmax=-70475.25
15:15:57 [ultranest] [DEBUG] iteration=1360, ncalls=2726, regioncalls=93280, ndraw=40, logz=-71013.70, remainder_fraction=100.0000%, Lmin=-71004.84, Lmax=-70475.25
15:15:57 [ultranest] [DEBUG] iteration=1377, ncalls=2749, regioncalls=94240, ndraw=40, logz=-71003.83, remainder_fraction=100.0000%, Lmin=-70994.59, Lmax=-70475.25
15:15:58 [ultranest] [DEBUG] iteration=1400, ncalls=2780, regioncalls=95480, ndraw=40, logz=-70974.98, remainder_fraction=100.0000%, Lmin=-70965.03, Lmax=-70475.25
15:15:58 [ultranest] [DEBUG] iteration=1425, ncalls=2821, regioncalls=97120, ndraw=40, logz=-70946.59, remainder_fraction=100.0000%, Lmin=-70937.39, Lmax=-70475.25
15:15:58 [ultranest] [DEBUG] iteration=1440, ncalls=2851, regioncalls=98320, ndraw=40, logz=-70934.52, remainder_fraction=100.0000%, Lmin=-70924.38, Lmax=-70475.25
15:15:58 [ultranest] [DEBUG] iteration=1458, ncalls=2889, regioncalls=99840, ndraw=40, logz=-70918.38, remainder_fraction=100.0000%, Lmin=-70908.88, Lmax=-70475.25
15:15:58 [ultranest] [DEBUG] iteration=1480, ncalls=2933, regioncalls=101600, ndraw=40, logz=-70899.39, remainder_fraction=100.0000%, Lmin=-70888.60, Lmax=-70475.25
15:15:58 [ultranest] [DEBUG] iteration=1497, ncalls=2978, regioncalls=103400, ndraw=40, logz=-70885.34, remainder_fraction=100.0000%, Lmin=-70875.66, Lmax=-70475.25
15:15:58 [ultranest] [DEBUG] iteration=1517, ncalls=3019, regioncalls=105040, ndraw=40, logz=-70875.89, remainder_fraction=100.0000%, Lmin=-70866.50, Lmax=-70475.25
15:15:58 [ultranest] [DEBUG] iteration=1520, ncalls=3025, regioncalls=105280, ndraw=40, logz=-70874.51, remainder_fraction=100.0000%, Lmin=-70863.75, Lmax=-70475.25
15:15:58 [ultranest] [DEBUG] iteration=1533, ncalls=3047, regioncalls=106160, ndraw=40, logz=-70864.99, remainder_fraction=100.0000%, Lmin=-70853.34, Lmax=-70475.25
15:15:58 [ultranest] [DEBUG] iteration=1560, ncalls=3084, regioncalls=107800, ndraw=40, logz=-70845.60, remainder_fraction=100.0000%, Lmin=-70835.66, Lmax=-70475.25
15:15:58 [ultranest] [DEBUG] iteration=1584, ncalls=3124, regioncalls=109400, ndraw=40, logz=-70831.55, remainder_fraction=100.0000%, Lmin=-70820.98, Lmax=-70475.25
15:15:58 [ultranest] [DEBUG] iteration=1600, ncalls=3159, regioncalls=110800, ndraw=40, logz=-70819.99, remainder_fraction=100.0000%, Lmin=-70809.94, Lmax=-70475.25
15:15:59 [ultranest] [DEBUG] iteration=1611, ncalls=3171, regioncalls=111280, ndraw=40, logz=-70814.15, remainder_fraction=100.0000%, Lmin=-70804.55, Lmax=-70475.25
15:15:59 [ultranest] [DEBUG] iteration=1635, ncalls=3209, regioncalls=112880, ndraw=40, logz=-70795.97, remainder_fraction=100.0000%, Lmin=-70785.86, Lmax=-70475.25
15:15:59 [ultranest] [DEBUG] iteration=1640, ncalls=3214, regioncalls=113080, ndraw=40, logz=-70792.73, remainder_fraction=100.0000%, Lmin=-70782.05, Lmax=-70475.25
15:15:59 [ultranest] [DEBUG] iteration=1665, ncalls=3255, regioncalls=114720, ndraw=40, logz=-70775.93, remainder_fraction=100.0000%, Lmin=-70765.90, Lmax=-70473.24
15:15:59 [ultranest] [DEBUG] iteration=1680, ncalls=3276, regioncalls=115560, ndraw=40, logz=-70764.28, remainder_fraction=100.0000%, Lmin=-70754.45, Lmax=-70473.24
15:15:59 [ultranest] [DEBUG] iteration=1703, ncalls=3314, regioncalls=117080, ndraw=40, logz=-70751.98, remainder_fraction=100.0000%, Lmin=-70742.67, Lmax=-70473.24
15:15:59 [ultranest] [DEBUG] iteration=1720, ncalls=3337, regioncalls=118000, ndraw=40, logz=-70745.77, remainder_fraction=100.0000%, Lmin=-70736.00, Lmax=-70473.24
15:15:59 [ultranest] [DEBUG] iteration=1745, ncalls=3386, regioncalls=119960, ndraw=40, logz=-70733.44, remainder_fraction=100.0000%, Lmin=-70723.44, Lmax=-70473.24
15:15:59 [ultranest] [DEBUG] iteration=1760, ncalls=3409, regioncalls=120880, ndraw=40, logz=-70726.05, remainder_fraction=100.0000%, Lmin=-70715.82, Lmax=-70473.24
15:15:59 [ultranest] [DEBUG] iteration=1767, ncalls=3423, regioncalls=121480, ndraw=40, logz=-70722.84, remainder_fraction=100.0000%, Lmin=-70713.22, Lmax=-70473.24
15:15:59 [ultranest] [DEBUG] iteration=1794, ncalls=3462, regioncalls=123080, ndraw=40, logz=-70711.79, remainder_fraction=100.0000%, Lmin=-70700.58, Lmax=-70473.24
15:15:59 [ultranest] [DEBUG] iteration=1800, ncalls=3470, regioncalls=123400, ndraw=40, logz=-70709.23, remainder_fraction=100.0000%, Lmin=-70698.99, Lmax=-70473.24
15:15:59 [ultranest] [DEBUG] iteration=1825, ncalls=3509, regioncalls=124960, ndraw=40, logz=-70700.89, remainder_fraction=100.0000%, Lmin=-70690.54, Lmax=-70473.24
15:16:00 [ultranest] [DEBUG] iteration=1840, ncalls=3531, regioncalls=125840, ndraw=40, logz=-70693.82, remainder_fraction=100.0000%, Lmin=-70683.44, Lmax=-70473.24
15:16:00 [ultranest] [DEBUG] iteration=1845, ncalls=3537, regioncalls=126080, ndraw=40, logz=-70692.07, remainder_fraction=100.0000%, Lmin=-70680.94, Lmax=-70473.24
15:16:00 [ultranest] [DEBUG] iteration=1871, ncalls=3578, regioncalls=127760, ndraw=40, logz=-70680.87, remainder_fraction=100.0000%, Lmin=-70670.37, Lmax=-70473.24
15:16:00 [ultranest] [DEBUG] iteration=1880, ncalls=3589, regioncalls=128200, ndraw=40, logz=-70676.92, remainder_fraction=100.0000%, Lmin=-70666.53, Lmax=-70473.24
15:16:00 [ultranest] [DEBUG] iteration=1908, ncalls=3628, regioncalls=129760, ndraw=40, logz=-70666.60, remainder_fraction=100.0000%, Lmin=-70656.69, Lmax=-70473.24
15:16:00 [ultranest] [DEBUG] iteration=1920, ncalls=3647, regioncalls=130520, ndraw=40, logz=-70662.89, remainder_fraction=100.0000%, Lmin=-70652.70, Lmax=-70473.24
15:16:00 [ultranest] [DEBUG] iteration=1941, ncalls=3686, regioncalls=132080, ndraw=40, logz=-70655.75, remainder_fraction=100.0000%, Lmin=-70645.28, Lmax=-70473.06
15:16:00 [ultranest] [DEBUG] iteration=1960, ncalls=3714, regioncalls=133200, ndraw=40, logz=-70649.93, remainder_fraction=100.0000%, Lmin=-70638.99, Lmax=-70473.06
15:16:00 [ultranest] [DEBUG] iteration=1985, ncalls=3756, regioncalls=134880, ndraw=40, logz=-70641.28, remainder_fraction=100.0000%, Lmin=-70630.00, Lmax=-70473.06
15:16:00 [ultranest] [DEBUG] iteration=2000, ncalls=3786, regioncalls=136080, ndraw=40, logz=-70634.63, remainder_fraction=100.0000%, Lmin=-70624.45, Lmax=-70473.06
15:16:00 [ultranest] [DEBUG] iteration=2001, ncalls=3787, regioncalls=136160, ndraw=40, logz=-70634.41, remainder_fraction=100.0000%, Lmin=-70624.41, Lmax=-70473.06
15:16:00 [ultranest] [DEBUG] iteration=2027, ncalls=3826, regioncalls=137720, ndraw=40, logz=-70626.94, remainder_fraction=100.0000%, Lmin=-70616.86, Lmax=-70473.06
15:16:00 [ultranest] [DEBUG] iteration=2040, ncalls=3843, regioncalls=138400, ndraw=40, logz=-70623.06, remainder_fraction=100.0000%, Lmin=-70612.55, Lmax=-70473.06
15:16:00 [ultranest] [DEBUG] iteration=2061, ncalls=3884, regioncalls=140040, ndraw=40, logz=-70618.07, remainder_fraction=100.0000%, Lmin=-70608.07, Lmax=-70473.06
15:16:01 [ultranest] [DEBUG] iteration=2079, ncalls=3918, regioncalls=141440, ndraw=40, logz=-70611.76, remainder_fraction=100.0000%, Lmin=-70600.87, Lmax=-70473.06
15:16:01 [ultranest] [DEBUG] iteration=2080, ncalls=3919, regioncalls=141480, ndraw=40, logz=-70611.42, remainder_fraction=100.0000%, Lmin=-70600.80, Lmax=-70473.06
15:16:01 [ultranest] [DEBUG] iteration=2103, ncalls=3958, regioncalls=143080, ndraw=40, logz=-70604.00, remainder_fraction=100.0000%, Lmin=-70592.82, Lmax=-70473.06
15:16:01 [ultranest] [DEBUG] iteration=2120, ncalls=3980, regioncalls=143960, ndraw=40, logz=-70597.61, remainder_fraction=100.0000%, Lmin=-70586.90, Lmax=-70473.06
15:16:01 [ultranest] [DEBUG] iteration=2145, ncalls=4019, regioncalls=145520, ndraw=40, logz=-70591.70, remainder_fraction=100.0000%, Lmin=-70580.93, Lmax=-70471.57
15:16:01 [ultranest] [DEBUG] iteration=2157, ncalls=4045, regioncalls=146680, ndraw=40, logz=-70588.71, remainder_fraction=100.0000%, Lmin=-70578.38, Lmax=-70471.10
15:16:01 [ultranest] [DEBUG] iteration=2160, ncalls=4048, regioncalls=146800, ndraw=40, logz=-70588.21, remainder_fraction=100.0000%, Lmin=-70578.00, Lmax=-70471.10
15:16:01 [ultranest] [DEBUG] iteration=2183, ncalls=4085, regioncalls=148280, ndraw=40, logz=-70584.34, remainder_fraction=100.0000%, Lmin=-70573.90, Lmax=-70471.10
15:16:01 [ultranest] [DEBUG] iteration=2200, ncalls=4116, regioncalls=149520, ndraw=40, logz=-70582.09, remainder_fraction=100.0000%, Lmin=-70571.91, Lmax=-70471.10
15:16:01 [ultranest] [DEBUG] iteration=2224, ncalls=4157, regioncalls=151160, ndraw=40, logz=-70577.04, remainder_fraction=100.0000%, Lmin=-70565.84, Lmax=-70471.10
15:16:01 [ultranest] [DEBUG] iteration=2235, ncalls=4174, regioncalls=151920, ndraw=40, logz=-70574.43, remainder_fraction=100.0000%, Lmin=-70563.71, Lmax=-70471.10
15:16:01 [ultranest] [DEBUG] iteration=2240, ncalls=4179, regioncalls=152120, ndraw=40, logz=-70573.54, remainder_fraction=100.0000%, Lmin=-70562.82, Lmax=-70471.10
15:16:01 [ultranest] [DEBUG] iteration=2270, ncalls=4217, regioncalls=153720, ndraw=40, logz=-70567.67, remainder_fraction=100.0000%, Lmin=-70556.20, Lmax=-70471.10
15:16:01 [ultranest] [DEBUG] iteration=2280, ncalls=4236, regioncalls=154480, ndraw=40, logz=-70565.60, remainder_fraction=100.0000%, Lmin=-70555.18, Lmax=-70471.10
15:16:01 [ultranest] [DEBUG] iteration=2309, ncalls=4276, regioncalls=156080, ndraw=40, logz=-70561.95, remainder_fraction=100.0000%, Lmin=-70551.32, Lmax=-70471.10
15:16:02 [ultranest] [DEBUG] iteration=2320, ncalls=4302, regioncalls=157120, ndraw=40, logz=-70560.47, remainder_fraction=100.0000%, Lmin=-70549.84, Lmax=-70471.10
15:16:02 [ultranest] [DEBUG] iteration=2339, ncalls=4344, regioncalls=158800, ndraw=40, logz=-70557.24, remainder_fraction=100.0000%, Lmin=-70546.49, Lmax=-70471.10
15:16:02 [ultranest] [DEBUG] iteration=2360, ncalls=4379, regioncalls=160200, ndraw=40, logz=-70554.83, remainder_fraction=100.0000%, Lmin=-70544.45, Lmax=-70471.10
15:16:02 [ultranest] [DEBUG] iteration=2378, ncalls=4422, regioncalls=161920, ndraw=40, logz=-70552.69, remainder_fraction=100.0000%, Lmin=-70542.24, Lmax=-70471.10
15:16:02 [ultranest] [DEBUG] iteration=2391, ncalls=4448, regioncalls=163000, ndraw=40, logz=-70550.98, remainder_fraction=100.0000%, Lmin=-70540.40, Lmax=-70471.10
15:16:02 [ultranest] [DEBUG] iteration=2400, ncalls=4462, regioncalls=163560, ndraw=40, logz=-70549.54, remainder_fraction=100.0000%, Lmin=-70538.91, Lmax=-70471.10
15:16:02 [ultranest] [DEBUG] iteration=2427, ncalls=4501, regioncalls=165120, ndraw=40, logz=-70545.80, remainder_fraction=100.0000%, Lmin=-70535.13, Lmax=-70471.10
15:16:02 [ultranest] [DEBUG] iteration=2440, ncalls=4523, regioncalls=166000, ndraw=40, logz=-70544.26, remainder_fraction=100.0000%, Lmin=-70533.43, Lmax=-70471.10
15:16:02 [ultranest] [DEBUG] iteration=2463, ncalls=4565, regioncalls=167680, ndraw=40, logz=-70541.68, remainder_fraction=100.0000%, Lmin=-70531.09, Lmax=-70471.10
15:16:02 [ultranest] [DEBUG] iteration=2480, ncalls=4594, regioncalls=168840, ndraw=40, logz=-70539.68, remainder_fraction=100.0000%, Lmin=-70528.92, Lmax=-70471.10
15:16:02 [ultranest] [DEBUG] iteration=2501, ncalls=4635, regioncalls=170480, ndraw=40, logz=-70537.82, remainder_fraction=100.0000%, Lmin=-70527.42, Lmax=-70471.10
15:16:02 [ultranest] [DEBUG] iteration=2520, ncalls=4670, regioncalls=171880, ndraw=40, logz=-70535.83, remainder_fraction=100.0000%, Lmin=-70524.64, Lmax=-70471.10
15:16:03 [ultranest] [DEBUG] iteration=2541, ncalls=4711, regioncalls=173520, ndraw=40, logz=-70533.72, remainder_fraction=100.0000%, Lmin=-70523.19, Lmax=-70471.10
15:16:03 [ultranest] [DEBUG] iteration=2547, ncalls=4727, regioncalls=174200, ndraw=40, logz=-70533.30, remainder_fraction=100.0000%, Lmin=-70522.74, Lmax=-70471.10
15:16:03 [ultranest] [DEBUG] iteration=2560, ncalls=4744, regioncalls=174880, ndraw=40, logz=-70532.40, remainder_fraction=100.0000%, Lmin=-70521.62, Lmax=-70471.10
15:16:03 [ultranest] [DEBUG] iteration=2587, ncalls=4782, regioncalls=176400, ndraw=40, logz=-70529.40, remainder_fraction=100.0000%, Lmin=-70517.98, Lmax=-70471.10
15:16:03 [ultranest] [DEBUG] iteration=2600, ncalls=4806, regioncalls=177360, ndraw=40, logz=-70527.91, remainder_fraction=100.0000%, Lmin=-70517.06, Lmax=-70471.10
15:16:03 [ultranest] [DEBUG] iteration=2625, ncalls=4842, regioncalls=178840, ndraw=40, logz=-70525.71, remainder_fraction=100.0000%, Lmin=-70514.94, Lmax=-70471.10
15:16:03 [ultranest] [DEBUG] iteration=2640, ncalls=4862, regioncalls=179640, ndraw=40, logz=-70524.61, remainder_fraction=100.0000%, Lmin=-70513.77, Lmax=-70471.10
15:16:03 [ultranest] [DEBUG] iteration=2661, ncalls=4905, regioncalls=181400, ndraw=40, logz=-70522.93, remainder_fraction=100.0000%, Lmin=-70511.72, Lmax=-70471.10
15:16:03 [ultranest] [DEBUG] iteration=2680, ncalls=4934, regioncalls=182560, ndraw=40, logz=-70521.09, remainder_fraction=100.0000%, Lmin=-70509.95, Lmax=-70471.10
15:16:03 [ultranest] [DEBUG] iteration=2701, ncalls=4975, regioncalls=184200, ndraw=40, logz=-70519.36, remainder_fraction=100.0000%, Lmin=-70508.24, Lmax=-70471.10
15:16:03 [ultranest] [DEBUG] iteration=2703, ncalls=4977, regioncalls=184320, ndraw=40, logz=-70519.20, remainder_fraction=100.0000%, Lmin=-70508.21, Lmax=-70471.10
15:16:03 [ultranest] [DEBUG] iteration=2720, ncalls=4996, regioncalls=185080, ndraw=40, logz=-70517.95, remainder_fraction=100.0000%, Lmin=-70506.92, Lmax=-70470.83
15:16:03 [ultranest] [DEBUG] iteration=2748, ncalls=5034, regioncalls=186600, ndraw=40, logz=-70515.95, remainder_fraction=100.0000%, Lmin=-70504.92, Lmax=-70470.83
15:16:03 [ultranest] [DEBUG] iteration=2760, ncalls=5048, regioncalls=187160, ndraw=40, logz=-70515.28, remainder_fraction=100.0000%, Lmin=-70504.40, Lmax=-70470.83
15:16:04 [ultranest] [DEBUG] iteration=2781, ncalls=5082, regioncalls=188560, ndraw=40, logz=-70514.06, remainder_fraction=100.0000%, Lmin=-70503.10, Lmax=-70470.83
15:16:04 [ultranest] [DEBUG] iteration=2800, ncalls=5103, regioncalls=189400, ndraw=40, logz=-70512.58, remainder_fraction=100.0000%, Lmin=-70501.26, Lmax=-70470.83
15:16:04 [ultranest] [DEBUG] iteration=2828, ncalls=5142, regioncalls=190960, ndraw=40, logz=-70511.05, remainder_fraction=100.0000%, Lmin=-70500.23, Lmax=-70470.83
15:16:04 [ultranest] [DEBUG] iteration=2840, ncalls=5162, regioncalls=191760, ndraw=40, logz=-70510.56, remainder_fraction=100.0000%, Lmin=-70499.69, Lmax=-70470.83
15:16:04 [ultranest] [DEBUG] iteration=2861, ncalls=5199, regioncalls=193240, ndraw=40, logz=-70509.57, remainder_fraction=100.0000%, Lmin=-70498.40, Lmax=-70470.83
15:16:04 [ultranest] [DEBUG] iteration=2880, ncalls=5234, regioncalls=194640, ndraw=40, logz=-70508.57, remainder_fraction=100.0000%, Lmin=-70497.27, Lmax=-70470.83
15:16:04 [ultranest] [DEBUG] iteration=2905, ncalls=5274, regioncalls=196240, ndraw=40, logz=-70507.09, remainder_fraction=100.0000%, Lmin=-70495.82, Lmax=-70470.83
15:16:04 [ultranest] [DEBUG] iteration=2920, ncalls=5308, regioncalls=197600, ndraw=40, logz=-70506.24, remainder_fraction=100.0000%, Lmin=-70494.94, Lmax=-70470.74
15:16:04 [ultranest] [DEBUG] iteration=2940, ncalls=5346, regioncalls=199120, ndraw=40, logz=-70505.31, remainder_fraction=100.0000%, Lmin=-70494.09, Lmax=-70470.74
15:16:04 [ultranest] [DEBUG] iteration=2959, ncalls=5388, regioncalls=200800, ndraw=40, logz=-70504.49, remainder_fraction=100.0000%, Lmin=-70493.22, Lmax=-70470.74
15:16:04 [ultranest] [DEBUG] iteration=2960, ncalls=5389, regioncalls=200840, ndraw=40, logz=-70504.44, remainder_fraction=100.0000%, Lmin=-70493.17, Lmax=-70470.74
15:16:04 [ultranest] [DEBUG] iteration=2974, ncalls=5437, regioncalls=202760, ndraw=40, logz=-70503.80, remainder_fraction=100.0000%, Lmin=-70492.56, Lmax=-70470.74
15:16:05 [ultranest] [DEBUG] iteration=2993, ncalls=5479, regioncalls=204440, ndraw=40, logz=-70503.08, remainder_fraction=100.0000%, Lmin=-70491.86, Lmax=-70470.74
15:16:05 [ultranest] [DEBUG] iteration=3000, ncalls=5489, regioncalls=204840, ndraw=40, logz=-70502.79, remainder_fraction=100.0000%, Lmin=-70491.52, Lmax=-70470.74
15:16:05 [ultranest] [DEBUG] iteration=3015, ncalls=5517, regioncalls=206000, ndraw=40, logz=-70502.17, remainder_fraction=100.0000%, Lmin=-70490.96, Lmax=-70470.69
15:16:05 [ultranest] [DEBUG] iteration=3040, ncalls=5548, regioncalls=207240, ndraw=40, logz=-70501.22, remainder_fraction=100.0000%, Lmin=-70490.00, Lmax=-70470.69
15:16:05 [ultranest] [DEBUG] iteration=3067, ncalls=5587, regioncalls=208800, ndraw=40, logz=-70500.24, remainder_fraction=100.0000%, Lmin=-70488.95, Lmax=-70470.69
15:16:05 [ultranest] [DEBUG] iteration=3080, ncalls=5604, regioncalls=209480, ndraw=40, logz=-70499.76, remainder_fraction=100.0000%, Lmin=-70488.35, Lmax=-70470.69
15:16:05 [ultranest] [DEBUG] iteration=3093, ncalls=5628, regioncalls=210480, ndraw=40, logz=-70499.28, remainder_fraction=100.0000%, Lmin=-70487.84, Lmax=-70470.69
15:16:05 [ultranest] [DEBUG] iteration=3118, ncalls=5667, regioncalls=212040, ndraw=40, logz=-70498.50, remainder_fraction=100.0000%, Lmin=-70487.27, Lmax=-70470.15
15:16:05 [ultranest] [DEBUG] iteration=3120, ncalls=5670, regioncalls=212160, ndraw=40, logz=-70498.45, remainder_fraction=100.0000%, Lmin=-70487.13, Lmax=-70470.15
15:16:05 [ultranest] [DEBUG] iteration=3146, ncalls=5710, regioncalls=213760, ndraw=40, logz=-70497.64, remainder_fraction=100.0000%, Lmin=-70486.28, Lmax=-70470.15
15:16:05 [ultranest] [DEBUG] iteration=3160, ncalls=5729, regioncalls=214520, ndraw=40, logz=-70497.25, remainder_fraction=99.9999%, Lmin=-70485.97, Lmax=-70470.15
15:16:05 [ultranest] [DEBUG] iteration=3182, ncalls=5769, regioncalls=216120, ndraw=40, logz=-70496.65, remainder_fraction=99.9999%, Lmin=-70485.35, Lmax=-70470.15
15:16:05 [ultranest] [DEBUG] iteration=3200, ncalls=5810, regioncalls=217760, ndraw=40, logz=-70496.19, remainder_fraction=99.9998%, Lmin=-70484.88, Lmax=-70470.15
15:16:06 [ultranest] [DEBUG] iteration=3223, ncalls=5854, regioncalls=219520, ndraw=40, logz=-70495.64, remainder_fraction=99.9997%, Lmin=-70484.20, Lmax=-70470.15
15:16:06 [ultranest] [DEBUG] iteration=3240, ncalls=5884, regioncalls=220720, ndraw=40, logz=-70495.21, remainder_fraction=99.9996%, Lmin=-70483.81, Lmax=-70470.15
15:16:06 [ultranest] [DEBUG] iteration=3256, ncalls=5923, regioncalls=222280, ndraw=40, logz=-70494.84, remainder_fraction=99.9994%, Lmin=-70483.52, Lmax=-70470.15
15:16:06 [ultranest] [DEBUG] iteration=3278, ncalls=5965, regioncalls=223960, ndraw=40, logz=-70494.35, remainder_fraction=99.9989%, Lmin=-70482.86, Lmax=-70470.15
15:16:06 [ultranest] [DEBUG] iteration=3280, ncalls=5968, regioncalls=224080, ndraw=40, logz=-70494.30, remainder_fraction=99.9989%, Lmin=-70482.81, Lmax=-70470.15
15:16:06 [ultranest] [DEBUG] iteration=3297, ncalls=6007, regioncalls=225640, ndraw=40, logz=-70493.92, remainder_fraction=99.9984%, Lmin=-70482.39, Lmax=-70470.15
15:16:06 [ultranest] [DEBUG] iteration=3315, ncalls=6049, regioncalls=227320, ndraw=40, logz=-70493.53, remainder_fraction=99.9976%, Lmin=-70482.09, Lmax=-70470.15
15:16:06 [ultranest] [DEBUG] iteration=3320, ncalls=6064, regioncalls=227920, ndraw=40, logz=-70493.43, remainder_fraction=99.9973%, Lmin=-70481.94, Lmax=-70470.15
15:16:06 [ultranest] [DEBUG] iteration=3337, ncalls=6103, regioncalls=229480, ndraw=40, logz=-70493.06, remainder_fraction=99.9961%, Lmin=-70481.45, Lmax=-70470.15
15:16:06 [ultranest] [DEBUG] iteration=3355, ncalls=6147, regioncalls=231240, ndraw=40, logz=-70492.69, remainder_fraction=99.9940%, Lmin=-70481.21, Lmax=-70470.15
15:16:06 [ultranest] [DEBUG] iteration=3360, ncalls=6160, regioncalls=231760, ndraw=40, logz=-70492.60, remainder_fraction=99.9934%, Lmin=-70481.10, Lmax=-70470.15
15:16:06 [ultranest] [DEBUG] iteration=3381, ncalls=6206, regioncalls=233600, ndraw=40, logz=-70492.20, remainder_fraction=99.9900%, Lmin=-70480.54, Lmax=-70470.15
15:16:07 [ultranest] [DEBUG] iteration=3393, ncalls=6250, regioncalls=235360, ndraw=40, logz=-70491.96, remainder_fraction=99.9870%, Lmin=-70480.38, Lmax=-70470.15
15:16:07 [ultranest] [DEBUG] iteration=3400, ncalls=6276, regioncalls=236400, ndraw=40, logz=-70491.83, remainder_fraction=99.9853%, Lmin=-70480.23, Lmax=-70470.15
15:16:07 [ultranest] [DEBUG] iteration=3405, ncalls=6292, regioncalls=237080, ndraw=40, logz=-70491.74, remainder_fraction=99.9855%, Lmin=-70480.16, Lmax=-70470.04
15:16:07 [ultranest] [DEBUG] iteration=3430, ncalls=6331, regioncalls=238640, ndraw=40, logz=-70491.32, remainder_fraction=99.9766%, Lmin=-70479.76, Lmax=-70470.04
15:16:07 [ultranest] [DEBUG] iteration=3440, ncalls=6349, regioncalls=239360, ndraw=40, logz=-70491.16, remainder_fraction=99.9718%, Lmin=-70479.60, Lmax=-70470.04
15:16:07 [ultranest] [DEBUG] iteration=3464, ncalls=6389, regioncalls=240960, ndraw=40, logz=-70490.79, remainder_fraction=99.9584%, Lmin=-70479.14, Lmax=-70470.04
15:16:07 [ultranest] [DEBUG] iteration=3480, ncalls=6421, regioncalls=242240, ndraw=40, logz=-70490.54, remainder_fraction=99.9468%, Lmin=-70478.85, Lmax=-70470.04
15:16:07 [ultranest] [DEBUG] iteration=3483, ncalls=6424, regioncalls=242400, ndraw=40, logz=-70490.49, remainder_fraction=99.9466%, Lmin=-70478.82, Lmax=-70470.04
15:16:07 [ultranest] [DEBUG] iteration=3510, ncalls=6462, regioncalls=243960, ndraw=40, logz=-70490.09, remainder_fraction=99.9189%, Lmin=-70478.35, Lmax=-70470.04
15:16:07 [ultranest] [DEBUG] iteration=3520, ncalls=6474, regioncalls=244440, ndraw=40, logz=-70489.94, remainder_fraction=99.9036%, Lmin=-70478.17, Lmax=-70470.04
15:16:07 [ultranest] [DEBUG] iteration=3549, ncalls=6512, regioncalls=245960, ndraw=40, logz=-70489.51, remainder_fraction=99.8475%, Lmin=-70477.72, Lmax=-70470.04
15:16:07 [ultranest] [DEBUG] iteration=3560, ncalls=6532, regioncalls=246760, ndraw=40, logz=-70489.35, remainder_fraction=99.8188%, Lmin=-70477.52, Lmax=-70470.04
15:16:07 [ultranest] [DEBUG] iteration=3561, ncalls=6533, regioncalls=246840, ndraw=40, logz=-70489.34, remainder_fraction=99.8156%, Lmin=-70477.51, Lmax=-70470.04
15:16:07 [ultranest] [DEBUG] iteration=3590, ncalls=6572, regioncalls=248400, ndraw=40, logz=-70488.94, remainder_fraction=99.7324%, Lmin=-70477.06, Lmax=-70470.04
15:16:07 [ultranest] [DEBUG] iteration=3600, ncalls=6582, regioncalls=248800, ndraw=40, logz=-70488.80, remainder_fraction=99.6923%, Lmin=-70476.91, Lmax=-70470.04
15:16:08 [ultranest] [DEBUG] iteration=3625, ncalls=6621, regioncalls=250360, ndraw=40, logz=-70488.49, remainder_fraction=99.5729%, Lmin=-70476.70, Lmax=-70470.04
15:16:08 [ultranest] [DEBUG] iteration=3640, ncalls=6646, regioncalls=251360, ndraw=40, logz=-70488.31, remainder_fraction=99.4838%, Lmin=-70476.48, Lmax=-70470.04
15:16:08 [ultranest] [DEBUG] iteration=3658, ncalls=6688, regioncalls=253040, ndraw=40, logz=-70488.09, remainder_fraction=99.3884%, Lmin=-70476.23, Lmax=-70470.04
15:16:08 [ultranest] [DEBUG] iteration=3680, ncalls=6722, regioncalls=254400, ndraw=40, logz=-70487.85, remainder_fraction=99.2718%, Lmin=-70476.00, Lmax=-70470.04
15:16:08 [ultranest] [DEBUG] iteration=3703, ncalls=6765, regioncalls=256120, ndraw=40, logz=-70487.61, remainder_fraction=99.0737%, Lmin=-70475.74, Lmax=-70470.04
15:16:08 [ultranest] [DEBUG] iteration=3720, ncalls=6801, regioncalls=257560, ndraw=40, logz=-70487.44, remainder_fraction=98.8987%, Lmin=-70475.58, Lmax=-70470.04
15:16:08 [ultranest] [DEBUG] iteration=3746, ncalls=6842, regioncalls=259200, ndraw=40, logz=-70487.20, remainder_fraction=98.7069%, Lmin=-70475.33, Lmax=-70470.04
15:16:08 [ultranest] [DEBUG] iteration=3760, ncalls=6867, regioncalls=260200, ndraw=40, logz=-70487.07, remainder_fraction=98.5467%, Lmin=-70475.23, Lmax=-70470.04
15:16:08 [ultranest] [DEBUG] iteration=3784, ncalls=6907, regioncalls=261800, ndraw=40, logz=-70486.88, remainder_fraction=98.2713%, Lmin=-70474.97, Lmax=-70470.04
15:16:08 [ultranest] [DEBUG] iteration=3797, ncalls=6947, regioncalls=263400, ndraw=40, logz=-70486.77, remainder_fraction=98.0890%, Lmin=-70474.79, Lmax=-70470.04
15:16:08 [ultranest] [DEBUG] iteration=3800, ncalls=6952, regioncalls=263600, ndraw=40, logz=-70486.74, remainder_fraction=98.0293%, Lmin=-70474.74, Lmax=-70470.04
15:16:08 [ultranest] [DEBUG] iteration=3819, ncalls=6994, regioncalls=265280, ndraw=40, logz=-70486.57, remainder_fraction=97.6454%, Lmin=-70474.53, Lmax=-70470.04
15:16:09 [ultranest] [DEBUG] iteration=3840, ncalls=7035, regioncalls=266920, ndraw=40, logz=-70486.40, remainder_fraction=97.1828%, Lmin=-70474.34, Lmax=-70470.04
15:16:09 [ultranest] [DEBUG] iteration=3858, ncalls=7077, regioncalls=268600, ndraw=40, logz=-70486.25, remainder_fraction=96.6958%, Lmin=-70474.17, Lmax=-70470.04
15:16:09 [ultranest] [DEBUG] iteration=3873, ncalls=7106, regioncalls=269800, ndraw=40, logz=-70486.13, remainder_fraction=96.2876%, Lmin=-70474.07, Lmax=-70470.04
15:16:09 [ultranest] [DEBUG] iteration=3880, ncalls=7113, regioncalls=270240, ndraw=40, logz=-70486.08, remainder_fraction=96.0554%, Lmin=-70474.00, Lmax=-70470.04
15:16:09 [ultranest] [DEBUG] iteration=3906, ncalls=7153, regioncalls=271840, ndraw=40, logz=-70485.89, remainder_fraction=95.1707%, Lmin=-70473.83, Lmax=-70470.04
15:16:09 [ultranest] [DEBUG] iteration=3920, ncalls=7174, regioncalls=272680, ndraw=40, logz=-70485.80, remainder_fraction=94.6534%, Lmin=-70473.76, Lmax=-70470.04
15:16:09 [ultranest] [DEBUG] iteration=3950, ncalls=7213, regioncalls=274240, ndraw=40, logz=-70485.62, remainder_fraction=93.6388%, Lmin=-70473.55, Lmax=-70470.00
15:16:09 [ultranest] [DEBUG] iteration=3951, ncalls=7216, regioncalls=274400, ndraw=40, logz=-70485.61, remainder_fraction=93.6080%, Lmin=-70473.55, Lmax=-70470.00
15:16:09 [ultranest] [DEBUG] iteration=3960, ncalls=7225, regioncalls=274760, ndraw=40, logz=-70485.56, remainder_fraction=93.3247%, Lmin=-70473.49, Lmax=-70470.00
15:16:09 [ultranest] [DEBUG] iteration=3984, ncalls=7264, regioncalls=276360, ndraw=40, logz=-70485.42, remainder_fraction=92.2418%, Lmin=-70473.31, Lmax=-70470.00
15:16:09 [ultranest] [DEBUG] iteration=4000, ncalls=7288, regioncalls=277320, ndraw=40, logz=-70485.33, remainder_fraction=91.5270%, Lmin=-70473.20, Lmax=-70470.00
15:16:09 [ultranest] [DEBUG] iteration=4022, ncalls=7330, regioncalls=279000, ndraw=40, logz=-70485.20, remainder_fraction=90.4009%, Lmin=-70473.07, Lmax=-70470.00
15:16:09 [ultranest] [DEBUG] iteration=4029, ncalls=7343, regioncalls=279560, ndraw=40, logz=-70485.17, remainder_fraction=90.0536%, Lmin=-70473.03, Lmax=-70470.00
15:16:09 [ultranest] [DEBUG] iteration=4040, ncalls=7357, regioncalls=280120, ndraw=40, logz=-70485.11, remainder_fraction=89.4918%, Lmin=-70473.00, Lmax=-70470.00
15:16:10 [ultranest] [DEBUG] iteration=4066, ncalls=7396, regioncalls=281680, ndraw=40, logz=-70484.98, remainder_fraction=88.1086%, Lmin=-70472.79, Lmax=-70470.00
15:16:10 [ultranest] [DEBUG] iteration=4080, ncalls=7415, regioncalls=282440, ndraw=40, logz=-70484.91, remainder_fraction=87.2571%, Lmin=-70472.70, Lmax=-70470.00
15:16:10 [ultranest] [DEBUG] iteration=4106, ncalls=7456, regioncalls=284080, ndraw=40, logz=-70484.79, remainder_fraction=85.6924%, Lmin=-70472.61, Lmax=-70470.00
15:16:10 [ultranest] [DEBUG] iteration=4120, ncalls=7479, regioncalls=285000, ndraw=40, logz=-70484.73, remainder_fraction=84.6802%, Lmin=-70472.53, Lmax=-70470.00
15:16:10 [ultranest] [DEBUG] iteration=4142, ncalls=7520, regioncalls=286640, ndraw=40, logz=-70484.64, remainder_fraction=83.0346%, Lmin=-70472.41, Lmax=-70470.00
15:16:10 [ultranest] [DEBUG] iteration=4160, ncalls=7547, regioncalls=287720, ndraw=40, logz=-70484.57, remainder_fraction=81.7585%, Lmin=-70472.30, Lmax=-70470.00
15:16:10 [ultranest] [DEBUG] iteration=4180, ncalls=7591, regioncalls=289480, ndraw=40, logz=-70484.49, remainder_fraction=80.2072%, Lmin=-70472.21, Lmax=-70470.00
15:16:10 [ultranest] [DEBUG] iteration=4185, ncalls=7599, regioncalls=289840, ndraw=40, logz=-70484.47, remainder_fraction=79.7882%, Lmin=-70472.19, Lmax=-70470.00
15:16:10 [ultranest] [DEBUG] iteration=4200, ncalls=7620, regioncalls=290680, ndraw=40, logz=-70484.41, remainder_fraction=78.6078%, Lmin=-70472.12, Lmax=-70470.00
15:16:10 [ultranest] [DEBUG] iteration=4223, ncalls=7660, regioncalls=292280, ndraw=40, logz=-70484.33, remainder_fraction=77.0270%, Lmin=-70472.04, Lmax=-70470.00
15:16:10 [ultranest] [DEBUG] iteration=4240, ncalls=7684, regioncalls=293240, ndraw=40, logz=-70484.27, remainder_fraction=75.5637%, Lmin=-70471.95, Lmax=-70470.00
15:16:10 [ultranest] [DEBUG] iteration=4263, ncalls=7721, regioncalls=294800, ndraw=40, logz=-70484.19, remainder_fraction=73.5549%, Lmin=-70471.80, Lmax=-70470.00
15:16:10 [ultranest] [DEBUG] iteration=4280, ncalls=7745, regioncalls=295760, ndraw=40, logz=-70484.13, remainder_fraction=71.9516%, Lmin=-70471.73, Lmax=-70470.00
15:16:11 [ultranest] [DEBUG] iteration=4304, ncalls=7787, regioncalls=297440, ndraw=40, logz=-70484.06, remainder_fraction=69.6947%, Lmin=-70471.66, Lmax=-70470.00
15:16:11 [ultranest] [DEBUG] iteration=4320, ncalls=7809, regioncalls=298320, ndraw=40, logz=-70484.01, remainder_fraction=68.1897%, Lmin=-70471.60, Lmax=-70470.00
15:16:11 [ultranest] [DEBUG] iteration=4344, ncalls=7845, regioncalls=299760, ndraw=40, logz=-70483.94, remainder_fraction=66.0588%, Lmin=-70471.54, Lmax=-70470.00
15:16:11 [ultranest] [DEBUG] iteration=4360, ncalls=7882, regioncalls=301240, ndraw=40, logz=-70483.90, remainder_fraction=64.6465%, Lmin=-70471.50, Lmax=-70470.00
15:16:11 [ultranest] [DEBUG] iteration=4374, ncalls=7925, regioncalls=302960, ndraw=40, logz=-70483.86, remainder_fraction=63.4252%, Lmin=-70471.45, Lmax=-70470.00
15:16:11 [ultranest] [DEBUG] iteration=4397, ncalls=7966, regioncalls=304600, ndraw=40, logz=-70483.80, remainder_fraction=61.2519%, Lmin=-70471.38, Lmax=-70470.00
15:16:11 [ultranest] [DEBUG] iteration=4400, ncalls=7970, regioncalls=304760, ndraw=40, logz=-70483.80, remainder_fraction=60.9136%, Lmin=-70471.38, Lmax=-70470.00
15:16:11 [ultranest] [DEBUG] iteration=4418, ncalls=8012, regioncalls=306440, ndraw=40, logz=-70483.75, remainder_fraction=59.2302%, Lmin=-70471.32, Lmax=-70470.00
15:16:11 [ultranest] [DEBUG] iteration=4419, ncalls=8013, regioncalls=306520, ndraw=40, logz=-70483.75, remainder_fraction=59.1382%, Lmin=-70471.32, Lmax=-70470.00
15:16:11 [ultranest] [DEBUG] iteration=4440, ncalls=8047, regioncalls=307880, ndraw=40, logz=-70483.70, remainder_fraction=57.1981%, Lmin=-70471.25, Lmax=-70469.97
15:16:11 [ultranest] [DEBUG] iteration=4464, ncalls=8088, regioncalls=309520, ndraw=40, logz=-70483.65, remainder_fraction=55.0221%, Lmin=-70471.21, Lmax=-70469.97
15:16:11 [ultranest] [DEBUG] iteration=4480, ncalls=8114, regioncalls=310560, ndraw=40, logz=-70483.62, remainder_fraction=53.6680%, Lmin=-70471.18, Lmax=-70469.97
15:16:11 [ultranest] [DEBUG] iteration=4497, ncalls=8147, regioncalls=311920, ndraw=40, logz=-70483.59, remainder_fraction=52.0923%, Lmin=-70471.15, Lmax=-70469.97
15:16:12 [ultranest] [DEBUG] iteration=4520, ncalls=8183, regioncalls=313360, ndraw=40, logz=-70483.55, remainder_fraction=49.9999%, Lmin=-70471.09, Lmax=-70469.97
15:16:12 [ultranest] [DEBUG] iteration=4549, ncalls=8221, regioncalls=314880, ndraw=40, logz=-70483.50, remainder_fraction=47.3588%, Lmin=-70471.04, Lmax=-70469.97
15:16:12 [ultranest] [DEBUG] iteration=4560, ncalls=8239, regioncalls=315600, ndraw=40, logz=-70483.48, remainder_fraction=46.5065%, Lmin=-70471.02, Lmax=-70469.97
15:16:12 [ultranest] [DEBUG] iteration=4575, ncalls=8276, regioncalls=317120, ndraw=40, logz=-70483.46, remainder_fraction=45.1716%, Lmin=-70470.98, Lmax=-70469.97
15:16:12 [ultranest] [DEBUG] iteration=4600, ncalls=8312, regioncalls=318560, ndraw=40, logz=-70483.42, remainder_fraction=43.1802%, Lmin=-70470.93, Lmax=-70469.96
15:16:12 [ultranest] [DEBUG] iteration=4630, ncalls=8349, regioncalls=320040, ndraw=40, logz=-70483.38, remainder_fraction=40.9333%, Lmin=-70470.86, Lmax=-70469.96
15:16:12 [ultranest] [DEBUG] iteration=4640, ncalls=8370, regioncalls=320880, ndraw=40, logz=-70483.36, remainder_fraction=40.1219%, Lmin=-70470.84, Lmax=-70469.96
15:16:12 [ultranest] [DEBUG] iteration=4653, ncalls=8393, regioncalls=321840, ndraw=40, logz=-70483.35, remainder_fraction=39.0286%, Lmin=-70470.82, Lmax=-70469.96
15:16:12 [ultranest] [DEBUG] iteration=4678, ncalls=8432, regioncalls=323480, ndraw=40, logz=-70483.32, remainder_fraction=37.1533%, Lmin=-70470.80, Lmax=-70469.96
15:16:12 [ultranest] [DEBUG] iteration=4680, ncalls=8434, regioncalls=323560, ndraw=40, logz=-70483.31, remainder_fraction=36.9973%, Lmin=-70470.80, Lmax=-70469.96
15:16:12 [ultranest] [DEBUG] iteration=4704, ncalls=8473, regioncalls=325120, ndraw=40, logz=-70483.29, remainder_fraction=35.2327%, Lmin=-70470.75, Lmax=-70469.96
15:16:12 [ultranest] [DEBUG] iteration=4720, ncalls=8497, regioncalls=326080, ndraw=40, logz=-70483.27, remainder_fraction=34.1151%, Lmin=-70470.74, Lmax=-70469.96
15:16:12 [ultranest] [DEBUG] iteration=4731, ncalls=8519, regioncalls=327000, ndraw=40, logz=-70483.26, remainder_fraction=33.3865%, Lmin=-70470.72, Lmax=-70469.96
15:16:13 [ultranest] [DEBUG] iteration=4754, ncalls=8558, regioncalls=328600, ndraw=40, logz=-70483.23, remainder_fraction=31.8326%, Lmin=-70470.69, Lmax=-70469.96
15:16:13 [ultranest] [DEBUG] iteration=4760, ncalls=8566, regioncalls=328920, ndraw=40, logz=-70483.23, remainder_fraction=31.4006%, Lmin=-70470.69, Lmax=-70469.96
15:16:13 [ultranest] [DEBUG] iteration=4782, ncalls=8607, regioncalls=330560, ndraw=40, logz=-70483.21, remainder_fraction=30.0025%, Lmin=-70470.66, Lmax=-70469.96
15:16:13 [ultranest] [DEBUG] iteration=4800, ncalls=8642, regioncalls=331960, ndraw=40, logz=-70483.19, remainder_fraction=28.8924%, Lmin=-70470.63, Lmax=-70469.96
15:16:13 [ultranest] [DEBUG] iteration=4809, ncalls=8658, regioncalls=332640, ndraw=40, logz=-70483.18, remainder_fraction=28.3029%, Lmin=-70470.62, Lmax=-70469.96
15:16:13 [ultranest] [DEBUG] iteration=4833, ncalls=8702, regioncalls=334400, ndraw=40, logz=-70483.16, remainder_fraction=26.8860%, Lmin=-70470.59, Lmax=-70469.96
15:16:13 [ultranest] [DEBUG] iteration=4840, ncalls=8713, regioncalls=334840, ndraw=40, logz=-70483.16, remainder_fraction=26.4820%, Lmin=-70470.59, Lmax=-70469.96
15:16:13 [ultranest] [DEBUG] iteration=4861, ncalls=8755, regioncalls=336520, ndraw=40, logz=-70483.14, remainder_fraction=25.3359%, Lmin=-70470.56, Lmax=-70469.96
15:16:13 [ultranest] [DEBUG] iteration=4880, ncalls=8798, regioncalls=338240, ndraw=40, logz=-70483.13, remainder_fraction=24.2392%, Lmin=-70470.54, Lmax=-70469.96
15:16:13 [ultranest] [DEBUG] iteration=4887, ncalls=8807, regioncalls=338680, ndraw=40, logz=-70483.12, remainder_fraction=23.8512%, Lmin=-70470.53, Lmax=-70469.96
15:16:13 [ultranest] [DEBUG] iteration=4914, ncalls=8846, regioncalls=340280, ndraw=40, logz=-70483.10, remainder_fraction=22.4087%, Lmin=-70470.51, Lmax=-70469.96
15:16:13 [ultranest] [DEBUG] iteration=4920, ncalls=8853, regioncalls=340560, ndraw=40, logz=-70483.10, remainder_fraction=22.1154%, Lmin=-70470.50, Lmax=-70469.96
15:16:13 [ultranest] [DEBUG] iteration=4944, ncalls=8893, regioncalls=342160, ndraw=40, logz=-70483.08, remainder_fraction=20.9782%, Lmin=-70470.48, Lmax=-70469.95
15:16:13 [ultranest] [DEBUG] iteration=4960, ncalls=8920, regioncalls=343240, ndraw=40, logz=-70483.08, remainder_fraction=20.2931%, Lmin=-70470.46, Lmax=-70469.95
15:16:14 [ultranest] [DEBUG] iteration=4965, ncalls=8932, regioncalls=343760, ndraw=40, logz=-70483.07, remainder_fraction=20.0504%, Lmin=-70470.45, Lmax=-70469.95
15:16:14 [ultranest] [DEBUG] iteration=4994, ncalls=8969, regioncalls=345240, ndraw=40, logz=-70483.06, remainder_fraction=18.7915%, Lmin=-70470.42, Lmax=-70469.95
15:16:14 [ultranest] [DEBUG] iteration=5000, ncalls=8978, regioncalls=345600, ndraw=40, logz=-70483.05, remainder_fraction=18.5295%, Lmin=-70470.42, Lmax=-70469.95
15:16:14 [ultranest] [DEBUG] iteration=5024, ncalls=9018, regioncalls=347200, ndraw=40, logz=-70483.04, remainder_fraction=17.5217%, Lmin=-70470.40, Lmax=-70469.95
15:16:14 [ultranest] [DEBUG] iteration=5040, ncalls=9042, regioncalls=348160, ndraw=40, logz=-70483.03, remainder_fraction=16.8927%, Lmin=-70470.38, Lmax=-70469.95
15:16:14 [ultranest] [DEBUG] iteration=5043, ncalls=9049, regioncalls=348520, ndraw=40, logz=-70483.03, remainder_fraction=16.7752%, Lmin=-70470.38, Lmax=-70469.95
15:16:14 [ultranest] [DEBUG] iteration=5070, ncalls=9088, regioncalls=350080, ndraw=40, logz=-70483.02, remainder_fraction=15.7544%, Lmin=-70470.36, Lmax=-70469.95
15:16:14 [ultranest] [DEBUG] iteration=5080, ncalls=9109, regioncalls=350920, ndraw=40, logz=-70483.01, remainder_fraction=15.3937%, Lmin=-70470.35, Lmax=-70469.95
15:16:14 [ultranest] [DEBUG] iteration=5099, ncalls=9151, regioncalls=352600, ndraw=40, logz=-70483.01, remainder_fraction=14.6716%, Lmin=-70470.34, Lmax=-70469.95
15:16:14 [ultranest] [DEBUG] iteration=5120, ncalls=9192, regioncalls=354240, ndraw=40, logz=-70483.00, remainder_fraction=13.9296%, Lmin=-70470.32, Lmax=-70469.95
15:16:14 [ultranest] [DEBUG] iteration=5121, ncalls=9193, regioncalls=354320, ndraw=40, logz=-70483.00, remainder_fraction=13.8918%, Lmin=-70470.32, Lmax=-70469.95
15:16:14 [ultranest] [DEBUG] iteration=5145, ncalls=9232, regioncalls=355880, ndraw=40, logz=-70482.99, remainder_fraction=13.0762%, Lmin=-70470.30, Lmax=-70469.95
15:16:14 [ultranest] [DEBUG] iteration=5160, ncalls=9252, regioncalls=356760, ndraw=40, logz=-70482.98, remainder_fraction=12.5824%, Lmin=-70470.30, Lmax=-70469.95
15:16:14 [ultranest] [DEBUG] iteration=5180, ncalls=9293, regioncalls=358400, ndraw=40, logz=-70482.98, remainder_fraction=11.9744%, Lmin=-70470.28, Lmax=-70469.95
15:16:15 [ultranest] [DEBUG] iteration=5199, ncalls=9329, regioncalls=359880, ndraw=40, logz=-70482.97, remainder_fraction=11.4198%, Lmin=-70470.27, Lmax=-70469.95
15:16:15 [ultranest] [DEBUG] iteration=5200, ncalls=9331, regioncalls=359960, ndraw=40, logz=-70482.97, remainder_fraction=11.3881%, Lmin=-70470.27, Lmax=-70469.95
15:16:15 [ultranest] [DEBUG] iteration=5228, ncalls=9369, regioncalls=361480, ndraw=40, logz=-70482.96, remainder_fraction=10.6172%, Lmin=-70470.25, Lmax=-70469.95
15:16:15 [ultranest] [DEBUG] iteration=5240, ncalls=9390, regioncalls=362320, ndraw=40, logz=-70482.96, remainder_fraction=10.3032%, Lmin=-70470.24, Lmax=-70469.95
15:16:15 [ultranest] [DEBUG] iteration=5264, ncalls=9430, regioncalls=363920, ndraw=40, logz=-70482.95, remainder_fraction=9.7024%, Lmin=-70470.23, Lmax=-70469.95
15:16:15 [ultranest] [DEBUG] iteration=5280, ncalls=9466, regioncalls=365360, ndraw=40, logz=-70482.95, remainder_fraction=9.3088%, Lmin=-70470.22, Lmax=-70469.95
15:16:15 [ultranest] [DEBUG] iteration=5304, ncalls=9505, regioncalls=366920, ndraw=40, logz=-70482.94, remainder_fraction=8.7570%, Lmin=-70470.21, Lmax=-70469.95
15:16:15 [ultranest] [DEBUG] iteration=5320, ncalls=9539, regioncalls=368280, ndraw=40, logz=-70482.94, remainder_fraction=8.4062%, Lmin=-70470.20, Lmax=-70469.95
15:16:15 [ultranest] [DEBUG] iteration=5339, ncalls=9583, regioncalls=370040, ndraw=40, logz=-70482.93, remainder_fraction=7.9920%, Lmin=-70470.19, Lmax=-70469.95
15:16:15 [ultranest] [DEBUG] iteration=5355, ncalls=9612, regioncalls=371320, ndraw=40, logz=-70482.93, remainder_fraction=7.6624%, Lmin=-70470.18, Lmax=-70469.95
15:16:15 [ultranest] [DEBUG] iteration=5360, ncalls=9620, regioncalls=371640, ndraw=40, logz=-70482.93, remainder_fraction=7.5639%, Lmin=-70470.18, Lmax=-70469.95
15:16:15 [ultranest] [DEBUG] iteration=5384, ncalls=9660, regioncalls=373240, ndraw=40, logz=-70482.92, remainder_fraction=7.0984%, Lmin=-70470.17, Lmax=-70469.95
15:16:15 [ultranest] [DEBUG] iteration=5400, ncalls=9684, regioncalls=374200, ndraw=40, logz=-70482.92, remainder_fraction=6.8033%, Lmin=-70470.16, Lmax=-70469.95
15:16:16 [ultranest] [DEBUG] iteration=5422, ncalls=9726, regioncalls=375880, ndraw=40, logz=-70482.92, remainder_fraction=6.4151%, Lmin=-70470.16, Lmax=-70469.95
15:16:16 [ultranest] [DEBUG] iteration=5433, ncalls=9752, regioncalls=376960, ndraw=40, logz=-70482.91, remainder_fraction=6.2241%, Lmin=-70470.15, Lmax=-70469.95
15:16:16 [ultranest] [DEBUG] iteration=5440, ncalls=9759, regioncalls=377280, ndraw=40, logz=-70482.91, remainder_fraction=6.1093%, Lmin=-70470.15, Lmax=-70469.95
15:16:16 [ultranest] [DEBUG] iteration=5466, ncalls=9797, regioncalls=378840, ndraw=40, logz=-70482.91, remainder_fraction=5.6990%, Lmin=-70470.14, Lmax=-70469.95
15:16:16 [ultranest] [DEBUG] iteration=5480, ncalls=9821, regioncalls=379800, ndraw=40, logz=-70482.91, remainder_fraction=5.4882%, Lmin=-70470.14, Lmax=-70469.95
15:16:16 [ultranest] [DEBUG] iteration=5499, ncalls=9863, regioncalls=381480, ndraw=40, logz=-70482.90, remainder_fraction=5.2178%, Lmin=-70470.13, Lmax=-70469.95
15:16:16 [ultranest] [DEBUG] iteration=5511, ncalls=9878, regioncalls=382120, ndraw=40, logz=-70482.90, remainder_fraction=5.0518%, Lmin=-70470.12, Lmax=-70469.95
15:16:16 [ultranest] [DEBUG] iteration=5520, ncalls=9889, regioncalls=382560, ndraw=40, logz=-70482.90, remainder_fraction=4.9304%, Lmin=-70470.12, Lmax=-70469.95
15:16:16 [ultranest] [DEBUG] iteration=5546, ncalls=9928, regioncalls=384120, ndraw=40, logz=-70482.90, remainder_fraction=4.6037%, Lmin=-70470.11, Lmax=-70469.95
15:16:16 [ultranest] [DEBUG] iteration=5560, ncalls=9947, regioncalls=384880, ndraw=40, logz=-70482.89, remainder_fraction=4.4369%, Lmin=-70470.11, Lmax=-70469.95
15:16:16 [ultranest] [DEBUG] iteration=5577, ncalls=9990, regioncalls=386600, ndraw=40, logz=-70482.89, remainder_fraction=4.2341%, Lmin=-70470.10, Lmax=-70469.95
15:16:16 [ultranest] [DEBUG] iteration=5589, ncalls=10005, regioncalls=387240, ndraw=40, logz=-70482.89, remainder_fraction=4.0983%, Lmin=-70470.10, Lmax=-70469.95
15:16:16 [ultranest] [DEBUG] iteration=5600, ncalls=10022, regioncalls=387920, ndraw=40, logz=-70482.89, remainder_fraction=3.9775%, Lmin=-70470.10, Lmax=-70469.95
15:16:16 [ultranest] [DEBUG] iteration=5626, ncalls=10060, regioncalls=389440, ndraw=40, logz=-70482.89, remainder_fraction=3.7076%, Lmin=-70470.09, Lmax=-70469.95
15:16:17 [ultranest] [DEBUG] iteration=5640, ncalls=10081, regioncalls=390280, ndraw=40, logz=-70482.89, remainder_fraction=3.5692%, Lmin=-70470.08, Lmax=-70469.95
15:16:17 [ultranest] [DEBUG] iteration=5662, ncalls=10122, regioncalls=391960, ndraw=40, logz=-70482.88, remainder_fraction=3.3645%, Lmin=-70470.08, Lmax=-70469.95
15:16:17 [ultranest] [DEBUG] iteration=5680, ncalls=10161, regioncalls=393520, ndraw=40, logz=-70482.88, remainder_fraction=3.2047%, Lmin=-70470.08, Lmax=-70469.95
15:16:17 [ultranest] [DEBUG] iteration=5701, ncalls=10201, regioncalls=395120, ndraw=40, logz=-70482.88, remainder_fraction=3.0276%, Lmin=-70470.07, Lmax=-70469.95
15:16:17 [ultranest] [DEBUG] iteration=5720, ncalls=10233, regioncalls=396400, ndraw=40, logz=-70482.88, remainder_fraction=2.8751%, Lmin=-70470.07, Lmax=-70469.95
15:16:17 [ultranest] [DEBUG] iteration=5739, ncalls=10276, regioncalls=398120, ndraw=40, logz=-70482.88, remainder_fraction=2.7299%, Lmin=-70470.06, Lmax=-70469.95
15:16:17 [ultranest] [DEBUG] iteration=5745, ncalls=10287, regioncalls=398600, ndraw=40, logz=-70482.88, remainder_fraction=2.6853%, Lmin=-70470.06, Lmax=-70469.95
15:16:17 [ultranest] [DEBUG] iteration=5760, ncalls=10308, regioncalls=399480, ndraw=40, logz=-70482.87, remainder_fraction=2.5758%, Lmin=-70470.06, Lmax=-70469.95
15:16:17 [ultranest] [DEBUG] iteration=5786, ncalls=10347, regioncalls=401040, ndraw=40, logz=-70482.87, remainder_fraction=2.3988%, Lmin=-70470.05, Lmax=-70469.95
15:16:17 [ultranest] [DEBUG] iteration=5800, ncalls=10367, regioncalls=401840, ndraw=40, logz=-70482.87, remainder_fraction=2.3073%, Lmin=-70470.05, Lmax=-70469.95
15:16:17 [ultranest] [DEBUG] iteration=5823, ncalls=10404, regioncalls=403360, ndraw=40, logz=-70482.87, remainder_fraction=2.1649%, Lmin=-70470.05, Lmax=-70469.95
15:16:17 [ultranest] [DEBUG] iteration=5840, ncalls=10431, regioncalls=404440, ndraw=40, logz=-70482.87, remainder_fraction=2.0665%, Lmin=-70470.04, Lmax=-70469.95
15:16:18 [ultranest] [DEBUG] iteration=5867, ncalls=10472, regioncalls=406080, ndraw=40, logz=-70482.87, remainder_fraction=1.9174%, Lmin=-70470.04, Lmax=-70469.95
15:16:18 [ultranest] [DEBUG] iteration=5880, ncalls=10490, regioncalls=406800, ndraw=40, logz=-70482.87, remainder_fraction=1.8502%, Lmin=-70470.04, Lmax=-70469.95
15:16:18 [ultranest] [DEBUG] iteration=5901, ncalls=10523, regioncalls=408200, ndraw=40, logz=-70482.87, remainder_fraction=1.7465%, Lmin=-70470.03, Lmax=-70469.95
15:16:18 [ultranest] [DEBUG] iteration=5920, ncalls=10555, regioncalls=409480, ndraw=40, logz=-70482.87, remainder_fraction=1.6561%, Lmin=-70470.03, Lmax=-70469.95
15:16:18 [ultranest] [DEBUG] iteration=5948, ncalls=10594, regioncalls=411040, ndraw=40, logz=-70482.86, remainder_fraction=1.5321%, Lmin=-70470.03, Lmax=-70469.95
15:16:18 [ultranest] [DEBUG] iteration=5960, ncalls=10610, regioncalls=411680, ndraw=40, logz=-70482.86, remainder_fraction=1.4816%, Lmin=-70470.02, Lmax=-70469.95
15:16:18 [ultranest] [DEBUG] iteration=5981, ncalls=10647, regioncalls=413160, ndraw=40, logz=-70482.86, remainder_fraction=1.3971%, Lmin=-70470.02, Lmax=-70469.95
15:16:18 [ultranest] [DEBUG] iteration=6000, ncalls=10687, regioncalls=414760, ndraw=40, logz=-70482.86, remainder_fraction=1.3251%, Lmin=-70470.02, Lmax=-70469.95
15:16:18 [ultranest] [DEBUG] iteration=6020, ncalls=10729, regioncalls=416440, ndraw=40, logz=-70482.86, remainder_fraction=1.2531%, Lmin=-70470.01, Lmax=-70469.95
15:16:18 [ultranest] [DEBUG] iteration=6040, ncalls=10766, regioncalls=417920, ndraw=40, logz=-70482.86, remainder_fraction=1.1852%, Lmin=-70470.01, Lmax=-70469.95
15:16:18 [ultranest] [DEBUG] iteration=6057, ncalls=10797, regioncalls=419200, ndraw=40, logz=-70482.86, remainder_fraction=1.1304%, Lmin=-70470.01, Lmax=-70469.95
15:16:18 [ultranest] [DEBUG] iteration=6076, ncalls=10837, regioncalls=420800, ndraw=40, logz=-70482.86, remainder_fraction=1.0718%, Lmin=-70470.01, Lmax=-70469.95
15:16:19 [ultranest] [DEBUG] iteration=6080, ncalls=10846, regioncalls=421160, ndraw=40, logz=-70482.86, remainder_fraction=1.0598%, Lmin=-70470.01, Lmax=-70469.95
15:16:19 [ultranest] [INFO] Explored until L=-7e+04  
15:16:19 [ultranest] [INFO] Likelihood function evaluations: 10876
15:16:20 [ultranest] [INFO] Writing samples and results to disk ...
15:16:20 [ultranest] [INFO] Writing samples and results to disk ... done
15:16:20 [ultranest] [DEBUG] did a run_iter pass!
15:16:20 [ultranest] [INFO]   logZ = -7.048e+04 +- 0.1069
15:16:20 [ultranest] [INFO] Effective samples strategy satisfied (ESS = 1598.8, need >400)
15:16:20 [ultranest] [INFO] Posterior uncertainty strategy is satisfied (KL: 0.45+-0.07 nat, need <0.50 nat)
15:16:20 [ultranest] [INFO] Evidency uncertainty strategy is satisfied (dlogz=0.11, need <0.5)
15:16:20 [ultranest] [INFO]   logZ error budget: single: 0.18 bs:0.11 tail:0.01 total:0.11 required:<0.50
15:16:20 [ultranest] [INFO] done iterating.
15:16:20 [ultranest] [DEBUG] Making corner plot ...
15:16:21 [ultranest] [DEBUG] Making corner plot ... done
15:16:21 [ultranest] [DEBUG] Making run plot ... 
15:16:21 [ultranest] [DEBUG] Making run plot ... done
15:16:21 [ultranest] [DEBUG] Making trace plot ... 
15:16:23 [ultranest] [DEBUG] Making trace plot ... done
