15:35:56 [ultranest] [DEBUG] ReactiveNestedSampler: dims=2+0, resume=False, log_dir=./m-values/N16/S24/M16/T030/P025/NF2/sample_rho, backend=hdf5, vectorized=False, nbootstraps=30, ndraw=128..65536
15:35:56 [ultranest] [INFO] Sampling 400 live points from prior ...
15:35:57 [ultranest] [DEBUG] run_iter dlogz=0.5, dKL=0.5, frac_remain=0.01, Lepsilon=0.0010, min_ess=400
15:35:57 [ultranest] [DEBUG] max_iters=-1, max_ncalls=-1, max_num_improvement_loops=-1, min_num_live_points=400, cluster_num_live_points=40
15:35:57 [ultranest] [DEBUG] minimal_widths_sequence: [(-inf, 400.0), (inf, 400.0)]
15:35:57 [ultranest] [DEBUG] Plateau detected at L=-9.044554e+06, not replacing live point.
15:35:57 [ultranest] [DEBUG] Plateau detected at L=-9.044554e+06, not replacing live point.
15:35:57 [ultranest] [DEBUG] Plateau detected at L=-9.044554e+06, not replacing live point.
15:35:57 [ultranest] [DEBUG] Plateau detected at L=-9.044554e+06, not replacing live point.
15:35:57 [ultranest] [DEBUG] Plateau detected at L=-9.044554e+06, not replacing live point.
15:35:57 [ultranest] [DEBUG] Plateau detected at L=-9.044554e+06, not replacing live point.
15:35:57 [ultranest] [DEBUG] Plateau detected at L=-9.044554e+06, not replacing live point.
15:35:57 [ultranest] [DEBUG] Plateau detected at L=-9.044554e+06, not replacing live point.
15:35:57 [ultranest] [DEBUG] Plateau detected at L=-9.044554e+06, not replacing live point.
15:35:57 [ultranest] [DEBUG] Plateau detected at L=-9.044554e+06, not replacing live point.
15:35:57 [ultranest] [DEBUG] Plateau detected at L=-9.044554e+06, not replacing live point.
15:35:57 [ultranest] [DEBUG] Plateau detected at L=-9.044554e+06, not replacing live point.
15:35:57 [ultranest] [DEBUG] Plateau detected at L=-9.044554e+06, not replacing live point.
15:35:57 [ultranest] [DEBUG] Plateau detected at L=-9.044554e+06, not replacing live point.
15:35:57 [ultranest] [DEBUG] Plateau detected at L=-9.044554e+06, not replacing live point.
15:35:57 [ultranest] [DEBUG] iteration=15, ncalls=401, regioncalls=40, ndraw=40, logz=-9044557.53, remainder_fraction=100.0000%, Lmin=-9044554.25, Lmax=-69332.91
15:35:57 [ultranest] [DEBUG] iteration=40, ncalls=426, regioncalls=1040, ndraw=40, logz=-83088.31, remainder_fraction=100.0000%, Lmin=-83022.92, Lmax=-69332.91
15:35:57 [ultranest] [DEBUG] iteration=80, ncalls=472, regioncalls=2880, ndraw=40, logz=-80201.83, remainder_fraction=100.0000%, Lmin=-80155.94, Lmax=-69332.91
15:35:57 [ultranest] [DEBUG] iteration=101, ncalls=497, regioncalls=3880, ndraw=40, logz=-79090.74, remainder_fraction=100.0000%, Lmin=-79073.60, Lmax=-69332.91
15:35:57 [ultranest] [DEBUG] iteration=120, ncalls=519, regioncalls=4760, ndraw=40, logz=-78186.86, remainder_fraction=100.0000%, Lmin=-78154.72, Lmax=-69332.91
15:35:57 [ultranest] [DEBUG] iteration=160, ncalls=565, regioncalls=6600, ndraw=40, logz=-76630.69, remainder_fraction=100.0000%, Lmin=-76624.08, Lmax=-69332.91
15:35:57 [ultranest] [DEBUG] iteration=187, ncalls=601, regioncalls=8040, ndraw=40, logz=-75889.89, remainder_fraction=100.0000%, Lmin=-75867.87, Lmax=-69332.91
15:35:57 [ultranest] [DEBUG] iteration=200, ncalls=618, regioncalls=8720, ndraw=40, logz=-75694.34, remainder_fraction=100.0000%, Lmin=-75681.09, Lmax=-69332.91
15:35:57 [ultranest] [DEBUG] iteration=237, ncalls=673, regioncalls=10920, ndraw=40, logz=-74982.86, remainder_fraction=100.0000%, Lmin=-74958.42, Lmax=-69332.91
15:35:57 [ultranest] [DEBUG] iteration=240, ncalls=677, regioncalls=11080, ndraw=40, logz=-74914.16, remainder_fraction=100.0000%, Lmin=-74903.90, Lmax=-69332.91
15:35:58 [ultranest] [DEBUG] iteration=273, ncalls=721, regioncalls=12840, ndraw=40, logz=-74378.84, remainder_fraction=100.0000%, Lmin=-74361.12, Lmax=-69332.91
15:35:58 [ultranest] [DEBUG] iteration=280, ncalls=730, regioncalls=13200, ndraw=40, logz=-74269.23, remainder_fraction=100.0000%, Lmin=-74256.41, Lmax=-69332.91
15:35:58 [ultranest] [DEBUG] iteration=318, ncalls=785, regioncalls=15400, ndraw=40, logz=-73475.41, remainder_fraction=100.0000%, Lmin=-73427.65, Lmax=-69332.91
15:35:58 [ultranest] [DEBUG] iteration=320, ncalls=787, regioncalls=15480, ndraw=40, logz=-73415.86, remainder_fraction=100.0000%, Lmin=-73382.36, Lmax=-69332.91
15:35:58 [ultranest] [DEBUG] iteration=358, ncalls=843, regioncalls=17720, ndraw=40, logz=-72895.16, remainder_fraction=100.0000%, Lmin=-72864.88, Lmax=-69332.91
15:35:58 [ultranest] [DEBUG] iteration=360, ncalls=846, regioncalls=17840, ndraw=40, logz=-72864.63, remainder_fraction=100.0000%, Lmin=-72854.88, Lmax=-69332.91
15:35:58 [ultranest] [DEBUG] iteration=400, ncalls=891, regioncalls=19640, ndraw=40, logz=-72474.90, remainder_fraction=100.0000%, Lmin=-72466.66, Lmax=-69332.91
15:35:58 [ultranest] [DEBUG] iteration=438, ncalls=944, regioncalls=21760, ndraw=40, logz=-72213.23, remainder_fraction=100.0000%, Lmin=-72183.08, Lmax=-69332.91
15:35:58 [ultranest] [DEBUG] iteration=440, ncalls=946, regioncalls=21840, ndraw=40, logz=-72147.66, remainder_fraction=100.0000%, Lmin=-72139.07, Lmax=-69332.91
15:35:58 [ultranest] [DEBUG] iteration=445, ncalls=953, regioncalls=22120, ndraw=40, logz=-72097.13, remainder_fraction=100.0000%, Lmin=-72072.88, Lmax=-69332.91
15:35:58 [ultranest] [DEBUG] iteration=480, ncalls=1003, regioncalls=24120, ndraw=40, logz=-71844.81, remainder_fraction=100.0000%, Lmin=-71822.55, Lmax=-69332.91
15:35:58 [ultranest] [DEBUG] iteration=520, ncalls=1047, regioncalls=25880, ndraw=40, logz=-71610.27, remainder_fraction=100.0000%, Lmin=-71602.48, Lmax=-69332.91
15:35:58 [ultranest] [DEBUG] iteration=559, ncalls=1095, regioncalls=27800, ndraw=40, logz=-71382.40, remainder_fraction=100.0000%, Lmin=-71375.25, Lmax=-69332.91
15:35:58 [ultranest] [DEBUG] iteration=560, ncalls=1097, regioncalls=27880, ndraw=40, logz=-71381.83, remainder_fraction=100.0000%, Lmin=-71370.70, Lmax=-69332.91
15:35:58 [ultranest] [DEBUG] iteration=600, ncalls=1150, regioncalls=30000, ndraw=40, logz=-71182.16, remainder_fraction=100.0000%, Lmin=-71174.60, Lmax=-69332.91
15:35:58 [ultranest] [DEBUG] iteration=635, ncalls=1200, regioncalls=32000, ndraw=40, logz=-71001.15, remainder_fraction=100.0000%, Lmin=-70992.83, Lmax=-69332.91
15:35:58 [ultranest] [DEBUG] iteration=640, ncalls=1205, regioncalls=32200, ndraw=40, logz=-70974.79, remainder_fraction=100.0000%, Lmin=-70962.75, Lmax=-69332.91
15:35:59 [ultranest] [DEBUG] iteration=680, ncalls=1257, regioncalls=34280, ndraw=40, logz=-70805.53, remainder_fraction=100.0000%, Lmin=-70796.91, Lmax=-69332.91
15:35:59 [ultranest] [DEBUG] iteration=703, ncalls=1288, regioncalls=35520, ndraw=40, logz=-70714.81, remainder_fraction=100.0000%, Lmin=-70707.13, Lmax=-69332.91
15:35:59 [ultranest] [DEBUG] iteration=720, ncalls=1313, regioncalls=36520, ndraw=40, logz=-70650.92, remainder_fraction=100.0000%, Lmin=-70634.52, Lmax=-69332.91
15:35:59 [ultranest] [DEBUG] iteration=760, ncalls=1363, regioncalls=38520, ndraw=40, logz=-70473.74, remainder_fraction=100.0000%, Lmin=-70465.58, Lmax=-69332.79
15:35:59 [ultranest] [DEBUG] iteration=789, ncalls=1410, regioncalls=40400, ndraw=40, logz=-70366.08, remainder_fraction=100.0000%, Lmin=-70353.45, Lmax=-69332.79
15:35:59 [ultranest] [DEBUG] iteration=800, ncalls=1423, regioncalls=40920, ndraw=40, logz=-70330.11, remainder_fraction=100.0000%, Lmin=-70317.34, Lmax=-69332.79
15:35:59 [ultranest] [DEBUG] iteration=840, ncalls=1471, regioncalls=42840, ndraw=40, logz=-70223.14, remainder_fraction=100.0000%, Lmin=-70215.29, Lmax=-69332.79
15:35:59 [ultranest] [DEBUG] iteration=878, ncalls=1518, regioncalls=44720, ndraw=40, logz=-70131.55, remainder_fraction=100.0000%, Lmin=-70120.47, Lmax=-69332.79
15:35:59 [ultranest] [DEBUG] iteration=880, ncalls=1520, regioncalls=44800, ndraw=40, logz=-70126.77, remainder_fraction=100.0000%, Lmin=-70116.40, Lmax=-69332.79
15:35:59 [ultranest] [DEBUG] iteration=920, ncalls=1569, regioncalls=46760, ndraw=40, logz=-70026.34, remainder_fraction=100.0000%, Lmin=-70011.79, Lmax=-69332.79
15:35:59 [ultranest] [DEBUG] iteration=960, ncalls=1620, regioncalls=48800, ndraw=40, logz=-69933.67, remainder_fraction=100.0000%, Lmin=-69924.69, Lmax=-69332.79
15:35:59 [ultranest] [DEBUG] iteration=961, ncalls=1621, regioncalls=48840, ndraw=40, logz=-69932.67, remainder_fraction=100.0000%, Lmin=-69924.22, Lmax=-69332.79
15:35:59 [ultranest] [DEBUG] iteration=1000, ncalls=1670, regioncalls=50920, ndraw=40, logz=-69863.89, remainder_fraction=100.0000%, Lmin=-69855.48, Lmax=-69332.79
15:36:00 [ultranest] [DEBUG] iteration=1040, ncalls=1722, regioncalls=53000, ndraw=40, logz=-69809.75, remainder_fraction=100.0000%, Lmin=-69801.27, Lmax=-69332.79
15:36:00 [ultranest] [DEBUG] iteration=1073, ncalls=1772, regioncalls=55000, ndraw=40, logz=-69763.06, remainder_fraction=100.0000%, Lmin=-69754.93, Lmax=-69332.79
15:36:00 [ultranest] [DEBUG] iteration=1080, ncalls=1781, regioncalls=55360, ndraw=40, logz=-69755.50, remainder_fraction=100.0000%, Lmin=-69747.00, Lmax=-69332.79
15:36:00 [ultranest] [DEBUG] iteration=1120, ncalls=1831, regioncalls=57360, ndraw=40, logz=-69712.78, remainder_fraction=100.0000%, Lmin=-69703.42, Lmax=-69332.79
15:36:00 [ultranest] [DEBUG] iteration=1133, ncalls=1853, regioncalls=58240, ndraw=40, logz=-69703.96, remainder_fraction=100.0000%, Lmin=-69695.20, Lmax=-69332.79
15:36:00 [ultranest] [DEBUG] iteration=1160, ncalls=1885, regioncalls=59600, ndraw=40, logz=-69683.15, remainder_fraction=100.0000%, Lmin=-69674.04, Lmax=-69332.79
15:36:00 [ultranest] [DEBUG] iteration=1200, ncalls=1937, regioncalls=61680, ndraw=40, logz=-69648.33, remainder_fraction=100.0000%, Lmin=-69638.82, Lmax=-69332.54
15:36:00 [ultranest] [DEBUG] iteration=1239, ncalls=1984, regioncalls=63560, ndraw=40, logz=-69611.90, remainder_fraction=100.0000%, Lmin=-69601.57, Lmax=-69332.54
15:36:00 [ultranest] [DEBUG] iteration=1240, ncalls=1985, regioncalls=63600, ndraw=40, logz=-69610.47, remainder_fraction=100.0000%, Lmin=-69600.98, Lmax=-69332.54
15:36:00 [ultranest] [DEBUG] iteration=1277, ncalls=2040, regioncalls=65800, ndraw=40, logz=-69585.82, remainder_fraction=100.0000%, Lmin=-69576.92, Lmax=-69332.54
15:36:00 [ultranest] [DEBUG] iteration=1280, ncalls=2044, regioncalls=65960, ndraw=40, logz=-69583.14, remainder_fraction=100.0000%, Lmin=-69574.10, Lmax=-69332.54
15:36:00 [ultranest] [DEBUG] iteration=1305, ncalls=2078, regioncalls=67320, ndraw=40, logz=-69566.85, remainder_fraction=100.0000%, Lmin=-69558.26, Lmax=-69332.54
15:36:00 [ultranest] [DEBUG] iteration=1320, ncalls=2100, regioncalls=68240, ndraw=40, logz=-69557.03, remainder_fraction=100.0000%, Lmin=-69548.70, Lmax=-69332.54
15:36:00 [ultranest] [DEBUG] iteration=1360, ncalls=2147, regioncalls=70120, ndraw=40, logz=-69534.51, remainder_fraction=100.0000%, Lmin=-69525.36, Lmax=-69332.54
15:36:00 [ultranest] [DEBUG] iteration=1396, ncalls=2196, regioncalls=72080, ndraw=40, logz=-69517.70, remainder_fraction=100.0000%, Lmin=-69509.42, Lmax=-69332.54
15:36:00 [ultranest] [DEBUG] iteration=1400, ncalls=2201, regioncalls=72280, ndraw=40, logz=-69516.69, remainder_fraction=100.0000%, Lmin=-69508.18, Lmax=-69332.54
15:36:01 [ultranest] [DEBUG] iteration=1432, ncalls=2256, regioncalls=74480, ndraw=40, logz=-69506.03, remainder_fraction=100.0000%, Lmin=-69497.75, Lmax=-69332.54
15:36:01 [ultranest] [DEBUG] iteration=1440, ncalls=2269, regioncalls=75000, ndraw=40, logz=-69502.16, remainder_fraction=100.0000%, Lmin=-69492.71, Lmax=-69332.54
15:36:01 [ultranest] [DEBUG] iteration=1477, ncalls=2319, regioncalls=77040, ndraw=40, logz=-69490.00, remainder_fraction=100.0000%, Lmin=-69481.19, Lmax=-69332.54
15:36:01 [ultranest] [DEBUG] iteration=1480, ncalls=2323, regioncalls=77200, ndraw=40, logz=-69488.93, remainder_fraction=100.0000%, Lmin=-69480.20, Lmax=-69332.54
15:36:01 [ultranest] [DEBUG] iteration=1517, ncalls=2376, regioncalls=79320, ndraw=40, logz=-69470.01, remainder_fraction=100.0000%, Lmin=-69460.81, Lmax=-69332.54
15:36:01 [ultranest] [DEBUG] iteration=1520, ncalls=2381, regioncalls=79520, ndraw=40, logz=-69469.05, remainder_fraction=100.0000%, Lmin=-69460.57, Lmax=-69332.54
15:36:01 [ultranest] [DEBUG] iteration=1560, ncalls=2433, regioncalls=81600, ndraw=40, logz=-69458.81, remainder_fraction=100.0000%, Lmin=-69450.29, Lmax=-69332.54
15:36:01 [ultranest] [DEBUG] iteration=1563, ncalls=2436, regioncalls=81760, ndraw=40, logz=-69458.02, remainder_fraction=100.0000%, Lmin=-69449.33, Lmax=-69332.54
15:36:01 [ultranest] [DEBUG] iteration=1600, ncalls=2476, regioncalls=83360, ndraw=40, logz=-69447.95, remainder_fraction=100.0000%, Lmin=-69439.37, Lmax=-69332.54
15:36:01 [ultranest] [DEBUG] iteration=1640, ncalls=2525, regioncalls=85320, ndraw=40, logz=-69439.40, remainder_fraction=100.0000%, Lmin=-69431.03, Lmax=-69332.54
15:36:01 [ultranest] [DEBUG] iteration=1675, ncalls=2573, regioncalls=87240, ndraw=40, logz=-69432.74, remainder_fraction=100.0000%, Lmin=-69424.03, Lmax=-69332.54
15:36:01 [ultranest] [DEBUG] iteration=1680, ncalls=2579, regioncalls=87480, ndraw=40, logz=-69431.55, remainder_fraction=100.0000%, Lmin=-69422.30, Lmax=-69332.54
15:36:01 [ultranest] [DEBUG] iteration=1711, ncalls=2621, regioncalls=89160, ndraw=40, logz=-69424.83, remainder_fraction=100.0000%, Lmin=-69415.93, Lmax=-69332.54
15:36:01 [ultranest] [DEBUG] iteration=1720, ncalls=2632, regioncalls=89600, ndraw=40, logz=-69422.84, remainder_fraction=100.0000%, Lmin=-69414.04, Lmax=-69332.54
15:36:01 [ultranest] [DEBUG] iteration=1735, ncalls=2658, regioncalls=90680, ndraw=40, logz=-69419.22, remainder_fraction=100.0000%, Lmin=-69410.41, Lmax=-69332.54
15:36:01 [ultranest] [DEBUG] iteration=1760, ncalls=2684, regioncalls=91720, ndraw=40, logz=-69415.59, remainder_fraction=100.0000%, Lmin=-69406.44, Lmax=-69332.54
15:36:02 [ultranest] [DEBUG] iteration=1800, ncalls=2734, regioncalls=93720, ndraw=40, logz=-69407.66, remainder_fraction=100.0000%, Lmin=-69398.84, Lmax=-69332.54
15:36:02 [ultranest] [DEBUG] iteration=1821, ncalls=2758, regioncalls=94680, ndraw=40, logz=-69405.08, remainder_fraction=100.0000%, Lmin=-69396.15, Lmax=-69332.54
15:36:02 [ultranest] [DEBUG] iteration=1840, ncalls=2781, regioncalls=95680, ndraw=40, logz=-69401.73, remainder_fraction=100.0000%, Lmin=-69392.46, Lmax=-69332.54
15:36:02 [ultranest] [DEBUG] iteration=1880, ncalls=2829, regioncalls=97640, ndraw=40, logz=-69396.82, remainder_fraction=100.0000%, Lmin=-69388.44, Lmax=-69332.54
15:36:02 [ultranest] [DEBUG] iteration=1907, ncalls=2862, regioncalls=99000, ndraw=40, logz=-69392.96, remainder_fraction=100.0000%, Lmin=-69383.50, Lmax=-69332.54
15:36:02 [ultranest] [DEBUG] iteration=1920, ncalls=2878, regioncalls=99760, ndraw=40, logz=-69390.84, remainder_fraction=100.0000%, Lmin=-69382.08, Lmax=-69332.54
15:36:02 [ultranest] [DEBUG] iteration=1960, ncalls=2930, regioncalls=101840, ndraw=40, logz=-69385.56, remainder_fraction=100.0000%, Lmin=-69376.62, Lmax=-69332.54
15:36:02 [ultranest] [DEBUG] iteration=1993, ncalls=2972, regioncalls=103520, ndraw=40, logz=-69382.87, remainder_fraction=100.0000%, Lmin=-69374.39, Lmax=-69332.54
15:36:02 [ultranest] [DEBUG] iteration=2000, ncalls=2979, regioncalls=103880, ndraw=40, logz=-69382.37, remainder_fraction=100.0000%, Lmin=-69373.95, Lmax=-69332.54
15:36:02 [ultranest] [DEBUG] iteration=2040, ncalls=3025, regioncalls=105720, ndraw=40, logz=-69379.57, remainder_fraction=100.0000%, Lmin=-69370.73, Lmax=-69332.51
15:36:02 [ultranest] [DEBUG] iteration=2079, ncalls=3075, regioncalls=107760, ndraw=40, logz=-69376.60, remainder_fraction=100.0000%, Lmin=-69367.79, Lmax=-69332.49
15:36:02 [ultranest] [DEBUG] iteration=2080, ncalls=3078, regioncalls=107960, ndraw=40, logz=-69376.52, remainder_fraction=100.0000%, Lmin=-69367.76, Lmax=-69332.49
15:36:02 [ultranest] [DEBUG] iteration=2120, ncalls=3126, regioncalls=109880, ndraw=40, logz=-69373.38, remainder_fraction=100.0000%, Lmin=-69364.38, Lmax=-69332.49
15:36:03 [ultranest] [DEBUG] iteration=2160, ncalls=3179, regioncalls=112000, ndraw=40, logz=-69369.80, remainder_fraction=100.0000%, Lmin=-69360.65, Lmax=-69332.30
15:36:03 [ultranest] [DEBUG] iteration=2197, ncalls=3225, regioncalls=113840, ndraw=40, logz=-69366.93, remainder_fraction=100.0000%, Lmin=-69357.91, Lmax=-69332.30
15:36:03 [ultranest] [DEBUG] iteration=2200, ncalls=3228, regioncalls=113960, ndraw=40, logz=-69366.72, remainder_fraction=100.0000%, Lmin=-69357.65, Lmax=-69332.30
15:36:03 [ultranest] [DEBUG] iteration=2237, ncalls=3282, regioncalls=116120, ndraw=40, logz=-69364.51, remainder_fraction=100.0000%, Lmin=-69355.63, Lmax=-69332.30
15:36:03 [ultranest] [DEBUG] iteration=2240, ncalls=3285, regioncalls=116240, ndraw=40, logz=-69364.35, remainder_fraction=100.0000%, Lmin=-69355.49, Lmax=-69332.30
15:36:03 [ultranest] [DEBUG] iteration=2251, ncalls=3300, regioncalls=116880, ndraw=40, logz=-69363.81, remainder_fraction=100.0000%, Lmin=-69354.94, Lmax=-69332.30
15:36:03 [ultranest] [DEBUG] iteration=2280, ncalls=3337, regioncalls=118360, ndraw=40, logz=-69362.23, remainder_fraction=100.0000%, Lmin=-69353.15, Lmax=-69332.30
15:36:03 [ultranest] [DEBUG] iteration=2320, ncalls=3390, regioncalls=120480, ndraw=40, logz=-69360.23, remainder_fraction=100.0000%, Lmin=-69351.16, Lmax=-69332.30
15:36:03 [ultranest] [DEBUG] iteration=2357, ncalls=3438, regioncalls=122400, ndraw=40, logz=-69358.59, remainder_fraction=100.0000%, Lmin=-69349.21, Lmax=-69332.23
15:36:03 [ultranest] [DEBUG] iteration=2360, ncalls=3444, regioncalls=122640, ndraw=40, logz=-69358.40, remainder_fraction=100.0000%, Lmin=-69349.14, Lmax=-69332.23
15:36:03 [ultranest] [DEBUG] iteration=2399, ncalls=3498, regioncalls=124800, ndraw=40, logz=-69356.81, remainder_fraction=100.0000%, Lmin=-69347.97, Lmax=-69332.23
15:36:03 [ultranest] [DEBUG] iteration=2400, ncalls=3501, regioncalls=124920, ndraw=40, logz=-69356.77, remainder_fraction=100.0000%, Lmin=-69347.94, Lmax=-69332.23
15:36:03 [ultranest] [DEBUG] iteration=2423, ncalls=3536, regioncalls=126360, ndraw=40, logz=-69355.89, remainder_fraction=100.0000%, Lmin=-69346.94, Lmax=-69332.23
15:36:03 [ultranest] [DEBUG] iteration=2440, ncalls=3560, regioncalls=127400, ndraw=40, logz=-69355.26, remainder_fraction=99.9999%, Lmin=-69346.35, Lmax=-69332.23
15:36:03 [ultranest] [DEBUG] iteration=2480, ncalls=3612, regioncalls=129480, ndraw=40, logz=-69353.97, remainder_fraction=99.9997%, Lmin=-69345.00, Lmax=-69332.23
15:36:03 [ultranest] [DEBUG] iteration=2509, ncalls=3652, regioncalls=131120, ndraw=40, logz=-69352.88, remainder_fraction=99.9992%, Lmin=-69343.81, Lmax=-69332.23
15:36:03 [ultranest] [DEBUG] iteration=2520, ncalls=3667, regioncalls=131720, ndraw=40, logz=-69352.53, remainder_fraction=99.9989%, Lmin=-69343.46, Lmax=-69332.23
15:36:04 [ultranest] [DEBUG] iteration=2560, ncalls=3714, regioncalls=133600, ndraw=40, logz=-69351.29, remainder_fraction=99.9960%, Lmin=-69342.29, Lmax=-69332.23
15:36:04 [ultranest] [DEBUG] iteration=2595, ncalls=3758, regioncalls=135400, ndraw=40, logz=-69350.39, remainder_fraction=99.9901%, Lmin=-69341.45, Lmax=-69332.23
15:36:04 [ultranest] [DEBUG] iteration=2600, ncalls=3765, regioncalls=135680, ndraw=40, logz=-69350.28, remainder_fraction=99.9889%, Lmin=-69341.37, Lmax=-69332.23
15:36:04 [ultranest] [DEBUG] iteration=2640, ncalls=3816, regioncalls=137720, ndraw=40, logz=-69349.38, remainder_fraction=99.9727%, Lmin=-69340.34, Lmax=-69332.23
15:36:04 [ultranest] [DEBUG] iteration=2679, ncalls=3870, regioncalls=139880, ndraw=40, logz=-69348.50, remainder_fraction=99.9346%, Lmin=-69339.39, Lmax=-69332.23
15:36:04 [ultranest] [DEBUG] iteration=2680, ncalls=3873, regioncalls=140000, ndraw=40, logz=-69348.48, remainder_fraction=99.9331%, Lmin=-69339.37, Lmax=-69332.23
15:36:04 [ultranest] [DEBUG] iteration=2716, ncalls=3922, regioncalls=141960, ndraw=40, logz=-69347.78, remainder_fraction=99.8701%, Lmin=-69338.77, Lmax=-69332.21
15:36:04 [ultranest] [DEBUG] iteration=2720, ncalls=3926, regioncalls=142120, ndraw=40, logz=-69347.71, remainder_fraction=99.8618%, Lmin=-69338.67, Lmax=-69332.21
15:36:04 [ultranest] [DEBUG] iteration=2757, ncalls=3979, regioncalls=144240, ndraw=40, logz=-69347.09, remainder_fraction=99.7550%, Lmin=-69338.11, Lmax=-69332.21
15:36:04 [ultranest] [DEBUG] iteration=2760, ncalls=3986, regioncalls=144520, ndraw=40, logz=-69347.05, remainder_fraction=99.7411%, Lmin=-69338.09, Lmax=-69332.21
15:36:04 [ultranest] [DEBUG] iteration=2767, ncalls=3996, regioncalls=144960, ndraw=40, logz=-69346.94, remainder_fraction=99.7138%, Lmin=-69337.99, Lmax=-69332.21
15:36:04 [ultranest] [DEBUG] iteration=2800, ncalls=4036, regioncalls=146560, ndraw=40, logz=-69346.45, remainder_fraction=99.5310%, Lmin=-69337.45, Lmax=-69332.21
15:36:04 [ultranest] [DEBUG] iteration=2839, ncalls=4089, regioncalls=148680, ndraw=40, logz=-69345.92, remainder_fraction=99.1943%, Lmin=-69336.99, Lmax=-69332.21
15:36:04 [ultranest] [DEBUG] iteration=2840, ncalls=4091, regioncalls=148760, ndraw=40, logz=-69345.91, remainder_fraction=99.1829%, Lmin=-69336.99, Lmax=-69332.21
15:36:04 [ultranest] [DEBUG] iteration=2853, ncalls=4107, regioncalls=149400, ndraw=40, logz=-69345.76, remainder_fraction=99.0608%, Lmin=-69336.85, Lmax=-69332.21
15:36:04 [ultranest] [DEBUG] iteration=2880, ncalls=4141, regioncalls=150800, ndraw=40, logz=-69345.42, remainder_fraction=98.7076%, Lmin=-69336.39, Lmax=-69332.21
15:36:05 [ultranest] [DEBUG] iteration=2917, ncalls=4195, regioncalls=152960, ndraw=40, logz=-69344.99, remainder_fraction=98.0131%, Lmin=-69336.01, Lmax=-69332.21
15:36:05 [ultranest] [DEBUG] iteration=2920, ncalls=4198, regioncalls=153080, ndraw=40, logz=-69344.96, remainder_fraction=97.9456%, Lmin=-69336.00, Lmax=-69332.21
15:36:05 [ultranest] [DEBUG] iteration=2939, ncalls=4224, regioncalls=154200, ndraw=40, logz=-69344.77, remainder_fraction=97.4469%, Lmin=-69335.80, Lmax=-69332.21
15:36:05 [ultranest] [DEBUG] iteration=2960, ncalls=4247, regioncalls=155120, ndraw=40, logz=-69344.57, remainder_fraction=96.9269%, Lmin=-69335.61, Lmax=-69332.21
15:36:05 [ultranest] [DEBUG] iteration=2998, ncalls=4300, regioncalls=157240, ndraw=40, logz=-69344.23, remainder_fraction=95.7290%, Lmin=-69335.25, Lmax=-69332.21
15:36:05 [ultranest] [DEBUG] iteration=3000, ncalls=4302, regioncalls=157320, ndraw=40, logz=-69344.21, remainder_fraction=95.6611%, Lmin=-69335.24, Lmax=-69332.21
15:36:05 [ultranest] [DEBUG] iteration=3025, ncalls=4340, regioncalls=158880, ndraw=40, logz=-69344.01, remainder_fraction=94.6479%, Lmin=-69335.09, Lmax=-69332.21
15:36:05 [ultranest] [DEBUG] iteration=3040, ncalls=4356, regioncalls=159520, ndraw=40, logz=-69343.90, remainder_fraction=93.9477%, Lmin=-69334.97, Lmax=-69332.21
15:36:05 [ultranest] [DEBUG] iteration=3080, ncalls=4407, regioncalls=161560, ndraw=40, logz=-69343.63, remainder_fraction=92.0650%, Lmin=-69334.74, Lmax=-69332.21
15:36:05 [ultranest] [DEBUG] iteration=3111, ncalls=4455, regioncalls=163520, ndraw=40, logz=-69343.44, remainder_fraction=90.4669%, Lmin=-69334.50, Lmax=-69332.21
15:36:05 [ultranest] [DEBUG] iteration=3120, ncalls=4464, regioncalls=163960, ndraw=40, logz=-69343.38, remainder_fraction=90.0309%, Lmin=-69334.46, Lmax=-69332.20
15:36:05 [ultranest] [DEBUG] iteration=3160, ncalls=4516, regioncalls=166040, ndraw=40, logz=-69343.15, remainder_fraction=87.3141%, Lmin=-69334.18, Lmax=-69332.20
15:36:05 [ultranest] [DEBUG] iteration=3193, ncalls=4572, regioncalls=168280, ndraw=40, logz=-69342.98, remainder_fraction=84.8543%, Lmin=-69334.01, Lmax=-69332.20
15:36:05 [ultranest] [DEBUG] iteration=3197, ncalls=4577, regioncalls=168520, ndraw=40, logz=-69342.96, remainder_fraction=84.5041%, Lmin=-69334.00, Lmax=-69332.20
15:36:05 [ultranest] [DEBUG] iteration=3200, ncalls=4583, regioncalls=168760, ndraw=40, logz=-69342.94, remainder_fraction=84.2765%, Lmin=-69333.98, Lmax=-69332.20
15:36:05 [ultranest] [DEBUG] iteration=3240, ncalls=4630, regioncalls=170640, ndraw=40, logz=-69342.76, remainder_fraction=80.9311%, Lmin=-69333.83, Lmax=-69332.20
15:36:06 [ultranest] [DEBUG] iteration=3276, ncalls=4683, regioncalls=172760, ndraw=40, logz=-69342.61, remainder_fraction=77.7883%, Lmin=-69333.69, Lmax=-69332.20
15:36:06 [ultranest] [DEBUG] iteration=3280, ncalls=4687, regioncalls=172920, ndraw=40, logz=-69342.59, remainder_fraction=77.4226%, Lmin=-69333.64, Lmax=-69332.20
15:36:06 [ultranest] [DEBUG] iteration=3283, ncalls=4690, regioncalls=173080, ndraw=40, logz=-69342.58, remainder_fraction=77.1369%, Lmin=-69333.63, Lmax=-69332.20
15:36:06 [ultranest] [DEBUG] iteration=3320, ncalls=4738, regioncalls=175000, ndraw=40, logz=-69342.44, remainder_fraction=73.8355%, Lmin=-69333.51, Lmax=-69332.20
15:36:06 [ultranest] [DEBUG] iteration=3357, ncalls=4790, regioncalls=177080, ndraw=40, logz=-69342.32, remainder_fraction=70.3026%, Lmin=-69333.37, Lmax=-69332.20
15:36:06 [ultranest] [DEBUG] iteration=3360, ncalls=4794, regioncalls=177240, ndraw=40, logz=-69342.31, remainder_fraction=70.0089%, Lmin=-69333.36, Lmax=-69332.20
15:36:06 [ultranest] [DEBUG] iteration=3396, ncalls=4841, regioncalls=179120, ndraw=40, logz=-69342.20, remainder_fraction=66.4619%, Lmin=-69333.22, Lmax=-69332.20
15:36:06 [ultranest] [DEBUG] iteration=3400, ncalls=4846, regioncalls=179320, ndraw=40, logz=-69342.18, remainder_fraction=66.0214%, Lmin=-69333.21, Lmax=-69332.20
15:36:06 [ultranest] [DEBUG] iteration=3437, ncalls=4897, regioncalls=181360, ndraw=40, logz=-69342.08, remainder_fraction=62.2549%, Lmin=-69333.10, Lmax=-69332.20
15:36:06 [ultranest] [DEBUG] iteration=3440, ncalls=4900, regioncalls=181480, ndraw=40, logz=-69342.07, remainder_fraction=61.9491%, Lmin=-69333.09, Lmax=-69332.20
15:36:06 [ultranest] [DEBUG] iteration=3455, ncalls=4928, regioncalls=182640, ndraw=40, logz=-69342.03, remainder_fraction=60.3750%, Lmin=-69333.04, Lmax=-69332.20
15:36:06 [ultranest] [DEBUG] iteration=3480, ncalls=4958, regioncalls=183840, ndraw=40, logz=-69341.97, remainder_fraction=57.8470%, Lmin=-69333.00, Lmax=-69332.20
15:36:06 [ultranest] [DEBUG] iteration=3520, ncalls=5008, regioncalls=185840, ndraw=40, logz=-69341.88, remainder_fraction=53.8269%, Lmin=-69332.93, Lmax=-69332.20
15:36:06 [ultranest] [DEBUG] iteration=3541, ncalls=5034, regioncalls=187000, ndraw=40, logz=-69341.83, remainder_fraction=51.8429%, Lmin=-69332.90, Lmax=-69332.20
15:36:06 [ultranest] [DEBUG] iteration=3560, ncalls=5058, regioncalls=187960, ndraw=40, logz=-69341.80, remainder_fraction=50.0410%, Lmin=-69332.88, Lmax=-69332.20
15:36:06 [ultranest] [DEBUG] iteration=3597, ncalls=5110, regioncalls=190040, ndraw=40, logz=-69341.73, remainder_fraction=46.7183%, Lmin=-69332.83, Lmax=-69332.20
15:36:06 [ultranest] [DEBUG] iteration=3600, ncalls=5113, regioncalls=190160, ndraw=40, logz=-69341.73, remainder_fraction=46.4439%, Lmin=-69332.83, Lmax=-69332.20
15:36:07 [ultranest] [DEBUG] iteration=3633, ncalls=5163, regioncalls=192160, ndraw=40, logz=-69341.67, remainder_fraction=43.6473%, Lmin=-69332.80, Lmax=-69332.20
15:36:07 [ultranest] [DEBUG] iteration=3640, ncalls=5173, regioncalls=192560, ndraw=40, logz=-69341.66, remainder_fraction=43.0901%, Lmin=-69332.79, Lmax=-69332.20
15:36:07 [ultranest] [DEBUG] iteration=3677, ncalls=5227, regioncalls=194720, ndraw=40, logz=-69341.61, remainder_fraction=40.0477%, Lmin=-69332.74, Lmax=-69332.20
15:36:07 [ultranest] [DEBUG] iteration=3680, ncalls=5231, regioncalls=194880, ndraw=40, logz=-69341.61, remainder_fraction=39.8060%, Lmin=-69332.74, Lmax=-69332.20
15:36:07 [ultranest] [DEBUG] iteration=3713, ncalls=5278, regioncalls=196840, ndraw=40, logz=-69341.57, remainder_fraction=37.2838%, Lmin=-69332.70, Lmax=-69332.20
15:36:07 [ultranest] [DEBUG] iteration=3720, ncalls=5285, regioncalls=197120, ndraw=40, logz=-69341.56, remainder_fraction=36.7823%, Lmin=-69332.69, Lmax=-69332.20
15:36:07 [ultranest] [DEBUG] iteration=3759, ncalls=5337, regioncalls=199200, ndraw=40, logz=-69341.51, remainder_fraction=33.9867%, Lmin=-69332.64, Lmax=-69332.20
15:36:07 [ultranest] [DEBUG] iteration=3760, ncalls=5339, regioncalls=199280, ndraw=40, logz=-69341.51, remainder_fraction=33.9147%, Lmin=-69332.64, Lmax=-69332.20
15:36:07 [ultranest] [DEBUG] iteration=3798, ncalls=5391, regioncalls=201360, ndraw=40, logz=-69341.48, remainder_fraction=31.3582%, Lmin=-69332.60, Lmax=-69332.20
15:36:07 [ultranest] [DEBUG] iteration=3799, ncalls=5392, regioncalls=201440, ndraw=40, logz=-69341.47, remainder_fraction=31.2855%, Lmin=-69332.60, Lmax=-69332.20
15:36:07 [ultranest] [DEBUG] iteration=3800, ncalls=5394, regioncalls=201520, ndraw=40, logz=-69341.47, remainder_fraction=31.2119%, Lmin=-69332.60, Lmax=-69332.20
15:36:07 [ultranest] [DEBUG] iteration=3838, ncalls=5443, regioncalls=203560, ndraw=40, logz=-69341.44, remainder_fraction=28.8128%, Lmin=-69332.56, Lmax=-69332.20
15:36:07 [ultranest] [DEBUG] iteration=3840, ncalls=5445, regioncalls=203640, ndraw=40, logz=-69341.44, remainder_fraction=28.6892%, Lmin=-69332.56, Lmax=-69332.20
15:36:07 [ultranest] [DEBUG] iteration=3880, ncalls=5494, regioncalls=205640, ndraw=40, logz=-69341.40, remainder_fraction=26.2561%, Lmin=-69332.53, Lmax=-69332.20
15:36:07 [ultranest] [DEBUG] iteration=3885, ncalls=5500, regioncalls=205920, ndraw=40, logz=-69341.40, remainder_fraction=25.9659%, Lmin=-69332.52, Lmax=-69332.20
15:36:07 [ultranest] [DEBUG] iteration=3920, ncalls=5546, regioncalls=207960, ndraw=40, logz=-69341.37, remainder_fraction=23.9981%, Lmin=-69332.49, Lmax=-69332.20
15:36:07 [ultranest] [DEBUG] iteration=3957, ncalls=5598, regioncalls=210040, ndraw=40, logz=-69341.35, remainder_fraction=22.0663%, Lmin=-69332.46, Lmax=-69332.20
15:36:07 [ultranest] [DEBUG] iteration=3960, ncalls=5603, regioncalls=210240, ndraw=40, logz=-69341.35, remainder_fraction=21.9165%, Lmin=-69332.46, Lmax=-69332.20
15:36:07 [ultranest] [DEBUG] iteration=3971, ncalls=5616, regioncalls=210800, ndraw=40, logz=-69341.34, remainder_fraction=21.3726%, Lmin=-69332.45, Lmax=-69332.20
15:36:08 [ultranest] [DEBUG] iteration=4000, ncalls=5652, regioncalls=212240, ndraw=40, logz=-69341.32, remainder_fraction=19.9798%, Lmin=-69332.44, Lmax=-69332.20
15:36:08 [ultranest] [DEBUG] iteration=4040, ncalls=5701, regioncalls=214200, ndraw=40, logz=-69341.30, remainder_fraction=18.1827%, Lmin=-69332.42, Lmax=-69332.20
15:36:08 [ultranest] [DEBUG] iteration=4074, ncalls=5751, regioncalls=216200, ndraw=40, logz=-69341.28, remainder_fraction=16.7972%, Lmin=-69332.40, Lmax=-69332.20
15:36:08 [ultranest] [DEBUG] iteration=4080, ncalls=5758, regioncalls=216480, ndraw=40, logz=-69341.28, remainder_fraction=16.5623%, Lmin=-69332.40, Lmax=-69332.20
15:36:08 [ultranest] [DEBUG] iteration=4117, ncalls=5813, regioncalls=218680, ndraw=40, logz=-69341.26, remainder_fraction=15.1696%, Lmin=-69332.38, Lmax=-69332.20
15:36:08 [ultranest] [DEBUG] iteration=4120, ncalls=5817, regioncalls=218840, ndraw=40, logz=-69341.26, remainder_fraction=15.0583%, Lmin=-69332.38, Lmax=-69332.20
15:36:08 [ultranest] [DEBUG] iteration=4143, ncalls=5852, regioncalls=220280, ndraw=40, logz=-69341.25, remainder_fraction=14.2509%, Lmin=-69332.37, Lmax=-69332.20
15:36:08 [ultranest] [DEBUG] iteration=4160, ncalls=5877, regioncalls=221280, ndraw=40, logz=-69341.25, remainder_fraction=13.6900%, Lmin=-69332.36, Lmax=-69332.20
15:36:08 [ultranest] [DEBUG] iteration=4198, ncalls=5929, regioncalls=223360, ndraw=40, logz=-69341.23, remainder_fraction=12.4931%, Lmin=-69332.35, Lmax=-69332.20
15:36:08 [ultranest] [DEBUG] iteration=4200, ncalls=5932, regioncalls=223480, ndraw=40, logz=-69341.23, remainder_fraction=12.4337%, Lmin=-69332.35, Lmax=-69332.20
15:36:08 [ultranest] [DEBUG] iteration=4229, ncalls=5974, regioncalls=225200, ndraw=40, logz=-69341.22, remainder_fraction=11.5927%, Lmin=-69332.34, Lmax=-69332.20
15:36:08 [ultranest] [DEBUG] iteration=4240, ncalls=5988, regioncalls=225760, ndraw=40, logz=-69341.22, remainder_fraction=11.2891%, Lmin=-69332.34, Lmax=-69332.20
15:36:08 [ultranest] [DEBUG] iteration=4280, ncalls=6037, regioncalls=227720, ndraw=40, logz=-69341.21, remainder_fraction=10.2419%, Lmin=-69332.32, Lmax=-69332.20
15:36:08 [ultranest] [DEBUG] iteration=4314, ncalls=6091, regioncalls=229880, ndraw=40, logz=-69341.20, remainder_fraction=9.4255%, Lmin=-69332.31, Lmax=-69332.20
15:36:08 [ultranest] [DEBUG] iteration=4315, ncalls=6092, regioncalls=230040, ndraw=40, logz=-69341.20, remainder_fraction=9.4012%, Lmin=-69332.31, Lmax=-69332.20
15:36:08 [ultranest] [DEBUG] iteration=4320, ncalls=6098, regioncalls=230280, ndraw=40, logz=-69341.20, remainder_fraction=9.2833%, Lmin=-69332.31, Lmax=-69332.20
15:36:09 [ultranest] [DEBUG] iteration=4360, ncalls=6144, regioncalls=232120, ndraw=40, logz=-69341.19, remainder_fraction=8.4081%, Lmin=-69332.30, Lmax=-69332.20
15:36:09 [ultranest] [DEBUG] iteration=4397, ncalls=6197, regioncalls=234240, ndraw=40, logz=-69341.18, remainder_fraction=7.6726%, Lmin=-69332.29, Lmax=-69332.20
15:36:09 [ultranest] [DEBUG] iteration=4400, ncalls=6202, regioncalls=234440, ndraw=40, logz=-69341.18, remainder_fraction=7.6165%, Lmin=-69332.29, Lmax=-69332.20
15:36:09 [ultranest] [DEBUG] iteration=4433, ncalls=6255, regioncalls=236560, ndraw=40, logz=-69341.17, remainder_fraction=7.0180%, Lmin=-69332.29, Lmax=-69332.20
15:36:09 [ultranest] [DEBUG] iteration=4440, ncalls=6263, regioncalls=236880, ndraw=40, logz=-69341.17, remainder_fraction=6.8960%, Lmin=-69332.28, Lmax=-69332.20
15:36:09 [ultranest] [DEBUG] iteration=4477, ncalls=6315, regioncalls=238960, ndraw=40, logz=-69341.17, remainder_fraction=6.2862%, Lmin=-69332.28, Lmax=-69332.20
15:36:09 [ultranest] [DEBUG] iteration=4480, ncalls=6318, regioncalls=239080, ndraw=40, logz=-69341.16, remainder_fraction=6.2388%, Lmin=-69332.28, Lmax=-69332.20
15:36:09 [ultranest] [DEBUG] iteration=4487, ncalls=6327, regioncalls=239480, ndraw=40, logz=-69341.16, remainder_fraction=6.1285%, Lmin=-69332.27, Lmax=-69332.20
15:36:09 [ultranest] [DEBUG] iteration=4520, ncalls=6367, regioncalls=241080, ndraw=40, logz=-69341.16, remainder_fraction=5.6411%, Lmin=-69332.27, Lmax=-69332.20
15:36:09 [ultranest] [DEBUG] iteration=4559, ncalls=6420, regioncalls=243200, ndraw=40, logz=-69341.15, remainder_fraction=5.1122%, Lmin=-69332.26, Lmax=-69332.20
15:36:09 [ultranest] [DEBUG] iteration=4560, ncalls=6421, regioncalls=243240, ndraw=40, logz=-69341.15, remainder_fraction=5.0992%, Lmin=-69332.26, Lmax=-69332.20
15:36:09 [ultranest] [DEBUG] iteration=4594, ncalls=6470, regioncalls=245200, ndraw=40, logz=-69341.15, remainder_fraction=4.6793%, Lmin=-69332.26, Lmax=-69332.20
15:36:09 [ultranest] [DEBUG] iteration=4600, ncalls=6487, regioncalls=245880, ndraw=40, logz=-69341.15, remainder_fraction=4.6092%, Lmin=-69332.25, Lmax=-69332.20
15:36:09 [ultranest] [DEBUG] iteration=4636, ncalls=6539, regioncalls=247960, ndraw=40, logz=-69341.14, remainder_fraction=4.2070%, Lmin=-69332.25, Lmax=-69332.20
15:36:09 [ultranest] [DEBUG] iteration=4640, ncalls=6546, regioncalls=248240, ndraw=40, logz=-69341.14, remainder_fraction=4.1644%, Lmin=-69332.25, Lmax=-69332.20
15:36:09 [ultranest] [DEBUG] iteration=4659, ncalls=6577, regioncalls=249520, ndraw=40, logz=-69341.14, remainder_fraction=3.9674%, Lmin=-69332.25, Lmax=-69332.20
15:36:09 [ultranest] [DEBUG] iteration=4680, ncalls=6604, regioncalls=250600, ndraw=40, logz=-69341.14, remainder_fraction=3.7622%, Lmin=-69332.25, Lmax=-69332.20
15:36:10 [ultranest] [DEBUG] iteration=4720, ncalls=6651, regioncalls=252480, ndraw=40, logz=-69341.13, remainder_fraction=3.3990%, Lmin=-69332.24, Lmax=-69332.20
15:36:10 [ultranest] [DEBUG] iteration=4745, ncalls=6689, regioncalls=254080, ndraw=40, logz=-69341.13, remainder_fraction=3.1891%, Lmin=-69332.24, Lmax=-69332.20
15:36:10 [ultranest] [DEBUG] iteration=4760, ncalls=6707, regioncalls=254840, ndraw=40, logz=-69341.13, remainder_fraction=3.0695%, Lmin=-69332.24, Lmax=-69332.20
15:36:10 [ultranest] [DEBUG] iteration=4797, ncalls=6753, regioncalls=256680, ndraw=40, logz=-69341.13, remainder_fraction=2.7924%, Lmin=-69332.24, Lmax=-69332.20
15:36:10 [ultranest] [DEBUG] iteration=4800, ncalls=6756, regioncalls=256800, ndraw=40, logz=-69341.13, remainder_fraction=2.7710%, Lmin=-69332.24, Lmax=-69332.20
15:36:10 [ultranest] [DEBUG] iteration=4831, ncalls=6800, regioncalls=258600, ndraw=40, logz=-69341.13, remainder_fraction=2.5598%, Lmin=-69332.23, Lmax=-69332.20
15:36:10 [ultranest] [DEBUG] iteration=4840, ncalls=6809, regioncalls=258960, ndraw=40, logz=-69341.13, remainder_fraction=2.5012%, Lmin=-69332.23, Lmax=-69332.20
15:36:10 [ultranest] [DEBUG] iteration=4879, ncalls=6860, regioncalls=261000, ndraw=40, logz=-69341.12, remainder_fraction=2.2627%, Lmin=-69332.23, Lmax=-69332.20
15:36:10 [ultranest] [DEBUG] iteration=4880, ncalls=6861, regioncalls=261040, ndraw=40, logz=-69341.12, remainder_fraction=2.2569%, Lmin=-69332.23, Lmax=-69332.20
15:36:10 [ultranest] [DEBUG] iteration=4914, ncalls=6915, regioncalls=263200, ndraw=40, logz=-69341.12, remainder_fraction=2.0686%, Lmin=-69332.23, Lmax=-69332.20
15:36:10 [ultranest] [DEBUG] iteration=4920, ncalls=6930, regioncalls=263800, ndraw=40, logz=-69341.12, remainder_fraction=2.0370%, Lmin=-69332.23, Lmax=-69332.20
15:36:10 [ultranest] [DEBUG] iteration=4957, ncalls=6984, regioncalls=265960, ndraw=40, logz=-69341.12, remainder_fraction=1.8524%, Lmin=-69332.23, Lmax=-69332.20
15:36:10 [ultranest] [DEBUG] iteration=4960, ncalls=6988, regioncalls=266120, ndraw=40, logz=-69341.12, remainder_fraction=1.8382%, Lmin=-69332.22, Lmax=-69332.20
15:36:10 [ultranest] [DEBUG] iteration=4997, ncalls=7040, regioncalls=268200, ndraw=40, logz=-69341.12, remainder_fraction=1.6716%, Lmin=-69332.22, Lmax=-69332.20
15:36:10 [ultranest] [DEBUG] iteration=5000, ncalls=7045, regioncalls=268400, ndraw=40, logz=-69341.12, remainder_fraction=1.6587%, Lmin=-69332.22, Lmax=-69332.20
15:36:10 [ultranest] [DEBUG] iteration=5003, ncalls=7048, regioncalls=268560, ndraw=40, logz=-69341.12, remainder_fraction=1.6460%, Lmin=-69332.22, Lmax=-69332.20
15:36:10 [ultranest] [DEBUG] iteration=5040, ncalls=7090, regioncalls=270240, ndraw=40, logz=-69341.12, remainder_fraction=1.4966%, Lmin=-69332.22, Lmax=-69332.20
15:36:11 [ultranest] [DEBUG] iteration=5077, ncalls=7142, regioncalls=272320, ndraw=40, logz=-69341.11, remainder_fraction=1.3608%, Lmin=-69332.22, Lmax=-69332.20
15:36:11 [ultranest] [DEBUG] iteration=5080, ncalls=7146, regioncalls=272480, ndraw=40, logz=-69341.11, remainder_fraction=1.3503%, Lmin=-69332.22, Lmax=-69332.20
15:36:11 [ultranest] [DEBUG] iteration=5089, ncalls=7158, regioncalls=273000, ndraw=40, logz=-69341.11, remainder_fraction=1.3193%, Lmin=-69332.22, Lmax=-69332.20
15:36:11 [ultranest] [DEBUG] iteration=5120, ncalls=7193, regioncalls=274400, ndraw=40, logz=-69341.11, remainder_fraction=1.2179%, Lmin=-69332.22, Lmax=-69332.20
15:36:11 [ultranest] [DEBUG] iteration=5160, ncalls=7245, regioncalls=276480, ndraw=40, logz=-69341.11, remainder_fraction=1.0985%, Lmin=-69332.22, Lmax=-69332.20
15:36:11 [ultranest] [DEBUG] iteration=5175, ncalls=7268, regioncalls=277440, ndraw=40, logz=-69341.11, remainder_fraction=1.0568%, Lmin=-69332.22, Lmax=-69332.20
15:36:11 [ultranest] [INFO] Explored until L=-7e+04  
15:36:11 [ultranest] [INFO] Likelihood function evaluations: 7293
15:36:12 [ultranest] [INFO] Writing samples and results to disk ...
15:36:12 [ultranest] [INFO] Writing samples and results to disk ... done
15:36:12 [ultranest] [DEBUG] did a run_iter pass!
15:36:12 [ultranest] [INFO]   logZ = -6.934e+04 +- 0.1052
15:36:12 [ultranest] [INFO] Effective samples strategy satisfied (ESS = 1505.2, need >400)
15:36:12 [ultranest] [INFO] Posterior uncertainty strategy is satisfied (KL: 0.46+-0.10 nat, need <0.50 nat)
15:36:12 [ultranest] [INFO] Evidency uncertainty strategy is satisfied (dlogz=0.11, need <0.5)
15:36:12 [ultranest] [INFO]   logZ error budget: single: 0.14 bs:0.11 tail:0.01 total:0.11 required:<0.50
15:36:12 [ultranest] [INFO] done iterating.
15:36:12 [ultranest] [DEBUG] Making corner plot ...
15:36:13 [ultranest] [DEBUG] Making corner plot ... done
15:36:13 [ultranest] [DEBUG] Making run plot ... 
15:36:13 [ultranest] [DEBUG] Making run plot ... done
15:36:13 [ultranest] [DEBUG] Making trace plot ... 
15:36:14 [ultranest] [DEBUG] Making trace plot ... done
